DETAILED LOG | Model: itransformer | Seed: 1
FULL CONFIG: {'gpu': '2', 'target': 'both', 'cv_start_year': 2017, 'cv_end_year': 2019, 'test_year': 2024, 'use_corona': False, 'seq_len': 365, 'label_len': 0, 'pred_len': 56, 'batch_size': 256, 'epochs': 1000, 'patience': 10, 'lr': 0.0001, 'model': 'itransformer', 'd_model': 256, 'n_heads': 8, 'n_layers': 6, 'dropout': 0.1, 'activation': 'gelu', 'patch_len': 16, 'factor': 5, 'norm_mode': 'revin', 'use_covar': True, 'use_dbloss': False, 'device': device(type='cuda'), 'stride': 16, 'file_path': 'dataset/airport_flight_with_holiday.csv', 'seed': 1, 'val_year': 2019, 'ndims': 2}

-------------------- [Fold: 2017] ExpID: 41526 --------------------
- Epoch 000, ExpID 41526
Train - Loss: 34969438.84
Val - Loss, MSE, RMSE, MAE, MAPE: 43580216.00, 43580216.00, 6318.86, 5021.39, 6.28%
Test - Best epoch, Loss, MSE, RMSE, MAE, MAPE: 0, 65479580.00, 65479580.00, 8070.61, 5859.70, 6.88%
- Epoch 001, ExpID 41526
Train - Loss: 26079700.42
Val - Loss, MSE, RMSE, MAE, MAPE: 39969408.00, 39969410.00, 6046.45, 4743.74, 5.98%
Test - Best epoch, Loss, MSE, RMSE, MAE, MAPE: 1, 64279568.00, 64279570.00, 7977.74, 5688.18, 6.70%
- Epoch 002, ExpID 41526
Train - Loss: 23458956.11
Val - Loss, MSE, RMSE, MAE, MAPE: 38721604.00, 38721604.50, 5937.95, 4627.33, 5.79%
Test - Best epoch, Loss, MSE, RMSE, MAE, MAPE: 2, 64491920.00, 64491918.00, 7969.97, 5707.03, 6.72%
- Epoch 003, ExpID 41526
Train - Loss: 21797162.11
Val - Loss, MSE, RMSE, MAE, MAPE: 35173136.00, 35173135.50, 5678.24, 4429.01, 5.58%
Test - Best epoch, Loss, MSE, RMSE, MAE, MAPE: 3, 64122464.00, 64122466.00, 7955.93, 5707.89, 6.77%
- Epoch 004, ExpID 41526
Train - Loss: 20448087.79
Val - Loss, MSE, RMSE, MAE, MAPE: 34770324.00, 34770323.50, 5632.62, 4375.91, 5.51%
Test - Best epoch, Loss, MSE, RMSE, MAE, MAPE: 4, 63971384.00, 63971386.00, 7942.46, 5680.21, 6.74%
- Epoch 005, ExpID 41526
Train - Loss: 19379328.21
Val - Loss, MSE, RMSE, MAE, MAPE: 35136352.00, 35136352.50, 5655.03, 4391.47, 5.52%
Test - Best epoch, Loss, MSE, RMSE, MAE, MAPE: 4, 63971384.00, 63971386.00, 7942.46, 5680.21, 6.74%
- Epoch 006, ExpID 41526
Train - Loss: 18322878.21
Val - Loss, MSE, RMSE, MAE, MAPE: 32732002.00, 32732002.50, 5489.58, 4264.61, 5.39%
Test - Best epoch, Loss, MSE, RMSE, MAE, MAPE: 6, 63811672.00, 63811672.00, 7952.59, 5719.30, 6.85%
- Epoch 007, ExpID 41526
Train - Loss: 17715490.00
Val - Loss, MSE, RMSE, MAE, MAPE: 33207162.00, 33207162.00, 5494.07, 4247.48, 5.34%
Test - Best epoch, Loss, MSE, RMSE, MAE, MAPE: 6, 63811672.00, 63811672.00, 7952.59, 5719.30, 6.85%
- Epoch 008, ExpID 41526
Train - Loss: 16902662.63
Val - Loss, MSE, RMSE, MAE, MAPE: 30658208.00, 30658208.00, 5273.00, 4040.74, 5.09%
Test - Best epoch, Loss, MSE, RMSE, MAE, MAPE: 8, 63275000.00, 63275002.00, 7932.81, 5688.07, 6.80%
- Epoch 009, ExpID 41526
Train - Loss: 16393561.74
Val - Loss, MSE, RMSE, MAE, MAPE: 31010572.00, 31010572.00, 5322.43, 4050.93, 5.08%
Test - Best epoch, Loss, MSE, RMSE, MAE, MAPE: 8, 63275000.00, 63275002.00, 7932.81, 5688.07, 6.80%
- Epoch 010, ExpID 41526
Train - Loss: 15792952.37
Val - Loss, MSE, RMSE, MAE, MAPE: 30382988.00, 30382987.00, 5266.28, 4013.02, 5.05%
Test - Best epoch, Loss, MSE, RMSE, MAE, MAPE: 10, 62807520.00, 62807518.00, 7890.14, 5691.61, 6.81%
- Epoch 011, ExpID 41526
Train - Loss: 15307556.79
Val - Loss, MSE, RMSE, MAE, MAPE: 29258612.00, 29258612.50, 5161.37, 3944.31, 4.98%
Test - Best epoch, Loss, MSE, RMSE, MAE, MAPE: 11, 62441976.00, 62441974.00, 7875.65, 5660.72, 6.77%
- Epoch 012, ExpID 41526
Train - Loss: 14937221.74
Val - Loss, MSE, RMSE, MAE, MAPE: 32085766.00, 32085766.00, 5374.62, 4096.21, 5.13%
Test - Best epoch, Loss, MSE, RMSE, MAE, MAPE: 11, 62441976.00, 62441974.00, 7875.65, 5660.72, 6.77%
- Epoch 013, ExpID 41526
Train - Loss: 14435198.32
Val - Loss, MSE, RMSE, MAE, MAPE: 31440848.00, 31440848.00, 5311.33, 4059.66, 5.09%
Test - Best epoch, Loss, MSE, RMSE, MAE, MAPE: 11, 62441976.00, 62441974.00, 7875.65, 5660.72, 6.77%
- Epoch 014, ExpID 41526
Train - Loss: 14077066.47
Val - Loss, MSE, RMSE, MAE, MAPE: 31296580.00, 31296580.50, 5338.76, 4075.14, 5.12%
Test - Best epoch, Loss, MSE, RMSE, MAE, MAPE: 11, 62441976.00, 62441974.00, 7875.65, 5660.72, 6.77%
- Epoch 015, ExpID 41526
Train - Loss: 13750046.53
Val - Loss, MSE, RMSE, MAE, MAPE: 29990694.00, 29990694.50, 5238.18, 4019.91, 5.08%
Test - Best epoch, Loss, MSE, RMSE, MAE, MAPE: 11, 62441976.00, 62441974.00, 7875.65, 5660.72, 6.77%
- Epoch 016, ExpID 41526
Train - Loss: 13411943.95
Val - Loss, MSE, RMSE, MAE, MAPE: 28183656.00, 28183657.00, 5062.06, 3874.26, 4.89%
Test - Best epoch, Loss, MSE, RMSE, MAE, MAPE: 16, 62382552.00, 62382550.00, 7861.74, 5691.35, 6.81%
- Epoch 017, ExpID 41526
Train - Loss: 13191284.68
Val - Loss, MSE, RMSE, MAE, MAPE: 28323118.00, 28323118.00, 5066.16, 3882.72, 4.92%
Test - Best epoch, Loss, MSE, RMSE, MAE, MAPE: 16, 62382552.00, 62382550.00, 7861.74, 5691.35, 6.81%
- Epoch 018, ExpID 41526
Train - Loss: 12943412.16
Val - Loss, MSE, RMSE, MAE, MAPE: 27871960.00, 27871959.50, 5031.56, 3887.47, 4.95%
Test - Best epoch, Loss, MSE, RMSE, MAE, MAPE: 18, 61958864.00, 61958864.00, 7835.79, 5623.01, 6.76%
- Epoch 019, ExpID 41526
Train - Loss: 12750323.89
Val - Loss, MSE, RMSE, MAE, MAPE: 28679774.00, 28679773.50, 5109.71, 3917.53, 4.96%
Test - Best epoch, Loss, MSE, RMSE, MAE, MAPE: 18, 61958864.00, 61958864.00, 7835.79, 5623.01, 6.76%
- Epoch 020, ExpID 41526
Train - Loss: 12539501.05
Val - Loss, MSE, RMSE, MAE, MAPE: 28613734.00, 28613734.00, 5104.13, 3930.03, 4.97%
Test - Best epoch, Loss, MSE, RMSE, MAE, MAPE: 18, 61958864.00, 61958864.00, 7835.79, 5623.01, 6.76%
- Epoch 021, ExpID 41526
Train - Loss: 12297979.84
Val - Loss, MSE, RMSE, MAE, MAPE: 28712138.00, 28712138.50, 5123.73, 3941.47, 4.98%
Test - Best epoch, Loss, MSE, RMSE, MAE, MAPE: 18, 61958864.00, 61958864.00, 7835.79, 5623.01, 6.76%
- Epoch 022, ExpID 41526
Train - Loss: 12186241.32
Val - Loss, MSE, RMSE, MAE, MAPE: 28558284.00, 28558284.50, 5128.15, 3965.22, 5.02%
Test - Best epoch, Loss, MSE, RMSE, MAE, MAPE: 18, 61958864.00, 61958864.00, 7835.79, 5623.01, 6.76%
- Epoch 023, ExpID 41526
Train - Loss: 11944395.26
Val - Loss, MSE, RMSE, MAE, MAPE: 28504230.00, 28504230.00, 5128.43, 3968.29, 5.03%
Test - Best epoch, Loss, MSE, RMSE, MAE, MAPE: 18, 61958864.00, 61958864.00, 7835.79, 5623.01, 6.76%
- Epoch 024, ExpID 41526
Train - Loss: 11795246.05
Val - Loss, MSE, RMSE, MAE, MAPE: 28447156.00, 28447157.00, 5101.95, 3945.04, 4.99%
Test - Best epoch, Loss, MSE, RMSE, MAE, MAPE: 18, 61958864.00, 61958864.00, 7835.79, 5623.01, 6.76%
- Epoch 025, ExpID 41526
Train - Loss: 11649589.32
Val - Loss, MSE, RMSE, MAE, MAPE: 28905774.00, 28905774.00, 5166.38, 3997.61, 5.06%
Test - Best epoch, Loss, MSE, RMSE, MAE, MAPE: 18, 61958864.00, 61958864.00, 7835.79, 5623.01, 6.76%
- Epoch 026, ExpID 41526
Train - Loss: 11461180.95
Val - Loss, MSE, RMSE, MAE, MAPE: 27516600.00, 27516600.00, 5002.58, 3868.93, 4.91%
Test - Best epoch, Loss, MSE, RMSE, MAE, MAPE: 26, 61608168.00, 61608170.00, 7800.47, 5701.78, 6.84%
- Epoch 027, ExpID 41526
Train - Loss: 11320878.16
Val - Loss, MSE, RMSE, MAE, MAPE: 28779388.00, 28779388.00, 5129.61, 3992.11, 5.07%
Test - Best epoch, Loss, MSE, RMSE, MAE, MAPE: 26, 61608168.00, 61608170.00, 7800.47, 5701.78, 6.84%
- Epoch 028, ExpID 41526
Train - Loss: 11197678.00
Val - Loss, MSE, RMSE, MAE, MAPE: 28199410.00, 28199410.00, 5090.64, 3948.64, 5.01%
Test - Best epoch, Loss, MSE, RMSE, MAE, MAPE: 26, 61608168.00, 61608170.00, 7800.47, 5701.78, 6.84%
- Epoch 029, ExpID 41526
Train - Loss: 11067902.95
Val - Loss, MSE, RMSE, MAE, MAPE: 28976964.00, 28976964.00, 5139.77, 3995.49, 5.06%
Test - Best epoch, Loss, MSE, RMSE, MAE, MAPE: 26, 61608168.00, 61608170.00, 7800.47, 5701.78, 6.84%
- Epoch 030, ExpID 41526
Train - Loss: 10963049.63
Val - Loss, MSE, RMSE, MAE, MAPE: 29266314.00, 29266314.00, 5188.64, 4045.68, 5.14%
Test - Best epoch, Loss, MSE, RMSE, MAE, MAPE: 26, 61608168.00, 61608170.00, 7800.47, 5701.78, 6.84%
- Epoch 031, ExpID 41526
Train - Loss: 10842162.11
Val - Loss, MSE, RMSE, MAE, MAPE: 27396900.00, 27396900.00, 5001.64, 3886.56, 4.93%
Test - Best epoch, Loss, MSE, RMSE, MAE, MAPE: 31, 60621364.00, 60621364.00, 7735.42, 5640.10, 6.76%
- Epoch 032, ExpID 41526
Train - Loss: 10661346.68
Val - Loss, MSE, RMSE, MAE, MAPE: 29335080.00, 29335080.00, 5197.63, 4054.29, 5.14%
Test - Best epoch, Loss, MSE, RMSE, MAE, MAPE: 31, 60621364.00, 60621364.00, 7735.42, 5640.10, 6.76%
- Epoch 033, ExpID 41526
Train - Loss: 10570542.74
Val - Loss, MSE, RMSE, MAE, MAPE: 29228000.00, 29228000.00, 5174.33, 4040.54, 5.12%
Test - Best epoch, Loss, MSE, RMSE, MAE, MAPE: 31, 60621364.00, 60621364.00, 7735.42, 5640.10, 6.76%
- Epoch 034, ExpID 41526
Train - Loss: 10504365.53
Val - Loss, MSE, RMSE, MAE, MAPE: 27768988.00, 27768989.00, 5032.71, 3913.35, 4.97%
Test - Best epoch, Loss, MSE, RMSE, MAE, MAPE: 31, 60621364.00, 60621364.00, 7735.42, 5640.10, 6.76%
- Epoch 035, ExpID 41526
Train - Loss: 10448449.58
Val - Loss, MSE, RMSE, MAE, MAPE: 28733880.00, 28733880.50, 5127.05, 4007.15, 5.09%
Test - Best epoch, Loss, MSE, RMSE, MAE, MAPE: 31, 60621364.00, 60621364.00, 7735.42, 5640.10, 6.76%
- Epoch 036, ExpID 41526
Train - Loss: 10292555.53
Val - Loss, MSE, RMSE, MAE, MAPE: 28684440.00, 28684440.50, 5126.84, 4007.17, 5.10%
Test - Best epoch, Loss, MSE, RMSE, MAE, MAPE: 31, 60621364.00, 60621364.00, 7735.42, 5640.10, 6.76%
- Epoch 037, ExpID 41526
Train - Loss: 10177550.26
Val - Loss, MSE, RMSE, MAE, MAPE: 29154992.00, 29154992.50, 5168.24, 4045.12, 5.14%
Test - Best epoch, Loss, MSE, RMSE, MAE, MAPE: 31, 60621364.00, 60621364.00, 7735.42, 5640.10, 6.76%
- Epoch 038, ExpID 41526
Train - Loss: 10087345.26
Val - Loss, MSE, RMSE, MAE, MAPE: 29699974.00, 29699974.00, 5218.41, 4085.26, 5.18%
Test - Best epoch, Loss, MSE, RMSE, MAE, MAPE: 31, 60621364.00, 60621364.00, 7735.42, 5640.10, 6.76%
- Epoch 039, ExpID 41526
Train - Loss: 10009884.58
Val - Loss, MSE, RMSE, MAE, MAPE: 29116320.00, 29116319.00, 5158.71, 4024.22, 5.10%
Test - Best epoch, Loss, MSE, RMSE, MAE, MAPE: 31, 60621364.00, 60621364.00, 7735.42, 5640.10, 6.76%
- Epoch 040, ExpID 41526
Train - Loss: 9914358.21
Val - Loss, MSE, RMSE, MAE, MAPE: 28955934.00, 28955933.50, 5153.56, 4038.04, 5.12%
Test - Best epoch, Loss, MSE, RMSE, MAE, MAPE: 31, 60621364.00, 60621364.00, 7735.42, 5640.10, 6.76%
- Epoch 041, ExpID 41526
Train - Loss: 9798594.42
Val - Loss, MSE, RMSE, MAE, MAPE: 28513028.00, 28513027.00, 5106.63, 3998.73, 5.08%
Test - Best epoch, Loss, MSE, RMSE, MAE, MAPE: 31, 60621364.00, 60621364.00, 7735.42, 5640.10, 6.76%
Early Stopping at Epoch 41
Fold 2017 Best RMSE: 7735.4158

-------------------- [Fold: 2018] ExpID: 33519 --------------------
- Epoch 000, ExpID 33519
Train - Loss: 37023449.30
Val - Loss, MSE, RMSE, MAE, MAPE: 66518148.00, 66518148.00, 8131.02, 5893.05, 6.94%
Test - Best epoch, Loss, MSE, RMSE, MAE, MAPE: 0, 39232656.00, 39232654.00, 6252.20, 4763.25, 5.17%
- Epoch 001, ExpID 33519
Train - Loss: 28322817.60
Val - Loss, MSE, RMSE, MAE, MAPE: 65158256.00, 65158254.00, 8026.91, 5712.71, 6.74%
Test - Best epoch, Loss, MSE, RMSE, MAE, MAPE: 1, 36571576.00, 36571578.00, 6042.40, 4552.29, 4.95%
- Epoch 002, ExpID 33519
Train - Loss: 25468566.50
Val - Loss, MSE, RMSE, MAE, MAPE: 65294948.00, 65294948.00, 8022.95, 5743.09, 6.82%
Test - Best epoch, Loss, MSE, RMSE, MAE, MAPE: 1, 36571576.00, 36571578.00, 6042.40, 4552.29, 4.95%
- Epoch 003, ExpID 33519
Train - Loss: 23469461.70
Val - Loss, MSE, RMSE, MAE, MAPE: 66304908.00, 66304908.00, 8086.31, 5804.80, 6.92%
Test - Best epoch, Loss, MSE, RMSE, MAE, MAPE: 1, 36571576.00, 36571578.00, 6042.40, 4552.29, 4.95%
- Epoch 004, ExpID 33519
Train - Loss: 21936644.50
Val - Loss, MSE, RMSE, MAE, MAPE: 66242712.00, 66242710.00, 8075.21, 5810.94, 6.93%
Test - Best epoch, Loss, MSE, RMSE, MAE, MAPE: 1, 36571576.00, 36571578.00, 6042.40, 4552.29, 4.95%
- Epoch 005, ExpID 33519
Train - Loss: 20545382.50
Val - Loss, MSE, RMSE, MAE, MAPE: 65369984.00, 65369984.00, 8006.59, 5711.77, 6.77%
Test - Best epoch, Loss, MSE, RMSE, MAE, MAPE: 1, 36571576.00, 36571578.00, 6042.40, 4552.29, 4.95%
- Epoch 006, ExpID 33519
Train - Loss: 19428872.10
Val - Loss, MSE, RMSE, MAE, MAPE: 65462328.00, 65462328.00, 8008.01, 5728.29, 6.76%
Test - Best epoch, Loss, MSE, RMSE, MAE, MAPE: 1, 36571576.00, 36571578.00, 6042.40, 4552.29, 4.95%
- Epoch 007, ExpID 33519
Train - Loss: 18597608.40
Val - Loss, MSE, RMSE, MAE, MAPE: 65233280.00, 65233282.00, 8003.50, 5731.66, 6.77%
Test - Best epoch, Loss, MSE, RMSE, MAE, MAPE: 1, 36571576.00, 36571578.00, 6042.40, 4552.29, 4.95%
- Epoch 008, ExpID 33519
Train - Loss: 17670607.30
Val - Loss, MSE, RMSE, MAE, MAPE: 64469572.00, 64469572.00, 7969.26, 5688.44, 6.74%
Test - Best epoch, Loss, MSE, RMSE, MAE, MAPE: 8, 30987858.00, 30987858.00, 5558.47, 4016.36, 4.39%
- Epoch 009, ExpID 33519
Train - Loss: 16915984.45
Val - Loss, MSE, RMSE, MAE, MAPE: 65047144.00, 65047142.00, 7998.96, 5787.26, 6.87%
Test - Best epoch, Loss, MSE, RMSE, MAE, MAPE: 8, 30987858.00, 30987858.00, 5558.47, 4016.36, 4.39%
- Epoch 010, ExpID 33519
Train - Loss: 16504842.75
Val - Loss, MSE, RMSE, MAE, MAPE: 65022192.00, 65022194.00, 7992.41, 5796.49, 6.85%
Test - Best epoch, Loss, MSE, RMSE, MAE, MAPE: 8, 30987858.00, 30987858.00, 5558.47, 4016.36, 4.39%
- Epoch 011, ExpID 33519
Train - Loss: 15933280.55
Val - Loss, MSE, RMSE, MAE, MAPE: 65073144.00, 65073144.00, 7999.64, 5849.20, 6.94%
Test - Best epoch, Loss, MSE, RMSE, MAE, MAPE: 8, 30987858.00, 30987858.00, 5558.47, 4016.36, 4.39%
- Epoch 012, ExpID 33519
Train - Loss: 15546970.60
Val - Loss, MSE, RMSE, MAE, MAPE: 64259032.00, 64259030.00, 7961.01, 5796.64, 6.90%
Test - Best epoch, Loss, MSE, RMSE, MAE, MAPE: 12, 30306386.00, 30306386.00, 5496.50, 3974.52, 4.33%
- Epoch 013, ExpID 33519
Train - Loss: 15097902.15
Val - Loss, MSE, RMSE, MAE, MAPE: 66122328.00, 66122328.00, 8060.74, 5967.13, 7.10%
Test - Best epoch, Loss, MSE, RMSE, MAE, MAPE: 12, 30306386.00, 30306386.00, 5496.50, 3974.52, 4.33%
- Epoch 014, ExpID 33519
Train - Loss: 14735339.65
Val - Loss, MSE, RMSE, MAE, MAPE: 65019512.00, 65019510.00, 8019.54, 5855.02, 6.99%
Test - Best epoch, Loss, MSE, RMSE, MAE, MAPE: 12, 30306386.00, 30306386.00, 5496.50, 3974.52, 4.33%
- Epoch 015, ExpID 33519
Train - Loss: 14399370.30
Val - Loss, MSE, RMSE, MAE, MAPE: 65550008.00, 65550006.00, 8048.40, 5881.75, 7.02%
Test - Best epoch, Loss, MSE, RMSE, MAE, MAPE: 12, 30306386.00, 30306386.00, 5496.50, 3974.52, 4.33%
- Epoch 016, ExpID 33519
Train - Loss: 14121818.55
Val - Loss, MSE, RMSE, MAE, MAPE: 64382184.00, 64382182.00, 7977.74, 5760.22, 6.89%
Test - Best epoch, Loss, MSE, RMSE, MAE, MAPE: 12, 30306386.00, 30306386.00, 5496.50, 3974.52, 4.33%
- Epoch 017, ExpID 33519
Train - Loss: 13847386.05
Val - Loss, MSE, RMSE, MAE, MAPE: 64764408.00, 64764408.00, 7991.49, 5846.49, 6.99%
Test - Best epoch, Loss, MSE, RMSE, MAE, MAPE: 12, 30306386.00, 30306386.00, 5496.50, 3974.52, 4.33%
- Epoch 018, ExpID 33519
Train - Loss: 13530295.30
Val - Loss, MSE, RMSE, MAE, MAPE: 64094788.00, 64094788.00, 7947.65, 5802.40, 6.93%
Test - Best epoch, Loss, MSE, RMSE, MAE, MAPE: 18, 30092796.00, 30092796.00, 5476.82, 3976.44, 4.34%
- Epoch 019, ExpID 33519
Train - Loss: 13370034.05
Val - Loss, MSE, RMSE, MAE, MAPE: 63600440.00, 63600440.00, 7921.25, 5745.31, 6.88%
Test - Best epoch, Loss, MSE, RMSE, MAE, MAPE: 19, 29232264.00, 29232265.00, 5393.15, 3888.07, 4.25%
- Epoch 020, ExpID 33519
Train - Loss: 13133076.05
Val - Loss, MSE, RMSE, MAE, MAPE: 63790368.00, 63790370.00, 7936.05, 5778.97, 6.91%
Test - Best epoch, Loss, MSE, RMSE, MAE, MAPE: 19, 29232264.00, 29232265.00, 5393.15, 3888.07, 4.25%
- Epoch 021, ExpID 33519
Train - Loss: 13000055.50
Val - Loss, MSE, RMSE, MAE, MAPE: 64633464.00, 64633462.00, 7976.18, 5846.97, 6.98%
Test - Best epoch, Loss, MSE, RMSE, MAE, MAPE: 19, 29232264.00, 29232265.00, 5393.15, 3888.07, 4.25%
- Epoch 022, ExpID 33519
Train - Loss: 12744896.95
Val - Loss, MSE, RMSE, MAE, MAPE: 64292784.00, 64292786.00, 7964.48, 5828.36, 6.98%
Test - Best epoch, Loss, MSE, RMSE, MAE, MAPE: 19, 29232264.00, 29232265.00, 5393.15, 3888.07, 4.25%
- Epoch 023, ExpID 33519
Train - Loss: 12626766.10
Val - Loss, MSE, RMSE, MAE, MAPE: 64387364.00, 64387364.00, 7954.76, 5864.42, 7.00%
Test - Best epoch, Loss, MSE, RMSE, MAE, MAPE: 19, 29232264.00, 29232265.00, 5393.15, 3888.07, 4.25%
- Epoch 024, ExpID 33519
Train - Loss: 12464983.25
Val - Loss, MSE, RMSE, MAE, MAPE: 64359376.00, 64359378.00, 7957.09, 5883.94, 7.04%
Test - Best epoch, Loss, MSE, RMSE, MAE, MAPE: 19, 29232264.00, 29232265.00, 5393.15, 3888.07, 4.25%
- Epoch 025, ExpID 33519
Train - Loss: 12271888.65
Val - Loss, MSE, RMSE, MAE, MAPE: 63801288.00, 63801286.00, 7928.25, 5816.39, 6.96%
Test - Best epoch, Loss, MSE, RMSE, MAE, MAPE: 19, 29232264.00, 29232265.00, 5393.15, 3888.07, 4.25%
- Epoch 026, ExpID 33519
Train - Loss: 12156758.75
Val - Loss, MSE, RMSE, MAE, MAPE: 63876152.00, 63876154.00, 7924.62, 5864.94, 7.02%
Test - Best epoch, Loss, MSE, RMSE, MAE, MAPE: 19, 29232264.00, 29232265.00, 5393.15, 3888.07, 4.25%
- Epoch 027, ExpID 33519
Train - Loss: 11981284.30
Val - Loss, MSE, RMSE, MAE, MAPE: 63129944.00, 63129946.00, 7895.13, 5771.73, 6.92%
Test - Best epoch, Loss, MSE, RMSE, MAE, MAPE: 27, 28797512.00, 28797512.00, 5343.10, 3863.51, 4.23%
- Epoch 028, ExpID 33519
Train - Loss: 11870332.10
Val - Loss, MSE, RMSE, MAE, MAPE: 62679888.00, 62679890.00, 7853.39, 5785.93, 6.92%
Test - Best epoch, Loss, MSE, RMSE, MAE, MAPE: 28, 28889648.00, 28889647.00, 5359.90, 3917.07, 4.27%
- Epoch 029, ExpID 33519
Train - Loss: 11749949.50
Val - Loss, MSE, RMSE, MAE, MAPE: 62935896.00, 62935894.00, 7879.97, 5784.33, 6.93%
Test - Best epoch, Loss, MSE, RMSE, MAE, MAPE: 28, 28889648.00, 28889647.00, 5359.90, 3917.07, 4.27%
- Epoch 030, ExpID 33519
Train - Loss: 11576772.70
Val - Loss, MSE, RMSE, MAE, MAPE: 62422852.00, 62422852.00, 7840.20, 5777.02, 6.92%
Test - Best epoch, Loss, MSE, RMSE, MAE, MAPE: 30, 28545100.00, 28545101.00, 5321.16, 3872.55, 4.24%
- Epoch 031, ExpID 33519
Train - Loss: 11460714.80
Val - Loss, MSE, RMSE, MAE, MAPE: 62225960.00, 62225958.00, 7836.48, 5756.29, 6.91%
Test - Best epoch, Loss, MSE, RMSE, MAE, MAPE: 31, 28479178.00, 28479178.00, 5310.62, 3854.98, 4.22%
- Epoch 032, ExpID 33519
Train - Loss: 11337337.30
Val - Loss, MSE, RMSE, MAE, MAPE: 61653028.00, 61653028.00, 7795.29, 5732.50, 6.85%
Test - Best epoch, Loss, MSE, RMSE, MAE, MAPE: 32, 27881308.00, 27881307.00, 5260.14, 3840.82, 4.20%
- Epoch 033, ExpID 33519
Train - Loss: 11220360.60
Val - Loss, MSE, RMSE, MAE, MAPE: 62109592.00, 62109590.00, 7819.13, 5770.96, 6.90%
Test - Best epoch, Loss, MSE, RMSE, MAE, MAPE: 32, 27881308.00, 27881307.00, 5260.14, 3840.82, 4.20%
- Epoch 034, ExpID 33519
Train - Loss: 11146250.85
Val - Loss, MSE, RMSE, MAE, MAPE: 62215288.00, 62215290.00, 7812.48, 5806.64, 6.93%
Test - Best epoch, Loss, MSE, RMSE, MAE, MAPE: 32, 27881308.00, 27881307.00, 5260.14, 3840.82, 4.20%
- Epoch 035, ExpID 33519
Train - Loss: 10982772.35
Val - Loss, MSE, RMSE, MAE, MAPE: 61557520.00, 61557522.00, 7776.72, 5751.45, 6.87%
Test - Best epoch, Loss, MSE, RMSE, MAE, MAPE: 35, 28267508.00, 28267509.00, 5297.52, 3911.77, 4.26%
- Epoch 036, ExpID 33519
Train - Loss: 10876771.10
Val - Loss, MSE, RMSE, MAE, MAPE: 61471464.00, 61471462.00, 7775.10, 5731.35, 6.84%
Test - Best epoch, Loss, MSE, RMSE, MAE, MAPE: 36, 28106864.00, 28106864.00, 5280.77, 3891.84, 4.24%
- Epoch 037, ExpID 33519
Train - Loss: 10789669.80
Val - Loss, MSE, RMSE, MAE, MAPE: 60552136.00, 60552138.00, 7724.06, 5703.82, 6.83%
Test - Best epoch, Loss, MSE, RMSE, MAE, MAPE: 37, 27684582.00, 27684582.00, 5237.32, 3844.52, 4.20%
- Epoch 038, ExpID 33519
Train - Loss: 10707749.05
Val - Loss, MSE, RMSE, MAE, MAPE: 60404584.00, 60404582.00, 7714.66, 5682.86, 6.81%
Test - Best epoch, Loss, MSE, RMSE, MAE, MAPE: 38, 27988652.00, 27988651.00, 5261.22, 3870.04, 4.23%
- Epoch 039, ExpID 33519
Train - Loss: 10589360.60
Val - Loss, MSE, RMSE, MAE, MAPE: 60051592.00, 60051590.00, 7697.71, 5658.14, 6.78%
Test - Best epoch, Loss, MSE, RMSE, MAE, MAPE: 39, 28377808.00, 28377807.00, 5296.55, 3901.20, 4.26%
- Epoch 040, ExpID 33519
Train - Loss: 10525143.70
Val - Loss, MSE, RMSE, MAE, MAPE: 59830896.00, 59830894.00, 7678.56, 5662.37, 6.78%
Test - Best epoch, Loss, MSE, RMSE, MAE, MAPE: 40, 27241224.00, 27241223.00, 5190.51, 3817.44, 4.17%
- Epoch 041, ExpID 33519
Train - Loss: 10365487.10
Val - Loss, MSE, RMSE, MAE, MAPE: 59272680.00, 59272682.00, 7643.17, 5611.62, 6.71%
Test - Best epoch, Loss, MSE, RMSE, MAE, MAPE: 41, 27355032.00, 27355031.00, 5204.21, 3831.69, 4.18%
- Epoch 042, ExpID 33519
Train - Loss: 10295873.80
Val - Loss, MSE, RMSE, MAE, MAPE: 59868808.00, 59868808.00, 7684.05, 5693.85, 6.81%
Test - Best epoch, Loss, MSE, RMSE, MAE, MAPE: 41, 27355032.00, 27355031.00, 5204.21, 3831.69, 4.18%
- Epoch 043, ExpID 33519
Train - Loss: 10224630.55
Val - Loss, MSE, RMSE, MAE, MAPE: 59246024.00, 59246024.00, 7636.28, 5635.87, 6.74%
Test - Best epoch, Loss, MSE, RMSE, MAE, MAPE: 43, 27150244.00, 27150243.00, 5182.82, 3832.62, 4.18%
- Epoch 044, ExpID 33519
Train - Loss: 10094855.05
Val - Loss, MSE, RMSE, MAE, MAPE: 59012348.00, 59012348.00, 7622.51, 5628.01, 6.73%
Test - Best epoch, Loss, MSE, RMSE, MAE, MAPE: 44, 26913058.00, 26913058.00, 5161.79, 3811.23, 4.16%
- Epoch 045, ExpID 33519
Train - Loss: 9980399.85
Val - Loss, MSE, RMSE, MAE, MAPE: 59051508.00, 59051508.00, 7626.97, 5612.86, 6.71%
Test - Best epoch, Loss, MSE, RMSE, MAE, MAPE: 44, 26913058.00, 26913058.00, 5161.79, 3811.23, 4.16%
- Epoch 046, ExpID 33519
Train - Loss: 9967868.95
Val - Loss, MSE, RMSE, MAE, MAPE: 58688236.00, 58688236.00, 7613.44, 5622.06, 6.73%
Test - Best epoch, Loss, MSE, RMSE, MAE, MAPE: 46, 26546862.00, 26546862.00, 5117.88, 3767.22, 4.12%
- Epoch 047, ExpID 33519
Train - Loss: 9892479.45
Val - Loss, MSE, RMSE, MAE, MAPE: 58269808.00, 58269806.00, 7577.77, 5572.14, 6.66%
Test - Best epoch, Loss, MSE, RMSE, MAE, MAPE: 47, 27290308.00, 27290309.00, 5196.97, 3849.79, 4.20%
- Epoch 048, ExpID 33519
Train - Loss: 9774187.05
Val - Loss, MSE, RMSE, MAE, MAPE: 57711128.00, 57711130.00, 7539.13, 5530.76, 6.61%
Test - Best epoch, Loss, MSE, RMSE, MAE, MAPE: 48, 26729992.00, 26729993.00, 5140.59, 3810.35, 4.15%
- Epoch 049, ExpID 33519
Train - Loss: 9709572.30
Val - Loss, MSE, RMSE, MAE, MAPE: 57732892.00, 57732892.00, 7534.90, 5574.97, 6.66%
Test - Best epoch, Loss, MSE, RMSE, MAE, MAPE: 48, 26729992.00, 26729993.00, 5140.59, 3810.35, 4.15%
- Epoch 050, ExpID 33519
Train - Loss: 9618566.95
Val - Loss, MSE, RMSE, MAE, MAPE: 57614004.00, 57614004.00, 7542.65, 5553.34, 6.66%
Test - Best epoch, Loss, MSE, RMSE, MAE, MAPE: 50, 26694972.00, 26694971.00, 5129.22, 3802.09, 4.15%
- Epoch 051, ExpID 33519
Train - Loss: 9529756.00
Val - Loss, MSE, RMSE, MAE, MAPE: 57145740.00, 57145740.00, 7512.05, 5495.45, 6.58%
Test - Best epoch, Loss, MSE, RMSE, MAE, MAPE: 51, 26382960.00, 26382961.00, 5097.41, 3763.85, 4.11%
- Epoch 052, ExpID 33519
Train - Loss: 9451220.95
Val - Loss, MSE, RMSE, MAE, MAPE: 56866896.00, 56866898.00, 7492.37, 5499.92, 6.59%
Test - Best epoch, Loss, MSE, RMSE, MAE, MAPE: 52, 26297376.00, 26297375.00, 5091.66, 3766.43, 4.11%
- Epoch 053, ExpID 33519
Train - Loss: 9411754.40
Val - Loss, MSE, RMSE, MAE, MAPE: 57285308.00, 57285308.00, 7517.08, 5564.07, 6.66%
Test - Best epoch, Loss, MSE, RMSE, MAE, MAPE: 52, 26297376.00, 26297375.00, 5091.66, 3766.43, 4.11%
- Epoch 054, ExpID 33519
Train - Loss: 9314661.80
Val - Loss, MSE, RMSE, MAE, MAPE: 56418068.00, 56418068.00, 7460.55, 5487.45, 6.57%
Test - Best epoch, Loss, MSE, RMSE, MAE, MAPE: 54, 26487280.00, 26487281.00, 5109.81, 3793.25, 4.14%
- Epoch 055, ExpID 33519
Train - Loss: 9208636.65
Val - Loss, MSE, RMSE, MAE, MAPE: 57011328.00, 57011328.00, 7493.68, 5538.86, 6.62%
Test - Best epoch, Loss, MSE, RMSE, MAE, MAPE: 54, 26487280.00, 26487281.00, 5109.81, 3793.25, 4.14%
- Epoch 056, ExpID 33519
Train - Loss: 9122781.75
Val - Loss, MSE, RMSE, MAE, MAPE: 56587960.00, 56587960.00, 7469.62, 5510.30, 6.59%
Test - Best epoch, Loss, MSE, RMSE, MAE, MAPE: 54, 26487280.00, 26487281.00, 5109.81, 3793.25, 4.14%
- Epoch 057, ExpID 33519
Train - Loss: 9068487.65
Val - Loss, MSE, RMSE, MAE, MAPE: 56733020.00, 56733020.00, 7482.23, 5536.77, 6.63%
Test - Best epoch, Loss, MSE, RMSE, MAE, MAPE: 54, 26487280.00, 26487281.00, 5109.81, 3793.25, 4.14%
- Epoch 058, ExpID 33519
Train - Loss: 9001826.20
Val - Loss, MSE, RMSE, MAE, MAPE: 56041976.00, 56041974.00, 7443.05, 5471.73, 6.56%
Test - Best epoch, Loss, MSE, RMSE, MAE, MAPE: 58, 26179268.00, 26179269.00, 5073.81, 3770.58, 4.12%
- Epoch 059, ExpID 33519
Train - Loss: 8930011.55
Val - Loss, MSE, RMSE, MAE, MAPE: 55099368.00, 55099366.00, 7379.97, 5421.63, 6.50%
Test - Best epoch, Loss, MSE, RMSE, MAE, MAPE: 59, 25770684.00, 25770684.00, 5034.75, 3727.19, 4.07%
- Epoch 060, ExpID 33519
Train - Loss: 8856059.88
Val - Loss, MSE, RMSE, MAE, MAPE: 55683112.00, 55683112.00, 7415.81, 5465.15, 6.55%
Test - Best epoch, Loss, MSE, RMSE, MAE, MAPE: 59, 25770684.00, 25770684.00, 5034.75, 3727.19, 4.07%
- Epoch 061, ExpID 33519
Train - Loss: 8763682.50
Val - Loss, MSE, RMSE, MAE, MAPE: 55359704.00, 55359704.00, 7392.82, 5438.58, 6.51%
Test - Best epoch, Loss, MSE, RMSE, MAE, MAPE: 59, 25770684.00, 25770684.00, 5034.75, 3727.19, 4.07%
- Epoch 062, ExpID 33519
Train - Loss: 8708796.62
Val - Loss, MSE, RMSE, MAE, MAPE: 55500556.00, 55500556.00, 7396.94, 5461.59, 6.54%
Test - Best epoch, Loss, MSE, RMSE, MAE, MAPE: 59, 25770684.00, 25770684.00, 5034.75, 3727.19, 4.07%
- Epoch 063, ExpID 33519
Train - Loss: 8640998.05
Val - Loss, MSE, RMSE, MAE, MAPE: 55252172.00, 55252172.00, 7385.33, 5418.71, 6.49%
Test - Best epoch, Loss, MSE, RMSE, MAE, MAPE: 59, 25770684.00, 25770684.00, 5034.75, 3727.19, 4.07%
- Epoch 064, ExpID 33519
Train - Loss: 8561294.95
Val - Loss, MSE, RMSE, MAE, MAPE: 54852752.00, 54852752.00, 7356.49, 5416.43, 6.48%
Test - Best epoch, Loss, MSE, RMSE, MAE, MAPE: 64, 25995908.00, 25995909.00, 5057.52, 3777.63, 4.12%
- Epoch 065, ExpID 33519
Train - Loss: 8506121.32
Val - Loss, MSE, RMSE, MAE, MAPE: 55103072.00, 55103074.00, 7371.51, 5441.69, 6.51%
Test - Best epoch, Loss, MSE, RMSE, MAE, MAPE: 64, 25995908.00, 25995909.00, 5057.52, 3777.63, 4.12%
- Epoch 066, ExpID 33519
Train - Loss: 8429022.12
Val - Loss, MSE, RMSE, MAE, MAPE: 54972080.00, 54972078.00, 7367.78, 5423.25, 6.49%
Test - Best epoch, Loss, MSE, RMSE, MAE, MAPE: 64, 25995908.00, 25995909.00, 5057.52, 3777.63, 4.12%
- Epoch 067, ExpID 33519
Train - Loss: 8356664.47
Val - Loss, MSE, RMSE, MAE, MAPE: 54217688.00, 54217690.00, 7316.58, 5369.05, 6.43%
Test - Best epoch, Loss, MSE, RMSE, MAE, MAPE: 67, 25584796.00, 25584797.00, 5015.11, 3713.06, 4.05%
- Epoch 068, ExpID 33519
Train - Loss: 8289725.65
Val - Loss, MSE, RMSE, MAE, MAPE: 54392392.00, 54392392.00, 7333.06, 5383.42, 6.45%
Test - Best epoch, Loss, MSE, RMSE, MAE, MAPE: 67, 25584796.00, 25584797.00, 5015.11, 3713.06, 4.05%
- Epoch 069, ExpID 33519
Train - Loss: 8250969.53
Val - Loss, MSE, RMSE, MAE, MAPE: 53970872.00, 53970872.00, 7301.42, 5346.44, 6.40%
Test - Best epoch, Loss, MSE, RMSE, MAE, MAPE: 69, 25383640.00, 25383641.00, 4995.07, 3705.77, 4.04%
- Epoch 070, ExpID 33519
Train - Loss: 8169842.75
Val - Loss, MSE, RMSE, MAE, MAPE: 54293896.00, 54293898.00, 7322.85, 5381.41, 6.45%
Test - Best epoch, Loss, MSE, RMSE, MAE, MAPE: 69, 25383640.00, 25383641.00, 4995.07, 3705.77, 4.04%
- Epoch 071, ExpID 33519
Train - Loss: 8069517.45
Val - Loss, MSE, RMSE, MAE, MAPE: 54555356.00, 54555356.00, 7332.09, 5415.88, 6.48%
Test - Best epoch, Loss, MSE, RMSE, MAE, MAPE: 69, 25383640.00, 25383641.00, 4995.07, 3705.77, 4.04%
- Epoch 072, ExpID 33519
Train - Loss: 8068397.22
Val - Loss, MSE, RMSE, MAE, MAPE: 53993272.00, 53993274.00, 7294.37, 5360.50, 6.41%
Test - Best epoch, Loss, MSE, RMSE, MAE, MAPE: 69, 25383640.00, 25383641.00, 4995.07, 3705.77, 4.04%
- Epoch 073, ExpID 33519
Train - Loss: 7999610.33
Val - Loss, MSE, RMSE, MAE, MAPE: 53648268.00, 53648268.00, 7272.70, 5314.67, 6.35%
Test - Best epoch, Loss, MSE, RMSE, MAE, MAPE: 73, 25882978.00, 25882978.00, 5050.67, 3751.32, 4.08%
- Epoch 074, ExpID 33519
Train - Loss: 7928397.70
Val - Loss, MSE, RMSE, MAE, MAPE: 54001072.00, 54001074.00, 7298.22, 5363.44, 6.42%
Test - Best epoch, Loss, MSE, RMSE, MAE, MAPE: 73, 25882978.00, 25882978.00, 5050.67, 3751.32, 4.08%
- Epoch 075, ExpID 33519
Train - Loss: 7860274.70
Val - Loss, MSE, RMSE, MAE, MAPE: 53306264.00, 53306266.00, 7256.19, 5305.26, 6.35%
Test - Best epoch, Loss, MSE, RMSE, MAE, MAPE: 75, 25295464.00, 25295464.00, 4983.96, 3696.03, 4.03%
- Epoch 076, ExpID 33519
Train - Loss: 7785737.95
Val - Loss, MSE, RMSE, MAE, MAPE: 53619988.00, 53619988.00, 7275.50, 5318.81, 6.37%
Test - Best epoch, Loss, MSE, RMSE, MAE, MAPE: 75, 25295464.00, 25295464.00, 4983.96, 3696.03, 4.03%
- Epoch 077, ExpID 33519
Train - Loss: 7759790.30
Val - Loss, MSE, RMSE, MAE, MAPE: 53549744.00, 53549742.00, 7273.22, 5337.84, 6.40%
Test - Best epoch, Loss, MSE, RMSE, MAE, MAPE: 75, 25295464.00, 25295464.00, 4983.96, 3696.03, 4.03%
- Epoch 078, ExpID 33519
Train - Loss: 7680890.83
Val - Loss, MSE, RMSE, MAE, MAPE: 53493540.00, 53493540.00, 7268.79, 5318.01, 6.37%
Test - Best epoch, Loss, MSE, RMSE, MAE, MAPE: 75, 25295464.00, 25295464.00, 4983.96, 3696.03, 4.03%
- Epoch 079, ExpID 33519
Train - Loss: 7628053.95
Val - Loss, MSE, RMSE, MAE, MAPE: 53334816.00, 53334814.00, 7253.63, 5312.53, 6.36%
Test - Best epoch, Loss, MSE, RMSE, MAE, MAPE: 75, 25295464.00, 25295464.00, 4983.96, 3696.03, 4.03%
- Epoch 080, ExpID 33519
Train - Loss: 7560039.50
Val - Loss, MSE, RMSE, MAE, MAPE: 53455384.00, 53455384.00, 7269.94, 5308.58, 6.36%
Test - Best epoch, Loss, MSE, RMSE, MAE, MAPE: 75, 25295464.00, 25295464.00, 4983.96, 3696.03, 4.03%
- Epoch 081, ExpID 33519
Train - Loss: 7512631.95
Val - Loss, MSE, RMSE, MAE, MAPE: 53099272.00, 53099272.00, 7236.68, 5289.84, 6.33%
Test - Best epoch, Loss, MSE, RMSE, MAE, MAPE: 81, 25157488.00, 25157487.00, 4968.95, 3679.61, 4.01%
- Epoch 082, ExpID 33519
Train - Loss: 7446079.22
Val - Loss, MSE, RMSE, MAE, MAPE: 52866816.00, 52866814.00, 7224.72, 5264.45, 6.29%
Test - Best epoch, Loss, MSE, RMSE, MAE, MAPE: 82, 25419786.00, 25419786.00, 4998.57, 3707.88, 4.04%
- Epoch 083, ExpID 33519
Train - Loss: 7426705.88
Val - Loss, MSE, RMSE, MAE, MAPE: 52748120.00, 52748118.00, 7214.20, 5269.66, 6.30%
Test - Best epoch, Loss, MSE, RMSE, MAE, MAPE: 83, 25258480.00, 25258481.00, 4978.16, 3694.20, 4.03%
- Epoch 084, ExpID 33519
Train - Loss: 7329396.95
Val - Loss, MSE, RMSE, MAE, MAPE: 52792672.00, 52792674.00, 7216.55, 5276.19, 6.31%
Test - Best epoch, Loss, MSE, RMSE, MAE, MAPE: 83, 25258480.00, 25258481.00, 4978.16, 3694.20, 4.03%
- Epoch 085, ExpID 33519
Train - Loss: 7312670.80
Val - Loss, MSE, RMSE, MAE, MAPE: 53503592.00, 53503592.00, 7262.89, 5306.56, 6.35%
Test - Best epoch, Loss, MSE, RMSE, MAE, MAPE: 83, 25258480.00, 25258481.00, 4978.16, 3694.20, 4.03%
- Epoch 086, ExpID 33519
Train - Loss: 7234564.42
Val - Loss, MSE, RMSE, MAE, MAPE: 52709144.00, 52709144.00, 7216.40, 5266.75, 6.31%
Test - Best epoch, Loss, MSE, RMSE, MAE, MAPE: 86, 25349204.00, 25349203.00, 4984.60, 3688.88, 4.03%
- Epoch 087, ExpID 33519
Train - Loss: 7173835.67
Val - Loss, MSE, RMSE, MAE, MAPE: 52873128.00, 52873128.00, 7223.88, 5289.16, 6.33%
Test - Best epoch, Loss, MSE, RMSE, MAE, MAPE: 86, 25349204.00, 25349203.00, 4984.60, 3688.88, 4.03%
- Epoch 088, ExpID 33519
Train - Loss: 7145831.42
Val - Loss, MSE, RMSE, MAE, MAPE: 52611624.00, 52611626.00, 7206.76, 5279.37, 6.32%
Test - Best epoch, Loss, MSE, RMSE, MAE, MAPE: 88, 25416016.00, 25416016.00, 4992.83, 3707.36, 4.04%
- Epoch 089, ExpID 33519
Train - Loss: 7083176.10
Val - Loss, MSE, RMSE, MAE, MAPE: 52383952.00, 52383952.00, 7193.41, 5235.14, 6.27%
Test - Best epoch, Loss, MSE, RMSE, MAE, MAPE: 89, 24732146.00, 24732146.00, 4921.62, 3626.74, 3.96%
- Epoch 090, ExpID 33519
Train - Loss: 7037645.20
Val - Loss, MSE, RMSE, MAE, MAPE: 52378576.00, 52378576.00, 7187.46, 5253.77, 6.28%
Test - Best epoch, Loss, MSE, RMSE, MAE, MAPE: 90, 25351360.00, 25351359.00, 4992.50, 3710.26, 4.05%
- Epoch 091, ExpID 33519
Train - Loss: 6986564.35
Val - Loss, MSE, RMSE, MAE, MAPE: 52473872.00, 52473874.00, 7197.39, 5248.98, 6.28%
Test - Best epoch, Loss, MSE, RMSE, MAE, MAPE: 90, 25351360.00, 25351359.00, 4992.50, 3710.26, 4.05%
- Epoch 092, ExpID 33519
Train - Loss: 6940950.75
Val - Loss, MSE, RMSE, MAE, MAPE: 53094904.00, 53094904.00, 7243.17, 5271.02, 6.31%
Test - Best epoch, Loss, MSE, RMSE, MAE, MAPE: 90, 25351360.00, 25351359.00, 4992.50, 3710.26, 4.05%
- Epoch 093, ExpID 33519
Train - Loss: 6885218.33
Val - Loss, MSE, RMSE, MAE, MAPE: 52284976.00, 52284976.00, 7179.73, 5227.42, 6.25%
Test - Best epoch, Loss, MSE, RMSE, MAE, MAPE: 93, 25084212.00, 25084211.00, 4961.90, 3685.81, 4.02%
- Epoch 094, ExpID 33519
Train - Loss: 6837887.83
Val - Loss, MSE, RMSE, MAE, MAPE: 52588736.00, 52588738.00, 7205.70, 5245.94, 6.28%
Test - Best epoch, Loss, MSE, RMSE, MAE, MAPE: 93, 25084212.00, 25084211.00, 4961.90, 3685.81, 4.02%
- Epoch 095, ExpID 33519
Train - Loss: 6767013.53
Val - Loss, MSE, RMSE, MAE, MAPE: 52441416.00, 52441416.00, 7194.97, 5229.75, 6.26%
Test - Best epoch, Loss, MSE, RMSE, MAE, MAPE: 93, 25084212.00, 25084211.00, 4961.90, 3685.81, 4.02%
- Epoch 096, ExpID 33519
Train - Loss: 6733395.08
Val - Loss, MSE, RMSE, MAE, MAPE: 52850596.00, 52850596.00, 7226.31, 5273.63, 6.31%
Test - Best epoch, Loss, MSE, RMSE, MAE, MAPE: 93, 25084212.00, 25084211.00, 4961.90, 3685.81, 4.02%
- Epoch 097, ExpID 33519
Train - Loss: 6698046.85
Val - Loss, MSE, RMSE, MAE, MAPE: 52578392.00, 52578390.00, 7203.36, 5240.88, 6.27%
Test - Best epoch, Loss, MSE, RMSE, MAE, MAPE: 93, 25084212.00, 25084211.00, 4961.90, 3685.81, 4.02%
- Epoch 098, ExpID 33519
Train - Loss: 6659946.53
Val - Loss, MSE, RMSE, MAE, MAPE: 52371824.00, 52371826.00, 7190.67, 5225.60, 6.25%
Test - Best epoch, Loss, MSE, RMSE, MAE, MAPE: 93, 25084212.00, 25084211.00, 4961.90, 3685.81, 4.02%
- Epoch 099, ExpID 33519
Train - Loss: 6609662.75
Val - Loss, MSE, RMSE, MAE, MAPE: 52340176.00, 52340178.00, 7191.34, 5226.53, 6.27%
Test - Best epoch, Loss, MSE, RMSE, MAE, MAPE: 93, 25084212.00, 25084211.00, 4961.90, 3685.81, 4.02%
- Epoch 100, ExpID 33519
Train - Loss: 6571626.03
Val - Loss, MSE, RMSE, MAE, MAPE: 52647640.00, 52647638.00, 7211.31, 5248.79, 6.28%
Test - Best epoch, Loss, MSE, RMSE, MAE, MAPE: 93, 25084212.00, 25084211.00, 4961.90, 3685.81, 4.02%
- Epoch 101, ExpID 33519
Train - Loss: 6537278.50
Val - Loss, MSE, RMSE, MAE, MAPE: 52282164.00, 52282164.00, 7188.12, 5222.00, 6.26%
Test - Best epoch, Loss, MSE, RMSE, MAE, MAPE: 101, 25361508.00, 25361509.00, 4979.90, 3684.75, 4.03%
- Epoch 102, ExpID 33519
Train - Loss: 6485576.65
Val - Loss, MSE, RMSE, MAE, MAPE: 52396920.00, 52396918.00, 7196.53, 5231.73, 6.27%
Test - Best epoch, Loss, MSE, RMSE, MAE, MAPE: 101, 25361508.00, 25361509.00, 4979.90, 3684.75, 4.03%
- Epoch 103, ExpID 33519
Train - Loss: 6421983.70
Val - Loss, MSE, RMSE, MAE, MAPE: 52507108.00, 52507108.00, 7198.69, 5239.60, 6.27%
Test - Best epoch, Loss, MSE, RMSE, MAE, MAPE: 101, 25361508.00, 25361509.00, 4979.90, 3684.75, 4.03%
- Epoch 104, ExpID 33519
Train - Loss: 6388834.88
Val - Loss, MSE, RMSE, MAE, MAPE: 52452160.00, 52452158.00, 7198.76, 5227.60, 6.26%
Test - Best epoch, Loss, MSE, RMSE, MAE, MAPE: 101, 25361508.00, 25361509.00, 4979.90, 3684.75, 4.03%
- Epoch 105, ExpID 33519
Train - Loss: 6353739.55
Val - Loss, MSE, RMSE, MAE, MAPE: 52179504.00, 52179502.00, 7180.42, 5216.75, 6.25%
Test - Best epoch, Loss, MSE, RMSE, MAE, MAPE: 105, 25109468.00, 25109468.00, 4957.71, 3667.26, 4.01%
- Epoch 106, ExpID 33519
Train - Loss: 6319984.80
Val - Loss, MSE, RMSE, MAE, MAPE: 52204584.00, 52204582.00, 7181.15, 5199.15, 6.22%
Test - Best epoch, Loss, MSE, RMSE, MAE, MAPE: 105, 25109468.00, 25109468.00, 4957.71, 3667.26, 4.01%
- Epoch 107, ExpID 33519
Train - Loss: 6265414.25
Val - Loss, MSE, RMSE, MAE, MAPE: 52459008.00, 52459006.00, 7198.74, 5228.33, 6.26%
Test - Best epoch, Loss, MSE, RMSE, MAE, MAPE: 105, 25109468.00, 25109468.00, 4957.71, 3667.26, 4.01%
- Epoch 108, ExpID 33519
Train - Loss: 6228035.40
Val - Loss, MSE, RMSE, MAE, MAPE: 52109912.00, 52109914.00, 7171.05, 5196.36, 6.21%
Test - Best epoch, Loss, MSE, RMSE, MAE, MAPE: 108, 25458890.00, 25458890.00, 4996.95, 3694.24, 4.03%
- Epoch 109, ExpID 33519
Train - Loss: 6193518.70
Val - Loss, MSE, RMSE, MAE, MAPE: 52124416.00, 52124418.00, 7175.12, 5208.04, 6.23%
Test - Best epoch, Loss, MSE, RMSE, MAE, MAPE: 108, 25458890.00, 25458890.00, 4996.95, 3694.24, 4.03%
- Epoch 110, ExpID 33519
Train - Loss: 6156441.80
Val - Loss, MSE, RMSE, MAE, MAPE: 52173152.00, 52173152.00, 7181.09, 5206.39, 6.23%
Test - Best epoch, Loss, MSE, RMSE, MAE, MAPE: 108, 25458890.00, 25458890.00, 4996.95, 3694.24, 4.03%
- Epoch 111, ExpID 33519
Train - Loss: 6112429.53
Val - Loss, MSE, RMSE, MAE, MAPE: 51657984.00, 51657984.00, 7148.70, 5169.77, 6.19%
Test - Best epoch, Loss, MSE, RMSE, MAE, MAPE: 111, 25099126.00, 25099126.00, 4954.24, 3663.96, 4.00%
- Epoch 112, ExpID 33519
Train - Loss: 6062241.92
Val - Loss, MSE, RMSE, MAE, MAPE: 52434024.00, 52434026.00, 7198.21, 5244.30, 6.28%
Test - Best epoch, Loss, MSE, RMSE, MAE, MAPE: 111, 25099126.00, 25099126.00, 4954.24, 3663.96, 4.00%
- Epoch 113, ExpID 33519
Train - Loss: 6044657.62
Val - Loss, MSE, RMSE, MAE, MAPE: 51741120.00, 51741122.00, 7154.41, 5168.98, 6.19%
Test - Best epoch, Loss, MSE, RMSE, MAE, MAPE: 111, 25099126.00, 25099126.00, 4954.24, 3663.96, 4.00%
- Epoch 114, ExpID 33519
Train - Loss: 5988160.35
Val - Loss, MSE, RMSE, MAE, MAPE: 52402432.00, 52402432.00, 7193.69, 5216.82, 6.25%
Test - Best epoch, Loss, MSE, RMSE, MAE, MAPE: 111, 25099126.00, 25099126.00, 4954.24, 3663.96, 4.00%
- Epoch 115, ExpID 33519
Train - Loss: 5952834.65
Val - Loss, MSE, RMSE, MAE, MAPE: 52623920.00, 52623922.00, 7210.46, 5232.64, 6.27%
Test - Best epoch, Loss, MSE, RMSE, MAE, MAPE: 111, 25099126.00, 25099126.00, 4954.24, 3663.96, 4.00%
- Epoch 116, ExpID 33519
Train - Loss: 5934687.35
Val - Loss, MSE, RMSE, MAE, MAPE: 52198680.00, 52198682.00, 7180.25, 5181.61, 6.19%
Test - Best epoch, Loss, MSE, RMSE, MAE, MAPE: 111, 25099126.00, 25099126.00, 4954.24, 3663.96, 4.00%
- Epoch 117, ExpID 33519
Train - Loss: 5875158.83
Val - Loss, MSE, RMSE, MAE, MAPE: 52238184.00, 52238186.00, 7178.90, 5198.74, 6.21%
Test - Best epoch, Loss, MSE, RMSE, MAE, MAPE: 111, 25099126.00, 25099126.00, 4954.24, 3663.96, 4.00%
- Epoch 118, ExpID 33519
Train - Loss: 5863149.00
Val - Loss, MSE, RMSE, MAE, MAPE: 51756152.00, 51756150.00, 7151.08, 5173.65, 6.19%
Test - Best epoch, Loss, MSE, RMSE, MAE, MAPE: 111, 25099126.00, 25099126.00, 4954.24, 3663.96, 4.00%
- Epoch 119, ExpID 33519
Train - Loss: 5823206.95
Val - Loss, MSE, RMSE, MAE, MAPE: 52363508.00, 52363508.00, 7193.07, 5205.41, 6.22%
Test - Best epoch, Loss, MSE, RMSE, MAE, MAPE: 111, 25099126.00, 25099126.00, 4954.24, 3663.96, 4.00%
- Epoch 120, ExpID 33519
Train - Loss: 5789451.58
Val - Loss, MSE, RMSE, MAE, MAPE: 51824192.00, 51824194.00, 7153.08, 5167.29, 6.17%
Test - Best epoch, Loss, MSE, RMSE, MAE, MAPE: 111, 25099126.00, 25099126.00, 4954.24, 3663.96, 4.00%
- Epoch 121, ExpID 33519
Train - Loss: 5738527.38
Val - Loss, MSE, RMSE, MAE, MAPE: 52296872.00, 52296872.00, 7189.06, 5217.11, 6.24%
Test - Best epoch, Loss, MSE, RMSE, MAE, MAPE: 111, 25099126.00, 25099126.00, 4954.24, 3663.96, 4.00%
Early Stopping at Epoch 121
Fold 2018 Best RMSE: 4954.2351

-------------------- [Fold: 2019] ExpID: 67691 --------------------
- Epoch 000, ExpID 67691
Train - Loss: 40029491.27
Val - Loss, MSE, RMSE, MAE, MAPE: 39452328.00, 39452326.00, 6273.40, 4822.20, 5.21%
Test - Best epoch, Loss, MSE, RMSE, MAE, MAPE: 0, 40660728.00, 40660727.00, 6274.03, 4794.40, 5.14%
- Epoch 001, ExpID 67691
Train - Loss: 30193312.73
Val - Loss, MSE, RMSE, MAE, MAPE: 35504608.00, 35504608.00, 5953.07, 4526.83, 4.90%
Test - Best epoch, Loss, MSE, RMSE, MAE, MAPE: 1, 33748516.00, 33748517.00, 5686.01, 4288.38, 4.59%
- Epoch 002, ExpID 67691
Train - Loss: 27225906.09
Val - Loss, MSE, RMSE, MAE, MAPE: 33374512.00, 33374512.00, 5773.64, 4344.21, 4.73%
Test - Best epoch, Loss, MSE, RMSE, MAE, MAPE: 2, 30823292.00, 30823293.00, 5408.29, 4033.80, 4.31%
- Epoch 003, ExpID 67691
Train - Loss: 25333941.27
Val - Loss, MSE, RMSE, MAE, MAPE: 32374352.00, 32374351.00, 5686.42, 4210.59, 4.60%
Test - Best epoch, Loss, MSE, RMSE, MAE, MAPE: 3, 29268474.00, 29268474.50, 5252.86, 3883.89, 4.14%
- Epoch 004, ExpID 67691
Train - Loss: 23576109.73
Val - Loss, MSE, RMSE, MAE, MAPE: 32328092.00, 32328093.00, 5682.44, 4189.04, 4.58%
Test - Best epoch, Loss, MSE, RMSE, MAE, MAPE: 4, 27871026.00, 27871026.00, 5093.67, 3724.93, 3.96%
- Epoch 005, ExpID 67691
Train - Loss: 22213049.36
Val - Loss, MSE, RMSE, MAE, MAPE: 31222652.00, 31222651.00, 5582.40, 4057.23, 4.44%
Test - Best epoch, Loss, MSE, RMSE, MAE, MAPE: 5, 27395734.00, 27395733.50, 5048.92, 3690.35, 3.91%
- Epoch 006, ExpID 67691
Train - Loss: 21200802.91
Val - Loss, MSE, RMSE, MAE, MAPE: 32384014.00, 32384014.00, 5686.92, 4185.18, 4.55%
Test - Best epoch, Loss, MSE, RMSE, MAE, MAPE: 5, 27395734.00, 27395733.50, 5048.92, 3690.35, 3.91%
- Epoch 007, ExpID 67691
Train - Loss: 20161799.36
Val - Loss, MSE, RMSE, MAE, MAPE: 32054294.00, 32054294.00, 5655.19, 4091.89, 4.48%
Test - Best epoch, Loss, MSE, RMSE, MAE, MAPE: 5, 27395734.00, 27395733.50, 5048.92, 3690.35, 3.91%
- Epoch 008, ExpID 67691
Train - Loss: 19289703.18
Val - Loss, MSE, RMSE, MAE, MAPE: 31607456.00, 31607456.00, 5616.17, 4077.35, 4.45%
Test - Best epoch, Loss, MSE, RMSE, MAE, MAPE: 5, 27395734.00, 27395733.50, 5048.92, 3690.35, 3.91%
- Epoch 009, ExpID 67691
Train - Loss: 18666578.27
Val - Loss, MSE, RMSE, MAE, MAPE: 30284024.00, 30284024.00, 5491.58, 3923.81, 4.30%
Test - Best epoch, Loss, MSE, RMSE, MAE, MAPE: 9, 27612980.00, 27612980.50, 5032.09, 3662.81, 3.88%
- Epoch 010, ExpID 67691
Train - Loss: 18257666.68
Val - Loss, MSE, RMSE, MAE, MAPE: 30036692.00, 30036693.00, 5471.36, 3907.18, 4.28%
Test - Best epoch, Loss, MSE, RMSE, MAE, MAPE: 10, 28404066.00, 28404066.00, 5104.07, 3721.13, 3.93%
- Epoch 011, ExpID 67691
Train - Loss: 17560045.23
Val - Loss, MSE, RMSE, MAE, MAPE: 30127236.00, 30127235.00, 5480.24, 3933.16, 4.30%
Test - Best epoch, Loss, MSE, RMSE, MAE, MAPE: 10, 28404066.00, 28404066.00, 5104.07, 3721.13, 3.93%
- Epoch 012, ExpID 67691
Train - Loss: 17135855.00
Val - Loss, MSE, RMSE, MAE, MAPE: 31497264.00, 31497265.00, 5604.72, 4067.15, 4.43%
Test - Best epoch, Loss, MSE, RMSE, MAE, MAPE: 10, 28404066.00, 28404066.00, 5104.07, 3721.13, 3.93%
- Epoch 013, ExpID 67691
Train - Loss: 16665578.68
Val - Loss, MSE, RMSE, MAE, MAPE: 30268360.00, 30268361.00, 5492.48, 3916.22, 4.29%
Test - Best epoch, Loss, MSE, RMSE, MAE, MAPE: 10, 28404066.00, 28404066.00, 5104.07, 3721.13, 3.93%
- Epoch 014, ExpID 67691
Train - Loss: 16311793.55
Val - Loss, MSE, RMSE, MAE, MAPE: 30304026.00, 30304026.00, 5494.43, 3927.47, 4.29%
Test - Best epoch, Loss, MSE, RMSE, MAE, MAPE: 10, 28404066.00, 28404066.00, 5104.07, 3721.13, 3.93%
- Epoch 015, ExpID 67691
Train - Loss: 15850240.95
Val - Loss, MSE, RMSE, MAE, MAPE: 30188116.00, 30188116.00, 5480.87, 3891.32, 4.26%
Test - Best epoch, Loss, MSE, RMSE, MAE, MAPE: 10, 28404066.00, 28404066.00, 5104.07, 3721.13, 3.93%
- Epoch 016, ExpID 67691
Train - Loss: 15610639.41
Val - Loss, MSE, RMSE, MAE, MAPE: 30531100.00, 30531101.00, 5513.70, 3946.13, 4.31%
Test - Best epoch, Loss, MSE, RMSE, MAE, MAPE: 10, 28404066.00, 28404066.00, 5104.07, 3721.13, 3.93%
- Epoch 017, ExpID 67691
Train - Loss: 15385274.91
Val - Loss, MSE, RMSE, MAE, MAPE: 30367434.00, 30367434.00, 5493.34, 3884.57, 4.26%
Test - Best epoch, Loss, MSE, RMSE, MAE, MAPE: 10, 28404066.00, 28404066.00, 5104.07, 3721.13, 3.93%
- Epoch 018, ExpID 67691
Train - Loss: 15025280.68
Val - Loss, MSE, RMSE, MAE, MAPE: 30153002.00, 30153002.00, 5475.54, 3873.79, 4.25%
Test - Best epoch, Loss, MSE, RMSE, MAE, MAPE: 10, 28404066.00, 28404066.00, 5104.07, 3721.13, 3.93%
- Epoch 019, ExpID 67691
Train - Loss: 14780257.45
Val - Loss, MSE, RMSE, MAE, MAPE: 30063616.00, 30063617.00, 5467.92, 3871.05, 4.24%
Test - Best epoch, Loss, MSE, RMSE, MAE, MAPE: 10, 28404066.00, 28404066.00, 5104.07, 3721.13, 3.93%
- Epoch 020, ExpID 67691
Train - Loss: 14480513.18
Val - Loss, MSE, RMSE, MAE, MAPE: 30092908.00, 30092909.00, 5465.76, 3881.40, 4.25%
Test - Best epoch, Loss, MSE, RMSE, MAE, MAPE: 10, 28404066.00, 28404066.00, 5104.07, 3721.13, 3.93%
Early Stopping at Epoch 20
Fold 2019 Best RMSE: 5104.0723
