DETAILED LOG | Model: itransformer | Seed: 1
FULL CONFIG: {'gpu': '2', 'target': 'both', 'cv_start_year': 2017, 'cv_end_year': 2019, 'test_year': 2024, 'use_corona': False, 'seq_len': 56, 'label_len': 0, 'pred_len': 56, 'batch_size': 256, 'epochs': 1000, 'patience': 10, 'lr': 0.001, 'model': 'itransformer', 'd_model': 64, 'n_heads': 2, 'n_layers': 6, 'dropout': 0.1, 'activation': 'gelu', 'patch_len': 16, 'factor': 5, 'norm_mode': 'revin', 'use_covar': True, 'use_dbloss': False, 'device': device(type='cuda'), 'stride': 16, 'file_path': 'dataset/airport_flight_with_holiday.csv', 'seed': 1, 'val_year': 2019, 'ndims': 2}

-------------------- [Fold: 2017] ExpID: 10014 --------------------
- Epoch 000, ExpID 10014
Train - Loss: 38023280.20
Val - Loss, MSE, RMSE, MAE, MAPE: 53001248.00, 53001250.00, 7173.63, 5749.98, 7.38%
Test - Best epoch, Loss, MSE, RMSE, MAE, MAPE: 0, 97278656.00, 97278652.00, 9857.17, 7860.57, 9.41%
- Epoch 001, ExpID 10014
Train - Loss: 33106919.80
Val - Loss, MSE, RMSE, MAE, MAPE: 45341944.00, 45341944.00, 6563.50, 5187.18, 6.65%
Test - Best epoch, Loss, MSE, RMSE, MAE, MAPE: 1, 93867392.00, 93867392.00, 9675.39, 7660.04, 9.09%
- Epoch 002, ExpID 10014
Train - Loss: 31229278.90
Val - Loss, MSE, RMSE, MAE, MAPE: 42246292.00, 42246293.00, 6343.42, 4979.75, 6.39%
Test - Best epoch, Loss, MSE, RMSE, MAE, MAPE: 2, 96966896.00, 96966892.00, 9811.64, 7867.35, 9.34%
- Epoch 003, ExpID 10014
Train - Loss: 29876669.20
Val - Loss, MSE, RMSE, MAE, MAPE: 38902356.00, 38902355.00, 6088.65, 4745.05, 6.04%
Test - Best epoch, Loss, MSE, RMSE, MAE, MAPE: 3, 101420304.00, 101420308.00, 10005.27, 8055.49, 9.51%
- Epoch 004, ExpID 10014
Train - Loss: 28994652.40
Val - Loss, MSE, RMSE, MAE, MAPE: 37044888.00, 37044888.00, 5919.08, 4619.68, 5.93%
Test - Best epoch, Loss, MSE, RMSE, MAE, MAPE: 4, 93800416.00, 93800420.00, 9641.01, 7675.13, 9.11%
- Epoch 005, ExpID 10014
Train - Loss: 28452154.50
Val - Loss, MSE, RMSE, MAE, MAPE: 35915608.00, 35915606.00, 5833.05, 4523.26, 5.81%
Test - Best epoch, Loss, MSE, RMSE, MAE, MAPE: 5, 92518016.00, 92518012.00, 9583.92, 7586.13, 9.02%
- Epoch 006, ExpID 10014
Train - Loss: 27330951.30
Val - Loss, MSE, RMSE, MAE, MAPE: 33143938.00, 33143938.00, 5624.40, 4338.58, 5.58%
Test - Best epoch, Loss, MSE, RMSE, MAE, MAPE: 6, 92587696.00, 92587696.00, 9570.63, 7561.02, 8.97%
- Epoch 007, ExpID 10014
Train - Loss: 26758951.00
Val - Loss, MSE, RMSE, MAE, MAPE: 33257892.00, 33257892.00, 5625.91, 4330.21, 5.56%
Test - Best epoch, Loss, MSE, RMSE, MAE, MAPE: 6, 92587696.00, 92587696.00, 9570.63, 7561.02, 8.97%
- Epoch 008, ExpID 10014
Train - Loss: 26035392.30
Val - Loss, MSE, RMSE, MAE, MAPE: 31405588.00, 31405589.00, 5478.45, 4225.75, 5.40%
Test - Best epoch, Loss, MSE, RMSE, MAE, MAPE: 8, 92974704.00, 92974700.00, 9590.48, 7520.99, 8.90%
- Epoch 009, ExpID 10014
Train - Loss: 25413724.30
Val - Loss, MSE, RMSE, MAE, MAPE: 30687242.00, 30687242.00, 5452.24, 4161.28, 5.33%
Test - Best epoch, Loss, MSE, RMSE, MAE, MAPE: 9, 93290608.00, 93290608.00, 9584.61, 7515.64, 8.90%
- Epoch 010, ExpID 10014
Train - Loss: 24883495.80
Val - Loss, MSE, RMSE, MAE, MAPE: 31052666.00, 31052666.00, 5453.90, 4197.13, 5.40%
Test - Best epoch, Loss, MSE, RMSE, MAE, MAPE: 9, 93290608.00, 93290608.00, 9584.61, 7515.64, 8.90%
- Epoch 011, ExpID 10014
Train - Loss: 24221029.40
Val - Loss, MSE, RMSE, MAE, MAPE: 29622788.00, 29622789.00, 5330.55, 4052.15, 5.21%
Test - Best epoch, Loss, MSE, RMSE, MAE, MAPE: 11, 91767200.00, 91767204.00, 9512.46, 7418.49, 8.82%
- Epoch 012, ExpID 10014
Train - Loss: 23869738.60
Val - Loss, MSE, RMSE, MAE, MAPE: 29745288.00, 29745288.00, 5378.65, 4082.70, 5.27%
Test - Best epoch, Loss, MSE, RMSE, MAE, MAPE: 11, 91767200.00, 91767204.00, 9512.46, 7418.49, 8.82%
- Epoch 013, ExpID 10014
Train - Loss: 23573634.50
Val - Loss, MSE, RMSE, MAE, MAPE: 30095612.00, 30095611.00, 5350.04, 4059.46, 5.23%
Test - Best epoch, Loss, MSE, RMSE, MAE, MAPE: 11, 91767200.00, 91767204.00, 9512.46, 7418.49, 8.82%
- Epoch 014, ExpID 10014
Train - Loss: 22972802.80
Val - Loss, MSE, RMSE, MAE, MAPE: 29063612.00, 29063613.00, 5302.90, 4051.79, 5.20%
Test - Best epoch, Loss, MSE, RMSE, MAE, MAPE: 14, 86633616.00, 86633616.00, 9234.70, 7102.81, 8.41%
- Epoch 015, ExpID 10014
Train - Loss: 22480786.70
Val - Loss, MSE, RMSE, MAE, MAPE: 28022982.00, 28022982.00, 5194.05, 3965.87, 5.10%
Test - Best epoch, Loss, MSE, RMSE, MAE, MAPE: 15, 83063296.00, 83063300.00, 9053.66, 6930.47, 8.23%
- Epoch 016, ExpID 10014
Train - Loss: 22203672.90
Val - Loss, MSE, RMSE, MAE, MAPE: 28881616.00, 28881617.00, 5296.49, 4016.87, 5.15%
Test - Best epoch, Loss, MSE, RMSE, MAE, MAPE: 15, 83063296.00, 83063300.00, 9053.66, 6930.47, 8.23%
- Epoch 017, ExpID 10014
Train - Loss: 21767008.00
Val - Loss, MSE, RMSE, MAE, MAPE: 27474476.00, 27474477.00, 5160.64, 3945.26, 5.05%
Test - Best epoch, Loss, MSE, RMSE, MAE, MAPE: 17, 81217464.00, 81217464.00, 8956.83, 6796.30, 8.05%
- Epoch 018, ExpID 10014
Train - Loss: 21521491.10
Val - Loss, MSE, RMSE, MAE, MAPE: 28059372.00, 28059373.00, 5207.90, 3957.30, 5.09%
Test - Best epoch, Loss, MSE, RMSE, MAE, MAPE: 17, 81217464.00, 81217464.00, 8956.83, 6796.30, 8.05%
- Epoch 019, ExpID 10014
Train - Loss: 21201243.40
Val - Loss, MSE, RMSE, MAE, MAPE: 26804428.00, 26804428.00, 5097.52, 3872.14, 4.96%
Test - Best epoch, Loss, MSE, RMSE, MAE, MAPE: 19, 79967768.00, 79967770.00, 8881.35, 6768.51, 8.03%
- Epoch 020, ExpID 10014
Train - Loss: 20900858.30
Val - Loss, MSE, RMSE, MAE, MAPE: 28198626.00, 28198626.00, 5240.02, 4006.27, 5.10%
Test - Best epoch, Loss, MSE, RMSE, MAE, MAPE: 19, 79967768.00, 79967770.00, 8881.35, 6768.51, 8.03%
- Epoch 021, ExpID 10014
Train - Loss: 20554509.50
Val - Loss, MSE, RMSE, MAE, MAPE: 27417444.00, 27417443.00, 5160.45, 3936.67, 5.05%
Test - Best epoch, Loss, MSE, RMSE, MAE, MAPE: 19, 79967768.00, 79967770.00, 8881.35, 6768.51, 8.03%
- Epoch 022, ExpID 10014
Train - Loss: 20318287.50
Val - Loss, MSE, RMSE, MAE, MAPE: 26609252.00, 26609253.00, 5076.49, 3858.62, 4.94%
Test - Best epoch, Loss, MSE, RMSE, MAE, MAPE: 22, 79785632.00, 79785636.00, 8867.81, 6736.44, 8.02%
- Epoch 023, ExpID 10014
Train - Loss: 20150149.20
Val - Loss, MSE, RMSE, MAE, MAPE: 26140104.00, 26140104.00, 5036.45, 3831.62, 4.90%
Test - Best epoch, Loss, MSE, RMSE, MAE, MAPE: 23, 78138824.00, 78138826.00, 8782.12, 6585.77, 7.82%
- Epoch 024, ExpID 10014
Train - Loss: 19942607.80
Val - Loss, MSE, RMSE, MAE, MAPE: 26934180.00, 26934181.00, 5118.20, 3867.74, 4.95%
Test - Best epoch, Loss, MSE, RMSE, MAE, MAPE: 23, 78138824.00, 78138826.00, 8782.12, 6585.77, 7.82%
- Epoch 025, ExpID 10014
Train - Loss: 19535164.50
Val - Loss, MSE, RMSE, MAE, MAPE: 26916934.00, 26916934.00, 5111.13, 3894.17, 5.00%
Test - Best epoch, Loss, MSE, RMSE, MAE, MAPE: 23, 78138824.00, 78138826.00, 8782.12, 6585.77, 7.82%
- Epoch 026, ExpID 10014
Train - Loss: 19406449.40
Val - Loss, MSE, RMSE, MAE, MAPE: 25918214.00, 25918214.00, 5021.56, 3802.55, 4.87%
Test - Best epoch, Loss, MSE, RMSE, MAE, MAPE: 26, 76449088.00, 76449086.00, 8670.04, 6466.27, 7.69%
- Epoch 027, ExpID 10014
Train - Loss: 19133179.10
Val - Loss, MSE, RMSE, MAE, MAPE: 25432326.00, 25432325.50, 4963.97, 3747.70, 4.81%
Test - Best epoch, Loss, MSE, RMSE, MAE, MAPE: 27, 75289264.00, 75289260.00, 8627.64, 6415.25, 7.64%
- Epoch 028, ExpID 10014
Train - Loss: 18874190.40
Val - Loss, MSE, RMSE, MAE, MAPE: 25375940.00, 25375941.00, 4961.18, 3745.09, 4.81%
Test - Best epoch, Loss, MSE, RMSE, MAE, MAPE: 28, 74625920.00, 74625922.00, 8594.45, 6373.54, 7.61%
- Epoch 029, ExpID 10014
Train - Loss: 18977454.50
Val - Loss, MSE, RMSE, MAE, MAPE: 25452706.00, 25452706.00, 4976.35, 3758.26, 4.77%
Test - Best epoch, Loss, MSE, RMSE, MAE, MAPE: 28, 74625920.00, 74625922.00, 8594.45, 6373.54, 7.61%
- Epoch 030, ExpID 10014
Train - Loss: 18785770.30
Val - Loss, MSE, RMSE, MAE, MAPE: 26632254.00, 26632254.00, 5088.53, 3835.15, 4.89%
Test - Best epoch, Loss, MSE, RMSE, MAE, MAPE: 28, 74625920.00, 74625922.00, 8594.45, 6373.54, 7.61%
- Epoch 031, ExpID 10014
Train - Loss: 18644741.70
Val - Loss, MSE, RMSE, MAE, MAPE: 25246472.00, 25246471.00, 4952.91, 3748.99, 4.83%
Test - Best epoch, Loss, MSE, RMSE, MAE, MAPE: 31, 73615936.00, 73615940.00, 8534.47, 6332.36, 7.58%
- Epoch 032, ExpID 10014
Train - Loss: 18229300.00
Val - Loss, MSE, RMSE, MAE, MAPE: 25398540.00, 25398539.00, 4964.85, 3752.86, 4.79%
Test - Best epoch, Loss, MSE, RMSE, MAE, MAPE: 31, 73615936.00, 73615940.00, 8534.47, 6332.36, 7.58%
- Epoch 033, ExpID 10014
Train - Loss: 17873716.10
Val - Loss, MSE, RMSE, MAE, MAPE: 25989402.00, 25989402.00, 5026.24, 3809.04, 4.87%
Test - Best epoch, Loss, MSE, RMSE, MAE, MAPE: 31, 73615936.00, 73615940.00, 8534.47, 6332.36, 7.58%
- Epoch 034, ExpID 10014
Train - Loss: 17886025.30
Val - Loss, MSE, RMSE, MAE, MAPE: 25925468.00, 25925467.00, 5018.15, 3780.77, 4.82%
Test - Best epoch, Loss, MSE, RMSE, MAE, MAPE: 31, 73615936.00, 73615940.00, 8534.47, 6332.36, 7.58%
- Epoch 035, ExpID 10014
Train - Loss: 17789364.05
Val - Loss, MSE, RMSE, MAE, MAPE: 24942080.00, 24942080.00, 4906.23, 3698.87, 4.75%
Test - Best epoch, Loss, MSE, RMSE, MAE, MAPE: 35, 76634344.00, 76634346.00, 8693.73, 6421.69, 7.67%
- Epoch 036, ExpID 10014
Train - Loss: 17718115.55
Val - Loss, MSE, RMSE, MAE, MAPE: 24875600.00, 24875599.00, 4909.93, 3696.34, 4.75%
Test - Best epoch, Loss, MSE, RMSE, MAE, MAPE: 36, 74383576.00, 74383574.00, 8561.82, 6319.34, 7.55%
- Epoch 037, ExpID 10014
Train - Loss: 17577880.60
Val - Loss, MSE, RMSE, MAE, MAPE: 25554264.00, 25554264.00, 4977.81, 3745.96, 4.82%
Test - Best epoch, Loss, MSE, RMSE, MAE, MAPE: 36, 74383576.00, 74383574.00, 8561.82, 6319.34, 7.55%
- Epoch 038, ExpID 10014
Train - Loss: 17615219.15
Val - Loss, MSE, RMSE, MAE, MAPE: 25739412.00, 25739413.00, 5004.35, 3773.70, 4.81%
Test - Best epoch, Loss, MSE, RMSE, MAE, MAPE: 36, 74383576.00, 74383574.00, 8561.82, 6319.34, 7.55%
- Epoch 039, ExpID 10014
Train - Loss: 17383119.35
Val - Loss, MSE, RMSE, MAE, MAPE: 24470308.00, 24470307.50, 4860.49, 3638.60, 4.64%
Test - Best epoch, Loss, MSE, RMSE, MAE, MAPE: 39, 74774248.00, 74774248.00, 8559.15, 6345.85, 7.52%
- Epoch 040, ExpID 10014
Train - Loss: 17216733.10
Val - Loss, MSE, RMSE, MAE, MAPE: 24480244.00, 24480243.00, 4876.88, 3645.54, 4.68%
Test - Best epoch, Loss, MSE, RMSE, MAE, MAPE: 39, 74774248.00, 74774248.00, 8559.15, 6345.85, 7.52%
- Epoch 041, ExpID 10014
Train - Loss: 17003074.05
Val - Loss, MSE, RMSE, MAE, MAPE: 24702956.00, 24702956.50, 4886.34, 3674.49, 4.72%
Test - Best epoch, Loss, MSE, RMSE, MAE, MAPE: 39, 74774248.00, 74774248.00, 8559.15, 6345.85, 7.52%
- Epoch 042, ExpID 10014
Train - Loss: 16824688.80
Val - Loss, MSE, RMSE, MAE, MAPE: 24517016.00, 24517015.00, 4867.14, 3661.86, 4.69%
Test - Best epoch, Loss, MSE, RMSE, MAE, MAPE: 39, 74774248.00, 74774248.00, 8559.15, 6345.85, 7.52%
- Epoch 043, ExpID 10014
Train - Loss: 16686552.45
Val - Loss, MSE, RMSE, MAE, MAPE: 24602170.00, 24602170.50, 4885.20, 3664.43, 4.69%
Test - Best epoch, Loss, MSE, RMSE, MAE, MAPE: 39, 74774248.00, 74774248.00, 8559.15, 6345.85, 7.52%
- Epoch 044, ExpID 10014
Train - Loss: 16587779.55
Val - Loss, MSE, RMSE, MAE, MAPE: 24318830.00, 24318830.00, 4858.44, 3640.35, 4.66%
Test - Best epoch, Loss, MSE, RMSE, MAE, MAPE: 44, 74085912.00, 74085910.00, 8529.01, 6305.07, 7.50%
- Epoch 045, ExpID 10014
Train - Loss: 16511824.80
Val - Loss, MSE, RMSE, MAE, MAPE: 24699118.00, 24699118.00, 4903.45, 3665.21, 4.67%
Test - Best epoch, Loss, MSE, RMSE, MAE, MAPE: 44, 74085912.00, 74085910.00, 8529.01, 6305.07, 7.50%
- Epoch 046, ExpID 10014
Train - Loss: 16352530.85
Val - Loss, MSE, RMSE, MAE, MAPE: 24189706.00, 24189705.50, 4842.33, 3624.87, 4.63%
Test - Best epoch, Loss, MSE, RMSE, MAE, MAPE: 46, 73118752.00, 73118756.00, 8470.21, 6252.57, 7.40%
- Epoch 047, ExpID 10014
Train - Loss: 16335168.65
Val - Loss, MSE, RMSE, MAE, MAPE: 24632710.00, 24632709.50, 4896.11, 3648.57, 4.63%
Test - Best epoch, Loss, MSE, RMSE, MAE, MAPE: 46, 73118752.00, 73118756.00, 8470.21, 6252.57, 7.40%
- Epoch 048, ExpID 10014
Train - Loss: 16075281.85
Val - Loss, MSE, RMSE, MAE, MAPE: 24861416.00, 24861416.00, 4910.08, 3685.51, 4.69%
Test - Best epoch, Loss, MSE, RMSE, MAE, MAPE: 46, 73118752.00, 73118756.00, 8470.21, 6252.57, 7.40%
- Epoch 049, ExpID 10014
Train - Loss: 16243093.85
Val - Loss, MSE, RMSE, MAE, MAPE: 25182836.00, 25182835.00, 4951.60, 3711.88, 4.73%
Test - Best epoch, Loss, MSE, RMSE, MAE, MAPE: 46, 73118752.00, 73118756.00, 8470.21, 6252.57, 7.40%
- Epoch 050, ExpID 10014
Train - Loss: 15932192.85
Val - Loss, MSE, RMSE, MAE, MAPE: 23919710.00, 23919709.50, 4820.50, 3596.75, 4.59%
Test - Best epoch, Loss, MSE, RMSE, MAE, MAPE: 50, 73601984.00, 73601982.00, 8495.26, 6295.23, 7.46%
- Epoch 051, ExpID 10014
Train - Loss: 15988689.25
Val - Loss, MSE, RMSE, MAE, MAPE: 24274558.00, 24274557.50, 4857.47, 3639.68, 4.65%
Test - Best epoch, Loss, MSE, RMSE, MAE, MAPE: 50, 73601984.00, 73601982.00, 8495.26, 6295.23, 7.46%
- Epoch 052, ExpID 10014
Train - Loss: 15783067.25
Val - Loss, MSE, RMSE, MAE, MAPE: 24273432.00, 24273431.50, 4855.41, 3615.74, 4.60%
Test - Best epoch, Loss, MSE, RMSE, MAE, MAPE: 50, 73601984.00, 73601982.00, 8495.26, 6295.23, 7.46%
- Epoch 053, ExpID 10014
Train - Loss: 15683015.05
Val - Loss, MSE, RMSE, MAE, MAPE: 23685238.00, 23685237.50, 4792.93, 3582.67, 4.59%
Test - Best epoch, Loss, MSE, RMSE, MAE, MAPE: 53, 72240824.00, 72240826.00, 8425.61, 6191.17, 7.37%
- Epoch 054, ExpID 10014
Train - Loss: 15468497.70
Val - Loss, MSE, RMSE, MAE, MAPE: 23460292.00, 23460292.00, 4775.78, 3550.05, 4.53%
Test - Best epoch, Loss, MSE, RMSE, MAE, MAPE: 54, 73314056.00, 73314058.00, 8458.89, 6224.17, 7.37%
- Epoch 055, ExpID 10014
Train - Loss: 15635156.30
Val - Loss, MSE, RMSE, MAE, MAPE: 23440124.00, 23440123.00, 4762.85, 3560.55, 4.57%
Test - Best epoch, Loss, MSE, RMSE, MAE, MAPE: 55, 71637288.00, 71637288.00, 8384.99, 6129.05, 7.30%
- Epoch 056, ExpID 10014
Train - Loss: 15405603.60
Val - Loss, MSE, RMSE, MAE, MAPE: 24234802.00, 24234802.00, 4849.80, 3634.07, 4.64%
Test - Best epoch, Loss, MSE, RMSE, MAE, MAPE: 55, 71637288.00, 71637288.00, 8384.99, 6129.05, 7.30%
- Epoch 057, ExpID 10014
Train - Loss: 15311518.95
Val - Loss, MSE, RMSE, MAE, MAPE: 23717282.00, 23717282.00, 4797.99, 3574.21, 4.56%
Test - Best epoch, Loss, MSE, RMSE, MAE, MAPE: 55, 71637288.00, 71637288.00, 8384.99, 6129.05, 7.30%
- Epoch 058, ExpID 10014
Train - Loss: 15205866.20
Val - Loss, MSE, RMSE, MAE, MAPE: 24145252.00, 24145253.00, 4847.98, 3606.24, 4.59%
Test - Best epoch, Loss, MSE, RMSE, MAE, MAPE: 55, 71637288.00, 71637288.00, 8384.99, 6129.05, 7.30%
- Epoch 059, ExpID 10014
Train - Loss: 15244477.50
Val - Loss, MSE, RMSE, MAE, MAPE: 23969106.00, 23969105.50, 4819.33, 3583.36, 4.56%
Test - Best epoch, Loss, MSE, RMSE, MAE, MAPE: 55, 71637288.00, 71637288.00, 8384.99, 6129.05, 7.30%
- Epoch 060, ExpID 10014
Train - Loss: 15048628.75
Val - Loss, MSE, RMSE, MAE, MAPE: 23722136.00, 23722137.00, 4802.56, 3554.71, 4.53%
Test - Best epoch, Loss, MSE, RMSE, MAE, MAPE: 55, 71637288.00, 71637288.00, 8384.99, 6129.05, 7.30%
- Epoch 061, ExpID 10014
Train - Loss: 14904367.50
Val - Loss, MSE, RMSE, MAE, MAPE: 23265312.00, 23265312.50, 4742.32, 3539.00, 4.52%
Test - Best epoch, Loss, MSE, RMSE, MAE, MAPE: 61, 73656016.00, 73656018.00, 8495.22, 6201.78, 7.37%
- Epoch 062, ExpID 10014
Train - Loss: 14926708.60
Val - Loss, MSE, RMSE, MAE, MAPE: 24152124.00, 24152123.50, 4851.27, 3589.79, 4.58%
Test - Best epoch, Loss, MSE, RMSE, MAE, MAPE: 61, 73656016.00, 73656018.00, 8495.22, 6201.78, 7.37%
- Epoch 063, ExpID 10014
Train - Loss: 14762574.55
Val - Loss, MSE, RMSE, MAE, MAPE: 23454596.00, 23454596.50, 4768.08, 3552.65, 4.55%
Test - Best epoch, Loss, MSE, RMSE, MAE, MAPE: 61, 73656016.00, 73656018.00, 8495.22, 6201.78, 7.37%
- Epoch 064, ExpID 10014
Train - Loss: 14695795.00
Val - Loss, MSE, RMSE, MAE, MAPE: 23890066.00, 23890066.00, 4829.78, 3596.35, 4.57%
Test - Best epoch, Loss, MSE, RMSE, MAE, MAPE: 61, 73656016.00, 73656018.00, 8495.22, 6201.78, 7.37%
- Epoch 065, ExpID 10014
Train - Loss: 14632406.50
Val - Loss, MSE, RMSE, MAE, MAPE: 23623620.00, 23623619.00, 4787.85, 3564.75, 4.56%
Test - Best epoch, Loss, MSE, RMSE, MAE, MAPE: 61, 73656016.00, 73656018.00, 8495.22, 6201.78, 7.37%
- Epoch 066, ExpID 10014
Train - Loss: 14632843.90
Val - Loss, MSE, RMSE, MAE, MAPE: 23419910.00, 23419910.50, 4760.30, 3547.22, 4.53%
Test - Best epoch, Loss, MSE, RMSE, MAE, MAPE: 61, 73656016.00, 73656018.00, 8495.22, 6201.78, 7.37%
- Epoch 067, ExpID 10014
Train - Loss: 14574799.20
Val - Loss, MSE, RMSE, MAE, MAPE: 23007138.00, 23007137.50, 4715.34, 3485.65, 4.45%
Test - Best epoch, Loss, MSE, RMSE, MAE, MAPE: 67, 74053152.00, 74053154.00, 8524.77, 6244.72, 7.43%
- Epoch 068, ExpID 10014
Train - Loss: 14525248.00
Val - Loss, MSE, RMSE, MAE, MAPE: 23317266.00, 23317266.00, 4757.52, 3526.59, 4.52%
Test - Best epoch, Loss, MSE, RMSE, MAE, MAPE: 67, 74053152.00, 74053154.00, 8524.77, 6244.72, 7.43%
- Epoch 069, ExpID 10014
Train - Loss: 14427268.15
Val - Loss, MSE, RMSE, MAE, MAPE: 23523076.00, 23523075.00, 4769.00, 3557.11, 4.54%
Test - Best epoch, Loss, MSE, RMSE, MAE, MAPE: 67, 74053152.00, 74053154.00, 8524.77, 6244.72, 7.43%
- Epoch 070, ExpID 10014
Train - Loss: 14282001.90
Val - Loss, MSE, RMSE, MAE, MAPE: 23433162.00, 23433161.50, 4756.14, 3542.54, 4.53%
Test - Best epoch, Loss, MSE, RMSE, MAE, MAPE: 67, 74053152.00, 74053154.00, 8524.77, 6244.72, 7.43%
- Epoch 071, ExpID 10014
Train - Loss: 14463237.35
Val - Loss, MSE, RMSE, MAE, MAPE: 23783556.00, 23783556.00, 4783.09, 3547.25, 4.53%
Test - Best epoch, Loss, MSE, RMSE, MAE, MAPE: 67, 74053152.00, 74053154.00, 8524.77, 6244.72, 7.43%
- Epoch 072, ExpID 10014
Train - Loss: 14394614.55
Val - Loss, MSE, RMSE, MAE, MAPE: 23389934.00, 23389933.50, 4756.62, 3522.40, 4.51%
Test - Best epoch, Loss, MSE, RMSE, MAE, MAPE: 67, 74053152.00, 74053154.00, 8524.77, 6244.72, 7.43%
- Epoch 073, ExpID 10014
Train - Loss: 14113094.75
Val - Loss, MSE, RMSE, MAE, MAPE: 23493862.00, 23493862.50, 4766.11, 3538.53, 4.53%
Test - Best epoch, Loss, MSE, RMSE, MAE, MAPE: 67, 74053152.00, 74053154.00, 8524.77, 6244.72, 7.43%
- Epoch 074, ExpID 10014
Train - Loss: 14229877.35
Val - Loss, MSE, RMSE, MAE, MAPE: 23661172.00, 23661172.00, 4773.59, 3546.31, 4.54%
Test - Best epoch, Loss, MSE, RMSE, MAE, MAPE: 67, 74053152.00, 74053154.00, 8524.77, 6244.72, 7.43%
- Epoch 075, ExpID 10014
Train - Loss: 14095942.00
Val - Loss, MSE, RMSE, MAE, MAPE: 23892954.00, 23892954.50, 4813.48, 3576.27, 4.58%
Test - Best epoch, Loss, MSE, RMSE, MAE, MAPE: 67, 74053152.00, 74053154.00, 8524.77, 6244.72, 7.43%
- Epoch 076, ExpID 10014
Train - Loss: 14025506.95
Val - Loss, MSE, RMSE, MAE, MAPE: 23528796.00, 23528795.50, 4769.65, 3547.76, 4.55%
Test - Best epoch, Loss, MSE, RMSE, MAE, MAPE: 67, 74053152.00, 74053154.00, 8524.77, 6244.72, 7.43%
- Epoch 077, ExpID 10014
Train - Loss: 13910257.15
Val - Loss, MSE, RMSE, MAE, MAPE: 23564750.00, 23564750.00, 4775.27, 3531.44, 4.50%
Test - Best epoch, Loss, MSE, RMSE, MAE, MAPE: 67, 74053152.00, 74053154.00, 8524.77, 6244.72, 7.43%
Early Stopping at Epoch 77
Fold 2017 Best RMSE: 8524.7744

-------------------- [Fold: 2018] ExpID: 43095 --------------------
- Epoch 000, ExpID 43095
Train - Loss: 40808948.57
Val - Loss, MSE, RMSE, MAE, MAPE: 99844192.00, 99844192.00, 9984.18, 7953.56, 9.50%
Test - Best epoch, Loss, MSE, RMSE, MAE, MAPE: 0, 51866592.00, 51866590.00, 7171.43, 5591.58, 6.12%
- Epoch 001, ExpID 43095
Train - Loss: 34875218.76
Val - Loss, MSE, RMSE, MAE, MAPE: 99256768.00, 99256772.00, 9926.45, 7953.37, 9.43%
Test - Best epoch, Loss, MSE, RMSE, MAE, MAPE: 1, 47652408.00, 47652406.00, 6878.52, 5334.47, 5.80%
- Epoch 002, ExpID 43095
Train - Loss: 32452516.95
Val - Loss, MSE, RMSE, MAE, MAPE: 98157480.00, 98157480.00, 9856.02, 7883.65, 9.39%
Test - Best epoch, Loss, MSE, RMSE, MAE, MAPE: 2, 45943720.00, 45943718.00, 6745.02, 5223.85, 5.72%
- Epoch 003, ExpID 43095
Train - Loss: 30690405.81
Val - Loss, MSE, RMSE, MAE, MAPE: 97228800.00, 97228804.00, 9805.86, 7755.49, 9.19%
Test - Best epoch, Loss, MSE, RMSE, MAE, MAPE: 3, 46101552.00, 46101550.00, 6772.85, 5272.03, 5.72%
- Epoch 004, ExpID 43095
Train - Loss: 29254045.43
Val - Loss, MSE, RMSE, MAE, MAPE: 97565720.00, 97565720.00, 9796.61, 7721.00, 9.13%
Test - Best epoch, Loss, MSE, RMSE, MAE, MAPE: 3, 46101552.00, 46101550.00, 6772.85, 5272.03, 5.72%
- Epoch 005, ExpID 43095
Train - Loss: 28118647.90
Val - Loss, MSE, RMSE, MAE, MAPE: 97900240.00, 97900236.00, 9809.60, 7754.49, 9.17%
Test - Best epoch, Loss, MSE, RMSE, MAE, MAPE: 3, 46101552.00, 46101550.00, 6772.85, 5272.03, 5.72%
- Epoch 006, ExpID 43095
Train - Loss: 27126808.29
Val - Loss, MSE, RMSE, MAE, MAPE: 95681864.00, 95681864.00, 9714.51, 7639.62, 9.02%
Test - Best epoch, Loss, MSE, RMSE, MAE, MAPE: 6, 46638388.00, 46638388.00, 6827.54, 5371.31, 5.80%
- Epoch 007, ExpID 43095
Train - Loss: 26366128.10
Val - Loss, MSE, RMSE, MAE, MAPE: 90649328.00, 90649328.00, 9444.55, 7348.36, 8.71%
Test - Best epoch, Loss, MSE, RMSE, MAE, MAPE: 7, 44217880.00, 44217882.00, 6647.81, 5178.47, 5.60%
- Epoch 008, ExpID 43095
Train - Loss: 25736471.62
Val - Loss, MSE, RMSE, MAE, MAPE: 93788720.00, 93788720.00, 9586.87, 7524.52, 8.90%
Test - Best epoch, Loss, MSE, RMSE, MAE, MAPE: 7, 44217880.00, 44217882.00, 6647.81, 5178.47, 5.60%
- Epoch 009, ExpID 43095
Train - Loss: 24945476.48
Val - Loss, MSE, RMSE, MAE, MAPE: 94215952.00, 94215956.00, 9604.49, 7467.73, 8.80%
Test - Best epoch, Loss, MSE, RMSE, MAE, MAPE: 7, 44217880.00, 44217882.00, 6647.81, 5178.47, 5.60%
- Epoch 010, ExpID 43095
Train - Loss: 24491163.71
Val - Loss, MSE, RMSE, MAE, MAPE: 93697632.00, 93697628.00, 9606.94, 7451.74, 8.77%
Test - Best epoch, Loss, MSE, RMSE, MAE, MAPE: 7, 44217880.00, 44217882.00, 6647.81, 5178.47, 5.60%
- Epoch 011, ExpID 43095
Train - Loss: 24115124.86
Val - Loss, MSE, RMSE, MAE, MAPE: 95087552.00, 95087552.00, 9637.25, 7492.60, 8.80%
Test - Best epoch, Loss, MSE, RMSE, MAE, MAPE: 7, 44217880.00, 44217882.00, 6647.81, 5178.47, 5.60%
- Epoch 012, ExpID 43095
Train - Loss: 23430163.14
Val - Loss, MSE, RMSE, MAE, MAPE: 88087088.00, 88087084.00, 9320.22, 7137.69, 8.42%
Test - Best epoch, Loss, MSE, RMSE, MAE, MAPE: 12, 44901760.00, 44901760.00, 6700.29, 5215.96, 5.62%
- Epoch 013, ExpID 43095
Train - Loss: 23075365.62
Val - Loss, MSE, RMSE, MAE, MAPE: 94002288.00, 94002288.00, 9593.96, 7398.17, 8.70%
Test - Best epoch, Loss, MSE, RMSE, MAE, MAPE: 12, 44901760.00, 44901760.00, 6700.29, 5215.96, 5.62%
- Epoch 014, ExpID 43095
Train - Loss: 22647710.57
Val - Loss, MSE, RMSE, MAE, MAPE: 85430328.00, 85430328.00, 9156.72, 6942.66, 8.18%
Test - Best epoch, Loss, MSE, RMSE, MAE, MAPE: 14, 44011552.00, 44011550.00, 6633.52, 5152.16, 5.55%
- Epoch 015, ExpID 43095
Train - Loss: 22403274.76
Val - Loss, MSE, RMSE, MAE, MAPE: 87475272.00, 87475274.00, 9266.31, 7025.25, 8.26%
Test - Best epoch, Loss, MSE, RMSE, MAE, MAPE: 14, 44011552.00, 44011550.00, 6633.52, 5152.16, 5.55%
- Epoch 016, ExpID 43095
Train - Loss: 22028594.38
Val - Loss, MSE, RMSE, MAE, MAPE: 84722016.00, 84722016.00, 9119.27, 6860.51, 8.10%
Test - Best epoch, Loss, MSE, RMSE, MAE, MAPE: 16, 43914896.00, 43914896.00, 6626.57, 5152.12, 5.55%
- Epoch 017, ExpID 43095
Train - Loss: 21737756.76
Val - Loss, MSE, RMSE, MAE, MAPE: 84368128.00, 84368128.00, 9113.27, 6859.17, 8.14%
Test - Best epoch, Loss, MSE, RMSE, MAE, MAPE: 17, 44805472.00, 44805472.00, 6693.69, 5209.04, 5.62%
- Epoch 018, ExpID 43095
Train - Loss: 21389442.29
Val - Loss, MSE, RMSE, MAE, MAPE: 83379656.00, 83379654.00, 9065.26, 6782.50, 8.04%
Test - Best epoch, Loss, MSE, RMSE, MAE, MAPE: 18, 44538472.00, 44538474.00, 6673.52, 5207.47, 5.61%
- Epoch 019, ExpID 43095
Train - Loss: 21031754.19
Val - Loss, MSE, RMSE, MAE, MAPE: 79556192.00, 79556190.00, 8841.50, 6589.85, 7.81%
Test - Best epoch, Loss, MSE, RMSE, MAE, MAPE: 19, 43087552.00, 43087554.00, 6563.14, 5080.56, 5.49%
- Epoch 020, ExpID 43095
Train - Loss: 20772409.62
Val - Loss, MSE, RMSE, MAE, MAPE: 83639424.00, 83639428.00, 9080.32, 6761.04, 8.00%
Test - Best epoch, Loss, MSE, RMSE, MAE, MAPE: 19, 43087552.00, 43087554.00, 6563.14, 5080.56, 5.49%
- Epoch 021, ExpID 43095
Train - Loss: 20574188.86
Val - Loss, MSE, RMSE, MAE, MAPE: 81903984.00, 81903982.00, 8963.60, 6676.37, 7.88%
Test - Best epoch, Loss, MSE, RMSE, MAE, MAPE: 19, 43087552.00, 43087554.00, 6563.14, 5080.56, 5.49%
- Epoch 022, ExpID 43095
Train - Loss: 20449514.86
Val - Loss, MSE, RMSE, MAE, MAPE: 76887184.00, 76887186.00, 8701.32, 6450.11, 7.65%
Test - Best epoch, Loss, MSE, RMSE, MAE, MAPE: 22, 42854832.00, 42854834.00, 6544.93, 5095.55, 5.50%
- Epoch 023, ExpID 43095
Train - Loss: 20237317.33
Val - Loss, MSE, RMSE, MAE, MAPE: 77991008.00, 77991010.00, 8766.33, 6447.54, 7.67%
Test - Best epoch, Loss, MSE, RMSE, MAE, MAPE: 22, 42854832.00, 42854834.00, 6544.93, 5095.55, 5.50%
- Epoch 024, ExpID 43095
Train - Loss: 20000224.67
Val - Loss, MSE, RMSE, MAE, MAPE: 78245224.00, 78245224.00, 8772.37, 6468.14, 7.67%
Test - Best epoch, Loss, MSE, RMSE, MAE, MAPE: 22, 42854832.00, 42854834.00, 6544.93, 5095.55, 5.50%
- Epoch 025, ExpID 43095
Train - Loss: 19782454.57
Val - Loss, MSE, RMSE, MAE, MAPE: 78491696.00, 78491696.00, 8788.19, 6468.00, 7.69%
Test - Best epoch, Loss, MSE, RMSE, MAE, MAPE: 22, 42854832.00, 42854834.00, 6544.93, 5095.55, 5.50%
- Epoch 026, ExpID 43095
Train - Loss: 19708828.38
Val - Loss, MSE, RMSE, MAE, MAPE: 74971856.00, 74971858.00, 8603.12, 6324.07, 7.47%
Test - Best epoch, Loss, MSE, RMSE, MAE, MAPE: 26, 41520748.00, 41520748.00, 6442.02, 4957.22, 5.34%
- Epoch 027, ExpID 43095
Train - Loss: 19447306.29
Val - Loss, MSE, RMSE, MAE, MAPE: 76115800.00, 76115802.00, 8658.47, 6399.67, 7.60%
Test - Best epoch, Loss, MSE, RMSE, MAE, MAPE: 26, 41520748.00, 41520748.00, 6442.02, 4957.22, 5.34%
- Epoch 028, ExpID 43095
Train - Loss: 19119581.52
Val - Loss, MSE, RMSE, MAE, MAPE: 79407296.00, 79407300.00, 8828.66, 6489.97, 7.72%
Test - Best epoch, Loss, MSE, RMSE, MAE, MAPE: 26, 41520748.00, 41520748.00, 6442.02, 4957.22, 5.34%
- Epoch 029, ExpID 43095
Train - Loss: 19221149.62
Val - Loss, MSE, RMSE, MAE, MAPE: 75180784.00, 75180788.00, 8585.05, 6293.67, 7.46%
Test - Best epoch, Loss, MSE, RMSE, MAE, MAPE: 26, 41520748.00, 41520748.00, 6442.02, 4957.22, 5.34%
- Epoch 030, ExpID 43095
Train - Loss: 18931103.05
Val - Loss, MSE, RMSE, MAE, MAPE: 76346464.00, 76346460.00, 8659.44, 6345.27, 7.52%
Test - Best epoch, Loss, MSE, RMSE, MAE, MAPE: 26, 41520748.00, 41520748.00, 6442.02, 4957.22, 5.34%
- Epoch 031, ExpID 43095
Train - Loss: 18805168.57
Val - Loss, MSE, RMSE, MAE, MAPE: 78802832.00, 78802834.00, 8763.99, 6474.50, 7.63%
Test - Best epoch, Loss, MSE, RMSE, MAE, MAPE: 26, 41520748.00, 41520748.00, 6442.02, 4957.22, 5.34%
- Epoch 032, ExpID 43095
Train - Loss: 18666586.57
Val - Loss, MSE, RMSE, MAE, MAPE: 77362880.00, 77362882.00, 8707.40, 6424.76, 7.62%
Test - Best epoch, Loss, MSE, RMSE, MAE, MAPE: 26, 41520748.00, 41520748.00, 6442.02, 4957.22, 5.34%
- Epoch 033, ExpID 43095
Train - Loss: 18490353.05
Val - Loss, MSE, RMSE, MAE, MAPE: 75246688.00, 75246690.00, 8591.07, 6316.07, 7.46%
Test - Best epoch, Loss, MSE, RMSE, MAE, MAPE: 26, 41520748.00, 41520748.00, 6442.02, 4957.22, 5.34%
- Epoch 034, ExpID 43095
Train - Loss: 18216483.67
Val - Loss, MSE, RMSE, MAE, MAPE: 75527264.00, 75527268.00, 8613.50, 6269.00, 7.44%
Test - Best epoch, Loss, MSE, RMSE, MAE, MAPE: 26, 41520748.00, 41520748.00, 6442.02, 4957.22, 5.34%
- Epoch 035, ExpID 43095
Train - Loss: 17987592.19
Val - Loss, MSE, RMSE, MAE, MAPE: 75959424.00, 75959426.00, 8645.24, 6328.88, 7.53%
Test - Best epoch, Loss, MSE, RMSE, MAE, MAPE: 26, 41520748.00, 41520748.00, 6442.02, 4957.22, 5.34%
- Epoch 036, ExpID 43095
Train - Loss: 17860502.00
Val - Loss, MSE, RMSE, MAE, MAPE: 74699168.00, 74699172.00, 8559.66, 6298.29, 7.46%
Test - Best epoch, Loss, MSE, RMSE, MAE, MAPE: 36, 40755200.00, 40755202.00, 6376.14, 4887.92, 5.28%
- Epoch 037, ExpID 43095
Train - Loss: 17795198.76
Val - Loss, MSE, RMSE, MAE, MAPE: 78240040.00, 78240038.00, 8775.50, 6419.18, 7.65%
Test - Best epoch, Loss, MSE, RMSE, MAE, MAPE: 36, 40755200.00, 40755202.00, 6376.14, 4887.92, 5.28%
- Epoch 038, ExpID 43095
Train - Loss: 17660784.05
Val - Loss, MSE, RMSE, MAE, MAPE: 80930544.00, 80930540.00, 8878.05, 6593.78, 7.82%
Test - Best epoch, Loss, MSE, RMSE, MAE, MAPE: 36, 40755200.00, 40755202.00, 6376.14, 4887.92, 5.28%
- Epoch 039, ExpID 43095
Train - Loss: 17536004.10
Val - Loss, MSE, RMSE, MAE, MAPE: 78418504.00, 78418504.00, 8776.89, 6472.95, 7.69%
Test - Best epoch, Loss, MSE, RMSE, MAE, MAPE: 36, 40755200.00, 40755202.00, 6376.14, 4887.92, 5.28%
- Epoch 040, ExpID 43095
Train - Loss: 17484794.48
Val - Loss, MSE, RMSE, MAE, MAPE: 75214128.00, 75214132.00, 8585.63, 6287.12, 7.47%
Test - Best epoch, Loss, MSE, RMSE, MAE, MAPE: 36, 40755200.00, 40755202.00, 6376.14, 4887.92, 5.28%
- Epoch 041, ExpID 43095
Train - Loss: 17277252.33
Val - Loss, MSE, RMSE, MAE, MAPE: 76984704.00, 76984704.00, 8663.91, 6359.75, 7.53%
Test - Best epoch, Loss, MSE, RMSE, MAE, MAPE: 36, 40755200.00, 40755202.00, 6376.14, 4887.92, 5.28%
- Epoch 042, ExpID 43095
Train - Loss: 17277789.76
Val - Loss, MSE, RMSE, MAE, MAPE: 76781232.00, 76781228.00, 8666.02, 6374.44, 7.56%
Test - Best epoch, Loss, MSE, RMSE, MAE, MAPE: 36, 40755200.00, 40755202.00, 6376.14, 4887.92, 5.28%
- Epoch 043, ExpID 43095
Train - Loss: 17075689.57
Val - Loss, MSE, RMSE, MAE, MAPE: 76075432.00, 76075430.00, 8615.61, 6391.72, 7.56%
Test - Best epoch, Loss, MSE, RMSE, MAE, MAPE: 36, 40755200.00, 40755202.00, 6376.14, 4887.92, 5.28%
- Epoch 044, ExpID 43095
Train - Loss: 17084400.14
Val - Loss, MSE, RMSE, MAE, MAPE: 76139912.00, 76139914.00, 8634.64, 6346.03, 7.53%
Test - Best epoch, Loss, MSE, RMSE, MAE, MAPE: 36, 40755200.00, 40755202.00, 6376.14, 4887.92, 5.28%
- Epoch 045, ExpID 43095
Train - Loss: 16815550.38
Val - Loss, MSE, RMSE, MAE, MAPE: 77523440.00, 77523442.00, 8688.44, 6458.30, 7.65%
Test - Best epoch, Loss, MSE, RMSE, MAE, MAPE: 36, 40755200.00, 40755202.00, 6376.14, 4887.92, 5.28%
- Epoch 046, ExpID 43095
Train - Loss: 16752777.48
Val - Loss, MSE, RMSE, MAE, MAPE: 76014848.00, 76014846.00, 8582.86, 6308.30, 7.45%
Test - Best epoch, Loss, MSE, RMSE, MAE, MAPE: 36, 40755200.00, 40755202.00, 6376.14, 4887.92, 5.28%
Early Stopping at Epoch 46
Fold 2018 Best RMSE: 6376.1401

-------------------- [Fold: 2019] ExpID: 43766 --------------------
- Epoch 000, ExpID 43766
Train - Loss: 44327006.96
Val - Loss, MSE, RMSE, MAE, MAPE: 51497504.00, 51497502.00, 7151.97, 5574.43, 6.11%
Test - Best epoch, Loss, MSE, RMSE, MAE, MAPE: 0, 58865688.00, 58865686.00, 7537.44, 5864.66, 6.25%
- Epoch 001, ExpID 43766
Train - Loss: 38089315.48
Val - Loss, MSE, RMSE, MAE, MAPE: 47451232.00, 47451230.00, 6857.35, 5296.71, 5.82%
Test - Best epoch, Loss, MSE, RMSE, MAE, MAPE: 1, 56810228.00, 56810228.00, 7372.53, 5690.51, 6.09%
- Epoch 002, ExpID 43766
Train - Loss: 35647562.09
Val - Loss, MSE, RMSE, MAE, MAPE: 44584384.00, 44584384.00, 6653.28, 5143.72, 5.62%
Test - Best epoch, Loss, MSE, RMSE, MAE, MAPE: 2, 53349236.00, 53349236.00, 7120.30, 5452.49, 5.81%
- Epoch 003, ExpID 43766
Train - Loss: 33293265.65
Val - Loss, MSE, RMSE, MAE, MAPE: 43918624.00, 43918626.00, 6611.84, 5126.33, 5.56%
Test - Best epoch, Loss, MSE, RMSE, MAE, MAPE: 3, 50592420.00, 50592420.00, 6946.47, 5296.17, 5.59%
- Epoch 004, ExpID 43766
Train - Loss: 31718226.26
Val - Loss, MSE, RMSE, MAE, MAPE: 42266072.00, 42266070.00, 6470.90, 4959.77, 5.42%
Test - Best epoch, Loss, MSE, RMSE, MAE, MAPE: 4, 49244088.00, 49244090.00, 6779.72, 5154.05, 5.49%
- Epoch 005, ExpID 43766
Train - Loss: 30649215.30
Val - Loss, MSE, RMSE, MAE, MAPE: 43824816.00, 43824816.00, 6612.50, 5127.70, 5.57%
Test - Best epoch, Loss, MSE, RMSE, MAE, MAPE: 4, 49244088.00, 49244090.00, 6779.72, 5154.05, 5.49%
- Epoch 006, ExpID 43766
Train - Loss: 29419024.61
Val - Loss, MSE, RMSE, MAE, MAPE: 44919304.00, 44919302.00, 6695.85, 5182.56, 5.63%
Test - Best epoch, Loss, MSE, RMSE, MAE, MAPE: 4, 49244088.00, 49244090.00, 6779.72, 5154.05, 5.49%
- Epoch 007, ExpID 43766
Train - Loss: 28855392.26
Val - Loss, MSE, RMSE, MAE, MAPE: 42186248.00, 42186250.00, 6488.84, 5010.46, 5.43%
Test - Best epoch, Loss, MSE, RMSE, MAE, MAPE: 7, 44997704.00, 44997703.00, 6557.36, 5037.93, 5.33%
- Epoch 008, ExpID 43766
Train - Loss: 27988136.17
Val - Loss, MSE, RMSE, MAE, MAPE: 45465892.00, 45465892.00, 6742.42, 5295.43, 5.70%
Test - Best epoch, Loss, MSE, RMSE, MAE, MAPE: 7, 44997704.00, 44997703.00, 6557.36, 5037.93, 5.33%
- Epoch 009, ExpID 43766
Train - Loss: 27718812.17
Val - Loss, MSE, RMSE, MAE, MAPE: 42081252.00, 42081252.00, 6482.73, 5010.81, 5.43%
Test - Best epoch, Loss, MSE, RMSE, MAE, MAPE: 9, 45300008.00, 45300008.00, 6590.95, 5080.96, 5.37%
- Epoch 010, ExpID 43766
Train - Loss: 26748876.26
Val - Loss, MSE, RMSE, MAE, MAPE: 43204104.00, 43204106.00, 6572.41, 5104.43, 5.53%
Test - Best epoch, Loss, MSE, RMSE, MAE, MAPE: 9, 45300008.00, 45300008.00, 6590.95, 5080.96, 5.37%
- Epoch 011, ExpID 43766
Train - Loss: 25997788.00
Val - Loss, MSE, RMSE, MAE, MAPE: 41251868.00, 41251868.00, 6411.90, 4909.54, 5.34%
Test - Best epoch, Loss, MSE, RMSE, MAE, MAPE: 11, 44468192.00, 44468190.00, 6464.40, 4943.94, 5.25%
- Epoch 012, ExpID 43766
Train - Loss: 25619029.04
Val - Loss, MSE, RMSE, MAE, MAPE: 44614932.00, 44614932.00, 6678.88, 5259.21, 5.66%
Test - Best epoch, Loss, MSE, RMSE, MAE, MAPE: 11, 44468192.00, 44468190.00, 6464.40, 4943.94, 5.25%
- Epoch 013, ExpID 43766
Train - Loss: 25026770.35
Val - Loss, MSE, RMSE, MAE, MAPE: 42282716.00, 42282716.00, 6502.38, 5081.75, 5.49%
Test - Best epoch, Loss, MSE, RMSE, MAE, MAPE: 11, 44468192.00, 44468190.00, 6464.40, 4943.94, 5.25%
- Epoch 014, ExpID 43766
Train - Loss: 24579548.87
Val - Loss, MSE, RMSE, MAE, MAPE: 41723168.00, 41723166.00, 6458.57, 5027.42, 5.41%
Test - Best epoch, Loss, MSE, RMSE, MAE, MAPE: 11, 44468192.00, 44468190.00, 6464.40, 4943.94, 5.25%
- Epoch 015, ExpID 43766
Train - Loss: 24120781.39
Val - Loss, MSE, RMSE, MAE, MAPE: 40218608.00, 40218606.00, 6335.51, 4893.56, 5.30%
Test - Best epoch, Loss, MSE, RMSE, MAE, MAPE: 15, 44594600.00, 44594602.00, 6513.24, 4970.00, 5.25%
- Epoch 016, ExpID 43766
Train - Loss: 23817175.83
Val - Loss, MSE, RMSE, MAE, MAPE: 42255056.00, 42255054.00, 6500.35, 5089.71, 5.48%
Test - Best epoch, Loss, MSE, RMSE, MAE, MAPE: 15, 44594600.00, 44594602.00, 6513.24, 4970.00, 5.25%
- Epoch 017, ExpID 43766
Train - Loss: 23786675.13
Val - Loss, MSE, RMSE, MAE, MAPE: 42697152.00, 42697150.00, 6531.47, 5076.89, 5.49%
Test - Best epoch, Loss, MSE, RMSE, MAE, MAPE: 15, 44594600.00, 44594602.00, 6513.24, 4970.00, 5.25%
- Epoch 018, ExpID 43766
Train - Loss: 23600754.96
Val - Loss, MSE, RMSE, MAE, MAPE: 40019448.00, 40019446.00, 6317.51, 4874.69, 5.29%
Test - Best epoch, Loss, MSE, RMSE, MAE, MAPE: 18, 43722696.00, 43722696.00, 6446.00, 4940.45, 5.23%
- Epoch 019, ExpID 43766
Train - Loss: 23050905.39
Val - Loss, MSE, RMSE, MAE, MAPE: 40698124.00, 40698124.00, 6378.89, 4969.59, 5.36%
Test - Best epoch, Loss, MSE, RMSE, MAE, MAPE: 18, 43722696.00, 43722696.00, 6446.00, 4940.45, 5.23%
- Epoch 020, ExpID 43766
Train - Loss: 22660672.87
Val - Loss, MSE, RMSE, MAE, MAPE: 41194024.00, 41194022.00, 6418.09, 5006.98, 5.39%
Test - Best epoch, Loss, MSE, RMSE, MAE, MAPE: 18, 43722696.00, 43722696.00, 6446.00, 4940.45, 5.23%
- Epoch 021, ExpID 43766
Train - Loss: 22449880.43
Val - Loss, MSE, RMSE, MAE, MAPE: 38696160.00, 38696162.00, 6214.26, 4787.36, 5.18%
Test - Best epoch, Loss, MSE, RMSE, MAE, MAPE: 21, 42139428.00, 42139427.00, 6352.73, 4849.76, 5.11%
- Epoch 022, ExpID 43766
Train - Loss: 22181986.96
Val - Loss, MSE, RMSE, MAE, MAPE: 41060560.00, 41060562.00, 6407.49, 4987.85, 5.37%
Test - Best epoch, Loss, MSE, RMSE, MAE, MAPE: 21, 42139428.00, 42139427.00, 6352.73, 4849.76, 5.11%
- Epoch 023, ExpID 43766
Train - Loss: 21875633.57
Val - Loss, MSE, RMSE, MAE, MAPE: 40846240.00, 40846242.00, 6390.77, 4973.42, 5.36%
Test - Best epoch, Loss, MSE, RMSE, MAE, MAPE: 21, 42139428.00, 42139427.00, 6352.73, 4849.76, 5.11%
- Epoch 024, ExpID 43766
Train - Loss: 21701482.17
Val - Loss, MSE, RMSE, MAE, MAPE: 40947832.00, 40947832.00, 6399.01, 4980.52, 5.37%
Test - Best epoch, Loss, MSE, RMSE, MAE, MAPE: 21, 42139428.00, 42139427.00, 6352.73, 4849.76, 5.11%
- Epoch 025, ExpID 43766
Train - Loss: 21558129.65
Val - Loss, MSE, RMSE, MAE, MAPE: 38920688.00, 38920690.00, 6227.23, 4765.99, 5.18%
Test - Best epoch, Loss, MSE, RMSE, MAE, MAPE: 21, 42139428.00, 42139427.00, 6352.73, 4849.76, 5.11%
- Epoch 026, ExpID 43766
Train - Loss: 21398148.52
Val - Loss, MSE, RMSE, MAE, MAPE: 40414656.00, 40414656.00, 6357.05, 4955.53, 5.35%
Test - Best epoch, Loss, MSE, RMSE, MAE, MAPE: 21, 42139428.00, 42139427.00, 6352.73, 4849.76, 5.11%
- Epoch 027, ExpID 43766
Train - Loss: 21133045.91
Val - Loss, MSE, RMSE, MAE, MAPE: 40819152.00, 40819154.00, 6388.39, 4963.37, 5.36%
Test - Best epoch, Loss, MSE, RMSE, MAE, MAPE: 21, 42139428.00, 42139427.00, 6352.73, 4849.76, 5.11%
- Epoch 028, ExpID 43766
Train - Loss: 20813370.09
Val - Loss, MSE, RMSE, MAE, MAPE: 40925952.00, 40925952.00, 6397.34, 4975.89, 5.36%
Test - Best epoch, Loss, MSE, RMSE, MAE, MAPE: 21, 42139428.00, 42139427.00, 6352.73, 4849.76, 5.11%
- Epoch 029, ExpID 43766
Train - Loss: 20815973.48
Val - Loss, MSE, RMSE, MAE, MAPE: 38718144.00, 38718144.00, 6219.83, 4805.49, 5.19%
Test - Best epoch, Loss, MSE, RMSE, MAE, MAPE: 21, 42139428.00, 42139427.00, 6352.73, 4849.76, 5.11%
- Epoch 030, ExpID 43766
Train - Loss: 20360445.74
Val - Loss, MSE, RMSE, MAE, MAPE: 37383536.00, 37383534.00, 6107.36, 4701.50, 5.09%
Test - Best epoch, Loss, MSE, RMSE, MAE, MAPE: 30, 41848928.00, 41848926.00, 6315.83, 4811.15, 5.09%
- Epoch 031, ExpID 43766
Train - Loss: 20293522.43
Val - Loss, MSE, RMSE, MAE, MAPE: 37079840.00, 37079840.00, 6078.11, 4641.20, 5.04%
Test - Best epoch, Loss, MSE, RMSE, MAE, MAPE: 31, 41791916.00, 41791917.00, 6268.94, 4757.34, 5.04%
- Epoch 032, ExpID 43766
Train - Loss: 20101494.00
Val - Loss, MSE, RMSE, MAE, MAPE: 39503976.00, 39503978.00, 6282.82, 4856.73, 5.24%
Test - Best epoch, Loss, MSE, RMSE, MAE, MAPE: 31, 41791916.00, 41791917.00, 6268.94, 4757.34, 5.04%
- Epoch 033, ExpID 43766
Train - Loss: 19842422.17
Val - Loss, MSE, RMSE, MAE, MAPE: 39386592.00, 39386590.00, 6267.74, 4833.11, 5.23%
Test - Best epoch, Loss, MSE, RMSE, MAE, MAPE: 31, 41791916.00, 41791917.00, 6268.94, 4757.34, 5.04%
- Epoch 034, ExpID 43766
Train - Loss: 19952376.09
Val - Loss, MSE, RMSE, MAE, MAPE: 38044220.00, 38044221.00, 6156.03, 4723.46, 5.12%
Test - Best epoch, Loss, MSE, RMSE, MAE, MAPE: 31, 41791916.00, 41791917.00, 6268.94, 4757.34, 5.04%
- Epoch 035, ExpID 43766
Train - Loss: 19696771.22
Val - Loss, MSE, RMSE, MAE, MAPE: 38946112.00, 38946114.00, 6234.35, 4796.90, 5.19%
Test - Best epoch, Loss, MSE, RMSE, MAE, MAPE: 31, 41791916.00, 41791917.00, 6268.94, 4757.34, 5.04%
- Epoch 036, ExpID 43766
Train - Loss: 19467251.57
Val - Loss, MSE, RMSE, MAE, MAPE: 38051732.00, 38051732.00, 6162.22, 4730.25, 5.12%
Test - Best epoch, Loss, MSE, RMSE, MAE, MAPE: 31, 41791916.00, 41791917.00, 6268.94, 4757.34, 5.04%
- Epoch 037, ExpID 43766
Train - Loss: 19236031.74
Val - Loss, MSE, RMSE, MAE, MAPE: 37795528.00, 37795528.00, 6142.67, 4730.04, 5.12%
Test - Best epoch, Loss, MSE, RMSE, MAE, MAPE: 31, 41791916.00, 41791917.00, 6268.94, 4757.34, 5.04%
- Epoch 038, ExpID 43766
Train - Loss: 19028688.00
Val - Loss, MSE, RMSE, MAE, MAPE: 37863456.00, 37863458.00, 6148.94, 4750.51, 5.14%
Test - Best epoch, Loss, MSE, RMSE, MAE, MAPE: 31, 41791916.00, 41791917.00, 6268.94, 4757.34, 5.04%
- Epoch 039, ExpID 43766
Train - Loss: 18873947.22
Val - Loss, MSE, RMSE, MAE, MAPE: 39180520.00, 39180518.00, 6253.51, 4818.90, 5.21%
Test - Best epoch, Loss, MSE, RMSE, MAE, MAPE: 31, 41791916.00, 41791917.00, 6268.94, 4757.34, 5.04%
- Epoch 040, ExpID 43766
Train - Loss: 18926613.57
Val - Loss, MSE, RMSE, MAE, MAPE: 38527888.00, 38527888.00, 6200.64, 4771.02, 5.16%
Test - Best epoch, Loss, MSE, RMSE, MAE, MAPE: 31, 41791916.00, 41791917.00, 6268.94, 4757.34, 5.04%
- Epoch 041, ExpID 43766
Train - Loss: 18794405.30
Val - Loss, MSE, RMSE, MAE, MAPE: 38396472.00, 38396472.00, 6192.05, 4781.19, 5.17%
Test - Best epoch, Loss, MSE, RMSE, MAE, MAPE: 31, 41791916.00, 41791917.00, 6268.94, 4757.34, 5.04%
Early Stopping at Epoch 41
Fold 2019 Best RMSE: 6268.9380
