DETAILED LOG | Model: itransformer | Seed: 1
FULL CONFIG: {'gpu': '2', 'target': 'both', 'cv_start_year': 2017, 'cv_end_year': 2019, 'test_year': 2024, 'use_corona': False, 'seq_len': 56, 'label_len': 0, 'pred_len': 56, 'batch_size': 256, 'epochs': 1000, 'patience': 10, 'lr': 1e-05, 'model': 'itransformer', 'd_model': 512, 'n_heads': 8, 'n_layers': 4, 'dropout': 0.1, 'activation': 'gelu', 'patch_len': 16, 'factor': 5, 'norm_mode': 'revin', 'use_covar': True, 'use_dbloss': False, 'device': device(type='cuda'), 'stride': 16, 'file_path': 'dataset/airport_flight_with_holiday.csv', 'seed': 1, 'val_year': 2019, 'ndims': 2}

-------------------- [Fold: 2017] ExpID: 50846 --------------------
- Epoch 000, ExpID 50846
Train - Loss: 45220749.60
Val - Loss, MSE, RMSE, MAE, MAPE: 69553784.00, 69553784.00, 8269.32, 6682.94, 8.62%
Test - Best epoch, Loss, MSE, RMSE, MAE, MAPE: 0, 102769088.00, 102769092.00, 10133.64, 8030.61, 9.65%
- Epoch 001, ExpID 50846
Train - Loss: 39938148.60
Val - Loss, MSE, RMSE, MAE, MAPE: 60665496.00, 60665498.00, 7695.20, 6206.33, 8.00%
Test - Best epoch, Loss, MSE, RMSE, MAE, MAPE: 1, 95966016.00, 95966012.00, 9794.98, 7699.52, 9.24%
- Epoch 002, ExpID 50846
Train - Loss: 37125633.20
Val - Loss, MSE, RMSE, MAE, MAPE: 56120844.00, 56120844.00, 7382.69, 5931.05, 7.64%
Test - Best epoch, Loss, MSE, RMSE, MAE, MAPE: 2, 94183184.00, 94183180.00, 9704.80, 7593.26, 9.10%
- Epoch 003, ExpID 50846
Train - Loss: 35518005.10
Val - Loss, MSE, RMSE, MAE, MAPE: 54071608.00, 54071608.00, 7246.35, 5806.80, 7.48%
Test - Best epoch, Loss, MSE, RMSE, MAE, MAPE: 3, 94850504.00, 94850504.00, 9737.29, 7611.46, 9.11%
- Epoch 004, ExpID 50846
Train - Loss: 34582681.10
Val - Loss, MSE, RMSE, MAE, MAPE: 52663304.00, 52663306.00, 7150.71, 5718.66, 7.36%
Test - Best epoch, Loss, MSE, RMSE, MAE, MAPE: 4, 96225808.00, 96225808.00, 9803.10, 7665.36, 9.17%
- Epoch 005, ExpID 50846
Train - Loss: 33873142.00
Val - Loss, MSE, RMSE, MAE, MAPE: 51453776.00, 51453774.00, 7065.83, 5644.84, 7.26%
Test - Best epoch, Loss, MSE, RMSE, MAE, MAPE: 5, 97083488.00, 97083492.00, 9842.01, 7697.92, 9.21%
- Epoch 006, ExpID 50846
Train - Loss: 33262986.60
Val - Loss, MSE, RMSE, MAE, MAPE: 50408892.00, 50408892.00, 6990.14, 5575.91, 7.17%
Test - Best epoch, Loss, MSE, RMSE, MAE, MAPE: 6, 97823872.00, 97823868.00, 9874.76, 7732.24, 9.24%
- Epoch 007, ExpID 50846
Train - Loss: 32794200.60
Val - Loss, MSE, RMSE, MAE, MAPE: 49642464.00, 49642463.00, 6936.00, 5527.30, 7.10%
Test - Best epoch, Loss, MSE, RMSE, MAE, MAPE: 7, 98022048.00, 98022048.00, 9881.49, 7745.48, 9.25%
- Epoch 008, ExpID 50846
Train - Loss: 32539986.30
Val - Loss, MSE, RMSE, MAE, MAPE: 48714852.00, 48714852.00, 6866.94, 5465.12, 7.02%
Test - Best epoch, Loss, MSE, RMSE, MAE, MAPE: 8, 98233136.00, 98233136.00, 9888.45, 7753.49, 9.26%
- Epoch 009, ExpID 50846
Train - Loss: 32100713.80
Val - Loss, MSE, RMSE, MAE, MAPE: 47731100.00, 47731099.00, 6791.24, 5396.44, 6.93%
Test - Best epoch, Loss, MSE, RMSE, MAE, MAPE: 9, 98799584.00, 98799580.00, 9912.09, 7784.30, 9.29%
- Epoch 010, ExpID 50846
Train - Loss: 31807083.30
Val - Loss, MSE, RMSE, MAE, MAPE: 46840920.00, 46840922.00, 6724.02, 5336.94, 6.86%
Test - Best epoch, Loss, MSE, RMSE, MAE, MAPE: 10, 98574752.00, 98574748.00, 9897.88, 7772.68, 9.27%
- Epoch 011, ExpID 50846
Train - Loss: 31491041.30
Val - Loss, MSE, RMSE, MAE, MAPE: 45850444.00, 45850443.00, 6644.68, 5261.49, 6.76%
Test - Best epoch, Loss, MSE, RMSE, MAE, MAPE: 11, 99070696.00, 99070696.00, 9918.04, 7806.58, 9.30%
- Epoch 012, ExpID 50846
Train - Loss: 31278508.80
Val - Loss, MSE, RMSE, MAE, MAPE: 44598148.00, 44598149.00, 6540.37, 5163.87, 6.63%
Test - Best epoch, Loss, MSE, RMSE, MAE, MAPE: 12, 99195088.00, 99195092.00, 9919.37, 7805.26, 9.29%
- Epoch 013, ExpID 50846
Train - Loss: 30979077.10
Val - Loss, MSE, RMSE, MAE, MAPE: 43757036.00, 43757036.00, 6475.09, 5106.23, 6.56%
Test - Best epoch, Loss, MSE, RMSE, MAE, MAPE: 13, 99679000.00, 99679000.00, 9938.05, 7844.81, 9.34%
- Epoch 014, ExpID 50846
Train - Loss: 30539584.70
Val - Loss, MSE, RMSE, MAE, MAPE: 42733496.00, 42733498.00, 6390.43, 5024.48, 6.45%
Test - Best epoch, Loss, MSE, RMSE, MAE, MAPE: 14, 101329824.00, 101329824.00, 10008.98, 7929.83, 9.43%
- Epoch 015, ExpID 50846
Train - Loss: 30239666.00
Val - Loss, MSE, RMSE, MAE, MAPE: 41719648.00, 41719649.00, 6304.08, 4941.76, 6.34%
Test - Best epoch, Loss, MSE, RMSE, MAE, MAPE: 15, 101607952.00, 101607952.00, 10017.58, 7958.30, 9.45%
- Epoch 016, ExpID 50846
Train - Loss: 30066818.90
Val - Loss, MSE, RMSE, MAE, MAPE: 40994332.00, 40994333.00, 6247.30, 4893.43, 6.27%
Test - Best epoch, Loss, MSE, RMSE, MAE, MAPE: 16, 102203392.00, 102203388.00, 10039.69, 7993.06, 9.49%
- Epoch 017, ExpID 50846
Train - Loss: 29689586.00
Val - Loss, MSE, RMSE, MAE, MAPE: 40057488.00, 40057486.00, 6168.98, 4818.67, 6.17%
Test - Best epoch, Loss, MSE, RMSE, MAE, MAPE: 17, 103616824.00, 103616824.00, 10097.88, 8065.80, 9.56%
- Epoch 018, ExpID 50846
Train - Loss: 29497394.50
Val - Loss, MSE, RMSE, MAE, MAPE: 39169384.00, 39169383.00, 6093.39, 4751.74, 6.09%
Test - Best epoch, Loss, MSE, RMSE, MAE, MAPE: 18, 103835536.00, 103835540.00, 10101.63, 8079.61, 9.58%
- Epoch 019, ExpID 50846
Train - Loss: 29290098.00
Val - Loss, MSE, RMSE, MAE, MAPE: 38264360.00, 38264358.00, 6014.09, 4676.05, 5.99%
Test - Best epoch, Loss, MSE, RMSE, MAE, MAPE: 19, 104885216.00, 104885212.00, 10142.41, 8118.79, 9.61%
- Epoch 020, ExpID 50846
Train - Loss: 29002352.40
Val - Loss, MSE, RMSE, MAE, MAPE: 37822760.00, 37822759.00, 5989.36, 4657.23, 5.97%
Test - Best epoch, Loss, MSE, RMSE, MAE, MAPE: 20, 106365288.00, 106365288.00, 10201.41, 8209.94, 9.72%
- Epoch 021, ExpID 50846
Train - Loss: 28749112.80
Val - Loss, MSE, RMSE, MAE, MAPE: 36923756.00, 36923755.00, 5906.00, 4571.33, 5.84%
Test - Best epoch, Loss, MSE, RMSE, MAE, MAPE: 21, 107823800.00, 107823800.00, 10259.09, 8247.03, 9.74%
- Epoch 022, ExpID 50846
Train - Loss: 28434468.80
Val - Loss, MSE, RMSE, MAE, MAPE: 36591476.00, 36591476.00, 5886.20, 4555.33, 5.82%
Test - Best epoch, Loss, MSE, RMSE, MAE, MAPE: 22, 109055296.00, 109055296.00, 10310.38, 8331.56, 9.85%
- Epoch 023, ExpID 50846
Train - Loss: 28263093.90
Val - Loss, MSE, RMSE, MAE, MAPE: 35810456.00, 35810457.00, 5816.71, 4495.72, 5.75%
Test - Best epoch, Loss, MSE, RMSE, MAE, MAPE: 23, 108874080.00, 108874080.00, 10294.21, 8290.35, 9.79%
- Epoch 024, ExpID 50846
Train - Loss: 28078157.60
Val - Loss, MSE, RMSE, MAE, MAPE: 35178840.00, 35178842.00, 5761.09, 4441.02, 5.67%
Test - Best epoch, Loss, MSE, RMSE, MAE, MAPE: 24, 111019552.00, 111019556.00, 10383.36, 8365.36, 9.87%
- Epoch 025, ExpID 50846
Train - Loss: 27912864.40
Val - Loss, MSE, RMSE, MAE, MAPE: 34818004.00, 34818005.00, 5741.03, 4429.23, 5.66%
Test - Best epoch, Loss, MSE, RMSE, MAE, MAPE: 25, 109617496.00, 109617496.00, 10314.51, 8302.31, 9.80%
- Epoch 026, ExpID 50846
Train - Loss: 27730310.80
Val - Loss, MSE, RMSE, MAE, MAPE: 34322716.00, 34322715.00, 5694.39, 4381.02, 5.59%
Test - Best epoch, Loss, MSE, RMSE, MAE, MAPE: 26, 111450776.00, 111450776.00, 10397.75, 8385.29, 9.89%
- Epoch 027, ExpID 50846
Train - Loss: 27556272.50
Val - Loss, MSE, RMSE, MAE, MAPE: 33868968.00, 33868967.00, 5658.07, 4352.44, 5.56%
Test - Best epoch, Loss, MSE, RMSE, MAE, MAPE: 27, 111401488.00, 111401488.00, 10389.57, 8368.93, 9.87%
- Epoch 028, ExpID 50846
Train - Loss: 27388480.80
Val - Loss, MSE, RMSE, MAE, MAPE: 33622124.00, 33622123.00, 5636.91, 4327.82, 5.51%
Test - Best epoch, Loss, MSE, RMSE, MAE, MAPE: 28, 112590912.00, 112590908.00, 10442.47, 8407.21, 9.90%
- Epoch 029, ExpID 50846
Train - Loss: 27237622.80
Val - Loss, MSE, RMSE, MAE, MAPE: 33455896.00, 33455897.00, 5635.17, 4329.77, 5.52%
Test - Best epoch, Loss, MSE, RMSE, MAE, MAPE: 29, 112327664.00, 112327660.00, 10419.77, 8369.45, 9.86%
- Epoch 030, ExpID 50846
Train - Loss: 27024681.40
Val - Loss, MSE, RMSE, MAE, MAPE: 32982768.00, 32982769.00, 5588.55, 4288.51, 5.46%
Test - Best epoch, Loss, MSE, RMSE, MAE, MAPE: 30, 113743952.00, 113743948.00, 10482.79, 8412.71, 9.90%
- Epoch 031, ExpID 50846
Train - Loss: 26862163.30
Val - Loss, MSE, RMSE, MAE, MAPE: 32680004.00, 32680005.00, 5566.58, 4266.99, 5.44%
Test - Best epoch, Loss, MSE, RMSE, MAE, MAPE: 31, 112495096.00, 112495096.00, 10429.43, 8386.01, 9.88%
- Epoch 032, ExpID 50846
Train - Loss: 26613974.80
Val - Loss, MSE, RMSE, MAE, MAPE: 32428678.00, 32428678.00, 5545.54, 4246.37, 5.42%
Test - Best epoch, Loss, MSE, RMSE, MAE, MAPE: 32, 112362264.00, 112362264.00, 10428.67, 8399.46, 9.91%
- Epoch 033, ExpID 50846
Train - Loss: 26544135.90
Val - Loss, MSE, RMSE, MAE, MAPE: 32346150.00, 32346150.00, 5543.54, 4244.35, 5.40%
Test - Best epoch, Loss, MSE, RMSE, MAE, MAPE: 33, 114204672.00, 114204672.00, 10502.68, 8423.91, 9.91%
- Epoch 034, ExpID 50846
Train - Loss: 26300822.60
Val - Loss, MSE, RMSE, MAE, MAPE: 31744968.00, 31744968.00, 5490.00, 4199.02, 5.36%
Test - Best epoch, Loss, MSE, RMSE, MAE, MAPE: 34, 111766592.00, 111766592.00, 10393.72, 8343.76, 9.83%
- Epoch 035, ExpID 50846
Train - Loss: 26260295.90
Val - Loss, MSE, RMSE, MAE, MAPE: 31784734.00, 31784734.00, 5502.46, 4207.30, 5.36%
Test - Best epoch, Loss, MSE, RMSE, MAE, MAPE: 34, 111766592.00, 111766592.00, 10393.72, 8343.76, 9.83%
- Epoch 036, ExpID 50846
Train - Loss: 26172483.20
Val - Loss, MSE, RMSE, MAE, MAPE: 31484736.00, 31484737.00, 5475.94, 4181.51, 5.34%
Test - Best epoch, Loss, MSE, RMSE, MAE, MAPE: 36, 110645920.00, 110645924.00, 10342.22, 8274.97, 9.74%
- Epoch 037, ExpID 50846
Train - Loss: 25953276.30
Val - Loss, MSE, RMSE, MAE, MAPE: 31299460.00, 31299459.00, 5460.70, 4168.45, 5.32%
Test - Best epoch, Loss, MSE, RMSE, MAE, MAPE: 37, 111442128.00, 111442124.00, 10377.62, 8309.45, 9.79%
- Epoch 038, ExpID 50846
Train - Loss: 25698458.20
Val - Loss, MSE, RMSE, MAE, MAPE: 31211496.00, 31211496.00, 5457.89, 4161.11, 5.30%
Test - Best epoch, Loss, MSE, RMSE, MAE, MAPE: 38, 111526872.00, 111526872.00, 10389.58, 8322.75, 9.80%
- Epoch 039, ExpID 50846
Train - Loss: 25678500.90
Val - Loss, MSE, RMSE, MAE, MAPE: 31340032.00, 31340031.00, 5481.97, 4181.61, 5.32%
Test - Best epoch, Loss, MSE, RMSE, MAE, MAPE: 38, 111526872.00, 111526872.00, 10389.58, 8322.75, 9.80%
- Epoch 040, ExpID 50846
Train - Loss: 25379365.30
Val - Loss, MSE, RMSE, MAE, MAPE: 31266888.00, 31266887.00, 5473.83, 4173.19, 5.30%
Test - Best epoch, Loss, MSE, RMSE, MAE, MAPE: 38, 111526872.00, 111526872.00, 10389.58, 8322.75, 9.80%
- Epoch 041, ExpID 50846
Train - Loss: 25380956.20
Val - Loss, MSE, RMSE, MAE, MAPE: 31289276.00, 31289275.00, 5480.50, 4175.49, 5.30%
Test - Best epoch, Loss, MSE, RMSE, MAE, MAPE: 38, 111526872.00, 111526872.00, 10389.58, 8322.75, 9.80%
- Epoch 042, ExpID 50846
Train - Loss: 25148142.50
Val - Loss, MSE, RMSE, MAE, MAPE: 30992938.00, 30992938.00, 5461.65, 4158.10, 5.28%
Test - Best epoch, Loss, MSE, RMSE, MAE, MAPE: 42, 110925760.00, 110925760.00, 10361.46, 8268.47, 9.71%
- Epoch 043, ExpID 50846
Train - Loss: 25079475.20
Val - Loss, MSE, RMSE, MAE, MAPE: 30327314.00, 30327314.00, 5397.10, 4105.10, 5.24%
Test - Best epoch, Loss, MSE, RMSE, MAE, MAPE: 43, 107727320.00, 107727320.00, 10214.99, 8148.76, 9.60%
- Epoch 044, ExpID 50846
Train - Loss: 24837104.60
Val - Loss, MSE, RMSE, MAE, MAPE: 30441384.00, 30441385.00, 5410.46, 4112.25, 5.24%
Test - Best epoch, Loss, MSE, RMSE, MAE, MAPE: 43, 107727320.00, 107727320.00, 10214.99, 8148.76, 9.60%
- Epoch 045, ExpID 50846
Train - Loss: 24793407.00
Val - Loss, MSE, RMSE, MAE, MAPE: 30771232.00, 30771232.00, 5451.94, 4153.81, 5.28%
Test - Best epoch, Loss, MSE, RMSE, MAE, MAPE: 43, 107727320.00, 107727320.00, 10214.99, 8148.76, 9.60%
- Epoch 046, ExpID 50846
Train - Loss: 24617348.30
Val - Loss, MSE, RMSE, MAE, MAPE: 30604756.00, 30604757.00, 5436.15, 4133.39, 5.25%
Test - Best epoch, Loss, MSE, RMSE, MAE, MAPE: 43, 107727320.00, 107727320.00, 10214.99, 8148.76, 9.60%
- Epoch 047, ExpID 50846
Train - Loss: 24355552.60
Val - Loss, MSE, RMSE, MAE, MAPE: 30262902.00, 30262902.00, 5405.65, 4109.06, 5.23%
Test - Best epoch, Loss, MSE, RMSE, MAE, MAPE: 47, 108393120.00, 108393124.00, 10254.54, 8166.20, 9.61%
- Epoch 048, ExpID 50846
Train - Loss: 24400249.70
Val - Loss, MSE, RMSE, MAE, MAPE: 30324192.00, 30324192.00, 5411.88, 4114.35, 5.24%
Test - Best epoch, Loss, MSE, RMSE, MAE, MAPE: 47, 108393120.00, 108393124.00, 10254.54, 8166.20, 9.61%
- Epoch 049, ExpID 50846
Train - Loss: 23927631.50
Val - Loss, MSE, RMSE, MAE, MAPE: 30323560.00, 30323561.00, 5422.63, 4118.24, 5.24%
Test - Best epoch, Loss, MSE, RMSE, MAE, MAPE: 47, 108393120.00, 108393124.00, 10254.54, 8166.20, 9.61%
- Epoch 050, ExpID 50846
Train - Loss: 23834358.80
Val - Loss, MSE, RMSE, MAE, MAPE: 30569382.00, 30569382.00, 5452.82, 4142.88, 5.27%
Test - Best epoch, Loss, MSE, RMSE, MAE, MAPE: 47, 108393120.00, 108393124.00, 10254.54, 8166.20, 9.61%
- Epoch 051, ExpID 50846
Train - Loss: 23813571.80
Val - Loss, MSE, RMSE, MAE, MAPE: 30448606.00, 30448606.00, 5446.55, 4140.41, 5.26%
Test - Best epoch, Loss, MSE, RMSE, MAE, MAPE: 47, 108393120.00, 108393124.00, 10254.54, 8166.20, 9.61%
- Epoch 052, ExpID 50846
Train - Loss: 23580043.10
Val - Loss, MSE, RMSE, MAE, MAPE: 30698522.00, 30698522.00, 5467.27, 4155.75, 5.28%
Test - Best epoch, Loss, MSE, RMSE, MAE, MAPE: 47, 108393120.00, 108393124.00, 10254.54, 8166.20, 9.61%
- Epoch 053, ExpID 50846
Train - Loss: 23482239.40
Val - Loss, MSE, RMSE, MAE, MAPE: 30475304.00, 30475304.00, 5450.26, 4144.33, 5.26%
Test - Best epoch, Loss, MSE, RMSE, MAE, MAPE: 47, 108393120.00, 108393124.00, 10254.54, 8166.20, 9.61%
- Epoch 054, ExpID 50846
Train - Loss: 23182780.30
Val - Loss, MSE, RMSE, MAE, MAPE: 30145296.00, 30145296.00, 5407.49, 4097.31, 5.22%
Test - Best epoch, Loss, MSE, RMSE, MAE, MAPE: 54, 105875728.00, 105875724.00, 10156.39, 8045.96, 9.47%
- Epoch 055, ExpID 50846
Train - Loss: 23115169.60
Val - Loss, MSE, RMSE, MAE, MAPE: 30485396.00, 30485395.00, 5455.06, 4148.28, 5.28%
Test - Best epoch, Loss, MSE, RMSE, MAE, MAPE: 54, 105875728.00, 105875724.00, 10156.39, 8045.96, 9.47%
- Epoch 056, ExpID 50846
Train - Loss: 22958529.40
Val - Loss, MSE, RMSE, MAE, MAPE: 30325060.00, 30325060.00, 5434.28, 4126.90, 5.25%
Test - Best epoch, Loss, MSE, RMSE, MAE, MAPE: 54, 105875728.00, 105875724.00, 10156.39, 8045.96, 9.47%
- Epoch 057, ExpID 50846
Train - Loss: 22832248.40
Val - Loss, MSE, RMSE, MAE, MAPE: 30211912.00, 30211911.00, 5425.21, 4121.50, 5.25%
Test - Best epoch, Loss, MSE, RMSE, MAE, MAPE: 54, 105875728.00, 105875724.00, 10156.39, 8045.96, 9.47%
- Epoch 058, ExpID 50846
Train - Loss: 22573998.90
Val - Loss, MSE, RMSE, MAE, MAPE: 30284500.00, 30284499.00, 5437.87, 4134.34, 5.26%
Test - Best epoch, Loss, MSE, RMSE, MAE, MAPE: 54, 105875728.00, 105875724.00, 10156.39, 8045.96, 9.47%
- Epoch 059, ExpID 50846
Train - Loss: 22458597.80
Val - Loss, MSE, RMSE, MAE, MAPE: 30236332.00, 30236331.00, 5434.50, 4133.17, 5.26%
Test - Best epoch, Loss, MSE, RMSE, MAE, MAPE: 54, 105875728.00, 105875724.00, 10156.39, 8045.96, 9.47%
- Epoch 060, ExpID 50846
Train - Loss: 22416855.90
Val - Loss, MSE, RMSE, MAE, MAPE: 30783964.00, 30783963.00, 5491.29, 4184.51, 5.32%
Test - Best epoch, Loss, MSE, RMSE, MAE, MAPE: 54, 105875728.00, 105875724.00, 10156.39, 8045.96, 9.47%
- Epoch 061, ExpID 50846
Train - Loss: 22315044.70
Val - Loss, MSE, RMSE, MAE, MAPE: 30553420.00, 30553421.00, 5459.67, 4154.93, 5.30%
Test - Best epoch, Loss, MSE, RMSE, MAE, MAPE: 54, 105875728.00, 105875724.00, 10156.39, 8045.96, 9.47%
- Epoch 062, ExpID 50846
Train - Loss: 22130143.80
Val - Loss, MSE, RMSE, MAE, MAPE: 30423938.00, 30423938.00, 5451.98, 4149.38, 5.29%
Test - Best epoch, Loss, MSE, RMSE, MAE, MAPE: 54, 105875728.00, 105875724.00, 10156.39, 8045.96, 9.47%
- Epoch 063, ExpID 50846
Train - Loss: 22087946.70
Val - Loss, MSE, RMSE, MAE, MAPE: 30176896.00, 30176897.00, 5429.17, 4131.30, 5.26%
Test - Best epoch, Loss, MSE, RMSE, MAE, MAPE: 54, 105875728.00, 105875724.00, 10156.39, 8045.96, 9.47%
- Epoch 064, ExpID 50846
Train - Loss: 21824677.60
Val - Loss, MSE, RMSE, MAE, MAPE: 30075308.00, 30075307.00, 5416.17, 4118.91, 5.25%
Test - Best epoch, Loss, MSE, RMSE, MAE, MAPE: 64, 100269424.00, 100269428.00, 9900.10, 7745.91, 9.11%
- Epoch 065, ExpID 50846
Train - Loss: 21826613.30
Val - Loss, MSE, RMSE, MAE, MAPE: 29968464.00, 29968464.00, 5407.83, 4112.46, 5.24%
Test - Best epoch, Loss, MSE, RMSE, MAE, MAPE: 65, 99754024.00, 99754024.00, 9884.78, 7730.54, 9.10%
- Epoch 066, ExpID 50846
Train - Loss: 21717385.00
Val - Loss, MSE, RMSE, MAE, MAPE: 29792654.00, 29792654.00, 5386.75, 4099.97, 5.23%
Test - Best epoch, Loss, MSE, RMSE, MAE, MAPE: 66, 99537912.00, 99537912.00, 9868.38, 7727.32, 9.11%
- Epoch 067, ExpID 50846
Train - Loss: 21611616.00
Val - Loss, MSE, RMSE, MAE, MAPE: 30365244.00, 30365244.00, 5446.09, 4142.28, 5.28%
Test - Best epoch, Loss, MSE, RMSE, MAE, MAPE: 66, 99537912.00, 99537912.00, 9868.38, 7727.32, 9.11%
- Epoch 068, ExpID 50846
Train - Loss: 21502473.80
Val - Loss, MSE, RMSE, MAE, MAPE: 30285390.00, 30285390.00, 5435.08, 4129.89, 5.27%
Test - Best epoch, Loss, MSE, RMSE, MAE, MAPE: 66, 99537912.00, 99537912.00, 9868.38, 7727.32, 9.11%
- Epoch 069, ExpID 50846
Train - Loss: 21406117.60
Val - Loss, MSE, RMSE, MAE, MAPE: 30101870.00, 30101870.00, 5423.52, 4131.34, 5.26%
Test - Best epoch, Loss, MSE, RMSE, MAE, MAPE: 66, 99537912.00, 99537912.00, 9868.38, 7727.32, 9.11%
- Epoch 070, ExpID 50846
Train - Loss: 21223523.20
Val - Loss, MSE, RMSE, MAE, MAPE: 29719988.00, 29719989.00, 5380.64, 4092.21, 5.22%
Test - Best epoch, Loss, MSE, RMSE, MAE, MAPE: 70, 97871856.00, 97871852.00, 9794.44, 7629.30, 8.98%
- Epoch 071, ExpID 50846
Train - Loss: 21119124.50
Val - Loss, MSE, RMSE, MAE, MAPE: 29868822.00, 29868822.00, 5398.14, 4108.69, 5.24%
Test - Best epoch, Loss, MSE, RMSE, MAE, MAPE: 70, 97871856.00, 97871852.00, 9794.44, 7629.30, 8.98%
- Epoch 072, ExpID 50846
Train - Loss: 21239228.10
Val - Loss, MSE, RMSE, MAE, MAPE: 29735638.00, 29735638.00, 5381.51, 4092.27, 5.23%
Test - Best epoch, Loss, MSE, RMSE, MAE, MAPE: 70, 97871856.00, 97871852.00, 9794.44, 7629.30, 8.98%
- Epoch 073, ExpID 50846
Train - Loss: 21021383.10
Val - Loss, MSE, RMSE, MAE, MAPE: 29761452.00, 29761452.00, 5382.02, 4095.18, 5.24%
Test - Best epoch, Loss, MSE, RMSE, MAE, MAPE: 70, 97871856.00, 97871852.00, 9794.44, 7629.30, 8.98%
- Epoch 074, ExpID 50846
Train - Loss: 20924598.60
Val - Loss, MSE, RMSE, MAE, MAPE: 29988320.00, 29988320.00, 5409.49, 4122.08, 5.26%
Test - Best epoch, Loss, MSE, RMSE, MAE, MAPE: 70, 97871856.00, 97871852.00, 9794.44, 7629.30, 8.98%
- Epoch 075, ExpID 50846
Train - Loss: 20906566.50
Val - Loss, MSE, RMSE, MAE, MAPE: 30163056.00, 30163057.00, 5426.12, 4134.21, 5.27%
Test - Best epoch, Loss, MSE, RMSE, MAE, MAPE: 70, 97871856.00, 97871852.00, 9794.44, 7629.30, 8.98%
- Epoch 076, ExpID 50846
Train - Loss: 20845524.40
Val - Loss, MSE, RMSE, MAE, MAPE: 30104528.00, 30104528.00, 5426.87, 4141.54, 5.28%
Test - Best epoch, Loss, MSE, RMSE, MAE, MAPE: 70, 97871856.00, 97871852.00, 9794.44, 7629.30, 8.98%
- Epoch 077, ExpID 50846
Train - Loss: 20720068.70
Val - Loss, MSE, RMSE, MAE, MAPE: 29735642.00, 29735642.00, 5388.07, 4109.37, 5.24%
Test - Best epoch, Loss, MSE, RMSE, MAE, MAPE: 70, 97871856.00, 97871852.00, 9794.44, 7629.30, 8.98%
- Epoch 078, ExpID 50846
Train - Loss: 20720988.30
Val - Loss, MSE, RMSE, MAE, MAPE: 29552364.00, 29552363.00, 5363.13, 4082.33, 5.22%
Test - Best epoch, Loss, MSE, RMSE, MAE, MAPE: 78, 94580072.00, 94580072.00, 9623.69, 7423.45, 8.75%
- Epoch 079, ExpID 50846
Train - Loss: 20512445.40
Val - Loss, MSE, RMSE, MAE, MAPE: 29629450.00, 29629450.00, 5377.33, 4100.11, 5.23%
Test - Best epoch, Loss, MSE, RMSE, MAE, MAPE: 78, 94580072.00, 94580072.00, 9623.69, 7423.45, 8.75%
- Epoch 080, ExpID 50846
Train - Loss: 20607730.80
Val - Loss, MSE, RMSE, MAE, MAPE: 29506916.00, 29506915.00, 5361.81, 4086.38, 5.22%
Test - Best epoch, Loss, MSE, RMSE, MAE, MAPE: 80, 95147840.00, 95147840.00, 9651.10, 7456.58, 8.78%
- Epoch 081, ExpID 50846
Train - Loss: 20334669.70
Val - Loss, MSE, RMSE, MAE, MAPE: 29465722.00, 29465722.00, 5354.76, 4080.73, 5.22%
Test - Best epoch, Loss, MSE, RMSE, MAE, MAPE: 81, 94108000.00, 94108004.00, 9597.67, 7404.64, 8.73%
- Epoch 082, ExpID 50846
Train - Loss: 20262948.50
Val - Loss, MSE, RMSE, MAE, MAPE: 29412040.00, 29412040.00, 5353.51, 4081.86, 5.21%
Test - Best epoch, Loss, MSE, RMSE, MAE, MAPE: 82, 93921904.00, 93921900.00, 9593.78, 7394.79, 8.71%
- Epoch 083, ExpID 50846
Train - Loss: 20403090.80
Val - Loss, MSE, RMSE, MAE, MAPE: 29501864.00, 29501865.00, 5364.27, 4087.50, 5.22%
Test - Best epoch, Loss, MSE, RMSE, MAE, MAPE: 82, 93921904.00, 93921900.00, 9593.78, 7394.79, 8.71%
- Epoch 084, ExpID 50846
Train - Loss: 20150265.40
Val - Loss, MSE, RMSE, MAE, MAPE: 29708562.00, 29708562.00, 5381.43, 4104.37, 5.24%
Test - Best epoch, Loss, MSE, RMSE, MAE, MAPE: 82, 93921904.00, 93921900.00, 9593.78, 7394.79, 8.71%
- Epoch 085, ExpID 50846
Train - Loss: 20039686.40
Val - Loss, MSE, RMSE, MAE, MAPE: 29403508.00, 29403509.00, 5353.32, 4081.91, 5.21%
Test - Best epoch, Loss, MSE, RMSE, MAE, MAPE: 85, 93316520.00, 93316518.00, 9557.96, 7346.88, 8.65%
- Epoch 086, ExpID 50846
Train - Loss: 20053011.60
Val - Loss, MSE, RMSE, MAE, MAPE: 28955344.00, 28955344.00, 5308.41, 4045.41, 5.17%
Test - Best epoch, Loss, MSE, RMSE, MAE, MAPE: 86, 92531208.00, 92531210.00, 9525.55, 7317.59, 8.62%
- Epoch 087, ExpID 50846
Train - Loss: 19851790.70
Val - Loss, MSE, RMSE, MAE, MAPE: 29107458.00, 29107458.00, 5321.85, 4055.50, 5.18%
Test - Best epoch, Loss, MSE, RMSE, MAE, MAPE: 86, 92531208.00, 92531210.00, 9525.55, 7317.59, 8.62%
- Epoch 088, ExpID 50846
Train - Loss: 19903791.80
Val - Loss, MSE, RMSE, MAE, MAPE: 29386860.00, 29386859.00, 5354.22, 4085.33, 5.21%
Test - Best epoch, Loss, MSE, RMSE, MAE, MAPE: 86, 92531208.00, 92531210.00, 9525.55, 7317.59, 8.62%
- Epoch 089, ExpID 50846
Train - Loss: 19864286.50
Val - Loss, MSE, RMSE, MAE, MAPE: 29447576.00, 29447577.00, 5362.41, 4094.59, 5.22%
Test - Best epoch, Loss, MSE, RMSE, MAE, MAPE: 86, 92531208.00, 92531210.00, 9525.55, 7317.59, 8.62%
- Epoch 090, ExpID 50846
Train - Loss: 19670789.70
Val - Loss, MSE, RMSE, MAE, MAPE: 29526824.00, 29526825.00, 5368.11, 4098.25, 5.23%
Test - Best epoch, Loss, MSE, RMSE, MAE, MAPE: 86, 92531208.00, 92531210.00, 9525.55, 7317.59, 8.62%
- Epoch 091, ExpID 50846
Train - Loss: 19801990.20
Val - Loss, MSE, RMSE, MAE, MAPE: 29578116.00, 29578117.00, 5370.92, 4099.88, 5.23%
Test - Best epoch, Loss, MSE, RMSE, MAE, MAPE: 86, 92531208.00, 92531210.00, 9525.55, 7317.59, 8.62%
- Epoch 092, ExpID 50846
Train - Loss: 19726462.40
Val - Loss, MSE, RMSE, MAE, MAPE: 29260356.00, 29260357.00, 5340.01, 4072.92, 5.20%
Test - Best epoch, Loss, MSE, RMSE, MAE, MAPE: 86, 92531208.00, 92531210.00, 9525.55, 7317.59, 8.62%
- Epoch 093, ExpID 50846
Train - Loss: 19566811.00
Val - Loss, MSE, RMSE, MAE, MAPE: 29350962.00, 29350962.00, 5353.14, 4089.13, 5.22%
Test - Best epoch, Loss, MSE, RMSE, MAE, MAPE: 86, 92531208.00, 92531210.00, 9525.55, 7317.59, 8.62%
- Epoch 094, ExpID 50846
Train - Loss: 19515447.90
Val - Loss, MSE, RMSE, MAE, MAPE: 29624588.00, 29624588.00, 5377.87, 4109.35, 5.24%
Test - Best epoch, Loss, MSE, RMSE, MAE, MAPE: 86, 92531208.00, 92531210.00, 9525.55, 7317.59, 8.62%
- Epoch 095, ExpID 50846
Train - Loss: 19533307.80
Val - Loss, MSE, RMSE, MAE, MAPE: 29182292.00, 29182293.00, 5336.55, 4076.78, 5.20%
Test - Best epoch, Loss, MSE, RMSE, MAE, MAPE: 86, 92531208.00, 92531210.00, 9525.55, 7317.59, 8.62%
- Epoch 096, ExpID 50846
Train - Loss: 19376586.60
Val - Loss, MSE, RMSE, MAE, MAPE: 28728728.00, 28728729.00, 5285.46, 4032.68, 5.15%
Test - Best epoch, Loss, MSE, RMSE, MAE, MAPE: 96, 91392368.00, 91392368.00, 9457.13, 7226.20, 8.51%
- Epoch 097, ExpID 50846
Train - Loss: 19338358.70
Val - Loss, MSE, RMSE, MAE, MAPE: 28775304.00, 28775303.00, 5290.30, 4037.62, 5.16%
Test - Best epoch, Loss, MSE, RMSE, MAE, MAPE: 96, 91392368.00, 91392368.00, 9457.13, 7226.20, 8.51%
- Epoch 098, ExpID 50846
Train - Loss: 19299333.10
Val - Loss, MSE, RMSE, MAE, MAPE: 28611122.00, 28611122.00, 5272.66, 4023.75, 5.15%
Test - Best epoch, Loss, MSE, RMSE, MAE, MAPE: 98, 90853232.00, 90853232.00, 9425.95, 7203.45, 8.49%
- Epoch 099, ExpID 50846
Train - Loss: 19256055.40
Val - Loss, MSE, RMSE, MAE, MAPE: 28682336.00, 28682335.00, 5282.64, 4027.69, 5.14%
Test - Best epoch, Loss, MSE, RMSE, MAE, MAPE: 98, 90853232.00, 90853232.00, 9425.95, 7203.45, 8.49%
- Epoch 100, ExpID 50846
Train - Loss: 19200086.40
Val - Loss, MSE, RMSE, MAE, MAPE: 29113682.00, 29113682.00, 5322.07, 4070.76, 5.20%
Test - Best epoch, Loss, MSE, RMSE, MAE, MAPE: 98, 90853232.00, 90853232.00, 9425.95, 7203.45, 8.49%
- Epoch 101, ExpID 50846
Train - Loss: 19137954.30
Val - Loss, MSE, RMSE, MAE, MAPE: 28165716.00, 28165715.00, 5222.72, 3977.25, 5.09%
Test - Best epoch, Loss, MSE, RMSE, MAE, MAPE: 101, 91102128.00, 91102124.00, 9451.50, 7218.41, 8.52%
- Epoch 102, ExpID 50846
Train - Loss: 19061838.50
Val - Loss, MSE, RMSE, MAE, MAPE: 28188832.00, 28188831.00, 5225.98, 3981.16, 5.09%
Test - Best epoch, Loss, MSE, RMSE, MAE, MAPE: 101, 91102128.00, 91102124.00, 9451.50, 7218.41, 8.52%
- Epoch 103, ExpID 50846
Train - Loss: 18932492.80
Val - Loss, MSE, RMSE, MAE, MAPE: 28480092.00, 28480093.00, 5260.60, 4013.35, 5.13%
Test - Best epoch, Loss, MSE, RMSE, MAE, MAPE: 101, 91102128.00, 91102124.00, 9451.50, 7218.41, 8.52%
- Epoch 104, ExpID 50846
Train - Loss: 19009779.20
Val - Loss, MSE, RMSE, MAE, MAPE: 28761128.00, 28761128.00, 5289.77, 4037.54, 5.16%
Test - Best epoch, Loss, MSE, RMSE, MAE, MAPE: 101, 91102128.00, 91102124.00, 9451.50, 7218.41, 8.52%
- Epoch 105, ExpID 50846
Train - Loss: 19012586.50
Val - Loss, MSE, RMSE, MAE, MAPE: 28292938.00, 28292938.00, 5243.03, 4002.23, 5.11%
Test - Best epoch, Loss, MSE, RMSE, MAE, MAPE: 101, 91102128.00, 91102124.00, 9451.50, 7218.41, 8.52%
- Epoch 106, ExpID 50846
Train - Loss: 18968248.70
Val - Loss, MSE, RMSE, MAE, MAPE: 28568686.00, 28568686.00, 5261.96, 4017.41, 5.14%
Test - Best epoch, Loss, MSE, RMSE, MAE, MAPE: 101, 91102128.00, 91102124.00, 9451.50, 7218.41, 8.52%
- Epoch 107, ExpID 50846
Train - Loss: 18814762.20
Val - Loss, MSE, RMSE, MAE, MAPE: 28473540.00, 28473539.00, 5264.49, 4022.42, 5.13%
Test - Best epoch, Loss, MSE, RMSE, MAE, MAPE: 101, 91102128.00, 91102124.00, 9451.50, 7218.41, 8.52%
- Epoch 108, ExpID 50846
Train - Loss: 18779437.10
Val - Loss, MSE, RMSE, MAE, MAPE: 28339180.00, 28339181.00, 5246.37, 4004.16, 5.12%
Test - Best epoch, Loss, MSE, RMSE, MAE, MAPE: 101, 91102128.00, 91102124.00, 9451.50, 7218.41, 8.52%
- Epoch 109, ExpID 50846
Train - Loss: 18713485.00
Val - Loss, MSE, RMSE, MAE, MAPE: 28432672.00, 28432672.00, 5259.41, 4014.04, 5.12%
Test - Best epoch, Loss, MSE, RMSE, MAE, MAPE: 101, 91102128.00, 91102124.00, 9451.50, 7218.41, 8.52%
- Epoch 110, ExpID 50846
Train - Loss: 18715154.30
Val - Loss, MSE, RMSE, MAE, MAPE: 28764208.00, 28764208.00, 5293.78, 4046.18, 5.16%
Test - Best epoch, Loss, MSE, RMSE, MAE, MAPE: 101, 91102128.00, 91102124.00, 9451.50, 7218.41, 8.52%
- Epoch 111, ExpID 50846
Train - Loss: 18645120.40
Val - Loss, MSE, RMSE, MAE, MAPE: 28014126.00, 28014126.00, 5221.06, 3983.14, 5.08%
Test - Best epoch, Loss, MSE, RMSE, MAE, MAPE: 111, 90611896.00, 90611898.00, 9413.67, 7173.04, 8.44%
- Epoch 112, ExpID 50846
Train - Loss: 18647907.50
Val - Loss, MSE, RMSE, MAE, MAPE: 27849424.00, 27849423.00, 5199.86, 3965.20, 5.07%
Test - Best epoch, Loss, MSE, RMSE, MAE, MAPE: 112, 91420880.00, 91420884.00, 9457.31, 7218.31, 8.51%
- Epoch 113, ExpID 50846
Train - Loss: 18548808.60
Val - Loss, MSE, RMSE, MAE, MAPE: 27982376.00, 27982375.00, 5211.77, 3972.53, 5.08%
Test - Best epoch, Loss, MSE, RMSE, MAE, MAPE: 112, 91420880.00, 91420884.00, 9457.31, 7218.31, 8.51%
- Epoch 114, ExpID 50846
Train - Loss: 18459175.20
Val - Loss, MSE, RMSE, MAE, MAPE: 28501576.00, 28501577.00, 5262.55, 4018.01, 5.13%
Test - Best epoch, Loss, MSE, RMSE, MAE, MAPE: 112, 91420880.00, 91420884.00, 9457.31, 7218.31, 8.51%
- Epoch 115, ExpID 50846
Train - Loss: 18526195.20
Val - Loss, MSE, RMSE, MAE, MAPE: 27967522.00, 27967522.00, 5212.49, 3978.12, 5.08%
Test - Best epoch, Loss, MSE, RMSE, MAE, MAPE: 112, 91420880.00, 91420884.00, 9457.31, 7218.31, 8.51%
- Epoch 116, ExpID 50846
Train - Loss: 18356632.40
Val - Loss, MSE, RMSE, MAE, MAPE: 27588284.00, 27588283.00, 5169.15, 3942.02, 5.04%
Test - Best epoch, Loss, MSE, RMSE, MAE, MAPE: 116, 88927912.00, 88927914.00, 9325.93, 7070.74, 8.34%
- Epoch 117, ExpID 50846
Train - Loss: 18382925.50
Val - Loss, MSE, RMSE, MAE, MAPE: 27694812.00, 27694811.00, 5181.27, 3950.08, 5.05%
Test - Best epoch, Loss, MSE, RMSE, MAE, MAPE: 116, 88927912.00, 88927914.00, 9325.93, 7070.74, 8.34%
- Epoch 118, ExpID 50846
Train - Loss: 18345178.00
Val - Loss, MSE, RMSE, MAE, MAPE: 27730882.00, 27730882.00, 5178.88, 3943.15, 5.04%
Test - Best epoch, Loss, MSE, RMSE, MAE, MAPE: 116, 88927912.00, 88927914.00, 9325.93, 7070.74, 8.34%
- Epoch 119, ExpID 50846
Train - Loss: 18354542.90
Val - Loss, MSE, RMSE, MAE, MAPE: 27538776.00, 27538775.00, 5164.38, 3929.14, 5.02%
Test - Best epoch, Loss, MSE, RMSE, MAE, MAPE: 119, 91003040.00, 91003040.00, 9434.45, 7174.32, 8.46%
- Epoch 120, ExpID 50846
Train - Loss: 18226854.90
Val - Loss, MSE, RMSE, MAE, MAPE: 27181212.00, 27181212.00, 5122.13, 3902.25, 5.00%
Test - Best epoch, Loss, MSE, RMSE, MAE, MAPE: 120, 89392416.00, 89392414.00, 9353.94, 7104.19, 8.39%
- Epoch 121, ExpID 50846
Train - Loss: 18227713.10
Val - Loss, MSE, RMSE, MAE, MAPE: 27221016.00, 27221015.00, 5135.06, 3914.46, 5.00%
Test - Best epoch, Loss, MSE, RMSE, MAE, MAPE: 120, 89392416.00, 89392414.00, 9353.94, 7104.19, 8.39%
- Epoch 122, ExpID 50846
Train - Loss: 18132190.10
Val - Loss, MSE, RMSE, MAE, MAPE: 27918508.00, 27918507.00, 5201.45, 3969.02, 5.07%
Test - Best epoch, Loss, MSE, RMSE, MAE, MAPE: 120, 89392416.00, 89392414.00, 9353.94, 7104.19, 8.39%
- Epoch 123, ExpID 50846
Train - Loss: 18100311.90
Val - Loss, MSE, RMSE, MAE, MAPE: 27803932.00, 27803933.00, 5197.91, 3970.53, 5.07%
Test - Best epoch, Loss, MSE, RMSE, MAE, MAPE: 120, 89392416.00, 89392414.00, 9353.94, 7104.19, 8.39%
- Epoch 124, ExpID 50846
Train - Loss: 18026556.65
Val - Loss, MSE, RMSE, MAE, MAPE: 27622940.00, 27622941.00, 5175.81, 3949.19, 5.05%
Test - Best epoch, Loss, MSE, RMSE, MAE, MAPE: 120, 89392416.00, 89392414.00, 9353.94, 7104.19, 8.39%
- Epoch 125, ExpID 50846
Train - Loss: 17961767.90
Val - Loss, MSE, RMSE, MAE, MAPE: 27740018.00, 27740018.00, 5184.98, 3955.57, 5.05%
Test - Best epoch, Loss, MSE, RMSE, MAE, MAPE: 120, 89392416.00, 89392414.00, 9353.94, 7104.19, 8.39%
- Epoch 126, ExpID 50846
Train - Loss: 18012574.80
Val - Loss, MSE, RMSE, MAE, MAPE: 27778418.00, 27778418.00, 5190.99, 3959.55, 5.06%
Test - Best epoch, Loss, MSE, RMSE, MAE, MAPE: 120, 89392416.00, 89392414.00, 9353.94, 7104.19, 8.39%
- Epoch 127, ExpID 50846
Train - Loss: 18040015.90
Val - Loss, MSE, RMSE, MAE, MAPE: 27381888.00, 27381889.00, 5144.24, 3924.03, 5.02%
Test - Best epoch, Loss, MSE, RMSE, MAE, MAPE: 120, 89392416.00, 89392414.00, 9353.94, 7104.19, 8.39%
- Epoch 128, ExpID 50846
Train - Loss: 17968576.70
Val - Loss, MSE, RMSE, MAE, MAPE: 27371122.00, 27371122.00, 5146.92, 3926.28, 5.02%
Test - Best epoch, Loss, MSE, RMSE, MAE, MAPE: 120, 89392416.00, 89392414.00, 9353.94, 7104.19, 8.39%
- Epoch 129, ExpID 50846
Train - Loss: 17895971.40
Val - Loss, MSE, RMSE, MAE, MAPE: 27520268.00, 27520268.00, 5158.92, 3931.84, 5.03%
Test - Best epoch, Loss, MSE, RMSE, MAE, MAPE: 120, 89392416.00, 89392414.00, 9353.94, 7104.19, 8.39%
- Epoch 130, ExpID 50846
Train - Loss: 17877959.60
Val - Loss, MSE, RMSE, MAE, MAPE: 27709876.00, 27709875.00, 5176.79, 3951.61, 5.05%
Test - Best epoch, Loss, MSE, RMSE, MAE, MAPE: 120, 89392416.00, 89392414.00, 9353.94, 7104.19, 8.39%
Early Stopping at Epoch 130
Fold 2017 Best RMSE: 9353.9360

-------------------- [Fold: 2018] ExpID: 74228 --------------------
- Epoch 000, ExpID 74228
Train - Loss: 49169974.48
Val - Loss, MSE, RMSE, MAE, MAPE: 104563920.00, 104563924.00, 10223.49, 8080.60, 9.69%
Test - Best epoch, Loss, MSE, RMSE, MAE, MAPE: 0, 64023144.00, 64023144.00, 7975.56, 6348.22, 6.94%
- Epoch 001, ExpID 74228
Train - Loss: 42976121.90
Val - Loss, MSE, RMSE, MAE, MAPE: 96967472.00, 96967472.00, 9846.71, 7737.43, 9.27%
Test - Best epoch, Loss, MSE, RMSE, MAE, MAPE: 1, 55685720.00, 55685718.00, 7424.63, 5842.02, 6.40%
- Epoch 002, ExpID 74228
Train - Loss: 39738938.86
Val - Loss, MSE, RMSE, MAE, MAPE: 95210464.00, 95210464.00, 9757.34, 7642.87, 9.16%
Test - Best epoch, Loss, MSE, RMSE, MAE, MAPE: 2, 52387920.00, 52387918.00, 7197.29, 5623.44, 6.16%
- Epoch 003, ExpID 74228
Train - Loss: 37945443.05
Val - Loss, MSE, RMSE, MAE, MAPE: 95762552.00, 95762552.00, 9782.72, 7657.46, 9.17%
Test - Best epoch, Loss, MSE, RMSE, MAE, MAPE: 2, 52387920.00, 52387918.00, 7197.29, 5623.44, 6.16%
- Epoch 004, ExpID 74228
Train - Loss: 36896508.19
Val - Loss, MSE, RMSE, MAE, MAPE: 96948800.00, 96948796.00, 9838.01, 7705.38, 9.22%
Test - Best epoch, Loss, MSE, RMSE, MAE, MAPE: 2, 52387920.00, 52387918.00, 7197.29, 5623.44, 6.16%
- Epoch 005, ExpID 74228
Train - Loss: 36083196.19
Val - Loss, MSE, RMSE, MAE, MAPE: 97604840.00, 97604840.00, 9866.80, 7737.18, 9.25%
Test - Best epoch, Loss, MSE, RMSE, MAE, MAPE: 2, 52387920.00, 52387918.00, 7197.29, 5623.44, 6.16%
- Epoch 006, ExpID 74228
Train - Loss: 35505259.33
Val - Loss, MSE, RMSE, MAE, MAPE: 98392784.00, 98392788.00, 9901.35, 7772.52, 9.29%
Test - Best epoch, Loss, MSE, RMSE, MAE, MAPE: 2, 52387920.00, 52387918.00, 7197.29, 5623.44, 6.16%
- Epoch 007, ExpID 74228
Train - Loss: 34915811.90
Val - Loss, MSE, RMSE, MAE, MAPE: 98660992.00, 98660992.00, 9910.74, 7786.09, 9.30%
Test - Best epoch, Loss, MSE, RMSE, MAE, MAPE: 2, 52387920.00, 52387918.00, 7197.29, 5623.44, 6.16%
- Epoch 008, ExpID 74228
Train - Loss: 34515042.48
Val - Loss, MSE, RMSE, MAE, MAPE: 98935984.00, 98935980.00, 9920.34, 7806.42, 9.32%
Test - Best epoch, Loss, MSE, RMSE, MAE, MAPE: 2, 52387920.00, 52387918.00, 7197.29, 5623.44, 6.16%
- Epoch 009, ExpID 74228
Train - Loss: 34078418.48
Val - Loss, MSE, RMSE, MAE, MAPE: 98896576.00, 98896576.00, 9914.61, 7805.02, 9.32%
Test - Best epoch, Loss, MSE, RMSE, MAE, MAPE: 2, 52387920.00, 52387918.00, 7197.29, 5623.44, 6.16%
- Epoch 010, ExpID 74228
Train - Loss: 33628966.86
Val - Loss, MSE, RMSE, MAE, MAPE: 99314928.00, 99314932.00, 9929.95, 7825.19, 9.33%
Test - Best epoch, Loss, MSE, RMSE, MAE, MAPE: 2, 52387920.00, 52387918.00, 7197.29, 5623.44, 6.16%
- Epoch 011, ExpID 74228
Train - Loss: 33231734.86
Val - Loss, MSE, RMSE, MAE, MAPE: 99806496.00, 99806492.00, 9948.16, 7858.07, 9.36%
Test - Best epoch, Loss, MSE, RMSE, MAE, MAPE: 2, 52387920.00, 52387918.00, 7197.29, 5623.44, 6.16%
- Epoch 012, ExpID 74228
Train - Loss: 32780869.05
Val - Loss, MSE, RMSE, MAE, MAPE: 100265520.00, 100265524.00, 9964.12, 7883.29, 9.38%
Test - Best epoch, Loss, MSE, RMSE, MAE, MAPE: 2, 52387920.00, 52387918.00, 7197.29, 5623.44, 6.16%
Early Stopping at Epoch 12
Fold 2018 Best RMSE: 7197.2864

-------------------- [Fold: 2019] ExpID: 88491 --------------------
- Epoch 000, ExpID 88491
Train - Loss: 53216130.61
Val - Loss, MSE, RMSE, MAE, MAPE: 61806616.00, 61806618.00, 7828.98, 6209.13, 6.80%
Test - Best epoch, Loss, MSE, RMSE, MAE, MAPE: 0, 72025824.00, 72025828.00, 8391.01, 6610.73, 7.06%
- Epoch 001, ExpID 88491
Train - Loss: 46190510.09
Val - Loss, MSE, RMSE, MAE, MAPE: 54132436.00, 54132436.00, 7313.53, 5748.14, 6.31%
Test - Best epoch, Loss, MSE, RMSE, MAE, MAPE: 1, 62058568.00, 62058568.00, 7739.37, 6050.24, 6.46%
- Epoch 002, ExpID 88491
Train - Loss: 43048372.35
Val - Loss, MSE, RMSE, MAE, MAPE: 51436352.00, 51436350.00, 7127.33, 5574.01, 6.11%
Test - Best epoch, Loss, MSE, RMSE, MAE, MAPE: 2, 58317228.00, 58317228.00, 7479.67, 5812.76, 6.21%
- Epoch 003, ExpID 88491
Train - Loss: 41217766.96
Val - Loss, MSE, RMSE, MAE, MAPE: 50582196.00, 50582196.00, 7072.83, 5515.19, 6.05%
Test - Best epoch, Loss, MSE, RMSE, MAE, MAPE: 3, 56910412.00, 56910412.00, 7386.71, 5727.73, 6.11%
- Epoch 004, ExpID 88491
Train - Loss: 40227049.57
Val - Loss, MSE, RMSE, MAE, MAPE: 50473512.00, 50473514.00, 7071.61, 5505.19, 6.04%
Test - Best epoch, Loss, MSE, RMSE, MAE, MAPE: 4, 56628160.00, 56628158.00, 7377.97, 5721.64, 6.11%
- Epoch 005, ExpID 88491
Train - Loss: 39378302.43
Val - Loss, MSE, RMSE, MAE, MAPE: 49992312.00, 49992312.00, 7040.05, 5477.11, 6.01%
Test - Best epoch, Loss, MSE, RMSE, MAE, MAPE: 5, 55673288.00, 55673290.00, 7309.49, 5664.43, 6.04%
- Epoch 006, ExpID 88491
Train - Loss: 38553586.96
Val - Loss, MSE, RMSE, MAE, MAPE: 49411624.00, 49411624.00, 7000.18, 5444.38, 5.96%
Test - Best epoch, Loss, MSE, RMSE, MAE, MAPE: 6, 54570844.00, 54570844.00, 7228.51, 5595.12, 5.96%
- Epoch 007, ExpID 88491
Train - Loss: 38159404.70
Val - Loss, MSE, RMSE, MAE, MAPE: 49173040.00, 49173042.00, 6985.46, 5433.31, 5.95%
Test - Best epoch, Loss, MSE, RMSE, MAE, MAPE: 7, 54461004.00, 54461005.00, 7223.43, 5587.26, 5.96%
- Epoch 008, ExpID 88491
Train - Loss: 37562036.17
Val - Loss, MSE, RMSE, MAE, MAPE: 48537328.00, 48537330.00, 6939.65, 5394.70, 5.91%
Test - Best epoch, Loss, MSE, RMSE, MAE, MAPE: 8, 53795600.00, 53795602.00, 7173.07, 5541.15, 5.91%
- Epoch 009, ExpID 88491
Train - Loss: 36946199.65
Val - Loss, MSE, RMSE, MAE, MAPE: 47856468.00, 47856468.00, 6889.87, 5353.30, 5.86%
Test - Best epoch, Loss, MSE, RMSE, MAE, MAPE: 9, 52991896.00, 52991897.00, 7109.47, 5484.08, 5.85%
- Epoch 010, ExpID 88491
Train - Loss: 36519965.04
Val - Loss, MSE, RMSE, MAE, MAPE: 47418272.00, 47418270.00, 6858.36, 5329.24, 5.84%
Test - Best epoch, Loss, MSE, RMSE, MAE, MAPE: 10, 52873332.00, 52873333.00, 7096.31, 5468.50, 5.83%
- Epoch 011, ExpID 88491
Train - Loss: 36107609.39
Val - Loss, MSE, RMSE, MAE, MAPE: 46821972.00, 46821972.00, 6815.36, 5299.06, 5.80%
Test - Best epoch, Loss, MSE, RMSE, MAE, MAPE: 11, 52167312.00, 52167310.00, 7040.68, 5417.25, 5.77%
- Epoch 012, ExpID 88491
Train - Loss: 35500816.61
Val - Loss, MSE, RMSE, MAE, MAPE: 46513960.00, 46513962.00, 6792.67, 5277.32, 5.78%
Test - Best epoch, Loss, MSE, RMSE, MAE, MAPE: 12, 52483268.00, 52483267.00, 7060.20, 5426.15, 5.79%
- Epoch 013, ExpID 88491
Train - Loss: 35112602.61
Val - Loss, MSE, RMSE, MAE, MAPE: 45755028.00, 45755028.00, 6736.47, 5230.33, 5.72%
Test - Best epoch, Loss, MSE, RMSE, MAE, MAPE: 13, 51487240.00, 51487241.00, 6984.30, 5359.24, 5.71%
- Epoch 014, ExpID 88491
Train - Loss: 34693731.74
Val - Loss, MSE, RMSE, MAE, MAPE: 45414008.00, 45414008.00, 6709.98, 5204.04, 5.70%
Test - Best epoch, Loss, MSE, RMSE, MAE, MAPE: 14, 51749196.00, 51749195.00, 6995.71, 5362.13, 5.72%
- Epoch 015, ExpID 88491
Train - Loss: 34351342.43
Val - Loss, MSE, RMSE, MAE, MAPE: 44834264.00, 44834262.00, 6666.92, 5168.12, 5.65%
Test - Best epoch, Loss, MSE, RMSE, MAE, MAPE: 15, 50960856.00, 50960855.00, 6939.68, 5311.88, 5.66%
- Epoch 016, ExpID 88491
Train - Loss: 34082980.35
Val - Loss, MSE, RMSE, MAE, MAPE: 44641340.00, 44641340.00, 6652.51, 5157.55, 5.64%
Test - Best epoch, Loss, MSE, RMSE, MAE, MAPE: 16, 51840760.00, 51840761.00, 6999.79, 5356.09, 5.71%
- Epoch 017, ExpID 88491
Train - Loss: 33504870.61
Val - Loss, MSE, RMSE, MAE, MAPE: 44387980.00, 44387980.00, 6638.26, 5151.07, 5.62%
Test - Best epoch, Loss, MSE, RMSE, MAE, MAPE: 17, 51183752.00, 51183750.00, 6960.39, 5316.37, 5.65%
- Epoch 018, ExpID 88491
Train - Loss: 33389206.17
Val - Loss, MSE, RMSE, MAE, MAPE: 43975804.00, 43975804.00, 6602.71, 5111.41, 5.58%
Test - Best epoch, Loss, MSE, RMSE, MAE, MAPE: 18, 50944912.00, 50944912.00, 6933.13, 5288.34, 5.63%
- Epoch 019, ExpID 88491
Train - Loss: 32887283.22
Val - Loss, MSE, RMSE, MAE, MAPE: 43576904.00, 43576906.00, 6572.63, 5091.83, 5.56%
Test - Best epoch, Loss, MSE, RMSE, MAE, MAPE: 19, 51130804.00, 51130804.00, 6945.70, 5304.08, 5.65%
- Epoch 020, ExpID 88491
Train - Loss: 32765316.61
Val - Loss, MSE, RMSE, MAE, MAPE: 43460960.00, 43460958.00, 6563.44, 5080.34, 5.55%
Test - Best epoch, Loss, MSE, RMSE, MAE, MAPE: 20, 51202320.00, 51202318.00, 6948.50, 5298.87, 5.64%
- Epoch 021, ExpID 88491
Train - Loss: 32465690.87
Val - Loss, MSE, RMSE, MAE, MAPE: 43473128.00, 43473126.00, 6568.13, 5091.04, 5.54%
Test - Best epoch, Loss, MSE, RMSE, MAE, MAPE: 20, 51202320.00, 51202318.00, 6948.50, 5298.87, 5.64%
- Epoch 022, ExpID 88491
Train - Loss: 32118808.61
Val - Loss, MSE, RMSE, MAE, MAPE: 42977592.00, 42977592.00, 6522.43, 5042.37, 5.51%
Test - Best epoch, Loss, MSE, RMSE, MAE, MAPE: 22, 50729516.00, 50729515.00, 6903.34, 5262.53, 5.61%
- Epoch 023, ExpID 88491
Train - Loss: 31877402.43
Val - Loss, MSE, RMSE, MAE, MAPE: 43235360.00, 43235360.00, 6554.40, 5087.31, 5.53%
Test - Best epoch, Loss, MSE, RMSE, MAE, MAPE: 22, 50729516.00, 50729515.00, 6903.34, 5262.53, 5.61%
- Epoch 024, ExpID 88491
Train - Loss: 31471687.91
Val - Loss, MSE, RMSE, MAE, MAPE: 43022692.00, 43022692.00, 6534.83, 5066.10, 5.52%
Test - Best epoch, Loss, MSE, RMSE, MAE, MAPE: 22, 50729516.00, 50729515.00, 6903.34, 5262.53, 5.61%
- Epoch 025, ExpID 88491
Train - Loss: 31282965.83
Val - Loss, MSE, RMSE, MAE, MAPE: 42743432.00, 42743432.00, 6511.61, 5045.42, 5.50%
Test - Best epoch, Loss, MSE, RMSE, MAE, MAPE: 25, 49819208.00, 49819208.00, 6845.42, 5208.27, 5.54%
- Epoch 026, ExpID 88491
Train - Loss: 31016781.83
Val - Loss, MSE, RMSE, MAE, MAPE: 42602168.00, 42602168.00, 6495.54, 5023.90, 5.48%
Test - Best epoch, Loss, MSE, RMSE, MAE, MAPE: 26, 49222228.00, 49222228.00, 6792.56, 5170.32, 5.51%
- Epoch 027, ExpID 88491
Train - Loss: 30770438.70
Val - Loss, MSE, RMSE, MAE, MAPE: 42862600.00, 42862598.00, 6527.10, 5068.60, 5.51%
Test - Best epoch, Loss, MSE, RMSE, MAE, MAPE: 26, 49222228.00, 49222228.00, 6792.56, 5170.32, 5.51%
- Epoch 028, ExpID 88491
Train - Loss: 30534453.48
Val - Loss, MSE, RMSE, MAE, MAPE: 42857108.00, 42857108.00, 6524.72, 5062.08, 5.50%
Test - Best epoch, Loss, MSE, RMSE, MAE, MAPE: 26, 49222228.00, 49222228.00, 6792.56, 5170.32, 5.51%
- Epoch 029, ExpID 88491
Train - Loss: 30313313.48
Val - Loss, MSE, RMSE, MAE, MAPE: 42863520.00, 42863522.00, 6526.34, 5065.12, 5.51%
Test - Best epoch, Loss, MSE, RMSE, MAE, MAPE: 26, 49222228.00, 49222228.00, 6792.56, 5170.32, 5.51%
- Epoch 030, ExpID 88491
Train - Loss: 30104621.65
Val - Loss, MSE, RMSE, MAE, MAPE: 42672360.00, 42672362.00, 6516.50, 5070.35, 5.51%
Test - Best epoch, Loss, MSE, RMSE, MAE, MAPE: 26, 49222228.00, 49222228.00, 6792.56, 5170.32, 5.51%
- Epoch 031, ExpID 88491
Train - Loss: 29737387.48
Val - Loss, MSE, RMSE, MAE, MAPE: 42840216.00, 42840214.00, 6530.67, 5083.17, 5.52%
Test - Best epoch, Loss, MSE, RMSE, MAE, MAPE: 26, 49222228.00, 49222228.00, 6792.56, 5170.32, 5.51%
- Epoch 032, ExpID 88491
Train - Loss: 29677020.17
Val - Loss, MSE, RMSE, MAE, MAPE: 42488352.00, 42488354.00, 6500.75, 5049.01, 5.49%
Test - Best epoch, Loss, MSE, RMSE, MAE, MAPE: 32, 47209400.00, 47209400.00, 6660.00, 5074.28, 5.40%
- Epoch 033, ExpID 88491
Train - Loss: 29472639.04
Val - Loss, MSE, RMSE, MAE, MAPE: 43353644.00, 43353644.00, 6572.90, 5118.66, 5.55%
Test - Best epoch, Loss, MSE, RMSE, MAE, MAPE: 32, 47209400.00, 47209400.00, 6660.00, 5074.28, 5.40%
- Epoch 034, ExpID 88491
Train - Loss: 29127620.87
Val - Loss, MSE, RMSE, MAE, MAPE: 43017444.00, 43017444.00, 6549.70, 5111.34, 5.54%
Test - Best epoch, Loss, MSE, RMSE, MAE, MAPE: 32, 47209400.00, 47209400.00, 6660.00, 5074.28, 5.40%
- Epoch 035, ExpID 88491
Train - Loss: 28968403.13
Val - Loss, MSE, RMSE, MAE, MAPE: 43978284.00, 43978284.00, 6626.71, 5185.92, 5.60%
Test - Best epoch, Loss, MSE, RMSE, MAE, MAPE: 32, 47209400.00, 47209400.00, 6660.00, 5074.28, 5.40%
- Epoch 036, ExpID 88491
Train - Loss: 28837992.17
Val - Loss, MSE, RMSE, MAE, MAPE: 43787800.00, 43787798.00, 6613.14, 5177.21, 5.60%
Test - Best epoch, Loss, MSE, RMSE, MAE, MAPE: 32, 47209400.00, 47209400.00, 6660.00, 5074.28, 5.40%
- Epoch 037, ExpID 88491
Train - Loss: 28541961.13
Val - Loss, MSE, RMSE, MAE, MAPE: 43619692.00, 43619692.00, 6599.63, 5160.43, 5.58%
Test - Best epoch, Loss, MSE, RMSE, MAE, MAPE: 32, 47209400.00, 47209400.00, 6660.00, 5074.28, 5.40%
- Epoch 038, ExpID 88491
Train - Loss: 28497623.57
Val - Loss, MSE, RMSE, MAE, MAPE: 44908356.00, 44908356.00, 6700.91, 5278.65, 5.69%
Test - Best epoch, Loss, MSE, RMSE, MAE, MAPE: 32, 47209400.00, 47209400.00, 6660.00, 5074.28, 5.40%
- Epoch 039, ExpID 88491
Train - Loss: 28262758.52
Val - Loss, MSE, RMSE, MAE, MAPE: 44583776.00, 44583776.00, 6675.38, 5233.98, 5.65%
Test - Best epoch, Loss, MSE, RMSE, MAE, MAPE: 32, 47209400.00, 47209400.00, 6660.00, 5074.28, 5.40%
- Epoch 040, ExpID 88491
Train - Loss: 28170320.96
Val - Loss, MSE, RMSE, MAE, MAPE: 44657432.00, 44657434.00, 6680.34, 5228.88, 5.65%
Test - Best epoch, Loss, MSE, RMSE, MAE, MAPE: 32, 47209400.00, 47209400.00, 6660.00, 5074.28, 5.40%
- Epoch 041, ExpID 88491
Train - Loss: 27752729.57
Val - Loss, MSE, RMSE, MAE, MAPE: 45350072.00, 45350070.00, 6733.99, 5291.09, 5.70%
Test - Best epoch, Loss, MSE, RMSE, MAE, MAPE: 32, 47209400.00, 47209400.00, 6660.00, 5074.28, 5.40%
- Epoch 042, ExpID 88491
Train - Loss: 27621412.87
Val - Loss, MSE, RMSE, MAE, MAPE: 45569136.00, 45569134.00, 6750.34, 5307.63, 5.72%
Test - Best epoch, Loss, MSE, RMSE, MAE, MAPE: 32, 47209400.00, 47209400.00, 6660.00, 5074.28, 5.40%
Early Stopping at Epoch 42
Fold 2019 Best RMSE: 6659.9990
