DETAILED LOG | Model: itransformer | Seed: 1
FULL CONFIG: {'gpu': '2', 'target': 'both', 'cv_start_year': 2017, 'cv_end_year': 2019, 'test_year': 2024, 'use_corona': False, 'seq_len': 365, 'label_len': 0, 'pred_len': 56, 'batch_size': 256, 'epochs': 1000, 'patience': 10, 'lr': 0.0001, 'model': 'itransformer', 'd_model': 512, 'n_heads': 2, 'n_layers': 2, 'dropout': 0.1, 'activation': 'gelu', 'patch_len': 16, 'factor': 5, 'norm_mode': 'revin', 'use_covar': True, 'use_dbloss': False, 'device': device(type='cuda'), 'stride': 16, 'file_path': 'dataset/airport_flight_with_holiday.csv', 'seed': 1, 'val_year': 2019, 'ndims': 2}

-------------------- [Fold: 2017] ExpID: 73699 --------------------
- Epoch 000, ExpID 73699
Train - Loss: 32427962.63
Val - Loss, MSE, RMSE, MAE, MAPE: 41976416.00, 41976418.00, 6183.09, 4888.40, 6.15%
Test - Best epoch, Loss, MSE, RMSE, MAE, MAPE: 0, 65816564.00, 65816564.00, 8049.71, 5836.87, 6.85%
- Epoch 001, ExpID 73699
Train - Loss: 23791408.11
Val - Loss, MSE, RMSE, MAE, MAPE: 37241872.00, 37241871.50, 5822.95, 4521.21, 5.70%
Test - Best epoch, Loss, MSE, RMSE, MAE, MAPE: 1, 64568868.00, 64568868.00, 7959.40, 5630.91, 6.65%
- Epoch 002, ExpID 73699
Train - Loss: 21086213.05
Val - Loss, MSE, RMSE, MAE, MAPE: 34461164.00, 34461162.50, 5597.81, 4329.51, 5.45%
Test - Best epoch, Loss, MSE, RMSE, MAE, MAPE: 2, 64371208.00, 64371206.00, 7940.00, 5639.18, 6.68%
- Epoch 003, ExpID 73699
Train - Loss: 19424016.63
Val - Loss, MSE, RMSE, MAE, MAPE: 34671584.00, 34671582.50, 5631.65, 4379.28, 5.51%
Test - Best epoch, Loss, MSE, RMSE, MAE, MAPE: 2, 64371208.00, 64371206.00, 7940.00, 5639.18, 6.68%
- Epoch 004, ExpID 73699
Train - Loss: 18181384.58
Val - Loss, MSE, RMSE, MAE, MAPE: 33981044.00, 33981045.50, 5602.26, 4351.85, 5.49%
Test - Best epoch, Loss, MSE, RMSE, MAE, MAPE: 4, 65950380.00, 65950380.00, 8054.61, 5786.68, 6.92%
- Epoch 005, ExpID 73699
Train - Loss: 17114289.95
Val - Loss, MSE, RMSE, MAE, MAPE: 33625880.00, 33625882.00, 5529.52, 4265.16, 5.36%
Test - Best epoch, Loss, MSE, RMSE, MAE, MAPE: 5, 64289408.00, 64289410.00, 7959.32, 5650.09, 6.73%
- Epoch 006, ExpID 73699
Train - Loss: 16294171.58
Val - Loss, MSE, RMSE, MAE, MAPE: 34412296.00, 34412295.00, 5571.43, 4294.76, 5.38%
Test - Best epoch, Loss, MSE, RMSE, MAE, MAPE: 5, 64289408.00, 64289410.00, 7959.32, 5650.09, 6.73%
- Epoch 007, ExpID 73699
Train - Loss: 15351889.11
Val - Loss, MSE, RMSE, MAE, MAPE: 32995068.00, 32995068.00, 5468.99, 4196.83, 5.28%
Test - Best epoch, Loss, MSE, RMSE, MAE, MAPE: 7, 64367888.00, 64367888.00, 7983.13, 5687.10, 6.77%
- Epoch 008, ExpID 73699
Train - Loss: 14708394.00
Val - Loss, MSE, RMSE, MAE, MAPE: 33400668.00, 33400667.50, 5536.02, 4246.54, 5.36%
Test - Best epoch, Loss, MSE, RMSE, MAE, MAPE: 7, 64367888.00, 64367888.00, 7983.13, 5687.10, 6.77%
- Epoch 009, ExpID 73699
Train - Loss: 14132864.21
Val - Loss, MSE, RMSE, MAE, MAPE: 32678104.00, 32678104.50, 5446.14, 4156.39, 5.25%
Test - Best epoch, Loss, MSE, RMSE, MAE, MAPE: 9, 65321848.00, 65321846.00, 8058.79, 5791.32, 6.94%
- Epoch 010, ExpID 73699
Train - Loss: 13532641.84
Val - Loss, MSE, RMSE, MAE, MAPE: 32380988.00, 32380989.00, 5410.47, 4135.76, 5.24%
Test - Best epoch, Loss, MSE, RMSE, MAE, MAPE: 10, 63936440.00, 63936438.00, 7971.54, 5666.53, 6.80%
- Epoch 011, ExpID 73699
Train - Loss: 13177559.11
Val - Loss, MSE, RMSE, MAE, MAPE: 33069228.00, 33069227.50, 5467.66, 4193.53, 5.31%
Test - Best epoch, Loss, MSE, RMSE, MAE, MAPE: 10, 63936440.00, 63936438.00, 7971.54, 5666.53, 6.80%
- Epoch 012, ExpID 73699
Train - Loss: 12727852.32
Val - Loss, MSE, RMSE, MAE, MAPE: 32184256.00, 32184256.00, 5372.95, 4110.16, 5.19%
Test - Best epoch, Loss, MSE, RMSE, MAE, MAPE: 12, 63204304.00, 63204304.00, 7917.50, 5630.85, 6.75%
- Epoch 013, ExpID 73699
Train - Loss: 12457828.32
Val - Loss, MSE, RMSE, MAE, MAPE: 33303028.00, 33303028.00, 5485.16, 4211.25, 5.33%
Test - Best epoch, Loss, MSE, RMSE, MAE, MAPE: 12, 63204304.00, 63204304.00, 7917.50, 5630.85, 6.75%
- Epoch 014, ExpID 73699
Train - Loss: 12160437.42
Val - Loss, MSE, RMSE, MAE, MAPE: 32609764.00, 32609763.00, 5423.36, 4173.12, 5.28%
Test - Best epoch, Loss, MSE, RMSE, MAE, MAPE: 12, 63204304.00, 63204304.00, 7917.50, 5630.85, 6.75%
- Epoch 015, ExpID 73699
Train - Loss: 11913413.32
Val - Loss, MSE, RMSE, MAE, MAPE: 34054668.00, 34054668.50, 5550.24, 4268.46, 5.40%
Test - Best epoch, Loss, MSE, RMSE, MAE, MAPE: 12, 63204304.00, 63204304.00, 7917.50, 5630.85, 6.75%
- Epoch 016, ExpID 73699
Train - Loss: 11671588.58
Val - Loss, MSE, RMSE, MAE, MAPE: 33038932.00, 33038931.50, 5465.58, 4210.69, 5.32%
Test - Best epoch, Loss, MSE, RMSE, MAE, MAPE: 12, 63204304.00, 63204304.00, 7917.50, 5630.85, 6.75%
- Epoch 017, ExpID 73699
Train - Loss: 11502494.26
Val - Loss, MSE, RMSE, MAE, MAPE: 32407204.00, 32407204.50, 5415.89, 4171.77, 5.26%
Test - Best epoch, Loss, MSE, RMSE, MAE, MAPE: 12, 63204304.00, 63204304.00, 7917.50, 5630.85, 6.75%
- Epoch 018, ExpID 73699
Train - Loss: 11269902.47
Val - Loss, MSE, RMSE, MAE, MAPE: 32140268.00, 32140267.00, 5390.17, 4161.97, 5.27%
Test - Best epoch, Loss, MSE, RMSE, MAE, MAPE: 18, 63092572.00, 63092572.00, 7892.55, 5695.39, 6.82%
- Epoch 019, ExpID 73699
Train - Loss: 11106731.00
Val - Loss, MSE, RMSE, MAE, MAPE: 32863330.00, 32863330.50, 5445.52, 4200.73, 5.31%
Test - Best epoch, Loss, MSE, RMSE, MAE, MAPE: 18, 63092572.00, 63092572.00, 7892.55, 5695.39, 6.82%
- Epoch 020, ExpID 73699
Train - Loss: 10955482.89
Val - Loss, MSE, RMSE, MAE, MAPE: 32290474.00, 32290474.50, 5368.03, 4129.75, 5.21%
Test - Best epoch, Loss, MSE, RMSE, MAE, MAPE: 18, 63092572.00, 63092572.00, 7892.55, 5695.39, 6.82%
- Epoch 021, ExpID 73699
Train - Loss: 10734659.11
Val - Loss, MSE, RMSE, MAE, MAPE: 32501340.00, 32501339.50, 5427.90, 4207.32, 5.33%
Test - Best epoch, Loss, MSE, RMSE, MAE, MAPE: 18, 63092572.00, 63092572.00, 7892.55, 5695.39, 6.82%
- Epoch 022, ExpID 73699
Train - Loss: 10556993.68
Val - Loss, MSE, RMSE, MAE, MAPE: 31430160.00, 31430160.00, 5325.61, 4130.84, 5.23%
Test - Best epoch, Loss, MSE, RMSE, MAE, MAPE: 22, 61806924.00, 61806924.00, 7813.48, 5591.03, 6.70%
- Epoch 023, ExpID 73699
Train - Loss: 10427391.47
Val - Loss, MSE, RMSE, MAE, MAPE: 31628772.00, 31628772.00, 5348.47, 4146.46, 5.25%
Test - Best epoch, Loss, MSE, RMSE, MAE, MAPE: 22, 61806924.00, 61806924.00, 7813.48, 5591.03, 6.70%
- Epoch 024, ExpID 73699
Train - Loss: 10294403.21
Val - Loss, MSE, RMSE, MAE, MAPE: 31773550.00, 31773550.00, 5354.43, 4150.74, 5.25%
Test - Best epoch, Loss, MSE, RMSE, MAE, MAPE: 22, 61806924.00, 61806924.00, 7813.48, 5591.03, 6.70%
- Epoch 025, ExpID 73699
Train - Loss: 10194951.89
Val - Loss, MSE, RMSE, MAE, MAPE: 30713164.00, 30713163.50, 5265.49, 4086.33, 5.17%
Test - Best epoch, Loss, MSE, RMSE, MAE, MAPE: 25, 61463032.00, 61463034.00, 7783.12, 5622.78, 6.72%
- Epoch 026, ExpID 73699
Train - Loss: 10061067.74
Val - Loss, MSE, RMSE, MAE, MAPE: 32109100.00, 32109101.00, 5419.64, 4231.75, 5.37%
Test - Best epoch, Loss, MSE, RMSE, MAE, MAPE: 25, 61463032.00, 61463034.00, 7783.12, 5622.78, 6.72%
- Epoch 027, ExpID 73699
Train - Loss: 9888416.53
Val - Loss, MSE, RMSE, MAE, MAPE: 30705112.00, 30705113.00, 5287.99, 4137.26, 5.26%
Test - Best epoch, Loss, MSE, RMSE, MAE, MAPE: 27, 61554488.00, 61554486.00, 7794.10, 5629.21, 6.74%
- Epoch 028, ExpID 73699
Train - Loss: 9771406.47
Val - Loss, MSE, RMSE, MAE, MAPE: 30807248.00, 30807248.50, 5271.67, 4104.77, 5.20%
Test - Best epoch, Loss, MSE, RMSE, MAE, MAPE: 27, 61554488.00, 61554486.00, 7794.10, 5629.21, 6.74%
- Epoch 029, ExpID 73699
Train - Loss: 9714122.74
Val - Loss, MSE, RMSE, MAE, MAPE: 30775482.00, 30775482.00, 5276.78, 4130.64, 5.24%
Test - Best epoch, Loss, MSE, RMSE, MAE, MAPE: 27, 61554488.00, 61554486.00, 7794.10, 5629.21, 6.74%
- Epoch 030, ExpID 73699
Train - Loss: 9596558.74
Val - Loss, MSE, RMSE, MAE, MAPE: 30641500.00, 30641500.50, 5281.45, 4135.32, 5.24%
Test - Best epoch, Loss, MSE, RMSE, MAE, MAPE: 30, 60986768.00, 60986768.00, 7746.58, 5623.37, 6.71%
- Epoch 031, ExpID 73699
Train - Loss: 9460501.95
Val - Loss, MSE, RMSE, MAE, MAPE: 30839406.00, 30839405.50, 5280.81, 4115.91, 5.20%
Test - Best epoch, Loss, MSE, RMSE, MAE, MAPE: 30, 60986768.00, 60986768.00, 7746.58, 5623.37, 6.71%
- Epoch 032, ExpID 73699
Train - Loss: 9332796.74
Val - Loss, MSE, RMSE, MAE, MAPE: 30793988.00, 30793987.50, 5270.34, 4112.79, 5.21%
Test - Best epoch, Loss, MSE, RMSE, MAE, MAPE: 30, 60986768.00, 60986768.00, 7746.58, 5623.37, 6.71%
- Epoch 033, ExpID 73699
Train - Loss: 9288348.58
Val - Loss, MSE, RMSE, MAE, MAPE: 30028654.00, 30028654.00, 5216.33, 4078.40, 5.17%
Test - Best epoch, Loss, MSE, RMSE, MAE, MAPE: 33, 60293928.00, 60293930.00, 7707.82, 5600.55, 6.69%
- Epoch 034, ExpID 73699
Train - Loss: 9135613.05
Val - Loss, MSE, RMSE, MAE, MAPE: 30520352.00, 30520353.00, 5274.84, 4131.58, 5.24%
Test - Best epoch, Loss, MSE, RMSE, MAE, MAPE: 33, 60293928.00, 60293930.00, 7707.82, 5600.55, 6.69%
- Epoch 035, ExpID 73699
Train - Loss: 9022406.53
Val - Loss, MSE, RMSE, MAE, MAPE: 30018310.00, 30018310.50, 5248.83, 4108.72, 5.21%
Test - Best epoch, Loss, MSE, RMSE, MAE, MAPE: 35, 60534144.00, 60534144.00, 7721.08, 5636.23, 6.74%
- Epoch 036, ExpID 73699
Train - Loss: 8994477.79
Val - Loss, MSE, RMSE, MAE, MAPE: 30122692.00, 30122691.00, 5243.48, 4106.26, 5.21%
Test - Best epoch, Loss, MSE, RMSE, MAE, MAPE: 35, 60534144.00, 60534144.00, 7721.08, 5636.23, 6.74%
- Epoch 037, ExpID 73699
Train - Loss: 8925369.53
Val - Loss, MSE, RMSE, MAE, MAPE: 29714292.00, 29714293.00, 5218.50, 4086.06, 5.18%
Test - Best epoch, Loss, MSE, RMSE, MAE, MAPE: 37, 59319632.00, 59319630.00, 7651.83, 5569.90, 6.67%
- Epoch 038, ExpID 73699
Train - Loss: 8798268.76
Val - Loss, MSE, RMSE, MAE, MAPE: 30273396.00, 30273395.50, 5267.89, 4122.88, 5.23%
Test - Best epoch, Loss, MSE, RMSE, MAE, MAPE: 37, 59319632.00, 59319630.00, 7651.83, 5569.90, 6.67%
- Epoch 039, ExpID 73699
Train - Loss: 8721742.16
Val - Loss, MSE, RMSE, MAE, MAPE: 30266696.00, 30266695.50, 5251.73, 4099.13, 5.19%
Test - Best epoch, Loss, MSE, RMSE, MAE, MAPE: 37, 59319632.00, 59319630.00, 7651.83, 5569.90, 6.67%
- Epoch 040, ExpID 73699
Train - Loss: 8650711.97
Val - Loss, MSE, RMSE, MAE, MAPE: 29297760.00, 29297760.50, 5168.16, 4027.01, 5.10%
Test - Best epoch, Loss, MSE, RMSE, MAE, MAPE: 40, 59414072.00, 59414074.00, 7657.96, 5579.47, 6.66%
- Epoch 041, ExpID 73699
Train - Loss: 8545792.74
Val - Loss, MSE, RMSE, MAE, MAPE: 30417462.00, 30417462.00, 5294.12, 4145.12, 5.26%
Test - Best epoch, Loss, MSE, RMSE, MAE, MAPE: 40, 59414072.00, 59414074.00, 7657.96, 5579.47, 6.66%
- Epoch 042, ExpID 73699
Train - Loss: 8455776.37
Val - Loss, MSE, RMSE, MAE, MAPE: 29620154.00, 29620154.00, 5205.24, 4061.07, 5.15%
Test - Best epoch, Loss, MSE, RMSE, MAE, MAPE: 40, 59414072.00, 59414074.00, 7657.96, 5579.47, 6.66%
- Epoch 043, ExpID 73699
Train - Loss: 8346842.16
Val - Loss, MSE, RMSE, MAE, MAPE: 30094414.00, 30094413.50, 5252.55, 4119.71, 5.23%
Test - Best epoch, Loss, MSE, RMSE, MAE, MAPE: 40, 59414072.00, 59414074.00, 7657.96, 5579.47, 6.66%
- Epoch 044, ExpID 73699
Train - Loss: 8305201.76
Val - Loss, MSE, RMSE, MAE, MAPE: 29732296.00, 29732295.00, 5236.06, 4090.79, 5.19%
Test - Best epoch, Loss, MSE, RMSE, MAE, MAPE: 40, 59414072.00, 59414074.00, 7657.96, 5579.47, 6.66%
- Epoch 045, ExpID 73699
Train - Loss: 8195939.68
Val - Loss, MSE, RMSE, MAE, MAPE: 30015234.00, 30015234.50, 5242.28, 4089.83, 5.19%
Test - Best epoch, Loss, MSE, RMSE, MAE, MAPE: 40, 59414072.00, 59414074.00, 7657.96, 5579.47, 6.66%
- Epoch 046, ExpID 73699
Train - Loss: 8109377.37
Val - Loss, MSE, RMSE, MAE, MAPE: 29920898.00, 29920898.50, 5231.37, 4081.65, 5.18%
Test - Best epoch, Loss, MSE, RMSE, MAE, MAPE: 40, 59414072.00, 59414074.00, 7657.96, 5579.47, 6.66%
- Epoch 047, ExpID 73699
Train - Loss: 8057334.21
Val - Loss, MSE, RMSE, MAE, MAPE: 29808982.00, 29808981.50, 5207.75, 4044.70, 5.12%
Test - Best epoch, Loss, MSE, RMSE, MAE, MAPE: 40, 59414072.00, 59414074.00, 7657.96, 5579.47, 6.66%
- Epoch 048, ExpID 73699
Train - Loss: 7982927.26
Val - Loss, MSE, RMSE, MAE, MAPE: 30050208.00, 30050209.00, 5272.13, 4134.76, 5.25%
Test - Best epoch, Loss, MSE, RMSE, MAE, MAPE: 40, 59414072.00, 59414074.00, 7657.96, 5579.47, 6.66%
- Epoch 049, ExpID 73699
Train - Loss: 7898004.37
Val - Loss, MSE, RMSE, MAE, MAPE: 29268196.00, 29268197.00, 5191.22, 4064.97, 5.16%
Test - Best epoch, Loss, MSE, RMSE, MAE, MAPE: 49, 57434712.00, 57434712.00, 7533.99, 5483.12, 6.56%
- Epoch 050, ExpID 73699
Train - Loss: 7819436.50
Val - Loss, MSE, RMSE, MAE, MAPE: 29393216.00, 29393215.00, 5204.49, 4072.36, 5.18%
Test - Best epoch, Loss, MSE, RMSE, MAE, MAPE: 49, 57434712.00, 57434712.00, 7533.99, 5483.12, 6.56%
- Epoch 051, ExpID 73699
Train - Loss: 7727588.76
Val - Loss, MSE, RMSE, MAE, MAPE: 29173236.00, 29173236.50, 5179.87, 4051.41, 5.14%
Test - Best epoch, Loss, MSE, RMSE, MAE, MAPE: 51, 57224084.00, 57224084.00, 7512.96, 5485.13, 6.55%
- Epoch 052, ExpID 73699
Train - Loss: 7661698.24
Val - Loss, MSE, RMSE, MAE, MAPE: 29692874.00, 29692874.50, 5242.34, 4093.92, 5.19%
Test - Best epoch, Loss, MSE, RMSE, MAE, MAPE: 51, 57224084.00, 57224084.00, 7512.96, 5485.13, 6.55%
- Epoch 053, ExpID 73699
Train - Loss: 7570518.26
Val - Loss, MSE, RMSE, MAE, MAPE: 28787936.00, 28787937.00, 5165.81, 4033.35, 5.12%
Test - Best epoch, Loss, MSE, RMSE, MAE, MAPE: 53, 57271084.00, 57271084.00, 7525.35, 5503.42, 6.59%
- Epoch 054, ExpID 73699
Train - Loss: 7515450.61
Val - Loss, MSE, RMSE, MAE, MAPE: 29085946.00, 29085945.50, 5183.86, 4046.31, 5.14%
Test - Best epoch, Loss, MSE, RMSE, MAE, MAPE: 53, 57271084.00, 57271084.00, 7525.35, 5503.42, 6.59%
- Epoch 055, ExpID 73699
Train - Loss: 7438417.13
Val - Loss, MSE, RMSE, MAE, MAPE: 29039084.00, 29039084.50, 5190.72, 4054.52, 5.15%
Test - Best epoch, Loss, MSE, RMSE, MAE, MAPE: 53, 57271084.00, 57271084.00, 7525.35, 5503.42, 6.59%
- Epoch 056, ExpID 73699
Train - Loss: 7369805.42
Val - Loss, MSE, RMSE, MAE, MAPE: 29317354.00, 29317353.50, 5198.70, 4052.97, 5.15%
Test - Best epoch, Loss, MSE, RMSE, MAE, MAPE: 53, 57271084.00, 57271084.00, 7525.35, 5503.42, 6.59%
- Epoch 057, ExpID 73699
Train - Loss: 7342577.18
Val - Loss, MSE, RMSE, MAE, MAPE: 28642276.00, 28642276.00, 5133.45, 3989.47, 5.06%
Test - Best epoch, Loss, MSE, RMSE, MAE, MAPE: 57, 56567668.00, 56567668.00, 7477.52, 5467.45, 6.53%
- Epoch 058, ExpID 73699
Train - Loss: 7246293.50
Val - Loss, MSE, RMSE, MAE, MAPE: 29021960.00, 29021960.50, 5172.49, 4025.04, 5.11%
Test - Best epoch, Loss, MSE, RMSE, MAE, MAPE: 57, 56567668.00, 56567668.00, 7477.52, 5467.45, 6.53%
- Epoch 059, ExpID 73699
Train - Loss: 7194686.82
Val - Loss, MSE, RMSE, MAE, MAPE: 29549686.00, 29549686.50, 5229.53, 4090.58, 5.20%
Test - Best epoch, Loss, MSE, RMSE, MAE, MAPE: 57, 56567668.00, 56567668.00, 7477.52, 5467.45, 6.53%
- Epoch 060, ExpID 73699
Train - Loss: 7113812.97
Val - Loss, MSE, RMSE, MAE, MAPE: 29126578.00, 29126578.00, 5195.96, 4049.19, 5.13%
Test - Best epoch, Loss, MSE, RMSE, MAE, MAPE: 57, 56567668.00, 56567668.00, 7477.52, 5467.45, 6.53%
- Epoch 061, ExpID 73699
Train - Loss: 7080052.32
Val - Loss, MSE, RMSE, MAE, MAPE: 29070368.00, 29070368.50, 5192.66, 4050.88, 5.14%
Test - Best epoch, Loss, MSE, RMSE, MAE, MAPE: 57, 56567668.00, 56567668.00, 7477.52, 5467.45, 6.53%
- Epoch 062, ExpID 73699
Train - Loss: 7023633.74
Val - Loss, MSE, RMSE, MAE, MAPE: 28844104.00, 28844104.00, 5160.16, 4024.19, 5.11%
Test - Best epoch, Loss, MSE, RMSE, MAE, MAPE: 57, 56567668.00, 56567668.00, 7477.52, 5467.45, 6.53%
- Epoch 063, ExpID 73699
Train - Loss: 6907858.08
Val - Loss, MSE, RMSE, MAE, MAPE: 29372262.00, 29372261.50, 5193.28, 4035.26, 5.11%
Test - Best epoch, Loss, MSE, RMSE, MAE, MAPE: 57, 56567668.00, 56567668.00, 7477.52, 5467.45, 6.53%
- Epoch 064, ExpID 73699
Train - Loss: 6860200.37
Val - Loss, MSE, RMSE, MAE, MAPE: 29703996.00, 29703996.00, 5242.99, 4094.33, 5.20%
Test - Best epoch, Loss, MSE, RMSE, MAE, MAPE: 57, 56567668.00, 56567668.00, 7477.52, 5467.45, 6.53%
- Epoch 065, ExpID 73699
Train - Loss: 6803493.66
Val - Loss, MSE, RMSE, MAE, MAPE: 29123878.00, 29123877.50, 5180.10, 4027.11, 5.10%
Test - Best epoch, Loss, MSE, RMSE, MAE, MAPE: 57, 56567668.00, 56567668.00, 7477.52, 5467.45, 6.53%
- Epoch 066, ExpID 73699
Train - Loss: 6784981.95
Val - Loss, MSE, RMSE, MAE, MAPE: 28991184.00, 28991184.00, 5174.93, 4018.74, 5.11%
Test - Best epoch, Loss, MSE, RMSE, MAE, MAPE: 57, 56567668.00, 56567668.00, 7477.52, 5467.45, 6.53%
- Epoch 067, ExpID 73699
Train - Loss: 6694714.29
Val - Loss, MSE, RMSE, MAE, MAPE: 28957796.00, 28957795.00, 5171.35, 4026.61, 5.12%
Test - Best epoch, Loss, MSE, RMSE, MAE, MAPE: 57, 56567668.00, 56567668.00, 7477.52, 5467.45, 6.53%
Early Stopping at Epoch 67
Fold 2017 Best RMSE: 7477.5200

-------------------- [Fold: 2018] ExpID: 69481 --------------------
- Epoch 000, ExpID 69481
Train - Loss: 36535332.20
Val - Loss, MSE, RMSE, MAE, MAPE: 64331448.00, 64331450.00, 7984.48, 5684.52, 6.70%
Test - Best epoch, Loss, MSE, RMSE, MAE, MAPE: 0, 39005304.00, 39005306.00, 6241.28, 4706.22, 5.12%
- Epoch 001, ExpID 69481
Train - Loss: 26294540.30
Val - Loss, MSE, RMSE, MAE, MAPE: 63812704.00, 63812706.00, 7929.66, 5569.62, 6.61%
Test - Best epoch, Loss, MSE, RMSE, MAE, MAPE: 1, 35082352.00, 35082353.00, 5920.66, 4375.38, 4.78%
- Epoch 002, ExpID 69481
Train - Loss: 23187183.80
Val - Loss, MSE, RMSE, MAE, MAPE: 64326216.00, 64326218.00, 7940.84, 5563.20, 6.59%
Test - Best epoch, Loss, MSE, RMSE, MAE, MAPE: 1, 35082352.00, 35082353.00, 5920.66, 4375.38, 4.78%
- Epoch 003, ExpID 69481
Train - Loss: 20896330.50
Val - Loss, MSE, RMSE, MAE, MAPE: 67368248.00, 67368246.00, 8105.18, 5871.19, 6.96%
Test - Best epoch, Loss, MSE, RMSE, MAE, MAPE: 1, 35082352.00, 35082353.00, 5920.66, 4375.38, 4.78%
- Epoch 004, ExpID 69481
Train - Loss: 19176554.20
Val - Loss, MSE, RMSE, MAE, MAPE: 66397856.00, 66397856.00, 8058.90, 5835.64, 6.90%
Test - Best epoch, Loss, MSE, RMSE, MAE, MAPE: 1, 35082352.00, 35082353.00, 5920.66, 4375.38, 4.78%
- Epoch 005, ExpID 69481
Train - Loss: 17798767.45
Val - Loss, MSE, RMSE, MAE, MAPE: 64733064.00, 64733064.00, 7977.60, 5744.14, 6.80%
Test - Best epoch, Loss, MSE, RMSE, MAE, MAPE: 1, 35082352.00, 35082353.00, 5920.66, 4375.38, 4.78%
- Epoch 006, ExpID 69481
Train - Loss: 16695286.10
Val - Loss, MSE, RMSE, MAE, MAPE: 63143724.00, 63143724.00, 7893.90, 5649.75, 6.73%
Test - Best epoch, Loss, MSE, RMSE, MAE, MAPE: 6, 31674826.00, 31674826.00, 5620.12, 3991.08, 4.39%
- Epoch 007, ExpID 69481
Train - Loss: 15941294.75
Val - Loss, MSE, RMSE, MAE, MAPE: 62763800.00, 62763800.00, 7886.10, 5619.54, 6.70%
Test - Best epoch, Loss, MSE, RMSE, MAE, MAPE: 7, 31780864.00, 31780863.00, 5628.87, 4014.65, 4.40%
- Epoch 008, ExpID 69481
Train - Loss: 15266944.60
Val - Loss, MSE, RMSE, MAE, MAPE: 61606512.00, 61606512.00, 7810.04, 5517.45, 6.58%
Test - Best epoch, Loss, MSE, RMSE, MAE, MAPE: 8, 31110438.00, 31110438.00, 5571.56, 3987.38, 4.36%
- Epoch 009, ExpID 69481
Train - Loss: 14626498.20
Val - Loss, MSE, RMSE, MAE, MAPE: 62312768.00, 62312766.00, 7853.40, 5629.03, 6.72%
Test - Best epoch, Loss, MSE, RMSE, MAE, MAPE: 8, 31110438.00, 31110438.00, 5571.56, 3987.38, 4.36%
- Epoch 010, ExpID 69481
Train - Loss: 14159984.75
Val - Loss, MSE, RMSE, MAE, MAPE: 61717340.00, 61717340.00, 7810.46, 5587.79, 6.66%
Test - Best epoch, Loss, MSE, RMSE, MAE, MAPE: 8, 31110438.00, 31110438.00, 5571.56, 3987.38, 4.36%
- Epoch 011, ExpID 69481
Train - Loss: 13741583.70
Val - Loss, MSE, RMSE, MAE, MAPE: 61758928.00, 61758930.00, 7807.88, 5605.50, 6.68%
Test - Best epoch, Loss, MSE, RMSE, MAE, MAPE: 8, 31110438.00, 31110438.00, 5571.56, 3987.38, 4.36%
- Epoch 012, ExpID 69481
Train - Loss: 13468283.35
Val - Loss, MSE, RMSE, MAE, MAPE: 63358384.00, 63358382.00, 7907.27, 5755.01, 6.86%
Test - Best epoch, Loss, MSE, RMSE, MAE, MAPE: 8, 31110438.00, 31110438.00, 5571.56, 3987.38, 4.36%
- Epoch 013, ExpID 69481
Train - Loss: 13057244.85
Val - Loss, MSE, RMSE, MAE, MAPE: 62579728.00, 62579730.00, 7856.27, 5704.10, 6.81%
Test - Best epoch, Loss, MSE, RMSE, MAE, MAPE: 8, 31110438.00, 31110438.00, 5571.56, 3987.38, 4.36%
- Epoch 014, ExpID 69481
Train - Loss: 12794449.85
Val - Loss, MSE, RMSE, MAE, MAPE: 61950732.00, 61950732.00, 7815.49, 5637.97, 6.72%
Test - Best epoch, Loss, MSE, RMSE, MAE, MAPE: 8, 31110438.00, 31110438.00, 5571.56, 3987.38, 4.36%
- Epoch 015, ExpID 69481
Train - Loss: 12594224.65
Val - Loss, MSE, RMSE, MAE, MAPE: 62313752.00, 62313752.00, 7841.56, 5712.57, 6.81%
Test - Best epoch, Loss, MSE, RMSE, MAE, MAPE: 8, 31110438.00, 31110438.00, 5571.56, 3987.38, 4.36%
- Epoch 016, ExpID 69481
Train - Loss: 12288316.15
Val - Loss, MSE, RMSE, MAE, MAPE: 62083892.00, 62083892.00, 7833.49, 5694.99, 6.81%
Test - Best epoch, Loss, MSE, RMSE, MAE, MAPE: 8, 31110438.00, 31110438.00, 5571.56, 3987.38, 4.36%
- Epoch 017, ExpID 69481
Train - Loss: 12079854.05
Val - Loss, MSE, RMSE, MAE, MAPE: 61179244.00, 61179244.00, 7776.70, 5646.01, 6.78%
Test - Best epoch, Loss, MSE, RMSE, MAE, MAPE: 17, 27712768.00, 27712767.00, 5250.11, 3732.35, 4.10%
- Epoch 018, ExpID 69481
Train - Loss: 11889642.30
Val - Loss, MSE, RMSE, MAE, MAPE: 61103008.00, 61103006.00, 7755.88, 5631.68, 6.72%
Test - Best epoch, Loss, MSE, RMSE, MAE, MAPE: 18, 27579580.00, 27579580.00, 5239.54, 3760.97, 4.11%
- Epoch 019, ExpID 69481
Train - Loss: 11655255.50
Val - Loss, MSE, RMSE, MAE, MAPE: 61773656.00, 61773654.00, 7797.23, 5720.76, 6.83%
Test - Best epoch, Loss, MSE, RMSE, MAE, MAPE: 18, 27579580.00, 27579580.00, 5239.54, 3760.97, 4.11%
- Epoch 020, ExpID 69481
Train - Loss: 11484964.00
Val - Loss, MSE, RMSE, MAE, MAPE: 61274296.00, 61274298.00, 7763.81, 5678.23, 6.78%
Test - Best epoch, Loss, MSE, RMSE, MAE, MAPE: 18, 27579580.00, 27579580.00, 5239.54, 3760.97, 4.11%
- Epoch 021, ExpID 69481
Train - Loss: 11280812.05
Val - Loss, MSE, RMSE, MAE, MAPE: 61081272.00, 61081270.00, 7752.35, 5671.84, 6.78%
Test - Best epoch, Loss, MSE, RMSE, MAE, MAPE: 21, 27116056.00, 27116055.00, 5192.97, 3742.12, 4.10%
- Epoch 022, ExpID 69481
Train - Loss: 11146526.85
Val - Loss, MSE, RMSE, MAE, MAPE: 60909768.00, 60909766.00, 7749.87, 5667.52, 6.78%
Test - Best epoch, Loss, MSE, RMSE, MAE, MAPE: 22, 27042040.00, 27042040.00, 5183.30, 3733.51, 4.09%
- Epoch 023, ExpID 69481
Train - Loss: 10972529.05
Val - Loss, MSE, RMSE, MAE, MAPE: 60695720.00, 60695722.00, 7732.74, 5653.96, 6.76%
Test - Best epoch, Loss, MSE, RMSE, MAE, MAPE: 23, 27021940.00, 27021941.00, 5183.32, 3747.51, 4.10%
- Epoch 024, ExpID 69481
Train - Loss: 10816499.00
Val - Loss, MSE, RMSE, MAE, MAPE: 60880512.00, 60880510.00, 7728.95, 5702.66, 6.80%
Test - Best epoch, Loss, MSE, RMSE, MAE, MAPE: 23, 27021940.00, 27021941.00, 5183.32, 3747.51, 4.10%
- Epoch 025, ExpID 69481
Train - Loss: 10667179.00
Val - Loss, MSE, RMSE, MAE, MAPE: 60441244.00, 60441244.00, 7710.74, 5653.20, 6.75%
Test - Best epoch, Loss, MSE, RMSE, MAE, MAPE: 25, 26949328.00, 26949327.00, 5177.35, 3769.63, 4.12%
- Epoch 026, ExpID 69481
Train - Loss: 10553439.50
Val - Loss, MSE, RMSE, MAE, MAPE: 59962376.00, 59962376.00, 7676.64, 5631.15, 6.72%
Test - Best epoch, Loss, MSE, RMSE, MAE, MAPE: 26, 26802238.00, 26802238.00, 5162.44, 3764.38, 4.11%
- Epoch 027, ExpID 69481
Train - Loss: 10403683.80
Val - Loss, MSE, RMSE, MAE, MAPE: 59863960.00, 59863960.00, 7675.03, 5645.68, 6.75%
Test - Best epoch, Loss, MSE, RMSE, MAE, MAPE: 27, 26481176.00, 26481176.00, 5128.21, 3726.62, 4.08%
- Epoch 028, ExpID 69481
Train - Loss: 10270530.90
Val - Loss, MSE, RMSE, MAE, MAPE: 59890360.00, 59890360.00, 7674.06, 5655.14, 6.76%
Test - Best epoch, Loss, MSE, RMSE, MAE, MAPE: 27, 26481176.00, 26481176.00, 5128.21, 3726.62, 4.08%
- Epoch 029, ExpID 69481
Train - Loss: 10181367.50
Val - Loss, MSE, RMSE, MAE, MAPE: 59907000.00, 59906998.00, 7671.77, 5688.76, 6.80%
Test - Best epoch, Loss, MSE, RMSE, MAE, MAPE: 27, 26481176.00, 26481176.00, 5128.21, 3726.62, 4.08%
- Epoch 030, ExpID 69481
Train - Loss: 10088753.20
Val - Loss, MSE, RMSE, MAE, MAPE: 59509032.00, 59509032.00, 7645.23, 5641.74, 6.74%
Test - Best epoch, Loss, MSE, RMSE, MAE, MAPE: 30, 26876192.00, 26876191.00, 5164.70, 3783.38, 4.13%
- Epoch 031, ExpID 69481
Train - Loss: 9911021.20
Val - Loss, MSE, RMSE, MAE, MAPE: 59073124.00, 59073124.00, 7620.29, 5630.16, 6.73%
Test - Best epoch, Loss, MSE, RMSE, MAE, MAPE: 31, 26749178.00, 26749178.00, 5148.85, 3781.01, 4.13%
- Epoch 032, ExpID 69481
Train - Loss: 9803218.05
Val - Loss, MSE, RMSE, MAE, MAPE: 59298512.00, 59298514.00, 7640.07, 5649.97, 6.75%
Test - Best epoch, Loss, MSE, RMSE, MAE, MAPE: 31, 26749178.00, 26749178.00, 5148.85, 3781.01, 4.13%
- Epoch 033, ExpID 69481
Train - Loss: 9679121.60
Val - Loss, MSE, RMSE, MAE, MAPE: 58443968.00, 58443970.00, 7580.62, 5594.36, 6.69%
Test - Best epoch, Loss, MSE, RMSE, MAE, MAPE: 33, 26416538.00, 26416538.00, 5117.12, 3748.57, 4.10%
- Epoch 034, ExpID 69481
Train - Loss: 9594029.20
Val - Loss, MSE, RMSE, MAE, MAPE: 58558104.00, 58558102.00, 7591.57, 5631.46, 6.74%
Test - Best epoch, Loss, MSE, RMSE, MAE, MAPE: 33, 26416538.00, 26416538.00, 5117.12, 3748.57, 4.10%
- Epoch 035, ExpID 69481
Train - Loss: 9468128.50
Val - Loss, MSE, RMSE, MAE, MAPE: 58085536.00, 58085536.00, 7564.18, 5598.58, 6.70%
Test - Best epoch, Loss, MSE, RMSE, MAE, MAPE: 35, 26438668.00, 26438667.00, 5112.90, 3747.66, 4.10%
- Epoch 036, ExpID 69481
Train - Loss: 9345239.10
Val - Loss, MSE, RMSE, MAE, MAPE: 58040232.00, 58040232.00, 7561.18, 5604.27, 6.71%
Test - Best epoch, Loss, MSE, RMSE, MAE, MAPE: 36, 26527072.00, 26527071.00, 5120.97, 3762.12, 4.12%
- Epoch 037, ExpID 69481
Train - Loss: 9255731.18
Val - Loss, MSE, RMSE, MAE, MAPE: 58242480.00, 58242482.00, 7573.61, 5643.30, 6.76%
Test - Best epoch, Loss, MSE, RMSE, MAE, MAPE: 36, 26527072.00, 26527071.00, 5120.97, 3762.12, 4.12%
- Epoch 038, ExpID 69481
Train - Loss: 9172184.00
Val - Loss, MSE, RMSE, MAE, MAPE: 57989152.00, 57989152.00, 7555.14, 5608.11, 6.71%
Test - Best epoch, Loss, MSE, RMSE, MAE, MAPE: 38, 26802908.00, 26802909.00, 5148.15, 3798.75, 4.15%
- Epoch 039, ExpID 69481
Train - Loss: 9058162.30
Val - Loss, MSE, RMSE, MAE, MAPE: 57631668.00, 57631668.00, 7534.66, 5610.35, 6.72%
Test - Best epoch, Loss, MSE, RMSE, MAE, MAPE: 39, 26377664.00, 26377664.00, 5104.63, 3756.66, 4.11%
- Epoch 040, ExpID 69481
Train - Loss: 8994513.10
Val - Loss, MSE, RMSE, MAE, MAPE: 57718604.00, 57718604.00, 7538.40, 5623.81, 6.74%
Test - Best epoch, Loss, MSE, RMSE, MAE, MAPE: 39, 26377664.00, 26377664.00, 5104.63, 3756.66, 4.11%
- Epoch 041, ExpID 69481
Train - Loss: 8868089.25
Val - Loss, MSE, RMSE, MAE, MAPE: 57133784.00, 57133784.00, 7497.51, 5564.34, 6.66%
Test - Best epoch, Loss, MSE, RMSE, MAE, MAPE: 41, 26269164.00, 26269164.00, 5096.57, 3758.52, 4.11%
- Epoch 042, ExpID 69481
Train - Loss: 8776523.75
Val - Loss, MSE, RMSE, MAE, MAPE: 56869168.00, 56869168.00, 7478.23, 5558.68, 6.65%
Test - Best epoch, Loss, MSE, RMSE, MAE, MAPE: 42, 26379492.00, 26379492.00, 5105.28, 3771.59, 4.12%
- Epoch 043, ExpID 69481
Train - Loss: 8708581.05
Val - Loss, MSE, RMSE, MAE, MAPE: 57017720.00, 57017722.00, 7491.66, 5590.31, 6.70%
Test - Best epoch, Loss, MSE, RMSE, MAE, MAPE: 42, 26379492.00, 26379492.00, 5105.28, 3771.59, 4.12%
- Epoch 044, ExpID 69481
Train - Loss: 8577653.55
Val - Loss, MSE, RMSE, MAE, MAPE: 57015216.00, 57015216.00, 7490.24, 5605.32, 6.71%
Test - Best epoch, Loss, MSE, RMSE, MAE, MAPE: 42, 26379492.00, 26379492.00, 5105.28, 3771.59, 4.12%
- Epoch 045, ExpID 69481
Train - Loss: 8497296.47
Val - Loss, MSE, RMSE, MAE, MAPE: 56547672.00, 56547674.00, 7458.91, 5551.36, 6.65%
Test - Best epoch, Loss, MSE, RMSE, MAE, MAPE: 45, 26134518.00, 26134518.00, 5077.14, 3751.62, 4.10%
- Epoch 046, ExpID 69481
Train - Loss: 8405747.47
Val - Loss, MSE, RMSE, MAE, MAPE: 56789056.00, 56789058.00, 7471.81, 5590.04, 6.69%
Test - Best epoch, Loss, MSE, RMSE, MAE, MAPE: 45, 26134518.00, 26134518.00, 5077.14, 3751.62, 4.10%
- Epoch 047, ExpID 69481
Train - Loss: 8327607.20
Val - Loss, MSE, RMSE, MAE, MAPE: 56691776.00, 56691774.00, 7468.61, 5590.42, 6.69%
Test - Best epoch, Loss, MSE, RMSE, MAE, MAPE: 45, 26134518.00, 26134518.00, 5077.14, 3751.62, 4.10%
- Epoch 048, ExpID 69481
Train - Loss: 8291884.58
Val - Loss, MSE, RMSE, MAE, MAPE: 57054604.00, 57054604.00, 7484.70, 5624.49, 6.72%
Test - Best epoch, Loss, MSE, RMSE, MAE, MAPE: 45, 26134518.00, 26134518.00, 5077.14, 3751.62, 4.10%
- Epoch 049, ExpID 69481
Train - Loss: 8187595.53
Val - Loss, MSE, RMSE, MAE, MAPE: 56233532.00, 56233532.00, 7434.36, 5547.57, 6.63%
Test - Best epoch, Loss, MSE, RMSE, MAE, MAPE: 49, 26253406.00, 26253406.00, 5087.20, 3763.00, 4.11%
- Epoch 050, ExpID 69481
Train - Loss: 8083956.47
Val - Loss, MSE, RMSE, MAE, MAPE: 56202824.00, 56202824.00, 7434.00, 5576.14, 6.68%
Test - Best epoch, Loss, MSE, RMSE, MAE, MAPE: 50, 26197440.00, 26197441.00, 5081.48, 3755.96, 4.10%
- Epoch 051, ExpID 69481
Train - Loss: 7996704.85
Val - Loss, MSE, RMSE, MAE, MAPE: 55317168.00, 55317168.00, 7379.34, 5494.51, 6.58%
Test - Best epoch, Loss, MSE, RMSE, MAE, MAPE: 51, 26191570.00, 26191570.00, 5082.24, 3764.26, 4.11%
- Epoch 052, ExpID 69481
Train - Loss: 7895618.47
Val - Loss, MSE, RMSE, MAE, MAPE: 55438452.00, 55438452.00, 7387.16, 5510.03, 6.59%
Test - Best epoch, Loss, MSE, RMSE, MAE, MAPE: 51, 26191570.00, 26191570.00, 5082.24, 3764.26, 4.11%
- Epoch 053, ExpID 69481
Train - Loss: 7810113.62
Val - Loss, MSE, RMSE, MAE, MAPE: 55488464.00, 55488462.00, 7388.67, 5533.31, 6.62%
Test - Best epoch, Loss, MSE, RMSE, MAE, MAPE: 51, 26191570.00, 26191570.00, 5082.24, 3764.26, 4.11%
- Epoch 054, ExpID 69481
Train - Loss: 7754651.97
Val - Loss, MSE, RMSE, MAE, MAPE: 54996996.00, 54996996.00, 7361.32, 5466.18, 6.55%
Test - Best epoch, Loss, MSE, RMSE, MAE, MAPE: 54, 26225176.00, 26225177.00, 5079.53, 3752.70, 4.10%
- Epoch 055, ExpID 69481
Train - Loss: 7688418.05
Val - Loss, MSE, RMSE, MAE, MAPE: 54963624.00, 54963622.00, 7359.24, 5489.86, 6.57%
Test - Best epoch, Loss, MSE, RMSE, MAE, MAPE: 55, 26081704.00, 26081704.00, 5066.67, 3749.17, 4.10%
- Epoch 056, ExpID 69481
Train - Loss: 7628288.90
Val - Loss, MSE, RMSE, MAE, MAPE: 55627036.00, 55627036.00, 7391.64, 5558.95, 6.65%
Test - Best epoch, Loss, MSE, RMSE, MAE, MAPE: 55, 26081704.00, 26081704.00, 5066.67, 3749.17, 4.10%
- Epoch 057, ExpID 69481
Train - Loss: 7534951.75
Val - Loss, MSE, RMSE, MAE, MAPE: 55195984.00, 55195984.00, 7370.59, 5521.90, 6.61%
Test - Best epoch, Loss, MSE, RMSE, MAE, MAPE: 55, 26081704.00, 26081704.00, 5066.67, 3749.17, 4.10%
- Epoch 058, ExpID 69481
Train - Loss: 7483620.35
Val - Loss, MSE, RMSE, MAE, MAPE: 55003816.00, 55003818.00, 7354.40, 5496.42, 6.57%
Test - Best epoch, Loss, MSE, RMSE, MAE, MAPE: 55, 26081704.00, 26081704.00, 5066.67, 3749.17, 4.10%
- Epoch 059, ExpID 69481
Train - Loss: 7395033.90
Val - Loss, MSE, RMSE, MAE, MAPE: 55477368.00, 55477366.00, 7388.13, 5557.87, 6.64%
Test - Best epoch, Loss, MSE, RMSE, MAE, MAPE: 55, 26081704.00, 26081704.00, 5066.67, 3749.17, 4.10%
- Epoch 060, ExpID 69481
Train - Loss: 7332337.38
Val - Loss, MSE, RMSE, MAE, MAPE: 55172804.00, 55172804.00, 7362.69, 5529.40, 6.61%
Test - Best epoch, Loss, MSE, RMSE, MAE, MAPE: 55, 26081704.00, 26081704.00, 5066.67, 3749.17, 4.10%
- Epoch 061, ExpID 69481
Train - Loss: 7255808.45
Val - Loss, MSE, RMSE, MAE, MAPE: 55165452.00, 55165452.00, 7369.06, 5502.87, 6.58%
Test - Best epoch, Loss, MSE, RMSE, MAE, MAPE: 55, 26081704.00, 26081704.00, 5066.67, 3749.17, 4.10%
- Epoch 062, ExpID 69481
Train - Loss: 7214536.08
Val - Loss, MSE, RMSE, MAE, MAPE: 54963512.00, 54963512.00, 7353.23, 5477.66, 6.55%
Test - Best epoch, Loss, MSE, RMSE, MAE, MAPE: 62, 26341310.00, 26341310.00, 5093.41, 3772.94, 4.12%
- Epoch 063, ExpID 69481
Train - Loss: 7136466.20
Val - Loss, MSE, RMSE, MAE, MAPE: 55179400.00, 55179402.00, 7364.27, 5503.42, 6.58%
Test - Best epoch, Loss, MSE, RMSE, MAE, MAPE: 62, 26341310.00, 26341310.00, 5093.41, 3772.94, 4.12%
- Epoch 064, ExpID 69481
Train - Loss: 7043079.67
Val - Loss, MSE, RMSE, MAE, MAPE: 55214804.00, 55214804.00, 7372.02, 5516.28, 6.60%
Test - Best epoch, Loss, MSE, RMSE, MAE, MAPE: 62, 26341310.00, 26341310.00, 5093.41, 3772.94, 4.12%
- Epoch 065, ExpID 69481
Train - Loss: 6956551.78
Val - Loss, MSE, RMSE, MAE, MAPE: 55063432.00, 55063432.00, 7362.88, 5517.44, 6.61%
Test - Best epoch, Loss, MSE, RMSE, MAE, MAPE: 62, 26341310.00, 26341310.00, 5093.41, 3772.94, 4.12%
- Epoch 066, ExpID 69481
Train - Loss: 6918195.22
Val - Loss, MSE, RMSE, MAE, MAPE: 55065896.00, 55065896.00, 7358.06, 5516.26, 6.59%
Test - Best epoch, Loss, MSE, RMSE, MAE, MAPE: 62, 26341310.00, 26341310.00, 5093.41, 3772.94, 4.12%
- Epoch 067, ExpID 69481
Train - Loss: 6870229.17
Val - Loss, MSE, RMSE, MAE, MAPE: 54768432.00, 54768430.00, 7341.98, 5492.52, 6.57%
Test - Best epoch, Loss, MSE, RMSE, MAE, MAPE: 67, 26681508.00, 26681509.00, 5123.85, 3792.48, 4.14%
- Epoch 068, ExpID 69481
Train - Loss: 6828729.35
Val - Loss, MSE, RMSE, MAE, MAPE: 55019000.00, 55019002.00, 7354.18, 5492.78, 6.57%
Test - Best epoch, Loss, MSE, RMSE, MAE, MAPE: 67, 26681508.00, 26681509.00, 5123.85, 3792.48, 4.14%
- Epoch 069, ExpID 69481
Train - Loss: 6740133.53
Val - Loss, MSE, RMSE, MAE, MAPE: 55012696.00, 55012698.00, 7362.52, 5490.93, 6.58%
Test - Best epoch, Loss, MSE, RMSE, MAE, MAPE: 67, 26681508.00, 26681509.00, 5123.85, 3792.48, 4.14%
- Epoch 070, ExpID 69481
Train - Loss: 6685412.35
Val - Loss, MSE, RMSE, MAE, MAPE: 54715184.00, 54715184.00, 7343.67, 5483.50, 6.56%
Test - Best epoch, Loss, MSE, RMSE, MAE, MAPE: 70, 26373482.00, 26373482.00, 5091.41, 3778.00, 4.13%
- Epoch 071, ExpID 69481
Train - Loss: 6611588.45
Val - Loss, MSE, RMSE, MAE, MAPE: 54724116.00, 54724116.00, 7342.42, 5490.13, 6.56%
Test - Best epoch, Loss, MSE, RMSE, MAE, MAPE: 70, 26373482.00, 26373482.00, 5091.41, 3778.00, 4.13%
- Epoch 072, ExpID 69481
Train - Loss: 6551542.00
Val - Loss, MSE, RMSE, MAE, MAPE: 54978440.00, 54978440.00, 7359.55, 5490.65, 6.57%
Test - Best epoch, Loss, MSE, RMSE, MAE, MAPE: 70, 26373482.00, 26373482.00, 5091.41, 3778.00, 4.13%
- Epoch 073, ExpID 69481
Train - Loss: 6512183.78
Val - Loss, MSE, RMSE, MAE, MAPE: 54740344.00, 54740344.00, 7347.66, 5480.11, 6.57%
Test - Best epoch, Loss, MSE, RMSE, MAE, MAPE: 70, 26373482.00, 26373482.00, 5091.41, 3778.00, 4.13%
- Epoch 074, ExpID 69481
Train - Loss: 6447285.40
Val - Loss, MSE, RMSE, MAE, MAPE: 54796768.00, 54796768.00, 7346.59, 5493.25, 6.56%
Test - Best epoch, Loss, MSE, RMSE, MAE, MAPE: 70, 26373482.00, 26373482.00, 5091.41, 3778.00, 4.13%
- Epoch 075, ExpID 69481
Train - Loss: 6382354.00
Val - Loss, MSE, RMSE, MAE, MAPE: 54710960.00, 54710958.00, 7346.71, 5487.59, 6.58%
Test - Best epoch, Loss, MSE, RMSE, MAE, MAPE: 75, 26158848.00, 26158849.00, 5067.81, 3752.61, 4.11%
- Epoch 076, ExpID 69481
Train - Loss: 6336515.28
Val - Loss, MSE, RMSE, MAE, MAPE: 54689552.00, 54689552.00, 7346.42, 5481.60, 6.56%
Test - Best epoch, Loss, MSE, RMSE, MAE, MAPE: 76, 26437250.00, 26437250.00, 5095.59, 3779.97, 4.13%
- Epoch 077, ExpID 69481
Train - Loss: 6286871.55
Val - Loss, MSE, RMSE, MAE, MAPE: 54887840.00, 54887840.00, 7358.59, 5488.96, 6.57%
Test - Best epoch, Loss, MSE, RMSE, MAE, MAPE: 76, 26437250.00, 26437250.00, 5095.59, 3779.97, 4.13%
- Epoch 078, ExpID 69481
Train - Loss: 6246524.17
Val - Loss, MSE, RMSE, MAE, MAPE: 54825456.00, 54825454.00, 7347.73, 5471.18, 6.54%
Test - Best epoch, Loss, MSE, RMSE, MAE, MAPE: 76, 26437250.00, 26437250.00, 5095.59, 3779.97, 4.13%
- Epoch 079, ExpID 69481
Train - Loss: 6171113.15
Val - Loss, MSE, RMSE, MAE, MAPE: 54618736.00, 54618734.00, 7335.32, 5476.43, 6.54%
Test - Best epoch, Loss, MSE, RMSE, MAE, MAPE: 79, 26837058.00, 26837058.00, 5139.85, 3826.73, 4.18%
- Epoch 080, ExpID 69481
Train - Loss: 6134873.88
Val - Loss, MSE, RMSE, MAE, MAPE: 54579056.00, 54579054.00, 7336.21, 5461.66, 6.53%
Test - Best epoch, Loss, MSE, RMSE, MAE, MAPE: 80, 26557948.00, 26557947.00, 5106.91, 3779.86, 4.13%
- Epoch 081, ExpID 69481
Train - Loss: 6066174.50
Val - Loss, MSE, RMSE, MAE, MAPE: 55029304.00, 55029302.00, 7361.77, 5514.86, 6.59%
Test - Best epoch, Loss, MSE, RMSE, MAE, MAPE: 80, 26557948.00, 26557947.00, 5106.91, 3779.86, 4.13%
- Epoch 082, ExpID 69481
Train - Loss: 6032698.65
Val - Loss, MSE, RMSE, MAE, MAPE: 54510384.00, 54510386.00, 7330.13, 5461.79, 6.53%
Test - Best epoch, Loss, MSE, RMSE, MAE, MAPE: 82, 26763504.00, 26763505.00, 5129.58, 3807.11, 4.16%
- Epoch 083, ExpID 69481
Train - Loss: 5962794.30
Val - Loss, MSE, RMSE, MAE, MAPE: 54356148.00, 54356148.00, 7324.38, 5437.98, 6.50%
Test - Best epoch, Loss, MSE, RMSE, MAE, MAPE: 83, 26754752.00, 26754753.00, 5128.57, 3801.60, 4.15%
- Epoch 084, ExpID 69481
Train - Loss: 5935720.25
Val - Loss, MSE, RMSE, MAE, MAPE: 54802736.00, 54802738.00, 7346.25, 5486.18, 6.55%
Test - Best epoch, Loss, MSE, RMSE, MAE, MAPE: 83, 26754752.00, 26754753.00, 5128.57, 3801.60, 4.15%
- Epoch 085, ExpID 69481
Train - Loss: 5865245.60
Val - Loss, MSE, RMSE, MAE, MAPE: 54790524.00, 54790524.00, 7349.72, 5498.58, 6.58%
Test - Best epoch, Loss, MSE, RMSE, MAE, MAPE: 83, 26754752.00, 26754753.00, 5128.57, 3801.60, 4.15%
- Epoch 086, ExpID 69481
Train - Loss: 5812212.33
Val - Loss, MSE, RMSE, MAE, MAPE: 54868224.00, 54868222.00, 7353.08, 5485.24, 6.55%
Test - Best epoch, Loss, MSE, RMSE, MAE, MAPE: 83, 26754752.00, 26754753.00, 5128.57, 3801.60, 4.15%
- Epoch 087, ExpID 69481
Train - Loss: 5786544.50
Val - Loss, MSE, RMSE, MAE, MAPE: 54402000.00, 54402000.00, 7327.83, 5456.29, 6.52%
Test - Best epoch, Loss, MSE, RMSE, MAE, MAPE: 83, 26754752.00, 26754753.00, 5128.57, 3801.60, 4.15%
- Epoch 088, ExpID 69481
Train - Loss: 5739880.17
Val - Loss, MSE, RMSE, MAE, MAPE: 55307064.00, 55307066.00, 7376.56, 5522.88, 6.59%
Test - Best epoch, Loss, MSE, RMSE, MAE, MAPE: 83, 26754752.00, 26754753.00, 5128.57, 3801.60, 4.15%
- Epoch 089, ExpID 69481
Train - Loss: 5689818.75
Val - Loss, MSE, RMSE, MAE, MAPE: 54712980.00, 54712980.00, 7342.77, 5467.68, 6.52%
Test - Best epoch, Loss, MSE, RMSE, MAE, MAPE: 83, 26754752.00, 26754753.00, 5128.57, 3801.60, 4.15%
- Epoch 090, ExpID 69481
Train - Loss: 5663199.85
Val - Loss, MSE, RMSE, MAE, MAPE: 54929712.00, 54929710.00, 7357.33, 5477.53, 6.53%
Test - Best epoch, Loss, MSE, RMSE, MAE, MAPE: 83, 26754752.00, 26754753.00, 5128.57, 3801.60, 4.15%
- Epoch 091, ExpID 69481
Train - Loss: 5602291.75
Val - Loss, MSE, RMSE, MAE, MAPE: 54992984.00, 54992984.00, 7363.83, 5508.82, 6.58%
Test - Best epoch, Loss, MSE, RMSE, MAE, MAPE: 83, 26754752.00, 26754753.00, 5128.57, 3801.60, 4.15%
- Epoch 092, ExpID 69481
Train - Loss: 5562902.03
Val - Loss, MSE, RMSE, MAE, MAPE: 54798672.00, 54798670.00, 7354.25, 5455.71, 6.51%
Test - Best epoch, Loss, MSE, RMSE, MAE, MAPE: 83, 26754752.00, 26754753.00, 5128.57, 3801.60, 4.15%
- Epoch 093, ExpID 69481
Train - Loss: 5521361.75
Val - Loss, MSE, RMSE, MAE, MAPE: 54927584.00, 54927582.00, 7356.57, 5482.37, 6.55%
Test - Best epoch, Loss, MSE, RMSE, MAE, MAPE: 83, 26754752.00, 26754753.00, 5128.57, 3801.60, 4.15%
Early Stopping at Epoch 93
Fold 2018 Best RMSE: 5128.5715

-------------------- [Fold: 2019] ExpID: 67718 --------------------
- Epoch 000, ExpID 67718
Train - Loss: 38454819.00
Val - Loss, MSE, RMSE, MAE, MAPE: 37464700.00, 37464700.00, 6114.52, 4652.20, 5.05%
Test - Best epoch, Loss, MSE, RMSE, MAE, MAPE: 0, 36894504.00, 36894504.00, 5943.88, 4489.60, 4.82%
- Epoch 001, ExpID 67718
Train - Loss: 27881352.45
Val - Loss, MSE, RMSE, MAE, MAPE: 33278296.00, 33278295.00, 5763.50, 4272.24, 4.66%
Test - Best epoch, Loss, MSE, RMSE, MAE, MAPE: 1, 30121758.00, 30121758.00, 5356.32, 4003.96, 4.29%
- Epoch 002, ExpID 67718
Train - Loss: 24906527.73
Val - Loss, MSE, RMSE, MAE, MAPE: 31424488.00, 31424488.00, 5598.43, 4053.05, 4.45%
Test - Best epoch, Loss, MSE, RMSE, MAE, MAPE: 2, 27605718.00, 27605717.50, 5103.60, 3758.08, 4.03%
- Epoch 003, ExpID 67718
Train - Loss: 22687813.36
Val - Loss, MSE, RMSE, MAE, MAPE: 31505468.00, 31505467.00, 5604.69, 3989.56, 4.39%
Test - Best epoch, Loss, MSE, RMSE, MAE, MAPE: 2, 27605718.00, 27605717.50, 5103.60, 3758.08, 4.03%
- Epoch 004, ExpID 67718
Train - Loss: 21053311.91
Val - Loss, MSE, RMSE, MAE, MAPE: 31456764.00, 31456764.00, 5598.49, 3978.89, 4.37%
Test - Best epoch, Loss, MSE, RMSE, MAE, MAPE: 2, 27605718.00, 27605717.50, 5103.60, 3758.08, 4.03%
- Epoch 005, ExpID 67718
Train - Loss: 19526479.64
Val - Loss, MSE, RMSE, MAE, MAPE: 32064884.00, 32064885.00, 5654.02, 4033.41, 4.42%
Test - Best epoch, Loss, MSE, RMSE, MAE, MAPE: 2, 27605718.00, 27605717.50, 5103.60, 3758.08, 4.03%
- Epoch 006, ExpID 67718
Train - Loss: 18664009.73
Val - Loss, MSE, RMSE, MAE, MAPE: 31745856.00, 31745855.00, 5626.50, 4010.24, 4.39%
Test - Best epoch, Loss, MSE, RMSE, MAE, MAPE: 2, 27605718.00, 27605717.50, 5103.60, 3758.08, 4.03%
- Epoch 007, ExpID 67718
Train - Loss: 17777471.45
Val - Loss, MSE, RMSE, MAE, MAPE: 32048636.00, 32048637.00, 5655.86, 4079.80, 4.46%
Test - Best epoch, Loss, MSE, RMSE, MAE, MAPE: 2, 27605718.00, 27605717.50, 5103.60, 3758.08, 4.03%
- Epoch 008, ExpID 67718
Train - Loss: 16991830.32
Val - Loss, MSE, RMSE, MAE, MAPE: 31380404.00, 31380404.00, 5595.44, 4002.30, 4.39%
Test - Best epoch, Loss, MSE, RMSE, MAE, MAPE: 8, 27308994.00, 27308994.50, 5037.45, 3690.67, 3.90%
- Epoch 009, ExpID 67718
Train - Loss: 16388560.09
Val - Loss, MSE, RMSE, MAE, MAPE: 30551258.00, 30551258.00, 5518.80, 3905.28, 4.28%
Test - Best epoch, Loss, MSE, RMSE, MAE, MAPE: 9, 27899524.00, 27899524.00, 5121.97, 3799.74, 4.01%
- Epoch 010, ExpID 67718
Train - Loss: 15891595.36
Val - Loss, MSE, RMSE, MAE, MAPE: 30694972.00, 30694971.00, 5532.64, 3916.11, 4.30%
Test - Best epoch, Loss, MSE, RMSE, MAE, MAPE: 9, 27899524.00, 27899524.00, 5121.97, 3799.74, 4.01%
- Epoch 011, ExpID 67718
Train - Loss: 15310738.32
Val - Loss, MSE, RMSE, MAE, MAPE: 31322840.00, 31322840.00, 5590.10, 4002.13, 4.38%
Test - Best epoch, Loss, MSE, RMSE, MAE, MAPE: 9, 27899524.00, 27899524.00, 5121.97, 3799.74, 4.01%
- Epoch 012, ExpID 67718
Train - Loss: 15139656.27
Val - Loss, MSE, RMSE, MAE, MAPE: 31287404.00, 31287403.00, 5587.62, 3990.56, 4.37%
Test - Best epoch, Loss, MSE, RMSE, MAE, MAPE: 9, 27899524.00, 27899524.00, 5121.97, 3799.74, 4.01%
- Epoch 013, ExpID 67718
Train - Loss: 14675632.36
Val - Loss, MSE, RMSE, MAE, MAPE: 30395340.00, 30395341.00, 5503.73, 3880.09, 4.27%
Test - Best epoch, Loss, MSE, RMSE, MAE, MAPE: 13, 27300616.00, 27300615.50, 5054.34, 3767.23, 3.98%
- Epoch 014, ExpID 67718
Train - Loss: 14288598.95
Val - Loss, MSE, RMSE, MAE, MAPE: 30944132.00, 30944132.00, 5555.75, 3979.02, 4.36%
Test - Best epoch, Loss, MSE, RMSE, MAE, MAPE: 13, 27300616.00, 27300615.50, 5054.34, 3767.23, 3.98%
- Epoch 015, ExpID 67718
Train - Loss: 13966181.55
Val - Loss, MSE, RMSE, MAE, MAPE: 31101116.00, 31101117.00, 5568.13, 3986.17, 4.37%
Test - Best epoch, Loss, MSE, RMSE, MAE, MAPE: 13, 27300616.00, 27300615.50, 5054.34, 3767.23, 3.98%
- Epoch 016, ExpID 67718
Train - Loss: 13530577.36
Val - Loss, MSE, RMSE, MAE, MAPE: 31023504.00, 31023503.00, 5560.89, 3984.35, 4.38%
Test - Best epoch, Loss, MSE, RMSE, MAE, MAPE: 13, 27300616.00, 27300615.50, 5054.34, 3767.23, 3.98%
- Epoch 017, ExpID 67718
Train - Loss: 13381960.23
Val - Loss, MSE, RMSE, MAE, MAPE: 31109244.00, 31109243.00, 5569.41, 4008.21, 4.40%
Test - Best epoch, Loss, MSE, RMSE, MAE, MAPE: 13, 27300616.00, 27300615.50, 5054.34, 3767.23, 3.98%
- Epoch 018, ExpID 67718
Train - Loss: 13230128.86
Val - Loss, MSE, RMSE, MAE, MAPE: 31302108.00, 31302109.00, 5586.79, 4035.75, 4.42%
Test - Best epoch, Loss, MSE, RMSE, MAE, MAPE: 13, 27300616.00, 27300615.50, 5054.34, 3767.23, 3.98%
- Epoch 019, ExpID 67718
Train - Loss: 12828728.09
Val - Loss, MSE, RMSE, MAE, MAPE: 31416380.00, 31416379.00, 5593.44, 4044.98, 4.44%
Test - Best epoch, Loss, MSE, RMSE, MAE, MAPE: 13, 27300616.00, 27300615.50, 5054.34, 3767.23, 3.98%
- Epoch 020, ExpID 67718
Train - Loss: 12744798.68
Val - Loss, MSE, RMSE, MAE, MAPE: 32168612.00, 32168612.00, 5663.97, 4164.65, 4.56%
Test - Best epoch, Loss, MSE, RMSE, MAE, MAPE: 13, 27300616.00, 27300615.50, 5054.34, 3767.23, 3.98%
- Epoch 021, ExpID 67718
Train - Loss: 12365838.41
Val - Loss, MSE, RMSE, MAE, MAPE: 31995382.00, 31995382.00, 5650.35, 4156.46, 4.55%
Test - Best epoch, Loss, MSE, RMSE, MAE, MAPE: 13, 27300616.00, 27300615.50, 5054.34, 3767.23, 3.98%
- Epoch 022, ExpID 67718
Train - Loss: 12343617.32
Val - Loss, MSE, RMSE, MAE, MAPE: 31552232.00, 31552232.00, 5603.68, 4088.58, 4.48%
Test - Best epoch, Loss, MSE, RMSE, MAE, MAPE: 13, 27300616.00, 27300615.50, 5054.34, 3767.23, 3.98%
- Epoch 023, ExpID 67718
Train - Loss: 11999231.23
Val - Loss, MSE, RMSE, MAE, MAPE: 31734372.00, 31734373.00, 5623.29, 4124.42, 4.51%
Test - Best epoch, Loss, MSE, RMSE, MAE, MAPE: 13, 27300616.00, 27300615.50, 5054.34, 3767.23, 3.98%
Early Stopping at Epoch 23
Fold 2019 Best RMSE: 5054.3367
