DETAILED LOG | Model: patchtst | Seed: 2
FULL CONFIG: {'gpu': '1', 'target': 'arrival', 'cv_start_year': 2017, 'cv_end_year': 2019, 'test_year': 2024, 'use_corona': False, 'seq_len': 365, 'label_len': 0, 'pred_len': 1, 'batch_size': 64, 'epochs': 1000, 'patience': 10, 'lr': 0.0001, 'model': 'patchtst', 'd_model': 256, 'n_heads': 4, 'n_layers': 1, 'dropout': 0.1, 'activation': 'gelu', 'patch_len': 14, 'factor': 5, 'norm_mode': 'revin', 'use_dbloss': False, 'device': device(type='cuda'), 'stride': 14, 'file_path': 'dataset/airport_daily_flight_merged.csv', 'seed': 2, 'val_year': 2019, 'ndims': 1}

-------------------- [Fold: 2017] ExpID: 66888 --------------------
- Epoch 000, ExpID 66888
Train - Loss: 23504933.39
Val - Loss, MSE, RMSE, MAE, MAPE: 20134704.00, 20134704.83, 4423.56, 3321.83, 4.20%
Test - Best epoch, Loss, MSE, RMSE, MAE, MAPE: 0, 30789084.00, 30789083.33, 5323.99, 3830.71, 4.43%
- Epoch 001, ExpID 66888
Train - Loss: 17213306.03
Val - Loss, MSE, RMSE, MAE, MAPE: 23219030.00, 23219028.83, 4680.30, 3683.03, 4.55%
Test - Best epoch, Loss, MSE, RMSE, MAE, MAPE: 0, 30789084.00, 30789083.33, 5323.99, 3830.71, 4.43%
- Epoch 002, ExpID 66888
Train - Loss: 15795176.98
Val - Loss, MSE, RMSE, MAE, MAPE: 17177254.00, 17177253.67, 4087.32, 3141.60, 3.94%
Test - Best epoch, Loss, MSE, RMSE, MAE, MAPE: 2, 22619972.00, 22619971.50, 4558.53, 3198.88, 3.68%
- Epoch 003, ExpID 66888
Train - Loss: 14569014.53
Val - Loss, MSE, RMSE, MAE, MAPE: 23924046.00, 23924045.67, 4772.22, 3805.28, 4.72%
Test - Best epoch, Loss, MSE, RMSE, MAE, MAPE: 2, 22619972.00, 22619971.50, 4558.53, 3198.88, 3.68%
- Epoch 004, ExpID 66888
Train - Loss: 14870637.61
Val - Loss, MSE, RMSE, MAE, MAPE: 16347468.00, 16347468.83, 4008.19, 3054.55, 3.83%
Test - Best epoch, Loss, MSE, RMSE, MAE, MAPE: 4, 22127476.00, 22127475.67, 4537.15, 3199.31, 3.67%
- Epoch 005, ExpID 66888
Train - Loss: 14086733.45
Val - Loss, MSE, RMSE, MAE, MAPE: 15815028.00, 15815028.00, 3907.57, 2996.63, 3.76%
Test - Best epoch, Loss, MSE, RMSE, MAE, MAPE: 5, 20251954.00, 20251952.83, 4361.46, 3004.03, 3.44%
- Epoch 006, ExpID 66888
Train - Loss: 13212788.51
Val - Loss, MSE, RMSE, MAE, MAPE: 14936315.00, 14936315.58, 3797.72, 2927.10, 3.71%
Test - Best epoch, Loss, MSE, RMSE, MAE, MAPE: 6, 19865232.00, 19865230.83, 4313.03, 3094.88, 3.61%
- Epoch 007, ExpID 66888
Train - Loss: 12973577.98
Val - Loss, MSE, RMSE, MAE, MAPE: 18923898.00, 18923897.83, 4262.95, 3419.80, 4.26%
Test - Best epoch, Loss, MSE, RMSE, MAE, MAPE: 6, 19865232.00, 19865230.83, 4313.03, 3094.88, 3.61%
- Epoch 008, ExpID 66888
Train - Loss: 12783644.07
Val - Loss, MSE, RMSE, MAE, MAPE: 13488836.00, 13488835.50, 3628.83, 2724.71, 3.45%
Test - Best epoch, Loss, MSE, RMSE, MAE, MAPE: 8, 19656872.00, 19656870.75, 4289.91, 3235.98, 3.81%
- Epoch 009, ExpID 66888
Train - Loss: 12729687.76
Val - Loss, MSE, RMSE, MAE, MAPE: 16177783.00, 16177783.83, 3969.82, 3086.02, 3.84%
Test - Best epoch, Loss, MSE, RMSE, MAE, MAPE: 8, 19656872.00, 19656870.75, 4289.91, 3235.98, 3.81%
- Epoch 010, ExpID 66888
Train - Loss: 13098708.45
Val - Loss, MSE, RMSE, MAE, MAPE: 19510110.00, 19510109.33, 4360.14, 3422.60, 4.25%
Test - Best epoch, Loss, MSE, RMSE, MAE, MAPE: 8, 19656872.00, 19656870.75, 4289.91, 3235.98, 3.81%
- Epoch 011, ExpID 66888
Train - Loss: 12890728.13
Val - Loss, MSE, RMSE, MAE, MAPE: 19571732.00, 19571730.33, 4375.65, 3422.34, 4.28%
Test - Best epoch, Loss, MSE, RMSE, MAE, MAPE: 8, 19656872.00, 19656870.75, 4289.91, 3235.98, 3.81%
- Epoch 012, ExpID 66888
Train - Loss: 12973723.30
Val - Loss, MSE, RMSE, MAE, MAPE: 12191910.00, 12191909.67, 3467.48, 2607.77, 3.34%
Test - Best epoch, Loss, MSE, RMSE, MAE, MAPE: 12, 20264096.00, 20264095.50, 4345.29, 3120.47, 3.65%
- Epoch 013, ExpID 66888
Train - Loss: 11707600.57
Val - Loss, MSE, RMSE, MAE, MAPE: 13860598.00, 13860597.83, 3683.54, 2789.50, 3.50%
Test - Best epoch, Loss, MSE, RMSE, MAE, MAPE: 12, 20264096.00, 20264095.50, 4345.29, 3120.47, 3.65%
- Epoch 014, ExpID 66888
Train - Loss: 11404349.62
Val - Loss, MSE, RMSE, MAE, MAPE: 19775964.00, 19775963.17, 4342.03, 3466.25, 4.30%
Test - Best epoch, Loss, MSE, RMSE, MAE, MAPE: 12, 20264096.00, 20264095.50, 4345.29, 3120.47, 3.65%
- Epoch 015, ExpID 66888
Train - Loss: 11885244.05
Val - Loss, MSE, RMSE, MAE, MAPE: 16566876.00, 16566875.50, 4005.86, 3067.60, 3.82%
Test - Best epoch, Loss, MSE, RMSE, MAE, MAPE: 12, 20264096.00, 20264095.50, 4345.29, 3120.47, 3.65%
- Epoch 016, ExpID 66888
Train - Loss: 12814316.43
Val - Loss, MSE, RMSE, MAE, MAPE: 13662543.00, 13662542.17, 3657.64, 2835.17, 3.62%
Test - Best epoch, Loss, MSE, RMSE, MAE, MAPE: 12, 20264096.00, 20264095.50, 4345.29, 3120.47, 3.65%
- Epoch 017, ExpID 66888
Train - Loss: 11280705.52
Val - Loss, MSE, RMSE, MAE, MAPE: 18745086.00, 18745086.83, 4243.14, 3324.80, 4.14%
Test - Best epoch, Loss, MSE, RMSE, MAE, MAPE: 12, 20264096.00, 20264095.50, 4345.29, 3120.47, 3.65%
- Epoch 018, ExpID 66888
Train - Loss: 11935473.31
Val - Loss, MSE, RMSE, MAE, MAPE: 18276188.00, 18276187.67, 4229.06, 3253.13, 4.03%
Test - Best epoch, Loss, MSE, RMSE, MAE, MAPE: 12, 20264096.00, 20264095.50, 4345.29, 3120.47, 3.65%
- Epoch 019, ExpID 66888
Train - Loss: 11826348.69
Val - Loss, MSE, RMSE, MAE, MAPE: 15607723.00, 15607723.33, 3899.72, 2923.06, 3.62%
Test - Best epoch, Loss, MSE, RMSE, MAE, MAPE: 12, 20264096.00, 20264095.50, 4345.29, 3120.47, 3.65%
- Epoch 020, ExpID 66888
Train - Loss: 11034128.81
Val - Loss, MSE, RMSE, MAE, MAPE: 12759775.00, 12759775.50, 3546.10, 2599.51, 3.25%
Test - Best epoch, Loss, MSE, RMSE, MAE, MAPE: 12, 20264096.00, 20264095.50, 4345.29, 3120.47, 3.65%
- Epoch 021, ExpID 66888
Train - Loss: 10621858.35
Val - Loss, MSE, RMSE, MAE, MAPE: 13787390.00, 13787388.83, 3627.87, 2731.19, 3.43%
Test - Best epoch, Loss, MSE, RMSE, MAE, MAPE: 12, 20264096.00, 20264095.50, 4345.29, 3120.47, 3.65%
- Epoch 022, ExpID 66888
Train - Loss: 10816135.23
Val - Loss, MSE, RMSE, MAE, MAPE: 11329731.00, 11329730.50, 3341.97, 2538.39, 3.21%
Test - Best epoch, Loss, MSE, RMSE, MAE, MAPE: 22, 20430948.00, 20430947.67, 4320.56, 3030.16, 3.50%
- Epoch 023, ExpID 66888
Train - Loss: 11023642.97
Val - Loss, MSE, RMSE, MAE, MAPE: 17595596.00, 17595594.67, 4118.76, 3149.97, 3.90%
Test - Best epoch, Loss, MSE, RMSE, MAE, MAPE: 22, 20430948.00, 20430947.67, 4320.56, 3030.16, 3.50%
- Epoch 024, ExpID 66888
Train - Loss: 10571068.79
Val - Loss, MSE, RMSE, MAE, MAPE: 13065608.00, 13065608.83, 3574.86, 2644.68, 3.32%
Test - Best epoch, Loss, MSE, RMSE, MAE, MAPE: 22, 20430948.00, 20430947.67, 4320.56, 3030.16, 3.50%
- Epoch 025, ExpID 66888
Train - Loss: 10024410.39
Val - Loss, MSE, RMSE, MAE, MAPE: 12594127.00, 12594126.67, 3508.46, 2596.47, 3.26%
Test - Best epoch, Loss, MSE, RMSE, MAE, MAPE: 22, 20430948.00, 20430947.67, 4320.56, 3030.16, 3.50%
- Epoch 026, ExpID 66888
Train - Loss: 10208120.08
Val - Loss, MSE, RMSE, MAE, MAPE: 15964667.00, 15964666.92, 3953.16, 2984.18, 3.72%
Test - Best epoch, Loss, MSE, RMSE, MAE, MAPE: 22, 20430948.00, 20430947.67, 4320.56, 3030.16, 3.50%
- Epoch 027, ExpID 66888
Train - Loss: 10234662.04
Val - Loss, MSE, RMSE, MAE, MAPE: 22391968.00, 22391967.50, 4654.11, 3651.68, 4.53%
Test - Best epoch, Loss, MSE, RMSE, MAE, MAPE: 22, 20430948.00, 20430947.67, 4320.56, 3030.16, 3.50%
- Epoch 028, ExpID 66888
Train - Loss: 10680210.72
Val - Loss, MSE, RMSE, MAE, MAPE: 17130862.00, 17130861.33, 4063.08, 3142.54, 3.91%
Test - Best epoch, Loss, MSE, RMSE, MAE, MAPE: 22, 20430948.00, 20430947.67, 4320.56, 3030.16, 3.50%
- Epoch 029, ExpID 66888
Train - Loss: 10445888.98
Val - Loss, MSE, RMSE, MAE, MAPE: 14381563.00, 14381564.50, 3708.46, 2784.27, 3.46%
Test - Best epoch, Loss, MSE, RMSE, MAE, MAPE: 22, 20430948.00, 20430947.67, 4320.56, 3030.16, 3.50%
- Epoch 030, ExpID 66888
Train - Loss: 9810557.66
Val - Loss, MSE, RMSE, MAE, MAPE: 13441394.00, 13441393.17, 3599.58, 2664.32, 3.34%
Test - Best epoch, Loss, MSE, RMSE, MAE, MAPE: 22, 20430948.00, 20430947.67, 4320.56, 3030.16, 3.50%
- Epoch 031, ExpID 66888
Train - Loss: 9749311.73
Val - Loss, MSE, RMSE, MAE, MAPE: 16642616.00, 16642615.83, 4015.38, 3066.03, 3.80%
Test - Best epoch, Loss, MSE, RMSE, MAE, MAPE: 22, 20430948.00, 20430947.67, 4320.56, 3030.16, 3.50%
- Epoch 032, ExpID 66888
Train - Loss: 10367439.90
Val - Loss, MSE, RMSE, MAE, MAPE: 17213718.00, 17213718.17, 4065.13, 3107.45, 3.89%
Test - Best epoch, Loss, MSE, RMSE, MAE, MAPE: 22, 20430948.00, 20430947.67, 4320.56, 3030.16, 3.50%
Early Stopping at Epoch 32
Fold 2017 Best RMSE: 4320.5640

-------------------- [Fold: 2018] ExpID: 68840 --------------------
- Epoch 000, ExpID 68840
Train - Loss: 24184713.30
Val - Loss, MSE, RMSE, MAE, MAPE: 28107454.00, 28107453.33, 5055.91, 3796.66, 4.37%
Test - Best epoch, Loss, MSE, RMSE, MAE, MAPE: 0, 20522174.00, 20522173.00, 4484.86, 3438.84, 3.73%
- Epoch 001, ExpID 68840
Train - Loss: 17251366.04
Val - Loss, MSE, RMSE, MAE, MAPE: 26761608.00, 26761608.33, 4868.55, 3401.49, 3.87%
Test - Best epoch, Loss, MSE, RMSE, MAE, MAPE: 1, 18124760.00, 18124759.25, 4108.77, 3143.32, 3.36%
- Epoch 002, ExpID 68840
Train - Loss: 17309434.76
Val - Loss, MSE, RMSE, MAE, MAPE: 21285644.00, 21285641.83, 4379.80, 3021.42, 3.46%
Test - Best epoch, Loss, MSE, RMSE, MAE, MAPE: 2, 14519814.00, 14519813.25, 3695.99, 2716.45, 2.94%
- Epoch 003, ExpID 68840
Train - Loss: 14974651.59
Val - Loss, MSE, RMSE, MAE, MAPE: 18854776.00, 18854776.33, 4169.43, 2930.19, 3.36%
Test - Best epoch, Loss, MSE, RMSE, MAE, MAPE: 3, 14737524.00, 14737524.00, 3728.24, 2749.07, 2.98%
- Epoch 004, ExpID 68840
Train - Loss: 15380944.54
Val - Loss, MSE, RMSE, MAE, MAPE: 24148424.00, 24148424.00, 4830.21, 3698.83, 4.37%
Test - Best epoch, Loss, MSE, RMSE, MAE, MAPE: 3, 14737524.00, 14737524.00, 3728.24, 2749.07, 2.98%
- Epoch 005, ExpID 68840
Train - Loss: 15346763.51
Val - Loss, MSE, RMSE, MAE, MAPE: 19954788.00, 19954789.00, 4298.78, 3149.62, 3.69%
Test - Best epoch, Loss, MSE, RMSE, MAE, MAPE: 3, 14737524.00, 14737524.00, 3728.24, 2749.07, 2.98%
- Epoch 006, ExpID 68840
Train - Loss: 14309416.66
Val - Loss, MSE, RMSE, MAE, MAPE: 19535756.00, 19535756.17, 4294.69, 3168.49, 3.74%
Test - Best epoch, Loss, MSE, RMSE, MAE, MAPE: 3, 14737524.00, 14737524.00, 3728.24, 2749.07, 2.98%
- Epoch 007, ExpID 68840
Train - Loss: 13585991.86
Val - Loss, MSE, RMSE, MAE, MAPE: 19220096.00, 19220096.75, 4259.65, 2975.46, 3.41%
Test - Best epoch, Loss, MSE, RMSE, MAE, MAPE: 3, 14737524.00, 14737524.00, 3728.24, 2749.07, 2.98%
- Epoch 008, ExpID 68840
Train - Loss: 14039554.68
Val - Loss, MSE, RMSE, MAE, MAPE: 19651342.00, 19651339.83, 4265.08, 2974.34, 3.40%
Test - Best epoch, Loss, MSE, RMSE, MAE, MAPE: 3, 14737524.00, 14737524.00, 3728.24, 2749.07, 2.98%
- Epoch 009, ExpID 68840
Train - Loss: 13801162.24
Val - Loss, MSE, RMSE, MAE, MAPE: 18298802.00, 18298800.83, 4191.85, 3039.05, 3.53%
Test - Best epoch, Loss, MSE, RMSE, MAE, MAPE: 9, 15069068.00, 15069068.17, 3815.09, 2842.90, 3.09%
- Epoch 010, ExpID 68840
Train - Loss: 13803291.76
Val - Loss, MSE, RMSE, MAE, MAPE: 18526548.00, 18526546.33, 4142.57, 2905.12, 3.35%
Test - Best epoch, Loss, MSE, RMSE, MAE, MAPE: 9, 15069068.00, 15069068.17, 3815.09, 2842.90, 3.09%
- Epoch 011, ExpID 68840
Train - Loss: 12944135.04
Val - Loss, MSE, RMSE, MAE, MAPE: 17770420.00, 17770419.50, 4079.37, 2910.11, 3.37%
Test - Best epoch, Loss, MSE, RMSE, MAE, MAPE: 11, 14663448.00, 14663448.33, 3752.48, 2844.93, 3.10%
- Epoch 012, ExpID 68840
Train - Loss: 12685364.50
Val - Loss, MSE, RMSE, MAE, MAPE: 19576188.00, 19576186.33, 4277.17, 3011.26, 3.46%
Test - Best epoch, Loss, MSE, RMSE, MAE, MAPE: 11, 14663448.00, 14663448.33, 3752.48, 2844.93, 3.10%
- Epoch 013, ExpID 68840
Train - Loss: 13117694.67
Val - Loss, MSE, RMSE, MAE, MAPE: 18771348.00, 18771349.33, 4182.53, 2978.15, 3.48%
Test - Best epoch, Loss, MSE, RMSE, MAE, MAPE: 11, 14663448.00, 14663448.33, 3752.48, 2844.93, 3.10%
- Epoch 014, ExpID 68840
Train - Loss: 12095114.76
Val - Loss, MSE, RMSE, MAE, MAPE: 21529426.00, 21529424.75, 4459.80, 3089.61, 3.52%
Test - Best epoch, Loss, MSE, RMSE, MAE, MAPE: 11, 14663448.00, 14663448.33, 3752.48, 2844.93, 3.10%
- Epoch 015, ExpID 68840
Train - Loss: 13113404.46
Val - Loss, MSE, RMSE, MAE, MAPE: 19619024.00, 19619024.33, 4270.81, 2900.86, 3.33%
Test - Best epoch, Loss, MSE, RMSE, MAE, MAPE: 11, 14663448.00, 14663448.33, 3752.48, 2844.93, 3.10%
- Epoch 016, ExpID 68840
Train - Loss: 12325900.24
Val - Loss, MSE, RMSE, MAE, MAPE: 20804500.00, 20804498.00, 4380.60, 2992.33, 3.40%
Test - Best epoch, Loss, MSE, RMSE, MAE, MAPE: 11, 14663448.00, 14663448.33, 3752.48, 2844.93, 3.10%
- Epoch 017, ExpID 68840
Train - Loss: 12772824.76
Val - Loss, MSE, RMSE, MAE, MAPE: 19625338.00, 19625337.17, 4288.03, 3093.01, 3.57%
Test - Best epoch, Loss, MSE, RMSE, MAE, MAPE: 11, 14663448.00, 14663448.33, 3752.48, 2844.93, 3.10%
- Epoch 018, ExpID 68840
Train - Loss: 12937096.54
Val - Loss, MSE, RMSE, MAE, MAPE: 19755548.00, 19755547.67, 4336.49, 3039.15, 3.52%
Test - Best epoch, Loss, MSE, RMSE, MAE, MAPE: 11, 14663448.00, 14663448.33, 3752.48, 2844.93, 3.10%
- Epoch 019, ExpID 68840
Train - Loss: 11902544.79
Val - Loss, MSE, RMSE, MAE, MAPE: 19454952.00, 19454951.33, 4235.13, 2968.13, 3.42%
Test - Best epoch, Loss, MSE, RMSE, MAE, MAPE: 11, 14663448.00, 14663448.33, 3752.48, 2844.93, 3.10%
- Epoch 020, ExpID 68840
Train - Loss: 12104844.90
Val - Loss, MSE, RMSE, MAE, MAPE: 20453860.00, 20453858.17, 4366.28, 2970.36, 3.41%
Test - Best epoch, Loss, MSE, RMSE, MAE, MAPE: 11, 14663448.00, 14663448.33, 3752.48, 2844.93, 3.10%
- Epoch 021, ExpID 68840
Train - Loss: 11378237.72
Val - Loss, MSE, RMSE, MAE, MAPE: 19813636.00, 19813635.67, 4291.65, 2968.54, 3.41%
Test - Best epoch, Loss, MSE, RMSE, MAE, MAPE: 11, 14663448.00, 14663448.33, 3752.48, 2844.93, 3.10%
Early Stopping at Epoch 21
Fold 2018 Best RMSE: 3752.4814

-------------------- [Fold: 2019] ExpID: 3155 --------------------
- Epoch 000, ExpID 3155
Train - Loss: 27047924.21
Val - Loss, MSE, RMSE, MAE, MAPE: 20146704.00, 20146703.67, 4394.61, 3385.95, 3.68%
Test - Best epoch, Loss, MSE, RMSE, MAE, MAPE: 0, 20654076.00, 20654076.50, 4482.90, 3362.81, 3.54%
- Epoch 001, ExpID 3155
Train - Loss: 18807622.63
Val - Loss, MSE, RMSE, MAE, MAPE: 16993980.00, 16993980.17, 4029.43, 3038.32, 3.28%
Test - Best epoch, Loss, MSE, RMSE, MAE, MAPE: 1, 17377990.00, 17377990.00, 4142.01, 3074.87, 3.19%
- Epoch 002, ExpID 3155
Train - Loss: 17177518.72
Val - Loss, MSE, RMSE, MAE, MAPE: 14936619.00, 14936620.25, 3747.45, 2782.83, 3.01%
Test - Best epoch, Loss, MSE, RMSE, MAE, MAPE: 2, 15653835.00, 15653834.17, 3895.09, 2772.24, 2.89%
- Epoch 003, ExpID 3155
Train - Loss: 15936408.29
Val - Loss, MSE, RMSE, MAE, MAPE: 15935963.00, 15935962.67, 3891.81, 2853.14, 3.06%
Test - Best epoch, Loss, MSE, RMSE, MAE, MAPE: 2, 15653835.00, 15653834.17, 3895.09, 2772.24, 2.89%
- Epoch 004, ExpID 3155
Train - Loss: 16532385.45
Val - Loss, MSE, RMSE, MAE, MAPE: 16354034.00, 16354033.25, 3929.65, 2988.74, 3.24%
Test - Best epoch, Loss, MSE, RMSE, MAE, MAPE: 2, 15653835.00, 15653834.17, 3895.09, 2772.24, 2.89%
- Epoch 005, ExpID 3155
Train - Loss: 15457649.03
Val - Loss, MSE, RMSE, MAE, MAPE: 14757584.00, 14757583.83, 3726.94, 2712.84, 2.92%
Test - Best epoch, Loss, MSE, RMSE, MAE, MAPE: 5, 14162770.00, 14162769.17, 3683.50, 2583.61, 2.69%
- Epoch 006, ExpID 3155
Train - Loss: 15940858.17
Val - Loss, MSE, RMSE, MAE, MAPE: 14678270.00, 14678269.25, 3748.25, 2803.49, 3.04%
Test - Best epoch, Loss, MSE, RMSE, MAE, MAPE: 6, 13830948.00, 13830949.42, 3619.45, 2609.94, 2.74%
- Epoch 007, ExpID 3155
Train - Loss: 15382848.50
Val - Loss, MSE, RMSE, MAE, MAPE: 19057698.00, 19057697.33, 4304.21, 3350.97, 3.63%
Test - Best epoch, Loss, MSE, RMSE, MAE, MAPE: 6, 13830948.00, 13830949.42, 3619.45, 2609.94, 2.74%
- Epoch 008, ExpID 3155
Train - Loss: 15360362.83
Val - Loss, MSE, RMSE, MAE, MAPE: 15067706.00, 15067704.00, 3795.28, 2839.98, 3.08%
Test - Best epoch, Loss, MSE, RMSE, MAE, MAPE: 6, 13830948.00, 13830949.42, 3619.45, 2609.94, 2.74%
- Epoch 009, ExpID 3155
Train - Loss: 15562342.84
Val - Loss, MSE, RMSE, MAE, MAPE: 15415536.00, 15415536.50, 3815.15, 2872.77, 3.10%
Test - Best epoch, Loss, MSE, RMSE, MAE, MAPE: 6, 13830948.00, 13830949.42, 3619.45, 2609.94, 2.74%
- Epoch 010, ExpID 3155
Train - Loss: 14260449.30
Val - Loss, MSE, RMSE, MAE, MAPE: 14917886.00, 14917885.33, 3755.55, 2774.71, 2.97%
Test - Best epoch, Loss, MSE, RMSE, MAE, MAPE: 6, 13830948.00, 13830949.42, 3619.45, 2609.94, 2.74%
- Epoch 011, ExpID 3155
Train - Loss: 14039740.68
Val - Loss, MSE, RMSE, MAE, MAPE: 15440818.00, 15440816.92, 3800.32, 2854.00, 3.09%
Test - Best epoch, Loss, MSE, RMSE, MAE, MAPE: 6, 13830948.00, 13830949.42, 3619.45, 2609.94, 2.74%
- Epoch 012, ExpID 3155
Train - Loss: 13055513.37
Val - Loss, MSE, RMSE, MAE, MAPE: 14145592.00, 14145591.42, 3639.28, 2700.36, 2.93%
Test - Best epoch, Loss, MSE, RMSE, MAE, MAPE: 12, 13527644.00, 13527644.50, 3571.30, 2544.75, 2.69%
- Epoch 013, ExpID 3155
Train - Loss: 13571929.12
Val - Loss, MSE, RMSE, MAE, MAPE: 15820544.00, 15820543.33, 3866.16, 2924.39, 3.13%
Test - Best epoch, Loss, MSE, RMSE, MAE, MAPE: 12, 13527644.00, 13527644.50, 3571.30, 2544.75, 2.69%
- Epoch 014, ExpID 3155
Train - Loss: 13512632.47
Val - Loss, MSE, RMSE, MAE, MAPE: 16317876.00, 16317875.83, 3938.53, 3039.23, 3.31%
Test - Best epoch, Loss, MSE, RMSE, MAE, MAPE: 12, 13527644.00, 13527644.50, 3571.30, 2544.75, 2.69%
- Epoch 015, ExpID 3155
Train - Loss: 13164868.38
Val - Loss, MSE, RMSE, MAE, MAPE: 14581770.00, 14581769.17, 3738.18, 2887.75, 3.13%
Test - Best epoch, Loss, MSE, RMSE, MAE, MAPE: 12, 13527644.00, 13527644.50, 3571.30, 2544.75, 2.69%
- Epoch 016, ExpID 3155
Train - Loss: 13131089.85
Val - Loss, MSE, RMSE, MAE, MAPE: 16715075.00, 16715075.17, 3983.97, 3040.95, 3.30%
Test - Best epoch, Loss, MSE, RMSE, MAE, MAPE: 12, 13527644.00, 13527644.50, 3571.30, 2544.75, 2.69%
- Epoch 017, ExpID 3155
Train - Loss: 12846185.97
Val - Loss, MSE, RMSE, MAE, MAPE: 14536432.00, 14536431.08, 3701.02, 2771.92, 2.99%
Test - Best epoch, Loss, MSE, RMSE, MAE, MAPE: 12, 13527644.00, 13527644.50, 3571.30, 2544.75, 2.69%
- Epoch 018, ExpID 3155
Train - Loss: 13085423.44
Val - Loss, MSE, RMSE, MAE, MAPE: 15572950.00, 15572949.50, 3846.77, 2927.38, 3.21%
Test - Best epoch, Loss, MSE, RMSE, MAE, MAPE: 12, 13527644.00, 13527644.50, 3571.30, 2544.75, 2.69%
- Epoch 019, ExpID 3155
Train - Loss: 12732202.37
Val - Loss, MSE, RMSE, MAE, MAPE: 17273014.00, 17273013.67, 4096.62, 3229.05, 3.52%
Test - Best epoch, Loss, MSE, RMSE, MAE, MAPE: 12, 13527644.00, 13527644.50, 3571.30, 2544.75, 2.69%
- Epoch 020, ExpID 3155
Train - Loss: 12468735.81
Val - Loss, MSE, RMSE, MAE, MAPE: 14943086.00, 14943084.67, 3776.34, 2929.20, 3.18%
Test - Best epoch, Loss, MSE, RMSE, MAE, MAPE: 12, 13527644.00, 13527644.50, 3571.30, 2544.75, 2.69%
- Epoch 021, ExpID 3155
Train - Loss: 13083196.17
Val - Loss, MSE, RMSE, MAE, MAPE: 14384942.00, 14384942.08, 3713.63, 2838.74, 3.09%
Test - Best epoch, Loss, MSE, RMSE, MAE, MAPE: 12, 13527644.00, 13527644.50, 3571.30, 2544.75, 2.69%
- Epoch 022, ExpID 3155
Train - Loss: 12515510.97
Val - Loss, MSE, RMSE, MAE, MAPE: 16110391.00, 16110391.58, 3929.96, 3064.28, 3.35%
Test - Best epoch, Loss, MSE, RMSE, MAE, MAPE: 12, 13527644.00, 13527644.50, 3571.30, 2544.75, 2.69%
Early Stopping at Epoch 22
Fold 2019 Best RMSE: 3571.3005
