DETAILED LOG | Model: patchtst | Seed: 3
FULL CONFIG: {'gpu': '1', 'target': 'arrival', 'cv_start_year': 2017, 'cv_end_year': 2019, 'test_year': 2024, 'use_corona': False, 'seq_len': 365, 'label_len': 0, 'pred_len': 1, 'batch_size': 64, 'epochs': 1000, 'patience': 10, 'lr': 0.001, 'model': 'patchtst', 'd_model': 128, 'n_heads': 4, 'n_layers': 5, 'dropout': 0.1, 'activation': 'gelu', 'patch_len': 28, 'factor': 5, 'norm_mode': 'revin', 'use_dbloss': False, 'device': device(type='cuda'), 'stride': 28, 'file_path': 'dataset/airport_daily_flight_merged.csv', 'seed': 3, 'val_year': 2019, 'ndims': 1}

-------------------- [Fold: 2017] ExpID: 80722 --------------------
- Epoch 000, ExpID 80722
Train - Loss: 35937070.64
Val - Loss, MSE, RMSE, MAE, MAPE: 29703196.00, 29703195.67, 5403.47, 4170.40, 5.14%
Test - Best epoch, Loss, MSE, RMSE, MAE, MAPE: 0, 37890320.00, 37890319.33, 5970.56, 4391.18, 5.04%
- Epoch 001, ExpID 80722
Train - Loss: 21682686.31
Val - Loss, MSE, RMSE, MAE, MAPE: 23098424.00, 23098423.67, 4695.12, 3670.77, 4.67%
Test - Best epoch, Loss, MSE, RMSE, MAE, MAPE: 1, 24894796.00, 24894793.33, 4854.00, 3679.70, 4.32%
- Epoch 002, ExpID 80722
Train - Loss: 19910338.20
Val - Loss, MSE, RMSE, MAE, MAPE: 14738036.00, 14738035.50, 3814.58, 2901.91, 3.67%
Test - Best epoch, Loss, MSE, RMSE, MAE, MAPE: 2, 32917852.00, 32917849.67, 5581.23, 4198.42, 4.90%
- Epoch 003, ExpID 80722
Train - Loss: 18179346.31
Val - Loss, MSE, RMSE, MAE, MAPE: 17405308.00, 17405307.33, 4121.52, 3148.27, 3.91%
Test - Best epoch, Loss, MSE, RMSE, MAE, MAPE: 2, 32917852.00, 32917849.67, 5581.23, 4198.42, 4.90%
- Epoch 004, ExpID 80722
Train - Loss: 17417730.65
Val - Loss, MSE, RMSE, MAE, MAPE: 25171910.00, 25171911.33, 4849.87, 3861.57, 4.76%
Test - Best epoch, Loss, MSE, RMSE, MAE, MAPE: 2, 32917852.00, 32917849.67, 5581.23, 4198.42, 4.90%
- Epoch 005, ExpID 80722
Train - Loss: 16688426.80
Val - Loss, MSE, RMSE, MAE, MAPE: 14655872.00, 14655872.00, 3804.53, 2934.29, 3.70%
Test - Best epoch, Loss, MSE, RMSE, MAE, MAPE: 5, 21387824.00, 21387822.83, 4518.40, 3298.64, 3.80%
- Epoch 006, ExpID 80722
Train - Loss: 15576493.60
Val - Loss, MSE, RMSE, MAE, MAPE: 18740760.00, 18740757.83, 4295.51, 3388.93, 4.25%
Test - Best epoch, Loss, MSE, RMSE, MAE, MAPE: 5, 21387824.00, 21387822.83, 4518.40, 3298.64, 3.80%
- Epoch 007, ExpID 80722
Train - Loss: 15236020.17
Val - Loss, MSE, RMSE, MAE, MAPE: 35194836.00, 35194837.67, 5792.57, 4754.80, 5.81%
Test - Best epoch, Loss, MSE, RMSE, MAE, MAPE: 5, 21387824.00, 21387822.83, 4518.40, 3298.64, 3.80%
- Epoch 008, ExpID 80722
Train - Loss: 14172234.99
Val - Loss, MSE, RMSE, MAE, MAPE: 15043526.00, 15043525.50, 3828.53, 2940.19, 3.72%
Test - Best epoch, Loss, MSE, RMSE, MAE, MAPE: 5, 21387824.00, 21387822.83, 4518.40, 3298.64, 3.80%
- Epoch 009, ExpID 80722
Train - Loss: 14453280.72
Val - Loss, MSE, RMSE, MAE, MAPE: 24140678.00, 24140677.33, 4878.25, 3946.08, 5.02%
Test - Best epoch, Loss, MSE, RMSE, MAE, MAPE: 5, 21387824.00, 21387822.83, 4518.40, 3298.64, 3.80%
- Epoch 010, ExpID 80722
Train - Loss: 13745749.76
Val - Loss, MSE, RMSE, MAE, MAPE: 13518442.00, 13518441.33, 3648.79, 2658.06, 3.39%
Test - Best epoch, Loss, MSE, RMSE, MAE, MAPE: 10, 23908232.00, 23908231.17, 4734.92, 3432.48, 4.01%
- Epoch 011, ExpID 80722
Train - Loss: 12699988.36
Val - Loss, MSE, RMSE, MAE, MAPE: 21945456.00, 21945455.00, 4665.71, 3561.81, 4.54%
Test - Best epoch, Loss, MSE, RMSE, MAE, MAPE: 10, 23908232.00, 23908231.17, 4734.92, 3432.48, 4.01%
- Epoch 012, ExpID 80722
Train - Loss: 13545377.77
Val - Loss, MSE, RMSE, MAE, MAPE: 22222184.00, 22222184.33, 4698.28, 3674.27, 4.69%
Test - Best epoch, Loss, MSE, RMSE, MAE, MAPE: 10, 23908232.00, 23908231.17, 4734.92, 3432.48, 4.01%
- Epoch 013, ExpID 80722
Train - Loss: 12762380.90
Val - Loss, MSE, RMSE, MAE, MAPE: 14351227.00, 14351227.17, 3750.62, 2932.00, 3.73%
Test - Best epoch, Loss, MSE, RMSE, MAE, MAPE: 10, 23908232.00, 23908231.17, 4734.92, 3432.48, 4.01%
- Epoch 014, ExpID 80722
Train - Loss: 11969181.62
Val - Loss, MSE, RMSE, MAE, MAPE: 23797150.00, 23797148.50, 4820.31, 3945.83, 4.88%
Test - Best epoch, Loss, MSE, RMSE, MAE, MAPE: 10, 23908232.00, 23908231.17, 4734.92, 3432.48, 4.01%
- Epoch 015, ExpID 80722
Train - Loss: 12291579.63
Val - Loss, MSE, RMSE, MAE, MAPE: 13812747.00, 13812747.33, 3699.97, 2829.64, 3.59%
Test - Best epoch, Loss, MSE, RMSE, MAE, MAPE: 10, 23908232.00, 23908231.17, 4734.92, 3432.48, 4.01%
- Epoch 016, ExpID 80722
Train - Loss: 11476377.30
Val - Loss, MSE, RMSE, MAE, MAPE: 12953703.00, 12953703.33, 3566.13, 2654.57, 3.36%
Test - Best epoch, Loss, MSE, RMSE, MAE, MAPE: 16, 19682512.00, 19682512.33, 4334.32, 3149.71, 3.70%
- Epoch 017, ExpID 80722
Train - Loss: 10735539.26
Val - Loss, MSE, RMSE, MAE, MAPE: 14488787.00, 14488787.33, 3727.32, 2897.46, 3.66%
Test - Best epoch, Loss, MSE, RMSE, MAE, MAPE: 16, 19682512.00, 19682512.33, 4334.32, 3149.71, 3.70%
- Epoch 018, ExpID 80722
Train - Loss: 11229086.87
Val - Loss, MSE, RMSE, MAE, MAPE: 14178046.00, 14178045.67, 3730.33, 2860.85, 3.62%
Test - Best epoch, Loss, MSE, RMSE, MAE, MAPE: 16, 19682512.00, 19682512.33, 4334.32, 3149.71, 3.70%
- Epoch 019, ExpID 80722
Train - Loss: 10774101.63
Val - Loss, MSE, RMSE, MAE, MAPE: 14810951.00, 14810951.17, 3781.76, 2938.49, 3.68%
Test - Best epoch, Loss, MSE, RMSE, MAE, MAPE: 16, 19682512.00, 19682512.33, 4334.32, 3149.71, 3.70%
- Epoch 020, ExpID 80722
Train - Loss: 10113723.12
Val - Loss, MSE, RMSE, MAE, MAPE: 16270131.00, 16270128.67, 3974.32, 3209.57, 4.03%
Test - Best epoch, Loss, MSE, RMSE, MAE, MAPE: 16, 19682512.00, 19682512.33, 4334.32, 3149.71, 3.70%
- Epoch 021, ExpID 80722
Train - Loss: 9854931.03
Val - Loss, MSE, RMSE, MAE, MAPE: 17213898.00, 17213896.83, 4094.81, 3286.99, 4.10%
Test - Best epoch, Loss, MSE, RMSE, MAE, MAPE: 16, 19682512.00, 19682512.33, 4334.32, 3149.71, 3.70%
- Epoch 022, ExpID 80722
Train - Loss: 10080908.51
Val - Loss, MSE, RMSE, MAE, MAPE: 17514008.00, 17514008.33, 4128.69, 3267.05, 4.12%
Test - Best epoch, Loss, MSE, RMSE, MAE, MAPE: 16, 19682512.00, 19682512.33, 4334.32, 3149.71, 3.70%
- Epoch 023, ExpID 80722
Train - Loss: 10081423.07
Val - Loss, MSE, RMSE, MAE, MAPE: 14054243.00, 14054242.75, 3707.94, 2947.74, 3.80%
Test - Best epoch, Loss, MSE, RMSE, MAE, MAPE: 16, 19682512.00, 19682512.33, 4334.32, 3149.71, 3.70%
- Epoch 024, ExpID 80722
Train - Loss: 9481021.81
Val - Loss, MSE, RMSE, MAE, MAPE: 15824860.00, 15824859.42, 3930.93, 3037.27, 3.80%
Test - Best epoch, Loss, MSE, RMSE, MAE, MAPE: 16, 19682512.00, 19682512.33, 4334.32, 3149.71, 3.70%
- Epoch 025, ExpID 80722
Train - Loss: 9235322.97
Val - Loss, MSE, RMSE, MAE, MAPE: 16648746.00, 16648744.83, 4007.84, 3177.55, 3.99%
Test - Best epoch, Loss, MSE, RMSE, MAE, MAPE: 16, 19682512.00, 19682512.33, 4334.32, 3149.71, 3.70%
- Epoch 026, ExpID 80722
Train - Loss: 9224847.33
Val - Loss, MSE, RMSE, MAE, MAPE: 18317172.00, 18317173.00, 4259.96, 3452.37, 4.37%
Test - Best epoch, Loss, MSE, RMSE, MAE, MAPE: 16, 19682512.00, 19682512.33, 4334.32, 3149.71, 3.70%
Early Stopping at Epoch 26
Fold 2017 Best RMSE: 4334.3182

-------------------- [Fold: 2018] ExpID: 67441 --------------------
- Epoch 000, ExpID 67441
Train - Loss: 37111593.76
Val - Loss, MSE, RMSE, MAE, MAPE: 33680144.00, 33680141.50, 5531.91, 4418.36, 5.35%
Test - Best epoch, Loss, MSE, RMSE, MAE, MAPE: 0, 31426270.00, 31426268.67, 5439.98, 4455.62, 4.94%
- Epoch 001, ExpID 67441
Train - Loss: 22873330.90
Val - Loss, MSE, RMSE, MAE, MAPE: 39416632.00, 39416628.00, 6174.52, 4577.05, 5.23%
Test - Best epoch, Loss, MSE, RMSE, MAE, MAPE: 0, 31426270.00, 31426268.67, 5439.98, 4455.62, 4.94%
- Epoch 002, ExpID 67441
Train - Loss: 19605528.06
Val - Loss, MSE, RMSE, MAE, MAPE: 22676582.00, 22676582.17, 4630.73, 3318.35, 3.80%
Test - Best epoch, Loss, MSE, RMSE, MAE, MAPE: 2, 18809048.00, 18809048.17, 4269.08, 3159.43, 3.38%
- Epoch 003, ExpID 67441
Train - Loss: 18954446.16
Val - Loss, MSE, RMSE, MAE, MAPE: 30702880.00, 30702881.67, 5481.07, 4111.65, 4.82%
Test - Best epoch, Loss, MSE, RMSE, MAE, MAPE: 2, 18809048.00, 18809048.17, 4269.08, 3159.43, 3.38%
- Epoch 004, ExpID 67441
Train - Loss: 18055870.74
Val - Loss, MSE, RMSE, MAE, MAPE: 23766414.00, 23766414.33, 4801.30, 3488.01, 4.09%
Test - Best epoch, Loss, MSE, RMSE, MAE, MAPE: 2, 18809048.00, 18809048.17, 4269.08, 3159.43, 3.38%
- Epoch 005, ExpID 67441
Train - Loss: 16581978.47
Val - Loss, MSE, RMSE, MAE, MAPE: 27121732.00, 27121731.33, 5047.72, 3984.78, 4.80%
Test - Best epoch, Loss, MSE, RMSE, MAE, MAPE: 2, 18809048.00, 18809048.17, 4269.08, 3159.43, 3.38%
- Epoch 006, ExpID 67441
Train - Loss: 15811921.39
Val - Loss, MSE, RMSE, MAE, MAPE: 22825904.00, 22825902.67, 4686.64, 3433.40, 3.91%
Test - Best epoch, Loss, MSE, RMSE, MAE, MAPE: 2, 18809048.00, 18809048.17, 4269.08, 3159.43, 3.38%
- Epoch 007, ExpID 67441
Train - Loss: 16670165.91
Val - Loss, MSE, RMSE, MAE, MAPE: 37702288.00, 37702286.00, 5956.40, 4534.28, 5.16%
Test - Best epoch, Loss, MSE, RMSE, MAE, MAPE: 2, 18809048.00, 18809048.17, 4269.08, 3159.43, 3.38%
- Epoch 008, ExpID 67441
Train - Loss: 16087424.43
Val - Loss, MSE, RMSE, MAE, MAPE: 18919756.00, 18919755.00, 4211.53, 3176.76, 3.73%
Test - Best epoch, Loss, MSE, RMSE, MAE, MAPE: 8, 16138768.00, 16138768.42, 3940.04, 2993.37, 3.26%
- Epoch 009, ExpID 67441
Train - Loss: 14804860.17
Val - Loss, MSE, RMSE, MAE, MAPE: 21761996.00, 21761996.17, 4448.55, 3188.83, 3.68%
Test - Best epoch, Loss, MSE, RMSE, MAE, MAPE: 8, 16138768.00, 16138768.42, 3940.04, 2993.37, 3.26%
- Epoch 010, ExpID 67441
Train - Loss: 13498457.89
Val - Loss, MSE, RMSE, MAE, MAPE: 21968996.00, 21968993.50, 4566.35, 3405.16, 4.00%
Test - Best epoch, Loss, MSE, RMSE, MAE, MAPE: 8, 16138768.00, 16138768.42, 3940.04, 2993.37, 3.26%
- Epoch 011, ExpID 67441
Train - Loss: 13718188.44
Val - Loss, MSE, RMSE, MAE, MAPE: 22961702.00, 22961699.67, 4720.03, 3678.43, 4.36%
Test - Best epoch, Loss, MSE, RMSE, MAE, MAPE: 8, 16138768.00, 16138768.42, 3940.04, 2993.37, 3.26%
- Epoch 012, ExpID 67441
Train - Loss: 12857234.42
Val - Loss, MSE, RMSE, MAE, MAPE: 21813038.00, 21813035.83, 4598.97, 3571.94, 4.28%
Test - Best epoch, Loss, MSE, RMSE, MAE, MAPE: 8, 16138768.00, 16138768.42, 3940.04, 2993.37, 3.26%
- Epoch 013, ExpID 67441
Train - Loss: 12941998.30
Val - Loss, MSE, RMSE, MAE, MAPE: 25300988.00, 25300985.33, 4873.32, 3519.50, 4.07%
Test - Best epoch, Loss, MSE, RMSE, MAE, MAPE: 8, 16138768.00, 16138768.42, 3940.04, 2993.37, 3.26%
- Epoch 014, ExpID 67441
Train - Loss: 12802317.03
Val - Loss, MSE, RMSE, MAE, MAPE: 24140932.00, 24140931.33, 4764.47, 3448.52, 3.95%
Test - Best epoch, Loss, MSE, RMSE, MAE, MAPE: 8, 16138768.00, 16138768.42, 3940.04, 2993.37, 3.26%
- Epoch 015, ExpID 67441
Train - Loss: 12544839.53
Val - Loss, MSE, RMSE, MAE, MAPE: 23249232.00, 23249233.33, 4694.37, 3424.38, 3.95%
Test - Best epoch, Loss, MSE, RMSE, MAE, MAPE: 8, 16138768.00, 16138768.42, 3940.04, 2993.37, 3.26%
- Epoch 016, ExpID 67441
Train - Loss: 12512544.74
Val - Loss, MSE, RMSE, MAE, MAPE: 23015056.00, 23015057.00, 4703.80, 3690.62, 4.32%
Test - Best epoch, Loss, MSE, RMSE, MAE, MAPE: 8, 16138768.00, 16138768.42, 3940.04, 2993.37, 3.26%
- Epoch 017, ExpID 67441
Train - Loss: 11154356.18
Val - Loss, MSE, RMSE, MAE, MAPE: 22624112.00, 22624112.17, 4655.01, 3504.54, 4.10%
Test - Best epoch, Loss, MSE, RMSE, MAE, MAPE: 8, 16138768.00, 16138768.42, 3940.04, 2993.37, 3.26%
- Epoch 018, ExpID 67441
Train - Loss: 11599276.41
Val - Loss, MSE, RMSE, MAE, MAPE: 21698674.00, 21698673.50, 4495.42, 3269.39, 3.84%
Test - Best epoch, Loss, MSE, RMSE, MAE, MAPE: 8, 16138768.00, 16138768.42, 3940.04, 2993.37, 3.26%
Early Stopping at Epoch 18
Fold 2018 Best RMSE: 3940.0413

-------------------- [Fold: 2019] ExpID: 42344 --------------------
- Epoch 000, ExpID 42344
Train - Loss: 47885264.41
Val - Loss, MSE, RMSE, MAE, MAPE: 100218368.00, 100218360.00, 9831.59, 8640.18, 9.23%
Test - Best epoch, Loss, MSE, RMSE, MAE, MAPE: 0, 75934144.00, 75934145.33, 8571.53, 7512.27, 7.71%
- Epoch 001, ExpID 42344
Train - Loss: 24140076.92
Val - Loss, MSE, RMSE, MAE, MAPE: 23342214.00, 23342213.00, 4773.29, 3692.41, 3.94%
Test - Best epoch, Loss, MSE, RMSE, MAE, MAPE: 1, 25225960.00, 25225959.67, 4972.52, 4004.37, 4.16%
- Epoch 002, ExpID 42344
Train - Loss: 21063389.64
Val - Loss, MSE, RMSE, MAE, MAPE: 26672030.00, 26672028.33, 4992.90, 3917.75, 4.19%
Test - Best epoch, Loss, MSE, RMSE, MAE, MAPE: 1, 25225960.00, 25225959.67, 4972.52, 4004.37, 4.16%
- Epoch 003, ExpID 42344
Train - Loss: 19194728.67
Val - Loss, MSE, RMSE, MAE, MAPE: 31550612.00, 31550610.67, 5546.79, 4368.73, 4.69%
Test - Best epoch, Loss, MSE, RMSE, MAE, MAPE: 1, 25225960.00, 25225959.67, 4972.52, 4004.37, 4.16%
- Epoch 004, ExpID 42344
Train - Loss: 17221745.53
Val - Loss, MSE, RMSE, MAE, MAPE: 22306494.00, 22306493.17, 4613.40, 3619.56, 3.95%
Test - Best epoch, Loss, MSE, RMSE, MAE, MAPE: 4, 28566278.00, 28566276.00, 5276.48, 4047.51, 4.31%
- Epoch 005, ExpID 42344
Train - Loss: 18029697.21
Val - Loss, MSE, RMSE, MAE, MAPE: 21924516.00, 21924514.00, 4573.18, 3581.33, 3.97%
Test - Best epoch, Loss, MSE, RMSE, MAE, MAPE: 5, 23319486.00, 23319483.67, 4691.45, 3626.95, 3.89%
- Epoch 006, ExpID 42344
Train - Loss: 17748200.44
Val - Loss, MSE, RMSE, MAE, MAPE: 16722711.00, 16722709.67, 3996.73, 2988.65, 3.20%
Test - Best epoch, Loss, MSE, RMSE, MAE, MAPE: 6, 16913956.00, 16913955.92, 4029.90, 2823.36, 2.96%
- Epoch 007, ExpID 42344
Train - Loss: 16526157.09
Val - Loss, MSE, RMSE, MAE, MAPE: 18074264.00, 18074263.17, 4197.96, 3284.88, 3.63%
Test - Best epoch, Loss, MSE, RMSE, MAE, MAPE: 6, 16913956.00, 16913955.92, 4029.90, 2823.36, 2.96%
- Epoch 008, ExpID 42344
Train - Loss: 16259966.28
Val - Loss, MSE, RMSE, MAE, MAPE: 16337823.00, 16337824.42, 3942.39, 3044.47, 3.36%
Test - Best epoch, Loss, MSE, RMSE, MAE, MAPE: 8, 19540414.00, 19540411.33, 4283.18, 3237.14, 3.45%
- Epoch 009, ExpID 42344
Train - Loss: 15686522.18
Val - Loss, MSE, RMSE, MAE, MAPE: 18664588.00, 18664585.83, 4263.03, 3240.02, 3.50%
Test - Best epoch, Loss, MSE, RMSE, MAE, MAPE: 8, 19540414.00, 19540411.33, 4283.18, 3237.14, 3.45%
- Epoch 010, ExpID 42344
Train - Loss: 15932795.69
Val - Loss, MSE, RMSE, MAE, MAPE: 23273392.00, 23273391.83, 4721.12, 3821.30, 4.23%
Test - Best epoch, Loss, MSE, RMSE, MAE, MAPE: 8, 19540414.00, 19540411.33, 4283.18, 3237.14, 3.45%
- Epoch 011, ExpID 42344
Train - Loss: 15490675.41
Val - Loss, MSE, RMSE, MAE, MAPE: 17364432.00, 17364429.33, 4087.78, 3175.40, 3.41%
Test - Best epoch, Loss, MSE, RMSE, MAE, MAPE: 8, 19540414.00, 19540411.33, 4283.18, 3237.14, 3.45%
- Epoch 012, ExpID 42344
Train - Loss: 14449840.34
Val - Loss, MSE, RMSE, MAE, MAPE: 18563004.00, 18563004.00, 4244.83, 3350.81, 3.64%
Test - Best epoch, Loss, MSE, RMSE, MAE, MAPE: 8, 19540414.00, 19540411.33, 4283.18, 3237.14, 3.45%
- Epoch 013, ExpID 42344
Train - Loss: 14245998.84
Val - Loss, MSE, RMSE, MAE, MAPE: 17737952.00, 17737950.17, 4142.93, 3248.83, 3.57%
Test - Best epoch, Loss, MSE, RMSE, MAE, MAPE: 8, 19540414.00, 19540411.33, 4283.18, 3237.14, 3.45%
- Epoch 014, ExpID 42344
Train - Loss: 13589428.46
Val - Loss, MSE, RMSE, MAE, MAPE: 19010800.00, 19010800.00, 4298.65, 3295.87, 3.57%
Test - Best epoch, Loss, MSE, RMSE, MAE, MAPE: 8, 19540414.00, 19540411.33, 4283.18, 3237.14, 3.45%
- Epoch 015, ExpID 42344
Train - Loss: 13030314.45
Val - Loss, MSE, RMSE, MAE, MAPE: 20225376.00, 20225373.67, 4465.67, 3467.56, 3.77%
Test - Best epoch, Loss, MSE, RMSE, MAE, MAPE: 8, 19540414.00, 19540411.33, 4283.18, 3237.14, 3.45%
- Epoch 016, ExpID 42344
Train - Loss: 12968356.63
Val - Loss, MSE, RMSE, MAE, MAPE: 13711890.00, 13711891.17, 3652.63, 2829.42, 3.08%
Test - Best epoch, Loss, MSE, RMSE, MAE, MAPE: 16, 19384016.00, 19384016.83, 4297.23, 3104.27, 3.32%
- Epoch 017, ExpID 42344
Train - Loss: 12785122.99
Val - Loss, MSE, RMSE, MAE, MAPE: 17015482.00, 17015482.00, 4079.25, 3173.89, 3.47%
Test - Best epoch, Loss, MSE, RMSE, MAE, MAPE: 16, 19384016.00, 19384016.83, 4297.23, 3104.27, 3.32%
- Epoch 018, ExpID 42344
Train - Loss: 12247957.31
Val - Loss, MSE, RMSE, MAE, MAPE: 16417576.00, 16417577.00, 4009.09, 3088.15, 3.36%
Test - Best epoch, Loss, MSE, RMSE, MAE, MAPE: 16, 19384016.00, 19384016.83, 4297.23, 3104.27, 3.32%
- Epoch 019, ExpID 42344
Train - Loss: 11177785.02
Val - Loss, MSE, RMSE, MAE, MAPE: 15765111.00, 15765109.67, 3951.52, 3075.81, 3.32%
Test - Best epoch, Loss, MSE, RMSE, MAE, MAPE: 16, 19384016.00, 19384016.83, 4297.23, 3104.27, 3.32%
- Epoch 020, ExpID 42344
Train - Loss: 11787886.27
Val - Loss, MSE, RMSE, MAE, MAPE: 21906866.00, 21906864.50, 4619.33, 3761.86, 4.03%
Test - Best epoch, Loss, MSE, RMSE, MAE, MAPE: 16, 19384016.00, 19384016.83, 4297.23, 3104.27, 3.32%
- Epoch 021, ExpID 42344
Train - Loss: 10934523.21
Val - Loss, MSE, RMSE, MAE, MAPE: 14027595.00, 14027594.75, 3691.19, 2794.72, 3.03%
Test - Best epoch, Loss, MSE, RMSE, MAE, MAPE: 16, 19384016.00, 19384016.83, 4297.23, 3104.27, 3.32%
- Epoch 022, ExpID 42344
Train - Loss: 11552932.17
Val - Loss, MSE, RMSE, MAE, MAPE: 16061242.00, 16061241.50, 3966.68, 3074.23, 3.35%
Test - Best epoch, Loss, MSE, RMSE, MAE, MAPE: 16, 19384016.00, 19384016.83, 4297.23, 3104.27, 3.32%
- Epoch 023, ExpID 42344
Train - Loss: 10504054.62
Val - Loss, MSE, RMSE, MAE, MAPE: 15583744.00, 15583744.00, 3909.88, 3007.67, 3.28%
Test - Best epoch, Loss, MSE, RMSE, MAE, MAPE: 16, 19384016.00, 19384016.83, 4297.23, 3104.27, 3.32%
- Epoch 024, ExpID 42344
Train - Loss: 11268935.37
Val - Loss, MSE, RMSE, MAE, MAPE: 14119342.00, 14119341.83, 3707.19, 2827.76, 3.10%
Test - Best epoch, Loss, MSE, RMSE, MAE, MAPE: 16, 19384016.00, 19384016.83, 4297.23, 3104.27, 3.32%
- Epoch 025, ExpID 42344
Train - Loss: 10096091.07
Val - Loss, MSE, RMSE, MAE, MAPE: 15039111.00, 15039110.83, 3812.94, 2886.38, 3.12%
Test - Best epoch, Loss, MSE, RMSE, MAE, MAPE: 16, 19384016.00, 19384016.83, 4297.23, 3104.27, 3.32%
- Epoch 026, ExpID 42344
Train - Loss: 10550394.67
Val - Loss, MSE, RMSE, MAE, MAPE: 16542372.00, 16542372.17, 4028.23, 3135.89, 3.44%
Test - Best epoch, Loss, MSE, RMSE, MAE, MAPE: 16, 19384016.00, 19384016.83, 4297.23, 3104.27, 3.32%
Early Stopping at Epoch 26
Fold 2019 Best RMSE: 4297.2284
