DETAILED LOG | Model: patchtst | Seed: 3
FULL CONFIG: {'gpu': '1', 'target': 'arrival', 'cv_start_year': 2017, 'cv_end_year': 2019, 'test_year': 2024, 'use_corona': False, 'seq_len': 91, 'label_len': 0, 'pred_len': 1, 'batch_size': 64, 'epochs': 1000, 'patience': 10, 'lr': 0.0001, 'model': 'patchtst', 'd_model': 128, 'n_heads': 1, 'n_layers': 4, 'dropout': 0.1, 'activation': 'gelu', 'patch_len': 7, 'factor': 5, 'norm_mode': 'revin', 'use_dbloss': False, 'device': device(type='cuda'), 'stride': 7, 'file_path': 'dataset/airport_daily_flight_merged.csv', 'seed': 3, 'val_year': 2019, 'ndims': 1}

-------------------- [Fold: 2017] ExpID: 63865 --------------------
- Epoch 000, ExpID 63865
Train - Loss: 22323227.84
Val - Loss, MSE, RMSE, MAE, MAPE: 16836840.00, 16836837.83, 4045.19, 2984.90, 3.79%
Test - Best epoch, Loss, MSE, RMSE, MAE, MAPE: 0, 23031264.00, 23031265.17, 4629.66, 3295.52, 3.84%
- Epoch 001, ExpID 63865
Train - Loss: 15742428.13
Val - Loss, MSE, RMSE, MAE, MAPE: 14277348.00, 14277346.83, 3716.35, 2620.23, 3.34%
Test - Best epoch, Loss, MSE, RMSE, MAE, MAPE: 1, 20796492.00, 20796492.83, 4386.45, 3011.63, 3.52%
- Epoch 002, ExpID 63865
Train - Loss: 14999254.56
Val - Loss, MSE, RMSE, MAE, MAPE: 13911783.00, 13911781.83, 3678.37, 2658.34, 3.43%
Test - Best epoch, Loss, MSE, RMSE, MAE, MAPE: 2, 20062312.00, 20062311.17, 4347.37, 3217.94, 3.83%
- Epoch 003, ExpID 63865
Train - Loss: 13910225.20
Val - Loss, MSE, RMSE, MAE, MAPE: 13106972.00, 13106971.67, 3561.43, 2515.41, 3.20%
Test - Best epoch, Loss, MSE, RMSE, MAE, MAPE: 3, 19453964.00, 19453963.08, 4246.27, 2919.23, 3.42%
- Epoch 004, ExpID 63865
Train - Loss: 13362536.16
Val - Loss, MSE, RMSE, MAE, MAPE: 13194051.00, 13194050.67, 3580.16, 2545.48, 3.24%
Test - Best epoch, Loss, MSE, RMSE, MAE, MAPE: 3, 19453964.00, 19453963.08, 4246.27, 2919.23, 3.42%
- Epoch 005, ExpID 63865
Train - Loss: 12601315.22
Val - Loss, MSE, RMSE, MAE, MAPE: 12897526.00, 12897524.83, 3547.68, 2542.83, 3.23%
Test - Best epoch, Loss, MSE, RMSE, MAE, MAPE: 5, 18383280.00, 18383278.83, 4158.08, 2942.89, 3.45%
- Epoch 006, ExpID 63865
Train - Loss: 12380013.73
Val - Loss, MSE, RMSE, MAE, MAPE: 12787854.00, 12787854.42, 3528.49, 2498.93, 3.19%
Test - Best epoch, Loss, MSE, RMSE, MAE, MAPE: 6, 18294400.00, 18294400.17, 4132.05, 2853.48, 3.36%
- Epoch 007, ExpID 63865
Train - Loss: 12115413.13
Val - Loss, MSE, RMSE, MAE, MAPE: 13002808.00, 13002807.75, 3549.81, 2500.49, 3.16%
Test - Best epoch, Loss, MSE, RMSE, MAE, MAPE: 6, 18294400.00, 18294400.17, 4132.05, 2853.48, 3.36%
- Epoch 008, ExpID 63865
Train - Loss: 12013155.03
Val - Loss, MSE, RMSE, MAE, MAPE: 13142370.00, 13142369.67, 3577.85, 2546.41, 3.22%
Test - Best epoch, Loss, MSE, RMSE, MAE, MAPE: 6, 18294400.00, 18294400.17, 4132.05, 2853.48, 3.36%
- Epoch 009, ExpID 63865
Train - Loss: 12350384.06
Val - Loss, MSE, RMSE, MAE, MAPE: 13071044.00, 13071044.33, 3567.63, 2550.63, 3.23%
Test - Best epoch, Loss, MSE, RMSE, MAE, MAPE: 6, 18294400.00, 18294400.17, 4132.05, 2853.48, 3.36%
- Epoch 010, ExpID 63865
Train - Loss: 12147620.95
Val - Loss, MSE, RMSE, MAE, MAPE: 12765374.00, 12765374.00, 3525.33, 2499.44, 3.16%
Test - Best epoch, Loss, MSE, RMSE, MAE, MAPE: 10, 17662574.00, 17662573.83, 4087.92, 2887.01, 3.39%
- Epoch 011, ExpID 63865
Train - Loss: 11985045.92
Val - Loss, MSE, RMSE, MAE, MAPE: 12621983.00, 12621982.00, 3498.08, 2438.57, 3.08%
Test - Best epoch, Loss, MSE, RMSE, MAE, MAPE: 11, 18216592.00, 18216592.00, 4127.38, 2879.38, 3.35%
- Epoch 012, ExpID 63865
Train - Loss: 11225956.82
Val - Loss, MSE, RMSE, MAE, MAPE: 12403276.00, 12403275.33, 3474.10, 2429.97, 3.08%
Test - Best epoch, Loss, MSE, RMSE, MAE, MAPE: 12, 17494384.00, 17494382.83, 4072.03, 2898.96, 3.41%
- Epoch 013, ExpID 63865
Train - Loss: 11219033.25
Val - Loss, MSE, RMSE, MAE, MAPE: 12494951.00, 12494950.17, 3480.82, 2438.35, 3.08%
Test - Best epoch, Loss, MSE, RMSE, MAE, MAPE: 12, 17494384.00, 17494382.83, 4072.03, 2898.96, 3.41%
- Epoch 014, ExpID 63865
Train - Loss: 10996122.73
Val - Loss, MSE, RMSE, MAE, MAPE: 12945864.00, 12945865.50, 3567.33, 2588.21, 3.26%
Test - Best epoch, Loss, MSE, RMSE, MAE, MAPE: 12, 17494384.00, 17494382.83, 4072.03, 2898.96, 3.41%
- Epoch 015, ExpID 63865
Train - Loss: 11313597.30
Val - Loss, MSE, RMSE, MAE, MAPE: 12355375.00, 12355373.75, 3467.15, 2477.00, 3.13%
Test - Best epoch, Loss, MSE, RMSE, MAE, MAPE: 15, 17322776.00, 17322776.00, 4085.76, 2906.74, 3.41%
- Epoch 016, ExpID 63865
Train - Loss: 11039264.23
Val - Loss, MSE, RMSE, MAE, MAPE: 12034620.00, 12034620.00, 3418.45, 2413.52, 3.07%
Test - Best epoch, Loss, MSE, RMSE, MAE, MAPE: 16, 17130408.00, 17130406.17, 4051.37, 2871.63, 3.37%
- Epoch 017, ExpID 63865
Train - Loss: 10415413.13
Val - Loss, MSE, RMSE, MAE, MAPE: 12122015.00, 12122015.33, 3429.23, 2432.57, 3.12%
Test - Best epoch, Loss, MSE, RMSE, MAE, MAPE: 16, 17130408.00, 17130406.17, 4051.37, 2871.63, 3.37%
- Epoch 018, ExpID 63865
Train - Loss: 10817405.33
Val - Loss, MSE, RMSE, MAE, MAPE: 11928563.00, 11928562.92, 3410.72, 2416.55, 3.06%
Test - Best epoch, Loss, MSE, RMSE, MAE, MAPE: 18, 17063160.00, 17063159.83, 4027.10, 2842.69, 3.32%
- Epoch 019, ExpID 63865
Train - Loss: 11236961.76
Val - Loss, MSE, RMSE, MAE, MAPE: 11738591.00, 11738590.67, 3382.22, 2432.25, 3.09%
Test - Best epoch, Loss, MSE, RMSE, MAE, MAPE: 19, 17345756.00, 17345754.67, 4055.93, 2822.43, 3.30%
- Epoch 020, ExpID 63865
Train - Loss: 10758360.64
Val - Loss, MSE, RMSE, MAE, MAPE: 11907826.00, 11907825.42, 3405.84, 2443.09, 3.10%
Test - Best epoch, Loss, MSE, RMSE, MAE, MAPE: 19, 17345756.00, 17345754.67, 4055.93, 2822.43, 3.30%
- Epoch 021, ExpID 63865
Train - Loss: 10523979.19
Val - Loss, MSE, RMSE, MAE, MAPE: 11969192.00, 11969192.33, 3422.23, 2477.34, 3.13%
Test - Best epoch, Loss, MSE, RMSE, MAE, MAPE: 19, 17345756.00, 17345754.67, 4055.93, 2822.43, 3.30%
- Epoch 022, ExpID 63865
Train - Loss: 10096946.35
Val - Loss, MSE, RMSE, MAE, MAPE: 12356443.00, 12356443.17, 3478.74, 2485.53, 3.13%
Test - Best epoch, Loss, MSE, RMSE, MAE, MAPE: 19, 17345756.00, 17345754.67, 4055.93, 2822.43, 3.30%
- Epoch 023, ExpID 63865
Train - Loss: 10341526.53
Val - Loss, MSE, RMSE, MAE, MAPE: 11679056.00, 11679057.00, 3380.47, 2422.72, 3.08%
Test - Best epoch, Loss, MSE, RMSE, MAE, MAPE: 23, 17087188.00, 17087188.33, 4044.14, 2904.57, 3.40%
- Epoch 024, ExpID 63865
Train - Loss: 9856564.69
Val - Loss, MSE, RMSE, MAE, MAPE: 11554207.00, 11554206.00, 3361.60, 2461.99, 3.11%
Test - Best epoch, Loss, MSE, RMSE, MAE, MAPE: 24, 16312618.00, 16312616.92, 3967.05, 2848.80, 3.34%
- Epoch 025, ExpID 63865
Train - Loss: 10528637.39
Val - Loss, MSE, RMSE, MAE, MAPE: 11448280.00, 11448279.42, 3344.26, 2410.82, 3.05%
Test - Best epoch, Loss, MSE, RMSE, MAE, MAPE: 25, 16954108.00, 16954105.50, 4028.52, 2877.44, 3.37%
- Epoch 026, ExpID 63865
Train - Loss: 10848746.86
Val - Loss, MSE, RMSE, MAE, MAPE: 11620584.00, 11620584.33, 3360.68, 2426.24, 3.07%
Test - Best epoch, Loss, MSE, RMSE, MAE, MAPE: 25, 16954108.00, 16954105.50, 4028.52, 2877.44, 3.37%
- Epoch 027, ExpID 63865
Train - Loss: 10176643.51
Val - Loss, MSE, RMSE, MAE, MAPE: 11789827.00, 11789826.83, 3393.67, 2471.93, 3.15%
Test - Best epoch, Loss, MSE, RMSE, MAE, MAPE: 25, 16954108.00, 16954105.50, 4028.52, 2877.44, 3.37%
- Epoch 028, ExpID 63865
Train - Loss: 10592748.66
Val - Loss, MSE, RMSE, MAE, MAPE: 11463108.00, 11463108.17, 3341.65, 2417.32, 3.07%
Test - Best epoch, Loss, MSE, RMSE, MAE, MAPE: 25, 16954108.00, 16954105.50, 4028.52, 2877.44, 3.37%
- Epoch 029, ExpID 63865
Train - Loss: 10059435.13
Val - Loss, MSE, RMSE, MAE, MAPE: 11556694.00, 11556694.58, 3359.64, 2459.92, 3.12%
Test - Best epoch, Loss, MSE, RMSE, MAE, MAPE: 25, 16954108.00, 16954105.50, 4028.52, 2877.44, 3.37%
- Epoch 030, ExpID 63865
Train - Loss: 10195834.39
Val - Loss, MSE, RMSE, MAE, MAPE: 11727914.00, 11727912.67, 3394.46, 2516.87, 3.20%
Test - Best epoch, Loss, MSE, RMSE, MAE, MAPE: 25, 16954108.00, 16954105.50, 4028.52, 2877.44, 3.37%
- Epoch 031, ExpID 63865
Train - Loss: 10264732.23
Val - Loss, MSE, RMSE, MAE, MAPE: 11830408.00, 11830407.67, 3403.79, 2489.60, 3.15%
Test - Best epoch, Loss, MSE, RMSE, MAE, MAPE: 25, 16954108.00, 16954105.50, 4028.52, 2877.44, 3.37%
- Epoch 032, ExpID 63865
Train - Loss: 9967291.00
Val - Loss, MSE, RMSE, MAE, MAPE: 11129394.00, 11129394.25, 3300.95, 2419.36, 3.08%
Test - Best epoch, Loss, MSE, RMSE, MAE, MAPE: 32, 17052944.00, 17052942.50, 4041.26, 2888.24, 3.37%
- Epoch 033, ExpID 63865
Train - Loss: 9761981.28
Val - Loss, MSE, RMSE, MAE, MAPE: 11177949.00, 11177948.92, 3313.23, 2445.15, 3.12%
Test - Best epoch, Loss, MSE, RMSE, MAE, MAPE: 32, 17052944.00, 17052942.50, 4041.26, 2888.24, 3.37%
- Epoch 034, ExpID 63865
Train - Loss: 9610838.88
Val - Loss, MSE, RMSE, MAE, MAPE: 10916470.00, 10916469.83, 3262.85, 2384.06, 3.04%
Test - Best epoch, Loss, MSE, RMSE, MAE, MAPE: 34, 17144140.00, 17144140.17, 4056.21, 2885.26, 3.37%
- Epoch 035, ExpID 63865
Train - Loss: 10050587.25
Val - Loss, MSE, RMSE, MAE, MAPE: 11418352.00, 11418351.58, 3341.24, 2443.37, 3.09%
Test - Best epoch, Loss, MSE, RMSE, MAE, MAPE: 34, 17144140.00, 17144140.17, 4056.21, 2885.26, 3.37%
- Epoch 036, ExpID 63865
Train - Loss: 9712989.29
Val - Loss, MSE, RMSE, MAE, MAPE: 11554383.00, 11554383.17, 3376.66, 2531.60, 3.20%
Test - Best epoch, Loss, MSE, RMSE, MAE, MAPE: 34, 17144140.00, 17144140.17, 4056.21, 2885.26, 3.37%
- Epoch 037, ExpID 63865
Train - Loss: 9698057.91
Val - Loss, MSE, RMSE, MAE, MAPE: 11625328.00, 11625327.25, 3374.48, 2506.92, 3.20%
Test - Best epoch, Loss, MSE, RMSE, MAE, MAPE: 34, 17144140.00, 17144140.17, 4056.21, 2885.26, 3.37%
- Epoch 038, ExpID 63865
Train - Loss: 9590560.72
Val - Loss, MSE, RMSE, MAE, MAPE: 11951132.00, 11951132.17, 3409.93, 2500.50, 3.17%
Test - Best epoch, Loss, MSE, RMSE, MAE, MAPE: 34, 17144140.00, 17144140.17, 4056.21, 2885.26, 3.37%
- Epoch 039, ExpID 63865
Train - Loss: 10270603.45
Val - Loss, MSE, RMSE, MAE, MAPE: 11180552.00, 11180552.33, 3302.20, 2447.87, 3.11%
Test - Best epoch, Loss, MSE, RMSE, MAE, MAPE: 34, 17144140.00, 17144140.17, 4056.21, 2885.26, 3.37%
- Epoch 040, ExpID 63865
Train - Loss: 9797809.71
Val - Loss, MSE, RMSE, MAE, MAPE: 11241302.00, 11241301.00, 3318.14, 2452.53, 3.13%
Test - Best epoch, Loss, MSE, RMSE, MAE, MAPE: 34, 17144140.00, 17144140.17, 4056.21, 2885.26, 3.37%
- Epoch 041, ExpID 63865
Train - Loss: 9272673.87
Val - Loss, MSE, RMSE, MAE, MAPE: 11641388.00, 11641387.42, 3374.29, 2516.73, 3.20%
Test - Best epoch, Loss, MSE, RMSE, MAE, MAPE: 34, 17144140.00, 17144140.17, 4056.21, 2885.26, 3.37%
- Epoch 042, ExpID 63865
Train - Loss: 9594942.80
Val - Loss, MSE, RMSE, MAE, MAPE: 11396240.00, 11396240.08, 3344.08, 2491.68, 3.17%
Test - Best epoch, Loss, MSE, RMSE, MAE, MAPE: 34, 17144140.00, 17144140.17, 4056.21, 2885.26, 3.37%
- Epoch 043, ExpID 63865
Train - Loss: 9479968.35
Val - Loss, MSE, RMSE, MAE, MAPE: 11174228.00, 11174227.58, 3299.88, 2459.36, 3.12%
Test - Best epoch, Loss, MSE, RMSE, MAE, MAPE: 34, 17144140.00, 17144140.17, 4056.21, 2885.26, 3.37%
- Epoch 044, ExpID 63865
Train - Loss: 9576966.98
Val - Loss, MSE, RMSE, MAE, MAPE: 11583912.00, 11583912.58, 3366.12, 2495.36, 3.20%
Test - Best epoch, Loss, MSE, RMSE, MAE, MAPE: 34, 17144140.00, 17144140.17, 4056.21, 2885.26, 3.37%
Early Stopping at Epoch 44
Fold 2017 Best RMSE: 4056.2129

-------------------- [Fold: 2018] ExpID: 65531 --------------------
- Epoch 000, ExpID 65531
Train - Loss: 24843998.62
Val - Loss, MSE, RMSE, MAE, MAPE: 23088264.00, 23088263.67, 4693.40, 3505.48, 4.15%
Test - Best epoch, Loss, MSE, RMSE, MAE, MAPE: 0, 16993640.00, 16993638.50, 4012.23, 3107.05, 3.37%
- Epoch 001, ExpID 65531
Train - Loss: 15778238.25
Val - Loss, MSE, RMSE, MAE, MAPE: 21058878.00, 21058878.00, 4454.18, 3250.03, 3.84%
Test - Best epoch, Loss, MSE, RMSE, MAE, MAPE: 1, 16333582.00, 16333581.83, 3934.59, 3013.53, 3.27%
- Epoch 002, ExpID 65531
Train - Loss: 14175414.59
Val - Loss, MSE, RMSE, MAE, MAPE: 18547808.00, 18547807.25, 4181.13, 2995.47, 3.51%
Test - Best epoch, Loss, MSE, RMSE, MAE, MAPE: 2, 15506592.00, 15506591.33, 3826.71, 2869.57, 3.10%
- Epoch 003, ExpID 65531
Train - Loss: 13865591.31
Val - Loss, MSE, RMSE, MAE, MAPE: 18383928.00, 18383925.50, 4158.13, 2981.16, 3.49%
Test - Best epoch, Loss, MSE, RMSE, MAE, MAPE: 3, 15689107.00, 15689107.00, 3870.52, 2880.21, 3.10%
- Epoch 004, ExpID 65531
Train - Loss: 13560620.16
Val - Loss, MSE, RMSE, MAE, MAPE: 18977296.00, 18977296.17, 4230.52, 3116.34, 3.68%
Test - Best epoch, Loss, MSE, RMSE, MAE, MAPE: 3, 15689107.00, 15689107.00, 3870.52, 2880.21, 3.10%
- Epoch 005, ExpID 65531
Train - Loss: 13891870.42
Val - Loss, MSE, RMSE, MAE, MAPE: 19552792.00, 19552791.17, 4295.15, 3191.10, 3.79%
Test - Best epoch, Loss, MSE, RMSE, MAE, MAPE: 3, 15689107.00, 15689107.00, 3870.52, 2880.21, 3.10%
- Epoch 006, ExpID 65531
Train - Loss: 12888394.49
Val - Loss, MSE, RMSE, MAE, MAPE: 17890942.00, 17890941.33, 4100.58, 2933.57, 3.45%
Test - Best epoch, Loss, MSE, RMSE, MAE, MAPE: 6, 14659139.00, 14659139.83, 3731.94, 2777.61, 3.00%
- Epoch 007, ExpID 65531
Train - Loss: 13808194.36
Val - Loss, MSE, RMSE, MAE, MAPE: 17775130.00, 17775129.42, 4093.09, 2870.69, 3.36%
Test - Best epoch, Loss, MSE, RMSE, MAE, MAPE: 7, 14749304.00, 14749303.00, 3744.73, 2772.56, 2.98%
- Epoch 008, ExpID 65531
Train - Loss: 12709087.11
Val - Loss, MSE, RMSE, MAE, MAPE: 17873782.00, 17873780.42, 4098.94, 3013.55, 3.55%
Test - Best epoch, Loss, MSE, RMSE, MAE, MAPE: 7, 14749304.00, 14749303.00, 3744.73, 2772.56, 2.98%
- Epoch 009, ExpID 65531
Train - Loss: 12711072.43
Val - Loss, MSE, RMSE, MAE, MAPE: 17921558.00, 17921558.17, 4117.40, 2908.74, 3.38%
Test - Best epoch, Loss, MSE, RMSE, MAE, MAPE: 7, 14749304.00, 14749303.00, 3744.73, 2772.56, 2.98%
- Epoch 010, ExpID 65531
Train - Loss: 12384282.64
Val - Loss, MSE, RMSE, MAE, MAPE: 18717610.00, 18717610.17, 4190.24, 2994.48, 3.52%
Test - Best epoch, Loss, MSE, RMSE, MAE, MAPE: 7, 14749304.00, 14749303.00, 3744.73, 2772.56, 2.98%
- Epoch 011, ExpID 65531
Train - Loss: 12198068.19
Val - Loss, MSE, RMSE, MAE, MAPE: 17723016.00, 17723015.42, 4089.34, 2975.04, 3.48%
Test - Best epoch, Loss, MSE, RMSE, MAE, MAPE: 11, 14207946.00, 14207945.83, 3693.71, 2763.90, 2.97%
- Epoch 012, ExpID 65531
Train - Loss: 12456899.74
Val - Loss, MSE, RMSE, MAE, MAPE: 18338856.00, 18338856.75, 4148.40, 3013.16, 3.55%
Test - Best epoch, Loss, MSE, RMSE, MAE, MAPE: 11, 14207946.00, 14207945.83, 3693.71, 2763.90, 2.97%
- Epoch 013, ExpID 65531
Train - Loss: 11894871.89
Val - Loss, MSE, RMSE, MAE, MAPE: 18838978.00, 18838978.08, 4176.58, 2907.19, 3.40%
Test - Best epoch, Loss, MSE, RMSE, MAE, MAPE: 11, 14207946.00, 14207945.83, 3693.71, 2763.90, 2.97%
- Epoch 014, ExpID 65531
Train - Loss: 11671966.24
Val - Loss, MSE, RMSE, MAE, MAPE: 18319476.00, 18319474.58, 4146.10, 2982.25, 3.49%
Test - Best epoch, Loss, MSE, RMSE, MAE, MAPE: 11, 14207946.00, 14207945.83, 3693.71, 2763.90, 2.97%
- Epoch 015, ExpID 65531
Train - Loss: 11810974.36
Val - Loss, MSE, RMSE, MAE, MAPE: 18909128.00, 18909127.33, 4222.14, 3005.46, 3.53%
Test - Best epoch, Loss, MSE, RMSE, MAE, MAPE: 11, 14207946.00, 14207945.83, 3693.71, 2763.90, 2.97%
- Epoch 016, ExpID 65531
Train - Loss: 11797750.84
Val - Loss, MSE, RMSE, MAE, MAPE: 17857728.00, 17857727.50, 4114.04, 3005.16, 3.52%
Test - Best epoch, Loss, MSE, RMSE, MAE, MAPE: 11, 14207946.00, 14207945.83, 3693.71, 2763.90, 2.97%
- Epoch 017, ExpID 65531
Train - Loss: 12347714.65
Val - Loss, MSE, RMSE, MAE, MAPE: 18876262.00, 18876261.83, 4217.26, 3008.68, 3.52%
Test - Best epoch, Loss, MSE, RMSE, MAE, MAPE: 11, 14207946.00, 14207945.83, 3693.71, 2763.90, 2.97%
- Epoch 018, ExpID 65531
Train - Loss: 11417339.03
Val - Loss, MSE, RMSE, MAE, MAPE: 17940416.00, 17940415.33, 4129.86, 2971.53, 3.47%
Test - Best epoch, Loss, MSE, RMSE, MAE, MAPE: 11, 14207946.00, 14207945.83, 3693.71, 2763.90, 2.97%
- Epoch 019, ExpID 65531
Train - Loss: 11674179.09
Val - Loss, MSE, RMSE, MAE, MAPE: 18513714.00, 18513712.83, 4182.07, 3088.83, 3.66%
Test - Best epoch, Loss, MSE, RMSE, MAE, MAPE: 11, 14207946.00, 14207945.83, 3693.71, 2763.90, 2.97%
- Epoch 020, ExpID 65531
Train - Loss: 11925738.93
Val - Loss, MSE, RMSE, MAE, MAPE: 19011328.00, 19011328.00, 4242.98, 3085.31, 3.61%
Test - Best epoch, Loss, MSE, RMSE, MAE, MAPE: 11, 14207946.00, 14207945.83, 3693.71, 2763.90, 2.97%
- Epoch 021, ExpID 65531
Train - Loss: 11558544.34
Val - Loss, MSE, RMSE, MAE, MAPE: 18468716.00, 18468714.33, 4164.00, 2990.60, 3.48%
Test - Best epoch, Loss, MSE, RMSE, MAE, MAPE: 11, 14207946.00, 14207945.83, 3693.71, 2763.90, 2.97%
Early Stopping at Epoch 21
Fold 2018 Best RMSE: 3693.7102

-------------------- [Fold: 2019] ExpID: 97307 --------------------
- Epoch 000, ExpID 97307
Train - Loss: 23933122.18
Val - Loss, MSE, RMSE, MAE, MAPE: 17369092.00, 17369093.33, 4071.53, 3109.02, 3.37%
Test - Best epoch, Loss, MSE, RMSE, MAE, MAPE: 0, 18867118.00, 18867116.42, 4249.14, 2986.16, 3.14%
- Epoch 001, ExpID 97307
Train - Loss: 17115562.61
Val - Loss, MSE, RMSE, MAE, MAPE: 15826603.00, 15826602.33, 3877.95, 2967.91, 3.23%
Test - Best epoch, Loss, MSE, RMSE, MAE, MAPE: 1, 16949784.00, 16949782.75, 4005.81, 2778.00, 2.94%
- Epoch 002, ExpID 97307
Train - Loss: 15396818.14
Val - Loss, MSE, RMSE, MAE, MAPE: 15450142.00, 15450141.67, 3816.28, 2892.51, 3.13%
Test - Best epoch, Loss, MSE, RMSE, MAE, MAPE: 2, 17289248.00, 17289245.83, 4041.90, 2837.17, 2.99%
- Epoch 003, ExpID 97307
Train - Loss: 16075059.78
Val - Loss, MSE, RMSE, MAE, MAPE: 16228331.00, 16228330.17, 3963.16, 3024.26, 3.24%
Test - Best epoch, Loss, MSE, RMSE, MAE, MAPE: 2, 17289248.00, 17289245.83, 4041.90, 2837.17, 2.99%
- Epoch 004, ExpID 97307
Train - Loss: 14850350.06
Val - Loss, MSE, RMSE, MAE, MAPE: 14966764.00, 14966763.67, 3789.55, 2929.81, 3.16%
Test - Best epoch, Loss, MSE, RMSE, MAE, MAPE: 4, 16396503.00, 16396501.58, 3961.77, 2793.20, 2.94%
- Epoch 005, ExpID 97307
Train - Loss: 14311506.71
Val - Loss, MSE, RMSE, MAE, MAPE: 14828668.00, 14828668.50, 3769.10, 2859.16, 3.09%
Test - Best epoch, Loss, MSE, RMSE, MAE, MAPE: 5, 16748811.00, 16748810.42, 3971.49, 2784.95, 2.94%
- Epoch 006, ExpID 97307
Train - Loss: 14467853.24
Val - Loss, MSE, RMSE, MAE, MAPE: 15136242.00, 15136240.50, 3807.66, 2860.33, 3.07%
Test - Best epoch, Loss, MSE, RMSE, MAE, MAPE: 5, 16748811.00, 16748810.42, 3971.49, 2784.95, 2.94%
- Epoch 007, ExpID 97307
Train - Loss: 14442257.20
Val - Loss, MSE, RMSE, MAE, MAPE: 15016475.00, 15016474.67, 3799.17, 2855.28, 3.08%
Test - Best epoch, Loss, MSE, RMSE, MAE, MAPE: 5, 16748811.00, 16748810.42, 3971.49, 2784.95, 2.94%
- Epoch 008, ExpID 97307
Train - Loss: 13214525.37
Val - Loss, MSE, RMSE, MAE, MAPE: 14619363.00, 14619363.50, 3748.88, 2803.14, 3.00%
Test - Best epoch, Loss, MSE, RMSE, MAE, MAPE: 8, 16886664.00, 16886663.75, 4007.63, 2818.25, 2.95%
- Epoch 009, ExpID 97307
Train - Loss: 13605851.61
Val - Loss, MSE, RMSE, MAE, MAPE: 14181132.00, 14181131.83, 3694.07, 2830.05, 3.06%
Test - Best epoch, Loss, MSE, RMSE, MAE, MAPE: 9, 16459795.00, 16459793.83, 3934.93, 2806.19, 2.97%
- Epoch 010, ExpID 97307
Train - Loss: 13110994.71
Val - Loss, MSE, RMSE, MAE, MAPE: 13994572.00, 13994572.17, 3662.44, 2740.72, 2.95%
Test - Best epoch, Loss, MSE, RMSE, MAE, MAPE: 10, 15376858.00, 15376858.58, 3813.05, 2574.90, 2.71%
- Epoch 011, ExpID 97307
Train - Loss: 12984807.64
Val - Loss, MSE, RMSE, MAE, MAPE: 13490186.00, 13490184.17, 3599.20, 2701.18, 2.91%
Test - Best epoch, Loss, MSE, RMSE, MAE, MAPE: 11, 15523946.00, 15523945.33, 3823.24, 2642.38, 2.79%
- Epoch 012, ExpID 97307
Train - Loss: 12883462.52
Val - Loss, MSE, RMSE, MAE, MAPE: 13941000.00, 13940999.67, 3660.30, 2752.34, 2.97%
Test - Best epoch, Loss, MSE, RMSE, MAE, MAPE: 11, 15523946.00, 15523945.33, 3823.24, 2642.38, 2.79%
- Epoch 013, ExpID 97307
Train - Loss: 12561377.34
Val - Loss, MSE, RMSE, MAE, MAPE: 13800960.00, 13800960.83, 3642.89, 2716.38, 2.93%
Test - Best epoch, Loss, MSE, RMSE, MAE, MAPE: 11, 15523946.00, 15523945.33, 3823.24, 2642.38, 2.79%
- Epoch 014, ExpID 97307
Train - Loss: 12730645.14
Val - Loss, MSE, RMSE, MAE, MAPE: 13911700.00, 13911699.50, 3661.37, 2746.04, 2.95%
Test - Best epoch, Loss, MSE, RMSE, MAE, MAPE: 11, 15523946.00, 15523945.33, 3823.24, 2642.38, 2.79%
- Epoch 015, ExpID 97307
Train - Loss: 12983132.17
Val - Loss, MSE, RMSE, MAE, MAPE: 13885062.00, 13885061.33, 3676.21, 2793.37, 3.02%
Test - Best epoch, Loss, MSE, RMSE, MAE, MAPE: 11, 15523946.00, 15523945.33, 3823.24, 2642.38, 2.79%
- Epoch 016, ExpID 97307
Train - Loss: 12600233.09
Val - Loss, MSE, RMSE, MAE, MAPE: 14614048.00, 14614047.83, 3777.32, 2862.31, 3.08%
Test - Best epoch, Loss, MSE, RMSE, MAE, MAPE: 11, 15523946.00, 15523945.33, 3823.24, 2642.38, 2.79%
- Epoch 017, ExpID 97307
Train - Loss: 11917516.86
Val - Loss, MSE, RMSE, MAE, MAPE: 13376152.00, 13376152.83, 3577.64, 2684.95, 2.90%
Test - Best epoch, Loss, MSE, RMSE, MAE, MAPE: 17, 15871142.00, 15871140.83, 3841.44, 2685.90, 2.85%
- Epoch 018, ExpID 97307
Train - Loss: 12052613.97
Val - Loss, MSE, RMSE, MAE, MAPE: 13392735.00, 13392735.67, 3611.33, 2732.16, 2.96%
Test - Best epoch, Loss, MSE, RMSE, MAE, MAPE: 17, 15871142.00, 15871140.83, 3841.44, 2685.90, 2.85%
- Epoch 019, ExpID 97307
Train - Loss: 11962658.05
Val - Loss, MSE, RMSE, MAE, MAPE: 14095516.00, 14095515.33, 3695.72, 2747.60, 2.94%
Test - Best epoch, Loss, MSE, RMSE, MAE, MAPE: 17, 15871142.00, 15871140.83, 3841.44, 2685.90, 2.85%
- Epoch 020, ExpID 97307
Train - Loss: 12361573.61
Val - Loss, MSE, RMSE, MAE, MAPE: 13110151.00, 13110151.25, 3548.53, 2623.75, 2.83%
Test - Best epoch, Loss, MSE, RMSE, MAE, MAPE: 20, 15236032.00, 15236031.17, 3785.29, 2613.16, 2.76%
- Epoch 021, ExpID 97307
Train - Loss: 12307608.61
Val - Loss, MSE, RMSE, MAE, MAPE: 13332603.00, 13332602.33, 3600.55, 2724.74, 2.94%
Test - Best epoch, Loss, MSE, RMSE, MAE, MAPE: 20, 15236032.00, 15236031.17, 3785.29, 2613.16, 2.76%
- Epoch 022, ExpID 97307
Train - Loss: 12429982.39
Val - Loss, MSE, RMSE, MAE, MAPE: 13546495.00, 13546495.42, 3611.10, 2735.02, 2.96%
Test - Best epoch, Loss, MSE, RMSE, MAE, MAPE: 20, 15236032.00, 15236031.17, 3785.29, 2613.16, 2.76%
- Epoch 023, ExpID 97307
Train - Loss: 11996963.12
Val - Loss, MSE, RMSE, MAE, MAPE: 13010558.00, 13010557.83, 3545.40, 2641.92, 2.85%
Test - Best epoch, Loss, MSE, RMSE, MAE, MAPE: 23, 16079084.00, 16079084.33, 3881.59, 2727.57, 2.89%
- Epoch 024, ExpID 97307
Train - Loss: 12129655.52
Val - Loss, MSE, RMSE, MAE, MAPE: 13608688.00, 13608688.00, 3625.74, 2688.96, 2.89%
Test - Best epoch, Loss, MSE, RMSE, MAE, MAPE: 23, 16079084.00, 16079084.33, 3881.59, 2727.57, 2.89%
- Epoch 025, ExpID 97307
Train - Loss: 12006386.71
Val - Loss, MSE, RMSE, MAE, MAPE: 13162487.00, 13162486.33, 3589.44, 2704.23, 2.90%
Test - Best epoch, Loss, MSE, RMSE, MAE, MAPE: 23, 16079084.00, 16079084.33, 3881.59, 2727.57, 2.89%
- Epoch 026, ExpID 97307
Train - Loss: 11715826.25
Val - Loss, MSE, RMSE, MAE, MAPE: 14312930.00, 14312930.67, 3744.10, 2831.45, 3.02%
Test - Best epoch, Loss, MSE, RMSE, MAE, MAPE: 23, 16079084.00, 16079084.33, 3881.59, 2727.57, 2.89%
- Epoch 027, ExpID 97307
Train - Loss: 11835769.21
Val - Loss, MSE, RMSE, MAE, MAPE: 13305767.00, 13305767.33, 3603.23, 2671.87, 2.89%
Test - Best epoch, Loss, MSE, RMSE, MAE, MAPE: 23, 16079084.00, 16079084.33, 3881.59, 2727.57, 2.89%
- Epoch 028, ExpID 97307
Train - Loss: 11654536.17
Val - Loss, MSE, RMSE, MAE, MAPE: 13412862.00, 13412861.83, 3610.32, 2682.89, 2.89%
Test - Best epoch, Loss, MSE, RMSE, MAE, MAPE: 23, 16079084.00, 16079084.33, 3881.59, 2727.57, 2.89%
- Epoch 029, ExpID 97307
Train - Loss: 12189959.86
Val - Loss, MSE, RMSE, MAE, MAPE: 13172858.00, 13172857.92, 3563.67, 2645.23, 2.85%
Test - Best epoch, Loss, MSE, RMSE, MAE, MAPE: 23, 16079084.00, 16079084.33, 3881.59, 2727.57, 2.89%
- Epoch 030, ExpID 97307
Train - Loss: 11879592.41
Val - Loss, MSE, RMSE, MAE, MAPE: 13890939.00, 13890937.83, 3691.34, 2756.82, 2.95%
Test - Best epoch, Loss, MSE, RMSE, MAE, MAPE: 23, 16079084.00, 16079084.33, 3881.59, 2727.57, 2.89%
- Epoch 031, ExpID 97307
Train - Loss: 12118651.72
Val - Loss, MSE, RMSE, MAE, MAPE: 13401614.00, 13401613.00, 3613.97, 2763.78, 2.99%
Test - Best epoch, Loss, MSE, RMSE, MAE, MAPE: 23, 16079084.00, 16079084.33, 3881.59, 2727.57, 2.89%
- Epoch 032, ExpID 97307
Train - Loss: 10913624.49
Val - Loss, MSE, RMSE, MAE, MAPE: 12498448.00, 12498448.33, 3479.57, 2583.43, 2.77%
Test - Best epoch, Loss, MSE, RMSE, MAE, MAPE: 32, 15862382.00, 15862381.08, 3866.95, 2711.47, 2.86%
- Epoch 033, ExpID 97307
Train - Loss: 11418862.65
Val - Loss, MSE, RMSE, MAE, MAPE: 13059286.00, 13059285.00, 3563.17, 2693.04, 2.92%
Test - Best epoch, Loss, MSE, RMSE, MAE, MAPE: 32, 15862382.00, 15862381.08, 3866.95, 2711.47, 2.86%
- Epoch 034, ExpID 97307
Train - Loss: 11688963.76
Val - Loss, MSE, RMSE, MAE, MAPE: 12573870.00, 12573869.17, 3491.35, 2597.47, 2.80%
Test - Best epoch, Loss, MSE, RMSE, MAE, MAPE: 32, 15862382.00, 15862381.08, 3866.95, 2711.47, 2.86%
- Epoch 035, ExpID 97307
Train - Loss: 11742562.94
Val - Loss, MSE, RMSE, MAE, MAPE: 12893402.00, 12893402.33, 3534.47, 2676.53, 2.90%
Test - Best epoch, Loss, MSE, RMSE, MAE, MAPE: 32, 15862382.00, 15862381.08, 3866.95, 2711.47, 2.86%
- Epoch 036, ExpID 97307
Train - Loss: 11329923.99
Val - Loss, MSE, RMSE, MAE, MAPE: 12512766.00, 12512765.50, 3480.35, 2571.76, 2.77%
Test - Best epoch, Loss, MSE, RMSE, MAE, MAPE: 32, 15862382.00, 15862381.08, 3866.95, 2711.47, 2.86%
- Epoch 037, ExpID 97307
Train - Loss: 11535811.96
Val - Loss, MSE, RMSE, MAE, MAPE: 12794078.00, 12794077.17, 3519.84, 2656.76, 2.88%
Test - Best epoch, Loss, MSE, RMSE, MAE, MAPE: 32, 15862382.00, 15862381.08, 3866.95, 2711.47, 2.86%
- Epoch 038, ExpID 97307
Train - Loss: 11413656.93
Val - Loss, MSE, RMSE, MAE, MAPE: 12709058.00, 12709057.50, 3518.77, 2587.05, 2.79%
Test - Best epoch, Loss, MSE, RMSE, MAE, MAPE: 32, 15862382.00, 15862381.08, 3866.95, 2711.47, 2.86%
- Epoch 039, ExpID 97307
Train - Loss: 10590467.68
Val - Loss, MSE, RMSE, MAE, MAPE: 13106144.00, 13106144.00, 3567.42, 2723.80, 2.96%
Test - Best epoch, Loss, MSE, RMSE, MAE, MAPE: 32, 15862382.00, 15862381.08, 3866.95, 2711.47, 2.86%
- Epoch 040, ExpID 97307
Train - Loss: 10677833.27
Val - Loss, MSE, RMSE, MAE, MAPE: 12566175.00, 12566174.42, 3480.62, 2589.19, 2.80%
Test - Best epoch, Loss, MSE, RMSE, MAE, MAPE: 32, 15862382.00, 15862381.08, 3866.95, 2711.47, 2.86%
- Epoch 041, ExpID 97307
Train - Loss: 10429719.84
Val - Loss, MSE, RMSE, MAE, MAPE: 12616074.00, 12616073.08, 3498.43, 2647.94, 2.85%
Test - Best epoch, Loss, MSE, RMSE, MAE, MAPE: 32, 15862382.00, 15862381.08, 3866.95, 2711.47, 2.86%
- Epoch 042, ExpID 97307
Train - Loss: 11012801.21
Val - Loss, MSE, RMSE, MAE, MAPE: 12553318.00, 12553317.33, 3498.55, 2637.86, 2.85%
Test - Best epoch, Loss, MSE, RMSE, MAE, MAPE: 32, 15862382.00, 15862381.08, 3866.95, 2711.47, 2.86%
Early Stopping at Epoch 42
Fold 2019 Best RMSE: 3866.9527
