DETAILED LOG | Model: patchtst | Seed: 3
FULL CONFIG: {'gpu': '1', 'target': 'arrival', 'cv_start_year': 2017, 'cv_end_year': 2019, 'test_year': 2024, 'use_corona': False, 'seq_len': 365, 'label_len': 0, 'pred_len': 1, 'batch_size': 64, 'epochs': 1000, 'patience': 10, 'lr': 0.001, 'model': 'patchtst', 'd_model': 256, 'n_heads': 8, 'n_layers': 4, 'dropout': 0.1, 'activation': 'gelu', 'patch_len': 7, 'factor': 5, 'norm_mode': 'revin', 'use_dbloss': False, 'device': device(type='cuda'), 'stride': 7, 'file_path': 'dataset/airport_daily_flight_merged.csv', 'seed': 3, 'val_year': 2019, 'ndims': 1}

-------------------- [Fold: 2017] ExpID: 43668 --------------------
- Epoch 000, ExpID 43668
Train - Loss: 80175637.57
Val - Loss, MSE, RMSE, MAE, MAPE: 43277136.00, 43277136.50, 6368.01, 5091.12, 6.29%
Test - Best epoch, Loss, MSE, RMSE, MAE, MAPE: 0, 52574496.00, 52574493.33, 6934.07, 5116.12, 5.75%
- Epoch 001, ExpID 43668
Train - Loss: 33043047.28
Val - Loss, MSE, RMSE, MAE, MAPE: 41243468.00, 41243468.67, 6282.49, 5112.49, 6.34%
Test - Best epoch, Loss, MSE, RMSE, MAE, MAPE: 1, 48732632.00, 48732628.67, 6812.82, 5170.15, 5.89%
- Epoch 002, ExpID 43668
Train - Loss: 31237044.05
Val - Loss, MSE, RMSE, MAE, MAPE: 41617040.00, 41617038.00, 6411.18, 5252.22, 6.80%
Test - Best epoch, Loss, MSE, RMSE, MAE, MAPE: 1, 48732632.00, 48732628.67, 6812.82, 5170.15, 5.89%
- Epoch 003, ExpID 43668
Train - Loss: 30165959.73
Val - Loss, MSE, RMSE, MAE, MAPE: 184988704.00, 184988684.00, 13329.42, 11844.22, 14.43%
Test - Best epoch, Loss, MSE, RMSE, MAE, MAPE: 1, 48732632.00, 48732628.67, 6812.82, 5170.15, 5.89%
- Epoch 004, ExpID 43668
Train - Loss: 30059837.04
Val - Loss, MSE, RMSE, MAE, MAPE: 21883600.00, 21883600.33, 4590.02, 3593.66, 4.62%
Test - Best epoch, Loss, MSE, RMSE, MAE, MAPE: 4, 27506606.00, 27506604.33, 5113.61, 3849.36, 4.53%
- Epoch 005, ExpID 43668
Train - Loss: 27388124.63
Val - Loss, MSE, RMSE, MAE, MAPE: 62283144.00, 62283144.00, 7516.43, 6304.17, 7.63%
Test - Best epoch, Loss, MSE, RMSE, MAE, MAPE: 4, 27506606.00, 27506604.33, 5113.61, 3849.36, 4.53%
- Epoch 006, ExpID 43668
Train - Loss: 28306155.36
Val - Loss, MSE, RMSE, MAE, MAPE: 31211228.00, 31211224.67, 5545.14, 4417.47, 5.66%
Test - Best epoch, Loss, MSE, RMSE, MAE, MAPE: 4, 27506606.00, 27506604.33, 5113.61, 3849.36, 4.53%
- Epoch 007, ExpID 43668
Train - Loss: 26451436.31
Val - Loss, MSE, RMSE, MAE, MAPE: 24933318.00, 24933317.67, 4975.62, 3972.20, 5.00%
Test - Best epoch, Loss, MSE, RMSE, MAE, MAPE: 4, 27506606.00, 27506604.33, 5113.61, 3849.36, 4.53%
- Epoch 008, ExpID 43668
Train - Loss: 28158006.57
Val - Loss, MSE, RMSE, MAE, MAPE: 21400500.00, 21400497.83, 4582.81, 3632.46, 4.63%
Test - Best epoch, Loss, MSE, RMSE, MAE, MAPE: 8, 28187118.00, 28187115.17, 5123.57, 3910.38, 4.65%
- Epoch 009, ExpID 43668
Train - Loss: 25465510.88
Val - Loss, MSE, RMSE, MAE, MAPE: 138387776.00, 138387768.00, 11298.48, 9681.64, 11.81%
Test - Best epoch, Loss, MSE, RMSE, MAE, MAPE: 8, 28187118.00, 28187115.17, 5123.57, 3910.38, 4.65%
- Epoch 010, ExpID 43668
Train - Loss: 25322749.80
Val - Loss, MSE, RMSE, MAE, MAPE: 88234784.00, 88234780.00, 9276.20, 8332.59, 11.13%
Test - Best epoch, Loss, MSE, RMSE, MAE, MAPE: 8, 28187118.00, 28187115.17, 5123.57, 3910.38, 4.65%
- Epoch 011, ExpID 43668
Train - Loss: 22169378.27
Val - Loss, MSE, RMSE, MAE, MAPE: 82848640.00, 82848641.33, 9058.72, 8234.11, 10.93%
Test - Best epoch, Loss, MSE, RMSE, MAE, MAPE: 8, 28187118.00, 28187115.17, 5123.57, 3910.38, 4.65%
- Epoch 012, ExpID 43668
Train - Loss: 22888022.76
Val - Loss, MSE, RMSE, MAE, MAPE: 22775094.00, 22775095.00, 4768.85, 3664.84, 4.70%
Test - Best epoch, Loss, MSE, RMSE, MAE, MAPE: 8, 28187118.00, 28187115.17, 5123.57, 3910.38, 4.65%
- Epoch 013, ExpID 43668
Train - Loss: 21147241.79
Val - Loss, MSE, RMSE, MAE, MAPE: 66275084.00, 66275084.00, 8053.58, 7042.77, 9.01%
Test - Best epoch, Loss, MSE, RMSE, MAE, MAPE: 8, 28187118.00, 28187115.17, 5123.57, 3910.38, 4.65%
- Epoch 014, ExpID 43668
Train - Loss: 20857971.85
Val - Loss, MSE, RMSE, MAE, MAPE: 28106588.00, 28106586.33, 5256.30, 4284.32, 5.69%
Test - Best epoch, Loss, MSE, RMSE, MAE, MAPE: 8, 28187118.00, 28187115.17, 5123.57, 3910.38, 4.65%
- Epoch 015, ExpID 43668
Train - Loss: 19801472.68
Val - Loss, MSE, RMSE, MAE, MAPE: 26338200.00, 26338197.00, 5094.99, 4098.13, 5.45%
Test - Best epoch, Loss, MSE, RMSE, MAE, MAPE: 8, 28187118.00, 28187115.17, 5123.57, 3910.38, 4.65%
- Epoch 016, ExpID 43668
Train - Loss: 19749214.69
Val - Loss, MSE, RMSE, MAE, MAPE: 25782182.00, 25782180.67, 4963.99, 3939.66, 4.94%
Test - Best epoch, Loss, MSE, RMSE, MAE, MAPE: 8, 28187118.00, 28187115.17, 5123.57, 3910.38, 4.65%
- Epoch 017, ExpID 43668
Train - Loss: 18551586.04
Val - Loss, MSE, RMSE, MAE, MAPE: 27131648.00, 27131648.33, 5185.64, 4138.22, 5.41%
Test - Best epoch, Loss, MSE, RMSE, MAE, MAPE: 8, 28187118.00, 28187115.17, 5123.57, 3910.38, 4.65%
- Epoch 018, ExpID 43668
Train - Loss: 18933332.01
Val - Loss, MSE, RMSE, MAE, MAPE: 27320772.00, 27320770.33, 5139.94, 4090.25, 5.21%
Test - Best epoch, Loss, MSE, RMSE, MAE, MAPE: 8, 28187118.00, 28187115.17, 5123.57, 3910.38, 4.65%
Early Stopping at Epoch 18
Fold 2017 Best RMSE: 5123.5719

-------------------- [Fold: 2018] ExpID: 20647 --------------------
- Epoch 000, ExpID 20647
Train - Loss: 75661069.50
Val - Loss, MSE, RMSE, MAE, MAPE: 42296848.00, 42296847.33, 6345.88, 5214.97, 6.28%
Test - Best epoch, Loss, MSE, RMSE, MAE, MAPE: 0, 32749752.00, 32749751.67, 5562.01, 4315.88, 4.82%
- Epoch 001, ExpID 20647
Train - Loss: 38748654.35
Val - Loss, MSE, RMSE, MAE, MAPE: 235289712.00, 235289706.67, 15308.22, 14614.92, 17.65%
Test - Best epoch, Loss, MSE, RMSE, MAE, MAPE: 0, 32749752.00, 32749751.67, 5562.01, 4315.88, 4.82%
- Epoch 002, ExpID 20647
Train - Loss: 32906936.35
Val - Loss, MSE, RMSE, MAE, MAPE: 151202464.00, 151202460.67, 12037.85, 10994.46, 13.32%
Test - Best epoch, Loss, MSE, RMSE, MAE, MAPE: 0, 32749752.00, 32749751.67, 5562.01, 4315.88, 4.82%
- Epoch 003, ExpID 20647
Train - Loss: 30661038.43
Val - Loss, MSE, RMSE, MAE, MAPE: 28047014.00, 28047010.33, 5196.70, 3924.47, 4.61%
Test - Best epoch, Loss, MSE, RMSE, MAE, MAPE: 3, 20917716.00, 20917716.33, 4492.91, 3413.61, 3.67%
- Epoch 004, ExpID 20647
Train - Loss: 27956571.73
Val - Loss, MSE, RMSE, MAE, MAPE: 57908760.00, 57908754.67, 7578.14, 6776.87, 8.15%
Test - Best epoch, Loss, MSE, RMSE, MAE, MAPE: 3, 20917716.00, 20917716.33, 4492.91, 3413.61, 3.67%
- Epoch 005, ExpID 20647
Train - Loss: 25052645.45
Val - Loss, MSE, RMSE, MAE, MAPE: 17199606.00, 17199605.33, 4053.30, 2788.82, 3.21%
Test - Best epoch, Loss, MSE, RMSE, MAE, MAPE: 5, 14761528.00, 14761527.83, 3755.56, 2851.29, 3.05%
- Epoch 006, ExpID 20647
Train - Loss: 23816548.29
Val - Loss, MSE, RMSE, MAE, MAPE: 24430592.00, 24430593.00, 4815.64, 3800.69, 4.60%
Test - Best epoch, Loss, MSE, RMSE, MAE, MAPE: 5, 14761528.00, 14761527.83, 3755.56, 2851.29, 3.05%
- Epoch 007, ExpID 20647
Train - Loss: 23329336.66
Val - Loss, MSE, RMSE, MAE, MAPE: 22897958.00, 22897959.00, 4722.11, 3590.52, 4.10%
Test - Best epoch, Loss, MSE, RMSE, MAE, MAPE: 5, 14761528.00, 14761527.83, 3755.56, 2851.29, 3.05%
- Epoch 008, ExpID 20647
Train - Loss: 21822374.19
Val - Loss, MSE, RMSE, MAE, MAPE: 23741198.00, 23741198.17, 4759.55, 3625.43, 4.34%
Test - Best epoch, Loss, MSE, RMSE, MAE, MAPE: 5, 14761528.00, 14761527.83, 3755.56, 2851.29, 3.05%
- Epoch 009, ExpID 20647
Train - Loss: 21629882.44
Val - Loss, MSE, RMSE, MAE, MAPE: 23880150.00, 23880148.83, 4809.15, 3532.71, 4.04%
Test - Best epoch, Loss, MSE, RMSE, MAE, MAPE: 5, 14761528.00, 14761527.83, 3755.56, 2851.29, 3.05%
- Epoch 010, ExpID 20647
Train - Loss: 20711661.70
Val - Loss, MSE, RMSE, MAE, MAPE: 21469256.00, 21469256.33, 4543.60, 3324.37, 3.78%
Test - Best epoch, Loss, MSE, RMSE, MAE, MAPE: 5, 14761528.00, 14761527.83, 3755.56, 2851.29, 3.05%
- Epoch 011, ExpID 20647
Train - Loss: 21796303.68
Val - Loss, MSE, RMSE, MAE, MAPE: 35123972.00, 35123970.83, 5761.54, 4614.57, 5.32%
Test - Best epoch, Loss, MSE, RMSE, MAE, MAPE: 5, 14761528.00, 14761527.83, 3755.56, 2851.29, 3.05%
- Epoch 012, ExpID 20647
Train - Loss: 20412635.09
Val - Loss, MSE, RMSE, MAE, MAPE: 31390508.00, 31390506.67, 5528.38, 4504.08, 5.54%
Test - Best epoch, Loss, MSE, RMSE, MAE, MAPE: 5, 14761528.00, 14761527.83, 3755.56, 2851.29, 3.05%
- Epoch 013, ExpID 20647
Train - Loss: 19894399.24
Val - Loss, MSE, RMSE, MAE, MAPE: 26946374.00, 26946373.17, 5117.28, 4019.56, 4.89%
Test - Best epoch, Loss, MSE, RMSE, MAE, MAPE: 5, 14761528.00, 14761527.83, 3755.56, 2851.29, 3.05%
- Epoch 014, ExpID 20647
Train - Loss: 20244691.12
Val - Loss, MSE, RMSE, MAE, MAPE: 26258694.00, 26258694.00, 5000.65, 3660.61, 4.14%
Test - Best epoch, Loss, MSE, RMSE, MAE, MAPE: 5, 14761528.00, 14761527.83, 3755.56, 2851.29, 3.05%
- Epoch 015, ExpID 20647
Train - Loss: 19215514.95
Val - Loss, MSE, RMSE, MAE, MAPE: 20825704.00, 20825701.83, 4454.40, 3207.91, 3.75%
Test - Best epoch, Loss, MSE, RMSE, MAE, MAPE: 5, 14761528.00, 14761527.83, 3755.56, 2851.29, 3.05%
Early Stopping at Epoch 15
Fold 2018 Best RMSE: 3755.5632

-------------------- [Fold: 2019] ExpID: 51654 --------------------
- Epoch 000, ExpID 51654
Train - Loss: 85621716.98
Val - Loss, MSE, RMSE, MAE, MAPE: 61118016.00, 61118010.00, 7542.00, 6325.06, 6.67%
Test - Best epoch, Loss, MSE, RMSE, MAE, MAPE: 0, 63843580.00, 63843578.67, 7757.12, 6318.29, 6.59%
- Epoch 001, ExpID 51654
Train - Loss: 45069925.91
Val - Loss, MSE, RMSE, MAE, MAPE: 80887296.00, 80887290.67, 8748.90, 7239.20, 7.81%
Test - Best epoch, Loss, MSE, RMSE, MAE, MAPE: 0, 63843580.00, 63843578.67, 7757.12, 6318.29, 6.59%
- Epoch 002, ExpID 51654
Train - Loss: 36605687.74
Val - Loss, MSE, RMSE, MAE, MAPE: 71397720.00, 71397720.00, 8234.67, 6744.36, 7.18%
Test - Best epoch, Loss, MSE, RMSE, MAE, MAPE: 0, 63843580.00, 63843578.67, 7757.12, 6318.29, 6.59%
- Epoch 003, ExpID 51654
Train - Loss: 34174164.76
Val - Loss, MSE, RMSE, MAE, MAPE: 52624848.00, 52624849.67, 7148.60, 5964.18, 6.23%
Test - Best epoch, Loss, MSE, RMSE, MAE, MAPE: 3, 60398464.00, 60398465.33, 7697.16, 6383.56, 6.48%
- Epoch 004, ExpID 51654
Train - Loss: 31975998.49
Val - Loss, MSE, RMSE, MAE, MAPE: 26243572.00, 26243569.33, 5053.92, 3885.23, 4.25%
Test - Best epoch, Loss, MSE, RMSE, MAE, MAPE: 4, 24973574.00, 24973571.67, 4930.23, 3820.39, 4.10%
- Epoch 005, ExpID 51654
Train - Loss: 30322951.41
Val - Loss, MSE, RMSE, MAE, MAPE: 20454186.00, 20454184.83, 4435.04, 3339.85, 3.56%
Test - Best epoch, Loss, MSE, RMSE, MAE, MAPE: 5, 21255538.00, 21255536.83, 4522.31, 3414.39, 3.53%
- Epoch 006, ExpID 51654
Train - Loss: 29339960.72
Val - Loss, MSE, RMSE, MAE, MAPE: 26709020.00, 26709018.17, 5118.04, 3890.86, 4.20%
Test - Best epoch, Loss, MSE, RMSE, MAE, MAPE: 5, 21255538.00, 21255536.83, 4522.31, 3414.39, 3.53%
- Epoch 007, ExpID 51654
Train - Loss: 27194194.74
Val - Loss, MSE, RMSE, MAE, MAPE: 112921360.00, 112921353.33, 10555.57, 9763.31, 10.34%
Test - Best epoch, Loss, MSE, RMSE, MAE, MAPE: 5, 21255538.00, 21255536.83, 4522.31, 3414.39, 3.53%
- Epoch 008, ExpID 51654
Train - Loss: 25313213.59
Val - Loss, MSE, RMSE, MAE, MAPE: 21713946.00, 21713945.00, 4571.22, 3597.12, 3.96%
Test - Best epoch, Loss, MSE, RMSE, MAE, MAPE: 5, 21255538.00, 21255536.83, 4522.31, 3414.39, 3.53%
- Epoch 009, ExpID 51654
Train - Loss: 26861275.58
Val - Loss, MSE, RMSE, MAE, MAPE: 26004408.00, 26004408.33, 5020.31, 4068.85, 4.48%
Test - Best epoch, Loss, MSE, RMSE, MAE, MAPE: 5, 21255538.00, 21255536.83, 4522.31, 3414.39, 3.53%
- Epoch 010, ExpID 51654
Train - Loss: 24560243.44
Val - Loss, MSE, RMSE, MAE, MAPE: 22930624.00, 22930624.83, 4701.76, 3653.01, 4.06%
Test - Best epoch, Loss, MSE, RMSE, MAE, MAPE: 5, 21255538.00, 21255536.83, 4522.31, 3414.39, 3.53%
- Epoch 011, ExpID 51654
Train - Loss: 23071135.17
Val - Loss, MSE, RMSE, MAE, MAPE: 19217052.00, 19217052.00, 4311.01, 3418.41, 3.76%
Test - Best epoch, Loss, MSE, RMSE, MAE, MAPE: 11, 20754164.00, 20754162.33, 4499.07, 3367.37, 3.60%
- Epoch 012, ExpID 51654
Train - Loss: 22769432.93
Val - Loss, MSE, RMSE, MAE, MAPE: 25777448.00, 25777447.17, 5039.56, 3995.57, 4.27%
Test - Best epoch, Loss, MSE, RMSE, MAE, MAPE: 11, 20754164.00, 20754162.33, 4499.07, 3367.37, 3.60%
- Epoch 013, ExpID 51654
Train - Loss: 22549118.24
Val - Loss, MSE, RMSE, MAE, MAPE: 20388796.00, 20388795.17, 4482.22, 3400.59, 3.65%
Test - Best epoch, Loss, MSE, RMSE, MAE, MAPE: 11, 20754164.00, 20754162.33, 4499.07, 3367.37, 3.60%
- Epoch 014, ExpID 51654
Train - Loss: 21588339.81
Val - Loss, MSE, RMSE, MAE, MAPE: 33643820.00, 33643819.33, 5739.80, 4698.01, 5.00%
Test - Best epoch, Loss, MSE, RMSE, MAE, MAPE: 11, 20754164.00, 20754162.33, 4499.07, 3367.37, 3.60%
- Epoch 015, ExpID 51654
Train - Loss: 21239514.33
Val - Loss, MSE, RMSE, MAE, MAPE: 25596432.00, 25596430.33, 5033.96, 3931.82, 4.25%
Test - Best epoch, Loss, MSE, RMSE, MAE, MAPE: 11, 20754164.00, 20754162.33, 4499.07, 3367.37, 3.60%
- Epoch 016, ExpID 51654
Train - Loss: 20203821.17
Val - Loss, MSE, RMSE, MAE, MAPE: 26689444.00, 26689439.83, 5119.74, 3870.26, 4.10%
Test - Best epoch, Loss, MSE, RMSE, MAE, MAPE: 11, 20754164.00, 20754162.33, 4499.07, 3367.37, 3.60%
- Epoch 017, ExpID 51654
Train - Loss: 20060434.56
Val - Loss, MSE, RMSE, MAE, MAPE: 27029144.00, 27029146.33, 5071.80, 4068.93, 4.28%
Test - Best epoch, Loss, MSE, RMSE, MAE, MAPE: 11, 20754164.00, 20754162.33, 4499.07, 3367.37, 3.60%
- Epoch 018, ExpID 51654
Train - Loss: 20521857.99
Val - Loss, MSE, RMSE, MAE, MAPE: 19782512.00, 19782510.00, 4407.95, 3386.21, 3.66%
Test - Best epoch, Loss, MSE, RMSE, MAE, MAPE: 11, 20754164.00, 20754162.33, 4499.07, 3367.37, 3.60%
- Epoch 019, ExpID 51654
Train - Loss: 18906573.00
Val - Loss, MSE, RMSE, MAE, MAPE: 19043684.00, 19043684.33, 4290.15, 3195.83, 3.44%
Test - Best epoch, Loss, MSE, RMSE, MAE, MAPE: 19, 16509528.00, 16509527.67, 3962.34, 2861.04, 3.02%
- Epoch 020, ExpID 51654
Train - Loss: 19142909.50
Val - Loss, MSE, RMSE, MAE, MAPE: 27183550.00, 27183550.00, 5120.26, 4062.71, 4.50%
Test - Best epoch, Loss, MSE, RMSE, MAE, MAPE: 19, 16509528.00, 16509527.67, 3962.34, 2861.04, 3.02%
- Epoch 021, ExpID 51654
Train - Loss: 17911815.49
Val - Loss, MSE, RMSE, MAE, MAPE: 23957880.00, 23957880.67, 4823.98, 3753.99, 4.13%
Test - Best epoch, Loss, MSE, RMSE, MAE, MAPE: 19, 16509528.00, 16509527.67, 3962.34, 2861.04, 3.02%
- Epoch 022, ExpID 51654
Train - Loss: 18423699.37
Val - Loss, MSE, RMSE, MAE, MAPE: 16324367.00, 16324366.33, 3998.01, 3013.05, 3.23%
Test - Best epoch, Loss, MSE, RMSE, MAE, MAPE: 22, 19290376.00, 19290375.67, 4246.84, 3092.29, 3.22%
- Epoch 023, ExpID 51654
Train - Loss: 18341296.98
Val - Loss, MSE, RMSE, MAE, MAPE: 17073356.00, 17073353.50, 4078.55, 3140.93, 3.36%
Test - Best epoch, Loss, MSE, RMSE, MAE, MAPE: 22, 19290376.00, 19290375.67, 4246.84, 3092.29, 3.22%
- Epoch 024, ExpID 51654
Train - Loss: 18432080.65
Val - Loss, MSE, RMSE, MAE, MAPE: 21510292.00, 21510291.67, 4537.13, 3459.19, 3.84%
Test - Best epoch, Loss, MSE, RMSE, MAE, MAPE: 22, 19290376.00, 19290375.67, 4246.84, 3092.29, 3.22%
- Epoch 025, ExpID 51654
Train - Loss: 17898255.85
Val - Loss, MSE, RMSE, MAE, MAPE: 23107916.00, 23107915.17, 4741.49, 3644.33, 3.94%
Test - Best epoch, Loss, MSE, RMSE, MAE, MAPE: 22, 19290376.00, 19290375.67, 4246.84, 3092.29, 3.22%
- Epoch 026, ExpID 51654
Train - Loss: 19060692.10
Val - Loss, MSE, RMSE, MAE, MAPE: 19444236.00, 19444234.33, 4346.25, 3345.30, 3.62%
Test - Best epoch, Loss, MSE, RMSE, MAE, MAPE: 22, 19290376.00, 19290375.67, 4246.84, 3092.29, 3.22%
- Epoch 027, ExpID 51654
Train - Loss: 17641607.59
Val - Loss, MSE, RMSE, MAE, MAPE: 28449772.00, 28449766.67, 5280.98, 4264.57, 4.48%
Test - Best epoch, Loss, MSE, RMSE, MAE, MAPE: 22, 19290376.00, 19290375.67, 4246.84, 3092.29, 3.22%
- Epoch 028, ExpID 51654
Train - Loss: 17130193.60
Val - Loss, MSE, RMSE, MAE, MAPE: 18185094.00, 18185093.33, 4216.39, 3220.50, 3.52%
Test - Best epoch, Loss, MSE, RMSE, MAE, MAPE: 22, 19290376.00, 19290375.67, 4246.84, 3092.29, 3.22%
- Epoch 029, ExpID 51654
Train - Loss: 18022622.90
Val - Loss, MSE, RMSE, MAE, MAPE: 20692106.00, 20692105.67, 4486.26, 3502.29, 3.78%
Test - Best epoch, Loss, MSE, RMSE, MAE, MAPE: 22, 19290376.00, 19290375.67, 4246.84, 3092.29, 3.22%
- Epoch 030, ExpID 51654
Train - Loss: 16963472.28
Val - Loss, MSE, RMSE, MAE, MAPE: 26613158.00, 26613158.33, 5066.13, 4053.64, 4.25%
Test - Best epoch, Loss, MSE, RMSE, MAE, MAPE: 22, 19290376.00, 19290375.67, 4246.84, 3092.29, 3.22%
- Epoch 031, ExpID 51654
Train - Loss: 17573072.05
Val - Loss, MSE, RMSE, MAE, MAPE: 18858786.00, 18858784.33, 4272.13, 3311.35, 3.57%
Test - Best epoch, Loss, MSE, RMSE, MAE, MAPE: 22, 19290376.00, 19290375.67, 4246.84, 3092.29, 3.22%
- Epoch 032, ExpID 51654
Train - Loss: 17050945.00
Val - Loss, MSE, RMSE, MAE, MAPE: 17700156.00, 17700155.17, 4145.07, 3070.55, 3.31%
Test - Best epoch, Loss, MSE, RMSE, MAE, MAPE: 22, 19290376.00, 19290375.67, 4246.84, 3092.29, 3.22%
Early Stopping at Epoch 32
Fold 2019 Best RMSE: 4246.8406
