DETAILED LOG | Model: patchtst | Seed: 3
FULL CONFIG: {'gpu': '1', 'target': 'arrival', 'cv_start_year': 2017, 'cv_end_year': 2019, 'test_year': 2024, 'use_corona': False, 'seq_len': 91, 'label_len': 0, 'pred_len': 1, 'batch_size': 64, 'epochs': 1000, 'patience': 10, 'lr': 0.0001, 'model': 'patchtst', 'd_model': 128, 'n_heads': 2, 'n_layers': 5, 'dropout': 0.1, 'activation': 'gelu', 'patch_len': 7, 'factor': 5, 'norm_mode': 'revin', 'use_dbloss': False, 'device': device(type='cuda'), 'stride': 7, 'file_path': 'dataset/airport_daily_flight_merged.csv', 'seed': 3, 'val_year': 2019, 'ndims': 1}

-------------------- [Fold: 2017] ExpID: 26487 --------------------
- Epoch 000, ExpID 26487
Train - Loss: 21932664.24
Val - Loss, MSE, RMSE, MAE, MAPE: 17776428.00, 17776426.67, 4144.38, 3039.54, 3.86%
Test - Best epoch, Loss, MSE, RMSE, MAE, MAPE: 0, 25424900.00, 25424899.67, 4805.68, 3495.94, 4.09%
- Epoch 001, ExpID 26487
Train - Loss: 15594097.19
Val - Loss, MSE, RMSE, MAE, MAPE: 15020383.00, 15020383.33, 3804.20, 2718.49, 3.47%
Test - Best epoch, Loss, MSE, RMSE, MAE, MAPE: 1, 21696884.00, 21696881.83, 4482.67, 3207.76, 3.75%
- Epoch 002, ExpID 26487
Train - Loss: 14288760.13
Val - Loss, MSE, RMSE, MAE, MAPE: 13797640.00, 13797640.00, 3665.35, 2635.40, 3.37%
Test - Best epoch, Loss, MSE, RMSE, MAE, MAPE: 2, 19646220.00, 19646218.83, 4267.04, 3047.93, 3.59%
- Epoch 003, ExpID 26487
Train - Loss: 13605881.61
Val - Loss, MSE, RMSE, MAE, MAPE: 12787178.00, 12787177.58, 3513.65, 2474.08, 3.14%
Test - Best epoch, Loss, MSE, RMSE, MAE, MAPE: 3, 19387950.00, 19387950.08, 4233.30, 3004.42, 3.51%
- Epoch 004, ExpID 26487
Train - Loss: 13569886.06
Val - Loss, MSE, RMSE, MAE, MAPE: 12988022.00, 12988021.67, 3563.93, 2571.15, 3.26%
Test - Best epoch, Loss, MSE, RMSE, MAE, MAPE: 3, 19387950.00, 19387950.08, 4233.30, 3004.42, 3.51%
- Epoch 005, ExpID 26487
Train - Loss: 12773894.08
Val - Loss, MSE, RMSE, MAE, MAPE: 13446988.00, 13446988.50, 3616.77, 2582.01, 3.27%
Test - Best epoch, Loss, MSE, RMSE, MAE, MAPE: 3, 19387950.00, 19387950.08, 4233.30, 3004.42, 3.51%
- Epoch 006, ExpID 26487
Train - Loss: 12142059.63
Val - Loss, MSE, RMSE, MAE, MAPE: 12921278.00, 12921278.25, 3545.79, 2533.10, 3.24%
Test - Best epoch, Loss, MSE, RMSE, MAE, MAPE: 3, 19387950.00, 19387950.08, 4233.30, 3004.42, 3.51%
- Epoch 007, ExpID 26487
Train - Loss: 12100449.62
Val - Loss, MSE, RMSE, MAE, MAPE: 12907152.00, 12907151.42, 3555.38, 2584.52, 3.32%
Test - Best epoch, Loss, MSE, RMSE, MAE, MAPE: 3, 19387950.00, 19387950.08, 4233.30, 3004.42, 3.51%
- Epoch 008, ExpID 26487
Train - Loss: 12220703.91
Val - Loss, MSE, RMSE, MAE, MAPE: 12768930.00, 12768929.33, 3509.38, 2457.71, 3.11%
Test - Best epoch, Loss, MSE, RMSE, MAE, MAPE: 8, 19008710.00, 19008708.67, 4206.83, 2898.03, 3.38%
- Epoch 009, ExpID 26487
Train - Loss: 12269720.22
Val - Loss, MSE, RMSE, MAE, MAPE: 12357599.00, 12357599.00, 3473.59, 2442.30, 3.09%
Test - Best epoch, Loss, MSE, RMSE, MAE, MAPE: 9, 18708772.00, 18708770.33, 4181.95, 2936.11, 3.42%
- Epoch 010, ExpID 26487
Train - Loss: 11815129.43
Val - Loss, MSE, RMSE, MAE, MAPE: 12799736.00, 12799736.58, 3520.03, 2474.00, 3.12%
Test - Best epoch, Loss, MSE, RMSE, MAE, MAPE: 9, 18708772.00, 18708770.33, 4181.95, 2936.11, 3.42%
- Epoch 011, ExpID 26487
Train - Loss: 12432733.73
Val - Loss, MSE, RMSE, MAE, MAPE: 12544178.00, 12544178.42, 3503.24, 2482.24, 3.12%
Test - Best epoch, Loss, MSE, RMSE, MAE, MAPE: 9, 18708772.00, 18708770.33, 4181.95, 2936.11, 3.42%
- Epoch 012, ExpID 26487
Train - Loss: 10904887.11
Val - Loss, MSE, RMSE, MAE, MAPE: 12139050.00, 12139049.00, 3436.05, 2414.95, 3.05%
Test - Best epoch, Loss, MSE, RMSE, MAE, MAPE: 12, 19333484.00, 19333484.17, 4262.18, 2967.95, 3.45%
- Epoch 013, ExpID 26487
Train - Loss: 10972311.81
Val - Loss, MSE, RMSE, MAE, MAPE: 11888890.00, 11888888.58, 3410.81, 2452.20, 3.12%
Test - Best epoch, Loss, MSE, RMSE, MAE, MAPE: 13, 18643452.00, 18643451.33, 4174.64, 2922.90, 3.41%
- Epoch 014, ExpID 26487
Train - Loss: 10988632.46
Val - Loss, MSE, RMSE, MAE, MAPE: 12101508.00, 12101508.17, 3431.07, 2410.91, 3.05%
Test - Best epoch, Loss, MSE, RMSE, MAE, MAPE: 13, 18643452.00, 18643451.33, 4174.64, 2922.90, 3.41%
- Epoch 015, ExpID 26487
Train - Loss: 11282148.11
Val - Loss, MSE, RMSE, MAE, MAPE: 12244502.00, 12244500.67, 3453.48, 2470.15, 3.11%
Test - Best epoch, Loss, MSE, RMSE, MAE, MAPE: 13, 18643452.00, 18643451.33, 4174.64, 2922.90, 3.41%
- Epoch 016, ExpID 26487
Train - Loss: 11661081.06
Val - Loss, MSE, RMSE, MAE, MAPE: 12259163.00, 12259163.00, 3478.33, 2540.56, 3.25%
Test - Best epoch, Loss, MSE, RMSE, MAE, MAPE: 13, 18643452.00, 18643451.33, 4174.64, 2922.90, 3.41%
- Epoch 017, ExpID 26487
Train - Loss: 10422133.97
Val - Loss, MSE, RMSE, MAE, MAPE: 12132171.00, 12132170.58, 3449.48, 2472.11, 3.12%
Test - Best epoch, Loss, MSE, RMSE, MAE, MAPE: 13, 18643452.00, 18643451.33, 4174.64, 2922.90, 3.41%
- Epoch 018, ExpID 26487
Train - Loss: 11384432.77
Val - Loss, MSE, RMSE, MAE, MAPE: 11892398.00, 11892397.00, 3411.77, 2431.05, 3.08%
Test - Best epoch, Loss, MSE, RMSE, MAE, MAPE: 13, 18643452.00, 18643451.33, 4174.64, 2922.90, 3.41%
- Epoch 019, ExpID 26487
Train - Loss: 10157066.05
Val - Loss, MSE, RMSE, MAE, MAPE: 11614196.00, 11614196.17, 3373.93, 2436.90, 3.08%
Test - Best epoch, Loss, MSE, RMSE, MAE, MAPE: 19, 18539226.00, 18539225.50, 4167.18, 2912.31, 3.40%
- Epoch 020, ExpID 26487
Train - Loss: 11317211.02
Val - Loss, MSE, RMSE, MAE, MAPE: 11294180.00, 11294181.42, 3329.41, 2401.80, 3.06%
Test - Best epoch, Loss, MSE, RMSE, MAE, MAPE: 20, 18364740.00, 18364738.58, 4147.20, 2912.52, 3.41%
- Epoch 021, ExpID 26487
Train - Loss: 10408209.23
Val - Loss, MSE, RMSE, MAE, MAPE: 11651987.00, 11651986.42, 3390.07, 2460.84, 3.13%
Test - Best epoch, Loss, MSE, RMSE, MAE, MAPE: 20, 18364740.00, 18364738.58, 4147.20, 2912.52, 3.41%
- Epoch 022, ExpID 26487
Train - Loss: 10559409.34
Val - Loss, MSE, RMSE, MAE, MAPE: 11670212.00, 11670211.83, 3378.26, 2430.47, 3.08%
Test - Best epoch, Loss, MSE, RMSE, MAE, MAPE: 20, 18364740.00, 18364738.58, 4147.20, 2912.52, 3.41%
- Epoch 023, ExpID 26487
Train - Loss: 10748438.27
Val - Loss, MSE, RMSE, MAE, MAPE: 11757919.00, 11757917.83, 3391.23, 2434.27, 3.09%
Test - Best epoch, Loss, MSE, RMSE, MAE, MAPE: 20, 18364740.00, 18364738.58, 4147.20, 2912.52, 3.41%
- Epoch 024, ExpID 26487
Train - Loss: 10539548.45
Val - Loss, MSE, RMSE, MAE, MAPE: 11451131.00, 11451130.25, 3347.62, 2419.10, 3.07%
Test - Best epoch, Loss, MSE, RMSE, MAE, MAPE: 20, 18364740.00, 18364738.58, 4147.20, 2912.52, 3.41%
- Epoch 025, ExpID 26487
Train - Loss: 10323197.87
Val - Loss, MSE, RMSE, MAE, MAPE: 11358940.00, 11358940.67, 3321.84, 2398.53, 3.04%
Test - Best epoch, Loss, MSE, RMSE, MAE, MAPE: 20, 18364740.00, 18364738.58, 4147.20, 2912.52, 3.41%
- Epoch 026, ExpID 26487
Train - Loss: 10254586.95
Val - Loss, MSE, RMSE, MAE, MAPE: 11047482.00, 11047481.58, 3281.49, 2363.05, 2.99%
Test - Best epoch, Loss, MSE, RMSE, MAE, MAPE: 26, 18256234.00, 18256232.50, 4141.22, 2936.17, 3.42%
- Epoch 027, ExpID 26487
Train - Loss: 10389035.57
Val - Loss, MSE, RMSE, MAE, MAPE: 11033006.00, 11033004.67, 3301.19, 2417.59, 3.09%
Test - Best epoch, Loss, MSE, RMSE, MAE, MAPE: 27, 17557634.00, 17557633.50, 4086.69, 2991.08, 3.51%
- Epoch 028, ExpID 26487
Train - Loss: 9838753.49
Val - Loss, MSE, RMSE, MAE, MAPE: 10831320.00, 10831319.25, 3253.53, 2343.36, 2.97%
Test - Best epoch, Loss, MSE, RMSE, MAE, MAPE: 28, 18337916.00, 18337915.83, 4161.85, 2925.21, 3.40%
- Epoch 029, ExpID 26487
Train - Loss: 10665157.85
Val - Loss, MSE, RMSE, MAE, MAPE: 11127694.00, 11127694.00, 3293.96, 2366.58, 2.98%
Test - Best epoch, Loss, MSE, RMSE, MAE, MAPE: 28, 18337916.00, 18337915.83, 4161.85, 2925.21, 3.40%
- Epoch 030, ExpID 26487
Train - Loss: 10010699.92
Val - Loss, MSE, RMSE, MAE, MAPE: 10764791.00, 10764791.50, 3243.74, 2383.07, 3.03%
Test - Best epoch, Loss, MSE, RMSE, MAE, MAPE: 30, 17682272.00, 17682269.33, 4104.14, 2958.70, 3.46%
- Epoch 031, ExpID 26487
Train - Loss: 10257990.90
Val - Loss, MSE, RMSE, MAE, MAPE: 11518316.00, 11518315.50, 3367.55, 2490.87, 3.19%
Test - Best epoch, Loss, MSE, RMSE, MAE, MAPE: 30, 17682272.00, 17682269.33, 4104.14, 2958.70, 3.46%
- Epoch 032, ExpID 26487
Train - Loss: 9734656.03
Val - Loss, MSE, RMSE, MAE, MAPE: 10658338.00, 10658337.75, 3226.39, 2349.87, 2.99%
Test - Best epoch, Loss, MSE, RMSE, MAE, MAPE: 32, 18076152.00, 18076151.83, 4151.60, 2994.13, 3.51%
- Epoch 033, ExpID 26487
Train - Loss: 10413250.53
Val - Loss, MSE, RMSE, MAE, MAPE: 10750771.00, 10750770.50, 3230.12, 2354.44, 2.99%
Test - Best epoch, Loss, MSE, RMSE, MAE, MAPE: 32, 18076152.00, 18076151.83, 4151.60, 2994.13, 3.51%
- Epoch 034, ExpID 26487
Train - Loss: 9681413.44
Val - Loss, MSE, RMSE, MAE, MAPE: 10841936.00, 10841935.17, 3259.31, 2393.21, 3.04%
Test - Best epoch, Loss, MSE, RMSE, MAE, MAPE: 32, 18076152.00, 18076151.83, 4151.60, 2994.13, 3.51%
- Epoch 035, ExpID 26487
Train - Loss: 9998859.10
Val - Loss, MSE, RMSE, MAE, MAPE: 10442456.00, 10442454.83, 3198.50, 2342.37, 2.98%
Test - Best epoch, Loss, MSE, RMSE, MAE, MAPE: 35, 18192488.00, 18192487.83, 4173.17, 2992.63, 3.48%
- Epoch 036, ExpID 26487
Train - Loss: 9892546.83
Val - Loss, MSE, RMSE, MAE, MAPE: 10712846.00, 10712845.42, 3236.54, 2408.09, 3.06%
Test - Best epoch, Loss, MSE, RMSE, MAE, MAPE: 35, 18192488.00, 18192487.83, 4173.17, 2992.63, 3.48%
- Epoch 037, ExpID 26487
Train - Loss: 9510281.13
Val - Loss, MSE, RMSE, MAE, MAPE: 10476108.00, 10476107.75, 3195.78, 2338.16, 2.98%
Test - Best epoch, Loss, MSE, RMSE, MAE, MAPE: 35, 18192488.00, 18192487.83, 4173.17, 2992.63, 3.48%
- Epoch 038, ExpID 26487
Train - Loss: 9937063.35
Val - Loss, MSE, RMSE, MAE, MAPE: 10585638.00, 10585638.25, 3207.02, 2376.75, 3.01%
Test - Best epoch, Loss, MSE, RMSE, MAE, MAPE: 35, 18192488.00, 18192487.83, 4173.17, 2992.63, 3.48%
- Epoch 039, ExpID 26487
Train - Loss: 9175186.88
Val - Loss, MSE, RMSE, MAE, MAPE: 10292696.00, 10292695.17, 3167.58, 2325.18, 2.96%
Test - Best epoch, Loss, MSE, RMSE, MAE, MAPE: 39, 18071844.00, 18071844.50, 4153.20, 2990.55, 3.49%
- Epoch 040, ExpID 26487
Train - Loss: 9916905.46
Val - Loss, MSE, RMSE, MAE, MAPE: 10524650.00, 10524649.83, 3208.04, 2400.58, 3.05%
Test - Best epoch, Loss, MSE, RMSE, MAE, MAPE: 39, 18071844.00, 18071844.50, 4153.20, 2990.55, 3.49%
- Epoch 041, ExpID 26487
Train - Loss: 9385575.33
Val - Loss, MSE, RMSE, MAE, MAPE: 9657819.00, 9657818.00, 3077.67, 2293.39, 2.92%
Test - Best epoch, Loss, MSE, RMSE, MAE, MAPE: 41, 17170536.00, 17170534.17, 4040.09, 2912.65, 3.39%
- Epoch 042, ExpID 26487
Train - Loss: 9219588.49
Val - Loss, MSE, RMSE, MAE, MAPE: 10619568.00, 10619568.33, 3224.49, 2394.85, 3.05%
Test - Best epoch, Loss, MSE, RMSE, MAE, MAPE: 41, 17170536.00, 17170534.17, 4040.09, 2912.65, 3.39%
- Epoch 043, ExpID 26487
Train - Loss: 8667318.99
Val - Loss, MSE, RMSE, MAE, MAPE: 10706038.00, 10706036.58, 3241.49, 2387.96, 3.03%
Test - Best epoch, Loss, MSE, RMSE, MAE, MAPE: 41, 17170536.00, 17170534.17, 4040.09, 2912.65, 3.39%
- Epoch 044, ExpID 26487
Train - Loss: 9546844.35
Val - Loss, MSE, RMSE, MAE, MAPE: 10251205.00, 10251204.58, 3163.21, 2347.09, 2.99%
Test - Best epoch, Loss, MSE, RMSE, MAE, MAPE: 41, 17170536.00, 17170534.17, 4040.09, 2912.65, 3.39%
- Epoch 045, ExpID 26487
Train - Loss: 8991105.82
Val - Loss, MSE, RMSE, MAE, MAPE: 10363315.00, 10363314.50, 3179.42, 2365.62, 3.00%
Test - Best epoch, Loss, MSE, RMSE, MAE, MAPE: 41, 17170536.00, 17170534.17, 4040.09, 2912.65, 3.39%
- Epoch 046, ExpID 26487
Train - Loss: 8890741.24
Val - Loss, MSE, RMSE, MAE, MAPE: 9945306.00, 9945306.00, 3123.07, 2329.67, 2.97%
Test - Best epoch, Loss, MSE, RMSE, MAE, MAPE: 41, 17170536.00, 17170534.17, 4040.09, 2912.65, 3.39%
- Epoch 047, ExpID 26487
Train - Loss: 8703944.94
Val - Loss, MSE, RMSE, MAE, MAPE: 10147685.00, 10147685.17, 3152.45, 2378.43, 3.03%
Test - Best epoch, Loss, MSE, RMSE, MAE, MAPE: 41, 17170536.00, 17170534.17, 4040.09, 2912.65, 3.39%
- Epoch 048, ExpID 26487
Train - Loss: 8157765.24
Val - Loss, MSE, RMSE, MAE, MAPE: 10376933.00, 10376933.17, 3181.10, 2361.38, 3.00%
Test - Best epoch, Loss, MSE, RMSE, MAE, MAPE: 41, 17170536.00, 17170534.17, 4040.09, 2912.65, 3.39%
- Epoch 049, ExpID 26487
Train - Loss: 8814299.21
Val - Loss, MSE, RMSE, MAE, MAPE: 9810939.00, 9810938.83, 3103.83, 2321.01, 2.98%
Test - Best epoch, Loss, MSE, RMSE, MAE, MAPE: 41, 17170536.00, 17170534.17, 4040.09, 2912.65, 3.39%
- Epoch 050, ExpID 26487
Train - Loss: 8889462.60
Val - Loss, MSE, RMSE, MAE, MAPE: 10232151.00, 10232150.83, 3163.13, 2372.58, 3.01%
Test - Best epoch, Loss, MSE, RMSE, MAE, MAPE: 41, 17170536.00, 17170534.17, 4040.09, 2912.65, 3.39%
- Epoch 051, ExpID 26487
Train - Loss: 9275613.66
Val - Loss, MSE, RMSE, MAE, MAPE: 10392114.00, 10392113.58, 3197.57, 2388.92, 3.03%
Test - Best epoch, Loss, MSE, RMSE, MAE, MAPE: 41, 17170536.00, 17170534.17, 4040.09, 2912.65, 3.39%
Early Stopping at Epoch 51
Fold 2017 Best RMSE: 4040.0942

-------------------- [Fold: 2018] ExpID: 41293 --------------------
- Epoch 000, ExpID 41293
Train - Loss: 21138424.58
Val - Loss, MSE, RMSE, MAE, MAPE: 23379542.00, 23379540.17, 4715.14, 3555.82, 4.17%
Test - Best epoch, Loss, MSE, RMSE, MAE, MAPE: 0, 17387204.00, 17387201.50, 4048.44, 3041.92, 3.28%
- Epoch 001, ExpID 41293
Train - Loss: 15745784.99
Val - Loss, MSE, RMSE, MAE, MAPE: 19793908.00, 19793908.00, 4290.77, 3107.98, 3.63%
Test - Best epoch, Loss, MSE, RMSE, MAE, MAPE: 1, 16351198.00, 16351196.83, 3927.14, 2946.34, 3.16%
- Epoch 002, ExpID 41293
Train - Loss: 15007365.01
Val - Loss, MSE, RMSE, MAE, MAPE: 18936848.00, 18936848.67, 4226.28, 3075.69, 3.64%
Test - Best epoch, Loss, MSE, RMSE, MAE, MAPE: 2, 15210171.00, 15210170.17, 3799.85, 2865.13, 3.11%
- Epoch 003, ExpID 41293
Train - Loss: 13907234.18
Val - Loss, MSE, RMSE, MAE, MAPE: 18442320.00, 18442318.50, 4146.61, 2973.82, 3.48%
Test - Best epoch, Loss, MSE, RMSE, MAE, MAPE: 3, 15223450.00, 15223449.00, 3804.69, 2854.76, 3.07%
- Epoch 004, ExpID 41293
Train - Loss: 13493949.35
Val - Loss, MSE, RMSE, MAE, MAPE: 18875198.00, 18875198.83, 4212.58, 2988.92, 3.47%
Test - Best epoch, Loss, MSE, RMSE, MAE, MAPE: 3, 15223450.00, 15223449.00, 3804.69, 2854.76, 3.07%
- Epoch 005, ExpID 41293
Train - Loss: 13082110.88
Val - Loss, MSE, RMSE, MAE, MAPE: 18148944.00, 18148945.50, 4127.69, 2942.04, 3.46%
Test - Best epoch, Loss, MSE, RMSE, MAE, MAPE: 5, 14613996.00, 14613996.83, 3725.55, 2791.54, 3.01%
- Epoch 006, ExpID 41293
Train - Loss: 13133445.36
Val - Loss, MSE, RMSE, MAE, MAPE: 18890318.00, 18890318.17, 4188.80, 3045.26, 3.54%
Test - Best epoch, Loss, MSE, RMSE, MAE, MAPE: 5, 14613996.00, 14613996.83, 3725.55, 2791.54, 3.01%
- Epoch 007, ExpID 41293
Train - Loss: 12579700.12
Val - Loss, MSE, RMSE, MAE, MAPE: 17498302.00, 17498300.83, 4085.44, 2893.37, 3.39%
Test - Best epoch, Loss, MSE, RMSE, MAE, MAPE: 7, 14113356.00, 14113356.17, 3662.15, 2760.21, 2.97%
- Epoch 008, ExpID 41293
Train - Loss: 12028070.15
Val - Loss, MSE, RMSE, MAE, MAPE: 17550612.00, 17550609.67, 4048.86, 2865.51, 3.34%
Test - Best epoch, Loss, MSE, RMSE, MAE, MAPE: 7, 14113356.00, 14113356.17, 3662.15, 2760.21, 2.97%
- Epoch 009, ExpID 41293
Train - Loss: 12510200.60
Val - Loss, MSE, RMSE, MAE, MAPE: 17496224.00, 17496222.50, 4043.09, 2889.60, 3.37%
Test - Best epoch, Loss, MSE, RMSE, MAE, MAPE: 9, 13640464.00, 13640463.83, 3601.23, 2661.40, 2.86%
- Epoch 010, ExpID 41293
Train - Loss: 11689991.52
Val - Loss, MSE, RMSE, MAE, MAPE: 18257776.00, 18257776.17, 4113.47, 2900.51, 3.37%
Test - Best epoch, Loss, MSE, RMSE, MAE, MAPE: 9, 13640464.00, 13640463.83, 3601.23, 2661.40, 2.86%
- Epoch 011, ExpID 41293
Train - Loss: 12473734.72
Val - Loss, MSE, RMSE, MAE, MAPE: 17952170.00, 17952169.25, 4091.93, 2953.15, 3.47%
Test - Best epoch, Loss, MSE, RMSE, MAE, MAPE: 9, 13640464.00, 13640463.83, 3601.23, 2661.40, 2.86%
- Epoch 012, ExpID 41293
Train - Loss: 11769025.54
Val - Loss, MSE, RMSE, MAE, MAPE: 16773558.00, 16773558.50, 3981.12, 2872.21, 3.38%
Test - Best epoch, Loss, MSE, RMSE, MAE, MAPE: 12, 13676444.00, 13676444.83, 3636.43, 2733.34, 2.94%
- Epoch 013, ExpID 41293
Train - Loss: 11862889.38
Val - Loss, MSE, RMSE, MAE, MAPE: 17383616.00, 17383615.00, 4030.23, 2856.29, 3.33%
Test - Best epoch, Loss, MSE, RMSE, MAE, MAPE: 12, 13676444.00, 13676444.83, 3636.43, 2733.34, 2.94%
- Epoch 014, ExpID 41293
Train - Loss: 11792661.55
Val - Loss, MSE, RMSE, MAE, MAPE: 17302208.00, 17302207.67, 4041.09, 2926.05, 3.45%
Test - Best epoch, Loss, MSE, RMSE, MAE, MAPE: 12, 13676444.00, 13676444.83, 3636.43, 2733.34, 2.94%
- Epoch 015, ExpID 41293
Train - Loss: 11289451.31
Val - Loss, MSE, RMSE, MAE, MAPE: 17948984.00, 17948983.00, 4126.70, 2995.23, 3.54%
Test - Best epoch, Loss, MSE, RMSE, MAE, MAPE: 12, 13676444.00, 13676444.83, 3636.43, 2733.34, 2.94%
- Epoch 016, ExpID 41293
Train - Loss: 11312782.52
Val - Loss, MSE, RMSE, MAE, MAPE: 19343704.00, 19343703.83, 4267.09, 3041.18, 3.54%
Test - Best epoch, Loss, MSE, RMSE, MAE, MAPE: 12, 13676444.00, 13676444.83, 3636.43, 2733.34, 2.94%
- Epoch 017, ExpID 41293
Train - Loss: 11471195.29
Val - Loss, MSE, RMSE, MAE, MAPE: 17296348.00, 17296348.50, 4040.81, 2901.52, 3.39%
Test - Best epoch, Loss, MSE, RMSE, MAE, MAPE: 12, 13676444.00, 13676444.83, 3636.43, 2733.34, 2.94%
- Epoch 018, ExpID 41293
Train - Loss: 11044292.80
Val - Loss, MSE, RMSE, MAE, MAPE: 18275702.00, 18275701.00, 4139.25, 2960.60, 3.45%
Test - Best epoch, Loss, MSE, RMSE, MAE, MAPE: 12, 13676444.00, 13676444.83, 3636.43, 2733.34, 2.94%
- Epoch 019, ExpID 41293
Train - Loss: 11432522.39
Val - Loss, MSE, RMSE, MAE, MAPE: 18942708.00, 18942705.67, 4212.88, 3012.03, 3.48%
Test - Best epoch, Loss, MSE, RMSE, MAE, MAPE: 12, 13676444.00, 13676444.83, 3636.43, 2733.34, 2.94%
- Epoch 020, ExpID 41293
Train - Loss: 11327402.74
Val - Loss, MSE, RMSE, MAE, MAPE: 17306388.00, 17306388.00, 4034.76, 2917.19, 3.42%
Test - Best epoch, Loss, MSE, RMSE, MAE, MAPE: 12, 13676444.00, 13676444.83, 3636.43, 2733.34, 2.94%
- Epoch 021, ExpID 41293
Train - Loss: 10475331.37
Val - Loss, MSE, RMSE, MAE, MAPE: 17363200.00, 17363198.00, 4044.47, 2867.18, 3.36%
Test - Best epoch, Loss, MSE, RMSE, MAE, MAPE: 12, 13676444.00, 13676444.83, 3636.43, 2733.34, 2.94%
- Epoch 022, ExpID 41293
Train - Loss: 11224080.99
Val - Loss, MSE, RMSE, MAE, MAPE: 18035664.00, 18035663.67, 4133.36, 2983.63, 3.47%
Test - Best epoch, Loss, MSE, RMSE, MAE, MAPE: 12, 13676444.00, 13676444.83, 3636.43, 2733.34, 2.94%
Early Stopping at Epoch 22
Fold 2018 Best RMSE: 3636.4324

-------------------- [Fold: 2019] ExpID: 74966 --------------------
- Epoch 000, ExpID 74966
Train - Loss: 21227364.86
Val - Loss, MSE, RMSE, MAE, MAPE: 17332372.00, 17332370.00, 4052.79, 2991.65, 3.22%
Test - Best epoch, Loss, MSE, RMSE, MAE, MAPE: 0, 18431736.00, 18431735.67, 4216.21, 2961.77, 3.11%
- Epoch 001, ExpID 74966
Train - Loss: 17185065.33
Val - Loss, MSE, RMSE, MAE, MAPE: 16760942.00, 16760940.33, 3997.40, 3011.99, 3.28%
Test - Best epoch, Loss, MSE, RMSE, MAE, MAPE: 1, 17573430.00, 17573429.50, 4083.94, 2917.81, 3.10%
- Epoch 002, ExpID 74966
Train - Loss: 15492172.27
Val - Loss, MSE, RMSE, MAE, MAPE: 15709752.00, 15709751.50, 3881.32, 2984.93, 3.22%
Test - Best epoch, Loss, MSE, RMSE, MAE, MAPE: 2, 17292478.00, 17292477.67, 4076.97, 2966.91, 3.12%
- Epoch 003, ExpID 74966
Train - Loss: 15652241.48
Val - Loss, MSE, RMSE, MAE, MAPE: 15749832.00, 15749831.33, 3887.43, 2906.99, 3.12%
Test - Best epoch, Loss, MSE, RMSE, MAE, MAPE: 2, 17292478.00, 17292477.67, 4076.97, 2966.91, 3.12%
- Epoch 004, ExpID 74966
Train - Loss: 15076737.19
Val - Loss, MSE, RMSE, MAE, MAPE: 15710343.00, 15710342.17, 3877.45, 2862.64, 3.08%
Test - Best epoch, Loss, MSE, RMSE, MAE, MAPE: 2, 17292478.00, 17292477.67, 4076.97, 2966.91, 3.12%
- Epoch 005, ExpID 74966
Train - Loss: 14170863.53
Val - Loss, MSE, RMSE, MAE, MAPE: 15264728.00, 15264727.00, 3827.70, 2847.63, 3.08%
Test - Best epoch, Loss, MSE, RMSE, MAE, MAPE: 5, 16734864.00, 16734864.00, 3960.90, 2748.60, 2.90%
- Epoch 006, ExpID 74966
Train - Loss: 13831400.89
Val - Loss, MSE, RMSE, MAE, MAPE: 15407172.00, 15407171.00, 3845.86, 2844.60, 3.10%
Test - Best epoch, Loss, MSE, RMSE, MAE, MAPE: 5, 16734864.00, 16734864.00, 3960.90, 2748.60, 2.90%
- Epoch 007, ExpID 74966
Train - Loss: 13236682.36
Val - Loss, MSE, RMSE, MAE, MAPE: 14342844.00, 14342844.67, 3711.73, 2816.94, 3.04%
Test - Best epoch, Loss, MSE, RMSE, MAE, MAPE: 7, 15843974.00, 15843973.33, 3860.28, 2736.57, 2.88%
- Epoch 008, ExpID 74966
Train - Loss: 13394110.67
Val - Loss, MSE, RMSE, MAE, MAPE: 15524567.00, 15524566.83, 3853.41, 2813.71, 3.01%
Test - Best epoch, Loss, MSE, RMSE, MAE, MAPE: 7, 15843974.00, 15843973.33, 3860.28, 2736.57, 2.88%
- Epoch 009, ExpID 74966
Train - Loss: 12877781.01
Val - Loss, MSE, RMSE, MAE, MAPE: 14398551.00, 14398551.00, 3717.73, 2807.58, 3.03%
Test - Best epoch, Loss, MSE, RMSE, MAE, MAPE: 7, 15843974.00, 15843973.33, 3860.28, 2736.57, 2.88%
- Epoch 010, ExpID 74966
Train - Loss: 12967618.68
Val - Loss, MSE, RMSE, MAE, MAPE: 14332240.00, 14332238.67, 3705.29, 2806.93, 3.02%
Test - Best epoch, Loss, MSE, RMSE, MAE, MAPE: 10, 16427611.00, 16427610.17, 3938.72, 2870.88, 3.02%
- Epoch 011, ExpID 74966
Train - Loss: 13637612.68
Val - Loss, MSE, RMSE, MAE, MAPE: 14650764.00, 14650764.67, 3750.59, 2802.47, 3.02%
Test - Best epoch, Loss, MSE, RMSE, MAE, MAPE: 10, 16427611.00, 16427610.17, 3938.72, 2870.88, 3.02%
- Epoch 012, ExpID 74966
Train - Loss: 12735539.86
Val - Loss, MSE, RMSE, MAE, MAPE: 14737836.00, 14737835.83, 3778.47, 2866.70, 3.09%
Test - Best epoch, Loss, MSE, RMSE, MAE, MAPE: 10, 16427611.00, 16427610.17, 3938.72, 2870.88, 3.02%
- Epoch 013, ExpID 74966
Train - Loss: 12946782.97
Val - Loss, MSE, RMSE, MAE, MAPE: 14025035.00, 14025035.33, 3680.17, 2742.18, 2.95%
Test - Best epoch, Loss, MSE, RMSE, MAE, MAPE: 13, 15716475.00, 15716475.67, 3849.05, 2708.95, 2.85%
- Epoch 014, ExpID 74966
Train - Loss: 12438009.63
Val - Loss, MSE, RMSE, MAE, MAPE: 13869366.00, 13869363.83, 3640.36, 2688.24, 2.90%
Test - Best epoch, Loss, MSE, RMSE, MAE, MAPE: 14, 15209072.00, 15209071.33, 3780.92, 2640.37, 2.80%
- Epoch 015, ExpID 74966
Train - Loss: 12226620.43
Val - Loss, MSE, RMSE, MAE, MAPE: 13946806.00, 13946805.83, 3673.73, 2767.06, 2.98%
Test - Best epoch, Loss, MSE, RMSE, MAE, MAPE: 14, 15209072.00, 15209071.33, 3780.92, 2640.37, 2.80%
- Epoch 016, ExpID 74966
Train - Loss: 11795147.03
Val - Loss, MSE, RMSE, MAE, MAPE: 14150766.00, 14150765.17, 3684.52, 2708.02, 2.92%
Test - Best epoch, Loss, MSE, RMSE, MAE, MAPE: 14, 15209072.00, 15209071.33, 3780.92, 2640.37, 2.80%
- Epoch 017, ExpID 74966
Train - Loss: 11871121.27
Val - Loss, MSE, RMSE, MAE, MAPE: 13744070.00, 13744069.33, 3634.34, 2694.20, 2.91%
Test - Best epoch, Loss, MSE, RMSE, MAE, MAPE: 17, 15290074.00, 15290073.58, 3789.26, 2648.94, 2.80%
- Epoch 018, ExpID 74966
Train - Loss: 11698262.22
Val - Loss, MSE, RMSE, MAE, MAPE: 13936664.00, 13936663.83, 3673.82, 2729.15, 2.94%
Test - Best epoch, Loss, MSE, RMSE, MAE, MAPE: 17, 15290074.00, 15290073.58, 3789.26, 2648.94, 2.80%
- Epoch 019, ExpID 74966
Train - Loss: 11951228.38
Val - Loss, MSE, RMSE, MAE, MAPE: 14101964.00, 14101964.50, 3710.10, 2727.96, 2.94%
Test - Best epoch, Loss, MSE, RMSE, MAE, MAPE: 17, 15290074.00, 15290073.58, 3789.26, 2648.94, 2.80%
- Epoch 020, ExpID 74966
Train - Loss: 11811338.06
Val - Loss, MSE, RMSE, MAE, MAPE: 14322647.00, 14322646.83, 3738.13, 2804.74, 3.04%
Test - Best epoch, Loss, MSE, RMSE, MAE, MAPE: 17, 15290074.00, 15290073.58, 3789.26, 2648.94, 2.80%
- Epoch 021, ExpID 74966
Train - Loss: 11514685.52
Val - Loss, MSE, RMSE, MAE, MAPE: 13540746.00, 13540745.33, 3629.54, 2738.94, 2.96%
Test - Best epoch, Loss, MSE, RMSE, MAE, MAPE: 21, 15635304.00, 15635303.67, 3832.47, 2752.28, 2.91%
- Epoch 022, ExpID 74966
Train - Loss: 11741706.29
Val - Loss, MSE, RMSE, MAE, MAPE: 14366447.00, 14366447.17, 3760.87, 2838.71, 3.07%
Test - Best epoch, Loss, MSE, RMSE, MAE, MAPE: 21, 15635304.00, 15635303.67, 3832.47, 2752.28, 2.91%
- Epoch 023, ExpID 74966
Train - Loss: 11653533.62
Val - Loss, MSE, RMSE, MAE, MAPE: 13953688.00, 13953688.17, 3686.42, 2720.39, 2.92%
Test - Best epoch, Loss, MSE, RMSE, MAE, MAPE: 21, 15635304.00, 15635303.67, 3832.47, 2752.28, 2.91%
- Epoch 024, ExpID 74966
Train - Loss: 11568956.33
Val - Loss, MSE, RMSE, MAE, MAPE: 13093094.00, 13093092.83, 3579.13, 2703.77, 2.93%
Test - Best epoch, Loss, MSE, RMSE, MAE, MAPE: 24, 15213027.00, 15213026.75, 3782.66, 2693.05, 2.86%
- Epoch 025, ExpID 74966
Train - Loss: 11626727.64
Val - Loss, MSE, RMSE, MAE, MAPE: 13347379.00, 13347378.67, 3604.32, 2653.94, 2.86%
Test - Best epoch, Loss, MSE, RMSE, MAE, MAPE: 24, 15213027.00, 15213026.75, 3782.66, 2693.05, 2.86%
- Epoch 026, ExpID 74966
Train - Loss: 11244693.31
Val - Loss, MSE, RMSE, MAE, MAPE: 13931208.00, 13931208.17, 3700.14, 2763.72, 2.98%
Test - Best epoch, Loss, MSE, RMSE, MAE, MAPE: 24, 15213027.00, 15213026.75, 3782.66, 2693.05, 2.86%
- Epoch 027, ExpID 74966
Train - Loss: 10679003.59
Val - Loss, MSE, RMSE, MAE, MAPE: 13248199.00, 13248198.83, 3605.56, 2692.45, 2.91%
Test - Best epoch, Loss, MSE, RMSE, MAE, MAPE: 24, 15213027.00, 15213026.75, 3782.66, 2693.05, 2.86%
- Epoch 028, ExpID 74966
Train - Loss: 11423499.56
Val - Loss, MSE, RMSE, MAE, MAPE: 13185491.00, 13185490.67, 3596.61, 2700.60, 2.91%
Test - Best epoch, Loss, MSE, RMSE, MAE, MAPE: 24, 15213027.00, 15213026.75, 3782.66, 2693.05, 2.86%
- Epoch 029, ExpID 74966
Train - Loss: 11473239.82
Val - Loss, MSE, RMSE, MAE, MAPE: 13067295.00, 13067295.17, 3585.81, 2654.26, 2.84%
Test - Best epoch, Loss, MSE, RMSE, MAE, MAPE: 29, 15334812.00, 15334811.83, 3819.43, 2709.83, 2.84%
- Epoch 030, ExpID 74966
Train - Loss: 10890568.54
Val - Loss, MSE, RMSE, MAE, MAPE: 13567534.00, 13567532.50, 3656.24, 2686.62, 2.88%
Test - Best epoch, Loss, MSE, RMSE, MAE, MAPE: 29, 15334812.00, 15334811.83, 3819.43, 2709.83, 2.84%
- Epoch 031, ExpID 74966
Train - Loss: 10773476.20
Val - Loss, MSE, RMSE, MAE, MAPE: 13422111.00, 13422110.50, 3632.42, 2731.63, 2.96%
Test - Best epoch, Loss, MSE, RMSE, MAE, MAPE: 29, 15334812.00, 15334811.83, 3819.43, 2709.83, 2.84%
- Epoch 032, ExpID 74966
Train - Loss: 10919328.09
Val - Loss, MSE, RMSE, MAE, MAPE: 13237475.00, 13237475.00, 3615.57, 2686.39, 2.90%
Test - Best epoch, Loss, MSE, RMSE, MAE, MAPE: 29, 15334812.00, 15334811.83, 3819.43, 2709.83, 2.84%
- Epoch 033, ExpID 74966
Train - Loss: 11067452.91
Val - Loss, MSE, RMSE, MAE, MAPE: 12535391.00, 12535390.50, 3520.16, 2640.45, 2.85%
Test - Best epoch, Loss, MSE, RMSE, MAE, MAPE: 33, 14824694.00, 14824692.25, 3757.84, 2646.31, 2.80%
- Epoch 034, ExpID 74966
Train - Loss: 10727206.35
Val - Loss, MSE, RMSE, MAE, MAPE: 12485143.00, 12485142.50, 3511.83, 2628.39, 2.84%
Test - Best epoch, Loss, MSE, RMSE, MAE, MAPE: 34, 15218987.00, 15218986.50, 3782.24, 2705.88, 2.85%
- Epoch 035, ExpID 74966
Train - Loss: 11506997.08
Val - Loss, MSE, RMSE, MAE, MAPE: 13041666.00, 13041665.50, 3581.14, 2692.44, 2.91%
Test - Best epoch, Loss, MSE, RMSE, MAE, MAPE: 34, 15218987.00, 15218986.50, 3782.24, 2705.88, 2.85%
- Epoch 036, ExpID 74966
Train - Loss: 10785475.92
Val - Loss, MSE, RMSE, MAE, MAPE: 12831452.00, 12831453.33, 3552.28, 2639.20, 2.84%
Test - Best epoch, Loss, MSE, RMSE, MAE, MAPE: 34, 15218987.00, 15218986.50, 3782.24, 2705.88, 2.85%
- Epoch 037, ExpID 74966
Train - Loss: 10459550.65
Val - Loss, MSE, RMSE, MAE, MAPE: 13529102.00, 13529100.67, 3652.02, 2748.18, 2.97%
Test - Best epoch, Loss, MSE, RMSE, MAE, MAPE: 34, 15218987.00, 15218986.50, 3782.24, 2705.88, 2.85%
- Epoch 038, ExpID 74966
Train - Loss: 10658190.40
Val - Loss, MSE, RMSE, MAE, MAPE: 12391219.00, 12391219.17, 3493.02, 2555.30, 2.75%
Test - Best epoch, Loss, MSE, RMSE, MAE, MAPE: 38, 14589088.00, 14589088.83, 3711.46, 2605.59, 2.75%
- Epoch 039, ExpID 74966
Train - Loss: 10442742.93
Val - Loss, MSE, RMSE, MAE, MAPE: 12314964.00, 12314964.25, 3475.26, 2633.02, 2.84%
Test - Best epoch, Loss, MSE, RMSE, MAE, MAPE: 39, 14577248.00, 14577248.25, 3713.58, 2604.70, 2.75%
- Epoch 040, ExpID 74966
Train - Loss: 10232804.21
Val - Loss, MSE, RMSE, MAE, MAPE: 12522600.00, 12522600.25, 3511.23, 2600.90, 2.82%
Test - Best epoch, Loss, MSE, RMSE, MAE, MAPE: 39, 14577248.00, 14577248.25, 3713.58, 2604.70, 2.75%
- Epoch 041, ExpID 74966
Train - Loss: 9839874.48
Val - Loss, MSE, RMSE, MAE, MAPE: 11757995.00, 11757994.25, 3397.61, 2503.81, 2.71%
Test - Best epoch, Loss, MSE, RMSE, MAE, MAPE: 41, 14883763.00, 14883762.83, 3740.10, 2643.00, 2.79%
- Epoch 042, ExpID 74966
Train - Loss: 10804635.23
Val - Loss, MSE, RMSE, MAE, MAPE: 12333684.00, 12333683.50, 3482.12, 2647.27, 2.85%
Test - Best epoch, Loss, MSE, RMSE, MAE, MAPE: 41, 14883763.00, 14883762.83, 3740.10, 2643.00, 2.79%
- Epoch 043, ExpID 74966
Train - Loss: 10485362.54
Val - Loss, MSE, RMSE, MAE, MAPE: 11930963.00, 11930963.08, 3428.31, 2557.39, 2.76%
Test - Best epoch, Loss, MSE, RMSE, MAE, MAPE: 41, 14883763.00, 14883762.83, 3740.10, 2643.00, 2.79%
- Epoch 044, ExpID 74966
Train - Loss: 10151767.52
Val - Loss, MSE, RMSE, MAE, MAPE: 12234579.00, 12234578.83, 3473.18, 2597.93, 2.80%
Test - Best epoch, Loss, MSE, RMSE, MAE, MAPE: 41, 14883763.00, 14883762.83, 3740.10, 2643.00, 2.79%
- Epoch 045, ExpID 74966
Train - Loss: 10269633.15
Val - Loss, MSE, RMSE, MAE, MAPE: 12572750.00, 12572750.08, 3522.97, 2681.20, 2.90%
Test - Best epoch, Loss, MSE, RMSE, MAE, MAPE: 41, 14883763.00, 14883762.83, 3740.10, 2643.00, 2.79%
- Epoch 046, ExpID 74966
Train - Loss: 10719876.34
Val - Loss, MSE, RMSE, MAE, MAPE: 12059350.00, 12059349.67, 3452.07, 2606.73, 2.82%
Test - Best epoch, Loss, MSE, RMSE, MAE, MAPE: 41, 14883763.00, 14883762.83, 3740.10, 2643.00, 2.79%
- Epoch 047, ExpID 74966
Train - Loss: 9708872.88
Val - Loss, MSE, RMSE, MAE, MAPE: 11703714.00, 11703713.33, 3393.78, 2571.75, 2.79%
Test - Best epoch, Loss, MSE, RMSE, MAE, MAPE: 47, 16163968.00, 16163967.92, 3905.31, 2766.24, 2.93%
- Epoch 048, ExpID 74966
Train - Loss: 10530688.05
Val - Loss, MSE, RMSE, MAE, MAPE: 11123995.00, 11123994.42, 3303.96, 2492.10, 2.69%
Test - Best epoch, Loss, MSE, RMSE, MAE, MAPE: 48, 16223502.00, 16223500.00, 3934.22, 2807.60, 2.95%
- Epoch 049, ExpID 74966
Train - Loss: 9535430.80
Val - Loss, MSE, RMSE, MAE, MAPE: 11750014.00, 11750014.00, 3395.93, 2592.43, 2.80%
Test - Best epoch, Loss, MSE, RMSE, MAE, MAPE: 48, 16223502.00, 16223500.00, 3934.22, 2807.60, 2.95%
- Epoch 050, ExpID 74966
Train - Loss: 9922665.04
Val - Loss, MSE, RMSE, MAE, MAPE: 12483822.00, 12483820.25, 3492.13, 2575.75, 2.80%
Test - Best epoch, Loss, MSE, RMSE, MAE, MAPE: 48, 16223502.00, 16223500.00, 3934.22, 2807.60, 2.95%
- Epoch 051, ExpID 74966
Train - Loss: 9793115.71
Val - Loss, MSE, RMSE, MAE, MAPE: 12686028.00, 12686028.83, 3532.42, 2686.50, 2.91%
Test - Best epoch, Loss, MSE, RMSE, MAE, MAPE: 48, 16223502.00, 16223500.00, 3934.22, 2807.60, 2.95%
- Epoch 052, ExpID 74966
Train - Loss: 9843052.69
Val - Loss, MSE, RMSE, MAE, MAPE: 12448614.00, 12448612.50, 3495.23, 2628.63, 2.85%
Test - Best epoch, Loss, MSE, RMSE, MAE, MAPE: 48, 16223502.00, 16223500.00, 3934.22, 2807.60, 2.95%
- Epoch 053, ExpID 74966
Train - Loss: 9611325.56
Val - Loss, MSE, RMSE, MAE, MAPE: 12344808.00, 12344807.75, 3484.42, 2644.07, 2.88%
Test - Best epoch, Loss, MSE, RMSE, MAE, MAPE: 48, 16223502.00, 16223500.00, 3934.22, 2807.60, 2.95%
- Epoch 054, ExpID 74966
Train - Loss: 10023762.16
Val - Loss, MSE, RMSE, MAE, MAPE: 11961324.00, 11961324.33, 3425.36, 2582.93, 2.80%
Test - Best epoch, Loss, MSE, RMSE, MAE, MAPE: 48, 16223502.00, 16223500.00, 3934.22, 2807.60, 2.95%
- Epoch 055, ExpID 74966
Train - Loss: 9037402.92
Val - Loss, MSE, RMSE, MAE, MAPE: 11963406.00, 11963405.08, 3424.35, 2548.37, 2.76%
Test - Best epoch, Loss, MSE, RMSE, MAE, MAPE: 48, 16223502.00, 16223500.00, 3934.22, 2807.60, 2.95%
- Epoch 056, ExpID 74966
Train - Loss: 9029366.25
Val - Loss, MSE, RMSE, MAE, MAPE: 11892555.00, 11892554.25, 3411.40, 2619.67, 2.85%
Test - Best epoch, Loss, MSE, RMSE, MAE, MAPE: 48, 16223502.00, 16223500.00, 3934.22, 2807.60, 2.95%
- Epoch 057, ExpID 74966
Train - Loss: 9746420.43
Val - Loss, MSE, RMSE, MAE, MAPE: 11782084.00, 11782084.17, 3406.08, 2555.65, 2.78%
Test - Best epoch, Loss, MSE, RMSE, MAE, MAPE: 48, 16223502.00, 16223500.00, 3934.22, 2807.60, 2.95%
- Epoch 058, ExpID 74966
Train - Loss: 9282719.51
Val - Loss, MSE, RMSE, MAE, MAPE: 12316960.00, 12316960.17, 3474.29, 2573.81, 2.79%
Test - Best epoch, Loss, MSE, RMSE, MAE, MAPE: 48, 16223502.00, 16223500.00, 3934.22, 2807.60, 2.95%
Early Stopping at Epoch 58
Fold 2019 Best RMSE: 3934.2216
