DETAILED LOG | Model: patchtst | Seed: 1
FULL CONFIG: {'gpu': '1', 'target': 'arrival', 'cv_start_year': 2017, 'cv_end_year': 2019, 'test_year': 2024, 'use_corona': False, 'seq_len': 365, 'label_len': 0, 'pred_len': 1, 'batch_size': 64, 'epochs': 1000, 'patience': 10, 'lr': 0.0001, 'model': 'patchtst', 'd_model': 128, 'n_heads': 4, 'n_layers': 2, 'dropout': 0.1, 'activation': 'gelu', 'patch_len': 14, 'factor': 5, 'norm_mode': 'revin', 'use_dbloss': False, 'device': device(type='cuda'), 'stride': 14, 'file_path': 'dataset/airport_daily_flight_merged.csv', 'seed': 1, 'val_year': 2019, 'ndims': 1}

-------------------- [Fold: 2017] ExpID: 99456 --------------------
- Epoch 000, ExpID 99456
Train - Loss: 29398755.07
Val - Loss, MSE, RMSE, MAE, MAPE: 32603046.00, 32603042.83, 5601.56, 4361.03, 5.43%
Test - Best epoch, Loss, MSE, RMSE, MAE, MAPE: 0, 39199224.00, 39199223.50, 5952.53, 4117.81, 4.66%
- Epoch 001, ExpID 99456
Train - Loss: 18485186.27
Val - Loss, MSE, RMSE, MAE, MAPE: 21834188.00, 21834186.33, 4586.45, 3474.90, 4.33%
Test - Best epoch, Loss, MSE, RMSE, MAE, MAPE: 1, 28739508.00, 28739507.67, 5104.26, 3553.92, 4.07%
- Epoch 002, ExpID 99456
Train - Loss: 15866094.83
Val - Loss, MSE, RMSE, MAE, MAPE: 19255364.00, 19255364.67, 4310.32, 3261.64, 4.07%
Test - Best epoch, Loss, MSE, RMSE, MAE, MAPE: 2, 26117832.00, 26117831.17, 4830.15, 3335.87, 3.80%
- Epoch 003, ExpID 99456
Train - Loss: 14744854.65
Val - Loss, MSE, RMSE, MAE, MAPE: 15520455.00, 15520455.08, 3867.31, 2936.22, 3.69%
Test - Best epoch, Loss, MSE, RMSE, MAE, MAPE: 3, 21718192.00, 21718191.17, 4460.93, 3056.04, 3.52%
- Epoch 004, ExpID 99456
Train - Loss: 14501446.77
Val - Loss, MSE, RMSE, MAE, MAPE: 17419482.00, 17419481.50, 4116.39, 3162.28, 3.96%
Test - Best epoch, Loss, MSE, RMSE, MAE, MAPE: 3, 21718192.00, 21718191.17, 4460.93, 3056.04, 3.52%
- Epoch 005, ExpID 99456
Train - Loss: 13614528.35
Val - Loss, MSE, RMSE, MAE, MAPE: 17425276.00, 17425275.83, 4106.28, 3210.74, 4.04%
Test - Best epoch, Loss, MSE, RMSE, MAE, MAPE: 3, 21718192.00, 21718191.17, 4460.93, 3056.04, 3.52%
- Epoch 006, ExpID 99456
Train - Loss: 13584390.01
Val - Loss, MSE, RMSE, MAE, MAPE: 15540842.00, 15540840.75, 3886.74, 2976.82, 3.73%
Test - Best epoch, Loss, MSE, RMSE, MAE, MAPE: 3, 21718192.00, 21718191.17, 4460.93, 3056.04, 3.52%
- Epoch 007, ExpID 99456
Train - Loss: 14087318.37
Val - Loss, MSE, RMSE, MAE, MAPE: 16805356.00, 16805355.50, 4049.77, 3184.77, 3.98%
Test - Best epoch, Loss, MSE, RMSE, MAE, MAPE: 3, 21718192.00, 21718191.17, 4460.93, 3056.04, 3.52%
- Epoch 008, ExpID 99456
Train - Loss: 13166085.09
Val - Loss, MSE, RMSE, MAE, MAPE: 15039127.00, 15039126.00, 3802.65, 2899.97, 3.63%
Test - Best epoch, Loss, MSE, RMSE, MAE, MAPE: 8, 19776064.00, 19776064.67, 4221.67, 2817.97, 3.20%
- Epoch 009, ExpID 99456
Train - Loss: 13374785.25
Val - Loss, MSE, RMSE, MAE, MAPE: 14026262.00, 14026261.50, 3686.53, 2843.85, 3.59%
Test - Best epoch, Loss, MSE, RMSE, MAE, MAPE: 9, 18171484.00, 18171482.83, 4072.08, 2827.18, 3.26%
- Epoch 010, ExpID 99456
Train - Loss: 12450826.27
Val - Loss, MSE, RMSE, MAE, MAPE: 20798424.00, 20798423.33, 4463.50, 3576.99, 4.40%
Test - Best epoch, Loss, MSE, RMSE, MAE, MAPE: 9, 18171484.00, 18171482.83, 4072.08, 2827.18, 3.26%
- Epoch 011, ExpID 99456
Train - Loss: 12434078.45
Val - Loss, MSE, RMSE, MAE, MAPE: 15080439.00, 15080438.67, 3824.38, 2938.15, 3.65%
Test - Best epoch, Loss, MSE, RMSE, MAE, MAPE: 9, 18171484.00, 18171482.83, 4072.08, 2827.18, 3.26%
- Epoch 012, ExpID 99456
Train - Loss: 11802514.98
Val - Loss, MSE, RMSE, MAE, MAPE: 13081618.00, 13081617.67, 3555.62, 2698.44, 3.41%
Test - Best epoch, Loss, MSE, RMSE, MAE, MAPE: 12, 17616180.00, 17616178.25, 4030.64, 2775.50, 3.21%
- Epoch 013, ExpID 99456
Train - Loss: 12009141.94
Val - Loss, MSE, RMSE, MAE, MAPE: 14871303.00, 14871303.83, 3798.54, 2894.23, 3.60%
Test - Best epoch, Loss, MSE, RMSE, MAE, MAPE: 12, 17616180.00, 17616178.25, 4030.64, 2775.50, 3.21%
- Epoch 014, ExpID 99456
Train - Loss: 12620129.60
Val - Loss, MSE, RMSE, MAE, MAPE: 13149062.00, 13149062.42, 3563.28, 2678.50, 3.35%
Test - Best epoch, Loss, MSE, RMSE, MAE, MAPE: 12, 17616180.00, 17616178.25, 4030.64, 2775.50, 3.21%
- Epoch 015, ExpID 99456
Train - Loss: 11977331.88
Val - Loss, MSE, RMSE, MAE, MAPE: 12801294.00, 12801293.08, 3524.07, 2635.62, 3.30%
Test - Best epoch, Loss, MSE, RMSE, MAE, MAPE: 15, 19110556.00, 19110555.67, 4168.68, 2824.78, 3.25%
- Epoch 016, ExpID 99456
Train - Loss: 11139578.12
Val - Loss, MSE, RMSE, MAE, MAPE: 14508032.00, 14508032.42, 3734.50, 2804.61, 3.49%
Test - Best epoch, Loss, MSE, RMSE, MAE, MAPE: 15, 19110556.00, 19110555.67, 4168.68, 2824.78, 3.25%
- Epoch 017, ExpID 99456
Train - Loss: 11918695.33
Val - Loss, MSE, RMSE, MAE, MAPE: 11983039.00, 11983038.75, 3430.51, 2559.06, 3.27%
Test - Best epoch, Loss, MSE, RMSE, MAE, MAPE: 17, 18514256.00, 18514256.75, 4114.32, 2872.15, 3.35%
- Epoch 018, ExpID 99456
Train - Loss: 12303009.13
Val - Loss, MSE, RMSE, MAE, MAPE: 13964574.00, 13964573.83, 3701.53, 2828.43, 3.54%
Test - Best epoch, Loss, MSE, RMSE, MAE, MAPE: 17, 18514256.00, 18514256.75, 4114.32, 2872.15, 3.35%
- Epoch 019, ExpID 99456
Train - Loss: 11671689.93
Val - Loss, MSE, RMSE, MAE, MAPE: 12697551.00, 12697550.33, 3508.45, 2632.89, 3.30%
Test - Best epoch, Loss, MSE, RMSE, MAE, MAPE: 17, 18514256.00, 18514256.75, 4114.32, 2872.15, 3.35%
- Epoch 020, ExpID 99456
Train - Loss: 11316009.59
Val - Loss, MSE, RMSE, MAE, MAPE: 16231896.00, 16231896.83, 3971.41, 3061.77, 3.81%
Test - Best epoch, Loss, MSE, RMSE, MAE, MAPE: 17, 18514256.00, 18514256.75, 4114.32, 2872.15, 3.35%
- Epoch 021, ExpID 99456
Train - Loss: 11837713.60
Val - Loss, MSE, RMSE, MAE, MAPE: 12238030.00, 12238030.08, 3459.81, 2588.71, 3.25%
Test - Best epoch, Loss, MSE, RMSE, MAE, MAPE: 17, 18514256.00, 18514256.75, 4114.32, 2872.15, 3.35%
- Epoch 022, ExpID 99456
Train - Loss: 11378421.19
Val - Loss, MSE, RMSE, MAE, MAPE: 12343275.00, 12343274.92, 3473.97, 2590.08, 3.23%
Test - Best epoch, Loss, MSE, RMSE, MAE, MAPE: 17, 18514256.00, 18514256.75, 4114.32, 2872.15, 3.35%
- Epoch 023, ExpID 99456
Train - Loss: 10900142.57
Val - Loss, MSE, RMSE, MAE, MAPE: 14725308.00, 14725309.08, 3783.77, 2877.07, 3.59%
Test - Best epoch, Loss, MSE, RMSE, MAE, MAPE: 17, 18514256.00, 18514256.75, 4114.32, 2872.15, 3.35%
- Epoch 024, ExpID 99456
Train - Loss: 11225120.27
Val - Loss, MSE, RMSE, MAE, MAPE: 13240523.00, 13240523.33, 3609.86, 2756.85, 3.44%
Test - Best epoch, Loss, MSE, RMSE, MAE, MAPE: 17, 18514256.00, 18514256.75, 4114.32, 2872.15, 3.35%
- Epoch 025, ExpID 99456
Train - Loss: 11013140.85
Val - Loss, MSE, RMSE, MAE, MAPE: 10842732.00, 10842731.92, 3272.83, 2445.21, 3.12%
Test - Best epoch, Loss, MSE, RMSE, MAE, MAPE: 25, 18265862.00, 18265862.17, 4115.21, 2889.47, 3.38%
- Epoch 026, ExpID 99456
Train - Loss: 11116200.85
Val - Loss, MSE, RMSE, MAE, MAPE: 15226251.00, 15226251.67, 3849.67, 2925.40, 3.63%
Test - Best epoch, Loss, MSE, RMSE, MAE, MAPE: 25, 18265862.00, 18265862.17, 4115.21, 2889.47, 3.38%
- Epoch 027, ExpID 99456
Train - Loss: 10578339.29
Val - Loss, MSE, RMSE, MAE, MAPE: 12926155.00, 12926154.67, 3565.87, 2697.54, 3.39%
Test - Best epoch, Loss, MSE, RMSE, MAE, MAPE: 25, 18265862.00, 18265862.17, 4115.21, 2889.47, 3.38%
- Epoch 028, ExpID 99456
Train - Loss: 10408371.70
Val - Loss, MSE, RMSE, MAE, MAPE: 15326640.00, 15326639.50, 3881.40, 2969.91, 3.67%
Test - Best epoch, Loss, MSE, RMSE, MAE, MAPE: 25, 18265862.00, 18265862.17, 4115.21, 2889.47, 3.38%
- Epoch 029, ExpID 99456
Train - Loss: 11070120.38
Val - Loss, MSE, RMSE, MAE, MAPE: 12571339.00, 12571338.17, 3516.73, 2713.80, 3.42%
Test - Best epoch, Loss, MSE, RMSE, MAE, MAPE: 25, 18265862.00, 18265862.17, 4115.21, 2889.47, 3.38%
- Epoch 030, ExpID 99456
Train - Loss: 10867345.07
Val - Loss, MSE, RMSE, MAE, MAPE: 13075126.00, 13075125.33, 3568.89, 2753.29, 3.43%
Test - Best epoch, Loss, MSE, RMSE, MAE, MAPE: 25, 18265862.00, 18265862.17, 4115.21, 2889.47, 3.38%
- Epoch 031, ExpID 99456
Train - Loss: 11127943.69
Val - Loss, MSE, RMSE, MAE, MAPE: 18121080.00, 18121078.33, 4212.84, 3279.93, 4.04%
Test - Best epoch, Loss, MSE, RMSE, MAE, MAPE: 25, 18265862.00, 18265862.17, 4115.21, 2889.47, 3.38%
- Epoch 032, ExpID 99456
Train - Loss: 10493323.23
Val - Loss, MSE, RMSE, MAE, MAPE: 11154602.00, 11154602.00, 3304.37, 2480.37, 3.12%
Test - Best epoch, Loss, MSE, RMSE, MAE, MAPE: 25, 18265862.00, 18265862.17, 4115.21, 2889.47, 3.38%
- Epoch 033, ExpID 99456
Train - Loss: 10135625.00
Val - Loss, MSE, RMSE, MAE, MAPE: 15196772.00, 15196771.00, 3853.66, 3016.29, 3.76%
Test - Best epoch, Loss, MSE, RMSE, MAE, MAPE: 25, 18265862.00, 18265862.17, 4115.21, 2889.47, 3.38%
- Epoch 034, ExpID 99456
Train - Loss: 10508106.45
Val - Loss, MSE, RMSE, MAE, MAPE: 12831722.00, 12831720.92, 3540.91, 2691.21, 3.36%
Test - Best epoch, Loss, MSE, RMSE, MAE, MAPE: 25, 18265862.00, 18265862.17, 4115.21, 2889.47, 3.38%
- Epoch 035, ExpID 99456
Train - Loss: 10573148.10
Val - Loss, MSE, RMSE, MAE, MAPE: 13312591.00, 13312591.33, 3616.23, 2739.42, 3.42%
Test - Best epoch, Loss, MSE, RMSE, MAE, MAPE: 25, 18265862.00, 18265862.17, 4115.21, 2889.47, 3.38%
Early Stopping at Epoch 35
Fold 2017 Best RMSE: 4115.2080

-------------------- [Fold: 2018] ExpID: 90611 --------------------
- Epoch 000, ExpID 90611
Train - Loss: 28198491.93
Val - Loss, MSE, RMSE, MAE, MAPE: 29735766.00, 29735767.33, 5212.78, 3779.09, 4.37%
Test - Best epoch, Loss, MSE, RMSE, MAE, MAPE: 0, 20398696.00, 20398693.33, 4385.87, 3239.01, 3.55%
- Epoch 001, ExpID 90611
Train - Loss: 18566093.09
Val - Loss, MSE, RMSE, MAE, MAPE: 24236438.00, 24236437.33, 4705.42, 3407.36, 3.96%
Test - Best epoch, Loss, MSE, RMSE, MAE, MAPE: 1, 19217836.00, 19217837.08, 4245.08, 3200.25, 3.51%
- Epoch 002, ExpID 90611
Train - Loss: 16392712.57
Val - Loss, MSE, RMSE, MAE, MAPE: 22292370.00, 22292369.67, 4521.02, 3197.10, 3.71%
Test - Best epoch, Loss, MSE, RMSE, MAE, MAPE: 2, 16148948.00, 16148947.83, 3926.51, 2925.41, 3.20%
- Epoch 003, ExpID 90611
Train - Loss: 15068683.14
Val - Loss, MSE, RMSE, MAE, MAPE: 21377688.00, 21377686.67, 4434.05, 3133.05, 3.62%
Test - Best epoch, Loss, MSE, RMSE, MAE, MAPE: 3, 16337714.00, 16337713.83, 3946.03, 2999.81, 3.25%
- Epoch 004, ExpID 90611
Train - Loss: 14741060.01
Val - Loss, MSE, RMSE, MAE, MAPE: 21014326.00, 21014324.50, 4368.35, 2992.68, 3.43%
Test - Best epoch, Loss, MSE, RMSE, MAE, MAPE: 4, 14146264.00, 14146263.50, 3653.95, 2706.55, 2.93%
- Epoch 005, ExpID 90611
Train - Loss: 15040485.28
Val - Loss, MSE, RMSE, MAE, MAPE: 20569094.00, 20569093.67, 4349.98, 3085.04, 3.59%
Test - Best epoch, Loss, MSE, RMSE, MAE, MAPE: 5, 15506995.00, 15506994.58, 3830.58, 2841.51, 3.09%
- Epoch 006, ExpID 90611
Train - Loss: 14706837.00
Val - Loss, MSE, RMSE, MAE, MAPE: 19896590.00, 19896588.00, 4266.17, 2845.65, 3.25%
Test - Best epoch, Loss, MSE, RMSE, MAE, MAPE: 6, 13923232.00, 13923231.83, 3632.13, 2656.01, 2.85%
- Epoch 007, ExpID 90611
Train - Loss: 14108106.41
Val - Loss, MSE, RMSE, MAE, MAPE: 20795470.00, 20795469.75, 4341.28, 2969.60, 3.39%
Test - Best epoch, Loss, MSE, RMSE, MAE, MAPE: 6, 13923232.00, 13923231.83, 3632.13, 2656.01, 2.85%
- Epoch 008, ExpID 90611
Train - Loss: 13841044.38
Val - Loss, MSE, RMSE, MAE, MAPE: 19469656.00, 19469655.00, 4231.45, 2909.54, 3.36%
Test - Best epoch, Loss, MSE, RMSE, MAE, MAPE: 8, 14184418.00, 14184418.67, 3707.79, 2736.78, 2.96%
- Epoch 009, ExpID 90611
Train - Loss: 13126481.43
Val - Loss, MSE, RMSE, MAE, MAPE: 18752960.00, 18752959.67, 4133.81, 2880.78, 3.32%
Test - Best epoch, Loss, MSE, RMSE, MAE, MAPE: 9, 13188972.00, 13188971.17, 3531.25, 2575.34, 2.79%
- Epoch 010, ExpID 90611
Train - Loss: 13812613.81
Val - Loss, MSE, RMSE, MAE, MAPE: 18702122.00, 18702121.08, 4150.18, 2860.67, 3.32%
Test - Best epoch, Loss, MSE, RMSE, MAE, MAPE: 10, 14017032.00, 14017032.33, 3626.87, 2658.24, 2.88%
- Epoch 011, ExpID 90611
Train - Loss: 13019857.84
Val - Loss, MSE, RMSE, MAE, MAPE: 18138050.00, 18138048.75, 4064.29, 2760.51, 3.18%
Test - Best epoch, Loss, MSE, RMSE, MAE, MAPE: 11, 13185915.00, 13185914.58, 3523.38, 2541.10, 2.74%
- Epoch 012, ExpID 90611
Train - Loss: 12611353.44
Val - Loss, MSE, RMSE, MAE, MAPE: 18786692.00, 18786692.17, 4156.55, 2875.68, 3.31%
Test - Best epoch, Loss, MSE, RMSE, MAE, MAPE: 11, 13185915.00, 13185914.58, 3523.38, 2541.10, 2.74%
- Epoch 013, ExpID 90611
Train - Loss: 13176216.04
Val - Loss, MSE, RMSE, MAE, MAPE: 19209504.00, 19209503.17, 4216.35, 2884.35, 3.33%
Test - Best epoch, Loss, MSE, RMSE, MAE, MAPE: 11, 13185915.00, 13185914.58, 3523.38, 2541.10, 2.74%
- Epoch 014, ExpID 90611
Train - Loss: 12612987.12
Val - Loss, MSE, RMSE, MAE, MAPE: 19120116.00, 19120115.17, 4182.08, 2847.58, 3.25%
Test - Best epoch, Loss, MSE, RMSE, MAE, MAPE: 11, 13185915.00, 13185914.58, 3523.38, 2541.10, 2.74%
- Epoch 015, ExpID 90611
Train - Loss: 12820994.79
Val - Loss, MSE, RMSE, MAE, MAPE: 17855052.00, 17855052.17, 4048.55, 2743.55, 3.17%
Test - Best epoch, Loss, MSE, RMSE, MAE, MAPE: 15, 12720042.00, 12720040.92, 3467.57, 2528.60, 2.74%
- Epoch 016, ExpID 90611
Train - Loss: 12826903.72
Val - Loss, MSE, RMSE, MAE, MAPE: 17873166.00, 17873165.00, 4055.89, 2777.09, 3.21%
Test - Best epoch, Loss, MSE, RMSE, MAE, MAPE: 15, 12720042.00, 12720040.92, 3467.57, 2528.60, 2.74%
- Epoch 017, ExpID 90611
Train - Loss: 12421178.61
Val - Loss, MSE, RMSE, MAE, MAPE: 19443164.00, 19443163.00, 4206.54, 2848.32, 3.27%
Test - Best epoch, Loss, MSE, RMSE, MAE, MAPE: 15, 12720042.00, 12720040.92, 3467.57, 2528.60, 2.74%
- Epoch 018, ExpID 90611
Train - Loss: 12619988.17
Val - Loss, MSE, RMSE, MAE, MAPE: 18743516.00, 18743515.17, 4137.66, 2833.10, 3.26%
Test - Best epoch, Loss, MSE, RMSE, MAE, MAPE: 15, 12720042.00, 12720040.92, 3467.57, 2528.60, 2.74%
- Epoch 019, ExpID 90611
Train - Loss: 12071898.86
Val - Loss, MSE, RMSE, MAE, MAPE: 17983556.00, 17983553.75, 4059.80, 2765.53, 3.19%
Test - Best epoch, Loss, MSE, RMSE, MAE, MAPE: 15, 12720042.00, 12720040.92, 3467.57, 2528.60, 2.74%
- Epoch 020, ExpID 90611
Train - Loss: 11964820.34
Val - Loss, MSE, RMSE, MAE, MAPE: 17950622.00, 17950621.50, 4085.39, 2804.20, 3.26%
Test - Best epoch, Loss, MSE, RMSE, MAE, MAPE: 15, 12720042.00, 12720040.92, 3467.57, 2528.60, 2.74%
- Epoch 021, ExpID 90611
Train - Loss: 12419913.24
Val - Loss, MSE, RMSE, MAE, MAPE: 19663052.00, 19663050.42, 4272.97, 2979.06, 3.45%
Test - Best epoch, Loss, MSE, RMSE, MAE, MAPE: 15, 12720042.00, 12720040.92, 3467.57, 2528.60, 2.74%
- Epoch 022, ExpID 90611
Train - Loss: 12084342.08
Val - Loss, MSE, RMSE, MAE, MAPE: 19377718.00, 19377717.17, 4239.80, 2982.91, 3.49%
Test - Best epoch, Loss, MSE, RMSE, MAE, MAPE: 15, 12720042.00, 12720040.92, 3467.57, 2528.60, 2.74%
- Epoch 023, ExpID 90611
Train - Loss: 11453347.47
Val - Loss, MSE, RMSE, MAE, MAPE: 18472182.00, 18472182.00, 4103.18, 2784.06, 3.18%
Test - Best epoch, Loss, MSE, RMSE, MAE, MAPE: 15, 12720042.00, 12720040.92, 3467.57, 2528.60, 2.74%
- Epoch 024, ExpID 90611
Train - Loss: 11422336.70
Val - Loss, MSE, RMSE, MAE, MAPE: 18172042.00, 18172040.83, 4136.33, 2894.34, 3.36%
Test - Best epoch, Loss, MSE, RMSE, MAE, MAPE: 15, 12720042.00, 12720040.92, 3467.57, 2528.60, 2.74%
- Epoch 025, ExpID 90611
Train - Loss: 11711028.23
Val - Loss, MSE, RMSE, MAE, MAPE: 17960574.00, 17960574.67, 4041.81, 2698.75, 3.12%
Test - Best epoch, Loss, MSE, RMSE, MAE, MAPE: 15, 12720042.00, 12720040.92, 3467.57, 2528.60, 2.74%
Early Stopping at Epoch 25
Fold 2018 Best RMSE: 3467.5717

-------------------- [Fold: 2019] ExpID: 85586 --------------------
- Epoch 000, ExpID 85586
Train - Loss: 27523904.94
Val - Loss, MSE, RMSE, MAE, MAPE: 21265928.00, 21265926.50, 4552.85, 3502.86, 3.82%
Test - Best epoch, Loss, MSE, RMSE, MAE, MAPE: 0, 22572894.00, 22572894.17, 4670.25, 3484.00, 3.66%
- Epoch 001, ExpID 85586
Train - Loss: 19838284.12
Val - Loss, MSE, RMSE, MAE, MAPE: 17757848.00, 17757848.00, 4133.71, 2990.34, 3.22%
Test - Best epoch, Loss, MSE, RMSE, MAE, MAPE: 1, 17064500.00, 17064499.00, 4085.69, 2932.38, 3.06%
- Epoch 002, ExpID 85586
Train - Loss: 18001097.00
Val - Loss, MSE, RMSE, MAE, MAPE: 16557263.00, 16557261.67, 4006.49, 3009.61, 3.27%
Test - Best epoch, Loss, MSE, RMSE, MAE, MAPE: 2, 16203831.00, 16203831.25, 3937.58, 2884.40, 3.04%
- Epoch 003, ExpID 85586
Train - Loss: 17211796.52
Val - Loss, MSE, RMSE, MAE, MAPE: 15240204.00, 15240204.17, 3828.36, 2912.76, 3.16%
Test - Best epoch, Loss, MSE, RMSE, MAE, MAPE: 3, 15552003.00, 15552003.08, 3877.47, 2786.45, 2.94%
- Epoch 004, ExpID 85586
Train - Loss: 16525448.48
Val - Loss, MSE, RMSE, MAE, MAPE: 14920522.00, 14920521.67, 3779.06, 2823.93, 3.05%
Test - Best epoch, Loss, MSE, RMSE, MAE, MAPE: 4, 14661468.00, 14661467.08, 3766.61, 2676.01, 2.81%
- Epoch 005, ExpID 85586
Train - Loss: 15101344.36
Val - Loss, MSE, RMSE, MAE, MAPE: 15048520.00, 15048519.83, 3794.44, 2858.65, 3.11%
Test - Best epoch, Loss, MSE, RMSE, MAE, MAPE: 4, 14661468.00, 14661467.08, 3766.61, 2676.01, 2.81%
- Epoch 006, ExpID 85586
Train - Loss: 15764692.26
Val - Loss, MSE, RMSE, MAE, MAPE: 15435327.00, 15435328.08, 3841.65, 2805.71, 3.01%
Test - Best epoch, Loss, MSE, RMSE, MAE, MAPE: 4, 14661468.00, 14661467.08, 3766.61, 2676.01, 2.81%
- Epoch 007, ExpID 85586
Train - Loss: 14665096.69
Val - Loss, MSE, RMSE, MAE, MAPE: 14296544.00, 14296545.00, 3682.37, 2742.45, 2.96%
Test - Best epoch, Loss, MSE, RMSE, MAE, MAPE: 7, 13506275.00, 13506274.75, 3603.21, 2540.59, 2.68%
- Epoch 008, ExpID 85586
Train - Loss: 14214510.56
Val - Loss, MSE, RMSE, MAE, MAPE: 13991398.00, 13991396.83, 3653.63, 2628.56, 2.84%
Test - Best epoch, Loss, MSE, RMSE, MAE, MAPE: 8, 13368614.00, 13368614.33, 3583.39, 2489.47, 2.61%
- Epoch 009, ExpID 85586
Train - Loss: 14815115.02
Val - Loss, MSE, RMSE, MAE, MAPE: 14159452.00, 14159451.50, 3676.19, 2770.92, 3.01%
Test - Best epoch, Loss, MSE, RMSE, MAE, MAPE: 8, 13368614.00, 13368614.33, 3583.39, 2489.47, 2.61%
- Epoch 010, ExpID 85586
Train - Loss: 14395400.05
Val - Loss, MSE, RMSE, MAE, MAPE: 14810366.00, 14810364.92, 3757.83, 2827.70, 3.06%
Test - Best epoch, Loss, MSE, RMSE, MAE, MAPE: 8, 13368614.00, 13368614.33, 3583.39, 2489.47, 2.61%
- Epoch 011, ExpID 85586
Train - Loss: 13768616.85
Val - Loss, MSE, RMSE, MAE, MAPE: 13898067.00, 13898066.08, 3614.29, 2685.34, 2.90%
Test - Best epoch, Loss, MSE, RMSE, MAE, MAPE: 11, 13271936.00, 13271936.33, 3538.62, 2517.14, 2.65%
- Epoch 012, ExpID 85586
Train - Loss: 13977300.13
Val - Loss, MSE, RMSE, MAE, MAPE: 13630814.00, 13630814.58, 3584.64, 2631.49, 2.83%
Test - Best epoch, Loss, MSE, RMSE, MAE, MAPE: 12, 13161140.00, 13161139.17, 3574.53, 2485.98, 2.60%
- Epoch 013, ExpID 85586
Train - Loss: 14443686.89
Val - Loss, MSE, RMSE, MAE, MAPE: 15604404.00, 15604405.00, 3864.11, 2983.51, 3.28%
Test - Best epoch, Loss, MSE, RMSE, MAE, MAPE: 12, 13161140.00, 13161139.17, 3574.53, 2485.98, 2.60%
- Epoch 014, ExpID 85586
Train - Loss: 14527396.69
Val - Loss, MSE, RMSE, MAE, MAPE: 14183960.00, 14183959.50, 3680.66, 2723.90, 2.92%
Test - Best epoch, Loss, MSE, RMSE, MAE, MAPE: 12, 13161140.00, 13161139.17, 3574.53, 2485.98, 2.60%
- Epoch 015, ExpID 85586
Train - Loss: 13963768.16
Val - Loss, MSE, RMSE, MAE, MAPE: 13380880.00, 13380880.33, 3556.96, 2594.48, 2.80%
Test - Best epoch, Loss, MSE, RMSE, MAE, MAPE: 15, 12885543.00, 12885541.83, 3526.98, 2491.89, 2.61%
- Epoch 016, ExpID 85586
Train - Loss: 13357908.78
Val - Loss, MSE, RMSE, MAE, MAPE: 14335388.00, 14335388.25, 3704.44, 2786.39, 3.03%
Test - Best epoch, Loss, MSE, RMSE, MAE, MAPE: 15, 12885543.00, 12885541.83, 3526.98, 2491.89, 2.61%
- Epoch 017, ExpID 85586
Train - Loss: 13027147.94
Val - Loss, MSE, RMSE, MAE, MAPE: 14829806.00, 14829805.67, 3767.30, 2845.04, 3.10%
Test - Best epoch, Loss, MSE, RMSE, MAE, MAPE: 15, 12885543.00, 12885541.83, 3526.98, 2491.89, 2.61%
- Epoch 018, ExpID 85586
Train - Loss: 13156761.40
Val - Loss, MSE, RMSE, MAE, MAPE: 16868376.00, 16868373.75, 4023.70, 3126.14, 3.41%
Test - Best epoch, Loss, MSE, RMSE, MAE, MAPE: 15, 12885543.00, 12885541.83, 3526.98, 2491.89, 2.61%
- Epoch 019, ExpID 85586
Train - Loss: 13481757.20
Val - Loss, MSE, RMSE, MAE, MAPE: 13852332.00, 13852331.17, 3633.82, 2676.16, 2.88%
Test - Best epoch, Loss, MSE, RMSE, MAE, MAPE: 15, 12885543.00, 12885541.83, 3526.98, 2491.89, 2.61%
- Epoch 020, ExpID 85586
Train - Loss: 13549584.92
Val - Loss, MSE, RMSE, MAE, MAPE: 16917814.00, 16917814.50, 4045.88, 3150.00, 3.45%
Test - Best epoch, Loss, MSE, RMSE, MAE, MAPE: 15, 12885543.00, 12885541.83, 3526.98, 2491.89, 2.61%
- Epoch 021, ExpID 85586
Train - Loss: 13274845.20
Val - Loss, MSE, RMSE, MAE, MAPE: 12912492.00, 12912492.08, 3502.34, 2588.54, 2.80%
Test - Best epoch, Loss, MSE, RMSE, MAE, MAPE: 21, 12916632.00, 12916632.50, 3489.06, 2470.17, 2.61%
- Epoch 022, ExpID 85586
Train - Loss: 13084824.45
Val - Loss, MSE, RMSE, MAE, MAPE: 16696726.00, 16696725.17, 4010.39, 3122.40, 3.42%
Test - Best epoch, Loss, MSE, RMSE, MAE, MAPE: 21, 12916632.00, 12916632.50, 3489.06, 2470.17, 2.61%
- Epoch 023, ExpID 85586
Train - Loss: 12183891.54
Val - Loss, MSE, RMSE, MAE, MAPE: 13672907.00, 13672907.33, 3624.17, 2741.28, 2.98%
Test - Best epoch, Loss, MSE, RMSE, MAE, MAPE: 21, 12916632.00, 12916632.50, 3489.06, 2470.17, 2.61%
- Epoch 024, ExpID 85586
Train - Loss: 12184104.57
Val - Loss, MSE, RMSE, MAE, MAPE: 13414339.00, 13414338.17, 3574.55, 2676.14, 2.91%
Test - Best epoch, Loss, MSE, RMSE, MAE, MAPE: 21, 12916632.00, 12916632.50, 3489.06, 2470.17, 2.61%
- Epoch 025, ExpID 85586
Train - Loss: 12237933.43
Val - Loss, MSE, RMSE, MAE, MAPE: 15768884.00, 15768883.67, 3889.66, 3010.27, 3.30%
Test - Best epoch, Loss, MSE, RMSE, MAE, MAPE: 21, 12916632.00, 12916632.50, 3489.06, 2470.17, 2.61%
- Epoch 026, ExpID 85586
Train - Loss: 11824833.10
Val - Loss, MSE, RMSE, MAE, MAPE: 13779504.00, 13779505.33, 3631.42, 2669.83, 2.87%
Test - Best epoch, Loss, MSE, RMSE, MAE, MAPE: 21, 12916632.00, 12916632.50, 3489.06, 2470.17, 2.61%
- Epoch 027, ExpID 85586
Train - Loss: 11601865.95
Val - Loss, MSE, RMSE, MAE, MAPE: 13218703.00, 13218701.50, 3546.76, 2677.75, 2.91%
Test - Best epoch, Loss, MSE, RMSE, MAE, MAPE: 21, 12916632.00, 12916632.50, 3489.06, 2470.17, 2.61%
- Epoch 028, ExpID 85586
Train - Loss: 12335069.72
Val - Loss, MSE, RMSE, MAE, MAPE: 13857746.00, 13857746.50, 3644.61, 2761.61, 3.01%
Test - Best epoch, Loss, MSE, RMSE, MAE, MAPE: 21, 12916632.00, 12916632.50, 3489.06, 2470.17, 2.61%
- Epoch 029, ExpID 85586
Train - Loss: 12500538.10
Val - Loss, MSE, RMSE, MAE, MAPE: 14631814.00, 14631814.67, 3755.42, 2821.70, 3.07%
Test - Best epoch, Loss, MSE, RMSE, MAE, MAPE: 21, 12916632.00, 12916632.50, 3489.06, 2470.17, 2.61%
- Epoch 030, ExpID 85586
Train - Loss: 12081478.85
Val - Loss, MSE, RMSE, MAE, MAPE: 16391119.00, 16391118.83, 3992.18, 3043.93, 3.32%
Test - Best epoch, Loss, MSE, RMSE, MAE, MAPE: 21, 12916632.00, 12916632.50, 3489.06, 2470.17, 2.61%
- Epoch 031, ExpID 85586
Train - Loss: 11733549.00
Val - Loss, MSE, RMSE, MAE, MAPE: 13940900.00, 13940899.17, 3649.75, 2675.27, 2.89%
Test - Best epoch, Loss, MSE, RMSE, MAE, MAPE: 21, 12916632.00, 12916632.50, 3489.06, 2470.17, 2.61%
Early Stopping at Epoch 31
Fold 2019 Best RMSE: 3489.0608
