DETAILED LOG | Model: patchtst | Seed: 1
FULL CONFIG: {'gpu': '1', 'target': 'arrival', 'cv_start_year': 2017, 'cv_end_year': 2019, 'test_year': 2024, 'use_corona': False, 'seq_len': 365, 'label_len': 0, 'pred_len': 1, 'batch_size': 64, 'epochs': 1000, 'patience': 10, 'lr': 0.0001, 'model': 'patchtst', 'd_model': 512, 'n_heads': 4, 'n_layers': 5, 'dropout': 0.1, 'activation': 'gelu', 'patch_len': 14, 'factor': 5, 'norm_mode': 'revin', 'use_dbloss': False, 'device': device(type='cuda'), 'stride': 14, 'file_path': 'dataset/airport_daily_flight_merged.csv', 'seed': 1, 'val_year': 2019, 'ndims': 1}

-------------------- [Fold: 2017] ExpID: 61499 --------------------
- Epoch 000, ExpID 61499
Train - Loss: 26622934.57
Val - Loss, MSE, RMSE, MAE, MAPE: 18018196.00, 18018195.67, 4211.20, 3349.49, 4.31%
Test - Best epoch, Loss, MSE, RMSE, MAE, MAPE: 0, 25718694.00, 25718692.00, 4980.60, 3693.18, 4.32%
- Epoch 001, ExpID 61499
Train - Loss: 18236746.52
Val - Loss, MSE, RMSE, MAE, MAPE: 17880632.00, 17880631.50, 4202.46, 3306.68, 4.22%
Test - Best epoch, Loss, MSE, RMSE, MAE, MAPE: 1, 27997632.00, 27997632.00, 5241.71, 4111.93, 4.87%
- Epoch 002, ExpID 61499
Train - Loss: 16965059.25
Val - Loss, MSE, RMSE, MAE, MAPE: 16024127.00, 16024126.33, 3965.61, 3082.30, 3.90%
Test - Best epoch, Loss, MSE, RMSE, MAE, MAPE: 2, 19939420.00, 19939417.67, 4390.93, 3319.43, 3.89%
- Epoch 003, ExpID 61499
Train - Loss: 16420199.17
Val - Loss, MSE, RMSE, MAE, MAPE: 27668374.00, 27668373.33, 5215.53, 4192.94, 5.20%
Test - Best epoch, Loss, MSE, RMSE, MAE, MAPE: 2, 19939420.00, 19939417.67, 4390.93, 3319.43, 3.89%
- Epoch 004, ExpID 61499
Train - Loss: 15173500.53
Val - Loss, MSE, RMSE, MAE, MAPE: 22816608.00, 22816609.00, 4732.85, 3819.67, 5.00%
Test - Best epoch, Loss, MSE, RMSE, MAE, MAPE: 2, 19939420.00, 19939417.67, 4390.93, 3319.43, 3.89%
- Epoch 005, ExpID 61499
Train - Loss: 14797868.00
Val - Loss, MSE, RMSE, MAE, MAPE: 26546600.00, 26546600.00, 5024.56, 3999.13, 4.98%
Test - Best epoch, Loss, MSE, RMSE, MAE, MAPE: 2, 19939420.00, 19939417.67, 4390.93, 3319.43, 3.89%
- Epoch 006, ExpID 61499
Train - Loss: 15321184.04
Val - Loss, MSE, RMSE, MAE, MAPE: 16570078.00, 16570078.17, 4028.81, 3116.88, 3.96%
Test - Best epoch, Loss, MSE, RMSE, MAE, MAPE: 2, 19939420.00, 19939417.67, 4390.93, 3319.43, 3.89%
- Epoch 007, ExpID 61499
Train - Loss: 12631479.17
Val - Loss, MSE, RMSE, MAE, MAPE: 31786092.00, 31786089.67, 5587.11, 4637.23, 5.77%
Test - Best epoch, Loss, MSE, RMSE, MAE, MAPE: 2, 19939420.00, 19939417.67, 4390.93, 3319.43, 3.89%
- Epoch 008, ExpID 61499
Train - Loss: 13430703.33
Val - Loss, MSE, RMSE, MAE, MAPE: 13057496.00, 13057495.67, 3582.17, 2722.38, 3.45%
Test - Best epoch, Loss, MSE, RMSE, MAE, MAPE: 8, 22438206.00, 22438206.00, 4570.37, 3334.01, 3.90%
- Epoch 009, ExpID 61499
Train - Loss: 12664874.69
Val - Loss, MSE, RMSE, MAE, MAPE: 32814702.00, 32814701.33, 5624.79, 4766.79, 5.99%
Test - Best epoch, Loss, MSE, RMSE, MAE, MAPE: 8, 22438206.00, 22438206.00, 4570.37, 3334.01, 3.90%
- Epoch 010, ExpID 61499
Train - Loss: 14633610.47
Val - Loss, MSE, RMSE, MAE, MAPE: 13193526.00, 13193524.83, 3622.23, 2778.98, 3.56%
Test - Best epoch, Loss, MSE, RMSE, MAE, MAPE: 8, 22438206.00, 22438206.00, 4570.37, 3334.01, 3.90%
- Epoch 011, ExpID 61499
Train - Loss: 11720982.08
Val - Loss, MSE, RMSE, MAE, MAPE: 13995726.00, 13995724.42, 3683.28, 2876.47, 3.64%
Test - Best epoch, Loss, MSE, RMSE, MAE, MAPE: 8, 22438206.00, 22438206.00, 4570.37, 3334.01, 3.90%
- Epoch 012, ExpID 61499
Train - Loss: 12088449.96
Val - Loss, MSE, RMSE, MAE, MAPE: 13287462.00, 13287460.42, 3592.89, 2736.20, 3.44%
Test - Best epoch, Loss, MSE, RMSE, MAE, MAPE: 8, 22438206.00, 22438206.00, 4570.37, 3334.01, 3.90%
- Epoch 013, ExpID 61499
Train - Loss: 12100372.49
Val - Loss, MSE, RMSE, MAE, MAPE: 18131124.00, 18131123.00, 4237.35, 3347.63, 4.33%
Test - Best epoch, Loss, MSE, RMSE, MAE, MAPE: 8, 22438206.00, 22438206.00, 4570.37, 3334.01, 3.90%
- Epoch 014, ExpID 61499
Train - Loss: 12097332.36
Val - Loss, MSE, RMSE, MAE, MAPE: 27744088.00, 27744088.00, 5221.30, 4144.25, 5.16%
Test - Best epoch, Loss, MSE, RMSE, MAE, MAPE: 8, 22438206.00, 22438206.00, 4570.37, 3334.01, 3.90%
- Epoch 015, ExpID 61499
Train - Loss: 11477953.15
Val - Loss, MSE, RMSE, MAE, MAPE: 17518784.00, 17518784.33, 4156.43, 3204.31, 4.01%
Test - Best epoch, Loss, MSE, RMSE, MAE, MAPE: 8, 22438206.00, 22438206.00, 4570.37, 3334.01, 3.90%
- Epoch 016, ExpID 61499
Train - Loss: 11615029.57
Val - Loss, MSE, RMSE, MAE, MAPE: 16450976.00, 16450977.00, 4006.74, 2986.28, 3.76%
Test - Best epoch, Loss, MSE, RMSE, MAE, MAPE: 8, 22438206.00, 22438206.00, 4570.37, 3334.01, 3.90%
- Epoch 017, ExpID 61499
Train - Loss: 10593100.56
Val - Loss, MSE, RMSE, MAE, MAPE: 14213720.00, 14213719.00, 3748.30, 2882.52, 3.66%
Test - Best epoch, Loss, MSE, RMSE, MAE, MAPE: 8, 22438206.00, 22438206.00, 4570.37, 3334.01, 3.90%
- Epoch 018, ExpID 61499
Train - Loss: 11731277.53
Val - Loss, MSE, RMSE, MAE, MAPE: 24983060.00, 24983059.50, 4961.19, 4057.54, 5.02%
Test - Best epoch, Loss, MSE, RMSE, MAE, MAPE: 8, 22438206.00, 22438206.00, 4570.37, 3334.01, 3.90%
Early Stopping at Epoch 18
Fold 2017 Best RMSE: 4570.3730

-------------------- [Fold: 2018] ExpID: 85245 --------------------
- Epoch 000, ExpID 85245
Train - Loss: 27848519.59
Val - Loss, MSE, RMSE, MAE, MAPE: 28987526.00, 28987523.83, 5189.48, 3684.95, 4.23%
Test - Best epoch, Loss, MSE, RMSE, MAE, MAPE: 0, 21111736.00, 21111735.50, 4504.83, 3318.57, 3.55%
- Epoch 001, ExpID 85245
Train - Loss: 19858296.11
Val - Loss, MSE, RMSE, MAE, MAPE: 20071032.00, 20071030.17, 4334.95, 3030.35, 3.49%
Test - Best epoch, Loss, MSE, RMSE, MAE, MAPE: 1, 17369956.00, 17369955.50, 4076.03, 3117.55, 3.37%
- Epoch 002, ExpID 85245
Train - Loss: 17790733.82
Val - Loss, MSE, RMSE, MAE, MAPE: 27798758.00, 27798758.67, 5234.24, 4026.80, 4.67%
Test - Best epoch, Loss, MSE, RMSE, MAE, MAPE: 1, 17369956.00, 17369955.50, 4076.03, 3117.55, 3.37%
- Epoch 003, ExpID 85245
Train - Loss: 16827988.48
Val - Loss, MSE, RMSE, MAE, MAPE: 34280668.00, 34280664.33, 5732.39, 4407.47, 5.14%
Test - Best epoch, Loss, MSE, RMSE, MAE, MAPE: 1, 17369956.00, 17369955.50, 4076.03, 3117.55, 3.37%
- Epoch 004, ExpID 85245
Train - Loss: 17363194.45
Val - Loss, MSE, RMSE, MAE, MAPE: 27774640.00, 27774641.67, 5086.00, 3711.22, 4.22%
Test - Best epoch, Loss, MSE, RMSE, MAE, MAPE: 1, 17369956.00, 17369955.50, 4076.03, 3117.55, 3.37%
- Epoch 005, ExpID 85245
Train - Loss: 13942632.69
Val - Loss, MSE, RMSE, MAE, MAPE: 22233942.00, 22233940.00, 4505.41, 3191.35, 3.66%
Test - Best epoch, Loss, MSE, RMSE, MAE, MAPE: 1, 17369956.00, 17369955.50, 4076.03, 3117.55, 3.37%
- Epoch 006, ExpID 85245
Train - Loss: 13801508.66
Val - Loss, MSE, RMSE, MAE, MAPE: 23658612.00, 23658610.33, 4731.96, 3447.61, 3.96%
Test - Best epoch, Loss, MSE, RMSE, MAE, MAPE: 1, 17369956.00, 17369955.50, 4076.03, 3117.55, 3.37%
- Epoch 007, ExpID 85245
Train - Loss: 13666618.19
Val - Loss, MSE, RMSE, MAE, MAPE: 26406070.00, 26406068.83, 4990.44, 3848.13, 4.58%
Test - Best epoch, Loss, MSE, RMSE, MAE, MAPE: 1, 17369956.00, 17369955.50, 4076.03, 3117.55, 3.37%
- Epoch 008, ExpID 85245
Train - Loss: 14654263.62
Val - Loss, MSE, RMSE, MAE, MAPE: 25391412.00, 25391409.33, 4903.75, 3586.40, 4.23%
Test - Best epoch, Loss, MSE, RMSE, MAE, MAPE: 1, 17369956.00, 17369955.50, 4076.03, 3117.55, 3.37%
- Epoch 009, ExpID 85245
Train - Loss: 12724643.68
Val - Loss, MSE, RMSE, MAE, MAPE: 22124996.00, 22124993.67, 4581.21, 3483.92, 4.07%
Test - Best epoch, Loss, MSE, RMSE, MAE, MAPE: 1, 17369956.00, 17369955.50, 4076.03, 3117.55, 3.37%
- Epoch 010, ExpID 85245
Train - Loss: 12799351.31
Val - Loss, MSE, RMSE, MAE, MAPE: 29056716.00, 29056714.83, 5235.63, 4148.63, 4.91%
Test - Best epoch, Loss, MSE, RMSE, MAE, MAPE: 1, 17369956.00, 17369955.50, 4076.03, 3117.55, 3.37%
- Epoch 011, ExpID 85245
Train - Loss: 12768367.29
Val - Loss, MSE, RMSE, MAE, MAPE: 24786740.00, 24786736.83, 4883.16, 3598.85, 4.11%
Test - Best epoch, Loss, MSE, RMSE, MAE, MAPE: 1, 17369956.00, 17369955.50, 4076.03, 3117.55, 3.37%
Early Stopping at Epoch 11
Fold 2018 Best RMSE: 4076.0288

-------------------- [Fold: 2019] ExpID: 77580 --------------------
- Epoch 000, ExpID 77580
Train - Loss: 29210713.52
Val - Loss, MSE, RMSE, MAE, MAPE: 23889096.00, 23889094.17, 4820.27, 3803.90, 4.05%
Test - Best epoch, Loss, MSE, RMSE, MAE, MAPE: 0, 26323726.00, 26323724.67, 5083.40, 4059.56, 4.21%
- Epoch 001, ExpID 77580
Train - Loss: 21785666.79
Val - Loss, MSE, RMSE, MAE, MAPE: 26691870.00, 26691869.83, 5063.77, 4002.43, 4.22%
Test - Best epoch, Loss, MSE, RMSE, MAE, MAPE: 0, 26323726.00, 26323724.67, 5083.40, 4059.56, 4.21%
- Epoch 002, ExpID 77580
Train - Loss: 20086969.63
Val - Loss, MSE, RMSE, MAE, MAPE: 15064094.00, 15064093.08, 3788.10, 2867.77, 3.10%
Test - Best epoch, Loss, MSE, RMSE, MAE, MAPE: 2, 17690408.00, 17690407.67, 4123.78, 3070.44, 3.23%
- Epoch 003, ExpID 77580
Train - Loss: 19127712.80
Val - Loss, MSE, RMSE, MAE, MAPE: 16103912.00, 16103913.00, 3931.85, 3041.17, 3.30%
Test - Best epoch, Loss, MSE, RMSE, MAE, MAPE: 2, 17690408.00, 17690407.67, 4123.78, 3070.44, 3.23%
- Epoch 004, ExpID 77580
Train - Loss: 17030576.08
Val - Loss, MSE, RMSE, MAE, MAPE: 23353094.00, 23353094.67, 4737.32, 3735.20, 4.07%
Test - Best epoch, Loss, MSE, RMSE, MAE, MAPE: 2, 17690408.00, 17690407.67, 4123.78, 3070.44, 3.23%
- Epoch 005, ExpID 77580
Train - Loss: 15520191.24
Val - Loss, MSE, RMSE, MAE, MAPE: 20110024.00, 20110023.33, 4409.85, 3306.68, 3.57%
Test - Best epoch, Loss, MSE, RMSE, MAE, MAPE: 2, 17690408.00, 17690407.67, 4123.78, 3070.44, 3.23%
- Epoch 006, ExpID 77580
Train - Loss: 15987592.35
Val - Loss, MSE, RMSE, MAE, MAPE: 27962200.00, 27962198.33, 5253.43, 4269.02, 4.71%
Test - Best epoch, Loss, MSE, RMSE, MAE, MAPE: 2, 17690408.00, 17690407.67, 4123.78, 3070.44, 3.23%
- Epoch 007, ExpID 77580
Train - Loss: 15189448.95
Val - Loss, MSE, RMSE, MAE, MAPE: 21268346.00, 21268345.83, 4542.19, 3626.21, 3.99%
Test - Best epoch, Loss, MSE, RMSE, MAE, MAPE: 2, 17690408.00, 17690407.67, 4123.78, 3070.44, 3.23%
- Epoch 008, ExpID 77580
Train - Loss: 14998758.14
Val - Loss, MSE, RMSE, MAE, MAPE: 15308772.00, 15308771.92, 3800.55, 2842.27, 3.06%
Test - Best epoch, Loss, MSE, RMSE, MAE, MAPE: 2, 17690408.00, 17690407.67, 4123.78, 3070.44, 3.23%
- Epoch 009, ExpID 77580
Train - Loss: 13895822.07
Val - Loss, MSE, RMSE, MAE, MAPE: 15203270.00, 15203269.17, 3791.02, 2790.27, 3.05%
Test - Best epoch, Loss, MSE, RMSE, MAE, MAPE: 2, 17690408.00, 17690407.67, 4123.78, 3070.44, 3.23%
- Epoch 010, ExpID 77580
Train - Loss: 14400432.62
Val - Loss, MSE, RMSE, MAE, MAPE: 21518660.00, 21518659.17, 4545.83, 3645.15, 4.03%
Test - Best epoch, Loss, MSE, RMSE, MAE, MAPE: 2, 17690408.00, 17690407.67, 4123.78, 3070.44, 3.23%
- Epoch 011, ExpID 77580
Train - Loss: 14033258.76
Val - Loss, MSE, RMSE, MAE, MAPE: 19526440.00, 19526438.83, 4346.50, 3395.96, 3.71%
Test - Best epoch, Loss, MSE, RMSE, MAE, MAPE: 2, 17690408.00, 17690407.67, 4123.78, 3070.44, 3.23%
- Epoch 012, ExpID 77580
Train - Loss: 13074617.52
Val - Loss, MSE, RMSE, MAE, MAPE: 15074408.00, 15074406.17, 3793.28, 2937.57, 3.17%
Test - Best epoch, Loss, MSE, RMSE, MAE, MAPE: 2, 17690408.00, 17690407.67, 4123.78, 3070.44, 3.23%
Early Stopping at Epoch 12
Fold 2019 Best RMSE: 4123.7792
