DETAILED LOG | Model: patchtst | Seed: 3
FULL CONFIG: {'gpu': '1', 'target': 'arrival', 'cv_start_year': 2017, 'cv_end_year': 2019, 'test_year': 2024, 'use_corona': False, 'seq_len': 365, 'label_len': 0, 'pred_len': 1, 'batch_size': 64, 'epochs': 1000, 'patience': 10, 'lr': 0.001, 'model': 'patchtst', 'd_model': 512, 'n_heads': 16, 'n_layers': 1, 'dropout': 0.1, 'activation': 'gelu', 'patch_len': 7, 'factor': 5, 'norm_mode': 'revin', 'use_dbloss': False, 'device': device(type='cuda'), 'stride': 7, 'file_path': 'dataset/airport_daily_flight_merged.csv', 'seed': 3, 'val_year': 2019, 'ndims': 1}

-------------------- [Fold: 2017] ExpID: 86921 --------------------
- Epoch 000, ExpID 86921
Train - Loss: 97086041.84
Val - Loss, MSE, RMSE, MAE, MAPE: 35771032.00, 35771027.00, 5904.06, 4638.43, 5.65%
Test - Best epoch, Loss, MSE, RMSE, MAE, MAPE: 0, 35318452.00, 35318452.00, 5756.85, 4373.24, 4.97%
- Epoch 001, ExpID 86921
Train - Loss: 38617357.31
Val - Loss, MSE, RMSE, MAE, MAPE: 19378828.00, 19378827.50, 4345.81, 3364.80, 4.35%
Test - Best epoch, Loss, MSE, RMSE, MAE, MAPE: 1, 23106272.00, 23106272.17, 4625.51, 3403.21, 3.99%
- Epoch 002, ExpID 86921
Train - Loss: 41862739.79
Val - Loss, MSE, RMSE, MAE, MAPE: 25727174.00, 25727173.67, 5041.47, 3989.70, 5.19%
Test - Best epoch, Loss, MSE, RMSE, MAE, MAPE: 1, 23106272.00, 23106272.17, 4625.51, 3403.21, 3.99%
- Epoch 003, ExpID 86921
Train - Loss: 48560740.00
Val - Loss, MSE, RMSE, MAE, MAPE: 21096008.00, 21096008.67, 4538.92, 3524.43, 4.36%
Test - Best epoch, Loss, MSE, RMSE, MAE, MAPE: 1, 23106272.00, 23106272.17, 4625.51, 3403.21, 3.99%
- Epoch 004, ExpID 86921
Train - Loss: 52983088.56
Val - Loss, MSE, RMSE, MAE, MAPE: 25252214.00, 25252213.33, 4892.06, 3859.51, 4.74%
Test - Best epoch, Loss, MSE, RMSE, MAE, MAPE: 1, 23106272.00, 23106272.17, 4625.51, 3403.21, 3.99%
- Epoch 005, ExpID 86921
Train - Loss: 56586619.04
Val - Loss, MSE, RMSE, MAE, MAPE: 23674494.00, 23674494.00, 4808.37, 3733.10, 4.57%
Test - Best epoch, Loss, MSE, RMSE, MAE, MAPE: 1, 23106272.00, 23106272.17, 4625.51, 3403.21, 3.99%
- Epoch 006, ExpID 86921
Train - Loss: 59228000.27
Val - Loss, MSE, RMSE, MAE, MAPE: 18253160.00, 18253158.83, 4228.00, 3219.87, 3.98%
Test - Best epoch, Loss, MSE, RMSE, MAE, MAPE: 6, 20701008.00, 20701008.33, 4476.50, 3270.06, 3.77%
- Epoch 007, ExpID 86921
Train - Loss: 57082210.03
Val - Loss, MSE, RMSE, MAE, MAPE: 16861072.00, 16861071.83, 4061.49, 3130.71, 3.96%
Test - Best epoch, Loss, MSE, RMSE, MAE, MAPE: 7, 22540134.00, 22540135.00, 4611.48, 3466.36, 4.13%
- Epoch 008, ExpID 86921
Train - Loss: 55085208.80
Val - Loss, MSE, RMSE, MAE, MAPE: 14778204.00, 14778204.33, 3821.99, 2859.97, 3.57%
Test - Best epoch, Loss, MSE, RMSE, MAE, MAPE: 8, 20069602.00, 20069601.00, 4437.75, 3183.47, 3.71%
- Epoch 009, ExpID 86921
Train - Loss: 50246309.95
Val - Loss, MSE, RMSE, MAE, MAPE: 19316476.00, 19316474.83, 4309.26, 3452.86, 4.46%
Test - Best epoch, Loss, MSE, RMSE, MAE, MAPE: 8, 20069602.00, 20069601.00, 4437.75, 3183.47, 3.71%
- Epoch 010, ExpID 86921
Train - Loss: 46229056.67
Val - Loss, MSE, RMSE, MAE, MAPE: 15851964.00, 15851964.33, 3932.44, 2921.21, 3.71%
Test - Best epoch, Loss, MSE, RMSE, MAE, MAPE: 8, 20069602.00, 20069601.00, 4437.75, 3183.47, 3.71%
- Epoch 011, ExpID 86921
Train - Loss: 42818942.08
Val - Loss, MSE, RMSE, MAE, MAPE: 14159344.00, 14159342.67, 3716.11, 2779.87, 3.47%
Test - Best epoch, Loss, MSE, RMSE, MAE, MAPE: 11, 24031420.00, 24031417.25, 4613.89, 3166.06, 3.66%
- Epoch 012, ExpID 86921
Train - Loss: 38066842.11
Val - Loss, MSE, RMSE, MAE, MAPE: 13620784.00, 13620784.83, 3663.27, 2750.32, 3.51%
Test - Best epoch, Loss, MSE, RMSE, MAE, MAPE: 12, 27040572.00, 27040572.00, 4862.13, 3398.93, 3.94%
- Epoch 013, ExpID 86921
Train - Loss: 36413480.85
Val - Loss, MSE, RMSE, MAE, MAPE: 16948240.00, 16948238.50, 4088.21, 3137.52, 3.90%
Test - Best epoch, Loss, MSE, RMSE, MAE, MAPE: 12, 27040572.00, 27040572.00, 4862.13, 3398.93, 3.94%
- Epoch 014, ExpID 86921
Train - Loss: 33217879.15
Val - Loss, MSE, RMSE, MAE, MAPE: 14708546.00, 14708545.00, 3800.20, 2880.97, 3.69%
Test - Best epoch, Loss, MSE, RMSE, MAE, MAPE: 12, 27040572.00, 27040572.00, 4862.13, 3398.93, 3.94%
- Epoch 015, ExpID 86921
Train - Loss: 30443785.39
Val - Loss, MSE, RMSE, MAE, MAPE: 16584495.00, 16584494.83, 4047.28, 3163.31, 4.01%
Test - Best epoch, Loss, MSE, RMSE, MAE, MAPE: 12, 27040572.00, 27040572.00, 4862.13, 3398.93, 3.94%
- Epoch 016, ExpID 86921
Train - Loss: 27688199.01
Val - Loss, MSE, RMSE, MAE, MAPE: 15521960.00, 15521960.00, 3905.57, 2988.09, 3.76%
Test - Best epoch, Loss, MSE, RMSE, MAE, MAPE: 12, 27040572.00, 27040572.00, 4862.13, 3398.93, 3.94%
- Epoch 017, ExpID 86921
Train - Loss: 27333678.93
Val - Loss, MSE, RMSE, MAE, MAPE: 15416000.00, 15416000.33, 3907.36, 3052.57, 3.92%
Test - Best epoch, Loss, MSE, RMSE, MAE, MAPE: 12, 27040572.00, 27040572.00, 4862.13, 3398.93, 3.94%
- Epoch 018, ExpID 86921
Train - Loss: 26101511.97
Val - Loss, MSE, RMSE, MAE, MAPE: 19510732.00, 19510730.50, 4313.67, 3462.34, 4.41%
Test - Best epoch, Loss, MSE, RMSE, MAE, MAPE: 12, 27040572.00, 27040572.00, 4862.13, 3398.93, 3.94%
- Epoch 019, ExpID 86921
Train - Loss: 25526849.20
Val - Loss, MSE, RMSE, MAE, MAPE: 15401600.00, 15401598.17, 3912.17, 3001.84, 3.91%
Test - Best epoch, Loss, MSE, RMSE, MAE, MAPE: 12, 27040572.00, 27040572.00, 4862.13, 3398.93, 3.94%
- Epoch 020, ExpID 86921
Train - Loss: 23215497.44
Val - Loss, MSE, RMSE, MAE, MAPE: 13184314.00, 13184313.42, 3587.13, 2720.53, 3.45%
Test - Best epoch, Loss, MSE, RMSE, MAE, MAPE: 20, 19641504.00, 19641502.67, 4306.71, 2982.45, 3.47%
- Epoch 021, ExpID 86921
Train - Loss: 22098302.88
Val - Loss, MSE, RMSE, MAE, MAPE: 16638044.00, 16638045.00, 4053.50, 3141.52, 4.03%
Test - Best epoch, Loss, MSE, RMSE, MAE, MAPE: 20, 19641504.00, 19641502.67, 4306.71, 2982.45, 3.47%
- Epoch 022, ExpID 86921
Train - Loss: 22506809.31
Val - Loss, MSE, RMSE, MAE, MAPE: 14975655.00, 14975654.17, 3807.55, 2961.73, 3.72%
Test - Best epoch, Loss, MSE, RMSE, MAE, MAPE: 20, 19641504.00, 19641502.67, 4306.71, 2982.45, 3.47%
- Epoch 023, ExpID 86921
Train - Loss: 21035815.27
Val - Loss, MSE, RMSE, MAE, MAPE: 14393591.00, 14393591.00, 3748.60, 2847.17, 3.60%
Test - Best epoch, Loss, MSE, RMSE, MAE, MAPE: 20, 19641504.00, 19641502.67, 4306.71, 2982.45, 3.47%
- Epoch 024, ExpID 86921
Train - Loss: 21988702.33
Val - Loss, MSE, RMSE, MAE, MAPE: 15673999.00, 15673998.33, 3933.23, 3075.92, 4.01%
Test - Best epoch, Loss, MSE, RMSE, MAE, MAPE: 20, 19641504.00, 19641502.67, 4306.71, 2982.45, 3.47%
- Epoch 025, ExpID 86921
Train - Loss: 20997793.21
Val - Loss, MSE, RMSE, MAE, MAPE: 15533439.00, 15533438.67, 3897.96, 3070.88, 3.92%
Test - Best epoch, Loss, MSE, RMSE, MAE, MAPE: 20, 19641504.00, 19641502.67, 4306.71, 2982.45, 3.47%
- Epoch 026, ExpID 86921
Train - Loss: 19979021.84
Val - Loss, MSE, RMSE, MAE, MAPE: 14849547.00, 14849545.50, 3797.75, 2924.56, 3.76%
Test - Best epoch, Loss, MSE, RMSE, MAE, MAPE: 20, 19641504.00, 19641502.67, 4306.71, 2982.45, 3.47%
- Epoch 027, ExpID 86921
Train - Loss: 19809384.20
Val - Loss, MSE, RMSE, MAE, MAPE: 14668518.00, 14668517.00, 3798.12, 2828.76, 3.51%
Test - Best epoch, Loss, MSE, RMSE, MAE, MAPE: 20, 19641504.00, 19641502.67, 4306.71, 2982.45, 3.47%
- Epoch 028, ExpID 86921
Train - Loss: 19601804.68
Val - Loss, MSE, RMSE, MAE, MAPE: 13599486.00, 13599485.33, 3650.35, 2723.68, 3.41%
Test - Best epoch, Loss, MSE, RMSE, MAE, MAPE: 20, 19641504.00, 19641502.67, 4306.71, 2982.45, 3.47%
- Epoch 029, ExpID 86921
Train - Loss: 18920962.48
Val - Loss, MSE, RMSE, MAE, MAPE: 11863795.00, 11863794.92, 3405.48, 2518.61, 3.18%
Test - Best epoch, Loss, MSE, RMSE, MAE, MAPE: 29, 18439612.00, 18439610.17, 4194.29, 2936.45, 3.42%
- Epoch 030, ExpID 86921
Train - Loss: 18429642.28
Val - Loss, MSE, RMSE, MAE, MAPE: 20758992.00, 20758990.00, 4478.46, 3540.40, 4.41%
Test - Best epoch, Loss, MSE, RMSE, MAE, MAPE: 29, 18439612.00, 18439610.17, 4194.29, 2936.45, 3.42%
- Epoch 031, ExpID 86921
Train - Loss: 18399794.84
Val - Loss, MSE, RMSE, MAE, MAPE: 15300755.00, 15300753.67, 3873.71, 2869.43, 3.63%
Test - Best epoch, Loss, MSE, RMSE, MAE, MAPE: 29, 18439612.00, 18439610.17, 4194.29, 2936.45, 3.42%
- Epoch 032, ExpID 86921
Train - Loss: 17888652.73
Val - Loss, MSE, RMSE, MAE, MAPE: 17046646.00, 17046645.00, 4064.06, 3021.87, 3.78%
Test - Best epoch, Loss, MSE, RMSE, MAE, MAPE: 29, 18439612.00, 18439610.17, 4194.29, 2936.45, 3.42%
- Epoch 033, ExpID 86921
Train - Loss: 17408335.77
Val - Loss, MSE, RMSE, MAE, MAPE: 15544039.00, 15544039.83, 3924.51, 3005.67, 3.89%
Test - Best epoch, Loss, MSE, RMSE, MAE, MAPE: 29, 18439612.00, 18439610.17, 4194.29, 2936.45, 3.42%
- Epoch 034, ExpID 86921
Train - Loss: 16738635.36
Val - Loss, MSE, RMSE, MAE, MAPE: 15098155.00, 15098154.50, 3813.54, 2911.62, 3.61%
Test - Best epoch, Loss, MSE, RMSE, MAE, MAPE: 29, 18439612.00, 18439610.17, 4194.29, 2936.45, 3.42%
- Epoch 035, ExpID 86921
Train - Loss: 16344641.77
Val - Loss, MSE, RMSE, MAE, MAPE: 14379106.00, 14379105.17, 3732.84, 2844.05, 3.55%
Test - Best epoch, Loss, MSE, RMSE, MAE, MAPE: 29, 18439612.00, 18439610.17, 4194.29, 2936.45, 3.42%
- Epoch 036, ExpID 86921
Train - Loss: 15892384.88
Val - Loss, MSE, RMSE, MAE, MAPE: 23105268.00, 23105266.50, 4748.01, 3817.44, 4.69%
Test - Best epoch, Loss, MSE, RMSE, MAE, MAPE: 29, 18439612.00, 18439610.17, 4194.29, 2936.45, 3.42%
- Epoch 037, ExpID 86921
Train - Loss: 15532173.01
Val - Loss, MSE, RMSE, MAE, MAPE: 18662572.00, 18662572.17, 4258.15, 3283.47, 4.07%
Test - Best epoch, Loss, MSE, RMSE, MAE, MAPE: 29, 18439612.00, 18439610.17, 4194.29, 2936.45, 3.42%
- Epoch 038, ExpID 86921
Train - Loss: 15632002.59
Val - Loss, MSE, RMSE, MAE, MAPE: 19502324.00, 19502322.33, 4392.57, 3479.04, 4.51%
Test - Best epoch, Loss, MSE, RMSE, MAE, MAPE: 29, 18439612.00, 18439610.17, 4194.29, 2936.45, 3.42%
- Epoch 039, ExpID 86921
Train - Loss: 15435488.78
Val - Loss, MSE, RMSE, MAE, MAPE: 13675467.00, 13675467.33, 3677.99, 2798.53, 3.62%
Test - Best epoch, Loss, MSE, RMSE, MAE, MAPE: 29, 18439612.00, 18439610.17, 4194.29, 2936.45, 3.42%
Early Stopping at Epoch 39
Fold 2017 Best RMSE: 4194.2939

-------------------- [Fold: 2018] ExpID: 19232 --------------------
- Epoch 000, ExpID 19232
Train - Loss: 125570917.85
Val - Loss, MSE, RMSE, MAE, MAPE: 34784204.00, 34784204.33, 5737.48, 4329.97, 5.05%
Test - Best epoch, Loss, MSE, RMSE, MAE, MAPE: 0, 24214144.00, 24214144.17, 4819.15, 3619.45, 3.92%
- Epoch 001, ExpID 19232
Train - Loss: 40354721.85
Val - Loss, MSE, RMSE, MAE, MAPE: 29562064.00, 29562062.67, 5345.75, 4150.48, 4.97%
Test - Best epoch, Loss, MSE, RMSE, MAE, MAPE: 1, 24753716.00, 24753714.83, 4904.05, 3803.65, 4.19%
- Epoch 002, ExpID 19232
Train - Loss: 43121682.77
Val - Loss, MSE, RMSE, MAE, MAPE: 25355252.00, 25355251.33, 4888.04, 3524.38, 4.05%
Test - Best epoch, Loss, MSE, RMSE, MAE, MAPE: 2, 20653232.00, 20653231.50, 4458.37, 3371.21, 3.63%
- Epoch 003, ExpID 19232
Train - Loss: 43642642.50
Val - Loss, MSE, RMSE, MAE, MAPE: 27262016.00, 27262018.00, 5060.41, 3907.42, 4.53%
Test - Best epoch, Loss, MSE, RMSE, MAE, MAPE: 2, 20653232.00, 20653231.50, 4458.37, 3371.21, 3.63%
- Epoch 004, ExpID 19232
Train - Loss: 47028023.42
Val - Loss, MSE, RMSE, MAE, MAPE: 26460222.00, 26460220.67, 5080.55, 3751.55, 4.39%
Test - Best epoch, Loss, MSE, RMSE, MAE, MAPE: 2, 20653232.00, 20653231.50, 4458.37, 3371.21, 3.63%
- Epoch 005, ExpID 19232
Train - Loss: 52850239.05
Val - Loss, MSE, RMSE, MAE, MAPE: 26089014.00, 26089012.33, 4960.83, 3640.03, 4.28%
Test - Best epoch, Loss, MSE, RMSE, MAE, MAPE: 2, 20653232.00, 20653231.50, 4458.37, 3371.21, 3.63%
- Epoch 006, ExpID 19232
Train - Loss: 51574515.15
Val - Loss, MSE, RMSE, MAE, MAPE: 29271326.00, 29271325.00, 5289.60, 4126.25, 4.84%
Test - Best epoch, Loss, MSE, RMSE, MAE, MAPE: 2, 20653232.00, 20653231.50, 4458.37, 3371.21, 3.63%
- Epoch 007, ExpID 19232
Train - Loss: 51272251.98
Val - Loss, MSE, RMSE, MAE, MAPE: 26021214.00, 26021214.00, 4858.27, 3296.31, 3.79%
Test - Best epoch, Loss, MSE, RMSE, MAE, MAPE: 2, 20653232.00, 20653231.50, 4458.37, 3371.21, 3.63%
- Epoch 008, ExpID 19232
Train - Loss: 50850188.70
Val - Loss, MSE, RMSE, MAE, MAPE: 25617878.00, 25617877.83, 4954.20, 3778.94, 4.55%
Test - Best epoch, Loss, MSE, RMSE, MAE, MAPE: 2, 20653232.00, 20653231.50, 4458.37, 3371.21, 3.63%
- Epoch 009, ExpID 19232
Train - Loss: 52107594.90
Val - Loss, MSE, RMSE, MAE, MAPE: 26676816.00, 26676815.00, 5074.84, 4023.98, 4.93%
Test - Best epoch, Loss, MSE, RMSE, MAE, MAPE: 2, 20653232.00, 20653231.50, 4458.37, 3371.21, 3.63%
- Epoch 010, ExpID 19232
Train - Loss: 46764846.75
Val - Loss, MSE, RMSE, MAE, MAPE: 26881484.00, 26881484.00, 5120.07, 3726.12, 4.39%
Test - Best epoch, Loss, MSE, RMSE, MAE, MAPE: 2, 20653232.00, 20653231.50, 4458.37, 3371.21, 3.63%
- Epoch 011, ExpID 19232
Train - Loss: 44742148.30
Val - Loss, MSE, RMSE, MAE, MAPE: 23568428.00, 23568427.83, 4713.90, 3443.79, 4.02%
Test - Best epoch, Loss, MSE, RMSE, MAE, MAPE: 11, 18152168.00, 18152169.17, 4158.84, 3053.80, 3.29%
- Epoch 012, ExpID 19232
Train - Loss: 40204748.70
Val - Loss, MSE, RMSE, MAE, MAPE: 21680460.00, 21680459.83, 4547.42, 3351.77, 3.96%
Test - Best epoch, Loss, MSE, RMSE, MAE, MAPE: 12, 18003976.00, 18003975.17, 4150.32, 3159.32, 3.43%
- Epoch 013, ExpID 19232
Train - Loss: 37861940.23
Val - Loss, MSE, RMSE, MAE, MAPE: 31436756.00, 31436755.00, 5360.56, 4047.52, 4.78%
Test - Best epoch, Loss, MSE, RMSE, MAE, MAPE: 12, 18003976.00, 18003975.17, 4150.32, 3159.32, 3.43%
- Epoch 014, ExpID 19232
Train - Loss: 34767888.67
Val - Loss, MSE, RMSE, MAE, MAPE: 21458300.00, 21458298.33, 4514.07, 3407.13, 4.02%
Test - Best epoch, Loss, MSE, RMSE, MAE, MAPE: 14, 15300750.00, 15300750.00, 3829.78, 2890.72, 3.14%
- Epoch 015, ExpID 19232
Train - Loss: 33289207.93
Val - Loss, MSE, RMSE, MAE, MAPE: 20720458.00, 20720457.17, 4465.11, 3124.84, 3.62%
Test - Best epoch, Loss, MSE, RMSE, MAE, MAPE: 15, 17015246.00, 17015244.08, 4003.40, 2934.53, 3.14%
- Epoch 016, ExpID 19232
Train - Loss: 31112628.40
Val - Loss, MSE, RMSE, MAE, MAPE: 20917174.00, 20917173.00, 4462.28, 3199.45, 3.73%
Test - Best epoch, Loss, MSE, RMSE, MAE, MAPE: 15, 17015246.00, 17015244.08, 4003.40, 2934.53, 3.14%
- Epoch 017, ExpID 19232
Train - Loss: 28318599.55
Val - Loss, MSE, RMSE, MAE, MAPE: 20092706.00, 20092705.33, 4392.53, 3254.87, 3.87%
Test - Best epoch, Loss, MSE, RMSE, MAE, MAPE: 17, 16430054.00, 16430053.67, 3955.37, 2983.80, 3.25%
- Epoch 018, ExpID 19232
Train - Loss: 28041967.60
Val - Loss, MSE, RMSE, MAE, MAPE: 19422728.00, 19422726.50, 4290.41, 2990.41, 3.51%
Test - Best epoch, Loss, MSE, RMSE, MAE, MAPE: 18, 16313827.00, 16313827.00, 3966.40, 2970.46, 3.24%
- Epoch 019, ExpID 19232
Train - Loss: 27100418.24
Val - Loss, MSE, RMSE, MAE, MAPE: 19833352.00, 19833351.67, 4394.60, 3345.22, 4.00%
Test - Best epoch, Loss, MSE, RMSE, MAE, MAPE: 18, 16313827.00, 16313827.00, 3966.40, 2970.46, 3.24%
- Epoch 020, ExpID 19232
Train - Loss: 25891778.70
Val - Loss, MSE, RMSE, MAE, MAPE: 20813644.00, 20813642.67, 4482.86, 3434.91, 4.10%
Test - Best epoch, Loss, MSE, RMSE, MAE, MAPE: 18, 16313827.00, 16313827.00, 3966.40, 2970.46, 3.24%
- Epoch 021, ExpID 19232
Train - Loss: 24836663.29
Val - Loss, MSE, RMSE, MAE, MAPE: 26745750.00, 26745749.67, 4965.21, 3653.05, 4.28%
Test - Best epoch, Loss, MSE, RMSE, MAE, MAPE: 18, 16313827.00, 16313827.00, 3966.40, 2970.46, 3.24%
- Epoch 022, ExpID 19232
Train - Loss: 24285933.51
Val - Loss, MSE, RMSE, MAE, MAPE: 19956074.00, 19956074.00, 4385.88, 3210.83, 3.76%
Test - Best epoch, Loss, MSE, RMSE, MAE, MAPE: 18, 16313827.00, 16313827.00, 3966.40, 2970.46, 3.24%
- Epoch 023, ExpID 19232
Train - Loss: 23108052.64
Val - Loss, MSE, RMSE, MAE, MAPE: 21160900.00, 21160900.67, 4484.59, 3490.10, 4.15%
Test - Best epoch, Loss, MSE, RMSE, MAE, MAPE: 18, 16313827.00, 16313827.00, 3966.40, 2970.46, 3.24%
- Epoch 024, ExpID 19232
Train - Loss: 22239006.90
Val - Loss, MSE, RMSE, MAE, MAPE: 19924824.00, 19924822.17, 4373.17, 3261.96, 3.88%
Test - Best epoch, Loss, MSE, RMSE, MAE, MAPE: 18, 16313827.00, 16313827.00, 3966.40, 2970.46, 3.24%
- Epoch 025, ExpID 19232
Train - Loss: 22210489.16
Val - Loss, MSE, RMSE, MAE, MAPE: 18761336.00, 18761334.50, 4248.62, 3082.64, 3.58%
Test - Best epoch, Loss, MSE, RMSE, MAE, MAPE: 25, 15582812.00, 15582812.25, 3863.51, 2900.32, 3.13%
- Epoch 026, ExpID 19232
Train - Loss: 20511754.75
Val - Loss, MSE, RMSE, MAE, MAPE: 18376300.00, 18376298.33, 4167.97, 2992.71, 3.50%
Test - Best epoch, Loss, MSE, RMSE, MAE, MAPE: 26, 15188351.00, 15188350.17, 3814.26, 2856.80, 3.09%
- Epoch 027, ExpID 19232
Train - Loss: 21000235.59
Val - Loss, MSE, RMSE, MAE, MAPE: 18649222.00, 18649222.83, 4233.08, 2951.57, 3.42%
Test - Best epoch, Loss, MSE, RMSE, MAE, MAPE: 26, 15188351.00, 15188350.17, 3814.26, 2856.80, 3.09%
- Epoch 028, ExpID 19232
Train - Loss: 19938264.99
Val - Loss, MSE, RMSE, MAE, MAPE: 20824440.00, 20824437.67, 4479.80, 3306.65, 3.91%
Test - Best epoch, Loss, MSE, RMSE, MAE, MAPE: 26, 15188351.00, 15188350.17, 3814.26, 2856.80, 3.09%
- Epoch 029, ExpID 19232
Train - Loss: 19195993.44
Val - Loss, MSE, RMSE, MAE, MAPE: 22554580.00, 22554577.67, 4597.36, 3236.57, 3.71%
Test - Best epoch, Loss, MSE, RMSE, MAE, MAPE: 26, 15188351.00, 15188350.17, 3814.26, 2856.80, 3.09%
- Epoch 030, ExpID 19232
Train - Loss: 18623842.06
Val - Loss, MSE, RMSE, MAE, MAPE: 21249224.00, 21249224.17, 4513.67, 3255.60, 3.72%
Test - Best epoch, Loss, MSE, RMSE, MAE, MAPE: 26, 15188351.00, 15188350.17, 3814.26, 2856.80, 3.09%
- Epoch 031, ExpID 19232
Train - Loss: 17498240.03
Val - Loss, MSE, RMSE, MAE, MAPE: 20279646.00, 20279644.67, 4403.66, 3323.34, 4.00%
Test - Best epoch, Loss, MSE, RMSE, MAE, MAPE: 26, 15188351.00, 15188350.17, 3814.26, 2856.80, 3.09%
- Epoch 032, ExpID 19232
Train - Loss: 18217070.69
Val - Loss, MSE, RMSE, MAE, MAPE: 26514680.00, 26514678.67, 4999.72, 3759.25, 4.36%
Test - Best epoch, Loss, MSE, RMSE, MAE, MAPE: 26, 15188351.00, 15188350.17, 3814.26, 2856.80, 3.09%
- Epoch 033, ExpID 19232
Train - Loss: 16888136.89
Val - Loss, MSE, RMSE, MAE, MAPE: 22898940.00, 22898937.67, 4636.05, 3133.81, 3.59%
Test - Best epoch, Loss, MSE, RMSE, MAE, MAPE: 26, 15188351.00, 15188350.17, 3814.26, 2856.80, 3.09%
- Epoch 034, ExpID 19232
Train - Loss: 16639067.53
Val - Loss, MSE, RMSE, MAE, MAPE: 17978602.00, 17978600.33, 4158.43, 2926.72, 3.39%
Test - Best epoch, Loss, MSE, RMSE, MAE, MAPE: 34, 15836166.00, 15836164.58, 3873.73, 2942.58, 3.17%
- Epoch 035, ExpID 19232
Train - Loss: 15523263.32
Val - Loss, MSE, RMSE, MAE, MAPE: 18549032.00, 18549032.33, 4193.55, 2960.87, 3.46%
Test - Best epoch, Loss, MSE, RMSE, MAE, MAPE: 34, 15836166.00, 15836164.58, 3873.73, 2942.58, 3.17%
- Epoch 036, ExpID 19232
Train - Loss: 15266058.19
Val - Loss, MSE, RMSE, MAE, MAPE: 17890746.00, 17890745.00, 4114.29, 2822.70, 3.25%
Test - Best epoch, Loss, MSE, RMSE, MAE, MAPE: 36, 14558978.00, 14558976.50, 3744.05, 2745.86, 2.96%
- Epoch 037, ExpID 19232
Train - Loss: 15171200.42
Val - Loss, MSE, RMSE, MAE, MAPE: 19315352.00, 19315351.50, 4319.10, 2977.94, 3.47%
Test - Best epoch, Loss, MSE, RMSE, MAE, MAPE: 36, 14558978.00, 14558976.50, 3744.05, 2745.86, 2.96%
- Epoch 038, ExpID 19232
Train - Loss: 15150631.16
Val - Loss, MSE, RMSE, MAE, MAPE: 24378528.00, 24378525.50, 4775.63, 3270.35, 3.69%
Test - Best epoch, Loss, MSE, RMSE, MAE, MAPE: 36, 14558978.00, 14558976.50, 3744.05, 2745.86, 2.96%
- Epoch 039, ExpID 19232
Train - Loss: 14436828.04
Val - Loss, MSE, RMSE, MAE, MAPE: 30070758.00, 30070757.33, 5277.04, 3765.22, 4.26%
Test - Best epoch, Loss, MSE, RMSE, MAE, MAPE: 36, 14558978.00, 14558976.50, 3744.05, 2745.86, 2.96%
- Epoch 040, ExpID 19232
Train - Loss: 13685986.76
Val - Loss, MSE, RMSE, MAE, MAPE: 19523932.00, 19523930.33, 4331.79, 3171.66, 3.78%
Test - Best epoch, Loss, MSE, RMSE, MAE, MAPE: 36, 14558978.00, 14558976.50, 3744.05, 2745.86, 2.96%
- Epoch 041, ExpID 19232
Train - Loss: 13272211.85
Val - Loss, MSE, RMSE, MAE, MAPE: 27849886.00, 27849884.67, 5066.73, 3659.84, 4.13%
Test - Best epoch, Loss, MSE, RMSE, MAE, MAPE: 36, 14558978.00, 14558976.50, 3744.05, 2745.86, 2.96%
- Epoch 042, ExpID 19232
Train - Loss: 13730641.35
Val - Loss, MSE, RMSE, MAE, MAPE: 21857608.00, 21857608.83, 4495.60, 3126.39, 3.64%
Test - Best epoch, Loss, MSE, RMSE, MAE, MAPE: 36, 14558978.00, 14558976.50, 3744.05, 2745.86, 2.96%
- Epoch 043, ExpID 19232
Train - Loss: 12760598.63
Val - Loss, MSE, RMSE, MAE, MAPE: 20571244.00, 20571242.83, 4410.97, 3177.75, 3.74%
Test - Best epoch, Loss, MSE, RMSE, MAE, MAPE: 36, 14558978.00, 14558976.50, 3744.05, 2745.86, 2.96%
- Epoch 044, ExpID 19232
Train - Loss: 12090927.96
Val - Loss, MSE, RMSE, MAE, MAPE: 22239072.00, 22239072.33, 4610.41, 3406.98, 4.00%
Test - Best epoch, Loss, MSE, RMSE, MAE, MAPE: 36, 14558978.00, 14558976.50, 3744.05, 2745.86, 2.96%
- Epoch 045, ExpID 19232
Train - Loss: 12163493.72
Val - Loss, MSE, RMSE, MAE, MAPE: 23753344.00, 23753344.50, 4765.24, 3433.13, 3.95%
Test - Best epoch, Loss, MSE, RMSE, MAE, MAPE: 36, 14558978.00, 14558976.50, 3744.05, 2745.86, 2.96%
- Epoch 046, ExpID 19232
Train - Loss: 13469127.80
Val - Loss, MSE, RMSE, MAE, MAPE: 23539382.00, 23539382.17, 4788.57, 3659.09, 4.39%
Test - Best epoch, Loss, MSE, RMSE, MAE, MAPE: 36, 14558978.00, 14558976.50, 3744.05, 2745.86, 2.96%
Early Stopping at Epoch 46
Fold 2018 Best RMSE: 3744.0510

-------------------- [Fold: 2019] ExpID: 82294 --------------------
- Epoch 000, ExpID 82294
Train - Loss: 114066554.35
Val - Loss, MSE, RMSE, MAE, MAPE: 24505174.00, 24505173.33, 4884.08, 3859.26, 4.25%
Test - Best epoch, Loss, MSE, RMSE, MAE, MAPE: 0, 29755476.00, 29755475.00, 5398.66, 4158.43, 4.49%
- Epoch 001, ExpID 82294
Train - Loss: 42496753.77
Val - Loss, MSE, RMSE, MAE, MAPE: 21563840.00, 21563839.00, 4567.98, 3566.03, 3.84%
Test - Best epoch, Loss, MSE, RMSE, MAE, MAPE: 1, 23021232.00, 23021231.00, 4763.08, 3621.56, 3.83%
- Epoch 002, ExpID 82294
Train - Loss: 47702438.63
Val - Loss, MSE, RMSE, MAE, MAPE: 19217322.00, 19217321.17, 4312.08, 3325.97, 3.62%
Test - Best epoch, Loss, MSE, RMSE, MAE, MAPE: 2, 21870248.00, 21870249.00, 4590.20, 3356.16, 3.58%
- Epoch 003, ExpID 82294
Train - Loss: 53153627.30
Val - Loss, MSE, RMSE, MAE, MAPE: 24203964.00, 24203965.17, 4823.52, 3771.93, 4.07%
Test - Best epoch, Loss, MSE, RMSE, MAE, MAPE: 2, 21870248.00, 21870249.00, 4590.20, 3356.16, 3.58%
- Epoch 004, ExpID 82294
Train - Loss: 58092621.49
Val - Loss, MSE, RMSE, MAE, MAPE: 25932524.00, 25932520.83, 4987.97, 3956.72, 4.16%
Test - Best epoch, Loss, MSE, RMSE, MAE, MAPE: 2, 21870248.00, 21870249.00, 4590.20, 3356.16, 3.58%
- Epoch 005, ExpID 82294
Train - Loss: 57466965.44
Val - Loss, MSE, RMSE, MAE, MAPE: 30740406.00, 30740407.00, 5471.24, 4362.49, 4.78%
Test - Best epoch, Loss, MSE, RMSE, MAE, MAPE: 2, 21870248.00, 21870249.00, 4590.20, 3356.16, 3.58%
- Epoch 006, ExpID 82294
Train - Loss: 59837667.02
Val - Loss, MSE, RMSE, MAE, MAPE: 23139926.00, 23139925.50, 4731.43, 3595.06, 3.86%
Test - Best epoch, Loss, MSE, RMSE, MAE, MAPE: 2, 21870248.00, 21870249.00, 4590.20, 3356.16, 3.58%
- Epoch 007, ExpID 82294
Train - Loss: 56795810.42
Val - Loss, MSE, RMSE, MAE, MAPE: 30822792.00, 30822790.50, 5435.24, 4382.67, 4.73%
Test - Best epoch, Loss, MSE, RMSE, MAE, MAPE: 2, 21870248.00, 21870249.00, 4590.20, 3356.16, 3.58%
- Epoch 008, ExpID 82294
Train - Loss: 55500605.72
Val - Loss, MSE, RMSE, MAE, MAPE: 26215926.00, 26215926.67, 5023.39, 3884.63, 4.27%
Test - Best epoch, Loss, MSE, RMSE, MAE, MAPE: 2, 21870248.00, 21870249.00, 4590.20, 3356.16, 3.58%
- Epoch 009, ExpID 82294
Train - Loss: 53543125.91
Val - Loss, MSE, RMSE, MAE, MAPE: 26301092.00, 26301090.83, 4992.57, 3792.05, 4.06%
Test - Best epoch, Loss, MSE, RMSE, MAE, MAPE: 2, 21870248.00, 21870249.00, 4590.20, 3356.16, 3.58%
- Epoch 010, ExpID 82294
Train - Loss: 46129847.53
Val - Loss, MSE, RMSE, MAE, MAPE: 24309828.00, 24309826.33, 4847.19, 3704.42, 3.93%
Test - Best epoch, Loss, MSE, RMSE, MAE, MAPE: 2, 21870248.00, 21870249.00, 4590.20, 3356.16, 3.58%
- Epoch 011, ExpID 82294
Train - Loss: 44482956.63
Val - Loss, MSE, RMSE, MAE, MAPE: 22618560.00, 22618561.33, 4686.19, 3661.21, 3.97%
Test - Best epoch, Loss, MSE, RMSE, MAE, MAPE: 2, 21870248.00, 21870249.00, 4590.20, 3356.16, 3.58%
- Epoch 012, ExpID 82294
Train - Loss: 41523351.63
Val - Loss, MSE, RMSE, MAE, MAPE: 23454832.00, 23454831.33, 4754.91, 3771.69, 4.06%
Test - Best epoch, Loss, MSE, RMSE, MAE, MAPE: 2, 21870248.00, 21870249.00, 4590.20, 3356.16, 3.58%
Early Stopping at Epoch 12
Fold 2019 Best RMSE: 4590.1972
