DETAILED LOG | Model: patchtst | Seed: 1
FULL CONFIG: {'gpu': '1', 'target': 'arrival', 'cv_start_year': 2017, 'cv_end_year': 2019, 'test_year': 2024, 'use_corona': False, 'seq_len': 91, 'label_len': 0, 'pred_len': 1, 'batch_size': 64, 'epochs': 1000, 'patience': 10, 'lr': 0.001, 'model': 'patchtst', 'd_model': 256, 'n_heads': 16, 'n_layers': 3, 'dropout': 0.1, 'activation': 'gelu', 'patch_len': 14, 'factor': 5, 'norm_mode': 'revin', 'use_dbloss': False, 'device': device(type='cuda'), 'stride': 14, 'file_path': 'dataset/airport_daily_flight_merged.csv', 'seed': 1, 'val_year': 2019, 'ndims': 1}

-------------------- [Fold: 2017] ExpID: 34546 --------------------
- Epoch 000, ExpID 34546
Train - Loss: 26299713.10
Val - Loss, MSE, RMSE, MAE, MAPE: 21301264.00, 21301264.33, 4597.90, 3728.31, 4.84%
Test - Best epoch, Loss, MSE, RMSE, MAE, MAPE: 0, 26041188.00, 26041186.67, 5035.82, 3939.37, 4.73%
- Epoch 001, ExpID 34546
Train - Loss: 17156334.01
Val - Loss, MSE, RMSE, MAE, MAPE: 38399408.00, 38399407.00, 6145.50, 5057.04, 6.21%
Test - Best epoch, Loss, MSE, RMSE, MAE, MAPE: 0, 26041188.00, 26041186.67, 5035.82, 3939.37, 4.73%
- Epoch 002, ExpID 34546
Train - Loss: 15725776.65
Val - Loss, MSE, RMSE, MAE, MAPE: 26888820.00, 26888819.33, 5118.63, 4024.36, 5.03%
Test - Best epoch, Loss, MSE, RMSE, MAE, MAPE: 0, 26041188.00, 26041186.67, 5035.82, 3939.37, 4.73%
- Epoch 003, ExpID 34546
Train - Loss: 13676935.98
Val - Loss, MSE, RMSE, MAE, MAPE: 15992627.00, 15992626.17, 3957.23, 2975.88, 3.75%
Test - Best epoch, Loss, MSE, RMSE, MAE, MAPE: 3, 20231250.00, 20231248.67, 4439.23, 3294.91, 3.87%
- Epoch 004, ExpID 34546
Train - Loss: 13297329.03
Val - Loss, MSE, RMSE, MAE, MAPE: 15899047.00, 15899046.50, 3961.42, 3023.96, 3.82%
Test - Best epoch, Loss, MSE, RMSE, MAE, MAPE: 4, 21774432.00, 21774431.33, 4590.06, 3614.56, 4.21%
- Epoch 005, ExpID 34546
Train - Loss: 13627552.21
Val - Loss, MSE, RMSE, MAE, MAPE: 13339280.00, 13339278.50, 3629.18, 2689.11, 3.47%
Test - Best epoch, Loss, MSE, RMSE, MAE, MAPE: 5, 20651860.00, 20651857.83, 4442.68, 3337.52, 3.93%
- Epoch 006, ExpID 34546
Train - Loss: 13685669.17
Val - Loss, MSE, RMSE, MAE, MAPE: 16780432.00, 16780432.50, 4040.25, 3059.66, 3.89%
Test - Best epoch, Loss, MSE, RMSE, MAE, MAPE: 5, 20651860.00, 20651857.83, 4442.68, 3337.52, 3.93%
- Epoch 007, ExpID 34546
Train - Loss: 12649800.92
Val - Loss, MSE, RMSE, MAE, MAPE: 17246438.00, 17246437.67, 4137.24, 3150.76, 3.99%
Test - Best epoch, Loss, MSE, RMSE, MAE, MAPE: 5, 20651860.00, 20651857.83, 4442.68, 3337.52, 3.93%
- Epoch 008, ExpID 34546
Train - Loss: 12321228.23
Val - Loss, MSE, RMSE, MAE, MAPE: 14790090.00, 14790089.50, 3794.93, 2787.57, 3.52%
Test - Best epoch, Loss, MSE, RMSE, MAE, MAPE: 5, 20651860.00, 20651857.83, 4442.68, 3337.52, 3.93%
- Epoch 009, ExpID 34546
Train - Loss: 12892375.57
Val - Loss, MSE, RMSE, MAE, MAPE: 14700678.00, 14700677.83, 3801.05, 2864.33, 3.65%
Test - Best epoch, Loss, MSE, RMSE, MAE, MAPE: 5, 20651860.00, 20651857.83, 4442.68, 3337.52, 3.93%
- Epoch 010, ExpID 34546
Train - Loss: 11990512.66
Val - Loss, MSE, RMSE, MAE, MAPE: 17179700.00, 17179699.50, 4069.37, 3034.94, 3.83%
Test - Best epoch, Loss, MSE, RMSE, MAE, MAPE: 5, 20651860.00, 20651857.83, 4442.68, 3337.52, 3.93%
- Epoch 011, ExpID 34546
Train - Loss: 12419692.53
Val - Loss, MSE, RMSE, MAE, MAPE: 18983536.00, 18983536.50, 4274.21, 3264.86, 4.09%
Test - Best epoch, Loss, MSE, RMSE, MAE, MAPE: 5, 20651860.00, 20651857.83, 4442.68, 3337.52, 3.93%
- Epoch 012, ExpID 34546
Train - Loss: 12889159.44
Val - Loss, MSE, RMSE, MAE, MAPE: 14433532.00, 14433531.58, 3722.16, 2690.61, 3.43%
Test - Best epoch, Loss, MSE, RMSE, MAE, MAPE: 5, 20651860.00, 20651857.83, 4442.68, 3337.52, 3.93%
- Epoch 013, ExpID 34546
Train - Loss: 12884123.95
Val - Loss, MSE, RMSE, MAE, MAPE: 14468792.00, 14468791.33, 3794.17, 2859.84, 3.67%
Test - Best epoch, Loss, MSE, RMSE, MAE, MAPE: 5, 20651860.00, 20651857.83, 4442.68, 3337.52, 3.93%
- Epoch 014, ExpID 34546
Train - Loss: 12243777.39
Val - Loss, MSE, RMSE, MAE, MAPE: 13529147.00, 13529146.67, 3639.64, 2624.94, 3.33%
Test - Best epoch, Loss, MSE, RMSE, MAE, MAPE: 5, 20651860.00, 20651857.83, 4442.68, 3337.52, 3.93%
- Epoch 015, ExpID 34546
Train - Loss: 11764277.11
Val - Loss, MSE, RMSE, MAE, MAPE: 15726767.00, 15726767.50, 3930.64, 3008.28, 3.86%
Test - Best epoch, Loss, MSE, RMSE, MAE, MAPE: 5, 20651860.00, 20651857.83, 4442.68, 3337.52, 3.93%
Early Stopping at Epoch 15
Fold 2017 Best RMSE: 4442.6770

-------------------- [Fold: 2018] ExpID: 94185 --------------------
- Epoch 000, ExpID 94185
Train - Loss: 27662293.41
Val - Loss, MSE, RMSE, MAE, MAPE: 59085072.00, 59085070.67, 7621.40, 6551.13, 7.55%
Test - Best epoch, Loss, MSE, RMSE, MAE, MAPE: 0, 49243568.00, 49243567.33, 6963.97, 5905.91, 6.22%
- Epoch 001, ExpID 94185
Train - Loss: 16746131.07
Val - Loss, MSE, RMSE, MAE, MAPE: 21611576.00, 21611575.17, 4573.39, 3535.46, 4.22%
Test - Best epoch, Loss, MSE, RMSE, MAE, MAPE: 1, 16421631.00, 16421629.67, 3967.28, 3053.23, 3.34%
- Epoch 002, ExpID 94185
Train - Loss: 15758241.15
Val - Loss, MSE, RMSE, MAE, MAPE: 28199980.00, 28199978.67, 5242.57, 4190.07, 4.93%
Test - Best epoch, Loss, MSE, RMSE, MAE, MAPE: 1, 16421631.00, 16421629.67, 3967.28, 3053.23, 3.34%
- Epoch 003, ExpID 94185
Train - Loss: 14855129.79
Val - Loss, MSE, RMSE, MAE, MAPE: 33644060.00, 33644059.83, 5562.98, 4466.01, 5.39%
Test - Best epoch, Loss, MSE, RMSE, MAE, MAPE: 1, 16421631.00, 16421629.67, 3967.28, 3053.23, 3.34%
- Epoch 004, ExpID 94185
Train - Loss: 14480135.34
Val - Loss, MSE, RMSE, MAE, MAPE: 22528268.00, 22528267.50, 4707.50, 3630.33, 4.28%
Test - Best epoch, Loss, MSE, RMSE, MAE, MAPE: 1, 16421631.00, 16421629.67, 3967.28, 3053.23, 3.34%
- Epoch 005, ExpID 94185
Train - Loss: 14298438.70
Val - Loss, MSE, RMSE, MAE, MAPE: 26653640.00, 26653640.83, 5061.82, 3968.02, 4.79%
Test - Best epoch, Loss, MSE, RMSE, MAE, MAPE: 1, 16421631.00, 16421629.67, 3967.28, 3053.23, 3.34%
- Epoch 006, ExpID 94185
Train - Loss: 14222328.06
Val - Loss, MSE, RMSE, MAE, MAPE: 22215508.00, 22215506.83, 4654.31, 3470.91, 4.03%
Test - Best epoch, Loss, MSE, RMSE, MAE, MAPE: 1, 16421631.00, 16421629.67, 3967.28, 3053.23, 3.34%
- Epoch 007, ExpID 94185
Train - Loss: 13855248.75
Val - Loss, MSE, RMSE, MAE, MAPE: 24703302.00, 24703300.83, 4867.32, 3663.40, 4.27%
Test - Best epoch, Loss, MSE, RMSE, MAE, MAPE: 1, 16421631.00, 16421629.67, 3967.28, 3053.23, 3.34%
- Epoch 008, ExpID 94185
Train - Loss: 13682200.21
Val - Loss, MSE, RMSE, MAE, MAPE: 30850966.00, 30850966.00, 5417.17, 4293.61, 5.16%
Test - Best epoch, Loss, MSE, RMSE, MAE, MAPE: 1, 16421631.00, 16421629.67, 3967.28, 3053.23, 3.34%
- Epoch 009, ExpID 94185
Train - Loss: 13310253.44
Val - Loss, MSE, RMSE, MAE, MAPE: 29858022.00, 29858022.00, 5328.12, 4079.54, 4.67%
Test - Best epoch, Loss, MSE, RMSE, MAE, MAPE: 1, 16421631.00, 16421629.67, 3967.28, 3053.23, 3.34%
- Epoch 010, ExpID 94185
Train - Loss: 12884784.07
Val - Loss, MSE, RMSE, MAE, MAPE: 19818838.00, 19818836.17, 4402.12, 3369.57, 3.97%
Test - Best epoch, Loss, MSE, RMSE, MAE, MAPE: 10, 15902624.00, 15902624.00, 3922.45, 3020.58, 3.30%
- Epoch 011, ExpID 94185
Train - Loss: 12788043.66
Val - Loss, MSE, RMSE, MAE, MAPE: 23835196.00, 23835194.00, 4788.89, 3759.26, 4.36%
Test - Best epoch, Loss, MSE, RMSE, MAE, MAPE: 10, 15902624.00, 15902624.00, 3922.45, 3020.58, 3.30%
- Epoch 012, ExpID 94185
Train - Loss: 12905322.69
Val - Loss, MSE, RMSE, MAE, MAPE: 21525104.00, 21525104.50, 4533.36, 3424.75, 4.05%
Test - Best epoch, Loss, MSE, RMSE, MAE, MAPE: 10, 15902624.00, 15902624.00, 3922.45, 3020.58, 3.30%
- Epoch 013, ExpID 94185
Train - Loss: 12971144.13
Val - Loss, MSE, RMSE, MAE, MAPE: 20413042.00, 20413040.83, 4450.67, 3459.41, 4.13%
Test - Best epoch, Loss, MSE, RMSE, MAE, MAPE: 10, 15902624.00, 15902624.00, 3922.45, 3020.58, 3.30%
- Epoch 014, ExpID 94185
Train - Loss: 14034103.20
Val - Loss, MSE, RMSE, MAE, MAPE: 27548772.00, 27548770.33, 5207.23, 4061.32, 4.65%
Test - Best epoch, Loss, MSE, RMSE, MAE, MAPE: 10, 15902624.00, 15902624.00, 3922.45, 3020.58, 3.30%
- Epoch 015, ExpID 94185
Train - Loss: 14108384.84
Val - Loss, MSE, RMSE, MAE, MAPE: 25285840.00, 25285838.83, 4832.21, 3768.36, 4.39%
Test - Best epoch, Loss, MSE, RMSE, MAE, MAPE: 10, 15902624.00, 15902624.00, 3922.45, 3020.58, 3.30%
- Epoch 016, ExpID 94185
Train - Loss: 13217482.95
Val - Loss, MSE, RMSE, MAE, MAPE: 23461612.00, 23461612.00, 4694.23, 3501.20, 4.05%
Test - Best epoch, Loss, MSE, RMSE, MAE, MAPE: 10, 15902624.00, 15902624.00, 3922.45, 3020.58, 3.30%
- Epoch 017, ExpID 94185
Train - Loss: 13071733.34
Val - Loss, MSE, RMSE, MAE, MAPE: 25280422.00, 25280419.17, 4956.13, 3741.52, 4.32%
Test - Best epoch, Loss, MSE, RMSE, MAE, MAPE: 10, 15902624.00, 15902624.00, 3922.45, 3020.58, 3.30%
- Epoch 018, ExpID 94185
Train - Loss: 12600721.43
Val - Loss, MSE, RMSE, MAE, MAPE: 20560894.00, 20560893.50, 4450.14, 3377.15, 3.95%
Test - Best epoch, Loss, MSE, RMSE, MAE, MAPE: 10, 15902624.00, 15902624.00, 3922.45, 3020.58, 3.30%
- Epoch 019, ExpID 94185
Train - Loss: 12441108.65
Val - Loss, MSE, RMSE, MAE, MAPE: 24797102.00, 24797102.17, 4875.23, 3685.72, 4.28%
Test - Best epoch, Loss, MSE, RMSE, MAE, MAPE: 10, 15902624.00, 15902624.00, 3922.45, 3020.58, 3.30%
- Epoch 020, ExpID 94185
Train - Loss: 12377814.28
Val - Loss, MSE, RMSE, MAE, MAPE: 19847096.00, 19847095.17, 4369.15, 3291.36, 3.86%
Test - Best epoch, Loss, MSE, RMSE, MAE, MAPE: 10, 15902624.00, 15902624.00, 3922.45, 3020.58, 3.30%
Early Stopping at Epoch 20
Fold 2018 Best RMSE: 3922.4524

-------------------- [Fold: 2019] ExpID: 75257 --------------------
- Epoch 000, ExpID 75257
Train - Loss: 27078449.99
Val - Loss, MSE, RMSE, MAE, MAPE: 20892674.00, 20892672.50, 4459.53, 3504.05, 3.84%
Test - Best epoch, Loss, MSE, RMSE, MAE, MAPE: 0, 24810736.00, 24810733.67, 4737.57, 3565.16, 3.85%
- Epoch 001, ExpID 75257
Train - Loss: 18586393.16
Val - Loss, MSE, RMSE, MAE, MAPE: 18292136.00, 18292136.33, 4195.92, 3117.85, 3.36%
Test - Best epoch, Loss, MSE, RMSE, MAE, MAPE: 1, 19644594.00, 19644593.33, 4353.39, 3208.12, 3.38%
- Epoch 002, ExpID 75257
Train - Loss: 17411819.17
Val - Loss, MSE, RMSE, MAE, MAPE: 26396102.00, 26396102.00, 5091.37, 4167.15, 4.42%
Test - Best epoch, Loss, MSE, RMSE, MAE, MAPE: 1, 19644594.00, 19644593.33, 4353.39, 3208.12, 3.38%
- Epoch 003, ExpID 75257
Train - Loss: 15961099.61
Val - Loss, MSE, RMSE, MAE, MAPE: 19408442.00, 19408441.67, 4320.46, 3202.85, 3.44%
Test - Best epoch, Loss, MSE, RMSE, MAE, MAPE: 1, 19644594.00, 19644593.33, 4353.39, 3208.12, 3.38%
- Epoch 004, ExpID 75257
Train - Loss: 14884213.57
Val - Loss, MSE, RMSE, MAE, MAPE: 18499820.00, 18499818.00, 4261.94, 3289.17, 3.52%
Test - Best epoch, Loss, MSE, RMSE, MAE, MAPE: 1, 19644594.00, 19644593.33, 4353.39, 3208.12, 3.38%
- Epoch 005, ExpID 75257
Train - Loss: 15561638.11
Val - Loss, MSE, RMSE, MAE, MAPE: 18109840.00, 18109838.83, 4224.10, 3240.33, 3.45%
Test - Best epoch, Loss, MSE, RMSE, MAE, MAPE: 5, 20192820.00, 20192819.67, 4413.61, 3286.82, 3.39%
- Epoch 006, ExpID 75257
Train - Loss: 15178168.02
Val - Loss, MSE, RMSE, MAE, MAPE: 20161214.00, 20161212.83, 4412.51, 3453.04, 3.80%
Test - Best epoch, Loss, MSE, RMSE, MAE, MAPE: 5, 20192820.00, 20192819.67, 4413.61, 3286.82, 3.39%
- Epoch 007, ExpID 75257
Train - Loss: 14744884.66
Val - Loss, MSE, RMSE, MAE, MAPE: 16372140.00, 16372140.00, 3972.59, 3037.78, 3.28%
Test - Best epoch, Loss, MSE, RMSE, MAE, MAPE: 7, 18523358.00, 18523357.58, 4157.75, 3043.08, 3.21%
- Epoch 008, ExpID 75257
Train - Loss: 15044297.77
Val - Loss, MSE, RMSE, MAE, MAPE: 16017135.00, 16017134.50, 3958.20, 3073.62, 3.35%
Test - Best epoch, Loss, MSE, RMSE, MAE, MAPE: 8, 19408220.00, 19408220.83, 4269.64, 3097.89, 3.31%
- Epoch 009, ExpID 75257
Train - Loss: 15233721.73
Val - Loss, MSE, RMSE, MAE, MAPE: 17422106.00, 17422106.17, 4132.90, 3140.68, 3.38%
Test - Best epoch, Loss, MSE, RMSE, MAE, MAPE: 8, 19408220.00, 19408220.83, 4269.64, 3097.89, 3.31%
- Epoch 010, ExpID 75257
Train - Loss: 13982268.27
Val - Loss, MSE, RMSE, MAE, MAPE: 19878140.00, 19878139.00, 4418.70, 3358.91, 3.55%
Test - Best epoch, Loss, MSE, RMSE, MAE, MAPE: 8, 19408220.00, 19408220.83, 4269.64, 3097.89, 3.31%
- Epoch 011, ExpID 75257
Train - Loss: 14407199.26
Val - Loss, MSE, RMSE, MAE, MAPE: 16391752.00, 16391752.33, 4005.71, 2968.32, 3.17%
Test - Best epoch, Loss, MSE, RMSE, MAE, MAPE: 8, 19408220.00, 19408220.83, 4269.64, 3097.89, 3.31%
- Epoch 012, ExpID 75257
Train - Loss: 14857662.88
Val - Loss, MSE, RMSE, MAE, MAPE: 17471932.00, 17471930.67, 4123.74, 3166.87, 3.43%
Test - Best epoch, Loss, MSE, RMSE, MAE, MAPE: 8, 19408220.00, 19408220.83, 4269.64, 3097.89, 3.31%
- Epoch 013, ExpID 75257
Train - Loss: 15215379.07
Val - Loss, MSE, RMSE, MAE, MAPE: 18903928.00, 18903926.33, 4309.37, 3288.92, 3.54%
Test - Best epoch, Loss, MSE, RMSE, MAE, MAPE: 8, 19408220.00, 19408220.83, 4269.64, 3097.89, 3.31%
- Epoch 014, ExpID 75257
Train - Loss: 14274819.34
Val - Loss, MSE, RMSE, MAE, MAPE: 18678884.00, 18678882.50, 4249.63, 3176.40, 3.39%
Test - Best epoch, Loss, MSE, RMSE, MAE, MAPE: 8, 19408220.00, 19408220.83, 4269.64, 3097.89, 3.31%
- Epoch 015, ExpID 75257
Train - Loss: 15086365.68
Val - Loss, MSE, RMSE, MAE, MAPE: 17785612.00, 17785610.33, 4157.53, 3132.89, 3.40%
Test - Best epoch, Loss, MSE, RMSE, MAE, MAPE: 8, 19408220.00, 19408220.83, 4269.64, 3097.89, 3.31%
- Epoch 016, ExpID 75257
Train - Loss: 13808378.28
Val - Loss, MSE, RMSE, MAE, MAPE: 17437720.00, 17437718.50, 4117.77, 3145.78, 3.38%
Test - Best epoch, Loss, MSE, RMSE, MAE, MAPE: 8, 19408220.00, 19408220.83, 4269.64, 3097.89, 3.31%
- Epoch 017, ExpID 75257
Train - Loss: 13909392.09
Val - Loss, MSE, RMSE, MAE, MAPE: 15617860.00, 15617859.83, 3901.24, 2975.74, 3.21%
Test - Best epoch, Loss, MSE, RMSE, MAE, MAPE: 17, 18279216.00, 18279215.58, 4135.83, 2942.74, 3.10%
- Epoch 018, ExpID 75257
Train - Loss: 13622721.89
Val - Loss, MSE, RMSE, MAE, MAPE: 16008046.00, 16008044.83, 3956.49, 3050.39, 3.32%
Test - Best epoch, Loss, MSE, RMSE, MAE, MAPE: 17, 18279216.00, 18279215.58, 4135.83, 2942.74, 3.10%
- Epoch 019, ExpID 75257
Train - Loss: 13968993.09
Val - Loss, MSE, RMSE, MAE, MAPE: 17822892.00, 17822890.50, 4177.53, 3241.34, 3.46%
Test - Best epoch, Loss, MSE, RMSE, MAE, MAPE: 17, 18279216.00, 18279215.58, 4135.83, 2942.74, 3.10%
- Epoch 020, ExpID 75257
Train - Loss: 14190874.35
Val - Loss, MSE, RMSE, MAE, MAPE: 15324862.00, 15324860.33, 3856.54, 2773.55, 2.96%
Test - Best epoch, Loss, MSE, RMSE, MAE, MAPE: 20, 19276908.00, 19276908.08, 4289.50, 3005.31, 3.15%
- Epoch 021, ExpID 75257
Train - Loss: 14011884.33
Val - Loss, MSE, RMSE, MAE, MAPE: 18702710.00, 18702708.00, 4294.22, 3320.42, 3.58%
Test - Best epoch, Loss, MSE, RMSE, MAE, MAPE: 20, 19276908.00, 19276908.08, 4289.50, 3005.31, 3.15%
- Epoch 022, ExpID 75257
Train - Loss: 13890386.58
Val - Loss, MSE, RMSE, MAE, MAPE: 16182467.00, 16182465.67, 3972.91, 3066.30, 3.32%
Test - Best epoch, Loss, MSE, RMSE, MAE, MAPE: 20, 19276908.00, 19276908.08, 4289.50, 3005.31, 3.15%
- Epoch 023, ExpID 75257
Train - Loss: 13491511.96
Val - Loss, MSE, RMSE, MAE, MAPE: 19601590.00, 19601589.00, 4402.37, 3434.26, 3.72%
Test - Best epoch, Loss, MSE, RMSE, MAE, MAPE: 20, 19276908.00, 19276908.08, 4289.50, 3005.31, 3.15%
- Epoch 024, ExpID 75257
Train - Loss: 13877384.41
Val - Loss, MSE, RMSE, MAE, MAPE: 19395050.00, 19395048.33, 4339.84, 3262.35, 3.47%
Test - Best epoch, Loss, MSE, RMSE, MAE, MAPE: 20, 19276908.00, 19276908.08, 4289.50, 3005.31, 3.15%
- Epoch 025, ExpID 75257
Train - Loss: 13585821.97
Val - Loss, MSE, RMSE, MAE, MAPE: 16586722.00, 16586720.83, 4053.25, 3160.22, 3.41%
Test - Best epoch, Loss, MSE, RMSE, MAE, MAPE: 20, 19276908.00, 19276908.08, 4289.50, 3005.31, 3.15%
- Epoch 026, ExpID 75257
Train - Loss: 13271487.60
Val - Loss, MSE, RMSE, MAE, MAPE: 16144274.00, 16144274.33, 3977.47, 2964.89, 3.20%
Test - Best epoch, Loss, MSE, RMSE, MAE, MAPE: 20, 19276908.00, 19276908.08, 4289.50, 3005.31, 3.15%
- Epoch 027, ExpID 75257
Train - Loss: 13074188.76
Val - Loss, MSE, RMSE, MAE, MAPE: 16140712.00, 16140712.33, 3988.19, 3090.83, 3.37%
Test - Best epoch, Loss, MSE, RMSE, MAE, MAPE: 20, 19276908.00, 19276908.08, 4289.50, 3005.31, 3.15%
- Epoch 028, ExpID 75257
Train - Loss: 13396216.23
Val - Loss, MSE, RMSE, MAE, MAPE: 14530547.00, 14530547.08, 3729.28, 2783.95, 3.00%
Test - Best epoch, Loss, MSE, RMSE, MAE, MAPE: 28, 19298228.00, 19298228.50, 4293.98, 3034.48, 3.18%
- Epoch 029, ExpID 75257
Train - Loss: 13380382.33
Val - Loss, MSE, RMSE, MAE, MAPE: 14153666.00, 14153665.67, 3728.53, 2903.48, 3.14%
Test - Best epoch, Loss, MSE, RMSE, MAE, MAPE: 29, 19605768.00, 19605766.67, 4267.92, 3039.14, 3.22%
- Epoch 030, ExpID 75257
Train - Loss: 13582530.83
Val - Loss, MSE, RMSE, MAE, MAPE: 15278651.00, 15278651.83, 3848.62, 2899.93, 3.11%
Test - Best epoch, Loss, MSE, RMSE, MAE, MAPE: 29, 19605768.00, 19605766.67, 4267.92, 3039.14, 3.22%
- Epoch 031, ExpID 75257
Train - Loss: 13135176.28
Val - Loss, MSE, RMSE, MAE, MAPE: 15348774.00, 15348774.00, 3891.77, 2994.80, 3.24%
Test - Best epoch, Loss, MSE, RMSE, MAE, MAPE: 29, 19605768.00, 19605766.67, 4267.92, 3039.14, 3.22%
- Epoch 032, ExpID 75257
Train - Loss: 13686059.38
Val - Loss, MSE, RMSE, MAE, MAPE: 18208542.00, 18208542.33, 4247.70, 3362.11, 3.60%
Test - Best epoch, Loss, MSE, RMSE, MAE, MAPE: 29, 19605768.00, 19605766.67, 4267.92, 3039.14, 3.22%
- Epoch 033, ExpID 75257
Train - Loss: 12628997.91
Val - Loss, MSE, RMSE, MAE, MAPE: 17543186.00, 17543186.00, 4157.83, 3266.49, 3.51%
Test - Best epoch, Loss, MSE, RMSE, MAE, MAPE: 29, 19605768.00, 19605766.67, 4267.92, 3039.14, 3.22%
- Epoch 034, ExpID 75257
Train - Loss: 13076986.48
Val - Loss, MSE, RMSE, MAE, MAPE: 16757079.00, 16757078.50, 4063.40, 3083.43, 3.30%
Test - Best epoch, Loss, MSE, RMSE, MAE, MAPE: 29, 19605768.00, 19605766.67, 4267.92, 3039.14, 3.22%
- Epoch 035, ExpID 75257
Train - Loss: 12875537.81
Val - Loss, MSE, RMSE, MAE, MAPE: 15472254.00, 15472252.67, 3887.90, 3000.27, 3.24%
Test - Best epoch, Loss, MSE, RMSE, MAE, MAPE: 29, 19605768.00, 19605766.67, 4267.92, 3039.14, 3.22%
- Epoch 036, ExpID 75257
Train - Loss: 13080899.04
Val - Loss, MSE, RMSE, MAE, MAPE: 17086540.00, 17086539.00, 4108.32, 3155.40, 3.42%
Test - Best epoch, Loss, MSE, RMSE, MAE, MAPE: 29, 19605768.00, 19605766.67, 4267.92, 3039.14, 3.22%
- Epoch 037, ExpID 75257
Train - Loss: 13249533.01
Val - Loss, MSE, RMSE, MAE, MAPE: 17590300.00, 17590300.33, 4144.37, 3215.74, 3.51%
Test - Best epoch, Loss, MSE, RMSE, MAE, MAPE: 29, 19605768.00, 19605766.67, 4267.92, 3039.14, 3.22%
- Epoch 038, ExpID 75257
Train - Loss: 14406860.43
Val - Loss, MSE, RMSE, MAE, MAPE: 15247322.00, 15247322.00, 3850.03, 2940.31, 3.18%
Test - Best epoch, Loss, MSE, RMSE, MAE, MAPE: 29, 19605768.00, 19605766.67, 4267.92, 3039.14, 3.22%
- Epoch 039, ExpID 75257
Train - Loss: 13149771.94
Val - Loss, MSE, RMSE, MAE, MAPE: 15458282.00, 15458281.67, 3889.11, 2918.45, 3.12%
Test - Best epoch, Loss, MSE, RMSE, MAE, MAPE: 29, 19605768.00, 19605766.67, 4267.92, 3039.14, 3.22%
Early Stopping at Epoch 39
Fold 2019 Best RMSE: 4267.9240
