DETAILED LOG | Model: lstm | Seed: 1
FULL CONFIG: {'gpu': '2', 'target': 'arrival', 'cv_start_year': 2017, 'cv_end_year': 2019, 'test_year': 2024, 'use_corona': False, 'seq_len': 91, 'label_len': 0, 'pred_len': 56, 'batch_size': 256, 'epochs': 1000, 'patience': 10, 'lr': 0.001, 'model': 'lstm', 'd_model': 128, 'n_heads': 4, 'n_layers': 6, 'dropout': 0.1, 'activation': 'gelu', 'patch_len': 16, 'factor': 5, 'norm_mode': 'revin', 'use_covar': True, 'use_dbloss': False, 'device': device(type='cuda'), 'stride': 16, 'file_path': 'dataset/airport_flight_with_holiday.csv', 'seed': 1, 'val_year': 2019, 'ndims': 1}

-------------------- [Fold: 2017] ExpID: 48002 --------------------
- Epoch 000, ExpID 48002
Train - Loss: 41323243.80
Val - Loss, MSE, RMSE, MAE, MAPE: 64673056.00, 64673054.00, 8017.29, 6724.79, 8.64%
Test - Best epoch, Loss, MSE, RMSE, MAE, MAPE: 0, 82479128.00, 82479130.00, 9001.15, 6979.46, 8.17%
- Epoch 001, ExpID 48002
Train - Loss: 34434910.90
Val - Loss, MSE, RMSE, MAE, MAPE: 48230232.00, 48230234.00, 6925.64, 5689.95, 7.35%
Test - Best epoch, Loss, MSE, RMSE, MAE, MAPE: 1, 74270120.00, 74270122.00, 8577.47, 6403.66, 7.43%
- Epoch 002, ExpID 48002
Train - Loss: 30946610.00
Val - Loss, MSE, RMSE, MAE, MAPE: 40649632.00, 40649631.00, 6327.97, 5169.44, 6.64%
Test - Best epoch, Loss, MSE, RMSE, MAE, MAPE: 2, 69453280.00, 69453282.00, 8305.36, 6148.91, 7.09%
- Epoch 003, ExpID 48002
Train - Loss: 28564606.10
Val - Loss, MSE, RMSE, MAE, MAPE: 41574144.00, 41574144.00, 6434.84, 5289.80, 6.84%
Test - Best epoch, Loss, MSE, RMSE, MAE, MAPE: 2, 69453280.00, 69453282.00, 8305.36, 6148.91, 7.09%
- Epoch 004, ExpID 48002
Train - Loss: 26323638.60
Val - Loss, MSE, RMSE, MAE, MAPE: 29962164.00, 29962165.00, 5392.84, 4308.71, 5.52%
Test - Best epoch, Loss, MSE, RMSE, MAE, MAPE: 4, 60570592.00, 60570592.00, 7773.95, 5838.80, 6.71%
- Epoch 005, ExpID 48002
Train - Loss: 24948663.80
Val - Loss, MSE, RMSE, MAE, MAPE: 35379544.00, 35379545.00, 5942.13, 4835.38, 6.25%
Test - Best epoch, Loss, MSE, RMSE, MAE, MAPE: 4, 60570592.00, 60570592.00, 7773.95, 5838.80, 6.71%
- Epoch 006, ExpID 48002
Train - Loss: 25221471.20
Val - Loss, MSE, RMSE, MAE, MAPE: 32263672.00, 32263673.00, 5653.39, 4539.34, 5.83%
Test - Best epoch, Loss, MSE, RMSE, MAE, MAPE: 4, 60570592.00, 60570592.00, 7773.95, 5838.80, 6.71%
- Epoch 007, ExpID 48002
Train - Loss: 24064409.60
Val - Loss, MSE, RMSE, MAE, MAPE: 33996280.00, 33996279.00, 5828.59, 4744.53, 6.13%
Test - Best epoch, Loss, MSE, RMSE, MAE, MAPE: 4, 60570592.00, 60570592.00, 7773.95, 5838.80, 6.71%
- Epoch 008, ExpID 48002
Train - Loss: 22795594.40
Val - Loss, MSE, RMSE, MAE, MAPE: 29793116.00, 29793117.00, 5452.44, 4349.75, 5.60%
Test - Best epoch, Loss, MSE, RMSE, MAE, MAPE: 8, 51967240.00, 51967242.00, 7208.35, 5310.70, 6.13%
- Epoch 009, ExpID 48002
Train - Loss: 20858758.00
Val - Loss, MSE, RMSE, MAE, MAPE: 26392408.00, 26392408.00, 5067.98, 3968.88, 5.04%
Test - Best epoch, Loss, MSE, RMSE, MAE, MAPE: 9, 61776672.00, 61776674.00, 7858.80, 5900.27, 6.77%
- Epoch 010, ExpID 48002
Train - Loss: 20954800.90
Val - Loss, MSE, RMSE, MAE, MAPE: 25641852.00, 25641851.00, 5033.69, 3970.54, 5.09%
Test - Best epoch, Loss, MSE, RMSE, MAE, MAPE: 10, 51557368.00, 51557368.00, 7179.56, 5291.42, 6.08%
- Epoch 011, ExpID 48002
Train - Loss: 20308919.60
Val - Loss, MSE, RMSE, MAE, MAPE: 26030924.00, 26030925.00, 5094.84, 3949.62, 5.03%
Test - Best epoch, Loss, MSE, RMSE, MAE, MAPE: 10, 51557368.00, 51557368.00, 7179.56, 5291.42, 6.08%
- Epoch 012, ExpID 48002
Train - Loss: 18963056.00
Val - Loss, MSE, RMSE, MAE, MAPE: 22495670.00, 22495670.00, 4738.33, 3707.51, 4.76%
Test - Best epoch, Loss, MSE, RMSE, MAE, MAPE: 12, 52704396.00, 52704396.00, 7256.93, 5279.71, 6.04%
- Epoch 013, ExpID 48002
Train - Loss: 17659776.65
Val - Loss, MSE, RMSE, MAE, MAPE: 21968702.00, 21968702.00, 4668.10, 3647.80, 4.66%
Test - Best epoch, Loss, MSE, RMSE, MAE, MAPE: 13, 57453168.00, 57453170.00, 7574.76, 5568.77, 6.38%
- Epoch 014, ExpID 48002
Train - Loss: 16864651.55
Val - Loss, MSE, RMSE, MAE, MAPE: 20793568.00, 20793569.00, 4545.46, 3543.65, 4.55%
Test - Best epoch, Loss, MSE, RMSE, MAE, MAPE: 14, 57250908.00, 57250908.00, 7562.01, 5615.99, 6.45%
- Epoch 015, ExpID 48002
Train - Loss: 15883512.40
Val - Loss, MSE, RMSE, MAE, MAPE: 20661656.00, 20661656.00, 4526.83, 3536.94, 4.53%
Test - Best epoch, Loss, MSE, RMSE, MAE, MAPE: 15, 52080068.00, 52080068.00, 7209.05, 5289.23, 6.06%
- Epoch 016, ExpID 48002
Train - Loss: 15226096.65
Val - Loss, MSE, RMSE, MAE, MAPE: 20283504.00, 20283505.00, 4489.79, 3495.19, 4.49%
Test - Best epoch, Loss, MSE, RMSE, MAE, MAPE: 16, 53087536.00, 53087538.00, 7285.39, 5382.75, 6.18%
- Epoch 017, ExpID 48002
Train - Loss: 14172087.40
Val - Loss, MSE, RMSE, MAE, MAPE: 19559080.00, 19559080.50, 4402.43, 3414.16, 4.38%
Test - Best epoch, Loss, MSE, RMSE, MAE, MAPE: 17, 50688836.00, 50688836.00, 7114.06, 5208.18, 5.98%
- Epoch 018, ExpID 48002
Train - Loss: 13871968.75
Val - Loss, MSE, RMSE, MAE, MAPE: 20616620.00, 20616620.50, 4498.83, 3500.92, 4.50%
Test - Best epoch, Loss, MSE, RMSE, MAE, MAPE: 17, 50688836.00, 50688836.00, 7114.06, 5208.18, 5.98%
- Epoch 019, ExpID 48002
Train - Loss: 13128832.95
Val - Loss, MSE, RMSE, MAE, MAPE: 22837656.00, 22837655.00, 4709.39, 3610.35, 4.54%
Test - Best epoch, Loss, MSE, RMSE, MAE, MAPE: 17, 50688836.00, 50688836.00, 7114.06, 5208.18, 5.98%
- Epoch 020, ExpID 48002
Train - Loss: 14715536.70
Val - Loss, MSE, RMSE, MAE, MAPE: 18968800.00, 18968799.50, 4311.30, 3362.41, 4.30%
Test - Best epoch, Loss, MSE, RMSE, MAE, MAPE: 20, 47509752.00, 47509752.00, 6886.32, 4982.09, 5.70%
- Epoch 021, ExpID 48002
Train - Loss: 12615527.00
Val - Loss, MSE, RMSE, MAE, MAPE: 19106764.00, 19106764.50, 4329.62, 3354.87, 4.25%
Test - Best epoch, Loss, MSE, RMSE, MAE, MAPE: 20, 47509752.00, 47509752.00, 6886.32, 4982.09, 5.70%
- Epoch 022, ExpID 48002
Train - Loss: 11782780.55
Val - Loss, MSE, RMSE, MAE, MAPE: 17486710.00, 17486710.50, 4149.78, 3233.22, 4.11%
Test - Best epoch, Loss, MSE, RMSE, MAE, MAPE: 22, 48188272.00, 48188274.00, 6933.89, 5021.08, 5.75%
- Epoch 023, ExpID 48002
Train - Loss: 11630362.40
Val - Loss, MSE, RMSE, MAE, MAPE: 19073162.00, 19073162.00, 4309.36, 3341.91, 4.23%
Test - Best epoch, Loss, MSE, RMSE, MAE, MAPE: 22, 48188272.00, 48188274.00, 6933.89, 5021.08, 5.75%
- Epoch 024, ExpID 48002
Train - Loss: 10790979.85
Val - Loss, MSE, RMSE, MAE, MAPE: 19513360.00, 19513360.50, 4351.51, 3369.97, 4.29%
Test - Best epoch, Loss, MSE, RMSE, MAE, MAPE: 22, 48188272.00, 48188274.00, 6933.89, 5021.08, 5.75%
- Epoch 025, ExpID 48002
Train - Loss: 9807846.95
Val - Loss, MSE, RMSE, MAE, MAPE: 18690808.00, 18690808.50, 4258.76, 3288.90, 4.19%
Test - Best epoch, Loss, MSE, RMSE, MAE, MAPE: 22, 48188272.00, 48188274.00, 6933.89, 5021.08, 5.75%
- Epoch 026, ExpID 48002
Train - Loss: 9832239.10
Val - Loss, MSE, RMSE, MAE, MAPE: 18668694.00, 18668694.50, 4251.17, 3315.15, 4.19%
Test - Best epoch, Loss, MSE, RMSE, MAE, MAPE: 22, 48188272.00, 48188274.00, 6933.89, 5021.08, 5.75%
- Epoch 027, ExpID 48002
Train - Loss: 9455312.40
Val - Loss, MSE, RMSE, MAE, MAPE: 18834712.00, 18834711.50, 4291.20, 3386.13, 4.29%
Test - Best epoch, Loss, MSE, RMSE, MAE, MAPE: 22, 48188272.00, 48188274.00, 6933.89, 5021.08, 5.75%
- Epoch 028, ExpID 48002
Train - Loss: 9877202.35
Val - Loss, MSE, RMSE, MAE, MAPE: 18881460.00, 18881459.50, 4279.34, 3324.57, 4.22%
Test - Best epoch, Loss, MSE, RMSE, MAE, MAPE: 22, 48188272.00, 48188274.00, 6933.89, 5021.08, 5.75%
- Epoch 029, ExpID 48002
Train - Loss: 8822016.90
Val - Loss, MSE, RMSE, MAE, MAPE: 19283766.00, 19283765.50, 4372.40, 3428.38, 4.33%
Test - Best epoch, Loss, MSE, RMSE, MAE, MAPE: 22, 48188272.00, 48188274.00, 6933.89, 5021.08, 5.75%
- Epoch 030, ExpID 48002
Train - Loss: 8510237.80
Val - Loss, MSE, RMSE, MAE, MAPE: 17906236.00, 17906236.50, 4170.97, 3263.75, 4.15%
Test - Best epoch, Loss, MSE, RMSE, MAE, MAPE: 22, 48188272.00, 48188274.00, 6933.89, 5021.08, 5.75%
- Epoch 031, ExpID 48002
Train - Loss: 8261298.70
Val - Loss, MSE, RMSE, MAE, MAPE: 18441608.00, 18441609.00, 4253.20, 3327.92, 4.19%
Test - Best epoch, Loss, MSE, RMSE, MAE, MAPE: 22, 48188272.00, 48188274.00, 6933.89, 5021.08, 5.75%
- Epoch 032, ExpID 48002
Train - Loss: 7928562.97
Val - Loss, MSE, RMSE, MAE, MAPE: 17604614.00, 17604614.50, 4136.50, 3248.56, 4.11%
Test - Best epoch, Loss, MSE, RMSE, MAE, MAPE: 22, 48188272.00, 48188274.00, 6933.89, 5021.08, 5.75%
Early Stopping at Epoch 32
Fold 2017 Best RMSE: 6933.8940

-------------------- [Fold: 2018] ExpID: 41687 --------------------
- Epoch 000, ExpID 41687
Train - Loss: 44744610.10
Val - Loss, MSE, RMSE, MAE, MAPE: 82705904.00, 82705908.00, 9005.01, 6920.72, 8.08%
Test - Best epoch, Loss, MSE, RMSE, MAE, MAPE: 0, 52794280.00, 52794278.00, 7175.15, 5560.69, 6.09%
- Epoch 001, ExpID 41687
Train - Loss: 36597706.38
Val - Loss, MSE, RMSE, MAE, MAPE: 72815840.00, 72815842.00, 8471.04, 6338.35, 7.40%
Test - Best epoch, Loss, MSE, RMSE, MAE, MAPE: 1, 51674848.00, 51674848.00, 7181.60, 5730.50, 6.31%
- Epoch 002, ExpID 41687
Train - Loss: 32720953.52
Val - Loss, MSE, RMSE, MAE, MAPE: 67288512.00, 67288516.00, 8148.98, 6054.00, 7.02%
Test - Best epoch, Loss, MSE, RMSE, MAE, MAPE: 2, 45042600.00, 45042598.00, 6691.25, 5305.69, 5.82%
- Epoch 003, ExpID 41687
Train - Loss: 29677099.05
Val - Loss, MSE, RMSE, MAE, MAPE: 61194088.00, 61194088.00, 7795.76, 5781.01, 6.65%
Test - Best epoch, Loss, MSE, RMSE, MAE, MAPE: 3, 33891824.00, 33891824.00, 5763.23, 4463.14, 4.85%
- Epoch 004, ExpID 41687
Train - Loss: 26502692.00
Val - Loss, MSE, RMSE, MAE, MAPE: 59723808.00, 59723808.00, 7726.32, 5605.45, 6.39%
Test - Best epoch, Loss, MSE, RMSE, MAE, MAPE: 4, 32784532.00, 32784532.00, 5674.55, 4419.97, 4.81%
- Epoch 005, ExpID 41687
Train - Loss: 25791912.76
Val - Loss, MSE, RMSE, MAE, MAPE: 55454136.00, 55454134.00, 7434.47, 5460.85, 6.29%
Test - Best epoch, Loss, MSE, RMSE, MAE, MAPE: 5, 29642628.00, 29642629.00, 5393.65, 4179.35, 4.57%
- Epoch 006, ExpID 41687
Train - Loss: 24847922.29
Val - Loss, MSE, RMSE, MAE, MAPE: 54692436.00, 54692436.00, 7384.36, 5425.25, 6.24%
Test - Best epoch, Loss, MSE, RMSE, MAE, MAPE: 6, 28154496.00, 28154496.00, 5252.54, 4060.05, 4.45%
- Epoch 007, ExpID 41687
Train - Loss: 24021161.14
Val - Loss, MSE, RMSE, MAE, MAPE: 55723484.00, 55723484.00, 7463.82, 5509.86, 6.32%
Test - Best epoch, Loss, MSE, RMSE, MAE, MAPE: 6, 28154496.00, 28154496.00, 5252.54, 4060.05, 4.45%
- Epoch 008, ExpID 41687
Train - Loss: 23625976.48
Val - Loss, MSE, RMSE, MAE, MAPE: 54288444.00, 54288444.00, 7364.92, 5392.42, 6.18%
Test - Best epoch, Loss, MSE, RMSE, MAE, MAPE: 8, 27517594.00, 27517594.00, 5188.19, 4041.06, 4.40%
- Epoch 009, ExpID 41687
Train - Loss: 22648374.00
Val - Loss, MSE, RMSE, MAE, MAPE: 54939776.00, 54939776.00, 7411.29, 5358.09, 6.16%
Test - Best epoch, Loss, MSE, RMSE, MAE, MAPE: 8, 27517594.00, 27517594.00, 5188.19, 4041.06, 4.40%
- Epoch 010, ExpID 41687
Train - Loss: 21838837.43
Val - Loss, MSE, RMSE, MAE, MAPE: 62916804.00, 62916804.00, 7926.33, 5867.78, 6.71%
Test - Best epoch, Loss, MSE, RMSE, MAE, MAPE: 8, 27517594.00, 27517594.00, 5188.19, 4041.06, 4.40%
- Epoch 011, ExpID 41687
Train - Loss: 22794185.81
Val - Loss, MSE, RMSE, MAE, MAPE: 57514136.00, 57514136.00, 7571.82, 5656.68, 6.57%
Test - Best epoch, Loss, MSE, RMSE, MAE, MAPE: 8, 27517594.00, 27517594.00, 5188.19, 4041.06, 4.40%
- Epoch 012, ExpID 41687
Train - Loss: 21523939.14
Val - Loss, MSE, RMSE, MAE, MAPE: 61853652.00, 61853652.00, 7863.88, 5754.20, 6.59%
Test - Best epoch, Loss, MSE, RMSE, MAE, MAPE: 8, 27517594.00, 27517594.00, 5188.19, 4041.06, 4.40%
- Epoch 013, ExpID 41687
Train - Loss: 20004502.67
Val - Loss, MSE, RMSE, MAE, MAPE: 62920456.00, 62920458.00, 7928.86, 5877.31, 6.71%
Test - Best epoch, Loss, MSE, RMSE, MAE, MAPE: 8, 27517594.00, 27517594.00, 5188.19, 4041.06, 4.40%
- Epoch 014, ExpID 41687
Train - Loss: 18645643.62
Val - Loss, MSE, RMSE, MAE, MAPE: 59754140.00, 59754140.00, 7730.08, 5689.93, 6.54%
Test - Best epoch, Loss, MSE, RMSE, MAE, MAPE: 8, 27517594.00, 27517594.00, 5188.19, 4041.06, 4.40%
- Epoch 015, ExpID 41687
Train - Loss: 18017999.95
Val - Loss, MSE, RMSE, MAE, MAPE: 59070304.00, 59070304.00, 7684.12, 5609.91, 6.44%
Test - Best epoch, Loss, MSE, RMSE, MAE, MAPE: 8, 27517594.00, 27517594.00, 5188.19, 4041.06, 4.40%
- Epoch 016, ExpID 41687
Train - Loss: 17420828.10
Val - Loss, MSE, RMSE, MAE, MAPE: 58988680.00, 58988680.00, 7678.78, 5657.37, 6.49%
Test - Best epoch, Loss, MSE, RMSE, MAE, MAPE: 8, 27517594.00, 27517594.00, 5188.19, 4041.06, 4.40%
- Epoch 017, ExpID 41687
Train - Loss: 17166272.10
Val - Loss, MSE, RMSE, MAE, MAPE: 57047144.00, 57047146.00, 7552.84, 5598.19, 6.46%
Test - Best epoch, Loss, MSE, RMSE, MAE, MAPE: 8, 27517594.00, 27517594.00, 5188.19, 4041.06, 4.40%
- Epoch 018, ExpID 41687
Train - Loss: 16530378.33
Val - Loss, MSE, RMSE, MAE, MAPE: 54401272.00, 54401274.00, 7375.55, 5390.44, 6.21%
Test - Best epoch, Loss, MSE, RMSE, MAE, MAPE: 8, 27517594.00, 27517594.00, 5188.19, 4041.06, 4.40%
Early Stopping at Epoch 18
Fold 2018 Best RMSE: 5188.1909

-------------------- [Fold: 2019] ExpID: 64576 --------------------
- Epoch 000, ExpID 64576
Train - Loss: 48039319.65
Val - Loss, MSE, RMSE, MAE, MAPE: 53450960.00, 53450958.00, 7244.90, 5645.25, 6.22%
Test - Best epoch, Loss, MSE, RMSE, MAE, MAPE: 0, 65696020.00, 65696020.00, 8085.85, 6588.29, 7.09%
- Epoch 001, ExpID 64576
Train - Loss: 39677934.61
Val - Loss, MSE, RMSE, MAE, MAPE: 48416712.00, 48416710.00, 6939.80, 5517.67, 6.08%
Test - Best epoch, Loss, MSE, RMSE, MAE, MAPE: 1, 60907400.00, 60907400.00, 7795.95, 6337.24, 6.83%
- Epoch 002, ExpID 64576
Train - Loss: 35278712.00
Val - Loss, MSE, RMSE, MAE, MAPE: 49317532.00, 49317532.00, 7022.13, 5638.87, 6.22%
Test - Best epoch, Loss, MSE, RMSE, MAE, MAPE: 1, 60907400.00, 60907400.00, 7795.95, 6337.24, 6.83%
- Epoch 003, ExpID 64576
Train - Loss: 32177533.22
Val - Loss, MSE, RMSE, MAE, MAPE: 36563620.00, 36563621.00, 5987.63, 4696.71, 5.11%
Test - Best epoch, Loss, MSE, RMSE, MAE, MAPE: 3, 40053892.00, 40053891.00, 6215.74, 4997.38, 5.31%
- Epoch 004, ExpID 64576
Train - Loss: 29833716.70
Val - Loss, MSE, RMSE, MAE, MAPE: 33944056.00, 33944055.00, 5744.79, 4446.65, 4.86%
Test - Best epoch, Loss, MSE, RMSE, MAE, MAPE: 4, 41884804.00, 41884804.00, 6269.43, 4777.67, 5.11%
- Epoch 005, ExpID 64576
Train - Loss: 27733567.83
Val - Loss, MSE, RMSE, MAE, MAPE: 30419428.00, 30419429.00, 5471.54, 4247.07, 4.70%
Test - Best epoch, Loss, MSE, RMSE, MAE, MAPE: 5, 46531412.00, 46531412.00, 6748.39, 5207.06, 5.63%
- Epoch 006, ExpID 64576
Train - Loss: 26155632.96
Val - Loss, MSE, RMSE, MAE, MAPE: 29134826.00, 29134826.00, 5353.37, 4175.16, 4.61%
Test - Best epoch, Loss, MSE, RMSE, MAE, MAPE: 6, 38562736.00, 38562735.00, 6160.12, 4784.94, 5.17%
- Epoch 007, ExpID 64576
Train - Loss: 26146347.39
Val - Loss, MSE, RMSE, MAE, MAPE: 31715172.00, 31715171.00, 5563.41, 4342.50, 4.70%
Test - Best epoch, Loss, MSE, RMSE, MAE, MAPE: 6, 38562736.00, 38562735.00, 6160.12, 4784.94, 5.17%
- Epoch 008, ExpID 64576
Train - Loss: 26890029.83
Val - Loss, MSE, RMSE, MAE, MAPE: 30190198.00, 30190198.00, 5448.00, 4253.44, 4.62%
Test - Best epoch, Loss, MSE, RMSE, MAE, MAPE: 6, 38562736.00, 38562735.00, 6160.12, 4784.94, 5.17%
- Epoch 009, ExpID 64576
Train - Loss: 28594627.74
Val - Loss, MSE, RMSE, MAE, MAPE: 31354984.00, 31354983.00, 5569.84, 4386.12, 4.79%
Test - Best epoch, Loss, MSE, RMSE, MAE, MAPE: 6, 38562736.00, 38562735.00, 6160.12, 4784.94, 5.17%
- Epoch 010, ExpID 64576
Train - Loss: 27623932.09
Val - Loss, MSE, RMSE, MAE, MAPE: 29749420.00, 29749419.00, 5402.23, 4212.16, 4.58%
Test - Best epoch, Loss, MSE, RMSE, MAE, MAPE: 6, 38562736.00, 38562735.00, 6160.12, 4784.94, 5.17%
- Epoch 011, ExpID 64576
Train - Loss: 25659363.22
Val - Loss, MSE, RMSE, MAE, MAPE: 28074648.00, 28074649.00, 5263.82, 4105.77, 4.47%
Test - Best epoch, Loss, MSE, RMSE, MAE, MAPE: 11, 34827916.00, 34827917.00, 5765.43, 4452.52, 4.76%
- Epoch 012, ExpID 64576
Train - Loss: 24843429.48
Val - Loss, MSE, RMSE, MAE, MAPE: 29173020.00, 29173021.00, 5392.33, 4281.51, 4.62%
Test - Best epoch, Loss, MSE, RMSE, MAE, MAPE: 11, 34827916.00, 34827917.00, 5765.43, 4452.52, 4.76%
- Epoch 013, ExpID 64576
Train - Loss: 24614683.30
Val - Loss, MSE, RMSE, MAE, MAPE: 28018800.00, 28018801.00, 5236.57, 4084.08, 4.49%
Test - Best epoch, Loss, MSE, RMSE, MAE, MAPE: 13, 37236528.00, 37236530.00, 6025.44, 4739.62, 5.11%
- Epoch 014, ExpID 64576
Train - Loss: 23966453.74
Val - Loss, MSE, RMSE, MAE, MAPE: 26493488.00, 26493487.00, 5081.73, 3975.93, 4.37%
Test - Best epoch, Loss, MSE, RMSE, MAE, MAPE: 14, 35332696.00, 35332697.00, 5837.46, 4573.96, 4.93%
- Epoch 015, ExpID 64576
Train - Loss: 22988017.65
Val - Loss, MSE, RMSE, MAE, MAPE: 25735962.00, 25735962.00, 5045.59, 3945.91, 4.31%
Test - Best epoch, Loss, MSE, RMSE, MAE, MAPE: 15, 32665084.00, 32665085.00, 5606.60, 4362.08, 4.67%
- Epoch 016, ExpID 64576
Train - Loss: 22094379.22
Val - Loss, MSE, RMSE, MAE, MAPE: 26942112.00, 26942113.00, 5165.23, 4057.95, 4.43%
Test - Best epoch, Loss, MSE, RMSE, MAE, MAPE: 15, 32665084.00, 32665085.00, 5606.60, 4362.08, 4.67%
- Epoch 017, ExpID 64576
Train - Loss: 21442690.35
Val - Loss, MSE, RMSE, MAE, MAPE: 27330000.00, 27329999.00, 5195.94, 4049.24, 4.48%
Test - Best epoch, Loss, MSE, RMSE, MAE, MAPE: 15, 32665084.00, 32665085.00, 5606.60, 4362.08, 4.67%
- Epoch 018, ExpID 64576
Train - Loss: 20900243.30
Val - Loss, MSE, RMSE, MAE, MAPE: 27572828.00, 27572828.00, 5208.34, 4087.80, 4.44%
Test - Best epoch, Loss, MSE, RMSE, MAE, MAPE: 15, 32665084.00, 32665085.00, 5606.60, 4362.08, 4.67%
- Epoch 019, ExpID 64576
Train - Loss: 20543807.13
Val - Loss, MSE, RMSE, MAE, MAPE: 25743096.00, 25743096.00, 5044.37, 3926.07, 4.32%
Test - Best epoch, Loss, MSE, RMSE, MAE, MAPE: 15, 32665084.00, 32665085.00, 5606.60, 4362.08, 4.67%
- Epoch 020, ExpID 64576
Train - Loss: 19189236.52
Val - Loss, MSE, RMSE, MAE, MAPE: 25771744.00, 25771745.00, 5064.29, 3952.05, 4.31%
Test - Best epoch, Loss, MSE, RMSE, MAE, MAPE: 15, 32665084.00, 32665085.00, 5606.60, 4362.08, 4.67%
- Epoch 021, ExpID 64576
Train - Loss: 18424056.74
Val - Loss, MSE, RMSE, MAE, MAPE: 29075108.00, 29075107.00, 5391.79, 4269.55, 4.60%
Test - Best epoch, Loss, MSE, RMSE, MAE, MAPE: 15, 32665084.00, 32665085.00, 5606.60, 4362.08, 4.67%
- Epoch 022, ExpID 64576
Train - Loss: 17877912.39
Val - Loss, MSE, RMSE, MAE, MAPE: 25030992.00, 25030991.00, 4985.87, 3903.25, 4.24%
Test - Best epoch, Loss, MSE, RMSE, MAE, MAPE: 22, 29687910.00, 29687910.00, 5377.62, 4182.98, 4.43%
- Epoch 023, ExpID 64576
Train - Loss: 17022095.39
Val - Loss, MSE, RMSE, MAE, MAPE: 25911996.00, 25911996.00, 5065.59, 3937.37, 4.34%
Test - Best epoch, Loss, MSE, RMSE, MAE, MAPE: 22, 29687910.00, 29687910.00, 5377.62, 4182.98, 4.43%
- Epoch 024, ExpID 64576
Train - Loss: 15964790.09
Val - Loss, MSE, RMSE, MAE, MAPE: 27751466.00, 27751466.00, 5242.68, 4080.40, 4.50%
Test - Best epoch, Loss, MSE, RMSE, MAE, MAPE: 22, 29687910.00, 29687910.00, 5377.62, 4182.98, 4.43%
- Epoch 025, ExpID 64576
Train - Loss: 15119135.78
Val - Loss, MSE, RMSE, MAE, MAPE: 26279848.00, 26279847.00, 5101.42, 3880.85, 4.27%
Test - Best epoch, Loss, MSE, RMSE, MAE, MAPE: 22, 29687910.00, 29687910.00, 5377.62, 4182.98, 4.43%
- Epoch 026, ExpID 64576
Train - Loss: 14265338.91
Val - Loss, MSE, RMSE, MAE, MAPE: 25892554.00, 25892554.00, 5048.55, 3888.25, 4.27%
Test - Best epoch, Loss, MSE, RMSE, MAE, MAPE: 22, 29687910.00, 29687910.00, 5377.62, 4182.98, 4.43%
- Epoch 027, ExpID 64576
Train - Loss: 14111728.78
Val - Loss, MSE, RMSE, MAE, MAPE: 27349024.00, 27349023.00, 5202.25, 3969.62, 4.37%
Test - Best epoch, Loss, MSE, RMSE, MAE, MAPE: 22, 29687910.00, 29687910.00, 5377.62, 4182.98, 4.43%
- Epoch 028, ExpID 64576
Train - Loss: 13764968.26
Val - Loss, MSE, RMSE, MAE, MAPE: 29553752.00, 29553752.00, 5392.32, 4219.41, 4.62%
Test - Best epoch, Loss, MSE, RMSE, MAE, MAPE: 22, 29687910.00, 29687910.00, 5377.62, 4182.98, 4.43%
- Epoch 029, ExpID 64576
Train - Loss: 13666779.39
Val - Loss, MSE, RMSE, MAE, MAPE: 31009136.00, 31009136.00, 5519.09, 4253.39, 4.71%
Test - Best epoch, Loss, MSE, RMSE, MAE, MAPE: 22, 29687910.00, 29687910.00, 5377.62, 4182.98, 4.43%
- Epoch 030, ExpID 64576
Train - Loss: 12794456.26
Val - Loss, MSE, RMSE, MAE, MAPE: 27700646.00, 27700646.00, 5243.67, 4043.32, 4.47%
Test - Best epoch, Loss, MSE, RMSE, MAE, MAPE: 22, 29687910.00, 29687910.00, 5377.62, 4182.98, 4.43%
- Epoch 031, ExpID 64576
Train - Loss: 14190554.22
Val - Loss, MSE, RMSE, MAE, MAPE: 30545978.00, 30545978.00, 5491.44, 4290.33, 4.72%
Test - Best epoch, Loss, MSE, RMSE, MAE, MAPE: 22, 29687910.00, 29687910.00, 5377.62, 4182.98, 4.43%
- Epoch 032, ExpID 64576
Train - Loss: 13478021.17
Val - Loss, MSE, RMSE, MAE, MAPE: 27491888.00, 27491888.00, 5222.79, 3994.96, 4.40%
Test - Best epoch, Loss, MSE, RMSE, MAE, MAPE: 22, 29687910.00, 29687910.00, 5377.62, 4182.98, 4.43%
Early Stopping at Epoch 32
Fold 2019 Best RMSE: 5377.6240
