DETAILED LOG | Model: lstm | Seed: 1
FULL CONFIG: {'gpu': '6', 'target': 'both', 'cv_start_year': 2017, 'cv_end_year': 2019, 'test_year': 2024, 'use_corona': False, 'seq_len': 365, 'label_len': 0, 'pred_len': 14, 'batch_size': 256, 'epochs': 1000, 'patience': 10, 'lr': 0.0001, 'model': 'lstm', 'd_model': 256, 'n_heads': 16, 'n_layers': 6, 'dropout': 0.1, 'activation': 'gelu', 'patch_len': 14, 'factor': 5, 'norm_mode': 'revin', 'use_covar': True, 'use_dbloss': False, 'device': device(type='cuda'), 'stride': 14, 'file_path': 'dataset/airport_flight_with_holiday.csv', 'seed': 1, 'val_year': 2019, 'ndims': 2}

-------------------- [Fold: 2017] ExpID: 86047 --------------------
- Epoch 000, ExpID 86047
Train - Loss: 44468489.47
Val - Loss, MSE, RMSE, MAE, MAPE: 82813928.00, 82813930.00, 8904.25, 7224.08, 8.92%
Test - Best epoch, Loss, MSE, RMSE, MAE, MAPE: 0, 101355920.00, 101355916.00, 10050.18, 7821.17, 9.14%
- Epoch 001, ExpID 86047
Train - Loss: 39159665.26
Val - Loss, MSE, RMSE, MAE, MAPE: 66933632.00, 66933634.00, 8028.37, 6476.95, 8.07%
Test - Best epoch, Loss, MSE, RMSE, MAE, MAPE: 1, 91696352.00, 91696352.00, 9554.48, 7409.59, 8.77%
- Epoch 002, ExpID 86047
Train - Loss: 35288498.53
Val - Loss, MSE, RMSE, MAE, MAPE: 52333164.00, 52333164.00, 7157.58, 5796.30, 7.36%
Test - Best epoch, Loss, MSE, RMSE, MAE, MAPE: 2, 84424544.00, 84424544.00, 9149.13, 7102.17, 8.48%
- Epoch 003, ExpID 86047
Train - Loss: 31816991.16
Val - Loss, MSE, RMSE, MAE, MAPE: 48182360.00, 48182360.00, 6851.11, 5542.61, 6.97%
Test - Best epoch, Loss, MSE, RMSE, MAE, MAPE: 3, 80603312.00, 80603308.00, 8911.26, 6833.32, 8.07%
- Epoch 004, ExpID 86047
Train - Loss: 29418823.89
Val - Loss, MSE, RMSE, MAE, MAPE: 44821120.00, 44821119.00, 6621.03, 5316.10, 6.69%
Test - Best epoch, Loss, MSE, RMSE, MAE, MAPE: 4, 76135872.00, 76135872.00, 8630.89, 6585.99, 7.80%
- Epoch 005, ExpID 86047
Train - Loss: 27067546.21
Val - Loss, MSE, RMSE, MAE, MAPE: 41788868.00, 41788869.00, 6405.19, 5086.88, 6.38%
Test - Best epoch, Loss, MSE, RMSE, MAE, MAPE: 5, 74878168.00, 74878166.00, 8511.34, 6398.75, 7.57%
- Epoch 006, ExpID 86047
Train - Loss: 25097132.32
Val - Loss, MSE, RMSE, MAE, MAPE: 41205224.00, 41205222.00, 6352.63, 5033.08, 6.29%
Test - Best epoch, Loss, MSE, RMSE, MAE, MAPE: 6, 73124240.00, 73124238.00, 8402.93, 6226.17, 7.37%
- Epoch 007, ExpID 86047
Train - Loss: 23718584.42
Val - Loss, MSE, RMSE, MAE, MAPE: 36708856.00, 36708854.00, 6032.25, 4722.19, 6.01%
Test - Best epoch, Loss, MSE, RMSE, MAE, MAPE: 7, 71495624.00, 71495624.00, 8274.13, 6066.36, 7.26%
- Epoch 008, ExpID 86047
Train - Loss: 22243233.68
Val - Loss, MSE, RMSE, MAE, MAPE: 37239632.00, 37239630.00, 6050.42, 4739.20, 5.95%
Test - Best epoch, Loss, MSE, RMSE, MAE, MAPE: 7, 71495624.00, 71495624.00, 8274.13, 6066.36, 7.26%
- Epoch 009, ExpID 86047
Train - Loss: 21302194.00
Val - Loss, MSE, RMSE, MAE, MAPE: 34962900.00, 34962899.00, 5867.22, 4554.21, 5.77%
Test - Best epoch, Loss, MSE, RMSE, MAE, MAPE: 9, 66644268.00, 66644268.00, 8017.49, 5761.87, 6.88%
- Epoch 010, ExpID 86047
Train - Loss: 20537590.74
Val - Loss, MSE, RMSE, MAE, MAPE: 35132476.00, 35132477.00, 5881.60, 4573.87, 5.78%
Test - Best epoch, Loss, MSE, RMSE, MAE, MAPE: 9, 66644268.00, 66644268.00, 8017.49, 5761.87, 6.88%
- Epoch 011, ExpID 86047
Train - Loss: 19952504.95
Val - Loss, MSE, RMSE, MAE, MAPE: 33195948.00, 33195949.00, 5724.21, 4438.06, 5.64%
Test - Best epoch, Loss, MSE, RMSE, MAE, MAPE: 11, 66039792.00, 66039794.00, 7970.14, 5675.25, 6.80%
- Epoch 012, ExpID 86047
Train - Loss: 19338580.11
Val - Loss, MSE, RMSE, MAE, MAPE: 33324890.00, 33324890.00, 5723.38, 4446.87, 5.61%
Test - Best epoch, Loss, MSE, RMSE, MAE, MAPE: 11, 66039792.00, 66039794.00, 7970.14, 5675.25, 6.80%
- Epoch 013, ExpID 86047
Train - Loss: 18833204.53
Val - Loss, MSE, RMSE, MAE, MAPE: 33053790.00, 33053790.00, 5693.66, 4415.19, 5.56%
Test - Best epoch, Loss, MSE, RMSE, MAE, MAPE: 13, 60508072.00, 60508070.00, 7661.92, 5489.35, 6.54%
- Epoch 014, ExpID 86047
Train - Loss: 18303037.26
Val - Loss, MSE, RMSE, MAE, MAPE: 31940462.00, 31940462.00, 5609.74, 4351.40, 5.50%
Test - Best epoch, Loss, MSE, RMSE, MAE, MAPE: 14, 60775860.00, 60775860.00, 7675.81, 5493.80, 6.54%
- Epoch 015, ExpID 86047
Train - Loss: 17937172.16
Val - Loss, MSE, RMSE, MAE, MAPE: 31165688.00, 31165689.00, 5543.48, 4297.14, 5.44%
Test - Best epoch, Loss, MSE, RMSE, MAE, MAPE: 15, 60891456.00, 60891458.00, 7689.95, 5490.01, 6.57%
- Epoch 016, ExpID 86047
Train - Loss: 17835644.63
Val - Loss, MSE, RMSE, MAE, MAPE: 30396028.00, 30396028.00, 5484.10, 4246.05, 5.41%
Test - Best epoch, Loss, MSE, RMSE, MAE, MAPE: 16, 61683512.00, 61683514.00, 7748.37, 5549.40, 6.67%
- Epoch 017, ExpID 86047
Train - Loss: 17559597.05
Val - Loss, MSE, RMSE, MAE, MAPE: 30540388.00, 30540389.00, 5495.36, 4261.33, 5.41%
Test - Best epoch, Loss, MSE, RMSE, MAE, MAPE: 16, 61683512.00, 61683514.00, 7748.37, 5549.40, 6.67%
- Epoch 018, ExpID 86047
Train - Loss: 17406796.95
Val - Loss, MSE, RMSE, MAE, MAPE: 30480704.00, 30480705.00, 5480.98, 4233.96, 5.35%
Test - Best epoch, Loss, MSE, RMSE, MAE, MAPE: 16, 61683512.00, 61683514.00, 7748.37, 5549.40, 6.67%
- Epoch 019, ExpID 86047
Train - Loss: 17296953.37
Val - Loss, MSE, RMSE, MAE, MAPE: 29856632.00, 29856632.00, 5427.01, 4198.18, 5.32%
Test - Best epoch, Loss, MSE, RMSE, MAE, MAPE: 19, 57372892.00, 57372892.00, 7478.84, 5316.51, 6.37%
- Epoch 020, ExpID 86047
Train - Loss: 16901661.00
Val - Loss, MSE, RMSE, MAE, MAPE: 29770180.00, 29770181.00, 5424.86, 4188.32, 5.30%
Test - Best epoch, Loss, MSE, RMSE, MAE, MAPE: 20, 57620800.00, 57620802.00, 7487.84, 5280.00, 6.30%
- Epoch 021, ExpID 86047
Train - Loss: 16835317.58
Val - Loss, MSE, RMSE, MAE, MAPE: 29777554.00, 29777554.00, 5419.87, 4181.14, 5.28%
Test - Best epoch, Loss, MSE, RMSE, MAE, MAPE: 20, 57620800.00, 57620802.00, 7487.84, 5280.00, 6.30%
- Epoch 022, ExpID 86047
Train - Loss: 16534877.00
Val - Loss, MSE, RMSE, MAE, MAPE: 29854780.00, 29854779.00, 5422.37, 4185.04, 5.29%
Test - Best epoch, Loss, MSE, RMSE, MAE, MAPE: 20, 57620800.00, 57620802.00, 7487.84, 5280.00, 6.30%
- Epoch 023, ExpID 86047
Train - Loss: 16199746.79
Val - Loss, MSE, RMSE, MAE, MAPE: 28825248.00, 28825249.00, 5332.06, 4097.85, 5.19%
Test - Best epoch, Loss, MSE, RMSE, MAE, MAPE: 23, 55163748.00, 55163748.00, 7340.77, 5240.76, 6.28%
- Epoch 024, ExpID 86047
Train - Loss: 16311982.11
Val - Loss, MSE, RMSE, MAE, MAPE: 27425516.00, 27425517.00, 5204.71, 3997.15, 5.07%
Test - Best epoch, Loss, MSE, RMSE, MAE, MAPE: 24, 52993468.00, 52993468.00, 7193.35, 5184.98, 6.21%
- Epoch 025, ExpID 86047
Train - Loss: 15930338.47
Val - Loss, MSE, RMSE, MAE, MAPE: 30814908.00, 30814908.00, 5482.80, 4199.76, 5.26%
Test - Best epoch, Loss, MSE, RMSE, MAE, MAPE: 24, 52993468.00, 52993468.00, 7193.35, 5184.98, 6.21%
- Epoch 026, ExpID 86047
Train - Loss: 15530365.21
Val - Loss, MSE, RMSE, MAE, MAPE: 26310740.00, 26310741.00, 5094.11, 3900.83, 4.92%
Test - Best epoch, Loss, MSE, RMSE, MAE, MAPE: 26, 53840496.00, 53840494.00, 7209.82, 5242.45, 6.22%
- Epoch 027, ExpID 86047
Train - Loss: 15061349.11
Val - Loss, MSE, RMSE, MAE, MAPE: 25781148.00, 25781149.00, 5050.56, 3860.55, 4.86%
Test - Best epoch, Loss, MSE, RMSE, MAE, MAPE: 27, 56765880.00, 56765878.00, 7377.31, 5477.07, 6.47%
- Epoch 028, ExpID 86047
Train - Loss: 14929112.00
Val - Loss, MSE, RMSE, MAE, MAPE: 29061740.00, 29061740.00, 5309.27, 4069.32, 5.09%
Test - Best epoch, Loss, MSE, RMSE, MAE, MAPE: 27, 56765880.00, 56765878.00, 7377.31, 5477.07, 6.47%
- Epoch 029, ExpID 86047
Train - Loss: 14490293.68
Val - Loss, MSE, RMSE, MAE, MAPE: 28053676.00, 28053675.00, 5215.14, 3939.21, 4.95%
Test - Best epoch, Loss, MSE, RMSE, MAE, MAPE: 27, 56765880.00, 56765878.00, 7377.31, 5477.07, 6.47%
- Epoch 030, ExpID 86047
Train - Loss: 13936583.89
Val - Loss, MSE, RMSE, MAE, MAPE: 26564440.00, 26564439.00, 5088.61, 3848.46, 4.85%
Test - Best epoch, Loss, MSE, RMSE, MAE, MAPE: 27, 56765880.00, 56765878.00, 7377.31, 5477.07, 6.47%
- Epoch 031, ExpID 86047
Train - Loss: 13452902.63
Val - Loss, MSE, RMSE, MAE, MAPE: 30103620.00, 30103621.00, 5351.18, 4017.68, 5.01%
Test - Best epoch, Loss, MSE, RMSE, MAE, MAPE: 27, 56765880.00, 56765878.00, 7377.31, 5477.07, 6.47%
- Epoch 032, ExpID 86047
Train - Loss: 13268106.58
Val - Loss, MSE, RMSE, MAE, MAPE: 25705400.00, 25705399.00, 4987.24, 3757.65, 4.72%
Test - Best epoch, Loss, MSE, RMSE, MAE, MAPE: 32, 55575424.00, 55575422.00, 7319.27, 5440.25, 6.45%
- Epoch 033, ExpID 86047
Train - Loss: 12714357.89
Val - Loss, MSE, RMSE, MAE, MAPE: 28153208.00, 28153209.00, 5172.36, 3859.14, 4.83%
Test - Best epoch, Loss, MSE, RMSE, MAE, MAPE: 32, 55575424.00, 55575422.00, 7319.27, 5440.25, 6.45%
- Epoch 034, ExpID 86047
Train - Loss: 12332429.58
Val - Loss, MSE, RMSE, MAE, MAPE: 28218762.00, 28218762.50, 5186.46, 3900.52, 4.87%
Test - Best epoch, Loss, MSE, RMSE, MAE, MAPE: 32, 55575424.00, 55575422.00, 7319.27, 5440.25, 6.45%
- Epoch 035, ExpID 86047
Train - Loss: 12015565.00
Val - Loss, MSE, RMSE, MAE, MAPE: 25613544.00, 25613545.00, 4983.87, 3740.45, 4.69%
Test - Best epoch, Loss, MSE, RMSE, MAE, MAPE: 35, 56674752.00, 56674754.00, 7368.01, 5437.42, 6.41%
- Epoch 036, ExpID 86047
Train - Loss: 11867472.89
Val - Loss, MSE, RMSE, MAE, MAPE: 28840180.00, 28840180.50, 5201.27, 3861.46, 4.83%
Test - Best epoch, Loss, MSE, RMSE, MAE, MAPE: 35, 56674752.00, 56674754.00, 7368.01, 5437.42, 6.41%
- Epoch 037, ExpID 86047
Train - Loss: 11483364.79
Val - Loss, MSE, RMSE, MAE, MAPE: 25548208.00, 25548208.50, 4953.61, 3694.05, 4.62%
Test - Best epoch, Loss, MSE, RMSE, MAE, MAPE: 37, 56372752.00, 56372750.00, 7350.27, 5361.22, 6.32%
- Epoch 038, ExpID 86047
Train - Loss: 11339687.74
Val - Loss, MSE, RMSE, MAE, MAPE: 27207444.00, 27207443.50, 5070.13, 3775.15, 4.74%
Test - Best epoch, Loss, MSE, RMSE, MAE, MAPE: 37, 56372752.00, 56372750.00, 7350.27, 5361.22, 6.32%
- Epoch 039, ExpID 86047
Train - Loss: 10947757.16
Val - Loss, MSE, RMSE, MAE, MAPE: 26983364.00, 26983364.50, 5039.53, 3764.72, 4.71%
Test - Best epoch, Loss, MSE, RMSE, MAE, MAPE: 37, 56372752.00, 56372750.00, 7350.27, 5361.22, 6.32%
- Epoch 040, ExpID 86047
Train - Loss: 10746246.11
Val - Loss, MSE, RMSE, MAE, MAPE: 24609436.00, 24609437.00, 4881.97, 3646.40, 4.58%
Test - Best epoch, Loss, MSE, RMSE, MAE, MAPE: 40, 56271984.00, 56271986.00, 7364.58, 5398.42, 6.38%
- Epoch 041, ExpID 86047
Train - Loss: 10399943.37
Val - Loss, MSE, RMSE, MAE, MAPE: 23774388.00, 23774388.00, 4788.06, 3590.64, 4.52%
Test - Best epoch, Loss, MSE, RMSE, MAE, MAPE: 41, 54153180.00, 54153180.00, 7221.24, 5320.55, 6.30%
- Epoch 042, ExpID 86047
Train - Loss: 10270451.21
Val - Loss, MSE, RMSE, MAE, MAPE: 25798398.00, 25798397.50, 4955.39, 3723.22, 4.67%
Test - Best epoch, Loss, MSE, RMSE, MAE, MAPE: 41, 54153180.00, 54153180.00, 7221.24, 5320.55, 6.30%
- Epoch 043, ExpID 86047
Train - Loss: 10295898.84
Val - Loss, MSE, RMSE, MAE, MAPE: 24507962.00, 24507961.50, 4831.29, 3617.09, 4.55%
Test - Best epoch, Loss, MSE, RMSE, MAE, MAPE: 41, 54153180.00, 54153180.00, 7221.24, 5320.55, 6.30%
- Epoch 044, ExpID 86047
Train - Loss: 10032170.47
Val - Loss, MSE, RMSE, MAE, MAPE: 23178064.00, 23178064.50, 4721.30, 3570.21, 4.49%
Test - Best epoch, Loss, MSE, RMSE, MAE, MAPE: 44, 53921352.00, 53921353.00, 7198.64, 5296.16, 6.25%
- Epoch 045, ExpID 86047
Train - Loss: 9789641.68
Val - Loss, MSE, RMSE, MAE, MAPE: 21923160.00, 21923160.00, 4607.86, 3474.75, 4.37%
Test - Best epoch, Loss, MSE, RMSE, MAE, MAPE: 45, 51621848.00, 51621846.00, 7018.06, 5153.99, 6.10%
- Epoch 046, ExpID 86047
Train - Loss: 9466189.24
Val - Loss, MSE, RMSE, MAE, MAPE: 23704986.00, 23704985.50, 4772.39, 3626.95, 4.55%
Test - Best epoch, Loss, MSE, RMSE, MAE, MAPE: 45, 51621848.00, 51621846.00, 7018.06, 5153.99, 6.10%
- Epoch 047, ExpID 86047
Train - Loss: 9378611.68
Val - Loss, MSE, RMSE, MAE, MAPE: 23536680.00, 23536681.00, 4748.10, 3595.26, 4.54%
Test - Best epoch, Loss, MSE, RMSE, MAE, MAPE: 45, 51621848.00, 51621846.00, 7018.06, 5153.99, 6.10%
- Epoch 048, ExpID 86047
Train - Loss: 9167625.63
Val - Loss, MSE, RMSE, MAE, MAPE: 22591816.00, 22591815.50, 4668.65, 3517.02, 4.42%
Test - Best epoch, Loss, MSE, RMSE, MAE, MAPE: 45, 51621848.00, 51621846.00, 7018.06, 5153.99, 6.10%
- Epoch 049, ExpID 86047
Train - Loss: 9075352.00
Val - Loss, MSE, RMSE, MAE, MAPE: 23007604.00, 23007604.50, 4705.64, 3577.26, 4.51%
Test - Best epoch, Loss, MSE, RMSE, MAE, MAPE: 45, 51621848.00, 51621846.00, 7018.06, 5153.99, 6.10%
- Epoch 050, ExpID 86047
Train - Loss: 8940382.50
Val - Loss, MSE, RMSE, MAE, MAPE: 22733570.00, 22733570.50, 4668.69, 3512.18, 4.43%
Test - Best epoch, Loss, MSE, RMSE, MAE, MAPE: 45, 51621848.00, 51621846.00, 7018.06, 5153.99, 6.10%
- Epoch 051, ExpID 86047
Train - Loss: 8791632.66
Val - Loss, MSE, RMSE, MAE, MAPE: 23435388.00, 23435388.50, 4725.89, 3585.22, 4.51%
Test - Best epoch, Loss, MSE, RMSE, MAE, MAPE: 45, 51621848.00, 51621846.00, 7018.06, 5153.99, 6.10%
- Epoch 052, ExpID 86047
Train - Loss: 8630934.68
Val - Loss, MSE, RMSE, MAE, MAPE: 22444750.00, 22444749.50, 4649.58, 3534.16, 4.46%
Test - Best epoch, Loss, MSE, RMSE, MAE, MAPE: 45, 51621848.00, 51621846.00, 7018.06, 5153.99, 6.10%
- Epoch 053, ExpID 86047
Train - Loss: 8609041.53
Val - Loss, MSE, RMSE, MAE, MAPE: 23395062.00, 23395062.00, 4722.40, 3546.64, 4.47%
Test - Best epoch, Loss, MSE, RMSE, MAE, MAPE: 45, 51621848.00, 51621846.00, 7018.06, 5153.99, 6.10%
- Epoch 054, ExpID 86047
Train - Loss: 8501747.58
Val - Loss, MSE, RMSE, MAE, MAPE: 23414168.00, 23414167.00, 4719.83, 3538.94, 4.43%
Test - Best epoch, Loss, MSE, RMSE, MAE, MAPE: 45, 51621848.00, 51621846.00, 7018.06, 5153.99, 6.10%
- Epoch 055, ExpID 86047
Train - Loss: 8321169.29
Val - Loss, MSE, RMSE, MAE, MAPE: 24393912.00, 24393912.00, 4832.26, 3650.27, 4.57%
Test - Best epoch, Loss, MSE, RMSE, MAE, MAPE: 45, 51621848.00, 51621846.00, 7018.06, 5153.99, 6.10%
Early Stopping at Epoch 55
Fold 2017 Best RMSE: 7018.0635

-------------------- [Fold: 2018] ExpID: 10388 --------------------
- Epoch 000, ExpID 10388
Train - Loss: 53183867.20
Val - Loss, MSE, RMSE, MAE, MAPE: 103534176.00, 103534180.00, 10163.14, 7913.59, 9.21%
Test - Best epoch, Loss, MSE, RMSE, MAE, MAPE: 0, 80501792.00, 80501792.00, 8945.76, 7138.85, 7.63%
- Epoch 001, ExpID 10388
Train - Loss: 44163810.40
Val - Loss, MSE, RMSE, MAE, MAPE: 91423216.00, 91423220.00, 9546.89, 7416.57, 8.79%
Test - Best epoch, Loss, MSE, RMSE, MAE, MAPE: 1, 66577964.00, 66577964.00, 8156.42, 6432.83, 6.98%
- Epoch 002, ExpID 10388
Train - Loss: 39175108.30
Val - Loss, MSE, RMSE, MAE, MAPE: 83916992.00, 83916992.00, 9135.49, 7090.00, 8.47%
Test - Best epoch, Loss, MSE, RMSE, MAE, MAPE: 2, 58459016.00, 58459018.00, 7645.73, 6006.36, 6.57%
- Epoch 003, ExpID 10388
Train - Loss: 34592343.70
Val - Loss, MSE, RMSE, MAE, MAPE: 79836824.00, 79836826.00, 8889.38, 6825.34, 8.09%
Test - Best epoch, Loss, MSE, RMSE, MAE, MAPE: 3, 51963992.00, 51963992.00, 7208.61, 5665.50, 6.16%
- Epoch 004, ExpID 10388
Train - Loss: 31984542.60
Val - Loss, MSE, RMSE, MAE, MAPE: 76274224.00, 76274226.00, 8657.56, 6623.84, 7.88%
Test - Best epoch, Loss, MSE, RMSE, MAE, MAPE: 4, 48781868.00, 48781868.00, 6984.01, 5475.11, 5.98%
- Epoch 005, ExpID 10388
Train - Loss: 29480704.30
Val - Loss, MSE, RMSE, MAE, MAPE: 73002152.00, 73002150.00, 8435.89, 6363.98, 7.56%
Test - Best epoch, Loss, MSE, RMSE, MAE, MAPE: 5, 45945304.00, 45945306.00, 6777.53, 5295.44, 5.76%
- Epoch 006, ExpID 10388
Train - Loss: 27401517.10
Val - Loss, MSE, RMSE, MAE, MAPE: 71699512.00, 71699510.00, 8325.91, 6183.49, 7.37%
Test - Best epoch, Loss, MSE, RMSE, MAE, MAPE: 6, 45186584.00, 45186586.00, 6721.38, 5245.69, 5.71%
- Epoch 007, ExpID 10388
Train - Loss: 25868955.40
Val - Loss, MSE, RMSE, MAE, MAPE: 68258208.00, 68258204.00, 8136.28, 5968.04, 7.04%
Test - Best epoch, Loss, MSE, RMSE, MAE, MAPE: 7, 45030216.00, 45030218.00, 6710.43, 5223.69, 5.63%
- Epoch 008, ExpID 10388
Train - Loss: 24820074.20
Val - Loss, MSE, RMSE, MAE, MAPE: 65837032.00, 65837032.00, 7978.85, 5821.36, 6.89%
Test - Best epoch, Loss, MSE, RMSE, MAE, MAPE: 8, 43660632.00, 43660632.00, 6605.82, 5129.89, 5.55%
- Epoch 009, ExpID 10388
Train - Loss: 23697192.50
Val - Loss, MSE, RMSE, MAE, MAPE: 63506364.00, 63506364.00, 7836.69, 5677.11, 6.76%
Test - Best epoch, Loss, MSE, RMSE, MAE, MAPE: 9, 42933240.00, 42933240.00, 6548.31, 5057.58, 5.49%
- Epoch 010, ExpID 10388
Train - Loss: 22801332.70
Val - Loss, MSE, RMSE, MAE, MAPE: 62799576.00, 62799576.00, 7787.33, 5613.04, 6.67%
Test - Best epoch, Loss, MSE, RMSE, MAE, MAPE: 10, 42246964.00, 42246964.00, 6496.01, 5003.49, 5.42%
- Epoch 011, ExpID 10388
Train - Loss: 21982896.80
Val - Loss, MSE, RMSE, MAE, MAPE: 61215192.00, 61215192.00, 7692.95, 5519.36, 6.58%
Test - Best epoch, Loss, MSE, RMSE, MAE, MAPE: 11, 41162968.00, 41162968.00, 6411.84, 4915.96, 5.34%
- Epoch 012, ExpID 10388
Train - Loss: 21234408.80
Val - Loss, MSE, RMSE, MAE, MAPE: 61205652.00, 61205652.00, 7689.18, 5496.82, 6.58%
Test - Best epoch, Loss, MSE, RMSE, MAE, MAPE: 12, 40263804.00, 40263804.00, 6339.37, 4839.62, 5.27%
- Epoch 013, ExpID 10388
Train - Loss: 20486759.80
Val - Loss, MSE, RMSE, MAE, MAPE: 61535384.00, 61535386.00, 7702.07, 5489.16, 6.58%
Test - Best epoch, Loss, MSE, RMSE, MAE, MAPE: 12, 40263804.00, 40263804.00, 6339.37, 4839.62, 5.27%
- Epoch 014, ExpID 10388
Train - Loss: 19962500.50
Val - Loss, MSE, RMSE, MAE, MAPE: 59936152.00, 59936154.00, 7600.33, 5424.38, 6.47%
Test - Best epoch, Loss, MSE, RMSE, MAE, MAPE: 14, 38685000.00, 38684998.00, 6211.23, 4733.78, 5.14%
- Epoch 015, ExpID 10388
Train - Loss: 19640930.30
Val - Loss, MSE, RMSE, MAE, MAPE: 60589800.00, 60589800.00, 7658.91, 5487.90, 6.60%
Test - Best epoch, Loss, MSE, RMSE, MAE, MAPE: 14, 38685000.00, 38684998.00, 6211.23, 4733.78, 5.14%
- Epoch 016, ExpID 10388
Train - Loss: 19403086.35
Val - Loss, MSE, RMSE, MAE, MAPE: 58756208.00, 58756208.00, 7530.14, 5381.43, 6.41%
Test - Best epoch, Loss, MSE, RMSE, MAE, MAPE: 16, 37765192.00, 37765190.00, 6138.40, 4672.37, 5.07%
- Epoch 017, ExpID 10388
Train - Loss: 18987447.10
Val - Loss, MSE, RMSE, MAE, MAPE: 60229888.00, 60229890.00, 7622.08, 5430.28, 6.49%
Test - Best epoch, Loss, MSE, RMSE, MAE, MAPE: 16, 37765192.00, 37765190.00, 6138.40, 4672.37, 5.07%
- Epoch 018, ExpID 10388
Train - Loss: 18840686.70
Val - Loss, MSE, RMSE, MAE, MAPE: 59372656.00, 59372656.00, 7569.64, 5408.30, 6.46%
Test - Best epoch, Loss, MSE, RMSE, MAE, MAPE: 16, 37765192.00, 37765190.00, 6138.40, 4672.37, 5.07%
- Epoch 019, ExpID 10388
Train - Loss: 18519430.65
Val - Loss, MSE, RMSE, MAE, MAPE: 58414896.00, 58414894.00, 7511.76, 5356.58, 6.41%
Test - Best epoch, Loss, MSE, RMSE, MAE, MAPE: 19, 36467752.00, 36467750.00, 6031.40, 4571.61, 4.98%
- Epoch 020, ExpID 10388
Train - Loss: 18197222.45
Val - Loss, MSE, RMSE, MAE, MAPE: 59206652.00, 59206652.00, 7566.49, 5401.75, 6.48%
Test - Best epoch, Loss, MSE, RMSE, MAE, MAPE: 19, 36467752.00, 36467750.00, 6031.40, 4571.61, 4.98%
- Epoch 021, ExpID 10388
Train - Loss: 18125623.60
Val - Loss, MSE, RMSE, MAE, MAPE: 60308768.00, 60308768.00, 7626.74, 5445.50, 6.55%
Test - Best epoch, Loss, MSE, RMSE, MAE, MAPE: 19, 36467752.00, 36467750.00, 6031.40, 4571.61, 4.98%
- Epoch 022, ExpID 10388
Train - Loss: 17967210.95
Val - Loss, MSE, RMSE, MAE, MAPE: 57179512.00, 57179514.00, 7439.62, 5326.81, 6.39%
Test - Best epoch, Loss, MSE, RMSE, MAE, MAPE: 22, 35493492.00, 35493493.00, 5951.13, 4501.49, 4.92%
- Epoch 023, ExpID 10388
Train - Loss: 17674490.80
Val - Loss, MSE, RMSE, MAE, MAPE: 59371588.00, 59371588.00, 7572.80, 5402.99, 6.48%
Test - Best epoch, Loss, MSE, RMSE, MAE, MAPE: 22, 35493492.00, 35493493.00, 5951.13, 4501.49, 4.92%
- Epoch 024, ExpID 10388
Train - Loss: 17670052.10
Val - Loss, MSE, RMSE, MAE, MAPE: 56722396.00, 56722396.00, 7418.03, 5288.89, 6.35%
Test - Best epoch, Loss, MSE, RMSE, MAE, MAPE: 24, 37340032.00, 37340030.00, 6109.66, 4601.97, 5.02%
- Epoch 025, ExpID 10388
Train - Loss: 17580507.55
Val - Loss, MSE, RMSE, MAE, MAPE: 56313080.00, 56313078.00, 7385.97, 5276.28, 6.32%
Test - Best epoch, Loss, MSE, RMSE, MAE, MAPE: 25, 35130044.00, 35130043.00, 5921.13, 4488.29, 4.90%
- Epoch 026, ExpID 10388
Train - Loss: 17204308.60
Val - Loss, MSE, RMSE, MAE, MAPE: 55645276.00, 55645276.00, 7340.60, 5262.44, 6.31%
Test - Best epoch, Loss, MSE, RMSE, MAE, MAPE: 26, 34744848.00, 34744846.00, 5888.20, 4452.28, 4.87%
- Epoch 027, ExpID 10388
Train - Loss: 17138935.20
Val - Loss, MSE, RMSE, MAE, MAPE: 56646340.00, 56646340.00, 7404.25, 5293.95, 6.34%
Test - Best epoch, Loss, MSE, RMSE, MAE, MAPE: 26, 34744848.00, 34744846.00, 5888.20, 4452.28, 4.87%
- Epoch 028, ExpID 10388
Train - Loss: 17101928.80
Val - Loss, MSE, RMSE, MAE, MAPE: 53629140.00, 53629140.00, 7211.64, 5170.51, 6.16%
Test - Best epoch, Loss, MSE, RMSE, MAE, MAPE: 28, 34208496.00, 34208497.00, 5843.63, 4434.84, 4.82%
- Epoch 029, ExpID 10388
Train - Loss: 16891874.05
Val - Loss, MSE, RMSE, MAE, MAPE: 53747480.00, 53747480.00, 7212.54, 5170.62, 6.18%
Test - Best epoch, Loss, MSE, RMSE, MAE, MAPE: 28, 34208496.00, 34208497.00, 5843.63, 4434.84, 4.82%
- Epoch 030, ExpID 10388
Train - Loss: 16521199.15
Val - Loss, MSE, RMSE, MAE, MAPE: 54304768.00, 54304766.00, 7237.70, 5218.28, 6.26%
Test - Best epoch, Loss, MSE, RMSE, MAE, MAPE: 28, 34208496.00, 34208497.00, 5843.63, 4434.84, 4.82%
- Epoch 031, ExpID 10388
Train - Loss: 16482711.15
Val - Loss, MSE, RMSE, MAE, MAPE: 54714976.00, 54714978.00, 7276.15, 5264.76, 6.31%
Test - Best epoch, Loss, MSE, RMSE, MAE, MAPE: 28, 34208496.00, 34208497.00, 5843.63, 4434.84, 4.82%
- Epoch 032, ExpID 10388
Train - Loss: 16287750.40
Val - Loss, MSE, RMSE, MAE, MAPE: 54849656.00, 54849656.00, 7272.58, 5295.07, 6.39%
Test - Best epoch, Loss, MSE, RMSE, MAE, MAPE: 28, 34208496.00, 34208497.00, 5843.63, 4434.84, 4.82%
- Epoch 033, ExpID 10388
Train - Loss: 16073872.20
Val - Loss, MSE, RMSE, MAE, MAPE: 53522672.00, 53522674.00, 7183.16, 5206.39, 6.21%
Test - Best epoch, Loss, MSE, RMSE, MAE, MAPE: 33, 33431264.00, 33431263.00, 5780.19, 4406.93, 4.80%
- Epoch 034, ExpID 10388
Train - Loss: 16046670.65
Val - Loss, MSE, RMSE, MAE, MAPE: 53981440.00, 53981440.00, 7209.31, 5219.25, 6.18%
Test - Best epoch, Loss, MSE, RMSE, MAE, MAPE: 33, 33431264.00, 33431263.00, 5780.19, 4406.93, 4.80%
- Epoch 035, ExpID 10388
Train - Loss: 15246724.85
Val - Loss, MSE, RMSE, MAE, MAPE: 53355252.00, 53355253.00, 7159.28, 5245.51, 6.25%
Test - Best epoch, Loss, MSE, RMSE, MAE, MAPE: 35, 32120758.00, 32120758.00, 5667.03, 4303.96, 4.67%
- Epoch 036, ExpID 10388
Train - Loss: 14778386.10
Val - Loss, MSE, RMSE, MAE, MAPE: 54156480.00, 54156481.00, 7201.28, 5246.46, 6.29%
Test - Best epoch, Loss, MSE, RMSE, MAE, MAPE: 35, 32120758.00, 32120758.00, 5667.03, 4303.96, 4.67%
- Epoch 037, ExpID 10388
Train - Loss: 14383382.90
Val - Loss, MSE, RMSE, MAE, MAPE: 56470344.00, 56470344.00, 7346.80, 5393.30, 6.40%
Test - Best epoch, Loss, MSE, RMSE, MAE, MAPE: 35, 32120758.00, 32120758.00, 5667.03, 4303.96, 4.67%
- Epoch 038, ExpID 10388
Train - Loss: 14165326.75
Val - Loss, MSE, RMSE, MAE, MAPE: 54339944.00, 54339944.00, 7239.07, 5323.75, 6.37%
Test - Best epoch, Loss, MSE, RMSE, MAE, MAPE: 35, 32120758.00, 32120758.00, 5667.03, 4303.96, 4.67%
- Epoch 039, ExpID 10388
Train - Loss: 13722935.75
Val - Loss, MSE, RMSE, MAE, MAPE: 52103988.00, 52103988.00, 7035.57, 5139.83, 6.14%
Test - Best epoch, Loss, MSE, RMSE, MAE, MAPE: 39, 33363084.00, 33363085.00, 5775.84, 4335.76, 4.72%
- Epoch 040, ExpID 10388
Train - Loss: 13538492.25
Val - Loss, MSE, RMSE, MAE, MAPE: 54592568.00, 54592568.00, 7262.76, 5291.64, 6.30%
Test - Best epoch, Loss, MSE, RMSE, MAE, MAPE: 39, 33363084.00, 33363085.00, 5775.84, 4335.76, 4.72%
- Epoch 041, ExpID 10388
Train - Loss: 13850626.85
Val - Loss, MSE, RMSE, MAE, MAPE: 56506400.00, 56506400.00, 7368.46, 5375.58, 6.38%
Test - Best epoch, Loss, MSE, RMSE, MAE, MAPE: 39, 33363084.00, 33363085.00, 5775.84, 4335.76, 4.72%
- Epoch 042, ExpID 10388
Train - Loss: 13460903.40
Val - Loss, MSE, RMSE, MAE, MAPE: 52117352.00, 52117353.00, 7046.68, 5191.19, 6.17%
Test - Best epoch, Loss, MSE, RMSE, MAE, MAPE: 39, 33363084.00, 33363085.00, 5775.84, 4335.76, 4.72%
- Epoch 043, ExpID 10388
Train - Loss: 12934941.55
Val - Loss, MSE, RMSE, MAE, MAPE: 53693716.00, 53693716.00, 7174.14, 5257.99, 6.25%
Test - Best epoch, Loss, MSE, RMSE, MAE, MAPE: 39, 33363084.00, 33363085.00, 5775.84, 4335.76, 4.72%
- Epoch 044, ExpID 10388
Train - Loss: 12599937.35
Val - Loss, MSE, RMSE, MAE, MAPE: 52963508.00, 52963507.00, 7118.04, 5248.54, 6.28%
Test - Best epoch, Loss, MSE, RMSE, MAE, MAPE: 39, 33363084.00, 33363085.00, 5775.84, 4335.76, 4.72%
- Epoch 045, ExpID 10388
Train - Loss: 12412977.70
Val - Loss, MSE, RMSE, MAE, MAPE: 52002020.00, 52002021.00, 7039.33, 5087.01, 6.07%
Test - Best epoch, Loss, MSE, RMSE, MAE, MAPE: 45, 30758528.00, 30758529.00, 5541.93, 4239.43, 4.64%
- Epoch 046, ExpID 10388
Train - Loss: 12078352.25
Val - Loss, MSE, RMSE, MAE, MAPE: 51083888.00, 51083890.00, 7002.83, 5122.23, 6.08%
Test - Best epoch, Loss, MSE, RMSE, MAE, MAPE: 46, 30044088.00, 30044089.00, 5479.38, 4147.74, 4.53%
- Epoch 047, ExpID 10388
Train - Loss: 11726041.95
Val - Loss, MSE, RMSE, MAE, MAPE: 52366656.00, 52366657.00, 7078.05, 5182.66, 6.13%
Test - Best epoch, Loss, MSE, RMSE, MAE, MAPE: 46, 30044088.00, 30044089.00, 5479.38, 4147.74, 4.53%
- Epoch 048, ExpID 10388
Train - Loss: 11488184.85
Val - Loss, MSE, RMSE, MAE, MAPE: 48038092.00, 48038093.00, 6818.27, 4995.73, 5.90%
Test - Best epoch, Loss, MSE, RMSE, MAE, MAPE: 48, 28441992.00, 28441993.00, 5328.24, 4030.46, 4.40%
- Epoch 049, ExpID 10388
Train - Loss: 11461435.85
Val - Loss, MSE, RMSE, MAE, MAPE: 52098344.00, 52098343.00, 7071.30, 5176.85, 6.09%
Test - Best epoch, Loss, MSE, RMSE, MAE, MAPE: 48, 28441992.00, 28441993.00, 5328.24, 4030.46, 4.40%
- Epoch 050, ExpID 10388
Train - Loss: 11141564.45
Val - Loss, MSE, RMSE, MAE, MAPE: 50744392.00, 50744394.00, 6944.28, 5079.40, 6.01%
Test - Best epoch, Loss, MSE, RMSE, MAE, MAPE: 48, 28441992.00, 28441993.00, 5328.24, 4030.46, 4.40%
- Epoch 051, ExpID 10388
Train - Loss: 10860311.65
Val - Loss, MSE, RMSE, MAE, MAPE: 52174188.00, 52174188.00, 7049.83, 5164.35, 6.10%
Test - Best epoch, Loss, MSE, RMSE, MAE, MAPE: 48, 28441992.00, 28441993.00, 5328.24, 4030.46, 4.40%
- Epoch 052, ExpID 10388
Train - Loss: 10662681.25
Val - Loss, MSE, RMSE, MAE, MAPE: 50431008.00, 50431006.00, 6955.68, 5150.27, 6.08%
Test - Best epoch, Loss, MSE, RMSE, MAE, MAPE: 48, 28441992.00, 28441993.00, 5328.24, 4030.46, 4.40%
- Epoch 053, ExpID 10388
Train - Loss: 10489769.75
Val - Loss, MSE, RMSE, MAE, MAPE: 50618112.00, 50618112.00, 6973.70, 5132.04, 6.07%
Test - Best epoch, Loss, MSE, RMSE, MAE, MAPE: 48, 28441992.00, 28441993.00, 5328.24, 4030.46, 4.40%
- Epoch 054, ExpID 10388
Train - Loss: 10365174.00
Val - Loss, MSE, RMSE, MAE, MAPE: 52854536.00, 52854538.00, 7097.47, 5243.51, 6.22%
Test - Best epoch, Loss, MSE, RMSE, MAE, MAPE: 48, 28441992.00, 28441993.00, 5328.24, 4030.46, 4.40%
- Epoch 055, ExpID 10388
Train - Loss: 10196239.55
Val - Loss, MSE, RMSE, MAE, MAPE: 52975048.00, 52975048.00, 7100.42, 5294.66, 6.28%
Test - Best epoch, Loss, MSE, RMSE, MAE, MAPE: 48, 28441992.00, 28441993.00, 5328.24, 4030.46, 4.40%
- Epoch 056, ExpID 10388
Train - Loss: 10171807.85
Val - Loss, MSE, RMSE, MAE, MAPE: 54583356.00, 54583357.00, 7221.15, 5357.42, 6.29%
Test - Best epoch, Loss, MSE, RMSE, MAE, MAPE: 48, 28441992.00, 28441993.00, 5328.24, 4030.46, 4.40%
- Epoch 057, ExpID 10388
Train - Loss: 10053307.95
Val - Loss, MSE, RMSE, MAE, MAPE: 51765936.00, 51765936.00, 7026.91, 5251.32, 6.19%
Test - Best epoch, Loss, MSE, RMSE, MAE, MAPE: 48, 28441992.00, 28441993.00, 5328.24, 4030.46, 4.40%
- Epoch 058, ExpID 10388
Train - Loss: 9827654.75
Val - Loss, MSE, RMSE, MAE, MAPE: 54456232.00, 54456230.00, 7174.24, 5407.15, 6.39%
Test - Best epoch, Loss, MSE, RMSE, MAE, MAPE: 48, 28441992.00, 28441993.00, 5328.24, 4030.46, 4.40%
Early Stopping at Epoch 58
Fold 2018 Best RMSE: 5328.2351

-------------------- [Fold: 2019] ExpID: 69851 --------------------
- Epoch 000, ExpID 69851
Train - Loss: 53366533.64
Val - Loss, MSE, RMSE, MAE, MAPE: 73627184.00, 73627186.00, 8564.07, 6745.20, 7.24%
Test - Best epoch, Loss, MSE, RMSE, MAE, MAPE: 0, 78495680.00, 78495676.00, 8841.28, 7118.60, 7.54%
- Epoch 001, ExpID 69851
Train - Loss: 44024806.36
Val - Loss, MSE, RMSE, MAE, MAPE: 62197120.00, 62197118.00, 7886.46, 6177.80, 6.76%
Test - Best epoch, Loss, MSE, RMSE, MAE, MAPE: 1, 76119680.00, 76119684.00, 8724.05, 7044.01, 7.58%
- Epoch 002, ExpID 69851
Train - Loss: 39257090.18
Val - Loss, MSE, RMSE, MAE, MAPE: 54769520.00, 54769520.00, 7399.56, 5786.19, 6.36%
Test - Best epoch, Loss, MSE, RMSE, MAE, MAPE: 2, 65691584.00, 65691586.00, 8078.63, 6428.96, 6.93%
- Epoch 003, ExpID 69851
Train - Loss: 34811521.00
Val - Loss, MSE, RMSE, MAE, MAPE: 48909304.00, 48909306.00, 6992.86, 5467.88, 5.95%
Test - Best epoch, Loss, MSE, RMSE, MAE, MAPE: 3, 56263856.00, 56263854.00, 7449.63, 5897.62, 6.32%
- Epoch 004, ExpID 69851
Train - Loss: 31943759.18
Val - Loss, MSE, RMSE, MAE, MAPE: 46539744.00, 46539744.00, 6821.30, 5322.57, 5.77%
Test - Best epoch, Loss, MSE, RMSE, MAE, MAPE: 4, 50643404.00, 50643404.00, 7055.16, 5570.25, 5.94%
- Epoch 005, ExpID 69851
Train - Loss: 29411257.09
Val - Loss, MSE, RMSE, MAE, MAPE: 45387672.00, 45387674.00, 6735.61, 5237.13, 5.71%
Test - Best epoch, Loss, MSE, RMSE, MAE, MAPE: 5, 48589424.00, 48589424.00, 6900.57, 5406.71, 5.78%
- Epoch 006, ExpID 69851
Train - Loss: 27817384.18
Val - Loss, MSE, RMSE, MAE, MAPE: 44067484.00, 44067484.00, 6635.98, 5152.50, 5.61%
Test - Best epoch, Loss, MSE, RMSE, MAE, MAPE: 6, 45399836.00, 45399837.00, 6659.09, 5187.72, 5.53%
- Epoch 007, ExpID 69851
Train - Loss: 26569948.27
Val - Loss, MSE, RMSE, MAE, MAPE: 44699680.00, 44699678.00, 6685.62, 5196.20, 5.58%
Test - Best epoch, Loss, MSE, RMSE, MAE, MAPE: 6, 45399836.00, 45399837.00, 6659.09, 5187.72, 5.53%
- Epoch 008, ExpID 69851
Train - Loss: 26135519.82
Val - Loss, MSE, RMSE, MAE, MAPE: 43065024.00, 43065026.00, 6559.85, 5079.44, 5.47%
Test - Best epoch, Loss, MSE, RMSE, MAE, MAPE: 8, 41492872.00, 41492870.00, 6353.83, 4921.76, 5.17%
- Epoch 009, ExpID 69851
Train - Loss: 24610427.73
Val - Loss, MSE, RMSE, MAE, MAPE: 41865336.00, 41865334.00, 6466.43, 4962.90, 5.39%
Test - Best epoch, Loss, MSE, RMSE, MAE, MAPE: 9, 41541812.00, 41541811.00, 6376.89, 4937.10, 5.22%
- Epoch 010, ExpID 69851
Train - Loss: 23933234.27
Val - Loss, MSE, RMSE, MAE, MAPE: 40967688.00, 40967688.00, 6394.54, 4883.26, 5.34%
Test - Best epoch, Loss, MSE, RMSE, MAE, MAPE: 10, 42379060.00, 42379061.00, 6452.58, 4999.52, 5.32%
- Epoch 011, ExpID 69851
Train - Loss: 22962721.00
Val - Loss, MSE, RMSE, MAE, MAPE: 40172584.00, 40172584.00, 6333.87, 4824.09, 5.26%
Test - Best epoch, Loss, MSE, RMSE, MAE, MAPE: 11, 41545008.00, 41545006.00, 6387.04, 4951.80, 5.26%
- Epoch 012, ExpID 69851
Train - Loss: 22605672.27
Val - Loss, MSE, RMSE, MAE, MAPE: 39600908.00, 39600908.00, 6288.84, 4798.01, 5.22%
Test - Best epoch, Loss, MSE, RMSE, MAE, MAPE: 12, 40548592.00, 40548592.00, 6305.93, 4878.53, 5.17%
- Epoch 013, ExpID 69851
Train - Loss: 22019096.27
Val - Loss, MSE, RMSE, MAE, MAPE: 39061944.00, 39061944.00, 6243.87, 4743.93, 5.18%
Test - Best epoch, Loss, MSE, RMSE, MAE, MAPE: 13, 40358068.00, 40358069.00, 6292.96, 4864.41, 5.16%
- Epoch 014, ExpID 69851
Train - Loss: 21652039.36
Val - Loss, MSE, RMSE, MAE, MAPE: 37220316.00, 37220317.00, 6092.96, 4624.45, 5.04%
Test - Best epoch, Loss, MSE, RMSE, MAE, MAPE: 14, 39320604.00, 39320604.00, 6210.89, 4797.82, 5.10%
- Epoch 015, ExpID 69851
Train - Loss: 21225552.91
Val - Loss, MSE, RMSE, MAE, MAPE: 37220352.00, 37220354.00, 6094.42, 4645.14, 5.04%
Test - Best epoch, Loss, MSE, RMSE, MAE, MAPE: 14, 39320604.00, 39320604.00, 6210.89, 4797.82, 5.10%
- Epoch 016, ExpID 69851
Train - Loss: 20621772.91
Val - Loss, MSE, RMSE, MAE, MAPE: 36784968.00, 36784970.00, 6060.38, 4606.01, 5.02%
Test - Best epoch, Loss, MSE, RMSE, MAE, MAPE: 16, 38677144.00, 38677144.00, 6155.27, 4765.04, 5.06%
- Epoch 017, ExpID 69851
Train - Loss: 20338802.00
Val - Loss, MSE, RMSE, MAE, MAPE: 35936560.00, 35936560.00, 5988.17, 4562.67, 4.95%
Test - Best epoch, Loss, MSE, RMSE, MAE, MAPE: 17, 37608224.00, 37608222.00, 6066.62, 4688.89, 4.95%
- Epoch 018, ExpID 69851
Train - Loss: 20270444.09
Val - Loss, MSE, RMSE, MAE, MAPE: 36605664.00, 36605666.00, 6046.48, 4627.29, 4.98%
Test - Best epoch, Loss, MSE, RMSE, MAE, MAPE: 17, 37608224.00, 37608222.00, 6066.62, 4688.89, 4.95%
- Epoch 019, ExpID 69851
Train - Loss: 20035494.09
Val - Loss, MSE, RMSE, MAE, MAPE: 35905608.00, 35905610.00, 5987.45, 4574.37, 4.94%
Test - Best epoch, Loss, MSE, RMSE, MAE, MAPE: 19, 37167052.00, 37167053.00, 6028.54, 4654.72, 4.89%
- Epoch 020, ExpID 69851
Train - Loss: 19645932.41
Val - Loss, MSE, RMSE, MAE, MAPE: 35472124.00, 35472124.00, 5952.38, 4558.11, 4.92%
Test - Best epoch, Loss, MSE, RMSE, MAE, MAPE: 20, 36585008.00, 36585010.00, 5979.40, 4633.83, 4.87%
- Epoch 021, ExpID 69851
Train - Loss: 19439655.64
Val - Loss, MSE, RMSE, MAE, MAPE: 34706088.00, 34706088.00, 5885.91, 4475.28, 4.89%
Test - Best epoch, Loss, MSE, RMSE, MAE, MAPE: 21, 37716100.00, 37716100.00, 6076.17, 4697.09, 4.98%
- Epoch 022, ExpID 69851
Train - Loss: 18952882.09
Val - Loss, MSE, RMSE, MAE, MAPE: 34335788.00, 34335788.00, 5853.65, 4469.35, 4.84%
Test - Best epoch, Loss, MSE, RMSE, MAE, MAPE: 22, 36444792.00, 36444791.00, 5973.48, 4610.56, 4.85%
- Epoch 023, ExpID 69851
Train - Loss: 19008700.64
Val - Loss, MSE, RMSE, MAE, MAPE: 33380634.00, 33380634.00, 5771.13, 4381.07, 4.78%
Test - Best epoch, Loss, MSE, RMSE, MAE, MAPE: 23, 36615544.00, 36615544.00, 5993.27, 4630.27, 4.91%
- Epoch 024, ExpID 69851
Train - Loss: 18613113.18
Val - Loss, MSE, RMSE, MAE, MAPE: 33290682.00, 33290682.00, 5763.27, 4370.44, 4.79%
Test - Best epoch, Loss, MSE, RMSE, MAE, MAPE: 24, 36831096.00, 36831098.00, 6014.41, 4656.08, 4.95%
- Epoch 025, ExpID 69851
Train - Loss: 18378677.55
Val - Loss, MSE, RMSE, MAE, MAPE: 33064432.00, 33064433.00, 5745.00, 4365.01, 4.75%
Test - Best epoch, Loss, MSE, RMSE, MAE, MAPE: 25, 35523732.00, 35523732.00, 5906.52, 4567.77, 4.83%
- Epoch 026, ExpID 69851
Train - Loss: 18403488.00
Val - Loss, MSE, RMSE, MAE, MAPE: 32298008.00, 32298007.00, 5676.37, 4288.13, 4.71%
Test - Best epoch, Loss, MSE, RMSE, MAE, MAPE: 26, 36796088.00, 36796088.00, 6021.09, 4664.44, 4.98%
- Epoch 027, ExpID 69851
Train - Loss: 18096062.36
Val - Loss, MSE, RMSE, MAE, MAPE: 33854568.00, 33854567.00, 5816.25, 4401.99, 4.84%
Test - Best epoch, Loss, MSE, RMSE, MAE, MAPE: 26, 36796088.00, 36796088.00, 6021.09, 4664.44, 4.98%
- Epoch 028, ExpID 69851
Train - Loss: 17916960.41
Val - Loss, MSE, RMSE, MAE, MAPE: 31987896.00, 31987896.00, 5650.50, 4291.52, 4.67%
Test - Best epoch, Loss, MSE, RMSE, MAE, MAPE: 28, 34784872.00, 34784870.00, 5840.70, 4503.65, 4.76%
- Epoch 029, ExpID 69851
Train - Loss: 17685563.50
Val - Loss, MSE, RMSE, MAE, MAPE: 31651640.00, 31651640.00, 5619.54, 4254.42, 4.67%
Test - Best epoch, Loss, MSE, RMSE, MAE, MAPE: 29, 35829484.00, 35829485.00, 5950.80, 4629.36, 4.94%
- Epoch 030, ExpID 69851
Train - Loss: 17450045.27
Val - Loss, MSE, RMSE, MAE, MAPE: 31425142.00, 31425142.00, 5602.57, 4264.14, 4.63%
Test - Best epoch, Loss, MSE, RMSE, MAE, MAPE: 30, 34196660.00, 34196659.00, 5798.52, 4480.31, 4.74%
- Epoch 031, ExpID 69851
Train - Loss: 17112643.18
Val - Loss, MSE, RMSE, MAE, MAPE: 30863196.00, 30863197.00, 5549.94, 4211.67, 4.60%
Test - Best epoch, Loss, MSE, RMSE, MAE, MAPE: 31, 34466896.00, 34466898.00, 5823.45, 4510.44, 4.78%
- Epoch 032, ExpID 69851
Train - Loss: 16679009.95
Val - Loss, MSE, RMSE, MAE, MAPE: 30263424.00, 30263425.00, 5495.87, 4169.10, 4.55%
Test - Best epoch, Loss, MSE, RMSE, MAE, MAPE: 32, 33647732.00, 33647732.00, 5758.55, 4461.88, 4.73%
- Epoch 033, ExpID 69851
Train - Loss: 16253544.41
Val - Loss, MSE, RMSE, MAE, MAPE: 29600520.00, 29600520.00, 5432.71, 4109.07, 4.49%
Test - Best epoch, Loss, MSE, RMSE, MAE, MAPE: 33, 33562496.00, 33562494.00, 5751.21, 4446.18, 4.73%
- Epoch 034, ExpID 69851
Train - Loss: 15755133.91
Val - Loss, MSE, RMSE, MAE, MAPE: 32099588.00, 32099588.00, 5662.54, 4275.16, 4.65%
Test - Best epoch, Loss, MSE, RMSE, MAE, MAPE: 33, 33562496.00, 33562494.00, 5751.21, 4446.18, 4.73%
- Epoch 035, ExpID 69851
Train - Loss: 15277810.18
Val - Loss, MSE, RMSE, MAE, MAPE: 31117076.00, 31117075.00, 5570.60, 4228.22, 4.60%
Test - Best epoch, Loss, MSE, RMSE, MAE, MAPE: 33, 33562496.00, 33562494.00, 5751.21, 4446.18, 4.73%
- Epoch 036, ExpID 69851
Train - Loss: 14295921.32
Val - Loss, MSE, RMSE, MAE, MAPE: 29845752.00, 29845752.00, 5439.66, 4124.09, 4.48%
Test - Best epoch, Loss, MSE, RMSE, MAE, MAPE: 33, 33562496.00, 33562494.00, 5751.21, 4446.18, 4.73%
- Epoch 037, ExpID 69851
Train - Loss: 13784535.41
Val - Loss, MSE, RMSE, MAE, MAPE: 29181288.00, 29181288.00, 5376.71, 4112.79, 4.49%
Test - Best epoch, Loss, MSE, RMSE, MAE, MAPE: 37, 30287852.00, 30287852.00, 5423.96, 4126.76, 4.38%
- Epoch 038, ExpID 69851
Train - Loss: 13750215.00
Val - Loss, MSE, RMSE, MAE, MAPE: 30977200.00, 30977200.00, 5535.14, 4243.41, 4.60%
Test - Best epoch, Loss, MSE, RMSE, MAE, MAPE: 37, 30287852.00, 30287852.00, 5423.96, 4126.76, 4.38%
- Epoch 039, ExpID 69851
Train - Loss: 13092061.23
Val - Loss, MSE, RMSE, MAE, MAPE: 30531120.00, 30531121.00, 5490.69, 4180.13, 4.54%
Test - Best epoch, Loss, MSE, RMSE, MAE, MAPE: 37, 30287852.00, 30287852.00, 5423.96, 4126.76, 4.38%
- Epoch 040, ExpID 69851
Train - Loss: 12638191.73
Val - Loss, MSE, RMSE, MAE, MAPE: 29841396.00, 29841396.00, 5415.67, 4159.91, 4.54%
Test - Best epoch, Loss, MSE, RMSE, MAE, MAPE: 37, 30287852.00, 30287852.00, 5423.96, 4126.76, 4.38%
- Epoch 041, ExpID 69851
Train - Loss: 12224364.36
Val - Loss, MSE, RMSE, MAE, MAPE: 30811840.00, 30811840.00, 5495.21, 4269.60, 4.63%
Test - Best epoch, Loss, MSE, RMSE, MAE, MAPE: 37, 30287852.00, 30287852.00, 5423.96, 4126.76, 4.38%
- Epoch 042, ExpID 69851
Train - Loss: 11792666.68
Val - Loss, MSE, RMSE, MAE, MAPE: 33006970.00, 33006970.00, 5662.02, 4375.28, 4.75%
Test - Best epoch, Loss, MSE, RMSE, MAE, MAPE: 37, 30287852.00, 30287852.00, 5423.96, 4126.76, 4.38%
- Epoch 043, ExpID 69851
Train - Loss: 11671409.36
Val - Loss, MSE, RMSE, MAE, MAPE: 32227212.00, 32227213.00, 5627.83, 4348.22, 4.70%
Test - Best epoch, Loss, MSE, RMSE, MAE, MAPE: 37, 30287852.00, 30287852.00, 5423.96, 4126.76, 4.38%
- Epoch 044, ExpID 69851
Train - Loss: 11770475.32
Val - Loss, MSE, RMSE, MAE, MAPE: 31346244.00, 31346245.00, 5547.92, 4310.91, 4.67%
Test - Best epoch, Loss, MSE, RMSE, MAE, MAPE: 37, 30287852.00, 30287852.00, 5423.96, 4126.76, 4.38%
- Epoch 045, ExpID 69851
Train - Loss: 11279322.00
Val - Loss, MSE, RMSE, MAE, MAPE: 32597244.00, 32597243.00, 5641.66, 4373.16, 4.75%
Test - Best epoch, Loss, MSE, RMSE, MAE, MAPE: 37, 30287852.00, 30287852.00, 5423.96, 4126.76, 4.38%
- Epoch 046, ExpID 69851
Train - Loss: 10813899.14
Val - Loss, MSE, RMSE, MAE, MAPE: 28584282.00, 28584282.00, 5309.01, 4080.21, 4.46%
Test - Best epoch, Loss, MSE, RMSE, MAE, MAPE: 46, 29442364.00, 29442363.00, 5402.77, 4153.20, 4.37%
- Epoch 047, ExpID 69851
Train - Loss: 10630097.59
Val - Loss, MSE, RMSE, MAE, MAPE: 29311208.00, 29311207.00, 5360.48, 4125.41, 4.49%
Test - Best epoch, Loss, MSE, RMSE, MAE, MAPE: 46, 29442364.00, 29442363.00, 5402.77, 4153.20, 4.37%
- Epoch 048, ExpID 69851
Train - Loss: 10382005.73
Val - Loss, MSE, RMSE, MAE, MAPE: 31384676.00, 31384677.00, 5525.71, 4251.43, 4.65%
Test - Best epoch, Loss, MSE, RMSE, MAE, MAPE: 46, 29442364.00, 29442363.00, 5402.77, 4153.20, 4.37%
- Epoch 049, ExpID 69851
Train - Loss: 10140742.95
Val - Loss, MSE, RMSE, MAE, MAPE: 30324956.00, 30324955.00, 5425.33, 4142.96, 4.52%
Test - Best epoch, Loss, MSE, RMSE, MAE, MAPE: 46, 29442364.00, 29442363.00, 5402.77, 4153.20, 4.37%
- Epoch 050, ExpID 69851
Train - Loss: 9994996.59
Val - Loss, MSE, RMSE, MAE, MAPE: 28959702.00, 28959702.00, 5333.16, 4072.83, 4.45%
Test - Best epoch, Loss, MSE, RMSE, MAE, MAPE: 46, 29442364.00, 29442363.00, 5402.77, 4153.20, 4.37%
- Epoch 051, ExpID 69851
Train - Loss: 9780517.55
Val - Loss, MSE, RMSE, MAE, MAPE: 31063320.00, 31063321.00, 5492.27, 4172.41, 4.56%
Test - Best epoch, Loss, MSE, RMSE, MAE, MAPE: 46, 29442364.00, 29442363.00, 5402.77, 4153.20, 4.37%
- Epoch 052, ExpID 69851
Train - Loss: 9604354.23
Val - Loss, MSE, RMSE, MAE, MAPE: 30250828.00, 30250829.00, 5444.07, 4147.13, 4.53%
Test - Best epoch, Loss, MSE, RMSE, MAE, MAPE: 46, 29442364.00, 29442363.00, 5402.77, 4153.20, 4.37%
- Epoch 053, ExpID 69851
Train - Loss: 9379703.77
Val - Loss, MSE, RMSE, MAE, MAPE: 29254212.00, 29254213.00, 5340.96, 4033.08, 4.42%
Test - Best epoch, Loss, MSE, RMSE, MAE, MAPE: 46, 29442364.00, 29442363.00, 5402.77, 4153.20, 4.37%
- Epoch 054, ExpID 69851
Train - Loss: 9233417.14
Val - Loss, MSE, RMSE, MAE, MAPE: 27502940.00, 27502941.00, 5195.82, 3945.26, 4.31%
Test - Best epoch, Loss, MSE, RMSE, MAE, MAPE: 54, 27861984.00, 27861984.00, 5267.19, 4046.52, 4.25%
- Epoch 055, ExpID 69851
Train - Loss: 9238894.36
Val - Loss, MSE, RMSE, MAE, MAPE: 28809206.00, 28809206.00, 5311.02, 3990.14, 4.39%
Test - Best epoch, Loss, MSE, RMSE, MAE, MAPE: 54, 27861984.00, 27861984.00, 5267.19, 4046.52, 4.25%
- Epoch 056, ExpID 69851
Train - Loss: 8930481.00
Val - Loss, MSE, RMSE, MAE, MAPE: 30107700.00, 30107701.00, 5429.82, 4118.96, 4.49%
Test - Best epoch, Loss, MSE, RMSE, MAE, MAPE: 54, 27861984.00, 27861984.00, 5267.19, 4046.52, 4.25%
- Epoch 057, ExpID 69851
Train - Loss: 8916196.36
Val - Loss, MSE, RMSE, MAE, MAPE: 29818964.00, 29818963.00, 5386.34, 4054.06, 4.42%
Test - Best epoch, Loss, MSE, RMSE, MAE, MAPE: 54, 27861984.00, 27861984.00, 5267.19, 4046.52, 4.25%
- Epoch 058, ExpID 69851
Train - Loss: 8962313.18
Val - Loss, MSE, RMSE, MAE, MAPE: 29168860.00, 29168861.00, 5328.02, 3993.57, 4.37%
Test - Best epoch, Loss, MSE, RMSE, MAE, MAPE: 54, 27861984.00, 27861984.00, 5267.19, 4046.52, 4.25%
- Epoch 059, ExpID 69851
Train - Loss: 8772047.14
Val - Loss, MSE, RMSE, MAE, MAPE: 29695560.00, 29695560.00, 5397.96, 4071.89, 4.45%
Test - Best epoch, Loss, MSE, RMSE, MAE, MAPE: 54, 27861984.00, 27861984.00, 5267.19, 4046.52, 4.25%
- Epoch 060, ExpID 69851
Train - Loss: 8525551.14
Val - Loss, MSE, RMSE, MAE, MAPE: 29998150.00, 29998150.00, 5416.30, 4052.25, 4.45%
Test - Best epoch, Loss, MSE, RMSE, MAE, MAPE: 54, 27861984.00, 27861984.00, 5267.19, 4046.52, 4.25%
- Epoch 061, ExpID 69851
Train - Loss: 8438160.00
Val - Loss, MSE, RMSE, MAE, MAPE: 29835364.00, 29835365.00, 5405.26, 4032.20, 4.43%
Test - Best epoch, Loss, MSE, RMSE, MAE, MAPE: 54, 27861984.00, 27861984.00, 5267.19, 4046.52, 4.25%
- Epoch 062, ExpID 69851
Train - Loss: 8327628.45
Val - Loss, MSE, RMSE, MAE, MAPE: 28960458.00, 28960458.00, 5316.02, 3928.30, 4.32%
Test - Best epoch, Loss, MSE, RMSE, MAE, MAPE: 54, 27861984.00, 27861984.00, 5267.19, 4046.52, 4.25%
- Epoch 063, ExpID 69851
Train - Loss: 8253820.93
Val - Loss, MSE, RMSE, MAE, MAPE: 28306028.00, 28306029.00, 5278.62, 3967.49, 4.35%
Test - Best epoch, Loss, MSE, RMSE, MAE, MAPE: 54, 27861984.00, 27861984.00, 5267.19, 4046.52, 4.25%
- Epoch 064, ExpID 69851
Train - Loss: 8248398.50
Val - Loss, MSE, RMSE, MAE, MAPE: 30470328.00, 30470328.00, 5450.90, 4079.39, 4.45%
Test - Best epoch, Loss, MSE, RMSE, MAE, MAPE: 54, 27861984.00, 27861984.00, 5267.19, 4046.52, 4.25%
Early Stopping at Epoch 64
Fold 2019 Best RMSE: 5267.1868
