DETAILED LOG | Model: timexer | Seed: 1
FULL CONFIG: {'gpu': '2', 'target': 'both', 'cv_start_year': 2017, 'cv_end_year': 2019, 'test_year': 2024, 'use_corona': False, 'seq_len': 365, 'label_len': 0, 'pred_len': 56, 'batch_size': 256, 'epochs': 1000, 'patience': 10, 'lr': 0.001, 'model': 'timexer', 'd_model': 256, 'n_heads': 8, 'n_layers': 6, 'dropout': 0.1, 'activation': 'gelu', 'patch_len': 14, 'factor': 5, 'norm_mode': 'revin', 'use_covar': True, 'use_dbloss': False, 'device': device(type='cuda'), 'stride': 16, 'file_path': 'dataset/airport_flight_with_holiday.csv', 'seed': 1, 'val_year': 2019, 'ndims': 2}

-------------------- [Fold: 2017] ExpID: 33432 --------------------
- Epoch 000, ExpID 33432
Train - Loss: 86846890.11
Val - Loss, MSE, RMSE, MAE, MAPE: 52576528.00, 52576526.00, 7056.57, 5660.25, 7.17%
Test - Best epoch, Loss, MSE, RMSE, MAE, MAPE: 0, 72249408.00, 72249404.00, 8491.98, 6314.99, 7.50%
- Epoch 001, ExpID 33432
Train - Loss: 30149993.89
Val - Loss, MSE, RMSE, MAE, MAPE: 47702668.00, 47702668.00, 6588.30, 5183.26, 6.42%
Test - Best epoch, Loss, MSE, RMSE, MAE, MAPE: 1, 65602428.00, 65602428.00, 8043.05, 5790.41, 6.73%
- Epoch 002, ExpID 33432
Train - Loss: 25645442.74
Val - Loss, MSE, RMSE, MAE, MAPE: 45063372.00, 45063373.00, 6441.38, 5134.96, 6.33%
Test - Best epoch, Loss, MSE, RMSE, MAE, MAPE: 2, 65800264.00, 65800262.00, 8057.95, 5758.11, 6.72%
- Epoch 003, ExpID 33432
Train - Loss: 22991350.74
Val - Loss, MSE, RMSE, MAE, MAPE: 34732032.00, 34732034.00, 5692.29, 4460.07, 5.58%
Test - Best epoch, Loss, MSE, RMSE, MAE, MAPE: 3, 63371952.00, 63371950.00, 7929.72, 5673.04, 6.74%
- Epoch 004, ExpID 33432
Train - Loss: 20390461.37
Val - Loss, MSE, RMSE, MAE, MAPE: 39979112.00, 39979112.00, 6017.01, 4773.44, 5.91%
Test - Best epoch, Loss, MSE, RMSE, MAE, MAPE: 3, 63371952.00, 63371950.00, 7929.72, 5673.04, 6.74%
- Epoch 005, ExpID 33432
Train - Loss: 19191671.58
Val - Loss, MSE, RMSE, MAE, MAPE: 29889264.00, 29889264.00, 5236.74, 4011.63, 5.02%
Test - Best epoch, Loss, MSE, RMSE, MAE, MAPE: 5, 62787420.00, 62787420.00, 7879.80, 5695.38, 6.75%
- Epoch 006, ExpID 33432
Train - Loss: 18118119.05
Val - Loss, MSE, RMSE, MAE, MAPE: 29675958.00, 29675958.00, 5204.98, 4008.07, 5.03%
Test - Best epoch, Loss, MSE, RMSE, MAE, MAPE: 6, 62426528.00, 62426526.00, 7859.30, 5674.86, 6.74%
- Epoch 007, ExpID 33432
Train - Loss: 17225575.84
Val - Loss, MSE, RMSE, MAE, MAPE: 32249386.00, 32249386.50, 5435.83, 4200.91, 5.25%
Test - Best epoch, Loss, MSE, RMSE, MAE, MAPE: 6, 62426528.00, 62426526.00, 7859.30, 5674.86, 6.74%
- Epoch 008, ExpID 33432
Train - Loss: 16677458.05
Val - Loss, MSE, RMSE, MAE, MAPE: 30611022.00, 30611021.50, 5310.22, 4117.81, 5.21%
Test - Best epoch, Loss, MSE, RMSE, MAE, MAPE: 6, 62426528.00, 62426526.00, 7859.30, 5674.86, 6.74%
- Epoch 009, ExpID 33432
Train - Loss: 16089822.16
Val - Loss, MSE, RMSE, MAE, MAPE: 30541900.00, 30541900.00, 5275.53, 4150.80, 5.24%
Test - Best epoch, Loss, MSE, RMSE, MAE, MAPE: 6, 62426528.00, 62426526.00, 7859.30, 5674.86, 6.74%
- Epoch 010, ExpID 33432
Train - Loss: 15678409.11
Val - Loss, MSE, RMSE, MAE, MAPE: 30711960.00, 30711960.00, 5278.62, 4074.64, 5.12%
Test - Best epoch, Loss, MSE, RMSE, MAE, MAPE: 6, 62426528.00, 62426526.00, 7859.30, 5674.86, 6.74%
- Epoch 011, ExpID 33432
Train - Loss: 15089264.26
Val - Loss, MSE, RMSE, MAE, MAPE: 33623308.00, 33623307.50, 5527.70, 4319.00, 5.40%
Test - Best epoch, Loss, MSE, RMSE, MAE, MAPE: 6, 62426528.00, 62426526.00, 7859.30, 5674.86, 6.74%
- Epoch 012, ExpID 33432
Train - Loss: 14848205.63
Val - Loss, MSE, RMSE, MAE, MAPE: 33342732.00, 33342733.00, 5558.74, 4327.32, 5.42%
Test - Best epoch, Loss, MSE, RMSE, MAE, MAPE: 6, 62426528.00, 62426526.00, 7859.30, 5674.86, 6.74%
- Epoch 013, ExpID 33432
Train - Loss: 14413753.79
Val - Loss, MSE, RMSE, MAE, MAPE: 29614946.00, 29614945.50, 5226.14, 4094.27, 5.20%
Test - Best epoch, Loss, MSE, RMSE, MAE, MAPE: 13, 66039672.00, 66039672.00, 8095.68, 5828.64, 6.99%
- Epoch 014, ExpID 33432
Train - Loss: 14140172.89
Val - Loss, MSE, RMSE, MAE, MAPE: 36819844.00, 36819844.50, 5800.51, 4546.79, 5.67%
Test - Best epoch, Loss, MSE, RMSE, MAE, MAPE: 13, 66039672.00, 66039672.00, 8095.68, 5828.64, 6.99%
- Epoch 015, ExpID 33432
Train - Loss: 13797420.05
Val - Loss, MSE, RMSE, MAE, MAPE: 30277140.00, 30277140.00, 5243.18, 4113.77, 5.21%
Test - Best epoch, Loss, MSE, RMSE, MAE, MAPE: 13, 66039672.00, 66039672.00, 8095.68, 5828.64, 6.99%
- Epoch 016, ExpID 33432
Train - Loss: 13593520.63
Val - Loss, MSE, RMSE, MAE, MAPE: 33144114.00, 33144114.00, 5492.55, 4309.64, 5.41%
Test - Best epoch, Loss, MSE, RMSE, MAE, MAPE: 13, 66039672.00, 66039672.00, 8095.68, 5828.64, 6.99%
- Epoch 017, ExpID 33432
Train - Loss: 13312347.11
Val - Loss, MSE, RMSE, MAE, MAPE: 33423880.00, 33423879.00, 5485.60, 4292.08, 5.37%
Test - Best epoch, Loss, MSE, RMSE, MAE, MAPE: 13, 66039672.00, 66039672.00, 8095.68, 5828.64, 6.99%
- Epoch 018, ExpID 33432
Train - Loss: 13066865.84
Val - Loss, MSE, RMSE, MAE, MAPE: 30674600.00, 30674600.00, 5317.98, 4175.99, 5.29%
Test - Best epoch, Loss, MSE, RMSE, MAE, MAPE: 13, 66039672.00, 66039672.00, 8095.68, 5828.64, 6.99%
- Epoch 019, ExpID 33432
Train - Loss: 12836391.26
Val - Loss, MSE, RMSE, MAE, MAPE: 33949972.00, 33949972.50, 5526.12, 4331.69, 5.42%
Test - Best epoch, Loss, MSE, RMSE, MAE, MAPE: 13, 66039672.00, 66039672.00, 8095.68, 5828.64, 6.99%
- Epoch 020, ExpID 33432
Train - Loss: 12559931.21
Val - Loss, MSE, RMSE, MAE, MAPE: 33374084.00, 33374084.50, 5511.41, 4306.82, 5.40%
Test - Best epoch, Loss, MSE, RMSE, MAE, MAPE: 13, 66039672.00, 66039672.00, 8095.68, 5828.64, 6.99%
- Epoch 021, ExpID 33432
Train - Loss: 12440554.68
Val - Loss, MSE, RMSE, MAE, MAPE: 32726222.00, 32726222.00, 5423.85, 4239.91, 5.31%
Test - Best epoch, Loss, MSE, RMSE, MAE, MAPE: 13, 66039672.00, 66039672.00, 8095.68, 5828.64, 6.99%
- Epoch 022, ExpID 33432
Train - Loss: 12191709.11
Val - Loss, MSE, RMSE, MAE, MAPE: 32203938.00, 32203938.50, 5396.92, 4240.40, 5.36%
Test - Best epoch, Loss, MSE, RMSE, MAE, MAPE: 13, 66039672.00, 66039672.00, 8095.68, 5828.64, 6.99%
- Epoch 023, ExpID 33432
Train - Loss: 11969388.84
Val - Loss, MSE, RMSE, MAE, MAPE: 31913308.00, 31913307.00, 5383.78, 4221.81, 5.30%
Test - Best epoch, Loss, MSE, RMSE, MAE, MAPE: 13, 66039672.00, 66039672.00, 8095.68, 5828.64, 6.99%
Early Stopping at Epoch 23
Fold 2017 Best RMSE: 8095.6831

-------------------- [Fold: 2018] ExpID: 40737 --------------------
- Epoch 000, ExpID 40737
Train - Loss: 95873339.80
Val - Loss, MSE, RMSE, MAE, MAPE: 72577632.00, 72577628.00, 8518.98, 6416.44, 7.75%
Test - Best epoch, Loss, MSE, RMSE, MAE, MAPE: 0, 46603584.00, 46603582.00, 6801.78, 5224.44, 5.79%
- Epoch 001, ExpID 40737
Train - Loss: 33580096.10
Val - Loss, MSE, RMSE, MAE, MAPE: 62518720.00, 62518722.00, 7890.83, 5659.85, 6.70%
Test - Best epoch, Loss, MSE, RMSE, MAE, MAPE: 1, 35977776.00, 35977778.00, 5984.10, 4574.17, 4.98%
- Epoch 002, ExpID 40737
Train - Loss: 28067732.20
Val - Loss, MSE, RMSE, MAE, MAPE: 63523724.00, 63523724.00, 7938.70, 5618.62, 6.60%
Test - Best epoch, Loss, MSE, RMSE, MAE, MAPE: 1, 35977776.00, 35977778.00, 5984.10, 4574.17, 4.98%
- Epoch 003, ExpID 40737
Train - Loss: 24748912.90
Val - Loss, MSE, RMSE, MAE, MAPE: 63762576.00, 63762574.00, 7947.07, 5632.81, 6.62%
Test - Best epoch, Loss, MSE, RMSE, MAE, MAPE: 1, 35977776.00, 35977778.00, 5984.10, 4574.17, 4.98%
- Epoch 004, ExpID 40737
Train - Loss: 22248274.70
Val - Loss, MSE, RMSE, MAE, MAPE: 63856728.00, 63856728.00, 7946.77, 5667.34, 6.66%
Test - Best epoch, Loss, MSE, RMSE, MAE, MAPE: 1, 35977776.00, 35977778.00, 5984.10, 4574.17, 4.98%
- Epoch 005, ExpID 40737
Train - Loss: 20748462.30
Val - Loss, MSE, RMSE, MAE, MAPE: 63576856.00, 63576858.00, 7935.42, 5689.06, 6.72%
Test - Best epoch, Loss, MSE, RMSE, MAE, MAPE: 1, 35977776.00, 35977778.00, 5984.10, 4574.17, 4.98%
- Epoch 006, ExpID 40737
Train - Loss: 19575570.30
Val - Loss, MSE, RMSE, MAE, MAPE: 64175924.00, 64175924.00, 7963.02, 5731.81, 6.81%
Test - Best epoch, Loss, MSE, RMSE, MAE, MAPE: 1, 35977776.00, 35977778.00, 5984.10, 4574.17, 4.98%
- Epoch 007, ExpID 40737
Train - Loss: 18701590.90
Val - Loss, MSE, RMSE, MAE, MAPE: 63165896.00, 63165896.00, 7902.39, 5652.34, 6.69%
Test - Best epoch, Loss, MSE, RMSE, MAE, MAPE: 1, 35977776.00, 35977778.00, 5984.10, 4574.17, 4.98%
- Epoch 008, ExpID 40737
Train - Loss: 18004417.70
Val - Loss, MSE, RMSE, MAE, MAPE: 65725040.00, 65725038.00, 8051.09, 5834.13, 6.91%
Test - Best epoch, Loss, MSE, RMSE, MAE, MAPE: 1, 35977776.00, 35977778.00, 5984.10, 4574.17, 4.98%
- Epoch 009, ExpID 40737
Train - Loss: 17477074.65
Val - Loss, MSE, RMSE, MAE, MAPE: 63865304.00, 63865304.00, 7939.33, 5709.34, 6.78%
Test - Best epoch, Loss, MSE, RMSE, MAE, MAPE: 1, 35977776.00, 35977778.00, 5984.10, 4574.17, 4.98%
- Epoch 010, ExpID 40737
Train - Loss: 16993245.90
Val - Loss, MSE, RMSE, MAE, MAPE: 64714752.00, 64714750.00, 8001.70, 5781.50, 6.86%
Test - Best epoch, Loss, MSE, RMSE, MAE, MAPE: 1, 35977776.00, 35977778.00, 5984.10, 4574.17, 4.98%
- Epoch 011, ExpID 40737
Train - Loss: 16532496.65
Val - Loss, MSE, RMSE, MAE, MAPE: 61912012.00, 61912012.00, 7829.18, 5536.51, 6.58%
Test - Best epoch, Loss, MSE, RMSE, MAE, MAPE: 11, 29907820.00, 29907820.00, 5446.57, 3906.68, 4.31%
- Epoch 012, ExpID 40737
Train - Loss: 16034235.65
Val - Loss, MSE, RMSE, MAE, MAPE: 62903616.00, 62903614.00, 7898.24, 5656.93, 6.76%
Test - Best epoch, Loss, MSE, RMSE, MAE, MAPE: 11, 29907820.00, 29907820.00, 5446.57, 3906.68, 4.31%
- Epoch 013, ExpID 40737
Train - Loss: 15543202.10
Val - Loss, MSE, RMSE, MAE, MAPE: 63056600.00, 63056602.00, 7897.10, 5665.59, 6.74%
Test - Best epoch, Loss, MSE, RMSE, MAE, MAPE: 11, 29907820.00, 29907820.00, 5446.57, 3906.68, 4.31%
- Epoch 014, ExpID 40737
Train - Loss: 15063080.65
Val - Loss, MSE, RMSE, MAE, MAPE: 62803096.00, 62803098.00, 7875.59, 5646.61, 6.68%
Test - Best epoch, Loss, MSE, RMSE, MAE, MAPE: 11, 29907820.00, 29907820.00, 5446.57, 3906.68, 4.31%
- Epoch 015, ExpID 40737
Train - Loss: 14963425.25
Val - Loss, MSE, RMSE, MAE, MAPE: 61859576.00, 61859576.00, 7827.40, 5622.55, 6.68%
Test - Best epoch, Loss, MSE, RMSE, MAE, MAPE: 15, 29065644.00, 29065644.00, 5371.69, 3892.12, 4.28%
- Epoch 016, ExpID 40737
Train - Loss: 14672797.40
Val - Loss, MSE, RMSE, MAE, MAPE: 63314248.00, 63314250.00, 7885.76, 5700.47, 6.72%
Test - Best epoch, Loss, MSE, RMSE, MAE, MAPE: 15, 29065644.00, 29065644.00, 5371.69, 3892.12, 4.28%
- Epoch 017, ExpID 40737
Train - Loss: 14291074.50
Val - Loss, MSE, RMSE, MAE, MAPE: 63293520.00, 63293518.00, 7891.75, 5769.46, 6.83%
Test - Best epoch, Loss, MSE, RMSE, MAE, MAPE: 15, 29065644.00, 29065644.00, 5371.69, 3892.12, 4.28%
- Epoch 018, ExpID 40737
Train - Loss: 13992297.10
Val - Loss, MSE, RMSE, MAE, MAPE: 61937384.00, 61937386.00, 7838.43, 5637.17, 6.71%
Test - Best epoch, Loss, MSE, RMSE, MAE, MAPE: 15, 29065644.00, 29065644.00, 5371.69, 3892.12, 4.28%
- Epoch 019, ExpID 40737
Train - Loss: 13819290.50
Val - Loss, MSE, RMSE, MAE, MAPE: 62634344.00, 62634344.00, 7856.46, 5697.61, 6.73%
Test - Best epoch, Loss, MSE, RMSE, MAE, MAPE: 15, 29065644.00, 29065644.00, 5371.69, 3892.12, 4.28%
- Epoch 020, ExpID 40737
Train - Loss: 13419742.35
Val - Loss, MSE, RMSE, MAE, MAPE: 61478884.00, 61478884.00, 7784.65, 5652.30, 6.68%
Test - Best epoch, Loss, MSE, RMSE, MAE, MAPE: 20, 29967476.00, 29967476.00, 5452.58, 4009.36, 4.39%
- Epoch 021, ExpID 40737
Train - Loss: 13179206.70
Val - Loss, MSE, RMSE, MAE, MAPE: 61051320.00, 61051322.00, 7776.23, 5601.33, 6.65%
Test - Best epoch, Loss, MSE, RMSE, MAE, MAPE: 21, 30119188.00, 30119189.00, 5455.13, 3995.43, 4.39%
- Epoch 022, ExpID 40737
Train - Loss: 12906406.80
Val - Loss, MSE, RMSE, MAE, MAPE: 60243216.00, 60243218.00, 7736.05, 5542.49, 6.59%
Test - Best epoch, Loss, MSE, RMSE, MAE, MAPE: 22, 29336556.00, 29336556.00, 5382.46, 3946.39, 4.35%
- Epoch 023, ExpID 40737
Train - Loss: 12874368.40
Val - Loss, MSE, RMSE, MAE, MAPE: 60751560.00, 60751560.00, 7745.00, 5573.55, 6.58%
Test - Best epoch, Loss, MSE, RMSE, MAE, MAPE: 22, 29336556.00, 29336556.00, 5382.46, 3946.39, 4.35%
- Epoch 024, ExpID 40737
Train - Loss: 12737490.00
Val - Loss, MSE, RMSE, MAE, MAPE: 59399360.00, 59399360.00, 7674.13, 5481.33, 6.50%
Test - Best epoch, Loss, MSE, RMSE, MAE, MAPE: 24, 29058460.00, 29058459.00, 5354.51, 3938.41, 4.32%
- Epoch 025, ExpID 40737
Train - Loss: 12384330.60
Val - Loss, MSE, RMSE, MAE, MAPE: 60130184.00, 60130186.00, 7708.84, 5539.28, 6.52%
Test - Best epoch, Loss, MSE, RMSE, MAE, MAPE: 24, 29058460.00, 29058459.00, 5354.51, 3938.41, 4.32%
- Epoch 026, ExpID 40737
Train - Loss: 12147099.85
Val - Loss, MSE, RMSE, MAE, MAPE: 57907808.00, 57907810.00, 7577.74, 5425.86, 6.45%
Test - Best epoch, Loss, MSE, RMSE, MAE, MAPE: 26, 28708618.00, 28708618.00, 5319.81, 3925.52, 4.31%
- Epoch 027, ExpID 40737
Train - Loss: 11936424.60
Val - Loss, MSE, RMSE, MAE, MAPE: 57708168.00, 57708170.00, 7573.43, 5399.06, 6.42%
Test - Best epoch, Loss, MSE, RMSE, MAE, MAPE: 27, 29402708.00, 29402708.00, 5378.62, 3928.01, 4.32%
- Epoch 028, ExpID 40737
Train - Loss: 11915634.70
Val - Loss, MSE, RMSE, MAE, MAPE: 58067504.00, 58067502.00, 7580.64, 5431.61, 6.44%
Test - Best epoch, Loss, MSE, RMSE, MAE, MAPE: 27, 29402708.00, 29402708.00, 5378.62, 3928.01, 4.32%
- Epoch 029, ExpID 40737
Train - Loss: 11675633.65
Val - Loss, MSE, RMSE, MAE, MAPE: 58594608.00, 58594608.00, 7602.19, 5481.13, 6.47%
Test - Best epoch, Loss, MSE, RMSE, MAE, MAPE: 27, 29402708.00, 29402708.00, 5378.62, 3928.01, 4.32%
- Epoch 030, ExpID 40737
Train - Loss: 11617931.45
Val - Loss, MSE, RMSE, MAE, MAPE: 58204484.00, 58204484.00, 7593.07, 5375.20, 6.35%
Test - Best epoch, Loss, MSE, RMSE, MAE, MAPE: 27, 29402708.00, 29402708.00, 5378.62, 3928.01, 4.32%
- Epoch 031, ExpID 40737
Train - Loss: 11597612.95
Val - Loss, MSE, RMSE, MAE, MAPE: 57267168.00, 57267168.00, 7541.26, 5356.92, 6.36%
Test - Best epoch, Loss, MSE, RMSE, MAE, MAPE: 31, 30231348.00, 30231347.00, 5470.10, 4066.00, 4.44%
- Epoch 032, ExpID 40737
Train - Loss: 11825373.40
Val - Loss, MSE, RMSE, MAE, MAPE: 58932740.00, 58932740.00, 7642.26, 5472.56, 6.46%
Test - Best epoch, Loss, MSE, RMSE, MAE, MAPE: 31, 30231348.00, 30231347.00, 5470.10, 4066.00, 4.44%
- Epoch 033, ExpID 40737
Train - Loss: 11539828.40
Val - Loss, MSE, RMSE, MAE, MAPE: 58218552.00, 58218550.00, 7583.74, 5484.74, 6.49%
Test - Best epoch, Loss, MSE, RMSE, MAE, MAPE: 31, 30231348.00, 30231347.00, 5470.10, 4066.00, 4.44%
- Epoch 034, ExpID 40737
Train - Loss: 11184491.90
Val - Loss, MSE, RMSE, MAE, MAPE: 57160484.00, 57160484.00, 7534.58, 5330.87, 6.33%
Test - Best epoch, Loss, MSE, RMSE, MAE, MAPE: 34, 28781940.00, 28781941.00, 5323.00, 3946.86, 4.33%
- Epoch 035, ExpID 40737
Train - Loss: 10887819.60
Val - Loss, MSE, RMSE, MAE, MAPE: 57047216.00, 57047214.00, 7529.94, 5377.15, 6.40%
Test - Best epoch, Loss, MSE, RMSE, MAE, MAPE: 35, 29259852.00, 29259851.00, 5376.92, 4020.89, 4.41%
- Epoch 036, ExpID 40737
Train - Loss: 10746285.65
Val - Loss, MSE, RMSE, MAE, MAPE: 56293884.00, 56293884.00, 7470.85, 5320.17, 6.31%
Test - Best epoch, Loss, MSE, RMSE, MAE, MAPE: 36, 29305100.00, 29305101.00, 5384.52, 4000.00, 4.38%
- Epoch 037, ExpID 40737
Train - Loss: 10520058.80
Val - Loss, MSE, RMSE, MAE, MAPE: 57283972.00, 57283972.00, 7528.70, 5346.82, 6.32%
Test - Best epoch, Loss, MSE, RMSE, MAE, MAPE: 36, 29305100.00, 29305101.00, 5384.52, 4000.00, 4.38%
- Epoch 038, ExpID 40737
Train - Loss: 10438077.90
Val - Loss, MSE, RMSE, MAE, MAPE: 57116736.00, 57116738.00, 7521.74, 5360.87, 6.33%
Test - Best epoch, Loss, MSE, RMSE, MAE, MAPE: 36, 29305100.00, 29305101.00, 5384.52, 4000.00, 4.38%
- Epoch 039, ExpID 40737
Train - Loss: 10243722.65
Val - Loss, MSE, RMSE, MAE, MAPE: 55810008.00, 55810010.00, 7439.93, 5294.97, 6.28%
Test - Best epoch, Loss, MSE, RMSE, MAE, MAPE: 39, 28991798.00, 28991798.00, 5360.27, 4018.41, 4.39%
- Epoch 040, ExpID 40737
Train - Loss: 10111827.15
Val - Loss, MSE, RMSE, MAE, MAPE: 55983880.00, 55983882.00, 7446.88, 5311.15, 6.28%
Test - Best epoch, Loss, MSE, RMSE, MAE, MAPE: 39, 28991798.00, 28991798.00, 5360.27, 4018.41, 4.39%
- Epoch 041, ExpID 40737
Train - Loss: 10073250.00
Val - Loss, MSE, RMSE, MAE, MAPE: 55691624.00, 55691622.00, 7441.24, 5259.36, 6.26%
Test - Best epoch, Loss, MSE, RMSE, MAE, MAPE: 41, 28860236.00, 28860237.00, 5329.93, 3970.18, 4.35%
- Epoch 042, ExpID 40737
Train - Loss: 9928686.90
Val - Loss, MSE, RMSE, MAE, MAPE: 55760356.00, 55760356.00, 7434.57, 5249.36, 6.21%
Test - Best epoch, Loss, MSE, RMSE, MAE, MAPE: 41, 28860236.00, 28860237.00, 5329.93, 3970.18, 4.35%
- Epoch 043, ExpID 40737
Train - Loss: 9842918.00
Val - Loss, MSE, RMSE, MAE, MAPE: 56185768.00, 56185768.00, 7459.82, 5342.26, 6.31%
Test - Best epoch, Loss, MSE, RMSE, MAE, MAPE: 41, 28860236.00, 28860237.00, 5329.93, 3970.18, 4.35%
- Epoch 044, ExpID 40737
Train - Loss: 9724362.00
Val - Loss, MSE, RMSE, MAE, MAPE: 56212676.00, 56212676.00, 7463.91, 5298.19, 6.27%
Test - Best epoch, Loss, MSE, RMSE, MAE, MAPE: 41, 28860236.00, 28860237.00, 5329.93, 3970.18, 4.35%
- Epoch 045, ExpID 40737
Train - Loss: 9629506.25
Val - Loss, MSE, RMSE, MAE, MAPE: 56711340.00, 56711340.00, 7501.78, 5355.30, 6.35%
Test - Best epoch, Loss, MSE, RMSE, MAE, MAPE: 41, 28860236.00, 28860237.00, 5329.93, 3970.18, 4.35%
- Epoch 046, ExpID 40737
Train - Loss: 9440936.40
Val - Loss, MSE, RMSE, MAE, MAPE: 56025800.00, 56025800.00, 7452.19, 5259.52, 6.22%
Test - Best epoch, Loss, MSE, RMSE, MAE, MAPE: 41, 28860236.00, 28860237.00, 5329.93, 3970.18, 4.35%
- Epoch 047, ExpID 40737
Train - Loss: 9361517.55
Val - Loss, MSE, RMSE, MAE, MAPE: 56112208.00, 56112210.00, 7462.30, 5288.28, 6.27%
Test - Best epoch, Loss, MSE, RMSE, MAE, MAPE: 41, 28860236.00, 28860237.00, 5329.93, 3970.18, 4.35%
- Epoch 048, ExpID 40737
Train - Loss: 9253657.45
Val - Loss, MSE, RMSE, MAE, MAPE: 56185380.00, 56185380.00, 7467.45, 5290.12, 6.27%
Test - Best epoch, Loss, MSE, RMSE, MAE, MAPE: 41, 28860236.00, 28860237.00, 5329.93, 3970.18, 4.35%
- Epoch 049, ExpID 40737
Train - Loss: 9147250.50
Val - Loss, MSE, RMSE, MAE, MAPE: 56779624.00, 56779624.00, 7504.59, 5332.83, 6.32%
Test - Best epoch, Loss, MSE, RMSE, MAE, MAPE: 41, 28860236.00, 28860237.00, 5329.93, 3970.18, 4.35%
- Epoch 050, ExpID 40737
Train - Loss: 9074702.15
Val - Loss, MSE, RMSE, MAE, MAPE: 55937760.00, 55937758.00, 7453.16, 5301.59, 6.29%
Test - Best epoch, Loss, MSE, RMSE, MAE, MAPE: 41, 28860236.00, 28860237.00, 5329.93, 3970.18, 4.35%
- Epoch 051, ExpID 40737
Train - Loss: 8970219.20
Val - Loss, MSE, RMSE, MAE, MAPE: 56658152.00, 56658154.00, 7492.30, 5284.64, 6.25%
Test - Best epoch, Loss, MSE, RMSE, MAE, MAPE: 41, 28860236.00, 28860237.00, 5329.93, 3970.18, 4.35%
Early Stopping at Epoch 51
Fold 2018 Best RMSE: 5329.9348

-------------------- [Fold: 2019] ExpID: 14359 --------------------
- Epoch 000, ExpID 14359
Train - Loss: 93987716.91
Val - Loss, MSE, RMSE, MAE, MAPE: 42902368.00, 42902370.00, 6533.08, 5048.45, 5.56%
Test - Best epoch, Loss, MSE, RMSE, MAE, MAPE: 0, 56925252.00, 56925252.00, 7513.77, 5847.53, 6.36%
- Epoch 001, ExpID 14359
Train - Loss: 33989419.82
Val - Loss, MSE, RMSE, MAE, MAPE: 42601976.00, 42601976.00, 6524.97, 5107.29, 5.46%
Test - Best epoch, Loss, MSE, RMSE, MAE, MAPE: 1, 36545232.00, 36545230.00, 5951.52, 4535.14, 4.81%
- Epoch 002, ExpID 14359
Train - Loss: 29052344.55
Val - Loss, MSE, RMSE, MAE, MAPE: 34307896.00, 34307896.00, 5854.65, 4408.95, 4.82%
Test - Best epoch, Loss, MSE, RMSE, MAE, MAPE: 2, 32790396.00, 32790397.00, 5611.44, 4207.65, 4.52%
- Epoch 003, ExpID 14359
Train - Loss: 25529894.45
Val - Loss, MSE, RMSE, MAE, MAPE: 33848252.00, 33848253.00, 5808.83, 4288.02, 4.67%
Test - Best epoch, Loss, MSE, RMSE, MAE, MAPE: 3, 28602106.00, 28602105.50, 5215.50, 3842.41, 4.11%
- Epoch 004, ExpID 14359
Train - Loss: 23849691.55
Val - Loss, MSE, RMSE, MAE, MAPE: 31461416.00, 31461416.00, 5598.68, 4012.04, 4.43%
Test - Best epoch, Loss, MSE, RMSE, MAE, MAPE: 4, 30066852.00, 30066852.00, 5377.25, 4004.32, 4.34%
- Epoch 005, ExpID 14359
Train - Loss: 22432740.64
Val - Loss, MSE, RMSE, MAE, MAPE: 31943756.00, 31943756.00, 5640.18, 4020.65, 4.41%
Test - Best epoch, Loss, MSE, RMSE, MAE, MAPE: 4, 30066852.00, 30066852.00, 5377.25, 4004.32, 4.34%
- Epoch 006, ExpID 14359
Train - Loss: 21499666.73
Val - Loss, MSE, RMSE, MAE, MAPE: 31023136.00, 31023137.00, 5554.29, 3985.08, 4.37%
Test - Best epoch, Loss, MSE, RMSE, MAE, MAPE: 6, 27700736.00, 27700735.50, 5105.98, 3736.89, 4.01%
- Epoch 007, ExpID 14359
Train - Loss: 20686621.73
Val - Loss, MSE, RMSE, MAE, MAPE: 32573028.00, 32573028.00, 5684.27, 4036.94, 4.45%
Test - Best epoch, Loss, MSE, RMSE, MAE, MAPE: 6, 27700736.00, 27700735.50, 5105.98, 3736.89, 4.01%
- Epoch 008, ExpID 14359
Train - Loss: 19866732.64
Val - Loss, MSE, RMSE, MAE, MAPE: 30994088.00, 30994087.00, 5548.78, 3950.37, 4.36%
Test - Best epoch, Loss, MSE, RMSE, MAE, MAPE: 8, 28334214.00, 28334214.50, 5147.41, 3789.50, 4.08%
- Epoch 009, ExpID 14359
Train - Loss: 19106834.18
Val - Loss, MSE, RMSE, MAE, MAPE: 33711384.00, 33711384.00, 5789.52, 4216.51, 4.61%
Test - Best epoch, Loss, MSE, RMSE, MAE, MAPE: 8, 28334214.00, 28334214.50, 5147.41, 3789.50, 4.08%
- Epoch 010, ExpID 14359
Train - Loss: 18992236.00
Val - Loss, MSE, RMSE, MAE, MAPE: 31090344.00, 31090344.00, 5558.90, 3985.50, 4.38%
Test - Best epoch, Loss, MSE, RMSE, MAE, MAPE: 8, 28334214.00, 28334214.50, 5147.41, 3789.50, 4.08%
- Epoch 011, ExpID 14359
Train - Loss: 18251764.91
Val - Loss, MSE, RMSE, MAE, MAPE: 31754184.00, 31754184.00, 5605.28, 3984.32, 4.42%
Test - Best epoch, Loss, MSE, RMSE, MAE, MAPE: 8, 28334214.00, 28334214.50, 5147.41, 3789.50, 4.08%
- Epoch 012, ExpID 14359
Train - Loss: 17775769.68
Val - Loss, MSE, RMSE, MAE, MAPE: 31581540.00, 31581540.00, 5583.40, 3933.73, 4.35%
Test - Best epoch, Loss, MSE, RMSE, MAE, MAPE: 8, 28334214.00, 28334214.50, 5147.41, 3789.50, 4.08%
- Epoch 013, ExpID 14359
Train - Loss: 17008990.91
Val - Loss, MSE, RMSE, MAE, MAPE: 32165892.00, 32165893.00, 5621.73, 3957.46, 4.40%
Test - Best epoch, Loss, MSE, RMSE, MAE, MAPE: 8, 28334214.00, 28334214.50, 5147.41, 3789.50, 4.08%
- Epoch 014, ExpID 14359
Train - Loss: 16754122.55
Val - Loss, MSE, RMSE, MAE, MAPE: 30230636.00, 30230636.00, 5450.05, 3867.34, 4.28%
Test - Best epoch, Loss, MSE, RMSE, MAE, MAPE: 14, 28002540.00, 28002540.50, 5135.12, 3817.24, 4.08%
- Epoch 015, ExpID 14359
Train - Loss: 16450296.18
Val - Loss, MSE, RMSE, MAE, MAPE: 31932152.00, 31932153.00, 5608.48, 4009.44, 4.41%
Test - Best epoch, Loss, MSE, RMSE, MAE, MAPE: 14, 28002540.00, 28002540.50, 5135.12, 3817.24, 4.08%
- Epoch 016, ExpID 14359
Train - Loss: 15928553.50
Val - Loss, MSE, RMSE, MAE, MAPE: 32025022.00, 32025022.00, 5613.40, 3935.84, 4.36%
Test - Best epoch, Loss, MSE, RMSE, MAE, MAPE: 14, 28002540.00, 28002540.50, 5135.12, 3817.24, 4.08%
- Epoch 017, ExpID 14359
Train - Loss: 15400668.27
Val - Loss, MSE, RMSE, MAE, MAPE: 31447324.00, 31447325.00, 5555.48, 4024.61, 4.41%
Test - Best epoch, Loss, MSE, RMSE, MAE, MAPE: 14, 28002540.00, 28002540.50, 5135.12, 3817.24, 4.08%
- Epoch 018, ExpID 14359
Train - Loss: 15262204.32
Val - Loss, MSE, RMSE, MAE, MAPE: 28988780.00, 28988780.00, 5338.64, 3841.16, 4.24%
Test - Best epoch, Loss, MSE, RMSE, MAE, MAPE: 18, 29273906.00, 29273906.00, 5320.18, 4025.50, 4.28%
- Epoch 019, ExpID 14359
Train - Loss: 15101535.50
Val - Loss, MSE, RMSE, MAE, MAPE: 30177296.00, 30177297.00, 5432.31, 3890.21, 4.30%
Test - Best epoch, Loss, MSE, RMSE, MAE, MAPE: 18, 29273906.00, 29273906.00, 5320.18, 4025.50, 4.28%
- Epoch 020, ExpID 14359
Train - Loss: 14581666.00
Val - Loss, MSE, RMSE, MAE, MAPE: 29862376.00, 29862375.00, 5423.34, 3921.05, 4.31%
Test - Best epoch, Loss, MSE, RMSE, MAE, MAPE: 18, 29273906.00, 29273906.00, 5320.18, 4025.50, 4.28%
- Epoch 021, ExpID 14359
Train - Loss: 14277474.45
Val - Loss, MSE, RMSE, MAE, MAPE: 31202236.00, 31202235.00, 5530.86, 3955.00, 4.39%
Test - Best epoch, Loss, MSE, RMSE, MAE, MAPE: 18, 29273906.00, 29273906.00, 5320.18, 4025.50, 4.28%
- Epoch 022, ExpID 14359
Train - Loss: 13939375.68
Val - Loss, MSE, RMSE, MAE, MAPE: 29370084.00, 29370083.00, 5383.10, 3896.81, 4.28%
Test - Best epoch, Loss, MSE, RMSE, MAE, MAPE: 18, 29273906.00, 29273906.00, 5320.18, 4025.50, 4.28%
- Epoch 023, ExpID 14359
Train - Loss: 13591663.41
Val - Loss, MSE, RMSE, MAE, MAPE: 29156644.00, 29156643.00, 5355.49, 3886.23, 4.26%
Test - Best epoch, Loss, MSE, RMSE, MAE, MAPE: 18, 29273906.00, 29273906.00, 5320.18, 4025.50, 4.28%
- Epoch 024, ExpID 14359
Train - Loss: 13361229.77
Val - Loss, MSE, RMSE, MAE, MAPE: 28956938.00, 28956938.00, 5338.91, 3877.97, 4.26%
Test - Best epoch, Loss, MSE, RMSE, MAE, MAPE: 24, 30301448.00, 30301449.00, 5427.59, 4094.93, 4.34%
- Epoch 025, ExpID 14359
Train - Loss: 13248599.50
Val - Loss, MSE, RMSE, MAE, MAPE: 29406402.00, 29406402.00, 5375.71, 3913.69, 4.30%
Test - Best epoch, Loss, MSE, RMSE, MAE, MAPE: 24, 30301448.00, 30301449.00, 5427.59, 4094.93, 4.34%
- Epoch 026, ExpID 14359
Train - Loss: 13031957.23
Val - Loss, MSE, RMSE, MAE, MAPE: 29227916.00, 29227915.00, 5357.77, 3934.59, 4.34%
Test - Best epoch, Loss, MSE, RMSE, MAE, MAPE: 24, 30301448.00, 30301449.00, 5427.59, 4094.93, 4.34%
- Epoch 027, ExpID 14359
Train - Loss: 12807530.77
Val - Loss, MSE, RMSE, MAE, MAPE: 30134214.00, 30134214.00, 5442.60, 3937.03, 4.34%
Test - Best epoch, Loss, MSE, RMSE, MAE, MAPE: 24, 30301448.00, 30301449.00, 5427.59, 4094.93, 4.34%
- Epoch 028, ExpID 14359
Train - Loss: 12631589.00
Val - Loss, MSE, RMSE, MAE, MAPE: 30033160.00, 30033160.00, 5424.15, 3930.18, 4.32%
Test - Best epoch, Loss, MSE, RMSE, MAE, MAPE: 24, 30301448.00, 30301449.00, 5427.59, 4094.93, 4.34%
- Epoch 029, ExpID 14359
Train - Loss: 12484220.45
Val - Loss, MSE, RMSE, MAE, MAPE: 29440952.00, 29440952.00, 5377.36, 3892.29, 4.29%
Test - Best epoch, Loss, MSE, RMSE, MAE, MAPE: 24, 30301448.00, 30301449.00, 5427.59, 4094.93, 4.34%
- Epoch 030, ExpID 14359
Train - Loss: 12321943.64
Val - Loss, MSE, RMSE, MAE, MAPE: 28877584.00, 28877585.00, 5321.05, 3840.83, 4.23%
Test - Best epoch, Loss, MSE, RMSE, MAE, MAPE: 30, 30532510.00, 30532510.00, 5449.60, 4144.23, 4.40%
- Epoch 031, ExpID 14359
Train - Loss: 12167520.00
Val - Loss, MSE, RMSE, MAE, MAPE: 29770632.00, 29770631.00, 5414.58, 3962.58, 4.36%
Test - Best epoch, Loss, MSE, RMSE, MAE, MAPE: 30, 30532510.00, 30532510.00, 5449.60, 4144.23, 4.40%
- Epoch 032, ExpID 14359
Train - Loss: 11877234.64
Val - Loss, MSE, RMSE, MAE, MAPE: 29477276.00, 29477276.00, 5385.83, 3937.89, 4.30%
Test - Best epoch, Loss, MSE, RMSE, MAE, MAPE: 30, 30532510.00, 30532510.00, 5449.60, 4144.23, 4.40%
- Epoch 033, ExpID 14359
Train - Loss: 11847629.50
Val - Loss, MSE, RMSE, MAE, MAPE: 28994390.00, 28994390.00, 5339.90, 3875.39, 4.25%
Test - Best epoch, Loss, MSE, RMSE, MAE, MAPE: 30, 30532510.00, 30532510.00, 5449.60, 4144.23, 4.40%
- Epoch 034, ExpID 14359
Train - Loss: 11588006.91
Val - Loss, MSE, RMSE, MAE, MAPE: 29792904.00, 29792905.00, 5398.88, 3915.88, 4.31%
Test - Best epoch, Loss, MSE, RMSE, MAE, MAPE: 30, 30532510.00, 30532510.00, 5449.60, 4144.23, 4.40%
- Epoch 035, ExpID 14359
Train - Loss: 11475428.27
Val - Loss, MSE, RMSE, MAE, MAPE: 29228460.00, 29228460.00, 5348.86, 3871.07, 4.27%
Test - Best epoch, Loss, MSE, RMSE, MAE, MAPE: 30, 30532510.00, 30532510.00, 5449.60, 4144.23, 4.40%
- Epoch 036, ExpID 14359
Train - Loss: 11323184.27
Val - Loss, MSE, RMSE, MAE, MAPE: 29908470.00, 29908470.00, 5411.78, 3921.25, 4.32%
Test - Best epoch, Loss, MSE, RMSE, MAE, MAPE: 30, 30532510.00, 30532510.00, 5449.60, 4144.23, 4.40%
- Epoch 037, ExpID 14359
Train - Loss: 11245911.59
Val - Loss, MSE, RMSE, MAE, MAPE: 29835310.00, 29835310.00, 5402.61, 3909.23, 4.30%
Test - Best epoch, Loss, MSE, RMSE, MAE, MAPE: 30, 30532510.00, 30532510.00, 5449.60, 4144.23, 4.40%
- Epoch 038, ExpID 14359
Train - Loss: 11125739.55
Val - Loss, MSE, RMSE, MAE, MAPE: 29531146.00, 29531146.00, 5376.71, 3895.11, 4.27%
Test - Best epoch, Loss, MSE, RMSE, MAE, MAPE: 30, 30532510.00, 30532510.00, 5449.60, 4144.23, 4.40%
- Epoch 039, ExpID 14359
Train - Loss: 10988689.91
Val - Loss, MSE, RMSE, MAE, MAPE: 29411196.00, 29411197.00, 5365.86, 3877.98, 4.26%
Test - Best epoch, Loss, MSE, RMSE, MAE, MAPE: 30, 30532510.00, 30532510.00, 5449.60, 4144.23, 4.40%
- Epoch 040, ExpID 14359
Train - Loss: 10874700.36
Val - Loss, MSE, RMSE, MAE, MAPE: 29177498.00, 29177498.00, 5346.74, 3867.17, 4.25%
Test - Best epoch, Loss, MSE, RMSE, MAE, MAPE: 30, 30532510.00, 30532510.00, 5449.60, 4144.23, 4.40%
Early Stopping at Epoch 40
Fold 2019 Best RMSE: 5449.5972
