DETAILED LOG | Model: timexer | Seed: 1
FULL CONFIG: {'gpu': '2', 'target': 'both', 'cv_start_year': 2017, 'cv_end_year': 2019, 'test_year': 2024, 'use_corona': False, 'seq_len': 91, 'label_len': 0, 'pred_len': 56, 'batch_size': 256, 'epochs': 1000, 'patience': 10, 'lr': 0.0001, 'model': 'timexer', 'd_model': 256, 'n_heads': 2, 'n_layers': 4, 'dropout': 0.1, 'activation': 'gelu', 'patch_len': 14, 'factor': 5, 'norm_mode': 'revin', 'use_covar': True, 'use_dbloss': False, 'device': device(type='cuda'), 'stride': 16, 'file_path': 'dataset/airport_flight_with_holiday.csv', 'seed': 1, 'val_year': 2019, 'ndims': 2}

-------------------- [Fold: 2017] ExpID: 33739 --------------------
- Epoch 000, ExpID 33739
Train - Loss: 41422562.80
Val - Loss, MSE, RMSE, MAE, MAPE: 57105616.00, 57105616.00, 7497.68, 6113.04, 7.89%
Test - Best epoch, Loss, MSE, RMSE, MAE, MAPE: 0, 84777024.00, 84777028.00, 9200.55, 7084.30, 8.52%
- Epoch 001, ExpID 33739
Train - Loss: 34976706.50
Val - Loss, MSE, RMSE, MAE, MAPE: 45971536.00, 45971537.00, 6699.13, 5345.82, 6.89%
Test - Best epoch, Loss, MSE, RMSE, MAE, MAPE: 1, 80156112.00, 80156112.00, 8952.29, 6733.93, 8.04%
- Epoch 002, ExpID 33739
Train - Loss: 32423684.40
Val - Loss, MSE, RMSE, MAE, MAPE: 41373032.00, 41373030.00, 6354.57, 5056.55, 6.55%
Test - Best epoch, Loss, MSE, RMSE, MAE, MAPE: 2, 80823264.00, 80823268.00, 8981.23, 6769.77, 8.10%
- Epoch 003, ExpID 33739
Train - Loss: 31172474.70
Val - Loss, MSE, RMSE, MAE, MAPE: 39564196.00, 39564196.00, 6197.49, 4906.03, 6.31%
Test - Best epoch, Loss, MSE, RMSE, MAE, MAPE: 3, 80418576.00, 80418572.00, 8955.44, 6742.75, 8.03%
- Epoch 004, ExpID 33739
Train - Loss: 30658645.30
Val - Loss, MSE, RMSE, MAE, MAPE: 36759448.00, 36759450.00, 5915.13, 4622.47, 5.90%
Test - Best epoch, Loss, MSE, RMSE, MAE, MAPE: 4, 79036688.00, 79036692.00, 8880.24, 6655.23, 7.88%
- Epoch 005, ExpID 33739
Train - Loss: 29702273.70
Val - Loss, MSE, RMSE, MAE, MAPE: 35750440.00, 35750442.00, 5801.02, 4506.64, 5.71%
Test - Best epoch, Loss, MSE, RMSE, MAE, MAPE: 5, 80503840.00, 80503844.00, 8960.41, 6745.13, 7.94%
- Epoch 006, ExpID 33739
Train - Loss: 29241670.30
Val - Loss, MSE, RMSE, MAE, MAPE: 34844132.00, 34844131.00, 5740.59, 4467.54, 5.69%
Test - Best epoch, Loss, MSE, RMSE, MAE, MAPE: 6, 80380400.00, 80380400.00, 8948.88, 6754.34, 7.98%
- Epoch 007, ExpID 33739
Train - Loss: 28796395.70
Val - Loss, MSE, RMSE, MAE, MAPE: 33877492.00, 33877493.00, 5681.61, 4425.68, 5.67%
Test - Best epoch, Loss, MSE, RMSE, MAE, MAPE: 7, 79330928.00, 79330924.00, 8887.59, 6707.71, 7.95%
- Epoch 008, ExpID 33739
Train - Loss: 28369876.80
Val - Loss, MSE, RMSE, MAE, MAPE: 33368718.00, 33368718.00, 5632.60, 4377.65, 5.62%
Test - Best epoch, Loss, MSE, RMSE, MAE, MAPE: 8, 79517072.00, 79517076.00, 8896.12, 6736.60, 8.01%
- Epoch 009, ExpID 33739
Train - Loss: 27757259.60
Val - Loss, MSE, RMSE, MAE, MAPE: 32845108.00, 32845109.00, 5555.04, 4291.69, 5.44%
Test - Best epoch, Loss, MSE, RMSE, MAE, MAPE: 9, 81945280.00, 81945276.00, 9027.65, 6836.62, 8.05%
- Epoch 010, ExpID 33739
Train - Loss: 27355954.70
Val - Loss, MSE, RMSE, MAE, MAPE: 32125060.00, 32125060.00, 5548.89, 4315.38, 5.56%
Test - Best epoch, Loss, MSE, RMSE, MAE, MAPE: 10, 79680976.00, 79680972.00, 8896.08, 6735.74, 8.02%
- Epoch 011, ExpID 33739
Train - Loss: 26954278.90
Val - Loss, MSE, RMSE, MAE, MAPE: 30773386.00, 30773386.00, 5406.75, 4187.95, 5.36%
Test - Best epoch, Loss, MSE, RMSE, MAE, MAPE: 11, 80392904.00, 80392902.00, 8929.12, 6781.51, 8.04%
- Epoch 012, ExpID 33739
Train - Loss: 26371050.10
Val - Loss, MSE, RMSE, MAE, MAPE: 30237544.00, 30237545.00, 5358.17, 4152.51, 5.27%
Test - Best epoch, Loss, MSE, RMSE, MAE, MAPE: 12, 82232136.00, 82232138.00, 9013.07, 6838.82, 8.05%
- Epoch 013, ExpID 33739
Train - Loss: 25980144.20
Val - Loss, MSE, RMSE, MAE, MAPE: 31202388.00, 31202387.00, 5441.91, 4204.79, 5.33%
Test - Best epoch, Loss, MSE, RMSE, MAE, MAPE: 12, 82232136.00, 82232138.00, 9013.07, 6838.82, 8.05%
- Epoch 014, ExpID 33739
Train - Loss: 25703619.00
Val - Loss, MSE, RMSE, MAE, MAPE: 29134358.00, 29134358.00, 5272.85, 4067.53, 5.18%
Test - Best epoch, Loss, MSE, RMSE, MAE, MAPE: 14, 81114544.00, 81114542.00, 8931.16, 6767.59, 7.98%
- Epoch 015, ExpID 33739
Train - Loss: 25311469.60
Val - Loss, MSE, RMSE, MAE, MAPE: 29638156.00, 29638156.00, 5329.36, 4132.49, 5.32%
Test - Best epoch, Loss, MSE, RMSE, MAE, MAPE: 14, 81114544.00, 81114542.00, 8931.16, 6767.59, 7.98%
- Epoch 016, ExpID 33739
Train - Loss: 24800795.20
Val - Loss, MSE, RMSE, MAE, MAPE: 28835772.00, 28835771.00, 5245.40, 4046.63, 5.15%
Test - Best epoch, Loss, MSE, RMSE, MAE, MAPE: 16, 82420288.00, 82420292.00, 8996.95, 6824.08, 8.04%
- Epoch 017, ExpID 33739
Train - Loss: 24523853.10
Val - Loss, MSE, RMSE, MAE, MAPE: 29640512.00, 29640511.00, 5315.61, 4100.96, 5.20%
Test - Best epoch, Loss, MSE, RMSE, MAE, MAPE: 16, 82420288.00, 82420292.00, 8996.95, 6824.08, 8.04%
- Epoch 018, ExpID 33739
Train - Loss: 24141536.10
Val - Loss, MSE, RMSE, MAE, MAPE: 27896874.00, 27896874.00, 5180.74, 4002.31, 5.14%
Test - Best epoch, Loss, MSE, RMSE, MAE, MAPE: 18, 79088896.00, 79088900.00, 8809.87, 6581.49, 7.79%
- Epoch 019, ExpID 33739
Train - Loss: 23652457.20
Val - Loss, MSE, RMSE, MAE, MAPE: 28010280.00, 28010280.00, 5184.03, 3984.45, 5.08%
Test - Best epoch, Loss, MSE, RMSE, MAE, MAPE: 18, 79088896.00, 79088900.00, 8809.87, 6581.49, 7.79%
- Epoch 020, ExpID 33739
Train - Loss: 23554423.60
Val - Loss, MSE, RMSE, MAE, MAPE: 28237100.00, 28237100.00, 5206.33, 3987.73, 5.05%
Test - Best epoch, Loss, MSE, RMSE, MAE, MAPE: 18, 79088896.00, 79088900.00, 8809.87, 6581.49, 7.79%
- Epoch 021, ExpID 33739
Train - Loss: 23367626.40
Val - Loss, MSE, RMSE, MAE, MAPE: 27244636.00, 27244636.00, 5111.16, 3927.96, 5.03%
Test - Best epoch, Loss, MSE, RMSE, MAE, MAPE: 21, 79886720.00, 79886716.00, 8846.85, 6639.63, 7.86%
- Epoch 022, ExpID 33739
Train - Loss: 22842544.60
Val - Loss, MSE, RMSE, MAE, MAPE: 29451808.00, 29451808.00, 5328.63, 4077.57, 5.16%
Test - Best epoch, Loss, MSE, RMSE, MAE, MAPE: 21, 79886720.00, 79886716.00, 8846.85, 6639.63, 7.86%
- Epoch 023, ExpID 33739
Train - Loss: 22757288.60
Val - Loss, MSE, RMSE, MAE, MAPE: 27591404.00, 27591403.00, 5149.94, 3949.46, 5.06%
Test - Best epoch, Loss, MSE, RMSE, MAE, MAPE: 21, 79886720.00, 79886716.00, 8846.85, 6639.63, 7.86%
- Epoch 024, ExpID 33739
Train - Loss: 22622921.00
Val - Loss, MSE, RMSE, MAE, MAPE: 26853552.00, 26853552.50, 5067.47, 3887.20, 4.95%
Test - Best epoch, Loss, MSE, RMSE, MAE, MAPE: 24, 80686480.00, 80686480.00, 8880.58, 6646.49, 7.83%
- Epoch 025, ExpID 33739
Train - Loss: 22340315.00
Val - Loss, MSE, RMSE, MAE, MAPE: 27052528.00, 27052528.00, 5087.36, 3897.94, 4.98%
Test - Best epoch, Loss, MSE, RMSE, MAE, MAPE: 24, 80686480.00, 80686480.00, 8880.58, 6646.49, 7.83%
- Epoch 026, ExpID 33739
Train - Loss: 21995287.20
Val - Loss, MSE, RMSE, MAE, MAPE: 27121540.00, 27121541.00, 5093.92, 3897.73, 4.95%
Test - Best epoch, Loss, MSE, RMSE, MAE, MAPE: 24, 80686480.00, 80686480.00, 8880.58, 6646.49, 7.83%
- Epoch 027, ExpID 33739
Train - Loss: 21865231.90
Val - Loss, MSE, RMSE, MAE, MAPE: 26483810.00, 26483809.50, 5036.06, 3867.34, 4.96%
Test - Best epoch, Loss, MSE, RMSE, MAE, MAPE: 27, 78912408.00, 78912406.00, 8780.71, 6531.38, 7.73%
- Epoch 028, ExpID 33739
Train - Loss: 21648465.50
Val - Loss, MSE, RMSE, MAE, MAPE: 26641714.00, 26641714.00, 5051.18, 3878.63, 4.97%
Test - Best epoch, Loss, MSE, RMSE, MAE, MAPE: 27, 78912408.00, 78912406.00, 8780.71, 6531.38, 7.73%
- Epoch 029, ExpID 33739
Train - Loss: 21322418.10
Val - Loss, MSE, RMSE, MAE, MAPE: 27289692.00, 27289691.50, 5108.91, 3908.53, 4.94%
Test - Best epoch, Loss, MSE, RMSE, MAE, MAPE: 27, 78912408.00, 78912406.00, 8780.71, 6531.38, 7.73%
- Epoch 030, ExpID 33739
Train - Loss: 21440883.80
Val - Loss, MSE, RMSE, MAE, MAPE: 26628980.00, 26628979.50, 5041.56, 3850.25, 4.91%
Test - Best epoch, Loss, MSE, RMSE, MAE, MAPE: 27, 78912408.00, 78912406.00, 8780.71, 6531.38, 7.73%
- Epoch 031, ExpID 33739
Train - Loss: 21236783.90
Val - Loss, MSE, RMSE, MAE, MAPE: 26870354.00, 26870354.00, 5079.44, 3883.57, 4.94%
Test - Best epoch, Loss, MSE, RMSE, MAE, MAPE: 27, 78912408.00, 78912406.00, 8780.71, 6531.38, 7.73%
- Epoch 032, ExpID 33739
Train - Loss: 20947352.10
Val - Loss, MSE, RMSE, MAE, MAPE: 26350470.00, 26350469.50, 5015.44, 3831.49, 4.87%
Test - Best epoch, Loss, MSE, RMSE, MAE, MAPE: 32, 79124064.00, 79124062.00, 8805.92, 6548.41, 7.72%
- Epoch 033, ExpID 33739
Train - Loss: 20866033.50
Val - Loss, MSE, RMSE, MAE, MAPE: 26529258.00, 26529257.50, 5041.42, 3852.21, 4.90%
Test - Best epoch, Loss, MSE, RMSE, MAE, MAPE: 32, 79124064.00, 79124062.00, 8805.92, 6548.41, 7.72%
- Epoch 034, ExpID 33739
Train - Loss: 20893119.70
Val - Loss, MSE, RMSE, MAE, MAPE: 25853416.00, 25853416.00, 4960.16, 3799.72, 4.85%
Test - Best epoch, Loss, MSE, RMSE, MAE, MAPE: 34, 77856408.00, 77856406.00, 8737.07, 6487.02, 7.66%
- Epoch 035, ExpID 33739
Train - Loss: 20367795.90
Val - Loss, MSE, RMSE, MAE, MAPE: 26340802.00, 26340802.50, 5018.68, 3832.85, 4.88%
Test - Best epoch, Loss, MSE, RMSE, MAE, MAPE: 34, 77856408.00, 77856406.00, 8737.07, 6487.02, 7.66%
- Epoch 036, ExpID 33739
Train - Loss: 20389371.10
Val - Loss, MSE, RMSE, MAE, MAPE: 26494460.00, 26494460.50, 5024.41, 3838.64, 4.88%
Test - Best epoch, Loss, MSE, RMSE, MAE, MAPE: 34, 77856408.00, 77856406.00, 8737.07, 6487.02, 7.66%
- Epoch 037, ExpID 33739
Train - Loss: 20132790.40
Val - Loss, MSE, RMSE, MAE, MAPE: 25854556.00, 25854555.00, 4964.52, 3799.91, 4.86%
Test - Best epoch, Loss, MSE, RMSE, MAE, MAPE: 34, 77856408.00, 77856406.00, 8737.07, 6487.02, 7.66%
- Epoch 038, ExpID 33739
Train - Loss: 19904644.10
Val - Loss, MSE, RMSE, MAE, MAPE: 26343030.00, 26343030.50, 5020.09, 3827.51, 4.87%
Test - Best epoch, Loss, MSE, RMSE, MAE, MAPE: 34, 77856408.00, 77856406.00, 8737.07, 6487.02, 7.66%
- Epoch 039, ExpID 33739
Train - Loss: 19911390.80
Val - Loss, MSE, RMSE, MAE, MAPE: 26139282.00, 26139282.00, 4997.57, 3822.88, 4.88%
Test - Best epoch, Loss, MSE, RMSE, MAE, MAPE: 34, 77856408.00, 77856406.00, 8737.07, 6487.02, 7.66%
- Epoch 040, ExpID 33739
Train - Loss: 19697936.40
Val - Loss, MSE, RMSE, MAE, MAPE: 25807796.00, 25807795.00, 4959.38, 3784.22, 4.82%
Test - Best epoch, Loss, MSE, RMSE, MAE, MAPE: 40, 78566416.00, 78566418.00, 8763.06, 6497.40, 7.68%
- Epoch 041, ExpID 33739
Train - Loss: 19666925.00
Val - Loss, MSE, RMSE, MAE, MAPE: 25844080.00, 25844080.00, 4962.09, 3786.86, 4.81%
Test - Best epoch, Loss, MSE, RMSE, MAE, MAPE: 40, 78566416.00, 78566418.00, 8763.06, 6497.40, 7.68%
- Epoch 042, ExpID 33739
Train - Loss: 19483121.90
Val - Loss, MSE, RMSE, MAE, MAPE: 26085780.00, 26085780.50, 4991.57, 3805.39, 4.85%
Test - Best epoch, Loss, MSE, RMSE, MAE, MAPE: 40, 78566416.00, 78566418.00, 8763.06, 6497.40, 7.68%
- Epoch 043, ExpID 33739
Train - Loss: 19392112.40
Val - Loss, MSE, RMSE, MAE, MAPE: 26190830.00, 26190830.00, 4996.86, 3804.51, 4.84%
Test - Best epoch, Loss, MSE, RMSE, MAE, MAPE: 40, 78566416.00, 78566418.00, 8763.06, 6497.40, 7.68%
- Epoch 044, ExpID 33739
Train - Loss: 19305049.30
Val - Loss, MSE, RMSE, MAE, MAPE: 26395396.00, 26395395.00, 5021.22, 3831.86, 4.88%
Test - Best epoch, Loss, MSE, RMSE, MAE, MAPE: 40, 78566416.00, 78566418.00, 8763.06, 6497.40, 7.68%
- Epoch 045, ExpID 33739
Train - Loss: 19061800.90
Val - Loss, MSE, RMSE, MAE, MAPE: 26343396.00, 26343396.00, 5013.28, 3820.72, 4.86%
Test - Best epoch, Loss, MSE, RMSE, MAE, MAPE: 40, 78566416.00, 78566418.00, 8763.06, 6497.40, 7.68%
- Epoch 046, ExpID 33739
Train - Loss: 19044423.60
Val - Loss, MSE, RMSE, MAE, MAPE: 26114088.00, 26114087.00, 4985.82, 3796.08, 4.82%
Test - Best epoch, Loss, MSE, RMSE, MAE, MAPE: 40, 78566416.00, 78566418.00, 8763.06, 6497.40, 7.68%
- Epoch 047, ExpID 33739
Train - Loss: 18863513.80
Val - Loss, MSE, RMSE, MAE, MAPE: 25479640.00, 25479640.00, 4929.16, 3751.66, 4.77%
Test - Best epoch, Loss, MSE, RMSE, MAE, MAPE: 47, 77101784.00, 77101782.00, 8680.18, 6406.68, 7.56%
- Epoch 048, ExpID 33739
Train - Loss: 18705374.90
Val - Loss, MSE, RMSE, MAE, MAPE: 26237156.00, 26237156.00, 5007.16, 3816.62, 4.85%
Test - Best epoch, Loss, MSE, RMSE, MAE, MAPE: 47, 77101784.00, 77101782.00, 8680.18, 6406.68, 7.56%
- Epoch 049, ExpID 33739
Train - Loss: 18728130.60
Val - Loss, MSE, RMSE, MAE, MAPE: 26092374.00, 26092374.50, 4983.15, 3805.54, 4.87%
Test - Best epoch, Loss, MSE, RMSE, MAE, MAPE: 47, 77101784.00, 77101782.00, 8680.18, 6406.68, 7.56%
- Epoch 050, ExpID 33739
Train - Loss: 18538403.40
Val - Loss, MSE, RMSE, MAE, MAPE: 26773284.00, 26773284.50, 5053.45, 3851.57, 4.91%
Test - Best epoch, Loss, MSE, RMSE, MAE, MAPE: 47, 77101784.00, 77101782.00, 8680.18, 6406.68, 7.56%
- Epoch 051, ExpID 33739
Train - Loss: 18472454.90
Val - Loss, MSE, RMSE, MAE, MAPE: 26316626.00, 26316626.00, 5011.09, 3805.52, 4.83%
Test - Best epoch, Loss, MSE, RMSE, MAE, MAPE: 47, 77101784.00, 77101782.00, 8680.18, 6406.68, 7.56%
- Epoch 052, ExpID 33739
Train - Loss: 18463301.50
Val - Loss, MSE, RMSE, MAE, MAPE: 26359314.00, 26359314.00, 5007.21, 3827.90, 4.91%
Test - Best epoch, Loss, MSE, RMSE, MAE, MAPE: 47, 77101784.00, 77101782.00, 8680.18, 6406.68, 7.56%
- Epoch 053, ExpID 33739
Train - Loss: 18292400.30
Val - Loss, MSE, RMSE, MAE, MAPE: 26096132.00, 26096132.50, 4991.03, 3804.81, 4.85%
Test - Best epoch, Loss, MSE, RMSE, MAE, MAPE: 47, 77101784.00, 77101782.00, 8680.18, 6406.68, 7.56%
- Epoch 054, ExpID 33739
Train - Loss: 18053331.45
Val - Loss, MSE, RMSE, MAE, MAPE: 25924384.00, 25924383.50, 4963.23, 3777.84, 4.82%
Test - Best epoch, Loss, MSE, RMSE, MAE, MAPE: 47, 77101784.00, 77101782.00, 8680.18, 6406.68, 7.56%
- Epoch 055, ExpID 33739
Train - Loss: 18017407.00
Val - Loss, MSE, RMSE, MAE, MAPE: 26362648.00, 26362647.50, 5004.76, 3828.65, 4.90%
Test - Best epoch, Loss, MSE, RMSE, MAE, MAPE: 47, 77101784.00, 77101782.00, 8680.18, 6406.68, 7.56%
- Epoch 056, ExpID 33739
Train - Loss: 17899265.00
Val - Loss, MSE, RMSE, MAE, MAPE: 26044448.00, 26044447.00, 4981.31, 3783.57, 4.82%
Test - Best epoch, Loss, MSE, RMSE, MAE, MAPE: 47, 77101784.00, 77101782.00, 8680.18, 6406.68, 7.56%
- Epoch 057, ExpID 33739
Train - Loss: 17837969.30
Val - Loss, MSE, RMSE, MAE, MAPE: 26147018.00, 26147018.50, 4973.48, 3802.62, 4.87%
Test - Best epoch, Loss, MSE, RMSE, MAE, MAPE: 47, 77101784.00, 77101782.00, 8680.18, 6406.68, 7.56%
Early Stopping at Epoch 57
Fold 2017 Best RMSE: 8680.1843

-------------------- [Fold: 2018] ExpID: 31556 --------------------
- Epoch 000, ExpID 31556
Train - Loss: 44305245.90
Val - Loss, MSE, RMSE, MAE, MAPE: 82009504.00, 82009508.00, 9047.22, 6890.46, 8.25%
Test - Best epoch, Loss, MSE, RMSE, MAE, MAPE: 0, 48347736.00, 48347734.00, 6897.32, 5301.76, 5.81%
- Epoch 001, ExpID 31556
Train - Loss: 37003062.57
Val - Loss, MSE, RMSE, MAE, MAPE: 78456840.00, 78456840.00, 8854.01, 6616.75, 7.88%
Test - Best epoch, Loss, MSE, RMSE, MAE, MAPE: 1, 44095312.00, 44095310.00, 6616.13, 5093.66, 5.60%
- Epoch 002, ExpID 31556
Train - Loss: 34068714.48
Val - Loss, MSE, RMSE, MAE, MAPE: 78876192.00, 78876188.00, 8874.11, 6652.93, 7.90%
Test - Best epoch, Loss, MSE, RMSE, MAE, MAPE: 1, 44095312.00, 44095310.00, 6616.13, 5093.66, 5.60%
- Epoch 003, ExpID 31556
Train - Loss: 32727027.24
Val - Loss, MSE, RMSE, MAE, MAPE: 77647344.00, 77647348.00, 8798.44, 6596.44, 7.86%
Test - Best epoch, Loss, MSE, RMSE, MAE, MAPE: 3, 40243036.00, 40243035.00, 6307.88, 4826.49, 5.30%
- Epoch 004, ExpID 31556
Train - Loss: 31670979.33
Val - Loss, MSE, RMSE, MAE, MAPE: 78704168.00, 78704168.00, 8860.28, 6651.93, 7.85%
Test - Best epoch, Loss, MSE, RMSE, MAE, MAPE: 3, 40243036.00, 40243035.00, 6307.88, 4826.49, 5.30%
- Epoch 005, ExpID 31556
Train - Loss: 30881224.00
Val - Loss, MSE, RMSE, MAE, MAPE: 79349096.00, 79349096.00, 8886.94, 6724.40, 7.97%
Test - Best epoch, Loss, MSE, RMSE, MAE, MAPE: 3, 40243036.00, 40243035.00, 6307.88, 4826.49, 5.30%
- Epoch 006, ExpID 31556
Train - Loss: 30135267.52
Val - Loss, MSE, RMSE, MAE, MAPE: 80801344.00, 80801340.00, 8963.52, 6812.89, 8.07%
Test - Best epoch, Loss, MSE, RMSE, MAE, MAPE: 3, 40243036.00, 40243035.00, 6307.88, 4826.49, 5.30%
- Epoch 007, ExpID 31556
Train - Loss: 29566166.38
Val - Loss, MSE, RMSE, MAE, MAPE: 87713600.00, 87713596.00, 9326.45, 7124.32, 8.32%
Test - Best epoch, Loss, MSE, RMSE, MAE, MAPE: 3, 40243036.00, 40243035.00, 6307.88, 4826.49, 5.30%
- Epoch 008, ExpID 31556
Train - Loss: 29121854.67
Val - Loss, MSE, RMSE, MAE, MAPE: 82156904.00, 82156904.00, 9021.56, 6868.73, 8.12%
Test - Best epoch, Loss, MSE, RMSE, MAE, MAPE: 3, 40243036.00, 40243035.00, 6307.88, 4826.49, 5.30%
- Epoch 009, ExpID 31556
Train - Loss: 28271794.76
Val - Loss, MSE, RMSE, MAE, MAPE: 81932272.00, 81932268.00, 9003.44, 6851.16, 8.10%
Test - Best epoch, Loss, MSE, RMSE, MAE, MAPE: 3, 40243036.00, 40243035.00, 6307.88, 4826.49, 5.30%
- Epoch 010, ExpID 31556
Train - Loss: 27841382.29
Val - Loss, MSE, RMSE, MAE, MAPE: 84342096.00, 84342092.00, 9118.22, 6971.98, 8.22%
Test - Best epoch, Loss, MSE, RMSE, MAE, MAPE: 3, 40243036.00, 40243035.00, 6307.88, 4826.49, 5.30%
- Epoch 011, ExpID 31556
Train - Loss: 27307757.24
Val - Loss, MSE, RMSE, MAE, MAPE: 84116064.00, 84116060.00, 9101.34, 6953.37, 8.18%
Test - Best epoch, Loss, MSE, RMSE, MAE, MAPE: 3, 40243036.00, 40243035.00, 6307.88, 4826.49, 5.30%
- Epoch 012, ExpID 31556
Train - Loss: 26866415.14
Val - Loss, MSE, RMSE, MAE, MAPE: 84688816.00, 84688818.00, 9126.53, 6962.32, 8.18%
Test - Best epoch, Loss, MSE, RMSE, MAE, MAPE: 3, 40243036.00, 40243035.00, 6307.88, 4826.49, 5.30%
- Epoch 013, ExpID 31556
Train - Loss: 26317063.24
Val - Loss, MSE, RMSE, MAE, MAPE: 82445728.00, 82445728.00, 9010.09, 6872.68, 8.11%
Test - Best epoch, Loss, MSE, RMSE, MAE, MAPE: 3, 40243036.00, 40243035.00, 6307.88, 4826.49, 5.30%
Early Stopping at Epoch 13
Fold 2018 Best RMSE: 6307.8828

-------------------- [Fold: 2019] ExpID: 36651 --------------------
- Epoch 000, ExpID 36651
Train - Loss: 47459470.61
Val - Loss, MSE, RMSE, MAE, MAPE: 47520920.00, 47520918.00, 6843.84, 5262.07, 5.79%
Test - Best epoch, Loss, MSE, RMSE, MAE, MAPE: 0, 53403968.00, 53403966.00, 7177.62, 5664.15, 6.07%
- Epoch 001, ExpID 36651
Train - Loss: 39182240.87
Val - Loss, MSE, RMSE, MAE, MAPE: 42925264.00, 42925264.00, 6531.27, 5021.73, 5.47%
Test - Best epoch, Loss, MSE, RMSE, MAE, MAPE: 1, 44303568.00, 44303568.00, 6464.69, 4985.35, 5.30%
- Epoch 002, ExpID 36651
Train - Loss: 36126463.48
Val - Loss, MSE, RMSE, MAE, MAPE: 42426960.00, 42426958.00, 6488.48, 4974.31, 5.50%
Test - Best epoch, Loss, MSE, RMSE, MAE, MAPE: 2, 47654484.00, 47654483.00, 6730.68, 5225.09, 5.64%
- Epoch 003, ExpID 36651
Train - Loss: 34931054.96
Val - Loss, MSE, RMSE, MAE, MAPE: 39394092.00, 39394092.00, 6242.20, 4782.96, 5.22%
Test - Best epoch, Loss, MSE, RMSE, MAE, MAPE: 3, 40849848.00, 40849850.00, 6158.64, 4692.09, 5.01%
- Epoch 004, ExpID 36651
Train - Loss: 33877360.87
Val - Loss, MSE, RMSE, MAE, MAPE: 38567712.00, 38567711.00, 6176.09, 4722.08, 5.16%
Test - Best epoch, Loss, MSE, RMSE, MAE, MAPE: 4, 40553136.00, 40553134.00, 6123.07, 4640.72, 4.95%
- Epoch 005, ExpID 36651
Train - Loss: 33212824.87
Val - Loss, MSE, RMSE, MAE, MAPE: 38728916.00, 38728917.00, 6192.35, 4742.59, 5.15%
Test - Best epoch, Loss, MSE, RMSE, MAE, MAPE: 4, 40553136.00, 40553134.00, 6123.07, 4640.72, 4.95%
- Epoch 006, ExpID 36651
Train - Loss: 32899459.74
Val - Loss, MSE, RMSE, MAE, MAPE: 37759732.00, 37759731.00, 6107.86, 4657.83, 5.10%
Test - Best epoch, Loss, MSE, RMSE, MAE, MAPE: 6, 39712108.00, 39712108.00, 6038.54, 4568.00, 4.88%
- Epoch 007, ExpID 36651
Train - Loss: 32034034.87
Val - Loss, MSE, RMSE, MAE, MAPE: 38061604.00, 38061604.00, 6139.39, 4683.93, 5.08%
Test - Best epoch, Loss, MSE, RMSE, MAE, MAPE: 6, 39712108.00, 39712108.00, 6038.54, 4568.00, 4.88%
- Epoch 008, ExpID 36651
Train - Loss: 31584042.96
Val - Loss, MSE, RMSE, MAE, MAPE: 37619056.00, 37619055.00, 6103.01, 4641.45, 5.05%
Test - Best epoch, Loss, MSE, RMSE, MAE, MAPE: 8, 38476520.00, 38476518.00, 5974.64, 4476.38, 4.74%
- Epoch 009, ExpID 36651
Train - Loss: 31049304.00
Val - Loss, MSE, RMSE, MAE, MAPE: 37702004.00, 37702005.00, 6107.61, 4640.31, 5.05%
Test - Best epoch, Loss, MSE, RMSE, MAE, MAPE: 8, 38476520.00, 38476518.00, 5974.64, 4476.38, 4.74%
- Epoch 010, ExpID 36651
Train - Loss: 30536746.87
Val - Loss, MSE, RMSE, MAE, MAPE: 38337980.00, 38337979.00, 6166.65, 4684.49, 5.07%
Test - Best epoch, Loss, MSE, RMSE, MAE, MAPE: 8, 38476520.00, 38476518.00, 5974.64, 4476.38, 4.74%
- Epoch 011, ExpID 36651
Train - Loss: 29675388.17
Val - Loss, MSE, RMSE, MAE, MAPE: 37146176.00, 37146175.00, 6063.64, 4596.57, 5.01%
Test - Best epoch, Loss, MSE, RMSE, MAE, MAPE: 11, 37035684.00, 37035683.00, 5895.60, 4415.80, 4.69%
- Epoch 012, ExpID 36651
Train - Loss: 29177813.04
Val - Loss, MSE, RMSE, MAE, MAPE: 37657720.00, 37657718.00, 6109.28, 4630.99, 5.03%
Test - Best epoch, Loss, MSE, RMSE, MAE, MAPE: 11, 37035684.00, 37035683.00, 5895.60, 4415.80, 4.69%
- Epoch 013, ExpID 36651
Train - Loss: 28649972.78
Val - Loss, MSE, RMSE, MAE, MAPE: 37130816.00, 37130816.00, 6072.17, 4618.11, 5.02%
Test - Best epoch, Loss, MSE, RMSE, MAE, MAPE: 13, 37546416.00, 37546416.00, 5959.75, 4456.16, 4.72%
- Epoch 014, ExpID 36651
Train - Loss: 28252736.09
Val - Loss, MSE, RMSE, MAE, MAPE: 38669460.00, 38669460.00, 6199.27, 4720.39, 5.10%
Test - Best epoch, Loss, MSE, RMSE, MAE, MAPE: 13, 37546416.00, 37546416.00, 5959.75, 4456.16, 4.72%
- Epoch 015, ExpID 36651
Train - Loss: 27703898.96
Val - Loss, MSE, RMSE, MAE, MAPE: 39333584.00, 39333585.00, 6253.96, 4772.79, 5.14%
Test - Best epoch, Loss, MSE, RMSE, MAE, MAPE: 13, 37546416.00, 37546416.00, 5959.75, 4456.16, 4.72%
- Epoch 016, ExpID 36651
Train - Loss: 27517344.35
Val - Loss, MSE, RMSE, MAE, MAPE: 37676920.00, 37676922.00, 6112.89, 4657.36, 5.06%
Test - Best epoch, Loss, MSE, RMSE, MAE, MAPE: 13, 37546416.00, 37546416.00, 5959.75, 4456.16, 4.72%
- Epoch 017, ExpID 36651
Train - Loss: 27094295.04
Val - Loss, MSE, RMSE, MAE, MAPE: 36701576.00, 36701578.00, 6037.92, 4581.06, 4.98%
Test - Best epoch, Loss, MSE, RMSE, MAE, MAPE: 17, 35588400.00, 35588402.00, 5802.95, 4345.98, 4.60%
- Epoch 018, ExpID 36651
Train - Loss: 26709975.48
Val - Loss, MSE, RMSE, MAE, MAPE: 38399928.00, 38399926.00, 6179.02, 4709.71, 5.08%
Test - Best epoch, Loss, MSE, RMSE, MAE, MAPE: 17, 35588400.00, 35588402.00, 5802.95, 4345.98, 4.60%
- Epoch 019, ExpID 36651
Train - Loss: 26453026.35
Val - Loss, MSE, RMSE, MAE, MAPE: 37430664.00, 37430662.00, 6093.47, 4621.63, 5.03%
Test - Best epoch, Loss, MSE, RMSE, MAE, MAPE: 17, 35588400.00, 35588402.00, 5802.95, 4345.98, 4.60%
- Epoch 020, ExpID 36651
Train - Loss: 26294365.57
Val - Loss, MSE, RMSE, MAE, MAPE: 38072400.00, 38072401.00, 6155.27, 4688.49, 5.07%
Test - Best epoch, Loss, MSE, RMSE, MAE, MAPE: 17, 35588400.00, 35588402.00, 5802.95, 4345.98, 4.60%
- Epoch 021, ExpID 36651
Train - Loss: 25893955.48
Val - Loss, MSE, RMSE, MAE, MAPE: 38084320.00, 38084319.00, 6147.58, 4673.62, 5.07%
Test - Best epoch, Loss, MSE, RMSE, MAE, MAPE: 17, 35588400.00, 35588402.00, 5802.95, 4345.98, 4.60%
- Epoch 022, ExpID 36651
Train - Loss: 25690042.00
Val - Loss, MSE, RMSE, MAE, MAPE: 39143912.00, 39143914.00, 6244.26, 4795.80, 5.16%
Test - Best epoch, Loss, MSE, RMSE, MAE, MAPE: 17, 35588400.00, 35588402.00, 5802.95, 4345.98, 4.60%
- Epoch 023, ExpID 36651
Train - Loss: 25273027.65
Val - Loss, MSE, RMSE, MAE, MAPE: 37846352.00, 37846354.00, 6137.48, 4682.17, 5.05%
Test - Best epoch, Loss, MSE, RMSE, MAE, MAPE: 17, 35588400.00, 35588402.00, 5802.95, 4345.98, 4.60%
- Epoch 024, ExpID 36651
Train - Loss: 24949341.13
Val - Loss, MSE, RMSE, MAE, MAPE: 37601648.00, 37601649.00, 6116.36, 4658.39, 5.04%
Test - Best epoch, Loss, MSE, RMSE, MAE, MAPE: 17, 35588400.00, 35588402.00, 5802.95, 4345.98, 4.60%
- Epoch 025, ExpID 36651
Train - Loss: 24766865.65
Val - Loss, MSE, RMSE, MAE, MAPE: 37035808.00, 37035806.00, 6068.36, 4610.61, 5.00%
Test - Best epoch, Loss, MSE, RMSE, MAE, MAPE: 17, 35588400.00, 35588402.00, 5802.95, 4345.98, 4.60%
- Epoch 026, ExpID 36651
Train - Loss: 24521538.26
Val - Loss, MSE, RMSE, MAE, MAPE: 37365696.00, 37365695.00, 6091.01, 4624.01, 5.02%
Test - Best epoch, Loss, MSE, RMSE, MAE, MAPE: 17, 35588400.00, 35588402.00, 5802.95, 4345.98, 4.60%
- Epoch 027, ExpID 36651
Train - Loss: 24483342.35
Val - Loss, MSE, RMSE, MAE, MAPE: 38656648.00, 38656650.00, 6204.77, 4758.83, 5.14%
Test - Best epoch, Loss, MSE, RMSE, MAE, MAPE: 17, 35588400.00, 35588402.00, 5802.95, 4345.98, 4.60%
Early Stopping at Epoch 27
Fold 2019 Best RMSE: 5802.9451
