DETAILED LOG | Model: timexer | Seed: 1
FULL CONFIG: {'gpu': '2', 'target': 'both', 'cv_start_year': 2017, 'cv_end_year': 2019, 'test_year': 2024, 'use_corona': False, 'seq_len': 56, 'label_len': 0, 'pred_len': 56, 'batch_size': 256, 'epochs': 1000, 'patience': 10, 'lr': 0.0001, 'model': 'timexer', 'd_model': 128, 'n_heads': 2, 'n_layers': 2, 'dropout': 0.1, 'activation': 'gelu', 'patch_len': 7, 'factor': 5, 'norm_mode': 'revin', 'use_covar': True, 'use_dbloss': False, 'device': device(type='cuda'), 'stride': 16, 'file_path': 'dataset/airport_flight_with_holiday.csv', 'seed': 1, 'val_year': 2019, 'ndims': 2}

-------------------- [Fold: 2017] ExpID: 45707 --------------------
- Epoch 000, ExpID 45707
Train - Loss: 44616161.80
Val - Loss, MSE, RMSE, MAE, MAPE: 61757216.00, 61757214.00, 7765.74, 6289.19, 8.13%
Test - Best epoch, Loss, MSE, RMSE, MAE, MAPE: 0, 94007816.00, 94007816.00, 9688.84, 7584.48, 9.12%
- Epoch 001, ExpID 45707
Train - Loss: 37869148.00
Val - Loss, MSE, RMSE, MAE, MAPE: 54543768.00, 54543770.00, 7263.59, 5847.69, 7.54%
Test - Best epoch, Loss, MSE, RMSE, MAE, MAPE: 1, 90093696.00, 90093700.00, 9489.90, 7348.75, 8.81%
- Epoch 002, ExpID 45707
Train - Loss: 35894136.60
Val - Loss, MSE, RMSE, MAE, MAPE: 52928896.00, 52928896.00, 7169.75, 5771.43, 7.45%
Test - Best epoch, Loss, MSE, RMSE, MAE, MAPE: 2, 90462608.00, 90462604.00, 9511.18, 7370.63, 8.84%
- Epoch 003, ExpID 45707
Train - Loss: 34823314.20
Val - Loss, MSE, RMSE, MAE, MAPE: 50189052.00, 50189052.00, 6969.49, 5580.36, 7.19%
Test - Best epoch, Loss, MSE, RMSE, MAE, MAPE: 3, 91352784.00, 91352788.00, 9556.12, 7404.02, 8.85%
- Epoch 004, ExpID 45707
Train - Loss: 33811682.20
Val - Loss, MSE, RMSE, MAE, MAPE: 46527328.00, 46527328.00, 6684.37, 5310.11, 6.82%
Test - Best epoch, Loss, MSE, RMSE, MAE, MAPE: 4, 93407024.00, 93407020.00, 9655.75, 7518.47, 8.96%
- Epoch 005, ExpID 45707
Train - Loss: 32763128.50
Val - Loss, MSE, RMSE, MAE, MAPE: 43617616.00, 43617617.00, 6467.61, 5107.66, 6.55%
Test - Best epoch, Loss, MSE, RMSE, MAE, MAPE: 5, 96558056.00, 96558056.00, 9801.95, 7682.27, 9.13%
- Epoch 006, ExpID 45707
Train - Loss: 32006379.90
Val - Loss, MSE, RMSE, MAE, MAPE: 41898264.00, 41898263.00, 6325.81, 4966.64, 6.33%
Test - Best epoch, Loss, MSE, RMSE, MAE, MAPE: 6, 100912400.00, 100912396.00, 10002.32, 7890.15, 9.32%
- Epoch 007, ExpID 45707
Train - Loss: 31502380.00
Val - Loss, MSE, RMSE, MAE, MAPE: 40773428.00, 40773428.00, 6245.55, 4911.96, 6.28%
Test - Best epoch, Loss, MSE, RMSE, MAE, MAPE: 7, 100314464.00, 100314464.00, 9967.24, 7872.33, 9.33%
- Epoch 008, ExpID 45707
Train - Loss: 31046900.30
Val - Loss, MSE, RMSE, MAE, MAPE: 40037272.00, 40037270.00, 6180.33, 4850.78, 6.18%
Test - Best epoch, Loss, MSE, RMSE, MAE, MAPE: 8, 101468048.00, 101468048.00, 10016.62, 7926.41, 9.37%
- Epoch 009, ExpID 45707
Train - Loss: 30789904.00
Val - Loss, MSE, RMSE, MAE, MAPE: 39415900.00, 39415901.00, 6123.09, 4806.96, 6.12%
Test - Best epoch, Loss, MSE, RMSE, MAE, MAPE: 9, 101564736.00, 101564736.00, 10017.94, 7934.07, 9.38%
- Epoch 010, ExpID 45707
Train - Loss: 30535735.00
Val - Loss, MSE, RMSE, MAE, MAPE: 39117016.00, 39117018.00, 6117.59, 4818.77, 6.17%
Test - Best epoch, Loss, MSE, RMSE, MAE, MAPE: 10, 98682728.00, 98682728.00, 9878.22, 7822.21, 9.27%
- Epoch 011, ExpID 45707
Train - Loss: 30255952.50
Val - Loss, MSE, RMSE, MAE, MAPE: 38761800.00, 38761800.00, 6094.18, 4799.18, 6.15%
Test - Best epoch, Loss, MSE, RMSE, MAE, MAPE: 11, 98246512.00, 98246512.00, 9854.14, 7804.88, 9.26%
- Epoch 012, ExpID 45707
Train - Loss: 30144460.10
Val - Loss, MSE, RMSE, MAE, MAPE: 38268600.00, 38268598.00, 6064.63, 4779.95, 6.14%
Test - Best epoch, Loss, MSE, RMSE, MAE, MAPE: 12, 97197736.00, 97197736.00, 9798.46, 7755.27, 9.22%
- Epoch 013, ExpID 45707
Train - Loss: 29985178.90
Val - Loss, MSE, RMSE, MAE, MAPE: 38236060.00, 38236060.00, 6027.85, 4736.64, 6.01%
Test - Best epoch, Loss, MSE, RMSE, MAE, MAPE: 13, 98440000.00, 98440004.00, 9863.37, 7782.74, 9.18%
- Epoch 014, ExpID 45707
Train - Loss: 29748811.00
Val - Loss, MSE, RMSE, MAE, MAPE: 37672160.00, 37672160.00, 6017.45, 4737.16, 6.08%
Test - Best epoch, Loss, MSE, RMSE, MAE, MAPE: 14, 95036640.00, 95036640.00, 9693.70, 7651.36, 9.09%
- Epoch 015, ExpID 45707
Train - Loss: 29592565.70
Val - Loss, MSE, RMSE, MAE, MAPE: 36958952.00, 36958951.00, 5944.36, 4669.12, 5.97%
Test - Best epoch, Loss, MSE, RMSE, MAE, MAPE: 15, 95327496.00, 95327496.00, 9706.72, 7639.13, 9.05%
- Epoch 016, ExpID 45707
Train - Loss: 29373195.30
Val - Loss, MSE, RMSE, MAE, MAPE: 36865168.00, 36865167.00, 5925.23, 4649.40, 5.92%
Test - Best epoch, Loss, MSE, RMSE, MAE, MAPE: 16, 96178896.00, 96178892.00, 9749.49, 7649.38, 9.03%
- Epoch 017, ExpID 45707
Train - Loss: 29173141.40
Val - Loss, MSE, RMSE, MAE, MAPE: 36180032.00, 36180030.00, 5880.43, 4610.78, 5.89%
Test - Best epoch, Loss, MSE, RMSE, MAE, MAPE: 17, 94730824.00, 94730824.00, 9675.38, 7593.47, 8.99%
- Epoch 018, ExpID 45707
Train - Loss: 28969055.40
Val - Loss, MSE, RMSE, MAE, MAPE: 36411556.00, 36411556.00, 5882.00, 4602.06, 5.84%
Test - Best epoch, Loss, MSE, RMSE, MAE, MAPE: 17, 94730824.00, 94730824.00, 9675.38, 7593.47, 8.99%
- Epoch 019, ExpID 45707
Train - Loss: 28931462.40
Val - Loss, MSE, RMSE, MAE, MAPE: 35802288.00, 35802289.00, 5845.13, 4584.47, 5.84%
Test - Best epoch, Loss, MSE, RMSE, MAE, MAPE: 19, 94648064.00, 94648060.00, 9673.71, 7578.13, 8.95%
- Epoch 020, ExpID 45707
Train - Loss: 28839523.70
Val - Loss, MSE, RMSE, MAE, MAPE: 35698712.00, 35698710.00, 5831.01, 4566.62, 5.79%
Test - Best epoch, Loss, MSE, RMSE, MAE, MAPE: 20, 95610048.00, 95610052.00, 9722.25, 7632.82, 8.99%
- Epoch 021, ExpID 45707
Train - Loss: 28464221.10
Val - Loss, MSE, RMSE, MAE, MAPE: 34852424.00, 34852423.00, 5780.09, 4529.46, 5.79%
Test - Best epoch, Loss, MSE, RMSE, MAE, MAPE: 21, 92561632.00, 92561636.00, 9569.65, 7491.39, 8.87%
- Epoch 022, ExpID 45707
Train - Loss: 28300098.60
Val - Loss, MSE, RMSE, MAE, MAPE: 35194940.00, 35194941.00, 5791.42, 4519.68, 5.74%
Test - Best epoch, Loss, MSE, RMSE, MAE, MAPE: 21, 92561632.00, 92561636.00, 9569.65, 7491.39, 8.87%
- Epoch 023, ExpID 45707
Train - Loss: 28282525.70
Val - Loss, MSE, RMSE, MAE, MAPE: 34237792.00, 34237790.00, 5720.55, 4473.90, 5.70%
Test - Best epoch, Loss, MSE, RMSE, MAE, MAPE: 23, 93555336.00, 93555336.00, 9618.13, 7526.66, 8.89%
- Epoch 024, ExpID 45707
Train - Loss: 28081675.10
Val - Loss, MSE, RMSE, MAE, MAPE: 33464438.00, 33464438.00, 5667.09, 4435.43, 5.69%
Test - Best epoch, Loss, MSE, RMSE, MAE, MAPE: 24, 90315104.00, 90315104.00, 9456.57, 7362.55, 8.72%
- Epoch 025, ExpID 45707
Train - Loss: 27936920.30
Val - Loss, MSE, RMSE, MAE, MAPE: 33319734.00, 33319734.00, 5641.94, 4409.88, 5.62%
Test - Best epoch, Loss, MSE, RMSE, MAE, MAPE: 25, 92930528.00, 92930532.00, 9586.97, 7473.06, 8.81%
- Epoch 026, ExpID 45707
Train - Loss: 27828963.00
Val - Loss, MSE, RMSE, MAE, MAPE: 33296632.00, 33296633.00, 5641.91, 4405.86, 5.61%
Test - Best epoch, Loss, MSE, RMSE, MAE, MAPE: 26, 93595600.00, 93595600.00, 9618.08, 7495.71, 8.83%
- Epoch 027, ExpID 45707
Train - Loss: 27558976.40
Val - Loss, MSE, RMSE, MAE, MAPE: 33369148.00, 33369147.00, 5640.85, 4398.73, 5.60%
Test - Best epoch, Loss, MSE, RMSE, MAE, MAPE: 26, 93595600.00, 93595600.00, 9618.08, 7495.71, 8.83%
- Epoch 028, ExpID 45707
Train - Loss: 27493759.70
Val - Loss, MSE, RMSE, MAE, MAPE: 32543620.00, 32543619.00, 5582.55, 4352.24, 5.56%
Test - Best epoch, Loss, MSE, RMSE, MAE, MAPE: 28, 92260760.00, 92260760.00, 9553.33, 7423.47, 8.76%
- Epoch 029, ExpID 45707
Train - Loss: 27497753.20
Val - Loss, MSE, RMSE, MAE, MAPE: 32762356.00, 32762357.00, 5596.32, 4358.40, 5.54%
Test - Best epoch, Loss, MSE, RMSE, MAE, MAPE: 28, 92260760.00, 92260760.00, 9553.33, 7423.47, 8.76%
- Epoch 030, ExpID 45707
Train - Loss: 27229531.50
Val - Loss, MSE, RMSE, MAE, MAPE: 32116960.00, 32116961.00, 5541.96, 4320.57, 5.50%
Test - Best epoch, Loss, MSE, RMSE, MAE, MAPE: 30, 92519312.00, 92519312.00, 9569.27, 7435.76, 8.75%
- Epoch 031, ExpID 45707
Train - Loss: 27064267.70
Val - Loss, MSE, RMSE, MAE, MAPE: 32023940.00, 32023941.00, 5541.34, 4316.48, 5.51%
Test - Best epoch, Loss, MSE, RMSE, MAE, MAPE: 31, 91484352.00, 91484352.00, 9518.60, 7373.42, 8.69%
- Epoch 032, ExpID 45707
Train - Loss: 27174042.40
Val - Loss, MSE, RMSE, MAE, MAPE: 31635484.00, 31635485.00, 5505.31, 4283.67, 5.48%
Test - Best epoch, Loss, MSE, RMSE, MAE, MAPE: 32, 91141440.00, 91141440.00, 9501.26, 7355.09, 8.68%
- Epoch 033, ExpID 45707
Train - Loss: 26889576.20
Val - Loss, MSE, RMSE, MAE, MAPE: 31561076.00, 31561075.00, 5503.05, 4285.29, 5.47%
Test - Best epoch, Loss, MSE, RMSE, MAE, MAPE: 33, 91886304.00, 91886304.00, 9537.25, 7383.71, 8.70%
- Epoch 034, ExpID 45707
Train - Loss: 26919039.40
Val - Loss, MSE, RMSE, MAE, MAPE: 31322636.00, 31322635.00, 5485.31, 4265.50, 5.45%
Test - Best epoch, Loss, MSE, RMSE, MAE, MAPE: 34, 92062864.00, 92062864.00, 9545.32, 7378.33, 8.69%
- Epoch 035, ExpID 45707
Train - Loss: 26769327.40
Val - Loss, MSE, RMSE, MAE, MAPE: 31469576.00, 31469575.00, 5495.98, 4270.66, 5.44%
Test - Best epoch, Loss, MSE, RMSE, MAE, MAPE: 34, 92062864.00, 92062864.00, 9545.32, 7378.33, 8.69%
- Epoch 036, ExpID 45707
Train - Loss: 26698511.10
Val - Loss, MSE, RMSE, MAE, MAPE: 30874376.00, 30874375.00, 5450.43, 4239.88, 5.41%
Test - Best epoch, Loss, MSE, RMSE, MAE, MAPE: 36, 90955976.00, 90955976.00, 9488.60, 7313.28, 8.61%
- Epoch 037, ExpID 45707
Train - Loss: 26599080.10
Val - Loss, MSE, RMSE, MAE, MAPE: 31172244.00, 31172245.00, 5470.18, 4254.45, 5.41%
Test - Best epoch, Loss, MSE, RMSE, MAE, MAPE: 36, 90955976.00, 90955976.00, 9488.60, 7313.28, 8.61%
- Epoch 038, ExpID 45707
Train - Loss: 26470837.90
Val - Loss, MSE, RMSE, MAE, MAPE: 30741436.00, 30741436.00, 5438.02, 4224.37, 5.39%
Test - Best epoch, Loss, MSE, RMSE, MAE, MAPE: 38, 91749320.00, 91749320.00, 9526.90, 7349.22, 8.64%
- Epoch 039, ExpID 45707
Train - Loss: 26302032.10
Val - Loss, MSE, RMSE, MAE, MAPE: 30680204.00, 30680204.00, 5435.59, 4219.89, 5.39%
Test - Best epoch, Loss, MSE, RMSE, MAE, MAPE: 39, 91080072.00, 91080072.00, 9495.56, 7298.14, 8.59%
- Epoch 040, ExpID 45707
Train - Loss: 26291947.70
Val - Loss, MSE, RMSE, MAE, MAPE: 30596266.00, 30596266.00, 5425.98, 4216.40, 5.40%
Test - Best epoch, Loss, MSE, RMSE, MAE, MAPE: 40, 88682768.00, 88682764.00, 9378.53, 7197.75, 8.48%
- Epoch 041, ExpID 45707
Train - Loss: 26158817.10
Val - Loss, MSE, RMSE, MAE, MAPE: 31270188.00, 31270189.00, 5474.73, 4256.90, 5.41%
Test - Best epoch, Loss, MSE, RMSE, MAE, MAPE: 40, 88682768.00, 88682764.00, 9378.53, 7197.75, 8.48%
- Epoch 042, ExpID 45707
Train - Loss: 26104709.40
Val - Loss, MSE, RMSE, MAE, MAPE: 30437524.00, 30437524.00, 5422.44, 4207.55, 5.40%
Test - Best epoch, Loss, MSE, RMSE, MAE, MAPE: 42, 88238176.00, 88238180.00, 9352.72, 7152.05, 8.44%
- Epoch 043, ExpID 45707
Train - Loss: 26005135.40
Val - Loss, MSE, RMSE, MAE, MAPE: 30368240.00, 30368239.00, 5410.61, 4205.72, 5.39%
Test - Best epoch, Loss, MSE, RMSE, MAE, MAPE: 43, 88458032.00, 88458036.00, 9366.91, 7165.07, 8.44%
- Epoch 044, ExpID 45707
Train - Loss: 25950301.90
Val - Loss, MSE, RMSE, MAE, MAPE: 30295648.00, 30295649.00, 5400.23, 4192.81, 5.35%
Test - Best epoch, Loss, MSE, RMSE, MAE, MAPE: 44, 90761472.00, 90761468.00, 9481.56, 7278.68, 8.55%
- Epoch 045, ExpID 45707
Train - Loss: 25834662.90
Val - Loss, MSE, RMSE, MAE, MAPE: 30071908.00, 30071909.00, 5383.96, 4187.08, 5.36%
Test - Best epoch, Loss, MSE, RMSE, MAE, MAPE: 45, 88866008.00, 88866008.00, 9387.56, 7174.40, 8.44%
- Epoch 046, ExpID 45707
Train - Loss: 25715505.90
Val - Loss, MSE, RMSE, MAE, MAPE: 30268976.00, 30268977.00, 5397.53, 4191.76, 5.37%
Test - Best epoch, Loss, MSE, RMSE, MAE, MAPE: 45, 88866008.00, 88866008.00, 9387.56, 7174.40, 8.44%
- Epoch 047, ExpID 45707
Train - Loss: 25790437.90
Val - Loss, MSE, RMSE, MAE, MAPE: 29747162.00, 29747162.00, 5365.35, 4151.55, 5.34%
Test - Best epoch, Loss, MSE, RMSE, MAE, MAPE: 47, 88597944.00, 88597944.00, 9367.72, 7148.31, 8.44%
- Epoch 048, ExpID 45707
Train - Loss: 25680456.00
Val - Loss, MSE, RMSE, MAE, MAPE: 30457844.00, 30457843.00, 5412.18, 4187.76, 5.35%
Test - Best epoch, Loss, MSE, RMSE, MAE, MAPE: 47, 88597944.00, 88597944.00, 9367.72, 7148.31, 8.44%
- Epoch 049, ExpID 45707
Train - Loss: 25575566.80
Val - Loss, MSE, RMSE, MAE, MAPE: 29816560.00, 29816561.00, 5363.57, 4153.76, 5.33%
Test - Best epoch, Loss, MSE, RMSE, MAE, MAPE: 47, 88597944.00, 88597944.00, 9367.72, 7148.31, 8.44%
- Epoch 050, ExpID 45707
Train - Loss: 25445839.50
Val - Loss, MSE, RMSE, MAE, MAPE: 29630776.00, 29630777.00, 5356.44, 4144.69, 5.34%
Test - Best epoch, Loss, MSE, RMSE, MAE, MAPE: 50, 86896432.00, 86896428.00, 9285.68, 7058.42, 8.33%
- Epoch 051, ExpID 45707
Train - Loss: 25310466.80
Val - Loss, MSE, RMSE, MAE, MAPE: 29902290.00, 29902290.00, 5362.37, 4151.27, 5.30%
Test - Best epoch, Loss, MSE, RMSE, MAE, MAPE: 50, 86896432.00, 86896428.00, 9285.68, 7058.42, 8.33%
- Epoch 052, ExpID 45707
Train - Loss: 25267094.60
Val - Loss, MSE, RMSE, MAE, MAPE: 29489106.00, 29489106.00, 5330.85, 4126.84, 5.29%
Test - Best epoch, Loss, MSE, RMSE, MAE, MAPE: 52, 88693520.00, 88693520.00, 9379.16, 7144.82, 8.41%
- Epoch 053, ExpID 45707
Train - Loss: 25109963.20
Val - Loss, MSE, RMSE, MAE, MAPE: 29375858.00, 29375858.00, 5322.81, 4116.88, 5.27%
Test - Best epoch, Loss, MSE, RMSE, MAE, MAPE: 53, 89328816.00, 89328812.00, 9409.18, 7175.54, 8.44%
- Epoch 054, ExpID 45707
Train - Loss: 25324863.10
Val - Loss, MSE, RMSE, MAE, MAPE: 29269828.00, 29269827.00, 5315.47, 4106.36, 5.25%
Test - Best epoch, Loss, MSE, RMSE, MAE, MAPE: 54, 90458480.00, 90458480.00, 9462.48, 7233.02, 8.49%
- Epoch 055, ExpID 45707
Train - Loss: 25259539.70
Val - Loss, MSE, RMSE, MAE, MAPE: 29229416.00, 29229415.00, 5310.22, 4103.12, 5.27%
Test - Best epoch, Loss, MSE, RMSE, MAE, MAPE: 55, 87758880.00, 87758884.00, 9330.32, 7093.51, 8.36%
- Epoch 056, ExpID 45707
Train - Loss: 25007080.50
Val - Loss, MSE, RMSE, MAE, MAPE: 29099792.00, 29099791.00, 5297.61, 4089.24, 5.24%
Test - Best epoch, Loss, MSE, RMSE, MAE, MAPE: 56, 88361832.00, 88361832.00, 9360.61, 7122.62, 8.39%
- Epoch 057, ExpID 45707
Train - Loss: 25038090.60
Val - Loss, MSE, RMSE, MAE, MAPE: 29222480.00, 29222481.00, 5314.85, 4102.05, 5.27%
Test - Best epoch, Loss, MSE, RMSE, MAE, MAPE: 56, 88361832.00, 88361832.00, 9360.61, 7122.62, 8.39%
- Epoch 058, ExpID 45707
Train - Loss: 24848138.70
Val - Loss, MSE, RMSE, MAE, MAPE: 29150358.00, 29150358.00, 5305.41, 4094.74, 5.25%
Test - Best epoch, Loss, MSE, RMSE, MAE, MAPE: 56, 88361832.00, 88361832.00, 9360.61, 7122.62, 8.39%
- Epoch 059, ExpID 45707
Train - Loss: 24868037.10
Val - Loss, MSE, RMSE, MAE, MAPE: 29226216.00, 29226217.00, 5312.79, 4099.87, 5.27%
Test - Best epoch, Loss, MSE, RMSE, MAE, MAPE: 56, 88361832.00, 88361832.00, 9360.61, 7122.62, 8.39%
- Epoch 060, ExpID 45707
Train - Loss: 24806143.40
Val - Loss, MSE, RMSE, MAE, MAPE: 28983604.00, 28983604.00, 5292.88, 4082.92, 5.26%
Test - Best epoch, Loss, MSE, RMSE, MAE, MAPE: 60, 85603568.00, 85603564.00, 9222.54, 6975.46, 8.24%
- Epoch 061, ExpID 45707
Train - Loss: 24874993.40
Val - Loss, MSE, RMSE, MAE, MAPE: 28874716.00, 28874715.00, 5282.25, 4065.89, 5.21%
Test - Best epoch, Loss, MSE, RMSE, MAE, MAPE: 61, 89239968.00, 89239968.00, 9401.84, 7135.54, 8.39%
- Epoch 062, ExpID 45707
Train - Loss: 24787001.60
Val - Loss, MSE, RMSE, MAE, MAPE: 28726808.00, 28726807.00, 5262.77, 4054.20, 5.19%
Test - Best epoch, Loss, MSE, RMSE, MAE, MAPE: 62, 88434160.00, 88434164.00, 9366.55, 7111.83, 8.37%
- Epoch 063, ExpID 45707
Train - Loss: 24733313.50
Val - Loss, MSE, RMSE, MAE, MAPE: 28592868.00, 28592869.00, 5257.02, 4055.97, 5.22%
Test - Best epoch, Loss, MSE, RMSE, MAE, MAPE: 63, 86185344.00, 86185340.00, 9250.82, 6992.25, 8.25%
- Epoch 064, ExpID 45707
Train - Loss: 24652148.40
Val - Loss, MSE, RMSE, MAE, MAPE: 28710756.00, 28710755.00, 5262.23, 4055.69, 5.20%
Test - Best epoch, Loss, MSE, RMSE, MAE, MAPE: 63, 86185344.00, 86185340.00, 9250.82, 6992.25, 8.25%
- Epoch 065, ExpID 45707
Train - Loss: 24529384.60
Val - Loss, MSE, RMSE, MAE, MAPE: 28767988.00, 28767988.00, 5272.49, 4061.66, 5.22%
Test - Best epoch, Loss, MSE, RMSE, MAE, MAPE: 63, 86185344.00, 86185340.00, 9250.82, 6992.25, 8.25%
- Epoch 066, ExpID 45707
Train - Loss: 24429477.80
Val - Loss, MSE, RMSE, MAE, MAPE: 28474992.00, 28474991.00, 5239.44, 4031.65, 5.16%
Test - Best epoch, Loss, MSE, RMSE, MAE, MAPE: 66, 88086112.00, 88086112.00, 9349.64, 7090.05, 8.34%
- Epoch 067, ExpID 45707
Train - Loss: 24492316.90
Val - Loss, MSE, RMSE, MAE, MAPE: 28706120.00, 28706119.00, 5261.02, 4058.27, 5.19%
Test - Best epoch, Loss, MSE, RMSE, MAE, MAPE: 66, 88086112.00, 88086112.00, 9349.64, 7090.05, 8.34%
- Epoch 068, ExpID 45707
Train - Loss: 24468909.50
Val - Loss, MSE, RMSE, MAE, MAPE: 28358792.00, 28358791.00, 5235.69, 4038.64, 5.19%
Test - Best epoch, Loss, MSE, RMSE, MAE, MAPE: 68, 85238488.00, 85238488.00, 9202.86, 6928.72, 8.17%
- Epoch 069, ExpID 45707
Train - Loss: 24377919.60
Val - Loss, MSE, RMSE, MAE, MAPE: 28303020.00, 28303021.00, 5227.74, 4024.03, 5.16%
Test - Best epoch, Loss, MSE, RMSE, MAE, MAPE: 69, 87307200.00, 87307200.00, 9307.44, 7030.41, 8.27%
- Epoch 070, ExpID 45707
Train - Loss: 24275869.80
Val - Loss, MSE, RMSE, MAE, MAPE: 28562042.00, 28562042.00, 5249.32, 4040.41, 5.19%
Test - Best epoch, Loss, MSE, RMSE, MAE, MAPE: 69, 87307200.00, 87307200.00, 9307.44, 7030.41, 8.27%
- Epoch 071, ExpID 45707
Train - Loss: 24242302.80
Val - Loss, MSE, RMSE, MAE, MAPE: 28299636.00, 28299635.00, 5223.99, 4031.06, 5.17%
Test - Best epoch, Loss, MSE, RMSE, MAE, MAPE: 71, 85804128.00, 85804128.00, 9232.65, 6958.83, 8.19%
- Epoch 072, ExpID 45707
Train - Loss: 24237581.80
Val - Loss, MSE, RMSE, MAE, MAPE: 28276088.00, 28276089.00, 5223.44, 4016.71, 5.14%
Test - Best epoch, Loss, MSE, RMSE, MAE, MAPE: 72, 87560448.00, 87560444.00, 9320.71, 7042.21, 8.28%
- Epoch 073, ExpID 45707
Train - Loss: 24162777.60
Val - Loss, MSE, RMSE, MAE, MAPE: 28228458.00, 28228458.00, 5221.31, 4016.76, 5.15%
Test - Best epoch, Loss, MSE, RMSE, MAE, MAPE: 73, 86051816.00, 86051816.00, 9244.11, 6954.33, 8.19%
- Epoch 074, ExpID 45707
Train - Loss: 24115198.20
Val - Loss, MSE, RMSE, MAE, MAPE: 28164636.00, 28164636.00, 5219.16, 4013.20, 5.15%
Test - Best epoch, Loss, MSE, RMSE, MAE, MAPE: 74, 86812112.00, 86812112.00, 9284.16, 6987.36, 8.22%
- Epoch 075, ExpID 45707
Train - Loss: 24075440.40
Val - Loss, MSE, RMSE, MAE, MAPE: 28326274.00, 28326274.00, 5239.71, 4032.41, 5.20%
Test - Best epoch, Loss, MSE, RMSE, MAE, MAPE: 74, 86812112.00, 86812112.00, 9284.16, 6987.36, 8.22%
- Epoch 076, ExpID 45707
Train - Loss: 23935618.40
Val - Loss, MSE, RMSE, MAE, MAPE: 28209920.00, 28209921.00, 5222.13, 4016.35, 5.17%
Test - Best epoch, Loss, MSE, RMSE, MAE, MAPE: 74, 86812112.00, 86812112.00, 9284.16, 6987.36, 8.22%
- Epoch 077, ExpID 45707
Train - Loss: 23890252.80
Val - Loss, MSE, RMSE, MAE, MAPE: 28030316.00, 28030317.00, 5205.89, 4004.16, 5.14%
Test - Best epoch, Loss, MSE, RMSE, MAE, MAPE: 77, 85834752.00, 85834756.00, 9232.02, 6936.31, 8.16%
- Epoch 078, ExpID 45707
Train - Loss: 23916732.30
Val - Loss, MSE, RMSE, MAE, MAPE: 27931056.00, 27931055.00, 5191.81, 3989.64, 5.13%
Test - Best epoch, Loss, MSE, RMSE, MAE, MAPE: 78, 85301024.00, 85301020.00, 9206.12, 6917.18, 8.16%
- Epoch 079, ExpID 45707
Train - Loss: 23788679.90
Val - Loss, MSE, RMSE, MAE, MAPE: 27953844.00, 27953845.00, 5203.40, 4001.91, 5.15%
Test - Best epoch, Loss, MSE, RMSE, MAE, MAPE: 78, 85301024.00, 85301020.00, 9206.12, 6917.18, 8.16%
- Epoch 080, ExpID 45707
Train - Loss: 23843422.00
Val - Loss, MSE, RMSE, MAE, MAPE: 27973768.00, 27973767.00, 5191.27, 3984.86, 5.10%
Test - Best epoch, Loss, MSE, RMSE, MAE, MAPE: 78, 85301024.00, 85301020.00, 9206.12, 6917.18, 8.16%
- Epoch 081, ExpID 45707
Train - Loss: 23653346.70
Val - Loss, MSE, RMSE, MAE, MAPE: 28010848.00, 28010847.00, 5205.51, 3997.99, 5.14%
Test - Best epoch, Loss, MSE, RMSE, MAE, MAPE: 78, 85301024.00, 85301020.00, 9206.12, 6917.18, 8.16%
- Epoch 082, ExpID 45707
Train - Loss: 23719231.40
Val - Loss, MSE, RMSE, MAE, MAPE: 28046140.00, 28046139.00, 5207.56, 4009.75, 5.15%
Test - Best epoch, Loss, MSE, RMSE, MAE, MAPE: 78, 85301024.00, 85301020.00, 9206.12, 6917.18, 8.16%
- Epoch 083, ExpID 45707
Train - Loss: 23601242.70
Val - Loss, MSE, RMSE, MAE, MAPE: 27861312.00, 27861313.00, 5188.69, 3977.98, 5.11%
Test - Best epoch, Loss, MSE, RMSE, MAE, MAPE: 83, 84612480.00, 84612484.00, 9171.40, 6869.18, 8.09%
- Epoch 084, ExpID 45707
Train - Loss: 23653696.70
Val - Loss, MSE, RMSE, MAE, MAPE: 27783036.00, 27783036.00, 5186.59, 3980.70, 5.12%
Test - Best epoch, Loss, MSE, RMSE, MAE, MAPE: 84, 84958032.00, 84958036.00, 9184.16, 6857.15, 8.08%
- Epoch 085, ExpID 45707
Train - Loss: 23557230.90
Val - Loss, MSE, RMSE, MAE, MAPE: 27740200.00, 27740199.00, 5180.72, 3975.64, 5.11%
Test - Best epoch, Loss, MSE, RMSE, MAE, MAPE: 85, 83823752.00, 83823752.00, 9128.80, 6823.86, 8.04%
- Epoch 086, ExpID 45707
Train - Loss: 23533667.50
Val - Loss, MSE, RMSE, MAE, MAPE: 27832164.00, 27832163.00, 5188.33, 3976.20, 5.12%
Test - Best epoch, Loss, MSE, RMSE, MAE, MAPE: 85, 83823752.00, 83823752.00, 9128.80, 6823.86, 8.04%
- Epoch 087, ExpID 45707
Train - Loss: 23423514.00
Val - Loss, MSE, RMSE, MAE, MAPE: 27476858.00, 27476858.00, 5153.64, 3949.37, 5.08%
Test - Best epoch, Loss, MSE, RMSE, MAE, MAPE: 87, 84157184.00, 84157184.00, 9144.36, 6829.39, 8.06%
- Epoch 088, ExpID 45707
Train - Loss: 23468907.60
Val - Loss, MSE, RMSE, MAE, MAPE: 27567312.00, 27567313.00, 5160.47, 3959.18, 5.08%
Test - Best epoch, Loss, MSE, RMSE, MAE, MAPE: 87, 84157184.00, 84157184.00, 9144.36, 6829.39, 8.06%
- Epoch 089, ExpID 45707
Train - Loss: 23533029.70
Val - Loss, MSE, RMSE, MAE, MAPE: 27687156.00, 27687157.00, 5177.96, 3973.41, 5.11%
Test - Best epoch, Loss, MSE, RMSE, MAE, MAPE: 87, 84157184.00, 84157184.00, 9144.36, 6829.39, 8.06%
- Epoch 090, ExpID 45707
Train - Loss: 23559525.10
Val - Loss, MSE, RMSE, MAE, MAPE: 27801170.00, 27801170.00, 5193.05, 3995.67, 5.14%
Test - Best epoch, Loss, MSE, RMSE, MAE, MAPE: 87, 84157184.00, 84157184.00, 9144.36, 6829.39, 8.06%
- Epoch 091, ExpID 45707
Train - Loss: 23316010.60
Val - Loss, MSE, RMSE, MAE, MAPE: 27605770.00, 27605770.00, 5171.12, 3969.28, 5.10%
Test - Best epoch, Loss, MSE, RMSE, MAE, MAPE: 87, 84157184.00, 84157184.00, 9144.36, 6829.39, 8.06%
- Epoch 092, ExpID 45707
Train - Loss: 23362946.60
Val - Loss, MSE, RMSE, MAE, MAPE: 27380024.00, 27380024.00, 5147.02, 3949.29, 5.08%
Test - Best epoch, Loss, MSE, RMSE, MAE, MAPE: 92, 83383528.00, 83383528.00, 9103.53, 6770.32, 7.98%
- Epoch 093, ExpID 45707
Train - Loss: 23286485.00
Val - Loss, MSE, RMSE, MAE, MAPE: 27572126.00, 27572126.00, 5164.35, 3964.72, 5.09%
Test - Best epoch, Loss, MSE, RMSE, MAE, MAPE: 92, 83383528.00, 83383528.00, 9103.53, 6770.32, 7.98%
- Epoch 094, ExpID 45707
Train - Loss: 23238662.90
Val - Loss, MSE, RMSE, MAE, MAPE: 27512748.00, 27512747.00, 5159.99, 3951.69, 5.08%
Test - Best epoch, Loss, MSE, RMSE, MAE, MAPE: 92, 83383528.00, 83383528.00, 9103.53, 6770.32, 7.98%
- Epoch 095, ExpID 45707
Train - Loss: 23176156.40
Val - Loss, MSE, RMSE, MAE, MAPE: 27559416.00, 27559415.00, 5163.66, 3969.68, 5.10%
Test - Best epoch, Loss, MSE, RMSE, MAE, MAPE: 92, 83383528.00, 83383528.00, 9103.53, 6770.32, 7.98%
- Epoch 096, ExpID 45707
Train - Loss: 23093692.60
Val - Loss, MSE, RMSE, MAE, MAPE: 27339148.00, 27339148.00, 5146.05, 3946.79, 5.08%
Test - Best epoch, Loss, MSE, RMSE, MAE, MAPE: 96, 82496800.00, 82496804.00, 9057.53, 6706.99, 7.92%
- Epoch 097, ExpID 45707
Train - Loss: 23177149.50
Val - Loss, MSE, RMSE, MAE, MAPE: 27483680.00, 27483681.00, 5153.11, 3958.41, 5.08%
Test - Best epoch, Loss, MSE, RMSE, MAE, MAPE: 96, 82496800.00, 82496804.00, 9057.53, 6706.99, 7.92%
- Epoch 098, ExpID 45707
Train - Loss: 23069026.50
Val - Loss, MSE, RMSE, MAE, MAPE: 27411292.00, 27411292.00, 5145.60, 3948.61, 5.06%
Test - Best epoch, Loss, MSE, RMSE, MAE, MAPE: 96, 82496800.00, 82496804.00, 9057.53, 6706.99, 7.92%
- Epoch 099, ExpID 45707
Train - Loss: 23087336.40
Val - Loss, MSE, RMSE, MAE, MAPE: 27521348.00, 27521348.00, 5159.46, 3952.00, 5.06%
Test - Best epoch, Loss, MSE, RMSE, MAE, MAPE: 96, 82496800.00, 82496804.00, 9057.53, 6706.99, 7.92%
- Epoch 100, ExpID 45707
Train - Loss: 23033872.40
Val - Loss, MSE, RMSE, MAE, MAPE: 27404616.00, 27404617.00, 5157.07, 3961.67, 5.10%
Test - Best epoch, Loss, MSE, RMSE, MAE, MAPE: 96, 82496800.00, 82496804.00, 9057.53, 6706.99, 7.92%
- Epoch 101, ExpID 45707
Train - Loss: 22833800.50
Val - Loss, MSE, RMSE, MAE, MAPE: 27634074.00, 27634074.00, 5176.14, 3968.84, 5.11%
Test - Best epoch, Loss, MSE, RMSE, MAE, MAPE: 96, 82496800.00, 82496804.00, 9057.53, 6706.99, 7.92%
- Epoch 102, ExpID 45707
Train - Loss: 22863924.10
Val - Loss, MSE, RMSE, MAE, MAPE: 27420764.00, 27420764.00, 5151.92, 3938.32, 5.04%
Test - Best epoch, Loss, MSE, RMSE, MAE, MAPE: 96, 82496800.00, 82496804.00, 9057.53, 6706.99, 7.92%
- Epoch 103, ExpID 45707
Train - Loss: 22750516.60
Val - Loss, MSE, RMSE, MAE, MAPE: 27307376.00, 27307375.00, 5151.65, 3946.13, 5.09%
Test - Best epoch, Loss, MSE, RMSE, MAE, MAPE: 103, 81379216.00, 81379220.00, 8997.51, 6628.53, 7.84%
- Epoch 104, ExpID 45707
Train - Loss: 22854588.70
Val - Loss, MSE, RMSE, MAE, MAPE: 27266580.00, 27266581.00, 5138.78, 3929.95, 5.05%
Test - Best epoch, Loss, MSE, RMSE, MAE, MAPE: 104, 81953152.00, 81953152.00, 9027.92, 6665.04, 7.86%
- Epoch 105, ExpID 45707
Train - Loss: 22907802.50
Val - Loss, MSE, RMSE, MAE, MAPE: 27514218.00, 27514218.00, 5167.90, 3962.86, 5.11%
Test - Best epoch, Loss, MSE, RMSE, MAE, MAPE: 104, 81953152.00, 81953152.00, 9027.92, 6665.04, 7.86%
- Epoch 106, ExpID 45707
Train - Loss: 22701331.90
Val - Loss, MSE, RMSE, MAE, MAPE: 27420952.00, 27420953.00, 5156.01, 3949.16, 5.08%
Test - Best epoch, Loss, MSE, RMSE, MAE, MAPE: 104, 81953152.00, 81953152.00, 9027.92, 6665.04, 7.86%
- Epoch 107, ExpID 45707
Train - Loss: 22776898.20
Val - Loss, MSE, RMSE, MAE, MAPE: 27640536.00, 27640536.00, 5179.07, 3971.24, 5.12%
Test - Best epoch, Loss, MSE, RMSE, MAE, MAPE: 104, 81953152.00, 81953152.00, 9027.92, 6665.04, 7.86%
- Epoch 108, ExpID 45707
Train - Loss: 22740943.40
Val - Loss, MSE, RMSE, MAE, MAPE: 27314932.00, 27314932.00, 5140.06, 3934.87, 5.05%
Test - Best epoch, Loss, MSE, RMSE, MAE, MAPE: 104, 81953152.00, 81953152.00, 9027.92, 6665.04, 7.86%
- Epoch 109, ExpID 45707
Train - Loss: 22570638.90
Val - Loss, MSE, RMSE, MAE, MAPE: 27388860.00, 27388860.00, 5157.33, 3955.58, 5.09%
Test - Best epoch, Loss, MSE, RMSE, MAE, MAPE: 104, 81953152.00, 81953152.00, 9027.92, 6665.04, 7.86%
- Epoch 110, ExpID 45707
Train - Loss: 22490849.90
Val - Loss, MSE, RMSE, MAE, MAPE: 27131602.00, 27131602.00, 5126.81, 3928.02, 5.04%
Test - Best epoch, Loss, MSE, RMSE, MAE, MAPE: 110, 81221728.00, 81221724.00, 8989.73, 6623.04, 7.81%
- Epoch 111, ExpID 45707
Train - Loss: 22522019.80
Val - Loss, MSE, RMSE, MAE, MAPE: 27335448.00, 27335447.00, 5152.63, 3953.29, 5.10%
Test - Best epoch, Loss, MSE, RMSE, MAE, MAPE: 110, 81221728.00, 81221724.00, 8989.73, 6623.04, 7.81%
- Epoch 112, ExpID 45707
Train - Loss: 22534572.00
Val - Loss, MSE, RMSE, MAE, MAPE: 27183766.00, 27183766.00, 5129.76, 3926.36, 5.04%
Test - Best epoch, Loss, MSE, RMSE, MAE, MAPE: 110, 81221728.00, 81221724.00, 8989.73, 6623.04, 7.81%
- Epoch 113, ExpID 45707
Train - Loss: 22413582.90
Val - Loss, MSE, RMSE, MAE, MAPE: 27214188.00, 27214187.00, 5130.62, 3927.07, 5.05%
Test - Best epoch, Loss, MSE, RMSE, MAE, MAPE: 110, 81221728.00, 81221724.00, 8989.73, 6623.04, 7.81%
- Epoch 114, ExpID 45707
Train - Loss: 22504884.80
Val - Loss, MSE, RMSE, MAE, MAPE: 27060096.00, 27060097.00, 5122.02, 3928.41, 5.05%
Test - Best epoch, Loss, MSE, RMSE, MAE, MAPE: 114, 80468976.00, 80468976.00, 8952.11, 6573.59, 7.76%
- Epoch 115, ExpID 45707
Train - Loss: 22435179.50
Val - Loss, MSE, RMSE, MAE, MAPE: 27028632.00, 27028633.00, 5114.01, 3922.03, 5.03%
Test - Best epoch, Loss, MSE, RMSE, MAE, MAPE: 115, 81177248.00, 81177248.00, 8989.19, 6612.55, 7.79%
- Epoch 116, ExpID 45707
Train - Loss: 22307987.00
Val - Loss, MSE, RMSE, MAE, MAPE: 27103534.00, 27103534.00, 5126.15, 3920.38, 5.04%
Test - Best epoch, Loss, MSE, RMSE, MAE, MAPE: 115, 81177248.00, 81177248.00, 8989.19, 6612.55, 7.79%
- Epoch 117, ExpID 45707
Train - Loss: 22284781.10
Val - Loss, MSE, RMSE, MAE, MAPE: 27399712.00, 27399712.00, 5156.66, 3950.95, 5.08%
Test - Best epoch, Loss, MSE, RMSE, MAE, MAPE: 115, 81177248.00, 81177248.00, 8989.19, 6612.55, 7.79%
- Epoch 118, ExpID 45707
Train - Loss: 22263317.40
Val - Loss, MSE, RMSE, MAE, MAPE: 27083784.00, 27083783.00, 5124.55, 3923.87, 5.04%
Test - Best epoch, Loss, MSE, RMSE, MAE, MAPE: 115, 81177248.00, 81177248.00, 8989.19, 6612.55, 7.79%
- Epoch 119, ExpID 45707
Train - Loss: 22305502.70
Val - Loss, MSE, RMSE, MAE, MAPE: 26995360.00, 26995361.00, 5117.22, 3917.80, 5.04%
Test - Best epoch, Loss, MSE, RMSE, MAE, MAPE: 119, 80928704.00, 80928700.00, 8972.32, 6576.24, 7.77%
- Epoch 120, ExpID 45707
Train - Loss: 22315886.20
Val - Loss, MSE, RMSE, MAE, MAPE: 27398340.00, 27398339.00, 5160.14, 3960.44, 5.11%
Test - Best epoch, Loss, MSE, RMSE, MAE, MAPE: 119, 80928704.00, 80928700.00, 8972.32, 6576.24, 7.77%
- Epoch 121, ExpID 45707
Train - Loss: 22232464.80
Val - Loss, MSE, RMSE, MAE, MAPE: 27207624.00, 27207625.00, 5129.89, 3933.84, 5.05%
Test - Best epoch, Loss, MSE, RMSE, MAE, MAPE: 119, 80928704.00, 80928700.00, 8972.32, 6576.24, 7.77%
- Epoch 122, ExpID 45707
Train - Loss: 22130226.40
Val - Loss, MSE, RMSE, MAE, MAPE: 27376304.00, 27376303.00, 5163.09, 3964.16, 5.12%
Test - Best epoch, Loss, MSE, RMSE, MAE, MAPE: 119, 80928704.00, 80928700.00, 8972.32, 6576.24, 7.77%
- Epoch 123, ExpID 45707
Train - Loss: 22146250.00
Val - Loss, MSE, RMSE, MAE, MAPE: 26995844.00, 26995844.00, 5112.50, 3917.40, 5.02%
Test - Best epoch, Loss, MSE, RMSE, MAE, MAPE: 119, 80928704.00, 80928700.00, 8972.32, 6576.24, 7.77%
- Epoch 124, ExpID 45707
Train - Loss: 22053533.40
Val - Loss, MSE, RMSE, MAE, MAPE: 27288212.00, 27288212.00, 5155.81, 3963.16, 5.12%
Test - Best epoch, Loss, MSE, RMSE, MAE, MAPE: 119, 80928704.00, 80928700.00, 8972.32, 6576.24, 7.77%
- Epoch 125, ExpID 45707
Train - Loss: 22146096.80
Val - Loss, MSE, RMSE, MAE, MAPE: 27061242.00, 27061242.00, 5130.21, 3932.96, 5.07%
Test - Best epoch, Loss, MSE, RMSE, MAE, MAPE: 119, 80928704.00, 80928700.00, 8972.32, 6576.24, 7.77%
- Epoch 126, ExpID 45707
Train - Loss: 22065448.60
Val - Loss, MSE, RMSE, MAE, MAPE: 27165492.00, 27165493.00, 5138.00, 3938.78, 5.07%
Test - Best epoch, Loss, MSE, RMSE, MAE, MAPE: 119, 80928704.00, 80928700.00, 8972.32, 6576.24, 7.77%
- Epoch 127, ExpID 45707
Train - Loss: 21926402.40
Val - Loss, MSE, RMSE, MAE, MAPE: 27173646.00, 27173646.00, 5138.04, 3942.62, 5.08%
Test - Best epoch, Loss, MSE, RMSE, MAE, MAPE: 119, 80928704.00, 80928700.00, 8972.32, 6576.24, 7.77%
- Epoch 128, ExpID 45707
Train - Loss: 21952720.10
Val - Loss, MSE, RMSE, MAE, MAPE: 27282132.00, 27282132.00, 5145.03, 3940.04, 5.06%
Test - Best epoch, Loss, MSE, RMSE, MAE, MAPE: 119, 80928704.00, 80928700.00, 8972.32, 6576.24, 7.77%
- Epoch 129, ExpID 45707
Train - Loss: 21884368.50
Val - Loss, MSE, RMSE, MAE, MAPE: 27083640.00, 27083641.00, 5130.84, 3925.78, 5.06%
Test - Best epoch, Loss, MSE, RMSE, MAE, MAPE: 119, 80928704.00, 80928700.00, 8972.32, 6576.24, 7.77%
Early Stopping at Epoch 129
Fold 2017 Best RMSE: 8972.3213

-------------------- [Fold: 2018] ExpID: 17166 --------------------
- Epoch 000, ExpID 17166
Train - Loss: 47300895.24
Val - Loss, MSE, RMSE, MAE, MAPE: 93125472.00, 93125468.00, 9640.14, 7533.42, 9.06%
Test - Best epoch, Loss, MSE, RMSE, MAE, MAPE: 0, 55070784.00, 55070784.00, 7369.82, 5814.57, 6.38%
- Epoch 001, ExpID 17166
Train - Loss: 40647660.57
Val - Loss, MSE, RMSE, MAE, MAPE: 88918232.00, 88918232.00, 9425.80, 7283.66, 8.73%
Test - Best epoch, Loss, MSE, RMSE, MAE, MAPE: 1, 50452888.00, 50452886.00, 7047.14, 5507.10, 6.04%
- Epoch 002, ExpID 17166
Train - Loss: 38368744.38
Val - Loss, MSE, RMSE, MAE, MAPE: 89586192.00, 89586196.00, 9464.94, 7315.60, 8.75%
Test - Best epoch, Loss, MSE, RMSE, MAE, MAPE: 1, 50452888.00, 50452886.00, 7047.14, 5507.10, 6.04%
- Epoch 003, ExpID 17166
Train - Loss: 37022760.00
Val - Loss, MSE, RMSE, MAE, MAPE: 91565840.00, 91565836.00, 9566.85, 7429.86, 8.88%
Test - Best epoch, Loss, MSE, RMSE, MAE, MAPE: 1, 50452888.00, 50452886.00, 7047.14, 5507.10, 6.04%
- Epoch 004, ExpID 17166
Train - Loss: 35819517.90
Val - Loss, MSE, RMSE, MAE, MAPE: 94595680.00, 94595684.00, 9714.90, 7614.48, 9.07%
Test - Best epoch, Loss, MSE, RMSE, MAE, MAPE: 1, 50452888.00, 50452886.00, 7047.14, 5507.10, 6.04%
- Epoch 005, ExpID 17166
Train - Loss: 34676226.29
Val - Loss, MSE, RMSE, MAE, MAPE: 97918736.00, 97918732.00, 9868.08, 7776.09, 9.26%
Test - Best epoch, Loss, MSE, RMSE, MAE, MAPE: 1, 50452888.00, 50452886.00, 7047.14, 5507.10, 6.04%
- Epoch 006, ExpID 17166
Train - Loss: 33930329.43
Val - Loss, MSE, RMSE, MAE, MAPE: 98926024.00, 98926024.00, 9908.71, 7810.83, 9.33%
Test - Best epoch, Loss, MSE, RMSE, MAE, MAPE: 1, 50452888.00, 50452886.00, 7047.14, 5507.10, 6.04%
- Epoch 007, ExpID 17166
Train - Loss: 33427070.57
Val - Loss, MSE, RMSE, MAE, MAPE: 102697384.00, 102697384.00, 10080.77, 7971.02, 9.45%
Test - Best epoch, Loss, MSE, RMSE, MAE, MAPE: 1, 50452888.00, 50452886.00, 7047.14, 5507.10, 6.04%
- Epoch 008, ExpID 17166
Train - Loss: 33026941.52
Val - Loss, MSE, RMSE, MAE, MAPE: 101535712.00, 101535712.00, 10023.85, 7929.33, 9.41%
Test - Best epoch, Loss, MSE, RMSE, MAE, MAPE: 1, 50452888.00, 50452886.00, 7047.14, 5507.10, 6.04%
- Epoch 009, ExpID 17166
Train - Loss: 32681544.86
Val - Loss, MSE, RMSE, MAE, MAPE: 100300192.00, 100300196.00, 9960.57, 7905.33, 9.40%
Test - Best epoch, Loss, MSE, RMSE, MAE, MAPE: 1, 50452888.00, 50452886.00, 7047.14, 5507.10, 6.04%
- Epoch 010, ExpID 17166
Train - Loss: 32460054.57
Val - Loss, MSE, RMSE, MAE, MAPE: 102395392.00, 102395388.00, 10056.28, 7947.39, 9.41%
Test - Best epoch, Loss, MSE, RMSE, MAE, MAPE: 1, 50452888.00, 50452886.00, 7047.14, 5507.10, 6.04%
- Epoch 011, ExpID 17166
Train - Loss: 32090031.52
Val - Loss, MSE, RMSE, MAE, MAPE: 99635856.00, 99635852.00, 9925.13, 7857.71, 9.35%
Test - Best epoch, Loss, MSE, RMSE, MAE, MAPE: 1, 50452888.00, 50452886.00, 7047.14, 5507.10, 6.04%
Early Stopping at Epoch 11
Fold 2018 Best RMSE: 7047.1421

-------------------- [Fold: 2019] ExpID: 90596 --------------------
- Epoch 000, ExpID 90596
Train - Loss: 51024167.65
Val - Loss, MSE, RMSE, MAE, MAPE: 53582680.00, 53582682.00, 7267.97, 5728.06, 6.28%
Test - Best epoch, Loss, MSE, RMSE, MAE, MAPE: 0, 60211288.00, 60211288.00, 7592.70, 5979.34, 6.38%
- Epoch 001, ExpID 90596
Train - Loss: 43954918.78
Val - Loss, MSE, RMSE, MAE, MAPE: 50321652.00, 50321652.00, 7044.20, 5499.09, 6.04%
Test - Best epoch, Loss, MSE, RMSE, MAE, MAPE: 1, 55498960.00, 55498960.00, 7270.51, 5700.04, 6.08%
- Epoch 002, ExpID 90596
Train - Loss: 41549897.91
Val - Loss, MSE, RMSE, MAE, MAPE: 49663408.00, 49663410.00, 7007.16, 5455.74, 5.99%
Test - Best epoch, Loss, MSE, RMSE, MAE, MAPE: 2, 54032756.00, 54032757.00, 7177.78, 5622.25, 6.00%
- Epoch 003, ExpID 90596
Train - Loss: 40187564.52
Val - Loss, MSE, RMSE, MAE, MAPE: 48305472.00, 48305474.00, 6914.68, 5375.62, 5.90%
Test - Best epoch, Loss, MSE, RMSE, MAE, MAPE: 3, 51901204.00, 51901204.00, 7019.58, 5481.61, 5.85%
- Epoch 004, ExpID 90596
Train - Loss: 38909390.78
Val - Loss, MSE, RMSE, MAE, MAPE: 46667360.00, 46667358.00, 6801.14, 5290.11, 5.79%
Test - Best epoch, Loss, MSE, RMSE, MAE, MAPE: 4, 49669448.00, 49669448.00, 6840.66, 5307.86, 5.65%
- Epoch 005, ExpID 90596
Train - Loss: 37753929.22
Val - Loss, MSE, RMSE, MAE, MAPE: 45540000.00, 45540002.00, 6723.96, 5234.08, 5.70%
Test - Best epoch, Loss, MSE, RMSE, MAE, MAPE: 5, 48069876.00, 48069876.00, 6709.07, 5174.05, 5.49%
- Epoch 006, ExpID 90596
Train - Loss: 36995368.61
Val - Loss, MSE, RMSE, MAE, MAPE: 44773228.00, 44773228.00, 6663.68, 5183.86, 5.65%
Test - Best epoch, Loss, MSE, RMSE, MAE, MAPE: 6, 47674544.00, 47674546.00, 6673.19, 5144.10, 5.46%
- Epoch 007, ExpID 90596
Train - Loss: 36558071.83
Val - Loss, MSE, RMSE, MAE, MAPE: 44338352.00, 44338354.00, 6626.83, 5155.74, 5.63%
Test - Best epoch, Loss, MSE, RMSE, MAE, MAPE: 7, 47572576.00, 47572578.00, 6657.60, 5139.60, 5.47%
- Epoch 008, ExpID 90596
Train - Loss: 36079648.87
Val - Loss, MSE, RMSE, MAE, MAPE: 43559032.00, 43559032.00, 6565.74, 5107.27, 5.58%
Test - Best epoch, Loss, MSE, RMSE, MAE, MAPE: 8, 47391036.00, 47391035.00, 6649.07, 5135.23, 5.47%
- Epoch 009, ExpID 90596
Train - Loss: 35765735.65
Val - Loss, MSE, RMSE, MAE, MAPE: 44062248.00, 44062246.00, 6611.74, 5151.66, 5.59%
Test - Best epoch, Loss, MSE, RMSE, MAE, MAPE: 8, 47391036.00, 47391035.00, 6649.07, 5135.23, 5.47%
- Epoch 010, ExpID 90596
Train - Loss: 35225092.52
Val - Loss, MSE, RMSE, MAE, MAPE: 43291240.00, 43291242.00, 6548.18, 5094.47, 5.55%
Test - Best epoch, Loss, MSE, RMSE, MAE, MAPE: 10, 46602648.00, 46602646.00, 6593.41, 5080.85, 5.39%
- Epoch 011, ExpID 90596
Train - Loss: 34969631.57
Val - Loss, MSE, RMSE, MAE, MAPE: 42959408.00, 42959406.00, 6515.60, 5053.77, 5.53%
Test - Best epoch, Loss, MSE, RMSE, MAE, MAPE: 11, 46155648.00, 46155648.00, 6539.98, 5041.41, 5.38%
- Epoch 012, ExpID 90596
Train - Loss: 34603071.22
Val - Loss, MSE, RMSE, MAE, MAPE: 43741184.00, 43741182.00, 6593.78, 5140.42, 5.56%
Test - Best epoch, Loss, MSE, RMSE, MAE, MAPE: 11, 46155648.00, 46155648.00, 6539.98, 5041.41, 5.38%
- Epoch 013, ExpID 90596
Train - Loss: 34543579.39
Val - Loss, MSE, RMSE, MAE, MAPE: 43819300.00, 43819300.00, 6600.84, 5152.60, 5.57%
Test - Best epoch, Loss, MSE, RMSE, MAE, MAPE: 11, 46155648.00, 46155648.00, 6539.98, 5041.41, 5.38%
- Epoch 014, ExpID 90596
Train - Loss: 34322369.04
Val - Loss, MSE, RMSE, MAE, MAPE: 42330548.00, 42330548.00, 6475.02, 5032.43, 5.48%
Test - Best epoch, Loss, MSE, RMSE, MAE, MAPE: 14, 45948400.00, 45948398.00, 6551.41, 5034.62, 5.35%
- Epoch 015, ExpID 90596
Train - Loss: 33975583.22
Val - Loss, MSE, RMSE, MAE, MAPE: 43501680.00, 43501678.00, 6579.94, 5132.64, 5.55%
Test - Best epoch, Loss, MSE, RMSE, MAE, MAPE: 14, 45948400.00, 45948398.00, 6551.41, 5034.62, 5.35%
- Epoch 016, ExpID 90596
Train - Loss: 33792650.52
Val - Loss, MSE, RMSE, MAE, MAPE: 42213336.00, 42213336.00, 6469.94, 5036.00, 5.46%
Test - Best epoch, Loss, MSE, RMSE, MAE, MAPE: 16, 45599900.00, 45599901.00, 6547.55, 5025.25, 5.32%
- Epoch 017, ExpID 90596
Train - Loss: 33546392.17
Val - Loss, MSE, RMSE, MAE, MAPE: 42145000.00, 42145002.00, 6464.20, 5025.50, 5.46%
Test - Best epoch, Loss, MSE, RMSE, MAE, MAPE: 17, 45575192.00, 45575190.00, 6539.46, 5024.30, 5.33%
- Epoch 018, ExpID 90596
Train - Loss: 33271557.91
Val - Loss, MSE, RMSE, MAE, MAPE: 42061112.00, 42061112.00, 6459.63, 5020.52, 5.45%
Test - Best epoch, Loss, MSE, RMSE, MAE, MAPE: 18, 45225340.00, 45225340.00, 6522.12, 5007.87, 5.31%
- Epoch 019, ExpID 90596
Train - Loss: 33022546.78
Val - Loss, MSE, RMSE, MAE, MAPE: 42613224.00, 42613226.00, 6509.63, 5073.98, 5.49%
Test - Best epoch, Loss, MSE, RMSE, MAE, MAPE: 18, 45225340.00, 45225340.00, 6522.12, 5007.87, 5.31%
- Epoch 020, ExpID 90596
Train - Loss: 33060252.78
Val - Loss, MSE, RMSE, MAE, MAPE: 40799380.00, 40799380.00, 6352.32, 4919.76, 5.37%
Test - Best epoch, Loss, MSE, RMSE, MAE, MAPE: 20, 45801660.00, 45801660.00, 6567.83, 5026.49, 5.35%
- Epoch 021, ExpID 90596
Train - Loss: 32681045.22
Val - Loss, MSE, RMSE, MAE, MAPE: 41203340.00, 41203340.00, 6390.12, 4957.78, 5.38%
Test - Best epoch, Loss, MSE, RMSE, MAE, MAPE: 20, 45801660.00, 45801660.00, 6567.83, 5026.49, 5.35%
- Epoch 022, ExpID 90596
Train - Loss: 32471395.74
Val - Loss, MSE, RMSE, MAE, MAPE: 41957292.00, 41957292.00, 6459.31, 5027.79, 5.44%
Test - Best epoch, Loss, MSE, RMSE, MAE, MAPE: 20, 45801660.00, 45801660.00, 6567.83, 5026.49, 5.35%
- Epoch 023, ExpID 90596
Train - Loss: 32139283.04
Val - Loss, MSE, RMSE, MAE, MAPE: 42290904.00, 42290904.00, 6486.41, 5065.34, 5.48%
Test - Best epoch, Loss, MSE, RMSE, MAE, MAPE: 20, 45801660.00, 45801660.00, 6567.83, 5026.49, 5.35%
- Epoch 024, ExpID 90596
Train - Loss: 31977835.13
Val - Loss, MSE, RMSE, MAE, MAPE: 42132384.00, 42132386.00, 6473.90, 5050.15, 5.46%
Test - Best epoch, Loss, MSE, RMSE, MAE, MAPE: 20, 45801660.00, 45801660.00, 6567.83, 5026.49, 5.35%
- Epoch 025, ExpID 90596
Train - Loss: 31763157.04
Val - Loss, MSE, RMSE, MAE, MAPE: 42777936.00, 42777936.00, 6528.56, 5103.46, 5.50%
Test - Best epoch, Loss, MSE, RMSE, MAE, MAPE: 20, 45801660.00, 45801660.00, 6567.83, 5026.49, 5.35%
- Epoch 026, ExpID 90596
Train - Loss: 31590557.57
Val - Loss, MSE, RMSE, MAE, MAPE: 42916224.00, 42916224.00, 6539.40, 5109.46, 5.50%
Test - Best epoch, Loss, MSE, RMSE, MAE, MAPE: 20, 45801660.00, 45801660.00, 6567.83, 5026.49, 5.35%
- Epoch 027, ExpID 90596
Train - Loss: 31416086.26
Val - Loss, MSE, RMSE, MAE, MAPE: 42226036.00, 42226036.00, 6480.71, 5049.16, 5.45%
Test - Best epoch, Loss, MSE, RMSE, MAE, MAPE: 20, 45801660.00, 45801660.00, 6567.83, 5026.49, 5.35%
- Epoch 028, ExpID 90596
Train - Loss: 31356385.30
Val - Loss, MSE, RMSE, MAE, MAPE: 41256844.00, 41256844.00, 6401.21, 4974.84, 5.39%
Test - Best epoch, Loss, MSE, RMSE, MAE, MAPE: 20, 45801660.00, 45801660.00, 6567.83, 5026.49, 5.35%
- Epoch 029, ExpID 90596
Train - Loss: 31186161.83
Val - Loss, MSE, RMSE, MAE, MAPE: 40698516.00, 40698516.00, 6356.07, 4936.27, 5.36%
Test - Best epoch, Loss, MSE, RMSE, MAE, MAPE: 29, 45316788.00, 45316787.00, 6584.68, 5048.75, 5.34%
- Epoch 030, ExpID 90596
Train - Loss: 31011055.48
Val - Loss, MSE, RMSE, MAE, MAPE: 42102132.00, 42102132.00, 6475.46, 5049.72, 5.45%
Test - Best epoch, Loss, MSE, RMSE, MAE, MAPE: 29, 45316788.00, 45316787.00, 6584.68, 5048.75, 5.34%
- Epoch 031, ExpID 90596
Train - Loss: 30899315.83
Val - Loss, MSE, RMSE, MAE, MAPE: 42156928.00, 42156928.00, 6481.11, 5057.72, 5.45%
Test - Best epoch, Loss, MSE, RMSE, MAE, MAPE: 29, 45316788.00, 45316787.00, 6584.68, 5048.75, 5.34%
- Epoch 032, ExpID 90596
Train - Loss: 30833320.70
Val - Loss, MSE, RMSE, MAE, MAPE: 42982100.00, 42982100.00, 6547.11, 5115.87, 5.50%
Test - Best epoch, Loss, MSE, RMSE, MAE, MAPE: 29, 45316788.00, 45316787.00, 6584.68, 5048.75, 5.34%
- Epoch 033, ExpID 90596
Train - Loss: 30749728.87
Val - Loss, MSE, RMSE, MAE, MAPE: 41342624.00, 41342626.00, 6411.81, 4983.42, 5.39%
Test - Best epoch, Loss, MSE, RMSE, MAE, MAPE: 29, 45316788.00, 45316787.00, 6584.68, 5048.75, 5.34%
- Epoch 034, ExpID 90596
Train - Loss: 30562086.52
Val - Loss, MSE, RMSE, MAE, MAPE: 41631848.00, 41631850.00, 6439.66, 5018.93, 5.42%
Test - Best epoch, Loss, MSE, RMSE, MAE, MAPE: 29, 45316788.00, 45316787.00, 6584.68, 5048.75, 5.34%
- Epoch 035, ExpID 90596
Train - Loss: 30369012.35
Val - Loss, MSE, RMSE, MAE, MAPE: 42624176.00, 42624174.00, 6519.74, 5085.77, 5.47%
Test - Best epoch, Loss, MSE, RMSE, MAE, MAPE: 29, 45316788.00, 45316787.00, 6584.68, 5048.75, 5.34%
- Epoch 036, ExpID 90596
Train - Loss: 30421276.52
Val - Loss, MSE, RMSE, MAE, MAPE: 42251000.00, 42250998.00, 6489.62, 5061.81, 5.45%
Test - Best epoch, Loss, MSE, RMSE, MAE, MAPE: 29, 45316788.00, 45316787.00, 6584.68, 5048.75, 5.34%
- Epoch 037, ExpID 90596
Train - Loss: 30181331.30
Val - Loss, MSE, RMSE, MAE, MAPE: 42128768.00, 42128768.00, 6479.33, 5046.74, 5.44%
Test - Best epoch, Loss, MSE, RMSE, MAE, MAPE: 29, 45316788.00, 45316787.00, 6584.68, 5048.75, 5.34%
- Epoch 038, ExpID 90596
Train - Loss: 30217378.26
Val - Loss, MSE, RMSE, MAE, MAPE: 41486656.00, 41486654.00, 6425.08, 4992.54, 5.39%
Test - Best epoch, Loss, MSE, RMSE, MAE, MAPE: 29, 45316788.00, 45316787.00, 6584.68, 5048.75, 5.34%
- Epoch 039, ExpID 90596
Train - Loss: 30134771.30
Val - Loss, MSE, RMSE, MAE, MAPE: 42317416.00, 42317416.00, 6494.90, 5051.34, 5.45%
Test - Best epoch, Loss, MSE, RMSE, MAE, MAPE: 29, 45316788.00, 45316787.00, 6584.68, 5048.75, 5.34%
Early Stopping at Epoch 39
Fold 2019 Best RMSE: 6584.6799
