DETAILED LOG | Model: timexer | Seed: 1
FULL CONFIG: {'gpu': '2', 'target': 'both', 'cv_start_year': 2017, 'cv_end_year': 2019, 'test_year': 2024, 'use_corona': False, 'seq_len': 56, 'label_len': 0, 'pred_len': 56, 'batch_size': 256, 'epochs': 1000, 'patience': 10, 'lr': 0.001, 'model': 'timexer', 'd_model': 512, 'n_heads': 4, 'n_layers': 6, 'dropout': 0.1, 'activation': 'gelu', 'patch_len': 7, 'factor': 5, 'norm_mode': 'revin', 'use_covar': True, 'use_dbloss': False, 'device': device(type='cuda'), 'stride': 16, 'file_path': 'dataset/airport_flight_with_holiday.csv', 'seed': 1, 'val_year': 2019, 'ndims': 2}

-------------------- [Fold: 2017] ExpID: 87050 --------------------
- Epoch 000, ExpID 87050
Train - Loss: 127912854.80
Val - Loss, MSE, RMSE, MAE, MAPE: 86039192.00, 86039192.00, 9246.76, 7533.25, 9.65%
Test - Best epoch, Loss, MSE, RMSE, MAE, MAPE: 0, 137231280.00, 137231280.00, 11704.24, 9455.51, 11.28%
- Epoch 001, ExpID 87050
Train - Loss: 40608234.40
Val - Loss, MSE, RMSE, MAE, MAPE: 51207712.00, 51207713.00, 7044.60, 5623.73, 7.22%
Test - Best epoch, Loss, MSE, RMSE, MAE, MAPE: 1, 103250976.00, 103250980.00, 10153.62, 8129.28, 9.72%
- Epoch 002, ExpID 87050
Train - Loss: 35263763.30
Val - Loss, MSE, RMSE, MAE, MAPE: 45257064.00, 45257063.00, 6590.59, 5232.97, 6.70%
Test - Best epoch, Loss, MSE, RMSE, MAE, MAPE: 2, 100797376.00, 100797372.00, 10023.52, 8019.38, 9.54%
- Epoch 003, ExpID 87050
Train - Loss: 34001469.50
Val - Loss, MSE, RMSE, MAE, MAPE: 42962812.00, 42962812.00, 6396.89, 5064.30, 6.49%
Test - Best epoch, Loss, MSE, RMSE, MAE, MAPE: 3, 99623504.00, 99623500.00, 9957.15, 7967.88, 9.47%
- Epoch 004, ExpID 87050
Train - Loss: 32876723.30
Val - Loss, MSE, RMSE, MAE, MAPE: 42060268.00, 42060269.00, 6303.75, 4982.05, 6.32%
Test - Best epoch, Loss, MSE, RMSE, MAE, MAPE: 4, 100819792.00, 100819796.00, 10010.17, 7986.93, 9.40%
- Epoch 005, ExpID 87050
Train - Loss: 32484324.60
Val - Loss, MSE, RMSE, MAE, MAPE: 39105784.00, 39105784.00, 6090.30, 4789.64, 6.17%
Test - Best epoch, Loss, MSE, RMSE, MAE, MAPE: 5, 95921328.00, 95921332.00, 9772.70, 7735.99, 9.20%
- Epoch 006, ExpID 87050
Train - Loss: 32124501.20
Val - Loss, MSE, RMSE, MAE, MAPE: 38763068.00, 38763069.00, 6068.85, 4768.96, 6.12%
Test - Best epoch, Loss, MSE, RMSE, MAE, MAPE: 6, 96655136.00, 96655136.00, 9801.96, 7726.16, 9.15%
- Epoch 007, ExpID 87050
Train - Loss: 31558357.30
Val - Loss, MSE, RMSE, MAE, MAPE: 38297500.00, 38297501.00, 6004.33, 4710.47, 5.98%
Test - Best epoch, Loss, MSE, RMSE, MAE, MAPE: 7, 102478880.00, 102478876.00, 10076.38, 7918.74, 9.30%
- Epoch 008, ExpID 87050
Train - Loss: 31527258.70
Val - Loss, MSE, RMSE, MAE, MAPE: 37235788.00, 37235788.00, 5935.09, 4660.34, 5.93%
Test - Best epoch, Loss, MSE, RMSE, MAE, MAPE: 8, 100156544.00, 100156548.00, 9966.17, 7822.87, 9.19%
- Epoch 009, ExpID 87050
Train - Loss: 31128748.20
Val - Loss, MSE, RMSE, MAE, MAPE: 37903280.00, 37903280.00, 5999.91, 4695.94, 5.97%
Test - Best epoch, Loss, MSE, RMSE, MAE, MAPE: 8, 100156544.00, 100156548.00, 9966.17, 7822.87, 9.19%
- Epoch 010, ExpID 87050
Train - Loss: 31348863.10
Val - Loss, MSE, RMSE, MAE, MAPE: 40775932.00, 40775933.00, 6325.86, 4937.14, 6.45%
Test - Best epoch, Loss, MSE, RMSE, MAE, MAPE: 8, 100156544.00, 100156548.00, 9966.17, 7822.87, 9.19%
- Epoch 011, ExpID 87050
Train - Loss: 31299483.70
Val - Loss, MSE, RMSE, MAE, MAPE: 36069992.00, 36069990.00, 5868.24, 4574.19, 5.87%
Test - Best epoch, Loss, MSE, RMSE, MAE, MAPE: 11, 97438784.00, 97438780.00, 9836.50, 7619.49, 9.00%
- Epoch 012, ExpID 87050
Train - Loss: 30710891.00
Val - Loss, MSE, RMSE, MAE, MAPE: 35822784.00, 35822783.00, 5836.66, 4555.91, 5.81%
Test - Best epoch, Loss, MSE, RMSE, MAE, MAPE: 12, 100442952.00, 100442952.00, 9975.06, 7738.66, 9.10%
- Epoch 013, ExpID 87050
Train - Loss: 30405250.40
Val - Loss, MSE, RMSE, MAE, MAPE: 37617744.00, 37617745.00, 6054.14, 4688.67, 6.10%
Test - Best epoch, Loss, MSE, RMSE, MAE, MAPE: 12, 100442952.00, 100442952.00, 9975.06, 7738.66, 9.10%
- Epoch 014, ExpID 87050
Train - Loss: 30674667.10
Val - Loss, MSE, RMSE, MAE, MAPE: 37358492.00, 37358493.00, 6025.66, 4698.30, 6.09%
Test - Best epoch, Loss, MSE, RMSE, MAE, MAPE: 12, 100442952.00, 100442952.00, 9975.06, 7738.66, 9.10%
- Epoch 015, ExpID 87050
Train - Loss: 30453291.90
Val - Loss, MSE, RMSE, MAE, MAPE: 36531492.00, 36531491.00, 5961.76, 4633.67, 6.00%
Test - Best epoch, Loss, MSE, RMSE, MAE, MAPE: 12, 100442952.00, 100442952.00, 9975.06, 7738.66, 9.10%
- Epoch 016, ExpID 87050
Train - Loss: 30035687.10
Val - Loss, MSE, RMSE, MAE, MAPE: 37260272.00, 37260274.00, 5966.02, 4624.80, 5.87%
Test - Best epoch, Loss, MSE, RMSE, MAE, MAPE: 12, 100442952.00, 100442952.00, 9975.06, 7738.66, 9.10%
- Epoch 017, ExpID 87050
Train - Loss: 30190136.40
Val - Loss, MSE, RMSE, MAE, MAPE: 34758912.00, 34758910.00, 5780.85, 4486.62, 5.73%
Test - Best epoch, Loss, MSE, RMSE, MAE, MAPE: 17, 101988216.00, 101988216.00, 10024.30, 7696.63, 9.03%
- Epoch 018, ExpID 87050
Train - Loss: 29661665.10
Val - Loss, MSE, RMSE, MAE, MAPE: 35624852.00, 35624853.00, 5865.46, 4565.81, 5.84%
Test - Best epoch, Loss, MSE, RMSE, MAE, MAPE: 17, 101988216.00, 101988216.00, 10024.30, 7696.63, 9.03%
- Epoch 019, ExpID 87050
Train - Loss: 29864634.40
Val - Loss, MSE, RMSE, MAE, MAPE: 35381556.00, 35381555.00, 5832.71, 4562.52, 5.79%
Test - Best epoch, Loss, MSE, RMSE, MAE, MAPE: 17, 101988216.00, 101988216.00, 10024.30, 7696.63, 9.03%
- Epoch 020, ExpID 87050
Train - Loss: 29508772.30
Val - Loss, MSE, RMSE, MAE, MAPE: 36389652.00, 36389651.00, 5904.37, 4621.99, 5.86%
Test - Best epoch, Loss, MSE, RMSE, MAE, MAPE: 17, 101988216.00, 101988216.00, 10024.30, 7696.63, 9.03%
- Epoch 021, ExpID 87050
Train - Loss: 30419522.30
Val - Loss, MSE, RMSE, MAE, MAPE: 35372920.00, 35372918.00, 5839.77, 4556.82, 5.77%
Test - Best epoch, Loss, MSE, RMSE, MAE, MAPE: 17, 101988216.00, 101988216.00, 10024.30, 7696.63, 9.03%
- Epoch 022, ExpID 87050
Train - Loss: 29240368.50
Val - Loss, MSE, RMSE, MAE, MAPE: 35282380.00, 35282379.00, 5834.55, 4544.17, 5.81%
Test - Best epoch, Loss, MSE, RMSE, MAE, MAPE: 17, 101988216.00, 101988216.00, 10024.30, 7696.63, 9.03%
- Epoch 023, ExpID 87050
Train - Loss: 29092701.40
Val - Loss, MSE, RMSE, MAE, MAPE: 33882280.00, 33882280.00, 5722.63, 4448.95, 5.71%
Test - Best epoch, Loss, MSE, RMSE, MAE, MAPE: 23, 93973256.00, 93973256.00, 9652.75, 7375.24, 8.68%
- Epoch 024, ExpID 87050
Train - Loss: 28806604.10
Val - Loss, MSE, RMSE, MAE, MAPE: 35520004.00, 35520004.00, 5870.42, 4555.00, 5.79%
Test - Best epoch, Loss, MSE, RMSE, MAE, MAPE: 23, 93973256.00, 93973256.00, 9652.75, 7375.24, 8.68%
- Epoch 025, ExpID 87050
Train - Loss: 28690854.40
Val - Loss, MSE, RMSE, MAE, MAPE: 34923840.00, 34923840.00, 5826.42, 4534.98, 5.86%
Test - Best epoch, Loss, MSE, RMSE, MAE, MAPE: 23, 93973256.00, 93973256.00, 9652.75, 7375.24, 8.68%
- Epoch 026, ExpID 87050
Train - Loss: 28430136.10
Val - Loss, MSE, RMSE, MAE, MAPE: 34498792.00, 34498793.00, 5787.29, 4498.12, 5.83%
Test - Best epoch, Loss, MSE, RMSE, MAE, MAPE: 23, 93973256.00, 93973256.00, 9652.75, 7375.24, 8.68%
- Epoch 027, ExpID 87050
Train - Loss: 28052457.50
Val - Loss, MSE, RMSE, MAE, MAPE: 33694256.00, 33694254.00, 5705.31, 4405.58, 5.63%
Test - Best epoch, Loss, MSE, RMSE, MAE, MAPE: 27, 99285848.00, 99285848.00, 9891.61, 7565.99, 8.87%
- Epoch 028, ExpID 87050
Train - Loss: 27822802.00
Val - Loss, MSE, RMSE, MAE, MAPE: 33468166.00, 33468166.00, 5695.97, 4427.05, 5.66%
Test - Best epoch, Loss, MSE, RMSE, MAE, MAPE: 28, 98162912.00, 98162912.00, 9833.57, 7570.47, 8.88%
- Epoch 029, ExpID 87050
Train - Loss: 27704535.90
Val - Loss, MSE, RMSE, MAE, MAPE: 33401188.00, 33401189.00, 5692.44, 4425.27, 5.66%
Test - Best epoch, Loss, MSE, RMSE, MAE, MAPE: 29, 97281328.00, 97281324.00, 9801.78, 7492.27, 8.79%
- Epoch 030, ExpID 87050
Train - Loss: 27321483.40
Val - Loss, MSE, RMSE, MAE, MAPE: 34223684.00, 34223684.00, 5767.86, 4478.54, 5.72%
Test - Best epoch, Loss, MSE, RMSE, MAE, MAPE: 29, 97281328.00, 97281324.00, 9801.78, 7492.27, 8.79%
- Epoch 031, ExpID 87050
Train - Loss: 27685177.80
Val - Loss, MSE, RMSE, MAE, MAPE: 34772344.00, 34772346.00, 5809.93, 4497.46, 5.87%
Test - Best epoch, Loss, MSE, RMSE, MAE, MAPE: 29, 97281328.00, 97281324.00, 9801.78, 7492.27, 8.79%
- Epoch 032, ExpID 87050
Train - Loss: 27325108.50
Val - Loss, MSE, RMSE, MAE, MAPE: 33479074.00, 33479074.00, 5702.87, 4417.02, 5.71%
Test - Best epoch, Loss, MSE, RMSE, MAE, MAPE: 29, 97281328.00, 97281324.00, 9801.78, 7492.27, 8.79%
- Epoch 033, ExpID 87050
Train - Loss: 26559541.60
Val - Loss, MSE, RMSE, MAE, MAPE: 34394728.00, 34394727.00, 5794.51, 4475.13, 5.84%
Test - Best epoch, Loss, MSE, RMSE, MAE, MAPE: 29, 97281328.00, 97281324.00, 9801.78, 7492.27, 8.79%
- Epoch 034, ExpID 87050
Train - Loss: 26678080.50
Val - Loss, MSE, RMSE, MAE, MAPE: 33132374.00, 33132374.00, 5667.81, 4374.25, 5.64%
Test - Best epoch, Loss, MSE, RMSE, MAE, MAPE: 34, 87876768.00, 87876768.00, 9349.27, 7029.86, 8.28%
- Epoch 035, ExpID 87050
Train - Loss: 26102514.20
Val - Loss, MSE, RMSE, MAE, MAPE: 32517196.00, 32517197.00, 5612.46, 4319.08, 5.56%
Test - Best epoch, Loss, MSE, RMSE, MAE, MAPE: 35, 88295560.00, 88295560.00, 9361.25, 7025.78, 8.26%
- Epoch 036, ExpID 87050
Train - Loss: 26070547.20
Val - Loss, MSE, RMSE, MAE, MAPE: 31895024.00, 31895023.00, 5548.82, 4282.55, 5.50%
Test - Best epoch, Loss, MSE, RMSE, MAE, MAPE: 36, 90953936.00, 90953936.00, 9495.25, 7157.75, 8.41%
- Epoch 037, ExpID 87050
Train - Loss: 26030309.10
Val - Loss, MSE, RMSE, MAE, MAPE: 33171700.00, 33171700.00, 5667.98, 4383.63, 5.65%
Test - Best epoch, Loss, MSE, RMSE, MAE, MAPE: 36, 90953936.00, 90953936.00, 9495.25, 7157.75, 8.41%
- Epoch 038, ExpID 87050
Train - Loss: 25658913.80
Val - Loss, MSE, RMSE, MAE, MAPE: 32790264.00, 32790263.00, 5648.56, 4371.19, 5.64%
Test - Best epoch, Loss, MSE, RMSE, MAE, MAPE: 36, 90953936.00, 90953936.00, 9495.25, 7157.75, 8.41%
- Epoch 039, ExpID 87050
Train - Loss: 25619613.90
Val - Loss, MSE, RMSE, MAE, MAPE: 31766188.00, 31766188.00, 5539.62, 4272.29, 5.47%
Test - Best epoch, Loss, MSE, RMSE, MAE, MAPE: 39, 89787264.00, 89787264.00, 9439.82, 7145.52, 8.40%
- Epoch 040, ExpID 87050
Train - Loss: 25533910.90
Val - Loss, MSE, RMSE, MAE, MAPE: 33272904.00, 33272904.00, 5684.69, 4405.30, 5.68%
Test - Best epoch, Loss, MSE, RMSE, MAE, MAPE: 39, 89787264.00, 89787264.00, 9439.82, 7145.52, 8.40%
- Epoch 041, ExpID 87050
Train - Loss: 25378547.70
Val - Loss, MSE, RMSE, MAE, MAPE: 32188508.00, 32188508.00, 5591.32, 4316.83, 5.58%
Test - Best epoch, Loss, MSE, RMSE, MAE, MAPE: 39, 89787264.00, 89787264.00, 9439.82, 7145.52, 8.40%
- Epoch 042, ExpID 87050
Train - Loss: 25070205.00
Val - Loss, MSE, RMSE, MAE, MAPE: 32944112.00, 32944113.00, 5662.71, 4352.51, 5.63%
Test - Best epoch, Loss, MSE, RMSE, MAE, MAPE: 39, 89787264.00, 89787264.00, 9439.82, 7145.52, 8.40%
- Epoch 043, ExpID 87050
Train - Loss: 24875344.70
Val - Loss, MSE, RMSE, MAE, MAPE: 32323954.00, 32323954.00, 5604.56, 4308.77, 5.59%
Test - Best epoch, Loss, MSE, RMSE, MAE, MAPE: 39, 89787264.00, 89787264.00, 9439.82, 7145.52, 8.40%
- Epoch 044, ExpID 87050
Train - Loss: 24404782.70
Val - Loss, MSE, RMSE, MAE, MAPE: 31984896.00, 31984895.00, 5565.84, 4297.93, 5.51%
Test - Best epoch, Loss, MSE, RMSE, MAE, MAPE: 39, 89787264.00, 89787264.00, 9439.82, 7145.52, 8.40%
- Epoch 045, ExpID 87050
Train - Loss: 24431949.80
Val - Loss, MSE, RMSE, MAE, MAPE: 31918432.00, 31918433.00, 5560.21, 4290.66, 5.48%
Test - Best epoch, Loss, MSE, RMSE, MAE, MAPE: 39, 89787264.00, 89787264.00, 9439.82, 7145.52, 8.40%
- Epoch 046, ExpID 87050
Train - Loss: 24216029.40
Val - Loss, MSE, RMSE, MAE, MAPE: 31997246.00, 31997246.00, 5560.48, 4279.34, 5.49%
Test - Best epoch, Loss, MSE, RMSE, MAE, MAPE: 39, 89787264.00, 89787264.00, 9439.82, 7145.52, 8.40%
- Epoch 047, ExpID 87050
Train - Loss: 24009353.90
Val - Loss, MSE, RMSE, MAE, MAPE: 32511638.00, 32511638.00, 5614.62, 4315.64, 5.62%
Test - Best epoch, Loss, MSE, RMSE, MAE, MAPE: 39, 89787264.00, 89787264.00, 9439.82, 7145.52, 8.40%
- Epoch 048, ExpID 87050
Train - Loss: 24132260.30
Val - Loss, MSE, RMSE, MAE, MAPE: 32551792.00, 32551793.00, 5626.80, 4320.18, 5.61%
Test - Best epoch, Loss, MSE, RMSE, MAE, MAPE: 39, 89787264.00, 89787264.00, 9439.82, 7145.52, 8.40%
- Epoch 049, ExpID 87050
Train - Loss: 23820456.10
Val - Loss, MSE, RMSE, MAE, MAPE: 31805164.00, 31805163.00, 5536.51, 4255.16, 5.50%
Test - Best epoch, Loss, MSE, RMSE, MAE, MAPE: 39, 89787264.00, 89787264.00, 9439.82, 7145.52, 8.40%
Early Stopping at Epoch 49
Fold 2017 Best RMSE: 9439.8169

-------------------- [Fold: 2018] ExpID: 38196 --------------------
- Epoch 000, ExpID 38196
Train - Loss: 145968945.90
Val - Loss, MSE, RMSE, MAE, MAPE: 161010336.00, 161010328.00, 12679.52, 10270.75, 12.27%
Test - Best epoch, Loss, MSE, RMSE, MAE, MAPE: 0, 106879744.00, 106879748.00, 10338.24, 8559.16, 9.29%
- Epoch 001, ExpID 38196
Train - Loss: 45030916.76
Val - Loss, MSE, RMSE, MAE, MAPE: 104939160.00, 104939160.00, 10231.02, 8196.72, 9.84%
Test - Best epoch, Loss, MSE, RMSE, MAE, MAPE: 1, 47116760.00, 47116758.00, 6783.84, 5235.79, 5.73%
- Epoch 002, ExpID 38196
Train - Loss: 37668805.33
Val - Loss, MSE, RMSE, MAE, MAPE: 104416304.00, 104416300.00, 10198.71, 8189.94, 9.79%
Test - Best epoch, Loss, MSE, RMSE, MAE, MAPE: 2, 47140640.00, 47140638.00, 6804.09, 5292.71, 5.77%
- Epoch 003, ExpID 38196
Train - Loss: 36376456.95
Val - Loss, MSE, RMSE, MAE, MAPE: 105407600.00, 105407600.00, 10239.50, 8301.93, 9.86%
Test - Best epoch, Loss, MSE, RMSE, MAE, MAPE: 2, 47140640.00, 47140638.00, 6804.09, 5292.71, 5.77%
- Epoch 004, ExpID 38196
Train - Loss: 35482715.24
Val - Loss, MSE, RMSE, MAE, MAPE: 101885536.00, 101885536.00, 10070.68, 8114.99, 9.64%
Test - Best epoch, Loss, MSE, RMSE, MAE, MAPE: 4, 47043156.00, 47043156.00, 6818.58, 5339.03, 5.79%
- Epoch 005, ExpID 38196
Train - Loss: 34899248.38
Val - Loss, MSE, RMSE, MAE, MAPE: 101593936.00, 101593936.00, 10051.11, 8031.44, 9.51%
Test - Best epoch, Loss, MSE, RMSE, MAE, MAPE: 5, 47843752.00, 47843752.00, 6887.72, 5397.69, 5.84%
- Epoch 006, ExpID 38196
Train - Loss: 34734980.95
Val - Loss, MSE, RMSE, MAE, MAPE: 96095672.00, 96095672.00, 9791.62, 7754.15, 9.27%
Test - Best epoch, Loss, MSE, RMSE, MAE, MAPE: 6, 46452312.00, 46452312.00, 6772.49, 5286.86, 5.78%
- Epoch 007, ExpID 38196
Train - Loss: 33943360.38
Val - Loss, MSE, RMSE, MAE, MAPE: 100956832.00, 100956836.00, 10012.47, 7972.21, 9.43%
Test - Best epoch, Loss, MSE, RMSE, MAE, MAPE: 6, 46452312.00, 46452312.00, 6772.49, 5286.86, 5.78%
- Epoch 008, ExpID 38196
Train - Loss: 33720873.90
Val - Loss, MSE, RMSE, MAE, MAPE: 96559056.00, 96559060.00, 9808.28, 7691.01, 9.09%
Test - Best epoch, Loss, MSE, RMSE, MAE, MAPE: 6, 46452312.00, 46452312.00, 6772.49, 5286.86, 5.78%
- Epoch 009, ExpID 38196
Train - Loss: 33262426.67
Val - Loss, MSE, RMSE, MAE, MAPE: 99593736.00, 99593736.00, 9949.39, 7822.78, 9.24%
Test - Best epoch, Loss, MSE, RMSE, MAE, MAPE: 6, 46452312.00, 46452312.00, 6772.49, 5286.86, 5.78%
- Epoch 010, ExpID 38196
Train - Loss: 33362893.24
Val - Loss, MSE, RMSE, MAE, MAPE: 90774432.00, 90774428.00, 9518.08, 7322.08, 8.70%
Test - Best epoch, Loss, MSE, RMSE, MAE, MAPE: 10, 46974592.00, 46974592.00, 6818.40, 5284.51, 5.76%
- Epoch 011, ExpID 38196
Train - Loss: 33008120.00
Val - Loss, MSE, RMSE, MAE, MAPE: 91663088.00, 91663092.00, 9562.53, 7359.41, 8.68%
Test - Best epoch, Loss, MSE, RMSE, MAE, MAPE: 10, 46974592.00, 46974592.00, 6818.40, 5284.51, 5.76%
- Epoch 012, ExpID 38196
Train - Loss: 32738479.14
Val - Loss, MSE, RMSE, MAE, MAPE: 88497944.00, 88497944.00, 9401.00, 7208.30, 8.55%
Test - Best epoch, Loss, MSE, RMSE, MAE, MAPE: 12, 45420608.00, 45420608.00, 6698.06, 5195.89, 5.66%
- Epoch 013, ExpID 38196
Train - Loss: 32706647.43
Val - Loss, MSE, RMSE, MAE, MAPE: 87752376.00, 87752376.00, 9363.43, 7155.28, 8.50%
Test - Best epoch, Loss, MSE, RMSE, MAE, MAPE: 13, 46994832.00, 46994834.00, 6818.60, 5283.27, 5.75%
- Epoch 014, ExpID 38196
Train - Loss: 32481756.19
Val - Loss, MSE, RMSE, MAE, MAPE: 92768272.00, 92768276.00, 9613.37, 7400.53, 8.71%
Test - Best epoch, Loss, MSE, RMSE, MAE, MAPE: 13, 46994832.00, 46994834.00, 6818.60, 5283.27, 5.75%
- Epoch 015, ExpID 38196
Train - Loss: 32037143.24
Val - Loss, MSE, RMSE, MAE, MAPE: 88729200.00, 88729204.00, 9406.73, 7208.21, 8.54%
Test - Best epoch, Loss, MSE, RMSE, MAE, MAPE: 13, 46994832.00, 46994834.00, 6818.60, 5283.27, 5.75%
- Epoch 016, ExpID 38196
Train - Loss: 32084868.29
Val - Loss, MSE, RMSE, MAE, MAPE: 95051056.00, 95051060.00, 9726.69, 7561.12, 8.88%
Test - Best epoch, Loss, MSE, RMSE, MAE, MAPE: 13, 46994832.00, 46994834.00, 6818.60, 5283.27, 5.75%
- Epoch 017, ExpID 38196
Train - Loss: 32223600.00
Val - Loss, MSE, RMSE, MAE, MAPE: 89744224.00, 89744224.00, 9454.24, 7292.85, 8.64%
Test - Best epoch, Loss, MSE, RMSE, MAE, MAPE: 13, 46994832.00, 46994834.00, 6818.60, 5283.27, 5.75%
- Epoch 018, ExpID 38196
Train - Loss: 31786604.38
Val - Loss, MSE, RMSE, MAE, MAPE: 93481616.00, 93481616.00, 9643.79, 7422.69, 8.77%
Test - Best epoch, Loss, MSE, RMSE, MAE, MAPE: 13, 46994832.00, 46994834.00, 6818.60, 5283.27, 5.75%
- Epoch 019, ExpID 38196
Train - Loss: 31678872.86
Val - Loss, MSE, RMSE, MAE, MAPE: 88376112.00, 88376108.00, 9386.04, 7193.82, 8.53%
Test - Best epoch, Loss, MSE, RMSE, MAE, MAPE: 13, 46994832.00, 46994834.00, 6818.60, 5283.27, 5.75%
- Epoch 020, ExpID 38196
Train - Loss: 32008292.86
Val - Loss, MSE, RMSE, MAE, MAPE: 101780520.00, 101780520.00, 10056.90, 7801.54, 9.15%
Test - Best epoch, Loss, MSE, RMSE, MAE, MAPE: 13, 46994832.00, 46994834.00, 6818.60, 5283.27, 5.75%
- Epoch 021, ExpID 38196
Train - Loss: 31565202.48
Val - Loss, MSE, RMSE, MAE, MAPE: 94936536.00, 94936536.00, 9720.44, 7510.40, 8.83%
Test - Best epoch, Loss, MSE, RMSE, MAE, MAPE: 13, 46994832.00, 46994834.00, 6818.60, 5283.27, 5.75%
- Epoch 022, ExpID 38196
Train - Loss: 31549977.43
Val - Loss, MSE, RMSE, MAE, MAPE: 87695488.00, 87695492.00, 9355.47, 7152.33, 8.50%
Test - Best epoch, Loss, MSE, RMSE, MAE, MAPE: 22, 46670280.00, 46670278.00, 6801.80, 5283.29, 5.77%
- Epoch 023, ExpID 38196
Train - Loss: 31370989.14
Val - Loss, MSE, RMSE, MAE, MAPE: 91776800.00, 91776796.00, 9564.27, 7353.39, 8.69%
Test - Best epoch, Loss, MSE, RMSE, MAE, MAPE: 22, 46670280.00, 46670278.00, 6801.80, 5283.29, 5.77%
- Epoch 024, ExpID 38196
Train - Loss: 30786407.05
Val - Loss, MSE, RMSE, MAE, MAPE: 94959584.00, 94959584.00, 9711.34, 7491.41, 8.78%
Test - Best epoch, Loss, MSE, RMSE, MAE, MAPE: 22, 46670280.00, 46670278.00, 6801.80, 5283.29, 5.77%
- Epoch 025, ExpID 38196
Train - Loss: 30765949.62
Val - Loss, MSE, RMSE, MAE, MAPE: 87934592.00, 87934592.00, 9362.34, 7158.75, 8.48%
Test - Best epoch, Loss, MSE, RMSE, MAE, MAPE: 22, 46670280.00, 46670278.00, 6801.80, 5283.29, 5.77%
- Epoch 026, ExpID 38196
Train - Loss: 30563642.29
Val - Loss, MSE, RMSE, MAE, MAPE: 90156848.00, 90156844.00, 9479.62, 7252.97, 8.55%
Test - Best epoch, Loss, MSE, RMSE, MAE, MAPE: 22, 46670280.00, 46670278.00, 6801.80, 5283.29, 5.77%
- Epoch 027, ExpID 38196
Train - Loss: 30329253.62
Val - Loss, MSE, RMSE, MAE, MAPE: 88505936.00, 88505936.00, 9386.14, 7165.57, 8.43%
Test - Best epoch, Loss, MSE, RMSE, MAE, MAPE: 22, 46670280.00, 46670278.00, 6801.80, 5283.29, 5.77%
- Epoch 028, ExpID 38196
Train - Loss: 30202700.00
Val - Loss, MSE, RMSE, MAE, MAPE: 86256104.00, 86256104.00, 9275.51, 7006.98, 8.26%
Test - Best epoch, Loss, MSE, RMSE, MAE, MAPE: 28, 46578068.00, 46578068.00, 6801.61, 5321.98, 5.76%
- Epoch 029, ExpID 38196
Train - Loss: 29812768.86
Val - Loss, MSE, RMSE, MAE, MAPE: 90450856.00, 90450856.00, 9485.36, 7252.43, 8.53%
Test - Best epoch, Loss, MSE, RMSE, MAE, MAPE: 28, 46578068.00, 46578068.00, 6801.61, 5321.98, 5.76%
- Epoch 030, ExpID 38196
Train - Loss: 29661761.81
Val - Loss, MSE, RMSE, MAE, MAPE: 86577400.00, 86577400.00, 9294.42, 7059.75, 8.39%
Test - Best epoch, Loss, MSE, RMSE, MAE, MAPE: 28, 46578068.00, 46578068.00, 6801.61, 5321.98, 5.76%
- Epoch 031, ExpID 38196
Train - Loss: 29858560.10
Val - Loss, MSE, RMSE, MAE, MAPE: 84139504.00, 84139504.00, 9163.25, 6891.15, 8.13%
Test - Best epoch, Loss, MSE, RMSE, MAE, MAPE: 31, 44822956.00, 44822956.00, 6670.06, 5212.21, 5.65%
- Epoch 032, ExpID 38196
Train - Loss: 29678927.81
Val - Loss, MSE, RMSE, MAE, MAPE: 88206976.00, 88206976.00, 9370.87, 7098.49, 8.39%
Test - Best epoch, Loss, MSE, RMSE, MAE, MAPE: 31, 44822956.00, 44822956.00, 6670.06, 5212.21, 5.65%
- Epoch 033, ExpID 38196
Train - Loss: 29663364.76
Val - Loss, MSE, RMSE, MAE, MAPE: 83649200.00, 83649204.00, 9141.35, 6844.86, 8.16%
Test - Best epoch, Loss, MSE, RMSE, MAE, MAPE: 33, 46136288.00, 46136288.00, 6742.59, 5207.14, 5.68%
- Epoch 034, ExpID 38196
Train - Loss: 29935136.86
Val - Loss, MSE, RMSE, MAE, MAPE: 85032200.00, 85032200.00, 9211.18, 6998.30, 8.33%
Test - Best epoch, Loss, MSE, RMSE, MAE, MAPE: 33, 46136288.00, 46136288.00, 6742.59, 5207.14, 5.68%
- Epoch 035, ExpID 38196
Train - Loss: 29183013.81
Val - Loss, MSE, RMSE, MAE, MAPE: 84663280.00, 84663276.00, 9192.81, 6951.58, 8.28%
Test - Best epoch, Loss, MSE, RMSE, MAE, MAPE: 33, 46136288.00, 46136288.00, 6742.59, 5207.14, 5.68%
- Epoch 036, ExpID 38196
Train - Loss: 29036923.62
Val - Loss, MSE, RMSE, MAE, MAPE: 83628160.00, 83628160.00, 9129.25, 6900.54, 8.17%
Test - Best epoch, Loss, MSE, RMSE, MAE, MAPE: 36, 46047792.00, 46047790.00, 6777.11, 5339.57, 5.77%
- Epoch 037, ExpID 38196
Train - Loss: 28617990.67
Val - Loss, MSE, RMSE, MAE, MAPE: 90987728.00, 90987728.00, 9503.02, 7226.06, 8.45%
Test - Best epoch, Loss, MSE, RMSE, MAE, MAPE: 36, 46047792.00, 46047790.00, 6777.11, 5339.57, 5.77%
- Epoch 038, ExpID 38196
Train - Loss: 28910436.19
Val - Loss, MSE, RMSE, MAE, MAPE: 86155856.00, 86155852.00, 9261.43, 7030.43, 8.30%
Test - Best epoch, Loss, MSE, RMSE, MAE, MAPE: 36, 46047792.00, 46047790.00, 6777.11, 5339.57, 5.77%
- Epoch 039, ExpID 38196
Train - Loss: 28417084.10
Val - Loss, MSE, RMSE, MAE, MAPE: 82001792.00, 82001788.00, 9043.37, 6797.79, 8.07%
Test - Best epoch, Loss, MSE, RMSE, MAE, MAPE: 39, 46317952.00, 46317952.00, 6792.55, 5332.99, 5.77%
- Epoch 040, ExpID 38196
Train - Loss: 28135218.76
Val - Loss, MSE, RMSE, MAE, MAPE: 81831392.00, 81831392.00, 9037.74, 6806.34, 8.08%
Test - Best epoch, Loss, MSE, RMSE, MAE, MAPE: 40, 45784384.00, 45784386.00, 6754.65, 5314.53, 5.75%
- Epoch 041, ExpID 38196
Train - Loss: 27926210.95
Val - Loss, MSE, RMSE, MAE, MAPE: 83411408.00, 83411412.00, 9120.17, 6925.94, 8.24%
Test - Best epoch, Loss, MSE, RMSE, MAE, MAPE: 40, 45784384.00, 45784386.00, 6754.65, 5314.53, 5.75%
- Epoch 042, ExpID 38196
Train - Loss: 27886278.67
Val - Loss, MSE, RMSE, MAE, MAPE: 81322440.00, 81322440.00, 9008.50, 6796.36, 8.10%
Test - Best epoch, Loss, MSE, RMSE, MAE, MAPE: 42, 44536984.00, 44536986.00, 6646.81, 5177.66, 5.62%
- Epoch 043, ExpID 38196
Train - Loss: 27915195.43
Val - Loss, MSE, RMSE, MAE, MAPE: 85568368.00, 85568368.00, 9233.72, 7026.30, 8.29%
Test - Best epoch, Loss, MSE, RMSE, MAE, MAPE: 42, 44536984.00, 44536986.00, 6646.81, 5177.66, 5.62%
- Epoch 044, ExpID 38196
Train - Loss: 27745503.62
Val - Loss, MSE, RMSE, MAE, MAPE: 87750192.00, 87750196.00, 9340.75, 7113.76, 8.42%
Test - Best epoch, Loss, MSE, RMSE, MAE, MAPE: 42, 44536984.00, 44536986.00, 6646.81, 5177.66, 5.62%
- Epoch 045, ExpID 38196
Train - Loss: 27541622.10
Val - Loss, MSE, RMSE, MAE, MAPE: 87482600.00, 87482600.00, 9322.92, 7107.87, 8.36%
Test - Best epoch, Loss, MSE, RMSE, MAE, MAPE: 42, 44536984.00, 44536986.00, 6646.81, 5177.66, 5.62%
- Epoch 046, ExpID 38196
Train - Loss: 27421261.71
Val - Loss, MSE, RMSE, MAE, MAPE: 87428952.00, 87428952.00, 9319.76, 7082.48, 8.40%
Test - Best epoch, Loss, MSE, RMSE, MAE, MAPE: 42, 44536984.00, 44536986.00, 6646.81, 5177.66, 5.62%
- Epoch 047, ExpID 38196
Train - Loss: 27299236.57
Val - Loss, MSE, RMSE, MAE, MAPE: 90639680.00, 90639680.00, 9485.29, 7255.86, 8.55%
Test - Best epoch, Loss, MSE, RMSE, MAE, MAPE: 42, 44536984.00, 44536986.00, 6646.81, 5177.66, 5.62%
- Epoch 048, ExpID 38196
Train - Loss: 27166735.33
Val - Loss, MSE, RMSE, MAE, MAPE: 85969416.00, 85969416.00, 9242.61, 6997.95, 8.25%
Test - Best epoch, Loss, MSE, RMSE, MAE, MAPE: 42, 44536984.00, 44536986.00, 6646.81, 5177.66, 5.62%
- Epoch 049, ExpID 38196
Train - Loss: 26924485.24
Val - Loss, MSE, RMSE, MAE, MAPE: 84475336.00, 84475336.00, 9172.14, 6911.20, 8.17%
Test - Best epoch, Loss, MSE, RMSE, MAE, MAPE: 42, 44536984.00, 44536986.00, 6646.81, 5177.66, 5.62%
- Epoch 050, ExpID 38196
Train - Loss: 26860845.90
Val - Loss, MSE, RMSE, MAE, MAPE: 79716624.00, 79716628.00, 8911.31, 6679.79, 7.92%
Test - Best epoch, Loss, MSE, RMSE, MAE, MAPE: 50, 42811848.00, 42811850.00, 6523.69, 5099.09, 5.53%
- Epoch 051, ExpID 38196
Train - Loss: 26730469.43
Val - Loss, MSE, RMSE, MAE, MAPE: 84136960.00, 84136964.00, 9152.52, 6930.99, 8.23%
Test - Best epoch, Loss, MSE, RMSE, MAE, MAPE: 50, 42811848.00, 42811850.00, 6523.69, 5099.09, 5.53%
- Epoch 052, ExpID 38196
Train - Loss: 26626143.62
Val - Loss, MSE, RMSE, MAE, MAPE: 80058288.00, 80058284.00, 8937.01, 6713.58, 8.01%
Test - Best epoch, Loss, MSE, RMSE, MAE, MAPE: 50, 42811848.00, 42811850.00, 6523.69, 5099.09, 5.53%
- Epoch 053, ExpID 38196
Train - Loss: 26420915.24
Val - Loss, MSE, RMSE, MAE, MAPE: 77793216.00, 77793216.00, 8818.31, 6518.27, 7.77%
Test - Best epoch, Loss, MSE, RMSE, MAE, MAPE: 53, 41949792.00, 41949792.00, 6441.35, 4999.98, 5.46%
- Epoch 054, ExpID 38196
Train - Loss: 26321056.10
Val - Loss, MSE, RMSE, MAE, MAPE: 83835016.00, 83835016.00, 9128.48, 6897.48, 8.12%
Test - Best epoch, Loss, MSE, RMSE, MAE, MAPE: 53, 41949792.00, 41949792.00, 6441.35, 4999.98, 5.46%
- Epoch 055, ExpID 38196
Train - Loss: 26286137.71
Val - Loss, MSE, RMSE, MAE, MAPE: 80162680.00, 80162680.00, 8939.29, 6702.62, 7.94%
Test - Best epoch, Loss, MSE, RMSE, MAE, MAPE: 53, 41949792.00, 41949792.00, 6441.35, 4999.98, 5.46%
- Epoch 056, ExpID 38196
Train - Loss: 26552293.33
Val - Loss, MSE, RMSE, MAE, MAPE: 80296552.00, 80296552.00, 8941.70, 6679.41, 7.90%
Test - Best epoch, Loss, MSE, RMSE, MAE, MAPE: 53, 41949792.00, 41949792.00, 6441.35, 4999.98, 5.46%
- Epoch 057, ExpID 38196
Train - Loss: 25977885.05
Val - Loss, MSE, RMSE, MAE, MAPE: 77663488.00, 77663488.00, 8804.88, 6493.69, 7.72%
Test - Best epoch, Loss, MSE, RMSE, MAE, MAPE: 57, 41671040.00, 41671042.00, 6433.00, 5031.27, 5.45%
- Epoch 058, ExpID 38196
Train - Loss: 25699262.29
Val - Loss, MSE, RMSE, MAE, MAPE: 81304864.00, 81304864.00, 8998.81, 6737.57, 7.98%
Test - Best epoch, Loss, MSE, RMSE, MAE, MAPE: 57, 41671040.00, 41671042.00, 6433.00, 5031.27, 5.45%
- Epoch 059, ExpID 38196
Train - Loss: 25583220.76
Val - Loss, MSE, RMSE, MAE, MAPE: 79470096.00, 79470100.00, 8902.94, 6684.31, 7.99%
Test - Best epoch, Loss, MSE, RMSE, MAE, MAPE: 57, 41671040.00, 41671042.00, 6433.00, 5031.27, 5.45%
- Epoch 060, ExpID 38196
Train - Loss: 25687614.95
Val - Loss, MSE, RMSE, MAE, MAPE: 84889216.00, 84889216.00, 9193.63, 6919.66, 8.27%
Test - Best epoch, Loss, MSE, RMSE, MAE, MAPE: 57, 41671040.00, 41671042.00, 6433.00, 5031.27, 5.45%
- Epoch 061, ExpID 38196
Train - Loss: 25484946.57
Val - Loss, MSE, RMSE, MAE, MAPE: 81142048.00, 81142044.00, 8984.32, 6770.06, 8.03%
Test - Best epoch, Loss, MSE, RMSE, MAE, MAPE: 57, 41671040.00, 41671042.00, 6433.00, 5031.27, 5.45%
- Epoch 062, ExpID 38196
Train - Loss: 25566595.14
Val - Loss, MSE, RMSE, MAE, MAPE: 81675736.00, 81675736.00, 9007.53, 6771.03, 8.02%
Test - Best epoch, Loss, MSE, RMSE, MAE, MAPE: 57, 41671040.00, 41671042.00, 6433.00, 5031.27, 5.45%
- Epoch 063, ExpID 38196
Train - Loss: 25253689.52
Val - Loss, MSE, RMSE, MAE, MAPE: 80250528.00, 80250524.00, 8937.68, 6760.46, 8.00%
Test - Best epoch, Loss, MSE, RMSE, MAE, MAPE: 57, 41671040.00, 41671042.00, 6433.00, 5031.27, 5.45%
- Epoch 064, ExpID 38196
Train - Loss: 25296147.24
Val - Loss, MSE, RMSE, MAE, MAPE: 82682080.00, 82682080.00, 9063.72, 6876.09, 8.16%
Test - Best epoch, Loss, MSE, RMSE, MAE, MAPE: 57, 41671040.00, 41671042.00, 6433.00, 5031.27, 5.45%
- Epoch 065, ExpID 38196
Train - Loss: 24996536.95
Val - Loss, MSE, RMSE, MAE, MAPE: 78860056.00, 78860056.00, 8862.07, 6607.15, 7.88%
Test - Best epoch, Loss, MSE, RMSE, MAE, MAPE: 57, 41671040.00, 41671042.00, 6433.00, 5031.27, 5.45%
- Epoch 066, ExpID 38196
Train - Loss: 24646398.76
Val - Loss, MSE, RMSE, MAE, MAPE: 83933584.00, 83933584.00, 9129.18, 6863.16, 8.14%
Test - Best epoch, Loss, MSE, RMSE, MAE, MAPE: 57, 41671040.00, 41671042.00, 6433.00, 5031.27, 5.45%
- Epoch 067, ExpID 38196
Train - Loss: 24724605.05
Val - Loss, MSE, RMSE, MAE, MAPE: 83340576.00, 83340580.00, 9102.34, 6879.33, 8.18%
Test - Best epoch, Loss, MSE, RMSE, MAE, MAPE: 57, 41671040.00, 41671042.00, 6433.00, 5031.27, 5.45%
Early Stopping at Epoch 67
Fold 2018 Best RMSE: 6433.0022

-------------------- [Fold: 2019] ExpID: 16559 --------------------
- Epoch 000, ExpID 16559
Train - Loss: 92477818.61
Val - Loss, MSE, RMSE, MAE, MAPE: 56347576.00, 56347578.00, 7470.34, 5817.48, 6.43%
Test - Best epoch, Loss, MSE, RMSE, MAE, MAPE: 0, 70133824.00, 70133822.00, 8281.09, 6443.63, 6.94%
- Epoch 001, ExpID 16559
Train - Loss: 41962746.26
Val - Loss, MSE, RMSE, MAE, MAPE: 48250412.00, 48250412.00, 6902.27, 5371.00, 5.84%
Test - Best epoch, Loss, MSE, RMSE, MAE, MAPE: 1, 53762296.00, 53762294.00, 7159.23, 5502.24, 5.85%
- Epoch 002, ExpID 16559
Train - Loss: 38529173.57
Val - Loss, MSE, RMSE, MAE, MAPE: 50063760.00, 50063762.00, 7063.30, 5532.38, 5.96%
Test - Best epoch, Loss, MSE, RMSE, MAE, MAPE: 1, 53762296.00, 53762294.00, 7159.23, 5502.24, 5.85%
- Epoch 003, ExpID 16559
Train - Loss: 37396671.65
Val - Loss, MSE, RMSE, MAE, MAPE: 48061988.00, 48061988.00, 6912.61, 5340.06, 5.80%
Test - Best epoch, Loss, MSE, RMSE, MAE, MAPE: 3, 51657444.00, 51657444.00, 7041.43, 5385.19, 5.70%
- Epoch 004, ExpID 16559
Train - Loss: 36386735.22
Val - Loss, MSE, RMSE, MAE, MAPE: 48442712.00, 48442710.00, 6951.88, 5453.23, 5.87%
Test - Best epoch, Loss, MSE, RMSE, MAE, MAPE: 3, 51657444.00, 51657444.00, 7041.43, 5385.19, 5.70%
- Epoch 005, ExpID 16559
Train - Loss: 35431617.48
Val - Loss, MSE, RMSE, MAE, MAPE: 47281056.00, 47281058.00, 6866.68, 5359.60, 5.79%
Test - Best epoch, Loss, MSE, RMSE, MAE, MAPE: 5, 49831576.00, 49831578.00, 6919.67, 5329.38, 5.64%
- Epoch 006, ExpID 16559
Train - Loss: 34676122.61
Val - Loss, MSE, RMSE, MAE, MAPE: 46191168.00, 46191170.00, 6787.99, 5316.08, 5.74%
Test - Best epoch, Loss, MSE, RMSE, MAE, MAPE: 6, 49231656.00, 49231657.00, 6868.97, 5279.44, 5.59%
- Epoch 007, ExpID 16559
Train - Loss: 34282915.83
Val - Loss, MSE, RMSE, MAE, MAPE: 48633656.00, 48633658.00, 6969.04, 5482.14, 5.90%
Test - Best epoch, Loss, MSE, RMSE, MAE, MAPE: 6, 49231656.00, 49231657.00, 6868.97, 5279.44, 5.59%
- Epoch 008, ExpID 16559
Train - Loss: 33817690.61
Val - Loss, MSE, RMSE, MAE, MAPE: 45663000.00, 45663000.00, 6717.07, 5150.39, 5.64%
Test - Best epoch, Loss, MSE, RMSE, MAE, MAPE: 8, 50175616.00, 50175618.00, 6863.89, 5274.35, 5.63%
- Epoch 009, ExpID 16559
Train - Loss: 33297690.87
Val - Loss, MSE, RMSE, MAE, MAPE: 46934060.00, 46934060.00, 6840.63, 5332.95, 5.76%
Test - Best epoch, Loss, MSE, RMSE, MAE, MAPE: 8, 50175616.00, 50175618.00, 6863.89, 5274.35, 5.63%
- Epoch 010, ExpID 16559
Train - Loss: 32577022.87
Val - Loss, MSE, RMSE, MAE, MAPE: 48498248.00, 48498250.00, 6957.89, 5424.74, 5.85%
Test - Best epoch, Loss, MSE, RMSE, MAE, MAPE: 8, 50175616.00, 50175618.00, 6863.89, 5274.35, 5.63%
- Epoch 011, ExpID 16559
Train - Loss: 33393090.70
Val - Loss, MSE, RMSE, MAE, MAPE: 51120776.00, 51120778.00, 7148.30, 5662.44, 6.08%
Test - Best epoch, Loss, MSE, RMSE, MAE, MAPE: 8, 50175616.00, 50175618.00, 6863.89, 5274.35, 5.63%
- Epoch 012, ExpID 16559
Train - Loss: 32446781.13
Val - Loss, MSE, RMSE, MAE, MAPE: 49923944.00, 49923944.00, 7064.43, 5585.41, 6.00%
Test - Best epoch, Loss, MSE, RMSE, MAE, MAPE: 8, 50175616.00, 50175618.00, 6863.89, 5274.35, 5.63%
- Epoch 013, ExpID 16559
Train - Loss: 32489456.43
Val - Loss, MSE, RMSE, MAE, MAPE: 48579456.00, 48579456.00, 6965.32, 5442.35, 5.87%
Test - Best epoch, Loss, MSE, RMSE, MAE, MAPE: 8, 50175616.00, 50175618.00, 6863.89, 5274.35, 5.63%
- Epoch 014, ExpID 16559
Train - Loss: 32024416.96
Val - Loss, MSE, RMSE, MAE, MAPE: 51296740.00, 51296740.00, 7162.07, 5629.01, 6.04%
Test - Best epoch, Loss, MSE, RMSE, MAE, MAPE: 8, 50175616.00, 50175618.00, 6863.89, 5274.35, 5.63%
- Epoch 015, ExpID 16559
Train - Loss: 31320376.61
Val - Loss, MSE, RMSE, MAE, MAPE: 47982532.00, 47982532.00, 6920.70, 5417.25, 5.84%
Test - Best epoch, Loss, MSE, RMSE, MAE, MAPE: 8, 50175616.00, 50175618.00, 6863.89, 5274.35, 5.63%
- Epoch 016, ExpID 16559
Train - Loss: 31617533.83
Val - Loss, MSE, RMSE, MAE, MAPE: 46506300.00, 46506300.00, 6806.41, 5336.88, 5.77%
Test - Best epoch, Loss, MSE, RMSE, MAE, MAPE: 8, 50175616.00, 50175618.00, 6863.89, 5274.35, 5.63%
- Epoch 017, ExpID 16559
Train - Loss: 31204229.74
Val - Loss, MSE, RMSE, MAE, MAPE: 48949488.00, 48949488.00, 6988.07, 5480.17, 5.90%
Test - Best epoch, Loss, MSE, RMSE, MAE, MAPE: 8, 50175616.00, 50175618.00, 6863.89, 5274.35, 5.63%
- Epoch 018, ExpID 16559
Train - Loss: 30974662.35
Val - Loss, MSE, RMSE, MAE, MAPE: 46200644.00, 46200644.00, 6778.99, 5286.67, 5.72%
Test - Best epoch, Loss, MSE, RMSE, MAE, MAPE: 8, 50175616.00, 50175618.00, 6863.89, 5274.35, 5.63%
Early Stopping at Epoch 18
Fold 2019 Best RMSE: 6863.8909
