DETAILED LOG | Model: timexer | Seed: 1
FULL CONFIG: {'gpu': '2', 'target': 'both', 'cv_start_year': 2017, 'cv_end_year': 2019, 'test_year': 2024, 'use_corona': False, 'seq_len': 56, 'label_len': 0, 'pred_len': 56, 'batch_size': 256, 'epochs': 1000, 'patience': 10, 'lr': 0.0001, 'model': 'timexer', 'd_model': 128, 'n_heads': 8, 'n_layers': 4, 'dropout': 0.1, 'activation': 'gelu', 'patch_len': 7, 'factor': 5, 'norm_mode': 'revin', 'use_covar': True, 'use_dbloss': False, 'device': device(type='cuda'), 'stride': 16, 'file_path': 'dataset/airport_flight_with_holiday.csv', 'seed': 1, 'val_year': 2019, 'ndims': 2}

-------------------- [Fold: 2017] ExpID: 85816 --------------------
- Epoch 000, ExpID 85816
Train - Loss: 43014861.40
Val - Loss, MSE, RMSE, MAE, MAPE: 57813392.00, 57813390.00, 7474.16, 6031.73, 7.77%
Test - Best epoch, Loss, MSE, RMSE, MAE, MAPE: 0, 89958288.00, 89958284.00, 9474.47, 7356.96, 8.83%
- Epoch 001, ExpID 85816
Train - Loss: 37217715.10
Val - Loss, MSE, RMSE, MAE, MAPE: 54039344.00, 54039344.00, 7232.26, 5829.35, 7.52%
Test - Best epoch, Loss, MSE, RMSE, MAE, MAPE: 1, 88481920.00, 88481916.00, 9404.16, 7257.30, 8.71%
- Epoch 002, ExpID 85816
Train - Loss: 35383792.80
Val - Loss, MSE, RMSE, MAE, MAPE: 52160272.00, 52160270.00, 7113.62, 5716.42, 7.37%
Test - Best epoch, Loss, MSE, RMSE, MAE, MAPE: 2, 90066376.00, 90066376.00, 9490.24, 7333.01, 8.78%
- Epoch 003, ExpID 85816
Train - Loss: 34383328.60
Val - Loss, MSE, RMSE, MAE, MAPE: 49937508.00, 49937509.00, 6953.57, 5564.59, 7.17%
Test - Best epoch, Loss, MSE, RMSE, MAE, MAPE: 3, 91831024.00, 91831024.00, 9579.56, 7418.19, 8.88%
- Epoch 004, ExpID 85816
Train - Loss: 33444269.00
Val - Loss, MSE, RMSE, MAE, MAPE: 47690272.00, 47690271.00, 6795.81, 5429.01, 7.00%
Test - Best epoch, Loss, MSE, RMSE, MAE, MAPE: 4, 92208760.00, 92208760.00, 9594.30, 7447.14, 8.91%
- Epoch 005, ExpID 85816
Train - Loss: 32507607.40
Val - Loss, MSE, RMSE, MAE, MAPE: 45664472.00, 45664473.00, 6660.44, 5308.46, 6.86%
Test - Best epoch, Loss, MSE, RMSE, MAE, MAPE: 5, 93190080.00, 93190080.00, 9636.88, 7515.40, 8.99%
- Epoch 006, ExpID 85816
Train - Loss: 31720232.40
Val - Loss, MSE, RMSE, MAE, MAPE: 41526968.00, 41526970.00, 6302.44, 4937.49, 6.31%
Test - Best epoch, Loss, MSE, RMSE, MAE, MAPE: 6, 96901184.00, 96901188.00, 9809.27, 7709.26, 9.13%
- Epoch 007, ExpID 85816
Train - Loss: 31054442.40
Val - Loss, MSE, RMSE, MAE, MAPE: 40543488.00, 40543488.00, 6181.36, 4826.36, 6.12%
Test - Best epoch, Loss, MSE, RMSE, MAE, MAPE: 7, 100233128.00, 100233128.00, 9969.52, 7863.59, 9.26%
- Epoch 008, ExpID 85816
Train - Loss: 30752053.10
Val - Loss, MSE, RMSE, MAE, MAPE: 39260048.00, 39260048.00, 6117.69, 4800.99, 6.14%
Test - Best epoch, Loss, MSE, RMSE, MAE, MAPE: 8, 96425824.00, 96425828.00, 9777.75, 7723.06, 9.15%
- Epoch 009, ExpID 85816
Train - Loss: 30416734.40
Val - Loss, MSE, RMSE, MAE, MAPE: 38649192.00, 38649194.00, 6051.74, 4737.70, 6.03%
Test - Best epoch, Loss, MSE, RMSE, MAE, MAPE: 9, 97817216.00, 97817220.00, 9843.67, 7779.36, 9.18%
- Epoch 010, ExpID 85816
Train - Loss: 29967899.10
Val - Loss, MSE, RMSE, MAE, MAPE: 37799928.00, 37799929.00, 5986.99, 4678.69, 5.95%
Test - Best epoch, Loss, MSE, RMSE, MAE, MAPE: 10, 98218288.00, 98218284.00, 9857.17, 7796.24, 9.20%
- Epoch 011, ExpID 85816
Train - Loss: 29612509.20
Val - Loss, MSE, RMSE, MAE, MAPE: 37006624.00, 37006624.00, 5926.62, 4633.44, 5.91%
Test - Best epoch, Loss, MSE, RMSE, MAE, MAPE: 11, 96441904.00, 96441904.00, 9769.35, 7720.71, 9.13%
- Epoch 012, ExpID 85816
Train - Loss: 29378336.50
Val - Loss, MSE, RMSE, MAE, MAPE: 36745108.00, 36745109.00, 5905.69, 4614.20, 5.87%
Test - Best epoch, Loss, MSE, RMSE, MAE, MAPE: 12, 97595440.00, 97595440.00, 9821.36, 7770.66, 9.16%
- Epoch 013, ExpID 85816
Train - Loss: 29069089.60
Val - Loss, MSE, RMSE, MAE, MAPE: 35967752.00, 35967753.00, 5864.40, 4593.94, 5.89%
Test - Best epoch, Loss, MSE, RMSE, MAE, MAPE: 13, 93748040.00, 93748040.00, 9630.50, 7610.80, 9.02%
- Epoch 014, ExpID 85816
Train - Loss: 28800363.50
Val - Loss, MSE, RMSE, MAE, MAPE: 36298080.00, 36298080.00, 5874.26, 4580.60, 5.80%
Test - Best epoch, Loss, MSE, RMSE, MAE, MAPE: 13, 93748040.00, 93748040.00, 9630.50, 7610.80, 9.02%
- Epoch 015, ExpID 85816
Train - Loss: 28737093.70
Val - Loss, MSE, RMSE, MAE, MAPE: 35427276.00, 35427276.00, 5805.30, 4528.21, 5.76%
Test - Best epoch, Loss, MSE, RMSE, MAE, MAPE: 15, 97369920.00, 97369924.00, 9807.25, 7774.41, 9.17%
- Epoch 016, ExpID 85816
Train - Loss: 28433666.40
Val - Loss, MSE, RMSE, MAE, MAPE: 34518928.00, 34518930.00, 5730.70, 4475.07, 5.71%
Test - Best epoch, Loss, MSE, RMSE, MAE, MAPE: 16, 93428688.00, 93428692.00, 9615.23, 7593.94, 8.98%
- Epoch 017, ExpID 85816
Train - Loss: 28280275.30
Val - Loss, MSE, RMSE, MAE, MAPE: 34926324.00, 34926325.00, 5757.01, 4480.85, 5.68%
Test - Best epoch, Loss, MSE, RMSE, MAE, MAPE: 16, 93428688.00, 93428692.00, 9615.23, 7593.94, 8.98%
- Epoch 018, ExpID 85816
Train - Loss: 28122546.60
Val - Loss, MSE, RMSE, MAE, MAPE: 33229468.00, 33229468.00, 5629.09, 4384.81, 5.60%
Test - Best epoch, Loss, MSE, RMSE, MAE, MAPE: 18, 91756080.00, 91756084.00, 9527.11, 7480.60, 8.84%
- Epoch 019, ExpID 85816
Train - Loss: 27864203.90
Val - Loss, MSE, RMSE, MAE, MAPE: 33223788.00, 33223787.00, 5623.18, 4377.16, 5.57%
Test - Best epoch, Loss, MSE, RMSE, MAE, MAPE: 19, 92948992.00, 92948988.00, 9590.69, 7552.28, 8.91%
- Epoch 020, ExpID 85816
Train - Loss: 27544846.20
Val - Loss, MSE, RMSE, MAE, MAPE: 32683156.00, 32683156.00, 5574.21, 4336.79, 5.52%
Test - Best epoch, Loss, MSE, RMSE, MAE, MAPE: 20, 91331568.00, 91331572.00, 9512.95, 7459.42, 8.79%
- Epoch 021, ExpID 85816
Train - Loss: 27284641.90
Val - Loss, MSE, RMSE, MAE, MAPE: 32306540.00, 32306540.00, 5549.41, 4301.58, 5.47%
Test - Best epoch, Loss, MSE, RMSE, MAE, MAPE: 21, 92167136.00, 92167140.00, 9551.54, 7470.75, 8.80%
- Epoch 022, ExpID 85816
Train - Loss: 27273701.60
Val - Loss, MSE, RMSE, MAE, MAPE: 31891396.00, 31891396.00, 5506.85, 4273.74, 5.44%
Test - Best epoch, Loss, MSE, RMSE, MAE, MAPE: 22, 89900656.00, 89900656.00, 9445.17, 7367.98, 8.69%
- Epoch 023, ExpID 85816
Train - Loss: 26979687.00
Val - Loss, MSE, RMSE, MAE, MAPE: 31112288.00, 31112288.00, 5447.27, 4234.73, 5.40%
Test - Best epoch, Loss, MSE, RMSE, MAE, MAPE: 23, 89215072.00, 89215076.00, 9403.12, 7320.45, 8.63%
- Epoch 024, ExpID 85816
Train - Loss: 26673507.30
Val - Loss, MSE, RMSE, MAE, MAPE: 31384852.00, 31384851.00, 5463.60, 4230.32, 5.38%
Test - Best epoch, Loss, MSE, RMSE, MAE, MAPE: 23, 89215072.00, 89215076.00, 9403.12, 7320.45, 8.63%
- Epoch 025, ExpID 85816
Train - Loss: 26575383.40
Val - Loss, MSE, RMSE, MAE, MAPE: 29886934.00, 29886934.00, 5339.66, 4137.55, 5.28%
Test - Best epoch, Loss, MSE, RMSE, MAE, MAPE: 25, 86014592.00, 86014592.00, 9239.89, 7138.12, 8.42%
- Epoch 026, ExpID 85816
Train - Loss: 26338418.50
Val - Loss, MSE, RMSE, MAE, MAPE: 30619944.00, 30619944.00, 5406.52, 4169.07, 5.29%
Test - Best epoch, Loss, MSE, RMSE, MAE, MAPE: 25, 86014592.00, 86014592.00, 9239.89, 7138.12, 8.42%
- Epoch 027, ExpID 85816
Train - Loss: 26149191.60
Val - Loss, MSE, RMSE, MAE, MAPE: 29425608.00, 29425608.00, 5306.09, 4093.94, 5.23%
Test - Best epoch, Loss, MSE, RMSE, MAE, MAPE: 27, 87119368.00, 87119368.00, 9294.39, 7158.11, 8.44%
- Epoch 028, ExpID 85816
Train - Loss: 25969881.50
Val - Loss, MSE, RMSE, MAE, MAPE: 29146526.00, 29146526.00, 5278.59, 4088.25, 5.24%
Test - Best epoch, Loss, MSE, RMSE, MAE, MAPE: 28, 84283888.00, 84283892.00, 9145.81, 7031.60, 8.31%
- Epoch 029, ExpID 85816
Train - Loss: 25711027.00
Val - Loss, MSE, RMSE, MAE, MAPE: 29744816.00, 29744815.00, 5331.31, 4118.34, 5.23%
Test - Best epoch, Loss, MSE, RMSE, MAE, MAPE: 28, 84283888.00, 84283892.00, 9145.81, 7031.60, 8.31%
- Epoch 030, ExpID 85816
Train - Loss: 25652254.90
Val - Loss, MSE, RMSE, MAE, MAPE: 28936524.00, 28936525.00, 5263.54, 4058.04, 5.18%
Test - Best epoch, Loss, MSE, RMSE, MAE, MAPE: 30, 86664792.00, 86664792.00, 9270.81, 7123.94, 8.40%
- Epoch 031, ExpID 85816
Train - Loss: 25327409.80
Val - Loss, MSE, RMSE, MAE, MAPE: 28378682.00, 28378682.00, 5217.05, 4018.35, 5.15%
Test - Best epoch, Loss, MSE, RMSE, MAE, MAPE: 31, 84150560.00, 84150564.00, 9138.36, 6992.83, 8.26%
- Epoch 032, ExpID 85816
Train - Loss: 25184790.90
Val - Loss, MSE, RMSE, MAE, MAPE: 28449018.00, 28449018.00, 5218.45, 4025.24, 5.14%
Test - Best epoch, Loss, MSE, RMSE, MAE, MAPE: 31, 84150560.00, 84150564.00, 9138.36, 6992.83, 8.26%
- Epoch 033, ExpID 85816
Train - Loss: 24995744.40
Val - Loss, MSE, RMSE, MAE, MAPE: 28140272.00, 28140272.00, 5198.54, 3989.65, 5.09%
Test - Best epoch, Loss, MSE, RMSE, MAE, MAPE: 33, 85855760.00, 85855756.00, 9223.20, 7047.41, 8.30%
- Epoch 034, ExpID 85816
Train - Loss: 24926574.40
Val - Loss, MSE, RMSE, MAE, MAPE: 27601616.00, 27601615.00, 5151.75, 3954.41, 5.07%
Test - Best epoch, Loss, MSE, RMSE, MAE, MAPE: 34, 83467184.00, 83467184.00, 9096.63, 6922.05, 8.18%
- Epoch 035, ExpID 85816
Train - Loss: 24774843.80
Val - Loss, MSE, RMSE, MAE, MAPE: 27946636.00, 27946636.00, 5174.36, 3980.66, 5.07%
Test - Best epoch, Loss, MSE, RMSE, MAE, MAPE: 34, 83467184.00, 83467184.00, 9096.63, 6922.05, 8.18%
- Epoch 036, ExpID 85816
Train - Loss: 24641702.10
Val - Loss, MSE, RMSE, MAE, MAPE: 27625754.00, 27625754.00, 5157.55, 3961.62, 5.11%
Test - Best epoch, Loss, MSE, RMSE, MAE, MAPE: 34, 83467184.00, 83467184.00, 9096.63, 6922.05, 8.18%
- Epoch 037, ExpID 85816
Train - Loss: 24585181.10
Val - Loss, MSE, RMSE, MAE, MAPE: 27940022.00, 27940022.00, 5185.31, 3968.92, 5.05%
Test - Best epoch, Loss, MSE, RMSE, MAE, MAPE: 34, 83467184.00, 83467184.00, 9096.63, 6922.05, 8.18%
- Epoch 038, ExpID 85816
Train - Loss: 24293388.60
Val - Loss, MSE, RMSE, MAE, MAPE: 27186602.00, 27186602.00, 5115.21, 3918.84, 5.01%
Test - Best epoch, Loss, MSE, RMSE, MAE, MAPE: 38, 84923536.00, 84923532.00, 9171.43, 6969.36, 8.23%
- Epoch 039, ExpID 85816
Train - Loss: 24244546.50
Val - Loss, MSE, RMSE, MAE, MAPE: 28064828.00, 28064827.00, 5195.86, 3976.79, 5.09%
Test - Best epoch, Loss, MSE, RMSE, MAE, MAPE: 38, 84923536.00, 84923532.00, 9171.43, 6969.36, 8.23%
- Epoch 040, ExpID 85816
Train - Loss: 24041567.70
Val - Loss, MSE, RMSE, MAE, MAPE: 26908644.00, 26908645.00, 5089.66, 3890.23, 4.98%
Test - Best epoch, Loss, MSE, RMSE, MAE, MAPE: 40, 83400096.00, 83400096.00, 9086.36, 6878.60, 8.12%
- Epoch 041, ExpID 85816
Train - Loss: 23719960.30
Val - Loss, MSE, RMSE, MAE, MAPE: 26683332.00, 26683331.00, 5073.85, 3879.86, 4.98%
Test - Best epoch, Loss, MSE, RMSE, MAE, MAPE: 41, 82783416.00, 82783418.00, 9051.33, 6840.17, 8.08%
- Epoch 042, ExpID 85816
Train - Loss: 23766404.50
Val - Loss, MSE, RMSE, MAE, MAPE: 26650604.00, 26650604.00, 5063.73, 3879.57, 4.98%
Test - Best epoch, Loss, MSE, RMSE, MAE, MAPE: 42, 83534592.00, 83534596.00, 9095.86, 6866.57, 8.12%
- Epoch 043, ExpID 85816
Train - Loss: 23715948.40
Val - Loss, MSE, RMSE, MAE, MAPE: 27063476.00, 27063476.00, 5104.05, 3904.24, 4.97%
Test - Best epoch, Loss, MSE, RMSE, MAE, MAPE: 42, 83534592.00, 83534596.00, 9095.86, 6866.57, 8.12%
- Epoch 044, ExpID 85816
Train - Loss: 23524703.80
Val - Loss, MSE, RMSE, MAE, MAPE: 26178072.00, 26178071.50, 5021.98, 3844.89, 4.92%
Test - Best epoch, Loss, MSE, RMSE, MAE, MAPE: 44, 83193808.00, 83193804.00, 9075.40, 6838.68, 8.07%
- Epoch 045, ExpID 85816
Train - Loss: 23496283.00
Val - Loss, MSE, RMSE, MAE, MAPE: 26260960.00, 26260959.00, 5031.97, 3848.73, 4.94%
Test - Best epoch, Loss, MSE, RMSE, MAE, MAPE: 44, 83193808.00, 83193804.00, 9075.40, 6838.68, 8.07%
- Epoch 046, ExpID 85816
Train - Loss: 23385862.60
Val - Loss, MSE, RMSE, MAE, MAPE: 26279528.00, 26279528.50, 5037.15, 3851.43, 4.94%
Test - Best epoch, Loss, MSE, RMSE, MAE, MAPE: 44, 83193808.00, 83193804.00, 9075.40, 6838.68, 8.07%
- Epoch 047, ExpID 85816
Train - Loss: 23266309.40
Val - Loss, MSE, RMSE, MAE, MAPE: 26450128.00, 26450129.00, 5053.39, 3855.47, 4.93%
Test - Best epoch, Loss, MSE, RMSE, MAE, MAPE: 44, 83193808.00, 83193804.00, 9075.40, 6838.68, 8.07%
- Epoch 048, ExpID 85816
Train - Loss: 23145394.00
Val - Loss, MSE, RMSE, MAE, MAPE: 26571680.00, 26571680.00, 5056.94, 3862.90, 4.93%
Test - Best epoch, Loss, MSE, RMSE, MAE, MAPE: 44, 83193808.00, 83193804.00, 9075.40, 6838.68, 8.07%
- Epoch 049, ExpID 85816
Train - Loss: 22979709.40
Val - Loss, MSE, RMSE, MAE, MAPE: 25903908.00, 25903908.50, 4999.40, 3819.99, 4.90%
Test - Best epoch, Loss, MSE, RMSE, MAE, MAPE: 49, 82436336.00, 82436334.00, 9027.93, 6765.32, 8.00%
- Epoch 050, ExpID 85816
Train - Loss: 22957327.00
Val - Loss, MSE, RMSE, MAE, MAPE: 26102242.00, 26102242.50, 5013.90, 3837.71, 4.91%
Test - Best epoch, Loss, MSE, RMSE, MAE, MAPE: 49, 82436336.00, 82436334.00, 9027.93, 6765.32, 8.00%
- Epoch 051, ExpID 85816
Train - Loss: 22809167.10
Val - Loss, MSE, RMSE, MAE, MAPE: 25682790.00, 25682789.50, 4983.53, 3817.96, 4.92%
Test - Best epoch, Loss, MSE, RMSE, MAE, MAPE: 51, 79462104.00, 79462102.00, 8877.87, 6629.35, 7.85%
- Epoch 052, ExpID 85816
Train - Loss: 22759789.70
Val - Loss, MSE, RMSE, MAE, MAPE: 25564630.00, 25564629.50, 4967.19, 3791.48, 4.87%
Test - Best epoch, Loss, MSE, RMSE, MAE, MAPE: 52, 79811008.00, 79811004.00, 8888.67, 6626.14, 7.83%
- Epoch 053, ExpID 85816
Train - Loss: 22559941.20
Val - Loss, MSE, RMSE, MAE, MAPE: 25560620.00, 25560620.00, 4961.92, 3796.26, 4.86%
Test - Best epoch, Loss, MSE, RMSE, MAE, MAPE: 53, 80579632.00, 80579632.00, 8933.06, 6666.83, 7.86%
- Epoch 054, ExpID 85816
Train - Loss: 22468887.20
Val - Loss, MSE, RMSE, MAE, MAPE: 25747144.00, 25747144.50, 4979.03, 3808.45, 4.87%
Test - Best epoch, Loss, MSE, RMSE, MAE, MAPE: 53, 80579632.00, 80579632.00, 8933.06, 6666.83, 7.86%
- Epoch 055, ExpID 85816
Train - Loss: 22384342.10
Val - Loss, MSE, RMSE, MAE, MAPE: 25817780.00, 25817780.00, 4990.43, 3805.50, 4.87%
Test - Best epoch, Loss, MSE, RMSE, MAE, MAPE: 53, 80579632.00, 80579632.00, 8933.06, 6666.83, 7.86%
- Epoch 056, ExpID 85816
Train - Loss: 22360776.70
Val - Loss, MSE, RMSE, MAE, MAPE: 25791596.00, 25791595.50, 4986.00, 3813.48, 4.87%
Test - Best epoch, Loss, MSE, RMSE, MAE, MAPE: 53, 80579632.00, 80579632.00, 8933.06, 6666.83, 7.86%
- Epoch 057, ExpID 85816
Train - Loss: 22327405.60
Val - Loss, MSE, RMSE, MAE, MAPE: 25212172.00, 25212171.00, 4934.05, 3775.88, 4.85%
Test - Best epoch, Loss, MSE, RMSE, MAE, MAPE: 57, 80800072.00, 80800074.00, 8943.17, 6648.01, 7.87%
- Epoch 058, ExpID 85816
Train - Loss: 22047684.40
Val - Loss, MSE, RMSE, MAE, MAPE: 25531340.00, 25531339.50, 4962.76, 3797.04, 4.85%
Test - Best epoch, Loss, MSE, RMSE, MAE, MAPE: 57, 80800072.00, 80800074.00, 8943.17, 6648.01, 7.87%
- Epoch 059, ExpID 85816
Train - Loss: 22055215.60
Val - Loss, MSE, RMSE, MAE, MAPE: 25395742.00, 25395742.00, 4943.67, 3774.52, 4.84%
Test - Best epoch, Loss, MSE, RMSE, MAE, MAPE: 57, 80800072.00, 80800074.00, 8943.17, 6648.01, 7.87%
- Epoch 060, ExpID 85816
Train - Loss: 21993608.00
Val - Loss, MSE, RMSE, MAE, MAPE: 25545298.00, 25545297.50, 4956.60, 3793.54, 4.87%
Test - Best epoch, Loss, MSE, RMSE, MAE, MAPE: 57, 80800072.00, 80800074.00, 8943.17, 6648.01, 7.87%
- Epoch 061, ExpID 85816
Train - Loss: 21863595.60
Val - Loss, MSE, RMSE, MAE, MAPE: 25299334.00, 25299334.50, 4933.67, 3778.40, 4.84%
Test - Best epoch, Loss, MSE, RMSE, MAE, MAPE: 57, 80800072.00, 80800074.00, 8943.17, 6648.01, 7.87%
- Epoch 062, ExpID 85816
Train - Loss: 21759343.80
Val - Loss, MSE, RMSE, MAE, MAPE: 25484796.00, 25484795.00, 4954.61, 3794.70, 4.86%
Test - Best epoch, Loss, MSE, RMSE, MAE, MAPE: 57, 80800072.00, 80800074.00, 8943.17, 6648.01, 7.87%
- Epoch 063, ExpID 85816
Train - Loss: 21681257.20
Val - Loss, MSE, RMSE, MAE, MAPE: 25617344.00, 25617344.50, 4965.91, 3793.48, 4.85%
Test - Best epoch, Loss, MSE, RMSE, MAE, MAPE: 57, 80800072.00, 80800074.00, 8943.17, 6648.01, 7.87%
- Epoch 064, ExpID 85816
Train - Loss: 21557016.80
Val - Loss, MSE, RMSE, MAE, MAPE: 25344742.00, 25344741.50, 4939.60, 3777.96, 4.84%
Test - Best epoch, Loss, MSE, RMSE, MAE, MAPE: 57, 80800072.00, 80800074.00, 8943.17, 6648.01, 7.87%
- Epoch 065, ExpID 85816
Train - Loss: 21590555.20
Val - Loss, MSE, RMSE, MAE, MAPE: 24953256.00, 24953255.50, 4908.09, 3758.52, 4.83%
Test - Best epoch, Loss, MSE, RMSE, MAE, MAPE: 65, 78362744.00, 78362744.00, 8816.59, 6482.11, 7.69%
- Epoch 066, ExpID 85816
Train - Loss: 21490270.20
Val - Loss, MSE, RMSE, MAE, MAPE: 24991252.00, 24991253.00, 4904.47, 3755.63, 4.81%
Test - Best epoch, Loss, MSE, RMSE, MAE, MAPE: 65, 78362744.00, 78362744.00, 8816.59, 6482.11, 7.69%
- Epoch 067, ExpID 85816
Train - Loss: 21488688.20
Val - Loss, MSE, RMSE, MAE, MAPE: 25124492.00, 25124492.50, 4917.63, 3763.39, 4.83%
Test - Best epoch, Loss, MSE, RMSE, MAE, MAPE: 65, 78362744.00, 78362744.00, 8816.59, 6482.11, 7.69%
- Epoch 068, ExpID 85816
Train - Loss: 21272972.80
Val - Loss, MSE, RMSE, MAE, MAPE: 25119776.00, 25119775.50, 4916.81, 3768.51, 4.82%
Test - Best epoch, Loss, MSE, RMSE, MAE, MAPE: 65, 78362744.00, 78362744.00, 8816.59, 6482.11, 7.69%
- Epoch 069, ExpID 85816
Train - Loss: 21215060.60
Val - Loss, MSE, RMSE, MAE, MAPE: 25179500.00, 25179499.50, 4919.16, 3769.57, 4.83%
Test - Best epoch, Loss, MSE, RMSE, MAE, MAPE: 65, 78362744.00, 78362744.00, 8816.59, 6482.11, 7.69%
- Epoch 070, ExpID 85816
Train - Loss: 21176551.60
Val - Loss, MSE, RMSE, MAE, MAPE: 25055400.00, 25055400.50, 4914.26, 3762.37, 4.84%
Test - Best epoch, Loss, MSE, RMSE, MAE, MAPE: 65, 78362744.00, 78362744.00, 8816.59, 6482.11, 7.69%
- Epoch 071, ExpID 85816
Train - Loss: 21193845.70
Val - Loss, MSE, RMSE, MAE, MAPE: 25054510.00, 25054509.50, 4914.77, 3760.35, 4.83%
Test - Best epoch, Loss, MSE, RMSE, MAE, MAPE: 65, 78362744.00, 78362744.00, 8816.59, 6482.11, 7.69%
- Epoch 072, ExpID 85816
Train - Loss: 20965637.80
Val - Loss, MSE, RMSE, MAE, MAPE: 25361350.00, 25361350.50, 4945.48, 3773.99, 4.85%
Test - Best epoch, Loss, MSE, RMSE, MAE, MAPE: 65, 78362744.00, 78362744.00, 8816.59, 6482.11, 7.69%
- Epoch 073, ExpID 85816
Train - Loss: 20938982.00
Val - Loss, MSE, RMSE, MAE, MAPE: 24854412.00, 24854411.00, 4890.45, 3727.04, 4.77%
Test - Best epoch, Loss, MSE, RMSE, MAE, MAPE: 73, 79089320.00, 79089322.00, 8851.25, 6488.11, 7.68%
- Epoch 074, ExpID 85816
Train - Loss: 20834562.90
Val - Loss, MSE, RMSE, MAE, MAPE: 25129692.00, 25129692.50, 4919.34, 3763.91, 4.83%
Test - Best epoch, Loss, MSE, RMSE, MAE, MAPE: 73, 79089320.00, 79089322.00, 8851.25, 6488.11, 7.68%
- Epoch 075, ExpID 85816
Train - Loss: 20880696.00
Val - Loss, MSE, RMSE, MAE, MAPE: 25158608.00, 25158608.00, 4918.90, 3754.83, 4.81%
Test - Best epoch, Loss, MSE, RMSE, MAE, MAPE: 73, 79089320.00, 79089322.00, 8851.25, 6488.11, 7.68%
- Epoch 076, ExpID 85816
Train - Loss: 20785193.80
Val - Loss, MSE, RMSE, MAE, MAPE: 24906678.00, 24906678.50, 4895.91, 3748.39, 4.79%
Test - Best epoch, Loss, MSE, RMSE, MAE, MAPE: 73, 79089320.00, 79089322.00, 8851.25, 6488.11, 7.68%
- Epoch 077, ExpID 85816
Train - Loss: 20557250.30
Val - Loss, MSE, RMSE, MAE, MAPE: 24831132.00, 24831132.00, 4885.98, 3724.32, 4.76%
Test - Best epoch, Loss, MSE, RMSE, MAE, MAPE: 77, 78034880.00, 78034882.00, 8795.60, 6443.53, 7.62%
- Epoch 078, ExpID 85816
Train - Loss: 20566783.00
Val - Loss, MSE, RMSE, MAE, MAPE: 25227764.00, 25227763.50, 4931.53, 3766.82, 4.86%
Test - Best epoch, Loss, MSE, RMSE, MAE, MAPE: 77, 78034880.00, 78034882.00, 8795.60, 6443.53, 7.62%
- Epoch 079, ExpID 85816
Train - Loss: 20533668.30
Val - Loss, MSE, RMSE, MAE, MAPE: 25002368.00, 25002368.50, 4903.11, 3735.18, 4.77%
Test - Best epoch, Loss, MSE, RMSE, MAE, MAPE: 77, 78034880.00, 78034882.00, 8795.60, 6443.53, 7.62%
- Epoch 080, ExpID 85816
Train - Loss: 20470856.80
Val - Loss, MSE, RMSE, MAE, MAPE: 25114152.00, 25114152.00, 4913.90, 3749.24, 4.79%
Test - Best epoch, Loss, MSE, RMSE, MAE, MAPE: 77, 78034880.00, 78034882.00, 8795.60, 6443.53, 7.62%
- Epoch 081, ExpID 85816
Train - Loss: 20379533.50
Val - Loss, MSE, RMSE, MAE, MAPE: 25245130.00, 25245129.50, 4937.78, 3769.94, 4.87%
Test - Best epoch, Loss, MSE, RMSE, MAE, MAPE: 77, 78034880.00, 78034882.00, 8795.60, 6443.53, 7.62%
- Epoch 082, ExpID 85816
Train - Loss: 20402017.40
Val - Loss, MSE, RMSE, MAE, MAPE: 24912776.00, 24912776.00, 4904.81, 3742.74, 4.81%
Test - Best epoch, Loss, MSE, RMSE, MAE, MAPE: 77, 78034880.00, 78034882.00, 8795.60, 6443.53, 7.62%
- Epoch 083, ExpID 85816
Train - Loss: 20265710.40
Val - Loss, MSE, RMSE, MAE, MAPE: 24835836.00, 24835837.00, 4894.18, 3735.86, 4.79%
Test - Best epoch, Loss, MSE, RMSE, MAE, MAPE: 77, 78034880.00, 78034882.00, 8795.60, 6443.53, 7.62%
- Epoch 084, ExpID 85816
Train - Loss: 20154453.80
Val - Loss, MSE, RMSE, MAE, MAPE: 24866282.00, 24866282.00, 4893.73, 3727.36, 4.78%
Test - Best epoch, Loss, MSE, RMSE, MAE, MAPE: 77, 78034880.00, 78034882.00, 8795.60, 6443.53, 7.62%
- Epoch 085, ExpID 85816
Train - Loss: 20035292.90
Val - Loss, MSE, RMSE, MAE, MAPE: 25097036.00, 25097037.00, 4915.68, 3745.73, 4.81%
Test - Best epoch, Loss, MSE, RMSE, MAE, MAPE: 77, 78034880.00, 78034882.00, 8795.60, 6443.53, 7.62%
- Epoch 086, ExpID 85816
Train - Loss: 20038188.10
Val - Loss, MSE, RMSE, MAE, MAPE: 24930370.00, 24930369.50, 4904.22, 3729.77, 4.79%
Test - Best epoch, Loss, MSE, RMSE, MAE, MAPE: 77, 78034880.00, 78034882.00, 8795.60, 6443.53, 7.62%
- Epoch 087, ExpID 85816
Train - Loss: 19995786.50
Val - Loss, MSE, RMSE, MAE, MAPE: 24834362.00, 24834362.50, 4891.55, 3725.93, 4.77%
Test - Best epoch, Loss, MSE, RMSE, MAE, MAPE: 77, 78034880.00, 78034882.00, 8795.60, 6443.53, 7.62%
Early Stopping at Epoch 87
Fold 2017 Best RMSE: 8795.5996

-------------------- [Fold: 2018] ExpID: 5502 --------------------
- Epoch 000, ExpID 5502
Train - Loss: 46829544.38
Val - Loss, MSE, RMSE, MAE, MAPE: 90008096.00, 90008092.00, 9472.99, 7383.07, 8.86%
Test - Best epoch, Loss, MSE, RMSE, MAE, MAPE: 0, 52565520.00, 52565518.00, 7190.06, 5651.55, 6.20%
- Epoch 001, ExpID 5502
Train - Loss: 40090402.67
Val - Loss, MSE, RMSE, MAE, MAPE: 87498368.00, 87498364.00, 9349.15, 7218.12, 8.65%
Test - Best epoch, Loss, MSE, RMSE, MAE, MAPE: 1, 49568120.00, 49568118.00, 6982.61, 5446.18, 5.97%
- Epoch 002, ExpID 5502
Train - Loss: 38080785.90
Val - Loss, MSE, RMSE, MAE, MAPE: 88572784.00, 88572780.00, 9411.25, 7260.83, 8.68%
Test - Best epoch, Loss, MSE, RMSE, MAE, MAPE: 1, 49568120.00, 49568118.00, 6982.61, 5446.18, 5.97%
- Epoch 003, ExpID 5502
Train - Loss: 36579141.90
Val - Loss, MSE, RMSE, MAE, MAPE: 90060144.00, 90060148.00, 9487.87, 7339.63, 8.76%
Test - Best epoch, Loss, MSE, RMSE, MAE, MAPE: 1, 49568120.00, 49568118.00, 6982.61, 5446.18, 5.97%
- Epoch 004, ExpID 5502
Train - Loss: 35318680.67
Val - Loss, MSE, RMSE, MAE, MAPE: 91580288.00, 91580292.00, 9559.16, 7423.06, 8.85%
Test - Best epoch, Loss, MSE, RMSE, MAE, MAPE: 1, 49568120.00, 49568118.00, 6982.61, 5446.18, 5.97%
- Epoch 005, ExpID 5502
Train - Loss: 34097851.24
Val - Loss, MSE, RMSE, MAE, MAPE: 94386216.00, 94386216.00, 9692.15, 7580.36, 8.97%
Test - Best epoch, Loss, MSE, RMSE, MAE, MAPE: 1, 49568120.00, 49568118.00, 6982.61, 5446.18, 5.97%
- Epoch 006, ExpID 5502
Train - Loss: 33233619.90
Val - Loss, MSE, RMSE, MAE, MAPE: 100476024.00, 100476024.00, 9977.39, 7848.07, 9.24%
Test - Best epoch, Loss, MSE, RMSE, MAE, MAPE: 1, 49568120.00, 49568118.00, 6982.61, 5446.18, 5.97%
- Epoch 007, ExpID 5502
Train - Loss: 32678965.52
Val - Loss, MSE, RMSE, MAE, MAPE: 95525088.00, 95525084.00, 9731.69, 7671.82, 9.09%
Test - Best epoch, Loss, MSE, RMSE, MAE, MAPE: 1, 49568120.00, 49568118.00, 6982.61, 5446.18, 5.97%
- Epoch 008, ExpID 5502
Train - Loss: 32022610.76
Val - Loss, MSE, RMSE, MAE, MAPE: 97454800.00, 97454800.00, 9823.65, 7766.09, 9.17%
Test - Best epoch, Loss, MSE, RMSE, MAE, MAPE: 1, 49568120.00, 49568118.00, 6982.61, 5446.18, 5.97%
- Epoch 009, ExpID 5502
Train - Loss: 31615357.43
Val - Loss, MSE, RMSE, MAE, MAPE: 103433136.00, 103433132.00, 10097.88, 7999.32, 9.39%
Test - Best epoch, Loss, MSE, RMSE, MAE, MAPE: 1, 49568120.00, 49568118.00, 6982.61, 5446.18, 5.97%
- Epoch 010, ExpID 5502
Train - Loss: 31341789.43
Val - Loss, MSE, RMSE, MAE, MAPE: 98448776.00, 98448776.00, 9856.12, 7808.90, 9.20%
Test - Best epoch, Loss, MSE, RMSE, MAE, MAPE: 1, 49568120.00, 49568118.00, 6982.61, 5446.18, 5.97%
- Epoch 011, ExpID 5502
Train - Loss: 30830457.33
Val - Loss, MSE, RMSE, MAE, MAPE: 98479088.00, 98479092.00, 9854.42, 7803.93, 9.20%
Test - Best epoch, Loss, MSE, RMSE, MAE, MAPE: 1, 49568120.00, 49568118.00, 6982.61, 5446.18, 5.97%
Early Stopping at Epoch 11
Fold 2018 Best RMSE: 6982.6079

-------------------- [Fold: 2019] ExpID: 89125 --------------------
- Epoch 000, ExpID 89125
Train - Loss: 50248034.78
Val - Loss, MSE, RMSE, MAE, MAPE: 52318328.00, 52318330.00, 7174.55, 5622.11, 6.18%
Test - Best epoch, Loss, MSE, RMSE, MAE, MAPE: 0, 58604992.00, 58604990.00, 7470.42, 5863.69, 6.27%
- Epoch 001, ExpID 89125
Train - Loss: 42906863.83
Val - Loss, MSE, RMSE, MAE, MAPE: 49170432.00, 49170430.00, 6962.37, 5443.54, 5.95%
Test - Best epoch, Loss, MSE, RMSE, MAE, MAPE: 1, 52941448.00, 52941446.00, 7069.12, 5526.89, 5.87%
- Epoch 002, ExpID 89125
Train - Loss: 40865185.39
Val - Loss, MSE, RMSE, MAE, MAPE: 48383536.00, 48383534.00, 6917.50, 5385.06, 5.90%
Test - Best epoch, Loss, MSE, RMSE, MAE, MAPE: 2, 52150948.00, 52150947.00, 7030.56, 5491.75, 5.85%
- Epoch 003, ExpID 89125
Train - Loss: 39103966.78
Val - Loss, MSE, RMSE, MAE, MAPE: 47196916.00, 47196916.00, 6843.06, 5326.95, 5.83%
Test - Best epoch, Loss, MSE, RMSE, MAE, MAPE: 3, 50208640.00, 50208638.00, 6873.14, 5326.60, 5.68%
- Epoch 004, ExpID 89125
Train - Loss: 37780439.65
Val - Loss, MSE, RMSE, MAE, MAPE: 46588752.00, 46588754.00, 6805.69, 5293.77, 5.74%
Test - Best epoch, Loss, MSE, RMSE, MAE, MAPE: 4, 47705720.00, 47705721.00, 6669.60, 5123.68, 5.41%
- Epoch 005, ExpID 89125
Train - Loss: 36729622.96
Val - Loss, MSE, RMSE, MAE, MAPE: 44229544.00, 44229542.00, 6618.67, 5145.80, 5.61%
Test - Best epoch, Loss, MSE, RMSE, MAE, MAPE: 5, 47002104.00, 47002106.00, 6590.48, 5063.41, 5.38%
- Epoch 006, ExpID 89125
Train - Loss: 36137863.22
Val - Loss, MSE, RMSE, MAE, MAPE: 44708048.00, 44708050.00, 6664.65, 5193.99, 5.62%
Test - Best epoch, Loss, MSE, RMSE, MAE, MAPE: 5, 47002104.00, 47002106.00, 6590.48, 5063.41, 5.38%
- Epoch 007, ExpID 89125
Train - Loss: 35662812.96
Val - Loss, MSE, RMSE, MAE, MAPE: 44675280.00, 44675282.00, 6665.80, 5205.87, 5.62%
Test - Best epoch, Loss, MSE, RMSE, MAE, MAPE: 5, 47002104.00, 47002106.00, 6590.48, 5063.41, 5.38%
- Epoch 008, ExpID 89125
Train - Loss: 35060420.26
Val - Loss, MSE, RMSE, MAE, MAPE: 43722384.00, 43722386.00, 6591.24, 5142.91, 5.57%
Test - Best epoch, Loss, MSE, RMSE, MAE, MAPE: 8, 46075876.00, 46075875.00, 6573.91, 5031.77, 5.31%
- Epoch 009, ExpID 89125
Train - Loss: 34570660.78
Val - Loss, MSE, RMSE, MAE, MAPE: 42246368.00, 42246370.00, 6470.21, 5036.53, 5.48%
Test - Best epoch, Loss, MSE, RMSE, MAE, MAPE: 9, 45498680.00, 45498679.00, 6519.11, 4988.55, 5.29%
- Epoch 010, ExpID 89125
Train - Loss: 34287393.48
Val - Loss, MSE, RMSE, MAE, MAPE: 41976436.00, 41976435.00, 6444.67, 4999.03, 5.47%
Test - Best epoch, Loss, MSE, RMSE, MAE, MAPE: 10, 45577780.00, 45577779.00, 6508.20, 4973.89, 5.31%
- Epoch 011, ExpID 89125
Train - Loss: 33986788.09
Val - Loss, MSE, RMSE, MAE, MAPE: 42049540.00, 42049540.00, 6459.73, 5019.55, 5.46%
Test - Best epoch, Loss, MSE, RMSE, MAE, MAPE: 10, 45577780.00, 45577779.00, 6508.20, 4973.89, 5.31%
- Epoch 012, ExpID 89125
Train - Loss: 33326268.52
Val - Loss, MSE, RMSE, MAE, MAPE: 42461696.00, 42461698.00, 6499.80, 5060.00, 5.48%
Test - Best epoch, Loss, MSE, RMSE, MAE, MAPE: 10, 45577780.00, 45577779.00, 6508.20, 4973.89, 5.31%
- Epoch 013, ExpID 89125
Train - Loss: 33007871.65
Val - Loss, MSE, RMSE, MAE, MAPE: 42406240.00, 42406240.00, 6498.18, 5060.74, 5.47%
Test - Best epoch, Loss, MSE, RMSE, MAE, MAPE: 10, 45577780.00, 45577779.00, 6508.20, 4973.89, 5.31%
- Epoch 014, ExpID 89125
Train - Loss: 32583425.65
Val - Loss, MSE, RMSE, MAE, MAPE: 41911960.00, 41911958.00, 6457.04, 5014.05, 5.44%
Test - Best epoch, Loss, MSE, RMSE, MAE, MAPE: 14, 43552568.00, 43552566.00, 6411.05, 4873.53, 5.15%
- Epoch 015, ExpID 89125
Train - Loss: 32330057.83
Val - Loss, MSE, RMSE, MAE, MAPE: 42093256.00, 42093256.00, 6471.44, 5030.42, 5.44%
Test - Best epoch, Loss, MSE, RMSE, MAE, MAPE: 14, 43552568.00, 43552566.00, 6411.05, 4873.53, 5.15%
- Epoch 016, ExpID 89125
Train - Loss: 32053957.74
Val - Loss, MSE, RMSE, MAE, MAPE: 42140236.00, 42140236.00, 6480.91, 5044.42, 5.45%
Test - Best epoch, Loss, MSE, RMSE, MAE, MAPE: 14, 43552568.00, 43552566.00, 6411.05, 4873.53, 5.15%
- Epoch 017, ExpID 89125
Train - Loss: 31831235.04
Val - Loss, MSE, RMSE, MAE, MAPE: 43091096.00, 43091094.00, 6558.42, 5120.30, 5.52%
Test - Best epoch, Loss, MSE, RMSE, MAE, MAPE: 14, 43552568.00, 43552566.00, 6411.05, 4873.53, 5.15%
- Epoch 018, ExpID 89125
Train - Loss: 31489366.52
Val - Loss, MSE, RMSE, MAE, MAPE: 40590288.00, 40590286.00, 6349.46, 4912.41, 5.34%
Test - Best epoch, Loss, MSE, RMSE, MAE, MAPE: 18, 42622836.00, 42622836.00, 6333.29, 4810.80, 5.10%
- Epoch 019, ExpID 89125
Train - Loss: 30996573.30
Val - Loss, MSE, RMSE, MAE, MAPE: 43382064.00, 43382062.00, 6579.22, 5130.68, 5.53%
Test - Best epoch, Loss, MSE, RMSE, MAE, MAPE: 18, 42622836.00, 42622836.00, 6333.29, 4810.80, 5.10%
- Epoch 020, ExpID 89125
Train - Loss: 30813939.04
Val - Loss, MSE, RMSE, MAE, MAPE: 44208424.00, 44208426.00, 6642.41, 5186.30, 5.58%
Test - Best epoch, Loss, MSE, RMSE, MAE, MAPE: 18, 42622836.00, 42622836.00, 6333.29, 4810.80, 5.10%
- Epoch 021, ExpID 89125
Train - Loss: 30750360.09
Val - Loss, MSE, RMSE, MAE, MAPE: 43022832.00, 43022830.00, 6552.16, 5111.14, 5.50%
Test - Best epoch, Loss, MSE, RMSE, MAE, MAPE: 18, 42622836.00, 42622836.00, 6333.29, 4810.80, 5.10%
- Epoch 022, ExpID 89125
Train - Loss: 30374134.96
Val - Loss, MSE, RMSE, MAE, MAPE: 42623176.00, 42623176.00, 6518.04, 5066.17, 5.46%
Test - Best epoch, Loss, MSE, RMSE, MAE, MAPE: 18, 42622836.00, 42622836.00, 6333.29, 4810.80, 5.10%
- Epoch 023, ExpID 89125
Train - Loss: 29940250.78
Val - Loss, MSE, RMSE, MAE, MAPE: 42646200.00, 42646198.00, 6517.04, 5057.90, 5.46%
Test - Best epoch, Loss, MSE, RMSE, MAE, MAPE: 18, 42622836.00, 42622836.00, 6333.29, 4810.80, 5.10%
- Epoch 024, ExpID 89125
Train - Loss: 29767063.74
Val - Loss, MSE, RMSE, MAE, MAPE: 42192804.00, 42192804.00, 6478.57, 5007.21, 5.41%
Test - Best epoch, Loss, MSE, RMSE, MAE, MAPE: 18, 42622836.00, 42622836.00, 6333.29, 4810.80, 5.10%
- Epoch 025, ExpID 89125
Train - Loss: 29690752.00
Val - Loss, MSE, RMSE, MAE, MAPE: 44150160.00, 44150160.00, 6638.86, 5169.15, 5.56%
Test - Best epoch, Loss, MSE, RMSE, MAE, MAPE: 18, 42622836.00, 42622836.00, 6333.29, 4810.80, 5.10%
- Epoch 026, ExpID 89125
Train - Loss: 29389995.22
Val - Loss, MSE, RMSE, MAE, MAPE: 42572024.00, 42572022.00, 6515.67, 5052.49, 5.45%
Test - Best epoch, Loss, MSE, RMSE, MAE, MAPE: 18, 42622836.00, 42622836.00, 6333.29, 4810.80, 5.10%
- Epoch 027, ExpID 89125
Train - Loss: 29136869.91
Val - Loss, MSE, RMSE, MAE, MAPE: 45244640.00, 45244642.00, 6723.88, 5249.44, 5.63%
Test - Best epoch, Loss, MSE, RMSE, MAE, MAPE: 18, 42622836.00, 42622836.00, 6333.29, 4810.80, 5.10%
- Epoch 028, ExpID 89125
Train - Loss: 29043719.30
Val - Loss, MSE, RMSE, MAE, MAPE: 43913160.00, 43913160.00, 6623.74, 5160.42, 5.55%
Test - Best epoch, Loss, MSE, RMSE, MAE, MAPE: 18, 42622836.00, 42622836.00, 6333.29, 4810.80, 5.10%
Early Stopping at Epoch 28
Fold 2019 Best RMSE: 6333.2944
