DETAILED LOG | Model: patchtst | Seed: 1
FULL CONFIG: {'gpu': '2', 'target': 'arrival', 'cv_start_year': 2017, 'cv_end_year': 2019, 'test_year': 2024, 'use_corona': False, 'seq_len': 56, 'label_len': 0, 'pred_len': 56, 'batch_size': 256, 'epochs': 1000, 'patience': 10, 'lr': 0.0001, 'model': 'patchtst', 'd_model': 256, 'n_heads': 4, 'n_layers': 6, 'dropout': 0.1, 'activation': 'gelu', 'patch_len': 7, 'factor': 5, 'norm_mode': 'revin', 'use_covar': True, 'use_dbloss': False, 'device': device(type='cuda'), 'stride': 14, 'file_path': 'dataset/airport_flight_with_holiday.csv', 'seed': 1, 'val_year': 2019, 'ndims': 1}

-------------------- [Fold: 2017] ExpID: 12284 --------------------
- Epoch 000, ExpID 12284
Train - Loss: 44904082.60
Val - Loss, MSE, RMSE, MAE, MAPE: 52704792.00, 52704790.00, 7107.03, 5700.21, 7.27%
Test - Best epoch, Loss, MSE, RMSE, MAE, MAPE: 0, 83864408.00, 83864408.00, 9131.36, 7001.45, 8.13%
- Epoch 001, ExpID 12284
Train - Loss: 36988704.40
Val - Loss, MSE, RMSE, MAE, MAPE: 45165332.00, 45165333.00, 6585.31, 5112.09, 6.42%
Test - Best epoch, Loss, MSE, RMSE, MAE, MAPE: 1, 94147200.00, 94147200.00, 9689.57, 7401.04, 8.45%
- Epoch 002, ExpID 12284
Train - Loss: 34156941.20
Val - Loss, MSE, RMSE, MAE, MAPE: 40746360.00, 40746362.00, 6279.40, 4876.25, 6.17%
Test - Best epoch, Loss, MSE, RMSE, MAE, MAPE: 2, 93088488.00, 93088488.00, 9612.81, 7441.13, 8.53%
- Epoch 003, ExpID 12284
Train - Loss: 33009337.90
Val - Loss, MSE, RMSE, MAE, MAPE: 40320856.00, 40320856.00, 6268.61, 4850.29, 6.11%
Test - Best epoch, Loss, MSE, RMSE, MAE, MAPE: 3, 96820192.00, 96820192.00, 9780.49, 7598.77, 8.69%
- Epoch 004, ExpID 12284
Train - Loss: 32234434.90
Val - Loss, MSE, RMSE, MAE, MAPE: 38447392.00, 38447394.00, 6111.50, 4755.55, 6.06%
Test - Best epoch, Loss, MSE, RMSE, MAE, MAPE: 4, 89283600.00, 89283600.00, 9415.36, 7347.96, 8.46%
- Epoch 005, ExpID 12284
Train - Loss: 31624169.10
Val - Loss, MSE, RMSE, MAE, MAPE: 37709264.00, 37709263.00, 6056.60, 4707.92, 5.99%
Test - Best epoch, Loss, MSE, RMSE, MAE, MAPE: 5, 87333840.00, 87333836.00, 9315.71, 7241.55, 8.32%
- Epoch 006, ExpID 12284
Train - Loss: 31129599.20
Val - Loss, MSE, RMSE, MAE, MAPE: 38099576.00, 38099575.00, 6096.08, 4742.84, 5.99%
Test - Best epoch, Loss, MSE, RMSE, MAE, MAPE: 5, 87333840.00, 87333836.00, 9315.71, 7241.55, 8.32%
- Epoch 007, ExpID 12284
Train - Loss: 30720027.80
Val - Loss, MSE, RMSE, MAE, MAPE: 37445952.00, 37445954.00, 6049.27, 4713.48, 5.96%
Test - Best epoch, Loss, MSE, RMSE, MAE, MAPE: 7, 85801920.00, 85801920.00, 9244.52, 7178.70, 8.22%
- Epoch 008, ExpID 12284
Train - Loss: 30304452.90
Val - Loss, MSE, RMSE, MAE, MAPE: 35889924.00, 35889924.00, 5924.25, 4622.66, 5.87%
Test - Best epoch, Loss, MSE, RMSE, MAE, MAPE: 8, 83574960.00, 83574964.00, 9125.07, 7118.37, 8.18%
- Epoch 009, ExpID 12284
Train - Loss: 29729533.90
Val - Loss, MSE, RMSE, MAE, MAPE: 36376992.00, 36376991.00, 5946.35, 4654.69, 5.89%
Test - Best epoch, Loss, MSE, RMSE, MAE, MAPE: 8, 83574960.00, 83574964.00, 9125.07, 7118.37, 8.18%
- Epoch 010, ExpID 12284
Train - Loss: 29318537.30
Val - Loss, MSE, RMSE, MAE, MAPE: 35564668.00, 35564668.00, 5875.69, 4610.04, 5.85%
Test - Best epoch, Loss, MSE, RMSE, MAE, MAPE: 10, 81123072.00, 81123068.00, 9002.74, 7059.51, 8.12%
- Epoch 011, ExpID 12284
Train - Loss: 28921864.20
Val - Loss, MSE, RMSE, MAE, MAPE: 34419632.00, 34419633.00, 5777.01, 4530.60, 5.74%
Test - Best epoch, Loss, MSE, RMSE, MAE, MAPE: 11, 79717120.00, 79717120.00, 8925.16, 6991.42, 8.04%
- Epoch 012, ExpID 12284
Train - Loss: 28639130.30
Val - Loss, MSE, RMSE, MAE, MAPE: 35437836.00, 35437836.00, 5864.59, 4589.02, 5.79%
Test - Best epoch, Loss, MSE, RMSE, MAE, MAPE: 11, 79717120.00, 79717120.00, 8925.16, 6991.42, 8.04%
- Epoch 013, ExpID 12284
Train - Loss: 28224292.70
Val - Loss, MSE, RMSE, MAE, MAPE: 34185440.00, 34185439.00, 5767.86, 4519.09, 5.71%
Test - Best epoch, Loss, MSE, RMSE, MAE, MAPE: 13, 81457536.00, 81457540.00, 9019.38, 7074.92, 8.13%
- Epoch 014, ExpID 12284
Train - Loss: 27976802.80
Val - Loss, MSE, RMSE, MAE, MAPE: 32257330.00, 32257330.00, 5600.21, 4393.75, 5.57%
Test - Best epoch, Loss, MSE, RMSE, MAE, MAPE: 14, 77598032.00, 77598036.00, 8803.12, 6900.74, 7.95%
- Epoch 015, ExpID 12284
Train - Loss: 27484154.40
Val - Loss, MSE, RMSE, MAE, MAPE: 33525046.00, 33525046.00, 5709.18, 4460.56, 5.63%
Test - Best epoch, Loss, MSE, RMSE, MAE, MAPE: 14, 77598032.00, 77598036.00, 8803.12, 6900.74, 7.95%
- Epoch 016, ExpID 12284
Train - Loss: 27307573.10
Val - Loss, MSE, RMSE, MAE, MAPE: 32069012.00, 32069011.00, 5579.84, 4362.95, 5.49%
Test - Best epoch, Loss, MSE, RMSE, MAE, MAPE: 16, 78991056.00, 78991056.00, 8884.33, 6987.24, 8.03%
- Epoch 017, ExpID 12284
Train - Loss: 26844156.20
Val - Loss, MSE, RMSE, MAE, MAPE: 31078124.00, 31078124.00, 5491.32, 4285.27, 5.41%
Test - Best epoch, Loss, MSE, RMSE, MAE, MAPE: 17, 75268640.00, 75268644.00, 8673.37, 6805.87, 7.82%
- Epoch 018, ExpID 12284
Train - Loss: 26506381.60
Val - Loss, MSE, RMSE, MAE, MAPE: 30601758.00, 30601758.00, 5449.32, 4282.95, 5.42%
Test - Best epoch, Loss, MSE, RMSE, MAE, MAPE: 18, 74029960.00, 74029960.00, 8604.05, 6702.37, 7.71%
- Epoch 019, ExpID 12284
Train - Loss: 26242135.20
Val - Loss, MSE, RMSE, MAE, MAPE: 29995074.00, 29995074.00, 5399.55, 4218.56, 5.32%
Test - Best epoch, Loss, MSE, RMSE, MAE, MAPE: 19, 74538608.00, 74538604.00, 8633.52, 6735.14, 7.76%
- Epoch 020, ExpID 12284
Train - Loss: 25693517.90
Val - Loss, MSE, RMSE, MAE, MAPE: 29366680.00, 29366680.00, 5344.25, 4203.79, 5.33%
Test - Best epoch, Loss, MSE, RMSE, MAE, MAPE: 20, 72707776.00, 72707772.00, 8525.05, 6622.35, 7.64%
- Epoch 021, ExpID 12284
Train - Loss: 25508509.90
Val - Loss, MSE, RMSE, MAE, MAPE: 28536936.00, 28536936.00, 5264.15, 4142.98, 5.25%
Test - Best epoch, Loss, MSE, RMSE, MAE, MAPE: 21, 67633056.00, 67633056.00, 8221.90, 6334.92, 7.29%
- Epoch 022, ExpID 12284
Train - Loss: 24873365.50
Val - Loss, MSE, RMSE, MAE, MAPE: 28002936.00, 28002937.00, 5206.16, 4084.40, 5.16%
Test - Best epoch, Loss, MSE, RMSE, MAE, MAPE: 22, 67944272.00, 67944272.00, 8236.54, 6321.40, 7.27%
- Epoch 023, ExpID 12284
Train - Loss: 24675698.00
Val - Loss, MSE, RMSE, MAE, MAPE: 27540746.00, 27540746.00, 5166.44, 4091.00, 5.20%
Test - Best epoch, Loss, MSE, RMSE, MAE, MAPE: 23, 66151108.00, 66151108.00, 8120.83, 6164.15, 7.12%
- Epoch 024, ExpID 12284
Train - Loss: 24320077.50
Val - Loss, MSE, RMSE, MAE, MAPE: 28813996.00, 28813997.00, 5283.89, 4151.76, 5.21%
Test - Best epoch, Loss, MSE, RMSE, MAE, MAPE: 23, 66151108.00, 66151108.00, 8120.83, 6164.15, 7.12%
- Epoch 025, ExpID 12284
Train - Loss: 24101905.20
Val - Loss, MSE, RMSE, MAE, MAPE: 29276054.00, 29276054.00, 5297.99, 4145.59, 5.21%
Test - Best epoch, Loss, MSE, RMSE, MAE, MAPE: 23, 66151108.00, 66151108.00, 8120.83, 6164.15, 7.12%
- Epoch 026, ExpID 12284
Train - Loss: 23702674.40
Val - Loss, MSE, RMSE, MAE, MAPE: 26394892.00, 26394891.00, 5058.64, 3986.07, 5.03%
Test - Best epoch, Loss, MSE, RMSE, MAE, MAPE: 26, 67810160.00, 67810164.00, 8213.29, 6222.07, 7.17%
- Epoch 027, ExpID 12284
Train - Loss: 23324270.10
Val - Loss, MSE, RMSE, MAE, MAPE: 26694402.00, 26694402.00, 5084.16, 4019.28, 5.11%
Test - Best epoch, Loss, MSE, RMSE, MAE, MAPE: 26, 67810160.00, 67810164.00, 8213.29, 6222.07, 7.17%
- Epoch 028, ExpID 12284
Train - Loss: 23327469.30
Val - Loss, MSE, RMSE, MAE, MAPE: 26480800.00, 26480799.00, 5094.08, 4053.09, 5.19%
Test - Best epoch, Loss, MSE, RMSE, MAE, MAPE: 26, 67810160.00, 67810164.00, 8213.29, 6222.07, 7.17%
- Epoch 029, ExpID 12284
Train - Loss: 22732859.50
Val - Loss, MSE, RMSE, MAE, MAPE: 26197796.00, 26197796.00, 5048.64, 4011.70, 5.10%
Test - Best epoch, Loss, MSE, RMSE, MAE, MAPE: 29, 63053132.00, 63053132.00, 7911.66, 6007.78, 6.96%
- Epoch 030, ExpID 12284
Train - Loss: 22375660.90
Val - Loss, MSE, RMSE, MAE, MAPE: 26349676.00, 26349676.00, 5046.71, 3988.44, 5.06%
Test - Best epoch, Loss, MSE, RMSE, MAE, MAPE: 29, 63053132.00, 63053132.00, 7911.66, 6007.78, 6.96%
- Epoch 031, ExpID 12284
Train - Loss: 22133483.90
Val - Loss, MSE, RMSE, MAE, MAPE: 24746912.00, 24746913.00, 4920.24, 3914.47, 5.02%
Test - Best epoch, Loss, MSE, RMSE, MAE, MAPE: 31, 61956184.00, 61956186.00, 7849.72, 5971.41, 6.96%
- Epoch 032, ExpID 12284
Train - Loss: 21774528.50
Val - Loss, MSE, RMSE, MAE, MAPE: 26480380.00, 26480380.00, 5063.62, 4017.22, 5.12%
Test - Best epoch, Loss, MSE, RMSE, MAE, MAPE: 31, 61956184.00, 61956186.00, 7849.72, 5971.41, 6.96%
- Epoch 033, ExpID 12284
Train - Loss: 21411010.80
Val - Loss, MSE, RMSE, MAE, MAPE: 24181422.00, 24181422.00, 4836.44, 3792.85, 4.80%
Test - Best epoch, Loss, MSE, RMSE, MAE, MAPE: 33, 62553896.00, 62553894.00, 7898.07, 5973.65, 6.90%
- Epoch 034, ExpID 12284
Train - Loss: 21278291.30
Val - Loss, MSE, RMSE, MAE, MAPE: 23753432.00, 23753433.00, 4812.46, 3804.27, 4.83%
Test - Best epoch, Loss, MSE, RMSE, MAE, MAPE: 34, 63303220.00, 63303220.00, 7944.12, 6015.57, 6.96%
- Epoch 035, ExpID 12284
Train - Loss: 20884293.40
Val - Loss, MSE, RMSE, MAE, MAPE: 24782848.00, 24782848.00, 4903.01, 3878.91, 4.94%
Test - Best epoch, Loss, MSE, RMSE, MAE, MAPE: 34, 63303220.00, 63303220.00, 7944.12, 6015.57, 6.96%
- Epoch 036, ExpID 12284
Train - Loss: 20760899.80
Val - Loss, MSE, RMSE, MAE, MAPE: 23459726.00, 23459726.50, 4781.26, 3779.71, 4.83%
Test - Best epoch, Loss, MSE, RMSE, MAE, MAPE: 36, 63937392.00, 63937392.00, 7975.12, 6104.09, 7.12%
- Epoch 037, ExpID 12284
Train - Loss: 20478710.30
Val - Loss, MSE, RMSE, MAE, MAPE: 23048504.00, 23048504.00, 4738.68, 3740.67, 4.77%
Test - Best epoch, Loss, MSE, RMSE, MAE, MAPE: 37, 62779660.00, 62779660.00, 7903.32, 6006.77, 6.98%
- Epoch 038, ExpID 12284
Train - Loss: 20364030.40
Val - Loss, MSE, RMSE, MAE, MAPE: 25509140.00, 25509141.00, 4985.26, 3948.92, 5.04%
Test - Best epoch, Loss, MSE, RMSE, MAE, MAPE: 37, 62779660.00, 62779660.00, 7903.32, 6006.77, 6.98%
- Epoch 039, ExpID 12284
Train - Loss: 20066852.90
Val - Loss, MSE, RMSE, MAE, MAPE: 24634510.00, 24634510.50, 4869.99, 3823.82, 4.83%
Test - Best epoch, Loss, MSE, RMSE, MAE, MAPE: 37, 62779660.00, 62779660.00, 7903.32, 6006.77, 6.98%
- Epoch 040, ExpID 12284
Train - Loss: 19784411.40
Val - Loss, MSE, RMSE, MAE, MAPE: 23835292.00, 23835292.00, 4803.63, 3776.97, 4.80%
Test - Best epoch, Loss, MSE, RMSE, MAE, MAPE: 37, 62779660.00, 62779660.00, 7903.32, 6006.77, 6.98%
- Epoch 041, ExpID 12284
Train - Loss: 19479107.50
Val - Loss, MSE, RMSE, MAE, MAPE: 22350810.00, 22350810.00, 4669.46, 3665.59, 4.69%
Test - Best epoch, Loss, MSE, RMSE, MAE, MAPE: 41, 61698188.00, 61698188.00, 7841.75, 5964.16, 6.96%
- Epoch 042, ExpID 12284
Train - Loss: 19372096.45
Val - Loss, MSE, RMSE, MAE, MAPE: 23171610.00, 23171610.50, 4748.18, 3749.49, 4.79%
Test - Best epoch, Loss, MSE, RMSE, MAE, MAPE: 41, 61698188.00, 61698188.00, 7841.75, 5964.16, 6.96%
- Epoch 043, ExpID 12284
Train - Loss: 19123529.80
Val - Loss, MSE, RMSE, MAE, MAPE: 22437952.00, 22437951.00, 4671.09, 3678.29, 4.68%
Test - Best epoch, Loss, MSE, RMSE, MAE, MAPE: 41, 61698188.00, 61698188.00, 7841.75, 5964.16, 6.96%
- Epoch 044, ExpID 12284
Train - Loss: 18863602.30
Val - Loss, MSE, RMSE, MAE, MAPE: 22317516.00, 22317516.50, 4655.39, 3676.50, 4.70%
Test - Best epoch, Loss, MSE, RMSE, MAE, MAPE: 44, 58770880.00, 58770878.00, 7653.96, 5802.77, 6.76%
- Epoch 045, ExpID 12284
Train - Loss: 18790141.40
Val - Loss, MSE, RMSE, MAE, MAPE: 22779148.00, 22779148.50, 4700.70, 3704.63, 4.71%
Test - Best epoch, Loss, MSE, RMSE, MAE, MAPE: 44, 58770880.00, 58770878.00, 7653.96, 5802.77, 6.76%
- Epoch 046, ExpID 12284
Train - Loss: 18686272.50
Val - Loss, MSE, RMSE, MAE, MAPE: 22382294.00, 22382293.50, 4659.61, 3676.45, 4.67%
Test - Best epoch, Loss, MSE, RMSE, MAE, MAPE: 44, 58770880.00, 58770878.00, 7653.96, 5802.77, 6.76%
- Epoch 047, ExpID 12284
Train - Loss: 18333622.60
Val - Loss, MSE, RMSE, MAE, MAPE: 21688312.00, 21688311.50, 4588.31, 3625.94, 4.62%
Test - Best epoch, Loss, MSE, RMSE, MAE, MAPE: 47, 60216452.00, 60216452.00, 7754.90, 5834.78, 6.77%
- Epoch 048, ExpID 12284
Train - Loss: 18510945.10
Val - Loss, MSE, RMSE, MAE, MAPE: 25038360.00, 25038359.00, 4887.50, 3820.82, 4.81%
Test - Best epoch, Loss, MSE, RMSE, MAE, MAPE: 47, 60216452.00, 60216452.00, 7754.90, 5834.78, 6.77%
- Epoch 049, ExpID 12284
Train - Loss: 18478033.00
Val - Loss, MSE, RMSE, MAE, MAPE: 22248452.00, 22248452.50, 4638.35, 3627.13, 4.57%
Test - Best epoch, Loss, MSE, RMSE, MAE, MAPE: 47, 60216452.00, 60216452.00, 7754.90, 5834.78, 6.77%
- Epoch 050, ExpID 12284
Train - Loss: 18081785.60
Val - Loss, MSE, RMSE, MAE, MAPE: 22168028.00, 22168028.00, 4622.39, 3619.62, 4.60%
Test - Best epoch, Loss, MSE, RMSE, MAE, MAPE: 47, 60216452.00, 60216452.00, 7754.90, 5834.78, 6.77%
- Epoch 051, ExpID 12284
Train - Loss: 17804847.50
Val - Loss, MSE, RMSE, MAE, MAPE: 22352806.00, 22352806.50, 4666.79, 3690.92, 4.74%
Test - Best epoch, Loss, MSE, RMSE, MAE, MAPE: 47, 60216452.00, 60216452.00, 7754.90, 5834.78, 6.77%
- Epoch 052, ExpID 12284
Train - Loss: 17613290.35
Val - Loss, MSE, RMSE, MAE, MAPE: 21839066.00, 21839066.00, 4604.61, 3610.91, 4.63%
Test - Best epoch, Loss, MSE, RMSE, MAE, MAPE: 47, 60216452.00, 60216452.00, 7754.90, 5834.78, 6.77%
- Epoch 053, ExpID 12284
Train - Loss: 17335966.65
Val - Loss, MSE, RMSE, MAE, MAPE: 21305624.00, 21305625.00, 4546.11, 3571.65, 4.55%
Test - Best epoch, Loss, MSE, RMSE, MAE, MAPE: 53, 59009040.00, 59009038.00, 7669.72, 5811.10, 6.76%
- Epoch 054, ExpID 12284
Train - Loss: 17426778.60
Val - Loss, MSE, RMSE, MAE, MAPE: 21271632.00, 21271631.00, 4544.48, 3549.96, 4.51%
Test - Best epoch, Loss, MSE, RMSE, MAE, MAPE: 54, 59673704.00, 59673702.00, 7719.06, 5833.00, 6.77%
- Epoch 055, ExpID 12284
Train - Loss: 17084670.55
Val - Loss, MSE, RMSE, MAE, MAPE: 21549708.00, 21549707.50, 4568.98, 3578.16, 4.56%
Test - Best epoch, Loss, MSE, RMSE, MAE, MAPE: 54, 59673704.00, 59673702.00, 7719.06, 5833.00, 6.77%
- Epoch 056, ExpID 12284
Train - Loss: 17105717.25
Val - Loss, MSE, RMSE, MAE, MAPE: 21704850.00, 21704849.50, 4587.44, 3601.44, 4.60%
Test - Best epoch, Loss, MSE, RMSE, MAE, MAPE: 54, 59673704.00, 59673702.00, 7719.06, 5833.00, 6.77%
- Epoch 057, ExpID 12284
Train - Loss: 16928992.45
Val - Loss, MSE, RMSE, MAE, MAPE: 20563630.00, 20563630.50, 4474.48, 3506.30, 4.49%
Test - Best epoch, Loss, MSE, RMSE, MAE, MAPE: 57, 56178532.00, 56178532.00, 7487.08, 5701.85, 6.67%
- Epoch 058, ExpID 12284
Train - Loss: 16762603.35
Val - Loss, MSE, RMSE, MAE, MAPE: 20529124.00, 20529125.00, 4470.97, 3502.38, 4.48%
Test - Best epoch, Loss, MSE, RMSE, MAE, MAPE: 58, 57085012.00, 57085012.00, 7547.70, 5717.87, 6.69%
- Epoch 059, ExpID 12284
Train - Loss: 16852428.35
Val - Loss, MSE, RMSE, MAE, MAPE: 20394710.00, 20394710.00, 4454.38, 3489.48, 4.44%
Test - Best epoch, Loss, MSE, RMSE, MAE, MAPE: 59, 56513336.00, 56513338.00, 7510.87, 5660.50, 6.59%
- Epoch 060, ExpID 12284
Train - Loss: 16674084.80
Val - Loss, MSE, RMSE, MAE, MAPE: 20421184.00, 20421184.50, 4455.30, 3483.87, 4.44%
Test - Best epoch, Loss, MSE, RMSE, MAE, MAPE: 59, 56513336.00, 56513338.00, 7510.87, 5660.50, 6.59%
- Epoch 061, ExpID 12284
Train - Loss: 16500919.05
Val - Loss, MSE, RMSE, MAE, MAPE: 21070852.00, 21070851.00, 4526.33, 3550.37, 4.55%
Test - Best epoch, Loss, MSE, RMSE, MAE, MAPE: 59, 56513336.00, 56513338.00, 7510.87, 5660.50, 6.59%
- Epoch 062, ExpID 12284
Train - Loss: 16364985.20
Val - Loss, MSE, RMSE, MAE, MAPE: 20682724.00, 20682724.50, 4485.41, 3516.32, 4.49%
Test - Best epoch, Loss, MSE, RMSE, MAE, MAPE: 59, 56513336.00, 56513338.00, 7510.87, 5660.50, 6.59%
- Epoch 063, ExpID 12284
Train - Loss: 16109636.05
Val - Loss, MSE, RMSE, MAE, MAPE: 20984692.00, 20984693.00, 4508.43, 3541.44, 4.52%
Test - Best epoch, Loss, MSE, RMSE, MAE, MAPE: 59, 56513336.00, 56513338.00, 7510.87, 5660.50, 6.59%
- Epoch 064, ExpID 12284
Train - Loss: 16212302.00
Val - Loss, MSE, RMSE, MAE, MAPE: 19961764.00, 19961763.50, 4408.89, 3472.80, 4.45%
Test - Best epoch, Loss, MSE, RMSE, MAE, MAPE: 64, 54454240.00, 54454240.00, 7370.91, 5566.67, 6.49%
- Epoch 065, ExpID 12284
Train - Loss: 16126753.55
Val - Loss, MSE, RMSE, MAE, MAPE: 19852642.00, 19852641.50, 4405.32, 3470.61, 4.46%
Test - Best epoch, Loss, MSE, RMSE, MAE, MAPE: 65, 53761312.00, 53761312.00, 7326.81, 5540.68, 6.48%
- Epoch 066, ExpID 12284
Train - Loss: 15893253.55
Val - Loss, MSE, RMSE, MAE, MAPE: 20656902.00, 20656901.50, 4472.68, 3499.38, 4.46%
Test - Best epoch, Loss, MSE, RMSE, MAE, MAPE: 65, 53761312.00, 53761312.00, 7326.81, 5540.68, 6.48%
- Epoch 067, ExpID 12284
Train - Loss: 15964639.25
Val - Loss, MSE, RMSE, MAE, MAPE: 19437312.00, 19437312.50, 4349.20, 3400.35, 4.34%
Test - Best epoch, Loss, MSE, RMSE, MAE, MAPE: 67, 54138248.00, 54138248.00, 7356.57, 5587.89, 6.52%
- Epoch 068, ExpID 12284
Train - Loss: 15729339.55
Val - Loss, MSE, RMSE, MAE, MAPE: 19666006.00, 19666006.50, 4369.37, 3411.29, 4.34%
Test - Best epoch, Loss, MSE, RMSE, MAE, MAPE: 67, 54138248.00, 54138248.00, 7356.57, 5587.89, 6.52%
- Epoch 069, ExpID 12284
Train - Loss: 15752821.20
Val - Loss, MSE, RMSE, MAE, MAPE: 19705506.00, 19705506.00, 4387.87, 3428.70, 4.36%
Test - Best epoch, Loss, MSE, RMSE, MAE, MAPE: 67, 54138248.00, 54138248.00, 7356.57, 5587.89, 6.52%
- Epoch 070, ExpID 12284
Train - Loss: 15798163.80
Val - Loss, MSE, RMSE, MAE, MAPE: 20064928.00, 20064928.50, 4416.39, 3454.25, 4.41%
Test - Best epoch, Loss, MSE, RMSE, MAE, MAPE: 67, 54138248.00, 54138248.00, 7356.57, 5587.89, 6.52%
- Epoch 071, ExpID 12284
Train - Loss: 15742501.10
Val - Loss, MSE, RMSE, MAE, MAPE: 19481826.00, 19481826.50, 4348.11, 3395.90, 4.32%
Test - Best epoch, Loss, MSE, RMSE, MAE, MAPE: 67, 54138248.00, 54138248.00, 7356.57, 5587.89, 6.52%
- Epoch 072, ExpID 12284
Train - Loss: 15441956.45
Val - Loss, MSE, RMSE, MAE, MAPE: 20117604.00, 20117604.50, 4427.66, 3460.36, 4.42%
Test - Best epoch, Loss, MSE, RMSE, MAE, MAPE: 67, 54138248.00, 54138248.00, 7356.57, 5587.89, 6.52%
- Epoch 073, ExpID 12284
Train - Loss: 15381187.60
Val - Loss, MSE, RMSE, MAE, MAPE: 19364388.00, 19364387.50, 4341.32, 3396.78, 4.34%
Test - Best epoch, Loss, MSE, RMSE, MAE, MAPE: 73, 52716892.00, 52716892.00, 7257.79, 5491.56, 6.41%
- Epoch 074, ExpID 12284
Train - Loss: 15399164.85
Val - Loss, MSE, RMSE, MAE, MAPE: 19595480.00, 19595479.00, 4363.71, 3415.53, 4.37%
Test - Best epoch, Loss, MSE, RMSE, MAE, MAPE: 73, 52716892.00, 52716892.00, 7257.79, 5491.56, 6.41%
- Epoch 075, ExpID 12284
Train - Loss: 15325693.60
Val - Loss, MSE, RMSE, MAE, MAPE: 19816688.00, 19816687.00, 4405.70, 3455.82, 4.45%
Test - Best epoch, Loss, MSE, RMSE, MAE, MAPE: 73, 52716892.00, 52716892.00, 7257.79, 5491.56, 6.41%
- Epoch 076, ExpID 12284
Train - Loss: 15149748.70
Val - Loss, MSE, RMSE, MAE, MAPE: 19525550.00, 19525550.00, 4361.69, 3399.97, 4.35%
Test - Best epoch, Loss, MSE, RMSE, MAE, MAPE: 73, 52716892.00, 52716892.00, 7257.79, 5491.56, 6.41%
- Epoch 077, ExpID 12284
Train - Loss: 15069187.85
Val - Loss, MSE, RMSE, MAE, MAPE: 19498248.00, 19498247.50, 4356.96, 3386.34, 4.33%
Test - Best epoch, Loss, MSE, RMSE, MAE, MAPE: 73, 52716892.00, 52716892.00, 7257.79, 5491.56, 6.41%
- Epoch 078, ExpID 12284
Train - Loss: 14985036.45
Val - Loss, MSE, RMSE, MAE, MAPE: 18994664.00, 18994664.00, 4294.31, 3351.44, 4.27%
Test - Best epoch, Loss, MSE, RMSE, MAE, MAPE: 78, 53212680.00, 53212678.00, 7289.89, 5515.84, 6.43%
- Epoch 079, ExpID 12284
Train - Loss: 14980611.70
Val - Loss, MSE, RMSE, MAE, MAPE: 19842792.00, 19842793.00, 4390.47, 3437.00, 4.38%
Test - Best epoch, Loss, MSE, RMSE, MAE, MAPE: 78, 53212680.00, 53212678.00, 7289.89, 5515.84, 6.43%
- Epoch 080, ExpID 12284
Train - Loss: 14829326.90
Val - Loss, MSE, RMSE, MAE, MAPE: 19051960.00, 19051961.00, 4304.18, 3362.58, 4.29%
Test - Best epoch, Loss, MSE, RMSE, MAE, MAPE: 78, 53212680.00, 53212678.00, 7289.89, 5515.84, 6.43%
- Epoch 081, ExpID 12284
Train - Loss: 14792376.00
Val - Loss, MSE, RMSE, MAE, MAPE: 19761242.00, 19761242.50, 4380.73, 3422.23, 4.37%
Test - Best epoch, Loss, MSE, RMSE, MAE, MAPE: 78, 53212680.00, 53212678.00, 7289.89, 5515.84, 6.43%
- Epoch 082, ExpID 12284
Train - Loss: 14683333.45
Val - Loss, MSE, RMSE, MAE, MAPE: 19223856.00, 19223856.50, 4329.39, 3372.68, 4.32%
Test - Best epoch, Loss, MSE, RMSE, MAE, MAPE: 78, 53212680.00, 53212678.00, 7289.89, 5515.84, 6.43%
- Epoch 083, ExpID 12284
Train - Loss: 14748258.00
Val - Loss, MSE, RMSE, MAE, MAPE: 19337850.00, 19337850.00, 4345.05, 3389.64, 4.35%
Test - Best epoch, Loss, MSE, RMSE, MAE, MAPE: 78, 53212680.00, 53212678.00, 7289.89, 5515.84, 6.43%
- Epoch 084, ExpID 12284
Train - Loss: 14684465.35
Val - Loss, MSE, RMSE, MAE, MAPE: 18912404.00, 18912403.50, 4284.22, 3344.82, 4.27%
Test - Best epoch, Loss, MSE, RMSE, MAE, MAPE: 84, 51967600.00, 51967600.00, 7203.78, 5414.40, 6.32%
- Epoch 085, ExpID 12284
Train - Loss: 14606722.45
Val - Loss, MSE, RMSE, MAE, MAPE: 18618502.00, 18618501.50, 4257.10, 3313.28, 4.24%
Test - Best epoch, Loss, MSE, RMSE, MAE, MAPE: 85, 50581444.00, 50581444.00, 7111.64, 5328.35, 6.21%
- Epoch 086, ExpID 12284
Train - Loss: 14420078.35
Val - Loss, MSE, RMSE, MAE, MAPE: 19264300.00, 19264299.50, 4328.74, 3374.29, 4.31%
Test - Best epoch, Loss, MSE, RMSE, MAE, MAPE: 85, 50581444.00, 50581444.00, 7111.64, 5328.35, 6.21%
- Epoch 087, ExpID 12284
Train - Loss: 14416836.85
Val - Loss, MSE, RMSE, MAE, MAPE: 18709976.00, 18709976.50, 4264.22, 3317.01, 4.24%
Test - Best epoch, Loss, MSE, RMSE, MAE, MAPE: 85, 50581444.00, 50581444.00, 7111.64, 5328.35, 6.21%
- Epoch 088, ExpID 12284
Train - Loss: 14372041.50
Val - Loss, MSE, RMSE, MAE, MAPE: 18975254.00, 18975253.50, 4292.49, 3339.05, 4.24%
Test - Best epoch, Loss, MSE, RMSE, MAE, MAPE: 85, 50581444.00, 50581444.00, 7111.64, 5328.35, 6.21%
- Epoch 089, ExpID 12284
Train - Loss: 14186163.25
Val - Loss, MSE, RMSE, MAE, MAPE: 19320766.00, 19320766.00, 4337.58, 3380.13, 4.32%
Test - Best epoch, Loss, MSE, RMSE, MAE, MAPE: 85, 50581444.00, 50581444.00, 7111.64, 5328.35, 6.21%
- Epoch 090, ExpID 12284
Train - Loss: 14368445.30
Val - Loss, MSE, RMSE, MAE, MAPE: 19055258.00, 19055258.00, 4300.41, 3342.68, 4.28%
Test - Best epoch, Loss, MSE, RMSE, MAE, MAPE: 85, 50581444.00, 50581444.00, 7111.64, 5328.35, 6.21%
- Epoch 091, ExpID 12284
Train - Loss: 14153058.40
Val - Loss, MSE, RMSE, MAE, MAPE: 18609208.00, 18609207.00, 4256.16, 3317.51, 4.25%
Test - Best epoch, Loss, MSE, RMSE, MAE, MAPE: 91, 53278804.00, 53278804.00, 7290.96, 5469.96, 6.41%
- Epoch 092, ExpID 12284
Train - Loss: 14055124.95
Val - Loss, MSE, RMSE, MAE, MAPE: 18413854.00, 18413854.50, 4234.99, 3297.87, 4.22%
Test - Best epoch, Loss, MSE, RMSE, MAE, MAPE: 92, 51190136.00, 51190136.00, 7153.55, 5412.07, 6.31%
- Epoch 093, ExpID 12284
Train - Loss: 14127539.45
Val - Loss, MSE, RMSE, MAE, MAPE: 18594022.00, 18594022.50, 4250.43, 3312.05, 4.23%
Test - Best epoch, Loss, MSE, RMSE, MAE, MAPE: 92, 51190136.00, 51190136.00, 7153.55, 5412.07, 6.31%
- Epoch 094, ExpID 12284
Train - Loss: 14008602.00
Val - Loss, MSE, RMSE, MAE, MAPE: 18825592.00, 18825592.50, 4269.81, 3311.61, 4.22%
Test - Best epoch, Loss, MSE, RMSE, MAE, MAPE: 92, 51190136.00, 51190136.00, 7153.55, 5412.07, 6.31%
- Epoch 095, ExpID 12284
Train - Loss: 13987662.15
Val - Loss, MSE, RMSE, MAE, MAPE: 18670352.00, 18670353.00, 4257.72, 3317.43, 4.25%
Test - Best epoch, Loss, MSE, RMSE, MAE, MAPE: 92, 51190136.00, 51190136.00, 7153.55, 5412.07, 6.31%
- Epoch 096, ExpID 12284
Train - Loss: 13916759.70
Val - Loss, MSE, RMSE, MAE, MAPE: 19152480.00, 19152479.00, 4318.22, 3358.72, 4.31%
Test - Best epoch, Loss, MSE, RMSE, MAE, MAPE: 92, 51190136.00, 51190136.00, 7153.55, 5412.07, 6.31%
- Epoch 097, ExpID 12284
Train - Loss: 13958585.60
Val - Loss, MSE, RMSE, MAE, MAPE: 19335224.00, 19335223.00, 4344.15, 3374.25, 4.34%
Test - Best epoch, Loss, MSE, RMSE, MAE, MAPE: 92, 51190136.00, 51190136.00, 7153.55, 5412.07, 6.31%
- Epoch 098, ExpID 12284
Train - Loss: 13762509.25
Val - Loss, MSE, RMSE, MAE, MAPE: 18765794.00, 18765793.50, 4261.17, 3313.57, 4.23%
Test - Best epoch, Loss, MSE, RMSE, MAE, MAPE: 92, 51190136.00, 51190136.00, 7153.55, 5412.07, 6.31%
- Epoch 099, ExpID 12284
Train - Loss: 13716847.20
Val - Loss, MSE, RMSE, MAE, MAPE: 18302186.00, 18302185.50, 4220.80, 3281.83, 4.19%
Test - Best epoch, Loss, MSE, RMSE, MAE, MAPE: 99, 51700744.00, 51700742.00, 7189.08, 5417.15, 6.33%
- Epoch 100, ExpID 12284
Train - Loss: 13734132.55
Val - Loss, MSE, RMSE, MAE, MAPE: 18669382.00, 18669382.50, 4257.36, 3321.10, 4.26%
Test - Best epoch, Loss, MSE, RMSE, MAE, MAPE: 99, 51700744.00, 51700742.00, 7189.08, 5417.15, 6.33%
- Epoch 101, ExpID 12284
Train - Loss: 13722953.60
Val - Loss, MSE, RMSE, MAE, MAPE: 18500884.00, 18500883.50, 4240.45, 3292.94, 4.22%
Test - Best epoch, Loss, MSE, RMSE, MAE, MAPE: 99, 51700744.00, 51700742.00, 7189.08, 5417.15, 6.33%
- Epoch 102, ExpID 12284
Train - Loss: 13631788.60
Val - Loss, MSE, RMSE, MAE, MAPE: 18115298.00, 18115298.50, 4192.80, 3264.32, 4.16%
Test - Best epoch, Loss, MSE, RMSE, MAE, MAPE: 102, 52930768.00, 52930766.00, 7274.71, 5515.56, 6.43%
- Epoch 103, ExpID 12284
Train - Loss: 13604803.75
Val - Loss, MSE, RMSE, MAE, MAPE: 18401636.00, 18401635.50, 4222.93, 3288.72, 4.21%
Test - Best epoch, Loss, MSE, RMSE, MAE, MAPE: 102, 52930768.00, 52930766.00, 7274.71, 5515.56, 6.43%
- Epoch 104, ExpID 12284
Train - Loss: 13470920.50
Val - Loss, MSE, RMSE, MAE, MAPE: 18269482.00, 18269482.00, 4211.97, 3270.70, 4.18%
Test - Best epoch, Loss, MSE, RMSE, MAE, MAPE: 102, 52930768.00, 52930766.00, 7274.71, 5515.56, 6.43%
- Epoch 105, ExpID 12284
Train - Loss: 13492481.00
Val - Loss, MSE, RMSE, MAE, MAPE: 18880824.00, 18880825.00, 4287.91, 3353.73, 4.31%
Test - Best epoch, Loss, MSE, RMSE, MAE, MAPE: 102, 52930768.00, 52930766.00, 7274.71, 5515.56, 6.43%
- Epoch 106, ExpID 12284
Train - Loss: 13438557.35
Val - Loss, MSE, RMSE, MAE, MAPE: 18270500.00, 18270499.00, 4214.95, 3283.00, 4.21%
Test - Best epoch, Loss, MSE, RMSE, MAE, MAPE: 102, 52930768.00, 52930766.00, 7274.71, 5515.56, 6.43%
- Epoch 107, ExpID 12284
Train - Loss: 13480809.15
Val - Loss, MSE, RMSE, MAE, MAPE: 18122746.00, 18122746.50, 4199.72, 3267.56, 4.19%
Test - Best epoch, Loss, MSE, RMSE, MAE, MAPE: 102, 52930768.00, 52930766.00, 7274.71, 5515.56, 6.43%
- Epoch 108, ExpID 12284
Train - Loss: 13354055.80
Val - Loss, MSE, RMSE, MAE, MAPE: 18315622.00, 18315622.00, 4220.31, 3283.71, 4.19%
Test - Best epoch, Loss, MSE, RMSE, MAE, MAPE: 102, 52930768.00, 52930766.00, 7274.71, 5515.56, 6.43%
- Epoch 109, ExpID 12284
Train - Loss: 13245263.90
Val - Loss, MSE, RMSE, MAE, MAPE: 18298028.00, 18298027.50, 4220.95, 3284.81, 4.21%
Test - Best epoch, Loss, MSE, RMSE, MAE, MAPE: 102, 52930768.00, 52930766.00, 7274.71, 5515.56, 6.43%
- Epoch 110, ExpID 12284
Train - Loss: 13270226.35
Val - Loss, MSE, RMSE, MAE, MAPE: 17902322.00, 17902321.50, 4171.72, 3243.14, 4.15%
Test - Best epoch, Loss, MSE, RMSE, MAE, MAPE: 110, 52235800.00, 52235800.00, 7224.87, 5415.03, 6.33%
- Epoch 111, ExpID 12284
Train - Loss: 13204589.15
Val - Loss, MSE, RMSE, MAE, MAPE: 18342174.00, 18342174.50, 4215.54, 3263.01, 4.16%
Test - Best epoch, Loss, MSE, RMSE, MAE, MAPE: 110, 52235800.00, 52235800.00, 7224.87, 5415.03, 6.33%
- Epoch 112, ExpID 12284
Train - Loss: 13306928.45
Val - Loss, MSE, RMSE, MAE, MAPE: 18438368.00, 18438367.50, 4241.84, 3315.30, 4.26%
Test - Best epoch, Loss, MSE, RMSE, MAE, MAPE: 110, 52235800.00, 52235800.00, 7224.87, 5415.03, 6.33%
- Epoch 113, ExpID 12284
Train - Loss: 13089861.85
Val - Loss, MSE, RMSE, MAE, MAPE: 17990866.00, 17990866.00, 4179.07, 3243.22, 4.15%
Test - Best epoch, Loss, MSE, RMSE, MAE, MAPE: 110, 52235800.00, 52235800.00, 7224.87, 5415.03, 6.33%
- Epoch 114, ExpID 12284
Train - Loss: 13205577.00
Val - Loss, MSE, RMSE, MAE, MAPE: 18418532.00, 18418532.50, 4228.56, 3281.66, 4.19%
Test - Best epoch, Loss, MSE, RMSE, MAE, MAPE: 110, 52235800.00, 52235800.00, 7224.87, 5415.03, 6.33%
- Epoch 115, ExpID 12284
Train - Loss: 12983607.40
Val - Loss, MSE, RMSE, MAE, MAPE: 17973890.00, 17973890.00, 4173.40, 3230.99, 4.12%
Test - Best epoch, Loss, MSE, RMSE, MAE, MAPE: 110, 52235800.00, 52235800.00, 7224.87, 5415.03, 6.33%
- Epoch 116, ExpID 12284
Train - Loss: 13042152.70
Val - Loss, MSE, RMSE, MAE, MAPE: 17819678.00, 17819678.50, 4155.38, 3220.72, 4.12%
Test - Best epoch, Loss, MSE, RMSE, MAE, MAPE: 116, 50931648.00, 50931650.00, 7136.14, 5365.05, 6.27%
- Epoch 117, ExpID 12284
Train - Loss: 12905904.65
Val - Loss, MSE, RMSE, MAE, MAPE: 18349828.00, 18349828.50, 4221.75, 3284.13, 4.22%
Test - Best epoch, Loss, MSE, RMSE, MAE, MAPE: 116, 50931648.00, 50931650.00, 7136.14, 5365.05, 6.27%
- Epoch 118, ExpID 12284
Train - Loss: 12958030.90
Val - Loss, MSE, RMSE, MAE, MAPE: 18072454.00, 18072453.50, 4196.15, 3263.02, 4.17%
Test - Best epoch, Loss, MSE, RMSE, MAE, MAPE: 116, 50931648.00, 50931650.00, 7136.14, 5365.05, 6.27%
- Epoch 119, ExpID 12284
Train - Loss: 12970719.85
Val - Loss, MSE, RMSE, MAE, MAPE: 17754416.00, 17754416.00, 4154.02, 3227.00, 4.13%
Test - Best epoch, Loss, MSE, RMSE, MAE, MAPE: 119, 51029684.00, 51029684.00, 7141.29, 5392.22, 6.30%
- Epoch 120, ExpID 12284
Train - Loss: 12938908.55
Val - Loss, MSE, RMSE, MAE, MAPE: 17942878.00, 17942878.50, 4174.03, 3240.57, 4.14%
Test - Best epoch, Loss, MSE, RMSE, MAE, MAPE: 119, 51029684.00, 51029684.00, 7141.29, 5392.22, 6.30%
- Epoch 121, ExpID 12284
Train - Loss: 12994053.70
Val - Loss, MSE, RMSE, MAE, MAPE: 18194734.00, 18194733.50, 4200.76, 3250.29, 4.15%
Test - Best epoch, Loss, MSE, RMSE, MAE, MAPE: 119, 51029684.00, 51029684.00, 7141.29, 5392.22, 6.30%
- Epoch 122, ExpID 12284
Train - Loss: 12867227.50
Val - Loss, MSE, RMSE, MAE, MAPE: 18146274.00, 18146273.50, 4206.15, 3268.25, 4.20%
Test - Best epoch, Loss, MSE, RMSE, MAE, MAPE: 119, 51029684.00, 51029684.00, 7141.29, 5392.22, 6.30%
- Epoch 123, ExpID 12284
Train - Loss: 12718841.90
Val - Loss, MSE, RMSE, MAE, MAPE: 18057488.00, 18057487.00, 4179.84, 3241.92, 4.15%
Test - Best epoch, Loss, MSE, RMSE, MAE, MAPE: 119, 51029684.00, 51029684.00, 7141.29, 5392.22, 6.30%
- Epoch 124, ExpID 12284
Train - Loss: 12757795.80
Val - Loss, MSE, RMSE, MAE, MAPE: 17920674.00, 17920674.00, 4165.83, 3226.86, 4.13%
Test - Best epoch, Loss, MSE, RMSE, MAE, MAPE: 119, 51029684.00, 51029684.00, 7141.29, 5392.22, 6.30%
- Epoch 125, ExpID 12284
Train - Loss: 12586247.50
Val - Loss, MSE, RMSE, MAE, MAPE: 17629520.00, 17629519.00, 4136.25, 3214.63, 4.12%
Test - Best epoch, Loss, MSE, RMSE, MAE, MAPE: 125, 49741328.00, 49741330.00, 7049.24, 5290.52, 6.19%
- Epoch 126, ExpID 12284
Train - Loss: 12658748.40
Val - Loss, MSE, RMSE, MAE, MAPE: 17520894.00, 17520894.50, 4123.50, 3196.74, 4.10%
Test - Best epoch, Loss, MSE, RMSE, MAE, MAPE: 126, 50756300.00, 50756300.00, 7121.08, 5366.27, 6.29%
- Epoch 127, ExpID 12284
Train - Loss: 12565967.65
Val - Loss, MSE, RMSE, MAE, MAPE: 18054730.00, 18054729.50, 4178.12, 3234.49, 4.13%
Test - Best epoch, Loss, MSE, RMSE, MAE, MAPE: 126, 50756300.00, 50756300.00, 7121.08, 5366.27, 6.29%
- Epoch 128, ExpID 12284
Train - Loss: 12745438.25
Val - Loss, MSE, RMSE, MAE, MAPE: 17560710.00, 17560710.00, 4127.97, 3204.10, 4.09%
Test - Best epoch, Loss, MSE, RMSE, MAE, MAPE: 126, 50756300.00, 50756300.00, 7121.08, 5366.27, 6.29%
- Epoch 129, ExpID 12284
Train - Loss: 12447449.25
Val - Loss, MSE, RMSE, MAE, MAPE: 17708294.00, 17708294.50, 4142.50, 3215.83, 4.12%
Test - Best epoch, Loss, MSE, RMSE, MAE, MAPE: 126, 50756300.00, 50756300.00, 7121.08, 5366.27, 6.29%
- Epoch 130, ExpID 12284
Train - Loss: 12570647.45
Val - Loss, MSE, RMSE, MAE, MAPE: 17313704.00, 17313703.00, 4098.94, 3182.57, 4.07%
Test - Best epoch, Loss, MSE, RMSE, MAE, MAPE: 130, 50335080.00, 50335080.00, 7093.97, 5320.34, 6.22%
- Epoch 131, ExpID 12284
Train - Loss: 12465711.55
Val - Loss, MSE, RMSE, MAE, MAPE: 17421092.00, 17421092.50, 4109.14, 3193.84, 4.08%
Test - Best epoch, Loss, MSE, RMSE, MAE, MAPE: 130, 50335080.00, 50335080.00, 7093.97, 5320.34, 6.22%
- Epoch 132, ExpID 12284
Train - Loss: 12512602.75
Val - Loss, MSE, RMSE, MAE, MAPE: 18112228.00, 18112229.00, 4195.01, 3251.06, 4.16%
Test - Best epoch, Loss, MSE, RMSE, MAE, MAPE: 130, 50335080.00, 50335080.00, 7093.97, 5320.34, 6.22%
- Epoch 133, ExpID 12284
Train - Loss: 12464125.25
Val - Loss, MSE, RMSE, MAE, MAPE: 17921528.00, 17921528.50, 4168.04, 3215.63, 4.12%
Test - Best epoch, Loss, MSE, RMSE, MAE, MAPE: 130, 50335080.00, 50335080.00, 7093.97, 5320.34, 6.22%
- Epoch 134, ExpID 12284
Train - Loss: 12518629.30
Val - Loss, MSE, RMSE, MAE, MAPE: 17686072.00, 17686071.50, 4146.68, 3224.42, 4.14%
Test - Best epoch, Loss, MSE, RMSE, MAE, MAPE: 130, 50335080.00, 50335080.00, 7093.97, 5320.34, 6.22%
- Epoch 135, ExpID 12284
Train - Loss: 12375196.20
Val - Loss, MSE, RMSE, MAE, MAPE: 18118456.00, 18118455.50, 4188.13, 3237.18, 4.14%
Test - Best epoch, Loss, MSE, RMSE, MAE, MAPE: 130, 50335080.00, 50335080.00, 7093.97, 5320.34, 6.22%
- Epoch 136, ExpID 12284
Train - Loss: 12307184.65
Val - Loss, MSE, RMSE, MAE, MAPE: 17702764.00, 17702763.00, 4148.80, 3226.24, 4.12%
Test - Best epoch, Loss, MSE, RMSE, MAE, MAPE: 130, 50335080.00, 50335080.00, 7093.97, 5320.34, 6.22%
- Epoch 137, ExpID 12284
Train - Loss: 12217803.80
Val - Loss, MSE, RMSE, MAE, MAPE: 18048106.00, 18048106.00, 4184.59, 3245.91, 4.15%
Test - Best epoch, Loss, MSE, RMSE, MAE, MAPE: 130, 50335080.00, 50335080.00, 7093.97, 5320.34, 6.22%
- Epoch 138, ExpID 12284
Train - Loss: 12252008.05
Val - Loss, MSE, RMSE, MAE, MAPE: 17638464.00, 17638464.00, 4142.89, 3208.24, 4.10%
Test - Best epoch, Loss, MSE, RMSE, MAE, MAPE: 130, 50335080.00, 50335080.00, 7093.97, 5320.34, 6.22%
- Epoch 139, ExpID 12284
Train - Loss: 12408173.55
Val - Loss, MSE, RMSE, MAE, MAPE: 17701784.00, 17701783.50, 4138.45, 3204.51, 4.10%
Test - Best epoch, Loss, MSE, RMSE, MAE, MAPE: 130, 50335080.00, 50335080.00, 7093.97, 5320.34, 6.22%
- Epoch 140, ExpID 12284
Train - Loss: 12161327.10
Val - Loss, MSE, RMSE, MAE, MAPE: 17275794.00, 17275794.50, 4100.52, 3182.57, 4.08%
Test - Best epoch, Loss, MSE, RMSE, MAE, MAPE: 140, 49075032.00, 49075030.00, 7002.72, 5214.90, 6.10%
- Epoch 141, ExpID 12284
Train - Loss: 12146121.20
Val - Loss, MSE, RMSE, MAE, MAPE: 17283830.00, 17283830.00, 4092.19, 3179.65, 4.07%
Test - Best epoch, Loss, MSE, RMSE, MAE, MAPE: 140, 49075032.00, 49075030.00, 7002.72, 5214.90, 6.10%
- Epoch 142, ExpID 12284
Train - Loss: 12250879.20
Val - Loss, MSE, RMSE, MAE, MAPE: 17111398.00, 17111398.50, 4072.71, 3162.64, 4.03%
Test - Best epoch, Loss, MSE, RMSE, MAE, MAPE: 142, 50625120.00, 50625118.00, 7111.51, 5354.80, 6.26%
- Epoch 143, ExpID 12284
Train - Loss: 12202873.25
Val - Loss, MSE, RMSE, MAE, MAPE: 17368804.00, 17368803.00, 4106.67, 3202.05, 4.11%
Test - Best epoch, Loss, MSE, RMSE, MAE, MAPE: 142, 50625120.00, 50625118.00, 7111.51, 5354.80, 6.26%
- Epoch 144, ExpID 12284
Train - Loss: 12112054.80
Val - Loss, MSE, RMSE, MAE, MAPE: 17671268.00, 17671267.50, 4136.24, 3206.01, 4.09%
Test - Best epoch, Loss, MSE, RMSE, MAE, MAPE: 142, 50625120.00, 50625118.00, 7111.51, 5354.80, 6.26%
- Epoch 145, ExpID 12284
Train - Loss: 12003353.50
Val - Loss, MSE, RMSE, MAE, MAPE: 17665268.00, 17665269.00, 4141.58, 3222.61, 4.14%
Test - Best epoch, Loss, MSE, RMSE, MAE, MAPE: 142, 50625120.00, 50625118.00, 7111.51, 5354.80, 6.26%
- Epoch 146, ExpID 12284
Train - Loss: 12032651.00
Val - Loss, MSE, RMSE, MAE, MAPE: 17700552.00, 17700551.00, 4141.22, 3213.40, 4.11%
Test - Best epoch, Loss, MSE, RMSE, MAE, MAPE: 142, 50625120.00, 50625118.00, 7111.51, 5354.80, 6.26%
- Epoch 147, ExpID 12284
Train - Loss: 12141498.75
Val - Loss, MSE, RMSE, MAE, MAPE: 18027082.00, 18027082.50, 4179.64, 3245.45, 4.15%
Test - Best epoch, Loss, MSE, RMSE, MAE, MAPE: 142, 50625120.00, 50625118.00, 7111.51, 5354.80, 6.26%
- Epoch 148, ExpID 12284
Train - Loss: 11892667.30
Val - Loss, MSE, RMSE, MAE, MAPE: 17879702.00, 17879702.50, 4171.99, 3247.73, 4.17%
Test - Best epoch, Loss, MSE, RMSE, MAE, MAPE: 142, 50625120.00, 50625118.00, 7111.51, 5354.80, 6.26%
- Epoch 149, ExpID 12284
Train - Loss: 11958292.85
Val - Loss, MSE, RMSE, MAE, MAPE: 17801586.00, 17801586.00, 4155.47, 3227.38, 4.14%
Test - Best epoch, Loss, MSE, RMSE, MAE, MAPE: 142, 50625120.00, 50625118.00, 7111.51, 5354.80, 6.26%
- Epoch 150, ExpID 12284
Train - Loss: 12057727.15
Val - Loss, MSE, RMSE, MAE, MAPE: 17544778.00, 17544778.50, 4122.97, 3215.50, 4.11%
Test - Best epoch, Loss, MSE, RMSE, MAE, MAPE: 142, 50625120.00, 50625118.00, 7111.51, 5354.80, 6.26%
- Epoch 151, ExpID 12284
Train - Loss: 11864622.65
Val - Loss, MSE, RMSE, MAE, MAPE: 17482818.00, 17482817.50, 4113.60, 3196.87, 4.08%
Test - Best epoch, Loss, MSE, RMSE, MAE, MAPE: 142, 50625120.00, 50625118.00, 7111.51, 5354.80, 6.26%
- Epoch 152, ExpID 12284
Train - Loss: 11847435.80
Val - Loss, MSE, RMSE, MAE, MAPE: 17526076.00, 17526076.50, 4125.18, 3201.49, 4.09%
Test - Best epoch, Loss, MSE, RMSE, MAE, MAPE: 142, 50625120.00, 50625118.00, 7111.51, 5354.80, 6.26%
Early Stopping at Epoch 152
Fold 2017 Best RMSE: 7111.5120

-------------------- [Fold: 2018] ExpID: 71153 --------------------
- Epoch 000, ExpID 71153
Train - Loss: 46210116.57
Val - Loss, MSE, RMSE, MAE, MAPE: 83750984.00, 83750984.00, 9132.65, 6984.70, 8.09%
Test - Best epoch, Loss, MSE, RMSE, MAE, MAPE: 0, 54301720.00, 54301718.00, 7331.19, 5749.52, 6.26%
- Epoch 001, ExpID 71153
Train - Loss: 38276807.14
Val - Loss, MSE, RMSE, MAE, MAPE: 90873040.00, 90873036.00, 9522.23, 7274.30, 8.29%
Test - Best epoch, Loss, MSE, RMSE, MAE, MAPE: 0, 54301720.00, 54301718.00, 7331.19, 5749.52, 6.26%
- Epoch 002, ExpID 71153
Train - Loss: 35557043.24
Val - Loss, MSE, RMSE, MAE, MAPE: 90486400.00, 90486400.00, 9489.75, 7357.29, 8.44%
Test - Best epoch, Loss, MSE, RMSE, MAE, MAPE: 0, 54301720.00, 54301718.00, 7331.19, 5749.52, 6.26%
- Epoch 003, ExpID 71153
Train - Loss: 34313614.76
Val - Loss, MSE, RMSE, MAE, MAPE: 91072392.00, 91072392.00, 9502.08, 7424.98, 8.55%
Test - Best epoch, Loss, MSE, RMSE, MAE, MAPE: 0, 54301720.00, 54301718.00, 7331.19, 5749.52, 6.26%
- Epoch 004, ExpID 71153
Train - Loss: 33548605.90
Val - Loss, MSE, RMSE, MAE, MAPE: 87365968.00, 87365968.00, 9323.78, 7246.32, 8.32%
Test - Best epoch, Loss, MSE, RMSE, MAE, MAPE: 0, 54301720.00, 54301718.00, 7331.19, 5749.52, 6.26%
- Epoch 005, ExpID 71153
Train - Loss: 32700048.76
Val - Loss, MSE, RMSE, MAE, MAPE: 83564208.00, 83564208.00, 9123.54, 7105.87, 8.17%
Test - Best epoch, Loss, MSE, RMSE, MAE, MAPE: 5, 45675808.00, 45675808.00, 6720.21, 5268.24, 5.71%
- Epoch 006, ExpID 71153
Train - Loss: 32070003.52
Val - Loss, MSE, RMSE, MAE, MAPE: 84252192.00, 84252192.00, 9168.96, 7146.29, 8.20%
Test - Best epoch, Loss, MSE, RMSE, MAE, MAPE: 5, 45675808.00, 45675808.00, 6720.21, 5268.24, 5.71%
- Epoch 007, ExpID 71153
Train - Loss: 31772783.24
Val - Loss, MSE, RMSE, MAE, MAPE: 80610960.00, 80610956.00, 8964.99, 6976.01, 8.01%
Test - Best epoch, Loss, MSE, RMSE, MAE, MAPE: 7, 44403928.00, 44403928.00, 6631.54, 5206.51, 5.62%
- Epoch 008, ExpID 71153
Train - Loss: 31088724.95
Val - Loss, MSE, RMSE, MAE, MAPE: 81285136.00, 81285132.00, 9006.05, 7030.61, 8.07%
Test - Best epoch, Loss, MSE, RMSE, MAE, MAPE: 7, 44403928.00, 44403928.00, 6631.54, 5206.51, 5.62%
- Epoch 009, ExpID 71153
Train - Loss: 30736068.48
Val - Loss, MSE, RMSE, MAE, MAPE: 79294848.00, 79294844.00, 8897.13, 6974.31, 8.02%
Test - Best epoch, Loss, MSE, RMSE, MAE, MAPE: 9, 43593056.00, 43593058.00, 6565.66, 5156.86, 5.55%
- Epoch 010, ExpID 71153
Train - Loss: 30201072.57
Val - Loss, MSE, RMSE, MAE, MAPE: 75936240.00, 75936236.00, 8714.09, 6821.43, 7.86%
Test - Best epoch, Loss, MSE, RMSE, MAE, MAPE: 10, 41997252.00, 41997251.00, 6424.59, 5018.02, 5.41%
- Epoch 011, ExpID 71153
Train - Loss: 29870866.38
Val - Loss, MSE, RMSE, MAE, MAPE: 77630944.00, 77630944.00, 8804.00, 6893.59, 7.91%
Test - Best epoch, Loss, MSE, RMSE, MAE, MAPE: 10, 41997252.00, 41997251.00, 6424.59, 5018.02, 5.41%
- Epoch 012, ExpID 71153
Train - Loss: 29586385.81
Val - Loss, MSE, RMSE, MAE, MAPE: 74267016.00, 74267016.00, 8615.17, 6784.65, 7.83%
Test - Best epoch, Loss, MSE, RMSE, MAE, MAPE: 12, 40739780.00, 40739780.00, 6331.04, 4972.09, 5.36%
- Epoch 013, ExpID 71153
Train - Loss: 29148598.48
Val - Loss, MSE, RMSE, MAE, MAPE: 75009064.00, 75009064.00, 8658.57, 6809.95, 7.82%
Test - Best epoch, Loss, MSE, RMSE, MAE, MAPE: 12, 40739780.00, 40739780.00, 6331.04, 4972.09, 5.36%
- Epoch 014, ExpID 71153
Train - Loss: 28579948.76
Val - Loss, MSE, RMSE, MAE, MAPE: 72448488.00, 72448488.00, 8511.67, 6728.89, 7.79%
Test - Best epoch, Loss, MSE, RMSE, MAE, MAPE: 14, 39601128.00, 39601130.00, 6227.73, 4872.20, 5.25%
- Epoch 015, ExpID 71153
Train - Loss: 28311509.05
Val - Loss, MSE, RMSE, MAE, MAPE: 74084224.00, 74084228.00, 8607.19, 6805.89, 7.84%
Test - Best epoch, Loss, MSE, RMSE, MAE, MAPE: 14, 39601128.00, 39601130.00, 6227.73, 4872.20, 5.25%
- Epoch 016, ExpID 71153
Train - Loss: 27920279.43
Val - Loss, MSE, RMSE, MAE, MAPE: 74411152.00, 74411148.00, 8625.39, 6838.04, 7.88%
Test - Best epoch, Loss, MSE, RMSE, MAE, MAPE: 14, 39601128.00, 39601130.00, 6227.73, 4872.20, 5.25%
- Epoch 017, ExpID 71153
Train - Loss: 27638833.90
Val - Loss, MSE, RMSE, MAE, MAPE: 67624240.00, 67624240.00, 8223.10, 6486.35, 7.49%
Test - Best epoch, Loss, MSE, RMSE, MAE, MAPE: 17, 37276068.00, 37276067.00, 6040.05, 4747.98, 5.11%
- Epoch 018, ExpID 71153
Train - Loss: 27296049.43
Val - Loss, MSE, RMSE, MAE, MAPE: 70786856.00, 70786856.00, 8412.48, 6646.17, 7.66%
Test - Best epoch, Loss, MSE, RMSE, MAE, MAPE: 17, 37276068.00, 37276067.00, 6040.05, 4747.98, 5.11%
- Epoch 019, ExpID 71153
Train - Loss: 26811160.86
Val - Loss, MSE, RMSE, MAE, MAPE: 67146984.00, 67146986.00, 8192.43, 6431.99, 7.43%
Test - Best epoch, Loss, MSE, RMSE, MAE, MAPE: 19, 37283984.00, 37283983.00, 6026.56, 4750.62, 5.11%
- Epoch 020, ExpID 71153
Train - Loss: 26471904.38
Val - Loss, MSE, RMSE, MAE, MAPE: 66365432.00, 66365432.00, 8146.50, 6364.77, 7.32%
Test - Best epoch, Loss, MSE, RMSE, MAE, MAPE: 20, 37392872.00, 37392872.00, 6052.73, 4780.53, 5.13%
- Epoch 021, ExpID 71153
Train - Loss: 26150016.19
Val - Loss, MSE, RMSE, MAE, MAPE: 65248528.00, 65248528.00, 8077.20, 6304.53, 7.29%
Test - Best epoch, Loss, MSE, RMSE, MAE, MAPE: 21, 36616096.00, 36616094.00, 5978.27, 4714.11, 5.08%
- Epoch 022, ExpID 71153
Train - Loss: 25690441.52
Val - Loss, MSE, RMSE, MAE, MAPE: 66986928.00, 66986928.00, 8183.61, 6346.06, 7.31%
Test - Best epoch, Loss, MSE, RMSE, MAE, MAPE: 21, 36616096.00, 36616094.00, 5978.27, 4714.11, 5.08%
- Epoch 023, ExpID 71153
Train - Loss: 25082797.24
Val - Loss, MSE, RMSE, MAE, MAPE: 64794088.00, 64794086.00, 8046.37, 6243.49, 7.22%
Test - Best epoch, Loss, MSE, RMSE, MAE, MAPE: 23, 36039236.00, 36039237.00, 5925.72, 4681.91, 5.04%
- Epoch 024, ExpID 71153
Train - Loss: 24839834.29
Val - Loss, MSE, RMSE, MAE, MAPE: 63145380.00, 63145380.00, 7939.47, 6127.68, 7.09%
Test - Best epoch, Loss, MSE, RMSE, MAE, MAPE: 24, 35472484.00, 35472483.00, 5866.16, 4640.66, 5.01%
- Epoch 025, ExpID 71153
Train - Loss: 24163352.95
Val - Loss, MSE, RMSE, MAE, MAPE: 65955752.00, 65955752.00, 8113.18, 6306.96, 7.30%
Test - Best epoch, Loss, MSE, RMSE, MAE, MAPE: 24, 35472484.00, 35472483.00, 5866.16, 4640.66, 5.01%
- Epoch 026, ExpID 71153
Train - Loss: 23996478.86
Val - Loss, MSE, RMSE, MAE, MAPE: 60516936.00, 60516936.00, 7773.12, 5992.08, 6.92%
Test - Best epoch, Loss, MSE, RMSE, MAE, MAPE: 26, 35330812.00, 35330813.00, 5856.68, 4628.70, 4.98%
- Epoch 027, ExpID 71153
Train - Loss: 23436396.38
Val - Loss, MSE, RMSE, MAE, MAPE: 60135384.00, 60135386.00, 7750.49, 5945.59, 6.87%
Test - Best epoch, Loss, MSE, RMSE, MAE, MAPE: 27, 34908460.00, 34908459.00, 5821.11, 4588.62, 4.95%
- Epoch 028, ExpID 71153
Train - Loss: 23047415.24
Val - Loss, MSE, RMSE, MAE, MAPE: 60643184.00, 60643182.00, 7775.42, 5913.05, 6.88%
Test - Best epoch, Loss, MSE, RMSE, MAE, MAPE: 27, 34908460.00, 34908459.00, 5821.11, 4588.62, 4.95%
- Epoch 029, ExpID 71153
Train - Loss: 22858048.86
Val - Loss, MSE, RMSE, MAE, MAPE: 62347184.00, 62347184.00, 7886.43, 6001.26, 6.96%
Test - Best epoch, Loss, MSE, RMSE, MAE, MAPE: 27, 34908460.00, 34908459.00, 5821.11, 4588.62, 4.95%
- Epoch 030, ExpID 71153
Train - Loss: 22502755.90
Val - Loss, MSE, RMSE, MAE, MAPE: 61417628.00, 61417628.00, 7822.81, 6012.83, 7.00%
Test - Best epoch, Loss, MSE, RMSE, MAE, MAPE: 27, 34908460.00, 34908459.00, 5821.11, 4588.62, 4.95%
- Epoch 031, ExpID 71153
Train - Loss: 22356334.29
Val - Loss, MSE, RMSE, MAE, MAPE: 60911112.00, 60911112.00, 7800.77, 5985.84, 6.93%
Test - Best epoch, Loss, MSE, RMSE, MAE, MAPE: 27, 34908460.00, 34908459.00, 5821.11, 4588.62, 4.95%
- Epoch 032, ExpID 71153
Train - Loss: 21924106.19
Val - Loss, MSE, RMSE, MAE, MAPE: 60409472.00, 60409474.00, 7766.02, 5963.95, 6.91%
Test - Best epoch, Loss, MSE, RMSE, MAE, MAPE: 27, 34908460.00, 34908459.00, 5821.11, 4588.62, 4.95%
- Epoch 033, ExpID 71153
Train - Loss: 21640371.52
Val - Loss, MSE, RMSE, MAE, MAPE: 59590464.00, 59590462.00, 7717.59, 5911.71, 6.84%
Test - Best epoch, Loss, MSE, RMSE, MAE, MAPE: 33, 34812944.00, 34812943.00, 5831.74, 4586.13, 4.94%
- Epoch 034, ExpID 71153
Train - Loss: 21415130.38
Val - Loss, MSE, RMSE, MAE, MAPE: 58940024.00, 58940026.00, 7667.08, 5862.05, 6.82%
Test - Best epoch, Loss, MSE, RMSE, MAE, MAPE: 34, 33931576.00, 33931575.00, 5731.06, 4496.07, 4.86%
- Epoch 035, ExpID 71153
Train - Loss: 21240925.43
Val - Loss, MSE, RMSE, MAE, MAPE: 61320984.00, 61320984.00, 7826.68, 5979.32, 6.91%
Test - Best epoch, Loss, MSE, RMSE, MAE, MAPE: 34, 33931576.00, 33931575.00, 5731.06, 4496.07, 4.86%
- Epoch 036, ExpID 71153
Train - Loss: 20800921.05
Val - Loss, MSE, RMSE, MAE, MAPE: 58225416.00, 58225416.00, 7628.59, 5846.51, 6.76%
Test - Best epoch, Loss, MSE, RMSE, MAE, MAPE: 36, 34045496.00, 34045498.00, 5752.67, 4512.64, 4.86%
- Epoch 037, ExpID 71153
Train - Loss: 20502312.57
Val - Loss, MSE, RMSE, MAE, MAPE: 58977108.00, 58977108.00, 7675.19, 5870.59, 6.81%
Test - Best epoch, Loss, MSE, RMSE, MAE, MAPE: 36, 34045496.00, 34045498.00, 5752.67, 4512.64, 4.86%
- Epoch 038, ExpID 71153
Train - Loss: 20501408.48
Val - Loss, MSE, RMSE, MAE, MAPE: 58281032.00, 58281030.00, 7629.09, 5829.54, 6.77%
Test - Best epoch, Loss, MSE, RMSE, MAE, MAPE: 36, 34045496.00, 34045498.00, 5752.67, 4512.64, 4.86%
- Epoch 039, ExpID 71153
Train - Loss: 20216624.86
Val - Loss, MSE, RMSE, MAE, MAPE: 57034004.00, 57034004.00, 7547.02, 5750.62, 6.66%
Test - Best epoch, Loss, MSE, RMSE, MAE, MAPE: 39, 32980968.00, 32980968.00, 5652.78, 4431.78, 4.78%
- Epoch 040, ExpID 71153
Train - Loss: 19940788.95
Val - Loss, MSE, RMSE, MAE, MAPE: 58578728.00, 58578728.00, 7652.98, 5807.46, 6.71%
Test - Best epoch, Loss, MSE, RMSE, MAE, MAPE: 39, 32980968.00, 32980968.00, 5652.78, 4431.78, 4.78%
- Epoch 041, ExpID 71153
Train - Loss: 19865293.71
Val - Loss, MSE, RMSE, MAE, MAPE: 58662036.00, 58662036.00, 7658.63, 5815.01, 6.72%
Test - Best epoch, Loss, MSE, RMSE, MAE, MAPE: 39, 32980968.00, 32980968.00, 5652.78, 4431.78, 4.78%
- Epoch 042, ExpID 71153
Train - Loss: 19600048.86
Val - Loss, MSE, RMSE, MAE, MAPE: 54508816.00, 54508816.00, 7382.00, 5600.30, 6.51%
Test - Best epoch, Loss, MSE, RMSE, MAE, MAPE: 42, 33079508.00, 33079507.00, 5667.16, 4429.42, 4.80%
- Epoch 043, ExpID 71153
Train - Loss: 19434486.95
Val - Loss, MSE, RMSE, MAE, MAPE: 55206664.00, 55206666.00, 7430.01, 5635.70, 6.52%
Test - Best epoch, Loss, MSE, RMSE, MAE, MAPE: 42, 33079508.00, 33079507.00, 5667.16, 4429.42, 4.80%
- Epoch 044, ExpID 71153
Train - Loss: 19282441.52
Val - Loss, MSE, RMSE, MAE, MAPE: 56574148.00, 56574148.00, 7516.30, 5707.80, 6.60%
Test - Best epoch, Loss, MSE, RMSE, MAE, MAPE: 42, 33079508.00, 33079507.00, 5667.16, 4429.42, 4.80%
- Epoch 045, ExpID 71153
Train - Loss: 18990215.52
Val - Loss, MSE, RMSE, MAE, MAPE: 54755376.00, 54755374.00, 7398.32, 5646.08, 6.56%
Test - Best epoch, Loss, MSE, RMSE, MAE, MAPE: 42, 33079508.00, 33079507.00, 5667.16, 4429.42, 4.80%
- Epoch 046, ExpID 71153
Train - Loss: 18734720.38
Val - Loss, MSE, RMSE, MAE, MAPE: 55272504.00, 55272502.00, 7432.04, 5653.05, 6.55%
Test - Best epoch, Loss, MSE, RMSE, MAE, MAPE: 42, 33079508.00, 33079507.00, 5667.16, 4429.42, 4.80%
- Epoch 047, ExpID 71153
Train - Loss: 18663647.52
Val - Loss, MSE, RMSE, MAE, MAPE: 55650568.00, 55650566.00, 7459.91, 5694.82, 6.60%
Test - Best epoch, Loss, MSE, RMSE, MAE, MAPE: 42, 33079508.00, 33079507.00, 5667.16, 4429.42, 4.80%
- Epoch 048, ExpID 71153
Train - Loss: 18612634.29
Val - Loss, MSE, RMSE, MAE, MAPE: 55320312.00, 55320310.00, 7437.24, 5672.95, 6.58%
Test - Best epoch, Loss, MSE, RMSE, MAE, MAPE: 42, 33079508.00, 33079507.00, 5667.16, 4429.42, 4.80%
- Epoch 049, ExpID 71153
Train - Loss: 18457546.86
Val - Loss, MSE, RMSE, MAE, MAPE: 56301872.00, 56301870.00, 7502.49, 5721.09, 6.64%
Test - Best epoch, Loss, MSE, RMSE, MAE, MAPE: 42, 33079508.00, 33079507.00, 5667.16, 4429.42, 4.80%
- Epoch 050, ExpID 71153
Train - Loss: 18184756.10
Val - Loss, MSE, RMSE, MAE, MAPE: 54532924.00, 54532924.00, 7378.34, 5624.49, 6.57%
Test - Best epoch, Loss, MSE, RMSE, MAE, MAPE: 42, 33079508.00, 33079507.00, 5667.16, 4429.42, 4.80%
- Epoch 051, ExpID 71153
Train - Loss: 18216647.57
Val - Loss, MSE, RMSE, MAE, MAPE: 57703156.00, 57703156.00, 7593.90, 5830.46, 6.78%
Test - Best epoch, Loss, MSE, RMSE, MAE, MAPE: 42, 33079508.00, 33079507.00, 5667.16, 4429.42, 4.80%
- Epoch 052, ExpID 71153
Train - Loss: 17918777.62
Val - Loss, MSE, RMSE, MAE, MAPE: 54146752.00, 54146754.00, 7357.63, 5627.59, 6.55%
Test - Best epoch, Loss, MSE, RMSE, MAE, MAPE: 52, 31615356.00, 31615356.00, 5539.59, 4320.40, 4.68%
- Epoch 053, ExpID 71153
Train - Loss: 17899831.19
Val - Loss, MSE, RMSE, MAE, MAPE: 52835896.00, 52835894.00, 7264.27, 5482.94, 6.39%
Test - Best epoch, Loss, MSE, RMSE, MAE, MAPE: 53, 32009694.00, 32009694.00, 5583.29, 4336.88, 4.70%
- Epoch 054, ExpID 71153
Train - Loss: 17766183.24
Val - Loss, MSE, RMSE, MAE, MAPE: 54397152.00, 54397152.00, 7374.86, 5622.42, 6.54%
Test - Best epoch, Loss, MSE, RMSE, MAE, MAPE: 53, 32009694.00, 32009694.00, 5583.29, 4336.88, 4.70%
- Epoch 055, ExpID 71153
Train - Loss: 17562247.33
Val - Loss, MSE, RMSE, MAE, MAPE: 54605336.00, 54605338.00, 7388.59, 5610.87, 6.51%
Test - Best epoch, Loss, MSE, RMSE, MAE, MAPE: 53, 32009694.00, 32009694.00, 5583.29, 4336.88, 4.70%
- Epoch 056, ExpID 71153
Train - Loss: 17436282.00
Val - Loss, MSE, RMSE, MAE, MAPE: 52446080.00, 52446080.00, 7240.54, 5483.18, 6.40%
Test - Best epoch, Loss, MSE, RMSE, MAE, MAPE: 56, 31290362.00, 31290362.00, 5520.06, 4297.45, 4.66%
- Epoch 057, ExpID 71153
Train - Loss: 17343939.48
Val - Loss, MSE, RMSE, MAE, MAPE: 52076096.00, 52076094.00, 7215.73, 5488.87, 6.39%
Test - Best epoch, Loss, MSE, RMSE, MAE, MAPE: 57, 31489052.00, 31489051.00, 5529.35, 4311.72, 4.67%
- Epoch 058, ExpID 71153
Train - Loss: 17185813.86
Val - Loss, MSE, RMSE, MAE, MAPE: 51831592.00, 51831592.00, 7198.04, 5447.81, 6.35%
Test - Best epoch, Loss, MSE, RMSE, MAE, MAPE: 58, 31257136.00, 31257135.00, 5515.96, 4299.84, 4.66%
- Epoch 059, ExpID 71153
Train - Loss: 17226472.43
Val - Loss, MSE, RMSE, MAE, MAPE: 52998128.00, 52998126.00, 7277.27, 5556.66, 6.48%
Test - Best epoch, Loss, MSE, RMSE, MAE, MAPE: 58, 31257136.00, 31257135.00, 5515.96, 4299.84, 4.66%
- Epoch 060, ExpID 71153
Train - Loss: 17056963.67
Val - Loss, MSE, RMSE, MAE, MAPE: 53023884.00, 53023884.00, 7281.71, 5542.72, 6.44%
Test - Best epoch, Loss, MSE, RMSE, MAE, MAPE: 58, 31257136.00, 31257135.00, 5515.96, 4299.84, 4.66%
- Epoch 061, ExpID 71153
Train - Loss: 16935187.00
Val - Loss, MSE, RMSE, MAE, MAPE: 53116080.00, 53116080.00, 7286.87, 5546.52, 6.46%
Test - Best epoch, Loss, MSE, RMSE, MAE, MAPE: 58, 31257136.00, 31257135.00, 5515.96, 4299.84, 4.66%
- Epoch 062, ExpID 71153
Train - Loss: 17017698.00
Val - Loss, MSE, RMSE, MAE, MAPE: 52144696.00, 52144694.00, 7219.52, 5521.62, 6.44%
Test - Best epoch, Loss, MSE, RMSE, MAE, MAPE: 58, 31257136.00, 31257135.00, 5515.96, 4299.84, 4.66%
- Epoch 063, ExpID 71153
Train - Loss: 16794584.90
Val - Loss, MSE, RMSE, MAE, MAPE: 53048872.00, 53048872.00, 7282.01, 5541.12, 6.47%
Test - Best epoch, Loss, MSE, RMSE, MAE, MAPE: 58, 31257136.00, 31257135.00, 5515.96, 4299.84, 4.66%
- Epoch 064, ExpID 71153
Train - Loss: 16718884.81
Val - Loss, MSE, RMSE, MAE, MAPE: 51808944.00, 51808942.00, 7196.53, 5476.92, 6.38%
Test - Best epoch, Loss, MSE, RMSE, MAE, MAPE: 64, 30784904.00, 30784905.00, 5465.76, 4259.71, 4.62%
- Epoch 065, ExpID 71153
Train - Loss: 16527375.57
Val - Loss, MSE, RMSE, MAE, MAPE: 53035364.00, 53035364.00, 7280.11, 5492.99, 6.41%
Test - Best epoch, Loss, MSE, RMSE, MAE, MAPE: 64, 30784904.00, 30784905.00, 5465.76, 4259.71, 4.62%
- Epoch 066, ExpID 71153
Train - Loss: 16469819.71
Val - Loss, MSE, RMSE, MAE, MAPE: 53663840.00, 53663842.00, 7325.49, 5567.60, 6.47%
Test - Best epoch, Loss, MSE, RMSE, MAE, MAPE: 64, 30784904.00, 30784905.00, 5465.76, 4259.71, 4.62%
- Epoch 067, ExpID 71153
Train - Loss: 16396717.86
Val - Loss, MSE, RMSE, MAE, MAPE: 52071072.00, 52071072.00, 7213.96, 5483.55, 6.38%
Test - Best epoch, Loss, MSE, RMSE, MAE, MAPE: 64, 30784904.00, 30784905.00, 5465.76, 4259.71, 4.62%
- Epoch 068, ExpID 71153
Train - Loss: 16278821.29
Val - Loss, MSE, RMSE, MAE, MAPE: 53176560.00, 53176562.00, 7290.74, 5520.57, 6.39%
Test - Best epoch, Loss, MSE, RMSE, MAE, MAPE: 64, 30784904.00, 30784905.00, 5465.76, 4259.71, 4.62%
- Epoch 069, ExpID 71153
Train - Loss: 16340463.71
Val - Loss, MSE, RMSE, MAE, MAPE: 48647448.00, 48647448.00, 6974.73, 5286.56, 6.16%
Test - Best epoch, Loss, MSE, RMSE, MAE, MAPE: 69, 29741832.00, 29741833.00, 5361.48, 4161.27, 4.52%
- Epoch 070, ExpID 71153
Train - Loss: 16290332.76
Val - Loss, MSE, RMSE, MAE, MAPE: 49656344.00, 49656342.00, 7045.73, 5346.75, 6.25%
Test - Best epoch, Loss, MSE, RMSE, MAE, MAPE: 69, 29741832.00, 29741833.00, 5361.48, 4161.27, 4.52%
- Epoch 071, ExpID 71153
Train - Loss: 16190614.86
Val - Loss, MSE, RMSE, MAE, MAPE: 51542632.00, 51542632.00, 7179.16, 5453.80, 6.35%
Test - Best epoch, Loss, MSE, RMSE, MAE, MAPE: 69, 29741832.00, 29741833.00, 5361.48, 4161.27, 4.52%
- Epoch 072, ExpID 71153
Train - Loss: 15973709.14
Val - Loss, MSE, RMSE, MAE, MAPE: 52048904.00, 52048904.00, 7213.81, 5460.77, 6.34%
Test - Best epoch, Loss, MSE, RMSE, MAE, MAPE: 69, 29741832.00, 29741833.00, 5361.48, 4161.27, 4.52%
- Epoch 073, ExpID 71153
Train - Loss: 15799259.57
Val - Loss, MSE, RMSE, MAE, MAPE: 52082672.00, 52082672.00, 7216.76, 5485.12, 6.37%
Test - Best epoch, Loss, MSE, RMSE, MAE, MAPE: 69, 29741832.00, 29741833.00, 5361.48, 4161.27, 4.52%
- Epoch 074, ExpID 71153
Train - Loss: 15794540.38
Val - Loss, MSE, RMSE, MAE, MAPE: 52468288.00, 52468290.00, 7243.06, 5522.33, 6.43%
Test - Best epoch, Loss, MSE, RMSE, MAE, MAPE: 69, 29741832.00, 29741833.00, 5361.48, 4161.27, 4.52%
- Epoch 075, ExpID 71153
Train - Loss: 15769159.00
Val - Loss, MSE, RMSE, MAE, MAPE: 54031192.00, 54031192.00, 7350.10, 5602.67, 6.55%
Test - Best epoch, Loss, MSE, RMSE, MAE, MAPE: 69, 29741832.00, 29741833.00, 5361.48, 4161.27, 4.52%
- Epoch 076, ExpID 71153
Train - Loss: 15651264.10
Val - Loss, MSE, RMSE, MAE, MAPE: 53013304.00, 53013304.00, 7281.02, 5541.28, 6.44%
Test - Best epoch, Loss, MSE, RMSE, MAE, MAPE: 69, 29741832.00, 29741833.00, 5361.48, 4161.27, 4.52%
- Epoch 077, ExpID 71153
Train - Loss: 15655318.48
Val - Loss, MSE, RMSE, MAE, MAPE: 51129200.00, 51129202.00, 7150.32, 5445.01, 6.35%
Test - Best epoch, Loss, MSE, RMSE, MAE, MAPE: 69, 29741832.00, 29741833.00, 5361.48, 4161.27, 4.52%
- Epoch 078, ExpID 71153
Train - Loss: 15464591.76
Val - Loss, MSE, RMSE, MAE, MAPE: 51205428.00, 51205428.00, 7155.04, 5420.96, 6.32%
Test - Best epoch, Loss, MSE, RMSE, MAE, MAPE: 69, 29741832.00, 29741833.00, 5361.48, 4161.27, 4.52%
- Epoch 079, ExpID 71153
Train - Loss: 15434573.38
Val - Loss, MSE, RMSE, MAE, MAPE: 51252316.00, 51252316.00, 7158.65, 5471.01, 6.36%
Test - Best epoch, Loss, MSE, RMSE, MAE, MAPE: 69, 29741832.00, 29741833.00, 5361.48, 4161.27, 4.52%
Early Stopping at Epoch 79
Fold 2018 Best RMSE: 5361.4753

-------------------- [Fold: 2019] ExpID: 70623 --------------------
- Epoch 000, ExpID 70623
Train - Loss: 49435615.48
Val - Loss, MSE, RMSE, MAE, MAPE: 54566920.00, 54566920.00, 7347.08, 5760.32, 6.26%
Test - Best epoch, Loss, MSE, RMSE, MAE, MAPE: 0, 52618656.00, 52618658.00, 7031.60, 5501.13, 5.81%
- Epoch 001, ExpID 70623
Train - Loss: 41700321.57
Val - Loss, MSE, RMSE, MAE, MAPE: 53825432.00, 53825430.00, 7316.04, 5755.93, 6.22%
Test - Best epoch, Loss, MSE, RMSE, MAE, MAPE: 1, 49790628.00, 49790628.00, 6817.26, 5276.24, 5.58%
- Epoch 002, ExpID 70623
Train - Loss: 38553158.70
Val - Loss, MSE, RMSE, MAE, MAPE: 49308196.00, 49308196.00, 6986.98, 5473.74, 5.96%
Test - Best epoch, Loss, MSE, RMSE, MAE, MAPE: 2, 48597416.00, 48597414.00, 6704.10, 5139.00, 5.49%
- Epoch 003, ExpID 70623
Train - Loss: 37213858.87
Val - Loss, MSE, RMSE, MAE, MAPE: 47927488.00, 47927486.00, 6889.57, 5391.03, 5.85%
Test - Best epoch, Loss, MSE, RMSE, MAE, MAPE: 3, 46262544.00, 46262546.00, 6499.49, 4917.72, 5.22%
- Epoch 004, ExpID 70623
Train - Loss: 36307666.00
Val - Loss, MSE, RMSE, MAE, MAPE: 46408320.00, 46408318.00, 6769.54, 5289.38, 5.76%
Test - Best epoch, Loss, MSE, RMSE, MAE, MAPE: 4, 46272728.00, 46272730.00, 6509.29, 4950.61, 5.27%
- Epoch 005, ExpID 70623
Train - Loss: 35673976.78
Val - Loss, MSE, RMSE, MAE, MAPE: 45302304.00, 45302306.00, 6691.59, 5245.17, 5.68%
Test - Best epoch, Loss, MSE, RMSE, MAE, MAPE: 5, 45199832.00, 45199831.00, 6417.30, 4841.14, 5.12%
- Epoch 006, ExpID 70623
Train - Loss: 34559609.74
Val - Loss, MSE, RMSE, MAE, MAPE: 43834816.00, 43834816.00, 6579.28, 5149.72, 5.60%
Test - Best epoch, Loss, MSE, RMSE, MAE, MAPE: 6, 46134124.00, 46134124.00, 6481.17, 4911.14, 5.22%
- Epoch 007, ExpID 70623
Train - Loss: 33967838.87
Val - Loss, MSE, RMSE, MAE, MAPE: 43264280.00, 43264280.00, 6542.09, 5122.04, 5.53%
Test - Best epoch, Loss, MSE, RMSE, MAE, MAPE: 7, 45459576.00, 45459576.00, 6431.80, 4825.10, 5.09%
- Epoch 008, ExpID 70623
Train - Loss: 33618383.13
Val - Loss, MSE, RMSE, MAE, MAPE: 42689328.00, 42689330.00, 6503.86, 5118.72, 5.53%
Test - Best epoch, Loss, MSE, RMSE, MAE, MAPE: 8, 46590804.00, 46590803.00, 6522.94, 4939.24, 5.22%
- Epoch 009, ExpID 70623
Train - Loss: 32935711.83
Val - Loss, MSE, RMSE, MAE, MAPE: 42015372.00, 42015373.00, 6448.38, 5050.37, 5.47%
Test - Best epoch, Loss, MSE, RMSE, MAE, MAPE: 9, 46515396.00, 46515396.00, 6500.87, 4903.10, 5.20%
- Epoch 010, ExpID 70623
Train - Loss: 32234693.48
Val - Loss, MSE, RMSE, MAE, MAPE: 41470168.00, 41470166.00, 6414.65, 5029.49, 5.41%
Test - Best epoch, Loss, MSE, RMSE, MAE, MAPE: 10, 45246936.00, 45246937.00, 6426.49, 4825.52, 5.08%
- Epoch 011, ExpID 70623
Train - Loss: 31981612.52
Val - Loss, MSE, RMSE, MAE, MAPE: 40264304.00, 40264302.00, 6318.63, 4971.67, 5.37%
Test - Best epoch, Loss, MSE, RMSE, MAE, MAPE: 11, 44970080.00, 44970078.00, 6407.54, 4815.10, 5.08%
- Epoch 012, ExpID 70623
Train - Loss: 31328276.96
Val - Loss, MSE, RMSE, MAE, MAPE: 38766408.00, 38766409.00, 6182.69, 4839.80, 5.25%
Test - Best epoch, Loss, MSE, RMSE, MAE, MAPE: 12, 43555680.00, 43555680.00, 6251.85, 4703.72, 4.98%
- Epoch 013, ExpID 70623
Train - Loss: 30903751.04
Val - Loss, MSE, RMSE, MAE, MAPE: 38591144.00, 38591146.00, 6180.71, 4850.87, 5.24%
Test - Best epoch, Loss, MSE, RMSE, MAE, MAPE: 13, 43699528.00, 43699529.00, 6285.94, 4723.14, 4.98%
- Epoch 014, ExpID 70623
Train - Loss: 30524406.26
Val - Loss, MSE, RMSE, MAE, MAPE: 38582992.00, 38582993.00, 6165.67, 4826.71, 5.18%
Test - Best epoch, Loss, MSE, RMSE, MAE, MAPE: 14, 41715440.00, 41715438.00, 6164.83, 4617.56, 4.84%
- Epoch 015, ExpID 70623
Train - Loss: 29796941.65
Val - Loss, MSE, RMSE, MAE, MAPE: 36944400.00, 36944401.00, 6034.22, 4741.37, 5.14%
Test - Best epoch, Loss, MSE, RMSE, MAE, MAPE: 15, 42786712.00, 42786712.00, 6210.42, 4683.99, 4.95%
- Epoch 016, ExpID 70623
Train - Loss: 29476403.65
Val - Loss, MSE, RMSE, MAE, MAPE: 35548296.00, 35548294.00, 5909.23, 4641.18, 5.03%
Test - Best epoch, Loss, MSE, RMSE, MAE, MAPE: 16, 41148188.00, 41148188.50, 6082.09, 4581.97, 4.85%
- Epoch 017, ExpID 70623
Train - Loss: 29252951.48
Val - Loss, MSE, RMSE, MAE, MAPE: 34875224.00, 34875225.00, 5827.56, 4564.94, 4.99%
Test - Best epoch, Loss, MSE, RMSE, MAE, MAPE: 17, 40252836.00, 40252835.00, 6008.62, 4550.51, 4.85%
- Epoch 018, ExpID 70623
Train - Loss: 28793560.96
Val - Loss, MSE, RMSE, MAE, MAPE: 35787124.00, 35787123.00, 5929.58, 4655.35, 5.05%
Test - Best epoch, Loss, MSE, RMSE, MAE, MAPE: 17, 40252836.00, 40252835.00, 6008.62, 4550.51, 4.85%
- Epoch 019, ExpID 70623
Train - Loss: 28427518.35
Val - Loss, MSE, RMSE, MAE, MAPE: 34342080.00, 34342078.00, 5793.72, 4533.74, 4.92%
Test - Best epoch, Loss, MSE, RMSE, MAE, MAPE: 19, 39488568.00, 39488568.00, 5953.84, 4497.15, 4.76%
- Epoch 020, ExpID 70623
Train - Loss: 27641761.13
Val - Loss, MSE, RMSE, MAE, MAPE: 35023972.00, 35023971.00, 5873.73, 4600.43, 4.97%
Test - Best epoch, Loss, MSE, RMSE, MAE, MAPE: 19, 39488568.00, 39488568.00, 5953.84, 4497.15, 4.76%
- Epoch 021, ExpID 70623
Train - Loss: 27120633.83
Val - Loss, MSE, RMSE, MAE, MAPE: 33934664.00, 33934664.00, 5747.46, 4485.99, 4.88%
Test - Best epoch, Loss, MSE, RMSE, MAE, MAPE: 21, 38676732.00, 38676733.00, 5887.59, 4445.51, 4.71%
- Epoch 022, ExpID 70623
Train - Loss: 26844953.13
Val - Loss, MSE, RMSE, MAE, MAPE: 34579012.00, 34579011.00, 5827.80, 4576.23, 4.94%
Test - Best epoch, Loss, MSE, RMSE, MAE, MAPE: 21, 38676732.00, 38676733.00, 5887.59, 4445.51, 4.71%
- Epoch 023, ExpID 70623
Train - Loss: 26501946.00
Val - Loss, MSE, RMSE, MAE, MAPE: 34399456.00, 34399457.00, 5814.78, 4557.52, 4.92%
Test - Best epoch, Loss, MSE, RMSE, MAE, MAPE: 21, 38676732.00, 38676733.00, 5887.59, 4445.51, 4.71%
- Epoch 024, ExpID 70623
Train - Loss: 26316325.74
Val - Loss, MSE, RMSE, MAE, MAPE: 33386902.00, 33386902.00, 5693.54, 4463.43, 4.85%
Test - Best epoch, Loss, MSE, RMSE, MAE, MAPE: 24, 35105252.00, 35105250.50, 5588.58, 4227.37, 4.48%
- Epoch 025, ExpID 70623
Train - Loss: 25828830.52
Val - Loss, MSE, RMSE, MAE, MAPE: 35781256.00, 35781255.00, 5927.05, 4625.85, 5.01%
Test - Best epoch, Loss, MSE, RMSE, MAE, MAPE: 24, 35105252.00, 35105250.50, 5588.58, 4227.37, 4.48%
- Epoch 026, ExpID 70623
Train - Loss: 25358873.74
Val - Loss, MSE, RMSE, MAE, MAPE: 34246224.00, 34246222.00, 5776.75, 4492.83, 4.89%
Test - Best epoch, Loss, MSE, RMSE, MAE, MAPE: 24, 35105252.00, 35105250.50, 5588.58, 4227.37, 4.48%
- Epoch 027, ExpID 70623
Train - Loss: 24973284.96
Val - Loss, MSE, RMSE, MAE, MAPE: 34154488.00, 34154486.00, 5780.30, 4522.03, 4.89%
Test - Best epoch, Loss, MSE, RMSE, MAE, MAPE: 24, 35105252.00, 35105250.50, 5588.58, 4227.37, 4.48%
- Epoch 028, ExpID 70623
Train - Loss: 24717404.96
Val - Loss, MSE, RMSE, MAE, MAPE: 35587800.00, 35587801.00, 5912.61, 4623.12, 5.00%
Test - Best epoch, Loss, MSE, RMSE, MAE, MAPE: 24, 35105252.00, 35105250.50, 5588.58, 4227.37, 4.48%
- Epoch 029, ExpID 70623
Train - Loss: 24135753.91
Val - Loss, MSE, RMSE, MAE, MAPE: 34787084.00, 34787083.00, 5845.34, 4566.15, 4.94%
Test - Best epoch, Loss, MSE, RMSE, MAE, MAPE: 24, 35105252.00, 35105250.50, 5588.58, 4227.37, 4.48%
- Epoch 030, ExpID 70623
Train - Loss: 23891926.61
Val - Loss, MSE, RMSE, MAE, MAPE: 34659432.00, 34659433.00, 5820.48, 4553.34, 4.94%
Test - Best epoch, Loss, MSE, RMSE, MAE, MAPE: 24, 35105252.00, 35105250.50, 5588.58, 4227.37, 4.48%
- Epoch 031, ExpID 70623
Train - Loss: 23941726.26
Val - Loss, MSE, RMSE, MAE, MAPE: 33962420.00, 33962420.00, 5740.36, 4466.47, 4.86%
Test - Best epoch, Loss, MSE, RMSE, MAE, MAPE: 24, 35105252.00, 35105250.50, 5588.58, 4227.37, 4.48%
- Epoch 032, ExpID 70623
Train - Loss: 23754908.78
Val - Loss, MSE, RMSE, MAE, MAPE: 33081536.00, 33081536.00, 5656.65, 4418.68, 4.81%
Test - Best epoch, Loss, MSE, RMSE, MAE, MAPE: 32, 32647472.00, 32647471.50, 5446.46, 4143.94, 4.39%
- Epoch 033, ExpID 70623
Train - Loss: 23223204.26
Val - Loss, MSE, RMSE, MAE, MAPE: 36055480.00, 36055480.00, 5957.02, 4664.48, 5.05%
Test - Best epoch, Loss, MSE, RMSE, MAE, MAPE: 32, 32647472.00, 32647471.50, 5446.46, 4143.94, 4.39%
- Epoch 034, ExpID 70623
Train - Loss: 23041507.30
Val - Loss, MSE, RMSE, MAE, MAPE: 33888740.00, 33888739.00, 5757.69, 4487.98, 4.87%
Test - Best epoch, Loss, MSE, RMSE, MAE, MAPE: 32, 32647472.00, 32647471.50, 5446.46, 4143.94, 4.39%
- Epoch 035, ExpID 70623
Train - Loss: 22568092.52
Val - Loss, MSE, RMSE, MAE, MAPE: 34260668.00, 34260668.00, 5781.86, 4508.50, 4.89%
Test - Best epoch, Loss, MSE, RMSE, MAE, MAPE: 32, 32647472.00, 32647471.50, 5446.46, 4143.94, 4.39%
- Epoch 036, ExpID 70623
Train - Loss: 22572759.91
Val - Loss, MSE, RMSE, MAE, MAPE: 35552900.00, 35552899.00, 5908.41, 4615.12, 5.00%
Test - Best epoch, Loss, MSE, RMSE, MAE, MAPE: 32, 32647472.00, 32647471.50, 5446.46, 4143.94, 4.39%
- Epoch 037, ExpID 70623
Train - Loss: 22424424.87
Val - Loss, MSE, RMSE, MAE, MAPE: 35830572.00, 35830571.00, 5952.80, 4657.58, 5.02%
Test - Best epoch, Loss, MSE, RMSE, MAE, MAPE: 32, 32647472.00, 32647471.50, 5446.46, 4143.94, 4.39%
- Epoch 038, ExpID 70623
Train - Loss: 22137488.35
Val - Loss, MSE, RMSE, MAE, MAPE: 33019024.00, 33019023.00, 5674.43, 4438.76, 4.81%
Test - Best epoch, Loss, MSE, RMSE, MAE, MAPE: 38, 33092020.00, 33092020.00, 5502.72, 4180.04, 4.41%
- Epoch 039, ExpID 70623
Train - Loss: 21826683.83
Val - Loss, MSE, RMSE, MAE, MAPE: 34267804.00, 34267805.00, 5789.44, 4513.86, 4.91%
Test - Best epoch, Loss, MSE, RMSE, MAE, MAPE: 38, 33092020.00, 33092020.00, 5502.72, 4180.04, 4.41%
- Epoch 040, ExpID 70623
Train - Loss: 21552381.04
Val - Loss, MSE, RMSE, MAE, MAPE: 33398996.00, 33398997.00, 5697.40, 4458.93, 4.85%
Test - Best epoch, Loss, MSE, RMSE, MAE, MAPE: 38, 33092020.00, 33092020.00, 5502.72, 4180.04, 4.41%
- Epoch 041, ExpID 70623
Train - Loss: 20965193.83
Val - Loss, MSE, RMSE, MAE, MAPE: 33509088.00, 33509089.00, 5737.80, 4480.74, 4.85%
Test - Best epoch, Loss, MSE, RMSE, MAE, MAPE: 38, 33092020.00, 33092020.00, 5502.72, 4180.04, 4.41%
- Epoch 042, ExpID 70623
Train - Loss: 20910812.17
Val - Loss, MSE, RMSE, MAE, MAPE: 33437816.00, 33437816.00, 5703.34, 4457.31, 4.85%
Test - Best epoch, Loss, MSE, RMSE, MAE, MAPE: 38, 33092020.00, 33092020.00, 5502.72, 4180.04, 4.41%
- Epoch 043, ExpID 70623
Train - Loss: 20899557.74
Val - Loss, MSE, RMSE, MAE, MAPE: 34547948.00, 34547949.00, 5818.83, 4544.78, 4.93%
Test - Best epoch, Loss, MSE, RMSE, MAE, MAPE: 38, 33092020.00, 33092020.00, 5502.72, 4180.04, 4.41%
- Epoch 044, ExpID 70623
Train - Loss: 20632344.43
Val - Loss, MSE, RMSE, MAE, MAPE: 33037816.00, 33037817.00, 5659.13, 4406.12, 4.80%
Test - Best epoch, Loss, MSE, RMSE, MAE, MAPE: 38, 33092020.00, 33092020.00, 5502.72, 4180.04, 4.41%
- Epoch 045, ExpID 70623
Train - Loss: 20408633.57
Val - Loss, MSE, RMSE, MAE, MAPE: 33655048.00, 33655046.00, 5736.19, 4496.17, 4.87%
Test - Best epoch, Loss, MSE, RMSE, MAE, MAPE: 38, 33092020.00, 33092020.00, 5502.72, 4180.04, 4.41%
- Epoch 046, ExpID 70623
Train - Loss: 20300896.35
Val - Loss, MSE, RMSE, MAE, MAPE: 32788468.00, 32788468.00, 5642.81, 4405.81, 4.80%
Test - Best epoch, Loss, MSE, RMSE, MAE, MAPE: 46, 33092196.00, 33092195.00, 5518.89, 4163.58, 4.41%
- Epoch 047, ExpID 70623
Train - Loss: 19924079.83
Val - Loss, MSE, RMSE, MAE, MAPE: 32593312.00, 32593311.00, 5624.07, 4388.56, 4.79%
Test - Best epoch, Loss, MSE, RMSE, MAE, MAPE: 47, 32270476.00, 32270477.00, 5453.28, 4145.52, 4.40%
- Epoch 048, ExpID 70623
Train - Loss: 19741505.13
Val - Loss, MSE, RMSE, MAE, MAPE: 33901104.00, 33901105.00, 5742.86, 4483.28, 4.87%
Test - Best epoch, Loss, MSE, RMSE, MAE, MAPE: 47, 32270476.00, 32270477.00, 5453.28, 4145.52, 4.40%
- Epoch 049, ExpID 70623
Train - Loss: 19890901.48
Val - Loss, MSE, RMSE, MAE, MAPE: 31944284.00, 31944283.00, 5571.09, 4354.85, 4.73%
Test - Best epoch, Loss, MSE, RMSE, MAE, MAPE: 49, 31775304.00, 31775305.00, 5405.91, 4120.13, 4.35%
- Epoch 050, ExpID 70623
Train - Loss: 19683155.91
Val - Loss, MSE, RMSE, MAE, MAPE: 33778052.00, 33778053.00, 5749.00, 4508.42, 4.88%
Test - Best epoch, Loss, MSE, RMSE, MAE, MAPE: 49, 31775304.00, 31775305.00, 5405.91, 4120.13, 4.35%
- Epoch 051, ExpID 70623
Train - Loss: 19323099.74
Val - Loss, MSE, RMSE, MAE, MAPE: 32805704.00, 32805703.00, 5660.50, 4431.84, 4.80%
Test - Best epoch, Loss, MSE, RMSE, MAE, MAPE: 49, 31775304.00, 31775305.00, 5405.91, 4120.13, 4.35%
- Epoch 052, ExpID 70623
Train - Loss: 19259169.30
Val - Loss, MSE, RMSE, MAE, MAPE: 32630602.00, 32630602.00, 5638.20, 4406.03, 4.77%
Test - Best epoch, Loss, MSE, RMSE, MAE, MAPE: 49, 31775304.00, 31775305.00, 5405.91, 4120.13, 4.35%
- Epoch 053, ExpID 70623
Train - Loss: 19121575.39
Val - Loss, MSE, RMSE, MAE, MAPE: 33016020.00, 33016021.00, 5672.08, 4431.05, 4.82%
Test - Best epoch, Loss, MSE, RMSE, MAE, MAPE: 49, 31775304.00, 31775305.00, 5405.91, 4120.13, 4.35%
- Epoch 054, ExpID 70623
Train - Loss: 19078793.57
Val - Loss, MSE, RMSE, MAE, MAPE: 31845924.00, 31845923.00, 5575.24, 4362.54, 4.73%
Test - Best epoch, Loss, MSE, RMSE, MAE, MAPE: 54, 31522230.00, 31522230.50, 5378.90, 4077.73, 4.30%
- Epoch 055, ExpID 70623
Train - Loss: 18880881.04
Val - Loss, MSE, RMSE, MAE, MAPE: 31953664.00, 31953663.00, 5571.03, 4360.49, 4.75%
Test - Best epoch, Loss, MSE, RMSE, MAE, MAPE: 54, 31522230.00, 31522230.50, 5378.90, 4077.73, 4.30%
- Epoch 056, ExpID 70623
Train - Loss: 18724705.48
Val - Loss, MSE, RMSE, MAE, MAPE: 32360712.00, 32360713.00, 5615.33, 4398.93, 4.77%
Test - Best epoch, Loss, MSE, RMSE, MAE, MAPE: 54, 31522230.00, 31522230.50, 5378.90, 4077.73, 4.30%
- Epoch 057, ExpID 70623
Train - Loss: 18592661.57
Val - Loss, MSE, RMSE, MAE, MAPE: 32343652.00, 32343651.00, 5618.27, 4395.33, 4.77%
Test - Best epoch, Loss, MSE, RMSE, MAE, MAPE: 54, 31522230.00, 31522230.50, 5378.90, 4077.73, 4.30%
- Epoch 058, ExpID 70623
Train - Loss: 18517399.48
Val - Loss, MSE, RMSE, MAE, MAPE: 31992152.00, 31992152.00, 5569.77, 4363.55, 4.76%
Test - Best epoch, Loss, MSE, RMSE, MAE, MAPE: 54, 31522230.00, 31522230.50, 5378.90, 4077.73, 4.30%
- Epoch 059, ExpID 70623
Train - Loss: 18452702.96
Val - Loss, MSE, RMSE, MAE, MAPE: 32453696.00, 32453695.00, 5630.31, 4406.54, 4.79%
Test - Best epoch, Loss, MSE, RMSE, MAE, MAPE: 54, 31522230.00, 31522230.50, 5378.90, 4077.73, 4.30%
- Epoch 060, ExpID 70623
Train - Loss: 18267176.09
Val - Loss, MSE, RMSE, MAE, MAPE: 31682752.00, 31682752.00, 5546.69, 4349.66, 4.73%
Test - Best epoch, Loss, MSE, RMSE, MAE, MAPE: 60, 30487618.00, 30487618.50, 5286.62, 4026.79, 4.26%
- Epoch 061, ExpID 70623
Train - Loss: 18200543.65
Val - Loss, MSE, RMSE, MAE, MAPE: 33402700.00, 33402701.00, 5730.45, 4481.33, 4.86%
Test - Best epoch, Loss, MSE, RMSE, MAE, MAPE: 60, 30487618.00, 30487618.50, 5286.62, 4026.79, 4.26%
- Epoch 062, ExpID 70623
Train - Loss: 18007559.30
Val - Loss, MSE, RMSE, MAE, MAPE: 32459110.00, 32459110.00, 5617.18, 4387.38, 4.79%
Test - Best epoch, Loss, MSE, RMSE, MAE, MAPE: 60, 30487618.00, 30487618.50, 5286.62, 4026.79, 4.26%
- Epoch 063, ExpID 70623
Train - Loss: 17814621.13
Val - Loss, MSE, RMSE, MAE, MAPE: 31149908.00, 31149909.00, 5493.67, 4301.70, 4.68%
Test - Best epoch, Loss, MSE, RMSE, MAE, MAPE: 63, 29845326.00, 29845326.00, 5225.43, 3973.21, 4.21%
- Epoch 064, ExpID 70623
Train - Loss: 17887616.87
Val - Loss, MSE, RMSE, MAE, MAPE: 31644100.00, 31644101.00, 5554.85, 4357.56, 4.74%
Test - Best epoch, Loss, MSE, RMSE, MAE, MAPE: 63, 29845326.00, 29845326.00, 5225.43, 3973.21, 4.21%
- Epoch 065, ExpID 70623
Train - Loss: 17783089.74
Val - Loss, MSE, RMSE, MAE, MAPE: 31915812.00, 31915811.00, 5580.71, 4383.64, 4.76%
Test - Best epoch, Loss, MSE, RMSE, MAE, MAPE: 63, 29845326.00, 29845326.00, 5225.43, 3973.21, 4.21%
- Epoch 066, ExpID 70623
Train - Loss: 17568791.35
Val - Loss, MSE, RMSE, MAE, MAPE: 31542676.00, 31542675.00, 5534.50, 4336.68, 4.72%
Test - Best epoch, Loss, MSE, RMSE, MAE, MAPE: 63, 29845326.00, 29845326.00, 5225.43, 3973.21, 4.21%
- Epoch 067, ExpID 70623
Train - Loss: 17573990.30
Val - Loss, MSE, RMSE, MAE, MAPE: 33073024.00, 33073023.00, 5681.88, 4447.25, 4.83%
Test - Best epoch, Loss, MSE, RMSE, MAE, MAPE: 63, 29845326.00, 29845326.00, 5225.43, 3973.21, 4.21%
- Epoch 068, ExpID 70623
Train - Loss: 17475764.04
Val - Loss, MSE, RMSE, MAE, MAPE: 31508838.00, 31508838.00, 5519.07, 4317.55, 4.69%
Test - Best epoch, Loss, MSE, RMSE, MAE, MAPE: 63, 29845326.00, 29845326.00, 5225.43, 3973.21, 4.21%
- Epoch 069, ExpID 70623
Train - Loss: 17339684.00
Val - Loss, MSE, RMSE, MAE, MAPE: 31535108.00, 31535107.00, 5542.45, 4326.47, 4.70%
Test - Best epoch, Loss, MSE, RMSE, MAE, MAPE: 63, 29845326.00, 29845326.00, 5225.43, 3973.21, 4.21%
- Epoch 070, ExpID 70623
Train - Loss: 17172390.13
Val - Loss, MSE, RMSE, MAE, MAPE: 31686086.00, 31686086.00, 5557.47, 4354.73, 4.73%
Test - Best epoch, Loss, MSE, RMSE, MAE, MAPE: 63, 29845326.00, 29845326.00, 5225.43, 3973.21, 4.21%
- Epoch 071, ExpID 70623
Train - Loss: 17123041.17
Val - Loss, MSE, RMSE, MAE, MAPE: 31722016.00, 31722017.00, 5558.34, 4338.29, 4.72%
Test - Best epoch, Loss, MSE, RMSE, MAE, MAPE: 63, 29845326.00, 29845326.00, 5225.43, 3973.21, 4.21%
- Epoch 072, ExpID 70623
Train - Loss: 17252049.09
Val - Loss, MSE, RMSE, MAE, MAPE: 32502750.00, 32502750.00, 5622.95, 4398.62, 4.78%
Test - Best epoch, Loss, MSE, RMSE, MAE, MAPE: 63, 29845326.00, 29845326.00, 5225.43, 3973.21, 4.21%
- Epoch 073, ExpID 70623
Train - Loss: 17093336.78
Val - Loss, MSE, RMSE, MAE, MAPE: 31849088.00, 31849089.00, 5557.57, 4356.42, 4.73%
Test - Best epoch, Loss, MSE, RMSE, MAE, MAPE: 63, 29845326.00, 29845326.00, 5225.43, 3973.21, 4.21%
Early Stopping at Epoch 73
Fold 2019 Best RMSE: 5225.4271
