DETAILED LOG | Model: patchtst | Seed: 1
FULL CONFIG: {'gpu': '2', 'target': 'arrival', 'cv_start_year': 2017, 'cv_end_year': 2019, 'test_year': 2024, 'use_corona': False, 'seq_len': 56, 'label_len': 0, 'pred_len': 56, 'batch_size': 256, 'epochs': 1000, 'patience': 10, 'lr': 0.0001, 'model': 'patchtst', 'd_model': 128, 'n_heads': 16, 'n_layers': 4, 'dropout': 0.1, 'activation': 'gelu', 'patch_len': 7, 'factor': 5, 'norm_mode': 'revin', 'use_covar': True, 'use_dbloss': False, 'device': device(type='cuda'), 'stride': 14, 'file_path': 'dataset/airport_flight_with_holiday.csv', 'seed': 1, 'val_year': 2019, 'ndims': 1}

-------------------- [Fold: 2017] ExpID: 29430 --------------------
- Epoch 000, ExpID 29430
Train - Loss: 49461566.00
Val - Loss, MSE, RMSE, MAE, MAPE: 64745624.00, 64745622.00, 7985.55, 6555.10, 8.44%
Test - Best epoch, Loss, MSE, RMSE, MAE, MAPE: 0, 88010304.00, 88010304.00, 9332.47, 7301.65, 8.59%
- Epoch 001, ExpID 29430
Train - Loss: 41304378.20
Val - Loss, MSE, RMSE, MAE, MAPE: 56864608.00, 56864606.00, 7442.06, 6060.48, 7.78%
Test - Best epoch, Loss, MSE, RMSE, MAE, MAPE: 1, 82981064.00, 82981064.00, 9068.34, 6958.10, 8.14%
- Epoch 002, ExpID 29430
Train - Loss: 38729876.40
Val - Loss, MSE, RMSE, MAE, MAPE: 52597756.00, 52597757.00, 7126.33, 5744.06, 7.34%
Test - Best epoch, Loss, MSE, RMSE, MAE, MAPE: 2, 81310208.00, 81310212.00, 8987.51, 6833.13, 7.95%
- Epoch 003, ExpID 29430
Train - Loss: 37101243.00
Val - Loss, MSE, RMSE, MAE, MAPE: 49316140.00, 49316141.00, 6896.18, 5517.93, 7.05%
Test - Best epoch, Loss, MSE, RMSE, MAE, MAPE: 3, 80523104.00, 80523108.00, 8958.11, 6812.48, 7.90%
- Epoch 004, ExpID 29430
Train - Loss: 35470885.50
Val - Loss, MSE, RMSE, MAE, MAPE: 44240664.00, 44240665.00, 6511.57, 5120.97, 6.49%
Test - Best epoch, Loss, MSE, RMSE, MAE, MAPE: 4, 86793072.00, 86793072.00, 9314.18, 7129.54, 8.19%
- Epoch 005, ExpID 29430
Train - Loss: 34301894.00
Val - Loss, MSE, RMSE, MAE, MAPE: 40866924.00, 40866925.00, 6266.10, 4882.93, 6.17%
Test - Best epoch, Loss, MSE, RMSE, MAE, MAPE: 5, 95478288.00, 95478292.00, 9730.12, 7545.56, 8.65%
- Epoch 006, ExpID 29430
Train - Loss: 33666358.10
Val - Loss, MSE, RMSE, MAE, MAPE: 40052108.00, 40052109.00, 6205.35, 4831.79, 6.12%
Test - Best epoch, Loss, MSE, RMSE, MAE, MAPE: 6, 96572896.00, 96572900.00, 9776.99, 7626.36, 8.76%
- Epoch 007, ExpID 29430
Train - Loss: 33140439.60
Val - Loss, MSE, RMSE, MAE, MAPE: 40384900.00, 40384901.00, 6233.24, 4842.84, 6.12%
Test - Best epoch, Loss, MSE, RMSE, MAE, MAPE: 6, 96572896.00, 96572900.00, 9776.99, 7626.36, 8.76%
- Epoch 008, ExpID 29430
Train - Loss: 32793725.00
Val - Loss, MSE, RMSE, MAE, MAPE: 39421152.00, 39421154.00, 6162.40, 4781.12, 6.04%
Test - Best epoch, Loss, MSE, RMSE, MAE, MAPE: 8, 96615864.00, 96615864.00, 9775.87, 7639.39, 8.77%
- Epoch 009, ExpID 29430
Train - Loss: 32192411.20
Val - Loss, MSE, RMSE, MAE, MAPE: 38933652.00, 38933651.00, 6133.92, 4755.77, 6.01%
Test - Best epoch, Loss, MSE, RMSE, MAE, MAPE: 9, 97741584.00, 97741580.00, 9821.07, 7687.84, 8.82%
- Epoch 010, ExpID 29430
Train - Loss: 32303764.80
Val - Loss, MSE, RMSE, MAE, MAPE: 38314128.00, 38314127.00, 6082.90, 4705.67, 5.96%
Test - Best epoch, Loss, MSE, RMSE, MAE, MAPE: 10, 96452040.00, 96452040.00, 9758.91, 7642.36, 8.78%
- Epoch 011, ExpID 29430
Train - Loss: 31765298.10
Val - Loss, MSE, RMSE, MAE, MAPE: 38048040.00, 38048038.00, 6067.47, 4698.36, 5.94%
Test - Best epoch, Loss, MSE, RMSE, MAE, MAPE: 11, 95696000.00, 95696000.00, 9721.04, 7611.45, 8.73%
- Epoch 012, ExpID 29430
Train - Loss: 31559749.60
Val - Loss, MSE, RMSE, MAE, MAPE: 37501860.00, 37501860.00, 6021.04, 4669.85, 5.92%
Test - Best epoch, Loss, MSE, RMSE, MAE, MAPE: 12, 93397976.00, 93397976.00, 9612.79, 7539.93, 8.67%
- Epoch 013, ExpID 29430
Train - Loss: 31144183.10
Val - Loss, MSE, RMSE, MAE, MAPE: 37093784.00, 37093784.00, 5994.71, 4632.38, 5.86%
Test - Best epoch, Loss, MSE, RMSE, MAE, MAPE: 13, 94255296.00, 94255296.00, 9648.30, 7568.09, 8.69%
- Epoch 014, ExpID 29430
Train - Loss: 31095423.60
Val - Loss, MSE, RMSE, MAE, MAPE: 36302272.00, 36302271.00, 5923.11, 4590.95, 5.83%
Test - Best epoch, Loss, MSE, RMSE, MAE, MAPE: 14, 91528800.00, 91528804.00, 9517.19, 7476.21, 8.59%
- Epoch 015, ExpID 29430
Train - Loss: 30851823.70
Val - Loss, MSE, RMSE, MAE, MAPE: 36548520.00, 36548520.00, 5945.63, 4607.00, 5.83%
Test - Best epoch, Loss, MSE, RMSE, MAE, MAPE: 14, 91528800.00, 91528804.00, 9517.19, 7476.21, 8.59%
- Epoch 016, ExpID 29430
Train - Loss: 30488502.10
Val - Loss, MSE, RMSE, MAE, MAPE: 35581868.00, 35581868.00, 5869.02, 4542.32, 5.76%
Test - Best epoch, Loss, MSE, RMSE, MAE, MAPE: 16, 90076472.00, 90076472.00, 9443.60, 7415.54, 8.52%
- Epoch 017, ExpID 29430
Train - Loss: 30426701.40
Val - Loss, MSE, RMSE, MAE, MAPE: 35302488.00, 35302487.00, 5840.92, 4529.58, 5.74%
Test - Best epoch, Loss, MSE, RMSE, MAE, MAPE: 17, 88254744.00, 88254744.00, 9357.21, 7350.47, 8.44%
- Epoch 018, ExpID 29430
Train - Loss: 30200551.50
Val - Loss, MSE, RMSE, MAE, MAPE: 34994752.00, 34994752.00, 5819.02, 4523.92, 5.75%
Test - Best epoch, Loss, MSE, RMSE, MAE, MAPE: 18, 86288808.00, 86288808.00, 9260.02, 7287.87, 8.38%
- Epoch 019, ExpID 29430
Train - Loss: 29912384.60
Val - Loss, MSE, RMSE, MAE, MAPE: 33861304.00, 33861302.00, 5725.38, 4448.89, 5.66%
Test - Best epoch, Loss, MSE, RMSE, MAE, MAPE: 19, 87110904.00, 87110904.00, 9289.45, 7328.41, 8.43%
- Epoch 020, ExpID 29430
Train - Loss: 29856967.90
Val - Loss, MSE, RMSE, MAE, MAPE: 34513936.00, 34513936.00, 5780.74, 4509.04, 5.73%
Test - Best epoch, Loss, MSE, RMSE, MAE, MAPE: 19, 87110904.00, 87110904.00, 9289.45, 7328.41, 8.43%
- Epoch 021, ExpID 29430
Train - Loss: 29569725.00
Val - Loss, MSE, RMSE, MAE, MAPE: 33518634.00, 33518634.00, 5696.04, 4441.04, 5.65%
Test - Best epoch, Loss, MSE, RMSE, MAE, MAPE: 21, 84802168.00, 84802168.00, 9177.44, 7253.99, 8.34%
- Epoch 022, ExpID 29430
Train - Loss: 29346207.60
Val - Loss, MSE, RMSE, MAE, MAPE: 33268308.00, 33268307.00, 5671.45, 4428.75, 5.63%
Test - Best epoch, Loss, MSE, RMSE, MAE, MAPE: 22, 83861216.00, 83861220.00, 9130.71, 7214.94, 8.30%
- Epoch 023, ExpID 29430
Train - Loss: 29243146.40
Val - Loss, MSE, RMSE, MAE, MAPE: 32759676.00, 32759675.00, 5626.34, 4403.85, 5.61%
Test - Best epoch, Loss, MSE, RMSE, MAE, MAPE: 23, 82616592.00, 82616596.00, 9065.97, 7180.97, 8.27%
- Epoch 024, ExpID 29430
Train - Loss: 29143493.50
Val - Loss, MSE, RMSE, MAE, MAPE: 32822980.00, 32822980.00, 5651.30, 4395.23, 5.55%
Test - Best epoch, Loss, MSE, RMSE, MAE, MAPE: 23, 82616592.00, 82616596.00, 9065.97, 7180.97, 8.27%
- Epoch 025, ExpID 29430
Train - Loss: 28872862.70
Val - Loss, MSE, RMSE, MAE, MAPE: 33180542.00, 33180542.00, 5667.89, 4432.60, 5.61%
Test - Best epoch, Loss, MSE, RMSE, MAE, MAPE: 23, 82616592.00, 82616596.00, 9065.97, 7180.97, 8.27%
- Epoch 026, ExpID 29430
Train - Loss: 28747797.40
Val - Loss, MSE, RMSE, MAE, MAPE: 31665984.00, 31665984.00, 5536.70, 4327.81, 5.50%
Test - Best epoch, Loss, MSE, RMSE, MAE, MAPE: 26, 82571200.00, 82571200.00, 9060.14, 7183.86, 8.27%
- Epoch 027, ExpID 29430
Train - Loss: 28525995.60
Val - Loss, MSE, RMSE, MAE, MAPE: 32361360.00, 32361361.00, 5594.65, 4371.17, 5.53%
Test - Best epoch, Loss, MSE, RMSE, MAE, MAPE: 26, 82571200.00, 82571200.00, 9060.14, 7183.86, 8.27%
- Epoch 028, ExpID 29430
Train - Loss: 28482014.30
Val - Loss, MSE, RMSE, MAE, MAPE: 31304256.00, 31304257.00, 5507.12, 4313.11, 5.48%
Test - Best epoch, Loss, MSE, RMSE, MAE, MAPE: 28, 81693568.00, 81693564.00, 9012.68, 7152.67, 8.23%
- Epoch 029, ExpID 29430
Train - Loss: 28186326.20
Val - Loss, MSE, RMSE, MAE, MAPE: 31128704.00, 31128705.00, 5490.79, 4317.53, 5.49%
Test - Best epoch, Loss, MSE, RMSE, MAE, MAPE: 29, 80395408.00, 80395412.00, 8943.65, 7104.79, 8.18%
- Epoch 030, ExpID 29430
Train - Loss: 28102609.60
Val - Loss, MSE, RMSE, MAE, MAPE: 30977390.00, 30977390.00, 5478.11, 4301.82, 5.47%
Test - Best epoch, Loss, MSE, RMSE, MAE, MAPE: 30, 80273536.00, 80273540.00, 8938.66, 7108.08, 8.19%
- Epoch 031, ExpID 29430
Train - Loss: 27733150.50
Val - Loss, MSE, RMSE, MAE, MAPE: 30611490.00, 30611490.00, 5445.81, 4275.17, 5.44%
Test - Best epoch, Loss, MSE, RMSE, MAE, MAPE: 31, 79653848.00, 79653848.00, 8904.36, 7074.37, 8.15%
- Epoch 032, ExpID 29430
Train - Loss: 27730810.70
Val - Loss, MSE, RMSE, MAE, MAPE: 30968108.00, 30968109.00, 5476.96, 4300.81, 5.44%
Test - Best epoch, Loss, MSE, RMSE, MAE, MAPE: 31, 79653848.00, 79653848.00, 8904.36, 7074.37, 8.15%
- Epoch 033, ExpID 29430
Train - Loss: 27585985.90
Val - Loss, MSE, RMSE, MAE, MAPE: 29903188.00, 29903188.00, 5383.94, 4224.22, 5.37%
Test - Best epoch, Loss, MSE, RMSE, MAE, MAPE: 33, 79065968.00, 79065964.00, 8869.70, 7052.60, 8.12%
- Epoch 034, ExpID 29430
Train - Loss: 27244084.80
Val - Loss, MSE, RMSE, MAE, MAPE: 29941782.00, 29941782.00, 5386.40, 4247.41, 5.40%
Test - Best epoch, Loss, MSE, RMSE, MAE, MAPE: 33, 79065968.00, 79065964.00, 8869.70, 7052.60, 8.12%
- Epoch 035, ExpID 29430
Train - Loss: 27364639.10
Val - Loss, MSE, RMSE, MAE, MAPE: 30025756.00, 30025757.00, 5388.12, 4240.38, 5.39%
Test - Best epoch, Loss, MSE, RMSE, MAE, MAPE: 33, 79065968.00, 79065964.00, 8869.70, 7052.60, 8.12%
- Epoch 036, ExpID 29430
Train - Loss: 27021868.00
Val - Loss, MSE, RMSE, MAE, MAPE: 29748956.00, 29748957.00, 5369.46, 4215.99, 5.34%
Test - Best epoch, Loss, MSE, RMSE, MAE, MAPE: 36, 77955432.00, 77955432.00, 8814.12, 7002.03, 8.05%
- Epoch 037, ExpID 29430
Train - Loss: 26880788.80
Val - Loss, MSE, RMSE, MAE, MAPE: 29349262.00, 29349262.00, 5344.04, 4215.71, 5.36%
Test - Best epoch, Loss, MSE, RMSE, MAE, MAPE: 37, 76215264.00, 76215260.00, 8717.46, 6909.74, 7.96%
- Epoch 038, ExpID 29430
Train - Loss: 27031234.40
Val - Loss, MSE, RMSE, MAE, MAPE: 28914638.00, 28914638.00, 5299.77, 4177.78, 5.30%
Test - Best epoch, Loss, MSE, RMSE, MAE, MAPE: 38, 75373328.00, 75373332.00, 8667.51, 6882.00, 7.92%
- Epoch 039, ExpID 29430
Train - Loss: 26794163.30
Val - Loss, MSE, RMSE, MAE, MAPE: 29088268.00, 29088268.00, 5322.36, 4177.43, 5.28%
Test - Best epoch, Loss, MSE, RMSE, MAE, MAPE: 38, 75373328.00, 75373332.00, 8667.51, 6882.00, 7.92%
- Epoch 040, ExpID 29430
Train - Loss: 26503225.60
Val - Loss, MSE, RMSE, MAE, MAPE: 28658234.00, 28658234.00, 5284.99, 4160.67, 5.28%
Test - Best epoch, Loss, MSE, RMSE, MAE, MAPE: 40, 75246744.00, 75246746.00, 8661.46, 6864.71, 7.90%
- Epoch 041, ExpID 29430
Train - Loss: 26487914.30
Val - Loss, MSE, RMSE, MAE, MAPE: 28365432.00, 28365433.00, 5249.30, 4137.72, 5.25%
Test - Best epoch, Loss, MSE, RMSE, MAE, MAPE: 41, 73765488.00, 73765488.00, 8580.01, 6795.09, 7.82%
- Epoch 042, ExpID 29430
Train - Loss: 26207768.50
Val - Loss, MSE, RMSE, MAE, MAPE: 28242222.00, 28242222.00, 5241.15, 4149.91, 5.28%
Test - Best epoch, Loss, MSE, RMSE, MAE, MAPE: 42, 72242960.00, 72242960.00, 8495.90, 6719.96, 7.74%
- Epoch 043, ExpID 29430
Train - Loss: 26048611.40
Val - Loss, MSE, RMSE, MAE, MAPE: 27871324.00, 27871323.00, 5212.69, 4130.32, 5.27%
Test - Best epoch, Loss, MSE, RMSE, MAE, MAPE: 43, 70390840.00, 70390840.00, 8386.68, 6620.69, 7.64%
- Epoch 044, ExpID 29430
Train - Loss: 25924652.60
Val - Loss, MSE, RMSE, MAE, MAPE: 27889792.00, 27889793.00, 5206.63, 4121.10, 5.23%
Test - Best epoch, Loss, MSE, RMSE, MAE, MAPE: 43, 70390840.00, 70390840.00, 8386.68, 6620.69, 7.64%
- Epoch 045, ExpID 29430
Train - Loss: 25858005.60
Val - Loss, MSE, RMSE, MAE, MAPE: 27737684.00, 27737684.00, 5191.41, 4116.11, 5.23%
Test - Best epoch, Loss, MSE, RMSE, MAE, MAPE: 45, 69987968.00, 69987964.00, 8365.66, 6581.82, 7.58%
- Epoch 046, ExpID 29430
Train - Loss: 25621695.40
Val - Loss, MSE, RMSE, MAE, MAPE: 27300998.00, 27300998.00, 5148.66, 4069.36, 5.17%
Test - Best epoch, Loss, MSE, RMSE, MAE, MAPE: 46, 70665512.00, 70665512.00, 8405.94, 6614.11, 7.61%
- Epoch 047, ExpID 29430
Train - Loss: 25524333.50
Val - Loss, MSE, RMSE, MAE, MAPE: 27004538.00, 27004538.00, 5134.19, 4064.55, 5.17%
Test - Best epoch, Loss, MSE, RMSE, MAE, MAPE: 47, 69259984.00, 69259986.00, 8321.14, 6526.00, 7.51%
- Epoch 048, ExpID 29430
Train - Loss: 25261232.20
Val - Loss, MSE, RMSE, MAE, MAPE: 26433224.00, 26433223.00, 5076.90, 4021.83, 5.13%
Test - Best epoch, Loss, MSE, RMSE, MAE, MAPE: 48, 68160992.00, 68160996.00, 8254.97, 6470.73, 7.46%
- Epoch 049, ExpID 29430
Train - Loss: 24981937.80
Val - Loss, MSE, RMSE, MAE, MAPE: 27015540.00, 27015539.00, 5133.85, 4081.50, 5.20%
Test - Best epoch, Loss, MSE, RMSE, MAE, MAPE: 48, 68160992.00, 68160996.00, 8254.97, 6470.73, 7.46%
- Epoch 050, ExpID 29430
Train - Loss: 25021546.50
Val - Loss, MSE, RMSE, MAE, MAPE: 26164600.00, 26164601.00, 5054.89, 4008.10, 5.11%
Test - Best epoch, Loss, MSE, RMSE, MAE, MAPE: 50, 66770120.00, 66770120.00, 8171.29, 6379.40, 7.36%
- Epoch 051, ExpID 29430
Train - Loss: 24779514.50
Val - Loss, MSE, RMSE, MAE, MAPE: 25807732.00, 25807733.00, 5020.58, 3984.55, 5.07%
Test - Best epoch, Loss, MSE, RMSE, MAE, MAPE: 51, 66155944.00, 66155944.00, 8133.35, 6338.57, 7.30%
- Epoch 052, ExpID 29430
Train - Loss: 24763450.00
Val - Loss, MSE, RMSE, MAE, MAPE: 26055194.00, 26055194.00, 5051.74, 4029.35, 5.15%
Test - Best epoch, Loss, MSE, RMSE, MAE, MAPE: 51, 66155944.00, 66155944.00, 8133.35, 6338.57, 7.30%
- Epoch 053, ExpID 29430
Train - Loss: 24639897.10
Val - Loss, MSE, RMSE, MAE, MAPE: 26183712.00, 26183713.00, 5059.13, 4025.68, 5.14%
Test - Best epoch, Loss, MSE, RMSE, MAE, MAPE: 51, 66155944.00, 66155944.00, 8133.35, 6338.57, 7.30%
- Epoch 054, ExpID 29430
Train - Loss: 24390205.40
Val - Loss, MSE, RMSE, MAE, MAPE: 25957724.00, 25957724.00, 5040.78, 4008.16, 5.12%
Test - Best epoch, Loss, MSE, RMSE, MAE, MAPE: 51, 66155944.00, 66155944.00, 8133.35, 6338.57, 7.30%
- Epoch 055, ExpID 29430
Train - Loss: 24142369.10
Val - Loss, MSE, RMSE, MAE, MAPE: 25951136.00, 25951137.00, 5036.75, 3998.14, 5.09%
Test - Best epoch, Loss, MSE, RMSE, MAE, MAPE: 51, 66155944.00, 66155944.00, 8133.35, 6338.57, 7.30%
- Epoch 056, ExpID 29430
Train - Loss: 24154600.90
Val - Loss, MSE, RMSE, MAE, MAPE: 25450856.00, 25450855.00, 4982.78, 3953.13, 5.04%
Test - Best epoch, Loss, MSE, RMSE, MAE, MAPE: 56, 64271972.00, 64271972.00, 8014.67, 6211.56, 7.17%
- Epoch 057, ExpID 29430
Train - Loss: 23942753.30
Val - Loss, MSE, RMSE, MAE, MAPE: 25706476.00, 25706476.00, 5012.31, 3993.08, 5.09%
Test - Best epoch, Loss, MSE, RMSE, MAE, MAPE: 56, 64271972.00, 64271972.00, 8014.67, 6211.56, 7.17%
- Epoch 058, ExpID 29430
Train - Loss: 23801055.50
Val - Loss, MSE, RMSE, MAE, MAPE: 25071708.00, 25071707.00, 4946.49, 3925.78, 4.99%
Test - Best epoch, Loss, MSE, RMSE, MAE, MAPE: 58, 64536036.00, 64536036.00, 8030.60, 6194.94, 7.13%
- Epoch 059, ExpID 29430
Train - Loss: 23637951.10
Val - Loss, MSE, RMSE, MAE, MAPE: 25083260.00, 25083260.00, 4963.15, 3961.11, 5.07%
Test - Best epoch, Loss, MSE, RMSE, MAE, MAPE: 58, 64536036.00, 64536036.00, 8030.60, 6194.94, 7.13%
- Epoch 060, ExpID 29430
Train - Loss: 23468565.70
Val - Loss, MSE, RMSE, MAE, MAPE: 25232172.00, 25232173.00, 4961.76, 3946.88, 5.03%
Test - Best epoch, Loss, MSE, RMSE, MAE, MAPE: 58, 64536036.00, 64536036.00, 8030.60, 6194.94, 7.13%
- Epoch 061, ExpID 29430
Train - Loss: 23509484.30
Val - Loss, MSE, RMSE, MAE, MAPE: 24481504.00, 24481504.00, 4891.72, 3881.00, 4.95%
Test - Best epoch, Loss, MSE, RMSE, MAE, MAPE: 61, 63370816.00, 63370816.00, 7957.12, 6130.35, 7.07%
- Epoch 062, ExpID 29430
Train - Loss: 23152419.90
Val - Loss, MSE, RMSE, MAE, MAPE: 24758554.00, 24758554.00, 4923.65, 3922.55, 5.00%
Test - Best epoch, Loss, MSE, RMSE, MAE, MAPE: 61, 63370816.00, 63370816.00, 7957.12, 6130.35, 7.07%
- Epoch 063, ExpID 29430
Train - Loss: 23099683.70
Val - Loss, MSE, RMSE, MAE, MAPE: 23914424.00, 23914424.00, 4835.43, 3835.31, 4.89%
Test - Best epoch, Loss, MSE, RMSE, MAE, MAPE: 63, 61978748.00, 61978748.00, 7870.68, 6051.64, 6.98%
- Epoch 064, ExpID 29430
Train - Loss: 22940554.60
Val - Loss, MSE, RMSE, MAE, MAPE: 23960200.00, 23960201.00, 4845.04, 3862.21, 4.93%
Test - Best epoch, Loss, MSE, RMSE, MAE, MAPE: 63, 61978748.00, 61978748.00, 7870.68, 6051.64, 6.98%
- Epoch 065, ExpID 29430
Train - Loss: 22782966.10
Val - Loss, MSE, RMSE, MAE, MAPE: 24679716.00, 24679716.00, 4914.99, 3923.90, 5.01%
Test - Best epoch, Loss, MSE, RMSE, MAE, MAPE: 63, 61978748.00, 61978748.00, 7870.68, 6051.64, 6.98%
- Epoch 066, ExpID 29430
Train - Loss: 22793970.30
Val - Loss, MSE, RMSE, MAE, MAPE: 23820298.00, 23820298.00, 4827.36, 3842.57, 4.90%
Test - Best epoch, Loss, MSE, RMSE, MAE, MAPE: 66, 62121416.00, 62121418.00, 7877.08, 6048.37, 6.99%
- Epoch 067, ExpID 29430
Train - Loss: 22554736.50
Val - Loss, MSE, RMSE, MAE, MAPE: 23933834.00, 23933834.00, 4842.37, 3852.00, 4.92%
Test - Best epoch, Loss, MSE, RMSE, MAE, MAPE: 66, 62121416.00, 62121418.00, 7877.08, 6048.37, 6.99%
- Epoch 068, ExpID 29430
Train - Loss: 22455069.80
Val - Loss, MSE, RMSE, MAE, MAPE: 23841404.00, 23841403.00, 4836.57, 3855.47, 4.93%
Test - Best epoch, Loss, MSE, RMSE, MAE, MAPE: 66, 62121416.00, 62121418.00, 7877.08, 6048.37, 6.99%
- Epoch 069, ExpID 29430
Train - Loss: 22471717.20
Val - Loss, MSE, RMSE, MAE, MAPE: 24067166.00, 24067166.00, 4851.48, 3861.45, 4.93%
Test - Best epoch, Loss, MSE, RMSE, MAE, MAPE: 66, 62121416.00, 62121418.00, 7877.08, 6048.37, 6.99%
- Epoch 070, ExpID 29430
Train - Loss: 22071878.60
Val - Loss, MSE, RMSE, MAE, MAPE: 24586908.00, 24586909.00, 4904.25, 3902.66, 4.97%
Test - Best epoch, Loss, MSE, RMSE, MAE, MAPE: 66, 62121416.00, 62121418.00, 7877.08, 6048.37, 6.99%
- Epoch 071, ExpID 29430
Train - Loss: 21941043.20
Val - Loss, MSE, RMSE, MAE, MAPE: 24592344.00, 24592345.00, 4904.64, 3914.56, 5.00%
Test - Best epoch, Loss, MSE, RMSE, MAE, MAPE: 66, 62121416.00, 62121418.00, 7877.08, 6048.37, 6.99%
- Epoch 072, ExpID 29430
Train - Loss: 21744747.90
Val - Loss, MSE, RMSE, MAE, MAPE: 24190084.00, 24190084.00, 4868.26, 3878.19, 4.95%
Test - Best epoch, Loss, MSE, RMSE, MAE, MAPE: 66, 62121416.00, 62121418.00, 7877.08, 6048.37, 6.99%
- Epoch 073, ExpID 29430
Train - Loss: 21750893.20
Val - Loss, MSE, RMSE, MAE, MAPE: 23528280.00, 23528280.00, 4797.49, 3816.93, 4.87%
Test - Best epoch, Loss, MSE, RMSE, MAE, MAPE: 73, 61049744.00, 61049746.00, 7808.21, 5958.94, 6.89%
- Epoch 074, ExpID 29430
Train - Loss: 21732544.50
Val - Loss, MSE, RMSE, MAE, MAPE: 23823352.00, 23823351.00, 4837.29, 3854.84, 4.94%
Test - Best epoch, Loss, MSE, RMSE, MAE, MAPE: 73, 61049744.00, 61049746.00, 7808.21, 5958.94, 6.89%
- Epoch 075, ExpID 29430
Train - Loss: 21554220.50
Val - Loss, MSE, RMSE, MAE, MAPE: 24055052.00, 24055051.50, 4845.22, 3848.33, 4.89%
Test - Best epoch, Loss, MSE, RMSE, MAE, MAPE: 73, 61049744.00, 61049746.00, 7808.21, 5958.94, 6.89%
- Epoch 076, ExpID 29430
Train - Loss: 21407464.70
Val - Loss, MSE, RMSE, MAE, MAPE: 23510028.00, 23510028.00, 4799.23, 3821.62, 4.87%
Test - Best epoch, Loss, MSE, RMSE, MAE, MAPE: 76, 61012328.00, 61012330.00, 7806.24, 5949.35, 6.88%
- Epoch 077, ExpID 29430
Train - Loss: 21322428.10
Val - Loss, MSE, RMSE, MAE, MAPE: 23282494.00, 23282494.50, 4775.47, 3780.09, 4.81%
Test - Best epoch, Loss, MSE, RMSE, MAE, MAPE: 77, 62027040.00, 62027042.00, 7873.30, 6043.01, 6.99%
- Epoch 078, ExpID 29430
Train - Loss: 21271946.50
Val - Loss, MSE, RMSE, MAE, MAPE: 23336404.00, 23336404.00, 4789.40, 3818.87, 4.89%
Test - Best epoch, Loss, MSE, RMSE, MAE, MAPE: 77, 62027040.00, 62027042.00, 7873.30, 6043.01, 6.99%
- Epoch 079, ExpID 29430
Train - Loss: 21085127.40
Val - Loss, MSE, RMSE, MAE, MAPE: 23559590.00, 23559589.50, 4794.34, 3799.38, 4.84%
Test - Best epoch, Loss, MSE, RMSE, MAE, MAPE: 77, 62027040.00, 62027042.00, 7873.30, 6043.01, 6.99%
- Epoch 080, ExpID 29430
Train - Loss: 21061728.90
Val - Loss, MSE, RMSE, MAE, MAPE: 23242382.00, 23242382.00, 4775.37, 3805.43, 4.87%
Test - Best epoch, Loss, MSE, RMSE, MAE, MAPE: 80, 59954620.00, 59954620.00, 7736.40, 5897.69, 6.85%
- Epoch 081, ExpID 29430
Train - Loss: 20787957.40
Val - Loss, MSE, RMSE, MAE, MAPE: 22589798.00, 22589797.50, 4704.73, 3727.86, 4.76%
Test - Best epoch, Loss, MSE, RMSE, MAE, MAPE: 81, 59186188.00, 59186188.00, 7691.07, 5870.63, 6.80%
- Epoch 082, ExpID 29430
Train - Loss: 20666812.60
Val - Loss, MSE, RMSE, MAE, MAPE: 22683186.00, 22683185.50, 4714.80, 3744.41, 4.77%
Test - Best epoch, Loss, MSE, RMSE, MAE, MAPE: 81, 59186188.00, 59186188.00, 7691.07, 5870.63, 6.80%
- Epoch 083, ExpID 29430
Train - Loss: 20596617.50
Val - Loss, MSE, RMSE, MAE, MAPE: 22566580.00, 22566579.00, 4697.20, 3722.14, 4.74%
Test - Best epoch, Loss, MSE, RMSE, MAE, MAPE: 83, 60313928.00, 60313926.00, 7762.56, 5947.03, 6.89%
- Epoch 084, ExpID 29430
Train - Loss: 20444637.30
Val - Loss, MSE, RMSE, MAE, MAPE: 23207730.00, 23207729.50, 4768.85, 3793.51, 4.84%
Test - Best epoch, Loss, MSE, RMSE, MAE, MAPE: 83, 60313928.00, 60313926.00, 7762.56, 5947.03, 6.89%
- Epoch 085, ExpID 29430
Train - Loss: 20300415.00
Val - Loss, MSE, RMSE, MAE, MAPE: 22695936.00, 22695936.00, 4707.77, 3727.35, 4.74%
Test - Best epoch, Loss, MSE, RMSE, MAE, MAPE: 83, 60313928.00, 60313926.00, 7762.56, 5947.03, 6.89%
- Epoch 086, ExpID 29430
Train - Loss: 20510163.80
Val - Loss, MSE, RMSE, MAE, MAPE: 22138492.00, 22138493.00, 4658.63, 3689.03, 4.72%
Test - Best epoch, Loss, MSE, RMSE, MAE, MAPE: 86, 59224632.00, 59224634.00, 7692.49, 5888.47, 6.84%
- Epoch 087, ExpID 29430
Train - Loss: 20387584.60
Val - Loss, MSE, RMSE, MAE, MAPE: 23113028.00, 23113027.00, 4762.22, 3785.37, 4.84%
Test - Best epoch, Loss, MSE, RMSE, MAE, MAPE: 86, 59224632.00, 59224634.00, 7692.49, 5888.47, 6.84%
- Epoch 088, ExpID 29430
Train - Loss: 20105072.20
Val - Loss, MSE, RMSE, MAE, MAPE: 23113800.00, 23113799.00, 4746.29, 3754.23, 4.76%
Test - Best epoch, Loss, MSE, RMSE, MAE, MAPE: 86, 59224632.00, 59224634.00, 7692.49, 5888.47, 6.84%
- Epoch 089, ExpID 29430
Train - Loss: 20027158.70
Val - Loss, MSE, RMSE, MAE, MAPE: 22959660.00, 22959659.00, 4745.20, 3769.25, 4.84%
Test - Best epoch, Loss, MSE, RMSE, MAE, MAPE: 86, 59224632.00, 59224634.00, 7692.49, 5888.47, 6.84%
- Epoch 090, ExpID 29430
Train - Loss: 20328091.10
Val - Loss, MSE, RMSE, MAE, MAPE: 22719544.00, 22719544.50, 4710.51, 3722.47, 4.73%
Test - Best epoch, Loss, MSE, RMSE, MAE, MAPE: 86, 59224632.00, 59224634.00, 7692.49, 5888.47, 6.84%
- Epoch 091, ExpID 29430
Train - Loss: 19897873.40
Val - Loss, MSE, RMSE, MAE, MAPE: 23210834.00, 23210834.00, 4781.73, 3810.93, 4.91%
Test - Best epoch, Loss, MSE, RMSE, MAE, MAPE: 86, 59224632.00, 59224634.00, 7692.49, 5888.47, 6.84%
- Epoch 092, ExpID 29430
Train - Loss: 19750630.90
Val - Loss, MSE, RMSE, MAE, MAPE: 22397406.00, 22397406.00, 4678.90, 3699.57, 4.70%
Test - Best epoch, Loss, MSE, RMSE, MAE, MAPE: 86, 59224632.00, 59224634.00, 7692.49, 5888.47, 6.84%
- Epoch 093, ExpID 29430
Train - Loss: 19665626.20
Val - Loss, MSE, RMSE, MAE, MAPE: 22296064.00, 22296063.50, 4675.36, 3699.37, 4.72%
Test - Best epoch, Loss, MSE, RMSE, MAE, MAPE: 86, 59224632.00, 59224634.00, 7692.49, 5888.47, 6.84%
- Epoch 094, ExpID 29430
Train - Loss: 19652488.80
Val - Loss, MSE, RMSE, MAE, MAPE: 23140464.00, 23140465.00, 4743.60, 3747.54, 4.75%
Test - Best epoch, Loss, MSE, RMSE, MAE, MAPE: 86, 59224632.00, 59224634.00, 7692.49, 5888.47, 6.84%
- Epoch 095, ExpID 29430
Train - Loss: 19577918.70
Val - Loss, MSE, RMSE, MAE, MAPE: 22617492.00, 22617491.00, 4706.03, 3718.51, 4.73%
Test - Best epoch, Loss, MSE, RMSE, MAE, MAPE: 86, 59224632.00, 59224634.00, 7692.49, 5888.47, 6.84%
- Epoch 096, ExpID 29430
Train - Loss: 19577509.10
Val - Loss, MSE, RMSE, MAE, MAPE: 22315996.00, 22315996.50, 4671.35, 3694.81, 4.71%
Test - Best epoch, Loss, MSE, RMSE, MAE, MAPE: 86, 59224632.00, 59224634.00, 7692.49, 5888.47, 6.84%
Early Stopping at Epoch 96
Fold 2017 Best RMSE: 7692.4924

-------------------- [Fold: 2018] ExpID: 36892 --------------------
- Epoch 000, ExpID 36892
Train - Loss: 51506264.00
Val - Loss, MSE, RMSE, MAE, MAPE: 88518768.00, 88518772.00, 9375.98, 7375.73, 8.67%
Test - Best epoch, Loss, MSE, RMSE, MAE, MAPE: 0, 56470504.00, 56470504.00, 7465.78, 5846.50, 6.42%
- Epoch 001, ExpID 36892
Train - Loss: 43019306.67
Val - Loss, MSE, RMSE, MAE, MAPE: 84300704.00, 84300708.00, 9160.33, 7065.92, 8.25%
Test - Best epoch, Loss, MSE, RMSE, MAE, MAPE: 1, 53400492.00, 53400492.00, 7263.48, 5660.58, 6.20%
- Epoch 002, ExpID 36892
Train - Loss: 40205603.81
Val - Loss, MSE, RMSE, MAE, MAPE: 82875600.00, 82875604.00, 9091.63, 6966.77, 8.10%
Test - Best epoch, Loss, MSE, RMSE, MAE, MAPE: 2, 51703192.00, 51703194.00, 7147.41, 5566.13, 6.08%
- Epoch 003, ExpID 36892
Train - Loss: 38228461.90
Val - Loss, MSE, RMSE, MAE, MAPE: 85413136.00, 85413136.00, 9241.92, 7125.38, 8.24%
Test - Best epoch, Loss, MSE, RMSE, MAE, MAPE: 2, 51703192.00, 51703194.00, 7147.41, 5566.13, 6.08%
- Epoch 004, ExpID 36892
Train - Loss: 36386494.10
Val - Loss, MSE, RMSE, MAE, MAPE: 98221232.00, 98221236.00, 9859.14, 7702.43, 8.85%
Test - Best epoch, Loss, MSE, RMSE, MAE, MAPE: 2, 51703192.00, 51703194.00, 7147.41, 5566.13, 6.08%
- Epoch 005, ExpID 36892
Train - Loss: 35432312.86
Val - Loss, MSE, RMSE, MAE, MAPE: 99481216.00, 99481216.00, 9910.31, 7728.82, 8.86%
Test - Best epoch, Loss, MSE, RMSE, MAE, MAPE: 2, 51703192.00, 51703194.00, 7147.41, 5566.13, 6.08%
- Epoch 006, ExpID 36892
Train - Loss: 34912699.14
Val - Loss, MSE, RMSE, MAE, MAPE: 98501216.00, 98501220.00, 9859.23, 7707.10, 8.85%
Test - Best epoch, Loss, MSE, RMSE, MAE, MAPE: 2, 51703192.00, 51703194.00, 7147.41, 5566.13, 6.08%
- Epoch 007, ExpID 36892
Train - Loss: 34526115.43
Val - Loss, MSE, RMSE, MAE, MAPE: 97437360.00, 97437364.00, 9803.56, 7698.11, 8.85%
Test - Best epoch, Loss, MSE, RMSE, MAE, MAPE: 2, 51703192.00, 51703194.00, 7147.41, 5566.13, 6.08%
- Epoch 008, ExpID 36892
Train - Loss: 33917632.19
Val - Loss, MSE, RMSE, MAE, MAPE: 97372776.00, 97372776.00, 9800.36, 7687.09, 8.83%
Test - Best epoch, Loss, MSE, RMSE, MAE, MAPE: 2, 51703192.00, 51703194.00, 7147.41, 5566.13, 6.08%
- Epoch 009, ExpID 36892
Train - Loss: 33508516.67
Val - Loss, MSE, RMSE, MAE, MAPE: 98017248.00, 98017248.00, 9822.23, 7698.67, 8.83%
Test - Best epoch, Loss, MSE, RMSE, MAE, MAPE: 2, 51703192.00, 51703194.00, 7147.41, 5566.13, 6.08%
- Epoch 010, ExpID 36892
Train - Loss: 33156143.14
Val - Loss, MSE, RMSE, MAE, MAPE: 93672000.00, 93672004.00, 9615.86, 7549.60, 8.69%
Test - Best epoch, Loss, MSE, RMSE, MAE, MAPE: 2, 51703192.00, 51703194.00, 7147.41, 5566.13, 6.08%
- Epoch 011, ExpID 36892
Train - Loss: 32928624.57
Val - Loss, MSE, RMSE, MAE, MAPE: 94709792.00, 94709788.00, 9665.24, 7581.01, 8.70%
Test - Best epoch, Loss, MSE, RMSE, MAE, MAPE: 2, 51703192.00, 51703194.00, 7147.41, 5566.13, 6.08%
- Epoch 012, ExpID 36892
Train - Loss: 32549531.14
Val - Loss, MSE, RMSE, MAE, MAPE: 95676944.00, 95676944.00, 9711.75, 7601.25, 8.70%
Test - Best epoch, Loss, MSE, RMSE, MAE, MAPE: 2, 51703192.00, 51703194.00, 7147.41, 5566.13, 6.08%
Early Stopping at Epoch 12
Fold 2018 Best RMSE: 7147.4084

-------------------- [Fold: 2019] ExpID: 32884 --------------------
- Epoch 000, ExpID 32884
Train - Loss: 53913392.87
Val - Loss, MSE, RMSE, MAE, MAPE: 55420136.00, 55420138.00, 7386.68, 5749.80, 6.30%
Test - Best epoch, Loss, MSE, RMSE, MAE, MAPE: 0, 57677620.00, 57677620.00, 7433.14, 5910.90, 6.26%
- Epoch 001, ExpID 32884
Train - Loss: 46218178.61
Val - Loss, MSE, RMSE, MAE, MAPE: 53400752.00, 53400750.00, 7264.92, 5683.70, 6.21%
Test - Best epoch, Loss, MSE, RMSE, MAE, MAPE: 1, 51757160.00, 51757162.00, 6960.46, 5496.25, 5.83%
- Epoch 002, ExpID 32884
Train - Loss: 43115838.09
Val - Loss, MSE, RMSE, MAE, MAPE: 52259000.00, 52259002.00, 7194.23, 5628.27, 6.12%
Test - Best epoch, Loss, MSE, RMSE, MAE, MAPE: 2, 49613800.00, 49613801.00, 6803.89, 5318.01, 5.63%
- Epoch 003, ExpID 32884
Train - Loss: 40582808.87
Val - Loss, MSE, RMSE, MAE, MAPE: 53055088.00, 53055086.00, 7269.89, 5704.86, 6.17%
Test - Best epoch, Loss, MSE, RMSE, MAE, MAPE: 2, 49613800.00, 49613801.00, 6803.89, 5318.01, 5.63%
- Epoch 004, ExpID 32884
Train - Loss: 39104092.17
Val - Loss, MSE, RMSE, MAE, MAPE: 52679756.00, 52679756.00, 7246.72, 5692.18, 6.16%
Test - Best epoch, Loss, MSE, RMSE, MAE, MAPE: 2, 49613800.00, 49613801.00, 6803.89, 5318.01, 5.63%
- Epoch 005, ExpID 32884
Train - Loss: 38523981.04
Val - Loss, MSE, RMSE, MAE, MAPE: 52007528.00, 52007530.00, 7196.39, 5637.58, 6.10%
Test - Best epoch, Loss, MSE, RMSE, MAE, MAPE: 5, 48039900.00, 48039901.00, 6687.10, 5084.59, 5.39%
- Epoch 006, ExpID 32884
Train - Loss: 37868113.57
Val - Loss, MSE, RMSE, MAE, MAPE: 49201864.00, 49201864.00, 6986.95, 5475.25, 5.95%
Test - Best epoch, Loss, MSE, RMSE, MAE, MAPE: 6, 47438652.00, 47438652.00, 6627.37, 5060.32, 5.39%
- Epoch 007, ExpID 32884
Train - Loss: 36991642.09
Val - Loss, MSE, RMSE, MAE, MAPE: 49529232.00, 49529234.00, 7018.14, 5497.99, 5.95%
Test - Best epoch, Loss, MSE, RMSE, MAE, MAPE: 6, 47438652.00, 47438652.00, 6627.37, 5060.32, 5.39%
- Epoch 008, ExpID 32884
Train - Loss: 36598268.87
Val - Loss, MSE, RMSE, MAE, MAPE: 48034224.00, 48034222.00, 6902.51, 5415.99, 5.88%
Test - Best epoch, Loss, MSE, RMSE, MAE, MAPE: 8, 46188256.00, 46188257.00, 6513.24, 4943.06, 5.25%
- Epoch 009, ExpID 32884
Train - Loss: 36228073.39
Val - Loss, MSE, RMSE, MAE, MAPE: 47354472.00, 47354470.00, 6851.57, 5376.59, 5.84%
Test - Best epoch, Loss, MSE, RMSE, MAE, MAPE: 9, 46328952.00, 46328950.00, 6527.72, 4951.78, 5.26%
- Epoch 010, ExpID 32884
Train - Loss: 36110321.13
Val - Loss, MSE, RMSE, MAE, MAPE: 46940564.00, 46940564.00, 6825.04, 5356.96, 5.80%
Test - Best epoch, Loss, MSE, RMSE, MAE, MAPE: 10, 45709240.00, 45709242.00, 6482.88, 4901.23, 5.19%
- Epoch 011, ExpID 32884
Train - Loss: 35550420.70
Val - Loss, MSE, RMSE, MAE, MAPE: 46221372.00, 46221372.00, 6768.64, 5307.54, 5.75%
Test - Best epoch, Loss, MSE, RMSE, MAE, MAPE: 11, 45927512.00, 45927512.00, 6503.71, 4919.67, 5.21%
- Epoch 012, ExpID 32884
Train - Loss: 35222027.13
Val - Loss, MSE, RMSE, MAE, MAPE: 45473088.00, 45473088.00, 6712.94, 5264.13, 5.70%
Test - Best epoch, Loss, MSE, RMSE, MAE, MAPE: 12, 45374896.00, 45374895.00, 6450.85, 4868.90, 5.15%
- Epoch 013, ExpID 32884
Train - Loss: 35135128.17
Val - Loss, MSE, RMSE, MAE, MAPE: 44396400.00, 44396402.00, 6625.45, 5202.17, 5.65%
Test - Best epoch, Loss, MSE, RMSE, MAE, MAPE: 13, 45213232.00, 45213234.00, 6424.02, 4853.77, 5.15%
- Epoch 014, ExpID 32884
Train - Loss: 34571555.39
Val - Loss, MSE, RMSE, MAE, MAPE: 44225244.00, 44225244.00, 6618.20, 5191.58, 5.62%
Test - Best epoch, Loss, MSE, RMSE, MAE, MAPE: 14, 45623756.00, 45623756.00, 6463.14, 4876.29, 5.16%
- Epoch 015, ExpID 32884
Train - Loss: 34316776.70
Val - Loss, MSE, RMSE, MAE, MAPE: 43753592.00, 43753590.00, 6582.51, 5173.09, 5.59%
Test - Best epoch, Loss, MSE, RMSE, MAE, MAPE: 15, 45214736.00, 45214735.00, 6428.84, 4838.72, 5.12%
- Epoch 016, ExpID 32884
Train - Loss: 33848875.39
Val - Loss, MSE, RMSE, MAE, MAPE: 42573788.00, 42573788.00, 6481.45, 5087.84, 5.52%
Test - Best epoch, Loss, MSE, RMSE, MAE, MAPE: 16, 45171200.00, 45171200.00, 6407.76, 4847.07, 5.14%
- Epoch 017, ExpID 32884
Train - Loss: 33954865.30
Val - Loss, MSE, RMSE, MAE, MAPE: 42505960.00, 42505960.00, 6483.14, 5089.90, 5.50%
Test - Best epoch, Loss, MSE, RMSE, MAE, MAPE: 17, 44556368.00, 44556370.00, 6368.88, 4782.14, 5.05%
- Epoch 018, ExpID 32884
Train - Loss: 33469680.52
Val - Loss, MSE, RMSE, MAE, MAPE: 41743896.00, 41743897.00, 6417.74, 5043.29, 5.46%
Test - Best epoch, Loss, MSE, RMSE, MAE, MAPE: 18, 44338424.00, 44338424.00, 6337.90, 4786.67, 5.07%
- Epoch 019, ExpID 32884
Train - Loss: 33247970.70
Val - Loss, MSE, RMSE, MAE, MAPE: 41607732.00, 41607732.00, 6414.03, 5030.92, 5.44%
Test - Best epoch, Loss, MSE, RMSE, MAE, MAPE: 19, 44887176.00, 44887178.00, 6372.17, 4782.99, 5.06%
- Epoch 020, ExpID 32884
Train - Loss: 32966973.13
Val - Loss, MSE, RMSE, MAE, MAPE: 41557920.00, 41557922.00, 6411.91, 5042.00, 5.46%
Test - Best epoch, Loss, MSE, RMSE, MAE, MAPE: 20, 45406804.00, 45406805.00, 6419.33, 4837.90, 5.12%
- Epoch 021, ExpID 32884
Train - Loss: 32771230.61
Val - Loss, MSE, RMSE, MAE, MAPE: 40727200.00, 40727199.00, 6334.99, 4975.91, 5.37%
Test - Best epoch, Loss, MSE, RMSE, MAE, MAPE: 21, 43992576.00, 43992576.00, 6311.95, 4762.65, 5.03%
- Epoch 022, ExpID 32884
Train - Loss: 32447433.39
Val - Loss, MSE, RMSE, MAE, MAPE: 40415840.00, 40415839.00, 6316.50, 4962.60, 5.37%
Test - Best epoch, Loss, MSE, RMSE, MAE, MAPE: 22, 44240024.00, 44240025.00, 6323.09, 4766.17, 5.04%
- Epoch 023, ExpID 32884
Train - Loss: 32251449.83
Val - Loss, MSE, RMSE, MAE, MAPE: 40402020.00, 40402020.00, 6317.63, 4958.37, 5.37%
Test - Best epoch, Loss, MSE, RMSE, MAE, MAPE: 23, 45174120.00, 45174120.00, 6385.99, 4802.41, 5.09%
- Epoch 024, ExpID 32884
Train - Loss: 32109388.87
Val - Loss, MSE, RMSE, MAE, MAPE: 39228480.00, 39228479.00, 6215.72, 4889.56, 5.29%
Test - Best epoch, Loss, MSE, RMSE, MAE, MAPE: 24, 43391688.00, 43391687.00, 6253.39, 4720.88, 5.00%
- Epoch 025, ExpID 32884
Train - Loss: 31810988.09
Val - Loss, MSE, RMSE, MAE, MAPE: 39131876.00, 39131875.00, 6211.07, 4874.65, 5.28%
Test - Best epoch, Loss, MSE, RMSE, MAE, MAPE: 25, 43670192.00, 43670191.00, 6263.50, 4707.06, 4.99%
- Epoch 026, ExpID 32884
Train - Loss: 31572730.43
Val - Loss, MSE, RMSE, MAE, MAPE: 38965076.00, 38965075.00, 6198.97, 4879.26, 5.27%
Test - Best epoch, Loss, MSE, RMSE, MAE, MAPE: 26, 43207396.00, 43207395.00, 6248.53, 4705.91, 4.97%
- Epoch 027, ExpID 32884
Train - Loss: 31440598.26
Val - Loss, MSE, RMSE, MAE, MAPE: 40289808.00, 40289809.00, 6320.31, 4977.07, 5.35%
Test - Best epoch, Loss, MSE, RMSE, MAE, MAPE: 26, 43207396.00, 43207395.00, 6248.53, 4705.91, 4.97%
- Epoch 028, ExpID 32884
Train - Loss: 31209649.04
Val - Loss, MSE, RMSE, MAE, MAPE: 38641016.00, 38641017.00, 6177.12, 4856.00, 5.24%
Test - Best epoch, Loss, MSE, RMSE, MAE, MAPE: 28, 43015080.00, 43015079.00, 6240.28, 4697.22, 4.95%
- Epoch 029, ExpID 32884
Train - Loss: 30944119.57
Val - Loss, MSE, RMSE, MAE, MAPE: 37916680.00, 37916678.00, 6112.82, 4810.65, 5.20%
Test - Best epoch, Loss, MSE, RMSE, MAE, MAPE: 29, 42228812.00, 42228811.00, 6164.30, 4633.79, 4.89%
- Epoch 030, ExpID 32884
Train - Loss: 30898011.48
Val - Loss, MSE, RMSE, MAE, MAPE: 37920708.00, 37920709.00, 6114.78, 4817.74, 5.20%
Test - Best epoch, Loss, MSE, RMSE, MAE, MAPE: 29, 42228812.00, 42228811.00, 6164.30, 4633.79, 4.89%
- Epoch 031, ExpID 32884
Train - Loss: 30440401.65
Val - Loss, MSE, RMSE, MAE, MAPE: 37388212.00, 37388211.00, 6071.63, 4777.68, 5.16%
Test - Best epoch, Loss, MSE, RMSE, MAE, MAPE: 31, 42010536.00, 42010534.00, 6157.29, 4629.16, 4.89%
- Epoch 032, ExpID 32884
Train - Loss: 30272463.30
Val - Loss, MSE, RMSE, MAE, MAPE: 37753440.00, 37753440.00, 6104.54, 4818.92, 5.19%
Test - Best epoch, Loss, MSE, RMSE, MAE, MAPE: 31, 42010536.00, 42010534.00, 6157.29, 4629.16, 4.89%
- Epoch 033, ExpID 32884
Train - Loss: 30058433.48
Val - Loss, MSE, RMSE, MAE, MAPE: 37048740.00, 37048740.00, 6043.06, 4760.49, 5.14%
Test - Best epoch, Loss, MSE, RMSE, MAE, MAPE: 33, 41633068.00, 41633067.00, 6130.05, 4615.54, 4.87%
- Epoch 034, ExpID 32884
Train - Loss: 29926810.52
Val - Loss, MSE, RMSE, MAE, MAPE: 36512160.00, 36512160.00, 5993.00, 4733.74, 5.12%
Test - Best epoch, Loss, MSE, RMSE, MAE, MAPE: 34, 41231064.00, 41231066.00, 6091.19, 4595.67, 4.85%
- Epoch 035, ExpID 32884
Train - Loss: 29639186.09
Val - Loss, MSE, RMSE, MAE, MAPE: 36526048.00, 36526048.00, 5995.25, 4730.55, 5.11%
Test - Best epoch, Loss, MSE, RMSE, MAE, MAPE: 34, 41231064.00, 41231066.00, 6091.19, 4595.67, 4.85%
- Epoch 036, ExpID 32884
Train - Loss: 29510379.91
Val - Loss, MSE, RMSE, MAE, MAPE: 36800760.00, 36800762.00, 6024.38, 4759.47, 5.13%
Test - Best epoch, Loss, MSE, RMSE, MAE, MAPE: 34, 41231064.00, 41231066.00, 6091.19, 4595.67, 4.85%
- Epoch 037, ExpID 32884
Train - Loss: 29768030.26
Val - Loss, MSE, RMSE, MAE, MAPE: 37057188.00, 37057188.00, 6052.26, 4778.40, 5.15%
Test - Best epoch, Loss, MSE, RMSE, MAE, MAPE: 34, 41231064.00, 41231066.00, 6091.19, 4595.67, 4.85%
- Epoch 038, ExpID 32884
Train - Loss: 29582023.39
Val - Loss, MSE, RMSE, MAE, MAPE: 36218924.00, 36218924.00, 5972.30, 4718.48, 5.09%
Test - Best epoch, Loss, MSE, RMSE, MAE, MAPE: 38, 40212756.00, 40212754.50, 6024.56, 4539.24, 4.78%
- Epoch 039, ExpID 32884
Train - Loss: 29221137.48
Val - Loss, MSE, RMSE, MAE, MAPE: 35758016.00, 35758018.00, 5929.52, 4684.23, 5.07%
Test - Best epoch, Loss, MSE, RMSE, MAE, MAPE: 39, 39585316.00, 39585316.00, 5943.30, 4482.09, 4.74%
- Epoch 040, ExpID 32884
Train - Loss: 28995330.00
Val - Loss, MSE, RMSE, MAE, MAPE: 36299664.00, 36299665.00, 5987.53, 4741.18, 5.12%
Test - Best epoch, Loss, MSE, RMSE, MAE, MAPE: 39, 39585316.00, 39585316.00, 5943.30, 4482.09, 4.74%
- Epoch 041, ExpID 32884
Train - Loss: 28571787.22
Val - Loss, MSE, RMSE, MAE, MAPE: 37403952.00, 37403953.00, 6084.60, 4827.04, 5.19%
Test - Best epoch, Loss, MSE, RMSE, MAE, MAPE: 39, 39585316.00, 39585316.00, 5943.30, 4482.09, 4.74%
- Epoch 042, ExpID 32884
Train - Loss: 28606459.30
Val - Loss, MSE, RMSE, MAE, MAPE: 35600176.00, 35600174.00, 5910.52, 4684.96, 5.06%
Test - Best epoch, Loss, MSE, RMSE, MAE, MAPE: 42, 38677488.00, 38677487.50, 5877.69, 4447.90, 4.70%
- Epoch 043, ExpID 32884
Train - Loss: 28369799.22
Val - Loss, MSE, RMSE, MAE, MAPE: 36859292.00, 36859291.00, 6036.76, 4804.13, 5.16%
Test - Best epoch, Loss, MSE, RMSE, MAE, MAPE: 42, 38677488.00, 38677487.50, 5877.69, 4447.90, 4.70%
- Epoch 044, ExpID 32884
Train - Loss: 28341837.83
Val - Loss, MSE, RMSE, MAE, MAPE: 35246996.00, 35246995.00, 5880.44, 4654.11, 5.02%
Test - Best epoch, Loss, MSE, RMSE, MAE, MAPE: 44, 37743320.00, 37743319.00, 5801.44, 4368.91, 4.61%
- Epoch 045, ExpID 32884
Train - Loss: 28286628.26
Val - Loss, MSE, RMSE, MAE, MAPE: 34863872.00, 34863872.00, 5846.51, 4617.20, 5.00%
Test - Best epoch, Loss, MSE, RMSE, MAE, MAPE: 45, 37284400.00, 37284398.00, 5751.49, 4348.88, 4.60%
- Epoch 046, ExpID 32884
Train - Loss: 27904488.26
Val - Loss, MSE, RMSE, MAE, MAPE: 35157248.00, 35157249.00, 5873.15, 4664.98, 5.03%
Test - Best epoch, Loss, MSE, RMSE, MAE, MAPE: 45, 37284400.00, 37284398.00, 5751.49, 4348.88, 4.60%
- Epoch 047, ExpID 32884
Train - Loss: 27849260.43
Val - Loss, MSE, RMSE, MAE, MAPE: 35859996.00, 35859995.00, 5945.51, 4706.15, 5.06%
Test - Best epoch, Loss, MSE, RMSE, MAE, MAPE: 45, 37284400.00, 37284398.00, 5751.49, 4348.88, 4.60%
- Epoch 048, ExpID 32884
Train - Loss: 27760788.61
Val - Loss, MSE, RMSE, MAE, MAPE: 35275436.00, 35275435.00, 5892.23, 4671.49, 5.04%
Test - Best epoch, Loss, MSE, RMSE, MAE, MAPE: 45, 37284400.00, 37284398.00, 5751.49, 4348.88, 4.60%
- Epoch 049, ExpID 32884
Train - Loss: 27367891.65
Val - Loss, MSE, RMSE, MAE, MAPE: 35464028.00, 35464027.00, 5905.84, 4684.91, 5.05%
Test - Best epoch, Loss, MSE, RMSE, MAE, MAPE: 45, 37284400.00, 37284398.00, 5751.49, 4348.88, 4.60%
- Epoch 050, ExpID 32884
Train - Loss: 27410231.57
Val - Loss, MSE, RMSE, MAE, MAPE: 34779360.00, 34779358.00, 5847.11, 4627.41, 5.00%
Test - Best epoch, Loss, MSE, RMSE, MAE, MAPE: 50, 36821352.00, 36821350.50, 5702.74, 4321.67, 4.57%
- Epoch 051, ExpID 32884
Train - Loss: 27104990.70
Val - Loss, MSE, RMSE, MAE, MAPE: 36398244.00, 36398244.00, 5993.95, 4775.53, 5.14%
Test - Best epoch, Loss, MSE, RMSE, MAE, MAPE: 50, 36821352.00, 36821350.50, 5702.74, 4321.67, 4.57%
- Epoch 052, ExpID 32884
Train - Loss: 27163360.26
Val - Loss, MSE, RMSE, MAE, MAPE: 37149504.00, 37149503.00, 6069.17, 4834.90, 5.20%
Test - Best epoch, Loss, MSE, RMSE, MAE, MAPE: 50, 36821352.00, 36821350.50, 5702.74, 4321.67, 4.57%
- Epoch 053, ExpID 32884
Train - Loss: 27042130.61
Val - Loss, MSE, RMSE, MAE, MAPE: 35181820.00, 35181819.00, 5887.19, 4671.92, 5.05%
Test - Best epoch, Loss, MSE, RMSE, MAE, MAPE: 50, 36821352.00, 36821350.50, 5702.74, 4321.67, 4.57%
- Epoch 054, ExpID 32884
Train - Loss: 26684198.61
Val - Loss, MSE, RMSE, MAE, MAPE: 35180472.00, 35180474.00, 5880.21, 4667.78, 5.03%
Test - Best epoch, Loss, MSE, RMSE, MAE, MAPE: 50, 36821352.00, 36821350.50, 5702.74, 4321.67, 4.57%
- Epoch 055, ExpID 32884
Train - Loss: 26771924.43
Val - Loss, MSE, RMSE, MAE, MAPE: 34089064.00, 34089063.00, 5779.59, 4569.20, 4.95%
Test - Best epoch, Loss, MSE, RMSE, MAE, MAPE: 55, 34461464.00, 34461465.50, 5498.90, 4162.10, 4.41%
- Epoch 056, ExpID 32884
Train - Loss: 26798339.91
Val - Loss, MSE, RMSE, MAE, MAPE: 35101484.00, 35101483.00, 5881.78, 4663.03, 5.03%
Test - Best epoch, Loss, MSE, RMSE, MAE, MAPE: 55, 34461464.00, 34461465.50, 5498.90, 4162.10, 4.41%
- Epoch 057, ExpID 32884
Train - Loss: 26291844.43
Val - Loss, MSE, RMSE, MAE, MAPE: 34778264.00, 34778262.00, 5843.02, 4638.47, 5.01%
Test - Best epoch, Loss, MSE, RMSE, MAE, MAPE: 55, 34461464.00, 34461465.50, 5498.90, 4162.10, 4.41%
- Epoch 058, ExpID 32884
Train - Loss: 26328907.91
Val - Loss, MSE, RMSE, MAE, MAPE: 34682532.00, 34682533.00, 5838.83, 4628.10, 5.01%
Test - Best epoch, Loss, MSE, RMSE, MAE, MAPE: 55, 34461464.00, 34461465.50, 5498.90, 4162.10, 4.41%
- Epoch 059, ExpID 32884
Train - Loss: 26144480.43
Val - Loss, MSE, RMSE, MAE, MAPE: 34964004.00, 34964005.00, 5871.16, 4644.16, 5.02%
Test - Best epoch, Loss, MSE, RMSE, MAE, MAPE: 55, 34461464.00, 34461465.50, 5498.90, 4162.10, 4.41%
- Epoch 060, ExpID 32884
Train - Loss: 25992991.30
Val - Loss, MSE, RMSE, MAE, MAPE: 36746260.00, 36746261.00, 6039.55, 4793.80, 5.16%
Test - Best epoch, Loss, MSE, RMSE, MAE, MAPE: 55, 34461464.00, 34461465.50, 5498.90, 4162.10, 4.41%
- Epoch 061, ExpID 32884
Train - Loss: 25883569.65
Val - Loss, MSE, RMSE, MAE, MAPE: 35087784.00, 35087782.00, 5889.09, 4668.86, 5.03%
Test - Best epoch, Loss, MSE, RMSE, MAE, MAPE: 55, 34461464.00, 34461465.50, 5498.90, 4162.10, 4.41%
- Epoch 062, ExpID 32884
Train - Loss: 25858113.57
Val - Loss, MSE, RMSE, MAE, MAPE: 35419888.00, 35419890.00, 5916.05, 4698.99, 5.06%
Test - Best epoch, Loss, MSE, RMSE, MAE, MAPE: 55, 34461464.00, 34461465.50, 5498.90, 4162.10, 4.41%
- Epoch 063, ExpID 32884
Train - Loss: 25443505.57
Val - Loss, MSE, RMSE, MAE, MAPE: 35832204.00, 35832204.00, 5947.67, 4721.30, 5.07%
Test - Best epoch, Loss, MSE, RMSE, MAE, MAPE: 55, 34461464.00, 34461465.50, 5498.90, 4162.10, 4.41%
- Epoch 064, ExpID 32884
Train - Loss: 25346467.74
Val - Loss, MSE, RMSE, MAE, MAPE: 35330788.00, 35330788.00, 5898.88, 4666.22, 5.06%
Test - Best epoch, Loss, MSE, RMSE, MAE, MAPE: 55, 34461464.00, 34461465.50, 5498.90, 4162.10, 4.41%
- Epoch 065, ExpID 32884
Train - Loss: 25351701.39
Val - Loss, MSE, RMSE, MAE, MAPE: 34549248.00, 34549249.00, 5830.33, 4623.94, 4.99%
Test - Best epoch, Loss, MSE, RMSE, MAE, MAPE: 55, 34461464.00, 34461465.50, 5498.90, 4162.10, 4.41%
Early Stopping at Epoch 65
Fold 2019 Best RMSE: 5498.9016
