DETAILED LOG | Model: patchtst | Seed: 1
FULL CONFIG: {'gpu': '2', 'target': 'arrival', 'cv_start_year': 2017, 'cv_end_year': 2019, 'test_year': 2024, 'use_corona': False, 'seq_len': 365, 'label_len': 0, 'pred_len': 56, 'batch_size': 256, 'epochs': 1000, 'patience': 10, 'lr': 0.001, 'model': 'patchtst', 'd_model': 512, 'n_heads': 8, 'n_layers': 2, 'dropout': 0.1, 'activation': 'gelu', 'patch_len': 7, 'factor': 5, 'norm_mode': 'revin', 'use_covar': True, 'use_dbloss': False, 'device': device(type='cuda'), 'stride': 14, 'file_path': 'dataset/airport_flight_with_holiday.csv', 'seed': 1, 'val_year': 2019, 'ndims': 1}

-------------------- [Fold: 2017] ExpID: 78497 --------------------
- Epoch 000, ExpID 78497
Train - Loss: 271316809.47
Val - Loss, MSE, RMSE, MAE, MAPE: 676983872.00, 676983872.00, 26007.23, 20557.36, 26.43%
Test - Best epoch, Loss, MSE, RMSE, MAE, MAPE: 0, 648829824.00, 648829824.00, 25470.35, 20519.43, 24.44%
- Epoch 001, ExpID 78497
Train - Loss: 61427485.26
Val - Loss, MSE, RMSE, MAE, MAPE: 468622496.00, 468622496.00, 21632.75, 17680.80, 22.70%
Test - Best epoch, Loss, MSE, RMSE, MAE, MAPE: 1, 458560256.00, 458560240.00, 21413.35, 17750.91, 21.14%
- Epoch 002, ExpID 78497
Train - Loss: 56629776.00
Val - Loss, MSE, RMSE, MAE, MAPE: 229911680.00, 229911680.00, 15109.56, 12311.92, 15.69%
Test - Best epoch, Loss, MSE, RMSE, MAE, MAPE: 2, 225953168.00, 225953168.00, 15031.40, 12343.67, 14.58%
- Epoch 003, ExpID 78497
Train - Loss: 54944790.74
Val - Loss, MSE, RMSE, MAE, MAPE: 92531904.00, 92531900.00, 9566.99, 7572.37, 9.62%
Test - Best epoch, Loss, MSE, RMSE, MAE, MAPE: 3, 105287952.00, 105287948.00, 10249.03, 8155.47, 9.65%
- Epoch 004, ExpID 78497
Train - Loss: 53396749.26
Val - Loss, MSE, RMSE, MAE, MAPE: 64775288.00, 64775286.00, 7954.08, 6389.51, 8.07%
Test - Best epoch, Loss, MSE, RMSE, MAE, MAPE: 4, 78864144.00, 78864140.00, 8851.70, 6984.16, 8.25%
- Epoch 005, ExpID 78497
Train - Loss: 51827111.79
Val - Loss, MSE, RMSE, MAE, MAPE: 73351728.00, 73351726.00, 8537.93, 6901.42, 8.81%
Test - Best epoch, Loss, MSE, RMSE, MAE, MAPE: 4, 78864144.00, 78864140.00, 8851.70, 6984.16, 8.25%
- Epoch 006, ExpID 78497
Train - Loss: 50140265.89
Val - Loss, MSE, RMSE, MAE, MAPE: 69750032.00, 69750034.00, 8323.54, 6713.54, 8.57%
Test - Best epoch, Loss, MSE, RMSE, MAE, MAPE: 4, 78864144.00, 78864140.00, 8851.70, 6984.16, 8.25%
- Epoch 007, ExpID 78497
Train - Loss: 48084817.68
Val - Loss, MSE, RMSE, MAE, MAPE: 90133408.00, 90133412.00, 9482.15, 7760.38, 9.97%
Test - Best epoch, Loss, MSE, RMSE, MAE, MAPE: 4, 78864144.00, 78864140.00, 8851.70, 6984.16, 8.25%
- Epoch 008, ExpID 78497
Train - Loss: 42662139.16
Val - Loss, MSE, RMSE, MAE, MAPE: 85820880.00, 85820884.00, 9245.05, 7295.77, 9.27%
Test - Best epoch, Loss, MSE, RMSE, MAE, MAPE: 4, 78864144.00, 78864140.00, 8851.70, 6984.16, 8.25%
- Epoch 009, ExpID 78497
Train - Loss: 38976252.21
Val - Loss, MSE, RMSE, MAE, MAPE: 69277040.00, 69277036.00, 8225.07, 6589.46, 8.27%
Test - Best epoch, Loss, MSE, RMSE, MAE, MAPE: 4, 78864144.00, 78864140.00, 8851.70, 6984.16, 8.25%
- Epoch 010, ExpID 78497
Train - Loss: 37694100.00
Val - Loss, MSE, RMSE, MAE, MAPE: 54911988.00, 54911988.00, 7391.95, 6009.76, 7.83%
Test - Best epoch, Loss, MSE, RMSE, MAE, MAPE: 10, 72690784.00, 72690780.00, 8525.67, 6654.01, 7.86%
- Epoch 011, ExpID 78497
Train - Loss: 35245475.68
Val - Loss, MSE, RMSE, MAE, MAPE: 69228656.00, 69228656.00, 8299.73, 6687.73, 8.52%
Test - Best epoch, Loss, MSE, RMSE, MAE, MAPE: 10, 72690784.00, 72690780.00, 8525.67, 6654.01, 7.86%
- Epoch 012, ExpID 78497
Train - Loss: 33232407.26
Val - Loss, MSE, RMSE, MAE, MAPE: 60483776.00, 60483776.00, 7733.69, 6263.77, 8.04%
Test - Best epoch, Loss, MSE, RMSE, MAE, MAPE: 10, 72690784.00, 72690780.00, 8525.67, 6654.01, 7.86%
- Epoch 013, ExpID 78497
Train - Loss: 32848493.68
Val - Loss, MSE, RMSE, MAE, MAPE: 41166340.00, 41166340.00, 6393.38, 5192.42, 6.72%
Test - Best epoch, Loss, MSE, RMSE, MAE, MAPE: 13, 59443000.00, 59443002.00, 7708.46, 5915.11, 6.95%
- Epoch 014, ExpID 78497
Train - Loss: 30746362.21
Val - Loss, MSE, RMSE, MAE, MAPE: 49843856.00, 49843854.00, 7006.58, 5629.63, 7.20%
Test - Best epoch, Loss, MSE, RMSE, MAE, MAPE: 13, 59443000.00, 59443002.00, 7708.46, 5915.11, 6.95%
- Epoch 015, ExpID 78497
Train - Loss: 29801817.89
Val - Loss, MSE, RMSE, MAE, MAPE: 40147224.00, 40147225.00, 6298.59, 5056.40, 6.46%
Test - Best epoch, Loss, MSE, RMSE, MAE, MAPE: 15, 64826560.00, 64826562.00, 8050.01, 6155.21, 7.20%
- Epoch 016, ExpID 78497
Train - Loss: 28841039.16
Val - Loss, MSE, RMSE, MAE, MAPE: 74686560.00, 74686556.00, 8578.72, 6862.53, 8.67%
Test - Best epoch, Loss, MSE, RMSE, MAE, MAPE: 15, 64826560.00, 64826562.00, 8050.01, 6155.21, 7.20%
- Epoch 017, ExpID 78497
Train - Loss: 27285318.53
Val - Loss, MSE, RMSE, MAE, MAPE: 44922836.00, 44922836.00, 6623.94, 5299.90, 6.74%
Test - Best epoch, Loss, MSE, RMSE, MAE, MAPE: 15, 64826560.00, 64826562.00, 8050.01, 6155.21, 7.20%
- Epoch 018, ExpID 78497
Train - Loss: 26711146.74
Val - Loss, MSE, RMSE, MAE, MAPE: 35790512.00, 35790512.00, 5931.50, 4785.03, 6.18%
Test - Best epoch, Loss, MSE, RMSE, MAE, MAPE: 18, 66635320.00, 66635318.00, 8163.04, 6388.98, 7.54%
- Epoch 019, ExpID 78497
Train - Loss: 25193136.42
Val - Loss, MSE, RMSE, MAE, MAPE: 44640048.00, 44640046.00, 6654.95, 5274.32, 6.74%
Test - Best epoch, Loss, MSE, RMSE, MAE, MAPE: 18, 66635320.00, 66635318.00, 8163.04, 6388.98, 7.54%
- Epoch 020, ExpID 78497
Train - Loss: 24346962.95
Val - Loss, MSE, RMSE, MAE, MAPE: 37216000.00, 37216001.00, 5951.23, 4763.08, 6.04%
Test - Best epoch, Loss, MSE, RMSE, MAE, MAPE: 18, 66635320.00, 66635318.00, 8163.04, 6388.98, 7.54%
- Epoch 021, ExpID 78497
Train - Loss: 23616876.00
Val - Loss, MSE, RMSE, MAE, MAPE: 45785112.00, 45785112.00, 6739.24, 5369.56, 6.90%
Test - Best epoch, Loss, MSE, RMSE, MAE, MAPE: 18, 66635320.00, 66635318.00, 8163.04, 6388.98, 7.54%
- Epoch 022, ExpID 78497
Train - Loss: 23681686.95
Val - Loss, MSE, RMSE, MAE, MAPE: 41141352.00, 41141353.00, 6385.28, 5092.42, 6.52%
Test - Best epoch, Loss, MSE, RMSE, MAE, MAPE: 18, 66635320.00, 66635318.00, 8163.04, 6388.98, 7.54%
- Epoch 023, ExpID 78497
Train - Loss: 22450214.53
Val - Loss, MSE, RMSE, MAE, MAPE: 52330932.00, 52330933.00, 7092.74, 5647.73, 7.08%
Test - Best epoch, Loss, MSE, RMSE, MAE, MAPE: 18, 66635320.00, 66635318.00, 8163.04, 6388.98, 7.54%
- Epoch 024, ExpID 78497
Train - Loss: 21702822.32
Val - Loss, MSE, RMSE, MAE, MAPE: 55482056.00, 55482058.00, 7312.65, 5777.05, 7.19%
Test - Best epoch, Loss, MSE, RMSE, MAE, MAPE: 18, 66635320.00, 66635318.00, 8163.04, 6388.98, 7.54%
- Epoch 025, ExpID 78497
Train - Loss: 20984064.32
Val - Loss, MSE, RMSE, MAE, MAPE: 37943720.00, 37943719.00, 6050.28, 4877.09, 6.20%
Test - Best epoch, Loss, MSE, RMSE, MAE, MAPE: 18, 66635320.00, 66635318.00, 8163.04, 6388.98, 7.54%
- Epoch 026, ExpID 78497
Train - Loss: 20388619.47
Val - Loss, MSE, RMSE, MAE, MAPE: 38078168.00, 38078167.00, 6064.43, 4835.27, 6.11%
Test - Best epoch, Loss, MSE, RMSE, MAE, MAPE: 18, 66635320.00, 66635318.00, 8163.04, 6388.98, 7.54%
- Epoch 027, ExpID 78497
Train - Loss: 19932189.89
Val - Loss, MSE, RMSE, MAE, MAPE: 36268240.00, 36268238.00, 5852.95, 4621.33, 5.79%
Test - Best epoch, Loss, MSE, RMSE, MAE, MAPE: 18, 66635320.00, 66635318.00, 8163.04, 6388.98, 7.54%
- Epoch 028, ExpID 78497
Train - Loss: 19311719.58
Val - Loss, MSE, RMSE, MAE, MAPE: 37381880.00, 37381878.00, 5974.11, 4788.22, 6.07%
Test - Best epoch, Loss, MSE, RMSE, MAE, MAPE: 18, 66635320.00, 66635318.00, 8163.04, 6388.98, 7.54%
Early Stopping at Epoch 28
Fold 2017 Best RMSE: 8163.0415

-------------------- [Fold: 2018] ExpID: 15233 --------------------
- Epoch 000, ExpID 15233
Train - Loss: 283844860.20
Val - Loss, MSE, RMSE, MAE, MAPE: 298082528.00, 298082528.00, 17265.07, 14647.85, 17.87%
Test - Best epoch, Loss, MSE, RMSE, MAE, MAPE: 0, 274091456.00, 274091448.00, 16551.85, 13963.69, 15.50%
- Epoch 001, ExpID 15233
Train - Loss: 68837256.40
Val - Loss, MSE, RMSE, MAE, MAPE: 186773568.00, 186773576.00, 13664.46, 11606.17, 14.09%
Test - Best epoch, Loss, MSE, RMSE, MAE, MAPE: 1, 161715824.00, 161715824.00, 12712.23, 10601.89, 11.77%
- Epoch 002, ExpID 15233
Train - Loss: 63407306.40
Val - Loss, MSE, RMSE, MAE, MAPE: 161876992.00, 161876984.00, 12714.37, 10759.07, 12.93%
Test - Best epoch, Loss, MSE, RMSE, MAE, MAPE: 2, 142428288.00, 142428280.00, 11931.59, 9916.44, 10.92%
- Epoch 003, ExpID 15233
Train - Loss: 61307597.40
Val - Loss, MSE, RMSE, MAE, MAPE: 107496720.00, 107496716.00, 10349.92, 8593.28, 10.37%
Test - Best epoch, Loss, MSE, RMSE, MAE, MAPE: 3, 87777040.00, 87777044.00, 9368.94, 7573.24, 8.42%
- Epoch 004, ExpID 15233
Train - Loss: 58741776.60
Val - Loss, MSE, RMSE, MAE, MAPE: 96500168.00, 96500168.00, 9800.36, 8167.46, 9.86%
Test - Best epoch, Loss, MSE, RMSE, MAE, MAPE: 4, 77205096.00, 77205096.00, 8786.17, 7042.08, 7.85%
- Epoch 005, ExpID 15233
Train - Loss: 56521684.20
Val - Loss, MSE, RMSE, MAE, MAPE: 96875232.00, 96875232.00, 9810.19, 8213.28, 9.93%
Test - Best epoch, Loss, MSE, RMSE, MAE, MAPE: 4, 77205096.00, 77205096.00, 8786.17, 7042.08, 7.85%
- Epoch 006, ExpID 15233
Train - Loss: 55776663.80
Val - Loss, MSE, RMSE, MAE, MAPE: 78681112.00, 78681112.00, 8827.10, 7253.93, 8.69%
Test - Best epoch, Loss, MSE, RMSE, MAE, MAPE: 6, 61691312.00, 61691312.00, 7849.73, 6244.26, 6.93%
- Epoch 007, ExpID 15233
Train - Loss: 53911989.60
Val - Loss, MSE, RMSE, MAE, MAPE: 84357600.00, 84357600.00, 9139.15, 7636.95, 9.24%
Test - Best epoch, Loss, MSE, RMSE, MAE, MAPE: 6, 61691312.00, 61691312.00, 7849.73, 6244.26, 6.93%
- Epoch 008, ExpID 15233
Train - Loss: 56173137.00
Val - Loss, MSE, RMSE, MAE, MAPE: 721691456.00, 721691456.00, 26861.42, 24602.17, 28.68%
Test - Best epoch, Loss, MSE, RMSE, MAE, MAPE: 6, 61691312.00, 61691312.00, 7849.73, 6244.26, 6.93%
- Epoch 009, ExpID 15233
Train - Loss: 54832058.80
Val - Loss, MSE, RMSE, MAE, MAPE: 65364152.00, 65364154.00, 8033.24, 6194.38, 7.16%
Test - Best epoch, Loss, MSE, RMSE, MAE, MAPE: 9, 52421080.00, 52421082.00, 7137.19, 5642.13, 6.09%
- Epoch 010, ExpID 15233
Train - Loss: 53658036.40
Val - Loss, MSE, RMSE, MAE, MAPE: 67523328.00, 67523332.00, 8152.92, 6502.84, 7.70%
Test - Best epoch, Loss, MSE, RMSE, MAE, MAPE: 9, 52421080.00, 52421082.00, 7137.19, 5642.13, 6.09%
- Epoch 011, ExpID 15233
Train - Loss: 53272921.80
Val - Loss, MSE, RMSE, MAE, MAPE: 75213288.00, 75213290.00, 8613.77, 7105.58, 8.54%
Test - Best epoch, Loss, MSE, RMSE, MAE, MAPE: 9, 52421080.00, 52421082.00, 7137.19, 5642.13, 6.09%
- Epoch 012, ExpID 15233
Train - Loss: 52543460.00
Val - Loss, MSE, RMSE, MAE, MAPE: 83910240.00, 83910242.00, 9108.04, 7601.79, 9.17%
Test - Best epoch, Loss, MSE, RMSE, MAE, MAPE: 9, 52421080.00, 52421082.00, 7137.19, 5642.13, 6.09%
- Epoch 013, ExpID 15233
Train - Loss: 52709612.40
Val - Loss, MSE, RMSE, MAE, MAPE: 73304144.00, 73304140.00, 8505.48, 6990.56, 8.39%
Test - Best epoch, Loss, MSE, RMSE, MAE, MAPE: 9, 52421080.00, 52421082.00, 7137.19, 5642.13, 6.09%
- Epoch 014, ExpID 15233
Train - Loss: 52994029.00
Val - Loss, MSE, RMSE, MAE, MAPE: 69205480.00, 69205478.00, 8256.15, 6717.39, 8.03%
Test - Best epoch, Loss, MSE, RMSE, MAE, MAPE: 9, 52421080.00, 52421082.00, 7137.19, 5642.13, 6.09%
- Epoch 015, ExpID 15233
Train - Loss: 51855846.80
Val - Loss, MSE, RMSE, MAE, MAPE: 71110568.00, 71110568.00, 8376.13, 6818.05, 8.13%
Test - Best epoch, Loss, MSE, RMSE, MAE, MAPE: 9, 52421080.00, 52421082.00, 7137.19, 5642.13, 6.09%
- Epoch 016, ExpID 15233
Train - Loss: 52313761.80
Val - Loss, MSE, RMSE, MAE, MAPE: 62395016.00, 62395018.00, 7826.34, 6179.14, 7.26%
Test - Best epoch, Loss, MSE, RMSE, MAE, MAPE: 16, 48774560.00, 48774560.00, 6935.23, 5453.49, 5.96%
- Epoch 017, ExpID 15233
Train - Loss: 52189670.60
Val - Loss, MSE, RMSE, MAE, MAPE: 61059960.00, 61059958.00, 7746.27, 6094.12, 7.11%
Test - Best epoch, Loss, MSE, RMSE, MAE, MAPE: 17, 46507196.00, 46507197.00, 6722.48, 5275.71, 5.73%
- Epoch 018, ExpID 15233
Train - Loss: 52035216.20
Val - Loss, MSE, RMSE, MAE, MAPE: 62391016.00, 62391014.00, 7820.63, 6251.00, 7.39%
Test - Best epoch, Loss, MSE, RMSE, MAE, MAPE: 17, 46507196.00, 46507197.00, 6722.48, 5275.71, 5.73%
- Epoch 019, ExpID 15233
Train - Loss: 52508226.00
Val - Loss, MSE, RMSE, MAE, MAPE: 60093032.00, 60093030.00, 7665.61, 5922.09, 6.86%
Test - Best epoch, Loss, MSE, RMSE, MAE, MAPE: 19, 48907852.00, 48907852.00, 6885.82, 5405.74, 5.84%
- Epoch 020, ExpID 15233
Train - Loss: 52156147.00
Val - Loss, MSE, RMSE, MAE, MAPE: 60413720.00, 60413720.00, 7698.28, 6118.59, 7.20%
Test - Best epoch, Loss, MSE, RMSE, MAE, MAPE: 19, 48907852.00, 48907852.00, 6885.82, 5405.74, 5.84%
- Epoch 021, ExpID 15233
Train - Loss: 51549164.80
Val - Loss, MSE, RMSE, MAE, MAPE: 58187360.00, 58187362.00, 7542.24, 5783.87, 6.69%
Test - Best epoch, Loss, MSE, RMSE, MAE, MAPE: 21, 46235144.00, 46235145.00, 6681.82, 5242.46, 5.67%
- Epoch 022, ExpID 15233
Train - Loss: 52098689.00
Val - Loss, MSE, RMSE, MAE, MAPE: 57212712.00, 57212714.00, 7475.04, 5857.23, 6.85%
Test - Best epoch, Loss, MSE, RMSE, MAE, MAPE: 22, 43596796.00, 43596795.00, 6520.06, 5096.46, 5.55%
- Epoch 023, ExpID 15233
Train - Loss: 52222113.20
Val - Loss, MSE, RMSE, MAE, MAPE: 60726880.00, 60726880.00, 7694.49, 6209.32, 7.38%
Test - Best epoch, Loss, MSE, RMSE, MAE, MAPE: 22, 43596796.00, 43596795.00, 6520.06, 5096.46, 5.55%
- Epoch 024, ExpID 15233
Train - Loss: 52472101.60
Val - Loss, MSE, RMSE, MAE, MAPE: 60080976.00, 60080978.00, 7645.09, 6149.37, 7.30%
Test - Best epoch, Loss, MSE, RMSE, MAE, MAPE: 22, 43596796.00, 43596795.00, 6520.06, 5096.46, 5.55%
- Epoch 025, ExpID 15233
Train - Loss: 52428821.60
Val - Loss, MSE, RMSE, MAE, MAPE: 57545040.00, 57545040.00, 7482.67, 5927.85, 6.96%
Test - Best epoch, Loss, MSE, RMSE, MAE, MAPE: 22, 43596796.00, 43596795.00, 6520.06, 5096.46, 5.55%
- Epoch 026, ExpID 15233
Train - Loss: 52241228.80
Val - Loss, MSE, RMSE, MAE, MAPE: 65224112.00, 65224112.00, 7998.32, 6510.76, 7.77%
Test - Best epoch, Loss, MSE, RMSE, MAE, MAPE: 22, 43596796.00, 43596795.00, 6520.06, 5096.46, 5.55%
- Epoch 027, ExpID 15233
Train - Loss: 52547876.40
Val - Loss, MSE, RMSE, MAE, MAPE: 57320824.00, 57320824.00, 7475.55, 5867.01, 6.87%
Test - Best epoch, Loss, MSE, RMSE, MAE, MAPE: 22, 43596796.00, 43596795.00, 6520.06, 5096.46, 5.55%
- Epoch 028, ExpID 15233
Train - Loss: 52911938.20
Val - Loss, MSE, RMSE, MAE, MAPE: 58041576.00, 58041578.00, 7521.77, 5976.63, 7.05%
Test - Best epoch, Loss, MSE, RMSE, MAE, MAPE: 22, 43596796.00, 43596795.00, 6520.06, 5096.46, 5.55%
- Epoch 029, ExpID 15233
Train - Loss: 52739564.40
Val - Loss, MSE, RMSE, MAE, MAPE: 57431704.00, 57431702.00, 7489.00, 5787.33, 6.71%
Test - Best epoch, Loss, MSE, RMSE, MAE, MAPE: 22, 43596796.00, 43596795.00, 6520.06, 5096.46, 5.55%
- Epoch 030, ExpID 15233
Train - Loss: 52009812.00
Val - Loss, MSE, RMSE, MAE, MAPE: 80624888.00, 80624890.00, 8938.29, 6806.50, 7.64%
Test - Best epoch, Loss, MSE, RMSE, MAE, MAPE: 22, 43596796.00, 43596795.00, 6520.06, 5096.46, 5.55%
- Epoch 031, ExpID 15233
Train - Loss: 49702493.20
Val - Loss, MSE, RMSE, MAE, MAPE: 68750160.00, 68750164.00, 8290.60, 6386.88, 7.22%
Test - Best epoch, Loss, MSE, RMSE, MAE, MAPE: 22, 43596796.00, 43596795.00, 6520.06, 5096.46, 5.55%
- Epoch 032, ExpID 15233
Train - Loss: 47806350.80
Val - Loss, MSE, RMSE, MAE, MAPE: 175185920.00, 175185928.00, 13217.37, 11133.13, 12.57%
Test - Best epoch, Loss, MSE, RMSE, MAE, MAPE: 22, 43596796.00, 43596795.00, 6520.06, 5096.46, 5.55%
Early Stopping at Epoch 32
Fold 2018 Best RMSE: 6520.0635

-------------------- [Fold: 2019] ExpID: 39831 --------------------
- Epoch 000, ExpID 39831
Train - Loss: 276008198.73
Val - Loss, MSE, RMSE, MAE, MAPE: 361452800.00, 361452800.00, 19010.35, 16255.56, 17.91%
Test - Best epoch, Loss, MSE, RMSE, MAE, MAPE: 0, 432485952.00, 432485952.00, 20684.90, 17695.40, 19.10%
- Epoch 001, ExpID 39831
Train - Loss: 69039270.36
Val - Loss, MSE, RMSE, MAE, MAPE: 171914192.00, 171914192.00, 13106.91, 11050.78, 12.23%
Test - Best epoch, Loss, MSE, RMSE, MAE, MAPE: 1, 225201760.00, 225201760.00, 14897.66, 12745.11, 13.81%
- Epoch 002, ExpID 39831
Train - Loss: 65577408.91
Val - Loss, MSE, RMSE, MAE, MAPE: 94389952.00, 94389948.00, 9712.52, 7839.25, 8.75%
Test - Best epoch, Loss, MSE, RMSE, MAE, MAPE: 2, 139030816.00, 139030824.00, 11692.63, 9768.18, 10.67%
- Epoch 003, ExpID 39831
Train - Loss: 62605806.00
Val - Loss, MSE, RMSE, MAE, MAPE: 98863760.00, 98863760.00, 9942.97, 7863.30, 8.69%
Test - Best epoch, Loss, MSE, RMSE, MAE, MAPE: 2, 139030816.00, 139030824.00, 11692.63, 9768.18, 10.67%
- Epoch 004, ExpID 39831
Train - Loss: 60854244.73
Val - Loss, MSE, RMSE, MAE, MAPE: 73214896.00, 73214900.00, 8556.57, 6873.87, 7.64%
Test - Best epoch, Loss, MSE, RMSE, MAE, MAPE: 4, 110566704.00, 110566708.00, 10443.39, 8628.44, 9.42%
- Epoch 005, ExpID 39831
Train - Loss: 59532603.27
Val - Loss, MSE, RMSE, MAE, MAPE: 81419504.00, 81419504.00, 9022.36, 7155.42, 7.91%
Test - Best epoch, Loss, MSE, RMSE, MAE, MAPE: 4, 110566704.00, 110566708.00, 10443.39, 8628.44, 9.42%
- Epoch 006, ExpID 39831
Train - Loss: 58532088.55
Val - Loss, MSE, RMSE, MAE, MAPE: 53886468.00, 53886468.00, 7333.29, 5767.35, 6.38%
Test - Best epoch, Loss, MSE, RMSE, MAE, MAPE: 6, 81591600.00, 81591596.00, 9000.19, 7310.55, 7.98%
- Epoch 007, ExpID 39831
Train - Loss: 55405967.64
Val - Loss, MSE, RMSE, MAE, MAPE: 61994072.00, 61994072.00, 7858.23, 6162.54, 6.76%
Test - Best epoch, Loss, MSE, RMSE, MAE, MAPE: 6, 81591600.00, 81591596.00, 9000.19, 7310.55, 7.98%
- Epoch 008, ExpID 39831
Train - Loss: 49057273.64
Val - Loss, MSE, RMSE, MAE, MAPE: 54653684.00, 54653684.00, 7368.99, 5754.06, 6.28%
Test - Best epoch, Loss, MSE, RMSE, MAE, MAPE: 6, 81591600.00, 81591596.00, 9000.19, 7310.55, 7.98%
- Epoch 009, ExpID 39831
Train - Loss: 51478687.09
Val - Loss, MSE, RMSE, MAE, MAPE: 49315324.00, 49315324.00, 7022.25, 5639.46, 6.05%
Test - Best epoch, Loss, MSE, RMSE, MAE, MAPE: 9, 42808284.00, 42808284.00, 6513.91, 5054.43, 5.32%
- Epoch 010, ExpID 39831
Train - Loss: 45548070.18
Val - Loss, MSE, RMSE, MAE, MAPE: 39187840.00, 39187840.00, 6258.93, 4958.58, 5.38%
Test - Best epoch, Loss, MSE, RMSE, MAE, MAPE: 10, 41836080.00, 41836082.00, 6452.15, 5041.24, 5.37%
- Epoch 011, ExpID 39831
Train - Loss: 43710861.45
Val - Loss, MSE, RMSE, MAE, MAPE: 47340752.00, 47340752.00, 6870.35, 5484.79, 6.09%
Test - Best epoch, Loss, MSE, RMSE, MAE, MAPE: 10, 41836080.00, 41836082.00, 6452.15, 5041.24, 5.37%
- Epoch 012, ExpID 39831
Train - Loss: 41543596.73
Val - Loss, MSE, RMSE, MAE, MAPE: 36935688.00, 36935686.00, 6051.73, 4772.35, 5.30%
Test - Best epoch, Loss, MSE, RMSE, MAE, MAPE: 12, 39837592.00, 39837594.00, 6228.53, 4892.17, 5.32%
- Epoch 013, ExpID 39831
Train - Loss: 39925787.64
Val - Loss, MSE, RMSE, MAE, MAPE: 42881920.00, 42881918.00, 6548.41, 5195.69, 5.60%
Test - Best epoch, Loss, MSE, RMSE, MAE, MAPE: 12, 39837592.00, 39837594.00, 6228.53, 4892.17, 5.32%
- Epoch 014, ExpID 39831
Train - Loss: 38525482.73
Val - Loss, MSE, RMSE, MAE, MAPE: 55165304.00, 55165302.00, 7383.43, 5820.39, 6.47%
Test - Best epoch, Loss, MSE, RMSE, MAE, MAPE: 12, 39837592.00, 39837594.00, 6228.53, 4892.17, 5.32%
- Epoch 015, ExpID 39831
Train - Loss: 39092073.45
Val - Loss, MSE, RMSE, MAE, MAPE: 31702652.00, 31702652.00, 5613.41, 4421.70, 4.82%
Test - Best epoch, Loss, MSE, RMSE, MAE, MAPE: 15, 37538488.00, 37538486.00, 6057.91, 4688.31, 5.08%
- Epoch 016, ExpID 39831
Train - Loss: 37293667.64
Val - Loss, MSE, RMSE, MAE, MAPE: 32533528.00, 32533529.00, 5681.58, 4492.75, 4.89%
Test - Best epoch, Loss, MSE, RMSE, MAE, MAPE: 15, 37538488.00, 37538486.00, 6057.91, 4688.31, 5.08%
- Epoch 017, ExpID 39831
Train - Loss: 35613989.36
Val - Loss, MSE, RMSE, MAE, MAPE: 36560980.00, 36560979.00, 6022.20, 4760.45, 5.26%
Test - Best epoch, Loss, MSE, RMSE, MAE, MAPE: 15, 37538488.00, 37538486.00, 6057.91, 4688.31, 5.08%
- Epoch 018, ExpID 39831
Train - Loss: 34480556.00
Val - Loss, MSE, RMSE, MAE, MAPE: 53157752.00, 53157752.00, 7244.43, 5722.95, 6.28%
Test - Best epoch, Loss, MSE, RMSE, MAE, MAPE: 15, 37538488.00, 37538486.00, 6057.91, 4688.31, 5.08%
- Epoch 019, ExpID 39831
Train - Loss: 34081002.55
Val - Loss, MSE, RMSE, MAE, MAPE: 44415800.00, 44415800.00, 6650.38, 5239.78, 5.68%
Test - Best epoch, Loss, MSE, RMSE, MAE, MAPE: 15, 37538488.00, 37538486.00, 6057.91, 4688.31, 5.08%
- Epoch 020, ExpID 39831
Train - Loss: 33254400.91
Val - Loss, MSE, RMSE, MAE, MAPE: 35164744.00, 35164743.00, 5920.33, 4671.23, 5.13%
Test - Best epoch, Loss, MSE, RMSE, MAE, MAPE: 15, 37538488.00, 37538486.00, 6057.91, 4688.31, 5.08%
- Epoch 021, ExpID 39831
Train - Loss: 32836325.82
Val - Loss, MSE, RMSE, MAE, MAPE: 46847068.00, 46847068.00, 6811.55, 5375.33, 5.83%
Test - Best epoch, Loss, MSE, RMSE, MAE, MAPE: 15, 37538488.00, 37538486.00, 6057.91, 4688.31, 5.08%
- Epoch 022, ExpID 39831
Train - Loss: 31298009.09
Val - Loss, MSE, RMSE, MAE, MAPE: 54020208.00, 54020210.00, 7349.72, 5873.23, 6.28%
Test - Best epoch, Loss, MSE, RMSE, MAE, MAPE: 15, 37538488.00, 37538486.00, 6057.91, 4688.31, 5.08%
- Epoch 023, ExpID 39831
Train - Loss: 30116739.09
Val - Loss, MSE, RMSE, MAE, MAPE: 48071216.00, 48071214.00, 6910.00, 5445.52, 5.89%
Test - Best epoch, Loss, MSE, RMSE, MAE, MAPE: 15, 37538488.00, 37538486.00, 6057.91, 4688.31, 5.08%
- Epoch 024, ExpID 39831
Train - Loss: 28684741.82
Val - Loss, MSE, RMSE, MAE, MAPE: 46932148.00, 46932148.00, 6850.09, 5416.29, 5.82%
Test - Best epoch, Loss, MSE, RMSE, MAE, MAPE: 15, 37538488.00, 37538486.00, 6057.91, 4688.31, 5.08%
- Epoch 025, ExpID 39831
Train - Loss: 27726401.45
Val - Loss, MSE, RMSE, MAE, MAPE: 58423152.00, 58423150.00, 7637.60, 5973.57, 6.42%
Test - Best epoch, Loss, MSE, RMSE, MAE, MAPE: 15, 37538488.00, 37538486.00, 6057.91, 4688.31, 5.08%
Early Stopping at Epoch 25
Fold 2019 Best RMSE: 6057.9072
