DETAILED LOG | Model: patchtst | Seed: 1
FULL CONFIG: {'gpu': '2', 'target': 'arrival', 'cv_start_year': 2017, 'cv_end_year': 2019, 'test_year': 2024, 'use_corona': False, 'seq_len': 56, 'label_len': 0, 'pred_len': 56, 'batch_size': 256, 'epochs': 1000, 'patience': 10, 'lr': 0.001, 'model': 'patchtst', 'd_model': 64, 'n_heads': 4, 'n_layers': 6, 'dropout': 0.1, 'activation': 'gelu', 'patch_len': 14, 'factor': 5, 'norm_mode': 'revin', 'use_covar': True, 'use_dbloss': False, 'device': device(type='cuda'), 'stride': 7, 'file_path': 'dataset/airport_flight_with_holiday.csv', 'seed': 1, 'val_year': 2019, 'ndims': 1}

-------------------- [Fold: 2017] ExpID: 7091 --------------------
- Epoch 000, ExpID 7091
Train - Loss: 42651991.20
Val - Loss, MSE, RMSE, MAE, MAPE: 53529460.00, 53529459.00, 7151.24, 5771.10, 7.34%
Test - Best epoch, Loss, MSE, RMSE, MAE, MAPE: 0, 84297528.00, 84297528.00, 9149.27, 7056.31, 8.18%
- Epoch 001, ExpID 7091
Train - Loss: 36101632.60
Val - Loss, MSE, RMSE, MAE, MAPE: 45005544.00, 45005543.00, 6596.99, 5262.62, 6.72%
Test - Best epoch, Loss, MSE, RMSE, MAE, MAPE: 1, 80161200.00, 80161200.00, 8950.14, 6887.90, 7.96%
- Epoch 002, ExpID 7091
Train - Loss: 33875809.20
Val - Loss, MSE, RMSE, MAE, MAPE: 41772936.00, 41772936.00, 6378.65, 5081.01, 6.51%
Test - Best epoch, Loss, MSE, RMSE, MAE, MAPE: 2, 78891784.00, 78891784.00, 8882.04, 6910.02, 8.00%
- Epoch 003, ExpID 7091
Train - Loss: 32533479.00
Val - Loss, MSE, RMSE, MAE, MAPE: 42001432.00, 42001431.00, 6407.16, 5110.23, 6.54%
Test - Best epoch, Loss, MSE, RMSE, MAE, MAPE: 2, 78891784.00, 78891784.00, 8882.04, 6910.02, 8.00%
- Epoch 004, ExpID 7091
Train - Loss: 31720383.60
Val - Loss, MSE, RMSE, MAE, MAPE: 37547248.00, 37547248.00, 6036.89, 4795.57, 6.10%
Test - Best epoch, Loss, MSE, RMSE, MAE, MAPE: 4, 77125536.00, 77125536.00, 8780.24, 6867.68, 7.90%
- Epoch 005, ExpID 7091
Train - Loss: 30979768.90
Val - Loss, MSE, RMSE, MAE, MAPE: 34363592.00, 34363593.00, 5790.55, 4562.41, 5.82%
Test - Best epoch, Loss, MSE, RMSE, MAE, MAPE: 5, 76195296.00, 76195296.00, 8718.12, 6861.55, 7.91%
- Epoch 006, ExpID 7091
Train - Loss: 30024929.90
Val - Loss, MSE, RMSE, MAE, MAPE: 33076504.00, 33076505.00, 5682.45, 4492.12, 5.74%
Test - Best epoch, Loss, MSE, RMSE, MAE, MAPE: 6, 75317448.00, 75317448.00, 8665.03, 6852.75, 7.90%
- Epoch 007, ExpID 7091
Train - Loss: 29529625.80
Val - Loss, MSE, RMSE, MAE, MAPE: 32935518.00, 32935518.00, 5659.14, 4486.27, 5.72%
Test - Best epoch, Loss, MSE, RMSE, MAE, MAPE: 7, 74124144.00, 74124144.00, 8605.12, 6813.25, 7.85%
- Epoch 008, ExpID 7091
Train - Loss: 29121043.10
Val - Loss, MSE, RMSE, MAE, MAPE: 31827592.00, 31827593.00, 5562.76, 4420.07, 5.63%
Test - Best epoch, Loss, MSE, RMSE, MAE, MAPE: 8, 73111000.00, 73111000.00, 8546.74, 6759.98, 7.79%
- Epoch 009, ExpID 7091
Train - Loss: 28189185.90
Val - Loss, MSE, RMSE, MAE, MAPE: 30704664.00, 30704664.00, 5477.09, 4354.79, 5.57%
Test - Best epoch, Loss, MSE, RMSE, MAE, MAPE: 9, 69816368.00, 69816364.00, 8353.38, 6609.91, 7.63%
- Epoch 010, ExpID 7091
Train - Loss: 27707098.00
Val - Loss, MSE, RMSE, MAE, MAPE: 28748824.00, 28748824.00, 5295.57, 4196.93, 5.35%
Test - Best epoch, Loss, MSE, RMSE, MAE, MAPE: 10, 71059248.00, 71059250.00, 8417.18, 6676.46, 7.71%
- Epoch 011, ExpID 7091
Train - Loss: 27152380.60
Val - Loss, MSE, RMSE, MAE, MAPE: 28454932.00, 28454933.00, 5261.88, 4163.49, 5.30%
Test - Best epoch, Loss, MSE, RMSE, MAE, MAPE: 11, 68625192.00, 68625192.00, 8278.21, 6563.18, 7.58%
- Epoch 012, ExpID 7091
Train - Loss: 26863299.20
Val - Loss, MSE, RMSE, MAE, MAPE: 26913422.00, 26913422.00, 5124.02, 4029.09, 5.13%
Test - Best epoch, Loss, MSE, RMSE, MAE, MAPE: 12, 66962856.00, 66962856.00, 8174.37, 6444.30, 7.44%
- Epoch 013, ExpID 7091
Train - Loss: 26577143.50
Val - Loss, MSE, RMSE, MAE, MAPE: 27275176.00, 27275175.00, 5162.20, 4043.85, 5.14%
Test - Best epoch, Loss, MSE, RMSE, MAE, MAPE: 12, 66962856.00, 66962856.00, 8174.37, 6444.30, 7.44%
- Epoch 014, ExpID 7091
Train - Loss: 26158128.10
Val - Loss, MSE, RMSE, MAE, MAPE: 27558172.00, 27558173.00, 5187.36, 4063.99, 5.15%
Test - Best epoch, Loss, MSE, RMSE, MAE, MAPE: 12, 66962856.00, 66962856.00, 8174.37, 6444.30, 7.44%
- Epoch 015, ExpID 7091
Train - Loss: 25772578.70
Val - Loss, MSE, RMSE, MAE, MAPE: 24936184.00, 24936184.00, 4938.03, 3898.01, 4.99%
Test - Best epoch, Loss, MSE, RMSE, MAE, MAPE: 15, 63847080.00, 63847080.00, 7984.97, 6273.15, 7.27%
- Epoch 016, ExpID 7091
Train - Loss: 25241138.20
Val - Loss, MSE, RMSE, MAE, MAPE: 26124538.00, 26124538.00, 5058.15, 4010.64, 5.13%
Test - Best epoch, Loss, MSE, RMSE, MAE, MAPE: 15, 63847080.00, 63847080.00, 7984.97, 6273.15, 7.27%
- Epoch 017, ExpID 7091
Train - Loss: 24909629.10
Val - Loss, MSE, RMSE, MAE, MAPE: 25815220.00, 25815220.00, 5021.47, 3982.58, 5.10%
Test - Best epoch, Loss, MSE, RMSE, MAE, MAPE: 15, 63847080.00, 63847080.00, 7984.97, 6273.15, 7.27%
- Epoch 018, ExpID 7091
Train - Loss: 24624742.80
Val - Loss, MSE, RMSE, MAE, MAPE: 25137128.00, 25137127.00, 4959.14, 3954.28, 5.08%
Test - Best epoch, Loss, MSE, RMSE, MAE, MAPE: 15, 63847080.00, 63847080.00, 7984.97, 6273.15, 7.27%
- Epoch 019, ExpID 7091
Train - Loss: 24339835.90
Val - Loss, MSE, RMSE, MAE, MAPE: 24548470.00, 24548470.00, 4893.99, 3838.69, 4.89%
Test - Best epoch, Loss, MSE, RMSE, MAE, MAPE: 19, 64331732.00, 64331732.00, 8019.28, 6354.35, 7.40%
- Epoch 020, ExpID 7091
Train - Loss: 23815313.60
Val - Loss, MSE, RMSE, MAE, MAPE: 24197982.00, 24197982.00, 4871.16, 3859.13, 4.92%
Test - Best epoch, Loss, MSE, RMSE, MAE, MAPE: 20, 64380440.00, 64380440.00, 8018.09, 6304.37, 7.34%
- Epoch 021, ExpID 7091
Train - Loss: 23247500.00
Val - Loss, MSE, RMSE, MAE, MAPE: 25578472.00, 25578473.00, 5002.62, 3911.97, 4.96%
Test - Best epoch, Loss, MSE, RMSE, MAE, MAPE: 20, 64380440.00, 64380440.00, 8018.09, 6304.37, 7.34%
- Epoch 022, ExpID 7091
Train - Loss: 23511113.90
Val - Loss, MSE, RMSE, MAE, MAPE: 24424808.00, 24424807.00, 4891.29, 3826.48, 4.88%
Test - Best epoch, Loss, MSE, RMSE, MAE, MAPE: 20, 64380440.00, 64380440.00, 8018.09, 6304.37, 7.34%
- Epoch 023, ExpID 7091
Train - Loss: 23185462.00
Val - Loss, MSE, RMSE, MAE, MAPE: 24624640.00, 24624641.00, 4912.02, 3860.15, 4.93%
Test - Best epoch, Loss, MSE, RMSE, MAE, MAPE: 20, 64380440.00, 64380440.00, 8018.09, 6304.37, 7.34%
- Epoch 024, ExpID 7091
Train - Loss: 22784434.40
Val - Loss, MSE, RMSE, MAE, MAPE: 24252720.00, 24252721.00, 4883.44, 3843.15, 4.93%
Test - Best epoch, Loss, MSE, RMSE, MAE, MAPE: 20, 64380440.00, 64380440.00, 8018.09, 6304.37, 7.34%
- Epoch 025, ExpID 7091
Train - Loss: 22465413.40
Val - Loss, MSE, RMSE, MAE, MAPE: 23847556.00, 23847556.00, 4830.80, 3789.78, 4.82%
Test - Best epoch, Loss, MSE, RMSE, MAE, MAPE: 25, 63630112.00, 63630110.00, 7976.47, 6230.26, 7.26%
- Epoch 026, ExpID 7091
Train - Loss: 21923146.50
Val - Loss, MSE, RMSE, MAE, MAPE: 24318564.00, 24318564.00, 4881.60, 3840.07, 4.88%
Test - Best epoch, Loss, MSE, RMSE, MAE, MAPE: 25, 63630112.00, 63630110.00, 7976.47, 6230.26, 7.26%
- Epoch 027, ExpID 7091
Train - Loss: 21604868.00
Val - Loss, MSE, RMSE, MAE, MAPE: 23304770.00, 23304770.00, 4783.95, 3761.01, 4.80%
Test - Best epoch, Loss, MSE, RMSE, MAE, MAPE: 27, 62085920.00, 62085920.00, 7878.59, 6029.52, 7.06%
- Epoch 028, ExpID 7091
Train - Loss: 21632135.30
Val - Loss, MSE, RMSE, MAE, MAPE: 22845820.00, 22845821.00, 4737.43, 3734.36, 4.77%
Test - Best epoch, Loss, MSE, RMSE, MAE, MAPE: 28, 60487416.00, 60487414.00, 7776.88, 6004.20, 7.01%
- Epoch 029, ExpID 7091
Train - Loss: 20854907.30
Val - Loss, MSE, RMSE, MAE, MAPE: 22291180.00, 22291180.50, 4663.94, 3658.85, 4.64%
Test - Best epoch, Loss, MSE, RMSE, MAE, MAPE: 29, 61617160.00, 61617162.00, 7843.62, 6060.58, 7.06%
- Epoch 030, ExpID 7091
Train - Loss: 20939844.10
Val - Loss, MSE, RMSE, MAE, MAPE: 23810998.00, 23810998.00, 4824.16, 3762.70, 4.79%
Test - Best epoch, Loss, MSE, RMSE, MAE, MAPE: 29, 61617160.00, 61617162.00, 7843.62, 6060.58, 7.06%
- Epoch 031, ExpID 7091
Train - Loss: 20690326.10
Val - Loss, MSE, RMSE, MAE, MAPE: 22548908.00, 22548908.50, 4704.02, 3681.09, 4.69%
Test - Best epoch, Loss, MSE, RMSE, MAE, MAPE: 29, 61617160.00, 61617162.00, 7843.62, 6060.58, 7.06%
- Epoch 032, ExpID 7091
Train - Loss: 20532163.20
Val - Loss, MSE, RMSE, MAE, MAPE: 22402526.00, 22402526.00, 4679.19, 3634.91, 4.62%
Test - Best epoch, Loss, MSE, RMSE, MAE, MAPE: 29, 61617160.00, 61617162.00, 7843.62, 6060.58, 7.06%
- Epoch 033, ExpID 7091
Train - Loss: 20289334.40
Val - Loss, MSE, RMSE, MAE, MAPE: 22270796.00, 22270795.50, 4660.91, 3650.76, 4.66%
Test - Best epoch, Loss, MSE, RMSE, MAE, MAPE: 33, 57980964.00, 57980964.00, 7614.02, 5844.95, 6.83%
- Epoch 034, ExpID 7091
Train - Loss: 20117905.60
Val - Loss, MSE, RMSE, MAE, MAPE: 21911808.00, 21911807.50, 4631.02, 3605.85, 4.59%
Test - Best epoch, Loss, MSE, RMSE, MAE, MAPE: 34, 61370728.00, 61370728.00, 7833.61, 6049.48, 7.07%
- Epoch 035, ExpID 7091
Train - Loss: 19784085.40
Val - Loss, MSE, RMSE, MAE, MAPE: 22475144.00, 22475144.00, 4697.55, 3663.24, 4.70%
Test - Best epoch, Loss, MSE, RMSE, MAE, MAPE: 34, 61370728.00, 61370728.00, 7833.61, 6049.48, 7.07%
- Epoch 036, ExpID 7091
Train - Loss: 19543636.60
Val - Loss, MSE, RMSE, MAE, MAPE: 22714800.00, 22714799.50, 4712.57, 3680.90, 4.70%
Test - Best epoch, Loss, MSE, RMSE, MAE, MAPE: 34, 61370728.00, 61370728.00, 7833.61, 6049.48, 7.07%
- Epoch 037, ExpID 7091
Train - Loss: 19493022.50
Val - Loss, MSE, RMSE, MAE, MAPE: 22297834.00, 22297834.50, 4672.22, 3623.65, 4.58%
Test - Best epoch, Loss, MSE, RMSE, MAE, MAPE: 34, 61370728.00, 61370728.00, 7833.61, 6049.48, 7.07%
- Epoch 038, ExpID 7091
Train - Loss: 19267126.80
Val - Loss, MSE, RMSE, MAE, MAPE: 21669948.00, 21669948.50, 4602.51, 3607.98, 4.62%
Test - Best epoch, Loss, MSE, RMSE, MAE, MAPE: 38, 56751952.00, 56751954.00, 7529.73, 5837.83, 6.86%
- Epoch 039, ExpID 7091
Train - Loss: 19005706.20
Val - Loss, MSE, RMSE, MAE, MAPE: 21804176.00, 21804175.50, 4616.43, 3622.51, 4.63%
Test - Best epoch, Loss, MSE, RMSE, MAE, MAPE: 38, 56751952.00, 56751954.00, 7529.73, 5837.83, 6.86%
- Epoch 040, ExpID 7091
Train - Loss: 18697395.50
Val - Loss, MSE, RMSE, MAE, MAPE: 21659872.00, 21659871.00, 4605.57, 3586.25, 4.56%
Test - Best epoch, Loss, MSE, RMSE, MAE, MAPE: 40, 56534696.00, 56534694.00, 7509.78, 5796.89, 6.75%
- Epoch 041, ExpID 7091
Train - Loss: 18585888.60
Val - Loss, MSE, RMSE, MAE, MAPE: 20972084.00, 20972084.50, 4532.53, 3531.51, 4.51%
Test - Best epoch, Loss, MSE, RMSE, MAE, MAPE: 41, 55072124.00, 55072124.00, 7421.05, 5692.91, 6.67%
- Epoch 042, ExpID 7091
Train - Loss: 18400430.70
Val - Loss, MSE, RMSE, MAE, MAPE: 21775506.00, 21775506.50, 4596.64, 3572.72, 4.53%
Test - Best epoch, Loss, MSE, RMSE, MAE, MAPE: 41, 55072124.00, 55072124.00, 7421.05, 5692.91, 6.67%
- Epoch 043, ExpID 7091
Train - Loss: 18257335.85
Val - Loss, MSE, RMSE, MAE, MAPE: 21416564.00, 21416563.50, 4572.79, 3560.39, 4.52%
Test - Best epoch, Loss, MSE, RMSE, MAE, MAPE: 41, 55072124.00, 55072124.00, 7421.05, 5692.91, 6.67%
- Epoch 044, ExpID 7091
Train - Loss: 18230658.10
Val - Loss, MSE, RMSE, MAE, MAPE: 20675006.00, 20675005.50, 4497.26, 3510.42, 4.46%
Test - Best epoch, Loss, MSE, RMSE, MAE, MAPE: 44, 57219800.00, 57219800.00, 7564.33, 5743.15, 6.73%
- Epoch 045, ExpID 7091
Train - Loss: 17683348.00
Val - Loss, MSE, RMSE, MAE, MAPE: 21189484.00, 21189483.50, 4557.95, 3535.14, 4.48%
Test - Best epoch, Loss, MSE, RMSE, MAE, MAPE: 44, 57219800.00, 57219800.00, 7564.33, 5743.15, 6.73%
- Epoch 046, ExpID 7091
Train - Loss: 17744910.75
Val - Loss, MSE, RMSE, MAE, MAPE: 20997352.00, 20997351.50, 4538.87, 3520.41, 4.49%
Test - Best epoch, Loss, MSE, RMSE, MAE, MAPE: 44, 57219800.00, 57219800.00, 7564.33, 5743.15, 6.73%
- Epoch 047, ExpID 7091
Train - Loss: 17632020.60
Val - Loss, MSE, RMSE, MAE, MAPE: 20905912.00, 20905913.00, 4523.75, 3499.63, 4.46%
Test - Best epoch, Loss, MSE, RMSE, MAE, MAPE: 44, 57219800.00, 57219800.00, 7564.33, 5743.15, 6.73%
- Epoch 048, ExpID 7091
Train - Loss: 17520039.15
Val - Loss, MSE, RMSE, MAE, MAPE: 20714340.00, 20714341.00, 4497.48, 3492.74, 4.45%
Test - Best epoch, Loss, MSE, RMSE, MAE, MAPE: 44, 57219800.00, 57219800.00, 7564.33, 5743.15, 6.73%
- Epoch 049, ExpID 7091
Train - Loss: 17131837.20
Val - Loss, MSE, RMSE, MAE, MAPE: 21748506.00, 21748505.50, 4612.07, 3601.25, 4.59%
Test - Best epoch, Loss, MSE, RMSE, MAE, MAPE: 44, 57219800.00, 57219800.00, 7564.33, 5743.15, 6.73%
- Epoch 050, ExpID 7091
Train - Loss: 16879361.80
Val - Loss, MSE, RMSE, MAE, MAPE: 21255242.00, 21255242.00, 4563.01, 3538.87, 4.50%
Test - Best epoch, Loss, MSE, RMSE, MAE, MAPE: 44, 57219800.00, 57219800.00, 7564.33, 5743.15, 6.73%
- Epoch 051, ExpID 7091
Train - Loss: 16936118.60
Val - Loss, MSE, RMSE, MAE, MAPE: 20585818.00, 20585818.00, 4488.64, 3496.55, 4.44%
Test - Best epoch, Loss, MSE, RMSE, MAE, MAPE: 51, 57828700.00, 57828700.00, 7604.51, 5783.27, 6.79%
- Epoch 052, ExpID 7091
Train - Loss: 16739072.40
Val - Loss, MSE, RMSE, MAE, MAPE: 20590810.00, 20590810.50, 4496.89, 3504.31, 4.48%
Test - Best epoch, Loss, MSE, RMSE, MAE, MAPE: 51, 57828700.00, 57828700.00, 7604.51, 5783.27, 6.79%
- Epoch 053, ExpID 7091
Train - Loss: 16819459.30
Val - Loss, MSE, RMSE, MAE, MAPE: 20322670.00, 20322670.50, 4455.45, 3482.89, 4.43%
Test - Best epoch, Loss, MSE, RMSE, MAE, MAPE: 53, 54997608.00, 54997606.00, 7416.02, 5619.21, 6.56%
- Epoch 054, ExpID 7091
Train - Loss: 16583637.05
Val - Loss, MSE, RMSE, MAE, MAPE: 20545296.00, 20545297.00, 4475.46, 3489.01, 4.44%
Test - Best epoch, Loss, MSE, RMSE, MAE, MAPE: 53, 54997608.00, 54997606.00, 7416.02, 5619.21, 6.56%
- Epoch 055, ExpID 7091
Train - Loss: 16705072.55
Val - Loss, MSE, RMSE, MAE, MAPE: 20970122.00, 20970122.00, 4523.87, 3515.53, 4.47%
Test - Best epoch, Loss, MSE, RMSE, MAE, MAPE: 53, 54997608.00, 54997606.00, 7416.02, 5619.21, 6.56%
- Epoch 056, ExpID 7091
Train - Loss: 16617072.50
Val - Loss, MSE, RMSE, MAE, MAPE: 20658264.00, 20658265.00, 4492.55, 3497.08, 4.44%
Test - Best epoch, Loss, MSE, RMSE, MAE, MAPE: 53, 54997608.00, 54997606.00, 7416.02, 5619.21, 6.56%
- Epoch 057, ExpID 7091
Train - Loss: 16444087.35
Val - Loss, MSE, RMSE, MAE, MAPE: 20651036.00, 20651035.00, 4499.54, 3507.72, 4.46%
Test - Best epoch, Loss, MSE, RMSE, MAE, MAPE: 53, 54997608.00, 54997606.00, 7416.02, 5619.21, 6.56%
- Epoch 058, ExpID 7091
Train - Loss: 16207060.85
Val - Loss, MSE, RMSE, MAE, MAPE: 20652084.00, 20652085.00, 4497.58, 3498.22, 4.44%
Test - Best epoch, Loss, MSE, RMSE, MAE, MAPE: 53, 54997608.00, 54997606.00, 7416.02, 5619.21, 6.56%
- Epoch 059, ExpID 7091
Train - Loss: 16139082.15
Val - Loss, MSE, RMSE, MAE, MAPE: 19913788.00, 19913787.50, 4417.48, 3456.01, 4.41%
Test - Best epoch, Loss, MSE, RMSE, MAE, MAPE: 59, 53226896.00, 53226898.00, 7291.99, 5565.12, 6.52%
- Epoch 060, ExpID 7091
Train - Loss: 16162129.35
Val - Loss, MSE, RMSE, MAE, MAPE: 19947420.00, 19947419.50, 4420.64, 3472.14, 4.43%
Test - Best epoch, Loss, MSE, RMSE, MAE, MAPE: 59, 53226896.00, 53226898.00, 7291.99, 5565.12, 6.52%
- Epoch 061, ExpID 7091
Train - Loss: 16540373.35
Val - Loss, MSE, RMSE, MAE, MAPE: 19410384.00, 19410383.50, 4361.50, 3406.95, 4.34%
Test - Best epoch, Loss, MSE, RMSE, MAE, MAPE: 61, 54366568.00, 54366566.00, 7369.00, 5670.30, 6.64%
- Epoch 062, ExpID 7091
Train - Loss: 16309320.35
Val - Loss, MSE, RMSE, MAE, MAPE: 20162496.00, 20162497.00, 4444.78, 3494.85, 4.44%
Test - Best epoch, Loss, MSE, RMSE, MAE, MAPE: 61, 54366568.00, 54366566.00, 7369.00, 5670.30, 6.64%
- Epoch 063, ExpID 7091
Train - Loss: 15846077.20
Val - Loss, MSE, RMSE, MAE, MAPE: 19615298.00, 19615298.00, 4386.47, 3435.65, 4.38%
Test - Best epoch, Loss, MSE, RMSE, MAE, MAPE: 61, 54366568.00, 54366566.00, 7369.00, 5670.30, 6.64%
- Epoch 064, ExpID 7091
Train - Loss: 15610996.30
Val - Loss, MSE, RMSE, MAE, MAPE: 19367312.00, 19367313.00, 4355.33, 3397.81, 4.33%
Test - Best epoch, Loss, MSE, RMSE, MAE, MAPE: 64, 54508176.00, 54508178.00, 7381.20, 5559.72, 6.54%
- Epoch 065, ExpID 7091
Train - Loss: 15766532.75
Val - Loss, MSE, RMSE, MAE, MAPE: 18924032.00, 18924032.50, 4305.23, 3352.89, 4.26%
Test - Best epoch, Loss, MSE, RMSE, MAE, MAPE: 65, 53459284.00, 53459284.00, 7309.98, 5543.93, 6.50%
- Epoch 066, ExpID 7091
Train - Loss: 15549194.45
Val - Loss, MSE, RMSE, MAE, MAPE: 20171246.00, 20171245.50, 4441.22, 3450.12, 4.39%
Test - Best epoch, Loss, MSE, RMSE, MAE, MAPE: 65, 53459284.00, 53459284.00, 7309.98, 5543.93, 6.50%
- Epoch 067, ExpID 7091
Train - Loss: 15471912.75
Val - Loss, MSE, RMSE, MAE, MAPE: 19167598.00, 19167598.00, 4329.83, 3382.17, 4.33%
Test - Best epoch, Loss, MSE, RMSE, MAE, MAPE: 65, 53459284.00, 53459284.00, 7309.98, 5543.93, 6.50%
- Epoch 068, ExpID 7091
Train - Loss: 15293054.15
Val - Loss, MSE, RMSE, MAE, MAPE: 18795844.00, 18795843.50, 4293.52, 3356.88, 4.27%
Test - Best epoch, Loss, MSE, RMSE, MAE, MAPE: 68, 54272192.00, 54272192.00, 7362.92, 5558.91, 6.52%
- Epoch 069, ExpID 7091
Train - Loss: 15421076.90
Val - Loss, MSE, RMSE, MAE, MAPE: 20000496.00, 20000496.00, 4419.87, 3437.09, 4.37%
Test - Best epoch, Loss, MSE, RMSE, MAE, MAPE: 68, 54272192.00, 54272192.00, 7362.92, 5558.91, 6.52%
- Epoch 070, ExpID 7091
Train - Loss: 15245431.25
Val - Loss, MSE, RMSE, MAE, MAPE: 19610624.00, 19610625.00, 4391.89, 3425.49, 4.33%
Test - Best epoch, Loss, MSE, RMSE, MAE, MAPE: 68, 54272192.00, 54272192.00, 7362.92, 5558.91, 6.52%
- Epoch 071, ExpID 7091
Train - Loss: 15204840.60
Val - Loss, MSE, RMSE, MAE, MAPE: 19379778.00, 19379778.50, 4356.96, 3410.43, 4.36%
Test - Best epoch, Loss, MSE, RMSE, MAE, MAPE: 68, 54272192.00, 54272192.00, 7362.92, 5558.91, 6.52%
- Epoch 072, ExpID 7091
Train - Loss: 15218123.90
Val - Loss, MSE, RMSE, MAE, MAPE: 20075502.00, 20075502.50, 4438.19, 3467.30, 4.39%
Test - Best epoch, Loss, MSE, RMSE, MAE, MAPE: 68, 54272192.00, 54272192.00, 7362.92, 5558.91, 6.52%
- Epoch 073, ExpID 7091
Train - Loss: 15104283.80
Val - Loss, MSE, RMSE, MAE, MAPE: 19710904.00, 19710903.50, 4400.15, 3424.87, 4.35%
Test - Best epoch, Loss, MSE, RMSE, MAE, MAPE: 68, 54272192.00, 54272192.00, 7362.92, 5558.91, 6.52%
- Epoch 074, ExpID 7091
Train - Loss: 15107559.85
Val - Loss, MSE, RMSE, MAE, MAPE: 19097844.00, 19097843.00, 4331.48, 3388.17, 4.31%
Test - Best epoch, Loss, MSE, RMSE, MAE, MAPE: 68, 54272192.00, 54272192.00, 7362.92, 5558.91, 6.52%
- Epoch 075, ExpID 7091
Train - Loss: 15046888.00
Val - Loss, MSE, RMSE, MAE, MAPE: 19184818.00, 19184817.50, 4336.48, 3380.60, 4.31%
Test - Best epoch, Loss, MSE, RMSE, MAE, MAPE: 68, 54272192.00, 54272192.00, 7362.92, 5558.91, 6.52%
- Epoch 076, ExpID 7091
Train - Loss: 14897028.60
Val - Loss, MSE, RMSE, MAE, MAPE: 18372924.00, 18372924.00, 4243.99, 3323.46, 4.23%
Test - Best epoch, Loss, MSE, RMSE, MAE, MAPE: 76, 50172936.00, 50172938.00, 7082.38, 5370.73, 6.29%
- Epoch 077, ExpID 7091
Train - Loss: 14882566.70
Val - Loss, MSE, RMSE, MAE, MAPE: 19029024.00, 19029023.50, 4329.40, 3388.26, 4.33%
Test - Best epoch, Loss, MSE, RMSE, MAE, MAPE: 76, 50172936.00, 50172938.00, 7082.38, 5370.73, 6.29%
- Epoch 078, ExpID 7091
Train - Loss: 14637595.75
Val - Loss, MSE, RMSE, MAE, MAPE: 19415018.00, 19415018.50, 4374.02, 3445.74, 4.40%
Test - Best epoch, Loss, MSE, RMSE, MAE, MAPE: 76, 50172936.00, 50172938.00, 7082.38, 5370.73, 6.29%
- Epoch 079, ExpID 7091
Train - Loss: 14736960.90
Val - Loss, MSE, RMSE, MAE, MAPE: 18764794.00, 18764794.00, 4292.82, 3364.95, 4.29%
Test - Best epoch, Loss, MSE, RMSE, MAE, MAPE: 76, 50172936.00, 50172938.00, 7082.38, 5370.73, 6.29%
- Epoch 080, ExpID 7091
Train - Loss: 14597909.25
Val - Loss, MSE, RMSE, MAE, MAPE: 18729064.00, 18729063.50, 4293.00, 3372.93, 4.30%
Test - Best epoch, Loss, MSE, RMSE, MAE, MAPE: 76, 50172936.00, 50172938.00, 7082.38, 5370.73, 6.29%
- Epoch 081, ExpID 7091
Train - Loss: 14652828.90
Val - Loss, MSE, RMSE, MAE, MAPE: 18768680.00, 18768681.00, 4293.85, 3348.86, 4.26%
Test - Best epoch, Loss, MSE, RMSE, MAE, MAPE: 76, 50172936.00, 50172938.00, 7082.38, 5370.73, 6.29%
- Epoch 082, ExpID 7091
Train - Loss: 14841355.25
Val - Loss, MSE, RMSE, MAE, MAPE: 19746992.00, 19746993.00, 4404.15, 3443.70, 4.38%
Test - Best epoch, Loss, MSE, RMSE, MAE, MAPE: 76, 50172936.00, 50172938.00, 7082.38, 5370.73, 6.29%
- Epoch 083, ExpID 7091
Train - Loss: 14750102.15
Val - Loss, MSE, RMSE, MAE, MAPE: 19544642.00, 19544642.00, 4378.51, 3443.22, 4.38%
Test - Best epoch, Loss, MSE, RMSE, MAE, MAPE: 76, 50172936.00, 50172938.00, 7082.38, 5370.73, 6.29%
- Epoch 084, ExpID 7091
Train - Loss: 14639766.75
Val - Loss, MSE, RMSE, MAE, MAPE: 19352138.00, 19352137.50, 4361.35, 3412.34, 4.34%
Test - Best epoch, Loss, MSE, RMSE, MAE, MAPE: 76, 50172936.00, 50172938.00, 7082.38, 5370.73, 6.29%
- Epoch 085, ExpID 7091
Train - Loss: 14390710.40
Val - Loss, MSE, RMSE, MAE, MAPE: 19342172.00, 19342171.50, 4354.58, 3385.84, 4.31%
Test - Best epoch, Loss, MSE, RMSE, MAE, MAPE: 76, 50172936.00, 50172938.00, 7082.38, 5370.73, 6.29%
- Epoch 086, ExpID 7091
Train - Loss: 14431699.20
Val - Loss, MSE, RMSE, MAE, MAPE: 18886400.00, 18886399.50, 4302.56, 3353.63, 4.27%
Test - Best epoch, Loss, MSE, RMSE, MAE, MAPE: 76, 50172936.00, 50172938.00, 7082.38, 5370.73, 6.29%
Early Stopping at Epoch 86
Fold 2017 Best RMSE: 7082.3840

-------------------- [Fold: 2018] ExpID: 46839 --------------------
- Epoch 000, ExpID 46839
Train - Loss: 44957058.48
Val - Loss, MSE, RMSE, MAE, MAPE: 85209424.00, 85209428.00, 9217.62, 7087.88, 8.18%
Test - Best epoch, Loss, MSE, RMSE, MAE, MAPE: 0, 53791880.00, 53791878.00, 7296.78, 5750.95, 6.21%
- Epoch 001, ExpID 46839
Train - Loss: 37104446.67
Val - Loss, MSE, RMSE, MAE, MAPE: 84427208.00, 84427208.00, 9186.68, 7090.78, 8.16%
Test - Best epoch, Loss, MSE, RMSE, MAE, MAPE: 1, 50939648.00, 50939648.00, 7118.34, 5603.08, 6.06%
- Epoch 002, ExpID 46839
Train - Loss: 34662050.38
Val - Loss, MSE, RMSE, MAE, MAPE: 81341488.00, 81341488.00, 9012.86, 6980.88, 8.03%
Test - Best epoch, Loss, MSE, RMSE, MAE, MAPE: 2, 47958712.00, 47958712.00, 6904.32, 5488.23, 5.93%
- Epoch 003, ExpID 46839
Train - Loss: 33174900.29
Val - Loss, MSE, RMSE, MAE, MAPE: 79591056.00, 79591060.00, 8906.48, 6962.32, 8.02%
Test - Best epoch, Loss, MSE, RMSE, MAE, MAPE: 3, 46476056.00, 46476058.00, 6799.09, 5410.24, 5.85%
- Epoch 004, ExpID 46839
Train - Loss: 32320319.62
Val - Loss, MSE, RMSE, MAE, MAPE: 72488688.00, 72488688.00, 8513.99, 6669.92, 7.73%
Test - Best epoch, Loss, MSE, RMSE, MAE, MAPE: 4, 42289088.00, 42289089.00, 6444.73, 5064.45, 5.51%
- Epoch 005, ExpID 46839
Train - Loss: 31232983.14
Val - Loss, MSE, RMSE, MAE, MAPE: 72253688.00, 72253688.00, 8496.36, 6741.19, 7.79%
Test - Best epoch, Loss, MSE, RMSE, MAE, MAPE: 5, 42138752.00, 42138751.00, 6456.06, 5139.64, 5.57%
- Epoch 006, ExpID 46839
Train - Loss: 30305256.00
Val - Loss, MSE, RMSE, MAE, MAPE: 68458208.00, 68458204.00, 8273.41, 6563.73, 7.61%
Test - Best epoch, Loss, MSE, RMSE, MAE, MAPE: 6, 39982904.00, 39982906.00, 6271.81, 4980.15, 5.40%
- Epoch 007, ExpID 46839
Train - Loss: 29725111.05
Val - Loss, MSE, RMSE, MAE, MAPE: 68541320.00, 68541320.00, 8277.74, 6546.69, 7.55%
Test - Best epoch, Loss, MSE, RMSE, MAE, MAPE: 6, 39982904.00, 39982906.00, 6271.81, 4980.15, 5.40%
- Epoch 008, ExpID 46839
Train - Loss: 29314321.90
Val - Loss, MSE, RMSE, MAE, MAPE: 67525984.00, 67525982.00, 8216.02, 6561.05, 7.60%
Test - Best epoch, Loss, MSE, RMSE, MAE, MAPE: 8, 39305636.00, 39305637.00, 6227.77, 4948.75, 5.34%
- Epoch 009, ExpID 46839
Train - Loss: 28482451.62
Val - Loss, MSE, RMSE, MAE, MAPE: 66173000.00, 66173000.00, 8134.34, 6464.02, 7.51%
Test - Best epoch, Loss, MSE, RMSE, MAE, MAPE: 9, 39909612.00, 39909611.00, 6266.81, 4998.92, 5.42%
- Epoch 010, ExpID 46839
Train - Loss: 27983995.71
Val - Loss, MSE, RMSE, MAE, MAPE: 65169416.00, 65169418.00, 8071.82, 6416.21, 7.48%
Test - Best epoch, Loss, MSE, RMSE, MAE, MAPE: 10, 37414040.00, 37414042.00, 6048.56, 4822.37, 5.23%
- Epoch 011, ExpID 46839
Train - Loss: 27513898.95
Val - Loss, MSE, RMSE, MAE, MAPE: 65856160.00, 65856162.00, 8110.33, 6482.34, 7.53%
Test - Best epoch, Loss, MSE, RMSE, MAE, MAPE: 10, 37414040.00, 37414042.00, 6048.56, 4822.37, 5.23%
- Epoch 012, ExpID 46839
Train - Loss: 27064040.76
Val - Loss, MSE, RMSE, MAE, MAPE: 63062152.00, 63062150.00, 7940.08, 6313.59, 7.35%
Test - Best epoch, Loss, MSE, RMSE, MAE, MAPE: 12, 38110012.00, 38110012.00, 6133.49, 4900.75, 5.31%
- Epoch 013, ExpID 46839
Train - Loss: 26348627.14
Val - Loss, MSE, RMSE, MAE, MAPE: 62377688.00, 62377686.00, 7895.59, 6178.67, 7.20%
Test - Best epoch, Loss, MSE, RMSE, MAE, MAPE: 13, 37384512.00, 37384513.00, 6058.52, 4832.24, 5.23%
- Epoch 014, ExpID 46839
Train - Loss: 26067431.14
Val - Loss, MSE, RMSE, MAE, MAPE: 59390408.00, 59390410.00, 7705.65, 6046.02, 7.04%
Test - Best epoch, Loss, MSE, RMSE, MAE, MAPE: 14, 37162880.00, 37162880.00, 6053.45, 4800.73, 5.21%
- Epoch 015, ExpID 46839
Train - Loss: 25687208.10
Val - Loss, MSE, RMSE, MAE, MAPE: 62019288.00, 62019288.00, 7871.75, 6179.08, 7.16%
Test - Best epoch, Loss, MSE, RMSE, MAE, MAPE: 14, 37162880.00, 37162880.00, 6053.45, 4800.73, 5.21%
- Epoch 016, ExpID 46839
Train - Loss: 25559294.38
Val - Loss, MSE, RMSE, MAE, MAPE: 61066192.00, 61066190.00, 7814.46, 6126.80, 7.17%
Test - Best epoch, Loss, MSE, RMSE, MAE, MAPE: 14, 37162880.00, 37162880.00, 6053.45, 4800.73, 5.21%
- Epoch 017, ExpID 46839
Train - Loss: 24938078.95
Val - Loss, MSE, RMSE, MAE, MAPE: 59708296.00, 59708296.00, 7722.31, 6081.58, 7.06%
Test - Best epoch, Loss, MSE, RMSE, MAE, MAPE: 14, 37162880.00, 37162880.00, 6053.45, 4800.73, 5.21%
- Epoch 018, ExpID 46839
Train - Loss: 24736327.05
Val - Loss, MSE, RMSE, MAE, MAPE: 58974452.00, 58974452.00, 7674.95, 5981.29, 6.92%
Test - Best epoch, Loss, MSE, RMSE, MAE, MAPE: 18, 37562440.00, 37562440.00, 6103.71, 4843.89, 5.23%
- Epoch 019, ExpID 46839
Train - Loss: 24415444.00
Val - Loss, MSE, RMSE, MAE, MAPE: 57654092.00, 57654092.00, 7588.53, 5976.59, 6.95%
Test - Best epoch, Loss, MSE, RMSE, MAE, MAPE: 19, 35961824.00, 35961822.00, 5963.29, 4708.94, 5.11%
- Epoch 020, ExpID 46839
Train - Loss: 23840645.71
Val - Loss, MSE, RMSE, MAE, MAPE: 58581112.00, 58581110.00, 7653.79, 5957.03, 6.94%
Test - Best epoch, Loss, MSE, RMSE, MAE, MAPE: 19, 35961824.00, 35961822.00, 5963.29, 4708.94, 5.11%
- Epoch 021, ExpID 46839
Train - Loss: 23756557.62
Val - Loss, MSE, RMSE, MAE, MAPE: 57113712.00, 57113714.00, 7557.27, 5901.92, 6.88%
Test - Best epoch, Loss, MSE, RMSE, MAE, MAPE: 21, 35812236.00, 35812237.00, 5945.93, 4709.24, 5.11%
- Epoch 022, ExpID 46839
Train - Loss: 23249330.38
Val - Loss, MSE, RMSE, MAE, MAPE: 55245612.00, 55245612.00, 7432.54, 5790.72, 6.76%
Test - Best epoch, Loss, MSE, RMSE, MAE, MAPE: 22, 36300392.00, 36300393.00, 5985.80, 4718.46, 5.12%
- Epoch 023, ExpID 46839
Train - Loss: 22960656.10
Val - Loss, MSE, RMSE, MAE, MAPE: 56513668.00, 56513668.00, 7516.67, 5825.81, 6.79%
Test - Best epoch, Loss, MSE, RMSE, MAE, MAPE: 22, 36300392.00, 36300393.00, 5985.80, 4718.46, 5.12%
- Epoch 024, ExpID 46839
Train - Loss: 22978063.33
Val - Loss, MSE, RMSE, MAE, MAPE: 57372856.00, 57372854.00, 7574.34, 5851.32, 6.84%
Test - Best epoch, Loss, MSE, RMSE, MAE, MAPE: 22, 36300392.00, 36300393.00, 5985.80, 4718.46, 5.12%
- Epoch 025, ExpID 46839
Train - Loss: 22395530.38
Val - Loss, MSE, RMSE, MAE, MAPE: 59763532.00, 59763532.00, 7728.08, 5998.62, 6.97%
Test - Best epoch, Loss, MSE, RMSE, MAE, MAPE: 22, 36300392.00, 36300393.00, 5985.80, 4718.46, 5.12%
- Epoch 026, ExpID 46839
Train - Loss: 22098073.62
Val - Loss, MSE, RMSE, MAE, MAPE: 54177640.00, 54177642.00, 7359.90, 5670.78, 6.64%
Test - Best epoch, Loss, MSE, RMSE, MAE, MAPE: 26, 36158552.00, 36158554.00, 5965.05, 4658.86, 5.07%
- Epoch 027, ExpID 46839
Train - Loss: 22016206.76
Val - Loss, MSE, RMSE, MAE, MAPE: 56070168.00, 56070166.00, 7487.99, 5814.39, 6.79%
Test - Best epoch, Loss, MSE, RMSE, MAE, MAPE: 26, 36158552.00, 36158554.00, 5965.05, 4658.86, 5.07%
- Epoch 028, ExpID 46839
Train - Loss: 21712675.05
Val - Loss, MSE, RMSE, MAE, MAPE: 56267440.00, 56267440.00, 7501.07, 5812.77, 6.82%
Test - Best epoch, Loss, MSE, RMSE, MAE, MAPE: 26, 36158552.00, 36158554.00, 5965.05, 4658.86, 5.07%
- Epoch 029, ExpID 46839
Train - Loss: 21410208.67
Val - Loss, MSE, RMSE, MAE, MAPE: 55849304.00, 55849302.00, 7470.53, 5775.64, 6.73%
Test - Best epoch, Loss, MSE, RMSE, MAE, MAPE: 26, 36158552.00, 36158554.00, 5965.05, 4658.86, 5.07%
- Epoch 030, ExpID 46839
Train - Loss: 21180570.95
Val - Loss, MSE, RMSE, MAE, MAPE: 55817864.00, 55817864.00, 7471.11, 5777.06, 6.76%
Test - Best epoch, Loss, MSE, RMSE, MAE, MAPE: 26, 36158552.00, 36158554.00, 5965.05, 4658.86, 5.07%
- Epoch 031, ExpID 46839
Train - Loss: 20869581.43
Val - Loss, MSE, RMSE, MAE, MAPE: 54078792.00, 54078792.00, 7350.81, 5639.02, 6.61%
Test - Best epoch, Loss, MSE, RMSE, MAE, MAPE: 31, 33824056.00, 33824055.00, 5744.28, 4533.16, 4.93%
- Epoch 032, ExpID 46839
Train - Loss: 20607019.33
Val - Loss, MSE, RMSE, MAE, MAPE: 55374928.00, 55374926.00, 7441.21, 5720.05, 6.70%
Test - Best epoch, Loss, MSE, RMSE, MAE, MAPE: 31, 33824056.00, 33824055.00, 5744.28, 4533.16, 4.93%
- Epoch 033, ExpID 46839
Train - Loss: 20208505.81
Val - Loss, MSE, RMSE, MAE, MAPE: 52444856.00, 52444854.00, 7236.04, 5580.04, 6.50%
Test - Best epoch, Loss, MSE, RMSE, MAE, MAPE: 33, 34359868.00, 34359867.00, 5830.06, 4568.44, 4.96%
- Epoch 034, ExpID 46839
Train - Loss: 20161674.48
Val - Loss, MSE, RMSE, MAE, MAPE: 55615556.00, 55615556.00, 7441.75, 5722.32, 6.68%
Test - Best epoch, Loss, MSE, RMSE, MAE, MAPE: 33, 34359868.00, 34359867.00, 5830.06, 4568.44, 4.96%
- Epoch 035, ExpID 46839
Train - Loss: 19912150.10
Val - Loss, MSE, RMSE, MAE, MAPE: 53534828.00, 53534828.00, 7310.57, 5679.18, 6.64%
Test - Best epoch, Loss, MSE, RMSE, MAE, MAPE: 33, 34359868.00, 34359867.00, 5830.06, 4568.44, 4.96%
- Epoch 036, ExpID 46839
Train - Loss: 19514131.81
Val - Loss, MSE, RMSE, MAE, MAPE: 54803696.00, 54803694.00, 7402.29, 5648.19, 6.63%
Test - Best epoch, Loss, MSE, RMSE, MAE, MAPE: 33, 34359868.00, 34359867.00, 5830.06, 4568.44, 4.96%
- Epoch 037, ExpID 46839
Train - Loss: 19417059.62
Val - Loss, MSE, RMSE, MAE, MAPE: 53151472.00, 53151474.00, 7287.97, 5591.79, 6.53%
Test - Best epoch, Loss, MSE, RMSE, MAE, MAPE: 33, 34359868.00, 34359867.00, 5830.06, 4568.44, 4.96%
- Epoch 038, ExpID 46839
Train - Loss: 19257278.00
Val - Loss, MSE, RMSE, MAE, MAPE: 54539968.00, 54539970.00, 7383.51, 5679.18, 6.67%
Test - Best epoch, Loss, MSE, RMSE, MAE, MAPE: 33, 34359868.00, 34359867.00, 5830.06, 4568.44, 4.96%
- Epoch 039, ExpID 46839
Train - Loss: 19145273.62
Val - Loss, MSE, RMSE, MAE, MAPE: 51507828.00, 51507828.00, 7176.87, 5509.98, 6.47%
Test - Best epoch, Loss, MSE, RMSE, MAE, MAPE: 39, 32687264.00, 32687263.00, 5670.45, 4442.85, 4.84%
- Epoch 040, ExpID 46839
Train - Loss: 19093267.05
Val - Loss, MSE, RMSE, MAE, MAPE: 54527648.00, 54527648.00, 7384.17, 5662.25, 6.65%
Test - Best epoch, Loss, MSE, RMSE, MAE, MAPE: 39, 32687264.00, 32687263.00, 5670.45, 4442.85, 4.84%
- Epoch 041, ExpID 46839
Train - Loss: 18507810.10
Val - Loss, MSE, RMSE, MAE, MAPE: 53145304.00, 53145302.00, 7290.02, 5626.51, 6.61%
Test - Best epoch, Loss, MSE, RMSE, MAE, MAPE: 39, 32687264.00, 32687263.00, 5670.45, 4442.85, 4.84%
- Epoch 042, ExpID 46839
Train - Loss: 18457277.52
Val - Loss, MSE, RMSE, MAE, MAPE: 53836680.00, 53836680.00, 7336.91, 5577.25, 6.55%
Test - Best epoch, Loss, MSE, RMSE, MAE, MAPE: 39, 32687264.00, 32687263.00, 5670.45, 4442.85, 4.84%
- Epoch 043, ExpID 46839
Train - Loss: 18516970.76
Val - Loss, MSE, RMSE, MAE, MAPE: 53718912.00, 53718912.00, 7325.84, 5620.88, 6.58%
Test - Best epoch, Loss, MSE, RMSE, MAE, MAPE: 39, 32687264.00, 32687263.00, 5670.45, 4442.85, 4.84%
- Epoch 044, ExpID 46839
Train - Loss: 18190787.43
Val - Loss, MSE, RMSE, MAE, MAPE: 55342160.00, 55342162.00, 7438.13, 5751.81, 6.75%
Test - Best epoch, Loss, MSE, RMSE, MAE, MAPE: 39, 32687264.00, 32687263.00, 5670.45, 4442.85, 4.84%
- Epoch 045, ExpID 46839
Train - Loss: 17967435.05
Val - Loss, MSE, RMSE, MAE, MAPE: 51130872.00, 51130870.00, 7148.53, 5493.43, 6.44%
Test - Best epoch, Loss, MSE, RMSE, MAE, MAPE: 45, 30990338.00, 30990338.00, 5529.44, 4323.75, 4.70%
- Epoch 046, ExpID 46839
Train - Loss: 18354585.71
Val - Loss, MSE, RMSE, MAE, MAPE: 54387100.00, 54387100.00, 7373.19, 5641.90, 6.62%
Test - Best epoch, Loss, MSE, RMSE, MAE, MAPE: 45, 30990338.00, 30990338.00, 5529.44, 4323.75, 4.70%
- Epoch 047, ExpID 46839
Train - Loss: 17654291.67
Val - Loss, MSE, RMSE, MAE, MAPE: 51560288.00, 51560288.00, 7180.54, 5505.79, 6.49%
Test - Best epoch, Loss, MSE, RMSE, MAE, MAPE: 45, 30990338.00, 30990338.00, 5529.44, 4323.75, 4.70%
- Epoch 048, ExpID 46839
Train - Loss: 17511505.38
Val - Loss, MSE, RMSE, MAE, MAPE: 53694500.00, 53694500.00, 7327.55, 5571.35, 6.54%
Test - Best epoch, Loss, MSE, RMSE, MAE, MAPE: 45, 30990338.00, 30990338.00, 5529.44, 4323.75, 4.70%
- Epoch 049, ExpID 46839
Train - Loss: 17607728.71
Val - Loss, MSE, RMSE, MAE, MAPE: 53066104.00, 53066102.00, 7284.05, 5570.16, 6.56%
Test - Best epoch, Loss, MSE, RMSE, MAE, MAPE: 45, 30990338.00, 30990338.00, 5529.44, 4323.75, 4.70%
- Epoch 050, ExpID 46839
Train - Loss: 17330655.19
Val - Loss, MSE, RMSE, MAE, MAPE: 52330512.00, 52330512.00, 7232.60, 5521.43, 6.51%
Test - Best epoch, Loss, MSE, RMSE, MAE, MAPE: 45, 30990338.00, 30990338.00, 5529.44, 4323.75, 4.70%
- Epoch 051, ExpID 46839
Train - Loss: 17211725.29
Val - Loss, MSE, RMSE, MAE, MAPE: 49862928.00, 49862928.00, 7060.36, 5392.39, 6.34%
Test - Best epoch, Loss, MSE, RMSE, MAE, MAPE: 51, 32070534.00, 32070534.00, 5623.97, 4396.93, 4.78%
- Epoch 052, ExpID 46839
Train - Loss: 17092547.29
Val - Loss, MSE, RMSE, MAE, MAPE: 51155292.00, 51155292.00, 7152.29, 5492.33, 6.46%
Test - Best epoch, Loss, MSE, RMSE, MAE, MAPE: 51, 32070534.00, 32070534.00, 5623.97, 4396.93, 4.78%
- Epoch 053, ExpID 46839
Train - Loss: 17049719.76
Val - Loss, MSE, RMSE, MAE, MAPE: 51498752.00, 51498754.00, 7176.24, 5456.22, 6.41%
Test - Best epoch, Loss, MSE, RMSE, MAE, MAPE: 51, 32070534.00, 32070534.00, 5623.97, 4396.93, 4.78%
- Epoch 054, ExpID 46839
Train - Loss: 16819667.48
Val - Loss, MSE, RMSE, MAE, MAPE: 51097196.00, 51097196.00, 7148.13, 5458.23, 6.42%
Test - Best epoch, Loss, MSE, RMSE, MAE, MAPE: 51, 32070534.00, 32070534.00, 5623.97, 4396.93, 4.78%
- Epoch 055, ExpID 46839
Train - Loss: 16812271.14
Val - Loss, MSE, RMSE, MAE, MAPE: 51650376.00, 51650374.00, 7183.27, 5455.46, 6.44%
Test - Best epoch, Loss, MSE, RMSE, MAE, MAPE: 51, 32070534.00, 32070534.00, 5623.97, 4396.93, 4.78%
- Epoch 056, ExpID 46839
Train - Loss: 16773183.33
Val - Loss, MSE, RMSE, MAE, MAPE: 51902068.00, 51902068.00, 7202.82, 5522.35, 6.49%
Test - Best epoch, Loss, MSE, RMSE, MAE, MAPE: 51, 32070534.00, 32070534.00, 5623.97, 4396.93, 4.78%
- Epoch 057, ExpID 46839
Train - Loss: 16469117.57
Val - Loss, MSE, RMSE, MAE, MAPE: 48895736.00, 48895736.00, 6991.70, 5355.83, 6.29%
Test - Best epoch, Loss, MSE, RMSE, MAE, MAPE: 57, 32456608.00, 32456609.00, 5666.54, 4443.82, 4.83%
- Epoch 058, ExpID 46839
Train - Loss: 16487807.52
Val - Loss, MSE, RMSE, MAE, MAPE: 48073576.00, 48073578.00, 6932.33, 5316.36, 6.25%
Test - Best epoch, Loss, MSE, RMSE, MAE, MAPE: 58, 31051496.00, 31051495.00, 5519.23, 4308.68, 4.69%
- Epoch 059, ExpID 46839
Train - Loss: 16313636.43
Val - Loss, MSE, RMSE, MAE, MAPE: 49997764.00, 49997764.00, 7069.29, 5392.19, 6.34%
Test - Best epoch, Loss, MSE, RMSE, MAE, MAPE: 58, 31051496.00, 31051495.00, 5519.23, 4308.68, 4.69%
- Epoch 060, ExpID 46839
Train - Loss: 16052918.71
Val - Loss, MSE, RMSE, MAE, MAPE: 48537320.00, 48537320.00, 6965.50, 5325.16, 6.27%
Test - Best epoch, Loss, MSE, RMSE, MAE, MAPE: 58, 31051496.00, 31051495.00, 5519.23, 4308.68, 4.69%
- Epoch 061, ExpID 46839
Train - Loss: 16129552.95
Val - Loss, MSE, RMSE, MAE, MAPE: 50275732.00, 50275732.00, 7084.17, 5443.86, 6.37%
Test - Best epoch, Loss, MSE, RMSE, MAE, MAPE: 58, 31051496.00, 31051495.00, 5519.23, 4308.68, 4.69%
- Epoch 062, ExpID 46839
Train - Loss: 16114587.33
Val - Loss, MSE, RMSE, MAE, MAPE: 49819944.00, 49819942.00, 7057.00, 5362.31, 6.32%
Test - Best epoch, Loss, MSE, RMSE, MAE, MAPE: 58, 31051496.00, 31051495.00, 5519.23, 4308.68, 4.69%
- Epoch 063, ExpID 46839
Train - Loss: 16157034.24
Val - Loss, MSE, RMSE, MAE, MAPE: 48464316.00, 48464316.00, 6961.44, 5273.99, 6.21%
Test - Best epoch, Loss, MSE, RMSE, MAE, MAPE: 58, 31051496.00, 31051495.00, 5519.23, 4308.68, 4.69%
- Epoch 064, ExpID 46839
Train - Loss: 16026748.38
Val - Loss, MSE, RMSE, MAE, MAPE: 50024120.00, 50024120.00, 7071.78, 5391.81, 6.33%
Test - Best epoch, Loss, MSE, RMSE, MAE, MAPE: 58, 31051496.00, 31051495.00, 5519.23, 4308.68, 4.69%
- Epoch 065, ExpID 46839
Train - Loss: 16002291.95
Val - Loss, MSE, RMSE, MAE, MAPE: 48561880.00, 48561882.00, 6966.99, 5309.65, 6.22%
Test - Best epoch, Loss, MSE, RMSE, MAE, MAPE: 58, 31051496.00, 31051495.00, 5519.23, 4308.68, 4.69%
- Epoch 066, ExpID 46839
Train - Loss: 15940288.05
Val - Loss, MSE, RMSE, MAE, MAPE: 50108984.00, 50108984.00, 7076.55, 5359.02, 6.30%
Test - Best epoch, Loss, MSE, RMSE, MAE, MAPE: 58, 31051496.00, 31051495.00, 5519.23, 4308.68, 4.69%
- Epoch 067, ExpID 46839
Train - Loss: 15793610.71
Val - Loss, MSE, RMSE, MAE, MAPE: 52472464.00, 52472466.00, 7243.03, 5490.83, 6.45%
Test - Best epoch, Loss, MSE, RMSE, MAE, MAPE: 58, 31051496.00, 31051495.00, 5519.23, 4308.68, 4.69%
- Epoch 068, ExpID 46839
Train - Loss: 15655445.95
Val - Loss, MSE, RMSE, MAE, MAPE: 47159800.00, 47159800.00, 6864.72, 5240.50, 6.14%
Test - Best epoch, Loss, MSE, RMSE, MAE, MAPE: 68, 33509176.00, 33509176.00, 5774.69, 4518.29, 4.89%
- Epoch 069, ExpID 46839
Train - Loss: 15628174.81
Val - Loss, MSE, RMSE, MAE, MAPE: 46846084.00, 46846084.00, 6841.38, 5208.80, 6.11%
Test - Best epoch, Loss, MSE, RMSE, MAE, MAPE: 69, 31848458.00, 31848458.00, 5611.03, 4384.18, 4.76%
- Epoch 070, ExpID 46839
Train - Loss: 15478862.67
Val - Loss, MSE, RMSE, MAE, MAPE: 47330704.00, 47330706.00, 6877.81, 5266.42, 6.19%
Test - Best epoch, Loss, MSE, RMSE, MAE, MAPE: 69, 31848458.00, 31848458.00, 5611.03, 4384.18, 4.76%
- Epoch 071, ExpID 46839
Train - Loss: 15535959.38
Val - Loss, MSE, RMSE, MAE, MAPE: 51489080.00, 51489078.00, 7175.52, 5451.42, 6.41%
Test - Best epoch, Loss, MSE, RMSE, MAE, MAPE: 69, 31848458.00, 31848458.00, 5611.03, 4384.18, 4.76%
- Epoch 072, ExpID 46839
Train - Loss: 15343138.05
Val - Loss, MSE, RMSE, MAE, MAPE: 46958536.00, 46958536.00, 6849.29, 5220.92, 6.13%
Test - Best epoch, Loss, MSE, RMSE, MAE, MAPE: 69, 31848458.00, 31848458.00, 5611.03, 4384.18, 4.76%
- Epoch 073, ExpID 46839
Train - Loss: 15150456.86
Val - Loss, MSE, RMSE, MAE, MAPE: 48373560.00, 48373560.00, 6952.60, 5275.73, 6.18%
Test - Best epoch, Loss, MSE, RMSE, MAE, MAPE: 69, 31848458.00, 31848458.00, 5611.03, 4384.18, 4.76%
- Epoch 074, ExpID 46839
Train - Loss: 15144575.38
Val - Loss, MSE, RMSE, MAE, MAPE: 48208128.00, 48208128.00, 6942.88, 5276.60, 6.20%
Test - Best epoch, Loss, MSE, RMSE, MAE, MAPE: 69, 31848458.00, 31848458.00, 5611.03, 4384.18, 4.76%
- Epoch 075, ExpID 46839
Train - Loss: 15213182.38
Val - Loss, MSE, RMSE, MAE, MAPE: 46651096.00, 46651096.00, 6826.94, 5204.95, 6.10%
Test - Best epoch, Loss, MSE, RMSE, MAE, MAPE: 75, 32008604.00, 32008604.00, 5634.33, 4422.87, 4.80%
- Epoch 076, ExpID 46839
Train - Loss: 14990553.33
Val - Loss, MSE, RMSE, MAE, MAPE: 48744744.00, 48744744.00, 6981.70, 5282.40, 6.22%
Test - Best epoch, Loss, MSE, RMSE, MAE, MAPE: 75, 32008604.00, 32008604.00, 5634.33, 4422.87, 4.80%
- Epoch 077, ExpID 46839
Train - Loss: 15004134.76
Val - Loss, MSE, RMSE, MAE, MAPE: 46692460.00, 46692460.00, 6831.77, 5196.62, 6.10%
Test - Best epoch, Loss, MSE, RMSE, MAE, MAPE: 75, 32008604.00, 32008604.00, 5634.33, 4422.87, 4.80%
- Epoch 078, ExpID 46839
Train - Loss: 14993900.62
Val - Loss, MSE, RMSE, MAE, MAPE: 47075664.00, 47075664.00, 6856.80, 5221.45, 6.12%
Test - Best epoch, Loss, MSE, RMSE, MAE, MAPE: 75, 32008604.00, 32008604.00, 5634.33, 4422.87, 4.80%
- Epoch 079, ExpID 46839
Train - Loss: 15057867.81
Val - Loss, MSE, RMSE, MAE, MAPE: 46334452.00, 46334452.00, 6800.59, 5199.90, 6.09%
Test - Best epoch, Loss, MSE, RMSE, MAE, MAPE: 79, 31936060.00, 31936061.00, 5635.80, 4433.93, 4.81%
- Epoch 080, ExpID 46839
Train - Loss: 14846244.24
Val - Loss, MSE, RMSE, MAE, MAPE: 48771648.00, 48771646.00, 6983.67, 5311.40, 6.24%
Test - Best epoch, Loss, MSE, RMSE, MAE, MAPE: 79, 31936060.00, 31936061.00, 5635.80, 4433.93, 4.81%
- Epoch 081, ExpID 46839
Train - Loss: 14882402.43
Val - Loss, MSE, RMSE, MAE, MAPE: 47778928.00, 47778930.00, 6908.25, 5274.62, 6.19%
Test - Best epoch, Loss, MSE, RMSE, MAE, MAPE: 79, 31936060.00, 31936061.00, 5635.80, 4433.93, 4.81%
- Epoch 082, ExpID 46839
Train - Loss: 14989577.43
Val - Loss, MSE, RMSE, MAE, MAPE: 46322852.00, 46322852.00, 6806.01, 5193.56, 6.10%
Test - Best epoch, Loss, MSE, RMSE, MAE, MAPE: 82, 29722664.00, 29722665.00, 5414.37, 4234.13, 4.60%
- Epoch 083, ExpID 46839
Train - Loss: 14859866.43
Val - Loss, MSE, RMSE, MAE, MAPE: 46365120.00, 46365120.00, 6808.44, 5202.27, 6.11%
Test - Best epoch, Loss, MSE, RMSE, MAE, MAPE: 82, 29722664.00, 29722665.00, 5414.37, 4234.13, 4.60%
- Epoch 084, ExpID 46839
Train - Loss: 14811082.67
Val - Loss, MSE, RMSE, MAE, MAPE: 50596312.00, 50596312.00, 7113.10, 5385.94, 6.34%
Test - Best epoch, Loss, MSE, RMSE, MAE, MAPE: 82, 29722664.00, 29722665.00, 5414.37, 4234.13, 4.60%
- Epoch 085, ExpID 46839
Train - Loss: 14964652.00
Val - Loss, MSE, RMSE, MAE, MAPE: 45842112.00, 45842114.00, 6768.47, 5142.16, 6.03%
Test - Best epoch, Loss, MSE, RMSE, MAE, MAPE: 85, 31735392.00, 31735393.00, 5602.41, 4374.27, 4.75%
- Epoch 086, ExpID 46839
Train - Loss: 14694335.33
Val - Loss, MSE, RMSE, MAE, MAPE: 47197760.00, 47197762.00, 6869.83, 5183.68, 6.10%
Test - Best epoch, Loss, MSE, RMSE, MAE, MAPE: 85, 31735392.00, 31735393.00, 5602.41, 4374.27, 4.75%
- Epoch 087, ExpID 46839
Train - Loss: 14632904.76
Val - Loss, MSE, RMSE, MAE, MAPE: 45864320.00, 45864322.00, 6771.38, 5141.98, 6.04%
Test - Best epoch, Loss, MSE, RMSE, MAE, MAPE: 85, 31735392.00, 31735393.00, 5602.41, 4374.27, 4.75%
- Epoch 088, ExpID 46839
Train - Loss: 14754737.90
Val - Loss, MSE, RMSE, MAE, MAPE: 46803776.00, 46803776.00, 6840.67, 5218.39, 6.14%
Test - Best epoch, Loss, MSE, RMSE, MAE, MAPE: 85, 31735392.00, 31735393.00, 5602.41, 4374.27, 4.75%
- Epoch 089, ExpID 46839
Train - Loss: 14484080.86
Val - Loss, MSE, RMSE, MAE, MAPE: 47187600.00, 47187602.00, 6869.17, 5205.91, 6.13%
Test - Best epoch, Loss, MSE, RMSE, MAE, MAPE: 85, 31735392.00, 31735393.00, 5602.41, 4374.27, 4.75%
- Epoch 090, ExpID 46839
Train - Loss: 14409453.38
Val - Loss, MSE, RMSE, MAE, MAPE: 48674776.00, 48674776.00, 6972.83, 5302.16, 6.22%
Test - Best epoch, Loss, MSE, RMSE, MAE, MAPE: 85, 31735392.00, 31735393.00, 5602.41, 4374.27, 4.75%
- Epoch 091, ExpID 46839
Train - Loss: 14726266.76
Val - Loss, MSE, RMSE, MAE, MAPE: 45465816.00, 45465816.00, 6742.46, 5112.07, 6.00%
Test - Best epoch, Loss, MSE, RMSE, MAE, MAPE: 91, 29805440.00, 29805441.00, 5418.37, 4225.58, 4.59%
- Epoch 092, ExpID 46839
Train - Loss: 14552638.33
Val - Loss, MSE, RMSE, MAE, MAPE: 47279392.00, 47279390.00, 6875.86, 5184.98, 6.10%
Test - Best epoch, Loss, MSE, RMSE, MAE, MAPE: 91, 29805440.00, 29805441.00, 5418.37, 4225.58, 4.59%
- Epoch 093, ExpID 46839
Train - Loss: 14262503.48
Val - Loss, MSE, RMSE, MAE, MAPE: 45904584.00, 45904584.00, 6775.28, 5113.99, 6.02%
Test - Best epoch, Loss, MSE, RMSE, MAE, MAPE: 91, 29805440.00, 29805441.00, 5418.37, 4225.58, 4.59%
- Epoch 094, ExpID 46839
Train - Loss: 14370189.14
Val - Loss, MSE, RMSE, MAE, MAPE: 46320296.00, 46320294.00, 6805.65, 5115.24, 6.00%
Test - Best epoch, Loss, MSE, RMSE, MAE, MAPE: 91, 29805440.00, 29805441.00, 5418.37, 4225.58, 4.59%
- Epoch 095, ExpID 46839
Train - Loss: 14428358.05
Val - Loss, MSE, RMSE, MAE, MAPE: 44553932.00, 44553932.00, 6674.86, 5038.72, 5.92%
Test - Best epoch, Loss, MSE, RMSE, MAE, MAPE: 95, 30491340.00, 30491340.00, 5479.89, 4285.57, 4.67%
- Epoch 096, ExpID 46839
Train - Loss: 14122759.24
Val - Loss, MSE, RMSE, MAE, MAPE: 48619468.00, 48619468.00, 6967.97, 5213.88, 6.15%
Test - Best epoch, Loss, MSE, RMSE, MAE, MAPE: 95, 30491340.00, 30491340.00, 5479.89, 4285.57, 4.67%
- Epoch 097, ExpID 46839
Train - Loss: 14223025.95
Val - Loss, MSE, RMSE, MAE, MAPE: 44867440.00, 44867442.00, 6697.90, 5077.40, 5.96%
Test - Best epoch, Loss, MSE, RMSE, MAE, MAPE: 95, 30491340.00, 30491340.00, 5479.89, 4285.57, 4.67%
- Epoch 098, ExpID 46839
Train - Loss: 14209786.81
Val - Loss, MSE, RMSE, MAE, MAPE: 45740576.00, 45740578.00, 6763.09, 5155.11, 6.06%
Test - Best epoch, Loss, MSE, RMSE, MAE, MAPE: 95, 30491340.00, 30491340.00, 5479.89, 4285.57, 4.67%
- Epoch 099, ExpID 46839
Train - Loss: 14300066.57
Val - Loss, MSE, RMSE, MAE, MAPE: 45414332.00, 45414332.00, 6738.77, 5077.02, 5.95%
Test - Best epoch, Loss, MSE, RMSE, MAE, MAPE: 95, 30491340.00, 30491340.00, 5479.89, 4285.57, 4.67%
- Epoch 100, ExpID 46839
Train - Loss: 14296666.19
Val - Loss, MSE, RMSE, MAE, MAPE: 49856132.00, 49856132.00, 7055.67, 5290.24, 6.24%
Test - Best epoch, Loss, MSE, RMSE, MAE, MAPE: 95, 30491340.00, 30491340.00, 5479.89, 4285.57, 4.67%
- Epoch 101, ExpID 46839
Train - Loss: 13990531.38
Val - Loss, MSE, RMSE, MAE, MAPE: 46525172.00, 46525172.00, 6819.97, 5164.55, 6.08%
Test - Best epoch, Loss, MSE, RMSE, MAE, MAPE: 95, 30491340.00, 30491340.00, 5479.89, 4285.57, 4.67%
- Epoch 102, ExpID 46839
Train - Loss: 14081941.57
Val - Loss, MSE, RMSE, MAE, MAPE: 45066700.00, 45066700.00, 6712.78, 5059.48, 5.95%
Test - Best epoch, Loss, MSE, RMSE, MAE, MAPE: 95, 30491340.00, 30491340.00, 5479.89, 4285.57, 4.67%
- Epoch 103, ExpID 46839
Train - Loss: 14078263.05
Val - Loss, MSE, RMSE, MAE, MAPE: 44034864.00, 44034866.00, 6635.82, 5026.11, 5.91%
Test - Best epoch, Loss, MSE, RMSE, MAE, MAPE: 103, 30401484.00, 30401484.00, 5477.44, 4280.96, 4.65%
- Epoch 104, ExpID 46839
Train - Loss: 14083442.10
Val - Loss, MSE, RMSE, MAE, MAPE: 45996760.00, 45996758.00, 6780.24, 5104.65, 6.01%
Test - Best epoch, Loss, MSE, RMSE, MAE, MAPE: 103, 30401484.00, 30401484.00, 5477.44, 4280.96, 4.65%
- Epoch 105, ExpID 46839
Train - Loss: 13919315.33
Val - Loss, MSE, RMSE, MAE, MAPE: 48376032.00, 48376034.00, 6953.37, 5220.03, 6.14%
Test - Best epoch, Loss, MSE, RMSE, MAE, MAPE: 103, 30401484.00, 30401484.00, 5477.44, 4280.96, 4.65%
- Epoch 106, ExpID 46839
Train - Loss: 13987631.05
Val - Loss, MSE, RMSE, MAE, MAPE: 44167056.00, 44167054.00, 6643.33, 5011.62, 5.87%
Test - Best epoch, Loss, MSE, RMSE, MAE, MAPE: 103, 30401484.00, 30401484.00, 5477.44, 4280.96, 4.65%
- Epoch 107, ExpID 46839
Train - Loss: 13886319.81
Val - Loss, MSE, RMSE, MAE, MAPE: 44038840.00, 44038838.00, 6635.85, 5014.63, 5.90%
Test - Best epoch, Loss, MSE, RMSE, MAE, MAPE: 103, 30401484.00, 30401484.00, 5477.44, 4280.96, 4.65%
- Epoch 108, ExpID 46839
Train - Loss: 14001770.67
Val - Loss, MSE, RMSE, MAE, MAPE: 44708496.00, 44708498.00, 6686.37, 5069.13, 5.96%
Test - Best epoch, Loss, MSE, RMSE, MAE, MAPE: 103, 30401484.00, 30401484.00, 5477.44, 4280.96, 4.65%
- Epoch 109, ExpID 46839
Train - Loss: 13913012.81
Val - Loss, MSE, RMSE, MAE, MAPE: 45257804.00, 45257804.00, 6725.35, 5122.02, 6.01%
Test - Best epoch, Loss, MSE, RMSE, MAE, MAPE: 103, 30401484.00, 30401484.00, 5477.44, 4280.96, 4.65%
- Epoch 110, ExpID 46839
Train - Loss: 13872422.81
Val - Loss, MSE, RMSE, MAE, MAPE: 45594840.00, 45594842.00, 6751.21, 5155.05, 6.05%
Test - Best epoch, Loss, MSE, RMSE, MAE, MAPE: 103, 30401484.00, 30401484.00, 5477.44, 4280.96, 4.65%
- Epoch 111, ExpID 46839
Train - Loss: 13802691.86
Val - Loss, MSE, RMSE, MAE, MAPE: 44908424.00, 44908424.00, 6701.37, 5062.64, 5.96%
Test - Best epoch, Loss, MSE, RMSE, MAE, MAPE: 103, 30401484.00, 30401484.00, 5477.44, 4280.96, 4.65%
- Epoch 112, ExpID 46839
Train - Loss: 13871359.29
Val - Loss, MSE, RMSE, MAE, MAPE: 43133032.00, 43133030.00, 6567.46, 4998.00, 5.88%
Test - Best epoch, Loss, MSE, RMSE, MAE, MAPE: 112, 29733440.00, 29733441.00, 5411.03, 4226.52, 4.60%
- Epoch 113, ExpID 46839
Train - Loss: 13769602.62
Val - Loss, MSE, RMSE, MAE, MAPE: 44909772.00, 44909772.00, 6701.45, 5066.66, 5.96%
Test - Best epoch, Loss, MSE, RMSE, MAE, MAPE: 112, 29733440.00, 29733441.00, 5411.03, 4226.52, 4.60%
- Epoch 114, ExpID 46839
Train - Loss: 14310108.19
Val - Loss, MSE, RMSE, MAE, MAPE: 47333352.00, 47333352.00, 6878.12, 5240.44, 6.18%
Test - Best epoch, Loss, MSE, RMSE, MAE, MAPE: 112, 29733440.00, 29733441.00, 5411.03, 4226.52, 4.60%
- Epoch 115, ExpID 46839
Train - Loss: 14289105.14
Val - Loss, MSE, RMSE, MAE, MAPE: 45286956.00, 45286956.00, 6729.56, 5109.06, 6.02%
Test - Best epoch, Loss, MSE, RMSE, MAE, MAPE: 112, 29733440.00, 29733441.00, 5411.03, 4226.52, 4.60%
- Epoch 116, ExpID 46839
Train - Loss: 14028458.95
Val - Loss, MSE, RMSE, MAE, MAPE: 48219124.00, 48219124.00, 6943.24, 5222.46, 6.15%
Test - Best epoch, Loss, MSE, RMSE, MAE, MAPE: 112, 29733440.00, 29733441.00, 5411.03, 4226.52, 4.60%
- Epoch 117, ExpID 46839
Train - Loss: 13834679.33
Val - Loss, MSE, RMSE, MAE, MAPE: 47236240.00, 47236238.00, 6871.06, 5172.15, 6.10%
Test - Best epoch, Loss, MSE, RMSE, MAE, MAPE: 112, 29733440.00, 29733441.00, 5411.03, 4226.52, 4.60%
- Epoch 118, ExpID 46839
Train - Loss: 13965096.29
Val - Loss, MSE, RMSE, MAE, MAPE: 43023632.00, 43023630.00, 6559.21, 4942.96, 5.81%
Test - Best epoch, Loss, MSE, RMSE, MAE, MAPE: 118, 29961640.00, 29961639.00, 5440.01, 4238.38, 4.61%
- Epoch 119, ExpID 46839
Train - Loss: 13780972.10
Val - Loss, MSE, RMSE, MAE, MAPE: 44468932.00, 44468932.00, 6668.48, 5049.47, 5.94%
Test - Best epoch, Loss, MSE, RMSE, MAE, MAPE: 118, 29961640.00, 29961639.00, 5440.01, 4238.38, 4.61%
- Epoch 120, ExpID 46839
Train - Loss: 13634719.86
Val - Loss, MSE, RMSE, MAE, MAPE: 44251560.00, 44251560.00, 6652.14, 5035.15, 5.92%
Test - Best epoch, Loss, MSE, RMSE, MAE, MAPE: 118, 29961640.00, 29961639.00, 5440.01, 4238.38, 4.61%
- Epoch 121, ExpID 46839
Train - Loss: 13706139.29
Val - Loss, MSE, RMSE, MAE, MAPE: 44944560.00, 44944558.00, 6703.97, 5063.37, 5.95%
Test - Best epoch, Loss, MSE, RMSE, MAE, MAPE: 118, 29961640.00, 29961639.00, 5440.01, 4238.38, 4.61%
- Epoch 122, ExpID 46839
Train - Loss: 13371107.67
Val - Loss, MSE, RMSE, MAE, MAPE: 45109072.00, 45109070.00, 6714.49, 5047.05, 5.95%
Test - Best epoch, Loss, MSE, RMSE, MAE, MAPE: 118, 29961640.00, 29961639.00, 5440.01, 4238.38, 4.61%
- Epoch 123, ExpID 46839
Train - Loss: 13528675.76
Val - Loss, MSE, RMSE, MAE, MAPE: 45580424.00, 45580424.00, 6750.07, 5103.63, 6.01%
Test - Best epoch, Loss, MSE, RMSE, MAE, MAPE: 118, 29961640.00, 29961639.00, 5440.01, 4238.38, 4.61%
- Epoch 124, ExpID 46839
Train - Loss: 13533779.19
Val - Loss, MSE, RMSE, MAE, MAPE: 44351440.00, 44351438.00, 6658.34, 5088.73, 5.97%
Test - Best epoch, Loss, MSE, RMSE, MAE, MAPE: 118, 29961640.00, 29961639.00, 5440.01, 4238.38, 4.61%
- Epoch 125, ExpID 46839
Train - Loss: 13620543.71
Val - Loss, MSE, RMSE, MAE, MAPE: 46901544.00, 46901544.00, 6847.63, 5180.25, 6.09%
Test - Best epoch, Loss, MSE, RMSE, MAE, MAPE: 118, 29961640.00, 29961639.00, 5440.01, 4238.38, 4.61%
- Epoch 126, ExpID 46839
Train - Loss: 13630287.05
Val - Loss, MSE, RMSE, MAE, MAPE: 49818220.00, 49818220.00, 7050.33, 5274.02, 6.23%
Test - Best epoch, Loss, MSE, RMSE, MAE, MAPE: 118, 29961640.00, 29961639.00, 5440.01, 4238.38, 4.61%
- Epoch 127, ExpID 46839
Train - Loss: 13555110.57
Val - Loss, MSE, RMSE, MAE, MAPE: 45399764.00, 45399764.00, 6737.20, 5061.38, 5.95%
Test - Best epoch, Loss, MSE, RMSE, MAE, MAPE: 118, 29961640.00, 29961639.00, 5440.01, 4238.38, 4.61%
- Epoch 128, ExpID 46839
Train - Loss: 13601332.52
Val - Loss, MSE, RMSE, MAE, MAPE: 46600616.00, 46600616.00, 6825.68, 5157.78, 6.08%
Test - Best epoch, Loss, MSE, RMSE, MAE, MAPE: 118, 29961640.00, 29961639.00, 5440.01, 4238.38, 4.61%
Early Stopping at Epoch 128
Fold 2018 Best RMSE: 5440.0098

-------------------- [Fold: 2019] ExpID: 5339 --------------------
- Epoch 000, ExpID 5339
Train - Loss: 47373295.48
Val - Loss, MSE, RMSE, MAE, MAPE: 54515016.00, 54515016.00, 7356.31, 5809.66, 6.29%
Test - Best epoch, Loss, MSE, RMSE, MAE, MAPE: 0, 52457052.00, 52457051.00, 7041.41, 5507.41, 5.83%
- Epoch 001, ExpID 5339
Train - Loss: 39455754.78
Val - Loss, MSE, RMSE, MAE, MAPE: 49617064.00, 49617062.00, 7017.79, 5557.88, 6.05%
Test - Best epoch, Loss, MSE, RMSE, MAE, MAPE: 1, 50054120.00, 50054121.00, 6861.36, 5338.62, 5.71%
- Epoch 002, ExpID 5339
Train - Loss: 36834657.48
Val - Loss, MSE, RMSE, MAE, MAPE: 45964772.00, 45964772.00, 6743.28, 5342.84, 5.81%
Test - Best epoch, Loss, MSE, RMSE, MAE, MAPE: 2, 47420180.00, 47420179.00, 6624.83, 5119.98, 5.47%
- Epoch 003, ExpID 5339
Train - Loss: 35408422.09
Val - Loss, MSE, RMSE, MAE, MAPE: 45206848.00, 45206848.00, 6700.20, 5337.26, 5.79%
Test - Best epoch, Loss, MSE, RMSE, MAE, MAPE: 3, 48159568.00, 48159567.00, 6682.27, 5115.54, 5.44%
- Epoch 004, ExpID 5339
Train - Loss: 34260104.61
Val - Loss, MSE, RMSE, MAE, MAPE: 42601164.00, 42601164.00, 6492.62, 5155.20, 5.58%
Test - Best epoch, Loss, MSE, RMSE, MAE, MAPE: 4, 44665432.00, 44665432.00, 6393.85, 4894.25, 5.18%
- Epoch 005, ExpID 5339
Train - Loss: 33170155.48
Val - Loss, MSE, RMSE, MAE, MAPE: 40322912.00, 40322912.00, 6301.26, 4952.18, 5.39%
Test - Best epoch, Loss, MSE, RMSE, MAE, MAPE: 5, 44991144.00, 44991145.00, 6341.64, 4807.51, 5.11%
- Epoch 006, ExpID 5339
Train - Loss: 32720523.57
Val - Loss, MSE, RMSE, MAE, MAPE: 40387848.00, 40387847.00, 6318.03, 5003.99, 5.43%
Test - Best epoch, Loss, MSE, RMSE, MAE, MAPE: 5, 44991144.00, 44991145.00, 6341.64, 4807.51, 5.11%
- Epoch 007, ExpID 5339
Train - Loss: 31530846.35
Val - Loss, MSE, RMSE, MAE, MAPE: 39177708.00, 39177709.00, 6220.98, 4925.48, 5.33%
Test - Best epoch, Loss, MSE, RMSE, MAE, MAPE: 7, 42959272.00, 42959271.00, 6227.12, 4707.11, 4.98%
- Epoch 008, ExpID 5339
Train - Loss: 31319059.83
Val - Loss, MSE, RMSE, MAE, MAPE: 39251476.00, 39251476.00, 6229.94, 4946.28, 5.36%
Test - Best epoch, Loss, MSE, RMSE, MAE, MAPE: 7, 42959272.00, 42959271.00, 6227.12, 4707.11, 4.98%
- Epoch 009, ExpID 5339
Train - Loss: 31036284.87
Val - Loss, MSE, RMSE, MAE, MAPE: 40491916.00, 40491917.00, 6331.70, 5017.80, 5.45%
Test - Best epoch, Loss, MSE, RMSE, MAE, MAPE: 7, 42959272.00, 42959271.00, 6227.12, 4707.11, 4.98%
- Epoch 010, ExpID 5339
Train - Loss: 30104346.78
Val - Loss, MSE, RMSE, MAE, MAPE: 37710276.00, 37710276.00, 6111.34, 4880.00, 5.28%
Test - Best epoch, Loss, MSE, RMSE, MAE, MAPE: 10, 42117776.00, 42117778.00, 6176.04, 4711.68, 4.98%
- Epoch 011, ExpID 5339
Train - Loss: 29540024.17
Val - Loss, MSE, RMSE, MAE, MAPE: 36478352.00, 36478352.00, 5981.00, 4748.96, 5.16%
Test - Best epoch, Loss, MSE, RMSE, MAE, MAPE: 11, 40003816.00, 40003815.50, 5974.94, 4569.94, 4.84%
- Epoch 012, ExpID 5339
Train - Loss: 29016309.83
Val - Loss, MSE, RMSE, MAE, MAPE: 36955832.00, 36955830.00, 6032.32, 4773.94, 5.19%
Test - Best epoch, Loss, MSE, RMSE, MAE, MAPE: 11, 40003816.00, 40003815.50, 5974.94, 4569.94, 4.84%
- Epoch 013, ExpID 5339
Train - Loss: 28621384.96
Val - Loss, MSE, RMSE, MAE, MAPE: 35403784.00, 35403782.00, 5905.87, 4698.00, 5.11%
Test - Best epoch, Loss, MSE, RMSE, MAE, MAPE: 13, 38251676.00, 38251677.00, 5819.38, 4421.88, 4.70%
- Epoch 014, ExpID 5339
Train - Loss: 28212971.30
Val - Loss, MSE, RMSE, MAE, MAPE: 36384192.00, 36384192.00, 5997.05, 4785.79, 5.19%
Test - Best epoch, Loss, MSE, RMSE, MAE, MAPE: 13, 38251676.00, 38251677.00, 5819.38, 4421.88, 4.70%
- Epoch 015, ExpID 5339
Train - Loss: 27344484.09
Val - Loss, MSE, RMSE, MAE, MAPE: 35287388.00, 35287389.00, 5897.93, 4665.94, 5.06%
Test - Best epoch, Loss, MSE, RMSE, MAE, MAPE: 15, 39903548.00, 39903548.00, 6017.66, 4532.35, 4.79%
- Epoch 016, ExpID 5339
Train - Loss: 27769917.83
Val - Loss, MSE, RMSE, MAE, MAPE: 35559024.00, 35559023.00, 5920.39, 4678.72, 5.09%
Test - Best epoch, Loss, MSE, RMSE, MAE, MAPE: 15, 39903548.00, 39903548.00, 6017.66, 4532.35, 4.79%
- Epoch 017, ExpID 5339
Train - Loss: 26714433.74
Val - Loss, MSE, RMSE, MAE, MAPE: 35799240.00, 35799241.00, 5936.32, 4693.79, 5.09%
Test - Best epoch, Loss, MSE, RMSE, MAE, MAPE: 15, 39903548.00, 39903548.00, 6017.66, 4532.35, 4.79%
- Epoch 018, ExpID 5339
Train - Loss: 26418888.26
Val - Loss, MSE, RMSE, MAE, MAPE: 35047656.00, 35047654.00, 5867.22, 4627.78, 5.04%
Test - Best epoch, Loss, MSE, RMSE, MAE, MAPE: 18, 36653348.00, 36653346.50, 5776.42, 4441.66, 4.70%
- Epoch 019, ExpID 5339
Train - Loss: 26104568.87
Val - Loss, MSE, RMSE, MAE, MAPE: 34795748.00, 34795749.00, 5845.05, 4612.74, 5.01%
Test - Best epoch, Loss, MSE, RMSE, MAE, MAPE: 19, 36233152.00, 36233152.50, 5757.62, 4410.00, 4.65%
- Epoch 020, ExpID 5339
Train - Loss: 25726764.96
Val - Loss, MSE, RMSE, MAE, MAPE: 35419740.00, 35419740.00, 5912.10, 4635.38, 5.04%
Test - Best epoch, Loss, MSE, RMSE, MAE, MAPE: 19, 36233152.00, 36233152.50, 5757.62, 4410.00, 4.65%
- Epoch 021, ExpID 5339
Train - Loss: 25346595.39
Val - Loss, MSE, RMSE, MAE, MAPE: 37452260.00, 37452260.00, 6088.88, 4792.91, 5.20%
Test - Best epoch, Loss, MSE, RMSE, MAE, MAPE: 19, 36233152.00, 36233152.50, 5757.62, 4410.00, 4.65%
- Epoch 022, ExpID 5339
Train - Loss: 24912180.87
Val - Loss, MSE, RMSE, MAE, MAPE: 35866836.00, 35866835.00, 5952.56, 4665.57, 5.07%
Test - Best epoch, Loss, MSE, RMSE, MAE, MAPE: 19, 36233152.00, 36233152.50, 5757.62, 4410.00, 4.65%
- Epoch 023, ExpID 5339
Train - Loss: 24677320.43
Val - Loss, MSE, RMSE, MAE, MAPE: 33534486.00, 33534486.00, 5756.81, 4530.45, 4.92%
Test - Best epoch, Loss, MSE, RMSE, MAE, MAPE: 23, 35428596.00, 35428596.00, 5724.50, 4386.32, 4.62%
- Epoch 024, ExpID 5339
Train - Loss: 24334733.83
Val - Loss, MSE, RMSE, MAE, MAPE: 34177736.00, 34177737.00, 5809.49, 4572.89, 4.96%
Test - Best epoch, Loss, MSE, RMSE, MAE, MAPE: 23, 35428596.00, 35428596.00, 5724.50, 4386.32, 4.62%
- Epoch 025, ExpID 5339
Train - Loss: 23759326.26
Val - Loss, MSE, RMSE, MAE, MAPE: 34581132.00, 34581131.00, 5840.71, 4587.17, 4.99%
Test - Best epoch, Loss, MSE, RMSE, MAE, MAPE: 23, 35428596.00, 35428596.00, 5724.50, 4386.32, 4.62%
- Epoch 026, ExpID 5339
Train - Loss: 23612430.61
Val - Loss, MSE, RMSE, MAE, MAPE: 34234112.00, 34234110.00, 5815.87, 4576.68, 4.98%
Test - Best epoch, Loss, MSE, RMSE, MAE, MAPE: 23, 35428596.00, 35428596.00, 5724.50, 4386.32, 4.62%
- Epoch 027, ExpID 5339
Train - Loss: 23327689.83
Val - Loss, MSE, RMSE, MAE, MAPE: 33971024.00, 33971024.00, 5787.38, 4559.53, 4.96%
Test - Best epoch, Loss, MSE, RMSE, MAE, MAPE: 23, 35428596.00, 35428596.00, 5724.50, 4386.32, 4.62%
- Epoch 028, ExpID 5339
Train - Loss: 23175255.57
Val - Loss, MSE, RMSE, MAE, MAPE: 33593696.00, 33593698.00, 5753.45, 4519.46, 4.92%
Test - Best epoch, Loss, MSE, RMSE, MAE, MAPE: 23, 35428596.00, 35428596.00, 5724.50, 4386.32, 4.62%
- Epoch 029, ExpID 5339
Train - Loss: 22877715.57
Val - Loss, MSE, RMSE, MAE, MAPE: 33007902.00, 33007902.00, 5713.09, 4501.35, 4.89%
Test - Best epoch, Loss, MSE, RMSE, MAE, MAPE: 29, 36582640.00, 36582642.00, 5876.76, 4559.49, 4.79%
- Epoch 030, ExpID 5339
Train - Loss: 22472658.17
Val - Loss, MSE, RMSE, MAE, MAPE: 33477036.00, 33477035.00, 5719.07, 4451.84, 4.85%
Test - Best epoch, Loss, MSE, RMSE, MAE, MAPE: 29, 36582640.00, 36582642.00, 5876.76, 4559.49, 4.79%
- Epoch 031, ExpID 5339
Train - Loss: 22371007.83
Val - Loss, MSE, RMSE, MAE, MAPE: 32446692.00, 32446691.00, 5658.90, 4455.36, 4.85%
Test - Best epoch, Loss, MSE, RMSE, MAE, MAPE: 31, 33095376.00, 33095375.00, 5572.37, 4289.75, 4.52%
- Epoch 032, ExpID 5339
Train - Loss: 21894075.04
Val - Loss, MSE, RMSE, MAE, MAPE: 34075084.00, 34075083.00, 5757.38, 4507.92, 4.92%
Test - Best epoch, Loss, MSE, RMSE, MAE, MAPE: 31, 33095376.00, 33095375.00, 5572.37, 4289.75, 4.52%
- Epoch 033, ExpID 5339
Train - Loss: 21791280.17
Val - Loss, MSE, RMSE, MAE, MAPE: 33780168.00, 33780170.00, 5780.95, 4543.78, 4.93%
Test - Best epoch, Loss, MSE, RMSE, MAE, MAPE: 31, 33095376.00, 33095375.00, 5572.37, 4289.75, 4.52%
- Epoch 034, ExpID 5339
Train - Loss: 21633931.39
Val - Loss, MSE, RMSE, MAE, MAPE: 33634344.00, 33634342.00, 5750.81, 4517.45, 4.93%
Test - Best epoch, Loss, MSE, RMSE, MAE, MAPE: 31, 33095376.00, 33095375.00, 5572.37, 4289.75, 4.52%
- Epoch 035, ExpID 5339
Train - Loss: 21082450.26
Val - Loss, MSE, RMSE, MAE, MAPE: 32955216.00, 32955215.00, 5679.57, 4457.02, 4.85%
Test - Best epoch, Loss, MSE, RMSE, MAE, MAPE: 31, 33095376.00, 33095375.00, 5572.37, 4289.75, 4.52%
- Epoch 036, ExpID 5339
Train - Loss: 20917433.57
Val - Loss, MSE, RMSE, MAE, MAPE: 32683664.00, 32683663.00, 5661.88, 4445.06, 4.83%
Test - Best epoch, Loss, MSE, RMSE, MAE, MAPE: 31, 33095376.00, 33095375.00, 5572.37, 4289.75, 4.52%
- Epoch 037, ExpID 5339
Train - Loss: 20650055.83
Val - Loss, MSE, RMSE, MAE, MAPE: 31959772.00, 31959771.00, 5602.57, 4414.75, 4.81%
Test - Best epoch, Loss, MSE, RMSE, MAE, MAPE: 37, 35084548.00, 35084547.00, 5668.41, 4356.91, 4.59%
- Epoch 038, ExpID 5339
Train - Loss: 20667530.43
Val - Loss, MSE, RMSE, MAE, MAPE: 32953304.00, 32953303.00, 5692.96, 4478.53, 4.87%
Test - Best epoch, Loss, MSE, RMSE, MAE, MAPE: 37, 35084548.00, 35084547.00, 5668.41, 4356.91, 4.59%
- Epoch 039, ExpID 5339
Train - Loss: 20449797.39
Val - Loss, MSE, RMSE, MAE, MAPE: 32896062.00, 32896062.00, 5686.40, 4493.82, 4.90%
Test - Best epoch, Loss, MSE, RMSE, MAE, MAPE: 37, 35084548.00, 35084547.00, 5668.41, 4356.91, 4.59%
- Epoch 040, ExpID 5339
Train - Loss: 19932792.87
Val - Loss, MSE, RMSE, MAE, MAPE: 32236544.00, 32236545.00, 5605.07, 4381.16, 4.78%
Test - Best epoch, Loss, MSE, RMSE, MAE, MAPE: 37, 35084548.00, 35084547.00, 5668.41, 4356.91, 4.59%
- Epoch 041, ExpID 5339
Train - Loss: 20150784.17
Val - Loss, MSE, RMSE, MAE, MAPE: 32044748.00, 32044748.00, 5595.74, 4404.99, 4.81%
Test - Best epoch, Loss, MSE, RMSE, MAE, MAPE: 37, 35084548.00, 35084547.00, 5668.41, 4356.91, 4.59%
- Epoch 042, ExpID 5339
Train - Loss: 20001423.74
Val - Loss, MSE, RMSE, MAE, MAPE: 32351552.00, 32351553.00, 5653.79, 4453.09, 4.85%
Test - Best epoch, Loss, MSE, RMSE, MAE, MAPE: 37, 35084548.00, 35084547.00, 5668.41, 4356.91, 4.59%
- Epoch 043, ExpID 5339
Train - Loss: 19717653.22
Val - Loss, MSE, RMSE, MAE, MAPE: 32758928.00, 32758928.00, 5687.19, 4492.72, 4.87%
Test - Best epoch, Loss, MSE, RMSE, MAE, MAPE: 37, 35084548.00, 35084547.00, 5668.41, 4356.91, 4.59%
- Epoch 044, ExpID 5339
Train - Loss: 19163810.96
Val - Loss, MSE, RMSE, MAE, MAPE: 31910928.00, 31910927.00, 5600.43, 4399.11, 4.79%
Test - Best epoch, Loss, MSE, RMSE, MAE, MAPE: 44, 34795896.00, 34795897.00, 5706.15, 4389.76, 4.62%
- Epoch 045, ExpID 5339
Train - Loss: 19008822.78
Val - Loss, MSE, RMSE, MAE, MAPE: 30574478.00, 30574478.00, 5468.95, 4321.50, 4.71%
Test - Best epoch, Loss, MSE, RMSE, MAE, MAPE: 45, 33392712.00, 33392711.00, 5489.99, 4212.82, 4.44%
- Epoch 046, ExpID 5339
Train - Loss: 19211790.00
Val - Loss, MSE, RMSE, MAE, MAPE: 31552730.00, 31552730.00, 5545.78, 4366.75, 4.77%
Test - Best epoch, Loss, MSE, RMSE, MAE, MAPE: 45, 33392712.00, 33392711.00, 5489.99, 4212.82, 4.44%
- Epoch 047, ExpID 5339
Train - Loss: 19524166.70
Val - Loss, MSE, RMSE, MAE, MAPE: 31134324.00, 31134325.00, 5522.62, 4340.96, 4.73%
Test - Best epoch, Loss, MSE, RMSE, MAE, MAPE: 45, 33392712.00, 33392711.00, 5489.99, 4212.82, 4.44%
- Epoch 048, ExpID 5339
Train - Loss: 18800047.30
Val - Loss, MSE, RMSE, MAE, MAPE: 31794076.00, 31794077.00, 5578.34, 4382.27, 4.79%
Test - Best epoch, Loss, MSE, RMSE, MAE, MAPE: 45, 33392712.00, 33392711.00, 5489.99, 4212.82, 4.44%
- Epoch 049, ExpID 5339
Train - Loss: 18352763.30
Val - Loss, MSE, RMSE, MAE, MAPE: 32150388.00, 32150389.00, 5619.52, 4421.92, 4.82%
Test - Best epoch, Loss, MSE, RMSE, MAE, MAPE: 45, 33392712.00, 33392711.00, 5489.99, 4212.82, 4.44%
- Epoch 050, ExpID 5339
Train - Loss: 18432875.13
Val - Loss, MSE, RMSE, MAE, MAPE: 31235572.00, 31235571.00, 5533.87, 4350.83, 4.75%
Test - Best epoch, Loss, MSE, RMSE, MAE, MAPE: 45, 33392712.00, 33392711.00, 5489.99, 4212.82, 4.44%
- Epoch 051, ExpID 5339
Train - Loss: 18586120.43
Val - Loss, MSE, RMSE, MAE, MAPE: 32249638.00, 32249638.00, 5628.41, 4439.42, 4.83%
Test - Best epoch, Loss, MSE, RMSE, MAE, MAPE: 45, 33392712.00, 33392711.00, 5489.99, 4212.82, 4.44%
- Epoch 052, ExpID 5339
Train - Loss: 18191830.52
Val - Loss, MSE, RMSE, MAE, MAPE: 30740308.00, 30740308.00, 5486.52, 4324.73, 4.71%
Test - Best epoch, Loss, MSE, RMSE, MAE, MAPE: 45, 33392712.00, 33392711.00, 5489.99, 4212.82, 4.44%
- Epoch 053, ExpID 5339
Train - Loss: 18403585.09
Val - Loss, MSE, RMSE, MAE, MAPE: 30520760.00, 30520760.00, 5463.64, 4298.01, 4.68%
Test - Best epoch, Loss, MSE, RMSE, MAE, MAPE: 53, 34063492.00, 34063490.50, 5568.18, 4258.03, 4.49%
- Epoch 054, ExpID 5339
Train - Loss: 18146880.39
Val - Loss, MSE, RMSE, MAE, MAPE: 31183518.00, 31183518.00, 5529.77, 4341.48, 4.74%
Test - Best epoch, Loss, MSE, RMSE, MAE, MAPE: 53, 34063492.00, 34063490.50, 5568.18, 4258.03, 4.49%
- Epoch 055, ExpID 5339
Train - Loss: 18081418.09
Val - Loss, MSE, RMSE, MAE, MAPE: 31759928.00, 31759929.00, 5588.69, 4394.82, 4.78%
Test - Best epoch, Loss, MSE, RMSE, MAE, MAPE: 53, 34063492.00, 34063490.50, 5568.18, 4258.03, 4.49%
- Epoch 056, ExpID 5339
Train - Loss: 17809655.83
Val - Loss, MSE, RMSE, MAE, MAPE: 31358776.00, 31358777.00, 5546.85, 4363.11, 4.75%
Test - Best epoch, Loss, MSE, RMSE, MAE, MAPE: 53, 34063492.00, 34063490.50, 5568.18, 4258.03, 4.49%
- Epoch 057, ExpID 5339
Train - Loss: 17766624.78
Val - Loss, MSE, RMSE, MAE, MAPE: 31131126.00, 31131126.00, 5525.48, 4358.44, 4.75%
Test - Best epoch, Loss, MSE, RMSE, MAE, MAPE: 53, 34063492.00, 34063490.50, 5568.18, 4258.03, 4.49%
- Epoch 058, ExpID 5339
Train - Loss: 17988730.87
Val - Loss, MSE, RMSE, MAE, MAPE: 31071200.00, 31071201.00, 5523.18, 4362.35, 4.75%
Test - Best epoch, Loss, MSE, RMSE, MAE, MAPE: 53, 34063492.00, 34063490.50, 5568.18, 4258.03, 4.49%
- Epoch 059, ExpID 5339
Train - Loss: 17723605.48
Val - Loss, MSE, RMSE, MAE, MAPE: 30887498.00, 30887498.00, 5494.10, 4308.81, 4.70%
Test - Best epoch, Loss, MSE, RMSE, MAE, MAPE: 53, 34063492.00, 34063490.50, 5568.18, 4258.03, 4.49%
- Epoch 060, ExpID 5339
Train - Loss: 17538967.35
Val - Loss, MSE, RMSE, MAE, MAPE: 31117494.00, 31117494.00, 5515.85, 4349.73, 4.73%
Test - Best epoch, Loss, MSE, RMSE, MAE, MAPE: 53, 34063492.00, 34063490.50, 5568.18, 4258.03, 4.49%
- Epoch 061, ExpID 5339
Train - Loss: 17411499.00
Val - Loss, MSE, RMSE, MAE, MAPE: 31275338.00, 31275338.00, 5543.12, 4368.82, 4.75%
Test - Best epoch, Loss, MSE, RMSE, MAE, MAPE: 53, 34063492.00, 34063490.50, 5568.18, 4258.03, 4.49%
- Epoch 062, ExpID 5339
Train - Loss: 17958545.22
Val - Loss, MSE, RMSE, MAE, MAPE: 33106966.00, 33106966.00, 5710.21, 4489.19, 4.88%
Test - Best epoch, Loss, MSE, RMSE, MAE, MAPE: 53, 34063492.00, 34063490.50, 5568.18, 4258.03, 4.49%
- Epoch 063, ExpID 5339
Train - Loss: 17407891.22
Val - Loss, MSE, RMSE, MAE, MAPE: 31881364.00, 31881363.00, 5597.08, 4413.56, 4.80%
Test - Best epoch, Loss, MSE, RMSE, MAE, MAPE: 53, 34063492.00, 34063490.50, 5568.18, 4258.03, 4.49%
Early Stopping at Epoch 63
Fold 2019 Best RMSE: 5568.1769
