DETAILED LOG | Model: patchtst | Seed: 1
FULL CONFIG: {'gpu': '2', 'target': 'arrival', 'cv_start_year': 2017, 'cv_end_year': 2019, 'test_year': 2024, 'use_corona': False, 'seq_len': 91, 'label_len': 0, 'pred_len': 56, 'batch_size': 256, 'epochs': 1000, 'patience': 10, 'lr': 0.001, 'model': 'patchtst', 'd_model': 128, 'n_heads': 4, 'n_layers': 2, 'dropout': 0.1, 'activation': 'gelu', 'patch_len': 14, 'factor': 5, 'norm_mode': 'revin', 'use_covar': True, 'use_dbloss': False, 'device': device(type='cuda'), 'stride': 7, 'file_path': 'dataset/airport_flight_with_holiday.csv', 'seed': 1, 'val_year': 2019, 'ndims': 1}

-------------------- [Fold: 2017] ExpID: 30752 --------------------
- Epoch 000, ExpID 30752
Train - Loss: 40955703.70
Val - Loss, MSE, RMSE, MAE, MAPE: 47731496.00, 47731496.00, 6823.00, 5367.37, 6.79%
Test - Best epoch, Loss, MSE, RMSE, MAE, MAPE: 0, 78791120.00, 78791116.00, 8876.30, 6621.09, 7.57%
- Epoch 001, ExpID 30752
Train - Loss: 33246555.00
Val - Loss, MSE, RMSE, MAE, MAPE: 39117444.00, 39117444.00, 6162.37, 4857.74, 6.15%
Test - Best epoch, Loss, MSE, RMSE, MAE, MAPE: 1, 73886608.00, 73886612.00, 8592.74, 6492.39, 7.42%
- Epoch 002, ExpID 30752
Train - Loss: 30041027.50
Val - Loss, MSE, RMSE, MAE, MAPE: 33714356.00, 33714356.00, 5741.83, 4507.16, 5.74%
Test - Best epoch, Loss, MSE, RMSE, MAE, MAPE: 2, 70139408.00, 70139406.00, 8352.60, 6424.85, 7.39%
- Epoch 003, ExpID 30752
Train - Loss: 28749555.70
Val - Loss, MSE, RMSE, MAE, MAPE: 32173570.00, 32173570.00, 5611.38, 4438.65, 5.65%
Test - Best epoch, Loss, MSE, RMSE, MAE, MAPE: 3, 63362088.00, 63362088.00, 7955.50, 6082.59, 6.99%
- Epoch 004, ExpID 30752
Train - Loss: 27620813.60
Val - Loss, MSE, RMSE, MAE, MAPE: 31839498.00, 31839498.00, 5571.82, 4420.42, 5.62%
Test - Best epoch, Loss, MSE, RMSE, MAE, MAPE: 4, 60741576.00, 60741576.00, 7792.80, 5978.29, 6.88%
- Epoch 005, ExpID 30752
Train - Loss: 26848421.10
Val - Loss, MSE, RMSE, MAE, MAPE: 29786080.00, 29786079.00, 5395.43, 4266.51, 5.44%
Test - Best epoch, Loss, MSE, RMSE, MAE, MAPE: 5, 58009152.00, 58009150.00, 7616.35, 5891.29, 6.79%
- Epoch 006, ExpID 30752
Train - Loss: 25683706.50
Val - Loss, MSE, RMSE, MAE, MAPE: 29452428.00, 29452427.00, 5353.73, 4231.72, 5.38%
Test - Best epoch, Loss, MSE, RMSE, MAE, MAPE: 6, 56637456.00, 56637456.00, 7520.89, 5725.60, 6.58%
- Epoch 007, ExpID 30752
Train - Loss: 25212603.40
Val - Loss, MSE, RMSE, MAE, MAPE: 30302504.00, 30302503.00, 5433.69, 4332.21, 5.50%
Test - Best epoch, Loss, MSE, RMSE, MAE, MAPE: 6, 56637456.00, 56637456.00, 7520.89, 5725.60, 6.58%
- Epoch 008, ExpID 30752
Train - Loss: 24678961.60
Val - Loss, MSE, RMSE, MAE, MAPE: 26091388.00, 26091387.00, 5039.08, 3942.25, 5.01%
Test - Best epoch, Loss, MSE, RMSE, MAE, MAPE: 8, 52253992.00, 52253990.00, 7227.10, 5480.89, 6.30%
- Epoch 009, ExpID 30752
Train - Loss: 24076632.50
Val - Loss, MSE, RMSE, MAE, MAPE: 27497448.00, 27497447.00, 5195.31, 4121.08, 5.23%
Test - Best epoch, Loss, MSE, RMSE, MAE, MAPE: 8, 52253992.00, 52253990.00, 7227.10, 5480.89, 6.30%
- Epoch 010, ExpID 30752
Train - Loss: 23280006.00
Val - Loss, MSE, RMSE, MAE, MAPE: 26215554.00, 26215554.00, 5071.97, 3978.19, 5.07%
Test - Best epoch, Loss, MSE, RMSE, MAE, MAPE: 8, 52253992.00, 52253990.00, 7227.10, 5480.89, 6.30%
- Epoch 011, ExpID 30752
Train - Loss: 22593671.00
Val - Loss, MSE, RMSE, MAE, MAPE: 24557944.00, 24557944.50, 4883.72, 3839.88, 4.89%
Test - Best epoch, Loss, MSE, RMSE, MAE, MAPE: 11, 51411368.00, 51411366.00, 7169.39, 5389.95, 6.21%
- Epoch 012, ExpID 30752
Train - Loss: 22408256.00
Val - Loss, MSE, RMSE, MAE, MAPE: 24219116.00, 24219117.00, 4873.13, 3835.22, 4.87%
Test - Best epoch, Loss, MSE, RMSE, MAE, MAPE: 12, 51770852.00, 51770852.00, 7195.11, 5423.38, 6.23%
- Epoch 013, ExpID 30752
Train - Loss: 21475312.30
Val - Loss, MSE, RMSE, MAE, MAPE: 22806364.00, 22806364.00, 4742.17, 3724.07, 4.76%
Test - Best epoch, Loss, MSE, RMSE, MAE, MAPE: 13, 50774288.00, 50774290.00, 7123.51, 5382.39, 6.19%
- Epoch 014, ExpID 30752
Train - Loss: 20988809.30
Val - Loss, MSE, RMSE, MAE, MAPE: 23751022.00, 23751022.00, 4834.54, 3806.00, 4.86%
Test - Best epoch, Loss, MSE, RMSE, MAE, MAPE: 13, 50774288.00, 50774290.00, 7123.51, 5382.39, 6.19%
- Epoch 015, ExpID 30752
Train - Loss: 20664718.20
Val - Loss, MSE, RMSE, MAE, MAPE: 22929834.00, 22929834.00, 4724.75, 3728.63, 4.73%
Test - Best epoch, Loss, MSE, RMSE, MAE, MAPE: 13, 50774288.00, 50774290.00, 7123.51, 5382.39, 6.19%
- Epoch 016, ExpID 30752
Train - Loss: 20163762.50
Val - Loss, MSE, RMSE, MAE, MAPE: 23538136.00, 23538137.00, 4808.83, 3787.87, 4.84%
Test - Best epoch, Loss, MSE, RMSE, MAE, MAPE: 13, 50774288.00, 50774290.00, 7123.51, 5382.39, 6.19%
- Epoch 017, ExpID 30752
Train - Loss: 20034290.00
Val - Loss, MSE, RMSE, MAE, MAPE: 22973180.00, 22973179.00, 4749.83, 3731.20, 4.74%
Test - Best epoch, Loss, MSE, RMSE, MAE, MAPE: 13, 50774288.00, 50774290.00, 7123.51, 5382.39, 6.19%
- Epoch 018, ExpID 30752
Train - Loss: 19457465.40
Val - Loss, MSE, RMSE, MAE, MAPE: 22515032.00, 22515033.00, 4708.30, 3718.63, 4.75%
Test - Best epoch, Loss, MSE, RMSE, MAE, MAPE: 18, 51405704.00, 51405706.00, 7168.49, 5490.17, 6.34%
- Epoch 019, ExpID 30752
Train - Loss: 19287118.40
Val - Loss, MSE, RMSE, MAE, MAPE: 21840356.00, 21840357.00, 4639.92, 3630.54, 4.64%
Test - Best epoch, Loss, MSE, RMSE, MAE, MAPE: 19, 51938592.00, 51938592.00, 7199.49, 5513.99, 6.36%
- Epoch 020, ExpID 30752
Train - Loss: 18928330.70
Val - Loss, MSE, RMSE, MAE, MAPE: 21356058.00, 21356057.50, 4583.81, 3570.40, 4.57%
Test - Best epoch, Loss, MSE, RMSE, MAE, MAPE: 20, 50854400.00, 50854400.00, 7128.61, 5440.00, 6.28%
- Epoch 021, ExpID 30752
Train - Loss: 18575492.95
Val - Loss, MSE, RMSE, MAE, MAPE: 21836956.00, 21836957.00, 4638.54, 3617.60, 4.62%
Test - Best epoch, Loss, MSE, RMSE, MAE, MAPE: 20, 50854400.00, 50854400.00, 7128.61, 5440.00, 6.28%
- Epoch 022, ExpID 30752
Train - Loss: 18163023.20
Val - Loss, MSE, RMSE, MAE, MAPE: 21566208.00, 21566209.00, 4605.02, 3611.30, 4.62%
Test - Best epoch, Loss, MSE, RMSE, MAE, MAPE: 20, 50854400.00, 50854400.00, 7128.61, 5440.00, 6.28%
- Epoch 023, ExpID 30752
Train - Loss: 17913026.70
Val - Loss, MSE, RMSE, MAE, MAPE: 22082872.00, 22082871.50, 4659.12, 3649.22, 4.67%
Test - Best epoch, Loss, MSE, RMSE, MAE, MAPE: 20, 50854400.00, 50854400.00, 7128.61, 5440.00, 6.28%
- Epoch 024, ExpID 30752
Train - Loss: 17605453.95
Val - Loss, MSE, RMSE, MAE, MAPE: 20376762.00, 20376761.50, 4473.52, 3520.05, 4.50%
Test - Best epoch, Loss, MSE, RMSE, MAE, MAPE: 24, 52503696.00, 52503694.00, 7239.49, 5587.59, 6.46%
- Epoch 025, ExpID 30752
Train - Loss: 17282322.10
Val - Loss, MSE, RMSE, MAE, MAPE: 19931516.00, 19931517.00, 4425.10, 3454.12, 4.43%
Test - Best epoch, Loss, MSE, RMSE, MAE, MAPE: 25, 50100876.00, 50100876.00, 7076.38, 5416.59, 6.27%
- Epoch 026, ExpID 30752
Train - Loss: 17187810.75
Val - Loss, MSE, RMSE, MAE, MAPE: 19965710.00, 19965710.00, 4425.20, 3443.05, 4.40%
Test - Best epoch, Loss, MSE, RMSE, MAE, MAPE: 25, 50100876.00, 50100876.00, 7076.38, 5416.59, 6.27%
- Epoch 027, ExpID 30752
Train - Loss: 16831628.35
Val - Loss, MSE, RMSE, MAE, MAPE: 20815694.00, 20815694.00, 4520.37, 3528.04, 4.51%
Test - Best epoch, Loss, MSE, RMSE, MAE, MAPE: 25, 50100876.00, 50100876.00, 7076.38, 5416.59, 6.27%
- Epoch 028, ExpID 30752
Train - Loss: 16650564.20
Val - Loss, MSE, RMSE, MAE, MAPE: 21169028.00, 21169028.00, 4558.34, 3604.58, 4.63%
Test - Best epoch, Loss, MSE, RMSE, MAE, MAPE: 25, 50100876.00, 50100876.00, 7076.38, 5416.59, 6.27%
- Epoch 029, ExpID 30752
Train - Loss: 16420999.75
Val - Loss, MSE, RMSE, MAE, MAPE: 20083926.00, 20083926.50, 4442.57, 3457.70, 4.41%
Test - Best epoch, Loss, MSE, RMSE, MAE, MAPE: 25, 50100876.00, 50100876.00, 7076.38, 5416.59, 6.27%
- Epoch 030, ExpID 30752
Train - Loss: 16165007.60
Val - Loss, MSE, RMSE, MAE, MAPE: 19789264.00, 19789265.00, 4410.01, 3425.83, 4.37%
Test - Best epoch, Loss, MSE, RMSE, MAE, MAPE: 30, 50671040.00, 50671040.00, 7114.72, 5412.30, 6.25%
- Epoch 031, ExpID 30752
Train - Loss: 16032203.85
Val - Loss, MSE, RMSE, MAE, MAPE: 19968156.00, 19968157.00, 4424.68, 3434.26, 4.38%
Test - Best epoch, Loss, MSE, RMSE, MAE, MAPE: 30, 50671040.00, 50671040.00, 7114.72, 5412.30, 6.25%
- Epoch 032, ExpID 30752
Train - Loss: 15922868.00
Val - Loss, MSE, RMSE, MAE, MAPE: 19893704.00, 19893704.50, 4411.23, 3431.54, 4.38%
Test - Best epoch, Loss, MSE, RMSE, MAE, MAPE: 30, 50671040.00, 50671040.00, 7114.72, 5412.30, 6.25%
- Epoch 033, ExpID 30752
Train - Loss: 15762827.45
Val - Loss, MSE, RMSE, MAE, MAPE: 19542024.00, 19542024.00, 4376.36, 3418.11, 4.37%
Test - Best epoch, Loss, MSE, RMSE, MAE, MAPE: 33, 50656016.00, 50656014.00, 7114.70, 5425.15, 6.28%
- Epoch 034, ExpID 30752
Train - Loss: 15559606.15
Val - Loss, MSE, RMSE, MAE, MAPE: 19703888.00, 19703887.50, 4389.54, 3425.26, 4.38%
Test - Best epoch, Loss, MSE, RMSE, MAE, MAPE: 33, 50656016.00, 50656014.00, 7114.70, 5425.15, 6.28%
- Epoch 035, ExpID 30752
Train - Loss: 15317965.55
Val - Loss, MSE, RMSE, MAE, MAPE: 19721612.00, 19721613.00, 4399.72, 3432.34, 4.37%
Test - Best epoch, Loss, MSE, RMSE, MAE, MAPE: 33, 50656016.00, 50656014.00, 7114.70, 5425.15, 6.28%
- Epoch 036, ExpID 30752
Train - Loss: 15309217.75
Val - Loss, MSE, RMSE, MAE, MAPE: 20187578.00, 20187577.50, 4457.87, 3462.63, 4.42%
Test - Best epoch, Loss, MSE, RMSE, MAE, MAPE: 33, 50656016.00, 50656014.00, 7114.70, 5425.15, 6.28%
- Epoch 037, ExpID 30752
Train - Loss: 15132380.60
Val - Loss, MSE, RMSE, MAE, MAPE: 19543374.00, 19543374.00, 4368.30, 3403.07, 4.35%
Test - Best epoch, Loss, MSE, RMSE, MAE, MAPE: 33, 50656016.00, 50656014.00, 7114.70, 5425.15, 6.28%
- Epoch 038, ExpID 30752
Train - Loss: 15046424.00
Val - Loss, MSE, RMSE, MAE, MAPE: 19499962.00, 19499961.50, 4382.74, 3381.57, 4.30%
Test - Best epoch, Loss, MSE, RMSE, MAE, MAPE: 38, 50431164.00, 50431164.00, 7092.18, 5422.60, 6.26%
- Epoch 039, ExpID 30752
Train - Loss: 14933951.25
Val - Loss, MSE, RMSE, MAE, MAPE: 19092264.00, 19092264.50, 4318.37, 3367.70, 4.31%
Test - Best epoch, Loss, MSE, RMSE, MAE, MAPE: 39, 51398920.00, 51398920.00, 7156.89, 5461.48, 6.32%
- Epoch 040, ExpID 30752
Train - Loss: 14831846.10
Val - Loss, MSE, RMSE, MAE, MAPE: 19105134.00, 19105134.50, 4311.25, 3358.00, 4.30%
Test - Best epoch, Loss, MSE, RMSE, MAE, MAPE: 39, 51398920.00, 51398920.00, 7156.89, 5461.48, 6.32%
- Epoch 041, ExpID 30752
Train - Loss: 14650729.40
Val - Loss, MSE, RMSE, MAE, MAPE: 19249226.00, 19249226.50, 4335.58, 3377.81, 4.32%
Test - Best epoch, Loss, MSE, RMSE, MAE, MAPE: 39, 51398920.00, 51398920.00, 7156.89, 5461.48, 6.32%
- Epoch 042, ExpID 30752
Train - Loss: 14552465.55
Val - Loss, MSE, RMSE, MAE, MAPE: 18599176.00, 18599175.50, 4262.58, 3327.88, 4.25%
Test - Best epoch, Loss, MSE, RMSE, MAE, MAPE: 42, 50851584.00, 50851586.00, 7121.45, 5441.45, 6.29%
- Epoch 043, ExpID 30752
Train - Loss: 14439817.20
Val - Loss, MSE, RMSE, MAE, MAPE: 18379542.00, 18379542.00, 4227.61, 3290.26, 4.21%
Test - Best epoch, Loss, MSE, RMSE, MAE, MAPE: 43, 50217640.00, 50217640.00, 7080.81, 5362.75, 6.20%
- Epoch 044, ExpID 30752
Train - Loss: 14296427.35
Val - Loss, MSE, RMSE, MAE, MAPE: 18951146.00, 18951146.50, 4296.68, 3355.91, 4.28%
Test - Best epoch, Loss, MSE, RMSE, MAE, MAPE: 43, 50217640.00, 50217640.00, 7080.81, 5362.75, 6.20%
- Epoch 045, ExpID 30752
Train - Loss: 14311048.15
Val - Loss, MSE, RMSE, MAE, MAPE: 18235300.00, 18235300.50, 4215.18, 3286.46, 4.20%
Test - Best epoch, Loss, MSE, RMSE, MAE, MAPE: 45, 49808372.00, 49808372.00, 7054.50, 5347.29, 6.18%
- Epoch 046, ExpID 30752
Train - Loss: 14213894.95
Val - Loss, MSE, RMSE, MAE, MAPE: 18868804.00, 18868804.00, 4291.07, 3344.61, 4.28%
Test - Best epoch, Loss, MSE, RMSE, MAE, MAPE: 45, 49808372.00, 49808372.00, 7054.50, 5347.29, 6.18%
- Epoch 047, ExpID 30752
Train - Loss: 14209342.75
Val - Loss, MSE, RMSE, MAE, MAPE: 18427526.00, 18427525.50, 4223.29, 3293.76, 4.22%
Test - Best epoch, Loss, MSE, RMSE, MAE, MAPE: 45, 49808372.00, 49808372.00, 7054.50, 5347.29, 6.18%
- Epoch 048, ExpID 30752
Train - Loss: 14042714.00
Val - Loss, MSE, RMSE, MAE, MAPE: 17810896.00, 17810896.50, 4169.31, 3257.82, 4.15%
Test - Best epoch, Loss, MSE, RMSE, MAE, MAPE: 48, 50461416.00, 50461418.00, 7096.84, 5395.62, 6.23%
- Epoch 049, ExpID 30752
Train - Loss: 13833662.40
Val - Loss, MSE, RMSE, MAE, MAPE: 17846560.00, 17846559.00, 4159.36, 3252.06, 4.16%
Test - Best epoch, Loss, MSE, RMSE, MAE, MAPE: 48, 50461416.00, 50461418.00, 7096.84, 5395.62, 6.23%
- Epoch 050, ExpID 30752
Train - Loss: 13814414.55
Val - Loss, MSE, RMSE, MAE, MAPE: 17736012.00, 17736013.00, 4160.03, 3252.94, 4.17%
Test - Best epoch, Loss, MSE, RMSE, MAE, MAPE: 50, 51168496.00, 51168496.00, 7146.69, 5496.35, 6.39%
- Epoch 051, ExpID 30752
Train - Loss: 13700423.25
Val - Loss, MSE, RMSE, MAE, MAPE: 17798736.00, 17798735.50, 4159.97, 3250.72, 4.17%
Test - Best epoch, Loss, MSE, RMSE, MAE, MAPE: 50, 51168496.00, 51168496.00, 7146.69, 5496.35, 6.39%
- Epoch 052, ExpID 30752
Train - Loss: 13796023.90
Val - Loss, MSE, RMSE, MAE, MAPE: 17491300.00, 17491301.00, 4119.26, 3188.78, 4.07%
Test - Best epoch, Loss, MSE, RMSE, MAE, MAPE: 52, 50304932.00, 50304932.00, 7086.34, 5334.28, 6.16%
- Epoch 053, ExpID 30752
Train - Loss: 13767150.05
Val - Loss, MSE, RMSE, MAE, MAPE: 17683702.00, 17683702.00, 4158.91, 3244.60, 4.16%
Test - Best epoch, Loss, MSE, RMSE, MAE, MAPE: 52, 50304932.00, 50304932.00, 7086.34, 5334.28, 6.16%
- Epoch 054, ExpID 30752
Train - Loss: 13768071.35
Val - Loss, MSE, RMSE, MAE, MAPE: 18677984.00, 18677985.00, 4274.34, 3340.03, 4.29%
Test - Best epoch, Loss, MSE, RMSE, MAE, MAPE: 52, 50304932.00, 50304932.00, 7086.34, 5334.28, 6.16%
- Epoch 055, ExpID 30752
Train - Loss: 13588867.45
Val - Loss, MSE, RMSE, MAE, MAPE: 17733316.00, 17733316.00, 4162.56, 3240.57, 4.14%
Test - Best epoch, Loss, MSE, RMSE, MAE, MAPE: 52, 50304932.00, 50304932.00, 7086.34, 5334.28, 6.16%
- Epoch 056, ExpID 30752
Train - Loss: 13452337.60
Val - Loss, MSE, RMSE, MAE, MAPE: 17501824.00, 17501824.00, 4114.35, 3214.20, 4.12%
Test - Best epoch, Loss, MSE, RMSE, MAE, MAPE: 52, 50304932.00, 50304932.00, 7086.34, 5334.28, 6.16%
- Epoch 057, ExpID 30752
Train - Loss: 13247702.45
Val - Loss, MSE, RMSE, MAE, MAPE: 17908850.00, 17908849.50, 4183.65, 3269.69, 4.19%
Test - Best epoch, Loss, MSE, RMSE, MAE, MAPE: 52, 50304932.00, 50304932.00, 7086.34, 5334.28, 6.16%
- Epoch 058, ExpID 30752
Train - Loss: 13181070.15
Val - Loss, MSE, RMSE, MAE, MAPE: 17814916.00, 17814915.50, 4165.65, 3248.49, 4.15%
Test - Best epoch, Loss, MSE, RMSE, MAE, MAPE: 52, 50304932.00, 50304932.00, 7086.34, 5334.28, 6.16%
- Epoch 059, ExpID 30752
Train - Loss: 13090960.75
Val - Loss, MSE, RMSE, MAE, MAPE: 17500312.00, 17500311.50, 4127.18, 3218.64, 4.13%
Test - Best epoch, Loss, MSE, RMSE, MAE, MAPE: 52, 50304932.00, 50304932.00, 7086.34, 5334.28, 6.16%
- Epoch 060, ExpID 30752
Train - Loss: 13104221.75
Val - Loss, MSE, RMSE, MAE, MAPE: 17949352.00, 17949351.50, 4182.71, 3256.28, 4.16%
Test - Best epoch, Loss, MSE, RMSE, MAE, MAPE: 52, 50304932.00, 50304932.00, 7086.34, 5334.28, 6.16%
- Epoch 061, ExpID 30752
Train - Loss: 13125506.10
Val - Loss, MSE, RMSE, MAE, MAPE: 17559514.00, 17559513.50, 4140.16, 3206.91, 4.09%
Test - Best epoch, Loss, MSE, RMSE, MAE, MAPE: 52, 50304932.00, 50304932.00, 7086.34, 5334.28, 6.16%
- Epoch 062, ExpID 30752
Train - Loss: 12998583.90
Val - Loss, MSE, RMSE, MAE, MAPE: 17889316.00, 17889315.00, 4169.25, 3257.92, 4.16%
Test - Best epoch, Loss, MSE, RMSE, MAE, MAPE: 52, 50304932.00, 50304932.00, 7086.34, 5334.28, 6.16%
Early Stopping at Epoch 62
Fold 2017 Best RMSE: 7086.3379

-------------------- [Fold: 2018] ExpID: 89032 --------------------
- Epoch 000, ExpID 89032
Train - Loss: 42600360.38
Val - Loss, MSE, RMSE, MAE, MAPE: 85250816.00, 85250820.00, 9217.09, 7054.55, 8.07%
Test - Best epoch, Loss, MSE, RMSE, MAE, MAPE: 0, 46503004.00, 46503004.00, 6790.95, 5231.02, 5.67%
- Epoch 001, ExpID 89032
Train - Loss: 33991044.57
Val - Loss, MSE, RMSE, MAE, MAPE: 68146256.00, 68146260.00, 8244.52, 6254.66, 7.20%
Test - Best epoch, Loss, MSE, RMSE, MAE, MAPE: 1, 43155576.00, 43155576.00, 6543.08, 5160.62, 5.65%
- Epoch 002, ExpID 89032
Train - Loss: 31274461.90
Val - Loss, MSE, RMSE, MAE, MAPE: 61716856.00, 61716858.00, 7850.84, 5976.47, 6.88%
Test - Best epoch, Loss, MSE, RMSE, MAE, MAPE: 2, 41105460.00, 41105460.00, 6363.19, 5048.38, 5.53%
- Epoch 003, ExpID 89032
Train - Loss: 29474998.86
Val - Loss, MSE, RMSE, MAE, MAPE: 59367544.00, 59367542.00, 7704.82, 5848.91, 6.70%
Test - Best epoch, Loss, MSE, RMSE, MAE, MAPE: 3, 40158144.00, 40158143.00, 6271.37, 4985.30, 5.42%
- Epoch 004, ExpID 89032
Train - Loss: 28140482.00
Val - Loss, MSE, RMSE, MAE, MAPE: 57190708.00, 57190708.00, 7561.22, 5830.38, 6.73%
Test - Best epoch, Loss, MSE, RMSE, MAE, MAPE: 4, 39352476.00, 39352475.00, 6197.67, 4955.45, 5.41%
- Epoch 005, ExpID 89032
Train - Loss: 27075752.86
Val - Loss, MSE, RMSE, MAE, MAPE: 55390960.00, 55390958.00, 7440.68, 5763.91, 6.67%
Test - Best epoch, Loss, MSE, RMSE, MAE, MAPE: 5, 38829888.00, 38829889.00, 6130.31, 4907.36, 5.35%
- Epoch 006, ExpID 89032
Train - Loss: 26163856.19
Val - Loss, MSE, RMSE, MAE, MAPE: 53836704.00, 53836706.00, 7337.07, 5718.39, 6.62%
Test - Best epoch, Loss, MSE, RMSE, MAE, MAPE: 6, 39965024.00, 39965026.00, 6215.79, 4953.65, 5.41%
- Epoch 007, ExpID 89032
Train - Loss: 25376049.24
Val - Loss, MSE, RMSE, MAE, MAPE: 52412176.00, 52412178.00, 7236.66, 5600.76, 6.49%
Test - Best epoch, Loss, MSE, RMSE, MAE, MAPE: 7, 38545128.00, 38545127.00, 6081.71, 4863.86, 5.30%
- Epoch 008, ExpID 89032
Train - Loss: 24528803.71
Val - Loss, MSE, RMSE, MAE, MAPE: 51586352.00, 51586352.00, 7180.70, 5487.69, 6.30%
Test - Best epoch, Loss, MSE, RMSE, MAE, MAPE: 8, 39426964.00, 39426965.00, 6194.77, 4955.26, 5.37%
- Epoch 009, ExpID 89032
Train - Loss: 23831490.86
Val - Loss, MSE, RMSE, MAE, MAPE: 49230940.00, 49230940.00, 7014.94, 5376.36, 6.20%
Test - Best epoch, Loss, MSE, RMSE, MAE, MAPE: 9, 39547344.00, 39547346.00, 6211.05, 4958.03, 5.39%
- Epoch 010, ExpID 89032
Train - Loss: 23400698.86
Val - Loss, MSE, RMSE, MAE, MAPE: 52838700.00, 52838700.00, 7268.08, 5639.97, 6.49%
Test - Best epoch, Loss, MSE, RMSE, MAE, MAPE: 9, 39547344.00, 39547346.00, 6211.05, 4958.03, 5.39%
- Epoch 011, ExpID 89032
Train - Loss: 22783787.52
Val - Loss, MSE, RMSE, MAE, MAPE: 52052056.00, 52052054.00, 7213.83, 5605.81, 6.44%
Test - Best epoch, Loss, MSE, RMSE, MAE, MAPE: 9, 39547344.00, 39547346.00, 6211.05, 4958.03, 5.39%
- Epoch 012, ExpID 89032
Train - Loss: 22262175.52
Val - Loss, MSE, RMSE, MAE, MAPE: 50563108.00, 50563108.00, 7110.77, 5416.22, 6.22%
Test - Best epoch, Loss, MSE, RMSE, MAE, MAPE: 9, 39547344.00, 39547346.00, 6211.05, 4958.03, 5.39%
- Epoch 013, ExpID 89032
Train - Loss: 21595285.14
Val - Loss, MSE, RMSE, MAE, MAPE: 52133188.00, 52133188.00, 7219.81, 5543.54, 6.37%
Test - Best epoch, Loss, MSE, RMSE, MAE, MAPE: 9, 39547344.00, 39547346.00, 6211.05, 4958.03, 5.39%
- Epoch 014, ExpID 89032
Train - Loss: 21003705.81
Val - Loss, MSE, RMSE, MAE, MAPE: 51329012.00, 51329012.00, 7162.31, 5506.90, 6.33%
Test - Best epoch, Loss, MSE, RMSE, MAE, MAPE: 9, 39547344.00, 39547346.00, 6211.05, 4958.03, 5.39%
- Epoch 015, ExpID 89032
Train - Loss: 20416481.43
Val - Loss, MSE, RMSE, MAE, MAPE: 50398088.00, 50398086.00, 7094.90, 5466.17, 6.30%
Test - Best epoch, Loss, MSE, RMSE, MAE, MAPE: 9, 39547344.00, 39547346.00, 6211.05, 4958.03, 5.39%
- Epoch 016, ExpID 89032
Train - Loss: 20242690.38
Val - Loss, MSE, RMSE, MAE, MAPE: 51988728.00, 51988726.00, 7206.85, 5577.71, 6.42%
Test - Best epoch, Loss, MSE, RMSE, MAE, MAPE: 9, 39547344.00, 39547346.00, 6211.05, 4958.03, 5.39%
- Epoch 017, ExpID 89032
Train - Loss: 19842986.29
Val - Loss, MSE, RMSE, MAE, MAPE: 51248576.00, 51248578.00, 7157.83, 5557.20, 6.40%
Test - Best epoch, Loss, MSE, RMSE, MAE, MAPE: 9, 39547344.00, 39547346.00, 6211.05, 4958.03, 5.39%
- Epoch 018, ExpID 89032
Train - Loss: 19396091.71
Val - Loss, MSE, RMSE, MAE, MAPE: 50451096.00, 50451094.00, 7102.73, 5516.53, 6.38%
Test - Best epoch, Loss, MSE, RMSE, MAE, MAPE: 9, 39547344.00, 39547346.00, 6211.05, 4958.03, 5.39%
- Epoch 019, ExpID 89032
Train - Loss: 19084430.67
Val - Loss, MSE, RMSE, MAE, MAPE: 48780828.00, 48780828.00, 6983.81, 5320.62, 6.13%
Test - Best epoch, Loss, MSE, RMSE, MAE, MAPE: 19, 41081708.00, 41081708.00, 6363.44, 5040.83, 5.44%
- Epoch 020, ExpID 89032
Train - Loss: 18741767.05
Val - Loss, MSE, RMSE, MAE, MAPE: 51470032.00, 51470032.00, 7171.75, 5482.12, 6.29%
Test - Best epoch, Loss, MSE, RMSE, MAE, MAPE: 19, 41081708.00, 41081708.00, 6363.44, 5040.83, 5.44%
- Epoch 021, ExpID 89032
Train - Loss: 18309051.43
Val - Loss, MSE, RMSE, MAE, MAPE: 49663892.00, 49663892.00, 7045.59, 5360.59, 6.15%
Test - Best epoch, Loss, MSE, RMSE, MAE, MAPE: 19, 41081708.00, 41081708.00, 6363.44, 5040.83, 5.44%
- Epoch 022, ExpID 89032
Train - Loss: 18021534.95
Val - Loss, MSE, RMSE, MAE, MAPE: 49730072.00, 49730070.00, 7048.65, 5443.97, 6.29%
Test - Best epoch, Loss, MSE, RMSE, MAE, MAPE: 19, 41081708.00, 41081708.00, 6363.44, 5040.83, 5.44%
- Epoch 023, ExpID 89032
Train - Loss: 17833709.81
Val - Loss, MSE, RMSE, MAE, MAPE: 49847724.00, 49847724.00, 7054.57, 5462.94, 6.30%
Test - Best epoch, Loss, MSE, RMSE, MAE, MAPE: 19, 41081708.00, 41081708.00, 6363.44, 5040.83, 5.44%
- Epoch 024, ExpID 89032
Train - Loss: 17759739.71
Val - Loss, MSE, RMSE, MAE, MAPE: 51776432.00, 51776432.00, 7185.41, 5517.60, 6.32%
Test - Best epoch, Loss, MSE, RMSE, MAE, MAPE: 19, 41081708.00, 41081708.00, 6363.44, 5040.83, 5.44%
- Epoch 025, ExpID 89032
Train - Loss: 17444111.05
Val - Loss, MSE, RMSE, MAE, MAPE: 50382400.00, 50382398.00, 7094.88, 5466.56, 6.31%
Test - Best epoch, Loss, MSE, RMSE, MAE, MAPE: 19, 41081708.00, 41081708.00, 6363.44, 5040.83, 5.44%
- Epoch 026, ExpID 89032
Train - Loss: 17103746.43
Val - Loss, MSE, RMSE, MAE, MAPE: 52311320.00, 52311322.00, 7223.46, 5515.74, 6.33%
Test - Best epoch, Loss, MSE, RMSE, MAE, MAPE: 19, 41081708.00, 41081708.00, 6363.44, 5040.83, 5.44%
- Epoch 027, ExpID 89032
Train - Loss: 17061473.48
Val - Loss, MSE, RMSE, MAE, MAPE: 50671760.00, 50671758.00, 7110.38, 5456.34, 6.28%
Test - Best epoch, Loss, MSE, RMSE, MAE, MAPE: 19, 41081708.00, 41081708.00, 6363.44, 5040.83, 5.44%
- Epoch 028, ExpID 89032
Train - Loss: 16703519.67
Val - Loss, MSE, RMSE, MAE, MAPE: 49131192.00, 49131194.00, 7007.26, 5335.87, 6.17%
Test - Best epoch, Loss, MSE, RMSE, MAE, MAPE: 19, 41081708.00, 41081708.00, 6363.44, 5040.83, 5.44%
- Epoch 029, ExpID 89032
Train - Loss: 16681439.14
Val - Loss, MSE, RMSE, MAE, MAPE: 47269088.00, 47269088.00, 6872.67, 5257.13, 6.06%
Test - Best epoch, Loss, MSE, RMSE, MAE, MAPE: 29, 37951088.00, 37951087.00, 6114.02, 4858.58, 5.25%
- Epoch 030, ExpID 89032
Train - Loss: 16460824.48
Val - Loss, MSE, RMSE, MAE, MAPE: 46909752.00, 46909752.00, 6848.06, 5228.53, 6.04%
Test - Best epoch, Loss, MSE, RMSE, MAE, MAPE: 30, 37826432.00, 37826430.00, 6089.72, 4800.38, 5.20%
- Epoch 031, ExpID 89032
Train - Loss: 16192052.90
Val - Loss, MSE, RMSE, MAE, MAPE: 50542912.00, 50542912.00, 7096.73, 5433.36, 6.26%
Test - Best epoch, Loss, MSE, RMSE, MAE, MAPE: 30, 37826432.00, 37826430.00, 6089.72, 4800.38, 5.20%
- Epoch 032, ExpID 89032
Train - Loss: 16064505.90
Val - Loss, MSE, RMSE, MAE, MAPE: 50017504.00, 50017502.00, 7063.22, 5390.57, 6.19%
Test - Best epoch, Loss, MSE, RMSE, MAE, MAPE: 30, 37826432.00, 37826430.00, 6089.72, 4800.38, 5.20%
- Epoch 033, ExpID 89032
Train - Loss: 16090220.71
Val - Loss, MSE, RMSE, MAE, MAPE: 48193936.00, 48193936.00, 6939.01, 5280.05, 6.11%
Test - Best epoch, Loss, MSE, RMSE, MAE, MAPE: 30, 37826432.00, 37826430.00, 6089.72, 4800.38, 5.20%
- Epoch 034, ExpID 89032
Train - Loss: 15802718.24
Val - Loss, MSE, RMSE, MAE, MAPE: 48777168.00, 48777170.00, 6982.17, 5339.11, 6.18%
Test - Best epoch, Loss, MSE, RMSE, MAE, MAPE: 30, 37826432.00, 37826430.00, 6089.72, 4800.38, 5.20%
- Epoch 035, ExpID 89032
Train - Loss: 15659494.24
Val - Loss, MSE, RMSE, MAE, MAPE: 49437888.00, 49437888.00, 7015.32, 5379.07, 6.22%
Test - Best epoch, Loss, MSE, RMSE, MAE, MAPE: 30, 37826432.00, 37826430.00, 6089.72, 4800.38, 5.20%
- Epoch 036, ExpID 89032
Train - Loss: 15530284.14
Val - Loss, MSE, RMSE, MAE, MAPE: 47562116.00, 47562116.00, 6892.78, 5228.33, 6.03%
Test - Best epoch, Loss, MSE, RMSE, MAE, MAPE: 30, 37826432.00, 37826430.00, 6089.72, 4800.38, 5.20%
- Epoch 037, ExpID 89032
Train - Loss: 15383443.71
Val - Loss, MSE, RMSE, MAE, MAPE: 47861080.00, 47861082.00, 6911.15, 5260.81, 6.06%
Test - Best epoch, Loss, MSE, RMSE, MAE, MAPE: 30, 37826432.00, 37826430.00, 6089.72, 4800.38, 5.20%
- Epoch 038, ExpID 89032
Train - Loss: 15221886.52
Val - Loss, MSE, RMSE, MAE, MAPE: 47611496.00, 47611494.00, 6891.74, 5294.59, 6.10%
Test - Best epoch, Loss, MSE, RMSE, MAE, MAPE: 30, 37826432.00, 37826430.00, 6089.72, 4800.38, 5.20%
- Epoch 039, ExpID 89032
Train - Loss: 15208084.43
Val - Loss, MSE, RMSE, MAE, MAPE: 47324836.00, 47324836.00, 6874.82, 5261.09, 6.08%
Test - Best epoch, Loss, MSE, RMSE, MAE, MAPE: 30, 37826432.00, 37826430.00, 6089.72, 4800.38, 5.20%
- Epoch 040, ExpID 89032
Train - Loss: 15044014.62
Val - Loss, MSE, RMSE, MAE, MAPE: 46975856.00, 46975856.00, 6849.57, 5225.38, 6.03%
Test - Best epoch, Loss, MSE, RMSE, MAE, MAPE: 30, 37826432.00, 37826430.00, 6089.72, 4800.38, 5.20%
Early Stopping at Epoch 40
Fold 2018 Best RMSE: 6089.7224

-------------------- [Fold: 2019] ExpID: 75041 --------------------
- Epoch 000, ExpID 75041
Train - Loss: 45581003.13
Val - Loss, MSE, RMSE, MAE, MAPE: 49235848.00, 49235848.00, 7000.25, 5459.24, 5.83%
Test - Best epoch, Loss, MSE, RMSE, MAE, MAPE: 0, 43671772.00, 43671772.00, 6416.10, 4961.17, 5.21%
- Epoch 001, ExpID 75041
Train - Loss: 36372800.96
Val - Loss, MSE, RMSE, MAE, MAPE: 40388972.00, 40388973.00, 6326.26, 5011.09, 5.47%
Test - Best epoch, Loss, MSE, RMSE, MAE, MAPE: 1, 40620936.00, 40620938.00, 6175.19, 4761.81, 5.13%
- Epoch 002, ExpID 75041
Train - Loss: 33471994.35
Val - Loss, MSE, RMSE, MAE, MAPE: 39035948.00, 39035949.00, 6213.71, 4944.29, 5.39%
Test - Best epoch, Loss, MSE, RMSE, MAE, MAPE: 2, 39258412.00, 39258413.00, 6058.60, 4659.58, 5.00%
- Epoch 003, ExpID 75041
Train - Loss: 31846011.04
Val - Loss, MSE, RMSE, MAE, MAPE: 39154152.00, 39154150.00, 6210.66, 4949.96, 5.41%
Test - Best epoch, Loss, MSE, RMSE, MAE, MAPE: 2, 39258412.00, 39258413.00, 6058.60, 4659.58, 5.00%
- Epoch 004, ExpID 75041
Train - Loss: 30133892.78
Val - Loss, MSE, RMSE, MAE, MAPE: 37248696.00, 37248694.00, 6047.16, 4800.91, 5.23%
Test - Best epoch, Loss, MSE, RMSE, MAE, MAPE: 4, 36246492.00, 36246492.00, 5726.68, 4340.01, 4.63%
- Epoch 005, ExpID 75041
Train - Loss: 29054219.04
Val - Loss, MSE, RMSE, MAE, MAPE: 40770424.00, 40770426.00, 6325.97, 5036.72, 5.56%
Test - Best epoch, Loss, MSE, RMSE, MAE, MAPE: 4, 36246492.00, 36246492.00, 5726.68, 4340.01, 4.63%
- Epoch 006, ExpID 75041
Train - Loss: 28053586.00
Val - Loss, MSE, RMSE, MAE, MAPE: 39020248.00, 39020246.00, 6182.39, 4926.97, 5.41%
Test - Best epoch, Loss, MSE, RMSE, MAE, MAPE: 4, 36246492.00, 36246492.00, 5726.68, 4340.01, 4.63%
- Epoch 007, ExpID 75041
Train - Loss: 27429441.30
Val - Loss, MSE, RMSE, MAE, MAPE: 36700120.00, 36700122.00, 5980.00, 4776.11, 5.17%
Test - Best epoch, Loss, MSE, RMSE, MAE, MAPE: 7, 32440058.00, 32440057.50, 5439.20, 4149.26, 4.40%
- Epoch 008, ExpID 75041
Train - Loss: 26699088.35
Val - Loss, MSE, RMSE, MAE, MAPE: 37581692.00, 37581692.00, 6065.65, 4847.27, 5.28%
Test - Best epoch, Loss, MSE, RMSE, MAE, MAPE: 7, 32440058.00, 32440057.50, 5439.20, 4149.26, 4.40%
- Epoch 009, ExpID 75041
Train - Loss: 25844928.43
Val - Loss, MSE, RMSE, MAE, MAPE: 38671884.00, 38671883.00, 6155.42, 4889.44, 5.36%
Test - Best epoch, Loss, MSE, RMSE, MAE, MAPE: 7, 32440058.00, 32440057.50, 5439.20, 4149.26, 4.40%
- Epoch 010, ExpID 75041
Train - Loss: 25060220.87
Val - Loss, MSE, RMSE, MAE, MAPE: 39139596.00, 39139596.00, 6194.74, 4943.33, 5.37%
Test - Best epoch, Loss, MSE, RMSE, MAE, MAPE: 7, 32440058.00, 32440057.50, 5439.20, 4149.26, 4.40%
- Epoch 011, ExpID 75041
Train - Loss: 24534292.52
Val - Loss, MSE, RMSE, MAE, MAPE: 37786004.00, 37786005.00, 6075.86, 4818.88, 5.24%
Test - Best epoch, Loss, MSE, RMSE, MAE, MAPE: 7, 32440058.00, 32440057.50, 5439.20, 4149.26, 4.40%
- Epoch 012, ExpID 75041
Train - Loss: 24182097.65
Val - Loss, MSE, RMSE, MAE, MAPE: 37855128.00, 37855129.00, 6088.46, 4839.99, 5.24%
Test - Best epoch, Loss, MSE, RMSE, MAE, MAPE: 7, 32440058.00, 32440057.50, 5439.20, 4149.26, 4.40%
- Epoch 013, ExpID 75041
Train - Loss: 23447107.91
Val - Loss, MSE, RMSE, MAE, MAPE: 38217008.00, 38217007.00, 6108.98, 4849.23, 5.27%
Test - Best epoch, Loss, MSE, RMSE, MAE, MAPE: 7, 32440058.00, 32440057.50, 5439.20, 4149.26, 4.40%
- Epoch 014, ExpID 75041
Train - Loss: 23163292.09
Val - Loss, MSE, RMSE, MAE, MAPE: 39505376.00, 39505374.00, 6226.48, 4938.89, 5.33%
Test - Best epoch, Loss, MSE, RMSE, MAE, MAPE: 7, 32440058.00, 32440057.50, 5439.20, 4149.26, 4.40%
- Epoch 015, ExpID 75041
Train - Loss: 22825124.43
Val - Loss, MSE, RMSE, MAE, MAPE: 39974692.00, 39974692.00, 6276.41, 4958.89, 5.34%
Test - Best epoch, Loss, MSE, RMSE, MAE, MAPE: 7, 32440058.00, 32440057.50, 5439.20, 4149.26, 4.40%
- Epoch 016, ExpID 75041
Train - Loss: 22107436.70
Val - Loss, MSE, RMSE, MAE, MAPE: 39025108.00, 39025109.00, 6195.23, 4920.77, 5.32%
Test - Best epoch, Loss, MSE, RMSE, MAE, MAPE: 7, 32440058.00, 32440057.50, 5439.20, 4149.26, 4.40%
- Epoch 017, ExpID 75041
Train - Loss: 21670981.22
Val - Loss, MSE, RMSE, MAE, MAPE: 40001888.00, 40001887.00, 6256.86, 4940.03, 5.37%
Test - Best epoch, Loss, MSE, RMSE, MAE, MAPE: 7, 32440058.00, 32440057.50, 5439.20, 4149.26, 4.40%
Early Stopping at Epoch 17
Fold 2019 Best RMSE: 5439.2021
