DETAILED LOG | Model: tsmixer | Seed: 1
FULL CONFIG: {'gpu': '2', 'target': 'departure', 'cv_start_year': 2017, 'cv_end_year': 2019, 'test_year': 2024, 'use_corona': False, 'seq_len': 365, 'label_len': 0, 'pred_len': 14, 'batch_size': 256, 'epochs': 1000, 'patience': 10, 'lr': 0.0001, 'model': 'tsmixer', 'd_model': 128, 'n_heads': 8, 'n_layers': 6, 'dropout': 0.1, 'activation': 'gelu', 'patch_len': 7, 'factor': 5, 'norm_mode': 'revin', 'use_covar': False, 'use_dbloss': False, 'device': device(type='cuda'), 'stride': 7, 'file_path': 'dataset/airport_flight_with_holiday.csv', 'seed': 1, 'val_year': 2019, 'ndims': 1}

-------------------- [Fold: 2017] ExpID: 64443 --------------------
- Epoch 000, ExpID 64443
Train - Loss: 38438006.74
Val - Loss, MSE, RMSE, MAE, MAPE: 51608856.00, 51608858.00, 7049.18, 5697.97, 7.21%
Test - Best epoch, Loss, MSE, RMSE, MAE, MAPE: 0, 81430360.00, 81430362.00, 8861.90, 6851.46, 8.21%
- Epoch 001, ExpID 64443
Train - Loss: 26361682.74
Val - Loss, MSE, RMSE, MAE, MAPE: 44499832.00, 44499833.00, 6505.12, 5213.42, 6.58%
Test - Best epoch, Loss, MSE, RMSE, MAE, MAPE: 1, 74965144.00, 74965142.00, 8389.92, 6378.71, 7.60%
- Epoch 002, ExpID 64443
Train - Loss: 22144740.74
Val - Loss, MSE, RMSE, MAE, MAPE: 39912340.00, 39912341.00, 6140.77, 4919.47, 6.22%
Test - Best epoch, Loss, MSE, RMSE, MAE, MAPE: 2, 71959216.00, 71959216.00, 8180.56, 6129.45, 7.33%
- Epoch 003, ExpID 64443
Train - Loss: 19731744.63
Val - Loss, MSE, RMSE, MAE, MAPE: 36333456.00, 36333454.00, 5861.57, 4690.92, 5.94%
Test - Best epoch, Loss, MSE, RMSE, MAE, MAPE: 3, 70287376.00, 70287374.00, 8057.19, 5972.77, 7.17%
- Epoch 004, ExpID 64443
Train - Loss: 18086920.47
Val - Loss, MSE, RMSE, MAE, MAPE: 34838960.00, 34838961.00, 5748.22, 4577.73, 5.80%
Test - Best epoch, Loss, MSE, RMSE, MAE, MAPE: 4, 69668216.00, 69668214.00, 8002.32, 5888.71, 7.09%
- Epoch 005, ExpID 64443
Train - Loss: 16842196.32
Val - Loss, MSE, RMSE, MAE, MAPE: 33422448.00, 33422449.00, 5626.54, 4467.69, 5.66%
Test - Best epoch, Loss, MSE, RMSE, MAE, MAPE: 5, 69191976.00, 69191979.00, 7948.92, 5800.43, 6.99%
- Epoch 006, ExpID 64443
Train - Loss: 15816425.84
Val - Loss, MSE, RMSE, MAE, MAPE: 32819024.00, 32819025.00, 5575.74, 4402.73, 5.58%
Test - Best epoch, Loss, MSE, RMSE, MAE, MAPE: 6, 68528432.00, 68528433.00, 7913.65, 5755.08, 6.95%
- Epoch 007, ExpID 64443
Train - Loss: 14917556.58
Val - Loss, MSE, RMSE, MAE, MAPE: 31640298.00, 31640298.00, 5482.50, 4321.51, 5.48%
Test - Best epoch, Loss, MSE, RMSE, MAE, MAPE: 7, 68282864.00, 68282867.00, 7879.82, 5722.95, 6.92%
- Epoch 008, ExpID 64443
Train - Loss: 14107313.95
Val - Loss, MSE, RMSE, MAE, MAPE: 32195834.00, 32195834.00, 5505.23, 4331.63, 5.47%
Test - Best epoch, Loss, MSE, RMSE, MAE, MAPE: 7, 68282864.00, 68282867.00, 7879.82, 5722.95, 6.92%
- Epoch 009, ExpID 64443
Train - Loss: 13534626.05
Val - Loss, MSE, RMSE, MAE, MAPE: 31543160.00, 31543161.00, 5468.39, 4290.98, 5.42%
Test - Best epoch, Loss, MSE, RMSE, MAE, MAPE: 9, 66864296.00, 66864297.00, 7794.91, 5685.20, 6.86%
- Epoch 010, ExpID 64443
Train - Loss: 12959578.11
Val - Loss, MSE, RMSE, MAE, MAPE: 31029416.00, 31029417.00, 5421.63, 4251.75, 5.38%
Test - Best epoch, Loss, MSE, RMSE, MAE, MAPE: 10, 66896920.00, 66896918.00, 7801.89, 5653.33, 6.84%
- Epoch 011, ExpID 64443
Train - Loss: 12307137.53
Val - Loss, MSE, RMSE, MAE, MAPE: 31205924.00, 31205923.00, 5431.40, 4242.04, 5.36%
Test - Best epoch, Loss, MSE, RMSE, MAE, MAPE: 10, 66896920.00, 66896918.00, 7801.89, 5653.33, 6.84%
- Epoch 012, ExpID 64443
Train - Loss: 11917873.37
Val - Loss, MSE, RMSE, MAE, MAPE: 30578234.00, 30578234.50, 5376.77, 4199.44, 5.31%
Test - Best epoch, Loss, MSE, RMSE, MAE, MAPE: 12, 65350984.00, 65350985.00, 7720.15, 5598.83, 6.77%
- Epoch 013, ExpID 64443
Train - Loss: 11359179.42
Val - Loss, MSE, RMSE, MAE, MAPE: 29988570.00, 29988570.50, 5327.18, 4150.42, 5.26%
Test - Best epoch, Loss, MSE, RMSE, MAE, MAPE: 13, 64949860.00, 64949861.00, 7668.89, 5577.61, 6.74%
- Epoch 014, ExpID 64443
Train - Loss: 11054107.53
Val - Loss, MSE, RMSE, MAE, MAPE: 30479756.00, 30479756.00, 5367.23, 4190.72, 5.30%
Test - Best epoch, Loss, MSE, RMSE, MAE, MAPE: 13, 64949860.00, 64949861.00, 7668.89, 5577.61, 6.74%
- Epoch 015, ExpID 64443
Train - Loss: 10660289.89
Val - Loss, MSE, RMSE, MAE, MAPE: 30402800.00, 30402800.00, 5359.15, 4166.95, 5.29%
Test - Best epoch, Loss, MSE, RMSE, MAE, MAPE: 13, 64949860.00, 64949861.00, 7668.89, 5577.61, 6.74%
- Epoch 016, ExpID 64443
Train - Loss: 10348257.11
Val - Loss, MSE, RMSE, MAE, MAPE: 30095912.00, 30095911.00, 5315.85, 4130.59, 5.25%
Test - Best epoch, Loss, MSE, RMSE, MAE, MAPE: 13, 64949860.00, 64949861.00, 7668.89, 5577.61, 6.74%
- Epoch 017, ExpID 64443
Train - Loss: 9981101.05
Val - Loss, MSE, RMSE, MAE, MAPE: 30770408.00, 30770408.50, 5367.11, 4175.52, 5.29%
Test - Best epoch, Loss, MSE, RMSE, MAE, MAPE: 13, 64949860.00, 64949861.00, 7668.89, 5577.61, 6.74%
- Epoch 018, ExpID 64443
Train - Loss: 9625808.00
Val - Loss, MSE, RMSE, MAE, MAPE: 30913428.00, 30913428.50, 5385.35, 4186.16, 5.31%
Test - Best epoch, Loss, MSE, RMSE, MAE, MAPE: 13, 64949860.00, 64949861.00, 7668.89, 5577.61, 6.74%
- Epoch 019, ExpID 64443
Train - Loss: 9373220.82
Val - Loss, MSE, RMSE, MAE, MAPE: 32116726.00, 32116725.50, 5478.04, 4283.91, 5.40%
Test - Best epoch, Loss, MSE, RMSE, MAE, MAPE: 13, 64949860.00, 64949861.00, 7668.89, 5577.61, 6.74%
- Epoch 020, ExpID 64443
Train - Loss: 9157217.16
Val - Loss, MSE, RMSE, MAE, MAPE: 30934088.00, 30934087.00, 5354.71, 4155.51, 5.26%
Test - Best epoch, Loss, MSE, RMSE, MAE, MAPE: 13, 64949860.00, 64949861.00, 7668.89, 5577.61, 6.74%
- Epoch 021, ExpID 64443
Train - Loss: 8848483.84
Val - Loss, MSE, RMSE, MAE, MAPE: 30963020.00, 30963019.50, 5369.70, 4184.50, 5.30%
Test - Best epoch, Loss, MSE, RMSE, MAE, MAPE: 13, 64949860.00, 64949861.00, 7668.89, 5577.61, 6.74%
- Epoch 022, ExpID 64443
Train - Loss: 8659525.76
Val - Loss, MSE, RMSE, MAE, MAPE: 31355688.00, 31355687.00, 5392.65, 4202.53, 5.32%
Test - Best epoch, Loss, MSE, RMSE, MAE, MAPE: 13, 64949860.00, 64949861.00, 7668.89, 5577.61, 6.74%
- Epoch 023, ExpID 64443
Train - Loss: 8340652.13
Val - Loss, MSE, RMSE, MAE, MAPE: 31853572.00, 31853573.00, 5428.57, 4233.70, 5.36%
Test - Best epoch, Loss, MSE, RMSE, MAE, MAPE: 13, 64949860.00, 64949861.00, 7668.89, 5577.61, 6.74%
Early Stopping at Epoch 23
Fold 2017 Best RMSE: 7668.8894

-------------------- [Fold: 2018] ExpID: 26225 --------------------
- Epoch 000, ExpID 26225
Train - Loss: 39921000.10
Val - Loss, MSE, RMSE, MAE, MAPE: 81162912.00, 81162908.00, 8857.64, 6753.59, 8.18%
Test - Best epoch, Loss, MSE, RMSE, MAE, MAPE: 0, 57949352.00, 57949352.00, 7611.74, 5922.45, 6.45%
- Epoch 001, ExpID 26225
Train - Loss: 27272411.20
Val - Loss, MSE, RMSE, MAE, MAPE: 74915976.00, 74915974.00, 8380.88, 6269.89, 7.52%
Test - Best epoch, Loss, MSE, RMSE, MAE, MAPE: 1, 49903104.00, 49903104.00, 7061.90, 5426.63, 5.85%
- Epoch 002, ExpID 26225
Train - Loss: 23138403.70
Val - Loss, MSE, RMSE, MAE, MAPE: 72591792.00, 72591796.00, 8211.81, 6035.07, 7.27%
Test - Best epoch, Loss, MSE, RMSE, MAE, MAPE: 2, 46030336.00, 46030336.00, 6781.45, 5148.88, 5.56%
- Epoch 003, ExpID 26225
Train - Loss: 20688706.50
Val - Loss, MSE, RMSE, MAE, MAPE: 71193544.00, 71193541.00, 8103.68, 5880.27, 7.11%
Test - Best epoch, Loss, MSE, RMSE, MAE, MAPE: 3, 43941248.00, 43941248.00, 6623.90, 4998.67, 5.42%
- Epoch 004, ExpID 26225
Train - Loss: 19068904.20
Val - Loss, MSE, RMSE, MAE, MAPE: 71231064.00, 71231061.00, 8076.49, 5817.19, 7.06%
Test - Best epoch, Loss, MSE, RMSE, MAE, MAPE: 3, 43941248.00, 43941248.00, 6623.90, 4998.67, 5.42%
- Epoch 005, ExpID 26225
Train - Loss: 17680846.80
Val - Loss, MSE, RMSE, MAE, MAPE: 70990768.00, 70990772.00, 8041.68, 5760.16, 7.00%
Test - Best epoch, Loss, MSE, RMSE, MAE, MAPE: 5, 40856944.00, 40856944.00, 6387.45, 4808.28, 5.22%
- Epoch 006, ExpID 26225
Train - Loss: 16645408.65
Val - Loss, MSE, RMSE, MAE, MAPE: 71277248.00, 71277244.00, 8041.00, 5777.95, 7.03%
Test - Best epoch, Loss, MSE, RMSE, MAE, MAPE: 5, 40856944.00, 40856944.00, 6387.45, 4808.28, 5.22%
- Epoch 007, ExpID 26225
Train - Loss: 15648183.75
Val - Loss, MSE, RMSE, MAE, MAPE: 70305176.00, 70305175.00, 7983.21, 5712.77, 6.96%
Test - Best epoch, Loss, MSE, RMSE, MAE, MAPE: 7, 38603136.00, 38603134.00, 6208.99, 4678.51, 5.09%
- Epoch 008, ExpID 26225
Train - Loss: 14838076.30
Val - Loss, MSE, RMSE, MAE, MAPE: 70219520.00, 70219522.00, 7966.55, 5705.24, 6.95%
Test - Best epoch, Loss, MSE, RMSE, MAE, MAPE: 8, 37546864.00, 37546864.00, 6123.82, 4617.56, 5.02%
- Epoch 009, ExpID 26225
Train - Loss: 14129563.40
Val - Loss, MSE, RMSE, MAE, MAPE: 69879992.00, 69879991.00, 7939.40, 5702.18, 6.95%
Test - Best epoch, Loss, MSE, RMSE, MAE, MAPE: 9, 36769208.00, 36769206.00, 6060.23, 4567.57, 4.97%
- Epoch 010, ExpID 26225
Train - Loss: 13470521.05
Val - Loss, MSE, RMSE, MAE, MAPE: 69281800.00, 69281803.00, 7902.26, 5683.54, 6.94%
Test - Best epoch, Loss, MSE, RMSE, MAE, MAPE: 10, 36058652.00, 36058652.00, 6001.67, 4523.46, 4.93%
- Epoch 011, ExpID 26225
Train - Loss: 12887221.10
Val - Loss, MSE, RMSE, MAE, MAPE: 68887696.00, 68887692.00, 7871.21, 5674.50, 6.91%
Test - Best epoch, Loss, MSE, RMSE, MAE, MAPE: 11, 35522696.00, 35522695.00, 5956.93, 4489.38, 4.88%
- Epoch 012, ExpID 26225
Train - Loss: 12415418.80
Val - Loss, MSE, RMSE, MAE, MAPE: 69081680.00, 69081681.00, 7884.37, 5688.23, 6.94%
Test - Best epoch, Loss, MSE, RMSE, MAE, MAPE: 11, 35522696.00, 35522695.00, 5956.93, 4489.38, 4.88%
- Epoch 013, ExpID 26225
Train - Loss: 11948653.85
Val - Loss, MSE, RMSE, MAE, MAPE: 68307080.00, 68307079.00, 7827.21, 5652.78, 6.90%
Test - Best epoch, Loss, MSE, RMSE, MAE, MAPE: 13, 35133184.00, 35133183.00, 5924.34, 4474.49, 4.87%
- Epoch 014, ExpID 26225
Train - Loss: 11512486.95
Val - Loss, MSE, RMSE, MAE, MAPE: 67585448.00, 67585447.00, 7793.98, 5642.21, 6.87%
Test - Best epoch, Loss, MSE, RMSE, MAE, MAPE: 14, 34751784.00, 34751782.00, 5892.49, 4450.87, 4.84%
- Epoch 015, ExpID 26225
Train - Loss: 11195198.55
Val - Loss, MSE, RMSE, MAE, MAPE: 67487568.00, 67487564.00, 7793.96, 5639.11, 6.88%
Test - Best epoch, Loss, MSE, RMSE, MAE, MAPE: 15, 34304248.00, 34304249.00, 5854.51, 4410.22, 4.80%
- Epoch 016, ExpID 26225
Train - Loss: 10708511.20
Val - Loss, MSE, RMSE, MAE, MAPE: 66788400.00, 66788399.00, 7738.45, 5577.43, 6.81%
Test - Best epoch, Loss, MSE, RMSE, MAE, MAPE: 16, 34010520.00, 34010522.00, 5829.82, 4379.86, 4.76%
- Epoch 017, ExpID 26225
Train - Loss: 10446359.15
Val - Loss, MSE, RMSE, MAE, MAPE: 67280200.00, 67280198.00, 7757.97, 5612.83, 6.84%
Test - Best epoch, Loss, MSE, RMSE, MAE, MAPE: 16, 34010520.00, 34010522.00, 5829.82, 4379.86, 4.76%
- Epoch 018, ExpID 26225
Train - Loss: 10111718.50
Val - Loss, MSE, RMSE, MAE, MAPE: 66818500.00, 66818501.00, 7743.67, 5602.75, 6.84%
Test - Best epoch, Loss, MSE, RMSE, MAE, MAPE: 16, 34010520.00, 34010522.00, 5829.82, 4379.86, 4.76%
- Epoch 019, ExpID 26225
Train - Loss: 9822067.55
Val - Loss, MSE, RMSE, MAE, MAPE: 66066864.00, 66066865.00, 7698.00, 5568.87, 6.81%
Test - Best epoch, Loss, MSE, RMSE, MAE, MAPE: 19, 34005120.00, 34005120.00, 5829.87, 4381.71, 4.78%
- Epoch 020, ExpID 26225
Train - Loss: 9554766.95
Val - Loss, MSE, RMSE, MAE, MAPE: 65933184.00, 65933186.00, 7683.42, 5582.70, 6.80%
Test - Best epoch, Loss, MSE, RMSE, MAE, MAPE: 20, 33713168.00, 33713167.00, 5803.43, 4349.27, 4.73%
- Epoch 021, ExpID 26225
Train - Loss: 9269950.57
Val - Loss, MSE, RMSE, MAE, MAPE: 65319068.00, 65319067.00, 7678.61, 5555.10, 6.79%
Test - Best epoch, Loss, MSE, RMSE, MAE, MAPE: 21, 34122896.00, 34122898.00, 5839.97, 4376.58, 4.77%
- Epoch 022, ExpID 26225
Train - Loss: 9038093.97
Val - Loss, MSE, RMSE, MAE, MAPE: 65766684.00, 65766683.00, 7678.45, 5578.80, 6.81%
Test - Best epoch, Loss, MSE, RMSE, MAE, MAPE: 21, 34122896.00, 34122898.00, 5839.97, 4376.58, 4.77%
- Epoch 023, ExpID 26225
Train - Loss: 8821661.20
Val - Loss, MSE, RMSE, MAE, MAPE: 65529588.00, 65529589.00, 7649.99, 5550.39, 6.77%
Test - Best epoch, Loss, MSE, RMSE, MAE, MAPE: 21, 34122896.00, 34122898.00, 5839.97, 4376.58, 4.77%
- Epoch 024, ExpID 26225
Train - Loss: 8590444.72
Val - Loss, MSE, RMSE, MAE, MAPE: 65089588.00, 65089589.00, 7639.42, 5546.77, 6.78%
Test - Best epoch, Loss, MSE, RMSE, MAE, MAPE: 24, 34084944.00, 34084945.00, 5836.76, 4389.96, 4.78%
- Epoch 025, ExpID 26225
Train - Loss: 8396719.30
Val - Loss, MSE, RMSE, MAE, MAPE: 65464076.00, 65464077.00, 7661.64, 5573.92, 6.81%
Test - Best epoch, Loss, MSE, RMSE, MAE, MAPE: 24, 34084944.00, 34084945.00, 5836.76, 4389.96, 4.78%
- Epoch 026, ExpID 26225
Train - Loss: 8184486.17
Val - Loss, MSE, RMSE, MAE, MAPE: 64875196.00, 64875197.00, 7631.97, 5552.47, 6.78%
Test - Best epoch, Loss, MSE, RMSE, MAE, MAPE: 26, 33929552.00, 33929550.00, 5824.37, 4395.67, 4.79%
- Epoch 027, ExpID 26225
Train - Loss: 7970314.85
Val - Loss, MSE, RMSE, MAE, MAPE: 65569512.00, 65569512.00, 7657.38, 5610.09, 6.84%
Test - Best epoch, Loss, MSE, RMSE, MAE, MAPE: 26, 33929552.00, 33929550.00, 5824.37, 4395.67, 4.79%
- Epoch 028, ExpID 26225
Train - Loss: 7838188.28
Val - Loss, MSE, RMSE, MAE, MAPE: 64556060.00, 64556061.00, 7602.64, 5528.40, 6.75%
Test - Best epoch, Loss, MSE, RMSE, MAE, MAPE: 28, 33777284.00, 33777284.00, 5810.84, 4366.70, 4.75%
- Epoch 029, ExpID 26225
Train - Loss: 7654987.80
Val - Loss, MSE, RMSE, MAE, MAPE: 64794784.00, 64794782.00, 7624.85, 5526.38, 6.76%
Test - Best epoch, Loss, MSE, RMSE, MAE, MAPE: 28, 33777284.00, 33777284.00, 5810.84, 4366.70, 4.75%
- Epoch 030, ExpID 26225
Train - Loss: 7462661.20
Val - Loss, MSE, RMSE, MAE, MAPE: 63959772.00, 63959771.00, 7574.10, 5489.49, 6.71%
Test - Best epoch, Loss, MSE, RMSE, MAE, MAPE: 30, 34010104.00, 34010106.00, 5831.02, 4389.92, 4.78%
- Epoch 031, ExpID 26225
Train - Loss: 7302921.33
Val - Loss, MSE, RMSE, MAE, MAPE: 64955136.00, 64955135.00, 7625.06, 5529.62, 6.76%
Test - Best epoch, Loss, MSE, RMSE, MAE, MAPE: 30, 34010104.00, 34010106.00, 5831.02, 4389.92, 4.78%
- Epoch 032, ExpID 26225
Train - Loss: 7145412.75
Val - Loss, MSE, RMSE, MAE, MAPE: 64693552.00, 64693553.00, 7604.72, 5526.28, 6.75%
Test - Best epoch, Loss, MSE, RMSE, MAE, MAPE: 30, 34010104.00, 34010106.00, 5831.02, 4389.92, 4.78%
- Epoch 033, ExpID 26225
Train - Loss: 6979193.97
Val - Loss, MSE, RMSE, MAE, MAPE: 64836628.00, 64836629.00, 7626.18, 5539.64, 6.77%
Test - Best epoch, Loss, MSE, RMSE, MAE, MAPE: 30, 34010104.00, 34010106.00, 5831.02, 4389.92, 4.78%
- Epoch 034, ExpID 26225
Train - Loss: 6859226.92
Val - Loss, MSE, RMSE, MAE, MAPE: 64369888.00, 64369887.00, 7590.91, 5487.90, 6.72%
Test - Best epoch, Loss, MSE, RMSE, MAE, MAPE: 30, 34010104.00, 34010106.00, 5831.02, 4389.92, 4.78%
- Epoch 035, ExpID 26225
Train - Loss: 6718597.12
Val - Loss, MSE, RMSE, MAE, MAPE: 64561564.00, 64561565.00, 7613.13, 5533.90, 6.77%
Test - Best epoch, Loss, MSE, RMSE, MAE, MAPE: 30, 34010104.00, 34010106.00, 5831.02, 4389.92, 4.78%
- Epoch 036, ExpID 26225
Train - Loss: 6621379.75
Val - Loss, MSE, RMSE, MAE, MAPE: 64280776.00, 64280774.00, 7593.29, 5509.06, 6.75%
Test - Best epoch, Loss, MSE, RMSE, MAE, MAPE: 30, 34010104.00, 34010106.00, 5831.02, 4389.92, 4.78%
- Epoch 037, ExpID 26225
Train - Loss: 6488748.85
Val - Loss, MSE, RMSE, MAE, MAPE: 64725112.00, 64725114.00, 7610.62, 5506.81, 6.75%
Test - Best epoch, Loss, MSE, RMSE, MAE, MAPE: 30, 34010104.00, 34010106.00, 5831.02, 4389.92, 4.78%
- Epoch 038, ExpID 26225
Train - Loss: 6304046.47
Val - Loss, MSE, RMSE, MAE, MAPE: 63892176.00, 63892175.00, 7560.72, 5479.67, 6.69%
Test - Best epoch, Loss, MSE, RMSE, MAE, MAPE: 38, 34423464.00, 34423464.00, 5867.00, 4445.17, 4.83%
- Epoch 039, ExpID 26225
Train - Loss: 6216576.28
Val - Loss, MSE, RMSE, MAE, MAPE: 64731496.00, 64731495.00, 7622.13, 5509.66, 6.75%
Test - Best epoch, Loss, MSE, RMSE, MAE, MAPE: 38, 34423464.00, 34423464.00, 5867.00, 4445.17, 4.83%
- Epoch 040, ExpID 26225
Train - Loss: 6073365.15
Val - Loss, MSE, RMSE, MAE, MAPE: 64886684.00, 64886684.00, 7613.32, 5534.97, 6.76%
Test - Best epoch, Loss, MSE, RMSE, MAE, MAPE: 38, 34423464.00, 34423464.00, 5867.00, 4445.17, 4.83%
- Epoch 041, ExpID 26225
Train - Loss: 5994621.75
Val - Loss, MSE, RMSE, MAE, MAPE: 64418296.00, 64418295.00, 7596.93, 5509.49, 6.74%
Test - Best epoch, Loss, MSE, RMSE, MAE, MAPE: 38, 34423464.00, 34423464.00, 5867.00, 4445.17, 4.83%
- Epoch 042, ExpID 26225
Train - Loss: 5907469.70
Val - Loss, MSE, RMSE, MAE, MAPE: 64736968.00, 64736967.00, 7615.51, 5543.80, 6.77%
Test - Best epoch, Loss, MSE, RMSE, MAE, MAPE: 38, 34423464.00, 34423464.00, 5867.00, 4445.17, 4.83%
- Epoch 043, ExpID 26225
Train - Loss: 5765545.62
Val - Loss, MSE, RMSE, MAE, MAPE: 64925380.00, 64925379.00, 7631.38, 5523.25, 6.77%
Test - Best epoch, Loss, MSE, RMSE, MAE, MAPE: 38, 34423464.00, 34423464.00, 5867.00, 4445.17, 4.83%
- Epoch 044, ExpID 26225
Train - Loss: 5673916.95
Val - Loss, MSE, RMSE, MAE, MAPE: 65012920.00, 65012922.00, 7621.98, 5538.45, 6.77%
Test - Best epoch, Loss, MSE, RMSE, MAE, MAPE: 38, 34423464.00, 34423464.00, 5867.00, 4445.17, 4.83%
- Epoch 045, ExpID 26225
Train - Loss: 5571820.45
Val - Loss, MSE, RMSE, MAE, MAPE: 65429480.00, 65429482.00, 7646.87, 5540.36, 6.78%
Test - Best epoch, Loss, MSE, RMSE, MAE, MAPE: 38, 34423464.00, 34423464.00, 5867.00, 4445.17, 4.83%
- Epoch 046, ExpID 26225
Train - Loss: 5462357.42
Val - Loss, MSE, RMSE, MAE, MAPE: 64618568.00, 64618570.00, 7610.42, 5510.91, 6.74%
Test - Best epoch, Loss, MSE, RMSE, MAE, MAPE: 38, 34423464.00, 34423464.00, 5867.00, 4445.17, 4.83%
- Epoch 047, ExpID 26225
Train - Loss: 5362149.00
Val - Loss, MSE, RMSE, MAE, MAPE: 64746616.00, 64746618.00, 7618.32, 5529.53, 6.77%
Test - Best epoch, Loss, MSE, RMSE, MAE, MAPE: 38, 34423464.00, 34423464.00, 5867.00, 4445.17, 4.83%
- Epoch 048, ExpID 26225
Train - Loss: 5298632.28
Val - Loss, MSE, RMSE, MAE, MAPE: 64805600.00, 64805601.00, 7620.24, 5507.69, 6.74%
Test - Best epoch, Loss, MSE, RMSE, MAE, MAPE: 38, 34423464.00, 34423464.00, 5867.00, 4445.17, 4.83%
Early Stopping at Epoch 48
Fold 2018 Best RMSE: 5867.0005

-------------------- [Fold: 2019] ExpID: 76490 --------------------
- Epoch 000, ExpID 76490
Train - Loss: 44568394.18
Val - Loss, MSE, RMSE, MAE, MAPE: 53941208.00, 53941206.00, 7341.21, 5728.45, 6.22%
Test - Best epoch, Loss, MSE, RMSE, MAE, MAPE: 0, 52148240.00, 52148240.00, 7160.97, 5504.98, 5.87%
- Epoch 001, ExpID 76490
Train - Loss: 29526241.36
Val - Loss, MSE, RMSE, MAE, MAPE: 47864404.00, 47864404.00, 6908.40, 5336.35, 5.77%
Test - Best epoch, Loss, MSE, RMSE, MAE, MAPE: 1, 40116536.00, 40116535.00, 6250.50, 4708.37, 4.98%
- Epoch 002, ExpID 76490
Train - Loss: 25165207.64
Val - Loss, MSE, RMSE, MAE, MAPE: 45358104.00, 45358106.00, 6720.02, 5141.77, 5.57%
Test - Best epoch, Loss, MSE, RMSE, MAE, MAPE: 2, 36322452.00, 36322452.00, 5950.32, 4465.52, 4.71%
- Epoch 003, ExpID 76490
Train - Loss: 22473911.64
Val - Loss, MSE, RMSE, MAE, MAPE: 44651740.00, 44651740.00, 6661.23, 5080.23, 5.52%
Test - Best epoch, Loss, MSE, RMSE, MAE, MAPE: 3, 33716556.00, 33716555.00, 5720.47, 4264.73, 4.50%
- Epoch 004, ExpID 76490
Train - Loss: 20921060.45
Val - Loss, MSE, RMSE, MAE, MAPE: 43351700.00, 43351700.00, 6565.36, 4972.46, 5.42%
Test - Best epoch, Loss, MSE, RMSE, MAE, MAPE: 4, 32208132.00, 32208132.00, 5587.01, 4152.92, 4.39%
- Epoch 005, ExpID 76490
Train - Loss: 19462504.73
Val - Loss, MSE, RMSE, MAE, MAPE: 42481840.00, 42481838.00, 6500.25, 4904.41, 5.35%
Test - Best epoch, Loss, MSE, RMSE, MAE, MAPE: 5, 30908800.00, 30908799.00, 5465.63, 4045.33, 4.28%
- Epoch 006, ExpID 76490
Train - Loss: 18245718.55
Val - Loss, MSE, RMSE, MAE, MAPE: 41666988.00, 41666988.00, 6438.69, 4858.90, 5.30%
Test - Best epoch, Loss, MSE, RMSE, MAE, MAPE: 6, 30410492.00, 30410491.00, 5424.37, 4008.61, 4.23%
- Epoch 007, ExpID 76490
Train - Loss: 17254848.09
Val - Loss, MSE, RMSE, MAE, MAPE: 40886616.00, 40886618.00, 6380.51, 4805.16, 5.23%
Test - Best epoch, Loss, MSE, RMSE, MAE, MAPE: 7, 29163730.00, 29163730.00, 5313.68, 3916.20, 4.13%
- Epoch 008, ExpID 76490
Train - Loss: 16337645.50
Val - Loss, MSE, RMSE, MAE, MAPE: 40030920.00, 40030922.00, 6315.77, 4767.60, 5.19%
Test - Best epoch, Loss, MSE, RMSE, MAE, MAPE: 8, 28491172.00, 28491173.00, 5258.12, 3887.38, 4.09%
- Epoch 009, ExpID 76490
Train - Loss: 15561264.18
Val - Loss, MSE, RMSE, MAE, MAPE: 39628968.00, 39628970.00, 6285.51, 4722.43, 5.15%
Test - Best epoch, Loss, MSE, RMSE, MAE, MAPE: 9, 28721562.00, 28721562.00, 5270.55, 3891.02, 4.10%
- Epoch 010, ExpID 76490
Train - Loss: 14843635.23
Val - Loss, MSE, RMSE, MAE, MAPE: 39248656.00, 39248658.00, 6255.96, 4702.91, 5.13%
Test - Best epoch, Loss, MSE, RMSE, MAE, MAPE: 10, 28325722.00, 28325722.00, 5237.13, 3863.77, 4.07%
- Epoch 011, ExpID 76490
Train - Loss: 14196669.95
Val - Loss, MSE, RMSE, MAE, MAPE: 38876796.00, 38876796.00, 6227.51, 4684.00, 5.11%
Test - Best epoch, Loss, MSE, RMSE, MAE, MAPE: 11, 28110102.00, 28110102.00, 5223.70, 3868.82, 4.07%
- Epoch 012, ExpID 76490
Train - Loss: 13616007.91
Val - Loss, MSE, RMSE, MAE, MAPE: 38969116.00, 38969116.00, 6236.70, 4675.65, 5.10%
Test - Best epoch, Loss, MSE, RMSE, MAE, MAPE: 11, 28110102.00, 28110102.00, 5223.70, 3868.82, 4.07%
- Epoch 013, ExpID 76490
Train - Loss: 13134783.64
Val - Loss, MSE, RMSE, MAE, MAPE: 38366712.00, 38366712.00, 6188.73, 4652.23, 5.07%
Test - Best epoch, Loss, MSE, RMSE, MAE, MAPE: 13, 27396448.00, 27396449.00, 5163.66, 3817.00, 4.01%
- Epoch 014, ExpID 76490
Train - Loss: 12676492.77
Val - Loss, MSE, RMSE, MAE, MAPE: 38497824.00, 38497826.00, 6199.99, 4649.28, 5.07%
Test - Best epoch, Loss, MSE, RMSE, MAE, MAPE: 13, 27396448.00, 27396449.00, 5163.66, 3817.00, 4.01%
- Epoch 015, ExpID 76490
Train - Loss: 12077900.95
Val - Loss, MSE, RMSE, MAE, MAPE: 38440612.00, 38440612.00, 6195.99, 4632.50, 5.06%
Test - Best epoch, Loss, MSE, RMSE, MAE, MAPE: 13, 27396448.00, 27396449.00, 5163.66, 3817.00, 4.01%
- Epoch 016, ExpID 76490
Train - Loss: 11713922.41
Val - Loss, MSE, RMSE, MAE, MAPE: 39071856.00, 39071856.00, 6246.80, 4664.27, 5.09%
Test - Best epoch, Loss, MSE, RMSE, MAE, MAPE: 13, 27396448.00, 27396449.00, 5163.66, 3817.00, 4.01%
- Epoch 017, ExpID 76490
Train - Loss: 11404002.41
Val - Loss, MSE, RMSE, MAE, MAPE: 38531928.00, 38531926.00, 6203.92, 4627.31, 5.05%
Test - Best epoch, Loss, MSE, RMSE, MAE, MAPE: 13, 27396448.00, 27396449.00, 5163.66, 3817.00, 4.01%
- Epoch 018, ExpID 76490
Train - Loss: 10981555.55
Val - Loss, MSE, RMSE, MAE, MAPE: 38719616.00, 38719618.00, 6220.02, 4621.06, 5.05%
Test - Best epoch, Loss, MSE, RMSE, MAE, MAPE: 13, 27396448.00, 27396449.00, 5163.66, 3817.00, 4.01%
- Epoch 019, ExpID 76490
Train - Loss: 10608723.05
Val - Loss, MSE, RMSE, MAE, MAPE: 39149576.00, 39149574.00, 6253.67, 4677.02, 5.09%
Test - Best epoch, Loss, MSE, RMSE, MAE, MAPE: 13, 27396448.00, 27396449.00, 5163.66, 3817.00, 4.01%
- Epoch 020, ExpID 76490
Train - Loss: 10286678.00
Val - Loss, MSE, RMSE, MAE, MAPE: 38758560.00, 38758560.00, 6222.41, 4636.46, 5.05%
Test - Best epoch, Loss, MSE, RMSE, MAE, MAPE: 13, 27396448.00, 27396449.00, 5163.66, 3817.00, 4.01%
- Epoch 021, ExpID 76490
Train - Loss: 10004778.77
Val - Loss, MSE, RMSE, MAE, MAPE: 39173224.00, 39173224.00, 6255.26, 4660.07, 5.08%
Test - Best epoch, Loss, MSE, RMSE, MAE, MAPE: 13, 27396448.00, 27396449.00, 5163.66, 3817.00, 4.01%
- Epoch 022, ExpID 76490
Train - Loss: 9770074.16
Val - Loss, MSE, RMSE, MAE, MAPE: 38662644.00, 38662644.00, 6215.39, 4634.75, 5.05%
Test - Best epoch, Loss, MSE, RMSE, MAE, MAPE: 13, 27396448.00, 27396449.00, 5163.66, 3817.00, 4.01%
- Epoch 023, ExpID 76490
Train - Loss: 9448846.00
Val - Loss, MSE, RMSE, MAE, MAPE: 38884968.00, 38884970.00, 6234.31, 4620.92, 5.05%
Test - Best epoch, Loss, MSE, RMSE, MAE, MAPE: 13, 27396448.00, 27396449.00, 5163.66, 3817.00, 4.01%
Early Stopping at Epoch 23
Fold 2019 Best RMSE: 5163.6572
