DETAILED LOG | Model: nbeats | Seed: 1
FULL CONFIG: {'gpu': '2', 'target': 'departure', 'cv_start_year': 2017, 'cv_end_year': 2019, 'test_year': 2024, 'use_corona': False, 'seq_len': 56, 'label_len': 0, 'pred_len': 14, 'batch_size': 256, 'epochs': 1000, 'patience': 10, 'lr': 0.0001, 'model': 'nbeats', 'd_model': 256, 'n_heads': 8, 'n_layers': 2, 'dropout': 0.1, 'activation': 'gelu', 'patch_len': 7, 'factor': 5, 'norm_mode': 'revin', 'use_covar': False, 'use_dbloss': False, 'device': device(type='cuda'), 'stride': 7, 'file_path': 'dataset/airport_flight_with_holiday.csv', 'seed': 1, 'val_year': 2019, 'ndims': 1}

-------------------- [Fold: 2017] ExpID: 33921 --------------------
- Epoch 000, ExpID 33921
Train - Loss: 33093103.10
Val - Loss, MSE, RMSE, MAE, MAPE: 61269332.00, 61269332.00, 7826.96, 5998.58, 7.72%
Test - Best epoch, Loss, MSE, RMSE, MAE, MAPE: 0, 120362848.00, 120362852.00, 10644.35, 7640.06, 9.35%
- Epoch 001, ExpID 33921
Train - Loss: 30778279.10
Val - Loss, MSE, RMSE, MAE, MAPE: 56071708.00, 56071708.00, 7487.01, 5680.52, 7.30%
Test - Best epoch, Loss, MSE, RMSE, MAE, MAPE: 1, 112938800.00, 112938796.00, 10296.43, 7321.41, 8.96%
- Epoch 002, ExpID 33921
Train - Loss: 28230369.20
Val - Loss, MSE, RMSE, MAE, MAPE: 50039304.00, 50039306.00, 7071.49, 5295.22, 6.81%
Test - Best epoch, Loss, MSE, RMSE, MAE, MAPE: 2, 104406744.00, 104406742.00, 9885.02, 6951.90, 8.51%
- Epoch 003, ExpID 33921
Train - Loss: 25617509.90
Val - Loss, MSE, RMSE, MAE, MAPE: 44177072.00, 44177072.00, 6641.52, 4909.98, 6.31%
Test - Best epoch, Loss, MSE, RMSE, MAE, MAPE: 3, 96959424.00, 96959426.00, 9507.63, 6641.09, 8.12%
- Epoch 004, ExpID 33921
Train - Loss: 23354170.70
Val - Loss, MSE, RMSE, MAE, MAPE: 39890944.00, 39890944.00, 6306.03, 4662.88, 5.99%
Test - Best epoch, Loss, MSE, RMSE, MAE, MAPE: 4, 92418984.00, 92418982.00, 9274.46, 6495.29, 7.93%
- Epoch 005, ExpID 33921
Train - Loss: 21792933.10
Val - Loss, MSE, RMSE, MAE, MAPE: 37172464.00, 37172463.00, 6080.99, 4511.42, 5.80%
Test - Best epoch, Loss, MSE, RMSE, MAE, MAPE: 5, 89648272.00, 89648270.00, 9134.32, 6460.27, 7.87%
- Epoch 006, ExpID 33921
Train - Loss: 20873759.10
Val - Loss, MSE, RMSE, MAE, MAPE: 35649736.00, 35649736.00, 5951.47, 4429.43, 5.70%
Test - Best epoch, Loss, MSE, RMSE, MAE, MAPE: 6, 89105480.00, 89105478.00, 9105.40, 6455.11, 7.86%
- Epoch 007, ExpID 33921
Train - Loss: 20109716.30
Val - Loss, MSE, RMSE, MAE, MAPE: 34696808.00, 34696807.00, 5868.67, 4372.24, 5.62%
Test - Best epoch, Loss, MSE, RMSE, MAE, MAPE: 7, 88895232.00, 88895236.00, 9093.38, 6521.21, 7.93%
- Epoch 008, ExpID 33921
Train - Loss: 19674172.60
Val - Loss, MSE, RMSE, MAE, MAPE: 33915840.00, 33915840.00, 5801.64, 4328.17, 5.58%
Test - Best epoch, Loss, MSE, RMSE, MAE, MAPE: 8, 87618664.00, 87618664.00, 9039.99, 6463.59, 7.87%
- Epoch 009, ExpID 33921
Train - Loss: 19252938.80
Val - Loss, MSE, RMSE, MAE, MAPE: 33578956.00, 33578955.00, 5772.61, 4300.36, 5.54%
Test - Best epoch, Loss, MSE, RMSE, MAE, MAPE: 9, 87828512.00, 87828514.00, 9047.26, 6508.52, 7.92%
- Epoch 010, ExpID 33921
Train - Loss: 18895490.20
Val - Loss, MSE, RMSE, MAE, MAPE: 33121106.00, 33121106.00, 5731.41, 4285.53, 5.51%
Test - Best epoch, Loss, MSE, RMSE, MAE, MAPE: 10, 89335920.00, 89335922.00, 9110.91, 6626.23, 8.03%
- Epoch 011, ExpID 33921
Train - Loss: 18650535.20
Val - Loss, MSE, RMSE, MAE, MAPE: 32812756.00, 32812756.00, 5704.60, 4266.43, 5.48%
Test - Best epoch, Loss, MSE, RMSE, MAE, MAPE: 11, 88959312.00, 88959308.00, 9093.49, 6642.29, 8.05%
- Epoch 012, ExpID 33921
Train - Loss: 18443010.40
Val - Loss, MSE, RMSE, MAE, MAPE: 32514554.00, 32514554.00, 5679.73, 4243.15, 5.46%
Test - Best epoch, Loss, MSE, RMSE, MAE, MAPE: 12, 88235152.00, 88235154.00, 9061.47, 6612.51, 8.01%
- Epoch 013, ExpID 33921
Train - Loss: 18161103.95
Val - Loss, MSE, RMSE, MAE, MAPE: 32385752.00, 32385753.00, 5669.20, 4245.11, 5.47%
Test - Best epoch, Loss, MSE, RMSE, MAE, MAPE: 13, 88501152.00, 88501152.00, 9072.11, 6642.88, 8.05%
- Epoch 014, ExpID 33921
Train - Loss: 18007472.55
Val - Loss, MSE, RMSE, MAE, MAPE: 32201520.00, 32201520.00, 5653.52, 4236.76, 5.45%
Test - Best epoch, Loss, MSE, RMSE, MAE, MAPE: 14, 88522168.00, 88522168.00, 9070.81, 6653.34, 8.05%
- Epoch 015, ExpID 33921
Train - Loss: 17773336.70
Val - Loss, MSE, RMSE, MAE, MAPE: 32189484.00, 32189483.00, 5655.33, 4216.92, 5.44%
Test - Best epoch, Loss, MSE, RMSE, MAE, MAPE: 15, 87361040.00, 87361040.00, 9016.51, 6603.49, 8.00%
- Epoch 016, ExpID 33921
Train - Loss: 17625115.85
Val - Loss, MSE, RMSE, MAE, MAPE: 31793488.00, 31793488.00, 5617.99, 4218.76, 5.43%
Test - Best epoch, Loss, MSE, RMSE, MAE, MAPE: 16, 88141856.00, 88141852.00, 9051.15, 6673.55, 8.06%
- Epoch 017, ExpID 33921
Train - Loss: 17445374.50
Val - Loss, MSE, RMSE, MAE, MAPE: 31769080.00, 31769081.00, 5618.33, 4201.13, 5.42%
Test - Best epoch, Loss, MSE, RMSE, MAE, MAPE: 17, 86455616.00, 86455620.00, 8975.84, 6595.74, 7.98%
- Epoch 018, ExpID 33921
Train - Loss: 17311880.75
Val - Loss, MSE, RMSE, MAE, MAPE: 31670444.00, 31670443.00, 5609.65, 4216.21, 5.43%
Test - Best epoch, Loss, MSE, RMSE, MAE, MAPE: 18, 88249976.00, 88249978.00, 9055.87, 6685.15, 8.08%
- Epoch 019, ExpID 33921
Train - Loss: 17139351.40
Val - Loss, MSE, RMSE, MAE, MAPE: 31531042.00, 31531042.00, 5597.51, 4206.06, 5.42%
Test - Best epoch, Loss, MSE, RMSE, MAE, MAPE: 19, 88218152.00, 88218152.00, 9051.67, 6696.73, 8.09%
- Epoch 020, ExpID 33921
Train - Loss: 16978283.20
Val - Loss, MSE, RMSE, MAE, MAPE: 31436980.00, 31436979.00, 5590.95, 4189.78, 5.40%
Test - Best epoch, Loss, MSE, RMSE, MAE, MAPE: 20, 85871680.00, 85871676.00, 8943.14, 6601.32, 7.98%
- Epoch 021, ExpID 33921
Train - Loss: 16772110.70
Val - Loss, MSE, RMSE, MAE, MAPE: 31342652.00, 31342653.00, 5582.32, 4190.43, 5.40%
Test - Best epoch, Loss, MSE, RMSE, MAE, MAPE: 21, 87384488.00, 87384486.00, 9011.21, 6676.44, 8.06%
- Epoch 022, ExpID 33921
Train - Loss: 16658064.25
Val - Loss, MSE, RMSE, MAE, MAPE: 31155756.00, 31155757.00, 5565.26, 4192.28, 5.39%
Test - Best epoch, Loss, MSE, RMSE, MAE, MAPE: 22, 87173960.00, 87173960.00, 9001.64, 6701.12, 8.07%
- Epoch 023, ExpID 33921
Train - Loss: 16537075.35
Val - Loss, MSE, RMSE, MAE, MAPE: 31258132.00, 31258132.00, 5577.51, 4182.73, 5.40%
Test - Best epoch, Loss, MSE, RMSE, MAE, MAPE: 22, 87173960.00, 87173960.00, 9001.64, 6701.12, 8.07%
- Epoch 024, ExpID 33921
Train - Loss: 16454179.90
Val - Loss, MSE, RMSE, MAE, MAPE: 31170982.00, 31170982.00, 5569.48, 4188.35, 5.41%
Test - Best epoch, Loss, MSE, RMSE, MAE, MAPE: 22, 87173960.00, 87173960.00, 9001.64, 6701.12, 8.07%
- Epoch 025, ExpID 33921
Train - Loss: 16255087.25
Val - Loss, MSE, RMSE, MAE, MAPE: 31061212.00, 31061211.00, 5558.37, 4194.38, 5.38%
Test - Best epoch, Loss, MSE, RMSE, MAE, MAPE: 25, 87741632.00, 87741630.00, 9027.96, 6774.23, 8.14%
- Epoch 026, ExpID 33921
Train - Loss: 16136592.50
Val - Loss, MSE, RMSE, MAE, MAPE: 30970100.00, 30970101.00, 5552.06, 4184.35, 5.38%
Test - Best epoch, Loss, MSE, RMSE, MAE, MAPE: 26, 86867488.00, 86867490.00, 8987.54, 6689.74, 8.05%
- Epoch 027, ExpID 33921
Train - Loss: 15972380.20
Val - Loss, MSE, RMSE, MAE, MAPE: 30895282.00, 30895282.00, 5545.80, 4166.24, 5.37%
Test - Best epoch, Loss, MSE, RMSE, MAE, MAPE: 27, 84994144.00, 84994144.00, 8899.48, 6608.02, 7.97%
- Epoch 028, ExpID 33921
Train - Loss: 15868857.10
Val - Loss, MSE, RMSE, MAE, MAPE: 31483044.00, 31483045.00, 5603.09, 4172.23, 5.41%
Test - Best epoch, Loss, MSE, RMSE, MAE, MAPE: 27, 84994144.00, 84994144.00, 8899.48, 6608.02, 7.97%
- Epoch 029, ExpID 33921
Train - Loss: 15784019.90
Val - Loss, MSE, RMSE, MAE, MAPE: 30841288.00, 30841288.00, 5542.39, 4169.88, 5.37%
Test - Best epoch, Loss, MSE, RMSE, MAE, MAPE: 29, 84081720.00, 84081722.00, 8855.37, 6579.87, 7.93%
- Epoch 030, ExpID 33921
Train - Loss: 15634985.15
Val - Loss, MSE, RMSE, MAE, MAPE: 30786712.00, 30786712.00, 5537.02, 4163.81, 5.35%
Test - Best epoch, Loss, MSE, RMSE, MAE, MAPE: 30, 86068864.00, 86068862.00, 8951.23, 6712.30, 8.06%
- Epoch 031, ExpID 33921
Train - Loss: 15521466.30
Val - Loss, MSE, RMSE, MAE, MAPE: 30798672.00, 30798672.00, 5538.54, 4198.21, 5.42%
Test - Best epoch, Loss, MSE, RMSE, MAE, MAPE: 30, 86068864.00, 86068862.00, 8951.23, 6712.30, 8.06%
- Epoch 032, ExpID 33921
Train - Loss: 15325338.85
Val - Loss, MSE, RMSE, MAE, MAPE: 30645356.00, 30645357.00, 5526.10, 4168.00, 5.37%
Test - Best epoch, Loss, MSE, RMSE, MAE, MAPE: 32, 83920528.00, 83920526.00, 8847.34, 6579.50, 7.92%
- Epoch 033, ExpID 33921
Train - Loss: 15213345.95
Val - Loss, MSE, RMSE, MAE, MAPE: 30702160.00, 30702161.00, 5531.80, 4184.29, 5.39%
Test - Best epoch, Loss, MSE, RMSE, MAE, MAPE: 32, 83920528.00, 83920526.00, 8847.34, 6579.50, 7.92%
- Epoch 034, ExpID 33921
Train - Loss: 15060443.55
Val - Loss, MSE, RMSE, MAE, MAPE: 30512436.00, 30512435.00, 5514.85, 4151.33, 5.34%
Test - Best epoch, Loss, MSE, RMSE, MAE, MAPE: 34, 83010712.00, 83010710.00, 8804.87, 6578.21, 7.90%
- Epoch 035, ExpID 33921
Train - Loss: 14983882.40
Val - Loss, MSE, RMSE, MAE, MAPE: 30588604.00, 30588604.00, 5522.80, 4152.47, 5.35%
Test - Best epoch, Loss, MSE, RMSE, MAE, MAPE: 34, 83010712.00, 83010710.00, 8804.87, 6578.21, 7.90%
- Epoch 036, ExpID 33921
Train - Loss: 14814447.80
Val - Loss, MSE, RMSE, MAE, MAPE: 30553482.00, 30553482.00, 5519.51, 4169.23, 5.38%
Test - Best epoch, Loss, MSE, RMSE, MAE, MAPE: 34, 83010712.00, 83010710.00, 8804.87, 6578.21, 7.90%
- Epoch 037, ExpID 33921
Train - Loss: 14635373.05
Val - Loss, MSE, RMSE, MAE, MAPE: 30555556.00, 30555556.00, 5519.94, 4174.71, 5.37%
Test - Best epoch, Loss, MSE, RMSE, MAE, MAPE: 34, 83010712.00, 83010710.00, 8804.87, 6578.21, 7.90%
- Epoch 038, ExpID 33921
Train - Loss: 14601178.25
Val - Loss, MSE, RMSE, MAE, MAPE: 30470888.00, 30470888.00, 5513.62, 4153.54, 5.36%
Test - Best epoch, Loss, MSE, RMSE, MAE, MAPE: 38, 81231968.00, 81231964.00, 8719.71, 6494.61, 7.82%
- Epoch 039, ExpID 33921
Train - Loss: 14413515.05
Val - Loss, MSE, RMSE, MAE, MAPE: 30550612.00, 30550611.00, 5521.42, 4154.30, 5.35%
Test - Best epoch, Loss, MSE, RMSE, MAE, MAPE: 38, 81231968.00, 81231964.00, 8719.71, 6494.61, 7.82%
- Epoch 040, ExpID 33921
Train - Loss: 14288991.60
Val - Loss, MSE, RMSE, MAE, MAPE: 30580470.00, 30580470.00, 5523.92, 4165.71, 5.35%
Test - Best epoch, Loss, MSE, RMSE, MAE, MAPE: 38, 81231968.00, 81231964.00, 8719.71, 6494.61, 7.82%
- Epoch 041, ExpID 33921
Train - Loss: 14184379.15
Val - Loss, MSE, RMSE, MAE, MAPE: 30332926.00, 30332926.00, 5501.73, 4151.14, 5.35%
Test - Best epoch, Loss, MSE, RMSE, MAE, MAPE: 41, 80688144.00, 80688146.00, 8693.50, 6487.99, 7.80%
- Epoch 042, ExpID 33921
Train - Loss: 14055812.10
Val - Loss, MSE, RMSE, MAE, MAPE: 30382972.00, 30382973.00, 5506.78, 4152.30, 5.35%
Test - Best epoch, Loss, MSE, RMSE, MAE, MAPE: 41, 80688144.00, 80688146.00, 8693.50, 6487.99, 7.80%
- Epoch 043, ExpID 33921
Train - Loss: 13920696.20
Val - Loss, MSE, RMSE, MAE, MAPE: 30627436.00, 30627436.00, 5529.88, 4159.02, 5.38%
Test - Best epoch, Loss, MSE, RMSE, MAE, MAPE: 41, 80688144.00, 80688146.00, 8693.50, 6487.99, 7.80%
- Epoch 044, ExpID 33921
Train - Loss: 13770473.70
Val - Loss, MSE, RMSE, MAE, MAPE: 30745756.00, 30745757.00, 5540.43, 4195.99, 5.38%
Test - Best epoch, Loss, MSE, RMSE, MAE, MAPE: 41, 80688144.00, 80688146.00, 8693.50, 6487.99, 7.80%
- Epoch 045, ExpID 33921
Train - Loss: 13690181.80
Val - Loss, MSE, RMSE, MAE, MAPE: 30363316.00, 30363315.00, 5505.63, 4161.83, 5.36%
Test - Best epoch, Loss, MSE, RMSE, MAE, MAPE: 41, 80688144.00, 80688146.00, 8693.50, 6487.99, 7.80%
- Epoch 046, ExpID 33921
Train - Loss: 13546616.30
Val - Loss, MSE, RMSE, MAE, MAPE: 30340856.00, 30340856.00, 5503.88, 4146.09, 5.36%
Test - Best epoch, Loss, MSE, RMSE, MAE, MAPE: 41, 80688144.00, 80688146.00, 8693.50, 6487.99, 7.80%
- Epoch 047, ExpID 33921
Train - Loss: 13376554.65
Val - Loss, MSE, RMSE, MAE, MAPE: 30695698.00, 30695698.00, 5535.80, 4183.56, 5.37%
Test - Best epoch, Loss, MSE, RMSE, MAE, MAPE: 41, 80688144.00, 80688146.00, 8693.50, 6487.99, 7.80%
- Epoch 048, ExpID 33921
Train - Loss: 13386741.95
Val - Loss, MSE, RMSE, MAE, MAPE: 30497440.00, 30497441.00, 5519.42, 4153.51, 5.35%
Test - Best epoch, Loss, MSE, RMSE, MAE, MAPE: 41, 80688144.00, 80688146.00, 8693.50, 6487.99, 7.80%
- Epoch 049, ExpID 33921
Train - Loss: 13169129.95
Val - Loss, MSE, RMSE, MAE, MAPE: 30299128.00, 30299127.00, 5501.05, 4150.85, 5.36%
Test - Best epoch, Loss, MSE, RMSE, MAE, MAPE: 49, 78903648.00, 78903646.00, 8606.78, 6429.64, 7.72%
- Epoch 050, ExpID 33921
Train - Loss: 13041762.60
Val - Loss, MSE, RMSE, MAE, MAPE: 30361188.00, 30361187.00, 5507.10, 4142.88, 5.34%
Test - Best epoch, Loss, MSE, RMSE, MAE, MAPE: 49, 78903648.00, 78903646.00, 8606.78, 6429.64, 7.72%
- Epoch 051, ExpID 33921
Train - Loss: 12885350.55
Val - Loss, MSE, RMSE, MAE, MAPE: 30212488.00, 30212487.00, 5492.72, 4143.51, 5.34%
Test - Best epoch, Loss, MSE, RMSE, MAE, MAPE: 51, 79592416.00, 79592414.00, 8641.27, 6447.97, 7.75%
- Epoch 052, ExpID 33921
Train - Loss: 12830454.90
Val - Loss, MSE, RMSE, MAE, MAPE: 30415312.00, 30415312.00, 5512.41, 4154.52, 5.35%
Test - Best epoch, Loss, MSE, RMSE, MAE, MAPE: 51, 79592416.00, 79592414.00, 8641.27, 6447.97, 7.75%
- Epoch 053, ExpID 33921
Train - Loss: 12673284.05
Val - Loss, MSE, RMSE, MAE, MAPE: 30197092.00, 30197092.00, 5492.17, 4132.81, 5.33%
Test - Best epoch, Loss, MSE, RMSE, MAE, MAPE: 53, 78662872.00, 78662874.00, 8595.47, 6425.33, 7.72%
- Epoch 054, ExpID 33921
Train - Loss: 12530041.50
Val - Loss, MSE, RMSE, MAE, MAPE: 30351204.00, 30351203.00, 5506.07, 4154.71, 5.35%
Test - Best epoch, Loss, MSE, RMSE, MAE, MAPE: 53, 78662872.00, 78662874.00, 8595.47, 6425.33, 7.72%
- Epoch 055, ExpID 33921
Train - Loss: 12463268.60
Val - Loss, MSE, RMSE, MAE, MAPE: 30562230.00, 30562230.00, 5526.28, 4164.15, 5.37%
Test - Best epoch, Loss, MSE, RMSE, MAE, MAPE: 53, 78662872.00, 78662874.00, 8595.47, 6425.33, 7.72%
- Epoch 056, ExpID 33921
Train - Loss: 12352276.50
Val - Loss, MSE, RMSE, MAE, MAPE: 30237076.00, 30237075.00, 5495.47, 4137.40, 5.36%
Test - Best epoch, Loss, MSE, RMSE, MAE, MAPE: 53, 78662872.00, 78662874.00, 8595.47, 6425.33, 7.72%
- Epoch 057, ExpID 33921
Train - Loss: 12253831.10
Val - Loss, MSE, RMSE, MAE, MAPE: 30383852.00, 30383851.00, 5509.34, 4145.56, 5.36%
Test - Best epoch, Loss, MSE, RMSE, MAE, MAPE: 53, 78662872.00, 78662874.00, 8595.47, 6425.33, 7.72%
- Epoch 058, ExpID 33921
Train - Loss: 12094686.60
Val - Loss, MSE, RMSE, MAE, MAPE: 30340380.00, 30340380.00, 5505.32, 4154.81, 5.38%
Test - Best epoch, Loss, MSE, RMSE, MAE, MAPE: 53, 78662872.00, 78662874.00, 8595.47, 6425.33, 7.72%
- Epoch 059, ExpID 33921
Train - Loss: 12047756.50
Val - Loss, MSE, RMSE, MAE, MAPE: 30526640.00, 30526639.00, 5521.44, 4164.49, 5.39%
Test - Best epoch, Loss, MSE, RMSE, MAE, MAPE: 53, 78662872.00, 78662874.00, 8595.47, 6425.33, 7.72%
- Epoch 060, ExpID 33921
Train - Loss: 11945487.90
Val - Loss, MSE, RMSE, MAE, MAPE: 30218714.00, 30218714.00, 5494.45, 4163.26, 5.37%
Test - Best epoch, Loss, MSE, RMSE, MAE, MAPE: 53, 78662872.00, 78662874.00, 8595.47, 6425.33, 7.72%
- Epoch 061, ExpID 33921
Train - Loss: 11860838.25
Val - Loss, MSE, RMSE, MAE, MAPE: 30430072.00, 30430071.00, 5514.29, 4140.71, 5.34%
Test - Best epoch, Loss, MSE, RMSE, MAE, MAPE: 53, 78662872.00, 78662874.00, 8595.47, 6425.33, 7.72%
- Epoch 062, ExpID 33921
Train - Loss: 11702910.25
Val - Loss, MSE, RMSE, MAE, MAPE: 30435328.00, 30435327.00, 5514.18, 4155.05, 5.38%
Test - Best epoch, Loss, MSE, RMSE, MAE, MAPE: 53, 78662872.00, 78662874.00, 8595.47, 6425.33, 7.72%
- Epoch 063, ExpID 33921
Train - Loss: 11577825.85
Val - Loss, MSE, RMSE, MAE, MAPE: 30482072.00, 30482071.00, 5518.14, 4151.49, 5.37%
Test - Best epoch, Loss, MSE, RMSE, MAE, MAPE: 53, 78662872.00, 78662874.00, 8595.47, 6425.33, 7.72%
Early Stopping at Epoch 63
Fold 2017 Best RMSE: 8595.4724

-------------------- [Fold: 2018] ExpID: 60859 --------------------
- Epoch 000, ExpID 60859
Train - Loss: 36148110.09
Val - Loss, MSE, RMSE, MAE, MAPE: 120683840.00, 120683844.00, 10656.61, 7647.36, 9.36%
Test - Best epoch, Loss, MSE, RMSE, MAE, MAPE: 0, 86369104.00, 86369104.00, 9258.22, 7090.42, 7.71%
- Epoch 001, ExpID 60859
Train - Loss: 32494601.36
Val - Loss, MSE, RMSE, MAE, MAPE: 112940656.00, 112940658.00, 10297.11, 7317.32, 8.96%
Test - Best epoch, Loss, MSE, RMSE, MAE, MAPE: 1, 78533328.00, 78533328.00, 8829.61, 6706.02, 7.30%
- Epoch 002, ExpID 60859
Train - Loss: 29890355.64
Val - Loss, MSE, RMSE, MAE, MAPE: 103692776.00, 103692778.00, 9853.72, 6916.34, 8.46%
Test - Best epoch, Loss, MSE, RMSE, MAE, MAPE: 2, 69138368.00, 69138364.00, 8287.51, 6217.14, 6.77%
- Epoch 003, ExpID 60859
Train - Loss: 26923001.36
Val - Loss, MSE, RMSE, MAE, MAPE: 94999944.00, 94999942.00, 9426.74, 6543.23, 8.01%
Test - Best epoch, Loss, MSE, RMSE, MAE, MAPE: 3, 59978592.00, 59978590.00, 7724.54, 5725.40, 6.24%
- Epoch 004, ExpID 60859
Train - Loss: 24660462.09
Val - Loss, MSE, RMSE, MAE, MAPE: 90497200.00, 90497204.00, 9197.99, 6455.27, 7.86%
Test - Best epoch, Loss, MSE, RMSE, MAE, MAPE: 4, 53957440.00, 53957442.00, 7332.40, 5420.45, 5.90%
- Epoch 005, ExpID 60859
Train - Loss: 23200729.64
Val - Loss, MSE, RMSE, MAE, MAPE: 89538952.00, 89538954.00, 9140.16, 6480.47, 7.88%
Test - Best epoch, Loss, MSE, RMSE, MAE, MAPE: 5, 50910728.00, 50910726.00, 7124.70, 5279.46, 5.73%
- Epoch 006, ExpID 60859
Train - Loss: 22036625.18
Val - Loss, MSE, RMSE, MAE, MAPE: 88626752.00, 88626750.00, 9091.29, 6471.81, 7.87%
Test - Best epoch, Loss, MSE, RMSE, MAE, MAPE: 6, 49031164.00, 49031164.00, 6992.92, 5197.71, 5.64%
- Epoch 007, ExpID 60859
Train - Loss: 21662005.64
Val - Loss, MSE, RMSE, MAE, MAPE: 89203040.00, 89203040.00, 9112.55, 6619.81, 8.02%
Test - Best epoch, Loss, MSE, RMSE, MAE, MAPE: 6, 49031164.00, 49031164.00, 6992.92, 5197.71, 5.64%
- Epoch 008, ExpID 60859
Train - Loss: 20725349.14
Val - Loss, MSE, RMSE, MAE, MAPE: 87467136.00, 87467134.00, 9035.35, 6527.34, 7.93%
Test - Best epoch, Loss, MSE, RMSE, MAE, MAPE: 8, 46425520.00, 46425518.00, 6805.06, 5081.72, 5.53%
- Epoch 009, ExpID 60859
Train - Loss: 20643225.36
Val - Loss, MSE, RMSE, MAE, MAPE: 87495904.00, 87495904.00, 9036.07, 6531.67, 7.94%
Test - Best epoch, Loss, MSE, RMSE, MAE, MAPE: 8, 46425520.00, 46425518.00, 6805.06, 5081.72, 5.53%
- Epoch 010, ExpID 60859
Train - Loss: 20223942.91
Val - Loss, MSE, RMSE, MAE, MAPE: 87464176.00, 87464174.00, 9025.79, 6572.98, 7.98%
Test - Best epoch, Loss, MSE, RMSE, MAE, MAPE: 10, 45088424.00, 45088426.00, 6706.67, 5021.01, 5.46%
- Epoch 011, ExpID 60859
Train - Loss: 19995222.64
Val - Loss, MSE, RMSE, MAE, MAPE: 87269800.00, 87269798.00, 9015.63, 6601.05, 8.01%
Test - Best epoch, Loss, MSE, RMSE, MAE, MAPE: 11, 44315556.00, 44315556.00, 6648.38, 4980.22, 5.42%
- Epoch 012, ExpID 60859
Train - Loss: 19254783.00
Val - Loss, MSE, RMSE, MAE, MAPE: 89068312.00, 89068310.00, 9093.43, 6702.01, 8.12%
Test - Best epoch, Loss, MSE, RMSE, MAE, MAPE: 11, 44315556.00, 44315556.00, 6648.38, 4980.22, 5.42%
- Epoch 013, ExpID 60859
Train - Loss: 19227519.91
Val - Loss, MSE, RMSE, MAE, MAPE: 86758712.00, 86758712.00, 8986.16, 6569.24, 7.98%
Test - Best epoch, Loss, MSE, RMSE, MAE, MAPE: 13, 43633536.00, 43633538.00, 6597.60, 4954.68, 5.40%
- Epoch 014, ExpID 60859
Train - Loss: 19360581.59
Val - Loss, MSE, RMSE, MAE, MAPE: 86519264.00, 86519264.00, 8977.39, 6571.87, 7.98%
Test - Best epoch, Loss, MSE, RMSE, MAE, MAPE: 14, 43260916.00, 43260916.00, 6570.45, 4951.59, 5.40%
- Epoch 015, ExpID 60859
Train - Loss: 18992431.50
Val - Loss, MSE, RMSE, MAE, MAPE: 87434536.00, 87434536.00, 9009.46, 6691.86, 8.09%
Test - Best epoch, Loss, MSE, RMSE, MAE, MAPE: 14, 43260916.00, 43260916.00, 6570.45, 4951.59, 5.40%
- Epoch 016, ExpID 60859
Train - Loss: 19120046.27
Val - Loss, MSE, RMSE, MAE, MAPE: 86995864.00, 86995864.00, 8992.40, 6677.40, 8.07%
Test - Best epoch, Loss, MSE, RMSE, MAE, MAPE: 14, 43260916.00, 43260916.00, 6570.45, 4951.59, 5.40%
- Epoch 017, ExpID 60859
Train - Loss: 18492598.82
Val - Loss, MSE, RMSE, MAE, MAPE: 87849392.00, 87849388.00, 9026.64, 6746.25, 8.14%
Test - Best epoch, Loss, MSE, RMSE, MAE, MAPE: 14, 43260916.00, 43260916.00, 6570.45, 4951.59, 5.40%
- Epoch 018, ExpID 60859
Train - Loss: 18344387.32
Val - Loss, MSE, RMSE, MAE, MAPE: 89751488.00, 89751488.00, 9113.24, 6875.72, 8.28%
Test - Best epoch, Loss, MSE, RMSE, MAE, MAPE: 14, 43260916.00, 43260916.00, 6570.45, 4951.59, 5.40%
- Epoch 019, ExpID 60859
Train - Loss: 18007707.59
Val - Loss, MSE, RMSE, MAE, MAPE: 87573192.00, 87573192.00, 9010.81, 6734.12, 8.12%
Test - Best epoch, Loss, MSE, RMSE, MAE, MAPE: 14, 43260916.00, 43260916.00, 6570.45, 4951.59, 5.40%
- Epoch 020, ExpID 60859
Train - Loss: 18313394.73
Val - Loss, MSE, RMSE, MAE, MAPE: 85746904.00, 85746902.00, 8924.87, 6625.12, 8.01%
Test - Best epoch, Loss, MSE, RMSE, MAE, MAPE: 20, 42157840.00, 42157840.00, 6483.16, 4904.64, 5.34%
- Epoch 021, ExpID 60859
Train - Loss: 17760410.18
Val - Loss, MSE, RMSE, MAE, MAPE: 86488048.00, 86488050.00, 8958.93, 6670.55, 8.05%
Test - Best epoch, Loss, MSE, RMSE, MAE, MAPE: 20, 42157840.00, 42157840.00, 6483.16, 4904.64, 5.34%
- Epoch 022, ExpID 60859
Train - Loss: 17663099.09
Val - Loss, MSE, RMSE, MAE, MAPE: 85298104.00, 85298104.00, 8904.90, 6591.20, 7.97%
Test - Best epoch, Loss, MSE, RMSE, MAE, MAPE: 22, 41927112.00, 41927110.00, 6467.05, 4912.71, 5.35%
- Epoch 023, ExpID 60859
Train - Loss: 17685795.86
Val - Loss, MSE, RMSE, MAE, MAPE: 87050752.00, 87050750.00, 8980.77, 6737.91, 8.12%
Test - Best epoch, Loss, MSE, RMSE, MAE, MAPE: 22, 41927112.00, 41927110.00, 6467.05, 4912.71, 5.35%
- Epoch 024, ExpID 60859
Train - Loss: 17242507.09
Val - Loss, MSE, RMSE, MAE, MAPE: 86879816.00, 86879814.00, 8972.00, 6705.76, 8.08%
Test - Best epoch, Loss, MSE, RMSE, MAE, MAPE: 22, 41927112.00, 41927110.00, 6467.05, 4912.71, 5.35%
- Epoch 025, ExpID 60859
Train - Loss: 17290197.59
Val - Loss, MSE, RMSE, MAE, MAPE: 85208504.00, 85208506.00, 8894.64, 6604.06, 7.97%
Test - Best epoch, Loss, MSE, RMSE, MAE, MAPE: 25, 41566824.00, 41566824.00, 6439.05, 4896.02, 5.33%
- Epoch 026, ExpID 60859
Train - Loss: 17033981.14
Val - Loss, MSE, RMSE, MAE, MAPE: 85997832.00, 85997830.00, 8927.48, 6712.15, 8.08%
Test - Best epoch, Loss, MSE, RMSE, MAE, MAPE: 25, 41566824.00, 41566824.00, 6439.05, 4896.02, 5.33%
- Epoch 027, ExpID 60859
Train - Loss: 17021006.00
Val - Loss, MSE, RMSE, MAE, MAPE: 85275472.00, 85275472.00, 8898.84, 6639.02, 8.00%
Test - Best epoch, Loss, MSE, RMSE, MAE, MAPE: 25, 41566824.00, 41566824.00, 6439.05, 4896.02, 5.33%
- Epoch 028, ExpID 60859
Train - Loss: 16818387.45
Val - Loss, MSE, RMSE, MAE, MAPE: 85693088.00, 85693090.00, 8912.51, 6709.70, 8.07%
Test - Best epoch, Loss, MSE, RMSE, MAE, MAPE: 25, 41566824.00, 41566824.00, 6439.05, 4896.02, 5.33%
- Epoch 029, ExpID 60859
Train - Loss: 16644995.23
Val - Loss, MSE, RMSE, MAE, MAPE: 84155288.00, 84155286.00, 8841.92, 6584.09, 7.93%
Test - Best epoch, Loss, MSE, RMSE, MAE, MAPE: 29, 41381944.00, 41381944.00, 6422.75, 4891.26, 5.32%
- Epoch 030, ExpID 60859
Train - Loss: 16520724.91
Val - Loss, MSE, RMSE, MAE, MAPE: 86170952.00, 86170954.00, 8930.44, 6742.98, 8.09%
Test - Best epoch, Loss, MSE, RMSE, MAE, MAPE: 29, 41381944.00, 41381944.00, 6422.75, 4891.26, 5.32%
- Epoch 031, ExpID 60859
Train - Loss: 16451030.91
Val - Loss, MSE, RMSE, MAE, MAPE: 83621024.00, 83621028.00, 8814.83, 6525.88, 7.87%
Test - Best epoch, Loss, MSE, RMSE, MAE, MAPE: 31, 41256676.00, 41256676.00, 6413.78, 4880.48, 5.31%
- Epoch 032, ExpID 60859
Train - Loss: 16373962.86
Val - Loss, MSE, RMSE, MAE, MAPE: 81786104.00, 81786104.00, 8728.47, 6466.57, 7.81%
Test - Best epoch, Loss, MSE, RMSE, MAE, MAPE: 32, 41277968.00, 41277966.00, 6414.89, 4890.11, 5.33%
- Epoch 033, ExpID 60859
Train - Loss: 16065019.36
Val - Loss, MSE, RMSE, MAE, MAPE: 84647424.00, 84647424.00, 8860.52, 6633.86, 7.98%
Test - Best epoch, Loss, MSE, RMSE, MAE, MAPE: 32, 41277968.00, 41277966.00, 6414.89, 4890.11, 5.33%
- Epoch 034, ExpID 60859
Train - Loss: 15838857.50
Val - Loss, MSE, RMSE, MAE, MAPE: 83415864.00, 83415862.00, 8803.72, 6562.98, 7.90%
Test - Best epoch, Loss, MSE, RMSE, MAE, MAPE: 32, 41277968.00, 41277966.00, 6414.89, 4890.11, 5.33%
- Epoch 035, ExpID 60859
Train - Loss: 15866661.64
Val - Loss, MSE, RMSE, MAE, MAPE: 80577016.00, 80577014.00, 8664.22, 6438.19, 7.76%
Test - Best epoch, Loss, MSE, RMSE, MAE, MAPE: 35, 40868088.00, 40868086.00, 6382.55, 4867.66, 5.30%
- Epoch 036, ExpID 60859
Train - Loss: 15852433.82
Val - Loss, MSE, RMSE, MAE, MAPE: 83941736.00, 83941738.00, 8822.50, 6602.87, 7.94%
Test - Best epoch, Loss, MSE, RMSE, MAE, MAPE: 35, 40868088.00, 40868086.00, 6382.55, 4867.66, 5.30%
- Epoch 037, ExpID 60859
Train - Loss: 15717662.86
Val - Loss, MSE, RMSE, MAE, MAPE: 81072112.00, 81072116.00, 8686.66, 6438.76, 7.77%
Test - Best epoch, Loss, MSE, RMSE, MAE, MAPE: 35, 40868088.00, 40868086.00, 6382.55, 4867.66, 5.30%
- Epoch 038, ExpID 60859
Train - Loss: 15504803.27
Val - Loss, MSE, RMSE, MAE, MAPE: 81283064.00, 81283066.00, 8697.96, 6480.55, 7.81%
Test - Best epoch, Loss, MSE, RMSE, MAE, MAPE: 35, 40868088.00, 40868086.00, 6382.55, 4867.66, 5.30%
- Epoch 039, ExpID 60859
Train - Loss: 15218671.77
Val - Loss, MSE, RMSE, MAE, MAPE: 79487488.00, 79487492.00, 8609.34, 6393.49, 7.72%
Test - Best epoch, Loss, MSE, RMSE, MAE, MAPE: 39, 41084532.00, 41084532.00, 6397.68, 4861.81, 5.30%
- Epoch 040, ExpID 60859
Train - Loss: 15150391.64
Val - Loss, MSE, RMSE, MAE, MAPE: 82798088.00, 82798088.00, 8770.16, 6624.21, 7.94%
Test - Best epoch, Loss, MSE, RMSE, MAE, MAPE: 39, 41084532.00, 41084532.00, 6397.68, 4861.81, 5.30%
- Epoch 041, ExpID 60859
Train - Loss: 15000423.41
Val - Loss, MSE, RMSE, MAE, MAPE: 79666568.00, 79666568.00, 8611.37, 6411.57, 7.71%
Test - Best epoch, Loss, MSE, RMSE, MAE, MAPE: 39, 41084532.00, 41084532.00, 6397.68, 4861.81, 5.30%
- Epoch 042, ExpID 60859
Train - Loss: 14799945.77
Val - Loss, MSE, RMSE, MAE, MAPE: 81806384.00, 81806384.00, 8716.42, 6569.13, 7.89%
Test - Best epoch, Loss, MSE, RMSE, MAE, MAPE: 39, 41084532.00, 41084532.00, 6397.68, 4861.81, 5.30%
- Epoch 043, ExpID 60859
Train - Loss: 14645370.73
Val - Loss, MSE, RMSE, MAE, MAPE: 78202800.00, 78202798.00, 8551.48, 6332.43, 7.65%
Test - Best epoch, Loss, MSE, RMSE, MAE, MAPE: 43, 41011784.00, 41011786.00, 6394.40, 4880.94, 5.32%
- Epoch 044, ExpID 60859
Train - Loss: 14397629.41
Val - Loss, MSE, RMSE, MAE, MAPE: 81725856.00, 81725852.00, 8713.01, 6574.36, 7.88%
Test - Best epoch, Loss, MSE, RMSE, MAE, MAPE: 43, 41011784.00, 41011786.00, 6394.40, 4880.94, 5.32%
- Epoch 045, ExpID 60859
Train - Loss: 14410799.45
Val - Loss, MSE, RMSE, MAE, MAPE: 79757040.00, 79757036.00, 8621.72, 6410.87, 7.71%
Test - Best epoch, Loss, MSE, RMSE, MAE, MAPE: 43, 41011784.00, 41011786.00, 6394.40, 4880.94, 5.32%
- Epoch 046, ExpID 60859
Train - Loss: 14104288.27
Val - Loss, MSE, RMSE, MAE, MAPE: 79909800.00, 79909800.00, 8623.41, 6440.16, 7.74%
Test - Best epoch, Loss, MSE, RMSE, MAE, MAPE: 43, 41011784.00, 41011786.00, 6394.40, 4880.94, 5.32%
- Epoch 047, ExpID 60859
Train - Loss: 14183046.18
Val - Loss, MSE, RMSE, MAE, MAPE: 79770912.00, 79770908.00, 8618.09, 6429.82, 7.74%
Test - Best epoch, Loss, MSE, RMSE, MAE, MAPE: 43, 41011784.00, 41011786.00, 6394.40, 4880.94, 5.32%
- Epoch 048, ExpID 60859
Train - Loss: 13950587.73
Val - Loss, MSE, RMSE, MAE, MAPE: 81604024.00, 81604024.00, 8702.96, 6542.44, 7.85%
Test - Best epoch, Loss, MSE, RMSE, MAE, MAPE: 43, 41011784.00, 41011786.00, 6394.40, 4880.94, 5.32%
- Epoch 049, ExpID 60859
Train - Loss: 13857441.64
Val - Loss, MSE, RMSE, MAE, MAPE: 78778144.00, 78778148.00, 8569.87, 6388.09, 7.69%
Test - Best epoch, Loss, MSE, RMSE, MAE, MAPE: 43, 41011784.00, 41011786.00, 6394.40, 4880.94, 5.32%
- Epoch 050, ExpID 60859
Train - Loss: 13643765.64
Val - Loss, MSE, RMSE, MAE, MAPE: 79646584.00, 79646582.00, 8604.98, 6462.26, 7.75%
Test - Best epoch, Loss, MSE, RMSE, MAE, MAPE: 43, 41011784.00, 41011786.00, 6394.40, 4880.94, 5.32%
- Epoch 051, ExpID 60859
Train - Loss: 13636013.77
Val - Loss, MSE, RMSE, MAE, MAPE: 81865224.00, 81865224.00, 8720.22, 6547.63, 7.86%
Test - Best epoch, Loss, MSE, RMSE, MAE, MAPE: 43, 41011784.00, 41011786.00, 6394.40, 4880.94, 5.32%
- Epoch 052, ExpID 60859
Train - Loss: 13473977.36
Val - Loss, MSE, RMSE, MAE, MAPE: 79058168.00, 79058170.00, 8593.71, 6371.38, 7.68%
Test - Best epoch, Loss, MSE, RMSE, MAE, MAPE: 43, 41011784.00, 41011786.00, 6394.40, 4880.94, 5.32%
- Epoch 053, ExpID 60859
Train - Loss: 13535997.77
Val - Loss, MSE, RMSE, MAE, MAPE: 78256400.00, 78256404.00, 8543.27, 6356.11, 7.65%
Test - Best epoch, Loss, MSE, RMSE, MAE, MAPE: 43, 41011784.00, 41011786.00, 6394.40, 4880.94, 5.32%
Early Stopping at Epoch 53
Fold 2018 Best RMSE: 6394.4048

-------------------- [Fold: 2019] ExpID: 65245 --------------------
- Epoch 000, ExpID 65245
Train - Loss: 38966673.22
Val - Loss, MSE, RMSE, MAE, MAPE: 85937072.00, 85937072.00, 9233.02, 7055.40, 7.68%
Test - Best epoch, Loss, MSE, RMSE, MAE, MAPE: 0, 78029176.00, 78029178.00, 8794.73, 6825.72, 7.19%
- Epoch 001, ExpID 65245
Train - Loss: 35984737.91
Val - Loss, MSE, RMSE, MAE, MAPE: 77418168.00, 77418168.00, 8764.36, 6637.81, 7.23%
Test - Best epoch, Loss, MSE, RMSE, MAE, MAPE: 1, 70703896.00, 70703898.00, 8367.60, 6475.01, 6.82%
- Epoch 002, ExpID 65245
Train - Loss: 32896021.91
Val - Loss, MSE, RMSE, MAE, MAPE: 67102168.00, 67102168.00, 8163.61, 6098.24, 6.65%
Test - Best epoch, Loss, MSE, RMSE, MAE, MAPE: 2, 61984680.00, 61984682.00, 7824.48, 6015.78, 6.34%
- Epoch 003, ExpID 65245
Train - Loss: 29381724.70
Val - Loss, MSE, RMSE, MAE, MAPE: 57304848.00, 57304846.00, 7552.02, 5584.84, 6.09%
Test - Best epoch, Loss, MSE, RMSE, MAE, MAPE: 3, 54138944.00, 54138946.00, 7296.25, 5569.54, 5.87%
- Epoch 004, ExpID 65245
Train - Loss: 26997275.57
Val - Loss, MSE, RMSE, MAE, MAPE: 51499892.00, 51499892.00, 7165.51, 5305.02, 5.77%
Test - Best epoch, Loss, MSE, RMSE, MAE, MAPE: 4, 49897128.00, 49897130.00, 7001.14, 5322.82, 5.59%
- Epoch 005, ExpID 65245
Train - Loss: 25459205.22
Val - Loss, MSE, RMSE, MAE, MAPE: 48946304.00, 48946304.00, 6986.82, 5170.42, 5.61%
Test - Best epoch, Loss, MSE, RMSE, MAE, MAPE: 5, 47488880.00, 47488880.00, 6826.70, 5183.87, 5.43%
- Epoch 006, ExpID 65245
Train - Loss: 24561803.83
Val - Loss, MSE, RMSE, MAE, MAPE: 47062284.00, 47062284.00, 6852.59, 5088.23, 5.53%
Test - Best epoch, Loss, MSE, RMSE, MAE, MAPE: 6, 45639032.00, 45639033.00, 6681.63, 5067.28, 5.32%
- Epoch 007, ExpID 65245
Train - Loss: 23770991.74
Val - Loss, MSE, RMSE, MAE, MAPE: 45692096.00, 45692098.00, 6752.17, 5020.14, 5.46%
Test - Best epoch, Loss, MSE, RMSE, MAE, MAPE: 7, 44223296.00, 44223296.00, 6561.47, 4984.93, 5.24%
- Epoch 008, ExpID 65245
Train - Loss: 23215116.52
Val - Loss, MSE, RMSE, MAE, MAPE: 44786956.00, 44786956.00, 6684.74, 4983.11, 5.41%
Test - Best epoch, Loss, MSE, RMSE, MAE, MAPE: 8, 43343140.00, 43343139.00, 6499.67, 4939.70, 5.18%
- Epoch 009, ExpID 65245
Train - Loss: 22807350.00
Val - Loss, MSE, RMSE, MAE, MAPE: 43745524.00, 43745524.00, 6606.15, 4928.75, 5.36%
Test - Best epoch, Loss, MSE, RMSE, MAE, MAPE: 9, 42427848.00, 42427850.00, 6419.27, 4879.63, 5.12%
- Epoch 010, ExpID 65245
Train - Loss: 22395841.22
Val - Loss, MSE, RMSE, MAE, MAPE: 43416120.00, 43416122.00, 6582.09, 4928.39, 5.37%
Test - Best epoch, Loss, MSE, RMSE, MAE, MAPE: 10, 41985288.00, 41985286.00, 6373.26, 4849.03, 5.10%
- Epoch 011, ExpID 65245
Train - Loss: 22056394.35
Val - Loss, MSE, RMSE, MAE, MAPE: 42522992.00, 42522992.00, 6512.99, 4872.10, 5.29%
Test - Best epoch, Loss, MSE, RMSE, MAE, MAPE: 11, 41373088.00, 41373089.00, 6335.83, 4827.56, 5.06%
- Epoch 012, ExpID 65245
Train - Loss: 21698021.04
Val - Loss, MSE, RMSE, MAE, MAPE: 42265460.00, 42265460.00, 6493.46, 4867.20, 5.31%
Test - Best epoch, Loss, MSE, RMSE, MAE, MAPE: 12, 40973268.00, 40973269.00, 6286.58, 4790.68, 5.04%
- Epoch 013, ExpID 65245
Train - Loss: 21437531.52
Val - Loss, MSE, RMSE, MAE, MAPE: 41984036.00, 41984036.00, 6471.05, 4861.12, 5.29%
Test - Best epoch, Loss, MSE, RMSE, MAE, MAPE: 13, 40773904.00, 40773904.00, 6276.38, 4794.98, 5.04%
- Epoch 014, ExpID 65245
Train - Loss: 21158962.17
Val - Loss, MSE, RMSE, MAE, MAPE: 41524048.00, 41524048.00, 6435.28, 4831.57, 5.27%
Test - Best epoch, Loss, MSE, RMSE, MAE, MAPE: 14, 40353992.00, 40353994.00, 6237.20, 4762.77, 5.01%
- Epoch 015, ExpID 65245
Train - Loss: 20837044.00
Val - Loss, MSE, RMSE, MAE, MAPE: 41145144.00, 41145146.00, 6404.77, 4799.84, 5.23%
Test - Best epoch, Loss, MSE, RMSE, MAE, MAPE: 15, 40007816.00, 40007815.00, 6204.38, 4741.42, 4.99%
- Epoch 016, ExpID 65245
Train - Loss: 20676002.96
Val - Loss, MSE, RMSE, MAE, MAPE: 41054376.00, 41054378.00, 6398.14, 4815.08, 5.25%
Test - Best epoch, Loss, MSE, RMSE, MAE, MAPE: 16, 39980060.00, 39980061.00, 6204.00, 4746.60, 4.99%
- Epoch 017, ExpID 65245
Train - Loss: 20514208.17
Val - Loss, MSE, RMSE, MAE, MAPE: 40864608.00, 40864610.00, 6383.20, 4798.69, 5.23%
Test - Best epoch, Loss, MSE, RMSE, MAE, MAPE: 17, 39762204.00, 39762205.00, 6189.94, 4729.38, 4.97%
- Epoch 018, ExpID 65245
Train - Loss: 20156355.57
Val - Loss, MSE, RMSE, MAE, MAPE: 40711496.00, 40711496.00, 6371.27, 4802.05, 5.23%
Test - Best epoch, Loss, MSE, RMSE, MAE, MAPE: 18, 39795616.00, 39795614.00, 6190.34, 4747.99, 5.00%
- Epoch 019, ExpID 65245
Train - Loss: 19954753.39
Val - Loss, MSE, RMSE, MAE, MAPE: 40647852.00, 40647852.00, 6365.82, 4795.15, 5.22%
Test - Best epoch, Loss, MSE, RMSE, MAE, MAPE: 19, 39585364.00, 39585364.00, 6180.60, 4733.58, 4.97%
- Epoch 020, ExpID 65245
Train - Loss: 19741927.83
Val - Loss, MSE, RMSE, MAE, MAPE: 40312440.00, 40312440.00, 6338.31, 4765.53, 5.21%
Test - Best epoch, Loss, MSE, RMSE, MAE, MAPE: 20, 39441064.00, 39441063.00, 6141.75, 4707.29, 4.97%
- Epoch 021, ExpID 65245
Train - Loss: 19566494.57
Val - Loss, MSE, RMSE, MAE, MAPE: 40714312.00, 40714310.00, 6370.30, 4807.72, 5.26%
Test - Best epoch, Loss, MSE, RMSE, MAE, MAPE: 20, 39441064.00, 39441063.00, 6141.75, 4707.29, 4.97%
- Epoch 022, ExpID 65245
Train - Loss: 19304268.96
Val - Loss, MSE, RMSE, MAE, MAPE: 40363320.00, 40363322.00, 6343.34, 4791.95, 5.24%
Test - Best epoch, Loss, MSE, RMSE, MAE, MAPE: 20, 39441064.00, 39441063.00, 6141.75, 4707.29, 4.97%
- Epoch 023, ExpID 65245
Train - Loss: 19156267.04
Val - Loss, MSE, RMSE, MAE, MAPE: 40369664.00, 40369666.00, 6343.62, 4798.18, 5.23%
Test - Best epoch, Loss, MSE, RMSE, MAE, MAPE: 20, 39441064.00, 39441063.00, 6141.75, 4707.29, 4.97%
- Epoch 024, ExpID 65245
Train - Loss: 18953025.96
Val - Loss, MSE, RMSE, MAE, MAPE: 39785340.00, 39785340.00, 6298.35, 4763.08, 5.19%
Test - Best epoch, Loss, MSE, RMSE, MAE, MAPE: 24, 39261152.00, 39261152.00, 6146.49, 4720.78, 4.97%
- Epoch 025, ExpID 65245
Train - Loss: 18753064.35
Val - Loss, MSE, RMSE, MAE, MAPE: 40619592.00, 40619592.00, 6360.38, 4799.26, 5.26%
Test - Best epoch, Loss, MSE, RMSE, MAE, MAPE: 24, 39261152.00, 39261152.00, 6146.49, 4720.78, 4.97%
- Epoch 026, ExpID 65245
Train - Loss: 18655416.00
Val - Loss, MSE, RMSE, MAE, MAPE: 39475944.00, 39475944.00, 6271.63, 4734.28, 5.16%
Test - Best epoch, Loss, MSE, RMSE, MAE, MAPE: 26, 38710540.00, 38710541.00, 6096.26, 4690.92, 4.93%
- Epoch 027, ExpID 65245
Train - Loss: 18523432.39
Val - Loss, MSE, RMSE, MAE, MAPE: 39503200.00, 39503200.00, 6272.76, 4721.14, 5.14%
Test - Best epoch, Loss, MSE, RMSE, MAE, MAPE: 26, 38710540.00, 38710541.00, 6096.26, 4690.92, 4.93%
- Epoch 028, ExpID 65245
Train - Loss: 18220369.96
Val - Loss, MSE, RMSE, MAE, MAPE: 39803832.00, 39803832.00, 6295.72, 4741.58, 5.18%
Test - Best epoch, Loss, MSE, RMSE, MAE, MAPE: 26, 38710540.00, 38710541.00, 6096.26, 4690.92, 4.93%
- Epoch 029, ExpID 65245
Train - Loss: 18090145.48
Val - Loss, MSE, RMSE, MAE, MAPE: 39670360.00, 39670362.00, 6285.79, 4754.52, 5.20%
Test - Best epoch, Loss, MSE, RMSE, MAE, MAPE: 26, 38710540.00, 38710541.00, 6096.26, 4690.92, 4.93%
- Epoch 030, ExpID 65245
Train - Loss: 17919494.96
Val - Loss, MSE, RMSE, MAE, MAPE: 39734976.00, 39734978.00, 6290.04, 4747.20, 5.18%
Test - Best epoch, Loss, MSE, RMSE, MAE, MAPE: 26, 38710540.00, 38710541.00, 6096.26, 4690.92, 4.93%
- Epoch 031, ExpID 65245
Train - Loss: 17728896.09
Val - Loss, MSE, RMSE, MAE, MAPE: 39805144.00, 39805146.00, 6298.12, 4782.29, 5.22%
Test - Best epoch, Loss, MSE, RMSE, MAE, MAPE: 26, 38710540.00, 38710541.00, 6096.26, 4690.92, 4.93%
- Epoch 032, ExpID 65245
Train - Loss: 17577156.09
Val - Loss, MSE, RMSE, MAE, MAPE: 39359444.00, 39359444.00, 6262.11, 4733.82, 5.16%
Test - Best epoch, Loss, MSE, RMSE, MAE, MAPE: 32, 38770684.00, 38770684.00, 6091.20, 4669.12, 4.92%
- Epoch 033, ExpID 65245
Train - Loss: 17414631.00
Val - Loss, MSE, RMSE, MAE, MAPE: 39253808.00, 39253810.00, 6253.56, 4734.11, 5.14%
Test - Best epoch, Loss, MSE, RMSE, MAE, MAPE: 33, 38456632.00, 38456630.00, 6090.30, 4677.08, 4.91%
- Epoch 034, ExpID 65245
Train - Loss: 17279064.91
Val - Loss, MSE, RMSE, MAE, MAPE: 39709520.00, 39709518.00, 6287.59, 4757.42, 5.20%
Test - Best epoch, Loss, MSE, RMSE, MAE, MAPE: 33, 38456632.00, 38456630.00, 6090.30, 4677.08, 4.91%
- Epoch 035, ExpID 65245
Train - Loss: 17097368.43
Val - Loss, MSE, RMSE, MAE, MAPE: 39751084.00, 39751084.00, 6293.22, 4783.59, 5.23%
Test - Best epoch, Loss, MSE, RMSE, MAE, MAPE: 33, 38456632.00, 38456630.00, 6090.30, 4677.08, 4.91%
- Epoch 036, ExpID 65245
Train - Loss: 16894553.65
Val - Loss, MSE, RMSE, MAE, MAPE: 39530056.00, 39530056.00, 6276.73, 4767.61, 5.17%
Test - Best epoch, Loss, MSE, RMSE, MAE, MAPE: 33, 38456632.00, 38456630.00, 6090.30, 4677.08, 4.91%
- Epoch 037, ExpID 65245
Train - Loss: 16788650.91
Val - Loss, MSE, RMSE, MAE, MAPE: 39817416.00, 39817418.00, 6296.52, 4772.13, 5.21%
Test - Best epoch, Loss, MSE, RMSE, MAE, MAPE: 33, 38456632.00, 38456630.00, 6090.30, 4677.08, 4.91%
- Epoch 038, ExpID 65245
Train - Loss: 16626554.61
Val - Loss, MSE, RMSE, MAE, MAPE: 39935120.00, 39935120.00, 6306.38, 4799.79, 5.23%
Test - Best epoch, Loss, MSE, RMSE, MAE, MAPE: 33, 38456632.00, 38456630.00, 6090.30, 4677.08, 4.91%
- Epoch 039, ExpID 65245
Train - Loss: 16447985.52
Val - Loss, MSE, RMSE, MAE, MAPE: 39298008.00, 39298008.00, 6255.47, 4754.04, 5.18%
Test - Best epoch, Loss, MSE, RMSE, MAE, MAPE: 33, 38456632.00, 38456630.00, 6090.30, 4677.08, 4.91%
- Epoch 040, ExpID 65245
Train - Loss: 16306309.83
Val - Loss, MSE, RMSE, MAE, MAPE: 39850880.00, 39850882.00, 6298.46, 4777.28, 5.22%
Test - Best epoch, Loss, MSE, RMSE, MAE, MAPE: 33, 38456632.00, 38456630.00, 6090.30, 4677.08, 4.91%
- Epoch 041, ExpID 65245
Train - Loss: 16139747.74
Val - Loss, MSE, RMSE, MAE, MAPE: 39765408.00, 39765408.00, 6289.22, 4783.38, 5.22%
Test - Best epoch, Loss, MSE, RMSE, MAE, MAPE: 33, 38456632.00, 38456630.00, 6090.30, 4677.08, 4.91%
- Epoch 042, ExpID 65245
Train - Loss: 15959878.74
Val - Loss, MSE, RMSE, MAE, MAPE: 39820744.00, 39820742.00, 6298.96, 4796.05, 5.23%
Test - Best epoch, Loss, MSE, RMSE, MAE, MAPE: 33, 38456632.00, 38456630.00, 6090.30, 4677.08, 4.91%
- Epoch 043, ExpID 65245
Train - Loss: 15928786.43
Val - Loss, MSE, RMSE, MAE, MAPE: 40144552.00, 40144550.00, 6320.84, 4815.73, 5.25%
Test - Best epoch, Loss, MSE, RMSE, MAE, MAPE: 33, 38456632.00, 38456630.00, 6090.30, 4677.08, 4.91%
Early Stopping at Epoch 43
Fold 2019 Best RMSE: 6090.3008
