DETAILED LOG | Model: patchtst | Seed: 1
FULL CONFIG: {'gpu': '6', 'target': 'arrival', 'cv_start_year': 2017, 'cv_end_year': 2019, 'test_year': 2024, 'use_corona': False, 'seq_len': 365, 'label_len': 0, 'pred_len': 56, 'batch_size': 256, 'epochs': 1000, 'patience': 10, 'lr': 1e-05, 'model': 'patchtst', 'd_model': 512, 'n_heads': 16, 'n_layers': 6, 'dropout': 0.1, 'activation': 'gelu', 'patch_len': 7, 'factor': 5, 'norm_mode': 'revin', 'use_covar': True, 'use_dbloss': False, 'device': device(type='cuda'), 'stride': 14, 'file_path': 'dataset/airport_flight_with_holiday.csv', 'seed': 1, 'val_year': 2019, 'ndims': 1}

-------------------- [Fold: 2017] ExpID: 76968 --------------------
- Epoch 000, ExpID 76968
Train - Loss: 42862342.95
Val - Loss, MSE, RMSE, MAE, MAPE: 53129936.00, 53129935.00, 7014.10, 5420.37, 6.72%
Test - Best epoch, Loss, MSE, RMSE, MAE, MAPE: 0, 64868160.00, 64868162.00, 8053.73, 5807.46, 6.68%
- Epoch 001, ExpID 76968
Train - Loss: 34449090.84
Val - Loss, MSE, RMSE, MAE, MAPE: 44056824.00, 44056826.00, 6431.61, 4996.91, 6.20%
Test - Best epoch, Loss, MSE, RMSE, MAE, MAPE: 1, 61511880.00, 61511882.00, 7825.36, 5580.73, 6.39%
- Epoch 002, ExpID 76968
Train - Loss: 31383596.84
Val - Loss, MSE, RMSE, MAE, MAPE: 39094348.00, 39094348.00, 6057.54, 4655.95, 5.79%
Test - Best epoch, Loss, MSE, RMSE, MAE, MAPE: 2, 60658392.00, 60658394.00, 7751.47, 5446.31, 6.21%
- Epoch 003, ExpID 76968
Train - Loss: 29373532.74
Val - Loss, MSE, RMSE, MAE, MAPE: 38226636.00, 38226636.00, 6014.80, 4588.63, 5.69%
Test - Best epoch, Loss, MSE, RMSE, MAE, MAPE: 3, 61688364.00, 61688364.00, 7792.55, 5422.43, 6.15%
- Epoch 004, ExpID 76968
Train - Loss: 27784608.53
Val - Loss, MSE, RMSE, MAE, MAPE: 36280324.00, 36280324.00, 5871.58, 4434.49, 5.50%
Test - Best epoch, Loss, MSE, RMSE, MAE, MAPE: 4, 61058952.00, 61058950.00, 7747.47, 5313.95, 6.01%
- Epoch 005, ExpID 76968
Train - Loss: 26807353.47
Val - Loss, MSE, RMSE, MAE, MAPE: 34532024.00, 34532023.00, 5741.97, 4300.25, 5.34%
Test - Best epoch, Loss, MSE, RMSE, MAE, MAPE: 5, 60628632.00, 60628632.00, 7714.35, 5244.37, 5.92%
- Epoch 006, ExpID 76968
Train - Loss: 25865145.47
Val - Loss, MSE, RMSE, MAE, MAPE: 32640252.00, 32640251.00, 5594.40, 4171.27, 5.19%
Test - Best epoch, Loss, MSE, RMSE, MAE, MAPE: 6, 59765704.00, 59765704.00, 7656.87, 5186.96, 5.86%
- Epoch 007, ExpID 76968
Train - Loss: 25257428.84
Val - Loss, MSE, RMSE, MAE, MAPE: 31493872.00, 31493873.00, 5504.91, 4090.00, 5.10%
Test - Best epoch, Loss, MSE, RMSE, MAE, MAPE: 7, 59164304.00, 59164304.00, 7618.52, 5122.25, 5.79%
- Epoch 008, ExpID 76968
Train - Loss: 24661551.05
Val - Loss, MSE, RMSE, MAE, MAPE: 31005470.00, 31005470.00, 5469.67, 4057.48, 5.05%
Test - Best epoch, Loss, MSE, RMSE, MAE, MAPE: 8, 59378808.00, 59378808.00, 7627.28, 5139.95, 5.81%
- Epoch 009, ExpID 76968
Train - Loss: 24126568.32
Val - Loss, MSE, RMSE, MAE, MAPE: 30090680.00, 30090680.00, 5397.85, 3997.84, 4.98%
Test - Best epoch, Loss, MSE, RMSE, MAE, MAPE: 9, 59200596.00, 59200596.00, 7615.07, 5128.49, 5.80%
- Epoch 010, ExpID 76968
Train - Loss: 23548966.95
Val - Loss, MSE, RMSE, MAE, MAPE: 28915944.00, 28915943.00, 5292.53, 3915.03, 4.89%
Test - Best epoch, Loss, MSE, RMSE, MAE, MAPE: 10, 58440548.00, 58440548.00, 7569.47, 5097.00, 5.77%
- Epoch 011, ExpID 76968
Train - Loss: 23273514.21
Val - Loss, MSE, RMSE, MAE, MAPE: 27740750.00, 27740750.00, 5187.95, 3830.13, 4.80%
Test - Best epoch, Loss, MSE, RMSE, MAE, MAPE: 11, 57580280.00, 57580278.00, 7517.39, 5054.40, 5.73%
- Epoch 012, ExpID 76968
Train - Loss: 22933306.63
Val - Loss, MSE, RMSE, MAE, MAPE: 28734022.00, 28734022.00, 5274.62, 3888.03, 4.84%
Test - Best epoch, Loss, MSE, RMSE, MAE, MAPE: 11, 57580280.00, 57580278.00, 7517.39, 5054.40, 5.73%
- Epoch 013, ExpID 76968
Train - Loss: 22662725.47
Val - Loss, MSE, RMSE, MAE, MAPE: 27961968.00, 27961969.00, 5206.81, 3842.90, 4.79%
Test - Best epoch, Loss, MSE, RMSE, MAE, MAPE: 11, 57580280.00, 57580278.00, 7517.39, 5054.40, 5.73%
- Epoch 014, ExpID 76968
Train - Loss: 22340897.89
Val - Loss, MSE, RMSE, MAE, MAPE: 27185756.00, 27185757.00, 5132.87, 3790.62, 4.73%
Test - Best epoch, Loss, MSE, RMSE, MAE, MAPE: 14, 58716328.00, 58716328.00, 7578.71, 5155.15, 5.83%
- Epoch 015, ExpID 76968
Train - Loss: 22044517.37
Val - Loss, MSE, RMSE, MAE, MAPE: 27229360.00, 27229359.00, 5133.43, 3786.08, 4.72%
Test - Best epoch, Loss, MSE, RMSE, MAE, MAPE: 14, 58716328.00, 58716328.00, 7578.71, 5155.15, 5.83%
- Epoch 016, ExpID 76968
Train - Loss: 21858071.05
Val - Loss, MSE, RMSE, MAE, MAPE: 27651500.00, 27651500.00, 5170.87, 3816.77, 4.74%
Test - Best epoch, Loss, MSE, RMSE, MAE, MAPE: 14, 58716328.00, 58716328.00, 7578.71, 5155.15, 5.83%
- Epoch 017, ExpID 76968
Train - Loss: 21824325.58
Val - Loss, MSE, RMSE, MAE, MAPE: 26912912.00, 26912911.00, 5102.29, 3770.50, 4.69%
Test - Best epoch, Loss, MSE, RMSE, MAE, MAPE: 17, 59931640.00, 59931640.00, 7646.85, 5269.80, 5.96%
- Epoch 018, ExpID 76968
Train - Loss: 21416267.68
Val - Loss, MSE, RMSE, MAE, MAPE: 26141798.00, 26141798.00, 5027.85, 3714.19, 4.63%
Test - Best epoch, Loss, MSE, RMSE, MAE, MAPE: 18, 59478660.00, 59478660.00, 7621.61, 5255.91, 5.95%
- Epoch 019, ExpID 76968
Train - Loss: 21204121.26
Val - Loss, MSE, RMSE, MAE, MAPE: 26522646.00, 26522646.00, 5062.65, 3740.82, 4.66%
Test - Best epoch, Loss, MSE, RMSE, MAE, MAPE: 18, 59478660.00, 59478660.00, 7621.61, 5255.91, 5.95%
- Epoch 020, ExpID 76968
Train - Loss: 20939409.05
Val - Loss, MSE, RMSE, MAE, MAPE: 26310820.00, 26310819.50, 5038.72, 3721.80, 4.64%
Test - Best epoch, Loss, MSE, RMSE, MAE, MAPE: 18, 59478660.00, 59478660.00, 7621.61, 5255.91, 5.95%
- Epoch 021, ExpID 76968
Train - Loss: 20682535.16
Val - Loss, MSE, RMSE, MAE, MAPE: 25401384.00, 25401383.00, 4955.74, 3676.10, 4.59%
Test - Best epoch, Loss, MSE, RMSE, MAE, MAPE: 21, 59783944.00, 59783946.00, 7639.39, 5308.53, 6.01%
- Epoch 022, ExpID 76968
Train - Loss: 20609107.05
Val - Loss, MSE, RMSE, MAE, MAPE: 25487380.00, 25487380.00, 4956.75, 3681.55, 4.59%
Test - Best epoch, Loss, MSE, RMSE, MAE, MAPE: 21, 59783944.00, 59783946.00, 7639.39, 5308.53, 6.01%
- Epoch 023, ExpID 76968
Train - Loss: 20575899.26
Val - Loss, MSE, RMSE, MAE, MAPE: 26227872.00, 26227872.00, 5023.11, 3723.80, 4.63%
Test - Best epoch, Loss, MSE, RMSE, MAE, MAPE: 21, 59783944.00, 59783946.00, 7639.39, 5308.53, 6.01%
- Epoch 024, ExpID 76968
Train - Loss: 20407679.89
Val - Loss, MSE, RMSE, MAE, MAPE: 25189618.00, 25189618.00, 4930.49, 3678.58, 4.60%
Test - Best epoch, Loss, MSE, RMSE, MAE, MAPE: 24, 59565860.00, 59565860.00, 7631.89, 5332.29, 6.05%
- Epoch 025, ExpID 76968
Train - Loss: 20182800.63
Val - Loss, MSE, RMSE, MAE, MAPE: 24379352.00, 24379352.00, 4853.14, 3624.95, 4.55%
Test - Best epoch, Loss, MSE, RMSE, MAE, MAPE: 25, 58926540.00, 58926540.00, 7593.49, 5313.10, 6.04%
- Epoch 026, ExpID 76968
Train - Loss: 19939851.05
Val - Loss, MSE, RMSE, MAE, MAPE: 24677222.00, 24677222.00, 4872.65, 3646.08, 4.57%
Test - Best epoch, Loss, MSE, RMSE, MAE, MAPE: 25, 58926540.00, 58926540.00, 7593.49, 5313.10, 6.04%
- Epoch 027, ExpID 76968
Train - Loss: 19947865.47
Val - Loss, MSE, RMSE, MAE, MAPE: 24841240.00, 24841239.00, 4883.89, 3652.53, 4.56%
Test - Best epoch, Loss, MSE, RMSE, MAE, MAPE: 25, 58926540.00, 58926540.00, 7593.49, 5313.10, 6.04%
- Epoch 028, ExpID 76968
Train - Loss: 19608410.95
Val - Loss, MSE, RMSE, MAE, MAPE: 24967058.00, 24967057.50, 4897.29, 3660.47, 4.57%
Test - Best epoch, Loss, MSE, RMSE, MAE, MAPE: 25, 58926540.00, 58926540.00, 7593.49, 5313.10, 6.04%
- Epoch 029, ExpID 76968
Train - Loss: 19660057.68
Val - Loss, MSE, RMSE, MAE, MAPE: 24724270.00, 24724270.50, 4867.68, 3636.11, 4.54%
Test - Best epoch, Loss, MSE, RMSE, MAE, MAPE: 25, 58926540.00, 58926540.00, 7593.49, 5313.10, 6.04%
- Epoch 030, ExpID 76968
Train - Loss: 19368838.63
Val - Loss, MSE, RMSE, MAE, MAPE: 24620834.00, 24620834.50, 4856.50, 3640.98, 4.56%
Test - Best epoch, Loss, MSE, RMSE, MAE, MAPE: 25, 58926540.00, 58926540.00, 7593.49, 5313.10, 6.04%
- Epoch 031, ExpID 76968
Train - Loss: 19074735.16
Val - Loss, MSE, RMSE, MAE, MAPE: 24327430.00, 24327430.00, 4825.85, 3632.75, 4.55%
Test - Best epoch, Loss, MSE, RMSE, MAE, MAPE: 31, 59907732.00, 59907732.00, 7650.20, 5467.01, 6.23%
- Epoch 032, ExpID 76968
Train - Loss: 19084416.95
Val - Loss, MSE, RMSE, MAE, MAPE: 25091912.00, 25091911.00, 4886.97, 3666.21, 4.57%
Test - Best epoch, Loss, MSE, RMSE, MAE, MAPE: 31, 59907732.00, 59907732.00, 7650.20, 5467.01, 6.23%
- Epoch 033, ExpID 76968
Train - Loss: 19219416.00
Val - Loss, MSE, RMSE, MAE, MAPE: 25038584.00, 25038583.50, 4884.24, 3677.01, 4.59%
Test - Best epoch, Loss, MSE, RMSE, MAE, MAPE: 31, 59907732.00, 59907732.00, 7650.20, 5467.01, 6.23%
- Epoch 034, ExpID 76968
Train - Loss: 18745624.89
Val - Loss, MSE, RMSE, MAE, MAPE: 24580458.00, 24580458.00, 4854.82, 3695.43, 4.65%
Test - Best epoch, Loss, MSE, RMSE, MAE, MAPE: 31, 59907732.00, 59907732.00, 7650.20, 5467.01, 6.23%
- Epoch 035, ExpID 76968
Train - Loss: 18824504.21
Val - Loss, MSE, RMSE, MAE, MAPE: 24750522.00, 24750522.50, 4868.41, 3714.04, 4.67%
Test - Best epoch, Loss, MSE, RMSE, MAE, MAPE: 31, 59907732.00, 59907732.00, 7650.20, 5467.01, 6.23%
- Epoch 036, ExpID 76968
Train - Loss: 18675604.89
Val - Loss, MSE, RMSE, MAE, MAPE: 24799028.00, 24799028.00, 4869.67, 3714.14, 4.67%
Test - Best epoch, Loss, MSE, RMSE, MAE, MAPE: 31, 59907732.00, 59907732.00, 7650.20, 5467.01, 6.23%
- Epoch 037, ExpID 76968
Train - Loss: 18385025.89
Val - Loss, MSE, RMSE, MAE, MAPE: 25196304.00, 25196303.00, 4896.38, 3734.07, 4.69%
Test - Best epoch, Loss, MSE, RMSE, MAE, MAPE: 31, 59907732.00, 59907732.00, 7650.20, 5467.01, 6.23%
- Epoch 038, ExpID 76968
Train - Loss: 18366958.95
Val - Loss, MSE, RMSE, MAE, MAPE: 25309834.00, 25309834.00, 4907.03, 3739.27, 4.68%
Test - Best epoch, Loss, MSE, RMSE, MAE, MAPE: 31, 59907732.00, 59907732.00, 7650.20, 5467.01, 6.23%
- Epoch 039, ExpID 76968
Train - Loss: 18276742.58
Val - Loss, MSE, RMSE, MAE, MAPE: 25214178.00, 25214178.00, 4895.90, 3743.02, 4.70%
Test - Best epoch, Loss, MSE, RMSE, MAE, MAPE: 31, 59907732.00, 59907732.00, 7650.20, 5467.01, 6.23%
- Epoch 040, ExpID 76968
Train - Loss: 18141709.95
Val - Loss, MSE, RMSE, MAE, MAPE: 25566688.00, 25566688.50, 4921.72, 3761.90, 4.71%
Test - Best epoch, Loss, MSE, RMSE, MAE, MAPE: 31, 59907732.00, 59907732.00, 7650.20, 5467.01, 6.23%
- Epoch 041, ExpID 76968
Train - Loss: 17967453.11
Val - Loss, MSE, RMSE, MAE, MAPE: 25768944.00, 25768943.50, 4943.30, 3776.18, 4.73%
Test - Best epoch, Loss, MSE, RMSE, MAE, MAPE: 31, 59907732.00, 59907732.00, 7650.20, 5467.01, 6.23%
Early Stopping at Epoch 41
Fold 2017 Best RMSE: 7650.2043

-------------------- [Fold: 2018] ExpID: 23734 --------------------
- Epoch 000, ExpID 23734
Train - Loss: 48348472.60
Val - Loss, MSE, RMSE, MAE, MAPE: 65409724.00, 65409724.00, 8083.95, 5882.05, 6.82%
Test - Best epoch, Loss, MSE, RMSE, MAE, MAPE: 0, 45606248.00, 45606246.00, 6707.85, 5064.40, 5.54%
- Epoch 001, ExpID 23734
Train - Loss: 38392588.60
Val - Loss, MSE, RMSE, MAE, MAPE: 60635072.00, 60635072.00, 7781.75, 5554.66, 6.40%
Test - Best epoch, Loss, MSE, RMSE, MAE, MAPE: 1, 38274252.00, 38274253.00, 6167.78, 4674.24, 5.12%
- Epoch 002, ExpID 23734
Train - Loss: 34604366.20
Val - Loss, MSE, RMSE, MAE, MAPE: 59691592.00, 59691594.00, 7702.33, 5378.84, 6.14%
Test - Best epoch, Loss, MSE, RMSE, MAE, MAPE: 2, 35342212.00, 35342211.00, 5932.54, 4478.48, 4.88%
- Epoch 003, ExpID 23734
Train - Loss: 32408025.00
Val - Loss, MSE, RMSE, MAE, MAPE: 60284280.00, 60284282.00, 7722.72, 5317.39, 6.04%
Test - Best epoch, Loss, MSE, RMSE, MAE, MAPE: 2, 35342212.00, 35342211.00, 5932.54, 4478.48, 4.88%
- Epoch 004, ExpID 23734
Train - Loss: 30717592.50
Val - Loss, MSE, RMSE, MAE, MAPE: 60265144.00, 60265144.00, 7708.78, 5286.68, 5.99%
Test - Best epoch, Loss, MSE, RMSE, MAE, MAPE: 2, 35342212.00, 35342211.00, 5932.54, 4478.48, 4.88%
- Epoch 005, ExpID 23734
Train - Loss: 29248609.60
Val - Loss, MSE, RMSE, MAE, MAPE: 59354592.00, 59354594.00, 7647.77, 5222.00, 5.92%
Test - Best epoch, Loss, MSE, RMSE, MAE, MAPE: 5, 32853482.00, 32853482.00, 5730.11, 4354.55, 4.74%
- Epoch 006, ExpID 23734
Train - Loss: 28149132.40
Val - Loss, MSE, RMSE, MAE, MAPE: 59658692.00, 59658692.00, 7659.27, 5221.52, 5.92%
Test - Best epoch, Loss, MSE, RMSE, MAE, MAPE: 5, 32853482.00, 32853482.00, 5730.11, 4354.55, 4.74%
- Epoch 007, ExpID 23734
Train - Loss: 27160179.70
Val - Loss, MSE, RMSE, MAE, MAPE: 58849552.00, 58849554.00, 7608.89, 5177.06, 5.87%
Test - Best epoch, Loss, MSE, RMSE, MAE, MAPE: 7, 31956910.00, 31956910.00, 5651.61, 4301.55, 4.68%
- Epoch 008, ExpID 23734
Train - Loss: 26408007.10
Val - Loss, MSE, RMSE, MAE, MAPE: 59490076.00, 59490076.00, 7640.95, 5197.85, 5.88%
Test - Best epoch, Loss, MSE, RMSE, MAE, MAPE: 7, 31956910.00, 31956910.00, 5651.61, 4301.55, 4.68%
- Epoch 009, ExpID 23734
Train - Loss: 25930476.50
Val - Loss, MSE, RMSE, MAE, MAPE: 58736472.00, 58736470.00, 7595.36, 5187.56, 5.89%
Test - Best epoch, Loss, MSE, RMSE, MAE, MAPE: 9, 31343590.00, 31343590.00, 5596.98, 4272.25, 4.66%
- Epoch 010, ExpID 23734
Train - Loss: 25259558.60
Val - Loss, MSE, RMSE, MAE, MAPE: 60110560.00, 60110558.00, 7670.86, 5241.22, 5.93%
Test - Best epoch, Loss, MSE, RMSE, MAE, MAPE: 9, 31343590.00, 31343590.00, 5596.98, 4272.25, 4.66%
- Epoch 011, ExpID 23734
Train - Loss: 24708062.90
Val - Loss, MSE, RMSE, MAE, MAPE: 59190256.00, 59190256.00, 7617.19, 5208.15, 5.91%
Test - Best epoch, Loss, MSE, RMSE, MAE, MAPE: 9, 31343590.00, 31343590.00, 5596.98, 4272.25, 4.66%
- Epoch 012, ExpID 23734
Train - Loss: 24391711.00
Val - Loss, MSE, RMSE, MAE, MAPE: 59218928.00, 59218928.00, 7615.39, 5243.81, 5.95%
Test - Best epoch, Loss, MSE, RMSE, MAE, MAPE: 9, 31343590.00, 31343590.00, 5596.98, 4272.25, 4.66%
- Epoch 013, ExpID 23734
Train - Loss: 23952859.10
Val - Loss, MSE, RMSE, MAE, MAPE: 59592064.00, 59592066.00, 7636.02, 5283.53, 5.99%
Test - Best epoch, Loss, MSE, RMSE, MAE, MAPE: 9, 31343590.00, 31343590.00, 5596.98, 4272.25, 4.66%
- Epoch 014, ExpID 23734
Train - Loss: 23611911.70
Val - Loss, MSE, RMSE, MAE, MAPE: 60160688.00, 60160686.00, 7668.03, 5333.82, 6.04%
Test - Best epoch, Loss, MSE, RMSE, MAE, MAPE: 9, 31343590.00, 31343590.00, 5596.98, 4272.25, 4.66%
- Epoch 015, ExpID 23734
Train - Loss: 23219084.30
Val - Loss, MSE, RMSE, MAE, MAPE: 60792096.00, 60792098.00, 7703.20, 5363.19, 6.07%
Test - Best epoch, Loss, MSE, RMSE, MAE, MAPE: 9, 31343590.00, 31343590.00, 5596.98, 4272.25, 4.66%
- Epoch 016, ExpID 23734
Train - Loss: 22982324.50
Val - Loss, MSE, RMSE, MAE, MAPE: 60069628.00, 60069628.00, 7661.99, 5333.66, 6.04%
Test - Best epoch, Loss, MSE, RMSE, MAE, MAPE: 9, 31343590.00, 31343590.00, 5596.98, 4272.25, 4.66%
- Epoch 017, ExpID 23734
Train - Loss: 22783677.50
Val - Loss, MSE, RMSE, MAE, MAPE: 62113228.00, 62113228.00, 7775.97, 5469.19, 6.18%
Test - Best epoch, Loss, MSE, RMSE, MAE, MAPE: 9, 31343590.00, 31343590.00, 5596.98, 4272.25, 4.66%
- Epoch 018, ExpID 23734
Train - Loss: 22541891.10
Val - Loss, MSE, RMSE, MAE, MAPE: 61453332.00, 61453332.00, 7741.02, 5453.10, 6.17%
Test - Best epoch, Loss, MSE, RMSE, MAE, MAPE: 9, 31343590.00, 31343590.00, 5596.98, 4272.25, 4.66%
- Epoch 019, ExpID 23734
Train - Loss: 22227630.40
Val - Loss, MSE, RMSE, MAE, MAPE: 59648432.00, 59648434.00, 7638.99, 5387.75, 6.12%
Test - Best epoch, Loss, MSE, RMSE, MAE, MAPE: 9, 31343590.00, 31343590.00, 5596.98, 4272.25, 4.66%
Early Stopping at Epoch 19
Fold 2018 Best RMSE: 5596.9841

-------------------- [Fold: 2019] ExpID: 76703 --------------------
- Epoch 000, ExpID 76703
Train - Loss: 49969391.09
Val - Loss, MSE, RMSE, MAE, MAPE: 43895840.00, 43895839.00, 6575.70, 4981.68, 5.42%
Test - Best epoch, Loss, MSE, RMSE, MAE, MAPE: 0, 51649464.00, 51649466.00, 7175.05, 5669.68, 6.11%
- Epoch 001, ExpID 76703
Train - Loss: 40057204.73
Val - Loss, MSE, RMSE, MAE, MAPE: 36767424.00, 36767423.00, 6047.30, 4551.76, 4.97%
Test - Best epoch, Loss, MSE, RMSE, MAE, MAPE: 1, 43222152.00, 43222152.00, 6544.43, 5098.22, 5.53%
- Epoch 002, ExpID 76703
Train - Loss: 36051851.45
Val - Loss, MSE, RMSE, MAE, MAPE: 34216348.00, 34216349.00, 5841.58, 4408.89, 4.81%
Test - Best epoch, Loss, MSE, RMSE, MAE, MAPE: 2, 36545176.00, 36545175.00, 5979.60, 4606.50, 5.00%
- Epoch 003, ExpID 76703
Train - Loss: 33520361.82
Val - Loss, MSE, RMSE, MAE, MAPE: 32878456.00, 32878455.00, 5730.71, 4324.87, 4.71%
Test - Best epoch, Loss, MSE, RMSE, MAE, MAPE: 3, 33152872.00, 33152873.00, 5675.59, 4361.58, 4.73%
- Epoch 004, ExpID 76703
Train - Loss: 31701739.36
Val - Loss, MSE, RMSE, MAE, MAPE: 32138504.00, 32138505.00, 5667.48, 4284.63, 4.67%
Test - Best epoch, Loss, MSE, RMSE, MAE, MAPE: 4, 30758578.00, 30758578.00, 5455.64, 4190.27, 4.53%
- Epoch 005, ExpID 76703
Train - Loss: 30384433.55
Val - Loss, MSE, RMSE, MAE, MAPE: 31648552.00, 31648551.00, 5625.07, 4258.31, 4.64%
Test - Best epoch, Loss, MSE, RMSE, MAE, MAPE: 5, 30071516.00, 30071515.00, 5396.09, 4143.63, 4.48%
- Epoch 006, ExpID 76703
Train - Loss: 29293463.27
Val - Loss, MSE, RMSE, MAE, MAPE: 31316952.00, 31316952.00, 5595.94, 4248.49, 4.62%
Test - Best epoch, Loss, MSE, RMSE, MAE, MAPE: 6, 27717662.00, 27717662.50, 5154.17, 3943.94, 4.25%
- Epoch 007, ExpID 76703
Train - Loss: 28792063.91
Val - Loss, MSE, RMSE, MAE, MAPE: 30723710.00, 30723710.00, 5542.62, 4201.01, 4.57%
Test - Best epoch, Loss, MSE, RMSE, MAE, MAPE: 7, 26710804.00, 26710803.50, 5054.21, 3865.09, 4.16%
- Epoch 008, ExpID 76703
Train - Loss: 27813234.91
Val - Loss, MSE, RMSE, MAE, MAPE: 30552416.00, 30552416.00, 5527.21, 4201.06, 4.57%
Test - Best epoch, Loss, MSE, RMSE, MAE, MAPE: 8, 25850290.00, 25850289.50, 4961.28, 3789.58, 4.07%
- Epoch 009, ExpID 76703
Train - Loss: 27295843.91
Val - Loss, MSE, RMSE, MAE, MAPE: 30138568.00, 30138569.00, 5489.30, 4160.53, 4.53%
Test - Best epoch, Loss, MSE, RMSE, MAE, MAPE: 9, 25708552.00, 25708553.00, 4946.55, 3773.87, 4.06%
- Epoch 010, ExpID 76703
Train - Loss: 26843505.82
Val - Loss, MSE, RMSE, MAE, MAPE: 30109336.00, 30109335.00, 5486.75, 4172.03, 4.54%
Test - Best epoch, Loss, MSE, RMSE, MAE, MAPE: 10, 25600006.00, 25600005.50, 4937.60, 3769.08, 4.04%
- Epoch 011, ExpID 76703
Train - Loss: 26293153.64
Val - Loss, MSE, RMSE, MAE, MAPE: 29640534.00, 29640534.00, 5442.71, 4121.07, 4.50%
Test - Best epoch, Loss, MSE, RMSE, MAE, MAPE: 11, 26045296.00, 26045295.50, 4991.34, 3816.44, 4.10%
- Epoch 012, ExpID 76703
Train - Loss: 25824808.09
Val - Loss, MSE, RMSE, MAE, MAPE: 29628316.00, 29628316.00, 5442.22, 4139.30, 4.51%
Test - Best epoch, Loss, MSE, RMSE, MAE, MAPE: 12, 24765890.00, 24765889.50, 4847.81, 3704.87, 3.97%
- Epoch 013, ExpID 76703
Train - Loss: 25469855.91
Val - Loss, MSE, RMSE, MAE, MAPE: 29502184.00, 29502183.00, 5430.28, 4131.88, 4.50%
Test - Best epoch, Loss, MSE, RMSE, MAE, MAPE: 13, 24382712.00, 24382711.00, 4797.85, 3661.01, 3.91%
- Epoch 014, ExpID 76703
Train - Loss: 25231379.91
Val - Loss, MSE, RMSE, MAE, MAPE: 29115954.00, 29115954.00, 5393.40, 4092.05, 4.47%
Test - Best epoch, Loss, MSE, RMSE, MAE, MAPE: 14, 25030710.00, 25030710.00, 4876.14, 3736.54, 4.01%
- Epoch 015, ExpID 76703
Train - Loss: 24852094.36
Val - Loss, MSE, RMSE, MAE, MAPE: 29232896.00, 29232895.00, 5405.13, 4107.89, 4.46%
Test - Best epoch, Loss, MSE, RMSE, MAE, MAPE: 14, 25030710.00, 25030710.00, 4876.14, 3736.54, 4.01%
- Epoch 016, ExpID 76703
Train - Loss: 24653560.45
Val - Loss, MSE, RMSE, MAE, MAPE: 28773296.00, 28773297.00, 5361.60, 4077.49, 4.44%
Test - Best epoch, Loss, MSE, RMSE, MAE, MAPE: 16, 23927254.00, 23927253.50, 4744.78, 3628.87, 3.88%
- Epoch 017, ExpID 76703
Train - Loss: 24375348.45
Val - Loss, MSE, RMSE, MAE, MAPE: 28580496.00, 28580497.00, 5343.03, 4064.85, 4.43%
Test - Best epoch, Loss, MSE, RMSE, MAE, MAPE: 17, 23975736.00, 23975736.00, 4750.60, 3644.46, 3.90%
- Epoch 018, ExpID 76703
Train - Loss: 24078968.73
Val - Loss, MSE, RMSE, MAE, MAPE: 28284944.00, 28284944.00, 5314.13, 4032.91, 4.39%
Test - Best epoch, Loss, MSE, RMSE, MAE, MAPE: 18, 23733350.00, 23733350.00, 4725.54, 3619.84, 3.87%
- Epoch 019, ExpID 76703
Train - Loss: 23876687.55
Val - Loss, MSE, RMSE, MAE, MAPE: 28337908.00, 28337907.00, 5319.85, 4048.61, 4.40%
Test - Best epoch, Loss, MSE, RMSE, MAE, MAPE: 18, 23733350.00, 23733350.00, 4725.54, 3619.84, 3.87%
- Epoch 020, ExpID 76703
Train - Loss: 23992776.55
Val - Loss, MSE, RMSE, MAE, MAPE: 28098596.00, 28098597.00, 5296.84, 4035.75, 4.38%
Test - Best epoch, Loss, MSE, RMSE, MAE, MAPE: 20, 22900116.00, 22900116.00, 4627.15, 3539.08, 3.76%
- Epoch 021, ExpID 76703
Train - Loss: 23662313.64
Val - Loss, MSE, RMSE, MAE, MAPE: 27771632.00, 27771631.00, 5264.21, 4002.35, 4.35%
Test - Best epoch, Loss, MSE, RMSE, MAE, MAPE: 21, 23522058.00, 23522058.50, 4697.82, 3607.84, 3.85%
- Epoch 022, ExpID 76703
Train - Loss: 23334859.55
Val - Loss, MSE, RMSE, MAE, MAPE: 28073832.00, 28073832.00, 5292.78, 4032.30, 4.38%
Test - Best epoch, Loss, MSE, RMSE, MAE, MAPE: 21, 23522058.00, 23522058.50, 4697.82, 3607.84, 3.85%
- Epoch 023, ExpID 76703
Train - Loss: 23152080.55
Val - Loss, MSE, RMSE, MAE, MAPE: 27278086.00, 27278086.00, 5215.77, 3967.31, 4.31%
Test - Best epoch, Loss, MSE, RMSE, MAE, MAPE: 23, 22849236.00, 22849236.50, 4618.07, 3541.00, 3.77%
- Epoch 024, ExpID 76703
Train - Loss: 23097417.91
Val - Loss, MSE, RMSE, MAE, MAPE: 27248966.00, 27248966.00, 5213.79, 3973.92, 4.32%
Test - Best epoch, Loss, MSE, RMSE, MAE, MAPE: 24, 22706830.00, 22706829.50, 4603.11, 3533.29, 3.76%
- Epoch 025, ExpID 76703
Train - Loss: 22753969.64
Val - Loss, MSE, RMSE, MAE, MAPE: 27190968.00, 27190967.00, 5207.86, 3963.91, 4.30%
Test - Best epoch, Loss, MSE, RMSE, MAE, MAPE: 25, 22575548.00, 22575547.00, 4588.33, 3521.13, 3.74%
- Epoch 026, ExpID 76703
Train - Loss: 22621227.73
Val - Loss, MSE, RMSE, MAE, MAPE: 27474988.00, 27474988.00, 5235.06, 3989.95, 4.33%
Test - Best epoch, Loss, MSE, RMSE, MAE, MAPE: 25, 22575548.00, 22575547.00, 4588.33, 3521.13, 3.74%
- Epoch 027, ExpID 76703
Train - Loss: 22382392.45
Val - Loss, MSE, RMSE, MAE, MAPE: 26730826.00, 26730826.00, 5161.14, 3925.40, 4.27%
Test - Best epoch, Loss, MSE, RMSE, MAE, MAPE: 27, 22588422.00, 22588422.50, 4590.04, 3526.80, 3.76%
- Epoch 028, ExpID 76703
Train - Loss: 22143044.36
Val - Loss, MSE, RMSE, MAE, MAPE: 27242924.00, 27242925.00, 5213.43, 3984.09, 4.32%
Test - Best epoch, Loss, MSE, RMSE, MAE, MAPE: 27, 22588422.00, 22588422.50, 4590.04, 3526.80, 3.76%
- Epoch 029, ExpID 76703
Train - Loss: 22209012.18
Val - Loss, MSE, RMSE, MAE, MAPE: 26774422.00, 26774422.00, 5166.79, 3929.98, 4.27%
Test - Best epoch, Loss, MSE, RMSE, MAE, MAPE: 27, 22588422.00, 22588422.50, 4590.04, 3526.80, 3.76%
- Epoch 030, ExpID 76703
Train - Loss: 21977522.64
Val - Loss, MSE, RMSE, MAE, MAPE: 26613936.00, 26613936.00, 5149.20, 3915.13, 4.25%
Test - Best epoch, Loss, MSE, RMSE, MAE, MAPE: 30, 22097226.00, 22097225.50, 4527.43, 3468.80, 3.69%
- Epoch 031, ExpID 76703
Train - Loss: 21889356.36
Val - Loss, MSE, RMSE, MAE, MAPE: 26466272.00, 26466273.00, 5134.82, 3902.59, 4.24%
Test - Best epoch, Loss, MSE, RMSE, MAE, MAPE: 31, 22033444.00, 22033445.00, 4520.45, 3463.39, 3.68%
- Epoch 032, ExpID 76703
Train - Loss: 21655611.82
Val - Loss, MSE, RMSE, MAE, MAPE: 26379824.00, 26379825.00, 5126.22, 3893.63, 4.23%
Test - Best epoch, Loss, MSE, RMSE, MAE, MAPE: 32, 22099332.00, 22099332.00, 4532.89, 3475.44, 3.70%
- Epoch 033, ExpID 76703
Train - Loss: 21612965.64
Val - Loss, MSE, RMSE, MAE, MAPE: 26537980.00, 26537979.00, 5143.03, 3923.23, 4.25%
Test - Best epoch, Loss, MSE, RMSE, MAE, MAPE: 32, 22099332.00, 22099332.00, 4532.89, 3475.44, 3.70%
- Epoch 034, ExpID 76703
Train - Loss: 21219052.45
Val - Loss, MSE, RMSE, MAE, MAPE: 26036400.00, 26036401.00, 5090.86, 3875.23, 4.21%
Test - Best epoch, Loss, MSE, RMSE, MAE, MAPE: 34, 21747828.00, 21747827.50, 4490.04, 3439.80, 3.66%
- Epoch 035, ExpID 76703
Train - Loss: 21208341.64
Val - Loss, MSE, RMSE, MAE, MAPE: 26314910.00, 26314910.00, 5119.95, 3898.99, 4.22%
Test - Best epoch, Loss, MSE, RMSE, MAE, MAPE: 34, 21747828.00, 21747827.50, 4490.04, 3439.80, 3.66%
- Epoch 036, ExpID 76703
Train - Loss: 20984875.27
Val - Loss, MSE, RMSE, MAE, MAPE: 25956788.00, 25956788.00, 5082.73, 3863.23, 4.19%
Test - Best epoch, Loss, MSE, RMSE, MAE, MAPE: 36, 21409106.00, 21409106.50, 4443.64, 3399.88, 3.61%
- Epoch 037, ExpID 76703
Train - Loss: 21074754.64
Val - Loss, MSE, RMSE, MAE, MAPE: 25739486.00, 25739486.00, 5060.08, 3843.47, 4.18%
Test - Best epoch, Loss, MSE, RMSE, MAE, MAPE: 37, 21425154.00, 21425154.00, 4444.03, 3399.78, 3.62%
- Epoch 038, ExpID 76703
Train - Loss: 20946970.27
Val - Loss, MSE, RMSE, MAE, MAPE: 25929076.00, 25929075.00, 5079.95, 3872.47, 4.20%
Test - Best epoch, Loss, MSE, RMSE, MAE, MAPE: 37, 21425154.00, 21425154.00, 4444.03, 3399.78, 3.62%
- Epoch 039, ExpID 76703
Train - Loss: 20724168.82
Val - Loss, MSE, RMSE, MAE, MAPE: 26110546.00, 26110546.00, 5098.42, 3889.53, 4.21%
Test - Best epoch, Loss, MSE, RMSE, MAE, MAPE: 37, 21425154.00, 21425154.00, 4444.03, 3399.78, 3.62%
- Epoch 040, ExpID 76703
Train - Loss: 20649784.00
Val - Loss, MSE, RMSE, MAE, MAPE: 25632400.00, 25632400.00, 5048.95, 3826.56, 4.16%
Test - Best epoch, Loss, MSE, RMSE, MAE, MAPE: 40, 21558812.00, 21558811.00, 4462.95, 3416.20, 3.63%
- Epoch 041, ExpID 76703
Train - Loss: 20517674.18
Val - Loss, MSE, RMSE, MAE, MAPE: 25702600.00, 25702599.00, 5056.61, 3829.24, 4.15%
Test - Best epoch, Loss, MSE, RMSE, MAE, MAPE: 40, 21558812.00, 21558811.00, 4462.95, 3416.20, 3.63%
- Epoch 042, ExpID 76703
Train - Loss: 20462980.45
Val - Loss, MSE, RMSE, MAE, MAPE: 25622000.00, 25622001.00, 5048.24, 3836.42, 4.16%
Test - Best epoch, Loss, MSE, RMSE, MAE, MAPE: 42, 21140440.00, 21140440.00, 4406.09, 3369.85, 3.58%
- Epoch 043, ExpID 76703
Train - Loss: 20240497.45
Val - Loss, MSE, RMSE, MAE, MAPE: 25625350.00, 25625350.00, 5047.06, 3840.99, 4.16%
Test - Best epoch, Loss, MSE, RMSE, MAE, MAPE: 42, 21140440.00, 21140440.00, 4406.09, 3369.85, 3.58%
- Epoch 044, ExpID 76703
Train - Loss: 20182738.91
Val - Loss, MSE, RMSE, MAE, MAPE: 25652804.00, 25652805.00, 5050.43, 3839.68, 4.15%
Test - Best epoch, Loss, MSE, RMSE, MAE, MAPE: 42, 21140440.00, 21140440.00, 4406.09, 3369.85, 3.58%
- Epoch 045, ExpID 76703
Train - Loss: 20182467.00
Val - Loss, MSE, RMSE, MAE, MAPE: 25492968.00, 25492969.00, 5033.81, 3828.85, 4.15%
Test - Best epoch, Loss, MSE, RMSE, MAE, MAPE: 45, 21243178.00, 21243177.50, 4418.25, 3377.39, 3.58%
- Epoch 046, ExpID 76703
Train - Loss: 19942840.27
Val - Loss, MSE, RMSE, MAE, MAPE: 25671676.00, 25671677.00, 5052.28, 3850.49, 4.16%
Test - Best epoch, Loss, MSE, RMSE, MAE, MAPE: 45, 21243178.00, 21243177.50, 4418.25, 3377.39, 3.58%
- Epoch 047, ExpID 76703
Train - Loss: 20056915.82
Val - Loss, MSE, RMSE, MAE, MAPE: 25445820.00, 25445821.00, 5027.81, 3816.22, 4.13%
Test - Best epoch, Loss, MSE, RMSE, MAE, MAPE: 47, 20797410.00, 20797409.50, 4363.92, 3331.38, 3.53%
- Epoch 048, ExpID 76703
Train - Loss: 19992126.82
Val - Loss, MSE, RMSE, MAE, MAPE: 24989772.00, 24989772.00, 4978.86, 3776.71, 4.10%
Test - Best epoch, Loss, MSE, RMSE, MAE, MAPE: 48, 20843608.00, 20843608.50, 4362.05, 3325.03, 3.53%
- Epoch 049, ExpID 76703
Train - Loss: 19675225.82
Val - Loss, MSE, RMSE, MAE, MAPE: 25648796.00, 25648795.00, 5049.17, 3838.18, 4.14%
Test - Best epoch, Loss, MSE, RMSE, MAE, MAPE: 48, 20843608.00, 20843608.50, 4362.05, 3325.03, 3.53%
- Epoch 050, ExpID 76703
Train - Loss: 19844460.64
Val - Loss, MSE, RMSE, MAE, MAPE: 25278528.00, 25278529.00, 5010.03, 3807.10, 4.12%
Test - Best epoch, Loss, MSE, RMSE, MAE, MAPE: 48, 20843608.00, 20843608.50, 4362.05, 3325.03, 3.53%
- Epoch 051, ExpID 76703
Train - Loss: 19442930.18
Val - Loss, MSE, RMSE, MAE, MAPE: 24951576.00, 24951577.00, 4973.00, 3769.09, 4.09%
Test - Best epoch, Loss, MSE, RMSE, MAE, MAPE: 51, 20896354.00, 20896353.50, 4369.29, 3326.11, 3.54%
- Epoch 052, ExpID 76703
Train - Loss: 19403096.00
Val - Loss, MSE, RMSE, MAE, MAPE: 25689208.00, 25689209.00, 5050.64, 3843.13, 4.15%
Test - Best epoch, Loss, MSE, RMSE, MAE, MAPE: 51, 20896354.00, 20896353.50, 4369.29, 3326.11, 3.54%
- Epoch 053, ExpID 76703
Train - Loss: 19236414.73
Val - Loss, MSE, RMSE, MAE, MAPE: 25097810.00, 25097810.00, 4986.27, 3785.00, 4.11%
Test - Best epoch, Loss, MSE, RMSE, MAE, MAPE: 51, 20896354.00, 20896353.50, 4369.29, 3326.11, 3.54%
- Epoch 054, ExpID 76703
Train - Loss: 19070506.77
Val - Loss, MSE, RMSE, MAE, MAPE: 25142046.00, 25142046.00, 4993.96, 3798.75, 4.11%
Test - Best epoch, Loss, MSE, RMSE, MAE, MAPE: 51, 20896354.00, 20896353.50, 4369.29, 3326.11, 3.54%
- Epoch 055, ExpID 76703
Train - Loss: 19093448.64
Val - Loss, MSE, RMSE, MAE, MAPE: 24981200.00, 24981199.00, 4975.62, 3786.04, 4.10%
Test - Best epoch, Loss, MSE, RMSE, MAE, MAPE: 51, 20896354.00, 20896353.50, 4369.29, 3326.11, 3.54%
- Epoch 056, ExpID 76703
Train - Loss: 18986151.73
Val - Loss, MSE, RMSE, MAE, MAPE: 25374240.00, 25374239.00, 5014.24, 3813.95, 4.13%
Test - Best epoch, Loss, MSE, RMSE, MAE, MAPE: 51, 20896354.00, 20896353.50, 4369.29, 3326.11, 3.54%
- Epoch 057, ExpID 76703
Train - Loss: 18912721.82
Val - Loss, MSE, RMSE, MAE, MAPE: 25465780.00, 25465779.00, 5026.50, 3828.17, 4.13%
Test - Best epoch, Loss, MSE, RMSE, MAE, MAPE: 51, 20896354.00, 20896353.50, 4369.29, 3326.11, 3.54%
- Epoch 058, ExpID 76703
Train - Loss: 18753512.68
Val - Loss, MSE, RMSE, MAE, MAPE: 24761834.00, 24761834.00, 4950.44, 3750.88, 4.07%
Test - Best epoch, Loss, MSE, RMSE, MAE, MAPE: 58, 20766536.00, 20766536.50, 4331.97, 3284.30, 3.48%
- Epoch 059, ExpID 76703
Train - Loss: 18878390.64
Val - Loss, MSE, RMSE, MAE, MAPE: 25597856.00, 25597855.00, 5039.75, 3838.34, 4.14%
Test - Best epoch, Loss, MSE, RMSE, MAE, MAPE: 58, 20766536.00, 20766536.50, 4331.97, 3284.30, 3.48%
- Epoch 060, ExpID 76703
Train - Loss: 18684704.45
Val - Loss, MSE, RMSE, MAE, MAPE: 25060928.00, 25060929.00, 4980.88, 3784.22, 4.10%
Test - Best epoch, Loss, MSE, RMSE, MAE, MAPE: 58, 20766536.00, 20766536.50, 4331.97, 3284.30, 3.48%
- Epoch 061, ExpID 76703
Train - Loss: 18568728.82
Val - Loss, MSE, RMSE, MAE, MAPE: 24903638.00, 24903638.00, 4962.93, 3770.63, 4.09%
Test - Best epoch, Loss, MSE, RMSE, MAE, MAPE: 58, 20766536.00, 20766536.50, 4331.97, 3284.30, 3.48%
- Epoch 062, ExpID 76703
Train - Loss: 18435476.36
Val - Loss, MSE, RMSE, MAE, MAPE: 25258598.00, 25258598.00, 5001.42, 3804.23, 4.11%
Test - Best epoch, Loss, MSE, RMSE, MAE, MAPE: 58, 20766536.00, 20766536.50, 4331.97, 3284.30, 3.48%
- Epoch 063, ExpID 76703
Train - Loss: 18393858.64
Val - Loss, MSE, RMSE, MAE, MAPE: 25382280.00, 25382281.00, 5016.00, 3820.60, 4.13%
Test - Best epoch, Loss, MSE, RMSE, MAE, MAPE: 58, 20766536.00, 20766536.50, 4331.97, 3284.30, 3.48%
- Epoch 064, ExpID 76703
Train - Loss: 18216985.73
Val - Loss, MSE, RMSE, MAE, MAPE: 25086172.00, 25086173.00, 4977.18, 3771.00, 4.09%
Test - Best epoch, Loss, MSE, RMSE, MAE, MAPE: 58, 20766536.00, 20766536.50, 4331.97, 3284.30, 3.48%
- Epoch 065, ExpID 76703
Train - Loss: 18299091.05
Val - Loss, MSE, RMSE, MAE, MAPE: 25250996.00, 25250995.00, 4998.35, 3791.71, 4.10%
Test - Best epoch, Loss, MSE, RMSE, MAE, MAPE: 58, 20766536.00, 20766536.50, 4331.97, 3284.30, 3.48%
- Epoch 066, ExpID 76703
Train - Loss: 18045101.45
Val - Loss, MSE, RMSE, MAE, MAPE: 25259354.00, 25259354.00, 4998.24, 3800.02, 4.11%
Test - Best epoch, Loss, MSE, RMSE, MAE, MAPE: 58, 20766536.00, 20766536.50, 4331.97, 3284.30, 3.48%
- Epoch 067, ExpID 76703
Train - Loss: 17965301.50
Val - Loss, MSE, RMSE, MAE, MAPE: 25092360.00, 25092359.00, 4982.38, 3786.95, 4.09%
Test - Best epoch, Loss, MSE, RMSE, MAE, MAPE: 58, 20766536.00, 20766536.50, 4331.97, 3284.30, 3.48%
- Epoch 068, ExpID 76703
Train - Loss: 17938874.14
Val - Loss, MSE, RMSE, MAE, MAPE: 25196830.00, 25196830.00, 4991.25, 3794.16, 4.10%
Test - Best epoch, Loss, MSE, RMSE, MAE, MAPE: 58, 20766536.00, 20766536.50, 4331.97, 3284.30, 3.48%
Early Stopping at Epoch 68
Fold 2019 Best RMSE: 4331.9700
