DETAILED LOG | Model: patchtst | Seed: 1
FULL CONFIG: {'gpu': '6', 'target': 'arrival', 'cv_start_year': 2017, 'cv_end_year': 2019, 'test_year': 2024, 'use_corona': False, 'seq_len': 365, 'label_len': 0, 'pred_len': 56, 'batch_size': 256, 'epochs': 1000, 'patience': 10, 'lr': 1e-05, 'model': 'patchtst', 'd_model': 256, 'n_heads': 4, 'n_layers': 6, 'dropout': 0.1, 'activation': 'gelu', 'patch_len': 14, 'factor': 5, 'norm_mode': 'revin', 'use_covar': True, 'use_dbloss': False, 'device': device(type='cuda'), 'stride': 7, 'file_path': 'dataset/airport_flight_with_holiday.csv', 'seed': 1, 'val_year': 2019, 'ndims': 1}

-------------------- [Fold: 2017] ExpID: 53656 --------------------
- Epoch 000, ExpID 53656
Train - Loss: 52677944.42
Val - Loss, MSE, RMSE, MAE, MAPE: 72630768.00, 72630766.00, 8314.21, 6682.84, 8.28%
Test - Best epoch, Loss, MSE, RMSE, MAE, MAPE: 0, 81741600.00, 81741604.00, 9039.20, 6883.28, 7.96%
- Epoch 001, ExpID 53656
Train - Loss: 41575458.53
Val - Loss, MSE, RMSE, MAE, MAPE: 56914416.00, 56914416.00, 7285.22, 5738.17, 7.12%
Test - Best epoch, Loss, MSE, RMSE, MAE, MAPE: 1, 68301992.00, 68301992.00, 8261.98, 6110.44, 7.07%
- Epoch 002, ExpID 53656
Train - Loss: 37766594.00
Val - Loss, MSE, RMSE, MAE, MAPE: 53768028.00, 53768029.00, 7036.70, 5487.80, 6.79%
Test - Best epoch, Loss, MSE, RMSE, MAE, MAPE: 2, 65081688.00, 65081690.00, 8067.26, 5845.51, 6.72%
- Epoch 003, ExpID 53656
Train - Loss: 35994024.42
Val - Loss, MSE, RMSE, MAE, MAPE: 50630616.00, 50630617.00, 6835.09, 5329.51, 6.59%
Test - Best epoch, Loss, MSE, RMSE, MAE, MAPE: 3, 63252792.00, 63252790.00, 7951.57, 5725.19, 6.57%
- Epoch 004, ExpID 53656
Train - Loss: 34454896.42
Val - Loss, MSE, RMSE, MAE, MAPE: 48441364.00, 48441365.00, 6690.28, 5207.13, 6.44%
Test - Best epoch, Loss, MSE, RMSE, MAE, MAPE: 4, 62276784.00, 62276782.00, 7885.01, 5647.19, 6.46%
- Epoch 005, ExpID 53656
Train - Loss: 32889081.16
Val - Loss, MSE, RMSE, MAE, MAPE: 46317176.00, 46317175.00, 6551.32, 5088.25, 6.29%
Test - Best epoch, Loss, MSE, RMSE, MAE, MAPE: 5, 61611348.00, 61611348.00, 7835.93, 5588.37, 6.38%
- Epoch 006, ExpID 53656
Train - Loss: 31883838.42
Val - Loss, MSE, RMSE, MAE, MAPE: 44708560.00, 44708560.00, 6444.88, 4992.77, 6.17%
Test - Best epoch, Loss, MSE, RMSE, MAE, MAPE: 6, 61438856.00, 61438858.00, 7816.81, 5555.61, 6.33%
- Epoch 007, ExpID 53656
Train - Loss: 30962535.47
Val - Loss, MSE, RMSE, MAE, MAPE: 43255080.00, 43255079.00, 6349.60, 4907.36, 6.06%
Test - Best epoch, Loss, MSE, RMSE, MAE, MAPE: 7, 61358608.00, 61358610.00, 7804.09, 5529.41, 6.29%
- Epoch 008, ExpID 53656
Train - Loss: 30057272.95
Val - Loss, MSE, RMSE, MAE, MAPE: 41520404.00, 41520403.00, 6229.10, 4799.39, 5.93%
Test - Best epoch, Loss, MSE, RMSE, MAE, MAPE: 8, 60992616.00, 60992618.00, 7775.76, 5491.65, 6.25%
- Epoch 009, ExpID 53656
Train - Loss: 29349850.42
Val - Loss, MSE, RMSE, MAE, MAPE: 40100428.00, 40100429.00, 6131.99, 4716.24, 5.83%
Test - Best epoch, Loss, MSE, RMSE, MAE, MAPE: 9, 60948648.00, 60948650.00, 7767.18, 5472.42, 6.22%
- Epoch 010, ExpID 53656
Train - Loss: 28660385.05
Val - Loss, MSE, RMSE, MAE, MAPE: 39060704.00, 39060702.00, 6055.90, 4644.05, 5.75%
Test - Best epoch, Loss, MSE, RMSE, MAE, MAPE: 10, 60778944.00, 60778942.00, 7752.53, 5441.27, 6.18%
- Epoch 011, ExpID 53656
Train - Loss: 28187476.53
Val - Loss, MSE, RMSE, MAE, MAPE: 37961496.00, 37961494.00, 5980.02, 4571.76, 5.66%
Test - Best epoch, Loss, MSE, RMSE, MAE, MAPE: 11, 60645504.00, 60645502.00, 7740.39, 5411.89, 6.14%
- Epoch 012, ExpID 53656
Train - Loss: 27634153.47
Val - Loss, MSE, RMSE, MAE, MAPE: 37390972.00, 37390972.00, 5941.13, 4534.06, 5.61%
Test - Best epoch, Loss, MSE, RMSE, MAE, MAPE: 12, 60826532.00, 60826532.00, 7747.12, 5398.39, 6.12%
- Epoch 013, ExpID 53656
Train - Loss: 27348534.00
Val - Loss, MSE, RMSE, MAE, MAPE: 36434096.00, 36434094.00, 5870.13, 4467.61, 5.53%
Test - Best epoch, Loss, MSE, RMSE, MAE, MAPE: 13, 60575688.00, 60575690.00, 7729.52, 5366.94, 6.08%
- Epoch 014, ExpID 53656
Train - Loss: 27113190.84
Val - Loss, MSE, RMSE, MAE, MAPE: 35706040.00, 35706038.00, 5815.84, 4416.08, 5.47%
Test - Best epoch, Loss, MSE, RMSE, MAE, MAPE: 14, 60464976.00, 60464978.00, 7720.45, 5345.82, 6.06%
- Epoch 015, ExpID 53656
Train - Loss: 26699347.16
Val - Loss, MSE, RMSE, MAE, MAPE: 35077732.00, 35077731.00, 5769.87, 4370.63, 5.42%
Test - Best epoch, Loss, MSE, RMSE, MAE, MAPE: 15, 60548588.00, 60548588.00, 7722.92, 5333.87, 6.04%
- Epoch 016, ExpID 53656
Train - Loss: 26273675.37
Val - Loss, MSE, RMSE, MAE, MAPE: 34292260.00, 34292261.00, 5706.76, 4317.51, 5.35%
Test - Best epoch, Loss, MSE, RMSE, MAE, MAPE: 16, 60374608.00, 60374610.00, 7710.69, 5329.03, 6.04%
- Epoch 017, ExpID 53656
Train - Loss: 25855552.53
Val - Loss, MSE, RMSE, MAE, MAPE: 33616336.00, 33616338.00, 5658.75, 4268.78, 5.30%
Test - Best epoch, Loss, MSE, RMSE, MAE, MAPE: 17, 60209036.00, 60209036.00, 7699.15, 5293.58, 5.99%
- Epoch 018, ExpID 53656
Train - Loss: 25751774.32
Val - Loss, MSE, RMSE, MAE, MAPE: 33067060.00, 33067059.00, 5612.20, 4224.86, 5.24%
Test - Best epoch, Loss, MSE, RMSE, MAE, MAPE: 18, 60025844.00, 60025844.00, 7686.90, 5282.43, 5.98%
- Epoch 019, ExpID 53656
Train - Loss: 25498111.47
Val - Loss, MSE, RMSE, MAE, MAPE: 32642130.00, 32642130.00, 5581.49, 4197.81, 5.21%
Test - Best epoch, Loss, MSE, RMSE, MAE, MAPE: 19, 60080816.00, 60080816.00, 7688.40, 5273.79, 5.97%
- Epoch 020, ExpID 53656
Train - Loss: 25060058.32
Val - Loss, MSE, RMSE, MAE, MAPE: 32075080.00, 32075079.00, 5534.89, 4149.79, 5.15%
Test - Best epoch, Loss, MSE, RMSE, MAE, MAPE: 20, 59833944.00, 59833946.00, 7672.60, 5246.73, 5.94%
- Epoch 021, ExpID 53656
Train - Loss: 24911505.16
Val - Loss, MSE, RMSE, MAE, MAPE: 31535328.00, 31535327.00, 5492.20, 4110.04, 5.10%
Test - Best epoch, Loss, MSE, RMSE, MAE, MAPE: 21, 59892084.00, 59892084.00, 7674.12, 5238.02, 5.93%
- Epoch 022, ExpID 53656
Train - Loss: 24719434.74
Val - Loss, MSE, RMSE, MAE, MAPE: 31099412.00, 31099412.00, 5459.52, 4081.93, 5.07%
Test - Best epoch, Loss, MSE, RMSE, MAE, MAPE: 22, 59930992.00, 59930994.00, 7674.86, 5236.36, 5.92%
- Epoch 023, ExpID 53656
Train - Loss: 24447289.37
Val - Loss, MSE, RMSE, MAE, MAPE: 30568326.00, 30568326.00, 5414.20, 4038.78, 5.02%
Test - Best epoch, Loss, MSE, RMSE, MAE, MAPE: 23, 59790488.00, 59790486.00, 7665.61, 5221.17, 5.91%
- Epoch 024, ExpID 53656
Train - Loss: 24279654.21
Val - Loss, MSE, RMSE, MAE, MAPE: 30140532.00, 30140533.00, 5381.68, 4014.20, 4.99%
Test - Best epoch, Loss, MSE, RMSE, MAE, MAPE: 24, 59898792.00, 59898792.00, 7670.28, 5221.69, 5.91%
- Epoch 025, ExpID 53656
Train - Loss: 24262073.37
Val - Loss, MSE, RMSE, MAE, MAPE: 29942924.00, 29942924.00, 5362.99, 3991.04, 4.96%
Test - Best epoch, Loss, MSE, RMSE, MAE, MAPE: 25, 59921888.00, 59921888.00, 7670.70, 5216.26, 5.90%
- Epoch 026, ExpID 53656
Train - Loss: 23840864.32
Val - Loss, MSE, RMSE, MAE, MAPE: 29380876.00, 29380875.00, 5315.91, 3948.72, 4.91%
Test - Best epoch, Loss, MSE, RMSE, MAE, MAPE: 26, 59752624.00, 59752626.00, 7659.14, 5206.42, 5.89%
- Epoch 027, ExpID 53656
Train - Loss: 23717863.26
Val - Loss, MSE, RMSE, MAE, MAPE: 29224804.00, 29224804.00, 5303.34, 3937.44, 4.90%
Test - Best epoch, Loss, MSE, RMSE, MAE, MAPE: 27, 59902396.00, 59902396.00, 7666.39, 5208.49, 5.89%
- Epoch 028, ExpID 53656
Train - Loss: 23732580.11
Val - Loss, MSE, RMSE, MAE, MAPE: 28758508.00, 28758507.00, 5265.42, 3907.27, 4.86%
Test - Best epoch, Loss, MSE, RMSE, MAE, MAPE: 28, 59849992.00, 59849992.00, 7662.57, 5202.91, 5.88%
- Epoch 029, ExpID 53656
Train - Loss: 23390210.00
Val - Loss, MSE, RMSE, MAE, MAPE: 28366792.00, 28366793.00, 5228.17, 3870.28, 4.82%
Test - Best epoch, Loss, MSE, RMSE, MAE, MAPE: 29, 59808816.00, 59808816.00, 7658.83, 5203.32, 5.88%
- Epoch 030, ExpID 53656
Train - Loss: 23073424.11
Val - Loss, MSE, RMSE, MAE, MAPE: 28212372.00, 28212371.00, 5217.86, 3858.98, 4.80%
Test - Best epoch, Loss, MSE, RMSE, MAE, MAPE: 30, 60125160.00, 60125162.00, 7676.11, 5210.22, 5.89%
- Epoch 031, ExpID 53656
Train - Loss: 23159562.00
Val - Loss, MSE, RMSE, MAE, MAPE: 27574132.00, 27574133.00, 5160.76, 3816.33, 4.76%
Test - Best epoch, Loss, MSE, RMSE, MAE, MAPE: 31, 59683760.00, 59683758.00, 7649.59, 5187.01, 5.87%
- Epoch 032, ExpID 53656
Train - Loss: 23022156.74
Val - Loss, MSE, RMSE, MAE, MAPE: 27578878.00, 27578878.00, 5161.08, 3806.98, 4.74%
Test - Best epoch, Loss, MSE, RMSE, MAE, MAPE: 31, 59683760.00, 59683758.00, 7649.59, 5187.01, 5.87%
- Epoch 033, ExpID 53656
Train - Loss: 22811514.00
Val - Loss, MSE, RMSE, MAE, MAPE: 27600292.00, 27600293.00, 5161.63, 3809.83, 4.74%
Test - Best epoch, Loss, MSE, RMSE, MAE, MAPE: 31, 59683760.00, 59683758.00, 7649.59, 5187.01, 5.87%
- Epoch 034, ExpID 53656
Train - Loss: 22694995.47
Val - Loss, MSE, RMSE, MAE, MAPE: 26771376.00, 26771375.00, 5088.81, 3753.55, 4.68%
Test - Best epoch, Loss, MSE, RMSE, MAE, MAPE: 34, 59597688.00, 59597688.00, 7641.96, 5179.61, 5.86%
- Epoch 035, ExpID 53656
Train - Loss: 22597364.63
Val - Loss, MSE, RMSE, MAE, MAPE: 27031004.00, 27031004.00, 5111.16, 3771.78, 4.70%
Test - Best epoch, Loss, MSE, RMSE, MAE, MAPE: 34, 59597688.00, 59597688.00, 7641.96, 5179.61, 5.86%
- Epoch 036, ExpID 53656
Train - Loss: 22217564.00
Val - Loss, MSE, RMSE, MAE, MAPE: 26661376.00, 26661375.00, 5075.63, 3740.75, 4.66%
Test - Best epoch, Loss, MSE, RMSE, MAE, MAPE: 36, 59892736.00, 59892734.00, 7657.91, 5203.11, 5.88%
- Epoch 037, ExpID 53656
Train - Loss: 22302212.74
Val - Loss, MSE, RMSE, MAE, MAPE: 26113868.00, 26113869.00, 5028.67, 3711.42, 4.64%
Test - Best epoch, Loss, MSE, RMSE, MAE, MAPE: 37, 59345276.00, 59345276.00, 7626.19, 5167.78, 5.85%
- Epoch 038, ExpID 53656
Train - Loss: 22158950.53
Val - Loss, MSE, RMSE, MAE, MAPE: 26171744.00, 26171745.00, 5029.92, 3710.36, 4.63%
Test - Best epoch, Loss, MSE, RMSE, MAE, MAPE: 37, 59345276.00, 59345276.00, 7626.19, 5167.78, 5.85%
- Epoch 039, ExpID 53656
Train - Loss: 22167254.00
Val - Loss, MSE, RMSE, MAE, MAPE: 26228422.00, 26228422.00, 5034.91, 3708.95, 4.62%
Test - Best epoch, Loss, MSE, RMSE, MAE, MAPE: 37, 59345276.00, 59345276.00, 7626.19, 5167.78, 5.85%
- Epoch 040, ExpID 53656
Train - Loss: 21938039.89
Val - Loss, MSE, RMSE, MAE, MAPE: 25677124.00, 25677123.50, 4985.22, 3685.22, 4.61%
Test - Best epoch, Loss, MSE, RMSE, MAE, MAPE: 40, 59604108.00, 59604108.00, 7639.54, 5204.83, 5.89%
- Epoch 041, ExpID 53656
Train - Loss: 21854354.42
Val - Loss, MSE, RMSE, MAE, MAPE: 25912054.00, 25912054.50, 5002.46, 3686.38, 4.60%
Test - Best epoch, Loss, MSE, RMSE, MAE, MAPE: 40, 59604108.00, 59604108.00, 7639.54, 5204.83, 5.89%
- Epoch 042, ExpID 53656
Train - Loss: 21776078.32
Val - Loss, MSE, RMSE, MAE, MAPE: 25442772.00, 25442771.50, 4961.20, 3663.13, 4.58%
Test - Best epoch, Loss, MSE, RMSE, MAE, MAPE: 42, 59813808.00, 59813810.00, 7650.95, 5217.79, 5.90%
- Epoch 043, ExpID 53656
Train - Loss: 21607172.53
Val - Loss, MSE, RMSE, MAE, MAPE: 25600064.00, 25600064.00, 4971.26, 3666.47, 4.57%
Test - Best epoch, Loss, MSE, RMSE, MAE, MAPE: 42, 59813808.00, 59813810.00, 7650.95, 5217.79, 5.90%
- Epoch 044, ExpID 53656
Train - Loss: 21425642.95
Val - Loss, MSE, RMSE, MAE, MAPE: 25273558.00, 25273557.50, 4941.35, 3653.94, 4.57%
Test - Best epoch, Loss, MSE, RMSE, MAE, MAPE: 44, 59920352.00, 59920350.00, 7656.15, 5236.74, 5.92%
- Epoch 045, ExpID 53656
Train - Loss: 21521773.58
Val - Loss, MSE, RMSE, MAE, MAPE: 25178792.00, 25178791.50, 4935.02, 3652.01, 4.57%
Test - Best epoch, Loss, MSE, RMSE, MAE, MAPE: 45, 60012180.00, 60012180.00, 7660.50, 5239.44, 5.93%
- Epoch 046, ExpID 53656
Train - Loss: 21331274.74
Val - Loss, MSE, RMSE, MAE, MAPE: 24997540.00, 24997541.00, 4917.79, 3645.52, 4.56%
Test - Best epoch, Loss, MSE, RMSE, MAE, MAPE: 46, 59898620.00, 59898620.00, 7654.09, 5243.21, 5.93%
- Epoch 047, ExpID 53656
Train - Loss: 21334872.00
Val - Loss, MSE, RMSE, MAE, MAPE: 25234648.00, 25234649.00, 4935.69, 3655.21, 4.57%
Test - Best epoch, Loss, MSE, RMSE, MAE, MAPE: 46, 59898620.00, 59898620.00, 7654.09, 5243.21, 5.93%
- Epoch 048, ExpID 53656
Train - Loss: 21081060.32
Val - Loss, MSE, RMSE, MAE, MAPE: 24798704.00, 24798703.50, 4895.96, 3632.34, 4.55%
Test - Best epoch, Loss, MSE, RMSE, MAE, MAPE: 48, 60027572.00, 60027572.00, 7661.69, 5259.07, 5.95%
- Epoch 049, ExpID 53656
Train - Loss: 21211174.53
Val - Loss, MSE, RMSE, MAE, MAPE: 24984860.00, 24984861.00, 4910.19, 3643.14, 4.56%
Test - Best epoch, Loss, MSE, RMSE, MAE, MAPE: 48, 60027572.00, 60027572.00, 7661.69, 5259.07, 5.95%
- Epoch 050, ExpID 53656
Train - Loss: 20983072.32
Val - Loss, MSE, RMSE, MAE, MAPE: 24960926.00, 24960926.00, 4906.14, 3646.87, 4.57%
Test - Best epoch, Loss, MSE, RMSE, MAE, MAPE: 48, 60027572.00, 60027572.00, 7661.69, 5259.07, 5.95%
- Epoch 051, ExpID 53656
Train - Loss: 20828286.53
Val - Loss, MSE, RMSE, MAE, MAPE: 24787246.00, 24787246.00, 4890.97, 3642.79, 4.56%
Test - Best epoch, Loss, MSE, RMSE, MAE, MAPE: 51, 60235508.00, 60235508.00, 7674.18, 5293.63, 5.99%
- Epoch 052, ExpID 53656
Train - Loss: 20828044.00
Val - Loss, MSE, RMSE, MAE, MAPE: 25166520.00, 25166520.50, 4922.00, 3660.14, 4.58%
Test - Best epoch, Loss, MSE, RMSE, MAE, MAPE: 51, 60235508.00, 60235508.00, 7674.18, 5293.63, 5.99%
- Epoch 053, ExpID 53656
Train - Loss: 20731356.21
Val - Loss, MSE, RMSE, MAE, MAPE: 24828658.00, 24828658.00, 4888.70, 3642.48, 4.56%
Test - Best epoch, Loss, MSE, RMSE, MAE, MAPE: 51, 60235508.00, 60235508.00, 7674.18, 5293.63, 5.99%
- Epoch 054, ExpID 53656
Train - Loss: 20596086.11
Val - Loss, MSE, RMSE, MAE, MAPE: 24875194.00, 24875194.50, 4891.71, 3650.82, 4.57%
Test - Best epoch, Loss, MSE, RMSE, MAE, MAPE: 51, 60235508.00, 60235508.00, 7674.18, 5293.63, 5.99%
- Epoch 055, ExpID 53656
Train - Loss: 20595946.84
Val - Loss, MSE, RMSE, MAE, MAPE: 25094258.00, 25094258.50, 4910.35, 3657.91, 4.57%
Test - Best epoch, Loss, MSE, RMSE, MAE, MAPE: 51, 60235508.00, 60235508.00, 7674.18, 5293.63, 5.99%
- Epoch 056, ExpID 53656
Train - Loss: 20467337.58
Val - Loss, MSE, RMSE, MAE, MAPE: 24804760.00, 24804759.50, 4886.03, 3655.46, 4.59%
Test - Best epoch, Loss, MSE, RMSE, MAE, MAPE: 51, 60235508.00, 60235508.00, 7674.18, 5293.63, 5.99%
- Epoch 057, ExpID 53656
Train - Loss: 20309498.63
Val - Loss, MSE, RMSE, MAE, MAPE: 25014976.00, 25014976.50, 4901.18, 3661.95, 4.58%
Test - Best epoch, Loss, MSE, RMSE, MAE, MAPE: 51, 60235508.00, 60235508.00, 7674.18, 5293.63, 5.99%
- Epoch 058, ExpID 53656
Train - Loss: 20293551.58
Val - Loss, MSE, RMSE, MAE, MAPE: 24893814.00, 24893814.00, 4890.74, 3660.22, 4.59%
Test - Best epoch, Loss, MSE, RMSE, MAE, MAPE: 51, 60235508.00, 60235508.00, 7674.18, 5293.63, 5.99%
- Epoch 059, ExpID 53656
Train - Loss: 20242088.63
Val - Loss, MSE, RMSE, MAE, MAPE: 24798308.00, 24798307.50, 4881.33, 3667.76, 4.60%
Test - Best epoch, Loss, MSE, RMSE, MAE, MAPE: 51, 60235508.00, 60235508.00, 7674.18, 5293.63, 5.99%
- Epoch 060, ExpID 53656
Train - Loss: 20094548.32
Val - Loss, MSE, RMSE, MAE, MAPE: 25223944.00, 25223944.50, 4915.40, 3677.88, 4.60%
Test - Best epoch, Loss, MSE, RMSE, MAE, MAPE: 51, 60235508.00, 60235508.00, 7674.18, 5293.63, 5.99%
- Epoch 061, ExpID 53656
Train - Loss: 19925694.84
Val - Loss, MSE, RMSE, MAE, MAPE: 24752126.00, 24752126.50, 4874.79, 3680.39, 4.63%
Test - Best epoch, Loss, MSE, RMSE, MAE, MAPE: 61, 60380444.00, 60380444.00, 7682.47, 5373.42, 6.10%
- Epoch 062, ExpID 53656
Train - Loss: 20040184.11
Val - Loss, MSE, RMSE, MAE, MAPE: 25424644.00, 25424644.50, 4930.29, 3686.06, 4.61%
Test - Best epoch, Loss, MSE, RMSE, MAE, MAPE: 61, 60380444.00, 60380444.00, 7682.47, 5373.42, 6.10%
- Epoch 063, ExpID 53656
Train - Loss: 19915385.47
Val - Loss, MSE, RMSE, MAE, MAPE: 25210246.00, 25210246.00, 4910.34, 3694.95, 4.63%
Test - Best epoch, Loss, MSE, RMSE, MAE, MAPE: 61, 60380444.00, 60380444.00, 7682.47, 5373.42, 6.10%
- Epoch 064, ExpID 53656
Train - Loss: 19686388.32
Val - Loss, MSE, RMSE, MAE, MAPE: 24963132.00, 24963132.50, 4892.74, 3707.35, 4.67%
Test - Best epoch, Loss, MSE, RMSE, MAE, MAPE: 61, 60380444.00, 60380444.00, 7682.47, 5373.42, 6.10%
- Epoch 065, ExpID 53656
Train - Loss: 19634413.37
Val - Loss, MSE, RMSE, MAE, MAPE: 25347530.00, 25347530.50, 4921.60, 3705.86, 4.64%
Test - Best epoch, Loss, MSE, RMSE, MAE, MAPE: 61, 60380444.00, 60380444.00, 7682.47, 5373.42, 6.10%
- Epoch 066, ExpID 53656
Train - Loss: 19610449.47
Val - Loss, MSE, RMSE, MAE, MAPE: 25241658.00, 25241658.50, 4914.24, 3721.92, 4.68%
Test - Best epoch, Loss, MSE, RMSE, MAE, MAPE: 61, 60380444.00, 60380444.00, 7682.47, 5373.42, 6.10%
- Epoch 067, ExpID 53656
Train - Loss: 19699179.89
Val - Loss, MSE, RMSE, MAE, MAPE: 25278432.00, 25278432.50, 4916.75, 3737.03, 4.70%
Test - Best epoch, Loss, MSE, RMSE, MAE, MAPE: 61, 60380444.00, 60380444.00, 7682.47, 5373.42, 6.10%
- Epoch 068, ExpID 53656
Train - Loss: 19540848.21
Val - Loss, MSE, RMSE, MAE, MAPE: 25958764.00, 25958765.00, 4974.04, 3755.70, 4.71%
Test - Best epoch, Loss, MSE, RMSE, MAE, MAPE: 61, 60380444.00, 60380444.00, 7682.47, 5373.42, 6.10%
- Epoch 069, ExpID 53656
Train - Loss: 19515304.84
Val - Loss, MSE, RMSE, MAE, MAPE: 25536450.00, 25536450.50, 4936.46, 3753.02, 4.72%
Test - Best epoch, Loss, MSE, RMSE, MAE, MAPE: 61, 60380444.00, 60380444.00, 7682.47, 5373.42, 6.10%
- Epoch 070, ExpID 53656
Train - Loss: 19277919.58
Val - Loss, MSE, RMSE, MAE, MAPE: 25793788.00, 25793788.00, 4958.59, 3762.27, 4.72%
Test - Best epoch, Loss, MSE, RMSE, MAE, MAPE: 61, 60380444.00, 60380444.00, 7682.47, 5373.42, 6.10%
- Epoch 071, ExpID 53656
Train - Loss: 19382852.32
Val - Loss, MSE, RMSE, MAE, MAPE: 26311148.00, 26311148.00, 5003.71, 3785.76, 4.74%
Test - Best epoch, Loss, MSE, RMSE, MAE, MAPE: 61, 60380444.00, 60380444.00, 7682.47, 5373.42, 6.10%
Early Stopping at Epoch 71
Fold 2017 Best RMSE: 7682.4661

-------------------- [Fold: 2018] ExpID: 93704 --------------------
- Epoch 000, ExpID 93704
Train - Loss: 54709203.60
Val - Loss, MSE, RMSE, MAE, MAPE: 78411320.00, 78411320.00, 8847.52, 6759.55, 7.89%
Test - Best epoch, Loss, MSE, RMSE, MAE, MAPE: 0, 57727512.00, 57727512.00, 7570.17, 5962.41, 6.51%
- Epoch 001, ExpID 93704
Train - Loss: 44475654.40
Val - Loss, MSE, RMSE, MAE, MAPE: 68978984.00, 68978982.00, 8297.61, 6177.96, 7.21%
Test - Best epoch, Loss, MSE, RMSE, MAE, MAPE: 1, 48536024.00, 48536026.00, 6932.46, 5321.38, 5.83%
- Epoch 002, ExpID 93704
Train - Loss: 41019493.40
Val - Loss, MSE, RMSE, MAE, MAPE: 65317408.00, 65317406.00, 8079.88, 5892.52, 6.83%
Test - Best epoch, Loss, MSE, RMSE, MAE, MAPE: 2, 44462600.00, 44462602.00, 6630.82, 5058.96, 5.54%
- Epoch 003, ExpID 93704
Train - Loss: 38845587.00
Val - Loss, MSE, RMSE, MAE, MAPE: 63089552.00, 63089552.00, 7942.85, 5754.82, 6.67%
Test - Best epoch, Loss, MSE, RMSE, MAE, MAPE: 3, 41558992.00, 41558992.00, 6418.16, 4883.65, 5.35%
- Epoch 004, ExpID 93704
Train - Loss: 37086822.80
Val - Loss, MSE, RMSE, MAE, MAPE: 61687224.00, 61687222.00, 7853.07, 5617.46, 6.47%
Test - Best epoch, Loss, MSE, RMSE, MAE, MAPE: 4, 39452660.00, 39452661.00, 6254.11, 4749.10, 5.19%
- Epoch 005, ExpID 93704
Train - Loss: 35731968.50
Val - Loss, MSE, RMSE, MAE, MAPE: 60567044.00, 60567044.00, 7778.98, 5536.75, 6.38%
Test - Best epoch, Loss, MSE, RMSE, MAE, MAPE: 5, 37683968.00, 37683967.00, 6117.75, 4631.82, 5.07%
- Epoch 006, ExpID 93704
Train - Loss: 34597459.10
Val - Loss, MSE, RMSE, MAE, MAPE: 60166448.00, 60166448.00, 7748.33, 5472.65, 6.28%
Test - Best epoch, Loss, MSE, RMSE, MAE, MAPE: 6, 36542900.00, 36542899.00, 6027.90, 4566.46, 4.99%
- Epoch 007, ExpID 93704
Train - Loss: 33495318.30
Val - Loss, MSE, RMSE, MAE, MAPE: 59975360.00, 59975362.00, 7730.40, 5429.24, 6.22%
Test - Best epoch, Loss, MSE, RMSE, MAE, MAPE: 7, 35763700.00, 35763701.00, 5967.07, 4528.96, 4.94%
- Epoch 008, ExpID 93704
Train - Loss: 32462376.00
Val - Loss, MSE, RMSE, MAE, MAPE: 59888136.00, 59888134.00, 7719.37, 5393.64, 6.16%
Test - Best epoch, Loss, MSE, RMSE, MAE, MAPE: 8, 35132860.00, 35132859.00, 5917.30, 4490.69, 4.89%
- Epoch 009, ExpID 93704
Train - Loss: 31657392.50
Val - Loss, MSE, RMSE, MAE, MAPE: 59748416.00, 59748416.00, 7705.64, 5363.94, 6.12%
Test - Best epoch, Loss, MSE, RMSE, MAE, MAPE: 9, 34593456.00, 34593457.00, 5873.85, 4465.03, 4.86%
- Epoch 010, ExpID 93704
Train - Loss: 30918924.70
Val - Loss, MSE, RMSE, MAE, MAPE: 60019128.00, 60019128.00, 7716.62, 5354.60, 6.10%
Test - Best epoch, Loss, MSE, RMSE, MAE, MAPE: 9, 34593456.00, 34593457.00, 5873.85, 4465.03, 4.86%
- Epoch 011, ExpID 93704
Train - Loss: 30178356.70
Val - Loss, MSE, RMSE, MAE, MAPE: 59810400.00, 59810400.00, 7700.29, 5322.75, 6.06%
Test - Best epoch, Loss, MSE, RMSE, MAE, MAPE: 9, 34593456.00, 34593457.00, 5873.85, 4465.03, 4.86%
- Epoch 012, ExpID 93704
Train - Loss: 29642313.90
Val - Loss, MSE, RMSE, MAE, MAPE: 59944336.00, 59944334.00, 7704.20, 5304.11, 6.03%
Test - Best epoch, Loss, MSE, RMSE, MAE, MAPE: 9, 34593456.00, 34593457.00, 5873.85, 4465.03, 4.86%
- Epoch 013, ExpID 93704
Train - Loss: 29034292.00
Val - Loss, MSE, RMSE, MAE, MAPE: 60151688.00, 60151688.00, 7713.09, 5296.09, 6.01%
Test - Best epoch, Loss, MSE, RMSE, MAE, MAPE: 9, 34593456.00, 34593457.00, 5873.85, 4465.03, 4.86%
- Epoch 014, ExpID 93704
Train - Loss: 28488365.30
Val - Loss, MSE, RMSE, MAE, MAPE: 60349464.00, 60349466.00, 7721.87, 5291.81, 6.00%
Test - Best epoch, Loss, MSE, RMSE, MAE, MAPE: 9, 34593456.00, 34593457.00, 5873.85, 4465.03, 4.86%
- Epoch 015, ExpID 93704
Train - Loss: 27924471.60
Val - Loss, MSE, RMSE, MAE, MAPE: 60357320.00, 60357320.00, 7720.06, 5277.55, 5.98%
Test - Best epoch, Loss, MSE, RMSE, MAE, MAPE: 9, 34593456.00, 34593457.00, 5873.85, 4465.03, 4.86%
- Epoch 016, ExpID 93704
Train - Loss: 27678347.90
Val - Loss, MSE, RMSE, MAE, MAPE: 60887052.00, 60887052.00, 7748.26, 5294.33, 5.99%
Test - Best epoch, Loss, MSE, RMSE, MAE, MAPE: 9, 34593456.00, 34593457.00, 5873.85, 4465.03, 4.86%
- Epoch 017, ExpID 93704
Train - Loss: 27191252.40
Val - Loss, MSE, RMSE, MAE, MAPE: 60772976.00, 60772978.00, 7739.95, 5276.57, 5.97%
Test - Best epoch, Loss, MSE, RMSE, MAE, MAPE: 9, 34593456.00, 34593457.00, 5873.85, 4465.03, 4.86%
- Epoch 018, ExpID 93704
Train - Loss: 26827952.30
Val - Loss, MSE, RMSE, MAE, MAPE: 61066064.00, 61066062.00, 7754.67, 5290.61, 5.98%
Test - Best epoch, Loss, MSE, RMSE, MAE, MAPE: 9, 34593456.00, 34593457.00, 5873.85, 4465.03, 4.86%
- Epoch 019, ExpID 93704
Train - Loss: 26493019.70
Val - Loss, MSE, RMSE, MAE, MAPE: 61338676.00, 61338676.00, 7768.82, 5291.11, 5.98%
Test - Best epoch, Loss, MSE, RMSE, MAE, MAPE: 9, 34593456.00, 34593457.00, 5873.85, 4465.03, 4.86%
Early Stopping at Epoch 19
Fold 2018 Best RMSE: 5873.8542

-------------------- [Fold: 2019] ExpID: 30189 --------------------
- Epoch 000, ExpID 30189
Train - Loss: 58934036.36
Val - Loss, MSE, RMSE, MAE, MAPE: 56917744.00, 56917742.00, 7518.26, 5916.27, 6.45%
Test - Best epoch, Loss, MSE, RMSE, MAE, MAPE: 0, 71142776.00, 71142776.00, 8434.09, 6761.21, 7.31%
- Epoch 001, ExpID 30189
Train - Loss: 46241685.64
Val - Loss, MSE, RMSE, MAE, MAPE: 48060832.00, 48060830.00, 6903.89, 5273.66, 5.78%
Test - Best epoch, Loss, MSE, RMSE, MAE, MAPE: 1, 61630040.00, 61630042.00, 7850.05, 6284.67, 6.81%
- Epoch 002, ExpID 30189
Train - Loss: 43031012.91
Val - Loss, MSE, RMSE, MAE, MAPE: 44146560.00, 44146560.00, 6616.76, 5034.03, 5.51%
Test - Best epoch, Loss, MSE, RMSE, MAE, MAPE: 2, 55077088.00, 55077088.00, 7416.17, 5884.78, 6.38%
- Epoch 003, ExpID 30189
Train - Loss: 40669039.09
Val - Loss, MSE, RMSE, MAE, MAPE: 41418800.00, 41418802.00, 6413.92, 4868.32, 5.33%
Test - Best epoch, Loss, MSE, RMSE, MAE, MAPE: 3, 51067976.00, 51067978.00, 7135.67, 5631.89, 6.11%
- Epoch 004, ExpID 30189
Train - Loss: 38915420.00
Val - Loss, MSE, RMSE, MAE, MAPE: 39335064.00, 39335063.00, 6253.09, 4735.67, 5.18%
Test - Best epoch, Loss, MSE, RMSE, MAE, MAPE: 4, 47251164.00, 47251164.00, 6855.02, 5377.37, 5.84%
- Epoch 005, ExpID 30189
Train - Loss: 37491209.36
Val - Loss, MSE, RMSE, MAE, MAPE: 37936820.00, 37936819.00, 6144.81, 4655.62, 5.09%
Test - Best epoch, Loss, MSE, RMSE, MAE, MAPE: 5, 44190856.00, 44190854.00, 6619.06, 5163.27, 5.61%
- Epoch 006, ExpID 30189
Train - Loss: 36063248.73
Val - Loss, MSE, RMSE, MAE, MAPE: 36808964.00, 36808964.00, 6056.13, 4593.18, 5.02%
Test - Best epoch, Loss, MSE, RMSE, MAE, MAPE: 6, 41742136.00, 41742137.00, 6421.14, 4986.93, 5.42%
- Epoch 007, ExpID 30189
Train - Loss: 35135548.27
Val - Loss, MSE, RMSE, MAE, MAPE: 36063408.00, 36063409.00, 5997.62, 4550.12, 4.97%
Test - Best epoch, Loss, MSE, RMSE, MAE, MAPE: 7, 39976280.00, 39976282.00, 6274.60, 4854.65, 5.27%
- Epoch 008, ExpID 30189
Train - Loss: 34114415.82
Val - Loss, MSE, RMSE, MAE, MAPE: 35485492.00, 35485491.00, 5951.44, 4526.60, 4.94%
Test - Best epoch, Loss, MSE, RMSE, MAE, MAPE: 8, 37998688.00, 37998689.00, 6104.37, 4708.57, 5.11%
- Epoch 009, ExpID 30189
Train - Loss: 33389510.91
Val - Loss, MSE, RMSE, MAE, MAPE: 35045744.00, 35045746.00, 5916.34, 4498.44, 4.90%
Test - Best epoch, Loss, MSE, RMSE, MAE, MAPE: 9, 36662380.00, 36662380.00, 5988.12, 4611.09, 5.00%
- Epoch 010, ExpID 30189
Train - Loss: 32802285.82
Val - Loss, MSE, RMSE, MAE, MAPE: 34709972.00, 34709972.00, 5889.38, 4483.70, 4.89%
Test - Best epoch, Loss, MSE, RMSE, MAE, MAPE: 10, 35613952.00, 35613952.00, 5894.68, 4533.17, 4.92%
- Epoch 011, ExpID 30189
Train - Loss: 32090052.45
Val - Loss, MSE, RMSE, MAE, MAPE: 34651068.00, 34651067.00, 5885.42, 4489.40, 4.89%
Test - Best epoch, Loss, MSE, RMSE, MAE, MAPE: 11, 34247784.00, 34247786.00, 5766.31, 4422.04, 4.79%
- Epoch 012, ExpID 30189
Train - Loss: 31553138.91
Val - Loss, MSE, RMSE, MAE, MAPE: 34234112.00, 34234112.00, 5850.34, 4456.32, 4.86%
Test - Best epoch, Loss, MSE, RMSE, MAE, MAPE: 12, 34017132.00, 34017133.00, 5747.33, 4410.12, 4.78%
- Epoch 013, ExpID 30189
Train - Loss: 30877369.55
Val - Loss, MSE, RMSE, MAE, MAPE: 34459464.00, 34459466.00, 5870.09, 4488.65, 4.88%
Test - Best epoch, Loss, MSE, RMSE, MAE, MAPE: 12, 34017132.00, 34017133.00, 5747.33, 4410.12, 4.78%
- Epoch 014, ExpID 30189
Train - Loss: 30331215.36
Val - Loss, MSE, RMSE, MAE, MAPE: 34237432.00, 34237430.00, 5851.27, 4471.62, 4.87%
Test - Best epoch, Loss, MSE, RMSE, MAE, MAPE: 12, 34017132.00, 34017133.00, 5747.33, 4410.12, 4.78%
- Epoch 015, ExpID 30189
Train - Loss: 29946163.00
Val - Loss, MSE, RMSE, MAE, MAPE: 34312688.00, 34312690.00, 5857.66, 4483.74, 4.88%
Test - Best epoch, Loss, MSE, RMSE, MAE, MAPE: 12, 34017132.00, 34017133.00, 5747.33, 4410.12, 4.78%
- Epoch 016, ExpID 30189
Train - Loss: 29503783.09
Val - Loss, MSE, RMSE, MAE, MAPE: 34318544.00, 34318542.00, 5857.98, 4487.87, 4.88%
Test - Best epoch, Loss, MSE, RMSE, MAE, MAPE: 12, 34017132.00, 34017133.00, 5747.33, 4410.12, 4.78%
- Epoch 017, ExpID 30189
Train - Loss: 29332979.55
Val - Loss, MSE, RMSE, MAE, MAPE: 34095272.00, 34095272.00, 5838.89, 4468.05, 4.86%
Test - Best epoch, Loss, MSE, RMSE, MAE, MAPE: 17, 30541940.00, 30541940.00, 5411.59, 4127.58, 4.45%
- Epoch 018, ExpID 30189
Train - Loss: 28830590.82
Val - Loss, MSE, RMSE, MAE, MAPE: 34227836.00, 34227836.00, 5849.88, 4476.73, 4.87%
Test - Best epoch, Loss, MSE, RMSE, MAE, MAPE: 17, 30541940.00, 30541940.00, 5411.59, 4127.58, 4.45%
- Epoch 019, ExpID 30189
Train - Loss: 28536264.64
Val - Loss, MSE, RMSE, MAE, MAPE: 34331852.00, 34331853.00, 5858.42, 4491.92, 4.88%
Test - Best epoch, Loss, MSE, RMSE, MAE, MAPE: 17, 30541940.00, 30541940.00, 5411.59, 4127.58, 4.45%
- Epoch 020, ExpID 30189
Train - Loss: 28432230.45
Val - Loss, MSE, RMSE, MAE, MAPE: 34054736.00, 34054734.00, 5834.82, 4467.13, 4.86%
Test - Best epoch, Loss, MSE, RMSE, MAE, MAPE: 20, 29409568.00, 29409567.00, 5300.39, 4032.44, 4.33%
- Epoch 021, ExpID 30189
Train - Loss: 27918312.55
Val - Loss, MSE, RMSE, MAE, MAPE: 34072728.00, 34072728.00, 5836.19, 4469.99, 4.86%
Test - Best epoch, Loss, MSE, RMSE, MAE, MAPE: 20, 29409568.00, 29409567.00, 5300.39, 4032.44, 4.33%
- Epoch 022, ExpID 30189
Train - Loss: 27572699.45
Val - Loss, MSE, RMSE, MAE, MAPE: 34210248.00, 34210249.00, 5847.60, 4487.81, 4.87%
Test - Best epoch, Loss, MSE, RMSE, MAE, MAPE: 20, 29409568.00, 29409567.00, 5300.39, 4032.44, 4.33%
- Epoch 023, ExpID 30189
Train - Loss: 27478032.91
Val - Loss, MSE, RMSE, MAE, MAPE: 33819300.00, 33819300.00, 5814.48, 4451.39, 4.84%
Test - Best epoch, Loss, MSE, RMSE, MAE, MAPE: 23, 28248984.00, 28248984.00, 5181.87, 3935.46, 4.22%
- Epoch 024, ExpID 30189
Train - Loss: 27266604.55
Val - Loss, MSE, RMSE, MAE, MAPE: 33709580.00, 33709580.00, 5805.06, 4445.01, 4.83%
Test - Best epoch, Loss, MSE, RMSE, MAE, MAPE: 24, 28169452.00, 28169452.50, 5177.17, 3928.19, 4.20%
- Epoch 025, ExpID 30189
Train - Loss: 26980081.82
Val - Loss, MSE, RMSE, MAE, MAPE: 33625168.00, 33625168.00, 5797.77, 4448.26, 4.83%
Test - Best epoch, Loss, MSE, RMSE, MAE, MAPE: 25, 27615180.00, 27615179.50, 5115.54, 3882.34, 4.15%
- Epoch 026, ExpID 30189
Train - Loss: 26688357.27
Val - Loss, MSE, RMSE, MAE, MAPE: 33509236.00, 33509237.00, 5787.79, 4433.74, 4.82%
Test - Best epoch, Loss, MSE, RMSE, MAE, MAPE: 26, 27464784.00, 27464784.00, 5102.71, 3869.15, 4.13%
- Epoch 027, ExpID 30189
Train - Loss: 26493168.91
Val - Loss, MSE, RMSE, MAE, MAPE: 33613876.00, 33613877.00, 5796.72, 4450.88, 4.83%
Test - Best epoch, Loss, MSE, RMSE, MAE, MAPE: 26, 27464784.00, 27464784.00, 5102.71, 3869.15, 4.13%
- Epoch 028, ExpID 30189
Train - Loss: 26173064.09
Val - Loss, MSE, RMSE, MAE, MAPE: 33208416.00, 33208415.00, 5761.92, 4411.18, 4.79%
Test - Best epoch, Loss, MSE, RMSE, MAE, MAPE: 28, 27138212.00, 27138212.50, 5068.68, 3847.71, 4.11%
- Epoch 029, ExpID 30189
Train - Loss: 26429405.00
Val - Loss, MSE, RMSE, MAE, MAPE: 33031070.00, 33031070.00, 5746.63, 4399.71, 4.78%
Test - Best epoch, Loss, MSE, RMSE, MAE, MAPE: 29, 27056488.00, 27056488.50, 5064.05, 3839.48, 4.10%
- Epoch 030, ExpID 30189
Train - Loss: 26097227.18
Val - Loss, MSE, RMSE, MAE, MAPE: 32888376.00, 32888376.00, 5734.37, 4388.43, 4.77%
Test - Best epoch, Loss, MSE, RMSE, MAE, MAPE: 30, 26658524.00, 26658523.50, 5018.69, 3806.82, 4.06%
- Epoch 031, ExpID 30189
Train - Loss: 25941130.00
Val - Loss, MSE, RMSE, MAE, MAPE: 32665988.00, 32665988.00, 5714.99, 4374.36, 4.75%
Test - Best epoch, Loss, MSE, RMSE, MAE, MAPE: 31, 26646472.00, 26646471.50, 5019.44, 3806.66, 4.06%
- Epoch 032, ExpID 30189
Train - Loss: 25722305.73
Val - Loss, MSE, RMSE, MAE, MAPE: 32234184.00, 32234183.00, 5677.38, 4338.99, 4.72%
Test - Best epoch, Loss, MSE, RMSE, MAE, MAPE: 32, 26441892.00, 26441893.00, 4994.56, 3791.81, 4.04%
- Epoch 033, ExpID 30189
Train - Loss: 25365828.55
Val - Loss, MSE, RMSE, MAE, MAPE: 32640036.00, 32640037.00, 5712.72, 4378.81, 4.75%
Test - Best epoch, Loss, MSE, RMSE, MAE, MAPE: 32, 26441892.00, 26441893.00, 4994.56, 3791.81, 4.04%
- Epoch 034, ExpID 30189
Train - Loss: 25731308.00
Val - Loss, MSE, RMSE, MAE, MAPE: 31808092.00, 31808093.00, 5639.84, 4307.61, 4.69%
Test - Best epoch, Loss, MSE, RMSE, MAE, MAPE: 34, 26306218.00, 26306217.50, 4982.99, 3779.51, 4.03%
- Epoch 035, ExpID 30189
Train - Loss: 25863837.27
Val - Loss, MSE, RMSE, MAE, MAPE: 31744672.00, 31744672.00, 5634.22, 4301.37, 4.68%
Test - Best epoch, Loss, MSE, RMSE, MAE, MAPE: 35, 26063164.00, 26063163.00, 4958.24, 3762.63, 4.01%
- Epoch 036, ExpID 30189
Train - Loss: 25000944.55
Val - Loss, MSE, RMSE, MAE, MAPE: 31356188.00, 31356189.00, 5599.65, 4269.81, 4.65%
Test - Best epoch, Loss, MSE, RMSE, MAE, MAPE: 36, 26241918.00, 26241918.00, 4976.66, 3777.23, 4.03%
- Epoch 037, ExpID 30189
Train - Loss: 25032430.91
Val - Loss, MSE, RMSE, MAE, MAPE: 31473464.00, 31473465.00, 5610.12, 4288.20, 4.66%
Test - Best epoch, Loss, MSE, RMSE, MAE, MAPE: 36, 26241918.00, 26241918.00, 4976.66, 3777.23, 4.03%
- Epoch 038, ExpID 30189
Train - Loss: 25007860.18
Val - Loss, MSE, RMSE, MAE, MAPE: 31061920.00, 31061921.00, 5573.30, 4248.71, 4.62%
Test - Best epoch, Loss, MSE, RMSE, MAE, MAPE: 38, 25877726.00, 25877726.50, 4941.60, 3750.08, 4.00%
- Epoch 039, ExpID 30189
Train - Loss: 24706745.64
Val - Loss, MSE, RMSE, MAE, MAPE: 30827268.00, 30827267.00, 5552.09, 4237.27, 4.61%
Test - Best epoch, Loss, MSE, RMSE, MAE, MAPE: 39, 25587062.00, 25587061.50, 4905.88, 3721.87, 3.96%
- Epoch 040, ExpID 30189
Train - Loss: 24445688.36
Val - Loss, MSE, RMSE, MAE, MAPE: 30727576.00, 30727577.00, 5543.04, 4234.66, 4.60%
Test - Best epoch, Loss, MSE, RMSE, MAE, MAPE: 40, 25587630.00, 25587630.50, 4906.54, 3725.67, 3.97%
- Epoch 041, ExpID 30189
Train - Loss: 24510601.09
Val - Loss, MSE, RMSE, MAE, MAPE: 30148112.00, 30148112.00, 5490.12, 4175.79, 4.55%
Test - Best epoch, Loss, MSE, RMSE, MAE, MAPE: 41, 25518348.00, 25518348.00, 4901.29, 3721.92, 3.97%
- Epoch 042, ExpID 30189
Train - Loss: 24348253.82
Val - Loss, MSE, RMSE, MAE, MAPE: 30133864.00, 30133865.00, 5488.80, 4183.13, 4.55%
Test - Best epoch, Loss, MSE, RMSE, MAE, MAPE: 42, 25202932.00, 25202931.50, 4866.73, 3690.49, 3.93%
- Epoch 043, ExpID 30189
Train - Loss: 24262901.45
Val - Loss, MSE, RMSE, MAE, MAPE: 29990060.00, 29990061.00, 5475.59, 4174.71, 4.54%
Test - Best epoch, Loss, MSE, RMSE, MAE, MAPE: 43, 25306826.00, 25306826.00, 4878.38, 3698.84, 3.94%
- Epoch 044, ExpID 30189
Train - Loss: 24212123.45
Val - Loss, MSE, RMSE, MAE, MAPE: 29834300.00, 29834299.00, 5461.35, 4156.38, 4.52%
Test - Best epoch, Loss, MSE, RMSE, MAE, MAPE: 44, 24994272.00, 24994272.00, 4840.87, 3672.50, 3.91%
- Epoch 045, ExpID 30189
Train - Loss: 23873378.27
Val - Loss, MSE, RMSE, MAE, MAPE: 29678328.00, 29678329.00, 5446.86, 4149.42, 4.51%
Test - Best epoch, Loss, MSE, RMSE, MAE, MAPE: 45, 25019376.00, 25019376.50, 4845.24, 3675.56, 3.91%
- Epoch 046, ExpID 30189
Train - Loss: 23775391.64
Val - Loss, MSE, RMSE, MAE, MAPE: 29214092.00, 29214093.00, 5403.06, 4107.07, 4.48%
Test - Best epoch, Loss, MSE, RMSE, MAE, MAPE: 46, 25050162.00, 25050162.00, 4846.08, 3680.51, 3.93%
- Epoch 047, ExpID 30189
Train - Loss: 23746513.45
Val - Loss, MSE, RMSE, MAE, MAPE: 29327308.00, 29327307.00, 5414.09, 4124.77, 4.48%
Test - Best epoch, Loss, MSE, RMSE, MAE, MAPE: 46, 25050162.00, 25050162.00, 4846.08, 3680.51, 3.93%
- Epoch 048, ExpID 30189
Train - Loss: 23980434.00
Val - Loss, MSE, RMSE, MAE, MAPE: 29101844.00, 29101843.00, 5392.84, 4101.59, 4.46%
Test - Best epoch, Loss, MSE, RMSE, MAE, MAPE: 48, 24574084.00, 24574084.00, 4795.14, 3636.23, 3.87%
- Epoch 049, ExpID 30189
Train - Loss: 23620323.91
Val - Loss, MSE, RMSE, MAE, MAPE: 28701400.00, 28701399.00, 5354.70, 4067.65, 4.43%
Test - Best epoch, Loss, MSE, RMSE, MAE, MAPE: 49, 24704196.00, 24704197.00, 4806.36, 3646.40, 3.88%
- Epoch 050, ExpID 30189
Train - Loss: 23550941.64
Val - Loss, MSE, RMSE, MAE, MAPE: 28704890.00, 28704890.00, 5355.16, 4073.57, 4.43%
Test - Best epoch, Loss, MSE, RMSE, MAE, MAPE: 49, 24704196.00, 24704197.00, 4806.36, 3646.40, 3.88%
- Epoch 051, ExpID 30189
Train - Loss: 23982254.27
Val - Loss, MSE, RMSE, MAE, MAPE: 28456668.00, 28456668.00, 5331.64, 4049.42, 4.41%
Test - Best epoch, Loss, MSE, RMSE, MAE, MAPE: 51, 24453050.00, 24453050.50, 4780.99, 3627.78, 3.86%
- Epoch 052, ExpID 30189
Train - Loss: 23366147.09
Val - Loss, MSE, RMSE, MAE, MAPE: 28338872.00, 28338873.00, 5320.07, 4039.38, 4.39%
Test - Best epoch, Loss, MSE, RMSE, MAE, MAPE: 52, 24292148.00, 24292148.50, 4758.82, 3603.34, 3.83%
- Epoch 053, ExpID 30189
Train - Loss: 23219051.82
Val - Loss, MSE, RMSE, MAE, MAPE: 28007234.00, 28007234.00, 5288.11, 4012.90, 4.37%
Test - Best epoch, Loss, MSE, RMSE, MAE, MAPE: 53, 24288894.00, 24288893.50, 4757.41, 3609.13, 3.85%
- Epoch 054, ExpID 30189
Train - Loss: 23163658.18
Val - Loss, MSE, RMSE, MAE, MAPE: 27970432.00, 27970432.00, 5284.54, 4011.68, 4.36%
Test - Best epoch, Loss, MSE, RMSE, MAE, MAPE: 54, 23962526.00, 23962526.00, 4723.98, 3580.65, 3.81%
- Epoch 055, ExpID 30189
Train - Loss: 23197438.27
Val - Loss, MSE, RMSE, MAE, MAPE: 27806998.00, 27806998.00, 5268.60, 3996.79, 4.35%
Test - Best epoch, Loss, MSE, RMSE, MAE, MAPE: 55, 23902078.00, 23902077.50, 4712.16, 3571.94, 3.80%
- Epoch 056, ExpID 30189
Train - Loss: 23396049.73
Val - Loss, MSE, RMSE, MAE, MAPE: 27544308.00, 27544309.00, 5243.11, 3973.52, 4.33%
Test - Best epoch, Loss, MSE, RMSE, MAE, MAPE: 56, 24045862.00, 24045862.50, 4732.52, 3592.27, 3.83%
- Epoch 057, ExpID 30189
Train - Loss: 22877251.73
Val - Loss, MSE, RMSE, MAE, MAPE: 27427240.00, 27427241.00, 5231.30, 3968.31, 4.32%
Test - Best epoch, Loss, MSE, RMSE, MAE, MAPE: 57, 23642272.00, 23642272.00, 4680.80, 3548.29, 3.77%
- Epoch 058, ExpID 30189
Train - Loss: 22845125.45
Val - Loss, MSE, RMSE, MAE, MAPE: 27415432.00, 27415433.00, 5230.55, 3970.28, 4.32%
Test - Best epoch, Loss, MSE, RMSE, MAE, MAPE: 58, 23601316.00, 23601316.00, 4678.17, 3544.51, 3.77%
- Epoch 059, ExpID 30189
Train - Loss: 22932031.09
Val - Loss, MSE, RMSE, MAE, MAPE: 27293880.00, 27293879.00, 5218.50, 3961.42, 4.30%
Test - Best epoch, Loss, MSE, RMSE, MAE, MAPE: 59, 23590956.00, 23590956.50, 4679.82, 3547.90, 3.77%
- Epoch 060, ExpID 30189
Train - Loss: 22738633.18
Val - Loss, MSE, RMSE, MAE, MAPE: 27210184.00, 27210183.00, 5210.26, 3955.28, 4.30%
Test - Best epoch, Loss, MSE, RMSE, MAE, MAPE: 60, 23401846.00, 23401845.50, 4651.72, 3532.14, 3.75%
- Epoch 061, ExpID 30189
Train - Loss: 22640342.18
Val - Loss, MSE, RMSE, MAE, MAPE: 26953470.00, 26953470.00, 5184.73, 3932.37, 4.27%
Test - Best epoch, Loss, MSE, RMSE, MAE, MAPE: 61, 23378088.00, 23378088.50, 4648.35, 3525.51, 3.74%
- Epoch 062, ExpID 30189
Train - Loss: 22759473.27
Val - Loss, MSE, RMSE, MAE, MAPE: 26907624.00, 26907624.00, 5180.12, 3930.10, 4.27%
Test - Best epoch, Loss, MSE, RMSE, MAE, MAPE: 62, 23408866.00, 23408866.50, 4655.36, 3529.30, 3.75%
- Epoch 063, ExpID 30189
Train - Loss: 22538807.27
Val - Loss, MSE, RMSE, MAE, MAPE: 26599628.00, 26599627.00, 5148.89, 3894.52, 4.23%
Test - Best epoch, Loss, MSE, RMSE, MAE, MAPE: 63, 23203748.00, 23203747.50, 4630.04, 3503.98, 3.72%
- Epoch 064, ExpID 30189
Train - Loss: 22421896.45
Val - Loss, MSE, RMSE, MAE, MAPE: 26422728.00, 26422729.00, 5131.72, 3887.26, 4.23%
Test - Best epoch, Loss, MSE, RMSE, MAE, MAPE: 64, 23044962.00, 23044961.50, 4607.32, 3495.20, 3.71%
- Epoch 065, ExpID 30189
Train - Loss: 22328837.91
Val - Loss, MSE, RMSE, MAE, MAPE: 26403360.00, 26403361.00, 5129.12, 3888.41, 4.23%
Test - Best epoch, Loss, MSE, RMSE, MAE, MAPE: 65, 23163912.00, 23163912.00, 4624.85, 3506.03, 3.73%
- Epoch 066, ExpID 30189
Train - Loss: 22307953.64
Val - Loss, MSE, RMSE, MAE, MAPE: 26198716.00, 26198716.00, 5108.93, 3870.18, 4.21%
Test - Best epoch, Loss, MSE, RMSE, MAE, MAPE: 66, 23214968.00, 23214969.00, 4623.80, 3504.90, 3.73%
- Epoch 067, ExpID 30189
Train - Loss: 22192550.00
Val - Loss, MSE, RMSE, MAE, MAPE: 26241776.00, 26241776.00, 5113.22, 3871.45, 4.21%
Test - Best epoch, Loss, MSE, RMSE, MAE, MAPE: 66, 23214968.00, 23214969.00, 4623.80, 3504.90, 3.73%
- Epoch 068, ExpID 30189
Train - Loss: 22382494.55
Val - Loss, MSE, RMSE, MAE, MAPE: 25872896.00, 25872895.00, 5074.89, 3832.68, 4.18%
Test - Best epoch, Loss, MSE, RMSE, MAE, MAPE: 68, 23114902.00, 23114901.50, 4616.99, 3500.37, 3.73%
- Epoch 069, ExpID 30189
Train - Loss: 22191607.73
Val - Loss, MSE, RMSE, MAE, MAPE: 25978868.00, 25978867.00, 5086.76, 3849.04, 4.19%
Test - Best epoch, Loss, MSE, RMSE, MAE, MAPE: 68, 23114902.00, 23114901.50, 4616.99, 3500.37, 3.73%
- Epoch 070, ExpID 30189
Train - Loss: 22348460.91
Val - Loss, MSE, RMSE, MAE, MAPE: 25836152.00, 25836152.00, 5071.50, 3833.06, 4.17%
Test - Best epoch, Loss, MSE, RMSE, MAE, MAPE: 70, 22806860.00, 22806860.50, 4577.38, 3472.00, 3.69%
- Epoch 071, ExpID 30189
Train - Loss: 21833826.45
Val - Loss, MSE, RMSE, MAE, MAPE: 25689508.00, 25689509.00, 5056.31, 3819.86, 4.16%
Test - Best epoch, Loss, MSE, RMSE, MAE, MAPE: 71, 23034934.00, 23034933.50, 4604.53, 3490.66, 3.72%
- Epoch 072, ExpID 30189
Train - Loss: 22222565.55
Val - Loss, MSE, RMSE, MAE, MAPE: 25486948.00, 25486949.00, 5034.83, 3802.21, 4.15%
Test - Best epoch, Loss, MSE, RMSE, MAE, MAPE: 72, 22819028.00, 22819028.00, 4576.98, 3471.44, 3.70%
- Epoch 073, ExpID 30189
Train - Loss: 21886149.91
Val - Loss, MSE, RMSE, MAE, MAPE: 25590816.00, 25590816.00, 5046.59, 3820.64, 4.16%
Test - Best epoch, Loss, MSE, RMSE, MAE, MAPE: 72, 22819028.00, 22819028.00, 4576.98, 3471.44, 3.70%
- Epoch 074, ExpID 30189
Train - Loss: 21927786.64
Val - Loss, MSE, RMSE, MAE, MAPE: 25389812.00, 25389812.00, 5025.06, 3796.25, 4.14%
Test - Best epoch, Loss, MSE, RMSE, MAE, MAPE: 74, 22828934.00, 22828934.00, 4579.18, 3475.37, 3.70%
- Epoch 075, ExpID 30189
Train - Loss: 21762452.00
Val - Loss, MSE, RMSE, MAE, MAPE: 25235816.00, 25235816.00, 5009.32, 3779.67, 4.12%
Test - Best epoch, Loss, MSE, RMSE, MAE, MAPE: 75, 22646752.00, 22646751.50, 4555.28, 3454.55, 3.67%
- Epoch 076, ExpID 30189
Train - Loss: 21536788.64
Val - Loss, MSE, RMSE, MAE, MAPE: 25268912.00, 25268911.00, 5013.13, 3787.78, 4.12%
Test - Best epoch, Loss, MSE, RMSE, MAE, MAPE: 75, 22646752.00, 22646751.50, 4555.28, 3454.55, 3.67%
- Epoch 077, ExpID 30189
Train - Loss: 21710201.36
Val - Loss, MSE, RMSE, MAE, MAPE: 25241412.00, 25241412.00, 5010.32, 3790.24, 4.12%
Test - Best epoch, Loss, MSE, RMSE, MAE, MAPE: 75, 22646752.00, 22646751.50, 4555.28, 3454.55, 3.67%
- Epoch 078, ExpID 30189
Train - Loss: 21444529.18
Val - Loss, MSE, RMSE, MAE, MAPE: 25225576.00, 25225576.00, 5008.66, 3788.91, 4.12%
Test - Best epoch, Loss, MSE, RMSE, MAE, MAPE: 78, 22466842.00, 22466842.50, 4532.61, 3440.21, 3.65%
- Epoch 079, ExpID 30189
Train - Loss: 21559242.00
Val - Loss, MSE, RMSE, MAE, MAPE: 25105268.00, 25105269.00, 4995.68, 3784.01, 4.11%
Test - Best epoch, Loss, MSE, RMSE, MAE, MAPE: 79, 22467890.00, 22467890.00, 4532.70, 3438.44, 3.65%
- Epoch 080, ExpID 30189
Train - Loss: 21246793.09
Val - Loss, MSE, RMSE, MAE, MAPE: 25093130.00, 25093130.00, 4994.43, 3779.73, 4.11%
Test - Best epoch, Loss, MSE, RMSE, MAE, MAPE: 80, 22389978.00, 22389978.00, 4524.62, 3433.38, 3.64%
- Epoch 081, ExpID 30189
Train - Loss: 21543426.27
Val - Loss, MSE, RMSE, MAE, MAPE: 24948540.00, 24948539.00, 4978.97, 3767.60, 4.10%
Test - Best epoch, Loss, MSE, RMSE, MAE, MAPE: 81, 22449644.00, 22449645.00, 4532.25, 3443.53, 3.66%
- Epoch 082, ExpID 30189
Train - Loss: 21234080.00
Val - Loss, MSE, RMSE, MAE, MAPE: 24895898.00, 24895898.00, 4973.36, 3760.30, 4.09%
Test - Best epoch, Loss, MSE, RMSE, MAE, MAPE: 82, 22375458.00, 22375458.00, 4522.22, 3429.96, 3.64%
- Epoch 083, ExpID 30189
Train - Loss: 21499799.36
Val - Loss, MSE, RMSE, MAE, MAPE: 24901006.00, 24901006.00, 4974.14, 3765.99, 4.09%
Test - Best epoch, Loss, MSE, RMSE, MAE, MAPE: 82, 22375458.00, 22375458.00, 4522.22, 3429.96, 3.64%
- Epoch 084, ExpID 30189
Train - Loss: 21162594.73
Val - Loss, MSE, RMSE, MAE, MAPE: 24714484.00, 24714483.00, 4954.13, 3738.45, 4.07%
Test - Best epoch, Loss, MSE, RMSE, MAE, MAPE: 84, 22380012.00, 22380011.00, 4520.79, 3433.64, 3.65%
- Epoch 085, ExpID 30189
Train - Loss: 21006840.64
Val - Loss, MSE, RMSE, MAE, MAPE: 24763852.00, 24763852.00, 4960.21, 3752.70, 4.08%
Test - Best epoch, Loss, MSE, RMSE, MAE, MAPE: 84, 22380012.00, 22380011.00, 4520.79, 3433.64, 3.65%
- Epoch 086, ExpID 30189
Train - Loss: 21010870.27
Val - Loss, MSE, RMSE, MAE, MAPE: 24652518.00, 24652518.00, 4948.56, 3738.94, 4.07%
Test - Best epoch, Loss, MSE, RMSE, MAE, MAPE: 86, 22447984.00, 22447983.00, 4532.61, 3441.61, 3.66%
- Epoch 087, ExpID 30189
Train - Loss: 21056919.09
Val - Loss, MSE, RMSE, MAE, MAPE: 24667180.00, 24667181.00, 4950.11, 3745.43, 4.07%
Test - Best epoch, Loss, MSE, RMSE, MAE, MAPE: 86, 22447984.00, 22447983.00, 4532.61, 3441.61, 3.66%
- Epoch 088, ExpID 30189
Train - Loss: 20975558.36
Val - Loss, MSE, RMSE, MAE, MAPE: 24368230.00, 24368230.00, 4917.51, 3709.08, 4.05%
Test - Best epoch, Loss, MSE, RMSE, MAE, MAPE: 88, 22385024.00, 22385024.00, 4523.07, 3435.61, 3.66%
- Epoch 089, ExpID 30189
Train - Loss: 20817335.82
Val - Loss, MSE, RMSE, MAE, MAPE: 24442368.00, 24442367.00, 4926.12, 3724.48, 4.06%
Test - Best epoch, Loss, MSE, RMSE, MAE, MAPE: 88, 22385024.00, 22385024.00, 4523.07, 3435.61, 3.66%
- Epoch 090, ExpID 30189
Train - Loss: 20712950.73
Val - Loss, MSE, RMSE, MAE, MAPE: 24449960.00, 24449959.00, 4926.31, 3723.37, 4.06%
Test - Best epoch, Loss, MSE, RMSE, MAE, MAPE: 88, 22385024.00, 22385024.00, 4523.07, 3435.61, 3.66%
- Epoch 091, ExpID 30189
Train - Loss: 20667621.82
Val - Loss, MSE, RMSE, MAE, MAPE: 24453152.00, 24453152.00, 4927.57, 3725.55, 4.05%
Test - Best epoch, Loss, MSE, RMSE, MAE, MAPE: 88, 22385024.00, 22385024.00, 4523.07, 3435.61, 3.66%
- Epoch 092, ExpID 30189
Train - Loss: 20719996.36
Val - Loss, MSE, RMSE, MAE, MAPE: 24424010.00, 24424010.00, 4925.39, 3730.36, 4.05%
Test - Best epoch, Loss, MSE, RMSE, MAE, MAPE: 88, 22385024.00, 22385024.00, 4523.07, 3435.61, 3.66%
- Epoch 093, ExpID 30189
Train - Loss: 20458894.64
Val - Loss, MSE, RMSE, MAE, MAPE: 24497560.00, 24497561.00, 4931.79, 3731.66, 4.05%
Test - Best epoch, Loss, MSE, RMSE, MAE, MAPE: 88, 22385024.00, 22385024.00, 4523.07, 3435.61, 3.66%
- Epoch 094, ExpID 30189
Train - Loss: 20610908.64
Val - Loss, MSE, RMSE, MAE, MAPE: 24180560.00, 24180560.00, 4898.40, 3704.37, 4.04%
Test - Best epoch, Loss, MSE, RMSE, MAE, MAPE: 94, 22210420.00, 22210420.00, 4509.59, 3432.10, 3.65%
- Epoch 095, ExpID 30189
Train - Loss: 20561822.73
Val - Loss, MSE, RMSE, MAE, MAPE: 24217830.00, 24217830.00, 4902.23, 3700.89, 4.03%
Test - Best epoch, Loss, MSE, RMSE, MAE, MAPE: 94, 22210420.00, 22210420.00, 4509.59, 3432.10, 3.65%
- Epoch 096, ExpID 30189
Train - Loss: 20718389.45
Val - Loss, MSE, RMSE, MAE, MAPE: 23982296.00, 23982295.00, 4877.59, 3681.53, 4.01%
Test - Best epoch, Loss, MSE, RMSE, MAE, MAPE: 96, 22186892.00, 22186891.50, 4500.64, 3423.73, 3.64%
- Epoch 097, ExpID 30189
Train - Loss: 20422935.64
Val - Loss, MSE, RMSE, MAE, MAPE: 23975872.00, 23975871.00, 4875.88, 3676.82, 4.01%
Test - Best epoch, Loss, MSE, RMSE, MAE, MAPE: 97, 22443056.00, 22443056.00, 4536.72, 3453.26, 3.68%
- Epoch 098, ExpID 30189
Train - Loss: 20347169.00
Val - Loss, MSE, RMSE, MAE, MAPE: 23912724.00, 23912725.00, 4869.53, 3673.39, 4.00%
Test - Best epoch, Loss, MSE, RMSE, MAE, MAPE: 98, 22152310.00, 22152310.50, 4500.24, 3425.91, 3.65%
- Epoch 099, ExpID 30189
Train - Loss: 20201798.82
Val - Loss, MSE, RMSE, MAE, MAPE: 23891132.00, 23891131.00, 4867.46, 3677.86, 4.01%
Test - Best epoch, Loss, MSE, RMSE, MAE, MAPE: 99, 22306074.00, 22306073.50, 4514.17, 3435.60, 3.66%
- Epoch 100, ExpID 30189
Train - Loss: 20417839.64
Val - Loss, MSE, RMSE, MAE, MAPE: 23797844.00, 23797845.00, 4855.95, 3658.54, 3.99%
Test - Best epoch, Loss, MSE, RMSE, MAE, MAPE: 100, 22278348.00, 22278348.00, 4517.41, 3440.20, 3.67%
- Epoch 101, ExpID 30189
Train - Loss: 20112352.18
Val - Loss, MSE, RMSE, MAE, MAPE: 23847202.00, 23847202.00, 4862.60, 3672.99, 3.99%
Test - Best epoch, Loss, MSE, RMSE, MAE, MAPE: 100, 22278348.00, 22278348.00, 4517.41, 3440.20, 3.67%
- Epoch 102, ExpID 30189
Train - Loss: 20016601.55
Val - Loss, MSE, RMSE, MAE, MAPE: 23912330.00, 23912330.00, 4869.17, 3678.09, 4.00%
Test - Best epoch, Loss, MSE, RMSE, MAE, MAPE: 100, 22278348.00, 22278348.00, 4517.41, 3440.20, 3.67%
- Epoch 103, ExpID 30189
Train - Loss: 20183797.18
Val - Loss, MSE, RMSE, MAE, MAPE: 23940676.00, 23940676.00, 4872.83, 3679.78, 4.00%
Test - Best epoch, Loss, MSE, RMSE, MAE, MAPE: 100, 22278348.00, 22278348.00, 4517.41, 3440.20, 3.67%
- Epoch 104, ExpID 30189
Train - Loss: 20061338.09
Val - Loss, MSE, RMSE, MAE, MAPE: 23729114.00, 23729114.00, 4849.23, 3664.00, 3.99%
Test - Best epoch, Loss, MSE, RMSE, MAE, MAPE: 104, 22119734.00, 22119733.50, 4500.54, 3426.51, 3.65%
- Epoch 105, ExpID 30189
Train - Loss: 20086497.55
Val - Loss, MSE, RMSE, MAE, MAPE: 23740196.00, 23740196.00, 4850.95, 3667.65, 3.99%
Test - Best epoch, Loss, MSE, RMSE, MAE, MAPE: 104, 22119734.00, 22119733.50, 4500.54, 3426.51, 3.65%
- Epoch 106, ExpID 30189
Train - Loss: 19762230.82
Val - Loss, MSE, RMSE, MAE, MAPE: 23650640.00, 23650641.00, 4840.34, 3652.58, 3.98%
Test - Best epoch, Loss, MSE, RMSE, MAE, MAPE: 106, 22299488.00, 22299488.50, 4519.91, 3437.88, 3.66%
- Epoch 107, ExpID 30189
Train - Loss: 19897656.55
Val - Loss, MSE, RMSE, MAE, MAPE: 23646988.00, 23646987.00, 4841.52, 3657.07, 3.98%
Test - Best epoch, Loss, MSE, RMSE, MAE, MAPE: 107, 22115330.00, 22115330.00, 4496.19, 3423.84, 3.65%
- Epoch 108, ExpID 30189
Train - Loss: 19825240.27
Val - Loss, MSE, RMSE, MAE, MAPE: 23627508.00, 23627508.00, 4839.35, 3652.58, 3.97%
Test - Best epoch, Loss, MSE, RMSE, MAE, MAPE: 108, 21925112.00, 21925112.00, 4474.33, 3404.61, 3.62%
- Epoch 109, ExpID 30189
Train - Loss: 19773128.27
Val - Loss, MSE, RMSE, MAE, MAPE: 23610780.00, 23610779.00, 4837.59, 3652.65, 3.98%
Test - Best epoch, Loss, MSE, RMSE, MAE, MAPE: 109, 22102444.00, 22102443.00, 4493.85, 3423.03, 3.64%
- Epoch 110, ExpID 30189
Train - Loss: 19694413.45
Val - Loss, MSE, RMSE, MAE, MAPE: 23736166.00, 23736166.00, 4850.43, 3668.02, 3.99%
Test - Best epoch, Loss, MSE, RMSE, MAE, MAPE: 109, 22102444.00, 22102443.00, 4493.85, 3423.03, 3.64%
- Epoch 111, ExpID 30189
Train - Loss: 19579021.95
Val - Loss, MSE, RMSE, MAE, MAPE: 23615306.00, 23615306.00, 4838.89, 3661.16, 3.98%
Test - Best epoch, Loss, MSE, RMSE, MAE, MAPE: 109, 22102444.00, 22102443.00, 4493.85, 3423.03, 3.64%
- Epoch 112, ExpID 30189
Train - Loss: 19576611.91
Val - Loss, MSE, RMSE, MAE, MAPE: 23576620.00, 23576619.00, 4834.21, 3650.28, 3.97%
Test - Best epoch, Loss, MSE, RMSE, MAE, MAPE: 112, 21899984.00, 21899983.00, 4469.26, 3406.87, 3.62%
- Epoch 113, ExpID 30189
Train - Loss: 19598816.18
Val - Loss, MSE, RMSE, MAE, MAPE: 23500794.00, 23500794.00, 4825.81, 3643.48, 3.96%
Test - Best epoch, Loss, MSE, RMSE, MAE, MAPE: 113, 22035280.00, 22035281.00, 4485.51, 3415.79, 3.64%
- Epoch 114, ExpID 30189
Train - Loss: 19658051.27
Val - Loss, MSE, RMSE, MAE, MAPE: 23361796.00, 23361796.00, 4810.11, 3629.16, 3.96%
Test - Best epoch, Loss, MSE, RMSE, MAE, MAPE: 114, 22316924.00, 22316923.00, 4528.12, 3453.99, 3.69%
- Epoch 115, ExpID 30189
Train - Loss: 19663099.82
Val - Loss, MSE, RMSE, MAE, MAPE: 23370636.00, 23370637.00, 4811.10, 3636.55, 3.95%
Test - Best epoch, Loss, MSE, RMSE, MAE, MAPE: 114, 22316924.00, 22316923.00, 4528.12, 3453.99, 3.69%
- Epoch 116, ExpID 30189
Train - Loss: 19451516.73
Val - Loss, MSE, RMSE, MAE, MAPE: 23389160.00, 23389159.00, 4810.58, 3630.37, 3.96%
Test - Best epoch, Loss, MSE, RMSE, MAE, MAPE: 114, 22316924.00, 22316923.00, 4528.12, 3453.99, 3.69%
- Epoch 117, ExpID 30189
Train - Loss: 19558093.27
Val - Loss, MSE, RMSE, MAE, MAPE: 23505652.00, 23505651.00, 4825.94, 3649.78, 3.96%
Test - Best epoch, Loss, MSE, RMSE, MAE, MAPE: 114, 22316924.00, 22316923.00, 4528.12, 3453.99, 3.69%
- Epoch 118, ExpID 30189
Train - Loss: 19421066.91
Val - Loss, MSE, RMSE, MAE, MAPE: 23485182.00, 23485182.00, 4823.33, 3641.44, 3.96%
Test - Best epoch, Loss, MSE, RMSE, MAE, MAPE: 114, 22316924.00, 22316923.00, 4528.12, 3453.99, 3.69%
- Epoch 119, ExpID 30189
Train - Loss: 19354275.91
Val - Loss, MSE, RMSE, MAE, MAPE: 23468352.00, 23468351.00, 4820.67, 3649.20, 3.97%
Test - Best epoch, Loss, MSE, RMSE, MAE, MAPE: 114, 22316924.00, 22316923.00, 4528.12, 3453.99, 3.69%
- Epoch 120, ExpID 30189
Train - Loss: 19485608.64
Val - Loss, MSE, RMSE, MAE, MAPE: 23430748.00, 23430749.00, 4817.29, 3642.63, 3.96%
Test - Best epoch, Loss, MSE, RMSE, MAE, MAPE: 114, 22316924.00, 22316923.00, 4528.12, 3453.99, 3.69%
- Epoch 121, ExpID 30189
Train - Loss: 19185589.82
Val - Loss, MSE, RMSE, MAE, MAPE: 23412768.00, 23412767.00, 4813.34, 3632.02, 3.95%
Test - Best epoch, Loss, MSE, RMSE, MAE, MAPE: 114, 22316924.00, 22316923.00, 4528.12, 3453.99, 3.69%
- Epoch 122, ExpID 30189
Train - Loss: 19387796.45
Val - Loss, MSE, RMSE, MAE, MAPE: 23301986.00, 23301986.00, 4801.00, 3621.38, 3.95%
Test - Best epoch, Loss, MSE, RMSE, MAE, MAPE: 122, 22288014.00, 22288014.00, 4524.19, 3450.12, 3.68%
- Epoch 123, ExpID 30189
Train - Loss: 19094772.45
Val - Loss, MSE, RMSE, MAE, MAPE: 23422620.00, 23422619.00, 4814.69, 3633.80, 3.96%
Test - Best epoch, Loss, MSE, RMSE, MAE, MAPE: 122, 22288014.00, 22288014.00, 4524.19, 3450.12, 3.68%
- Epoch 124, ExpID 30189
Train - Loss: 19240513.82
Val - Loss, MSE, RMSE, MAE, MAPE: 23326010.00, 23326010.00, 4804.42, 3627.31, 3.95%
Test - Best epoch, Loss, MSE, RMSE, MAE, MAPE: 122, 22288014.00, 22288014.00, 4524.19, 3450.12, 3.68%
- Epoch 125, ExpID 30189
Train - Loss: 19200375.64
Val - Loss, MSE, RMSE, MAE, MAPE: 23339600.00, 23339600.00, 4804.28, 3625.20, 3.95%
Test - Best epoch, Loss, MSE, RMSE, MAE, MAPE: 122, 22288014.00, 22288014.00, 4524.19, 3450.12, 3.68%
- Epoch 126, ExpID 30189
Train - Loss: 19060612.00
Val - Loss, MSE, RMSE, MAE, MAPE: 23434878.00, 23434878.00, 4818.56, 3647.87, 3.97%
Test - Best epoch, Loss, MSE, RMSE, MAE, MAPE: 122, 22288014.00, 22288014.00, 4524.19, 3450.12, 3.68%
- Epoch 127, ExpID 30189
Train - Loss: 18862765.50
Val - Loss, MSE, RMSE, MAE, MAPE: 23303036.00, 23303037.00, 4802.95, 3623.67, 3.94%
Test - Best epoch, Loss, MSE, RMSE, MAE, MAPE: 122, 22288014.00, 22288014.00, 4524.19, 3450.12, 3.68%
- Epoch 128, ExpID 30189
Train - Loss: 19097973.82
Val - Loss, MSE, RMSE, MAE, MAPE: 23464560.00, 23464561.00, 4818.77, 3645.72, 3.96%
Test - Best epoch, Loss, MSE, RMSE, MAE, MAPE: 122, 22288014.00, 22288014.00, 4524.19, 3450.12, 3.68%
- Epoch 129, ExpID 30189
Train - Loss: 18830920.73
Val - Loss, MSE, RMSE, MAE, MAPE: 23245108.00, 23245107.00, 4794.67, 3617.44, 3.94%
Test - Best epoch, Loss, MSE, RMSE, MAE, MAPE: 129, 22208932.00, 22208932.50, 4515.94, 3447.23, 3.68%
- Epoch 130, ExpID 30189
Train - Loss: 18937520.64
Val - Loss, MSE, RMSE, MAE, MAPE: 23266462.00, 23266462.00, 4795.62, 3619.95, 3.94%
Test - Best epoch, Loss, MSE, RMSE, MAE, MAPE: 129, 22208932.00, 22208932.50, 4515.94, 3447.23, 3.68%
- Epoch 131, ExpID 30189
Train - Loss: 18925526.09
Val - Loss, MSE, RMSE, MAE, MAPE: 23313000.00, 23313001.00, 4802.53, 3623.45, 3.94%
Test - Best epoch, Loss, MSE, RMSE, MAE, MAPE: 129, 22208932.00, 22208932.50, 4515.94, 3447.23, 3.68%
- Epoch 132, ExpID 30189
Train - Loss: 18780547.91
Val - Loss, MSE, RMSE, MAE, MAPE: 23251584.00, 23251583.00, 4795.36, 3616.34, 3.94%
Test - Best epoch, Loss, MSE, RMSE, MAE, MAPE: 129, 22208932.00, 22208932.50, 4515.94, 3447.23, 3.68%
- Epoch 133, ExpID 30189
Train - Loss: 18687099.36
Val - Loss, MSE, RMSE, MAE, MAPE: 23276484.00, 23276485.00, 4796.52, 3617.50, 3.94%
Test - Best epoch, Loss, MSE, RMSE, MAE, MAPE: 129, 22208932.00, 22208932.50, 4515.94, 3447.23, 3.68%
- Epoch 134, ExpID 30189
Train - Loss: 18503026.55
Val - Loss, MSE, RMSE, MAE, MAPE: 23273626.00, 23273626.00, 4797.70, 3621.89, 3.94%
Test - Best epoch, Loss, MSE, RMSE, MAE, MAPE: 129, 22208932.00, 22208932.50, 4515.94, 3447.23, 3.68%
- Epoch 135, ExpID 30189
Train - Loss: 18549982.55
Val - Loss, MSE, RMSE, MAE, MAPE: 23124976.00, 23124976.00, 4780.57, 3603.25, 3.93%
Test - Best epoch, Loss, MSE, RMSE, MAE, MAPE: 135, 22428512.00, 22428511.50, 4545.56, 3472.71, 3.71%
- Epoch 136, ExpID 30189
Train - Loss: 18664121.18
Val - Loss, MSE, RMSE, MAE, MAPE: 23138004.00, 23138004.00, 4782.26, 3606.50, 3.93%
Test - Best epoch, Loss, MSE, RMSE, MAE, MAPE: 135, 22428512.00, 22428511.50, 4545.56, 3472.71, 3.71%
- Epoch 137, ExpID 30189
Train - Loss: 18532613.77
Val - Loss, MSE, RMSE, MAE, MAPE: 23281220.00, 23281219.00, 4799.13, 3622.70, 3.93%
Test - Best epoch, Loss, MSE, RMSE, MAE, MAPE: 135, 22428512.00, 22428511.50, 4545.56, 3472.71, 3.71%
- Epoch 138, ExpID 30189
Train - Loss: 18410887.00
Val - Loss, MSE, RMSE, MAE, MAPE: 23232070.00, 23232070.00, 4792.09, 3616.91, 3.93%
Test - Best epoch, Loss, MSE, RMSE, MAE, MAPE: 135, 22428512.00, 22428511.50, 4545.56, 3472.71, 3.71%
- Epoch 139, ExpID 30189
Train - Loss: 18376224.86
Val - Loss, MSE, RMSE, MAE, MAPE: 23453312.00, 23453313.00, 4817.77, 3645.20, 3.96%
Test - Best epoch, Loss, MSE, RMSE, MAE, MAPE: 135, 22428512.00, 22428511.50, 4545.56, 3472.71, 3.71%
- Epoch 140, ExpID 30189
Train - Loss: 18411833.82
Val - Loss, MSE, RMSE, MAE, MAPE: 23341364.00, 23341363.00, 4805.41, 3627.95, 3.94%
Test - Best epoch, Loss, MSE, RMSE, MAE, MAPE: 135, 22428512.00, 22428511.50, 4545.56, 3472.71, 3.71%
- Epoch 141, ExpID 30189
Train - Loss: 18402416.09
Val - Loss, MSE, RMSE, MAE, MAPE: 23232840.00, 23232840.00, 4792.58, 3610.94, 3.94%
Test - Best epoch, Loss, MSE, RMSE, MAE, MAPE: 135, 22428512.00, 22428511.50, 4545.56, 3472.71, 3.71%
- Epoch 142, ExpID 30189
Train - Loss: 18354940.82
Val - Loss, MSE, RMSE, MAE, MAPE: 23239004.00, 23239005.00, 4793.87, 3623.30, 3.94%
Test - Best epoch, Loss, MSE, RMSE, MAE, MAPE: 135, 22428512.00, 22428511.50, 4545.56, 3472.71, 3.71%
- Epoch 143, ExpID 30189
Train - Loss: 18538671.18
Val - Loss, MSE, RMSE, MAE, MAPE: 23093448.00, 23093449.00, 4777.26, 3602.09, 3.93%
Test - Best epoch, Loss, MSE, RMSE, MAE, MAPE: 143, 22385204.00, 22385204.50, 4543.77, 3470.45, 3.71%
- Epoch 144, ExpID 30189
Train - Loss: 18465919.18
Val - Loss, MSE, RMSE, MAE, MAPE: 23424490.00, 23424490.00, 4813.77, 3643.34, 3.95%
Test - Best epoch, Loss, MSE, RMSE, MAE, MAPE: 143, 22385204.00, 22385204.50, 4543.77, 3470.45, 3.71%
- Epoch 145, ExpID 30189
Train - Loss: 18181962.82
Val - Loss, MSE, RMSE, MAE, MAPE: 23366814.00, 23366814.00, 4805.99, 3622.13, 3.94%
Test - Best epoch, Loss, MSE, RMSE, MAE, MAPE: 143, 22385204.00, 22385204.50, 4543.77, 3470.45, 3.71%
- Epoch 146, ExpID 30189
Train - Loss: 18353463.36
Val - Loss, MSE, RMSE, MAE, MAPE: 23331376.00, 23331375.00, 4803.79, 3638.13, 3.95%
Test - Best epoch, Loss, MSE, RMSE, MAE, MAPE: 143, 22385204.00, 22385204.50, 4543.77, 3470.45, 3.71%
- Epoch 147, ExpID 30189
Train - Loss: 18238257.95
Val - Loss, MSE, RMSE, MAE, MAPE: 23245600.00, 23245599.00, 4791.11, 3615.84, 3.94%
Test - Best epoch, Loss, MSE, RMSE, MAE, MAPE: 143, 22385204.00, 22385204.50, 4543.77, 3470.45, 3.71%
- Epoch 148, ExpID 30189
Train - Loss: 18166924.18
Val - Loss, MSE, RMSE, MAE, MAPE: 23304334.00, 23304334.00, 4798.47, 3627.43, 3.94%
Test - Best epoch, Loss, MSE, RMSE, MAE, MAPE: 143, 22385204.00, 22385204.50, 4543.77, 3470.45, 3.71%
- Epoch 149, ExpID 30189
Train - Loss: 18250953.91
Val - Loss, MSE, RMSE, MAE, MAPE: 23320002.00, 23320002.00, 4800.63, 3624.76, 3.94%
Test - Best epoch, Loss, MSE, RMSE, MAE, MAPE: 143, 22385204.00, 22385204.50, 4543.77, 3470.45, 3.71%
- Epoch 150, ExpID 30189
Train - Loss: 18065318.95
Val - Loss, MSE, RMSE, MAE, MAPE: 23212046.00, 23212046.00, 4788.29, 3610.86, 3.94%
Test - Best epoch, Loss, MSE, RMSE, MAE, MAPE: 143, 22385204.00, 22385204.50, 4543.77, 3470.45, 3.71%
- Epoch 151, ExpID 30189
Train - Loss: 17992851.18
Val - Loss, MSE, RMSE, MAE, MAPE: 23265540.00, 23265539.00, 4795.28, 3626.56, 3.94%
Test - Best epoch, Loss, MSE, RMSE, MAE, MAPE: 143, 22385204.00, 22385204.50, 4543.77, 3470.45, 3.71%
- Epoch 152, ExpID 30189
Train - Loss: 18124269.32
Val - Loss, MSE, RMSE, MAE, MAPE: 23202186.00, 23202186.00, 4788.34, 3613.21, 3.94%
Test - Best epoch, Loss, MSE, RMSE, MAE, MAPE: 143, 22385204.00, 22385204.50, 4543.77, 3470.45, 3.71%
- Epoch 153, ExpID 30189
Train - Loss: 17981823.36
Val - Loss, MSE, RMSE, MAE, MAPE: 23263294.00, 23263294.00, 4795.35, 3620.41, 3.94%
Test - Best epoch, Loss, MSE, RMSE, MAE, MAPE: 143, 22385204.00, 22385204.50, 4543.77, 3470.45, 3.71%
Early Stopping at Epoch 153
Fold 2019 Best RMSE: 4543.7692
