DETAILED LOG | Model: patchtst | Seed: 1
FULL CONFIG: {'gpu': '6', 'target': 'arrival', 'cv_start_year': 2017, 'cv_end_year': 2019, 'test_year': 2024, 'use_corona': False, 'seq_len': 91, 'label_len': 0, 'pred_len': 56, 'batch_size': 256, 'epochs': 1000, 'patience': 10, 'lr': 1e-05, 'model': 'patchtst', 'd_model': 512, 'n_heads': 16, 'n_layers': 2, 'dropout': 0.1, 'activation': 'gelu', 'patch_len': 7, 'factor': 5, 'norm_mode': 'revin', 'use_covar': True, 'use_dbloss': False, 'device': device(type='cuda'), 'stride': 14, 'file_path': 'dataset/airport_flight_with_holiday.csv', 'seed': 1, 'val_year': 2019, 'ndims': 1}

-------------------- [Fold: 2017] ExpID: 31667 --------------------
- Epoch 000, ExpID 31667
Train - Loss: 53477989.80
Val - Loss, MSE, RMSE, MAE, MAPE: 79663200.00, 79663196.00, 8920.39, 7364.21, 9.53%
Test - Best epoch, Loss, MSE, RMSE, MAE, MAPE: 0, 97100576.00, 97100576.00, 9823.41, 7765.91, 9.15%
- Epoch 001, ExpID 31667
Train - Loss: 44475055.60
Val - Loss, MSE, RMSE, MAE, MAPE: 67953544.00, 67953546.00, 8227.91, 6770.28, 8.73%
Test - Best epoch, Loss, MSE, RMSE, MAE, MAPE: 1, 86900560.00, 86900556.00, 9288.79, 7192.27, 8.44%
- Epoch 002, ExpID 31667
Train - Loss: 41792816.40
Val - Loss, MSE, RMSE, MAE, MAPE: 61370424.00, 61370422.00, 7801.51, 6362.87, 8.19%
Test - Best epoch, Loss, MSE, RMSE, MAE, MAPE: 2, 82349824.00, 82349828.00, 9043.90, 6884.96, 8.04%
- Epoch 003, ExpID 31667
Train - Loss: 40342457.40
Val - Loss, MSE, RMSE, MAE, MAPE: 57882044.00, 57882044.00, 7570.77, 6150.09, 7.92%
Test - Best epoch, Loss, MSE, RMSE, MAE, MAPE: 3, 79844304.00, 79844304.00, 8909.52, 6739.06, 7.87%
- Epoch 004, ExpID 31667
Train - Loss: 39312401.40
Val - Loss, MSE, RMSE, MAE, MAPE: 55153856.00, 55153854.00, 7382.91, 5973.03, 7.69%
Test - Best epoch, Loss, MSE, RMSE, MAE, MAPE: 4, 77965192.00, 77965192.00, 8807.11, 6621.64, 7.72%
- Epoch 005, ExpID 31667
Train - Loss: 38516317.00
Val - Loss, MSE, RMSE, MAE, MAPE: 53057088.00, 53057086.00, 7234.39, 5827.59, 7.49%
Test - Best epoch, Loss, MSE, RMSE, MAE, MAPE: 5, 76559704.00, 76559706.00, 8730.08, 6519.88, 7.58%
- Epoch 006, ExpID 31667
Train - Loss: 37619138.30
Val - Loss, MSE, RMSE, MAE, MAPE: 51061496.00, 51061494.00, 7091.87, 5695.76, 7.32%
Test - Best epoch, Loss, MSE, RMSE, MAE, MAPE: 6, 75308704.00, 75308700.00, 8661.76, 6439.98, 7.48%
- Epoch 007, ExpID 31667
Train - Loss: 37070974.60
Val - Loss, MSE, RMSE, MAE, MAPE: 48791400.00, 48791400.00, 6919.01, 5530.72, 7.09%
Test - Best epoch, Loss, MSE, RMSE, MAE, MAPE: 7, 74322096.00, 74322100.00, 8608.39, 6374.13, 7.38%
- Epoch 008, ExpID 31667
Train - Loss: 36302224.10
Val - Loss, MSE, RMSE, MAE, MAPE: 46701524.00, 46701525.00, 6756.89, 5378.33, 6.89%
Test - Best epoch, Loss, MSE, RMSE, MAE, MAPE: 8, 74123600.00, 74123596.00, 8602.42, 6362.87, 7.34%
- Epoch 009, ExpID 31667
Train - Loss: 35847123.50
Val - Loss, MSE, RMSE, MAE, MAPE: 44336736.00, 44336736.00, 6575.57, 5212.71, 6.67%
Test - Best epoch, Loss, MSE, RMSE, MAE, MAPE: 9, 74940912.00, 74940912.00, 8655.75, 6441.01, 7.41%
- Epoch 010, ExpID 31667
Train - Loss: 34983917.80
Val - Loss, MSE, RMSE, MAE, MAPE: 41904432.00, 41904433.00, 6381.65, 5031.62, 6.43%
Test - Best epoch, Loss, MSE, RMSE, MAE, MAPE: 10, 78056592.00, 78056588.00, 8832.77, 6637.24, 7.60%
- Epoch 011, ExpID 31667
Train - Loss: 34374286.30
Val - Loss, MSE, RMSE, MAE, MAPE: 39580456.00, 39580454.00, 6191.44, 4849.53, 6.18%
Test - Best epoch, Loss, MSE, RMSE, MAE, MAPE: 11, 83377552.00, 83377556.00, 9110.30, 6933.06, 7.91%
- Epoch 012, ExpID 31667
Train - Loss: 33767693.40
Val - Loss, MSE, RMSE, MAE, MAPE: 37964836.00, 37964837.00, 6061.96, 4731.72, 6.02%
Test - Best epoch, Loss, MSE, RMSE, MAE, MAPE: 12, 87550656.00, 87550656.00, 9311.81, 7152.16, 8.16%
- Epoch 013, ExpID 31667
Train - Loss: 33367423.60
Val - Loss, MSE, RMSE, MAE, MAPE: 36862180.00, 36862179.00, 5969.46, 4648.62, 5.91%
Test - Best epoch, Loss, MSE, RMSE, MAE, MAPE: 13, 90638704.00, 90638700.00, 9454.76, 7314.80, 8.35%
- Epoch 014, ExpID 31667
Train - Loss: 33004418.50
Val - Loss, MSE, RMSE, MAE, MAPE: 36197132.00, 36197131.00, 5914.29, 4597.50, 5.84%
Test - Best epoch, Loss, MSE, RMSE, MAE, MAPE: 14, 92700680.00, 92700680.00, 9547.15, 7410.16, 8.45%
- Epoch 015, ExpID 31667
Train - Loss: 32703851.60
Val - Loss, MSE, RMSE, MAE, MAPE: 35767644.00, 35767643.00, 5875.94, 4558.47, 5.78%
Test - Best epoch, Loss, MSE, RMSE, MAE, MAPE: 15, 93540688.00, 93540684.00, 9584.07, 7447.01, 8.49%
- Epoch 016, ExpID 31667
Train - Loss: 32342199.30
Val - Loss, MSE, RMSE, MAE, MAPE: 35334000.00, 35334001.00, 5843.96, 4534.93, 5.75%
Test - Best epoch, Loss, MSE, RMSE, MAE, MAPE: 16, 94381648.00, 94381644.00, 9617.77, 7487.20, 8.54%
- Epoch 017, ExpID 31667
Train - Loss: 32102737.70
Val - Loss, MSE, RMSE, MAE, MAPE: 34904820.00, 34904820.00, 5807.87, 4504.72, 5.72%
Test - Best epoch, Loss, MSE, RMSE, MAE, MAPE: 17, 94179744.00, 94179744.00, 9605.88, 7492.25, 8.56%
- Epoch 018, ExpID 31667
Train - Loss: 31910397.90
Val - Loss, MSE, RMSE, MAE, MAPE: 34620788.00, 34620787.00, 5783.29, 4480.18, 5.68%
Test - Best epoch, Loss, MSE, RMSE, MAE, MAPE: 18, 95954272.00, 95954272.00, 9684.15, 7572.27, 8.65%
- Epoch 019, ExpID 31667
Train - Loss: 31579606.90
Val - Loss, MSE, RMSE, MAE, MAPE: 34331936.00, 34331938.00, 5760.47, 4459.36, 5.65%
Test - Best epoch, Loss, MSE, RMSE, MAE, MAPE: 19, 96899208.00, 96899208.00, 9723.93, 7602.98, 8.68%
- Epoch 020, ExpID 31667
Train - Loss: 31470684.40
Val - Loss, MSE, RMSE, MAE, MAPE: 34201112.00, 34201113.00, 5749.50, 4444.72, 5.62%
Test - Best epoch, Loss, MSE, RMSE, MAE, MAPE: 20, 98062096.00, 98062096.00, 9774.90, 7644.15, 8.72%
- Epoch 021, ExpID 31667
Train - Loss: 31044057.20
Val - Loss, MSE, RMSE, MAE, MAPE: 33994276.00, 33994275.00, 5732.14, 4436.95, 5.61%
Test - Best epoch, Loss, MSE, RMSE, MAE, MAPE: 21, 98178416.00, 98178416.00, 9779.15, 7653.99, 8.74%
- Epoch 022, ExpID 31667
Train - Loss: 31066538.60
Val - Loss, MSE, RMSE, MAE, MAPE: 33874168.00, 33874169.00, 5723.62, 4424.66, 5.59%
Test - Best epoch, Loss, MSE, RMSE, MAE, MAPE: 22, 99247608.00, 99247610.00, 9825.29, 7694.46, 8.78%
- Epoch 023, ExpID 31667
Train - Loss: 30817752.00
Val - Loss, MSE, RMSE, MAE, MAPE: 33755064.00, 33755065.00, 5715.98, 4407.64, 5.56%
Test - Best epoch, Loss, MSE, RMSE, MAE, MAPE: 23, 101948416.00, 101948412.00, 9939.89, 7783.79, 8.88%
- Epoch 024, ExpID 31667
Train - Loss: 30784099.70
Val - Loss, MSE, RMSE, MAE, MAPE: 33671784.00, 33671786.00, 5709.05, 4412.00, 5.57%
Test - Best epoch, Loss, MSE, RMSE, MAE, MAPE: 24, 100734320.00, 100734316.00, 9888.16, 7743.04, 8.84%
- Epoch 025, ExpID 31667
Train - Loss: 30414107.00
Val - Loss, MSE, RMSE, MAE, MAPE: 33506604.00, 33506603.00, 5696.40, 4396.60, 5.55%
Test - Best epoch, Loss, MSE, RMSE, MAE, MAPE: 25, 101091808.00, 101091810.00, 9902.73, 7759.19, 8.86%
- Epoch 026, ExpID 31667
Train - Loss: 30325931.70
Val - Loss, MSE, RMSE, MAE, MAPE: 33454176.00, 33454177.00, 5693.96, 4401.10, 5.56%
Test - Best epoch, Loss, MSE, RMSE, MAE, MAPE: 26, 101289168.00, 101289164.00, 9909.50, 7767.34, 8.87%
- Epoch 027, ExpID 31667
Train - Loss: 29930675.80
Val - Loss, MSE, RMSE, MAE, MAPE: 33293572.00, 33293573.00, 5680.57, 4388.04, 5.54%
Test - Best epoch, Loss, MSE, RMSE, MAE, MAPE: 27, 102090944.00, 102090948.00, 9943.77, 7787.84, 8.89%
- Epoch 028, ExpID 31667
Train - Loss: 29859307.50
Val - Loss, MSE, RMSE, MAE, MAPE: 33170494.00, 33170494.00, 5672.12, 4381.94, 5.54%
Test - Best epoch, Loss, MSE, RMSE, MAE, MAPE: 28, 102924752.00, 102924752.00, 9977.79, 7828.53, 8.94%
- Epoch 029, ExpID 31667
Train - Loss: 29642260.20
Val - Loss, MSE, RMSE, MAE, MAPE: 33244936.00, 33244936.00, 5683.28, 4384.34, 5.53%
Test - Best epoch, Loss, MSE, RMSE, MAE, MAPE: 28, 102924752.00, 102924752.00, 9977.79, 7828.53, 8.94%
- Epoch 030, ExpID 31667
Train - Loss: 29539693.20
Val - Loss, MSE, RMSE, MAE, MAPE: 33030140.00, 33030139.00, 5662.70, 4373.94, 5.53%
Test - Best epoch, Loss, MSE, RMSE, MAE, MAPE: 30, 101956368.00, 101956372.00, 9935.82, 7780.82, 8.88%
- Epoch 031, ExpID 31667
Train - Loss: 29425135.30
Val - Loss, MSE, RMSE, MAE, MAPE: 32965740.00, 32965740.00, 5657.60, 4371.95, 5.52%
Test - Best epoch, Loss, MSE, RMSE, MAE, MAPE: 31, 102770832.00, 102770836.00, 9970.90, 7810.26, 8.92%
- Epoch 032, ExpID 31667
Train - Loss: 29148194.00
Val - Loss, MSE, RMSE, MAE, MAPE: 33090832.00, 33090833.00, 5671.94, 4384.39, 5.54%
Test - Best epoch, Loss, MSE, RMSE, MAE, MAPE: 31, 102770832.00, 102770836.00, 9970.90, 7810.26, 8.92%
- Epoch 033, ExpID 31667
Train - Loss: 29105038.10
Val - Loss, MSE, RMSE, MAE, MAPE: 32660076.00, 32660075.00, 5634.22, 4351.31, 5.50%
Test - Best epoch, Loss, MSE, RMSE, MAE, MAPE: 33, 103707152.00, 103707156.00, 10006.37, 7847.54, 8.96%
- Epoch 034, ExpID 31667
Train - Loss: 28855425.30
Val - Loss, MSE, RMSE, MAE, MAPE: 32837790.00, 32837790.00, 5653.92, 4370.85, 5.52%
Test - Best epoch, Loss, MSE, RMSE, MAE, MAPE: 33, 103707152.00, 103707156.00, 10006.37, 7847.54, 8.96%
- Epoch 035, ExpID 31667
Train - Loss: 28709978.00
Val - Loss, MSE, RMSE, MAE, MAPE: 32688646.00, 32688646.00, 5640.89, 4359.87, 5.51%
Test - Best epoch, Loss, MSE, RMSE, MAE, MAPE: 33, 103707152.00, 103707156.00, 10006.37, 7847.54, 8.96%
- Epoch 036, ExpID 31667
Train - Loss: 28623151.90
Val - Loss, MSE, RMSE, MAE, MAPE: 32698120.00, 32698120.00, 5642.11, 4358.02, 5.50%
Test - Best epoch, Loss, MSE, RMSE, MAE, MAPE: 33, 103707152.00, 103707156.00, 10006.37, 7847.54, 8.96%
- Epoch 037, ExpID 31667
Train - Loss: 28346675.80
Val - Loss, MSE, RMSE, MAE, MAPE: 32492076.00, 32492076.00, 5626.15, 4351.57, 5.50%
Test - Best epoch, Loss, MSE, RMSE, MAE, MAPE: 37, 102028896.00, 102028896.00, 9932.05, 7781.74, 8.89%
- Epoch 038, ExpID 31667
Train - Loss: 28490214.00
Val - Loss, MSE, RMSE, MAE, MAPE: 32362208.00, 32362208.00, 5616.48, 4342.86, 5.50%
Test - Best epoch, Loss, MSE, RMSE, MAE, MAPE: 38, 100902064.00, 100902066.00, 9881.46, 7745.50, 8.85%
- Epoch 039, ExpID 31667
Train - Loss: 28230652.00
Val - Loss, MSE, RMSE, MAE, MAPE: 32346244.00, 32346244.00, 5614.09, 4338.63, 5.48%
Test - Best epoch, Loss, MSE, RMSE, MAE, MAPE: 39, 101870176.00, 101870178.00, 9923.35, 7770.02, 8.87%
- Epoch 040, ExpID 31667
Train - Loss: 28097822.70
Val - Loss, MSE, RMSE, MAE, MAPE: 32148618.00, 32148618.00, 5599.34, 4331.91, 5.47%
Test - Best epoch, Loss, MSE, RMSE, MAE, MAPE: 40, 101005480.00, 101005478.00, 9883.32, 7749.22, 8.85%
- Epoch 041, ExpID 31667
Train - Loss: 27863164.30
Val - Loss, MSE, RMSE, MAE, MAPE: 32238980.00, 32238979.00, 5609.11, 4336.85, 5.47%
Test - Best epoch, Loss, MSE, RMSE, MAE, MAPE: 40, 101005480.00, 101005478.00, 9883.32, 7749.22, 8.85%
- Epoch 042, ExpID 31667
Train - Loss: 27915378.30
Val - Loss, MSE, RMSE, MAE, MAPE: 31905764.00, 31905763.00, 5577.84, 4309.66, 5.44%
Test - Best epoch, Loss, MSE, RMSE, MAE, MAPE: 42, 100749152.00, 100749152.00, 9869.11, 7729.13, 8.83%
- Epoch 043, ExpID 31667
Train - Loss: 27762173.50
Val - Loss, MSE, RMSE, MAE, MAPE: 31853712.00, 31853711.00, 5577.97, 4313.58, 5.45%
Test - Best epoch, Loss, MSE, RMSE, MAE, MAPE: 43, 100333320.00, 100333320.00, 9848.58, 7706.94, 8.81%
- Epoch 044, ExpID 31667
Train - Loss: 27550026.40
Val - Loss, MSE, RMSE, MAE, MAPE: 31831736.00, 31831737.00, 5572.56, 4307.02, 5.44%
Test - Best epoch, Loss, MSE, RMSE, MAE, MAPE: 44, 99571312.00, 99571312.00, 9816.62, 7671.48, 8.76%
- Epoch 045, ExpID 31667
Train - Loss: 27485506.30
Val - Loss, MSE, RMSE, MAE, MAPE: 32067788.00, 32067789.00, 5597.09, 4330.20, 5.46%
Test - Best epoch, Loss, MSE, RMSE, MAE, MAPE: 44, 99571312.00, 99571312.00, 9816.62, 7671.48, 8.76%
- Epoch 046, ExpID 31667
Train - Loss: 27377582.40
Val - Loss, MSE, RMSE, MAE, MAPE: 31508496.00, 31508496.00, 5545.49, 4286.00, 5.41%
Test - Best epoch, Loss, MSE, RMSE, MAE, MAPE: 46, 98256384.00, 98256380.00, 9754.39, 7621.59, 8.71%
- Epoch 047, ExpID 31667
Train - Loss: 27285245.30
Val - Loss, MSE, RMSE, MAE, MAPE: 31490610.00, 31490610.00, 5542.82, 4286.66, 5.41%
Test - Best epoch, Loss, MSE, RMSE, MAE, MAPE: 47, 97973224.00, 97973224.00, 9744.18, 7614.92, 8.71%
- Epoch 048, ExpID 31667
Train - Loss: 27028788.70
Val - Loss, MSE, RMSE, MAE, MAPE: 31728422.00, 31728422.00, 5569.66, 4308.64, 5.43%
Test - Best epoch, Loss, MSE, RMSE, MAE, MAPE: 47, 97973224.00, 97973224.00, 9744.18, 7614.92, 8.71%
- Epoch 049, ExpID 31667
Train - Loss: 27191466.70
Val - Loss, MSE, RMSE, MAE, MAPE: 31747016.00, 31747017.00, 5567.71, 4308.73, 5.43%
Test - Best epoch, Loss, MSE, RMSE, MAE, MAPE: 47, 97973224.00, 97973224.00, 9744.18, 7614.92, 8.71%
- Epoch 050, ExpID 31667
Train - Loss: 27032935.90
Val - Loss, MSE, RMSE, MAE, MAPE: 31159460.00, 31159459.00, 5515.20, 4268.43, 5.39%
Test - Best epoch, Loss, MSE, RMSE, MAE, MAPE: 50, 95467536.00, 95467534.00, 9626.62, 7511.60, 8.59%
- Epoch 051, ExpID 31667
Train - Loss: 26814717.60
Val - Loss, MSE, RMSE, MAE, MAPE: 31570148.00, 31570148.00, 5555.24, 4295.50, 5.41%
Test - Best epoch, Loss, MSE, RMSE, MAE, MAPE: 50, 95467536.00, 95467534.00, 9626.62, 7511.60, 8.59%
- Epoch 052, ExpID 31667
Train - Loss: 26787793.00
Val - Loss, MSE, RMSE, MAE, MAPE: 31292416.00, 31292416.00, 5528.09, 4279.29, 5.39%
Test - Best epoch, Loss, MSE, RMSE, MAE, MAPE: 50, 95467536.00, 95467534.00, 9626.62, 7511.60, 8.59%
- Epoch 053, ExpID 31667
Train - Loss: 26571497.90
Val - Loss, MSE, RMSE, MAE, MAPE: 30857264.00, 30857264.00, 5489.50, 4249.10, 5.36%
Test - Best epoch, Loss, MSE, RMSE, MAE, MAPE: 53, 94149880.00, 94149880.00, 9563.19, 7453.55, 8.52%
- Epoch 054, ExpID 31667
Train - Loss: 26619399.00
Val - Loss, MSE, RMSE, MAE, MAPE: 30882648.00, 30882648.00, 5488.93, 4241.32, 5.34%
Test - Best epoch, Loss, MSE, RMSE, MAE, MAPE: 53, 94149880.00, 94149880.00, 9563.19, 7453.55, 8.52%
- Epoch 055, ExpID 31667
Train - Loss: 26252010.00
Val - Loss, MSE, RMSE, MAE, MAPE: 30625352.00, 30625351.00, 5469.11, 4235.76, 5.35%
Test - Best epoch, Loss, MSE, RMSE, MAE, MAPE: 55, 91819792.00, 91819790.00, 9453.05, 7346.79, 8.40%
- Epoch 056, ExpID 31667
Train - Loss: 26218202.30
Val - Loss, MSE, RMSE, MAE, MAPE: 30678276.00, 30678276.00, 5466.77, 4226.16, 5.32%
Test - Best epoch, Loss, MSE, RMSE, MAE, MAPE: 55, 91819792.00, 91819790.00, 9453.05, 7346.79, 8.40%
- Epoch 057, ExpID 31667
Train - Loss: 26086363.60
Val - Loss, MSE, RMSE, MAE, MAPE: 30440006.00, 30440006.00, 5452.54, 4228.31, 5.34%
Test - Best epoch, Loss, MSE, RMSE, MAE, MAPE: 57, 91086264.00, 91086266.00, 9419.97, 7325.78, 8.38%
- Epoch 058, ExpID 31667
Train - Loss: 26163331.20
Val - Loss, MSE, RMSE, MAE, MAPE: 30460212.00, 30460213.00, 5451.64, 4216.88, 5.31%
Test - Best epoch, Loss, MSE, RMSE, MAE, MAPE: 57, 91086264.00, 91086266.00, 9419.97, 7325.78, 8.38%
- Epoch 059, ExpID 31667
Train - Loss: 26055258.50
Val - Loss, MSE, RMSE, MAE, MAPE: 30441380.00, 30441381.00, 5452.68, 4215.34, 5.30%
Test - Best epoch, Loss, MSE, RMSE, MAE, MAPE: 57, 91086264.00, 91086266.00, 9419.97, 7325.78, 8.38%
- Epoch 060, ExpID 31667
Train - Loss: 25846321.40
Val - Loss, MSE, RMSE, MAE, MAPE: 30728540.00, 30728539.00, 5478.32, 4244.94, 5.35%
Test - Best epoch, Loss, MSE, RMSE, MAE, MAPE: 57, 91086264.00, 91086266.00, 9419.97, 7325.78, 8.38%
- Epoch 061, ExpID 31667
Train - Loss: 25855305.50
Val - Loss, MSE, RMSE, MAE, MAPE: 30168308.00, 30168308.00, 5430.38, 4205.58, 5.30%
Test - Best epoch, Loss, MSE, RMSE, MAE, MAPE: 61, 89907752.00, 89907752.00, 9355.97, 7258.23, 8.30%
- Epoch 062, ExpID 31667
Train - Loss: 25806509.20
Val - Loss, MSE, RMSE, MAE, MAPE: 29988384.00, 29988383.00, 5412.99, 4193.54, 5.29%
Test - Best epoch, Loss, MSE, RMSE, MAE, MAPE: 62, 87827312.00, 87827310.00, 9258.47, 7169.21, 8.20%
- Epoch 063, ExpID 31667
Train - Loss: 25763054.60
Val - Loss, MSE, RMSE, MAE, MAPE: 30231928.00, 30231928.00, 5432.13, 4205.31, 5.29%
Test - Best epoch, Loss, MSE, RMSE, MAE, MAPE: 62, 87827312.00, 87827310.00, 9258.47, 7169.21, 8.20%
- Epoch 064, ExpID 31667
Train - Loss: 25715374.40
Val - Loss, MSE, RMSE, MAE, MAPE: 30359608.00, 30359609.00, 5443.77, 4216.35, 5.30%
Test - Best epoch, Loss, MSE, RMSE, MAE, MAPE: 62, 87827312.00, 87827310.00, 9258.47, 7169.21, 8.20%
- Epoch 065, ExpID 31667
Train - Loss: 25591318.00
Val - Loss, MSE, RMSE, MAE, MAPE: 30372540.00, 30372540.00, 5452.70, 4223.90, 5.31%
Test - Best epoch, Loss, MSE, RMSE, MAE, MAPE: 62, 87827312.00, 87827310.00, 9258.47, 7169.21, 8.20%
- Epoch 066, ExpID 31667
Train - Loss: 25527730.30
Val - Loss, MSE, RMSE, MAE, MAPE: 30280438.00, 30280438.00, 5441.64, 4227.12, 5.33%
Test - Best epoch, Loss, MSE, RMSE, MAE, MAPE: 62, 87827312.00, 87827310.00, 9258.47, 7169.21, 8.20%
- Epoch 067, ExpID 31667
Train - Loss: 25359563.10
Val - Loss, MSE, RMSE, MAE, MAPE: 30205252.00, 30205252.00, 5435.86, 4211.02, 5.30%
Test - Best epoch, Loss, MSE, RMSE, MAE, MAPE: 62, 87827312.00, 87827310.00, 9258.47, 7169.21, 8.20%
- Epoch 068, ExpID 31667
Train - Loss: 25451169.20
Val - Loss, MSE, RMSE, MAE, MAPE: 29626140.00, 29626140.00, 5379.43, 4169.39, 5.25%
Test - Best epoch, Loss, MSE, RMSE, MAE, MAPE: 68, 86194344.00, 86194344.00, 9175.56, 7085.65, 8.10%
- Epoch 069, ExpID 31667
Train - Loss: 25338600.30
Val - Loss, MSE, RMSE, MAE, MAPE: 30219524.00, 30219525.00, 5434.00, 4213.40, 5.29%
Test - Best epoch, Loss, MSE, RMSE, MAE, MAPE: 68, 86194344.00, 86194344.00, 9175.56, 7085.65, 8.10%
- Epoch 070, ExpID 31667
Train - Loss: 25403569.40
Val - Loss, MSE, RMSE, MAE, MAPE: 29832242.00, 29832242.00, 5398.31, 4186.31, 5.27%
Test - Best epoch, Loss, MSE, RMSE, MAE, MAPE: 68, 86194344.00, 86194344.00, 9175.56, 7085.65, 8.10%
- Epoch 071, ExpID 31667
Train - Loss: 25111270.10
Val - Loss, MSE, RMSE, MAE, MAPE: 30329462.00, 30329462.00, 5442.11, 4215.98, 5.29%
Test - Best epoch, Loss, MSE, RMSE, MAE, MAPE: 68, 86194344.00, 86194344.00, 9175.56, 7085.65, 8.10%
- Epoch 072, ExpID 31667
Train - Loss: 25130547.30
Val - Loss, MSE, RMSE, MAE, MAPE: 30276646.00, 30276646.00, 5436.03, 4211.94, 5.29%
Test - Best epoch, Loss, MSE, RMSE, MAE, MAPE: 68, 86194344.00, 86194344.00, 9175.56, 7085.65, 8.10%
- Epoch 073, ExpID 31667
Train - Loss: 25047665.50
Val - Loss, MSE, RMSE, MAE, MAPE: 29616976.00, 29616975.00, 5376.62, 4169.62, 5.24%
Test - Best epoch, Loss, MSE, RMSE, MAE, MAPE: 73, 84424464.00, 84424464.00, 9091.83, 7018.31, 8.03%
- Epoch 074, ExpID 31667
Train - Loss: 24993738.20
Val - Loss, MSE, RMSE, MAE, MAPE: 29365470.00, 29365470.00, 5355.89, 4158.25, 5.24%
Test - Best epoch, Loss, MSE, RMSE, MAE, MAPE: 74, 82263288.00, 82263288.00, 8986.21, 6911.40, 7.91%
- Epoch 075, ExpID 31667
Train - Loss: 24801434.40
Val - Loss, MSE, RMSE, MAE, MAPE: 29792254.00, 29792254.00, 5400.22, 4186.59, 5.26%
Test - Best epoch, Loss, MSE, RMSE, MAE, MAPE: 74, 82263288.00, 82263288.00, 8986.21, 6911.40, 7.91%
- Epoch 076, ExpID 31667
Train - Loss: 24768950.40
Val - Loss, MSE, RMSE, MAE, MAPE: 29986804.00, 29986804.00, 5413.62, 4202.81, 5.28%
Test - Best epoch, Loss, MSE, RMSE, MAE, MAPE: 74, 82263288.00, 82263288.00, 8986.21, 6911.40, 7.91%
- Epoch 077, ExpID 31667
Train - Loss: 24633832.30
Val - Loss, MSE, RMSE, MAE, MAPE: 30033558.00, 30033558.00, 5418.41, 4202.13, 5.27%
Test - Best epoch, Loss, MSE, RMSE, MAE, MAPE: 74, 82263288.00, 82263288.00, 8986.21, 6911.40, 7.91%
- Epoch 078, ExpID 31667
Train - Loss: 24774518.60
Val - Loss, MSE, RMSE, MAE, MAPE: 29686920.00, 29686919.00, 5384.19, 4181.76, 5.26%
Test - Best epoch, Loss, MSE, RMSE, MAE, MAPE: 74, 82263288.00, 82263288.00, 8986.21, 6911.40, 7.91%
- Epoch 079, ExpID 31667
Train - Loss: 24454625.80
Val - Loss, MSE, RMSE, MAE, MAPE: 29805942.00, 29805942.00, 5400.00, 4190.43, 5.26%
Test - Best epoch, Loss, MSE, RMSE, MAE, MAPE: 74, 82263288.00, 82263288.00, 8986.21, 6911.40, 7.91%
- Epoch 080, ExpID 31667
Train - Loss: 24433497.10
Val - Loss, MSE, RMSE, MAE, MAPE: 29462880.00, 29462879.00, 5367.99, 4160.59, 5.23%
Test - Best epoch, Loss, MSE, RMSE, MAE, MAPE: 74, 82263288.00, 82263288.00, 8986.21, 6911.40, 7.91%
- Epoch 081, ExpID 31667
Train - Loss: 24350738.80
Val - Loss, MSE, RMSE, MAE, MAPE: 29391462.00, 29391462.00, 5359.62, 4165.70, 5.24%
Test - Best epoch, Loss, MSE, RMSE, MAE, MAPE: 74, 82263288.00, 82263288.00, 8986.21, 6911.40, 7.91%
- Epoch 082, ExpID 31667
Train - Loss: 24160164.60
Val - Loss, MSE, RMSE, MAE, MAPE: 29086948.00, 29086947.00, 5339.91, 4147.80, 5.22%
Test - Best epoch, Loss, MSE, RMSE, MAE, MAPE: 82, 79541968.00, 79541968.00, 8839.13, 6807.41, 7.79%
- Epoch 083, ExpID 31667
Train - Loss: 24154640.50
Val - Loss, MSE, RMSE, MAE, MAPE: 29333120.00, 29333121.00, 5358.46, 4151.90, 5.21%
Test - Best epoch, Loss, MSE, RMSE, MAE, MAPE: 82, 79541968.00, 79541968.00, 8839.13, 6807.41, 7.79%
- Epoch 084, ExpID 31667
Train - Loss: 24396190.80
Val - Loss, MSE, RMSE, MAE, MAPE: 28796882.00, 28796882.00, 5307.71, 4129.89, 5.20%
Test - Best epoch, Loss, MSE, RMSE, MAE, MAPE: 84, 77633264.00, 77633264.00, 8746.53, 6730.74, 7.71%
- Epoch 085, ExpID 31667
Train - Loss: 24140374.80
Val - Loss, MSE, RMSE, MAE, MAPE: 29954760.00, 29954761.00, 5413.99, 4207.68, 5.28%
Test - Best epoch, Loss, MSE, RMSE, MAE, MAPE: 84, 77633264.00, 77633264.00, 8746.53, 6730.74, 7.71%
- Epoch 086, ExpID 31667
Train - Loss: 24093046.40
Val - Loss, MSE, RMSE, MAE, MAPE: 29530608.00, 29530607.00, 5380.09, 4177.88, 5.25%
Test - Best epoch, Loss, MSE, RMSE, MAE, MAPE: 84, 77633264.00, 77633264.00, 8746.53, 6730.74, 7.71%
- Epoch 087, ExpID 31667
Train - Loss: 24053080.80
Val - Loss, MSE, RMSE, MAE, MAPE: 29046824.00, 29046824.00, 5334.05, 4139.86, 5.20%
Test - Best epoch, Loss, MSE, RMSE, MAE, MAPE: 84, 77633264.00, 77633264.00, 8746.53, 6730.74, 7.71%
- Epoch 088, ExpID 31667
Train - Loss: 24112217.60
Val - Loss, MSE, RMSE, MAE, MAPE: 28917856.00, 28917856.00, 5317.90, 4133.74, 5.20%
Test - Best epoch, Loss, MSE, RMSE, MAE, MAPE: 84, 77633264.00, 77633264.00, 8746.53, 6730.74, 7.71%
- Epoch 089, ExpID 31667
Train - Loss: 24006844.20
Val - Loss, MSE, RMSE, MAE, MAPE: 28972050.00, 28972050.00, 5323.97, 4126.88, 5.18%
Test - Best epoch, Loss, MSE, RMSE, MAE, MAPE: 84, 77633264.00, 77633264.00, 8746.53, 6730.74, 7.71%
- Epoch 090, ExpID 31667
Train - Loss: 23768242.30
Val - Loss, MSE, RMSE, MAE, MAPE: 28808148.00, 28808147.00, 5309.51, 4120.70, 5.18%
Test - Best epoch, Loss, MSE, RMSE, MAE, MAPE: 84, 77633264.00, 77633264.00, 8746.53, 6730.74, 7.71%
- Epoch 091, ExpID 31667
Train - Loss: 23627560.40
Val - Loss, MSE, RMSE, MAE, MAPE: 29458668.00, 29458667.00, 5366.11, 4164.21, 5.22%
Test - Best epoch, Loss, MSE, RMSE, MAE, MAPE: 84, 77633264.00, 77633264.00, 8746.53, 6730.74, 7.71%
- Epoch 092, ExpID 31667
Train - Loss: 23713293.60
Val - Loss, MSE, RMSE, MAE, MAPE: 28175484.00, 28175485.00, 5251.69, 4084.73, 5.15%
Test - Best epoch, Loss, MSE, RMSE, MAE, MAPE: 92, 74838304.00, 74838308.00, 8595.85, 6598.60, 7.56%
- Epoch 093, ExpID 31667
Train - Loss: 23668890.60
Val - Loss, MSE, RMSE, MAE, MAPE: 29751148.00, 29751148.00, 5392.78, 4179.16, 5.22%
Test - Best epoch, Loss, MSE, RMSE, MAE, MAPE: 92, 74838304.00, 74838308.00, 8595.85, 6598.60, 7.56%
- Epoch 094, ExpID 31667
Train - Loss: 23623352.00
Val - Loss, MSE, RMSE, MAE, MAPE: 28929284.00, 28929285.00, 5320.75, 4133.35, 5.19%
Test - Best epoch, Loss, MSE, RMSE, MAE, MAPE: 92, 74838304.00, 74838308.00, 8595.85, 6598.60, 7.56%
- Epoch 095, ExpID 31667
Train - Loss: 23522345.70
Val - Loss, MSE, RMSE, MAE, MAPE: 28335122.00, 28335122.00, 5259.41, 4084.50, 5.13%
Test - Best epoch, Loss, MSE, RMSE, MAE, MAPE: 92, 74838304.00, 74838308.00, 8595.85, 6598.60, 7.56%
- Epoch 096, ExpID 31667
Train - Loss: 23452173.20
Val - Loss, MSE, RMSE, MAE, MAPE: 28530532.00, 28530532.00, 5286.70, 4102.33, 5.15%
Test - Best epoch, Loss, MSE, RMSE, MAE, MAPE: 92, 74838304.00, 74838308.00, 8595.85, 6598.60, 7.56%
- Epoch 097, ExpID 31667
Train - Loss: 23332246.20
Val - Loss, MSE, RMSE, MAE, MAPE: 28921280.00, 28921279.00, 5313.81, 4132.30, 5.18%
Test - Best epoch, Loss, MSE, RMSE, MAE, MAPE: 92, 74838304.00, 74838308.00, 8595.85, 6598.60, 7.56%
- Epoch 098, ExpID 31667
Train - Loss: 23347041.70
Val - Loss, MSE, RMSE, MAE, MAPE: 28106844.00, 28106845.00, 5247.99, 4070.80, 5.11%
Test - Best epoch, Loss, MSE, RMSE, MAE, MAPE: 98, 75678760.00, 75678762.00, 8635.02, 6636.38, 7.60%
- Epoch 099, ExpID 31667
Train - Loss: 23011018.90
Val - Loss, MSE, RMSE, MAE, MAPE: 29215140.00, 29215140.00, 5346.30, 4145.70, 5.19%
Test - Best epoch, Loss, MSE, RMSE, MAE, MAPE: 98, 75678760.00, 75678762.00, 8635.02, 6636.38, 7.60%
- Epoch 100, ExpID 31667
Train - Loss: 23275259.50
Val - Loss, MSE, RMSE, MAE, MAPE: 28270040.00, 28270040.00, 5258.66, 4084.32, 5.13%
Test - Best epoch, Loss, MSE, RMSE, MAE, MAPE: 98, 75678760.00, 75678762.00, 8635.02, 6636.38, 7.60%
- Epoch 101, ExpID 31667
Train - Loss: 23028790.30
Val - Loss, MSE, RMSE, MAE, MAPE: 28185424.00, 28185423.00, 5251.41, 4074.50, 5.12%
Test - Best epoch, Loss, MSE, RMSE, MAE, MAPE: 98, 75678760.00, 75678762.00, 8635.02, 6636.38, 7.60%
- Epoch 102, ExpID 31667
Train - Loss: 23139759.50
Val - Loss, MSE, RMSE, MAE, MAPE: 27986740.00, 27986739.00, 5234.60, 4062.64, 5.10%
Test - Best epoch, Loss, MSE, RMSE, MAE, MAPE: 102, 74243680.00, 74243682.00, 8563.33, 6582.57, 7.54%
- Epoch 103, ExpID 31667
Train - Loss: 23116902.50
Val - Loss, MSE, RMSE, MAE, MAPE: 28799306.00, 28799306.00, 5313.14, 4120.42, 5.16%
Test - Best epoch, Loss, MSE, RMSE, MAE, MAPE: 102, 74243680.00, 74243682.00, 8563.33, 6582.57, 7.54%
- Epoch 104, ExpID 31667
Train - Loss: 22967880.90
Val - Loss, MSE, RMSE, MAE, MAPE: 27451740.00, 27451741.00, 5180.72, 4020.38, 5.05%
Test - Best epoch, Loss, MSE, RMSE, MAE, MAPE: 104, 72751608.00, 72751606.00, 8485.32, 6513.48, 7.47%
- Epoch 105, ExpID 31667
Train - Loss: 23014317.20
Val - Loss, MSE, RMSE, MAE, MAPE: 28443408.00, 28443408.00, 5281.57, 4095.29, 5.13%
Test - Best epoch, Loss, MSE, RMSE, MAE, MAPE: 104, 72751608.00, 72751606.00, 8485.32, 6513.48, 7.47%
- Epoch 106, ExpID 31667
Train - Loss: 22858106.00
Val - Loss, MSE, RMSE, MAE, MAPE: 27565904.00, 27565904.00, 5194.28, 4044.78, 5.09%
Test - Best epoch, Loss, MSE, RMSE, MAE, MAPE: 104, 72751608.00, 72751606.00, 8485.32, 6513.48, 7.47%
- Epoch 107, ExpID 31667
Train - Loss: 22766323.10
Val - Loss, MSE, RMSE, MAE, MAPE: 28377508.00, 28377509.00, 5273.49, 4091.21, 5.13%
Test - Best epoch, Loss, MSE, RMSE, MAE, MAPE: 104, 72751608.00, 72751606.00, 8485.32, 6513.48, 7.47%
- Epoch 108, ExpID 31667
Train - Loss: 22818004.20
Val - Loss, MSE, RMSE, MAE, MAPE: 27940504.00, 27940505.00, 5232.25, 4063.73, 5.10%
Test - Best epoch, Loss, MSE, RMSE, MAE, MAPE: 104, 72751608.00, 72751606.00, 8485.32, 6513.48, 7.47%
- Epoch 109, ExpID 31667
Train - Loss: 22812375.00
Val - Loss, MSE, RMSE, MAE, MAPE: 27717584.00, 27717585.00, 5205.23, 4045.95, 5.07%
Test - Best epoch, Loss, MSE, RMSE, MAE, MAPE: 104, 72751608.00, 72751606.00, 8485.32, 6513.48, 7.47%
- Epoch 110, ExpID 31667
Train - Loss: 22775131.60
Val - Loss, MSE, RMSE, MAE, MAPE: 28073394.00, 28073394.00, 5244.61, 4070.02, 5.10%
Test - Best epoch, Loss, MSE, RMSE, MAE, MAPE: 104, 72751608.00, 72751606.00, 8485.32, 6513.48, 7.47%
- Epoch 111, ExpID 31667
Train - Loss: 22715179.80
Val - Loss, MSE, RMSE, MAE, MAPE: 28583928.00, 28583927.00, 5297.72, 4116.69, 5.15%
Test - Best epoch, Loss, MSE, RMSE, MAE, MAPE: 104, 72751608.00, 72751606.00, 8485.32, 6513.48, 7.47%
- Epoch 112, ExpID 31667
Train - Loss: 22526704.30
Val - Loss, MSE, RMSE, MAE, MAPE: 28407296.00, 28407297.00, 5276.60, 4098.14, 5.13%
Test - Best epoch, Loss, MSE, RMSE, MAE, MAPE: 104, 72751608.00, 72751606.00, 8485.32, 6513.48, 7.47%
- Epoch 113, ExpID 31667
Train - Loss: 22466195.90
Val - Loss, MSE, RMSE, MAE, MAPE: 26882240.00, 26882240.00, 5127.08, 3985.94, 5.01%
Test - Best epoch, Loss, MSE, RMSE, MAE, MAPE: 113, 70716768.00, 70716770.00, 8372.67, 6441.93, 7.40%
- Epoch 114, ExpID 31667
Train - Loss: 22644283.60
Val - Loss, MSE, RMSE, MAE, MAPE: 28692262.00, 28692262.00, 5311.32, 4122.19, 5.15%
Test - Best epoch, Loss, MSE, RMSE, MAE, MAPE: 113, 70716768.00, 70716770.00, 8372.67, 6441.93, 7.40%
- Epoch 115, ExpID 31667
Train - Loss: 22516965.50
Val - Loss, MSE, RMSE, MAE, MAPE: 27264276.00, 27264277.00, 5165.99, 4019.52, 5.05%
Test - Best epoch, Loss, MSE, RMSE, MAE, MAPE: 113, 70716768.00, 70716770.00, 8372.67, 6441.93, 7.40%
- Epoch 116, ExpID 31667
Train - Loss: 22430517.20
Val - Loss, MSE, RMSE, MAE, MAPE: 28017106.00, 28017106.00, 5244.97, 4067.18, 5.09%
Test - Best epoch, Loss, MSE, RMSE, MAE, MAPE: 113, 70716768.00, 70716770.00, 8372.67, 6441.93, 7.40%
- Epoch 117, ExpID 31667
Train - Loss: 22389496.70
Val - Loss, MSE, RMSE, MAE, MAPE: 27508916.00, 27508916.00, 5195.94, 4037.62, 5.06%
Test - Best epoch, Loss, MSE, RMSE, MAE, MAPE: 113, 70716768.00, 70716770.00, 8372.67, 6441.93, 7.40%
- Epoch 118, ExpID 31667
Train - Loss: 22351917.30
Val - Loss, MSE, RMSE, MAE, MAPE: 26853048.00, 26853049.00, 5126.40, 3980.80, 5.00%
Test - Best epoch, Loss, MSE, RMSE, MAE, MAPE: 118, 71234104.00, 71234106.00, 8400.87, 6474.29, 7.43%
- Epoch 119, ExpID 31667
Train - Loss: 22064348.70
Val - Loss, MSE, RMSE, MAE, MAPE: 27901864.00, 27901863.00, 5229.84, 4056.80, 5.07%
Test - Best epoch, Loss, MSE, RMSE, MAE, MAPE: 118, 71234104.00, 71234106.00, 8400.87, 6474.29, 7.43%
- Epoch 120, ExpID 31667
Train - Loss: 22270031.40
Val - Loss, MSE, RMSE, MAE, MAPE: 27321512.00, 27321512.00, 5177.08, 4018.54, 5.03%
Test - Best epoch, Loss, MSE, RMSE, MAE, MAPE: 118, 71234104.00, 71234106.00, 8400.87, 6474.29, 7.43%
- Epoch 121, ExpID 31667
Train - Loss: 22370630.70
Val - Loss, MSE, RMSE, MAE, MAPE: 26610332.00, 26610331.00, 5099.92, 3963.30, 4.98%
Test - Best epoch, Loss, MSE, RMSE, MAE, MAPE: 121, 69999864.00, 69999866.00, 8333.69, 6424.92, 7.38%
- Epoch 122, ExpID 31667
Train - Loss: 22136926.80
Val - Loss, MSE, RMSE, MAE, MAPE: 27762608.00, 27762608.00, 5217.97, 4050.86, 5.07%
Test - Best epoch, Loss, MSE, RMSE, MAE, MAPE: 121, 69999864.00, 69999866.00, 8333.69, 6424.92, 7.38%
- Epoch 123, ExpID 31667
Train - Loss: 22034798.90
Val - Loss, MSE, RMSE, MAE, MAPE: 27365316.00, 27365315.00, 5186.14, 4028.57, 5.05%
Test - Best epoch, Loss, MSE, RMSE, MAE, MAPE: 121, 69999864.00, 69999866.00, 8333.69, 6424.92, 7.38%
- Epoch 124, ExpID 31667
Train - Loss: 22001825.60
Val - Loss, MSE, RMSE, MAE, MAPE: 27226960.00, 27226961.00, 5165.40, 4011.14, 5.02%
Test - Best epoch, Loss, MSE, RMSE, MAE, MAPE: 121, 69999864.00, 69999866.00, 8333.69, 6424.92, 7.38%
- Epoch 125, ExpID 31667
Train - Loss: 21910421.90
Val - Loss, MSE, RMSE, MAE, MAPE: 27886160.00, 27886160.00, 5235.19, 4061.85, 5.07%
Test - Best epoch, Loss, MSE, RMSE, MAE, MAPE: 121, 69999864.00, 69999866.00, 8333.69, 6424.92, 7.38%
- Epoch 126, ExpID 31667
Train - Loss: 21913396.20
Val - Loss, MSE, RMSE, MAE, MAPE: 26017688.00, 26017689.00, 5047.03, 3927.04, 4.94%
Test - Best epoch, Loss, MSE, RMSE, MAE, MAPE: 126, 68896208.00, 68896210.00, 8270.89, 6380.57, 7.34%
- Epoch 127, ExpID 31667
Train - Loss: 22006148.10
Val - Loss, MSE, RMSE, MAE, MAPE: 27601748.00, 27601748.00, 5205.75, 4043.39, 5.06%
Test - Best epoch, Loss, MSE, RMSE, MAE, MAPE: 126, 68896208.00, 68896210.00, 8270.89, 6380.57, 7.34%
- Epoch 128, ExpID 31667
Train - Loss: 21827888.40
Val - Loss, MSE, RMSE, MAE, MAPE: 26626848.00, 26626847.00, 5112.07, 3973.51, 4.98%
Test - Best epoch, Loss, MSE, RMSE, MAE, MAPE: 126, 68896208.00, 68896210.00, 8270.89, 6380.57, 7.34%
- Epoch 129, ExpID 31667
Train - Loss: 21875631.40
Val - Loss, MSE, RMSE, MAE, MAPE: 27198432.00, 27198431.00, 5164.08, 4015.23, 5.03%
Test - Best epoch, Loss, MSE, RMSE, MAE, MAPE: 126, 68896208.00, 68896210.00, 8270.89, 6380.57, 7.34%
- Epoch 130, ExpID 31667
Train - Loss: 21726364.70
Val - Loss, MSE, RMSE, MAE, MAPE: 27425994.00, 27425994.00, 5191.33, 4031.48, 5.04%
Test - Best epoch, Loss, MSE, RMSE, MAE, MAPE: 126, 68896208.00, 68896210.00, 8270.89, 6380.57, 7.34%
- Epoch 131, ExpID 31667
Train - Loss: 21709642.70
Val - Loss, MSE, RMSE, MAE, MAPE: 26529952.00, 26529952.00, 5096.73, 3965.56, 4.97%
Test - Best epoch, Loss, MSE, RMSE, MAE, MAPE: 126, 68896208.00, 68896210.00, 8270.89, 6380.57, 7.34%
- Epoch 132, ExpID 31667
Train - Loss: 21747707.50
Val - Loss, MSE, RMSE, MAE, MAPE: 26990588.00, 26990587.00, 5146.02, 3998.00, 5.01%
Test - Best epoch, Loss, MSE, RMSE, MAE, MAPE: 126, 68896208.00, 68896210.00, 8270.89, 6380.57, 7.34%
- Epoch 133, ExpID 31667
Train - Loss: 21558261.50
Val - Loss, MSE, RMSE, MAE, MAPE: 26570884.00, 26570883.00, 5106.98, 3971.92, 4.98%
Test - Best epoch, Loss, MSE, RMSE, MAE, MAPE: 126, 68896208.00, 68896210.00, 8270.89, 6380.57, 7.34%
- Epoch 134, ExpID 31667
Train - Loss: 21478029.40
Val - Loss, MSE, RMSE, MAE, MAPE: 27320384.00, 27320384.00, 5188.51, 4036.31, 5.05%
Test - Best epoch, Loss, MSE, RMSE, MAE, MAPE: 126, 68896208.00, 68896210.00, 8270.89, 6380.57, 7.34%
- Epoch 135, ExpID 31667
Train - Loss: 21514116.50
Val - Loss, MSE, RMSE, MAE, MAPE: 26232062.00, 26232062.00, 5067.83, 3939.94, 4.94%
Test - Best epoch, Loss, MSE, RMSE, MAE, MAPE: 126, 68896208.00, 68896210.00, 8270.89, 6380.57, 7.34%
- Epoch 136, ExpID 31667
Train - Loss: 21414664.60
Val - Loss, MSE, RMSE, MAE, MAPE: 26774444.00, 26774445.00, 5133.60, 3992.78, 5.00%
Test - Best epoch, Loss, MSE, RMSE, MAE, MAPE: 126, 68896208.00, 68896210.00, 8270.89, 6380.57, 7.34%
Early Stopping at Epoch 136
Fold 2017 Best RMSE: 8270.8911

-------------------- [Fold: 2018] ExpID: 24865 --------------------
- Epoch 000, ExpID 24865
Train - Loss: 55484184.19
Val - Loss, MSE, RMSE, MAE, MAPE: 93477152.00, 93477148.00, 9638.00, 7583.38, 8.93%
Test - Best epoch, Loss, MSE, RMSE, MAE, MAPE: 0, 63686736.00, 63686734.00, 7953.29, 6288.16, 6.91%
- Epoch 001, ExpID 24865
Train - Loss: 46607991.05
Val - Loss, MSE, RMSE, MAE, MAPE: 84495096.00, 84495096.00, 9159.65, 7069.61, 8.28%
Test - Best epoch, Loss, MSE, RMSE, MAE, MAPE: 1, 56524712.00, 56524712.00, 7481.66, 5830.97, 6.41%
- Epoch 002, ExpID 24865
Train - Loss: 43865205.71
Val - Loss, MSE, RMSE, MAE, MAPE: 80773024.00, 80773024.00, 8961.22, 6827.27, 7.98%
Test - Best epoch, Loss, MSE, RMSE, MAE, MAPE: 2, 54113632.00, 54113630.00, 7323.56, 5692.35, 6.25%
- Epoch 003, ExpID 24865
Train - Loss: 42343220.57
Val - Loss, MSE, RMSE, MAE, MAPE: 78413616.00, 78413620.00, 8834.03, 6669.23, 7.78%
Test - Best epoch, Loss, MSE, RMSE, MAE, MAPE: 3, 52637736.00, 52637736.00, 7226.27, 5612.83, 6.16%
- Epoch 004, ExpID 24865
Train - Loss: 41213287.81
Val - Loss, MSE, RMSE, MAE, MAPE: 76406320.00, 76406320.00, 8723.36, 6532.58, 7.60%
Test - Best epoch, Loss, MSE, RMSE, MAE, MAPE: 4, 51051768.00, 51051766.00, 7116.21, 5521.28, 6.06%
- Epoch 005, ExpID 24865
Train - Loss: 40271152.76
Val - Loss, MSE, RMSE, MAE, MAPE: 74831136.00, 74831140.00, 8636.30, 6429.82, 7.47%
Test - Best epoch, Loss, MSE, RMSE, MAE, MAPE: 5, 49729664.00, 49729662.00, 7023.07, 5444.21, 5.97%
- Epoch 006, ExpID 24865
Train - Loss: 39305767.05
Val - Loss, MSE, RMSE, MAE, MAPE: 73649984.00, 73649988.00, 8572.70, 6358.68, 7.36%
Test - Best epoch, Loss, MSE, RMSE, MAE, MAPE: 6, 48179480.00, 48179482.00, 6910.42, 5350.99, 5.86%
- Epoch 007, ExpID 24865
Train - Loss: 38302938.10
Val - Loss, MSE, RMSE, MAE, MAPE: 73484800.00, 73484796.00, 8569.58, 6355.71, 7.32%
Test - Best epoch, Loss, MSE, RMSE, MAE, MAPE: 7, 46840520.00, 46840518.00, 6813.04, 5274.74, 5.77%
- Epoch 008, ExpID 24865
Train - Loss: 37379116.19
Val - Loss, MSE, RMSE, MAE, MAPE: 75885448.00, 75885448.00, 8710.24, 6511.25, 7.46%
Test - Best epoch, Loss, MSE, RMSE, MAE, MAPE: 7, 46840520.00, 46840518.00, 6813.04, 5274.74, 5.77%
- Epoch 009, ExpID 24865
Train - Loss: 36399005.71
Val - Loss, MSE, RMSE, MAE, MAPE: 80366264.00, 80366264.00, 8947.17, 6766.77, 7.72%
Test - Best epoch, Loss, MSE, RMSE, MAE, MAPE: 7, 46840520.00, 46840518.00, 6813.04, 5274.74, 5.77%
- Epoch 010, ExpID 24865
Train - Loss: 35671454.86
Val - Loss, MSE, RMSE, MAE, MAPE: 86157040.00, 86157044.00, 9233.04, 7033.70, 8.00%
Test - Best epoch, Loss, MSE, RMSE, MAE, MAPE: 7, 46840520.00, 46840518.00, 6813.04, 5274.74, 5.77%
- Epoch 011, ExpID 24865
Train - Loss: 35217492.95
Val - Loss, MSE, RMSE, MAE, MAPE: 88368520.00, 88368520.00, 9333.13, 7152.94, 8.14%
Test - Best epoch, Loss, MSE, RMSE, MAE, MAPE: 7, 46840520.00, 46840518.00, 6813.04, 5274.74, 5.77%
- Epoch 012, ExpID 24865
Train - Loss: 34707195.71
Val - Loss, MSE, RMSE, MAE, MAPE: 88730600.00, 88730600.00, 9345.39, 7170.45, 8.16%
Test - Best epoch, Loss, MSE, RMSE, MAE, MAPE: 7, 46840520.00, 46840518.00, 6813.04, 5274.74, 5.77%
- Epoch 013, ExpID 24865
Train - Loss: 34443767.14
Val - Loss, MSE, RMSE, MAE, MAPE: 88921552.00, 88921556.00, 9350.08, 7183.78, 8.18%
Test - Best epoch, Loss, MSE, RMSE, MAE, MAPE: 7, 46840520.00, 46840518.00, 6813.04, 5274.74, 5.77%
- Epoch 014, ExpID 24865
Train - Loss: 34104307.43
Val - Loss, MSE, RMSE, MAE, MAPE: 89084248.00, 89084246.00, 9354.39, 7203.48, 8.20%
Test - Best epoch, Loss, MSE, RMSE, MAE, MAPE: 7, 46840520.00, 46840518.00, 6813.04, 5274.74, 5.77%
- Epoch 015, ExpID 24865
Train - Loss: 33908333.81
Val - Loss, MSE, RMSE, MAE, MAPE: 90127728.00, 90127726.00, 9402.89, 7248.42, 8.25%
Test - Best epoch, Loss, MSE, RMSE, MAE, MAPE: 7, 46840520.00, 46840518.00, 6813.04, 5274.74, 5.77%
- Epoch 016, ExpID 24865
Train - Loss: 33404201.62
Val - Loss, MSE, RMSE, MAE, MAPE: 91346120.00, 91346120.00, 9456.56, 7298.74, 8.30%
Test - Best epoch, Loss, MSE, RMSE, MAE, MAPE: 7, 46840520.00, 46840518.00, 6813.04, 5274.74, 5.77%
- Epoch 017, ExpID 24865
Train - Loss: 33227965.14
Val - Loss, MSE, RMSE, MAE, MAPE: 91813136.00, 91813140.00, 9474.09, 7325.36, 8.34%
Test - Best epoch, Loss, MSE, RMSE, MAE, MAPE: 7, 46840520.00, 46840518.00, 6813.04, 5274.74, 5.77%
Early Stopping at Epoch 17
Fold 2018 Best RMSE: 6813.0356

-------------------- [Fold: 2019] ExpID: 4385 --------------------
- Epoch 000, ExpID 4385
Train - Loss: 60011576.70
Val - Loss, MSE, RMSE, MAE, MAPE: 64991224.00, 64991222.00, 8042.32, 6357.06, 7.01%
Test - Best epoch, Loss, MSE, RMSE, MAE, MAPE: 0, 74608880.00, 74608884.00, 8615.39, 6944.15, 7.48%
- Epoch 001, ExpID 4385
Train - Loss: 49798847.83
Val - Loss, MSE, RMSE, MAE, MAPE: 57250352.00, 57250352.00, 7540.04, 5869.68, 6.46%
Test - Best epoch, Loss, MSE, RMSE, MAE, MAPE: 1, 62072232.00, 62072232.00, 7827.02, 6286.23, 6.74%
- Epoch 002, ExpID 4385
Train - Loss: 46977437.74
Val - Loss, MSE, RMSE, MAE, MAPE: 54483680.00, 54483682.00, 7357.50, 5719.08, 6.29%
Test - Best epoch, Loss, MSE, RMSE, MAE, MAPE: 2, 57025276.00, 57025276.00, 7474.69, 5980.83, 6.41%
- Epoch 003, ExpID 4385
Train - Loss: 45161229.57
Val - Loss, MSE, RMSE, MAE, MAPE: 52835568.00, 52835570.00, 7247.53, 5640.22, 6.20%
Test - Best epoch, Loss, MSE, RMSE, MAE, MAPE: 3, 54533260.00, 54533260.00, 7297.71, 5817.23, 6.24%
- Epoch 004, ExpID 4385
Train - Loss: 43806011.83
Val - Loss, MSE, RMSE, MAE, MAPE: 51324400.00, 51324398.00, 7143.39, 5557.26, 6.10%
Test - Best epoch, Loss, MSE, RMSE, MAE, MAPE: 4, 52486760.00, 52486760.00, 7149.40, 5677.11, 6.09%
- Epoch 005, ExpID 4385
Train - Loss: 42781172.35
Val - Loss, MSE, RMSE, MAE, MAPE: 49752384.00, 49752382.00, 7032.10, 5469.97, 6.00%
Test - Best epoch, Loss, MSE, RMSE, MAE, MAPE: 5, 50289392.00, 50289390.00, 6981.24, 5515.91, 5.91%
- Epoch 006, ExpID 4385
Train - Loss: 41599423.13
Val - Loss, MSE, RMSE, MAE, MAPE: 48056432.00, 48056434.00, 6909.63, 5371.96, 5.89%
Test - Best epoch, Loss, MSE, RMSE, MAE, MAPE: 6, 48231776.00, 48231777.00, 6820.51, 5357.59, 5.74%
- Epoch 007, ExpID 4385
Train - Loss: 40746501.39
Val - Loss, MSE, RMSE, MAE, MAPE: 46492592.00, 46492592.00, 6795.97, 5287.27, 5.78%
Test - Best epoch, Loss, MSE, RMSE, MAE, MAPE: 7, 45888240.00, 45888240.00, 6626.29, 5167.20, 5.53%
- Epoch 008, ExpID 4385
Train - Loss: 39503089.22
Val - Loss, MSE, RMSE, MAE, MAPE: 45268876.00, 45268876.00, 6707.98, 5228.07, 5.71%
Test - Best epoch, Loss, MSE, RMSE, MAE, MAPE: 8, 44022084.00, 44022084.00, 6467.97, 5006.31, 5.36%
- Epoch 009, ExpID 4385
Train - Loss: 38432521.65
Val - Loss, MSE, RMSE, MAE, MAPE: 44368644.00, 44368644.00, 6642.27, 5189.09, 5.66%
Test - Best epoch, Loss, MSE, RMSE, MAE, MAPE: 9, 42741004.00, 42741003.00, 6350.14, 4892.43, 5.23%
- Epoch 010, ExpID 4385
Train - Loss: 37861228.78
Val - Loss, MSE, RMSE, MAE, MAPE: 43926004.00, 43926004.00, 6610.21, 5171.09, 5.63%
Test - Best epoch, Loss, MSE, RMSE, MAE, MAPE: 10, 41969108.00, 41969108.00, 6280.45, 4827.36, 5.16%
- Epoch 011, ExpID 4385
Train - Loss: 37582470.61
Val - Loss, MSE, RMSE, MAE, MAPE: 43406424.00, 43406426.00, 6568.84, 5144.72, 5.61%
Test - Best epoch, Loss, MSE, RMSE, MAE, MAPE: 11, 42039772.00, 42039771.00, 6283.16, 4827.33, 5.17%
- Epoch 012, ExpID 4385
Train - Loss: 37268133.91
Val - Loss, MSE, RMSE, MAE, MAPE: 42938784.00, 42938786.00, 6531.63, 5119.18, 5.58%
Test - Best epoch, Loss, MSE, RMSE, MAE, MAPE: 12, 41532816.00, 41532817.00, 6238.94, 4789.42, 5.13%
- Epoch 013, ExpID 4385
Train - Loss: 36758162.26
Val - Loss, MSE, RMSE, MAE, MAPE: 42712596.00, 42712596.00, 6514.37, 5109.01, 5.57%
Test - Best epoch, Loss, MSE, RMSE, MAE, MAPE: 13, 41007728.00, 41007726.00, 6191.00, 4749.91, 5.09%
- Epoch 014, ExpID 4385
Train - Loss: 36299909.65
Val - Loss, MSE, RMSE, MAE, MAPE: 42467632.00, 42467632.00, 6493.97, 5096.24, 5.56%
Test - Best epoch, Loss, MSE, RMSE, MAE, MAPE: 14, 40876764.00, 40876764.00, 6180.13, 4740.90, 5.08%
- Epoch 015, ExpID 4385
Train - Loss: 36320917.48
Val - Loss, MSE, RMSE, MAE, MAPE: 42236464.00, 42236466.00, 6475.47, 5086.83, 5.55%
Test - Best epoch, Loss, MSE, RMSE, MAE, MAPE: 15, 40523160.00, 40523159.00, 6148.08, 4713.93, 5.05%
- Epoch 016, ExpID 4385
Train - Loss: 35735736.52
Val - Loss, MSE, RMSE, MAE, MAPE: 42045784.00, 42045786.00, 6459.19, 5078.08, 5.54%
Test - Best epoch, Loss, MSE, RMSE, MAE, MAPE: 16, 40661268.00, 40661268.00, 6161.76, 4726.96, 5.07%
- Epoch 017, ExpID 4385
Train - Loss: 35444535.91
Val - Loss, MSE, RMSE, MAE, MAPE: 41851472.00, 41851470.00, 6444.05, 5066.68, 5.53%
Test - Best epoch, Loss, MSE, RMSE, MAE, MAPE: 17, 40005196.00, 40005196.00, 6097.77, 4668.19, 5.00%
- Epoch 018, ExpID 4385
Train - Loss: 35243147.04
Val - Loss, MSE, RMSE, MAE, MAPE: 41679352.00, 41679354.00, 6428.87, 5057.62, 5.52%
Test - Best epoch, Loss, MSE, RMSE, MAE, MAPE: 18, 39943608.00, 39943610.00, 6096.17, 4668.02, 5.01%
- Epoch 019, ExpID 4385
Train - Loss: 34750886.35
Val - Loss, MSE, RMSE, MAE, MAPE: 41678920.00, 41678918.00, 6429.30, 5066.75, 5.52%
Test - Best epoch, Loss, MSE, RMSE, MAE, MAPE: 19, 39744684.00, 39744684.00, 6075.60, 4649.17, 4.98%
- Epoch 020, ExpID 4385
Train - Loss: 34713609.30
Val - Loss, MSE, RMSE, MAE, MAPE: 41396720.00, 41396718.00, 6404.90, 5049.04, 5.51%
Test - Best epoch, Loss, MSE, RMSE, MAE, MAPE: 20, 39435880.00, 39435881.00, 6047.92, 4626.95, 4.96%
- Epoch 021, ExpID 4385
Train - Loss: 34159318.26
Val - Loss, MSE, RMSE, MAE, MAPE: 41344652.00, 41344651.00, 6400.56, 5046.78, 5.50%
Test - Best epoch, Loss, MSE, RMSE, MAE, MAPE: 21, 39057860.00, 39057860.00, 6012.75, 4596.74, 4.93%
- Epoch 022, ExpID 4385
Train - Loss: 34067516.00
Val - Loss, MSE, RMSE, MAE, MAPE: 41115480.00, 41115480.00, 6380.71, 5037.59, 5.50%
Test - Best epoch, Loss, MSE, RMSE, MAE, MAPE: 22, 38989912.00, 38989910.00, 6004.70, 4589.34, 4.92%
- Epoch 023, ExpID 4385
Train - Loss: 33808735.04
Val - Loss, MSE, RMSE, MAE, MAPE: 41254784.00, 41254783.00, 6392.46, 5048.21, 5.50%
Test - Best epoch, Loss, MSE, RMSE, MAE, MAPE: 22, 38989912.00, 38989910.00, 6004.70, 4589.34, 4.92%
- Epoch 024, ExpID 4385
Train - Loss: 33647682.61
Val - Loss, MSE, RMSE, MAE, MAPE: 41021668.00, 41021669.00, 6371.33, 5034.39, 5.50%
Test - Best epoch, Loss, MSE, RMSE, MAE, MAPE: 24, 39001572.00, 39001573.00, 6001.19, 4585.41, 4.92%
- Epoch 025, ExpID 4385
Train - Loss: 33384728.70
Val - Loss, MSE, RMSE, MAE, MAPE: 41110872.00, 41110871.00, 6381.50, 5044.86, 5.50%
Test - Best epoch, Loss, MSE, RMSE, MAE, MAPE: 24, 39001572.00, 39001573.00, 6001.19, 4585.41, 4.92%
- Epoch 026, ExpID 4385
Train - Loss: 33368012.78
Val - Loss, MSE, RMSE, MAE, MAPE: 40977544.00, 40977546.00, 6368.42, 5033.63, 5.49%
Test - Best epoch, Loss, MSE, RMSE, MAE, MAPE: 26, 38537472.00, 38537472.00, 5959.29, 4541.75, 4.86%
- Epoch 027, ExpID 4385
Train - Loss: 32997734.00
Val - Loss, MSE, RMSE, MAE, MAPE: 40860236.00, 40860237.00, 6357.39, 5028.74, 5.49%
Test - Best epoch, Loss, MSE, RMSE, MAE, MAPE: 27, 38693888.00, 38693886.00, 5972.35, 4554.66, 4.88%
- Epoch 028, ExpID 4385
Train - Loss: 33001299.22
Val - Loss, MSE, RMSE, MAE, MAPE: 40943656.00, 40943656.00, 6365.31, 5037.36, 5.49%
Test - Best epoch, Loss, MSE, RMSE, MAE, MAPE: 27, 38693888.00, 38693886.00, 5972.35, 4554.66, 4.88%
- Epoch 029, ExpID 4385
Train - Loss: 32539169.48
Val - Loss, MSE, RMSE, MAE, MAPE: 41000168.00, 41000169.00, 6371.08, 5043.36, 5.49%
Test - Best epoch, Loss, MSE, RMSE, MAE, MAPE: 27, 38693888.00, 38693886.00, 5972.35, 4554.66, 4.88%
- Epoch 030, ExpID 4385
Train - Loss: 32466997.91
Val - Loss, MSE, RMSE, MAE, MAPE: 40741152.00, 40741152.00, 6347.74, 5025.56, 5.48%
Test - Best epoch, Loss, MSE, RMSE, MAE, MAPE: 30, 37938640.00, 37938638.00, 5902.73, 4483.48, 4.80%
- Epoch 031, ExpID 4385
Train - Loss: 32302140.52
Val - Loss, MSE, RMSE, MAE, MAPE: 40658724.00, 40658723.00, 6342.70, 5020.05, 5.47%
Test - Best epoch, Loss, MSE, RMSE, MAE, MAPE: 31, 37725848.00, 37725847.00, 5886.62, 4463.54, 4.77%
- Epoch 032, ExpID 4385
Train - Loss: 32077034.35
Val - Loss, MSE, RMSE, MAE, MAPE: 40646792.00, 40646791.00, 6339.72, 5021.80, 5.48%
Test - Best epoch, Loss, MSE, RMSE, MAE, MAPE: 32, 38012476.00, 38012477.00, 5912.06, 4490.83, 4.81%
- Epoch 033, ExpID 4385
Train - Loss: 31860194.96
Val - Loss, MSE, RMSE, MAE, MAPE: 40509744.00, 40509743.00, 6329.90, 5013.93, 5.46%
Test - Best epoch, Loss, MSE, RMSE, MAE, MAPE: 33, 37735400.00, 37735401.00, 5887.47, 4459.05, 4.76%
- Epoch 034, ExpID 4385
Train - Loss: 31568666.17
Val - Loss, MSE, RMSE, MAE, MAPE: 40242136.00, 40242138.00, 6307.13, 4996.78, 5.45%
Test - Best epoch, Loss, MSE, RMSE, MAE, MAPE: 34, 37371800.00, 37371798.00, 5850.42, 4426.70, 4.73%
- Epoch 035, ExpID 4385
Train - Loss: 31615033.65
Val - Loss, MSE, RMSE, MAE, MAPE: 40228812.00, 40228811.00, 6307.58, 4997.45, 5.44%
Test - Best epoch, Loss, MSE, RMSE, MAE, MAPE: 35, 37350228.00, 37350226.50, 5853.32, 4426.11, 4.72%
- Epoch 036, ExpID 4385
Train - Loss: 31255651.04
Val - Loss, MSE, RMSE, MAE, MAPE: 40133416.00, 40133418.00, 6295.97, 4991.94, 5.45%
Test - Best epoch, Loss, MSE, RMSE, MAE, MAPE: 36, 37545080.00, 37545081.00, 5870.64, 4447.61, 4.76%
- Epoch 037, ExpID 4385
Train - Loss: 31143684.70
Val - Loss, MSE, RMSE, MAE, MAPE: 40014768.00, 40014769.00, 6288.07, 4983.02, 5.44%
Test - Best epoch, Loss, MSE, RMSE, MAE, MAPE: 37, 37396436.00, 37396437.50, 5851.98, 4426.39, 4.73%
- Epoch 038, ExpID 4385
Train - Loss: 30848972.09
Val - Loss, MSE, RMSE, MAE, MAPE: 39901604.00, 39901604.00, 6276.75, 4975.35, 5.43%
Test - Best epoch, Loss, MSE, RMSE, MAE, MAPE: 38, 37408804.00, 37408805.50, 5848.06, 4417.98, 4.73%
- Epoch 039, ExpID 4385
Train - Loss: 30712991.83
Val - Loss, MSE, RMSE, MAE, MAPE: 39954984.00, 39954985.00, 6282.49, 4978.23, 5.43%
Test - Best epoch, Loss, MSE, RMSE, MAE, MAPE: 38, 37408804.00, 37408805.50, 5848.06, 4417.98, 4.73%
- Epoch 040, ExpID 4385
Train - Loss: 30591979.39
Val - Loss, MSE, RMSE, MAE, MAPE: 40081504.00, 40081503.00, 6291.53, 4983.46, 5.44%
Test - Best epoch, Loss, MSE, RMSE, MAE, MAPE: 38, 37408804.00, 37408805.50, 5848.06, 4417.98, 4.73%
- Epoch 041, ExpID 4385
Train - Loss: 30532464.35
Val - Loss, MSE, RMSE, MAE, MAPE: 39816896.00, 39816898.00, 6271.62, 4967.53, 5.41%
Test - Best epoch, Loss, MSE, RMSE, MAE, MAPE: 41, 37175560.00, 37175562.00, 5842.91, 4400.50, 4.69%
- Epoch 042, ExpID 4385
Train - Loss: 30283026.52
Val - Loss, MSE, RMSE, MAE, MAPE: 39931628.00, 39931627.00, 6281.43, 4979.86, 5.42%
Test - Best epoch, Loss, MSE, RMSE, MAE, MAPE: 41, 37175560.00, 37175562.00, 5842.91, 4400.50, 4.69%
- Epoch 043, ExpID 4385
Train - Loss: 30312410.35
Val - Loss, MSE, RMSE, MAE, MAPE: 39658088.00, 39658089.00, 6257.12, 4957.02, 5.40%
Test - Best epoch, Loss, MSE, RMSE, MAE, MAPE: 43, 36962300.00, 36962299.50, 5824.07, 4383.17, 4.67%
- Epoch 044, ExpID 4385
Train - Loss: 30106581.30
Val - Loss, MSE, RMSE, MAE, MAPE: 39722356.00, 39722357.00, 6262.83, 4966.48, 5.41%
Test - Best epoch, Loss, MSE, RMSE, MAE, MAPE: 43, 36962300.00, 36962299.50, 5824.07, 4383.17, 4.67%
- Epoch 045, ExpID 4385
Train - Loss: 29669532.35
Val - Loss, MSE, RMSE, MAE, MAPE: 39589596.00, 39589595.00, 6250.35, 4952.40, 5.40%
Test - Best epoch, Loss, MSE, RMSE, MAE, MAPE: 45, 37243676.00, 37243676.00, 5858.38, 4412.96, 4.70%
- Epoch 046, ExpID 4385
Train - Loss: 29649712.00
Val - Loss, MSE, RMSE, MAE, MAPE: 39348320.00, 39348321.00, 6230.87, 4935.44, 5.37%
Test - Best epoch, Loss, MSE, RMSE, MAE, MAPE: 46, 36950096.00, 36950096.00, 5833.97, 4382.18, 4.66%
- Epoch 047, ExpID 4385
Train - Loss: 29684747.22
Val - Loss, MSE, RMSE, MAE, MAPE: 39519844.00, 39519845.00, 6244.12, 4948.29, 5.39%
Test - Best epoch, Loss, MSE, RMSE, MAE, MAPE: 46, 36950096.00, 36950096.00, 5833.97, 4382.18, 4.66%
- Epoch 048, ExpID 4385
Train - Loss: 29497212.78
Val - Loss, MSE, RMSE, MAE, MAPE: 39480892.00, 39480892.00, 6245.49, 4946.77, 5.37%
Test - Best epoch, Loss, MSE, RMSE, MAE, MAPE: 46, 36950096.00, 36950096.00, 5833.97, 4382.18, 4.66%
- Epoch 049, ExpID 4385
Train - Loss: 29361090.35
Val - Loss, MSE, RMSE, MAE, MAPE: 39661312.00, 39661313.00, 6256.53, 4960.00, 5.40%
Test - Best epoch, Loss, MSE, RMSE, MAE, MAPE: 46, 36950096.00, 36950096.00, 5833.97, 4382.18, 4.66%
- Epoch 050, ExpID 4385
Train - Loss: 29045008.35
Val - Loss, MSE, RMSE, MAE, MAPE: 39589872.00, 39589870.00, 6252.57, 4955.50, 5.38%
Test - Best epoch, Loss, MSE, RMSE, MAE, MAPE: 46, 36950096.00, 36950096.00, 5833.97, 4382.18, 4.66%
- Epoch 051, ExpID 4385
Train - Loss: 29026559.13
Val - Loss, MSE, RMSE, MAE, MAPE: 39279888.00, 39279887.00, 6224.75, 4932.80, 5.38%
Test - Best epoch, Loss, MSE, RMSE, MAE, MAPE: 51, 37359316.00, 37359315.00, 5869.92, 4410.19, 4.69%
- Epoch 052, ExpID 4385
Train - Loss: 29001025.65
Val - Loss, MSE, RMSE, MAE, MAPE: 39257580.00, 39257581.00, 6223.45, 4931.17, 5.36%
Test - Best epoch, Loss, MSE, RMSE, MAE, MAPE: 52, 37238356.00, 37238355.00, 5888.63, 4418.21, 4.69%
- Epoch 053, ExpID 4385
Train - Loss: 28805535.65
Val - Loss, MSE, RMSE, MAE, MAPE: 38836412.00, 38836411.00, 6188.85, 4898.90, 5.34%
Test - Best epoch, Loss, MSE, RMSE, MAE, MAPE: 53, 37251832.00, 37251833.00, 5872.35, 4396.72, 4.67%
- Epoch 054, ExpID 4385
Train - Loss: 28578642.09
Val - Loss, MSE, RMSE, MAE, MAPE: 38861048.00, 38861048.00, 6192.30, 4900.00, 5.34%
Test - Best epoch, Loss, MSE, RMSE, MAE, MAPE: 53, 37251832.00, 37251833.00, 5872.35, 4396.72, 4.67%
- Epoch 055, ExpID 4385
Train - Loss: 28504654.09
Val - Loss, MSE, RMSE, MAE, MAPE: 39083540.00, 39083540.00, 6209.13, 4922.91, 5.35%
Test - Best epoch, Loss, MSE, RMSE, MAE, MAPE: 53, 37251832.00, 37251833.00, 5872.35, 4396.72, 4.67%
- Epoch 056, ExpID 4385
Train - Loss: 28394991.30
Val - Loss, MSE, RMSE, MAE, MAPE: 38768824.00, 38768824.00, 6185.94, 4900.51, 5.34%
Test - Best epoch, Loss, MSE, RMSE, MAE, MAPE: 56, 37678244.00, 37678244.00, 5910.52, 4432.65, 4.70%
- Epoch 057, ExpID 4385
Train - Loss: 28446167.48
Val - Loss, MSE, RMSE, MAE, MAPE: 38957224.00, 38957225.00, 6199.58, 4914.49, 5.34%
Test - Best epoch, Loss, MSE, RMSE, MAE, MAPE: 56, 37678244.00, 37678244.00, 5910.52, 4432.65, 4.70%
- Epoch 058, ExpID 4385
Train - Loss: 28141916.35
Val - Loss, MSE, RMSE, MAE, MAPE: 38773700.00, 38773700.00, 6182.40, 4893.86, 5.33%
Test - Best epoch, Loss, MSE, RMSE, MAE, MAPE: 56, 37678244.00, 37678244.00, 5910.52, 4432.65, 4.70%
- Epoch 059, ExpID 4385
Train - Loss: 28061350.96
Val - Loss, MSE, RMSE, MAE, MAPE: 38804792.00, 38804790.00, 6188.89, 4905.49, 5.34%
Test - Best epoch, Loss, MSE, RMSE, MAE, MAPE: 56, 37678244.00, 37678244.00, 5910.52, 4432.65, 4.70%
- Epoch 060, ExpID 4385
Train - Loss: 27930268.09
Val - Loss, MSE, RMSE, MAE, MAPE: 38860632.00, 38860633.00, 6191.34, 4907.54, 5.34%
Test - Best epoch, Loss, MSE, RMSE, MAE, MAPE: 56, 37678244.00, 37678244.00, 5910.52, 4432.65, 4.70%
- Epoch 061, ExpID 4385
Train - Loss: 27850564.52
Val - Loss, MSE, RMSE, MAE, MAPE: 38618220.00, 38618220.00, 6164.51, 4881.84, 5.33%
Test - Best epoch, Loss, MSE, RMSE, MAE, MAPE: 61, 37411224.00, 37411223.00, 5888.70, 4414.21, 4.69%
- Epoch 062, ExpID 4385
Train - Loss: 27584617.48
Val - Loss, MSE, RMSE, MAE, MAPE: 38523776.00, 38523775.00, 6162.19, 4885.07, 5.31%
Test - Best epoch, Loss, MSE, RMSE, MAE, MAPE: 62, 37396232.00, 37396233.00, 5919.05, 4438.10, 4.70%
- Epoch 063, ExpID 4385
Train - Loss: 27597773.83
Val - Loss, MSE, RMSE, MAE, MAPE: 38661880.00, 38661878.00, 6172.27, 4894.65, 5.34%
Test - Best epoch, Loss, MSE, RMSE, MAE, MAPE: 62, 37396232.00, 37396233.00, 5919.05, 4438.10, 4.70%
- Epoch 064, ExpID 4385
Train - Loss: 27510207.48
Val - Loss, MSE, RMSE, MAE, MAPE: 38611716.00, 38611716.00, 6165.00, 4883.82, 5.34%
Test - Best epoch, Loss, MSE, RMSE, MAE, MAPE: 62, 37396232.00, 37396233.00, 5919.05, 4438.10, 4.70%
- Epoch 065, ExpID 4385
Train - Loss: 27301406.43
Val - Loss, MSE, RMSE, MAE, MAPE: 38680992.00, 38680994.00, 6174.38, 4890.16, 5.31%
Test - Best epoch, Loss, MSE, RMSE, MAE, MAPE: 62, 37396232.00, 37396233.00, 5919.05, 4438.10, 4.70%
- Epoch 066, ExpID 4385
Train - Loss: 27401551.22
Val - Loss, MSE, RMSE, MAE, MAPE: 38546276.00, 38546277.00, 6162.64, 4880.70, 5.31%
Test - Best epoch, Loss, MSE, RMSE, MAE, MAPE: 62, 37396232.00, 37396233.00, 5919.05, 4438.10, 4.70%
- Epoch 067, ExpID 4385
Train - Loss: 27486484.87
Val - Loss, MSE, RMSE, MAE, MAPE: 38492692.00, 38492692.00, 6155.44, 4870.93, 5.31%
Test - Best epoch, Loss, MSE, RMSE, MAE, MAPE: 67, 37726092.00, 37726092.00, 5932.39, 4445.51, 4.72%
- Epoch 068, ExpID 4385
Train - Loss: 27206759.57
Val - Loss, MSE, RMSE, MAE, MAPE: 38661236.00, 38661236.00, 6173.07, 4885.51, 5.31%
Test - Best epoch, Loss, MSE, RMSE, MAE, MAPE: 67, 37726092.00, 37726092.00, 5932.39, 4445.51, 4.72%
- Epoch 069, ExpID 4385
Train - Loss: 26999040.96
Val - Loss, MSE, RMSE, MAE, MAPE: 38517864.00, 38517865.00, 6154.19, 4874.89, 5.32%
Test - Best epoch, Loss, MSE, RMSE, MAE, MAPE: 67, 37726092.00, 37726092.00, 5932.39, 4445.51, 4.72%
- Epoch 070, ExpID 4385
Train - Loss: 26982136.78
Val - Loss, MSE, RMSE, MAE, MAPE: 38590268.00, 38590268.00, 6166.32, 4890.55, 5.32%
Test - Best epoch, Loss, MSE, RMSE, MAE, MAPE: 67, 37726092.00, 37726092.00, 5932.39, 4445.51, 4.72%
- Epoch 071, ExpID 4385
Train - Loss: 26796474.61
Val - Loss, MSE, RMSE, MAE, MAPE: 38581524.00, 38581523.00, 6164.94, 4885.06, 5.33%
Test - Best epoch, Loss, MSE, RMSE, MAE, MAPE: 67, 37726092.00, 37726092.00, 5932.39, 4445.51, 4.72%
- Epoch 072, ExpID 4385
Train - Loss: 26798723.30
Val - Loss, MSE, RMSE, MAE, MAPE: 38607092.00, 38607093.00, 6165.12, 4886.51, 5.32%
Test - Best epoch, Loss, MSE, RMSE, MAE, MAPE: 67, 37726092.00, 37726092.00, 5932.39, 4445.51, 4.72%
- Epoch 073, ExpID 4385
Train - Loss: 26637630.61
Val - Loss, MSE, RMSE, MAE, MAPE: 38755600.00, 38755598.00, 6182.66, 4893.45, 5.31%
Test - Best epoch, Loss, MSE, RMSE, MAE, MAPE: 67, 37726092.00, 37726092.00, 5932.39, 4445.51, 4.72%
- Epoch 074, ExpID 4385
Train - Loss: 26670290.87
Val - Loss, MSE, RMSE, MAE, MAPE: 38410040.00, 38410042.00, 6143.05, 4858.36, 5.31%
Test - Best epoch, Loss, MSE, RMSE, MAE, MAPE: 74, 37590264.00, 37590265.00, 5914.82, 4431.24, 4.71%
- Epoch 075, ExpID 4385
Train - Loss: 26639939.39
Val - Loss, MSE, RMSE, MAE, MAPE: 38681188.00, 38681187.00, 6168.23, 4881.79, 5.30%
Test - Best epoch, Loss, MSE, RMSE, MAE, MAPE: 74, 37590264.00, 37590265.00, 5914.82, 4431.24, 4.71%
- Epoch 076, ExpID 4385
Train - Loss: 26257698.52
Val - Loss, MSE, RMSE, MAE, MAPE: 38584812.00, 38584812.00, 6158.66, 4879.71, 5.32%
Test - Best epoch, Loss, MSE, RMSE, MAE, MAPE: 74, 37590264.00, 37590265.00, 5914.82, 4431.24, 4.71%
- Epoch 077, ExpID 4385
Train - Loss: 26180968.87
Val - Loss, MSE, RMSE, MAE, MAPE: 38404860.00, 38404861.00, 6145.43, 4868.45, 5.30%
Test - Best epoch, Loss, MSE, RMSE, MAE, MAPE: 77, 38238048.00, 38238047.00, 6010.93, 4513.37, 4.77%
- Epoch 078, ExpID 4385
Train - Loss: 26229390.96
Val - Loss, MSE, RMSE, MAE, MAPE: 38603600.00, 38603598.00, 6165.08, 4884.98, 5.30%
Test - Best epoch, Loss, MSE, RMSE, MAE, MAPE: 77, 38238048.00, 38238047.00, 6010.93, 4513.37, 4.77%
- Epoch 079, ExpID 4385
Train - Loss: 26100552.70
Val - Loss, MSE, RMSE, MAE, MAPE: 38192808.00, 38192806.00, 6124.99, 4845.15, 5.29%
Test - Best epoch, Loss, MSE, RMSE, MAE, MAPE: 79, 37867440.00, 37867438.00, 5956.35, 4462.36, 4.73%
- Epoch 080, ExpID 4385
Train - Loss: 26171481.48
Val - Loss, MSE, RMSE, MAE, MAPE: 38264336.00, 38264335.00, 6126.82, 4847.98, 5.30%
Test - Best epoch, Loss, MSE, RMSE, MAE, MAPE: 79, 37867440.00, 37867438.00, 5956.35, 4462.36, 4.73%
- Epoch 081, ExpID 4385
Train - Loss: 25752928.87
Val - Loss, MSE, RMSE, MAE, MAPE: 38335548.00, 38335549.00, 6140.71, 4862.42, 5.29%
Test - Best epoch, Loss, MSE, RMSE, MAE, MAPE: 79, 37867440.00, 37867438.00, 5956.35, 4462.36, 4.73%
- Epoch 082, ExpID 4385
Train - Loss: 25953804.96
Val - Loss, MSE, RMSE, MAE, MAPE: 38305100.00, 38305099.00, 6133.52, 4856.83, 5.30%
Test - Best epoch, Loss, MSE, RMSE, MAE, MAPE: 79, 37867440.00, 37867438.00, 5956.35, 4462.36, 4.73%
- Epoch 083, ExpID 4385
Train - Loss: 26023970.00
Val - Loss, MSE, RMSE, MAE, MAPE: 38386696.00, 38386698.00, 6139.06, 4859.52, 5.29%
Test - Best epoch, Loss, MSE, RMSE, MAE, MAPE: 79, 37867440.00, 37867438.00, 5956.35, 4462.36, 4.73%
- Epoch 084, ExpID 4385
Train - Loss: 25802430.00
Val - Loss, MSE, RMSE, MAE, MAPE: 38299768.00, 38299770.00, 6134.55, 4849.88, 5.27%
Test - Best epoch, Loss, MSE, RMSE, MAE, MAPE: 79, 37867440.00, 37867438.00, 5956.35, 4462.36, 4.73%
- Epoch 085, ExpID 4385
Train - Loss: 25686778.17
Val - Loss, MSE, RMSE, MAE, MAPE: 38123608.00, 38123607.00, 6117.44, 4838.53, 5.26%
Test - Best epoch, Loss, MSE, RMSE, MAE, MAPE: 85, 37919296.00, 37919298.00, 5994.26, 4500.91, 4.76%
- Epoch 086, ExpID 4385
Train - Loss: 25549716.35
Val - Loss, MSE, RMSE, MAE, MAPE: 38046576.00, 38046576.00, 6110.06, 4839.79, 5.27%
Test - Best epoch, Loss, MSE, RMSE, MAE, MAPE: 86, 37662172.00, 37662173.00, 5965.07, 4478.39, 4.74%
- Epoch 087, ExpID 4385
Train - Loss: 25645856.78
Val - Loss, MSE, RMSE, MAE, MAPE: 38091336.00, 38091338.00, 6111.06, 4836.25, 5.29%
Test - Best epoch, Loss, MSE, RMSE, MAE, MAPE: 86, 37662172.00, 37662173.00, 5965.07, 4478.39, 4.74%
- Epoch 088, ExpID 4385
Train - Loss: 25440143.22
Val - Loss, MSE, RMSE, MAE, MAPE: 38103440.00, 38103441.00, 6111.54, 4831.11, 5.28%
Test - Best epoch, Loss, MSE, RMSE, MAE, MAPE: 86, 37662172.00, 37662173.00, 5965.07, 4478.39, 4.74%
- Epoch 089, ExpID 4385
Train - Loss: 25428572.70
Val - Loss, MSE, RMSE, MAE, MAPE: 38374496.00, 38374495.00, 6138.94, 4856.94, 5.28%
Test - Best epoch, Loss, MSE, RMSE, MAE, MAPE: 86, 37662172.00, 37662173.00, 5965.07, 4478.39, 4.74%
- Epoch 090, ExpID 4385
Train - Loss: 25256839.22
Val - Loss, MSE, RMSE, MAE, MAPE: 38280480.00, 38280479.00, 6130.68, 4844.40, 5.27%
Test - Best epoch, Loss, MSE, RMSE, MAE, MAPE: 86, 37662172.00, 37662173.00, 5965.07, 4478.39, 4.74%
- Epoch 091, ExpID 4385
Train - Loss: 25219691.39
Val - Loss, MSE, RMSE, MAE, MAPE: 37970816.00, 37970818.00, 6096.96, 4826.21, 5.27%
Test - Best epoch, Loss, MSE, RMSE, MAE, MAPE: 91, 37592720.00, 37592718.00, 5950.57, 4463.62, 4.73%
- Epoch 092, ExpID 4385
Train - Loss: 25120121.83
Val - Loss, MSE, RMSE, MAE, MAPE: 38069772.00, 38069771.00, 6110.28, 4832.01, 5.26%
Test - Best epoch, Loss, MSE, RMSE, MAE, MAPE: 91, 37592720.00, 37592718.00, 5950.57, 4463.62, 4.73%
- Epoch 093, ExpID 4385
Train - Loss: 25145916.61
Val - Loss, MSE, RMSE, MAE, MAPE: 38283476.00, 38283476.00, 6124.03, 4848.02, 5.29%
Test - Best epoch, Loss, MSE, RMSE, MAE, MAPE: 91, 37592720.00, 37592718.00, 5950.57, 4463.62, 4.73%
- Epoch 094, ExpID 4385
Train - Loss: 25092958.78
Val - Loss, MSE, RMSE, MAE, MAPE: 38125012.00, 38125012.00, 6106.68, 4827.47, 5.28%
Test - Best epoch, Loss, MSE, RMSE, MAE, MAPE: 91, 37592720.00, 37592718.00, 5950.57, 4463.62, 4.73%
- Epoch 095, ExpID 4385
Train - Loss: 25010502.35
Val - Loss, MSE, RMSE, MAE, MAPE: 38151860.00, 38151859.00, 6113.52, 4835.19, 5.26%
Test - Best epoch, Loss, MSE, RMSE, MAE, MAPE: 91, 37592720.00, 37592718.00, 5950.57, 4463.62, 4.73%
- Epoch 096, ExpID 4385
Train - Loss: 25002937.57
Val - Loss, MSE, RMSE, MAE, MAPE: 38214704.00, 38214706.00, 6118.71, 4845.38, 5.28%
Test - Best epoch, Loss, MSE, RMSE, MAE, MAPE: 91, 37592720.00, 37592718.00, 5950.57, 4463.62, 4.73%
- Epoch 097, ExpID 4385
Train - Loss: 24976376.00
Val - Loss, MSE, RMSE, MAE, MAPE: 38088084.00, 38088083.00, 6107.42, 4830.36, 5.26%
Test - Best epoch, Loss, MSE, RMSE, MAE, MAPE: 91, 37592720.00, 37592718.00, 5950.57, 4463.62, 4.73%
- Epoch 098, ExpID 4385
Train - Loss: 24816010.96
Val - Loss, MSE, RMSE, MAE, MAPE: 37988712.00, 37988710.00, 6100.56, 4819.15, 5.25%
Test - Best epoch, Loss, MSE, RMSE, MAE, MAPE: 91, 37592720.00, 37592718.00, 5950.57, 4463.62, 4.73%
- Epoch 099, ExpID 4385
Train - Loss: 24599489.74
Val - Loss, MSE, RMSE, MAE, MAPE: 38130208.00, 38130208.00, 6109.00, 4831.78, 5.27%
Test - Best epoch, Loss, MSE, RMSE, MAE, MAPE: 91, 37592720.00, 37592718.00, 5950.57, 4463.62, 4.73%
- Epoch 100, ExpID 4385
Train - Loss: 24775418.87
Val - Loss, MSE, RMSE, MAE, MAPE: 38203616.00, 38203615.00, 6116.58, 4833.97, 5.26%
Test - Best epoch, Loss, MSE, RMSE, MAE, MAPE: 91, 37592720.00, 37592718.00, 5950.57, 4463.62, 4.73%
- Epoch 101, ExpID 4385
Train - Loss: 24412717.13
Val - Loss, MSE, RMSE, MAE, MAPE: 38026112.00, 38026113.00, 6102.63, 4829.63, 5.26%
Test - Best epoch, Loss, MSE, RMSE, MAE, MAPE: 91, 37592720.00, 37592718.00, 5950.57, 4463.62, 4.73%
Early Stopping at Epoch 101
Fold 2019 Best RMSE: 5950.5718
