DETAILED LOG | Model: patchtst | Seed: 1
FULL CONFIG: {'gpu': '2', 'target': 'departure', 'cv_start_year': 2017, 'cv_end_year': 2019, 'test_year': 2024, 'use_corona': False, 'seq_len': 56, 'label_len': 0, 'pred_len': 14, 'batch_size': 256, 'epochs': 1000, 'patience': 10, 'lr': 0.0001, 'model': 'patchtst', 'd_model': 128, 'n_heads': 16, 'n_layers': 2, 'dropout': 0.1, 'activation': 'gelu', 'patch_len': 7, 'factor': 5, 'norm_mode': 'revin', 'use_covar': False, 'use_dbloss': False, 'device': device(type='cuda'), 'stride': 14, 'file_path': 'dataset/airport_flight_with_holiday.csv', 'seed': 1, 'val_year': 2019, 'ndims': 1}

-------------------- [Fold: 2017] ExpID: 35602 --------------------
- Epoch 000, ExpID 35602
Train - Loss: 30557971.10
Val - Loss, MSE, RMSE, MAE, MAPE: 40928360.00, 40928359.00, 6343.33, 4917.63, 6.33%
Test - Best epoch, Loss, MSE, RMSE, MAE, MAPE: 0, 92246176.00, 92246178.00, 9392.08, 7170.11, 8.65%
- Epoch 001, ExpID 35602
Train - Loss: 25261150.70
Val - Loss, MSE, RMSE, MAE, MAPE: 37202472.00, 37202471.00, 6053.99, 4613.57, 5.92%
Test - Best epoch, Loss, MSE, RMSE, MAE, MAPE: 1, 91096424.00, 91096422.00, 9262.41, 6920.52, 8.36%
- Epoch 002, ExpID 35602
Train - Loss: 23708464.30
Val - Loss, MSE, RMSE, MAE, MAPE: 36077164.00, 36077163.00, 5967.64, 4519.66, 5.80%
Test - Best epoch, Loss, MSE, RMSE, MAE, MAPE: 2, 90065056.00, 90065052.00, 9184.10, 6796.72, 8.23%
- Epoch 003, ExpID 35602
Train - Loss: 23156513.20
Val - Loss, MSE, RMSE, MAE, MAPE: 35339188.00, 35339187.00, 5908.61, 4467.91, 5.73%
Test - Best epoch, Loss, MSE, RMSE, MAE, MAPE: 3, 89675000.00, 89675000.00, 9152.15, 6781.61, 8.21%
- Epoch 004, ExpID 35602
Train - Loss: 22469539.20
Val - Loss, MSE, RMSE, MAE, MAPE: 34847712.00, 34847712.00, 5868.89, 4427.86, 5.68%
Test - Best epoch, Loss, MSE, RMSE, MAE, MAPE: 4, 88504096.00, 88504098.00, 9089.85, 6736.77, 8.15%
- Epoch 005, ExpID 35602
Train - Loss: 22100236.70
Val - Loss, MSE, RMSE, MAE, MAPE: 34520784.00, 34520785.00, 5842.19, 4414.49, 5.66%
Test - Best epoch, Loss, MSE, RMSE, MAE, MAPE: 5, 89093224.00, 89093226.00, 9111.50, 6772.72, 8.19%
- Epoch 006, ExpID 35602
Train - Loss: 21914789.00
Val - Loss, MSE, RMSE, MAE, MAPE: 34290920.00, 34290922.00, 5824.53, 4380.51, 5.62%
Test - Best epoch, Loss, MSE, RMSE, MAE, MAPE: 6, 88815608.00, 88815608.00, 9095.36, 6764.88, 8.18%
- Epoch 007, ExpID 35602
Train - Loss: 21662096.50
Val - Loss, MSE, RMSE, MAE, MAPE: 33956500.00, 33956500.00, 5795.29, 4364.58, 5.59%
Test - Best epoch, Loss, MSE, RMSE, MAE, MAPE: 7, 89335192.00, 89335192.00, 9115.02, 6806.34, 8.22%
- Epoch 008, ExpID 35602
Train - Loss: 21429290.30
Val - Loss, MSE, RMSE, MAE, MAPE: 33881280.00, 33881280.00, 5790.20, 4351.81, 5.57%
Test - Best epoch, Loss, MSE, RMSE, MAE, MAPE: 8, 89476776.00, 89476776.00, 9120.07, 6838.88, 8.25%
- Epoch 009, ExpID 35602
Train - Loss: 21233624.60
Val - Loss, MSE, RMSE, MAE, MAPE: 33492400.00, 33492401.00, 5757.69, 4324.55, 5.55%
Test - Best epoch, Loss, MSE, RMSE, MAE, MAPE: 9, 88455312.00, 88455312.00, 9073.09, 6795.37, 8.20%
- Epoch 010, ExpID 35602
Train - Loss: 21080426.00
Val - Loss, MSE, RMSE, MAE, MAPE: 33458180.00, 33458181.00, 5755.58, 4317.67, 5.54%
Test - Best epoch, Loss, MSE, RMSE, MAE, MAPE: 10, 89659544.00, 89659544.00, 9124.46, 6848.03, 8.27%
- Epoch 011, ExpID 35602
Train - Loss: 20985118.00
Val - Loss, MSE, RMSE, MAE, MAPE: 33209918.00, 33209918.00, 5735.10, 4301.13, 5.52%
Test - Best epoch, Loss, MSE, RMSE, MAE, MAPE: 11, 89905904.00, 89905908.00, 9133.51, 6874.90, 8.29%
- Epoch 012, ExpID 35602
Train - Loss: 20763563.00
Val - Loss, MSE, RMSE, MAE, MAPE: 33041328.00, 33041327.00, 5719.54, 4285.57, 5.50%
Test - Best epoch, Loss, MSE, RMSE, MAE, MAPE: 12, 89980904.00, 89980904.00, 9138.24, 6888.68, 8.31%
- Epoch 013, ExpID 35602
Train - Loss: 20745038.60
Val - Loss, MSE, RMSE, MAE, MAPE: 32902572.00, 32902573.00, 5707.39, 4275.74, 5.48%
Test - Best epoch, Loss, MSE, RMSE, MAE, MAPE: 13, 90334752.00, 90334750.00, 9152.65, 6915.95, 8.34%
- Epoch 014, ExpID 35602
Train - Loss: 20634572.00
Val - Loss, MSE, RMSE, MAE, MAPE: 32768444.00, 32768444.00, 5698.34, 4266.56, 5.48%
Test - Best epoch, Loss, MSE, RMSE, MAE, MAPE: 14, 90101856.00, 90101860.00, 9140.34, 6910.89, 8.33%
- Epoch 015, ExpID 35602
Train - Loss: 20434239.80
Val - Loss, MSE, RMSE, MAE, MAPE: 32644784.00, 32644783.00, 5687.77, 4256.60, 5.46%
Test - Best epoch, Loss, MSE, RMSE, MAE, MAPE: 15, 90865152.00, 90865154.00, 9173.54, 6950.07, 8.38%
- Epoch 016, ExpID 35602
Train - Loss: 20428897.50
Val - Loss, MSE, RMSE, MAE, MAPE: 32340624.00, 32340623.00, 5660.17, 4247.55, 5.45%
Test - Best epoch, Loss, MSE, RMSE, MAE, MAPE: 16, 90093984.00, 90093988.00, 9138.12, 6939.32, 8.36%
- Epoch 017, ExpID 35602
Train - Loss: 20301367.70
Val - Loss, MSE, RMSE, MAE, MAPE: 32343572.00, 32343572.00, 5661.88, 4243.46, 5.45%
Test - Best epoch, Loss, MSE, RMSE, MAE, MAPE: 16, 90093984.00, 90093988.00, 9138.12, 6939.32, 8.36%
- Epoch 018, ExpID 35602
Train - Loss: 20177141.20
Val - Loss, MSE, RMSE, MAE, MAPE: 32232432.00, 32232433.00, 5652.94, 4242.24, 5.45%
Test - Best epoch, Loss, MSE, RMSE, MAE, MAPE: 18, 91431272.00, 91431270.00, 9195.86, 7008.41, 8.44%
- Epoch 019, ExpID 35602
Train - Loss: 20131608.10
Val - Loss, MSE, RMSE, MAE, MAPE: 32138312.00, 32138311.00, 5645.38, 4220.83, 5.42%
Test - Best epoch, Loss, MSE, RMSE, MAE, MAPE: 19, 90584408.00, 90584406.00, 9158.11, 6979.06, 8.41%
- Epoch 020, ExpID 35602
Train - Loss: 20043674.80
Val - Loss, MSE, RMSE, MAE, MAPE: 31874100.00, 31874099.00, 5622.56, 4216.35, 5.42%
Test - Best epoch, Loss, MSE, RMSE, MAE, MAPE: 20, 89690336.00, 89690334.00, 9117.73, 6950.02, 8.38%
- Epoch 021, ExpID 35602
Train - Loss: 19997714.50
Val - Loss, MSE, RMSE, MAE, MAPE: 31748988.00, 31748988.00, 5611.65, 4213.22, 5.41%
Test - Best epoch, Loss, MSE, RMSE, MAE, MAPE: 21, 90159232.00, 90159234.00, 9136.61, 6982.40, 8.41%
- Epoch 022, ExpID 35602
Train - Loss: 19984954.90
Val - Loss, MSE, RMSE, MAE, MAPE: 31836356.00, 31836357.00, 5620.36, 4206.82, 5.41%
Test - Best epoch, Loss, MSE, RMSE, MAE, MAPE: 21, 90159232.00, 90159234.00, 9136.61, 6982.40, 8.41%
- Epoch 023, ExpID 35602
Train - Loss: 19807545.30
Val - Loss, MSE, RMSE, MAE, MAPE: 31500484.00, 31500483.00, 5589.91, 4194.41, 5.39%
Test - Best epoch, Loss, MSE, RMSE, MAE, MAPE: 23, 90073328.00, 90073332.00, 9131.46, 6978.96, 8.41%
- Epoch 024, ExpID 35602
Train - Loss: 19585614.40
Val - Loss, MSE, RMSE, MAE, MAPE: 31478486.00, 31478486.00, 5589.27, 4185.03, 5.38%
Test - Best epoch, Loss, MSE, RMSE, MAE, MAPE: 24, 89971008.00, 89971012.00, 9126.55, 6980.90, 8.40%
- Epoch 025, ExpID 35602
Train - Loss: 19537569.30
Val - Loss, MSE, RMSE, MAE, MAPE: 31198192.00, 31198191.00, 5564.47, 4174.57, 5.37%
Test - Best epoch, Loss, MSE, RMSE, MAE, MAPE: 25, 90110416.00, 90110418.00, 9131.08, 6987.15, 8.41%
- Epoch 026, ExpID 35602
Train - Loss: 19568606.00
Val - Loss, MSE, RMSE, MAE, MAPE: 31259780.00, 31259779.00, 5571.07, 4178.26, 5.38%
Test - Best epoch, Loss, MSE, RMSE, MAE, MAPE: 25, 90110416.00, 90110418.00, 9131.08, 6987.15, 8.41%
- Epoch 027, ExpID 35602
Train - Loss: 19610996.80
Val - Loss, MSE, RMSE, MAE, MAPE: 30983260.00, 30983260.00, 5545.10, 4157.76, 5.34%
Test - Best epoch, Loss, MSE, RMSE, MAE, MAPE: 27, 89537768.00, 89537766.00, 9104.48, 6980.75, 8.40%
- Epoch 028, ExpID 35602
Train - Loss: 19369743.30
Val - Loss, MSE, RMSE, MAE, MAPE: 30828456.00, 30828456.00, 5531.69, 4143.02, 5.33%
Test - Best epoch, Loss, MSE, RMSE, MAE, MAPE: 28, 89050312.00, 89050310.00, 9081.01, 6955.64, 8.37%
- Epoch 029, ExpID 35602
Train - Loss: 19397845.40
Val - Loss, MSE, RMSE, MAE, MAPE: 30858076.00, 30858077.00, 5535.51, 4140.22, 5.33%
Test - Best epoch, Loss, MSE, RMSE, MAE, MAPE: 28, 89050312.00, 89050310.00, 9081.01, 6955.64, 8.37%
- Epoch 030, ExpID 35602
Train - Loss: 19099270.30
Val - Loss, MSE, RMSE, MAE, MAPE: 30476490.00, 30476490.00, 5500.62, 4126.78, 5.31%
Test - Best epoch, Loss, MSE, RMSE, MAE, MAPE: 30, 87426104.00, 87426106.00, 9002.50, 6891.74, 8.30%
- Epoch 031, ExpID 35602
Train - Loss: 19047586.25
Val - Loss, MSE, RMSE, MAE, MAPE: 30531078.00, 30531078.00, 5504.53, 4124.09, 5.30%
Test - Best epoch, Loss, MSE, RMSE, MAE, MAPE: 30, 87426104.00, 87426106.00, 9002.50, 6891.74, 8.30%
- Epoch 032, ExpID 35602
Train - Loss: 19074032.20
Val - Loss, MSE, RMSE, MAE, MAPE: 30410780.00, 30410781.00, 5496.16, 4133.84, 5.32%
Test - Best epoch, Loss, MSE, RMSE, MAE, MAPE: 32, 88314824.00, 88314824.00, 9043.07, 6933.55, 8.34%
- Epoch 033, ExpID 35602
Train - Loss: 19055765.05
Val - Loss, MSE, RMSE, MAE, MAPE: 30315346.00, 30315346.00, 5486.28, 4099.44, 5.27%
Test - Best epoch, Loss, MSE, RMSE, MAE, MAPE: 33, 87457176.00, 87457174.00, 9004.15, 6902.48, 8.30%
- Epoch 034, ExpID 35602
Train - Loss: 19040291.00
Val - Loss, MSE, RMSE, MAE, MAPE: 30170220.00, 30170219.00, 5473.85, 4106.80, 5.28%
Test - Best epoch, Loss, MSE, RMSE, MAE, MAPE: 34, 86512328.00, 86512328.00, 8959.86, 6870.95, 8.27%
- Epoch 035, ExpID 35602
Train - Loss: 18878668.30
Val - Loss, MSE, RMSE, MAE, MAPE: 30045808.00, 30045808.00, 5461.10, 4100.43, 5.27%
Test - Best epoch, Loss, MSE, RMSE, MAE, MAPE: 35, 86563760.00, 86563758.00, 8958.22, 6879.49, 8.27%
- Epoch 036, ExpID 35602
Train - Loss: 18637284.80
Val - Loss, MSE, RMSE, MAE, MAPE: 30229228.00, 30229229.00, 5480.08, 4106.37, 5.29%
Test - Best epoch, Loss, MSE, RMSE, MAE, MAPE: 35, 86563760.00, 86563758.00, 8958.22, 6879.49, 8.27%
- Epoch 037, ExpID 35602
Train - Loss: 18771187.15
Val - Loss, MSE, RMSE, MAE, MAPE: 29744854.00, 29744854.00, 5435.67, 4076.96, 5.24%
Test - Best epoch, Loss, MSE, RMSE, MAE, MAPE: 37, 85185008.00, 85185012.00, 8895.78, 6817.92, 8.20%
- Epoch 038, ExpID 35602
Train - Loss: 18599849.75
Val - Loss, MSE, RMSE, MAE, MAPE: 29866320.00, 29866320.00, 5446.65, 4085.53, 5.26%
Test - Best epoch, Loss, MSE, RMSE, MAE, MAPE: 37, 85185008.00, 85185012.00, 8895.78, 6817.92, 8.20%
- Epoch 039, ExpID 35602
Train - Loss: 18507803.65
Val - Loss, MSE, RMSE, MAE, MAPE: 29710748.00, 29710748.00, 5432.11, 4097.24, 5.27%
Test - Best epoch, Loss, MSE, RMSE, MAE, MAPE: 39, 85318520.00, 85318518.00, 8895.41, 6831.96, 8.22%
- Epoch 040, ExpID 35602
Train - Loss: 18434736.25
Val - Loss, MSE, RMSE, MAE, MAPE: 29537280.00, 29537279.00, 5416.71, 4063.36, 5.23%
Test - Best epoch, Loss, MSE, RMSE, MAE, MAPE: 40, 84084064.00, 84084060.00, 8838.63, 6786.65, 8.16%
- Epoch 041, ExpID 35602
Train - Loss: 18378044.65
Val - Loss, MSE, RMSE, MAE, MAPE: 29702060.00, 29702061.00, 5432.85, 4081.84, 5.25%
Test - Best epoch, Loss, MSE, RMSE, MAE, MAPE: 40, 84084064.00, 84084060.00, 8838.63, 6786.65, 8.16%
- Epoch 042, ExpID 35602
Train - Loss: 18309644.20
Val - Loss, MSE, RMSE, MAE, MAPE: 29465306.00, 29465306.00, 5410.50, 4064.23, 5.23%
Test - Best epoch, Loss, MSE, RMSE, MAE, MAPE: 42, 83758184.00, 83758182.00, 8823.91, 6756.86, 8.13%
- Epoch 043, ExpID 35602
Train - Loss: 18259221.65
Val - Loss, MSE, RMSE, MAE, MAPE: 29365066.00, 29365066.00, 5401.62, 4061.28, 5.23%
Test - Best epoch, Loss, MSE, RMSE, MAE, MAPE: 43, 83796000.00, 83795996.00, 8821.33, 6757.64, 8.13%
- Epoch 044, ExpID 35602
Train - Loss: 18252772.50
Val - Loss, MSE, RMSE, MAE, MAPE: 29166118.00, 29166118.00, 5383.81, 4059.75, 5.21%
Test - Best epoch, Loss, MSE, RMSE, MAE, MAPE: 44, 84196040.00, 84196038.00, 8836.98, 6785.22, 8.15%
- Epoch 045, ExpID 35602
Train - Loss: 18010945.45
Val - Loss, MSE, RMSE, MAE, MAPE: 29306342.00, 29306342.00, 5395.98, 4055.56, 5.22%
Test - Best epoch, Loss, MSE, RMSE, MAE, MAPE: 44, 84196040.00, 84196038.00, 8836.98, 6785.22, 8.15%
- Epoch 046, ExpID 35602
Train - Loss: 18081042.65
Val - Loss, MSE, RMSE, MAE, MAPE: 28943190.00, 28943190.00, 5363.69, 4037.39, 5.19%
Test - Best epoch, Loss, MSE, RMSE, MAE, MAPE: 46, 83435096.00, 83435098.00, 8797.42, 6730.71, 8.09%
- Epoch 047, ExpID 35602
Train - Loss: 18028715.50
Val - Loss, MSE, RMSE, MAE, MAPE: 29218824.00, 29218824.00, 5387.45, 4063.41, 5.23%
Test - Best epoch, Loss, MSE, RMSE, MAE, MAPE: 46, 83435096.00, 83435098.00, 8797.42, 6730.71, 8.09%
- Epoch 048, ExpID 35602
Train - Loss: 17842998.75
Val - Loss, MSE, RMSE, MAE, MAPE: 28963160.00, 28963159.00, 5366.16, 4047.30, 5.21%
Test - Best epoch, Loss, MSE, RMSE, MAE, MAPE: 46, 83435096.00, 83435098.00, 8797.42, 6730.71, 8.09%
- Epoch 049, ExpID 35602
Train - Loss: 17892209.20
Val - Loss, MSE, RMSE, MAE, MAPE: 28874928.00, 28874928.00, 5358.01, 4047.69, 5.21%
Test - Best epoch, Loss, MSE, RMSE, MAE, MAPE: 49, 84757040.00, 84757044.00, 8856.62, 6800.81, 8.18%
- Epoch 050, ExpID 35602
Train - Loss: 17760038.85
Val - Loss, MSE, RMSE, MAE, MAPE: 29160620.00, 29160619.00, 5384.50, 4065.21, 5.23%
Test - Best epoch, Loss, MSE, RMSE, MAE, MAPE: 49, 84757040.00, 84757044.00, 8856.62, 6800.81, 8.18%
- Epoch 051, ExpID 35602
Train - Loss: 17829296.80
Val - Loss, MSE, RMSE, MAE, MAPE: 28990244.00, 28990244.00, 5369.91, 4050.89, 5.22%
Test - Best epoch, Loss, MSE, RMSE, MAE, MAPE: 49, 84757040.00, 84757044.00, 8856.62, 6800.81, 8.18%
- Epoch 052, ExpID 35602
Train - Loss: 17573522.90
Val - Loss, MSE, RMSE, MAE, MAPE: 28842118.00, 28842118.00, 5355.76, 4039.26, 5.20%
Test - Best epoch, Loss, MSE, RMSE, MAE, MAPE: 52, 82764704.00, 82764708.00, 8761.07, 6691.56, 8.06%
- Epoch 053, ExpID 35602
Train - Loss: 17476500.95
Val - Loss, MSE, RMSE, MAE, MAPE: 28973708.00, 28973707.00, 5368.76, 4066.05, 5.23%
Test - Best epoch, Loss, MSE, RMSE, MAE, MAPE: 52, 82764704.00, 82764708.00, 8761.07, 6691.56, 8.06%
- Epoch 054, ExpID 35602
Train - Loss: 17417866.40
Val - Loss, MSE, RMSE, MAE, MAPE: 28759488.00, 28759489.00, 5348.23, 4039.18, 5.20%
Test - Best epoch, Loss, MSE, RMSE, MAE, MAPE: 54, 83051680.00, 83051684.00, 8776.62, 6699.92, 8.07%
- Epoch 055, ExpID 35602
Train - Loss: 17406907.90
Val - Loss, MSE, RMSE, MAE, MAPE: 28699880.00, 28699880.00, 5344.33, 4024.21, 5.19%
Test - Best epoch, Loss, MSE, RMSE, MAE, MAPE: 55, 82210536.00, 82210534.00, 8730.10, 6632.27, 8.00%
- Epoch 056, ExpID 35602
Train - Loss: 17467052.70
Val - Loss, MSE, RMSE, MAE, MAPE: 28447176.00, 28447176.00, 5320.69, 4015.25, 5.18%
Test - Best epoch, Loss, MSE, RMSE, MAE, MAPE: 56, 81563560.00, 81563558.00, 8697.04, 6594.51, 7.95%
- Epoch 057, ExpID 35602
Train - Loss: 17289692.45
Val - Loss, MSE, RMSE, MAE, MAPE: 28537378.00, 28537378.00, 5327.74, 4036.14, 5.20%
Test - Best epoch, Loss, MSE, RMSE, MAE, MAPE: 56, 81563560.00, 81563558.00, 8697.04, 6594.51, 7.95%
- Epoch 058, ExpID 35602
Train - Loss: 17156233.45
Val - Loss, MSE, RMSE, MAE, MAPE: 28245220.00, 28245219.00, 5302.27, 4004.99, 5.16%
Test - Best epoch, Loss, MSE, RMSE, MAE, MAPE: 58, 82838144.00, 82838140.00, 8756.20, 6673.23, 8.03%
- Epoch 059, ExpID 35602
Train - Loss: 17170406.65
Val - Loss, MSE, RMSE, MAE, MAPE: 28400760.00, 28400759.00, 5317.11, 4020.34, 5.18%
Test - Best epoch, Loss, MSE, RMSE, MAE, MAPE: 58, 82838144.00, 82838140.00, 8756.20, 6673.23, 8.03%
- Epoch 060, ExpID 35602
Train - Loss: 17134803.85
Val - Loss, MSE, RMSE, MAE, MAPE: 28595824.00, 28595825.00, 5335.54, 4022.74, 5.19%
Test - Best epoch, Loss, MSE, RMSE, MAE, MAPE: 58, 82838144.00, 82838140.00, 8756.20, 6673.23, 8.03%
- Epoch 061, ExpID 35602
Train - Loss: 16931350.60
Val - Loss, MSE, RMSE, MAE, MAPE: 28420188.00, 28420188.00, 5320.07, 4023.24, 5.19%
Test - Best epoch, Loss, MSE, RMSE, MAE, MAPE: 58, 82838144.00, 82838140.00, 8756.20, 6673.23, 8.03%
- Epoch 062, ExpID 35602
Train - Loss: 16993674.65
Val - Loss, MSE, RMSE, MAE, MAPE: 28013692.00, 28013692.00, 5282.16, 3998.93, 5.15%
Test - Best epoch, Loss, MSE, RMSE, MAE, MAPE: 62, 83776952.00, 83776952.00, 8796.93, 6704.84, 8.07%
- Epoch 063, ExpID 35602
Train - Loss: 16828959.10
Val - Loss, MSE, RMSE, MAE, MAPE: 28259668.00, 28259668.00, 5304.98, 4018.59, 5.18%
Test - Best epoch, Loss, MSE, RMSE, MAE, MAPE: 62, 83776952.00, 83776952.00, 8796.93, 6704.84, 8.07%
- Epoch 064, ExpID 35602
Train - Loss: 16771261.30
Val - Loss, MSE, RMSE, MAE, MAPE: 28099060.00, 28099061.00, 5290.24, 3997.87, 5.17%
Test - Best epoch, Loss, MSE, RMSE, MAE, MAPE: 62, 83776952.00, 83776952.00, 8796.93, 6704.84, 8.07%
- Epoch 065, ExpID 35602
Train - Loss: 16794579.05
Val - Loss, MSE, RMSE, MAE, MAPE: 27875372.00, 27875371.00, 5268.66, 3988.95, 5.14%
Test - Best epoch, Loss, MSE, RMSE, MAE, MAPE: 65, 83622368.00, 83622368.00, 8784.81, 6646.39, 8.01%
- Epoch 066, ExpID 35602
Train - Loss: 16634462.75
Val - Loss, MSE, RMSE, MAE, MAPE: 28344676.00, 28344676.00, 5313.53, 4014.43, 5.18%
Test - Best epoch, Loss, MSE, RMSE, MAE, MAPE: 65, 83622368.00, 83622368.00, 8784.81, 6646.39, 8.01%
- Epoch 067, ExpID 35602
Train - Loss: 16638272.00
Val - Loss, MSE, RMSE, MAE, MAPE: 28074944.00, 28074943.00, 5288.38, 4001.24, 5.16%
Test - Best epoch, Loss, MSE, RMSE, MAE, MAPE: 65, 83622368.00, 83622368.00, 8784.81, 6646.39, 8.01%
- Epoch 068, ExpID 35602
Train - Loss: 16633456.95
Val - Loss, MSE, RMSE, MAE, MAPE: 27689288.00, 27689287.00, 5252.64, 3974.42, 5.12%
Test - Best epoch, Loss, MSE, RMSE, MAE, MAPE: 68, 83287840.00, 83287844.00, 8776.61, 6668.87, 8.03%
- Epoch 069, ExpID 35602
Train - Loss: 16294865.15
Val - Loss, MSE, RMSE, MAE, MAPE: 28282564.00, 28282565.00, 5308.91, 4014.75, 5.18%
Test - Best epoch, Loss, MSE, RMSE, MAE, MAPE: 68, 83287840.00, 83287844.00, 8776.61, 6668.87, 8.03%
- Epoch 070, ExpID 35602
Train - Loss: 16596222.90
Val - Loss, MSE, RMSE, MAE, MAPE: 28184952.00, 28184951.00, 5299.11, 4019.79, 5.19%
Test - Best epoch, Loss, MSE, RMSE, MAE, MAPE: 68, 83287840.00, 83287844.00, 8776.61, 6668.87, 8.03%
- Epoch 071, ExpID 35602
Train - Loss: 16352855.50
Val - Loss, MSE, RMSE, MAE, MAPE: 27862234.00, 27862234.00, 5269.06, 3977.10, 5.13%
Test - Best epoch, Loss, MSE, RMSE, MAE, MAPE: 68, 83287840.00, 83287844.00, 8776.61, 6668.87, 8.03%
- Epoch 072, ExpID 35602
Train - Loss: 16327823.10
Val - Loss, MSE, RMSE, MAE, MAPE: 27945968.00, 27945967.00, 5277.36, 3994.72, 5.16%
Test - Best epoch, Loss, MSE, RMSE, MAE, MAPE: 68, 83287840.00, 83287844.00, 8776.61, 6668.87, 8.03%
- Epoch 073, ExpID 35602
Train - Loss: 16141275.50
Val - Loss, MSE, RMSE, MAE, MAPE: 28114988.00, 28114987.00, 5294.33, 3996.97, 5.17%
Test - Best epoch, Loss, MSE, RMSE, MAE, MAPE: 68, 83287840.00, 83287844.00, 8776.61, 6668.87, 8.03%
- Epoch 074, ExpID 35602
Train - Loss: 16106114.25
Val - Loss, MSE, RMSE, MAE, MAPE: 28053496.00, 28053497.00, 5288.81, 3997.25, 5.17%
Test - Best epoch, Loss, MSE, RMSE, MAE, MAPE: 68, 83287840.00, 83287844.00, 8776.61, 6668.87, 8.03%
- Epoch 075, ExpID 35602
Train - Loss: 16238885.60
Val - Loss, MSE, RMSE, MAE, MAPE: 27830110.00, 27830110.00, 5267.20, 3991.46, 5.16%
Test - Best epoch, Loss, MSE, RMSE, MAE, MAPE: 68, 83287840.00, 83287844.00, 8776.61, 6668.87, 8.03%
- Epoch 076, ExpID 35602
Train - Loss: 16068506.35
Val - Loss, MSE, RMSE, MAE, MAPE: 27591930.00, 27591930.00, 5244.66, 3959.84, 5.12%
Test - Best epoch, Loss, MSE, RMSE, MAE, MAPE: 76, 82946928.00, 82946924.00, 8758.38, 6575.80, 7.94%
- Epoch 077, ExpID 35602
Train - Loss: 15975544.60
Val - Loss, MSE, RMSE, MAE, MAPE: 27983740.00, 27983740.00, 5281.09, 3998.66, 5.18%
Test - Best epoch, Loss, MSE, RMSE, MAE, MAPE: 76, 82946928.00, 82946924.00, 8758.38, 6575.80, 7.94%
- Epoch 078, ExpID 35602
Train - Loss: 15975914.45
Val - Loss, MSE, RMSE, MAE, MAPE: 27685620.00, 27685621.00, 5253.18, 3966.26, 5.13%
Test - Best epoch, Loss, MSE, RMSE, MAE, MAPE: 76, 82946928.00, 82946924.00, 8758.38, 6575.80, 7.94%
- Epoch 079, ExpID 35602
Train - Loss: 16012684.45
Val - Loss, MSE, RMSE, MAE, MAPE: 27518488.00, 27518489.00, 5237.17, 3958.75, 5.12%
Test - Best epoch, Loss, MSE, RMSE, MAE, MAPE: 79, 84841248.00, 84841246.00, 8837.84, 6628.35, 8.00%
- Epoch 080, ExpID 35602
Train - Loss: 15910211.80
Val - Loss, MSE, RMSE, MAE, MAPE: 27225648.00, 27225647.00, 5210.02, 3936.75, 5.09%
Test - Best epoch, Loss, MSE, RMSE, MAE, MAPE: 80, 84287424.00, 84287428.00, 8815.89, 6626.81, 8.00%
- Epoch 081, ExpID 35602
Train - Loss: 15798844.25
Val - Loss, MSE, RMSE, MAE, MAPE: 27759802.00, 27759802.00, 5261.83, 3965.89, 5.14%
Test - Best epoch, Loss, MSE, RMSE, MAE, MAPE: 80, 84287424.00, 84287428.00, 8815.89, 6626.81, 8.00%
- Epoch 082, ExpID 35602
Train - Loss: 15739978.65
Val - Loss, MSE, RMSE, MAE, MAPE: 27208120.00, 27208121.00, 5208.33, 3937.73, 5.10%
Test - Best epoch, Loss, MSE, RMSE, MAE, MAPE: 82, 84575168.00, 84575168.00, 8823.80, 6606.05, 7.98%
- Epoch 083, ExpID 35602
Train - Loss: 15595361.05
Val - Loss, MSE, RMSE, MAE, MAPE: 27497812.00, 27497813.00, 5236.75, 3950.66, 5.12%
Test - Best epoch, Loss, MSE, RMSE, MAE, MAPE: 82, 84575168.00, 84575168.00, 8823.80, 6606.05, 7.98%
- Epoch 084, ExpID 35602
Train - Loss: 15736351.95
Val - Loss, MSE, RMSE, MAE, MAPE: 27188928.00, 27188927.00, 5205.93, 3941.64, 5.10%
Test - Best epoch, Loss, MSE, RMSE, MAE, MAPE: 84, 85588776.00, 85588774.00, 8864.66, 6629.46, 8.01%
- Epoch 085, ExpID 35602
Train - Loss: 15636843.70
Val - Loss, MSE, RMSE, MAE, MAPE: 27640594.00, 27640594.00, 5250.63, 3964.23, 5.14%
Test - Best epoch, Loss, MSE, RMSE, MAE, MAPE: 84, 85588776.00, 85588774.00, 8864.66, 6629.46, 8.01%
- Epoch 086, ExpID 35602
Train - Loss: 15532127.75
Val - Loss, MSE, RMSE, MAE, MAPE: 27382780.00, 27382781.00, 5225.43, 3940.63, 5.10%
Test - Best epoch, Loss, MSE, RMSE, MAE, MAPE: 84, 85588776.00, 85588774.00, 8864.66, 6629.46, 8.01%
- Epoch 087, ExpID 35602
Train - Loss: 15743633.45
Val - Loss, MSE, RMSE, MAE, MAPE: 27026230.00, 27026230.00, 5190.80, 3934.78, 5.09%
Test - Best epoch, Loss, MSE, RMSE, MAE, MAPE: 87, 84706864.00, 84706862.00, 8831.36, 6593.06, 7.96%
- Epoch 088, ExpID 35602
Train - Loss: 15605938.70
Val - Loss, MSE, RMSE, MAE, MAPE: 27099472.00, 27099471.00, 5198.90, 3926.52, 5.09%
Test - Best epoch, Loss, MSE, RMSE, MAE, MAPE: 87, 84706864.00, 84706862.00, 8831.36, 6593.06, 7.96%
- Epoch 089, ExpID 35602
Train - Loss: 15552364.15
Val - Loss, MSE, RMSE, MAE, MAPE: 27290740.00, 27290741.00, 5215.59, 3949.92, 5.12%
Test - Best epoch, Loss, MSE, RMSE, MAE, MAPE: 87, 84706864.00, 84706862.00, 8831.36, 6593.06, 7.96%
- Epoch 090, ExpID 35602
Train - Loss: 15498986.75
Val - Loss, MSE, RMSE, MAE, MAPE: 27383024.00, 27383023.00, 5225.67, 3947.28, 5.11%
Test - Best epoch, Loss, MSE, RMSE, MAE, MAPE: 87, 84706864.00, 84706862.00, 8831.36, 6593.06, 7.96%
- Epoch 091, ExpID 35602
Train - Loss: 15373579.20
Val - Loss, MSE, RMSE, MAE, MAPE: 27429304.00, 27429305.00, 5229.29, 3962.47, 5.14%
Test - Best epoch, Loss, MSE, RMSE, MAE, MAPE: 87, 84706864.00, 84706862.00, 8831.36, 6593.06, 7.96%
- Epoch 092, ExpID 35602
Train - Loss: 15398605.70
Val - Loss, MSE, RMSE, MAE, MAPE: 27141340.00, 27141341.00, 5201.41, 3939.87, 5.11%
Test - Best epoch, Loss, MSE, RMSE, MAE, MAPE: 87, 84706864.00, 84706862.00, 8831.36, 6593.06, 7.96%
- Epoch 093, ExpID 35602
Train - Loss: 15375718.15
Val - Loss, MSE, RMSE, MAE, MAPE: 26937428.00, 26937427.00, 5182.35, 3931.06, 5.10%
Test - Best epoch, Loss, MSE, RMSE, MAE, MAPE: 93, 85876224.00, 85876228.00, 8887.05, 6649.57, 8.03%
- Epoch 094, ExpID 35602
Train - Loss: 15266219.10
Val - Loss, MSE, RMSE, MAE, MAPE: 27119168.00, 27119168.00, 5200.66, 3932.37, 5.11%
Test - Best epoch, Loss, MSE, RMSE, MAE, MAPE: 93, 85876224.00, 85876228.00, 8887.05, 6649.57, 8.03%
- Epoch 095, ExpID 35602
Train - Loss: 15189176.30
Val - Loss, MSE, RMSE, MAE, MAPE: 27253804.00, 27253804.00, 5213.63, 3938.90, 5.11%
Test - Best epoch, Loss, MSE, RMSE, MAE, MAPE: 93, 85876224.00, 85876228.00, 8887.05, 6649.57, 8.03%
- Epoch 096, ExpID 35602
Train - Loss: 15145646.25
Val - Loss, MSE, RMSE, MAE, MAPE: 27255514.00, 27255514.00, 5213.85, 3931.79, 5.09%
Test - Best epoch, Loss, MSE, RMSE, MAE, MAPE: 93, 85876224.00, 85876228.00, 8887.05, 6649.57, 8.03%
- Epoch 097, ExpID 35602
Train - Loss: 15031234.55
Val - Loss, MSE, RMSE, MAE, MAPE: 27123866.00, 27123866.00, 5201.18, 3920.67, 5.08%
Test - Best epoch, Loss, MSE, RMSE, MAE, MAPE: 93, 85876224.00, 85876228.00, 8887.05, 6649.57, 8.03%
- Epoch 098, ExpID 35602
Train - Loss: 14944748.10
Val - Loss, MSE, RMSE, MAE, MAPE: 27208072.00, 27208071.00, 5209.50, 3936.22, 5.12%
Test - Best epoch, Loss, MSE, RMSE, MAE, MAPE: 93, 85876224.00, 85876228.00, 8887.05, 6649.57, 8.03%
- Epoch 099, ExpID 35602
Train - Loss: 15055021.70
Val - Loss, MSE, RMSE, MAE, MAPE: 26899956.00, 26899955.00, 5178.91, 3916.11, 5.08%
Test - Best epoch, Loss, MSE, RMSE, MAE, MAPE: 99, 85106560.00, 85106564.00, 8840.78, 6587.85, 7.96%
- Epoch 100, ExpID 35602
Train - Loss: 14984857.70
Val - Loss, MSE, RMSE, MAE, MAPE: 27463024.00, 27463025.00, 5234.82, 3939.92, 5.12%
Test - Best epoch, Loss, MSE, RMSE, MAE, MAPE: 99, 85106560.00, 85106564.00, 8840.78, 6587.85, 7.96%
- Epoch 101, ExpID 35602
Train - Loss: 14846889.65
Val - Loss, MSE, RMSE, MAE, MAPE: 27238788.00, 27238787.00, 5212.87, 3925.45, 5.09%
Test - Best epoch, Loss, MSE, RMSE, MAE, MAPE: 99, 85106560.00, 85106564.00, 8840.78, 6587.85, 7.96%
- Epoch 102, ExpID 35602
Train - Loss: 14997294.25
Val - Loss, MSE, RMSE, MAE, MAPE: 27001188.00, 27001188.00, 5189.08, 3914.48, 5.08%
Test - Best epoch, Loss, MSE, RMSE, MAE, MAPE: 99, 85106560.00, 85106564.00, 8840.78, 6587.85, 7.96%
- Epoch 103, ExpID 35602
Train - Loss: 14799828.15
Val - Loss, MSE, RMSE, MAE, MAPE: 27255246.00, 27255246.00, 5213.90, 3926.94, 5.09%
Test - Best epoch, Loss, MSE, RMSE, MAE, MAPE: 99, 85106560.00, 85106564.00, 8840.78, 6587.85, 7.96%
- Epoch 104, ExpID 35602
Train - Loss: 14879008.15
Val - Loss, MSE, RMSE, MAE, MAPE: 27261472.00, 27261473.00, 5214.77, 3932.66, 5.11%
Test - Best epoch, Loss, MSE, RMSE, MAE, MAPE: 99, 85106560.00, 85106564.00, 8840.78, 6587.85, 7.96%
- Epoch 105, ExpID 35602
Train - Loss: 14922817.70
Val - Loss, MSE, RMSE, MAE, MAPE: 27010246.00, 27010246.00, 5190.02, 3917.93, 5.09%
Test - Best epoch, Loss, MSE, RMSE, MAE, MAPE: 99, 85106560.00, 85106564.00, 8840.78, 6587.85, 7.96%
- Epoch 106, ExpID 35602
Train - Loss: 14775241.05
Val - Loss, MSE, RMSE, MAE, MAPE: 27245976.00, 27245977.00, 5213.96, 3931.32, 5.11%
Test - Best epoch, Loss, MSE, RMSE, MAE, MAPE: 99, 85106560.00, 85106564.00, 8840.78, 6587.85, 7.96%
- Epoch 107, ExpID 35602
Train - Loss: 14791578.40
Val - Loss, MSE, RMSE, MAE, MAPE: 27542812.00, 27542811.00, 5242.25, 3946.05, 5.13%
Test - Best epoch, Loss, MSE, RMSE, MAE, MAPE: 99, 85106560.00, 85106564.00, 8840.78, 6587.85, 7.96%
- Epoch 108, ExpID 35602
Train - Loss: 14599906.65
Val - Loss, MSE, RMSE, MAE, MAPE: 27058392.00, 27058393.00, 5195.93, 3915.79, 5.08%
Test - Best epoch, Loss, MSE, RMSE, MAE, MAPE: 99, 85106560.00, 85106564.00, 8840.78, 6587.85, 7.96%
- Epoch 109, ExpID 35602
Train - Loss: 14673054.90
Val - Loss, MSE, RMSE, MAE, MAPE: 27393784.00, 27393785.00, 5226.06, 3959.20, 5.15%
Test - Best epoch, Loss, MSE, RMSE, MAE, MAPE: 99, 85106560.00, 85106564.00, 8840.78, 6587.85, 7.96%
Early Stopping at Epoch 109
Fold 2017 Best RMSE: 8840.7791

-------------------- [Fold: 2018] ExpID: 5735 --------------------
- Epoch 000, ExpID 5735
Train - Loss: 34976787.64
Val - Loss, MSE, RMSE, MAE, MAPE: 93646592.00, 93646592.00, 9489.51, 7203.07, 8.72%
Test - Best epoch, Loss, MSE, RMSE, MAE, MAPE: 0, 50526412.00, 50526412.00, 7108.18, 5500.05, 5.97%
- Epoch 001, ExpID 5735
Train - Loss: 27609751.64
Val - Loss, MSE, RMSE, MAE, MAPE: 93183160.00, 93183158.00, 9373.34, 6959.03, 8.44%
Test - Best epoch, Loss, MSE, RMSE, MAE, MAPE: 1, 47400584.00, 47400586.00, 6884.44, 5232.82, 5.67%
- Epoch 002, ExpID 5735
Train - Loss: 25890177.64
Val - Loss, MSE, RMSE, MAE, MAPE: 91839808.00, 91839804.00, 9272.57, 6843.58, 8.29%
Test - Best epoch, Loss, MSE, RMSE, MAE, MAPE: 2, 46923148.00, 46923148.00, 6847.40, 5168.96, 5.60%
- Epoch 003, ExpID 5735
Train - Loss: 24658519.00
Val - Loss, MSE, RMSE, MAE, MAPE: 90354432.00, 90354430.00, 9188.89, 6763.36, 8.20%
Test - Best epoch, Loss, MSE, RMSE, MAE, MAPE: 3, 46468192.00, 46468192.00, 6812.09, 5144.41, 5.58%
- Epoch 004, ExpID 5735
Train - Loss: 24194121.55
Val - Loss, MSE, RMSE, MAE, MAPE: 89690496.00, 89690494.00, 9148.32, 6738.74, 8.17%
Test - Best epoch, Loss, MSE, RMSE, MAE, MAPE: 4, 45983624.00, 45983626.00, 6775.40, 5095.88, 5.53%
- Epoch 005, ExpID 5735
Train - Loss: 23601255.64
Val - Loss, MSE, RMSE, MAE, MAPE: 89508632.00, 89508630.00, 9132.28, 6745.93, 8.16%
Test - Best epoch, Loss, MSE, RMSE, MAE, MAPE: 5, 45755160.00, 45755160.00, 6757.42, 5081.83, 5.51%
- Epoch 006, ExpID 5735
Train - Loss: 23377074.27
Val - Loss, MSE, RMSE, MAE, MAPE: 89396752.00, 89396752.00, 9123.18, 6742.70, 8.16%
Test - Best epoch, Loss, MSE, RMSE, MAE, MAPE: 6, 45483296.00, 45483296.00, 6736.87, 5061.37, 5.49%
- Epoch 007, ExpID 5735
Train - Loss: 23417956.18
Val - Loss, MSE, RMSE, MAE, MAPE: 88802608.00, 88802604.00, 9092.30, 6746.60, 8.16%
Test - Best epoch, Loss, MSE, RMSE, MAE, MAPE: 7, 45248144.00, 45248146.00, 6718.51, 5047.79, 5.48%
- Epoch 008, ExpID 5735
Train - Loss: 23053429.45
Val - Loss, MSE, RMSE, MAE, MAPE: 88697152.00, 88697156.00, 9087.33, 6767.07, 8.18%
Test - Best epoch, Loss, MSE, RMSE, MAE, MAPE: 8, 44645472.00, 44645474.00, 6674.15, 5016.99, 5.44%
- Epoch 009, ExpID 5735
Train - Loss: 22952502.64
Val - Loss, MSE, RMSE, MAE, MAPE: 89580376.00, 89580374.00, 9125.43, 6811.69, 8.23%
Test - Best epoch, Loss, MSE, RMSE, MAE, MAPE: 8, 44645472.00, 44645474.00, 6674.15, 5016.99, 5.44%
- Epoch 010, ExpID 5735
Train - Loss: 22543979.45
Val - Loss, MSE, RMSE, MAE, MAPE: 89872456.00, 89872454.00, 9134.92, 6846.47, 8.27%
Test - Best epoch, Loss, MSE, RMSE, MAE, MAPE: 8, 44645472.00, 44645474.00, 6674.15, 5016.99, 5.44%
- Epoch 011, ExpID 5735
Train - Loss: 22953998.55
Val - Loss, MSE, RMSE, MAE, MAPE: 89632032.00, 89632030.00, 9125.83, 6853.99, 8.28%
Test - Best epoch, Loss, MSE, RMSE, MAE, MAPE: 8, 44645472.00, 44645474.00, 6674.15, 5016.99, 5.44%
- Epoch 012, ExpID 5735
Train - Loss: 22219506.09
Val - Loss, MSE, RMSE, MAE, MAPE: 90121568.00, 90121568.00, 9148.29, 6921.93, 8.34%
Test - Best epoch, Loss, MSE, RMSE, MAE, MAPE: 8, 44645472.00, 44645474.00, 6674.15, 5016.99, 5.44%
- Epoch 013, ExpID 5735
Train - Loss: 22130457.73
Val - Loss, MSE, RMSE, MAE, MAPE: 90978544.00, 90978548.00, 9186.49, 6954.72, 8.39%
Test - Best epoch, Loss, MSE, RMSE, MAE, MAPE: 8, 44645472.00, 44645474.00, 6674.15, 5016.99, 5.44%
- Epoch 014, ExpID 5735
Train - Loss: 22344604.91
Val - Loss, MSE, RMSE, MAE, MAPE: 90322656.00, 90322660.00, 9156.23, 6959.88, 8.39%
Test - Best epoch, Loss, MSE, RMSE, MAE, MAPE: 8, 44645472.00, 44645474.00, 6674.15, 5016.99, 5.44%
- Epoch 015, ExpID 5735
Train - Loss: 21589983.91
Val - Loss, MSE, RMSE, MAE, MAPE: 91576080.00, 91576078.00, 9209.87, 7000.13, 8.44%
Test - Best epoch, Loss, MSE, RMSE, MAE, MAPE: 8, 44645472.00, 44645474.00, 6674.15, 5016.99, 5.44%
- Epoch 016, ExpID 5735
Train - Loss: 21810406.18
Val - Loss, MSE, RMSE, MAE, MAPE: 90658928.00, 90658928.00, 9168.71, 6960.92, 8.39%
Test - Best epoch, Loss, MSE, RMSE, MAE, MAPE: 8, 44645472.00, 44645474.00, 6674.15, 5016.99, 5.44%
- Epoch 017, ExpID 5735
Train - Loss: 21717585.64
Val - Loss, MSE, RMSE, MAE, MAPE: 90517504.00, 90517500.00, 9165.16, 6960.45, 8.39%
Test - Best epoch, Loss, MSE, RMSE, MAE, MAPE: 8, 44645472.00, 44645474.00, 6674.15, 5016.99, 5.44%
- Epoch 018, ExpID 5735
Train - Loss: 21483084.55
Val - Loss, MSE, RMSE, MAE, MAPE: 91510720.00, 91510716.00, 9207.36, 7005.34, 8.44%
Test - Best epoch, Loss, MSE, RMSE, MAE, MAPE: 8, 44645472.00, 44645474.00, 6674.15, 5016.99, 5.44%
Early Stopping at Epoch 18
Fold 2018 Best RMSE: 6674.1494

-------------------- [Fold: 2019] ExpID: 18948 --------------------
- Epoch 000, ExpID 18948
Train - Loss: 37426034.35
Val - Loss, MSE, RMSE, MAE, MAPE: 49936892.00, 49936892.00, 7066.50, 5483.48, 5.93%
Test - Best epoch, Loss, MSE, RMSE, MAE, MAPE: 0, 51813888.00, 51813888.00, 7147.44, 5571.55, 5.84%
- Epoch 001, ExpID 18948
Train - Loss: 30417354.70
Val - Loss, MSE, RMSE, MAE, MAPE: 47194768.00, 47194770.00, 6868.21, 5221.20, 5.65%
Test - Best epoch, Loss, MSE, RMSE, MAE, MAPE: 1, 46799688.00, 46799686.00, 6786.51, 5234.53, 5.48%
- Epoch 002, ExpID 18948
Train - Loss: 28547197.83
Val - Loss, MSE, RMSE, MAE, MAPE: 46730816.00, 46730818.00, 6831.32, 5165.75, 5.60%
Test - Best epoch, Loss, MSE, RMSE, MAE, MAPE: 2, 45290464.00, 45290466.00, 6674.48, 5137.13, 5.37%
- Epoch 003, ExpID 18948
Train - Loss: 27832814.17
Val - Loss, MSE, RMSE, MAE, MAPE: 46460500.00, 46460500.00, 6809.03, 5147.16, 5.58%
Test - Best epoch, Loss, MSE, RMSE, MAE, MAPE: 3, 44634968.00, 44634966.00, 6623.35, 5094.15, 5.32%
- Epoch 004, ExpID 18948
Train - Loss: 27170763.13
Val - Loss, MSE, RMSE, MAE, MAPE: 45917984.00, 45917984.00, 6768.42, 5107.83, 5.54%
Test - Best epoch, Loss, MSE, RMSE, MAE, MAPE: 4, 43988528.00, 43988527.00, 6575.32, 5045.95, 5.27%
- Epoch 005, ExpID 18948
Train - Loss: 26727037.74
Val - Loss, MSE, RMSE, MAE, MAPE: 45436584.00, 45436582.00, 6732.48, 5068.49, 5.50%
Test - Best epoch, Loss, MSE, RMSE, MAE, MAPE: 5, 43436128.00, 43436128.00, 6528.50, 5001.19, 5.23%
- Epoch 006, ExpID 18948
Train - Loss: 26516148.43
Val - Loss, MSE, RMSE, MAE, MAPE: 45198628.00, 45198628.00, 6714.03, 5064.33, 5.49%
Test - Best epoch, Loss, MSE, RMSE, MAE, MAPE: 6, 43227736.00, 43227736.00, 6514.82, 5000.63, 5.23%
- Epoch 007, ExpID 18948
Train - Loss: 26153510.43
Val - Loss, MSE, RMSE, MAE, MAPE: 44595184.00, 44595182.00, 6669.57, 5026.61, 5.46%
Test - Best epoch, Loss, MSE, RMSE, MAE, MAPE: 7, 42768476.00, 42768476.00, 6474.38, 4966.05, 5.20%
- Epoch 008, ExpID 18948
Train - Loss: 25968002.35
Val - Loss, MSE, RMSE, MAE, MAPE: 44346060.00, 44346060.00, 6650.52, 5013.61, 5.44%
Test - Best epoch, Loss, MSE, RMSE, MAE, MAPE: 8, 42628272.00, 42628274.00, 6467.15, 4962.11, 5.19%
- Epoch 009, ExpID 18948
Train - Loss: 25567621.91
Val - Loss, MSE, RMSE, MAE, MAPE: 43944744.00, 43944746.00, 6620.26, 4981.37, 5.41%
Test - Best epoch, Loss, MSE, RMSE, MAE, MAPE: 9, 42215536.00, 42215534.00, 6430.77, 4937.71, 5.16%
- Epoch 010, ExpID 18948
Train - Loss: 25550268.35
Val - Loss, MSE, RMSE, MAE, MAPE: 43697368.00, 43697366.00, 6601.08, 4977.08, 5.40%
Test - Best epoch, Loss, MSE, RMSE, MAE, MAPE: 10, 42166224.00, 42166226.00, 6431.54, 4943.17, 5.17%
- Epoch 011, ExpID 18948
Train - Loss: 25408705.48
Val - Loss, MSE, RMSE, MAE, MAPE: 43243328.00, 43243326.00, 6567.28, 4946.35, 5.38%
Test - Best epoch, Loss, MSE, RMSE, MAE, MAPE: 11, 41625552.00, 41625552.00, 6379.83, 4898.92, 5.13%
- Epoch 012, ExpID 18948
Train - Loss: 25182884.78
Val - Loss, MSE, RMSE, MAE, MAPE: 42996848.00, 42996846.00, 6547.59, 4940.39, 5.37%
Test - Best epoch, Loss, MSE, RMSE, MAE, MAPE: 12, 41611816.00, 41611817.00, 6384.13, 4901.73, 5.13%
- Epoch 013, ExpID 18948
Train - Loss: 24992289.65
Val - Loss, MSE, RMSE, MAE, MAPE: 43032268.00, 43032268.00, 6550.61, 4948.04, 5.38%
Test - Best epoch, Loss, MSE, RMSE, MAE, MAPE: 12, 41611816.00, 41611817.00, 6384.13, 4901.73, 5.13%
- Epoch 014, ExpID 18948
Train - Loss: 24926533.65
Val - Loss, MSE, RMSE, MAE, MAPE: 42620896.00, 42620896.00, 6519.82, 4921.41, 5.35%
Test - Best epoch, Loss, MSE, RMSE, MAE, MAPE: 14, 41265288.00, 41265290.00, 6350.64, 4884.08, 5.12%
- Epoch 015, ExpID 18948
Train - Loss: 24749004.35
Val - Loss, MSE, RMSE, MAE, MAPE: 42333224.00, 42333226.00, 6496.68, 4911.85, 5.34%
Test - Best epoch, Loss, MSE, RMSE, MAE, MAPE: 15, 41125500.00, 41125501.00, 6344.22, 4875.71, 5.11%
- Epoch 016, ExpID 18948
Train - Loss: 24659880.96
Val - Loss, MSE, RMSE, MAE, MAPE: 42291664.00, 42291662.00, 6493.92, 4918.61, 5.35%
Test - Best epoch, Loss, MSE, RMSE, MAE, MAPE: 16, 41163128.00, 41163127.00, 6342.10, 4887.39, 5.12%
- Epoch 017, ExpID 18948
Train - Loss: 24469132.78
Val - Loss, MSE, RMSE, MAE, MAPE: 41996052.00, 41996052.00, 6470.79, 4887.82, 5.32%
Test - Best epoch, Loss, MSE, RMSE, MAE, MAPE: 17, 40676564.00, 40676563.00, 6299.73, 4842.83, 5.08%
- Epoch 018, ExpID 18948
Train - Loss: 24342266.26
Val - Loss, MSE, RMSE, MAE, MAPE: 42262760.00, 42262762.00, 6491.04, 4928.80, 5.36%
Test - Best epoch, Loss, MSE, RMSE, MAE, MAPE: 17, 40676564.00, 40676563.00, 6299.73, 4842.83, 5.08%
- Epoch 019, ExpID 18948
Train - Loss: 24114406.70
Val - Loss, MSE, RMSE, MAE, MAPE: 41599916.00, 41599916.00, 6440.15, 4878.56, 5.31%
Test - Best epoch, Loss, MSE, RMSE, MAE, MAPE: 19, 40643436.00, 40643436.00, 6297.06, 4843.88, 5.08%
- Epoch 020, ExpID 18948
Train - Loss: 23918000.00
Val - Loss, MSE, RMSE, MAE, MAPE: 41940752.00, 41940754.00, 6466.09, 4914.88, 5.34%
Test - Best epoch, Loss, MSE, RMSE, MAE, MAPE: 19, 40643436.00, 40643436.00, 6297.06, 4843.88, 5.08%
- Epoch 021, ExpID 18948
Train - Loss: 23896140.09
Val - Loss, MSE, RMSE, MAE, MAPE: 41343184.00, 41343184.00, 6418.79, 4873.80, 5.30%
Test - Best epoch, Loss, MSE, RMSE, MAE, MAPE: 21, 40585800.00, 40585799.00, 6290.86, 4843.34, 5.08%
- Epoch 022, ExpID 18948
Train - Loss: 23828561.83
Val - Loss, MSE, RMSE, MAE, MAPE: 41344936.00, 41344934.00, 6419.99, 4872.31, 5.30%
Test - Best epoch, Loss, MSE, RMSE, MAE, MAPE: 21, 40585800.00, 40585799.00, 6290.86, 4843.34, 5.08%
- Epoch 023, ExpID 18948
Train - Loss: 23776434.70
Val - Loss, MSE, RMSE, MAE, MAPE: 41508080.00, 41508082.00, 6430.89, 4901.06, 5.33%
Test - Best epoch, Loss, MSE, RMSE, MAE, MAPE: 21, 40585800.00, 40585799.00, 6290.86, 4843.34, 5.08%
- Epoch 024, ExpID 18948
Train - Loss: 23475375.39
Val - Loss, MSE, RMSE, MAE, MAPE: 41115960.00, 41115960.00, 6403.22, 4864.91, 5.30%
Test - Best epoch, Loss, MSE, RMSE, MAE, MAPE: 24, 40290752.00, 40290750.00, 6255.11, 4822.11, 5.07%
- Epoch 025, ExpID 18948
Train - Loss: 23347970.78
Val - Loss, MSE, RMSE, MAE, MAPE: 40820964.00, 40820964.00, 6377.69, 4848.50, 5.27%
Test - Best epoch, Loss, MSE, RMSE, MAE, MAPE: 25, 40348592.00, 40348591.00, 6266.93, 4842.96, 5.08%
- Epoch 026, ExpID 18948
Train - Loss: 23002519.57
Val - Loss, MSE, RMSE, MAE, MAPE: 41008536.00, 41008538.00, 6392.86, 4871.60, 5.30%
Test - Best epoch, Loss, MSE, RMSE, MAE, MAPE: 25, 40348592.00, 40348591.00, 6266.93, 4842.96, 5.08%
- Epoch 027, ExpID 18948
Train - Loss: 23050220.26
Val - Loss, MSE, RMSE, MAE, MAPE: 40896216.00, 40896218.00, 6381.55, 4870.31, 5.29%
Test - Best epoch, Loss, MSE, RMSE, MAE, MAPE: 25, 40348592.00, 40348591.00, 6266.93, 4842.96, 5.08%
- Epoch 028, ExpID 18948
Train - Loss: 22938392.61
Val - Loss, MSE, RMSE, MAE, MAPE: 40517656.00, 40517656.00, 6354.71, 4836.73, 5.26%
Test - Best epoch, Loss, MSE, RMSE, MAE, MAPE: 28, 40222056.00, 40222056.00, 6248.40, 4827.54, 5.07%
- Epoch 029, ExpID 18948
Train - Loss: 22657667.74
Val - Loss, MSE, RMSE, MAE, MAPE: 40964384.00, 40964382.00, 6386.76, 4883.45, 5.31%
Test - Best epoch, Loss, MSE, RMSE, MAE, MAPE: 28, 40222056.00, 40222056.00, 6248.40, 4827.54, 5.07%
- Epoch 030, ExpID 18948
Train - Loss: 22765671.30
Val - Loss, MSE, RMSE, MAE, MAPE: 40616376.00, 40616378.00, 6362.20, 4848.42, 5.27%
Test - Best epoch, Loss, MSE, RMSE, MAE, MAPE: 28, 40222056.00, 40222056.00, 6248.40, 4827.54, 5.07%
- Epoch 031, ExpID 18948
Train - Loss: 22587201.39
Val - Loss, MSE, RMSE, MAE, MAPE: 41071648.00, 41071646.00, 6393.60, 4878.84, 5.30%
Test - Best epoch, Loss, MSE, RMSE, MAE, MAPE: 28, 40222056.00, 40222056.00, 6248.40, 4827.54, 5.07%
- Epoch 032, ExpID 18948
Train - Loss: 22347352.78
Val - Loss, MSE, RMSE, MAE, MAPE: 40598892.00, 40598892.00, 6357.84, 4837.54, 5.26%
Test - Best epoch, Loss, MSE, RMSE, MAE, MAPE: 28, 40222056.00, 40222056.00, 6248.40, 4827.54, 5.07%
- Epoch 033, ExpID 18948
Train - Loss: 22351692.00
Val - Loss, MSE, RMSE, MAE, MAPE: 40676916.00, 40676916.00, 6362.57, 4859.66, 5.27%
Test - Best epoch, Loss, MSE, RMSE, MAE, MAPE: 28, 40222056.00, 40222056.00, 6248.40, 4827.54, 5.07%
- Epoch 034, ExpID 18948
Train - Loss: 22157386.00
Val - Loss, MSE, RMSE, MAE, MAPE: 41021688.00, 41021686.00, 6389.26, 4879.90, 5.30%
Test - Best epoch, Loss, MSE, RMSE, MAE, MAPE: 28, 40222056.00, 40222056.00, 6248.40, 4827.54, 5.07%
- Epoch 035, ExpID 18948
Train - Loss: 22280319.22
Val - Loss, MSE, RMSE, MAE, MAPE: 40321532.00, 40321532.00, 6336.51, 4821.24, 5.25%
Test - Best epoch, Loss, MSE, RMSE, MAE, MAPE: 35, 39184608.00, 39184607.00, 6151.09, 4767.33, 5.01%
- Epoch 036, ExpID 18948
Train - Loss: 22116812.09
Val - Loss, MSE, RMSE, MAE, MAPE: 40937120.00, 40937122.00, 6383.60, 4863.63, 5.29%
Test - Best epoch, Loss, MSE, RMSE, MAE, MAPE: 35, 39184608.00, 39184607.00, 6151.09, 4767.33, 5.01%
- Epoch 037, ExpID 18948
Train - Loss: 22082288.35
Val - Loss, MSE, RMSE, MAE, MAPE: 41086720.00, 41086722.00, 6392.14, 4882.38, 5.30%
Test - Best epoch, Loss, MSE, RMSE, MAE, MAPE: 35, 39184608.00, 39184607.00, 6151.09, 4767.33, 5.01%
- Epoch 038, ExpID 18948
Train - Loss: 21830082.35
Val - Loss, MSE, RMSE, MAE, MAPE: 40587460.00, 40587460.00, 6356.36, 4837.41, 5.26%
Test - Best epoch, Loss, MSE, RMSE, MAE, MAPE: 35, 39184608.00, 39184607.00, 6151.09, 4767.33, 5.01%
- Epoch 039, ExpID 18948
Train - Loss: 21734564.00
Val - Loss, MSE, RMSE, MAE, MAPE: 40689192.00, 40689194.00, 6363.69, 4841.73, 5.27%
Test - Best epoch, Loss, MSE, RMSE, MAE, MAPE: 35, 39184608.00, 39184607.00, 6151.09, 4767.33, 5.01%
- Epoch 040, ExpID 18948
Train - Loss: 21640034.52
Val - Loss, MSE, RMSE, MAE, MAPE: 40755960.00, 40755960.00, 6366.73, 4856.10, 5.27%
Test - Best epoch, Loss, MSE, RMSE, MAE, MAPE: 35, 39184608.00, 39184607.00, 6151.09, 4767.33, 5.01%
- Epoch 041, ExpID 18948
Train - Loss: 21402609.04
Val - Loss, MSE, RMSE, MAE, MAPE: 40860504.00, 40860502.00, 6375.01, 4862.80, 5.28%
Test - Best epoch, Loss, MSE, RMSE, MAE, MAPE: 35, 39184608.00, 39184607.00, 6151.09, 4767.33, 5.01%
- Epoch 042, ExpID 18948
Train - Loss: 21472267.91
Val - Loss, MSE, RMSE, MAE, MAPE: 40720088.00, 40720088.00, 6363.98, 4851.24, 5.27%
Test - Best epoch, Loss, MSE, RMSE, MAE, MAPE: 35, 39184608.00, 39184607.00, 6151.09, 4767.33, 5.01%
- Epoch 043, ExpID 18948
Train - Loss: 21123989.13
Val - Loss, MSE, RMSE, MAE, MAPE: 40328072.00, 40328074.00, 6333.21, 4832.51, 5.25%
Test - Best epoch, Loss, MSE, RMSE, MAE, MAPE: 35, 39184608.00, 39184607.00, 6151.09, 4767.33, 5.01%
- Epoch 044, ExpID 18948
Train - Loss: 21110132.09
Val - Loss, MSE, RMSE, MAE, MAPE: 40400096.00, 40400094.00, 6338.10, 4824.94, 5.24%
Test - Best epoch, Loss, MSE, RMSE, MAE, MAPE: 35, 39184608.00, 39184607.00, 6151.09, 4767.33, 5.01%
- Epoch 045, ExpID 18948
Train - Loss: 21268838.52
Val - Loss, MSE, RMSE, MAE, MAPE: 40611968.00, 40611968.00, 6355.30, 4837.21, 5.26%
Test - Best epoch, Loss, MSE, RMSE, MAE, MAPE: 35, 39184608.00, 39184607.00, 6151.09, 4767.33, 5.01%
Early Stopping at Epoch 45
Fold 2019 Best RMSE: 6151.0879
