DETAILED LOG | Model: patchtst | Seed: 1
FULL CONFIG: {'gpu': '2', 'target': 'departure', 'cv_start_year': 2017, 'cv_end_year': 2019, 'test_year': 2024, 'use_corona': False, 'seq_len': 365, 'label_len': 0, 'pred_len': 14, 'batch_size': 256, 'epochs': 1000, 'patience': 10, 'lr': 1e-05, 'model': 'patchtst', 'd_model': 256, 'n_heads': 16, 'n_layers': 4, 'dropout': 0.1, 'activation': 'gelu', 'patch_len': 14, 'factor': 5, 'norm_mode': 'revin', 'use_covar': False, 'use_dbloss': False, 'device': device(type='cuda'), 'stride': 7, 'file_path': 'dataset/airport_flight_with_holiday.csv', 'seed': 1, 'val_year': 2019, 'ndims': 1}

-------------------- [Fold: 2017] ExpID: 7836 --------------------
- Epoch 000, ExpID 7836
Train - Loss: 39693304.21
Val - Loss, MSE, RMSE, MAE, MAPE: 57864040.00, 57864042.00, 7414.14, 5964.94, 7.45%
Test - Best epoch, Loss, MSE, RMSE, MAE, MAPE: 0, 89123776.00, 89123774.00, 9351.96, 7145.66, 8.56%
- Epoch 001, ExpID 7836
Train - Loss: 33184262.63
Val - Loss, MSE, RMSE, MAE, MAPE: 48257008.00, 48257006.00, 6745.63, 5376.55, 6.71%
Test - Best epoch, Loss, MSE, RMSE, MAE, MAPE: 1, 78696128.00, 78696132.00, 8716.46, 6572.41, 7.86%
- Epoch 002, ExpID 7836
Train - Loss: 30140262.53
Val - Loss, MSE, RMSE, MAE, MAPE: 43803664.00, 43803662.00, 6426.59, 5098.65, 6.36%
Test - Best epoch, Loss, MSE, RMSE, MAE, MAPE: 2, 74337136.00, 74337140.00, 8407.26, 6295.91, 7.51%
- Epoch 003, ExpID 7836
Train - Loss: 28141055.58
Val - Loss, MSE, RMSE, MAE, MAPE: 41893212.00, 41893211.00, 6287.99, 4970.85, 6.19%
Test - Best epoch, Loss, MSE, RMSE, MAE, MAPE: 3, 72823672.00, 72823670.00, 8278.16, 6184.16, 7.36%
- Epoch 004, ExpID 7836
Train - Loss: 27058842.63
Val - Loss, MSE, RMSE, MAE, MAPE: 40169184.00, 40169182.00, 6159.00, 4857.38, 6.06%
Test - Best epoch, Loss, MSE, RMSE, MAE, MAPE: 4, 71945552.00, 71945556.00, 8200.55, 6109.81, 7.27%
- Epoch 005, ExpID 7836
Train - Loss: 26180482.00
Val - Loss, MSE, RMSE, MAE, MAPE: 38776792.00, 38776793.00, 6047.76, 4765.23, 5.95%
Test - Best epoch, Loss, MSE, RMSE, MAE, MAPE: 5, 71198040.00, 71198042.00, 8138.68, 6047.87, 7.20%
- Epoch 006, ExpID 7836
Train - Loss: 25588295.37
Val - Loss, MSE, RMSE, MAE, MAPE: 38044016.00, 38044015.00, 5987.69, 4719.43, 5.89%
Test - Best epoch, Loss, MSE, RMSE, MAE, MAPE: 6, 70812752.00, 70812748.00, 8101.92, 6009.91, 7.15%
- Epoch 007, ExpID 7836
Train - Loss: 24661619.05
Val - Loss, MSE, RMSE, MAE, MAPE: 37201960.00, 37201959.00, 5919.00, 4667.97, 5.83%
Test - Best epoch, Loss, MSE, RMSE, MAE, MAPE: 7, 70457752.00, 70457749.00, 8072.04, 5981.92, 7.12%
- Epoch 008, ExpID 7836
Train - Loss: 24211156.95
Val - Loss, MSE, RMSE, MAE, MAPE: 36978112.00, 36978112.00, 5896.92, 4657.61, 5.81%
Test - Best epoch, Loss, MSE, RMSE, MAE, MAPE: 8, 70192776.00, 70192775.00, 8050.37, 5977.16, 7.12%
- Epoch 009, ExpID 7836
Train - Loss: 23859265.79
Val - Loss, MSE, RMSE, MAE, MAPE: 36318452.00, 36318452.00, 5839.53, 4613.13, 5.76%
Test - Best epoch, Loss, MSE, RMSE, MAE, MAPE: 9, 69728656.00, 69728657.00, 8017.19, 5943.81, 7.08%
- Epoch 010, ExpID 7836
Train - Loss: 23378619.79
Val - Loss, MSE, RMSE, MAE, MAPE: 36332772.00, 36332773.00, 5839.03, 4620.30, 5.76%
Test - Best epoch, Loss, MSE, RMSE, MAE, MAPE: 9, 69728656.00, 69728657.00, 8017.19, 5943.81, 7.08%
- Epoch 011, ExpID 7836
Train - Loss: 22973849.58
Val - Loss, MSE, RMSE, MAE, MAPE: 36012312.00, 36012313.00, 5808.23, 4602.72, 5.74%
Test - Best epoch, Loss, MSE, RMSE, MAE, MAPE: 11, 69307216.00, 69307216.00, 7984.18, 5931.02, 7.07%
- Epoch 012, ExpID 7836
Train - Loss: 22697214.42
Val - Loss, MSE, RMSE, MAE, MAPE: 35787648.00, 35787650.00, 5788.52, 4591.79, 5.72%
Test - Best epoch, Loss, MSE, RMSE, MAE, MAPE: 12, 69382488.00, 69382490.00, 7984.65, 5945.49, 7.09%
- Epoch 013, ExpID 7836
Train - Loss: 22326802.32
Val - Loss, MSE, RMSE, MAE, MAPE: 35479572.00, 35479573.00, 5756.01, 4569.18, 5.70%
Test - Best epoch, Loss, MSE, RMSE, MAE, MAPE: 13, 68907344.00, 68907348.00, 7956.42, 5914.75, 7.06%
- Epoch 014, ExpID 7836
Train - Loss: 21975270.42
Val - Loss, MSE, RMSE, MAE, MAPE: 35544696.00, 35544694.00, 5761.53, 4580.73, 5.71%
Test - Best epoch, Loss, MSE, RMSE, MAE, MAPE: 13, 68907344.00, 68907348.00, 7956.42, 5914.75, 7.06%
- Epoch 015, ExpID 7836
Train - Loss: 21863671.26
Val - Loss, MSE, RMSE, MAE, MAPE: 35398216.00, 35398214.00, 5741.78, 4567.62, 5.69%
Test - Best epoch, Loss, MSE, RMSE, MAE, MAPE: 15, 68723344.00, 68723340.00, 7941.41, 5916.25, 7.06%
- Epoch 016, ExpID 7836
Train - Loss: 21689756.42
Val - Loss, MSE, RMSE, MAE, MAPE: 35501904.00, 35501904.00, 5744.20, 4574.07, 5.70%
Test - Best epoch, Loss, MSE, RMSE, MAE, MAPE: 15, 68723344.00, 68723340.00, 7941.41, 5916.25, 7.06%
- Epoch 017, ExpID 7836
Train - Loss: 21143741.79
Val - Loss, MSE, RMSE, MAE, MAPE: 35836120.00, 35836121.00, 5767.25, 4598.03, 5.73%
Test - Best epoch, Loss, MSE, RMSE, MAE, MAPE: 15, 68723344.00, 68723340.00, 7941.41, 5916.25, 7.06%
- Epoch 018, ExpID 7836
Train - Loss: 20996688.84
Val - Loss, MSE, RMSE, MAE, MAPE: 35069608.00, 35069610.00, 5700.62, 4539.16, 5.66%
Test - Best epoch, Loss, MSE, RMSE, MAE, MAPE: 18, 68178472.00, 68178470.00, 7909.35, 5888.48, 7.04%
- Epoch 019, ExpID 7836
Train - Loss: 20909280.11
Val - Loss, MSE, RMSE, MAE, MAPE: 36011272.00, 36011272.00, 5769.05, 4606.74, 5.74%
Test - Best epoch, Loss, MSE, RMSE, MAE, MAPE: 18, 68178472.00, 68178470.00, 7909.35, 5888.48, 7.04%
- Epoch 020, ExpID 7836
Train - Loss: 20627112.74
Val - Loss, MSE, RMSE, MAE, MAPE: 35517736.00, 35517735.00, 5725.95, 4571.07, 5.70%
Test - Best epoch, Loss, MSE, RMSE, MAE, MAPE: 18, 68178472.00, 68178470.00, 7909.35, 5888.48, 7.04%
- Epoch 021, ExpID 7836
Train - Loss: 20499462.74
Val - Loss, MSE, RMSE, MAE, MAPE: 35554872.00, 35554870.00, 5732.72, 4580.46, 5.71%
Test - Best epoch, Loss, MSE, RMSE, MAE, MAPE: 18, 68178472.00, 68178470.00, 7909.35, 5888.48, 7.04%
- Epoch 022, ExpID 7836
Train - Loss: 20340216.32
Val - Loss, MSE, RMSE, MAE, MAPE: 35737488.00, 35737488.00, 5738.41, 4588.02, 5.72%
Test - Best epoch, Loss, MSE, RMSE, MAE, MAPE: 18, 68178472.00, 68178470.00, 7909.35, 5888.48, 7.04%
- Epoch 023, ExpID 7836
Train - Loss: 20207609.16
Val - Loss, MSE, RMSE, MAE, MAPE: 35623772.00, 35623773.50, 5726.42, 4586.37, 5.72%
Test - Best epoch, Loss, MSE, RMSE, MAE, MAPE: 18, 68178472.00, 68178470.00, 7909.35, 5888.48, 7.04%
- Epoch 024, ExpID 7836
Train - Loss: 19994737.26
Val - Loss, MSE, RMSE, MAE, MAPE: 36119728.00, 36119726.50, 5757.49, 4611.05, 5.75%
Test - Best epoch, Loss, MSE, RMSE, MAE, MAPE: 18, 68178472.00, 68178470.00, 7909.35, 5888.48, 7.04%
- Epoch 025, ExpID 7836
Train - Loss: 19734749.16
Val - Loss, MSE, RMSE, MAE, MAPE: 36170788.00, 36170786.50, 5758.16, 4611.39, 5.75%
Test - Best epoch, Loss, MSE, RMSE, MAE, MAPE: 18, 68178472.00, 68178470.00, 7909.35, 5888.48, 7.04%
- Epoch 026, ExpID 7836
Train - Loss: 19798200.53
Val - Loss, MSE, RMSE, MAE, MAPE: 36052524.00, 36052522.50, 5746.57, 4604.83, 5.74%
Test - Best epoch, Loss, MSE, RMSE, MAE, MAPE: 18, 68178472.00, 68178470.00, 7909.35, 5888.48, 7.04%
- Epoch 027, ExpID 7836
Train - Loss: 19739972.32
Val - Loss, MSE, RMSE, MAE, MAPE: 36396248.00, 36396250.00, 5767.73, 4629.31, 5.77%
Test - Best epoch, Loss, MSE, RMSE, MAE, MAPE: 18, 68178472.00, 68178470.00, 7909.35, 5888.48, 7.04%
- Epoch 028, ExpID 7836
Train - Loss: 19463935.84
Val - Loss, MSE, RMSE, MAE, MAPE: 36294168.00, 36294169.50, 5761.99, 4623.78, 5.77%
Test - Best epoch, Loss, MSE, RMSE, MAE, MAPE: 18, 68178472.00, 68178470.00, 7909.35, 5888.48, 7.04%
Early Stopping at Epoch 28
Fold 2017 Best RMSE: 7909.3511

-------------------- [Fold: 2018] ExpID: 4111 --------------------
- Epoch 000, ExpID 4111
Train - Loss: 46356449.60
Val - Loss, MSE, RMSE, MAE, MAPE: 94142816.00, 94142820.00, 9642.71, 7462.16, 8.99%
Test - Best epoch, Loss, MSE, RMSE, MAE, MAPE: 0, 60605480.00, 60605478.00, 7776.24, 6040.82, 6.55%
- Epoch 001, ExpID 4111
Train - Loss: 37855412.20
Val - Loss, MSE, RMSE, MAE, MAPE: 81652112.00, 81652110.00, 8919.80, 6807.73, 8.20%
Test - Best epoch, Loss, MSE, RMSE, MAE, MAPE: 1, 48993704.00, 48993704.00, 6997.24, 5366.53, 5.83%
- Epoch 002, ExpID 4111
Train - Loss: 33713515.90
Val - Loss, MSE, RMSE, MAE, MAPE: 75521896.00, 75521894.00, 8520.25, 6446.67, 7.74%
Test - Best epoch, Loss, MSE, RMSE, MAE, MAPE: 2, 43949008.00, 43949008.00, 6628.28, 5041.32, 5.47%
- Epoch 003, ExpID 4111
Train - Loss: 31304478.10
Val - Loss, MSE, RMSE, MAE, MAPE: 72933936.00, 72933932.00, 8325.76, 6264.23, 7.50%
Test - Best epoch, Loss, MSE, RMSE, MAE, MAPE: 3, 41824272.00, 41824270.00, 6467.01, 4911.54, 5.32%
- Epoch 004, ExpID 4111
Train - Loss: 29830981.70
Val - Loss, MSE, RMSE, MAE, MAPE: 71714176.00, 71714176.00, 8225.50, 6166.83, 7.38%
Test - Best epoch, Loss, MSE, RMSE, MAE, MAPE: 4, 40658168.00, 40658166.00, 6376.34, 4833.79, 5.24%
- Epoch 005, ExpID 4111
Train - Loss: 28817493.50
Val - Loss, MSE, RMSE, MAE, MAPE: 70934248.00, 70934250.00, 8157.73, 6102.06, 7.31%
Test - Best epoch, Loss, MSE, RMSE, MAE, MAPE: 5, 40016984.00, 40016984.00, 6325.45, 4786.57, 5.19%
- Epoch 006, ExpID 4111
Train - Loss: 27668447.40
Val - Loss, MSE, RMSE, MAE, MAPE: 70539864.00, 70539864.00, 8110.57, 6063.73, 7.25%
Test - Best epoch, Loss, MSE, RMSE, MAE, MAPE: 6, 39639788.00, 39639788.00, 6294.74, 4758.93, 5.15%
- Epoch 007, ExpID 4111
Train - Loss: 27005432.90
Val - Loss, MSE, RMSE, MAE, MAPE: 70044680.00, 70044680.00, 8073.99, 6025.54, 7.22%
Test - Best epoch, Loss, MSE, RMSE, MAE, MAPE: 7, 39157032.00, 39157034.00, 6255.65, 4716.51, 5.12%
- Epoch 008, ExpID 4111
Train - Loss: 26364629.80
Val - Loss, MSE, RMSE, MAE, MAPE: 69811376.00, 69811380.00, 8047.48, 6011.85, 7.20%
Test - Best epoch, Loss, MSE, RMSE, MAE, MAPE: 8, 39019664.00, 39019666.00, 6243.51, 4700.02, 5.10%
- Epoch 009, ExpID 4111
Train - Loss: 25851530.00
Val - Loss, MSE, RMSE, MAE, MAPE: 69554272.00, 69554269.00, 8017.60, 5986.68, 7.16%
Test - Best epoch, Loss, MSE, RMSE, MAE, MAPE: 9, 38745632.00, 38745634.00, 6220.41, 4674.86, 5.07%
- Epoch 010, ExpID 4111
Train - Loss: 25403597.30
Val - Loss, MSE, RMSE, MAE, MAPE: 69083960.00, 69083963.00, 7987.17, 5958.76, 7.14%
Test - Best epoch, Loss, MSE, RMSE, MAE, MAPE: 10, 38535120.00, 38535122.00, 6202.27, 4652.52, 5.06%
- Epoch 011, ExpID 4111
Train - Loss: 25058746.90
Val - Loss, MSE, RMSE, MAE, MAPE: 68986864.00, 68986860.00, 7973.09, 5962.85, 7.14%
Test - Best epoch, Loss, MSE, RMSE, MAE, MAPE: 11, 38516400.00, 38516400.00, 6199.28, 4650.65, 5.05%
- Epoch 012, ExpID 4111
Train - Loss: 24684660.70
Val - Loss, MSE, RMSE, MAE, MAPE: 68985320.00, 68985320.00, 7967.86, 5967.21, 7.15%
Test - Best epoch, Loss, MSE, RMSE, MAE, MAPE: 12, 38500704.00, 38500702.00, 6197.14, 4640.00, 5.05%
- Epoch 013, ExpID 4111
Train - Loss: 24157158.60
Val - Loss, MSE, RMSE, MAE, MAPE: 68591328.00, 68591329.00, 7943.32, 5936.70, 7.13%
Test - Best epoch, Loss, MSE, RMSE, MAE, MAPE: 13, 38376600.00, 38376598.00, 6186.17, 4625.98, 5.04%
- Epoch 014, ExpID 4111
Train - Loss: 23972466.30
Val - Loss, MSE, RMSE, MAE, MAPE: 68479104.00, 68479108.00, 7929.00, 5934.57, 7.12%
Test - Best epoch, Loss, MSE, RMSE, MAE, MAPE: 14, 38242864.00, 38242866.00, 6173.83, 4616.65, 5.03%
- Epoch 015, ExpID 4111
Train - Loss: 23592537.00
Val - Loss, MSE, RMSE, MAE, MAPE: 68283512.00, 68283511.00, 7916.57, 5916.18, 7.11%
Test - Best epoch, Loss, MSE, RMSE, MAE, MAPE: 15, 38199924.00, 38199924.00, 6170.10, 4600.65, 5.02%
- Epoch 016, ExpID 4111
Train - Loss: 23354947.40
Val - Loss, MSE, RMSE, MAE, MAPE: 68273040.00, 68273042.00, 7911.16, 5924.34, 7.12%
Test - Best epoch, Loss, MSE, RMSE, MAE, MAPE: 16, 38209592.00, 38209592.00, 6169.72, 4598.70, 5.01%
- Epoch 017, ExpID 4111
Train - Loss: 23141066.30
Val - Loss, MSE, RMSE, MAE, MAPE: 68123160.00, 68123157.00, 7898.09, 5913.54, 7.10%
Test - Best epoch, Loss, MSE, RMSE, MAE, MAPE: 17, 38235832.00, 38235833.00, 6170.70, 4599.39, 5.02%
- Epoch 018, ExpID 4111
Train - Loss: 22925031.50
Val - Loss, MSE, RMSE, MAE, MAPE: 68002360.00, 68002362.00, 7888.23, 5908.46, 7.10%
Test - Best epoch, Loss, MSE, RMSE, MAE, MAPE: 18, 38160264.00, 38160264.00, 6163.63, 4596.23, 5.01%
- Epoch 019, ExpID 4111
Train - Loss: 22831598.20
Val - Loss, MSE, RMSE, MAE, MAPE: 68035472.00, 68035469.00, 7890.04, 5911.04, 7.10%
Test - Best epoch, Loss, MSE, RMSE, MAE, MAPE: 18, 38160264.00, 38160264.00, 6163.63, 4596.23, 5.01%
- Epoch 020, ExpID 4111
Train - Loss: 22577573.50
Val - Loss, MSE, RMSE, MAE, MAPE: 68023920.00, 68023918.00, 7885.31, 5914.61, 7.11%
Test - Best epoch, Loss, MSE, RMSE, MAE, MAPE: 18, 38160264.00, 38160264.00, 6163.63, 4596.23, 5.01%
- Epoch 021, ExpID 4111
Train - Loss: 22350749.60
Val - Loss, MSE, RMSE, MAE, MAPE: 67836832.00, 67836834.00, 7871.98, 5888.45, 7.08%
Test - Best epoch, Loss, MSE, RMSE, MAE, MAPE: 21, 38096472.00, 38096472.00, 6156.84, 4582.88, 5.01%
- Epoch 022, ExpID 4111
Train - Loss: 22099680.70
Val - Loss, MSE, RMSE, MAE, MAPE: 68018976.00, 68018972.00, 7878.13, 5899.65, 7.09%
Test - Best epoch, Loss, MSE, RMSE, MAE, MAPE: 21, 38096472.00, 38096472.00, 6156.84, 4582.88, 5.01%
- Epoch 023, ExpID 4111
Train - Loss: 21903727.30
Val - Loss, MSE, RMSE, MAE, MAPE: 67852632.00, 67852630.00, 7868.35, 5887.28, 7.08%
Test - Best epoch, Loss, MSE, RMSE, MAE, MAPE: 21, 38096472.00, 38096472.00, 6156.84, 4582.88, 5.01%
- Epoch 024, ExpID 4111
Train - Loss: 21902557.90
Val - Loss, MSE, RMSE, MAE, MAPE: 67834040.00, 67834042.00, 7867.02, 5881.94, 7.07%
Test - Best epoch, Loss, MSE, RMSE, MAE, MAPE: 24, 38100224.00, 38100222.00, 6156.06, 4580.65, 5.01%
- Epoch 025, ExpID 4111
Train - Loss: 21656171.90
Val - Loss, MSE, RMSE, MAE, MAPE: 67505560.00, 67505560.00, 7848.28, 5846.34, 7.04%
Test - Best epoch, Loss, MSE, RMSE, MAE, MAPE: 25, 37984264.00, 37984262.00, 6146.93, 4564.36, 5.00%
- Epoch 026, ExpID 4111
Train - Loss: 21394137.60
Val - Loss, MSE, RMSE, MAE, MAPE: 67997288.00, 67997288.00, 7871.50, 5890.60, 7.08%
Test - Best epoch, Loss, MSE, RMSE, MAE, MAPE: 25, 37984264.00, 37984262.00, 6146.93, 4564.36, 5.00%
- Epoch 027, ExpID 4111
Train - Loss: 21449969.90
Val - Loss, MSE, RMSE, MAE, MAPE: 67618360.00, 67618357.00, 7850.53, 5851.37, 7.04%
Test - Best epoch, Loss, MSE, RMSE, MAE, MAPE: 25, 37984264.00, 37984262.00, 6146.93, 4564.36, 5.00%
- Epoch 028, ExpID 4111
Train - Loss: 21317277.20
Val - Loss, MSE, RMSE, MAE, MAPE: 67807808.00, 67807808.00, 7861.25, 5866.89, 7.07%
Test - Best epoch, Loss, MSE, RMSE, MAE, MAPE: 25, 37984264.00, 37984262.00, 6146.93, 4564.36, 5.00%
- Epoch 029, ExpID 4111
Train - Loss: 21232242.90
Val - Loss, MSE, RMSE, MAE, MAPE: 67880008.00, 67880008.00, 7861.93, 5870.35, 7.06%
Test - Best epoch, Loss, MSE, RMSE, MAE, MAPE: 25, 37984264.00, 37984262.00, 6146.93, 4564.36, 5.00%
- Epoch 030, ExpID 4111
Train - Loss: 21111161.30
Val - Loss, MSE, RMSE, MAE, MAPE: 67629184.00, 67629181.00, 7849.19, 5845.69, 7.04%
Test - Best epoch, Loss, MSE, RMSE, MAE, MAPE: 25, 37984264.00, 37984262.00, 6146.93, 4564.36, 5.00%
- Epoch 031, ExpID 4111
Train - Loss: 20962014.20
Val - Loss, MSE, RMSE, MAE, MAPE: 67653352.00, 67653349.00, 7847.33, 5845.91, 7.04%
Test - Best epoch, Loss, MSE, RMSE, MAE, MAPE: 25, 37984264.00, 37984262.00, 6146.93, 4564.36, 5.00%
- Epoch 032, ExpID 4111
Train - Loss: 20860479.00
Val - Loss, MSE, RMSE, MAE, MAPE: 67778280.00, 67778278.00, 7854.23, 5858.34, 7.06%
Test - Best epoch, Loss, MSE, RMSE, MAE, MAPE: 25, 37984264.00, 37984262.00, 6146.93, 4564.36, 5.00%
- Epoch 033, ExpID 4111
Train - Loss: 20723305.20
Val - Loss, MSE, RMSE, MAE, MAPE: 67661520.00, 67661522.00, 7848.62, 5843.58, 7.04%
Test - Best epoch, Loss, MSE, RMSE, MAE, MAPE: 25, 37984264.00, 37984262.00, 6146.93, 4564.36, 5.00%
- Epoch 034, ExpID 4111
Train - Loss: 20660618.10
Val - Loss, MSE, RMSE, MAE, MAPE: 67430600.00, 67430600.00, 7833.22, 5818.28, 7.01%
Test - Best epoch, Loss, MSE, RMSE, MAE, MAPE: 34, 37745208.00, 37745207.00, 6125.89, 4552.30, 4.98%
- Epoch 035, ExpID 4111
Train - Loss: 20653767.90
Val - Loss, MSE, RMSE, MAE, MAPE: 67323776.00, 67323776.00, 7828.76, 5804.55, 7.00%
Test - Best epoch, Loss, MSE, RMSE, MAE, MAPE: 35, 37809712.00, 37809714.00, 6131.85, 4539.59, 4.98%
- Epoch 036, ExpID 4111
Train - Loss: 20495484.90
Val - Loss, MSE, RMSE, MAE, MAPE: 67574608.00, 67574610.00, 7840.87, 5826.45, 7.02%
Test - Best epoch, Loss, MSE, RMSE, MAE, MAPE: 35, 37809712.00, 37809714.00, 6131.85, 4539.59, 4.98%
- Epoch 037, ExpID 4111
Train - Loss: 20418399.50
Val - Loss, MSE, RMSE, MAE, MAPE: 67596960.00, 67596957.00, 7840.64, 5827.92, 7.02%
Test - Best epoch, Loss, MSE, RMSE, MAE, MAPE: 35, 37809712.00, 37809714.00, 6131.85, 4539.59, 4.98%
- Epoch 038, ExpID 4111
Train - Loss: 20476012.60
Val - Loss, MSE, RMSE, MAE, MAPE: 67705960.00, 67705957.00, 7842.11, 5834.85, 7.02%
Test - Best epoch, Loss, MSE, RMSE, MAE, MAPE: 35, 37809712.00, 37809714.00, 6131.85, 4539.59, 4.98%
- Epoch 039, ExpID 4111
Train - Loss: 20323032.90
Val - Loss, MSE, RMSE, MAE, MAPE: 67432288.00, 67432284.00, 7830.73, 5805.54, 7.00%
Test - Best epoch, Loss, MSE, RMSE, MAE, MAPE: 35, 37809712.00, 37809714.00, 6131.85, 4539.59, 4.98%
- Epoch 040, ExpID 4111
Train - Loss: 20166212.60
Val - Loss, MSE, RMSE, MAE, MAPE: 67566352.00, 67566355.00, 7836.67, 5814.43, 7.01%
Test - Best epoch, Loss, MSE, RMSE, MAE, MAPE: 35, 37809712.00, 37809714.00, 6131.85, 4539.59, 4.98%
- Epoch 041, ExpID 4111
Train - Loss: 20156013.20
Val - Loss, MSE, RMSE, MAE, MAPE: 67559096.00, 67559094.00, 7835.43, 5812.11, 7.01%
Test - Best epoch, Loss, MSE, RMSE, MAE, MAPE: 35, 37809712.00, 37809714.00, 6131.85, 4539.59, 4.98%
- Epoch 042, ExpID 4111
Train - Loss: 19984981.60
Val - Loss, MSE, RMSE, MAE, MAPE: 67768992.00, 67768995.00, 7846.50, 5826.42, 7.02%
Test - Best epoch, Loss, MSE, RMSE, MAE, MAPE: 35, 37809712.00, 37809714.00, 6131.85, 4539.59, 4.98%
- Epoch 043, ExpID 4111
Train - Loss: 19986983.20
Val - Loss, MSE, RMSE, MAE, MAPE: 67589328.00, 67589326.00, 7836.33, 5812.70, 7.01%
Test - Best epoch, Loss, MSE, RMSE, MAE, MAPE: 35, 37809712.00, 37809714.00, 6131.85, 4539.59, 4.98%
- Epoch 044, ExpID 4111
Train - Loss: 20033164.30
Val - Loss, MSE, RMSE, MAE, MAPE: 67380128.00, 67380128.00, 7829.61, 5785.73, 6.99%
Test - Best epoch, Loss, MSE, RMSE, MAE, MAPE: 35, 37809712.00, 37809714.00, 6131.85, 4539.59, 4.98%
- Epoch 045, ExpID 4111
Train - Loss: 19827130.50
Val - Loss, MSE, RMSE, MAE, MAPE: 67577616.00, 67577616.00, 7833.14, 5803.98, 7.00%
Test - Best epoch, Loss, MSE, RMSE, MAE, MAPE: 35, 37809712.00, 37809714.00, 6131.85, 4539.59, 4.98%
Early Stopping at Epoch 45
Fold 2018 Best RMSE: 6131.8525

-------------------- [Fold: 2019] ExpID: 52089 --------------------
- Epoch 000, ExpID 52089
Train - Loss: 48707529.09
Val - Loss, MSE, RMSE, MAE, MAPE: 58223912.00, 58223912.00, 7630.44, 5913.42, 6.40%
Test - Best epoch, Loss, MSE, RMSE, MAE, MAPE: 0, 61691656.00, 61691654.00, 7822.24, 6224.22, 6.60%
- Epoch 001, ExpID 52089
Train - Loss: 39665279.64
Val - Loss, MSE, RMSE, MAE, MAPE: 48010720.00, 48010722.00, 6926.68, 5302.12, 5.75%
Test - Best epoch, Loss, MSE, RMSE, MAE, MAPE: 1, 49871200.00, 49871202.00, 7007.80, 5491.06, 5.83%
- Epoch 002, ExpID 52089
Train - Loss: 35953603.73
Val - Loss, MSE, RMSE, MAE, MAPE: 44220200.00, 44220202.00, 6644.55, 5059.45, 5.48%
Test - Best epoch, Loss, MSE, RMSE, MAE, MAPE: 2, 43168020.00, 43168021.00, 6488.57, 4991.35, 5.29%
- Epoch 003, ExpID 52089
Train - Loss: 33343647.36
Val - Loss, MSE, RMSE, MAE, MAPE: 42717920.00, 42717922.00, 6527.10, 4961.01, 5.37%
Test - Best epoch, Loss, MSE, RMSE, MAE, MAPE: 3, 39516240.00, 39516242.00, 6187.78, 4698.19, 4.98%
- Epoch 004, ExpID 52089
Train - Loss: 31774934.91
Val - Loss, MSE, RMSE, MAE, MAPE: 42183424.00, 42183424.00, 6482.73, 4919.44, 5.32%
Test - Best epoch, Loss, MSE, RMSE, MAE, MAPE: 4, 37154260.00, 37154260.00, 5988.39, 4499.00, 4.76%
- Epoch 005, ExpID 52089
Train - Loss: 30744304.91
Val - Loss, MSE, RMSE, MAE, MAPE: 41696856.00, 41696858.00, 6442.13, 4883.94, 5.29%
Test - Best epoch, Loss, MSE, RMSE, MAE, MAPE: 5, 35605268.00, 35605269.00, 5856.40, 4367.13, 4.62%
- Epoch 006, ExpID 52089
Train - Loss: 29799619.27
Val - Loss, MSE, RMSE, MAE, MAPE: 41518804.00, 41518804.00, 6425.96, 4860.88, 5.26%
Test - Best epoch, Loss, MSE, RMSE, MAE, MAPE: 6, 34235684.00, 34235683.00, 5740.17, 4255.98, 4.50%
- Epoch 007, ExpID 52089
Train - Loss: 28888616.00
Val - Loss, MSE, RMSE, MAE, MAPE: 41484088.00, 41484088.00, 6420.55, 4853.70, 5.25%
Test - Best epoch, Loss, MSE, RMSE, MAE, MAPE: 7, 33368024.00, 33368023.00, 5667.08, 4179.25, 4.41%
- Epoch 008, ExpID 52089
Train - Loss: 28503490.91
Val - Loss, MSE, RMSE, MAE, MAPE: 41216912.00, 41216914.00, 6397.79, 4818.85, 5.22%
Test - Best epoch, Loss, MSE, RMSE, MAE, MAPE: 8, 32555900.00, 32555899.00, 5597.33, 4110.96, 4.34%
- Epoch 009, ExpID 52089
Train - Loss: 27812059.27
Val - Loss, MSE, RMSE, MAE, MAPE: 41234528.00, 41234526.00, 6396.38, 4807.59, 5.21%
Test - Best epoch, Loss, MSE, RMSE, MAE, MAPE: 8, 32555900.00, 32555899.00, 5597.33, 4110.96, 4.34%
- Epoch 010, ExpID 52089
Train - Loss: 27339330.00
Val - Loss, MSE, RMSE, MAE, MAPE: 41237192.00, 41237194.00, 6394.79, 4796.84, 5.20%
Test - Best epoch, Loss, MSE, RMSE, MAE, MAPE: 8, 32555900.00, 32555899.00, 5597.33, 4110.96, 4.34%
- Epoch 011, ExpID 52089
Train - Loss: 27239051.45
Val - Loss, MSE, RMSE, MAE, MAPE: 41141412.00, 41141412.00, 6385.19, 4785.23, 5.19%
Test - Best epoch, Loss, MSE, RMSE, MAE, MAPE: 11, 30885920.00, 30885920.00, 5450.46, 3969.97, 4.19%
- Epoch 012, ExpID 52089
Train - Loss: 26705541.64
Val - Loss, MSE, RMSE, MAE, MAPE: 41139196.00, 41139197.00, 6383.12, 4775.41, 5.18%
Test - Best epoch, Loss, MSE, RMSE, MAE, MAPE: 12, 30368852.00, 30368853.00, 5404.84, 3932.19, 4.15%
- Epoch 013, ExpID 52089
Train - Loss: 26531051.18
Val - Loss, MSE, RMSE, MAE, MAPE: 41050104.00, 41050103.00, 6374.15, 4757.92, 5.17%
Test - Best epoch, Loss, MSE, RMSE, MAE, MAPE: 13, 29988960.00, 29988959.00, 5369.88, 3895.41, 4.11%
- Epoch 014, ExpID 52089
Train - Loss: 26122536.91
Val - Loss, MSE, RMSE, MAE, MAPE: 41052724.00, 41052724.00, 6372.88, 4752.76, 5.16%
Test - Best epoch, Loss, MSE, RMSE, MAE, MAPE: 13, 29988960.00, 29988959.00, 5369.88, 3895.41, 4.11%
- Epoch 015, ExpID 52089
Train - Loss: 25897818.55
Val - Loss, MSE, RMSE, MAE, MAPE: 41075116.00, 41075117.00, 6372.98, 4755.07, 5.17%
Test - Best epoch, Loss, MSE, RMSE, MAE, MAPE: 13, 29988960.00, 29988959.00, 5369.88, 3895.41, 4.11%
- Epoch 016, ExpID 52089
Train - Loss: 25373429.18
Val - Loss, MSE, RMSE, MAE, MAPE: 40940292.00, 40940293.00, 6361.99, 4730.67, 5.15%
Test - Best epoch, Loss, MSE, RMSE, MAE, MAPE: 16, 28959748.00, 28959747.00, 5273.16, 3804.15, 4.02%
- Epoch 017, ExpID 52089
Train - Loss: 25165725.64
Val - Loss, MSE, RMSE, MAE, MAPE: 41153264.00, 41153264.00, 6375.63, 4747.65, 5.16%
Test - Best epoch, Loss, MSE, RMSE, MAE, MAPE: 16, 28959748.00, 28959747.00, 5273.16, 3804.15, 4.02%
- Epoch 018, ExpID 52089
Train - Loss: 25024655.73
Val - Loss, MSE, RMSE, MAE, MAPE: 41029940.00, 41029941.00, 6366.30, 4724.22, 5.15%
Test - Best epoch, Loss, MSE, RMSE, MAE, MAPE: 16, 28959748.00, 28959747.00, 5273.16, 3804.15, 4.02%
- Epoch 019, ExpID 52089
Train - Loss: 24885111.36
Val - Loss, MSE, RMSE, MAE, MAPE: 41042488.00, 41042490.00, 6365.15, 4732.87, 5.15%
Test - Best epoch, Loss, MSE, RMSE, MAE, MAPE: 16, 28959748.00, 28959747.00, 5273.16, 3804.15, 4.02%
- Epoch 020, ExpID 52089
Train - Loss: 24639798.27
Val - Loss, MSE, RMSE, MAE, MAPE: 41007356.00, 41007356.00, 6362.20, 4723.66, 5.14%
Test - Best epoch, Loss, MSE, RMSE, MAE, MAPE: 16, 28959748.00, 28959747.00, 5273.16, 3804.15, 4.02%
- Epoch 021, ExpID 52089
Train - Loss: 24550386.45
Val - Loss, MSE, RMSE, MAE, MAPE: 41038288.00, 41038289.00, 6363.98, 4715.52, 5.14%
Test - Best epoch, Loss, MSE, RMSE, MAE, MAPE: 16, 28959748.00, 28959747.00, 5273.16, 3804.15, 4.02%
- Epoch 022, ExpID 52089
Train - Loss: 24496464.73
Val - Loss, MSE, RMSE, MAE, MAPE: 41066032.00, 41066033.00, 6365.43, 4712.42, 5.14%
Test - Best epoch, Loss, MSE, RMSE, MAE, MAPE: 16, 28959748.00, 28959747.00, 5273.16, 3804.15, 4.02%
- Epoch 023, ExpID 52089
Train - Loss: 24385423.55
Val - Loss, MSE, RMSE, MAE, MAPE: 41094516.00, 41094517.00, 6366.65, 4725.47, 5.15%
Test - Best epoch, Loss, MSE, RMSE, MAE, MAPE: 16, 28959748.00, 28959747.00, 5273.16, 3804.15, 4.02%
- Epoch 024, ExpID 52089
Train - Loss: 24320804.73
Val - Loss, MSE, RMSE, MAE, MAPE: 40780040.00, 40780041.00, 6342.92, 4684.51, 5.12%
Test - Best epoch, Loss, MSE, RMSE, MAE, MAPE: 24, 27240648.00, 27240647.50, 5112.04, 3654.47, 3.86%
- Epoch 025, ExpID 52089
Train - Loss: 24027576.09
Val - Loss, MSE, RMSE, MAE, MAPE: 41003040.00, 41003039.00, 6358.43, 4707.89, 5.14%
Test - Best epoch, Loss, MSE, RMSE, MAE, MAPE: 24, 27240648.00, 27240647.50, 5112.04, 3654.47, 3.86%
- Epoch 026, ExpID 52089
Train - Loss: 23731539.64
Val - Loss, MSE, RMSE, MAE, MAPE: 40903820.00, 40903821.00, 6350.64, 4694.22, 5.12%
Test - Best epoch, Loss, MSE, RMSE, MAE, MAPE: 24, 27240648.00, 27240647.50, 5112.04, 3654.47, 3.86%
- Epoch 027, ExpID 52089
Train - Loss: 23483972.09
Val - Loss, MSE, RMSE, MAE, MAPE: 40845852.00, 40845852.00, 6346.65, 4684.88, 5.11%
Test - Best epoch, Loss, MSE, RMSE, MAE, MAPE: 24, 27240648.00, 27240647.50, 5112.04, 3654.47, 3.86%
- Epoch 028, ExpID 52089
Train - Loss: 23479670.64
Val - Loss, MSE, RMSE, MAE, MAPE: 40891816.00, 40891815.00, 6349.30, 4691.41, 5.12%
Test - Best epoch, Loss, MSE, RMSE, MAE, MAPE: 24, 27240648.00, 27240647.50, 5112.04, 3654.47, 3.86%
- Epoch 029, ExpID 52089
Train - Loss: 23489077.00
Val - Loss, MSE, RMSE, MAE, MAPE: 40770136.00, 40770138.00, 6339.03, 4686.83, 5.12%
Test - Best epoch, Loss, MSE, RMSE, MAE, MAPE: 29, 26585954.00, 26585953.50, 5052.97, 3605.64, 3.81%
- Epoch 030, ExpID 52089
Train - Loss: 23371325.82
Val - Loss, MSE, RMSE, MAE, MAPE: 40738744.00, 40738744.00, 6337.36, 4678.94, 5.11%
Test - Best epoch, Loss, MSE, RMSE, MAE, MAPE: 30, 26526646.00, 26526646.00, 5047.07, 3599.77, 3.80%
- Epoch 031, ExpID 52089
Train - Loss: 23165764.00
Val - Loss, MSE, RMSE, MAE, MAPE: 40524920.00, 40524918.00, 6321.58, 4651.92, 5.09%
Test - Best epoch, Loss, MSE, RMSE, MAE, MAPE: 31, 26549294.00, 26549294.00, 5048.41, 3586.28, 3.79%
- Epoch 032, ExpID 52089
Train - Loss: 23048576.82
Val - Loss, MSE, RMSE, MAE, MAPE: 40562584.00, 40562585.00, 6323.84, 4664.11, 5.09%
Test - Best epoch, Loss, MSE, RMSE, MAE, MAPE: 31, 26549294.00, 26549294.00, 5048.41, 3586.28, 3.79%
- Epoch 033, ExpID 52089
Train - Loss: 22945418.45
Val - Loss, MSE, RMSE, MAE, MAPE: 40418576.00, 40418575.00, 6312.92, 4651.67, 5.08%
Test - Best epoch, Loss, MSE, RMSE, MAE, MAPE: 33, 26226092.00, 26226092.00, 5018.32, 3564.76, 3.76%
- Epoch 034, ExpID 52089
Train - Loss: 22960781.91
Val - Loss, MSE, RMSE, MAE, MAPE: 40474712.00, 40474714.00, 6316.57, 4658.72, 5.09%
Test - Best epoch, Loss, MSE, RMSE, MAE, MAPE: 33, 26226092.00, 26226092.00, 5018.32, 3564.76, 3.76%
- Epoch 035, ExpID 52089
Train - Loss: 22678751.55
Val - Loss, MSE, RMSE, MAE, MAPE: 40355148.00, 40355147.00, 6307.89, 4637.55, 5.07%
Test - Best epoch, Loss, MSE, RMSE, MAE, MAPE: 35, 26132586.00, 26132585.50, 5008.54, 3551.72, 3.75%
- Epoch 036, ExpID 52089
Train - Loss: 22731880.91
Val - Loss, MSE, RMSE, MAE, MAPE: 40370716.00, 40370717.00, 6309.66, 4634.83, 5.07%
Test - Best epoch, Loss, MSE, RMSE, MAE, MAPE: 35, 26132586.00, 26132585.50, 5008.54, 3551.72, 3.75%
- Epoch 037, ExpID 52089
Train - Loss: 22506971.09
Val - Loss, MSE, RMSE, MAE, MAPE: 40305192.00, 40305193.00, 6303.53, 4628.94, 5.06%
Test - Best epoch, Loss, MSE, RMSE, MAE, MAPE: 37, 25883598.00, 25883598.50, 4986.53, 3529.83, 3.73%
- Epoch 038, ExpID 52089
Train - Loss: 22421306.64
Val - Loss, MSE, RMSE, MAE, MAPE: 40187736.00, 40187738.00, 6294.65, 4621.23, 5.06%
Test - Best epoch, Loss, MSE, RMSE, MAE, MAPE: 38, 25904180.00, 25904179.00, 4987.82, 3529.02, 3.73%
- Epoch 039, ExpID 52089
Train - Loss: 22282584.73
Val - Loss, MSE, RMSE, MAE, MAPE: 40184180.00, 40184181.00, 6294.82, 4622.72, 5.06%
Test - Best epoch, Loss, MSE, RMSE, MAE, MAPE: 39, 25926648.00, 25926648.00, 4991.02, 3533.54, 3.73%
- Epoch 040, ExpID 52089
Train - Loss: 22460321.82
Val - Loss, MSE, RMSE, MAE, MAPE: 40065456.00, 40065458.00, 6285.04, 4616.91, 5.05%
Test - Best epoch, Loss, MSE, RMSE, MAE, MAPE: 40, 25884538.00, 25884537.50, 4988.88, 3523.35, 3.72%
- Epoch 041, ExpID 52089
Train - Loss: 22162037.73
Val - Loss, MSE, RMSE, MAE, MAPE: 39883924.00, 39883924.00, 6272.00, 4599.07, 5.04%
Test - Best epoch, Loss, MSE, RMSE, MAE, MAPE: 41, 25755736.00, 25755737.00, 4973.14, 3508.91, 3.71%
- Epoch 042, ExpID 52089
Train - Loss: 22244773.64
Val - Loss, MSE, RMSE, MAE, MAPE: 39897792.00, 39897790.00, 6272.52, 4601.33, 5.03%
Test - Best epoch, Loss, MSE, RMSE, MAE, MAPE: 41, 25755736.00, 25755737.00, 4973.14, 3508.91, 3.71%
- Epoch 043, ExpID 52089
Train - Loss: 22018629.55
Val - Loss, MSE, RMSE, MAE, MAPE: 39802880.00, 39802881.00, 6266.09, 4594.48, 5.03%
Test - Best epoch, Loss, MSE, RMSE, MAE, MAPE: 43, 25688068.00, 25688068.00, 4968.91, 3503.59, 3.70%
- Epoch 044, ExpID 52089
Train - Loss: 21877431.45
Val - Loss, MSE, RMSE, MAE, MAPE: 39703112.00, 39703113.00, 6257.78, 4596.61, 5.02%
Test - Best epoch, Loss, MSE, RMSE, MAE, MAPE: 44, 25575900.00, 25575899.00, 4960.33, 3501.61, 3.70%
- Epoch 045, ExpID 52089
Train - Loss: 21824937.91
Val - Loss, MSE, RMSE, MAE, MAPE: 39787312.00, 39787310.00, 6265.03, 4581.87, 5.02%
Test - Best epoch, Loss, MSE, RMSE, MAE, MAPE: 44, 25575900.00, 25575899.00, 4960.33, 3501.61, 3.70%
- Epoch 046, ExpID 52089
Train - Loss: 21855311.18
Val - Loss, MSE, RMSE, MAE, MAPE: 39660928.00, 39660930.00, 6254.49, 4581.86, 5.01%
Test - Best epoch, Loss, MSE, RMSE, MAE, MAPE: 46, 25444194.00, 25444194.00, 4945.95, 3484.04, 3.68%
- Epoch 047, ExpID 52089
Train - Loss: 21777421.91
Val - Loss, MSE, RMSE, MAE, MAPE: 39623104.00, 39623104.00, 6251.33, 4577.37, 5.01%
Test - Best epoch, Loss, MSE, RMSE, MAE, MAPE: 47, 25446252.00, 25446251.50, 4946.73, 3478.73, 3.67%
- Epoch 048, ExpID 52089
Train - Loss: 21719870.82
Val - Loss, MSE, RMSE, MAE, MAPE: 39557088.00, 39557088.00, 6246.76, 4567.19, 5.00%
Test - Best epoch, Loss, MSE, RMSE, MAE, MAPE: 48, 25506012.00, 25506012.00, 4953.23, 3484.41, 3.68%
- Epoch 049, ExpID 52089
Train - Loss: 21576127.82
Val - Loss, MSE, RMSE, MAE, MAPE: 39486224.00, 39486222.00, 6241.92, 4563.48, 4.99%
Test - Best epoch, Loss, MSE, RMSE, MAE, MAPE: 49, 25470616.00, 25470616.00, 4950.00, 3481.12, 3.68%
- Epoch 050, ExpID 52089
Train - Loss: 21415482.55
Val - Loss, MSE, RMSE, MAE, MAPE: 39519004.00, 39519003.00, 6245.92, 4553.63, 4.99%
Test - Best epoch, Loss, MSE, RMSE, MAE, MAPE: 49, 25470616.00, 25470616.00, 4950.00, 3481.12, 3.68%
- Epoch 051, ExpID 52089
Train - Loss: 21619238.18
Val - Loss, MSE, RMSE, MAE, MAPE: 39427492.00, 39427491.00, 6236.92, 4567.07, 4.99%
Test - Best epoch, Loss, MSE, RMSE, MAE, MAPE: 51, 25407832.00, 25407833.00, 4946.42, 3479.42, 3.67%
- Epoch 052, ExpID 52089
Train - Loss: 21544512.00
Val - Loss, MSE, RMSE, MAE, MAPE: 39230256.00, 39230258.00, 6224.09, 4531.87, 4.97%
Test - Best epoch, Loss, MSE, RMSE, MAE, MAPE: 52, 25438668.00, 25438669.00, 4946.20, 3470.21, 3.67%
- Epoch 053, ExpID 52089
Train - Loss: 21439503.36
Val - Loss, MSE, RMSE, MAE, MAPE: 39213972.00, 39213973.00, 6221.06, 4552.76, 4.98%
Test - Best epoch, Loss, MSE, RMSE, MAE, MAPE: 53, 25283596.00, 25283596.00, 4935.44, 3464.55, 3.66%
- Epoch 054, ExpID 52089
Train - Loss: 21285001.73
Val - Loss, MSE, RMSE, MAE, MAPE: 39159176.00, 39159176.00, 6216.96, 4544.60, 4.97%
Test - Best epoch, Loss, MSE, RMSE, MAE, MAPE: 54, 25317110.00, 25317110.00, 4940.11, 3464.36, 3.66%
- Epoch 055, ExpID 52089
Train - Loss: 21273698.45
Val - Loss, MSE, RMSE, MAE, MAPE: 39096448.00, 39096446.00, 6212.48, 4533.86, 4.96%
Test - Best epoch, Loss, MSE, RMSE, MAE, MAPE: 55, 25349068.00, 25349068.00, 4940.97, 3461.43, 3.66%
- Epoch 056, ExpID 52089
Train - Loss: 21028609.82
Val - Loss, MSE, RMSE, MAE, MAPE: 38994944.00, 38994943.00, 6204.64, 4527.43, 4.95%
Test - Best epoch, Loss, MSE, RMSE, MAE, MAPE: 56, 25225438.00, 25225437.50, 4930.66, 3454.36, 3.65%
- Epoch 057, ExpID 52089
Train - Loss: 21082867.64
Val - Loss, MSE, RMSE, MAE, MAPE: 38878536.00, 38878535.00, 6196.19, 4523.73, 4.95%
Test - Best epoch, Loss, MSE, RMSE, MAE, MAPE: 57, 25245382.00, 25245382.50, 4933.16, 3452.57, 3.65%
- Epoch 058, ExpID 52089
Train - Loss: 21210654.36
Val - Loss, MSE, RMSE, MAE, MAPE: 38890372.00, 38890373.00, 6197.48, 4527.21, 4.95%
Test - Best epoch, Loss, MSE, RMSE, MAE, MAPE: 57, 25245382.00, 25245382.50, 4933.16, 3452.57, 3.65%
- Epoch 059, ExpID 52089
Train - Loss: 20969152.91
Val - Loss, MSE, RMSE, MAE, MAPE: 38851196.00, 38851195.00, 6193.32, 4524.58, 4.95%
Test - Best epoch, Loss, MSE, RMSE, MAE, MAPE: 59, 25182676.00, 25182676.00, 4928.47, 3447.61, 3.64%
- Epoch 060, ExpID 52089
Train - Loss: 20905167.55
Val - Loss, MSE, RMSE, MAE, MAPE: 38682864.00, 38682866.00, 6181.16, 4508.54, 4.93%
Test - Best epoch, Loss, MSE, RMSE, MAE, MAPE: 60, 25198344.00, 25198344.50, 4928.94, 3447.02, 3.64%
- Epoch 061, ExpID 52089
Train - Loss: 20838633.09
Val - Loss, MSE, RMSE, MAE, MAPE: 38645000.00, 38645002.00, 6179.83, 4490.57, 4.92%
Test - Best epoch, Loss, MSE, RMSE, MAE, MAPE: 61, 25328884.00, 25328883.00, 4940.13, 3453.06, 3.65%
- Epoch 062, ExpID 52089
Train - Loss: 20797217.55
Val - Loss, MSE, RMSE, MAE, MAPE: 38564028.00, 38564028.00, 6171.84, 4502.15, 4.92%
Test - Best epoch, Loss, MSE, RMSE, MAE, MAPE: 62, 25210108.00, 25210109.00, 4932.62, 3449.46, 3.64%
- Epoch 063, ExpID 52089
Train - Loss: 20664761.55
Val - Loss, MSE, RMSE, MAE, MAPE: 38468088.00, 38468090.00, 6165.86, 4494.37, 4.92%
Test - Best epoch, Loss, MSE, RMSE, MAE, MAPE: 63, 25287424.00, 25287423.50, 4938.75, 3455.21, 3.65%
- Epoch 064, ExpID 52089
Train - Loss: 20530650.27
Val - Loss, MSE, RMSE, MAE, MAPE: 38401068.00, 38401067.00, 6159.74, 4497.61, 4.92%
Test - Best epoch, Loss, MSE, RMSE, MAE, MAPE: 64, 25195694.00, 25195694.00, 4931.46, 3445.73, 3.64%
- Epoch 065, ExpID 52089
Train - Loss: 20600685.27
Val - Loss, MSE, RMSE, MAE, MAPE: 38337816.00, 38337814.00, 6156.31, 4485.31, 4.91%
Test - Best epoch, Loss, MSE, RMSE, MAE, MAPE: 65, 25249442.00, 25249441.50, 4935.19, 3452.36, 3.65%
- Epoch 066, ExpID 52089
Train - Loss: 20744619.36
Val - Loss, MSE, RMSE, MAE, MAPE: 38126612.00, 38126612.00, 6139.11, 4471.92, 4.89%
Test - Best epoch, Loss, MSE, RMSE, MAE, MAPE: 66, 25180718.00, 25180718.00, 4930.17, 3440.31, 3.64%
- Epoch 067, ExpID 52089
Train - Loss: 20573800.18
Val - Loss, MSE, RMSE, MAE, MAPE: 38164544.00, 38164545.00, 6142.54, 4480.96, 4.90%
Test - Best epoch, Loss, MSE, RMSE, MAE, MAPE: 66, 25180718.00, 25180718.00, 4930.17, 3440.31, 3.64%
- Epoch 068, ExpID 52089
Train - Loss: 20418524.18
Val - Loss, MSE, RMSE, MAE, MAPE: 38008684.00, 38008683.00, 6129.97, 4464.42, 4.88%
Test - Best epoch, Loss, MSE, RMSE, MAE, MAPE: 68, 25190148.00, 25190147.50, 4932.83, 3444.60, 3.64%
- Epoch 069, ExpID 52089
Train - Loss: 20580213.00
Val - Loss, MSE, RMSE, MAE, MAPE: 38252120.00, 38252118.00, 6150.48, 4474.35, 4.90%
Test - Best epoch, Loss, MSE, RMSE, MAE, MAPE: 68, 25190148.00, 25190147.50, 4932.83, 3444.60, 3.64%
- Epoch 070, ExpID 52089
Train - Loss: 20228228.27
Val - Loss, MSE, RMSE, MAE, MAPE: 37995028.00, 37995027.00, 6129.87, 4448.50, 4.87%
Test - Best epoch, Loss, MSE, RMSE, MAE, MAPE: 70, 25236412.00, 25236412.50, 4937.61, 3447.46, 3.64%
- Epoch 071, ExpID 52089
Train - Loss: 20212340.55
Val - Loss, MSE, RMSE, MAE, MAPE: 38042312.00, 38042313.00, 6132.64, 4467.00, 4.89%
Test - Best epoch, Loss, MSE, RMSE, MAE, MAPE: 70, 25236412.00, 25236412.50, 4937.61, 3447.46, 3.64%
- Epoch 072, ExpID 52089
Train - Loss: 20382130.91
Val - Loss, MSE, RMSE, MAE, MAPE: 37895592.00, 37895594.00, 6121.27, 4451.72, 4.87%
Test - Best epoch, Loss, MSE, RMSE, MAE, MAPE: 72, 25149424.00, 25149424.00, 4930.70, 3438.54, 3.63%
- Epoch 073, ExpID 52089
Train - Loss: 20111872.82
Val - Loss, MSE, RMSE, MAE, MAPE: 38017688.00, 38017686.00, 6130.50, 4457.85, 4.88%
Test - Best epoch, Loss, MSE, RMSE, MAE, MAPE: 72, 25149424.00, 25149424.00, 4930.70, 3438.54, 3.63%
- Epoch 074, ExpID 52089
Train - Loss: 19869735.73
Val - Loss, MSE, RMSE, MAE, MAPE: 37835276.00, 37835275.00, 6116.87, 4445.63, 4.87%
Test - Best epoch, Loss, MSE, RMSE, MAE, MAPE: 74, 25237310.00, 25237310.00, 4938.91, 3452.83, 3.65%
- Epoch 075, ExpID 52089
Train - Loss: 19937669.09
Val - Loss, MSE, RMSE, MAE, MAPE: 37777824.00, 37777826.00, 6112.59, 4425.73, 4.85%
Test - Best epoch, Loss, MSE, RMSE, MAE, MAPE: 75, 25362614.00, 25362614.00, 4951.50, 3458.19, 3.66%
- Epoch 076, ExpID 52089
Train - Loss: 20141397.18
Val - Loss, MSE, RMSE, MAE, MAPE: 37636708.00, 37636708.00, 6100.91, 4444.34, 4.86%
Test - Best epoch, Loss, MSE, RMSE, MAE, MAPE: 76, 25254962.00, 25254961.50, 4944.55, 3455.63, 3.65%
- Epoch 077, ExpID 52089
Train - Loss: 20074240.73
Val - Loss, MSE, RMSE, MAE, MAPE: 37375372.00, 37375372.00, 6080.46, 4413.48, 4.83%
Test - Best epoch, Loss, MSE, RMSE, MAE, MAPE: 77, 25342006.00, 25342005.50, 4953.33, 3455.83, 3.65%
- Epoch 078, ExpID 52089
Train - Loss: 19761398.91
Val - Loss, MSE, RMSE, MAE, MAPE: 37601804.00, 37601804.00, 6098.74, 4440.91, 4.85%
Test - Best epoch, Loss, MSE, RMSE, MAE, MAPE: 77, 25342006.00, 25342005.50, 4953.33, 3455.83, 3.65%
- Epoch 079, ExpID 52089
Train - Loss: 19850135.00
Val - Loss, MSE, RMSE, MAE, MAPE: 37427808.00, 37427806.00, 6085.15, 4411.75, 4.83%
Test - Best epoch, Loss, MSE, RMSE, MAE, MAPE: 77, 25342006.00, 25342005.50, 4953.33, 3455.83, 3.65%
- Epoch 080, ExpID 52089
Train - Loss: 19851785.00
Val - Loss, MSE, RMSE, MAE, MAPE: 37473876.00, 37473877.00, 6088.32, 4414.87, 4.83%
Test - Best epoch, Loss, MSE, RMSE, MAE, MAPE: 77, 25342006.00, 25342005.50, 4953.33, 3455.83, 3.65%
- Epoch 081, ExpID 52089
Train - Loss: 19773504.64
Val - Loss, MSE, RMSE, MAE, MAPE: 37304984.00, 37304983.00, 6075.06, 4393.23, 4.81%
Test - Best epoch, Loss, MSE, RMSE, MAE, MAPE: 81, 25402702.00, 25402701.50, 4957.95, 3464.72, 3.66%
- Epoch 082, ExpID 52089
Train - Loss: 19829117.55
Val - Loss, MSE, RMSE, MAE, MAPE: 37364460.00, 37364461.00, 6079.61, 4393.04, 4.82%
Test - Best epoch, Loss, MSE, RMSE, MAE, MAPE: 81, 25402702.00, 25402701.50, 4957.95, 3464.72, 3.66%
- Epoch 083, ExpID 52089
Train - Loss: 19432767.82
Val - Loss, MSE, RMSE, MAE, MAPE: 37203672.00, 37203672.00, 6066.23, 4388.81, 4.81%
Test - Best epoch, Loss, MSE, RMSE, MAE, MAPE: 83, 25397048.00, 25397047.00, 4958.81, 3464.74, 3.66%
- Epoch 084, ExpID 52089
Train - Loss: 19583498.73
Val - Loss, MSE, RMSE, MAE, MAPE: 37236560.00, 37236562.00, 6069.54, 4379.38, 4.80%
Test - Best epoch, Loss, MSE, RMSE, MAE, MAPE: 83, 25397048.00, 25397047.00, 4958.81, 3464.74, 3.66%
- Epoch 085, ExpID 52089
Train - Loss: 19425440.36
Val - Loss, MSE, RMSE, MAE, MAPE: 37177056.00, 37177055.00, 6064.35, 4383.76, 4.80%
Test - Best epoch, Loss, MSE, RMSE, MAE, MAPE: 85, 25467620.00, 25467620.00, 4966.61, 3472.57, 3.67%
- Epoch 086, ExpID 52089
Train - Loss: 19143140.00
Val - Loss, MSE, RMSE, MAE, MAPE: 37125256.00, 37125258.00, 6060.81, 4367.12, 4.79%
Test - Best epoch, Loss, MSE, RMSE, MAE, MAPE: 86, 25512400.00, 25512399.00, 4969.06, 3471.66, 3.67%
- Epoch 087, ExpID 52089
Train - Loss: 19224500.23
Val - Loss, MSE, RMSE, MAE, MAPE: 37086560.00, 37086560.00, 6056.77, 4370.38, 4.79%
Test - Best epoch, Loss, MSE, RMSE, MAE, MAPE: 87, 25511178.00, 25511177.50, 4969.20, 3472.52, 3.67%
- Epoch 088, ExpID 52089
Train - Loss: 19448567.27
Val - Loss, MSE, RMSE, MAE, MAPE: 36969264.00, 36969263.00, 6047.83, 4349.86, 4.77%
Test - Best epoch, Loss, MSE, RMSE, MAE, MAPE: 88, 25427608.00, 25427608.50, 4960.57, 3464.50, 3.66%
- Epoch 089, ExpID 52089
Train - Loss: 19272645.91
Val - Loss, MSE, RMSE, MAE, MAPE: 36937744.00, 36937742.00, 6044.64, 4356.65, 4.77%
Test - Best epoch, Loss, MSE, RMSE, MAE, MAPE: 89, 25473820.00, 25473819.00, 4967.63, 3471.61, 3.67%
- Epoch 090, ExpID 52089
Train - Loss: 19224904.82
Val - Loss, MSE, RMSE, MAE, MAPE: 36975856.00, 36975857.00, 6049.22, 4338.48, 4.77%
Test - Best epoch, Loss, MSE, RMSE, MAE, MAPE: 89, 25473820.00, 25473819.00, 4967.63, 3471.61, 3.67%
- Epoch 091, ExpID 52089
Train - Loss: 19156356.91
Val - Loss, MSE, RMSE, MAE, MAPE: 36724720.00, 36724718.00, 6027.68, 4340.88, 4.76%
Test - Best epoch, Loss, MSE, RMSE, MAE, MAPE: 91, 25365644.00, 25365643.00, 4956.86, 3461.49, 3.66%
- Epoch 092, ExpID 52089
Train - Loss: 19127568.73
Val - Loss, MSE, RMSE, MAE, MAPE: 36773540.00, 36773539.00, 6032.14, 4329.26, 4.75%
Test - Best epoch, Loss, MSE, RMSE, MAE, MAPE: 91, 25365644.00, 25365643.00, 4956.86, 3461.49, 3.66%
- Epoch 093, ExpID 52089
Train - Loss: 19078202.91
Val - Loss, MSE, RMSE, MAE, MAPE: 36894740.00, 36894739.00, 6041.52, 4318.74, 4.75%
Test - Best epoch, Loss, MSE, RMSE, MAE, MAPE: 91, 25365644.00, 25365643.00, 4956.86, 3461.49, 3.66%
- Epoch 094, ExpID 52089
Train - Loss: 19128001.32
Val - Loss, MSE, RMSE, MAE, MAPE: 36633296.00, 36633294.00, 6018.57, 4324.24, 4.74%
Test - Best epoch, Loss, MSE, RMSE, MAE, MAPE: 94, 25379512.00, 25379512.00, 4958.33, 3459.07, 3.65%
- Epoch 095, ExpID 52089
Train - Loss: 19033110.09
Val - Loss, MSE, RMSE, MAE, MAPE: 36663576.00, 36663576.00, 6022.48, 4323.03, 4.74%
Test - Best epoch, Loss, MSE, RMSE, MAE, MAPE: 94, 25379512.00, 25379512.00, 4958.33, 3459.07, 3.65%
- Epoch 096, ExpID 52089
Train - Loss: 18824503.82
Val - Loss, MSE, RMSE, MAE, MAPE: 36921420.00, 36921421.00, 6043.97, 4302.91, 4.74%
Test - Best epoch, Loss, MSE, RMSE, MAE, MAPE: 94, 25379512.00, 25379512.00, 4958.33, 3459.07, 3.65%
- Epoch 097, ExpID 52089
Train - Loss: 18957829.18
Val - Loss, MSE, RMSE, MAE, MAPE: 36918272.00, 36918271.00, 6044.26, 4302.38, 4.74%
Test - Best epoch, Loss, MSE, RMSE, MAE, MAPE: 94, 25379512.00, 25379512.00, 4958.33, 3459.07, 3.65%
- Epoch 098, ExpID 52089
Train - Loss: 18980471.41
Val - Loss, MSE, RMSE, MAE, MAPE: 36675776.00, 36675775.00, 6022.77, 4297.54, 4.72%
Test - Best epoch, Loss, MSE, RMSE, MAE, MAPE: 94, 25379512.00, 25379512.00, 4958.33, 3459.07, 3.65%
- Epoch 099, ExpID 52089
Train - Loss: 19075350.68
Val - Loss, MSE, RMSE, MAE, MAPE: 36705012.00, 36705011.00, 6024.39, 4302.54, 4.73%
Test - Best epoch, Loss, MSE, RMSE, MAE, MAPE: 94, 25379512.00, 25379512.00, 4958.33, 3459.07, 3.65%
- Epoch 100, ExpID 52089
Train - Loss: 18749819.82
Val - Loss, MSE, RMSE, MAE, MAPE: 36743984.00, 36743986.00, 6027.95, 4296.27, 4.73%
Test - Best epoch, Loss, MSE, RMSE, MAE, MAPE: 94, 25379512.00, 25379512.00, 4958.33, 3459.07, 3.65%
- Epoch 101, ExpID 52089
Train - Loss: 18796272.36
Val - Loss, MSE, RMSE, MAE, MAPE: 36867660.00, 36867660.00, 6038.35, 4293.04, 4.73%
Test - Best epoch, Loss, MSE, RMSE, MAE, MAPE: 94, 25379512.00, 25379512.00, 4958.33, 3459.07, 3.65%
- Epoch 102, ExpID 52089
Train - Loss: 18432525.95
Val - Loss, MSE, RMSE, MAE, MAPE: 36901544.00, 36901546.00, 6040.61, 4295.12, 4.73%
Test - Best epoch, Loss, MSE, RMSE, MAE, MAPE: 94, 25379512.00, 25379512.00, 4958.33, 3459.07, 3.65%
- Epoch 103, ExpID 52089
Train - Loss: 18680585.77
Val - Loss, MSE, RMSE, MAE, MAPE: 36854736.00, 36854738.00, 6037.15, 4290.90, 4.73%
Test - Best epoch, Loss, MSE, RMSE, MAE, MAPE: 94, 25379512.00, 25379512.00, 4958.33, 3459.07, 3.65%
- Epoch 104, ExpID 52089
Train - Loss: 18624789.95
Val - Loss, MSE, RMSE, MAE, MAPE: 37039180.00, 37039179.00, 6052.94, 4282.79, 4.73%
Test - Best epoch, Loss, MSE, RMSE, MAE, MAPE: 94, 25379512.00, 25379512.00, 4958.33, 3459.07, 3.65%
Early Stopping at Epoch 104
Fold 2019 Best RMSE: 4958.3325
