DETAILED LOG | Model: timexer | Seed: 1
FULL CONFIG: {'gpu': '6', 'target': 'both', 'cv_start_year': 2017, 'cv_end_year': 2019, 'test_year': 2024, 'use_corona': False, 'seq_len': 91, 'label_len': 0, 'pred_len': 14, 'batch_size': 256, 'epochs': 1000, 'patience': 10, 'lr': 0.0001, 'model': 'timexer', 'd_model': 128, 'n_heads': 4, 'n_layers': 4, 'dropout': 0.1, 'activation': 'gelu', 'patch_len': 14, 'factor': 5, 'norm_mode': 'revin', 'use_covar': True, 'use_dbloss': False, 'device': device(type='cuda'), 'stride': 16, 'file_path': 'dataset/airport_flight_with_holiday.csv', 'seed': 1, 'val_year': 2019, 'ndims': 2}

-------------------- [Fold: 2017] ExpID: 82586 --------------------
- Epoch 000, ExpID 82586
Train - Loss: 36326895.90
Val - Loss, MSE, RMSE, MAE, MAPE: 48568200.00, 48568202.00, 6913.39, 5526.32, 7.10%
Test - Best epoch, Loss, MSE, RMSE, MAE, MAPE: 0, 86959776.00, 86959776.00, 9278.89, 7184.24, 8.56%
- Epoch 001, ExpID 82586
Train - Loss: 28898082.20
Val - Loss, MSE, RMSE, MAE, MAPE: 41151708.00, 41151707.00, 6361.81, 4997.84, 6.39%
Test - Best epoch, Loss, MSE, RMSE, MAE, MAPE: 1, 82184112.00, 82184114.00, 8965.78, 6805.65, 8.07%
- Epoch 002, ExpID 82586
Train - Loss: 25948305.90
Val - Loss, MSE, RMSE, MAE, MAPE: 37606792.00, 37606790.00, 6088.84, 4704.93, 5.97%
Test - Best epoch, Loss, MSE, RMSE, MAE, MAPE: 2, 82271800.00, 82271798.00, 8899.88, 6742.39, 7.94%
- Epoch 003, ExpID 82586
Train - Loss: 24235243.50
Val - Loss, MSE, RMSE, MAE, MAPE: 34675916.00, 34675915.00, 5855.09, 4480.40, 5.70%
Test - Best epoch, Loss, MSE, RMSE, MAE, MAPE: 3, 82842672.00, 82842674.00, 8859.79, 6769.58, 8.00%
- Epoch 004, ExpID 82586
Train - Loss: 23079154.90
Val - Loss, MSE, RMSE, MAE, MAPE: 33030320.00, 33030320.00, 5721.46, 4361.47, 5.57%
Test - Best epoch, Loss, MSE, RMSE, MAE, MAPE: 4, 83364024.00, 83364026.00, 8837.61, 6773.63, 8.05%
- Epoch 005, ExpID 82586
Train - Loss: 22424836.70
Val - Loss, MSE, RMSE, MAE, MAPE: 32302526.00, 32302526.00, 5656.18, 4269.72, 5.41%
Test - Best epoch, Loss, MSE, RMSE, MAE, MAPE: 5, 84322080.00, 84322082.00, 8865.60, 6799.28, 8.03%
- Epoch 006, ExpID 82586
Train - Loss: 22073986.90
Val - Loss, MSE, RMSE, MAE, MAPE: 31716748.00, 31716747.00, 5603.99, 4238.41, 5.38%
Test - Best epoch, Loss, MSE, RMSE, MAE, MAPE: 6, 83454752.00, 83454748.00, 8818.78, 6735.60, 7.97%
- Epoch 007, ExpID 82586
Train - Loss: 21652109.70
Val - Loss, MSE, RMSE, MAE, MAPE: 31805304.00, 31805305.00, 5610.01, 4227.48, 5.33%
Test - Best epoch, Loss, MSE, RMSE, MAE, MAPE: 6, 83454752.00, 83454748.00, 8818.78, 6735.60, 7.97%
- Epoch 008, ExpID 82586
Train - Loss: 21219202.70
Val - Loss, MSE, RMSE, MAE, MAPE: 30738072.00, 30738072.00, 5514.53, 4151.83, 5.26%
Test - Best epoch, Loss, MSE, RMSE, MAE, MAPE: 8, 83353192.00, 83353192.00, 8795.60, 6702.36, 7.92%
- Epoch 009, ExpID 82586
Train - Loss: 21279081.80
Val - Loss, MSE, RMSE, MAE, MAPE: 29730934.00, 29730934.00, 5430.82, 4098.78, 5.23%
Test - Best epoch, Loss, MSE, RMSE, MAE, MAPE: 9, 82427600.00, 82427596.00, 8714.63, 6608.62, 7.86%
- Epoch 010, ExpID 82586
Train - Loss: 20930696.80
Val - Loss, MSE, RMSE, MAE, MAPE: 29697954.00, 29697954.00, 5421.97, 4077.67, 5.18%
Test - Best epoch, Loss, MSE, RMSE, MAE, MAPE: 10, 81813976.00, 81813976.00, 8697.44, 6587.15, 7.80%
- Epoch 011, ExpID 82586
Train - Loss: 20714619.20
Val - Loss, MSE, RMSE, MAE, MAPE: 29280888.00, 29280887.00, 5385.83, 4052.96, 5.15%
Test - Best epoch, Loss, MSE, RMSE, MAE, MAPE: 11, 81437864.00, 81437864.00, 8670.52, 6553.86, 7.76%
- Epoch 012, ExpID 82586
Train - Loss: 20438354.70
Val - Loss, MSE, RMSE, MAE, MAPE: 28574820.00, 28574821.00, 5322.78, 4003.23, 5.11%
Test - Best epoch, Loss, MSE, RMSE, MAE, MAPE: 12, 80968768.00, 80968768.00, 8624.92, 6500.20, 7.73%
- Epoch 013, ExpID 82586
Train - Loss: 20441917.00
Val - Loss, MSE, RMSE, MAE, MAPE: 28830068.00, 28830067.00, 5343.74, 4018.24, 5.09%
Test - Best epoch, Loss, MSE, RMSE, MAE, MAPE: 12, 80968768.00, 80968768.00, 8624.92, 6500.20, 7.73%
- Epoch 014, ExpID 82586
Train - Loss: 20194401.50
Val - Loss, MSE, RMSE, MAE, MAPE: 28646288.00, 28646287.00, 5324.74, 3985.98, 5.04%
Test - Best epoch, Loss, MSE, RMSE, MAE, MAPE: 12, 80968768.00, 80968768.00, 8624.92, 6500.20, 7.73%
- Epoch 015, ExpID 82586
Train - Loss: 20172251.60
Val - Loss, MSE, RMSE, MAE, MAPE: 28055016.00, 28055016.00, 5272.52, 3958.43, 5.03%
Test - Best epoch, Loss, MSE, RMSE, MAE, MAPE: 15, 79774208.00, 79774212.00, 8566.54, 6436.22, 7.62%
- Epoch 016, ExpID 82586
Train - Loss: 19970642.15
Val - Loss, MSE, RMSE, MAE, MAPE: 27854856.00, 27854856.00, 5254.87, 3952.25, 5.03%
Test - Best epoch, Loss, MSE, RMSE, MAE, MAPE: 16, 79095496.00, 79095498.00, 8531.66, 6410.40, 7.59%
- Epoch 017, ExpID 82586
Train - Loss: 19793656.70
Val - Loss, MSE, RMSE, MAE, MAPE: 27450204.00, 27450205.00, 5215.77, 3897.40, 4.95%
Test - Best epoch, Loss, MSE, RMSE, MAE, MAPE: 17, 78718560.00, 78718558.00, 8506.82, 6380.39, 7.54%
- Epoch 018, ExpID 82586
Train - Loss: 19679479.50
Val - Loss, MSE, RMSE, MAE, MAPE: 27833288.00, 27833287.00, 5251.94, 3938.14, 4.98%
Test - Best epoch, Loss, MSE, RMSE, MAE, MAPE: 17, 78718560.00, 78718558.00, 8506.82, 6380.39, 7.54%
- Epoch 019, ExpID 82586
Train - Loss: 19541559.50
Val - Loss, MSE, RMSE, MAE, MAPE: 27221634.00, 27221634.00, 5197.36, 3907.26, 4.98%
Test - Best epoch, Loss, MSE, RMSE, MAE, MAPE: 19, 76937440.00, 76937442.00, 8419.33, 6286.63, 7.44%
- Epoch 020, ExpID 82586
Train - Loss: 19394989.60
Val - Loss, MSE, RMSE, MAE, MAPE: 27155792.00, 27155793.00, 5191.14, 3878.40, 4.93%
Test - Best epoch, Loss, MSE, RMSE, MAE, MAPE: 20, 78451816.00, 78451814.00, 8489.05, 6335.69, 7.48%
- Epoch 021, ExpID 82586
Train - Loss: 19312634.70
Val - Loss, MSE, RMSE, MAE, MAPE: 26782480.00, 26782480.00, 5155.31, 3853.94, 4.89%
Test - Best epoch, Loss, MSE, RMSE, MAE, MAPE: 21, 77452520.00, 77452520.00, 8432.97, 6298.93, 7.42%
- Epoch 022, ExpID 82586
Train - Loss: 19062271.80
Val - Loss, MSE, RMSE, MAE, MAPE: 26658226.00, 26658226.00, 5143.93, 3841.19, 4.87%
Test - Best epoch, Loss, MSE, RMSE, MAE, MAPE: 22, 77711936.00, 77711940.00, 8440.18, 6304.32, 7.42%
- Epoch 023, ExpID 82586
Train - Loss: 18940539.40
Val - Loss, MSE, RMSE, MAE, MAPE: 27103176.00, 27103177.00, 5191.33, 3881.50, 4.89%
Test - Best epoch, Loss, MSE, RMSE, MAE, MAPE: 22, 77711936.00, 77711940.00, 8440.18, 6304.32, 7.42%
- Epoch 024, ExpID 82586
Train - Loss: 18814719.45
Val - Loss, MSE, RMSE, MAE, MAPE: 26425772.00, 26425771.00, 5124.68, 3819.76, 4.83%
Test - Best epoch, Loss, MSE, RMSE, MAE, MAPE: 24, 78463072.00, 78463070.00, 8461.12, 6334.37, 7.43%
- Epoch 025, ExpID 82586
Train - Loss: 18682800.40
Val - Loss, MSE, RMSE, MAE, MAPE: 25843184.00, 25843185.00, 5068.34, 3785.08, 4.82%
Test - Best epoch, Loss, MSE, RMSE, MAE, MAPE: 25, 76393328.00, 76393329.00, 8351.09, 6209.73, 7.33%
- Epoch 026, ExpID 82586
Train - Loss: 18503231.80
Val - Loss, MSE, RMSE, MAE, MAPE: 26199068.00, 26199069.00, 5101.72, 3798.24, 4.82%
Test - Best epoch, Loss, MSE, RMSE, MAE, MAPE: 25, 76393328.00, 76393329.00, 8351.09, 6209.73, 7.33%
- Epoch 027, ExpID 82586
Train - Loss: 18436018.10
Val - Loss, MSE, RMSE, MAE, MAPE: 25795160.00, 25795159.00, 5064.28, 3779.89, 4.80%
Test - Best epoch, Loss, MSE, RMSE, MAE, MAPE: 27, 76322216.00, 76322216.00, 8346.67, 6180.42, 7.28%
- Epoch 028, ExpID 82586
Train - Loss: 18343203.55
Val - Loss, MSE, RMSE, MAE, MAPE: 25775944.00, 25775943.00, 5063.19, 3773.32, 4.78%
Test - Best epoch, Loss, MSE, RMSE, MAE, MAPE: 28, 76949784.00, 76949782.00, 8370.44, 6220.89, 7.31%
- Epoch 029, ExpID 82586
Train - Loss: 18233278.45
Val - Loss, MSE, RMSE, MAE, MAPE: 25587156.00, 25587156.00, 5044.57, 3759.75, 4.76%
Test - Best epoch, Loss, MSE, RMSE, MAE, MAPE: 29, 77276408.00, 77276407.00, 8382.17, 6234.82, 7.32%
- Epoch 030, ExpID 82586
Train - Loss: 18063697.15
Val - Loss, MSE, RMSE, MAE, MAPE: 25327420.00, 25327419.00, 5015.61, 3735.51, 4.74%
Test - Best epoch, Loss, MSE, RMSE, MAE, MAPE: 30, 76971496.00, 76971494.00, 8383.76, 6228.72, 7.33%
- Epoch 031, ExpID 82586
Train - Loss: 17868559.20
Val - Loss, MSE, RMSE, MAE, MAPE: 25514464.00, 25514464.00, 5034.13, 3748.57, 4.74%
Test - Best epoch, Loss, MSE, RMSE, MAE, MAPE: 30, 76971496.00, 76971494.00, 8383.76, 6228.72, 7.33%
- Epoch 032, ExpID 82586
Train - Loss: 17967361.85
Val - Loss, MSE, RMSE, MAE, MAPE: 25046680.00, 25046681.00, 4989.82, 3720.33, 4.72%
Test - Best epoch, Loss, MSE, RMSE, MAE, MAPE: 32, 76600328.00, 76600330.00, 8340.19, 6188.18, 7.28%
- Epoch 033, ExpID 82586
Train - Loss: 17726208.35
Val - Loss, MSE, RMSE, MAE, MAPE: 24822956.00, 24822956.00, 4964.80, 3691.94, 4.70%
Test - Best epoch, Loss, MSE, RMSE, MAE, MAPE: 33, 75917776.00, 75917780.00, 8327.21, 6160.26, 7.27%
- Epoch 034, ExpID 82586
Train - Loss: 17605166.15
Val - Loss, MSE, RMSE, MAE, MAPE: 24950866.00, 24950866.00, 4978.14, 3709.96, 4.70%
Test - Best epoch, Loss, MSE, RMSE, MAE, MAPE: 33, 75917776.00, 75917780.00, 8327.21, 6160.26, 7.27%
- Epoch 035, ExpID 82586
Train - Loss: 17554246.60
Val - Loss, MSE, RMSE, MAE, MAPE: 24908604.00, 24908604.00, 4973.39, 3703.07, 4.69%
Test - Best epoch, Loss, MSE, RMSE, MAE, MAPE: 33, 75917776.00, 75917780.00, 8327.21, 6160.26, 7.27%
- Epoch 036, ExpID 82586
Train - Loss: 17404395.35
Val - Loss, MSE, RMSE, MAE, MAPE: 24435456.00, 24435456.00, 4926.07, 3666.87, 4.65%
Test - Best epoch, Loss, MSE, RMSE, MAE, MAPE: 36, 76677592.00, 76677590.00, 8342.00, 6183.78, 7.28%
- Epoch 037, ExpID 82586
Train - Loss: 17225355.05
Val - Loss, MSE, RMSE, MAE, MAPE: 24414670.00, 24414670.00, 4924.48, 3655.74, 4.64%
Test - Best epoch, Loss, MSE, RMSE, MAE, MAPE: 37, 75838536.00, 75838537.00, 8300.57, 6118.99, 7.21%
- Epoch 038, ExpID 82586
Train - Loss: 17153383.70
Val - Loss, MSE, RMSE, MAE, MAPE: 24396382.00, 24396382.00, 4922.53, 3652.33, 4.64%
Test - Best epoch, Loss, MSE, RMSE, MAE, MAPE: 38, 75802928.00, 75802924.00, 8297.05, 6123.04, 7.21%
- Epoch 039, ExpID 82586
Train - Loss: 17326019.00
Val - Loss, MSE, RMSE, MAE, MAPE: 24853392.00, 24853391.00, 4969.51, 3695.20, 4.65%
Test - Best epoch, Loss, MSE, RMSE, MAE, MAPE: 38, 75802928.00, 75802924.00, 8297.05, 6123.04, 7.21%
- Epoch 040, ExpID 82586
Train - Loss: 17070061.40
Val - Loss, MSE, RMSE, MAE, MAPE: 24009280.00, 24009279.00, 4882.05, 3623.53, 4.61%
Test - Best epoch, Loss, MSE, RMSE, MAE, MAPE: 40, 74948496.00, 74948496.00, 8242.80, 6055.78, 7.15%
- Epoch 041, ExpID 82586
Train - Loss: 16984233.95
Val - Loss, MSE, RMSE, MAE, MAPE: 24045488.00, 24045487.00, 4885.00, 3621.78, 4.61%
Test - Best epoch, Loss, MSE, RMSE, MAE, MAPE: 40, 74948496.00, 74948496.00, 8242.80, 6055.78, 7.15%
- Epoch 042, ExpID 82586
Train - Loss: 16800288.15
Val - Loss, MSE, RMSE, MAE, MAPE: 24034584.00, 24034584.00, 4882.42, 3615.88, 4.59%
Test - Best epoch, Loss, MSE, RMSE, MAE, MAPE: 40, 74948496.00, 74948496.00, 8242.80, 6055.78, 7.15%
- Epoch 043, ExpID 82586
Train - Loss: 16716642.90
Val - Loss, MSE, RMSE, MAE, MAPE: 23809132.00, 23809132.00, 4859.72, 3603.59, 4.59%
Test - Best epoch, Loss, MSE, RMSE, MAE, MAPE: 43, 75464016.00, 75464016.00, 8259.98, 6084.86, 7.20%
- Epoch 044, ExpID 82586
Train - Loss: 16724841.10
Val - Loss, MSE, RMSE, MAE, MAPE: 23710782.00, 23710782.00, 4849.03, 3590.93, 4.57%
Test - Best epoch, Loss, MSE, RMSE, MAE, MAPE: 44, 75321632.00, 75321636.00, 8248.21, 6066.10, 7.16%
- Epoch 045, ExpID 82586
Train - Loss: 16595555.10
Val - Loss, MSE, RMSE, MAE, MAPE: 23607528.00, 23607527.00, 4838.01, 3589.49, 4.57%
Test - Best epoch, Loss, MSE, RMSE, MAE, MAPE: 45, 74627768.00, 74627768.00, 8224.06, 6050.34, 7.15%
- Epoch 046, ExpID 82586
Train - Loss: 16485488.20
Val - Loss, MSE, RMSE, MAE, MAPE: 23766604.00, 23766604.00, 4855.04, 3596.44, 4.56%
Test - Best epoch, Loss, MSE, RMSE, MAE, MAPE: 45, 74627768.00, 74627768.00, 8224.06, 6050.34, 7.15%
- Epoch 047, ExpID 82586
Train - Loss: 16311377.10
Val - Loss, MSE, RMSE, MAE, MAPE: 23622528.00, 23622527.00, 4839.12, 3581.11, 4.55%
Test - Best epoch, Loss, MSE, RMSE, MAE, MAPE: 45, 74627768.00, 74627768.00, 8224.06, 6050.34, 7.15%
- Epoch 048, ExpID 82586
Train - Loss: 16337269.70
Val - Loss, MSE, RMSE, MAE, MAPE: 23487286.00, 23487286.00, 4826.16, 3568.89, 4.54%
Test - Best epoch, Loss, MSE, RMSE, MAE, MAPE: 48, 74801680.00, 74801680.00, 8219.74, 6040.03, 7.14%
- Epoch 049, ExpID 82586
Train - Loss: 16411789.35
Val - Loss, MSE, RMSE, MAE, MAPE: 23604418.00, 23604418.00, 4838.89, 3571.38, 4.53%
Test - Best epoch, Loss, MSE, RMSE, MAE, MAPE: 48, 74801680.00, 74801680.00, 8219.74, 6040.03, 7.14%
- Epoch 050, ExpID 82586
Train - Loss: 16257279.00
Val - Loss, MSE, RMSE, MAE, MAPE: 23503244.00, 23503245.00, 4827.21, 3567.41, 4.54%
Test - Best epoch, Loss, MSE, RMSE, MAE, MAPE: 48, 74801680.00, 74801680.00, 8219.74, 6040.03, 7.14%
- Epoch 051, ExpID 82586
Train - Loss: 16095099.90
Val - Loss, MSE, RMSE, MAE, MAPE: 23399452.00, 23399452.00, 4815.13, 3556.93, 4.53%
Test - Best epoch, Loss, MSE, RMSE, MAE, MAPE: 51, 75962376.00, 75962373.00, 8292.49, 6120.09, 7.24%
- Epoch 052, ExpID 82586
Train - Loss: 15905593.70
Val - Loss, MSE, RMSE, MAE, MAPE: 23385634.00, 23385634.00, 4813.61, 3549.98, 4.50%
Test - Best epoch, Loss, MSE, RMSE, MAE, MAPE: 52, 76670448.00, 76670450.00, 8319.53, 6128.09, 7.22%
- Epoch 053, ExpID 82586
Train - Loss: 15916140.75
Val - Loss, MSE, RMSE, MAE, MAPE: 23347984.00, 23347983.00, 4808.07, 3535.42, 4.49%
Test - Best epoch, Loss, MSE, RMSE, MAE, MAPE: 53, 76744544.00, 76744541.00, 8330.70, 6132.37, 7.23%
- Epoch 054, ExpID 82586
Train - Loss: 15889049.85
Val - Loss, MSE, RMSE, MAE, MAPE: 23103668.00, 23103668.00, 4782.63, 3521.50, 4.48%
Test - Best epoch, Loss, MSE, RMSE, MAE, MAPE: 54, 75572776.00, 75572777.00, 8251.43, 6064.05, 7.17%
- Epoch 055, ExpID 82586
Train - Loss: 15797145.10
Val - Loss, MSE, RMSE, MAE, MAPE: 23399464.00, 23399465.00, 4814.79, 3550.25, 4.51%
Test - Best epoch, Loss, MSE, RMSE, MAE, MAPE: 54, 75572776.00, 75572777.00, 8251.43, 6064.05, 7.17%
- Epoch 056, ExpID 82586
Train - Loss: 15872504.35
Val - Loss, MSE, RMSE, MAE, MAPE: 22990596.00, 22990595.00, 4772.52, 3509.71, 4.47%
Test - Best epoch, Loss, MSE, RMSE, MAE, MAPE: 56, 75250864.00, 75250863.00, 8240.64, 6050.82, 7.15%
- Epoch 057, ExpID 82586
Train - Loss: 15747833.60
Val - Loss, MSE, RMSE, MAE, MAPE: 22938292.00, 22938292.00, 4767.21, 3499.21, 4.45%
Test - Best epoch, Loss, MSE, RMSE, MAE, MAPE: 57, 75349312.00, 75349313.00, 8244.40, 6045.11, 7.14%
- Epoch 058, ExpID 82586
Train - Loss: 15610222.05
Val - Loss, MSE, RMSE, MAE, MAPE: 23091492.00, 23091491.00, 4782.24, 3521.11, 4.48%
Test - Best epoch, Loss, MSE, RMSE, MAE, MAPE: 57, 75349312.00, 75349313.00, 8244.40, 6045.11, 7.14%
- Epoch 059, ExpID 82586
Train - Loss: 15656044.45
Val - Loss, MSE, RMSE, MAE, MAPE: 23027224.00, 23027224.00, 4774.80, 3507.56, 4.48%
Test - Best epoch, Loss, MSE, RMSE, MAE, MAPE: 57, 75349312.00, 75349313.00, 8244.40, 6045.11, 7.14%
- Epoch 060, ExpID 82586
Train - Loss: 15548748.65
Val - Loss, MSE, RMSE, MAE, MAPE: 23067546.00, 23067546.00, 4774.56, 3501.23, 4.45%
Test - Best epoch, Loss, MSE, RMSE, MAE, MAPE: 57, 75349312.00, 75349313.00, 8244.40, 6045.11, 7.14%
- Epoch 061, ExpID 82586
Train - Loss: 15481851.20
Val - Loss, MSE, RMSE, MAE, MAPE: 22795344.00, 22795343.00, 4747.43, 3478.11, 4.43%
Test - Best epoch, Loss, MSE, RMSE, MAE, MAPE: 61, 76435520.00, 76435524.00, 8292.82, 6089.29, 7.21%
- Epoch 062, ExpID 82586
Train - Loss: 15386454.00
Val - Loss, MSE, RMSE, MAE, MAPE: 22957476.00, 22957475.00, 4761.95, 3492.60, 4.43%
Test - Best epoch, Loss, MSE, RMSE, MAE, MAPE: 61, 76435520.00, 76435524.00, 8292.82, 6089.29, 7.21%
- Epoch 063, ExpID 82586
Train - Loss: 15244287.30
Val - Loss, MSE, RMSE, MAE, MAPE: 22640730.00, 22640730.00, 4732.07, 3467.91, 4.41%
Test - Best epoch, Loss, MSE, RMSE, MAE, MAPE: 63, 75768904.00, 75768901.00, 8264.22, 6069.72, 7.17%
- Epoch 064, ExpID 82586
Train - Loss: 15236030.35
Val - Loss, MSE, RMSE, MAE, MAPE: 22927108.00, 22927107.00, 4763.60, 3486.22, 4.42%
Test - Best epoch, Loss, MSE, RMSE, MAE, MAPE: 63, 75768904.00, 75768901.00, 8264.22, 6069.72, 7.17%
- Epoch 065, ExpID 82586
Train - Loss: 15304338.25
Val - Loss, MSE, RMSE, MAE, MAPE: 22543232.00, 22543233.00, 4719.96, 3453.11, 4.39%
Test - Best epoch, Loss, MSE, RMSE, MAE, MAPE: 65, 76707536.00, 76707533.00, 8293.55, 6086.90, 7.21%
- Epoch 066, ExpID 82586
Train - Loss: 15262160.25
Val - Loss, MSE, RMSE, MAE, MAPE: 22435912.00, 22435912.00, 4709.69, 3454.06, 4.39%
Test - Best epoch, Loss, MSE, RMSE, MAE, MAPE: 66, 76036816.00, 76036818.00, 8273.19, 6076.39, 7.19%
- Epoch 067, ExpID 82586
Train - Loss: 15228763.70
Val - Loss, MSE, RMSE, MAE, MAPE: 22533776.00, 22533775.00, 4718.96, 3447.15, 4.38%
Test - Best epoch, Loss, MSE, RMSE, MAE, MAPE: 66, 76036816.00, 76036818.00, 8273.19, 6076.39, 7.19%
- Epoch 068, ExpID 82586
Train - Loss: 15104898.60
Val - Loss, MSE, RMSE, MAE, MAPE: 22452172.00, 22452173.00, 4711.89, 3442.10, 4.39%
Test - Best epoch, Loss, MSE, RMSE, MAE, MAPE: 66, 76036816.00, 76036818.00, 8273.19, 6076.39, 7.19%
- Epoch 069, ExpID 82586
Train - Loss: 15145620.55
Val - Loss, MSE, RMSE, MAE, MAPE: 22428060.00, 22428059.00, 4709.41, 3440.96, 4.36%
Test - Best epoch, Loss, MSE, RMSE, MAE, MAPE: 69, 75482424.00, 75482426.00, 8245.14, 6048.67, 7.13%
- Epoch 070, ExpID 82586
Train - Loss: 14952803.40
Val - Loss, MSE, RMSE, MAE, MAPE: 22759324.00, 22759323.00, 4744.09, 3465.60, 4.39%
Test - Best epoch, Loss, MSE, RMSE, MAE, MAPE: 69, 75482424.00, 75482426.00, 8245.14, 6048.67, 7.13%
- Epoch 071, ExpID 82586
Train - Loss: 14910809.05
Val - Loss, MSE, RMSE, MAE, MAPE: 22257616.00, 22257616.00, 4688.71, 3425.47, 4.36%
Test - Best epoch, Loss, MSE, RMSE, MAE, MAPE: 71, 75194808.00, 75194811.00, 8216.90, 6024.65, 7.13%
- Epoch 072, ExpID 82586
Train - Loss: 15026134.85
Val - Loss, MSE, RMSE, MAE, MAPE: 22356176.00, 22356176.00, 4697.34, 3426.34, 4.35%
Test - Best epoch, Loss, MSE, RMSE, MAE, MAPE: 71, 75194808.00, 75194811.00, 8216.90, 6024.65, 7.13%
- Epoch 073, ExpID 82586
Train - Loss: 14856315.60
Val - Loss, MSE, RMSE, MAE, MAPE: 22389138.00, 22389138.00, 4703.46, 3436.09, 4.36%
Test - Best epoch, Loss, MSE, RMSE, MAE, MAPE: 71, 75194808.00, 75194811.00, 8216.90, 6024.65, 7.13%
- Epoch 074, ExpID 82586
Train - Loss: 14875766.25
Val - Loss, MSE, RMSE, MAE, MAPE: 22404824.00, 22404824.00, 4703.75, 3437.16, 4.35%
Test - Best epoch, Loss, MSE, RMSE, MAE, MAPE: 71, 75194808.00, 75194811.00, 8216.90, 6024.65, 7.13%
- Epoch 075, ExpID 82586
Train - Loss: 14695304.25
Val - Loss, MSE, RMSE, MAE, MAPE: 22318240.00, 22318239.00, 4696.58, 3427.88, 4.35%
Test - Best epoch, Loss, MSE, RMSE, MAE, MAPE: 71, 75194808.00, 75194811.00, 8216.90, 6024.65, 7.13%
- Epoch 076, ExpID 82586
Train - Loss: 14664347.20
Val - Loss, MSE, RMSE, MAE, MAPE: 22222256.00, 22222255.00, 4688.89, 3435.66, 4.38%
Test - Best epoch, Loss, MSE, RMSE, MAE, MAPE: 76, 75731792.00, 75731794.00, 8239.93, 6043.04, 7.16%
- Epoch 077, ExpID 82586
Train - Loss: 14769635.50
Val - Loss, MSE, RMSE, MAE, MAPE: 22015244.00, 22015245.00, 4662.24, 3400.37, 4.32%
Test - Best epoch, Loss, MSE, RMSE, MAE, MAPE: 77, 75854304.00, 75854302.00, 8258.83, 6073.61, 7.18%
- Epoch 078, ExpID 82586
Train - Loss: 14641939.65
Val - Loss, MSE, RMSE, MAE, MAPE: 22384046.00, 22384046.00, 4704.69, 3433.03, 4.34%
Test - Best epoch, Loss, MSE, RMSE, MAE, MAPE: 77, 75854304.00, 75854302.00, 8258.83, 6073.61, 7.18%
- Epoch 079, ExpID 82586
Train - Loss: 14548644.80
Val - Loss, MSE, RMSE, MAE, MAPE: 22118330.00, 22118330.00, 4675.58, 3403.81, 4.33%
Test - Best epoch, Loss, MSE, RMSE, MAE, MAPE: 77, 75854304.00, 75854302.00, 8258.83, 6073.61, 7.18%
- Epoch 080, ExpID 82586
Train - Loss: 14605815.65
Val - Loss, MSE, RMSE, MAE, MAPE: 22035612.00, 22035612.00, 4666.78, 3399.45, 4.33%
Test - Best epoch, Loss, MSE, RMSE, MAE, MAPE: 77, 75854304.00, 75854302.00, 8258.83, 6073.61, 7.18%
- Epoch 081, ExpID 82586
Train - Loss: 14488938.85
Val - Loss, MSE, RMSE, MAE, MAPE: 21789700.00, 21789700.00, 4641.42, 3391.15, 4.30%
Test - Best epoch, Loss, MSE, RMSE, MAE, MAPE: 81, 74598392.00, 74598394.00, 8187.16, 6013.38, 7.09%
- Epoch 082, ExpID 82586
Train - Loss: 14346830.15
Val - Loss, MSE, RMSE, MAE, MAPE: 21924576.00, 21924575.00, 4652.93, 3391.68, 4.31%
Test - Best epoch, Loss, MSE, RMSE, MAE, MAPE: 81, 74598392.00, 74598394.00, 8187.16, 6013.38, 7.09%
- Epoch 083, ExpID 82586
Train - Loss: 14427613.45
Val - Loss, MSE, RMSE, MAE, MAPE: 22039184.00, 22039185.00, 4666.52, 3400.25, 4.30%
Test - Best epoch, Loss, MSE, RMSE, MAE, MAPE: 81, 74598392.00, 74598394.00, 8187.16, 6013.38, 7.09%
- Epoch 084, ExpID 82586
Train - Loss: 14338089.15
Val - Loss, MSE, RMSE, MAE, MAPE: 21817644.00, 21817644.00, 4642.14, 3374.73, 4.28%
Test - Best epoch, Loss, MSE, RMSE, MAE, MAPE: 81, 74598392.00, 74598394.00, 8187.16, 6013.38, 7.09%
- Epoch 085, ExpID 82586
Train - Loss: 14383636.00
Val - Loss, MSE, RMSE, MAE, MAPE: 21856906.00, 21856906.00, 4644.80, 3381.65, 4.29%
Test - Best epoch, Loss, MSE, RMSE, MAE, MAPE: 81, 74598392.00, 74598394.00, 8187.16, 6013.38, 7.09%
- Epoch 086, ExpID 82586
Train - Loss: 14328484.30
Val - Loss, MSE, RMSE, MAE, MAPE: 21820174.00, 21820174.00, 4643.71, 3376.42, 4.29%
Test - Best epoch, Loss, MSE, RMSE, MAE, MAPE: 81, 74598392.00, 74598394.00, 8187.16, 6013.38, 7.09%
- Epoch 087, ExpID 82586
Train - Loss: 14144157.75
Val - Loss, MSE, RMSE, MAE, MAPE: 21718416.00, 21718415.00, 4632.14, 3365.25, 4.27%
Test - Best epoch, Loss, MSE, RMSE, MAE, MAPE: 87, 75576232.00, 75576234.00, 8245.30, 6057.34, 7.15%
- Epoch 088, ExpID 82586
Train - Loss: 14253783.60
Val - Loss, MSE, RMSE, MAE, MAPE: 21489246.00, 21489246.50, 4605.51, 3357.91, 4.26%
Test - Best epoch, Loss, MSE, RMSE, MAE, MAPE: 88, 74891600.00, 74891601.00, 8193.44, 6027.27, 7.12%
- Epoch 089, ExpID 82586
Train - Loss: 14123312.15
Val - Loss, MSE, RMSE, MAE, MAPE: 21654016.00, 21654016.50, 4619.71, 3373.68, 4.29%
Test - Best epoch, Loss, MSE, RMSE, MAE, MAPE: 88, 74891600.00, 74891601.00, 8193.44, 6027.27, 7.12%
- Epoch 090, ExpID 82586
Train - Loss: 14197337.95
Val - Loss, MSE, RMSE, MAE, MAPE: 21604644.00, 21604644.00, 4613.78, 3357.14, 4.26%
Test - Best epoch, Loss, MSE, RMSE, MAE, MAPE: 88, 74891600.00, 74891601.00, 8193.44, 6027.27, 7.12%
- Epoch 091, ExpID 82586
Train - Loss: 14265371.85
Val - Loss, MSE, RMSE, MAE, MAPE: 21604878.00, 21604878.00, 4616.53, 3355.46, 4.25%
Test - Best epoch, Loss, MSE, RMSE, MAE, MAPE: 88, 74891600.00, 74891601.00, 8193.44, 6027.27, 7.12%
- Epoch 092, ExpID 82586
Train - Loss: 14042265.60
Val - Loss, MSE, RMSE, MAE, MAPE: 21508474.00, 21508474.00, 4606.35, 3358.94, 4.26%
Test - Best epoch, Loss, MSE, RMSE, MAE, MAPE: 88, 74891600.00, 74891601.00, 8193.44, 6027.27, 7.12%
- Epoch 093, ExpID 82586
Train - Loss: 14021149.50
Val - Loss, MSE, RMSE, MAE, MAPE: 21633468.00, 21633468.50, 4617.89, 3359.70, 4.26%
Test - Best epoch, Loss, MSE, RMSE, MAE, MAPE: 88, 74891600.00, 74891601.00, 8193.44, 6027.27, 7.12%
- Epoch 094, ExpID 82586
Train - Loss: 13871722.40
Val - Loss, MSE, RMSE, MAE, MAPE: 21566114.00, 21566114.50, 4611.54, 3355.12, 4.26%
Test - Best epoch, Loss, MSE, RMSE, MAE, MAPE: 88, 74891600.00, 74891601.00, 8193.44, 6027.27, 7.12%
- Epoch 095, ExpID 82586
Train - Loss: 13993348.65
Val - Loss, MSE, RMSE, MAE, MAPE: 21518484.00, 21518484.00, 4609.38, 3361.23, 4.26%
Test - Best epoch, Loss, MSE, RMSE, MAE, MAPE: 88, 74891600.00, 74891601.00, 8193.44, 6027.27, 7.12%
- Epoch 096, ExpID 82586
Train - Loss: 13956837.80
Val - Loss, MSE, RMSE, MAE, MAPE: 21312236.00, 21312235.00, 4583.43, 3334.89, 4.24%
Test - Best epoch, Loss, MSE, RMSE, MAE, MAPE: 96, 74479328.00, 74479325.00, 8167.70, 5983.18, 7.08%
- Epoch 097, ExpID 82586
Train - Loss: 13895565.55
Val - Loss, MSE, RMSE, MAE, MAPE: 21363772.00, 21363772.00, 4590.05, 3343.08, 4.24%
Test - Best epoch, Loss, MSE, RMSE, MAE, MAPE: 96, 74479328.00, 74479325.00, 8167.70, 5983.18, 7.08%
- Epoch 098, ExpID 82586
Train - Loss: 13872401.40
Val - Loss, MSE, RMSE, MAE, MAPE: 21240888.00, 21240888.50, 4576.77, 3328.94, 4.22%
Test - Best epoch, Loss, MSE, RMSE, MAE, MAPE: 98, 74263920.00, 74263918.00, 8160.13, 5971.82, 7.04%
- Epoch 099, ExpID 82586
Train - Loss: 13765330.05
Val - Loss, MSE, RMSE, MAE, MAPE: 21189132.00, 21189131.50, 4571.94, 3328.86, 4.22%
Test - Best epoch, Loss, MSE, RMSE, MAE, MAPE: 99, 73995072.00, 73995072.00, 8152.75, 5975.27, 7.05%
- Epoch 100, ExpID 82586
Train - Loss: 13804999.45
Val - Loss, MSE, RMSE, MAE, MAPE: 21354010.00, 21354009.50, 4586.32, 3333.35, 4.22%
Test - Best epoch, Loss, MSE, RMSE, MAE, MAPE: 99, 73995072.00, 73995072.00, 8152.75, 5975.27, 7.05%
- Epoch 101, ExpID 82586
Train - Loss: 13668384.35
Val - Loss, MSE, RMSE, MAE, MAPE: 21138798.00, 21138797.50, 4566.17, 3321.62, 4.21%
Test - Best epoch, Loss, MSE, RMSE, MAE, MAPE: 101, 73668640.00, 73668644.00, 8133.19, 5963.38, 7.03%
- Epoch 102, ExpID 82586
Train - Loss: 13787265.15
Val - Loss, MSE, RMSE, MAE, MAPE: 21311484.00, 21311484.50, 4585.90, 3336.61, 4.23%
Test - Best epoch, Loss, MSE, RMSE, MAE, MAPE: 101, 73668640.00, 73668644.00, 8133.19, 5963.38, 7.03%
- Epoch 103, ExpID 82586
Train - Loss: 13691371.30
Val - Loss, MSE, RMSE, MAE, MAPE: 21103350.00, 21103349.50, 4561.27, 3325.58, 4.22%
Test - Best epoch, Loss, MSE, RMSE, MAE, MAPE: 103, 73382672.00, 73382668.00, 8126.79, 5960.59, 7.04%
- Epoch 104, ExpID 82586
Train - Loss: 13549495.50
Val - Loss, MSE, RMSE, MAE, MAPE: 21270772.00, 21270772.00, 4578.70, 3334.00, 4.23%
Test - Best epoch, Loss, MSE, RMSE, MAE, MAPE: 103, 73382672.00, 73382668.00, 8126.79, 5960.59, 7.04%
- Epoch 105, ExpID 82586
Train - Loss: 13671817.60
Val - Loss, MSE, RMSE, MAE, MAPE: 20931522.00, 20931522.50, 4544.48, 3304.11, 4.19%
Test - Best epoch, Loss, MSE, RMSE, MAE, MAPE: 105, 72528320.00, 72528321.00, 8091.39, 5925.48, 6.99%
- Epoch 106, ExpID 82586
Train - Loss: 13498823.30
Val - Loss, MSE, RMSE, MAE, MAPE: 20987216.00, 20987217.00, 4550.78, 3317.58, 4.22%
Test - Best epoch, Loss, MSE, RMSE, MAE, MAPE: 105, 72528320.00, 72528321.00, 8091.39, 5925.48, 6.99%
- Epoch 107, ExpID 82586
Train - Loss: 13659863.10
Val - Loss, MSE, RMSE, MAE, MAPE: 20913548.00, 20913549.00, 4541.54, 3303.08, 4.19%
Test - Best epoch, Loss, MSE, RMSE, MAE, MAPE: 107, 72938544.00, 72938541.00, 8091.45, 5917.55, 6.98%
- Epoch 108, ExpID 82586
Train - Loss: 13527014.60
Val - Loss, MSE, RMSE, MAE, MAPE: 21026670.00, 21026669.50, 4552.93, 3316.30, 4.21%
Test - Best epoch, Loss, MSE, RMSE, MAE, MAPE: 107, 72938544.00, 72938541.00, 8091.45, 5917.55, 6.98%
- Epoch 109, ExpID 82586
Train - Loss: 13518417.45
Val - Loss, MSE, RMSE, MAE, MAPE: 20953214.00, 20953214.00, 4542.99, 3312.44, 4.21%
Test - Best epoch, Loss, MSE, RMSE, MAE, MAPE: 107, 72938544.00, 72938541.00, 8091.45, 5917.55, 6.98%
- Epoch 110, ExpID 82586
Train - Loss: 13506497.45
Val - Loss, MSE, RMSE, MAE, MAPE: 21134128.00, 21134128.00, 4563.97, 3311.97, 4.19%
Test - Best epoch, Loss, MSE, RMSE, MAE, MAPE: 107, 72938544.00, 72938541.00, 8091.45, 5917.55, 6.98%
- Epoch 111, ExpID 82586
Train - Loss: 13425828.40
Val - Loss, MSE, RMSE, MAE, MAPE: 20906182.00, 20906182.50, 4535.98, 3307.95, 4.20%
Test - Best epoch, Loss, MSE, RMSE, MAE, MAPE: 111, 72624624.00, 72624627.00, 8073.91, 5924.65, 7.00%
- Epoch 112, ExpID 82586
Train - Loss: 13421633.40
Val - Loss, MSE, RMSE, MAE, MAPE: 20768356.00, 20768355.50, 4523.90, 3287.21, 4.17%
Test - Best epoch, Loss, MSE, RMSE, MAE, MAPE: 112, 72558040.00, 72558040.00, 8086.62, 5917.58, 6.99%
- Epoch 113, ExpID 82586
Train - Loss: 13502907.75
Val - Loss, MSE, RMSE, MAE, MAPE: 20847908.00, 20847909.00, 4532.99, 3299.85, 4.19%
Test - Best epoch, Loss, MSE, RMSE, MAE, MAPE: 112, 72558040.00, 72558040.00, 8086.62, 5917.58, 6.99%
- Epoch 114, ExpID 82586
Train - Loss: 13348922.00
Val - Loss, MSE, RMSE, MAE, MAPE: 20775094.00, 20775094.50, 4523.70, 3288.45, 4.17%
Test - Best epoch, Loss, MSE, RMSE, MAE, MAPE: 112, 72558040.00, 72558040.00, 8086.62, 5917.58, 6.99%
- Epoch 115, ExpID 82586
Train - Loss: 13343989.30
Val - Loss, MSE, RMSE, MAE, MAPE: 20755924.00, 20755923.00, 4517.58, 3289.11, 4.17%
Test - Best epoch, Loss, MSE, RMSE, MAE, MAPE: 115, 72260832.00, 72260830.00, 8054.59, 5885.98, 6.95%
- Epoch 116, ExpID 82586
Train - Loss: 13238293.15
Val - Loss, MSE, RMSE, MAE, MAPE: 20809376.00, 20809376.00, 4527.33, 3290.42, 4.17%
Test - Best epoch, Loss, MSE, RMSE, MAE, MAPE: 115, 72260832.00, 72260830.00, 8054.59, 5885.98, 6.95%
- Epoch 117, ExpID 82586
Train - Loss: 13215691.30
Val - Loss, MSE, RMSE, MAE, MAPE: 20777606.00, 20777606.50, 4524.18, 3293.08, 4.18%
Test - Best epoch, Loss, MSE, RMSE, MAE, MAPE: 115, 72260832.00, 72260830.00, 8054.59, 5885.98, 6.95%
- Epoch 118, ExpID 82586
Train - Loss: 13187730.95
Val - Loss, MSE, RMSE, MAE, MAPE: 20745642.00, 20745642.50, 4520.01, 3297.21, 4.18%
Test - Best epoch, Loss, MSE, RMSE, MAE, MAPE: 118, 71866104.00, 71866107.00, 8037.79, 5870.00, 6.93%
- Epoch 119, ExpID 82586
Train - Loss: 13201633.50
Val - Loss, MSE, RMSE, MAE, MAPE: 20781720.00, 20781721.00, 4522.15, 3289.53, 4.18%
Test - Best epoch, Loss, MSE, RMSE, MAE, MAPE: 118, 71866104.00, 71866107.00, 8037.79, 5870.00, 6.93%
- Epoch 120, ExpID 82586
Train - Loss: 13165623.30
Val - Loss, MSE, RMSE, MAE, MAPE: 20670424.00, 20670425.00, 4513.16, 3286.18, 4.18%
Test - Best epoch, Loss, MSE, RMSE, MAE, MAPE: 120, 71379712.00, 71379711.00, 8002.27, 5849.36, 6.91%
- Epoch 121, ExpID 82586
Train - Loss: 13174281.60
Val - Loss, MSE, RMSE, MAE, MAPE: 20764422.00, 20764421.50, 4521.94, 3287.41, 4.16%
Test - Best epoch, Loss, MSE, RMSE, MAE, MAPE: 120, 71379712.00, 71379711.00, 8002.27, 5849.36, 6.91%
- Epoch 122, ExpID 82586
Train - Loss: 13069907.75
Val - Loss, MSE, RMSE, MAE, MAPE: 20651472.00, 20651471.50, 4509.98, 3283.65, 4.18%
Test - Best epoch, Loss, MSE, RMSE, MAE, MAPE: 122, 70749104.00, 70749101.00, 7976.02, 5826.38, 6.89%
- Epoch 123, ExpID 82586
Train - Loss: 13057119.30
Val - Loss, MSE, RMSE, MAE, MAPE: 20636678.00, 20636678.00, 4507.85, 3280.32, 4.17%
Test - Best epoch, Loss, MSE, RMSE, MAE, MAPE: 123, 71790864.00, 71790862.00, 8035.19, 5880.30, 6.94%
- Epoch 124, ExpID 82586
Train - Loss: 13107849.75
Val - Loss, MSE, RMSE, MAE, MAPE: 20672912.00, 20672912.00, 4510.09, 3277.61, 4.16%
Test - Best epoch, Loss, MSE, RMSE, MAE, MAPE: 123, 71790864.00, 71790862.00, 8035.19, 5880.30, 6.94%
- Epoch 125, ExpID 82586
Train - Loss: 13034961.25
Val - Loss, MSE, RMSE, MAE, MAPE: 20643250.00, 20643250.50, 4507.22, 3275.36, 4.15%
Test - Best epoch, Loss, MSE, RMSE, MAE, MAPE: 123, 71790864.00, 71790862.00, 8035.19, 5880.30, 6.94%
- Epoch 126, ExpID 82586
Train - Loss: 13013586.20
Val - Loss, MSE, RMSE, MAE, MAPE: 20739184.00, 20739183.50, 4517.87, 3287.52, 4.16%
Test - Best epoch, Loss, MSE, RMSE, MAE, MAPE: 123, 71790864.00, 71790862.00, 8035.19, 5880.30, 6.94%
- Epoch 127, ExpID 82586
Train - Loss: 13020971.80
Val - Loss, MSE, RMSE, MAE, MAPE: 20575230.00, 20575230.00, 4499.00, 3272.98, 4.17%
Test - Best epoch, Loss, MSE, RMSE, MAE, MAPE: 127, 71393488.00, 71393485.00, 8003.99, 5856.18, 6.92%
- Epoch 128, ExpID 82586
Train - Loss: 12859198.95
Val - Loss, MSE, RMSE, MAE, MAPE: 20704550.00, 20704549.50, 4510.93, 3282.21, 4.16%
Test - Best epoch, Loss, MSE, RMSE, MAE, MAPE: 127, 71393488.00, 71393485.00, 8003.99, 5856.18, 6.92%
- Epoch 129, ExpID 82586
Train - Loss: 12905291.10
Val - Loss, MSE, RMSE, MAE, MAPE: 20735642.00, 20735642.00, 4516.64, 3281.32, 4.16%
Test - Best epoch, Loss, MSE, RMSE, MAE, MAPE: 127, 71393488.00, 71393485.00, 8003.99, 5856.18, 6.92%
- Epoch 130, ExpID 82586
Train - Loss: 12976406.65
Val - Loss, MSE, RMSE, MAE, MAPE: 20503412.00, 20503413.00, 4491.66, 3268.57, 4.15%
Test - Best epoch, Loss, MSE, RMSE, MAE, MAPE: 130, 70208032.00, 70208030.00, 7953.82, 5807.63, 6.86%
- Epoch 131, ExpID 82586
Train - Loss: 12856549.75
Val - Loss, MSE, RMSE, MAE, MAPE: 20625294.00, 20625294.00, 4504.22, 3277.31, 4.16%
Test - Best epoch, Loss, MSE, RMSE, MAE, MAPE: 130, 70208032.00, 70208030.00, 7953.82, 5807.63, 6.86%
- Epoch 132, ExpID 82586
Train - Loss: 12779089.20
Val - Loss, MSE, RMSE, MAE, MAPE: 20676786.00, 20676786.00, 4509.64, 3291.77, 4.18%
Test - Best epoch, Loss, MSE, RMSE, MAE, MAPE: 130, 70208032.00, 70208030.00, 7953.82, 5807.63, 6.86%
- Epoch 133, ExpID 82586
Train - Loss: 12820138.40
Val - Loss, MSE, RMSE, MAE, MAPE: 20514990.00, 20514989.50, 4491.87, 3274.74, 4.15%
Test - Best epoch, Loss, MSE, RMSE, MAE, MAPE: 130, 70208032.00, 70208030.00, 7953.82, 5807.63, 6.86%
- Epoch 134, ExpID 82586
Train - Loss: 12699542.15
Val - Loss, MSE, RMSE, MAE, MAPE: 20635164.00, 20635165.00, 4503.97, 3270.17, 4.14%
Test - Best epoch, Loss, MSE, RMSE, MAE, MAPE: 130, 70208032.00, 70208030.00, 7953.82, 5807.63, 6.86%
- Epoch 135, ExpID 82586
Train - Loss: 12730126.20
Val - Loss, MSE, RMSE, MAE, MAPE: 20461984.00, 20461984.00, 4486.68, 3272.48, 4.16%
Test - Best epoch, Loss, MSE, RMSE, MAE, MAPE: 135, 70427688.00, 70427689.00, 7955.41, 5820.55, 6.88%
- Epoch 136, ExpID 82586
Train - Loss: 12681790.85
Val - Loss, MSE, RMSE, MAE, MAPE: 20506360.00, 20506359.00, 4491.22, 3267.35, 4.15%
Test - Best epoch, Loss, MSE, RMSE, MAE, MAPE: 135, 70427688.00, 70427689.00, 7955.41, 5820.55, 6.88%
- Epoch 137, ExpID 82586
Train - Loss: 12647132.65
Val - Loss, MSE, RMSE, MAE, MAPE: 20526334.00, 20526334.00, 4493.55, 3268.50, 4.15%
Test - Best epoch, Loss, MSE, RMSE, MAE, MAPE: 135, 70427688.00, 70427689.00, 7955.41, 5820.55, 6.88%
- Epoch 138, ExpID 82586
Train - Loss: 12619000.00
Val - Loss, MSE, RMSE, MAE, MAPE: 20699158.00, 20699158.50, 4510.93, 3278.22, 4.16%
Test - Best epoch, Loss, MSE, RMSE, MAE, MAPE: 135, 70427688.00, 70427689.00, 7955.41, 5820.55, 6.88%
- Epoch 139, ExpID 82586
Train - Loss: 12738358.40
Val - Loss, MSE, RMSE, MAE, MAPE: 20581598.00, 20581598.50, 4498.93, 3267.94, 4.15%
Test - Best epoch, Loss, MSE, RMSE, MAE, MAPE: 135, 70427688.00, 70427689.00, 7955.41, 5820.55, 6.88%
- Epoch 140, ExpID 82586
Train - Loss: 12649565.10
Val - Loss, MSE, RMSE, MAE, MAPE: 20463990.00, 20463990.00, 4486.69, 3265.80, 4.15%
Test - Best epoch, Loss, MSE, RMSE, MAE, MAPE: 135, 70427688.00, 70427689.00, 7955.41, 5820.55, 6.88%
- Epoch 141, ExpID 82586
Train - Loss: 12599769.60
Val - Loss, MSE, RMSE, MAE, MAPE: 20634764.00, 20634763.50, 4502.65, 3276.10, 4.15%
Test - Best epoch, Loss, MSE, RMSE, MAE, MAPE: 135, 70427688.00, 70427689.00, 7955.41, 5820.55, 6.88%
- Epoch 142, ExpID 82586
Train - Loss: 12514643.70
Val - Loss, MSE, RMSE, MAE, MAPE: 20539810.00, 20539810.50, 4491.57, 3267.84, 4.15%
Test - Best epoch, Loss, MSE, RMSE, MAE, MAPE: 135, 70427688.00, 70427689.00, 7955.41, 5820.55, 6.88%
- Epoch 143, ExpID 82586
Train - Loss: 12535067.00
Val - Loss, MSE, RMSE, MAE, MAPE: 20489326.00, 20489326.50, 4487.87, 3261.77, 4.14%
Test - Best epoch, Loss, MSE, RMSE, MAE, MAPE: 135, 70427688.00, 70427689.00, 7955.41, 5820.55, 6.88%
- Epoch 144, ExpID 82586
Train - Loss: 12515521.00
Val - Loss, MSE, RMSE, MAE, MAPE: 20389348.00, 20389348.50, 4475.04, 3246.50, 4.12%
Test - Best epoch, Loss, MSE, RMSE, MAE, MAPE: 144, 70141320.00, 70141318.00, 7946.11, 5812.23, 6.85%
- Epoch 145, ExpID 82586
Train - Loss: 12481456.25
Val - Loss, MSE, RMSE, MAE, MAPE: 20290934.00, 20290934.50, 4464.24, 3248.26, 4.13%
Test - Best epoch, Loss, MSE, RMSE, MAE, MAPE: 145, 69327656.00, 69327653.00, 7898.83, 5780.01, 6.82%
- Epoch 146, ExpID 82586
Train - Loss: 12522453.85
Val - Loss, MSE, RMSE, MAE, MAPE: 20269720.00, 20269720.50, 4463.47, 3248.94, 4.13%
Test - Best epoch, Loss, MSE, RMSE, MAE, MAPE: 146, 70291200.00, 70291202.00, 7964.48, 5826.43, 6.88%
- Epoch 147, ExpID 82586
Train - Loss: 12381844.55
Val - Loss, MSE, RMSE, MAE, MAPE: 20196362.00, 20196361.50, 4455.16, 3238.28, 4.11%
Test - Best epoch, Loss, MSE, RMSE, MAE, MAPE: 147, 69408712.00, 69408710.00, 7902.19, 5785.37, 6.82%
- Epoch 148, ExpID 82586
Train - Loss: 12460991.25
Val - Loss, MSE, RMSE, MAE, MAPE: 20243704.00, 20243703.50, 4462.68, 3240.78, 4.12%
Test - Best epoch, Loss, MSE, RMSE, MAE, MAPE: 147, 69408712.00, 69408710.00, 7902.19, 5785.37, 6.82%
- Epoch 149, ExpID 82586
Train - Loss: 12363957.20
Val - Loss, MSE, RMSE, MAE, MAPE: 20376330.00, 20376330.50, 4472.85, 3255.84, 4.13%
Test - Best epoch, Loss, MSE, RMSE, MAE, MAPE: 147, 69408712.00, 69408710.00, 7902.19, 5785.37, 6.82%
- Epoch 150, ExpID 82586
Train - Loss: 12322679.95
Val - Loss, MSE, RMSE, MAE, MAPE: 20374268.00, 20374269.00, 4473.77, 3255.61, 4.14%
Test - Best epoch, Loss, MSE, RMSE, MAE, MAPE: 147, 69408712.00, 69408710.00, 7902.19, 5785.37, 6.82%
- Epoch 151, ExpID 82586
Train - Loss: 12436725.15
Val - Loss, MSE, RMSE, MAE, MAPE: 20469766.00, 20469765.50, 4483.88, 3270.40, 4.15%
Test - Best epoch, Loss, MSE, RMSE, MAE, MAPE: 147, 69408712.00, 69408710.00, 7902.19, 5785.37, 6.82%
- Epoch 152, ExpID 82586
Train - Loss: 12330712.45
Val - Loss, MSE, RMSE, MAE, MAPE: 20384122.00, 20384122.00, 4475.87, 3254.47, 4.13%
Test - Best epoch, Loss, MSE, RMSE, MAE, MAPE: 147, 69408712.00, 69408710.00, 7902.19, 5785.37, 6.82%
- Epoch 153, ExpID 82586
Train - Loss: 12381250.45
Val - Loss, MSE, RMSE, MAE, MAPE: 20388192.00, 20388192.50, 4475.65, 3252.30, 4.12%
Test - Best epoch, Loss, MSE, RMSE, MAE, MAPE: 147, 69408712.00, 69408710.00, 7902.19, 5785.37, 6.82%
- Epoch 154, ExpID 82586
Train - Loss: 12269066.00
Val - Loss, MSE, RMSE, MAE, MAPE: 20301488.00, 20301487.50, 4469.61, 3259.94, 4.15%
Test - Best epoch, Loss, MSE, RMSE, MAE, MAPE: 147, 69408712.00, 69408710.00, 7902.19, 5785.37, 6.82%
- Epoch 155, ExpID 82586
Train - Loss: 12310500.45
Val - Loss, MSE, RMSE, MAE, MAPE: 20304122.00, 20304122.00, 4467.08, 3252.65, 4.13%
Test - Best epoch, Loss, MSE, RMSE, MAE, MAPE: 147, 69408712.00, 69408710.00, 7902.19, 5785.37, 6.82%
- Epoch 156, ExpID 82586
Train - Loss: 12342768.30
Val - Loss, MSE, RMSE, MAE, MAPE: 20556416.00, 20556415.50, 4495.15, 3264.11, 4.15%
Test - Best epoch, Loss, MSE, RMSE, MAE, MAPE: 147, 69408712.00, 69408710.00, 7902.19, 5785.37, 6.82%
- Epoch 157, ExpID 82586
Train - Loss: 12208122.30
Val - Loss, MSE, RMSE, MAE, MAPE: 20407466.00, 20407466.50, 4478.92, 3261.81, 4.14%
Test - Best epoch, Loss, MSE, RMSE, MAE, MAPE: 147, 69408712.00, 69408710.00, 7902.19, 5785.37, 6.82%
Early Stopping at Epoch 157
Fold 2017 Best RMSE: 7902.1858

-------------------- [Fold: 2018] ExpID: 33688 --------------------
- Epoch 000, ExpID 33688
Train - Loss: 39490498.67
Val - Loss, MSE, RMSE, MAE, MAPE: 84787176.00, 84787176.00, 9173.20, 7077.76, 8.43%
Test - Best epoch, Loss, MSE, RMSE, MAE, MAPE: 0, 53700184.00, 53700186.00, 7326.97, 5685.48, 6.20%
- Epoch 001, ExpID 33688
Train - Loss: 31115116.86
Val - Loss, MSE, RMSE, MAE, MAPE: 80539448.00, 80539446.00, 8894.60, 6737.51, 7.96%
Test - Best epoch, Loss, MSE, RMSE, MAE, MAPE: 1, 50041872.00, 50041870.00, 7073.83, 5486.56, 5.94%
- Epoch 002, ExpID 33688
Train - Loss: 27788503.62
Val - Loss, MSE, RMSE, MAE, MAPE: 80042256.00, 80042252.00, 8789.70, 6641.01, 7.86%
Test - Best epoch, Loss, MSE, RMSE, MAE, MAPE: 2, 46599664.00, 46599664.00, 6823.22, 5271.60, 5.72%
- Epoch 003, ExpID 33688
Train - Loss: 25469007.71
Val - Loss, MSE, RMSE, MAE, MAPE: 82442288.00, 82442290.00, 8834.43, 6735.92, 7.96%
Test - Best epoch, Loss, MSE, RMSE, MAE, MAPE: 2, 46599664.00, 46599664.00, 6823.22, 5271.60, 5.72%
- Epoch 004, ExpID 33688
Train - Loss: 24253581.33
Val - Loss, MSE, RMSE, MAE, MAPE: 83769632.00, 83769636.00, 8845.20, 6733.90, 8.03%
Test - Best epoch, Loss, MSE, RMSE, MAE, MAPE: 2, 46599664.00, 46599664.00, 6823.22, 5271.60, 5.72%
- Epoch 005, ExpID 33688
Train - Loss: 23484927.24
Val - Loss, MSE, RMSE, MAE, MAPE: 82429400.00, 82429402.00, 8772.71, 6661.14, 7.89%
Test - Best epoch, Loss, MSE, RMSE, MAE, MAPE: 2, 46599664.00, 46599664.00, 6823.22, 5271.60, 5.72%
- Epoch 006, ExpID 33688
Train - Loss: 23105607.81
Val - Loss, MSE, RMSE, MAE, MAPE: 83151608.00, 83151608.00, 8814.85, 6696.60, 7.88%
Test - Best epoch, Loss, MSE, RMSE, MAE, MAPE: 2, 46599664.00, 46599664.00, 6823.22, 5271.60, 5.72%
- Epoch 007, ExpID 33688
Train - Loss: 22899698.95
Val - Loss, MSE, RMSE, MAE, MAPE: 81646464.00, 81646468.00, 8722.14, 6610.02, 7.79%
Test - Best epoch, Loss, MSE, RMSE, MAE, MAPE: 2, 46599664.00, 46599664.00, 6823.22, 5271.60, 5.72%
- Epoch 008, ExpID 33688
Train - Loss: 22475773.33
Val - Loss, MSE, RMSE, MAE, MAPE: 79260360.00, 79260360.00, 8576.91, 6433.17, 7.67%
Test - Best epoch, Loss, MSE, RMSE, MAE, MAPE: 8, 40711280.00, 40711282.00, 6367.27, 4837.25, 5.28%
- Epoch 009, ExpID 33688
Train - Loss: 22255123.52
Val - Loss, MSE, RMSE, MAE, MAPE: 79550040.00, 79550038.00, 8581.55, 6477.17, 7.67%
Test - Best epoch, Loss, MSE, RMSE, MAE, MAPE: 8, 40711280.00, 40711282.00, 6367.27, 4837.25, 5.28%
- Epoch 010, ExpID 33688
Train - Loss: 22120411.90
Val - Loss, MSE, RMSE, MAE, MAPE: 78037472.00, 78037472.00, 8506.47, 6403.54, 7.58%
Test - Best epoch, Loss, MSE, RMSE, MAE, MAPE: 10, 40597120.00, 40597118.00, 6357.28, 4822.33, 5.24%
- Epoch 011, ExpID 33688
Train - Loss: 21753668.00
Val - Loss, MSE, RMSE, MAE, MAPE: 77029800.00, 77029800.00, 8444.16, 6353.17, 7.53%
Test - Best epoch, Loss, MSE, RMSE, MAE, MAPE: 11, 40063520.00, 40063522.00, 6314.97, 4782.70, 5.21%
- Epoch 012, ExpID 33688
Train - Loss: 21625661.33
Val - Loss, MSE, RMSE, MAE, MAPE: 77843856.00, 77843854.00, 8481.12, 6401.38, 7.54%
Test - Best epoch, Loss, MSE, RMSE, MAE, MAPE: 11, 40063520.00, 40063522.00, 6314.97, 4782.70, 5.21%
- Epoch 013, ExpID 33688
Train - Loss: 21373062.67
Val - Loss, MSE, RMSE, MAE, MAPE: 76893952.00, 76893954.00, 8419.43, 6321.74, 7.48%
Test - Best epoch, Loss, MSE, RMSE, MAE, MAPE: 13, 39732560.00, 39732558.00, 6287.69, 4742.56, 5.16%
- Epoch 014, ExpID 33688
Train - Loss: 21336847.62
Val - Loss, MSE, RMSE, MAE, MAPE: 76396688.00, 76396684.00, 8395.40, 6308.35, 7.46%
Test - Best epoch, Loss, MSE, RMSE, MAE, MAPE: 14, 39589480.00, 39589480.00, 6276.95, 4735.11, 5.15%
- Epoch 015, ExpID 33688
Train - Loss: 21065011.33
Val - Loss, MSE, RMSE, MAE, MAPE: 75969312.00, 75969308.00, 8350.75, 6269.83, 7.41%
Test - Best epoch, Loss, MSE, RMSE, MAE, MAPE: 15, 39255320.00, 39255318.00, 6247.34, 4707.74, 5.12%
- Epoch 016, ExpID 33688
Train - Loss: 20848305.81
Val - Loss, MSE, RMSE, MAE, MAPE: 77030240.00, 77030240.00, 8421.73, 6349.27, 7.48%
Test - Best epoch, Loss, MSE, RMSE, MAE, MAPE: 15, 39255320.00, 39255318.00, 6247.34, 4707.74, 5.12%
- Epoch 017, ExpID 33688
Train - Loss: 20693467.71
Val - Loss, MSE, RMSE, MAE, MAPE: 76649424.00, 76649422.00, 8378.35, 6300.16, 7.45%
Test - Best epoch, Loss, MSE, RMSE, MAE, MAPE: 15, 39255320.00, 39255318.00, 6247.34, 4707.74, 5.12%
- Epoch 018, ExpID 33688
Train - Loss: 20435528.29
Val - Loss, MSE, RMSE, MAE, MAPE: 76352472.00, 76352472.00, 8355.50, 6265.11, 7.41%
Test - Best epoch, Loss, MSE, RMSE, MAE, MAPE: 15, 39255320.00, 39255318.00, 6247.34, 4707.74, 5.12%
- Epoch 019, ExpID 33688
Train - Loss: 20275178.10
Val - Loss, MSE, RMSE, MAE, MAPE: 76494520.00, 76494521.00, 8358.54, 6263.57, 7.39%
Test - Best epoch, Loss, MSE, RMSE, MAE, MAPE: 15, 39255320.00, 39255318.00, 6247.34, 4707.74, 5.12%
- Epoch 020, ExpID 33688
Train - Loss: 20251497.33
Val - Loss, MSE, RMSE, MAE, MAPE: 75855392.00, 75855395.00, 8315.47, 6213.42, 7.34%
Test - Best epoch, Loss, MSE, RMSE, MAE, MAPE: 20, 38212904.00, 38212904.00, 6162.67, 4624.43, 5.04%
- Epoch 021, ExpID 33688
Train - Loss: 19995670.19
Val - Loss, MSE, RMSE, MAE, MAPE: 76011504.00, 76011508.00, 8317.59, 6206.17, 7.33%
Test - Best epoch, Loss, MSE, RMSE, MAE, MAPE: 20, 38212904.00, 38212904.00, 6162.67, 4624.43, 5.04%
- Epoch 022, ExpID 33688
Train - Loss: 19919023.90
Val - Loss, MSE, RMSE, MAE, MAPE: 76160240.00, 76160238.00, 8311.19, 6236.12, 7.34%
Test - Best epoch, Loss, MSE, RMSE, MAE, MAPE: 20, 38212904.00, 38212904.00, 6162.67, 4624.43, 5.04%
- Epoch 023, ExpID 33688
Train - Loss: 19759034.19
Val - Loss, MSE, RMSE, MAE, MAPE: 76335536.00, 76335538.00, 8327.88, 6200.66, 7.30%
Test - Best epoch, Loss, MSE, RMSE, MAE, MAPE: 20, 38212904.00, 38212904.00, 6162.67, 4624.43, 5.04%
- Epoch 024, ExpID 33688
Train - Loss: 19644936.76
Val - Loss, MSE, RMSE, MAE, MAPE: 74492824.00, 74492822.00, 8216.60, 6082.09, 7.18%
Test - Best epoch, Loss, MSE, RMSE, MAE, MAPE: 24, 37380144.00, 37380145.00, 6093.06, 4561.81, 4.97%
- Epoch 025, ExpID 33688
Train - Loss: 19486909.90
Val - Loss, MSE, RMSE, MAE, MAPE: 76690192.00, 76690193.00, 8326.26, 6216.55, 7.31%
Test - Best epoch, Loss, MSE, RMSE, MAE, MAPE: 24, 37380144.00, 37380145.00, 6093.06, 4561.81, 4.97%
- Epoch 026, ExpID 33688
Train - Loss: 19268310.76
Val - Loss, MSE, RMSE, MAE, MAPE: 76577464.00, 76577467.00, 8302.88, 6173.60, 7.27%
Test - Best epoch, Loss, MSE, RMSE, MAE, MAPE: 24, 37380144.00, 37380145.00, 6093.06, 4561.81, 4.97%
- Epoch 027, ExpID 33688
Train - Loss: 19255254.38
Val - Loss, MSE, RMSE, MAE, MAPE: 74611488.00, 74611485.00, 8208.67, 6058.88, 7.15%
Test - Best epoch, Loss, MSE, RMSE, MAE, MAPE: 24, 37380144.00, 37380145.00, 6093.06, 4561.81, 4.97%
- Epoch 028, ExpID 33688
Train - Loss: 19107483.52
Val - Loss, MSE, RMSE, MAE, MAPE: 76948656.00, 76948660.00, 8330.05, 6206.09, 7.30%
Test - Best epoch, Loss, MSE, RMSE, MAE, MAPE: 24, 37380144.00, 37380145.00, 6093.06, 4561.81, 4.97%
- Epoch 029, ExpID 33688
Train - Loss: 18995723.52
Val - Loss, MSE, RMSE, MAE, MAPE: 76465424.00, 76465422.00, 8304.48, 6164.89, 7.25%
Test - Best epoch, Loss, MSE, RMSE, MAE, MAPE: 24, 37380144.00, 37380145.00, 6093.06, 4561.81, 4.97%
- Epoch 030, ExpID 33688
Train - Loss: 18833773.52
Val - Loss, MSE, RMSE, MAE, MAPE: 76452392.00, 76452394.00, 8288.03, 6143.35, 7.22%
Test - Best epoch, Loss, MSE, RMSE, MAE, MAPE: 24, 37380144.00, 37380145.00, 6093.06, 4561.81, 4.97%
- Epoch 031, ExpID 33688
Train - Loss: 18808425.05
Val - Loss, MSE, RMSE, MAE, MAPE: 77296896.00, 77296898.00, 8333.02, 6190.72, 7.28%
Test - Best epoch, Loss, MSE, RMSE, MAE, MAPE: 24, 37380144.00, 37380145.00, 6093.06, 4561.81, 4.97%
- Epoch 032, ExpID 33688
Train - Loss: 18669948.71
Val - Loss, MSE, RMSE, MAE, MAPE: 76201080.00, 76201081.00, 8279.75, 6134.21, 7.21%
Test - Best epoch, Loss, MSE, RMSE, MAE, MAPE: 24, 37380144.00, 37380145.00, 6093.06, 4561.81, 4.97%
- Epoch 033, ExpID 33688
Train - Loss: 18520378.00
Val - Loss, MSE, RMSE, MAE, MAPE: 77453728.00, 77453732.00, 8322.64, 6180.71, 7.26%
Test - Best epoch, Loss, MSE, RMSE, MAE, MAPE: 24, 37380144.00, 37380145.00, 6093.06, 4561.81, 4.97%
- Epoch 034, ExpID 33688
Train - Loss: 18454093.81
Val - Loss, MSE, RMSE, MAE, MAPE: 77442304.00, 77442305.00, 8330.73, 6181.91, 7.25%
Test - Best epoch, Loss, MSE, RMSE, MAE, MAPE: 24, 37380144.00, 37380145.00, 6093.06, 4561.81, 4.97%
Early Stopping at Epoch 34
Fold 2018 Best RMSE: 6093.0557

-------------------- [Fold: 2019] ExpID: 53145 --------------------
- Epoch 000, ExpID 53145
Train - Loss: 41453932.26
Val - Loss, MSE, RMSE, MAE, MAPE: 53042784.00, 53042784.00, 7282.19, 5632.19, 6.10%
Test - Best epoch, Loss, MSE, RMSE, MAE, MAPE: 0, 53357024.00, 53357026.00, 7176.63, 5537.70, 5.80%
- Epoch 001, ExpID 53145
Train - Loss: 33237938.35
Val - Loss, MSE, RMSE, MAE, MAPE: 48976480.00, 48976480.00, 6997.58, 5439.48, 5.93%
Test - Best epoch, Loss, MSE, RMSE, MAE, MAPE: 1, 49165152.00, 49165153.00, 6905.65, 5285.58, 5.58%
- Epoch 002, ExpID 53145
Train - Loss: 30133047.30
Val - Loss, MSE, RMSE, MAE, MAPE: 45547368.00, 45547366.00, 6744.29, 5221.23, 5.66%
Test - Best epoch, Loss, MSE, RMSE, MAE, MAPE: 2, 44543804.00, 44543804.00, 6572.94, 4996.86, 5.25%
- Epoch 003, ExpID 53145
Train - Loss: 28202137.74
Val - Loss, MSE, RMSE, MAE, MAPE: 43488764.00, 43488764.00, 6588.59, 5075.90, 5.51%
Test - Best epoch, Loss, MSE, RMSE, MAE, MAPE: 3, 41600920.00, 41600918.00, 6345.58, 4780.75, 5.02%
- Epoch 004, ExpID 53145
Train - Loss: 27038272.00
Val - Loss, MSE, RMSE, MAE, MAPE: 42317144.00, 42317142.00, 6496.56, 5000.86, 5.47%
Test - Best epoch, Loss, MSE, RMSE, MAE, MAPE: 4, 40616040.00, 40616038.00, 6270.09, 4720.92, 4.99%
- Epoch 005, ExpID 53145
Train - Loss: 26411460.78
Val - Loss, MSE, RMSE, MAE, MAPE: 41563568.00, 41563570.00, 6436.20, 4937.96, 5.37%
Test - Best epoch, Loss, MSE, RMSE, MAE, MAPE: 5, 39492616.00, 39492616.00, 6192.41, 4636.30, 4.88%
- Epoch 006, ExpID 53145
Train - Loss: 25587215.91
Val - Loss, MSE, RMSE, MAE, MAPE: 41393492.00, 41393492.00, 6422.99, 4923.51, 5.35%
Test - Best epoch, Loss, MSE, RMSE, MAE, MAPE: 6, 38845100.00, 38845099.00, 6140.81, 4597.47, 4.83%
- Epoch 007, ExpID 53145
Train - Loss: 25167769.39
Val - Loss, MSE, RMSE, MAE, MAPE: 40807352.00, 40807350.00, 6375.23, 4865.89, 5.28%
Test - Best epoch, Loss, MSE, RMSE, MAE, MAPE: 7, 38087904.00, 38087906.00, 6082.05, 4532.61, 4.76%
- Epoch 008, ExpID 53145
Train - Loss: 24831959.48
Val - Loss, MSE, RMSE, MAE, MAPE: 40409100.00, 40409100.00, 6344.57, 4840.52, 5.28%
Test - Best epoch, Loss, MSE, RMSE, MAE, MAPE: 8, 37734676.00, 37734677.00, 6046.61, 4526.33, 4.77%
- Epoch 009, ExpID 53145
Train - Loss: 24562696.78
Val - Loss, MSE, RMSE, MAE, MAPE: 40253192.00, 40253192.00, 6335.03, 4814.13, 5.27%
Test - Best epoch, Loss, MSE, RMSE, MAE, MAPE: 9, 37549064.00, 37549066.00, 6022.34, 4538.40, 4.80%
- Epoch 010, ExpID 53145
Train - Loss: 24219910.09
Val - Loss, MSE, RMSE, MAE, MAPE: 39973796.00, 39973796.00, 6311.17, 4791.26, 5.22%
Test - Best epoch, Loss, MSE, RMSE, MAE, MAPE: 10, 36819336.00, 36819334.00, 5968.71, 4474.99, 4.72%
- Epoch 011, ExpID 53145
Train - Loss: 23946460.09
Val - Loss, MSE, RMSE, MAE, MAPE: 40320136.00, 40320138.00, 6339.17, 4798.55, 5.21%
Test - Best epoch, Loss, MSE, RMSE, MAE, MAPE: 10, 36819336.00, 36819334.00, 5968.71, 4474.99, 4.72%
- Epoch 012, ExpID 53145
Train - Loss: 23758460.09
Val - Loss, MSE, RMSE, MAE, MAPE: 40112944.00, 40112946.00, 6324.51, 4781.11, 5.20%
Test - Best epoch, Loss, MSE, RMSE, MAE, MAPE: 10, 36819336.00, 36819334.00, 5968.71, 4474.99, 4.72%
- Epoch 013, ExpID 53145
Train - Loss: 23549464.87
Val - Loss, MSE, RMSE, MAE, MAPE: 39524548.00, 39524548.00, 6274.87, 4742.65, 5.18%
Test - Best epoch, Loss, MSE, RMSE, MAE, MAPE: 13, 35924960.00, 35924962.00, 5892.75, 4416.67, 4.66%
- Epoch 014, ExpID 53145
Train - Loss: 23517592.78
Val - Loss, MSE, RMSE, MAE, MAPE: 39555944.00, 39555946.00, 6277.44, 4731.52, 5.14%
Test - Best epoch, Loss, MSE, RMSE, MAE, MAPE: 13, 35924960.00, 35924962.00, 5892.75, 4416.67, 4.66%
- Epoch 015, ExpID 53145
Train - Loss: 23208084.61
Val - Loss, MSE, RMSE, MAE, MAPE: 38994832.00, 38994830.00, 6233.48, 4686.80, 5.11%
Test - Best epoch, Loss, MSE, RMSE, MAE, MAPE: 15, 35254680.00, 35254680.00, 5838.37, 4357.51, 4.59%
- Epoch 016, ExpID 53145
Train - Loss: 23044596.43
Val - Loss, MSE, RMSE, MAE, MAPE: 39402224.00, 39402224.00, 6266.02, 4712.33, 5.11%
Test - Best epoch, Loss, MSE, RMSE, MAE, MAPE: 15, 35254680.00, 35254680.00, 5838.37, 4357.51, 4.59%
- Epoch 017, ExpID 53145
Train - Loss: 22726355.39
Val - Loss, MSE, RMSE, MAE, MAPE: 38694160.00, 38694162.00, 6210.70, 4660.03, 5.08%
Test - Best epoch, Loss, MSE, RMSE, MAE, MAPE: 17, 34881116.00, 34881117.00, 5805.10, 4337.04, 4.56%
- Epoch 018, ExpID 53145
Train - Loss: 22613355.57
Val - Loss, MSE, RMSE, MAE, MAPE: 38918032.00, 38918034.00, 6229.75, 4674.69, 5.09%
Test - Best epoch, Loss, MSE, RMSE, MAE, MAPE: 17, 34881116.00, 34881117.00, 5805.10, 4337.04, 4.56%
- Epoch 019, ExpID 53145
Train - Loss: 22761090.70
Val - Loss, MSE, RMSE, MAE, MAPE: 38481044.00, 38481044.00, 6192.47, 4646.69, 5.06%
Test - Best epoch, Loss, MSE, RMSE, MAE, MAPE: 19, 34484460.00, 34484459.00, 5784.97, 4324.96, 4.54%
- Epoch 020, ExpID 53145
Train - Loss: 22485777.83
Val - Loss, MSE, RMSE, MAE, MAPE: 38013952.00, 38013951.00, 6154.31, 4612.23, 5.02%
Test - Best epoch, Loss, MSE, RMSE, MAE, MAPE: 20, 34347968.00, 34347970.00, 5775.92, 4314.80, 4.53%
- Epoch 021, ExpID 53145
Train - Loss: 22155592.17
Val - Loss, MSE, RMSE, MAE, MAPE: 37611792.00, 37611793.00, 6121.21, 4578.25, 4.99%
Test - Best epoch, Loss, MSE, RMSE, MAE, MAPE: 21, 34004672.00, 34004672.00, 5744.34, 4288.34, 4.51%
- Epoch 022, ExpID 53145
Train - Loss: 22132086.26
Val - Loss, MSE, RMSE, MAE, MAPE: 38307804.00, 38307804.00, 6177.56, 4621.85, 5.00%
Test - Best epoch, Loss, MSE, RMSE, MAE, MAPE: 21, 34004672.00, 34004672.00, 5744.34, 4288.34, 4.51%
- Epoch 023, ExpID 53145
Train - Loss: 21971485.30
Val - Loss, MSE, RMSE, MAE, MAPE: 37357528.00, 37357527.00, 6101.34, 4559.29, 4.96%
Test - Best epoch, Loss, MSE, RMSE, MAE, MAPE: 23, 33676000.00, 33675998.00, 5720.42, 4278.78, 4.49%
- Epoch 024, ExpID 53145
Train - Loss: 21609964.87
Val - Loss, MSE, RMSE, MAE, MAPE: 37120096.00, 37120094.00, 6082.18, 4544.81, 4.95%
Test - Best epoch, Loss, MSE, RMSE, MAE, MAPE: 24, 33541796.00, 33541796.00, 5703.41, 4260.93, 4.48%
- Epoch 025, ExpID 53145
Train - Loss: 21543632.52
Val - Loss, MSE, RMSE, MAE, MAPE: 36759480.00, 36759478.00, 6051.06, 4510.12, 4.91%
Test - Best epoch, Loss, MSE, RMSE, MAE, MAPE: 25, 33223102.00, 33223102.00, 5680.88, 4237.80, 4.45%
- Epoch 026, ExpID 53145
Train - Loss: 21360335.39
Val - Loss, MSE, RMSE, MAE, MAPE: 36573632.00, 36573630.00, 6034.28, 4499.14, 4.90%
Test - Best epoch, Loss, MSE, RMSE, MAE, MAPE: 26, 33204830.00, 33204830.00, 5680.30, 4236.39, 4.45%
- Epoch 027, ExpID 53145
Train - Loss: 21442860.52
Val - Loss, MSE, RMSE, MAE, MAPE: 36478364.00, 36478365.00, 6027.40, 4489.76, 4.88%
Test - Best epoch, Loss, MSE, RMSE, MAE, MAPE: 27, 32942088.00, 32942089.00, 5659.41, 4206.70, 4.41%
- Epoch 028, ExpID 53145
Train - Loss: 21087210.35
Val - Loss, MSE, RMSE, MAE, MAPE: 36102472.00, 36102474.00, 5996.95, 4462.83, 4.88%
Test - Best epoch, Loss, MSE, RMSE, MAE, MAPE: 28, 32996632.00, 32996631.00, 5655.35, 4235.64, 4.47%
- Epoch 029, ExpID 53145
Train - Loss: 21199054.61
Val - Loss, MSE, RMSE, MAE, MAPE: 35908704.00, 35908702.00, 5980.76, 4452.59, 4.85%
Test - Best epoch, Loss, MSE, RMSE, MAE, MAPE: 29, 32598290.00, 32598290.00, 5625.92, 4198.83, 4.41%
- Epoch 030, ExpID 53145
Train - Loss: 20988422.61
Val - Loss, MSE, RMSE, MAE, MAPE: 35925552.00, 35925550.00, 5981.32, 4448.75, 4.83%
Test - Best epoch, Loss, MSE, RMSE, MAE, MAPE: 29, 32598290.00, 32598290.00, 5625.92, 4198.83, 4.41%
- Epoch 031, ExpID 53145
Train - Loss: 20969713.04
Val - Loss, MSE, RMSE, MAE, MAPE: 35652716.00, 35652716.00, 5958.28, 4425.48, 4.81%
Test - Best epoch, Loss, MSE, RMSE, MAE, MAPE: 31, 32479392.00, 32479393.00, 5618.86, 4177.39, 4.38%
- Epoch 032, ExpID 53145
Train - Loss: 20831262.26
Val - Loss, MSE, RMSE, MAE, MAPE: 35468828.00, 35468827.00, 5944.87, 4407.68, 4.80%
Test - Best epoch, Loss, MSE, RMSE, MAE, MAPE: 32, 32252332.00, 32252331.00, 5589.97, 4176.62, 4.39%
- Epoch 033, ExpID 53145
Train - Loss: 20696768.43
Val - Loss, MSE, RMSE, MAE, MAPE: 35364232.00, 35364230.00, 5935.72, 4397.84, 4.79%
Test - Best epoch, Loss, MSE, RMSE, MAE, MAPE: 33, 31991884.00, 31991884.00, 5568.16, 4157.37, 4.37%
- Epoch 034, ExpID 53145
Train - Loss: 20433168.43
Val - Loss, MSE, RMSE, MAE, MAPE: 35182584.00, 35182586.00, 5920.18, 4379.21, 4.77%
Test - Best epoch, Loss, MSE, RMSE, MAE, MAPE: 34, 31873734.00, 31873734.00, 5559.41, 4139.58, 4.34%
- Epoch 035, ExpID 53145
Train - Loss: 20420269.30
Val - Loss, MSE, RMSE, MAE, MAPE: 34761832.00, 34761833.00, 5884.24, 4350.27, 4.75%
Test - Best epoch, Loss, MSE, RMSE, MAE, MAPE: 35, 31740940.00, 31740940.00, 5542.66, 4141.02, 4.36%
- Epoch 036, ExpID 53145
Train - Loss: 20216500.78
Val - Loss, MSE, RMSE, MAE, MAPE: 34714584.00, 34714585.00, 5878.78, 4341.43, 4.72%
Test - Best epoch, Loss, MSE, RMSE, MAE, MAPE: 36, 31690864.00, 31690864.00, 5547.22, 4124.35, 4.32%
- Epoch 037, ExpID 53145
Train - Loss: 20054757.57
Val - Loss, MSE, RMSE, MAE, MAPE: 35472052.00, 35472051.00, 5943.34, 4394.67, 4.75%
Test - Best epoch, Loss, MSE, RMSE, MAE, MAPE: 36, 31690864.00, 31690864.00, 5547.22, 4124.35, 4.32%
- Epoch 038, ExpID 53145
Train - Loss: 19991338.26
Val - Loss, MSE, RMSE, MAE, MAPE: 34844752.00, 34844750.00, 5888.12, 4371.31, 4.74%
Test - Best epoch, Loss, MSE, RMSE, MAE, MAPE: 36, 31690864.00, 31690864.00, 5547.22, 4124.35, 4.32%
- Epoch 039, ExpID 53145
Train - Loss: 19968753.74
Val - Loss, MSE, RMSE, MAE, MAPE: 34225676.00, 34225675.00, 5836.92, 4308.64, 4.69%
Test - Best epoch, Loss, MSE, RMSE, MAE, MAPE: 39, 31484112.00, 31484113.00, 5523.62, 4109.05, 4.32%
- Epoch 040, ExpID 53145
Train - Loss: 19883611.22
Val - Loss, MSE, RMSE, MAE, MAPE: 34222212.00, 34222213.00, 5836.11, 4300.32, 4.67%
Test - Best epoch, Loss, MSE, RMSE, MAE, MAPE: 40, 31235444.00, 31235443.00, 5507.13, 4087.88, 4.28%
- Epoch 041, ExpID 53145
Train - Loss: 19594663.87
Val - Loss, MSE, RMSE, MAE, MAPE: 33994840.00, 33994838.00, 5816.84, 4291.03, 4.67%
Test - Best epoch, Loss, MSE, RMSE, MAE, MAPE: 41, 31275244.00, 31275244.00, 5504.91, 4097.37, 4.30%
- Epoch 042, ExpID 53145
Train - Loss: 19660141.83
Val - Loss, MSE, RMSE, MAE, MAPE: 34189084.00, 34189083.00, 5833.83, 4301.77, 4.67%
Test - Best epoch, Loss, MSE, RMSE, MAE, MAPE: 41, 31275244.00, 31275244.00, 5504.91, 4097.37, 4.30%
- Epoch 043, ExpID 53145
Train - Loss: 19531295.48
Val - Loss, MSE, RMSE, MAE, MAPE: 34018452.00, 34018451.00, 5817.40, 4285.37, 4.65%
Test - Best epoch, Loss, MSE, RMSE, MAE, MAPE: 41, 31275244.00, 31275244.00, 5504.91, 4097.37, 4.30%
- Epoch 044, ExpID 53145
Train - Loss: 19276305.65
Val - Loss, MSE, RMSE, MAE, MAPE: 34071624.00, 34071622.00, 5821.73, 4293.53, 4.66%
Test - Best epoch, Loss, MSE, RMSE, MAE, MAPE: 41, 31275244.00, 31275244.00, 5504.91, 4097.37, 4.30%
- Epoch 045, ExpID 53145
Train - Loss: 19290864.57
Val - Loss, MSE, RMSE, MAE, MAPE: 33986228.00, 33986229.00, 5814.06, 4290.93, 4.66%
Test - Best epoch, Loss, MSE, RMSE, MAE, MAPE: 45, 30918680.00, 30918679.00, 5481.58, 4074.28, 4.27%
- Epoch 046, ExpID 53145
Train - Loss: 19137782.13
Val - Loss, MSE, RMSE, MAE, MAPE: 34130824.00, 34130822.00, 5825.75, 4290.22, 4.65%
Test - Best epoch, Loss, MSE, RMSE, MAE, MAPE: 45, 30918680.00, 30918679.00, 5481.58, 4074.28, 4.27%
- Epoch 047, ExpID 53145
Train - Loss: 19161191.74
Val - Loss, MSE, RMSE, MAE, MAPE: 33884964.00, 33884964.00, 5807.12, 4288.40, 4.65%
Test - Best epoch, Loss, MSE, RMSE, MAE, MAPE: 47, 30795560.00, 30795559.00, 5466.10, 4055.90, 4.24%
- Epoch 048, ExpID 53145
Train - Loss: 19067220.61
Val - Loss, MSE, RMSE, MAE, MAPE: 33831808.00, 33831808.00, 5800.92, 4275.36, 4.64%
Test - Best epoch, Loss, MSE, RMSE, MAE, MAPE: 48, 30929744.00, 30929743.00, 5478.64, 4061.54, 4.25%
- Epoch 049, ExpID 53145
Train - Loss: 18843684.52
Val - Loss, MSE, RMSE, MAE, MAPE: 34092176.00, 34092177.00, 5820.68, 4297.94, 4.65%
Test - Best epoch, Loss, MSE, RMSE, MAE, MAPE: 48, 30929744.00, 30929743.00, 5478.64, 4061.54, 4.25%
- Epoch 050, ExpID 53145
Train - Loss: 18738207.52
Val - Loss, MSE, RMSE, MAE, MAPE: 34263032.00, 34263030.00, 5836.95, 4312.74, 4.66%
Test - Best epoch, Loss, MSE, RMSE, MAE, MAPE: 48, 30929744.00, 30929743.00, 5478.64, 4061.54, 4.25%
- Epoch 051, ExpID 53145
Train - Loss: 18856870.57
Val - Loss, MSE, RMSE, MAE, MAPE: 33721604.00, 33721603.00, 5790.92, 4264.18, 4.62%
Test - Best epoch, Loss, MSE, RMSE, MAE, MAPE: 51, 30508712.00, 30508711.00, 5439.38, 4036.39, 4.23%
- Epoch 052, ExpID 53145
Train - Loss: 18665675.48
Val - Loss, MSE, RMSE, MAE, MAPE: 34622392.00, 34622394.00, 5867.32, 4341.10, 4.69%
Test - Best epoch, Loss, MSE, RMSE, MAE, MAPE: 51, 30508712.00, 30508711.00, 5439.38, 4036.39, 4.23%
- Epoch 053, ExpID 53145
Train - Loss: 18557432.78
Val - Loss, MSE, RMSE, MAE, MAPE: 33909800.00, 33909802.00, 5803.58, 4285.40, 4.63%
Test - Best epoch, Loss, MSE, RMSE, MAE, MAPE: 51, 30508712.00, 30508711.00, 5439.38, 4036.39, 4.23%
- Epoch 054, ExpID 53145
Train - Loss: 18502465.26
Val - Loss, MSE, RMSE, MAE, MAPE: 33568528.00, 33568528.00, 5776.96, 4252.60, 4.61%
Test - Best epoch, Loss, MSE, RMSE, MAE, MAPE: 54, 30335568.00, 30335568.00, 5425.76, 4024.16, 4.21%
- Epoch 055, ExpID 53145
Train - Loss: 18428189.65
Val - Loss, MSE, RMSE, MAE, MAPE: 33314680.00, 33314679.00, 5756.07, 4228.17, 4.59%
Test - Best epoch, Loss, MSE, RMSE, MAE, MAPE: 55, 29901238.00, 29901238.00, 5377.60, 3991.80, 4.19%
- Epoch 056, ExpID 53145
Train - Loss: 18235753.22
Val - Loss, MSE, RMSE, MAE, MAPE: 33601052.00, 33601052.00, 5777.44, 4239.43, 4.59%
Test - Best epoch, Loss, MSE, RMSE, MAE, MAPE: 55, 29901238.00, 29901238.00, 5377.60, 3991.80, 4.19%
- Epoch 057, ExpID 53145
Train - Loss: 18301782.65
Val - Loss, MSE, RMSE, MAE, MAPE: 33587676.00, 33587675.00, 5776.74, 4252.19, 4.60%
Test - Best epoch, Loss, MSE, RMSE, MAE, MAPE: 55, 29901238.00, 29901238.00, 5377.60, 3991.80, 4.19%
- Epoch 058, ExpID 53145
Train - Loss: 18211936.30
Val - Loss, MSE, RMSE, MAE, MAPE: 32877708.00, 32877709.00, 5719.76, 4184.82, 4.56%
Test - Best epoch, Loss, MSE, RMSE, MAE, MAPE: 58, 29919172.00, 29919171.00, 5363.77, 3978.10, 4.18%
- Epoch 059, ExpID 53145
Train - Loss: 18145040.78
Val - Loss, MSE, RMSE, MAE, MAPE: 33605208.00, 33605208.00, 5778.99, 4251.60, 4.60%
Test - Best epoch, Loss, MSE, RMSE, MAE, MAPE: 58, 29919172.00, 29919171.00, 5363.77, 3978.10, 4.18%
- Epoch 060, ExpID 53145
Train - Loss: 18005627.04
Val - Loss, MSE, RMSE, MAE, MAPE: 33764992.00, 33764991.00, 5791.43, 4256.47, 4.61%
Test - Best epoch, Loss, MSE, RMSE, MAE, MAPE: 58, 29919172.00, 29919171.00, 5363.77, 3978.10, 4.18%
- Epoch 061, ExpID 53145
Train - Loss: 18070392.13
Val - Loss, MSE, RMSE, MAE, MAPE: 33841524.00, 33841523.00, 5798.33, 4276.42, 4.62%
Test - Best epoch, Loss, MSE, RMSE, MAE, MAPE: 58, 29919172.00, 29919171.00, 5363.77, 3978.10, 4.18%
- Epoch 062, ExpID 53145
Train - Loss: 17846682.87
Val - Loss, MSE, RMSE, MAE, MAPE: 33528260.00, 33528261.00, 5768.80, 4246.34, 4.59%
Test - Best epoch, Loss, MSE, RMSE, MAE, MAPE: 58, 29919172.00, 29919171.00, 5363.77, 3978.10, 4.18%
- Epoch 063, ExpID 53145
Train - Loss: 17923064.74
Val - Loss, MSE, RMSE, MAE, MAPE: 33382108.00, 33382108.00, 5757.48, 4242.80, 4.59%
Test - Best epoch, Loss, MSE, RMSE, MAE, MAPE: 58, 29919172.00, 29919171.00, 5363.77, 3978.10, 4.18%
- Epoch 064, ExpID 53145
Train - Loss: 17719912.09
Val - Loss, MSE, RMSE, MAE, MAPE: 33871740.00, 33871739.00, 5800.46, 4276.98, 4.62%
Test - Best epoch, Loss, MSE, RMSE, MAE, MAPE: 58, 29919172.00, 29919171.00, 5363.77, 3978.10, 4.18%
- Epoch 065, ExpID 53145
Train - Loss: 17927362.48
Val - Loss, MSE, RMSE, MAE, MAPE: 33199752.00, 33199752.00, 5742.36, 4218.12, 4.56%
Test - Best epoch, Loss, MSE, RMSE, MAE, MAPE: 58, 29919172.00, 29919171.00, 5363.77, 3978.10, 4.18%
- Epoch 066, ExpID 53145
Train - Loss: 17775697.30
Val - Loss, MSE, RMSE, MAE, MAPE: 32959824.00, 32959823.00, 5722.99, 4201.86, 4.55%
Test - Best epoch, Loss, MSE, RMSE, MAE, MAPE: 58, 29919172.00, 29919171.00, 5363.77, 3978.10, 4.18%
- Epoch 067, ExpID 53145
Train - Loss: 17612714.74
Val - Loss, MSE, RMSE, MAE, MAPE: 33175234.00, 33175234.00, 5739.76, 4215.87, 4.57%
Test - Best epoch, Loss, MSE, RMSE, MAE, MAPE: 58, 29919172.00, 29919171.00, 5363.77, 3978.10, 4.18%
- Epoch 068, ExpID 53145
Train - Loss: 17407441.70
Val - Loss, MSE, RMSE, MAE, MAPE: 33090360.00, 33090361.00, 5734.03, 4206.83, 4.56%
Test - Best epoch, Loss, MSE, RMSE, MAE, MAPE: 58, 29919172.00, 29919171.00, 5363.77, 3978.10, 4.18%
Early Stopping at Epoch 68
Fold 2019 Best RMSE: 5363.7737
