DETAILED LOG | Model: timexer | Seed: 1
FULL CONFIG: {'gpu': '6', 'target': 'both', 'cv_start_year': 2017, 'cv_end_year': 2019, 'test_year': 2024, 'use_corona': False, 'seq_len': 365, 'label_len': 0, 'pred_len': 14, 'batch_size': 256, 'epochs': 1000, 'patience': 10, 'lr': 0.0001, 'model': 'timexer', 'd_model': 64, 'n_heads': 2, 'n_layers': 6, 'dropout': 0.1, 'activation': 'gelu', 'patch_len': 7, 'factor': 5, 'norm_mode': 'revin', 'use_covar': True, 'use_dbloss': False, 'device': device(type='cuda'), 'stride': 16, 'file_path': 'dataset/airport_flight_with_holiday.csv', 'seed': 1, 'val_year': 2019, 'ndims': 2}

-------------------- [Fold: 2017] ExpID: 72154 --------------------
- Epoch 000, ExpID 72154
Train - Loss: 37453237.58
Val - Loss, MSE, RMSE, MAE, MAPE: 51016464.00, 51016462.00, 6909.98, 5493.22, 6.80%
Test - Best epoch, Loss, MSE, RMSE, MAE, MAPE: 0, 71665840.00, 71665844.00, 8385.42, 6230.69, 7.27%
- Epoch 001, ExpID 72154
Train - Loss: 28107341.47
Val - Loss, MSE, RMSE, MAE, MAPE: 42968496.00, 42968494.00, 6408.82, 5094.52, 6.32%
Test - Best epoch, Loss, MSE, RMSE, MAE, MAPE: 1, 66975768.00, 66975766.00, 7992.42, 5924.84, 6.88%
- Epoch 002, ExpID 72154
Train - Loss: 25192577.16
Val - Loss, MSE, RMSE, MAE, MAPE: 40889312.00, 40889312.00, 6274.19, 4933.63, 6.11%
Test - Best epoch, Loss, MSE, RMSE, MAE, MAPE: 2, 66084700.00, 66084700.00, 7878.15, 5744.95, 6.63%
- Epoch 003, ExpID 72154
Train - Loss: 23863044.00
Val - Loss, MSE, RMSE, MAE, MAPE: 37032360.00, 37032358.00, 5971.06, 4652.55, 5.80%
Test - Best epoch, Loss, MSE, RMSE, MAE, MAPE: 3, 63889168.00, 63889168.00, 7734.19, 5577.76, 6.48%
- Epoch 004, ExpID 72154
Train - Loss: 22722875.79
Val - Loss, MSE, RMSE, MAE, MAPE: 34499244.00, 34499243.00, 5773.90, 4475.15, 5.59%
Test - Best epoch, Loss, MSE, RMSE, MAE, MAPE: 4, 62630232.00, 62630230.00, 7644.15, 5480.17, 6.39%
- Epoch 005, ExpID 72154
Train - Loss: 21876903.68
Val - Loss, MSE, RMSE, MAE, MAPE: 33631704.00, 33631703.00, 5707.94, 4401.09, 5.49%
Test - Best epoch, Loss, MSE, RMSE, MAE, MAPE: 5, 62459292.00, 62459291.00, 7615.42, 5451.43, 6.35%
- Epoch 006, ExpID 72154
Train - Loss: 21201166.00
Val - Loss, MSE, RMSE, MAE, MAPE: 33963396.00, 33963396.00, 5738.70, 4406.07, 5.46%
Test - Best epoch, Loss, MSE, RMSE, MAE, MAPE: 5, 62459292.00, 62459291.00, 7615.42, 5451.43, 6.35%
- Epoch 007, ExpID 72154
Train - Loss: 20543807.47
Val - Loss, MSE, RMSE, MAE, MAPE: 32930396.00, 32930397.00, 5656.08, 4326.24, 5.37%
Test - Best epoch, Loss, MSE, RMSE, MAE, MAPE: 7, 62790920.00, 62790920.00, 7608.25, 5432.19, 6.31%
- Epoch 008, ExpID 72154
Train - Loss: 20075496.84
Val - Loss, MSE, RMSE, MAE, MAPE: 32121920.00, 32121920.00, 5587.53, 4243.82, 5.26%
Test - Best epoch, Loss, MSE, RMSE, MAE, MAPE: 8, 62695160.00, 62695162.00, 7592.47, 5416.97, 6.30%
- Epoch 009, ExpID 72154
Train - Loss: 19607326.21
Val - Loss, MSE, RMSE, MAE, MAPE: 33586876.00, 33586875.00, 5707.61, 4342.05, 5.35%
Test - Best epoch, Loss, MSE, RMSE, MAE, MAPE: 8, 62695160.00, 62695162.00, 7592.47, 5416.97, 6.30%
- Epoch 010, ExpID 72154
Train - Loss: 19232337.37
Val - Loss, MSE, RMSE, MAE, MAPE: 31194640.00, 31194641.00, 5503.60, 4184.67, 5.18%
Test - Best epoch, Loss, MSE, RMSE, MAE, MAPE: 10, 62988816.00, 62988818.00, 7599.09, 5441.74, 6.34%
- Epoch 011, ExpID 72154
Train - Loss: 18969594.53
Val - Loss, MSE, RMSE, MAE, MAPE: 30337168.00, 30337167.00, 5422.90, 4115.56, 5.11%
Test - Best epoch, Loss, MSE, RMSE, MAE, MAPE: 11, 62202972.00, 62202973.00, 7557.08, 5381.59, 6.29%
- Epoch 012, ExpID 72154
Train - Loss: 18444707.74
Val - Loss, MSE, RMSE, MAE, MAPE: 30259444.00, 30259443.00, 5413.80, 4124.16, 5.12%
Test - Best epoch, Loss, MSE, RMSE, MAE, MAPE: 12, 62470748.00, 62470748.00, 7567.97, 5396.95, 6.31%
- Epoch 013, ExpID 72154
Train - Loss: 18190071.79
Val - Loss, MSE, RMSE, MAE, MAPE: 28956118.00, 28956118.00, 5301.96, 4046.36, 5.05%
Test - Best epoch, Loss, MSE, RMSE, MAE, MAPE: 13, 61746992.00, 61746993.00, 7534.86, 5380.39, 6.33%
- Epoch 014, ExpID 72154
Train - Loss: 17903551.11
Val - Loss, MSE, RMSE, MAE, MAPE: 28933872.00, 28933873.00, 5300.10, 4050.64, 5.06%
Test - Best epoch, Loss, MSE, RMSE, MAE, MAPE: 14, 61913200.00, 61913202.00, 7533.93, 5377.36, 6.31%
- Epoch 015, ExpID 72154
Train - Loss: 17602191.89
Val - Loss, MSE, RMSE, MAE, MAPE: 30718868.00, 30718867.00, 5445.58, 4185.69, 5.20%
Test - Best epoch, Loss, MSE, RMSE, MAE, MAPE: 14, 61913200.00, 61913202.00, 7533.93, 5377.36, 6.31%
- Epoch 016, ExpID 72154
Train - Loss: 17413730.00
Val - Loss, MSE, RMSE, MAE, MAPE: 29783340.00, 29783339.00, 5368.46, 4135.38, 5.16%
Test - Best epoch, Loss, MSE, RMSE, MAE, MAPE: 14, 61913200.00, 61913202.00, 7533.93, 5377.36, 6.31%
- Epoch 017, ExpID 72154
Train - Loss: 17171393.74
Val - Loss, MSE, RMSE, MAE, MAPE: 29481196.00, 29481197.00, 5339.42, 4116.68, 5.14%
Test - Best epoch, Loss, MSE, RMSE, MAE, MAPE: 14, 61913200.00, 61913202.00, 7533.93, 5377.36, 6.31%
- Epoch 018, ExpID 72154
Train - Loss: 16918383.11
Val - Loss, MSE, RMSE, MAE, MAPE: 28778292.00, 28778291.00, 5285.28, 4104.46, 5.17%
Test - Best epoch, Loss, MSE, RMSE, MAE, MAPE: 18, 59423600.00, 59423600.00, 7406.78, 5270.56, 6.22%
- Epoch 019, ExpID 72154
Train - Loss: 16715440.74
Val - Loss, MSE, RMSE, MAE, MAPE: 31847808.00, 31847808.00, 5531.83, 4322.47, 5.38%
Test - Best epoch, Loss, MSE, RMSE, MAE, MAPE: 18, 59423600.00, 59423600.00, 7406.78, 5270.56, 6.22%
- Epoch 020, ExpID 72154
Train - Loss: 16538912.53
Val - Loss, MSE, RMSE, MAE, MAPE: 29309052.00, 29309053.00, 5322.58, 4138.94, 5.20%
Test - Best epoch, Loss, MSE, RMSE, MAE, MAPE: 18, 59423600.00, 59423600.00, 7406.78, 5270.56, 6.22%
- Epoch 021, ExpID 72154
Train - Loss: 16368184.95
Val - Loss, MSE, RMSE, MAE, MAPE: 29558594.00, 29558594.00, 5339.50, 4162.87, 5.22%
Test - Best epoch, Loss, MSE, RMSE, MAE, MAPE: 18, 59423600.00, 59423600.00, 7406.78, 5270.56, 6.22%
- Epoch 022, ExpID 72154
Train - Loss: 16129097.53
Val - Loss, MSE, RMSE, MAE, MAPE: 28934900.00, 28934900.00, 5287.68, 4120.43, 5.20%
Test - Best epoch, Loss, MSE, RMSE, MAE, MAPE: 18, 59423600.00, 59423600.00, 7406.78, 5270.56, 6.22%
- Epoch 023, ExpID 72154
Train - Loss: 15981969.21
Val - Loss, MSE, RMSE, MAE, MAPE: 29729386.00, 29729386.00, 5354.93, 4204.64, 5.29%
Test - Best epoch, Loss, MSE, RMSE, MAE, MAPE: 18, 59423600.00, 59423600.00, 7406.78, 5270.56, 6.22%
- Epoch 024, ExpID 72154
Train - Loss: 15926973.84
Val - Loss, MSE, RMSE, MAE, MAPE: 29343840.00, 29343839.00, 5314.41, 4159.76, 5.24%
Test - Best epoch, Loss, MSE, RMSE, MAE, MAPE: 18, 59423600.00, 59423600.00, 7406.78, 5270.56, 6.22%
- Epoch 025, ExpID 72154
Train - Loss: 15708458.11
Val - Loss, MSE, RMSE, MAE, MAPE: 30275800.00, 30275801.00, 5392.21, 4245.74, 5.34%
Test - Best epoch, Loss, MSE, RMSE, MAE, MAPE: 18, 59423600.00, 59423600.00, 7406.78, 5270.56, 6.22%
- Epoch 026, ExpID 72154
Train - Loss: 15495041.42
Val - Loss, MSE, RMSE, MAE, MAPE: 30789108.00, 30789108.00, 5429.85, 4262.32, 5.35%
Test - Best epoch, Loss, MSE, RMSE, MAE, MAPE: 18, 59423600.00, 59423600.00, 7406.78, 5270.56, 6.22%
- Epoch 027, ExpID 72154
Train - Loss: 15588354.53
Val - Loss, MSE, RMSE, MAE, MAPE: 28938588.00, 28938587.00, 5282.67, 4138.60, 5.23%
Test - Best epoch, Loss, MSE, RMSE, MAE, MAPE: 18, 59423600.00, 59423600.00, 7406.78, 5270.56, 6.22%
- Epoch 028, ExpID 72154
Train - Loss: 15396529.42
Val - Loss, MSE, RMSE, MAE, MAPE: 29139298.00, 29139298.00, 5296.32, 4149.75, 5.23%
Test - Best epoch, Loss, MSE, RMSE, MAE, MAPE: 18, 59423600.00, 59423600.00, 7406.78, 5270.56, 6.22%
Early Stopping at Epoch 28
Fold 2017 Best RMSE: 7406.7761

-------------------- [Fold: 2018] ExpID: 93923 --------------------
- Epoch 000, ExpID 93923
Train - Loss: 39704095.60
Val - Loss, MSE, RMSE, MAE, MAPE: 68626856.00, 68626856.00, 8219.00, 6170.10, 7.34%
Test - Best epoch, Loss, MSE, RMSE, MAE, MAPE: 0, 42520728.00, 42520726.00, 6518.95, 4902.05, 5.38%
- Epoch 001, ExpID 93923
Train - Loss: 30649394.30
Val - Loss, MSE, RMSE, MAE, MAPE: 65646560.00, 65646562.00, 7909.97, 5825.52, 6.78%
Test - Best epoch, Loss, MSE, RMSE, MAE, MAPE: 1, 39363064.00, 39363062.00, 6261.49, 4802.93, 5.19%
- Epoch 002, ExpID 93923
Train - Loss: 27514980.20
Val - Loss, MSE, RMSE, MAE, MAPE: 63079824.00, 63079824.00, 7732.16, 5599.47, 6.58%
Test - Best epoch, Loss, MSE, RMSE, MAE, MAPE: 2, 36904640.00, 36904642.00, 6057.52, 4556.23, 4.98%
- Epoch 003, ExpID 93923
Train - Loss: 25627744.00
Val - Loss, MSE, RMSE, MAE, MAPE: 63539120.00, 63539118.00, 7707.02, 5522.54, 6.44%
Test - Best epoch, Loss, MSE, RMSE, MAE, MAPE: 2, 36904640.00, 36904642.00, 6057.52, 4556.23, 4.98%
- Epoch 004, ExpID 93923
Train - Loss: 24234310.00
Val - Loss, MSE, RMSE, MAE, MAPE: 63900852.00, 63900852.00, 7701.55, 5506.62, 6.40%
Test - Best epoch, Loss, MSE, RMSE, MAE, MAPE: 2, 36904640.00, 36904642.00, 6057.52, 4556.23, 4.98%
- Epoch 005, ExpID 93923
Train - Loss: 23258653.30
Val - Loss, MSE, RMSE, MAE, MAPE: 64730972.00, 64730973.00, 7728.26, 5535.66, 6.42%
Test - Best epoch, Loss, MSE, RMSE, MAE, MAPE: 2, 36904640.00, 36904642.00, 6057.52, 4556.23, 4.98%
- Epoch 006, ExpID 93923
Train - Loss: 22497593.00
Val - Loss, MSE, RMSE, MAE, MAPE: 64559436.00, 64559436.00, 7704.79, 5534.56, 6.44%
Test - Best epoch, Loss, MSE, RMSE, MAE, MAPE: 2, 36904640.00, 36904642.00, 6057.52, 4556.23, 4.98%
- Epoch 007, ExpID 93923
Train - Loss: 21939708.00
Val - Loss, MSE, RMSE, MAE, MAPE: 64663768.00, 64663770.00, 7700.44, 5529.18, 6.42%
Test - Best epoch, Loss, MSE, RMSE, MAE, MAPE: 2, 36904640.00, 36904642.00, 6057.52, 4556.23, 4.98%
- Epoch 008, ExpID 93923
Train - Loss: 21372028.10
Val - Loss, MSE, RMSE, MAE, MAPE: 62821264.00, 62821265.00, 7595.50, 5437.78, 6.37%
Test - Best epoch, Loss, MSE, RMSE, MAE, MAPE: 8, 34245136.00, 34245137.00, 5822.63, 4266.22, 4.66%
- Epoch 009, ExpID 93923
Train - Loss: 20816501.80
Val - Loss, MSE, RMSE, MAE, MAPE: 63218256.00, 63218255.00, 7614.57, 5442.07, 6.35%
Test - Best epoch, Loss, MSE, RMSE, MAE, MAPE: 8, 34245136.00, 34245137.00, 5822.63, 4266.22, 4.66%
- Epoch 010, ExpID 93923
Train - Loss: 20371177.20
Val - Loss, MSE, RMSE, MAE, MAPE: 61809184.00, 61809185.00, 7543.22, 5376.75, 6.32%
Test - Best epoch, Loss, MSE, RMSE, MAE, MAPE: 10, 34269512.00, 34269510.00, 5828.80, 4256.92, 4.66%
- Epoch 011, ExpID 93923
Train - Loss: 20142430.50
Val - Loss, MSE, RMSE, MAE, MAPE: 61810976.00, 61810977.00, 7544.97, 5388.00, 6.32%
Test - Best epoch, Loss, MSE, RMSE, MAE, MAPE: 10, 34269512.00, 34269510.00, 5828.80, 4256.92, 4.66%
- Epoch 012, ExpID 93923
Train - Loss: 19632644.60
Val - Loss, MSE, RMSE, MAE, MAPE: 61511188.00, 61511187.00, 7520.19, 5326.64, 6.23%
Test - Best epoch, Loss, MSE, RMSE, MAE, MAPE: 12, 34520236.00, 34520236.00, 5847.57, 4284.27, 4.67%
- Epoch 013, ExpID 93923
Train - Loss: 19416392.50
Val - Loss, MSE, RMSE, MAE, MAPE: 61594724.00, 61594725.00, 7519.26, 5317.45, 6.21%
Test - Best epoch, Loss, MSE, RMSE, MAE, MAPE: 12, 34520236.00, 34520236.00, 5847.57, 4284.27, 4.67%
- Epoch 014, ExpID 93923
Train - Loss: 19207420.00
Val - Loss, MSE, RMSE, MAE, MAPE: 60852836.00, 60852835.00, 7482.61, 5300.13, 6.21%
Test - Best epoch, Loss, MSE, RMSE, MAE, MAPE: 14, 34911096.00, 34911094.00, 5880.77, 4288.16, 4.68%
- Epoch 015, ExpID 93923
Train - Loss: 18987539.10
Val - Loss, MSE, RMSE, MAE, MAPE: 60003368.00, 60003366.00, 7439.63, 5261.60, 6.18%
Test - Best epoch, Loss, MSE, RMSE, MAE, MAPE: 15, 34879448.00, 34879448.00, 5881.09, 4259.53, 4.67%
- Epoch 016, ExpID 93923
Train - Loss: 18622521.20
Val - Loss, MSE, RMSE, MAE, MAPE: 59377376.00, 59377375.00, 7398.18, 5208.40, 6.11%
Test - Best epoch, Loss, MSE, RMSE, MAE, MAPE: 16, 34632428.00, 34632428.00, 5858.33, 4248.53, 4.65%
- Epoch 017, ExpID 93923
Train - Loss: 18439220.50
Val - Loss, MSE, RMSE, MAE, MAPE: 59098784.00, 59098785.00, 7376.09, 5173.78, 6.07%
Test - Best epoch, Loss, MSE, RMSE, MAE, MAPE: 17, 34410456.00, 34410457.00, 5840.51, 4214.92, 4.62%
- Epoch 018, ExpID 93923
Train - Loss: 18298970.55
Val - Loss, MSE, RMSE, MAE, MAPE: 58874396.00, 58874395.00, 7358.21, 5143.55, 6.02%
Test - Best epoch, Loss, MSE, RMSE, MAE, MAPE: 18, 34192212.00, 34192213.00, 5819.18, 4201.84, 4.59%
- Epoch 019, ExpID 93923
Train - Loss: 17925913.35
Val - Loss, MSE, RMSE, MAE, MAPE: 58480232.00, 58480230.00, 7336.22, 5135.40, 6.03%
Test - Best epoch, Loss, MSE, RMSE, MAE, MAPE: 19, 34707452.00, 34707452.00, 5867.81, 4216.09, 4.62%
- Epoch 020, ExpID 93923
Train - Loss: 17868796.75
Val - Loss, MSE, RMSE, MAE, MAPE: 57937908.00, 57937908.00, 7300.78, 5091.10, 5.98%
Test - Best epoch, Loss, MSE, RMSE, MAE, MAPE: 20, 34418528.00, 34418526.00, 5844.17, 4196.90, 4.61%
- Epoch 021, ExpID 93923
Train - Loss: 17839821.30
Val - Loss, MSE, RMSE, MAE, MAPE: 58616404.00, 58616404.00, 7330.39, 5104.33, 5.96%
Test - Best epoch, Loss, MSE, RMSE, MAE, MAPE: 20, 34418528.00, 34418526.00, 5844.17, 4196.90, 4.61%
- Epoch 022, ExpID 93923
Train - Loss: 17646809.75
Val - Loss, MSE, RMSE, MAE, MAPE: 57742608.00, 57742609.00, 7284.39, 5075.07, 5.95%
Test - Best epoch, Loss, MSE, RMSE, MAE, MAPE: 22, 33891840.00, 33891841.00, 5794.84, 4160.61, 4.56%
- Epoch 023, ExpID 93923
Train - Loss: 17331709.80
Val - Loss, MSE, RMSE, MAE, MAPE: 57808364.00, 57808363.00, 7273.98, 5052.58, 5.91%
Test - Best epoch, Loss, MSE, RMSE, MAE, MAPE: 22, 33891840.00, 33891841.00, 5794.84, 4160.61, 4.56%
- Epoch 024, ExpID 93923
Train - Loss: 17271711.30
Val - Loss, MSE, RMSE, MAE, MAPE: 56844288.00, 56844286.00, 7234.54, 5009.00, 5.90%
Test - Best epoch, Loss, MSE, RMSE, MAE, MAPE: 24, 34447964.00, 34447964.00, 5849.94, 4173.68, 4.60%
- Epoch 025, ExpID 93923
Train - Loss: 17087329.65
Val - Loss, MSE, RMSE, MAE, MAPE: 57507412.00, 57507413.00, 7251.77, 5035.00, 5.89%
Test - Best epoch, Loss, MSE, RMSE, MAE, MAPE: 24, 34447964.00, 34447964.00, 5849.94, 4173.68, 4.60%
- Epoch 026, ExpID 93923
Train - Loss: 16962978.80
Val - Loss, MSE, RMSE, MAE, MAPE: 57049472.00, 57049471.00, 7244.07, 5020.55, 5.88%
Test - Best epoch, Loss, MSE, RMSE, MAE, MAPE: 24, 34447964.00, 34447964.00, 5849.94, 4173.68, 4.60%
- Epoch 027, ExpID 93923
Train - Loss: 16741221.35
Val - Loss, MSE, RMSE, MAE, MAPE: 56531344.00, 56531343.00, 7205.07, 4990.93, 5.86%
Test - Best epoch, Loss, MSE, RMSE, MAE, MAPE: 27, 34020316.00, 34020315.00, 5812.14, 4150.36, 4.57%
- Epoch 028, ExpID 93923
Train - Loss: 16732920.25
Val - Loss, MSE, RMSE, MAE, MAPE: 56859480.00, 56859481.00, 7212.82, 4998.06, 5.85%
Test - Best epoch, Loss, MSE, RMSE, MAE, MAPE: 27, 34020316.00, 34020315.00, 5812.14, 4150.36, 4.57%
- Epoch 029, ExpID 93923
Train - Loss: 16564035.65
Val - Loss, MSE, RMSE, MAE, MAPE: 56765568.00, 56765567.00, 7202.73, 4985.63, 5.84%
Test - Best epoch, Loss, MSE, RMSE, MAE, MAPE: 27, 34020316.00, 34020315.00, 5812.14, 4150.36, 4.57%
- Epoch 030, ExpID 93923
Train - Loss: 16562708.55
Val - Loss, MSE, RMSE, MAE, MAPE: 56585304.00, 56585304.00, 7200.04, 4992.94, 5.85%
Test - Best epoch, Loss, MSE, RMSE, MAE, MAPE: 27, 34020316.00, 34020315.00, 5812.14, 4150.36, 4.57%
- Epoch 031, ExpID 93923
Train - Loss: 16485754.45
Val - Loss, MSE, RMSE, MAE, MAPE: 56033560.00, 56033561.00, 7165.24, 4933.86, 5.80%
Test - Best epoch, Loss, MSE, RMSE, MAE, MAPE: 31, 33703176.00, 33703177.00, 5788.48, 4115.40, 4.54%
- Epoch 032, ExpID 93923
Train - Loss: 16386854.60
Val - Loss, MSE, RMSE, MAE, MAPE: 55924176.00, 55924177.00, 7164.26, 4953.05, 5.82%
Test - Best epoch, Loss, MSE, RMSE, MAE, MAPE: 32, 33342288.00, 33342289.00, 5755.18, 4077.90, 4.49%
- Epoch 033, ExpID 93923
Train - Loss: 16224118.80
Val - Loss, MSE, RMSE, MAE, MAPE: 56207544.00, 56207546.00, 7176.09, 4956.60, 5.81%
Test - Best epoch, Loss, MSE, RMSE, MAE, MAPE: 32, 33342288.00, 33342289.00, 5755.18, 4077.90, 4.49%
- Epoch 034, ExpID 93923
Train - Loss: 16163057.85
Val - Loss, MSE, RMSE, MAE, MAPE: 56480912.00, 56480913.00, 7189.15, 4976.57, 5.82%
Test - Best epoch, Loss, MSE, RMSE, MAE, MAPE: 32, 33342288.00, 33342289.00, 5755.18, 4077.90, 4.49%
- Epoch 035, ExpID 93923
Train - Loss: 16059611.90
Val - Loss, MSE, RMSE, MAE, MAPE: 55455972.00, 55455971.00, 7136.28, 4924.80, 5.80%
Test - Best epoch, Loss, MSE, RMSE, MAE, MAPE: 35, 33556192.00, 33556192.00, 5777.73, 4081.38, 4.51%
- Epoch 036, ExpID 93923
Train - Loss: 15975949.95
Val - Loss, MSE, RMSE, MAE, MAPE: 56279032.00, 56279033.00, 7171.38, 4948.22, 5.79%
Test - Best epoch, Loss, MSE, RMSE, MAE, MAPE: 35, 33556192.00, 33556192.00, 5777.73, 4081.38, 4.51%
- Epoch 037, ExpID 93923
Train - Loss: 15968553.90
Val - Loss, MSE, RMSE, MAE, MAPE: 55334140.00, 55334141.00, 7128.16, 4908.91, 5.79%
Test - Best epoch, Loss, MSE, RMSE, MAE, MAPE: 37, 33670336.00, 33670338.00, 5789.57, 4086.42, 4.52%
- Epoch 038, ExpID 93923
Train - Loss: 15941697.90
Val - Loss, MSE, RMSE, MAE, MAPE: 55626720.00, 55626721.00, 7135.41, 4913.04, 5.76%
Test - Best epoch, Loss, MSE, RMSE, MAE, MAPE: 37, 33670336.00, 33670338.00, 5789.57, 4086.42, 4.52%
- Epoch 039, ExpID 93923
Train - Loss: 15737776.45
Val - Loss, MSE, RMSE, MAE, MAPE: 55933096.00, 55933094.00, 7152.42, 4971.40, 5.82%
Test - Best epoch, Loss, MSE, RMSE, MAE, MAPE: 37, 33670336.00, 33670338.00, 5789.57, 4086.42, 4.52%
- Epoch 040, ExpID 93923
Train - Loss: 15660737.70
Val - Loss, MSE, RMSE, MAE, MAPE: 55472240.00, 55472238.00, 7129.91, 4919.87, 5.78%
Test - Best epoch, Loss, MSE, RMSE, MAE, MAPE: 37, 33670336.00, 33670338.00, 5789.57, 4086.42, 4.52%
- Epoch 041, ExpID 93923
Train - Loss: 15640585.45
Val - Loss, MSE, RMSE, MAE, MAPE: 55205136.00, 55205135.00, 7105.87, 4901.05, 5.75%
Test - Best epoch, Loss, MSE, RMSE, MAE, MAPE: 41, 33067460.00, 33067461.00, 5736.03, 4043.54, 4.46%
- Epoch 042, ExpID 93923
Train - Loss: 15517319.80
Val - Loss, MSE, RMSE, MAE, MAPE: 55314112.00, 55314112.00, 7112.38, 4915.47, 5.76%
Test - Best epoch, Loss, MSE, RMSE, MAE, MAPE: 41, 33067460.00, 33067461.00, 5736.03, 4043.54, 4.46%
- Epoch 043, ExpID 93923
Train - Loss: 15498089.35
Val - Loss, MSE, RMSE, MAE, MAPE: 55137520.00, 55137519.00, 7111.48, 4895.32, 5.75%
Test - Best epoch, Loss, MSE, RMSE, MAE, MAPE: 43, 32663000.00, 32662999.00, 5701.42, 4017.36, 4.43%
- Epoch 044, ExpID 93923
Train - Loss: 15499059.65
Val - Loss, MSE, RMSE, MAE, MAPE: 55239040.00, 55239038.00, 7118.90, 4919.81, 5.77%
Test - Best epoch, Loss, MSE, RMSE, MAE, MAPE: 43, 32663000.00, 32662999.00, 5701.42, 4017.36, 4.43%
- Epoch 045, ExpID 93923
Train - Loss: 15356587.15
Val - Loss, MSE, RMSE, MAE, MAPE: 55079588.00, 55079589.00, 7099.74, 4915.58, 5.76%
Test - Best epoch, Loss, MSE, RMSE, MAE, MAPE: 45, 32756288.00, 32756289.00, 5711.26, 4023.55, 4.43%
- Epoch 046, ExpID 93923
Train - Loss: 15327148.15
Val - Loss, MSE, RMSE, MAE, MAPE: 55121968.00, 55121966.00, 7103.06, 4928.11, 5.78%
Test - Best epoch, Loss, MSE, RMSE, MAE, MAPE: 45, 32756288.00, 32756289.00, 5711.26, 4023.55, 4.43%
- Epoch 047, ExpID 93923
Train - Loss: 15311465.00
Val - Loss, MSE, RMSE, MAE, MAPE: 55107352.00, 55107353.00, 7108.93, 4895.92, 5.73%
Test - Best epoch, Loss, MSE, RMSE, MAE, MAPE: 45, 32756288.00, 32756289.00, 5711.26, 4023.55, 4.43%
- Epoch 048, ExpID 93923
Train - Loss: 15163898.30
Val - Loss, MSE, RMSE, MAE, MAPE: 54547028.00, 54547029.00, 7086.30, 4874.22, 5.75%
Test - Best epoch, Loss, MSE, RMSE, MAE, MAPE: 48, 33946672.00, 33946670.00, 5818.98, 4082.51, 4.53%
- Epoch 049, ExpID 93923
Train - Loss: 15154018.50
Val - Loss, MSE, RMSE, MAE, MAPE: 54852528.00, 54852530.00, 7088.09, 4907.60, 5.76%
Test - Best epoch, Loss, MSE, RMSE, MAE, MAPE: 48, 33946672.00, 33946670.00, 5818.98, 4082.51, 4.53%
- Epoch 050, ExpID 93923
Train - Loss: 15112356.15
Val - Loss, MSE, RMSE, MAE, MAPE: 54530872.00, 54530873.00, 7070.83, 4885.70, 5.75%
Test - Best epoch, Loss, MSE, RMSE, MAE, MAPE: 50, 32827606.00, 32827606.00, 5719.38, 4017.01, 4.44%
- Epoch 051, ExpID 93923
Train - Loss: 14918375.55
Val - Loss, MSE, RMSE, MAE, MAPE: 54658632.00, 54658634.00, 7080.12, 4905.63, 5.77%
Test - Best epoch, Loss, MSE, RMSE, MAE, MAPE: 50, 32827606.00, 32827606.00, 5719.38, 4017.01, 4.44%
- Epoch 052, ExpID 93923
Train - Loss: 14932758.45
Val - Loss, MSE, RMSE, MAE, MAPE: 54499700.00, 54499699.00, 7074.40, 4874.06, 5.73%
Test - Best epoch, Loss, MSE, RMSE, MAE, MAPE: 52, 33049608.00, 33049608.00, 5741.07, 4017.64, 4.44%
- Epoch 053, ExpID 93923
Train - Loss: 14978921.25
Val - Loss, MSE, RMSE, MAE, MAPE: 54744064.00, 54744065.00, 7084.15, 4899.94, 5.74%
Test - Best epoch, Loss, MSE, RMSE, MAE, MAPE: 52, 33049608.00, 33049608.00, 5741.07, 4017.64, 4.44%
- Epoch 054, ExpID 93923
Train - Loss: 14840345.15
Val - Loss, MSE, RMSE, MAE, MAPE: 54472700.00, 54472701.00, 7074.11, 4879.34, 5.73%
Test - Best epoch, Loss, MSE, RMSE, MAE, MAPE: 54, 32077360.00, 32077360.00, 5652.85, 3970.50, 4.38%
- Epoch 055, ExpID 93923
Train - Loss: 14863675.95
Val - Loss, MSE, RMSE, MAE, MAPE: 54387172.00, 54387171.00, 7064.37, 4885.99, 5.74%
Test - Best epoch, Loss, MSE, RMSE, MAE, MAPE: 55, 32558068.00, 32558069.00, 5696.32, 3996.70, 4.41%
- Epoch 056, ExpID 93923
Train - Loss: 14775772.60
Val - Loss, MSE, RMSE, MAE, MAPE: 54333368.00, 54333370.00, 7078.75, 4899.90, 5.78%
Test - Best epoch, Loss, MSE, RMSE, MAE, MAPE: 56, 33269732.00, 33269731.00, 5761.45, 4047.17, 4.48%
- Epoch 057, ExpID 93923
Train - Loss: 14871706.70
Val - Loss, MSE, RMSE, MAE, MAPE: 54428400.00, 54428399.00, 7077.09, 4907.83, 5.77%
Test - Best epoch, Loss, MSE, RMSE, MAE, MAPE: 56, 33269732.00, 33269731.00, 5761.45, 4047.17, 4.48%
- Epoch 058, ExpID 93923
Train - Loss: 14622105.85
Val - Loss, MSE, RMSE, MAE, MAPE: 54321020.00, 54321021.00, 7064.86, 4905.35, 5.76%
Test - Best epoch, Loss, MSE, RMSE, MAE, MAPE: 58, 32338084.00, 32338083.00, 5678.98, 3994.29, 4.40%
- Epoch 059, ExpID 93923
Train - Loss: 14587579.15
Val - Loss, MSE, RMSE, MAE, MAPE: 54148876.00, 54148876.00, 7051.07, 4880.39, 5.73%
Test - Best epoch, Loss, MSE, RMSE, MAE, MAPE: 59, 32346922.00, 32346922.00, 5679.82, 3993.45, 4.40%
- Epoch 060, ExpID 93923
Train - Loss: 14574777.85
Val - Loss, MSE, RMSE, MAE, MAPE: 54305548.00, 54305547.00, 7068.33, 4904.70, 5.76%
Test - Best epoch, Loss, MSE, RMSE, MAE, MAPE: 59, 32346922.00, 32346922.00, 5679.82, 3993.45, 4.40%
- Epoch 061, ExpID 93923
Train - Loss: 14600948.00
Val - Loss, MSE, RMSE, MAE, MAPE: 54346208.00, 54346208.00, 7063.63, 4924.27, 5.79%
Test - Best epoch, Loss, MSE, RMSE, MAE, MAPE: 59, 32346922.00, 32346922.00, 5679.82, 3993.45, 4.40%
- Epoch 062, ExpID 93923
Train - Loss: 14638456.55
Val - Loss, MSE, RMSE, MAE, MAPE: 54180628.00, 54180627.00, 7049.34, 4881.94, 5.73%
Test - Best epoch, Loss, MSE, RMSE, MAE, MAPE: 59, 32346922.00, 32346922.00, 5679.82, 3993.45, 4.40%
- Epoch 063, ExpID 93923
Train - Loss: 14505720.75
Val - Loss, MSE, RMSE, MAE, MAPE: 54225080.00, 54225080.00, 7058.43, 4902.21, 5.77%
Test - Best epoch, Loss, MSE, RMSE, MAE, MAPE: 59, 32346922.00, 32346922.00, 5679.82, 3993.45, 4.40%
- Epoch 064, ExpID 93923
Train - Loss: 14550209.15
Val - Loss, MSE, RMSE, MAE, MAPE: 54438052.00, 54438051.00, 7068.63, 4910.45, 5.76%
Test - Best epoch, Loss, MSE, RMSE, MAE, MAPE: 59, 32346922.00, 32346922.00, 5679.82, 3993.45, 4.40%
- Epoch 065, ExpID 93923
Train - Loss: 14387960.25
Val - Loss, MSE, RMSE, MAE, MAPE: 53760024.00, 53760022.00, 7038.85, 4875.76, 5.75%
Test - Best epoch, Loss, MSE, RMSE, MAE, MAPE: 65, 32170108.00, 32170108.00, 5665.85, 3979.41, 4.40%
- Epoch 066, ExpID 93923
Train - Loss: 14366636.00
Val - Loss, MSE, RMSE, MAE, MAPE: 53906832.00, 53906830.00, 7044.29, 4906.16, 5.77%
Test - Best epoch, Loss, MSE, RMSE, MAE, MAPE: 65, 32170108.00, 32170108.00, 5665.85, 3979.41, 4.40%
- Epoch 067, ExpID 93923
Train - Loss: 14284939.25
Val - Loss, MSE, RMSE, MAE, MAPE: 53671884.00, 53671885.00, 7043.33, 4888.99, 5.77%
Test - Best epoch, Loss, MSE, RMSE, MAE, MAPE: 67, 32442548.00, 32442549.00, 5691.14, 4006.72, 4.43%
- Epoch 068, ExpID 93923
Train - Loss: 14446544.30
Val - Loss, MSE, RMSE, MAE, MAPE: 53918604.00, 53918605.00, 7046.02, 4882.78, 5.75%
Test - Best epoch, Loss, MSE, RMSE, MAE, MAPE: 67, 32442548.00, 32442549.00, 5691.14, 4006.72, 4.43%
- Epoch 069, ExpID 93923
Train - Loss: 14288091.60
Val - Loss, MSE, RMSE, MAE, MAPE: 53963808.00, 53963809.00, 7044.71, 4896.13, 5.76%
Test - Best epoch, Loss, MSE, RMSE, MAE, MAPE: 67, 32442548.00, 32442549.00, 5691.14, 4006.72, 4.43%
- Epoch 070, ExpID 93923
Train - Loss: 14232870.25
Val - Loss, MSE, RMSE, MAE, MAPE: 53976192.00, 53976190.00, 7047.97, 4905.30, 5.78%
Test - Best epoch, Loss, MSE, RMSE, MAE, MAPE: 67, 32442548.00, 32442549.00, 5691.14, 4006.72, 4.43%
- Epoch 071, ExpID 93923
Train - Loss: 14184410.80
Val - Loss, MSE, RMSE, MAE, MAPE: 53535120.00, 53535121.00, 7026.50, 4881.61, 5.76%
Test - Best epoch, Loss, MSE, RMSE, MAE, MAPE: 71, 31834192.00, 31834192.00, 5637.31, 3972.63, 4.39%
- Epoch 072, ExpID 93923
Train - Loss: 14195863.25
Val - Loss, MSE, RMSE, MAE, MAPE: 53492420.00, 53492419.00, 7014.56, 4868.99, 5.74%
Test - Best epoch, Loss, MSE, RMSE, MAE, MAPE: 72, 31526740.00, 31526740.00, 5609.42, 3957.27, 4.37%
- Epoch 073, ExpID 93923
Train - Loss: 14047779.45
Val - Loss, MSE, RMSE, MAE, MAPE: 53739112.00, 53739114.00, 7033.03, 4896.66, 5.76%
Test - Best epoch, Loss, MSE, RMSE, MAE, MAPE: 72, 31526740.00, 31526740.00, 5609.42, 3957.27, 4.37%
- Epoch 074, ExpID 93923
Train - Loss: 14236881.30
Val - Loss, MSE, RMSE, MAE, MAPE: 53864944.00, 53864945.00, 7040.27, 4906.78, 5.77%
Test - Best epoch, Loss, MSE, RMSE, MAE, MAPE: 72, 31526740.00, 31526740.00, 5609.42, 3957.27, 4.37%
- Epoch 075, ExpID 93923
Train - Loss: 14126070.55
Val - Loss, MSE, RMSE, MAE, MAPE: 53555664.00, 53555663.00, 7025.74, 4881.23, 5.76%
Test - Best epoch, Loss, MSE, RMSE, MAE, MAPE: 72, 31526740.00, 31526740.00, 5609.42, 3957.27, 4.37%
- Epoch 076, ExpID 93923
Train - Loss: 13981618.75
Val - Loss, MSE, RMSE, MAE, MAPE: 53891780.00, 53891779.00, 7042.84, 4911.10, 5.79%
Test - Best epoch, Loss, MSE, RMSE, MAE, MAPE: 72, 31526740.00, 31526740.00, 5609.42, 3957.27, 4.37%
- Epoch 077, ExpID 93923
Train - Loss: 14023174.75
Val - Loss, MSE, RMSE, MAE, MAPE: 53853320.00, 53853321.00, 7038.46, 4905.90, 5.77%
Test - Best epoch, Loss, MSE, RMSE, MAE, MAPE: 72, 31526740.00, 31526740.00, 5609.42, 3957.27, 4.37%
- Epoch 078, ExpID 93923
Train - Loss: 13978097.80
Val - Loss, MSE, RMSE, MAE, MAPE: 53666768.00, 53666769.00, 7034.03, 4892.95, 5.76%
Test - Best epoch, Loss, MSE, RMSE, MAE, MAPE: 72, 31526740.00, 31526740.00, 5609.42, 3957.27, 4.37%
- Epoch 079, ExpID 93923
Train - Loss: 13986288.20
Val - Loss, MSE, RMSE, MAE, MAPE: 53336360.00, 53336362.00, 7008.95, 4872.42, 5.74%
Test - Best epoch, Loss, MSE, RMSE, MAE, MAPE: 79, 30907620.00, 30907620.00, 5554.05, 3923.48, 4.32%
- Epoch 080, ExpID 93923
Train - Loss: 13892841.75
Val - Loss, MSE, RMSE, MAE, MAPE: 53545784.00, 53545785.00, 7021.78, 4908.28, 5.78%
Test - Best epoch, Loss, MSE, RMSE, MAE, MAPE: 79, 30907620.00, 30907620.00, 5554.05, 3923.48, 4.32%
- Epoch 081, ExpID 93923
Train - Loss: 13923387.40
Val - Loss, MSE, RMSE, MAE, MAPE: 53459548.00, 53459547.00, 7003.39, 4886.77, 5.75%
Test - Best epoch, Loss, MSE, RMSE, MAE, MAPE: 79, 30907620.00, 30907620.00, 5554.05, 3923.48, 4.32%
- Epoch 082, ExpID 93923
Train - Loss: 13873782.75
Val - Loss, MSE, RMSE, MAE, MAPE: 53404992.00, 53404993.00, 7019.46, 4914.06, 5.80%
Test - Best epoch, Loss, MSE, RMSE, MAE, MAPE: 79, 30907620.00, 30907620.00, 5554.05, 3923.48, 4.32%
- Epoch 083, ExpID 93923
Train - Loss: 13830292.40
Val - Loss, MSE, RMSE, MAE, MAPE: 53185360.00, 53185362.00, 6996.85, 4876.56, 5.75%
Test - Best epoch, Loss, MSE, RMSE, MAE, MAPE: 83, 30522680.00, 30522680.00, 5519.05, 3904.33, 4.30%
- Epoch 084, ExpID 93923
Train - Loss: 13748336.00
Val - Loss, MSE, RMSE, MAE, MAPE: 53435076.00, 53435075.00, 7008.66, 4905.37, 5.77%
Test - Best epoch, Loss, MSE, RMSE, MAE, MAPE: 83, 30522680.00, 30522680.00, 5519.05, 3904.33, 4.30%
- Epoch 085, ExpID 93923
Train - Loss: 13711774.60
Val - Loss, MSE, RMSE, MAE, MAPE: 52968360.00, 52968358.00, 6990.80, 4863.27, 5.74%
Test - Best epoch, Loss, MSE, RMSE, MAE, MAPE: 85, 30922624.00, 30922624.00, 5557.25, 3923.04, 4.33%
- Epoch 086, ExpID 93923
Train - Loss: 13703537.60
Val - Loss, MSE, RMSE, MAE, MAPE: 53066696.00, 53066694.00, 6995.56, 4874.68, 5.74%
Test - Best epoch, Loss, MSE, RMSE, MAE, MAPE: 85, 30922624.00, 30922624.00, 5557.25, 3923.04, 4.33%
- Epoch 087, ExpID 93923
Train - Loss: 13632361.10
Val - Loss, MSE, RMSE, MAE, MAPE: 53108588.00, 53108589.00, 6988.64, 4875.98, 5.74%
Test - Best epoch, Loss, MSE, RMSE, MAE, MAPE: 85, 30922624.00, 30922624.00, 5557.25, 3923.04, 4.33%
- Epoch 088, ExpID 93923
Train - Loss: 13728903.70
Val - Loss, MSE, RMSE, MAE, MAPE: 53281260.00, 53281261.00, 7004.99, 4898.77, 5.77%
Test - Best epoch, Loss, MSE, RMSE, MAE, MAPE: 85, 30922624.00, 30922624.00, 5557.25, 3923.04, 4.33%
- Epoch 089, ExpID 93923
Train - Loss: 13674203.70
Val - Loss, MSE, RMSE, MAE, MAPE: 53116752.00, 53116753.00, 7000.23, 4892.81, 5.77%
Test - Best epoch, Loss, MSE, RMSE, MAE, MAPE: 85, 30922624.00, 30922624.00, 5557.25, 3923.04, 4.33%
- Epoch 090, ExpID 93923
Train - Loss: 13591465.80
Val - Loss, MSE, RMSE, MAE, MAPE: 52754640.00, 52754640.00, 6996.19, 4878.23, 5.78%
Test - Best epoch, Loss, MSE, RMSE, MAE, MAPE: 90, 31315544.00, 31315543.00, 5593.63, 3964.31, 4.38%
- Epoch 091, ExpID 93923
Train - Loss: 13749015.00
Val - Loss, MSE, RMSE, MAE, MAPE: 53037972.00, 53037973.00, 6995.74, 4898.37, 5.77%
Test - Best epoch, Loss, MSE, RMSE, MAE, MAPE: 90, 31315544.00, 31315543.00, 5593.63, 3964.31, 4.38%
- Epoch 092, ExpID 93923
Train - Loss: 13667037.05
Val - Loss, MSE, RMSE, MAE, MAPE: 52791232.00, 52791231.00, 6982.85, 4869.56, 5.75%
Test - Best epoch, Loss, MSE, RMSE, MAE, MAPE: 90, 31315544.00, 31315543.00, 5593.63, 3964.31, 4.38%
- Epoch 093, ExpID 93923
Train - Loss: 13475618.65
Val - Loss, MSE, RMSE, MAE, MAPE: 53013700.00, 53013700.00, 6992.70, 4882.37, 5.76%
Test - Best epoch, Loss, MSE, RMSE, MAE, MAPE: 90, 31315544.00, 31315543.00, 5593.63, 3964.31, 4.38%
- Epoch 094, ExpID 93923
Train - Loss: 13555194.85
Val - Loss, MSE, RMSE, MAE, MAPE: 53099568.00, 53099568.00, 6986.59, 4880.68, 5.74%
Test - Best epoch, Loss, MSE, RMSE, MAE, MAPE: 90, 31315544.00, 31315543.00, 5593.63, 3964.31, 4.38%
- Epoch 095, ExpID 93923
Train - Loss: 13563434.55
Val - Loss, MSE, RMSE, MAE, MAPE: 52957316.00, 52957317.00, 6989.72, 4871.00, 5.73%
Test - Best epoch, Loss, MSE, RMSE, MAE, MAPE: 90, 31315544.00, 31315543.00, 5593.63, 3964.31, 4.38%
- Epoch 096, ExpID 93923
Train - Loss: 13375341.25
Val - Loss, MSE, RMSE, MAE, MAPE: 53075728.00, 53075727.00, 7001.44, 4885.69, 5.76%
Test - Best epoch, Loss, MSE, RMSE, MAE, MAPE: 90, 31315544.00, 31315543.00, 5593.63, 3964.31, 4.38%
- Epoch 097, ExpID 93923
Train - Loss: 13501583.25
Val - Loss, MSE, RMSE, MAE, MAPE: 52625244.00, 52625243.00, 6987.99, 4856.18, 5.75%
Test - Best epoch, Loss, MSE, RMSE, MAE, MAPE: 97, 30880852.00, 30880853.00, 5554.88, 3935.65, 4.35%
- Epoch 098, ExpID 93923
Train - Loss: 13501523.40
Val - Loss, MSE, RMSE, MAE, MAPE: 52745032.00, 52745031.00, 6983.13, 4884.09, 5.76%
Test - Best epoch, Loss, MSE, RMSE, MAE, MAPE: 97, 30880852.00, 30880853.00, 5554.88, 3935.65, 4.35%
- Epoch 099, ExpID 93923
Train - Loss: 13499861.85
Val - Loss, MSE, RMSE, MAE, MAPE: 52845012.00, 52845012.00, 6984.83, 4881.92, 5.76%
Test - Best epoch, Loss, MSE, RMSE, MAE, MAPE: 97, 30880852.00, 30880853.00, 5554.88, 3935.65, 4.35%
- Epoch 100, ExpID 93923
Train - Loss: 13213822.05
Val - Loss, MSE, RMSE, MAE, MAPE: 52517112.00, 52517114.00, 6972.94, 4849.44, 5.73%
Test - Best epoch, Loss, MSE, RMSE, MAE, MAPE: 100, 30279026.00, 30279026.00, 5499.98, 3893.76, 4.30%
- Epoch 101, ExpID 93923
Train - Loss: 13350696.05
Val - Loss, MSE, RMSE, MAE, MAPE: 53007704.00, 53007705.00, 6998.81, 4905.96, 5.79%
Test - Best epoch, Loss, MSE, RMSE, MAE, MAPE: 100, 30279026.00, 30279026.00, 5499.98, 3893.76, 4.30%
- Epoch 102, ExpID 93923
Train - Loss: 13258951.70
Val - Loss, MSE, RMSE, MAE, MAPE: 52868180.00, 52868179.00, 6995.05, 4889.19, 5.77%
Test - Best epoch, Loss, MSE, RMSE, MAE, MAPE: 100, 30279026.00, 30279026.00, 5499.98, 3893.76, 4.30%
- Epoch 103, ExpID 93923
Train - Loss: 13193429.10
Val - Loss, MSE, RMSE, MAE, MAPE: 52737968.00, 52737969.00, 6980.86, 4869.68, 5.74%
Test - Best epoch, Loss, MSE, RMSE, MAE, MAPE: 100, 30279026.00, 30279026.00, 5499.98, 3893.76, 4.30%
- Epoch 104, ExpID 93923
Train - Loss: 13265977.55
Val - Loss, MSE, RMSE, MAE, MAPE: 52909752.00, 52909750.00, 6983.76, 4890.38, 5.75%
Test - Best epoch, Loss, MSE, RMSE, MAE, MAPE: 100, 30279026.00, 30279026.00, 5499.98, 3893.76, 4.30%
- Epoch 105, ExpID 93923
Train - Loss: 13235417.25
Val - Loss, MSE, RMSE, MAE, MAPE: 52823436.00, 52823435.00, 6989.85, 4887.88, 5.76%
Test - Best epoch, Loss, MSE, RMSE, MAE, MAPE: 100, 30279026.00, 30279026.00, 5499.98, 3893.76, 4.30%
- Epoch 106, ExpID 93923
Train - Loss: 13228633.95
Val - Loss, MSE, RMSE, MAE, MAPE: 52435556.00, 52435555.00, 6973.75, 4856.77, 5.75%
Test - Best epoch, Loss, MSE, RMSE, MAE, MAPE: 106, 30345448.00, 30345449.00, 5507.11, 3905.54, 4.31%
- Epoch 107, ExpID 93923
Train - Loss: 13205390.70
Val - Loss, MSE, RMSE, MAE, MAPE: 52487368.00, 52487369.00, 6965.35, 4866.45, 5.75%
Test - Best epoch, Loss, MSE, RMSE, MAE, MAPE: 106, 30345448.00, 30345449.00, 5507.11, 3905.54, 4.31%
- Epoch 108, ExpID 93923
Train - Loss: 13130028.25
Val - Loss, MSE, RMSE, MAE, MAPE: 52661640.00, 52661641.00, 6975.94, 4884.81, 5.76%
Test - Best epoch, Loss, MSE, RMSE, MAE, MAPE: 106, 30345448.00, 30345449.00, 5507.11, 3905.54, 4.31%
- Epoch 109, ExpID 93923
Train - Loss: 13166995.00
Val - Loss, MSE, RMSE, MAE, MAPE: 52552632.00, 52552630.00, 6960.71, 4875.37, 5.75%
Test - Best epoch, Loss, MSE, RMSE, MAE, MAPE: 106, 30345448.00, 30345449.00, 5507.11, 3905.54, 4.31%
- Epoch 110, ExpID 93923
Train - Loss: 13043632.75
Val - Loss, MSE, RMSE, MAE, MAPE: 52576272.00, 52576273.00, 6968.33, 4887.25, 5.76%
Test - Best epoch, Loss, MSE, RMSE, MAE, MAPE: 106, 30345448.00, 30345449.00, 5507.11, 3905.54, 4.31%
- Epoch 111, ExpID 93923
Train - Loss: 13096421.25
Val - Loss, MSE, RMSE, MAE, MAPE: 52563664.00, 52563664.00, 6972.57, 4875.38, 5.75%
Test - Best epoch, Loss, MSE, RMSE, MAE, MAPE: 106, 30345448.00, 30345449.00, 5507.11, 3905.54, 4.31%
- Epoch 112, ExpID 93923
Train - Loss: 13118821.20
Val - Loss, MSE, RMSE, MAE, MAPE: 52314188.00, 52314188.00, 6962.21, 4874.71, 5.76%
Test - Best epoch, Loss, MSE, RMSE, MAE, MAPE: 112, 29650060.00, 29650060.00, 5442.61, 3853.69, 4.25%
- Epoch 113, ExpID 93923
Train - Loss: 13040562.70
Val - Loss, MSE, RMSE, MAE, MAPE: 52217712.00, 52217710.00, 6963.60, 4865.18, 5.75%
Test - Best epoch, Loss, MSE, RMSE, MAE, MAPE: 113, 29776780.00, 29776779.00, 5453.66, 3873.29, 4.27%
- Epoch 114, ExpID 93923
Train - Loss: 13168477.15
Val - Loss, MSE, RMSE, MAE, MAPE: 52203336.00, 52203338.00, 6947.50, 4859.06, 5.73%
Test - Best epoch, Loss, MSE, RMSE, MAE, MAPE: 114, 29155240.00, 29155239.00, 5396.11, 3823.93, 4.20%
- Epoch 115, ExpID 93923
Train - Loss: 12929178.10
Val - Loss, MSE, RMSE, MAE, MAPE: 52083248.00, 52083248.00, 6946.92, 4855.80, 5.75%
Test - Best epoch, Loss, MSE, RMSE, MAE, MAPE: 115, 29926690.00, 29926690.00, 5468.96, 3879.78, 4.28%
- Epoch 116, ExpID 93923
Train - Loss: 12990937.90
Val - Loss, MSE, RMSE, MAE, MAPE: 52664472.00, 52664472.00, 6971.69, 4896.99, 5.76%
Test - Best epoch, Loss, MSE, RMSE, MAE, MAPE: 115, 29926690.00, 29926690.00, 5468.96, 3879.78, 4.28%
- Epoch 117, ExpID 93923
Train - Loss: 12971670.55
Val - Loss, MSE, RMSE, MAE, MAPE: 52454488.00, 52454487.00, 6970.72, 4886.25, 5.76%
Test - Best epoch, Loss, MSE, RMSE, MAE, MAPE: 115, 29926690.00, 29926690.00, 5468.96, 3879.78, 4.28%
- Epoch 118, ExpID 93923
Train - Loss: 13051279.15
Val - Loss, MSE, RMSE, MAE, MAPE: 52566000.00, 52566001.00, 6970.52, 4899.94, 5.78%
Test - Best epoch, Loss, MSE, RMSE, MAE, MAPE: 115, 29926690.00, 29926690.00, 5468.96, 3879.78, 4.28%
- Epoch 119, ExpID 93923
Train - Loss: 12932121.45
Val - Loss, MSE, RMSE, MAE, MAPE: 52391780.00, 52391780.00, 6966.31, 4870.09, 5.75%
Test - Best epoch, Loss, MSE, RMSE, MAE, MAPE: 115, 29926690.00, 29926690.00, 5468.96, 3879.78, 4.28%
- Epoch 120, ExpID 93923
Train - Loss: 12899254.95
Val - Loss, MSE, RMSE, MAE, MAPE: 52416612.00, 52416613.00, 6961.10, 4885.26, 5.76%
Test - Best epoch, Loss, MSE, RMSE, MAE, MAPE: 115, 29926690.00, 29926690.00, 5468.96, 3879.78, 4.28%
- Epoch 121, ExpID 93923
Train - Loss: 12869997.05
Val - Loss, MSE, RMSE, MAE, MAPE: 52259676.00, 52259677.00, 6963.84, 4870.29, 5.76%
Test - Best epoch, Loss, MSE, RMSE, MAE, MAPE: 115, 29926690.00, 29926690.00, 5468.96, 3879.78, 4.28%
- Epoch 122, ExpID 93923
Train - Loss: 12900861.90
Val - Loss, MSE, RMSE, MAE, MAPE: 52184816.00, 52184815.00, 6944.98, 4847.93, 5.71%
Test - Best epoch, Loss, MSE, RMSE, MAE, MAPE: 115, 29926690.00, 29926690.00, 5468.96, 3879.78, 4.28%
- Epoch 123, ExpID 93923
Train - Loss: 12800347.15
Val - Loss, MSE, RMSE, MAE, MAPE: 52393772.00, 52393772.00, 6956.68, 4885.26, 5.76%
Test - Best epoch, Loss, MSE, RMSE, MAE, MAPE: 115, 29926690.00, 29926690.00, 5468.96, 3879.78, 4.28%
- Epoch 124, ExpID 93923
Train - Loss: 12750978.85
Val - Loss, MSE, RMSE, MAE, MAPE: 52375360.00, 52375361.00, 6953.55, 4864.70, 5.73%
Test - Best epoch, Loss, MSE, RMSE, MAE, MAPE: 115, 29926690.00, 29926690.00, 5468.96, 3879.78, 4.28%
- Epoch 125, ExpID 93923
Train - Loss: 12779609.15
Val - Loss, MSE, RMSE, MAE, MAPE: 52464036.00, 52464035.00, 6957.17, 4879.84, 5.74%
Test - Best epoch, Loss, MSE, RMSE, MAE, MAPE: 115, 29926690.00, 29926690.00, 5468.96, 3879.78, 4.28%
Early Stopping at Epoch 125
Fold 2018 Best RMSE: 5468.9614

-------------------- [Fold: 2019] ExpID: 94438 --------------------
- Epoch 000, ExpID 94438
Train - Loss: 41966546.45
Val - Loss, MSE, RMSE, MAE, MAPE: 43279816.00, 43279818.00, 6571.82, 4947.69, 5.37%
Test - Best epoch, Loss, MSE, RMSE, MAE, MAPE: 0, 43186876.00, 43186875.00, 6494.48, 4974.87, 5.30%
- Epoch 001, ExpID 94438
Train - Loss: 31621473.18
Val - Loss, MSE, RMSE, MAE, MAPE: 40030144.00, 40030143.00, 6300.61, 4796.47, 5.20%
Test - Best epoch, Loss, MSE, RMSE, MAE, MAPE: 1, 35550152.00, 35550150.00, 5850.59, 4423.32, 4.70%
- Epoch 002, ExpID 94438
Train - Loss: 29011990.91
Val - Loss, MSE, RMSE, MAE, MAPE: 38359896.00, 38359896.00, 6158.53, 4633.79, 5.03%
Test - Best epoch, Loss, MSE, RMSE, MAE, MAPE: 2, 32218568.00, 32218569.00, 5567.75, 4179.09, 4.43%
- Epoch 003, ExpID 94438
Train - Loss: 27037989.64
Val - Loss, MSE, RMSE, MAE, MAPE: 38051408.00, 38051408.00, 6127.31, 4614.54, 4.98%
Test - Best epoch, Loss, MSE, RMSE, MAE, MAPE: 3, 30160226.00, 30160226.00, 5390.87, 4004.19, 4.22%
- Epoch 004, ExpID 94438
Train - Loss: 25953453.64
Val - Loss, MSE, RMSE, MAE, MAPE: 36140132.00, 36140133.00, 5971.42, 4416.39, 4.81%
Test - Best epoch, Loss, MSE, RMSE, MAE, MAPE: 4, 28933692.00, 28933692.00, 5278.55, 3914.80, 4.16%
- Epoch 005, ExpID 94438
Train - Loss: 24806020.00
Val - Loss, MSE, RMSE, MAE, MAPE: 35748328.00, 35748329.00, 5937.06, 4356.26, 4.75%
Test - Best epoch, Loss, MSE, RMSE, MAE, MAPE: 5, 27834002.00, 27834002.00, 5173.19, 3798.59, 4.02%
- Epoch 006, ExpID 94438
Train - Loss: 23915917.09
Val - Loss, MSE, RMSE, MAE, MAPE: 35396708.00, 35396707.00, 5907.36, 4308.05, 4.71%
Test - Best epoch, Loss, MSE, RMSE, MAE, MAPE: 6, 26931678.00, 26931677.50, 5088.23, 3724.94, 3.94%
- Epoch 007, ExpID 94438
Train - Loss: 23353107.73
Val - Loss, MSE, RMSE, MAE, MAPE: 35421876.00, 35421876.00, 5908.27, 4320.27, 4.71%
Test - Best epoch, Loss, MSE, RMSE, MAE, MAPE: 6, 26931678.00, 26931677.50, 5088.23, 3724.94, 3.94%
- Epoch 008, ExpID 94438
Train - Loss: 23000367.64
Val - Loss, MSE, RMSE, MAE, MAPE: 35036220.00, 35036219.00, 5878.75, 4258.91, 4.65%
Test - Best epoch, Loss, MSE, RMSE, MAE, MAPE: 8, 26080186.00, 26080186.00, 5006.28, 3631.51, 3.83%
- Epoch 009, ExpID 94438
Train - Loss: 22277402.55
Val - Loss, MSE, RMSE, MAE, MAPE: 34720880.00, 34720878.00, 5855.58, 4226.84, 4.63%
Test - Best epoch, Loss, MSE, RMSE, MAE, MAPE: 9, 25793460.00, 25793459.00, 4975.54, 3617.41, 3.83%
- Epoch 010, ExpID 94438
Train - Loss: 21957806.64
Val - Loss, MSE, RMSE, MAE, MAPE: 34650252.00, 34650253.00, 5845.99, 4236.23, 4.61%
Test - Best epoch, Loss, MSE, RMSE, MAE, MAPE: 10, 24826544.00, 24826543.50, 4885.35, 3519.26, 3.71%
- Epoch 011, ExpID 94438
Train - Loss: 21390163.00
Val - Loss, MSE, RMSE, MAE, MAPE: 34586800.00, 34586798.00, 5842.30, 4237.25, 4.62%
Test - Best epoch, Loss, MSE, RMSE, MAE, MAPE: 11, 24683744.00, 24683744.50, 4871.36, 3517.52, 3.71%
- Epoch 012, ExpID 94438
Train - Loss: 21122428.91
Val - Loss, MSE, RMSE, MAE, MAPE: 34340056.00, 34340058.00, 5819.72, 4213.96, 4.59%
Test - Best epoch, Loss, MSE, RMSE, MAE, MAPE: 12, 24429232.00, 24429231.50, 4849.56, 3487.28, 3.67%
- Epoch 013, ExpID 94438
Train - Loss: 20663857.36
Val - Loss, MSE, RMSE, MAE, MAPE: 33832464.00, 33832465.00, 5777.97, 4160.35, 4.55%
Test - Best epoch, Loss, MSE, RMSE, MAE, MAPE: 13, 23955976.00, 23955976.00, 4795.30, 3453.15, 3.65%
- Epoch 014, ExpID 94438
Train - Loss: 20437528.27
Val - Loss, MSE, RMSE, MAE, MAPE: 33863936.00, 33863935.00, 5781.54, 4163.04, 4.55%
Test - Best epoch, Loss, MSE, RMSE, MAE, MAPE: 13, 23955976.00, 23955976.00, 4795.30, 3453.15, 3.65%
- Epoch 015, ExpID 94438
Train - Loss: 20292264.82
Val - Loss, MSE, RMSE, MAE, MAPE: 33581412.00, 33581412.00, 5755.89, 4136.14, 4.52%
Test - Best epoch, Loss, MSE, RMSE, MAE, MAPE: 15, 23747404.00, 23747403.00, 4772.69, 3417.49, 3.60%
- Epoch 016, ExpID 94438
Train - Loss: 20186364.91
Val - Loss, MSE, RMSE, MAE, MAPE: 33531852.00, 33531853.00, 5751.82, 4126.88, 4.52%
Test - Best epoch, Loss, MSE, RMSE, MAE, MAPE: 16, 23793060.00, 23793060.00, 4776.65, 3422.57, 3.62%
- Epoch 017, ExpID 94438
Train - Loss: 19966542.45
Val - Loss, MSE, RMSE, MAE, MAPE: 33129664.00, 33129665.00, 5716.13, 4108.05, 4.49%
Test - Best epoch, Loss, MSE, RMSE, MAE, MAPE: 17, 23449442.00, 23449442.50, 4744.97, 3403.08, 3.59%
- Epoch 018, ExpID 94438
Train - Loss: 19442485.23
Val - Loss, MSE, RMSE, MAE, MAPE: 33231264.00, 33231265.00, 5726.80, 4104.64, 4.50%
Test - Best epoch, Loss, MSE, RMSE, MAE, MAPE: 17, 23449442.00, 23449442.50, 4744.97, 3403.08, 3.59%
- Epoch 019, ExpID 94438
Train - Loss: 19413716.09
Val - Loss, MSE, RMSE, MAE, MAPE: 32899832.00, 32899833.00, 5697.54, 4068.82, 4.46%
Test - Best epoch, Loss, MSE, RMSE, MAE, MAPE: 19, 23326520.00, 23326521.00, 4729.01, 3387.08, 3.59%
- Epoch 020, ExpID 94438
Train - Loss: 19233582.27
Val - Loss, MSE, RMSE, MAE, MAPE: 33003618.00, 33003618.00, 5705.99, 4115.35, 4.49%
Test - Best epoch, Loss, MSE, RMSE, MAE, MAPE: 19, 23326520.00, 23326521.00, 4729.01, 3387.08, 3.59%
- Epoch 021, ExpID 94438
Train - Loss: 18973260.59
Val - Loss, MSE, RMSE, MAE, MAPE: 33373632.00, 33373631.00, 5745.21, 4075.72, 4.49%
Test - Best epoch, Loss, MSE, RMSE, MAE, MAPE: 19, 23326520.00, 23326521.00, 4729.01, 3387.08, 3.59%
- Epoch 022, ExpID 94438
Train - Loss: 19002622.45
Val - Loss, MSE, RMSE, MAE, MAPE: 32670520.00, 32670521.00, 5677.08, 4065.90, 4.45%
Test - Best epoch, Loss, MSE, RMSE, MAE, MAPE: 22, 23027346.00, 23027346.00, 4701.70, 3367.55, 3.56%
- Epoch 023, ExpID 94438
Train - Loss: 18937083.14
Val - Loss, MSE, RMSE, MAE, MAPE: 32783040.00, 32783040.00, 5690.66, 4055.37, 4.46%
Test - Best epoch, Loss, MSE, RMSE, MAE, MAPE: 22, 23027346.00, 23027346.00, 4701.70, 3367.55, 3.56%
- Epoch 024, ExpID 94438
Train - Loss: 18834205.36
Val - Loss, MSE, RMSE, MAE, MAPE: 32444032.00, 32444032.00, 5661.49, 4040.69, 4.43%
Test - Best epoch, Loss, MSE, RMSE, MAE, MAPE: 24, 23001296.00, 23001296.50, 4693.09, 3375.14, 3.57%
- Epoch 025, ExpID 94438
Train - Loss: 18676220.86
Val - Loss, MSE, RMSE, MAE, MAPE: 32210964.00, 32210964.00, 5642.56, 4000.93, 4.40%
Test - Best epoch, Loss, MSE, RMSE, MAE, MAPE: 25, 22833842.00, 22833842.00, 4672.09, 3343.57, 3.54%
- Epoch 026, ExpID 94438
Train - Loss: 18673774.91
Val - Loss, MSE, RMSE, MAE, MAPE: 32447656.00, 32447657.00, 5664.40, 4024.25, 4.43%
Test - Best epoch, Loss, MSE, RMSE, MAE, MAPE: 25, 22833842.00, 22833842.00, 4672.09, 3343.57, 3.54%
- Epoch 027, ExpID 94438
Train - Loss: 18265717.41
Val - Loss, MSE, RMSE, MAE, MAPE: 32189054.00, 32189054.00, 5637.60, 4044.04, 4.42%
Test - Best epoch, Loss, MSE, RMSE, MAE, MAPE: 27, 22633884.00, 22633883.50, 4661.00, 3340.70, 3.52%
- Epoch 028, ExpID 94438
Train - Loss: 18164016.59
Val - Loss, MSE, RMSE, MAE, MAPE: 31724976.00, 31724977.00, 5597.18, 3996.86, 4.37%
Test - Best epoch, Loss, MSE, RMSE, MAE, MAPE: 28, 22481704.00, 22481704.50, 4644.85, 3324.10, 3.51%
- Epoch 029, ExpID 94438
Train - Loss: 18066053.82
Val - Loss, MSE, RMSE, MAE, MAPE: 31895332.00, 31895332.00, 5618.04, 3991.37, 4.39%
Test - Best epoch, Loss, MSE, RMSE, MAE, MAPE: 28, 22481704.00, 22481704.50, 4644.85, 3324.10, 3.51%
- Epoch 030, ExpID 94438
Train - Loss: 18051142.32
Val - Loss, MSE, RMSE, MAE, MAPE: 32122636.00, 32122637.00, 5639.68, 3980.43, 4.38%
Test - Best epoch, Loss, MSE, RMSE, MAE, MAPE: 28, 22481704.00, 22481704.50, 4644.85, 3324.10, 3.51%
- Epoch 031, ExpID 94438
Train - Loss: 18053882.82
Val - Loss, MSE, RMSE, MAE, MAPE: 31890316.00, 31890316.00, 5619.41, 3962.23, 4.36%
Test - Best epoch, Loss, MSE, RMSE, MAE, MAPE: 28, 22481704.00, 22481704.50, 4644.85, 3324.10, 3.51%
- Epoch 032, ExpID 94438
Train - Loss: 17714472.45
Val - Loss, MSE, RMSE, MAE, MAPE: 31832804.00, 31832804.00, 5613.92, 3987.92, 4.39%
Test - Best epoch, Loss, MSE, RMSE, MAE, MAPE: 28, 22481704.00, 22481704.50, 4644.85, 3324.10, 3.51%
- Epoch 033, ExpID 94438
Train - Loss: 17666253.36
Val - Loss, MSE, RMSE, MAE, MAPE: 31440028.00, 31440027.00, 5576.71, 3966.18, 4.36%
Test - Best epoch, Loss, MSE, RMSE, MAE, MAPE: 33, 22458188.00, 22458189.00, 4642.00, 3346.22, 3.55%
- Epoch 034, ExpID 94438
Train - Loss: 17506424.32
Val - Loss, MSE, RMSE, MAE, MAPE: 31369860.00, 31369860.00, 5571.17, 3951.73, 4.34%
Test - Best epoch, Loss, MSE, RMSE, MAE, MAPE: 34, 22334128.00, 22334128.50, 4627.46, 3331.18, 3.53%
- Epoch 035, ExpID 94438
Train - Loss: 17606417.59
Val - Loss, MSE, RMSE, MAE, MAPE: 31426932.00, 31426933.00, 5578.61, 3954.37, 4.35%
Test - Best epoch, Loss, MSE, RMSE, MAE, MAPE: 34, 22334128.00, 22334128.50, 4627.46, 3331.18, 3.53%
- Epoch 036, ExpID 94438
Train - Loss: 17439072.55
Val - Loss, MSE, RMSE, MAE, MAPE: 31378572.00, 31378571.00, 5573.88, 3954.58, 4.35%
Test - Best epoch, Loss, MSE, RMSE, MAE, MAPE: 34, 22334128.00, 22334128.50, 4627.46, 3331.18, 3.53%
- Epoch 037, ExpID 94438
Train - Loss: 17275066.32
Val - Loss, MSE, RMSE, MAE, MAPE: 31091624.00, 31091624.00, 5548.07, 3950.32, 4.33%
Test - Best epoch, Loss, MSE, RMSE, MAE, MAPE: 37, 21791816.00, 21791815.00, 4571.79, 3283.96, 3.47%
- Epoch 038, ExpID 94438
Train - Loss: 17384062.14
Val - Loss, MSE, RMSE, MAE, MAPE: 31432780.00, 31432780.00, 5581.33, 3963.78, 4.37%
Test - Best epoch, Loss, MSE, RMSE, MAE, MAPE: 37, 21791816.00, 21791815.00, 4571.79, 3283.96, 3.47%
- Epoch 039, ExpID 94438
Train - Loss: 17093828.64
Val - Loss, MSE, RMSE, MAE, MAPE: 31050354.00, 31050354.00, 5544.34, 3959.20, 4.34%
Test - Best epoch, Loss, MSE, RMSE, MAE, MAPE: 39, 21811442.00, 21811441.50, 4571.74, 3289.12, 3.47%
- Epoch 040, ExpID 94438
Train - Loss: 17113133.32
Val - Loss, MSE, RMSE, MAE, MAPE: 30874384.00, 30874383.00, 5531.08, 3933.86, 4.32%
Test - Best epoch, Loss, MSE, RMSE, MAE, MAPE: 40, 21926136.00, 21926136.50, 4584.33, 3304.39, 3.50%
- Epoch 041, ExpID 94438
Train - Loss: 16872514.73
Val - Loss, MSE, RMSE, MAE, MAPE: 31159178.00, 31159178.00, 5557.44, 3961.02, 4.36%
Test - Best epoch, Loss, MSE, RMSE, MAE, MAPE: 40, 21926136.00, 21926136.50, 4584.33, 3304.39, 3.50%
- Epoch 042, ExpID 94438
Train - Loss: 16978669.64
Val - Loss, MSE, RMSE, MAE, MAPE: 30831912.00, 30831912.00, 5528.09, 3930.89, 4.32%
Test - Best epoch, Loss, MSE, RMSE, MAE, MAPE: 42, 21870920.00, 21870919.50, 4579.35, 3308.39, 3.51%
- Epoch 043, ExpID 94438
Train - Loss: 16827019.36
Val - Loss, MSE, RMSE, MAE, MAPE: 30461324.00, 30461325.00, 5493.08, 3913.87, 4.29%
Test - Best epoch, Loss, MSE, RMSE, MAE, MAPE: 43, 21388616.00, 21388615.50, 4526.86, 3262.67, 3.45%
- Epoch 044, ExpID 94438
Train - Loss: 16976689.45
Val - Loss, MSE, RMSE, MAE, MAPE: 30562516.00, 30562515.00, 5502.83, 3921.89, 4.31%
Test - Best epoch, Loss, MSE, RMSE, MAE, MAPE: 43, 21388616.00, 21388615.50, 4526.86, 3262.67, 3.45%
- Epoch 045, ExpID 94438
Train - Loss: 16806799.45
Val - Loss, MSE, RMSE, MAE, MAPE: 30843192.00, 30843193.00, 5530.50, 3936.30, 4.33%
Test - Best epoch, Loss, MSE, RMSE, MAE, MAPE: 43, 21388616.00, 21388615.50, 4526.86, 3262.67, 3.45%
- Epoch 046, ExpID 94438
Train - Loss: 16554720.36
Val - Loss, MSE, RMSE, MAE, MAPE: 30616702.00, 30616702.00, 5510.51, 3933.64, 4.31%
Test - Best epoch, Loss, MSE, RMSE, MAE, MAPE: 43, 21388616.00, 21388615.50, 4526.86, 3262.67, 3.45%
- Epoch 047, ExpID 94438
Train - Loss: 16716389.41
Val - Loss, MSE, RMSE, MAE, MAPE: 31014984.00, 31014983.00, 5547.99, 3951.91, 4.35%
Test - Best epoch, Loss, MSE, RMSE, MAE, MAPE: 43, 21388616.00, 21388615.50, 4526.86, 3262.67, 3.45%
- Epoch 048, ExpID 94438
Train - Loss: 16193006.45
Val - Loss, MSE, RMSE, MAE, MAPE: 30712000.00, 30712001.00, 5520.02, 3947.12, 4.34%
Test - Best epoch, Loss, MSE, RMSE, MAE, MAPE: 43, 21388616.00, 21388615.50, 4526.86, 3262.67, 3.45%
- Epoch 049, ExpID 94438
Train - Loss: 16472061.45
Val - Loss, MSE, RMSE, MAE, MAPE: 30497656.00, 30497656.00, 5500.94, 3926.03, 4.32%
Test - Best epoch, Loss, MSE, RMSE, MAE, MAPE: 43, 21388616.00, 21388615.50, 4526.86, 3262.67, 3.45%
- Epoch 050, ExpID 94438
Train - Loss: 16514656.18
Val - Loss, MSE, RMSE, MAE, MAPE: 31000294.00, 31000294.00, 5547.57, 3957.84, 4.36%
Test - Best epoch, Loss, MSE, RMSE, MAE, MAPE: 43, 21388616.00, 21388615.50, 4526.86, 3262.67, 3.45%
- Epoch 051, ExpID 94438
Train - Loss: 16406153.18
Val - Loss, MSE, RMSE, MAE, MAPE: 30915528.00, 30915527.00, 5541.47, 3963.35, 4.35%
Test - Best epoch, Loss, MSE, RMSE, MAE, MAPE: 43, 21388616.00, 21388615.50, 4526.86, 3262.67, 3.45%
- Epoch 052, ExpID 94438
Train - Loss: 16485967.18
Val - Loss, MSE, RMSE, MAE, MAPE: 30218688.00, 30218689.00, 5474.18, 3912.95, 4.28%
Test - Best epoch, Loss, MSE, RMSE, MAE, MAPE: 52, 20953368.00, 20953368.00, 4476.55, 3237.73, 3.42%
- Epoch 053, ExpID 94438
Train - Loss: 16346654.45
Val - Loss, MSE, RMSE, MAE, MAPE: 30422040.00, 30422039.00, 5497.50, 3928.60, 4.32%
Test - Best epoch, Loss, MSE, RMSE, MAE, MAPE: 52, 20953368.00, 20953368.00, 4476.55, 3237.73, 3.42%
- Epoch 054, ExpID 94438
Train - Loss: 16007950.36
Val - Loss, MSE, RMSE, MAE, MAPE: 30166564.00, 30166565.00, 5471.19, 3917.60, 4.29%
Test - Best epoch, Loss, MSE, RMSE, MAE, MAPE: 54, 21064120.00, 21064119.50, 4488.22, 3246.34, 3.43%
- Epoch 055, ExpID 94438
Train - Loss: 16148172.55
Val - Loss, MSE, RMSE, MAE, MAPE: 31353884.00, 31353883.00, 5584.90, 4000.80, 4.42%
Test - Best epoch, Loss, MSE, RMSE, MAE, MAPE: 54, 21064120.00, 21064119.50, 4488.22, 3246.34, 3.43%
- Epoch 056, ExpID 94438
Train - Loss: 16064802.00
Val - Loss, MSE, RMSE, MAE, MAPE: 30611028.00, 30611028.00, 5513.92, 3945.40, 4.34%
Test - Best epoch, Loss, MSE, RMSE, MAE, MAPE: 54, 21064120.00, 21064119.50, 4488.22, 3246.34, 3.43%
- Epoch 057, ExpID 94438
Train - Loss: 15889773.50
Val - Loss, MSE, RMSE, MAE, MAPE: 30253944.00, 30253943.00, 5482.65, 3921.27, 4.30%
Test - Best epoch, Loss, MSE, RMSE, MAE, MAPE: 54, 21064120.00, 21064119.50, 4488.22, 3246.34, 3.43%
- Epoch 058, ExpID 94438
Train - Loss: 15901759.68
Val - Loss, MSE, RMSE, MAE, MAPE: 29893820.00, 29893819.00, 5447.17, 3913.47, 4.28%
Test - Best epoch, Loss, MSE, RMSE, MAE, MAPE: 58, 20810568.00, 20810567.50, 4463.85, 3233.00, 3.41%
- Epoch 059, ExpID 94438
Train - Loss: 15907924.50
Val - Loss, MSE, RMSE, MAE, MAPE: 30130800.00, 30130801.00, 5471.70, 3923.64, 4.31%
Test - Best epoch, Loss, MSE, RMSE, MAE, MAPE: 58, 20810568.00, 20810567.50, 4463.85, 3233.00, 3.41%
- Epoch 060, ExpID 94438
Train - Loss: 15820916.32
Val - Loss, MSE, RMSE, MAE, MAPE: 30030792.00, 30030791.00, 5462.66, 3914.21, 4.29%
Test - Best epoch, Loss, MSE, RMSE, MAE, MAPE: 58, 20810568.00, 20810567.50, 4463.85, 3233.00, 3.41%
- Epoch 061, ExpID 94438
Train - Loss: 15864923.77
Val - Loss, MSE, RMSE, MAE, MAPE: 30064652.00, 30064651.00, 5468.50, 3914.17, 4.31%
Test - Best epoch, Loss, MSE, RMSE, MAE, MAPE: 58, 20810568.00, 20810567.50, 4463.85, 3233.00, 3.41%
- Epoch 062, ExpID 94438
Train - Loss: 15844289.18
Val - Loss, MSE, RMSE, MAE, MAPE: 30081376.00, 30081375.00, 5469.37, 3918.42, 4.30%
Test - Best epoch, Loss, MSE, RMSE, MAE, MAPE: 58, 20810568.00, 20810567.50, 4463.85, 3233.00, 3.41%
- Epoch 063, ExpID 94438
Train - Loss: 15738273.73
Val - Loss, MSE, RMSE, MAE, MAPE: 30135174.00, 30135174.00, 5474.51, 3913.28, 4.29%
Test - Best epoch, Loss, MSE, RMSE, MAE, MAPE: 58, 20810568.00, 20810567.50, 4463.85, 3233.00, 3.41%
- Epoch 064, ExpID 94438
Train - Loss: 15729559.55
Val - Loss, MSE, RMSE, MAE, MAPE: 30200120.00, 30200121.00, 5480.08, 3942.07, 4.32%
Test - Best epoch, Loss, MSE, RMSE, MAE, MAPE: 58, 20810568.00, 20810567.50, 4463.85, 3233.00, 3.41%
- Epoch 065, ExpID 94438
Train - Loss: 15648706.77
Val - Loss, MSE, RMSE, MAE, MAPE: 29894500.00, 29894501.00, 5451.59, 3913.70, 4.28%
Test - Best epoch, Loss, MSE, RMSE, MAE, MAPE: 58, 20810568.00, 20810567.50, 4463.85, 3233.00, 3.41%
- Epoch 066, ExpID 94438
Train - Loss: 15743947.73
Val - Loss, MSE, RMSE, MAE, MAPE: 30557962.00, 30557962.00, 5517.44, 3955.20, 4.36%
Test - Best epoch, Loss, MSE, RMSE, MAE, MAPE: 58, 20810568.00, 20810567.50, 4463.85, 3233.00, 3.41%
- Epoch 067, ExpID 94438
Train - Loss: 15678769.36
Val - Loss, MSE, RMSE, MAE, MAPE: 29945460.00, 29945461.00, 5457.43, 3920.61, 4.30%
Test - Best epoch, Loss, MSE, RMSE, MAE, MAPE: 58, 20810568.00, 20810567.50, 4463.85, 3233.00, 3.41%
- Epoch 068, ExpID 94438
Train - Loss: 15343293.64
Val - Loss, MSE, RMSE, MAE, MAPE: 30020198.00, 30020198.00, 5466.88, 3918.44, 4.29%
Test - Best epoch, Loss, MSE, RMSE, MAE, MAPE: 58, 20810568.00, 20810567.50, 4463.85, 3233.00, 3.41%
Early Stopping at Epoch 68
Fold 2019 Best RMSE: 4463.8501
