DETAILED LOG | Model: timexer | Seed: 1
FULL CONFIG: {'gpu': '6', 'target': 'both', 'cv_start_year': 2017, 'cv_end_year': 2019, 'test_year': 2024, 'use_corona': False, 'seq_len': 56, 'label_len': 0, 'pred_len': 14, 'batch_size': 256, 'epochs': 1000, 'patience': 10, 'lr': 0.0001, 'model': 'timexer', 'd_model': 256, 'n_heads': 4, 'n_layers': 6, 'dropout': 0.1, 'activation': 'gelu', 'patch_len': 14, 'factor': 5, 'norm_mode': 'revin', 'use_covar': True, 'use_dbloss': False, 'device': device(type='cuda'), 'stride': 16, 'file_path': 'dataset/airport_flight_with_holiday.csv', 'seed': 1, 'val_year': 2019, 'ndims': 2}

-------------------- [Fold: 2017] ExpID: 70890 --------------------
- Epoch 000, ExpID 70890
Train - Loss: 29674730.80
Val - Loss, MSE, RMSE, MAE, MAPE: 38423956.00, 38423957.00, 6154.30, 4688.05, 5.94%
Test - Best epoch, Loss, MSE, RMSE, MAE, MAPE: 0, 82760704.00, 82760706.00, 8931.71, 6739.01, 7.92%
- Epoch 001, ExpID 70890
Train - Loss: 23351316.90
Val - Loss, MSE, RMSE, MAE, MAPE: 34363280.00, 34363278.00, 5823.41, 4351.58, 5.53%
Test - Best epoch, Loss, MSE, RMSE, MAE, MAPE: 1, 81791312.00, 81791314.00, 8814.07, 6629.07, 7.84%
- Epoch 002, ExpID 70890
Train - Loss: 21779607.10
Val - Loss, MSE, RMSE, MAE, MAPE: 33033528.00, 33033529.00, 5712.25, 4282.48, 5.44%
Test - Best epoch, Loss, MSE, RMSE, MAE, MAPE: 2, 81060248.00, 81060248.00, 8750.16, 6599.64, 7.81%
- Epoch 003, ExpID 70890
Train - Loss: 21072075.80
Val - Loss, MSE, RMSE, MAE, MAPE: 32159676.00, 32159677.00, 5631.38, 4230.69, 5.37%
Test - Best epoch, Loss, MSE, RMSE, MAE, MAPE: 3, 80191056.00, 80191060.00, 8703.72, 6594.50, 7.79%
- Epoch 004, ExpID 70890
Train - Loss: 20638534.60
Val - Loss, MSE, RMSE, MAE, MAPE: 30851396.00, 30851395.00, 5520.64, 4134.66, 5.25%
Test - Best epoch, Loss, MSE, RMSE, MAE, MAPE: 4, 79660024.00, 79660026.00, 8648.19, 6537.28, 7.73%
- Epoch 005, ExpID 70890
Train - Loss: 20296675.30
Val - Loss, MSE, RMSE, MAE, MAPE: 30276616.00, 30276616.00, 5474.90, 4109.95, 5.27%
Test - Best epoch, Loss, MSE, RMSE, MAE, MAPE: 5, 78656944.00, 78656948.00, 8590.08, 6463.75, 7.69%
- Epoch 006, ExpID 70890
Train - Loss: 20181648.90
Val - Loss, MSE, RMSE, MAE, MAPE: 29566620.00, 29566620.00, 5410.11, 4058.93, 5.19%
Test - Best epoch, Loss, MSE, RMSE, MAE, MAPE: 6, 76341392.00, 76341392.00, 8464.94, 6359.37, 7.55%
- Epoch 007, ExpID 70890
Train - Loss: 19628413.00
Val - Loss, MSE, RMSE, MAE, MAPE: 29477466.00, 29477466.00, 5401.58, 4054.84, 5.15%
Test - Best epoch, Loss, MSE, RMSE, MAE, MAPE: 7, 77313024.00, 77313020.00, 8510.35, 6431.47, 7.59%
- Epoch 008, ExpID 70890
Train - Loss: 19491649.90
Val - Loss, MSE, RMSE, MAE, MAPE: 28531368.00, 28531367.00, 5321.94, 3992.54, 5.11%
Test - Best epoch, Loss, MSE, RMSE, MAE, MAPE: 8, 74342888.00, 74342888.00, 8344.47, 6238.09, 7.40%
- Epoch 009, ExpID 70890
Train - Loss: 19096637.50
Val - Loss, MSE, RMSE, MAE, MAPE: 27989082.00, 27989082.00, 5272.99, 3944.38, 5.04%
Test - Best epoch, Loss, MSE, RMSE, MAE, MAPE: 9, 73613952.00, 73613950.00, 8294.74, 6205.88, 7.35%
- Epoch 010, ExpID 70890
Train - Loss: 18814926.70
Val - Loss, MSE, RMSE, MAE, MAPE: 27857868.00, 27857868.00, 5264.59, 3933.30, 5.02%
Test - Best epoch, Loss, MSE, RMSE, MAE, MAPE: 10, 75514896.00, 75514898.00, 8377.49, 6256.92, 7.40%
- Epoch 011, ExpID 70890
Train - Loss: 18439651.50
Val - Loss, MSE, RMSE, MAE, MAPE: 27411168.00, 27411167.00, 5221.06, 3894.91, 4.96%
Test - Best epoch, Loss, MSE, RMSE, MAE, MAPE: 11, 73268320.00, 73268318.00, 8268.16, 6169.91, 7.29%
- Epoch 012, ExpID 70890
Train - Loss: 18065251.85
Val - Loss, MSE, RMSE, MAE, MAPE: 27013036.00, 27013036.00, 5184.15, 3875.15, 4.93%
Test - Best epoch, Loss, MSE, RMSE, MAE, MAPE: 12, 73295752.00, 73295754.00, 8254.47, 6139.30, 7.24%
- Epoch 013, ExpID 70890
Train - Loss: 17713943.40
Val - Loss, MSE, RMSE, MAE, MAPE: 27049754.00, 27049754.00, 5188.63, 3869.11, 4.91%
Test - Best epoch, Loss, MSE, RMSE, MAE, MAPE: 12, 73295752.00, 73295754.00, 8254.47, 6139.30, 7.24%
- Epoch 014, ExpID 70890
Train - Loss: 17711427.75
Val - Loss, MSE, RMSE, MAE, MAPE: 26002382.00, 26002382.00, 5088.15, 3771.17, 4.82%
Test - Best epoch, Loss, MSE, RMSE, MAE, MAPE: 14, 72803312.00, 72803308.00, 8216.42, 6080.60, 7.21%
- Epoch 015, ExpID 70890
Train - Loss: 17354926.05
Val - Loss, MSE, RMSE, MAE, MAPE: 25665380.00, 25665379.00, 5054.38, 3761.95, 4.80%
Test - Best epoch, Loss, MSE, RMSE, MAE, MAPE: 15, 72327552.00, 72327554.00, 8180.14, 6027.81, 7.12%
- Epoch 016, ExpID 70890
Train - Loss: 17159185.10
Val - Loss, MSE, RMSE, MAE, MAPE: 25341642.00, 25341642.00, 5021.96, 3749.82, 4.78%
Test - Best epoch, Loss, MSE, RMSE, MAE, MAPE: 16, 72412016.00, 72412020.00, 8177.20, 6029.01, 7.12%
- Epoch 017, ExpID 70890
Train - Loss: 16999013.95
Val - Loss, MSE, RMSE, MAE, MAPE: 25226688.00, 25226689.00, 5011.61, 3735.50, 4.76%
Test - Best epoch, Loss, MSE, RMSE, MAE, MAPE: 17, 72417984.00, 72417986.00, 8173.59, 6021.45, 7.10%
- Epoch 018, ExpID 70890
Train - Loss: 16676482.70
Val - Loss, MSE, RMSE, MAE, MAPE: 24667102.00, 24667102.00, 4955.06, 3691.04, 4.73%
Test - Best epoch, Loss, MSE, RMSE, MAE, MAPE: 18, 70777528.00, 70777529.00, 8080.52, 5915.27, 7.02%
- Epoch 019, ExpID 70890
Train - Loss: 16506797.05
Val - Loss, MSE, RMSE, MAE, MAPE: 24451244.00, 24451244.00, 4930.75, 3673.98, 4.68%
Test - Best epoch, Loss, MSE, RMSE, MAE, MAPE: 19, 70683624.00, 70683626.00, 8072.37, 5937.68, 7.01%
- Epoch 020, ExpID 70890
Train - Loss: 16380931.85
Val - Loss, MSE, RMSE, MAE, MAPE: 24122080.00, 24122080.00, 4899.19, 3641.95, 4.66%
Test - Best epoch, Loss, MSE, RMSE, MAE, MAPE: 20, 69310104.00, 69310101.00, 8009.09, 5868.44, 6.96%
- Epoch 021, ExpID 70890
Train - Loss: 16133937.40
Val - Loss, MSE, RMSE, MAE, MAPE: 23987220.00, 23987219.00, 4885.41, 3654.30, 4.68%
Test - Best epoch, Loss, MSE, RMSE, MAE, MAPE: 21, 68703048.00, 68703048.00, 7955.96, 5790.71, 6.88%
- Epoch 022, ExpID 70890
Train - Loss: 15963570.55
Val - Loss, MSE, RMSE, MAE, MAPE: 23889250.00, 23889250.00, 4875.82, 3643.42, 4.67%
Test - Best epoch, Loss, MSE, RMSE, MAE, MAPE: 22, 67243128.00, 67243131.00, 7886.30, 5731.38, 6.82%
- Epoch 023, ExpID 70890
Train - Loss: 15869475.45
Val - Loss, MSE, RMSE, MAE, MAPE: 23731768.00, 23731767.00, 4858.17, 3625.83, 4.63%
Test - Best epoch, Loss, MSE, RMSE, MAE, MAPE: 23, 69109032.00, 69109029.00, 7969.47, 5829.87, 6.90%
- Epoch 024, ExpID 70890
Train - Loss: 15600886.20
Val - Loss, MSE, RMSE, MAE, MAPE: 23404748.00, 23404748.00, 4823.97, 3591.74, 4.61%
Test - Best epoch, Loss, MSE, RMSE, MAE, MAPE: 24, 67630376.00, 67630378.00, 7894.48, 5733.77, 6.82%
- Epoch 025, ExpID 70890
Train - Loss: 15488717.10
Val - Loss, MSE, RMSE, MAE, MAPE: 23120550.00, 23120550.00, 4794.72, 3567.06, 4.57%
Test - Best epoch, Loss, MSE, RMSE, MAE, MAPE: 25, 67392032.00, 67392030.00, 7876.86, 5730.13, 6.81%
- Epoch 026, ExpID 70890
Train - Loss: 15354881.40
Val - Loss, MSE, RMSE, MAE, MAPE: 23118764.00, 23118763.00, 4795.15, 3565.07, 4.54%
Test - Best epoch, Loss, MSE, RMSE, MAE, MAPE: 26, 68443728.00, 68443725.00, 7929.47, 5798.64, 6.86%
- Epoch 027, ExpID 70890
Train - Loss: 15310708.55
Val - Loss, MSE, RMSE, MAE, MAPE: 23727658.00, 23727658.00, 4854.89, 3626.06, 4.61%
Test - Best epoch, Loss, MSE, RMSE, MAE, MAPE: 26, 68443728.00, 68443725.00, 7929.47, 5798.64, 6.86%
- Epoch 028, ExpID 70890
Train - Loss: 15074360.25
Val - Loss, MSE, RMSE, MAE, MAPE: 23188050.00, 23188050.00, 4801.12, 3582.13, 4.60%
Test - Best epoch, Loss, MSE, RMSE, MAE, MAPE: 26, 68443728.00, 68443725.00, 7929.47, 5798.64, 6.86%
- Epoch 029, ExpID 70890
Train - Loss: 14990817.60
Val - Loss, MSE, RMSE, MAE, MAPE: 22803588.00, 22803589.00, 4761.24, 3549.23, 4.54%
Test - Best epoch, Loss, MSE, RMSE, MAE, MAPE: 29, 68899432.00, 68899430.00, 7939.43, 5789.35, 6.87%
- Epoch 030, ExpID 70890
Train - Loss: 14853454.25
Val - Loss, MSE, RMSE, MAE, MAPE: 23007116.00, 23007116.00, 4781.80, 3568.38, 4.56%
Test - Best epoch, Loss, MSE, RMSE, MAE, MAPE: 29, 68899432.00, 68899430.00, 7939.43, 5789.35, 6.87%
- Epoch 031, ExpID 70890
Train - Loss: 14743493.20
Val - Loss, MSE, RMSE, MAE, MAPE: 22883570.00, 22883570.00, 4768.52, 3564.38, 4.55%
Test - Best epoch, Loss, MSE, RMSE, MAE, MAPE: 29, 68899432.00, 68899430.00, 7939.43, 5789.35, 6.87%
- Epoch 032, ExpID 70890
Train - Loss: 14574954.60
Val - Loss, MSE, RMSE, MAE, MAPE: 22776308.00, 22776307.00, 4757.24, 3554.37, 4.56%
Test - Best epoch, Loss, MSE, RMSE, MAE, MAPE: 32, 68675280.00, 68675277.00, 7921.91, 5730.46, 6.83%
- Epoch 033, ExpID 70890
Train - Loss: 14419054.20
Val - Loss, MSE, RMSE, MAE, MAPE: 22736828.00, 22736827.00, 4751.86, 3542.01, 4.54%
Test - Best epoch, Loss, MSE, RMSE, MAE, MAPE: 33, 68097264.00, 68097268.00, 7904.00, 5734.83, 6.84%
- Epoch 034, ExpID 70890
Train - Loss: 14238937.45
Val - Loss, MSE, RMSE, MAE, MAPE: 22325738.00, 22325738.00, 4706.81, 3508.69, 4.49%
Test - Best epoch, Loss, MSE, RMSE, MAE, MAPE: 34, 68096152.00, 68096150.00, 7893.06, 5738.38, 6.82%
- Epoch 035, ExpID 70890
Train - Loss: 14193459.65
Val - Loss, MSE, RMSE, MAE, MAPE: 22431896.00, 22431897.00, 4719.24, 3492.54, 4.47%
Test - Best epoch, Loss, MSE, RMSE, MAE, MAPE: 34, 68096152.00, 68096150.00, 7893.06, 5738.38, 6.82%
- Epoch 036, ExpID 70890
Train - Loss: 14130770.05
Val - Loss, MSE, RMSE, MAE, MAPE: 22216060.00, 22216060.00, 4693.66, 3506.91, 4.48%
Test - Best epoch, Loss, MSE, RMSE, MAE, MAPE: 36, 67278656.00, 67278655.00, 7854.44, 5712.05, 6.79%
- Epoch 037, ExpID 70890
Train - Loss: 13988913.35
Val - Loss, MSE, RMSE, MAE, MAPE: 22066360.00, 22066359.00, 4678.19, 3476.34, 4.45%
Test - Best epoch, Loss, MSE, RMSE, MAE, MAPE: 37, 68575856.00, 68575857.00, 7915.31, 5748.62, 6.85%
- Epoch 038, ExpID 70890
Train - Loss: 13953532.15
Val - Loss, MSE, RMSE, MAE, MAPE: 22221276.00, 22221276.00, 4694.92, 3494.82, 4.48%
Test - Best epoch, Loss, MSE, RMSE, MAE, MAPE: 37, 68575856.00, 68575857.00, 7915.31, 5748.62, 6.85%
- Epoch 039, ExpID 70890
Train - Loss: 13867982.55
Val - Loss, MSE, RMSE, MAE, MAPE: 21909356.00, 21909357.00, 4658.02, 3459.71, 4.43%
Test - Best epoch, Loss, MSE, RMSE, MAE, MAPE: 39, 71587392.00, 71587394.00, 8051.87, 5813.51, 6.93%
- Epoch 040, ExpID 70890
Train - Loss: 13757112.35
Val - Loss, MSE, RMSE, MAE, MAPE: 21780742.00, 21780742.00, 4645.27, 3459.72, 4.42%
Test - Best epoch, Loss, MSE, RMSE, MAE, MAPE: 40, 70637976.00, 70637978.00, 8004.75, 5797.93, 6.90%
- Epoch 041, ExpID 70890
Train - Loss: 13520645.35
Val - Loss, MSE, RMSE, MAE, MAPE: 21806568.00, 21806568.00, 4646.72, 3450.09, 4.41%
Test - Best epoch, Loss, MSE, RMSE, MAE, MAPE: 40, 70637976.00, 70637978.00, 8004.75, 5797.93, 6.90%
- Epoch 042, ExpID 70890
Train - Loss: 13570216.70
Val - Loss, MSE, RMSE, MAE, MAPE: 21554664.00, 21554663.00, 4620.96, 3425.87, 4.39%
Test - Best epoch, Loss, MSE, RMSE, MAE, MAPE: 42, 70360304.00, 70360304.00, 7997.01, 5796.72, 6.91%
- Epoch 043, ExpID 70890
Train - Loss: 13441402.15
Val - Loss, MSE, RMSE, MAE, MAPE: 21456188.00, 21456187.00, 4610.27, 3427.15, 4.39%
Test - Best epoch, Loss, MSE, RMSE, MAE, MAPE: 43, 68008120.00, 68008122.00, 7869.24, 5664.13, 6.75%
- Epoch 044, ExpID 70890
Train - Loss: 13314931.20
Val - Loss, MSE, RMSE, MAE, MAPE: 21306372.00, 21306371.00, 4591.07, 3399.42, 4.37%
Test - Best epoch, Loss, MSE, RMSE, MAE, MAPE: 44, 70273232.00, 70273233.00, 8001.87, 5804.97, 6.95%
- Epoch 045, ExpID 70890
Train - Loss: 13213656.40
Val - Loss, MSE, RMSE, MAE, MAPE: 21257416.00, 21257417.00, 4582.72, 3415.62, 4.38%
Test - Best epoch, Loss, MSE, RMSE, MAE, MAPE: 45, 70287952.00, 70287952.00, 7987.46, 5771.32, 6.88%
- Epoch 046, ExpID 70890
Train - Loss: 13314535.05
Val - Loss, MSE, RMSE, MAE, MAPE: 20967952.00, 20967952.00, 4553.21, 3380.45, 4.34%
Test - Best epoch, Loss, MSE, RMSE, MAE, MAPE: 46, 69961320.00, 69961323.00, 7979.88, 5774.74, 6.90%
- Epoch 047, ExpID 70890
Train - Loss: 13089992.40
Val - Loss, MSE, RMSE, MAE, MAPE: 20775720.00, 20775719.50, 4530.90, 3372.21, 4.31%
Test - Best epoch, Loss, MSE, RMSE, MAE, MAPE: 47, 69267096.00, 69267094.00, 7937.50, 5764.14, 6.86%
- Epoch 048, ExpID 70890
Train - Loss: 13008225.20
Val - Loss, MSE, RMSE, MAE, MAPE: 20875710.00, 20875709.50, 4542.54, 3360.08, 4.31%
Test - Best epoch, Loss, MSE, RMSE, MAE, MAPE: 47, 69267096.00, 69267094.00, 7937.50, 5764.14, 6.86%
- Epoch 049, ExpID 70890
Train - Loss: 12852531.80
Val - Loss, MSE, RMSE, MAE, MAPE: 20874238.00, 20874238.50, 4541.05, 3388.13, 4.34%
Test - Best epoch, Loss, MSE, RMSE, MAE, MAPE: 47, 69267096.00, 69267094.00, 7937.50, 5764.14, 6.86%
- Epoch 050, ExpID 70890
Train - Loss: 12802320.15
Val - Loss, MSE, RMSE, MAE, MAPE: 20767980.00, 20767979.50, 4531.26, 3356.94, 4.29%
Test - Best epoch, Loss, MSE, RMSE, MAE, MAPE: 50, 70072544.00, 70072546.00, 7965.94, 5757.60, 6.85%
- Epoch 051, ExpID 70890
Train - Loss: 12751280.65
Val - Loss, MSE, RMSE, MAE, MAPE: 20589804.00, 20589804.50, 4509.63, 3347.97, 4.29%
Test - Best epoch, Loss, MSE, RMSE, MAE, MAPE: 51, 69127960.00, 69127960.00, 7936.24, 5746.96, 6.86%
- Epoch 052, ExpID 70890
Train - Loss: 12625127.10
Val - Loss, MSE, RMSE, MAE, MAPE: 20644536.00, 20644536.50, 4517.37, 3350.00, 4.30%
Test - Best epoch, Loss, MSE, RMSE, MAE, MAPE: 51, 69127960.00, 69127960.00, 7936.24, 5746.96, 6.86%
- Epoch 053, ExpID 70890
Train - Loss: 12610487.45
Val - Loss, MSE, RMSE, MAE, MAPE: 20550184.00, 20550184.50, 4507.55, 3336.64, 4.28%
Test - Best epoch, Loss, MSE, RMSE, MAE, MAPE: 53, 69661208.00, 69661208.00, 7952.64, 5744.12, 6.86%
- Epoch 054, ExpID 70890
Train - Loss: 12518319.00
Val - Loss, MSE, RMSE, MAE, MAPE: 20461888.00, 20461889.00, 4495.40, 3338.77, 4.27%
Test - Best epoch, Loss, MSE, RMSE, MAE, MAPE: 54, 69884704.00, 69884702.00, 7958.54, 5786.64, 6.89%
- Epoch 055, ExpID 70890
Train - Loss: 12522880.00
Val - Loss, MSE, RMSE, MAE, MAPE: 20473846.00, 20473845.50, 4495.25, 3330.78, 4.26%
Test - Best epoch, Loss, MSE, RMSE, MAE, MAPE: 54, 69884704.00, 69884702.00, 7958.54, 5786.64, 6.89%
- Epoch 056, ExpID 70890
Train - Loss: 12358442.05
Val - Loss, MSE, RMSE, MAE, MAPE: 20259574.00, 20259574.50, 4468.48, 3305.80, 4.25%
Test - Best epoch, Loss, MSE, RMSE, MAE, MAPE: 56, 69910824.00, 69910823.00, 7962.66, 5753.23, 6.88%
- Epoch 057, ExpID 70890
Train - Loss: 12252651.70
Val - Loss, MSE, RMSE, MAE, MAPE: 20406602.00, 20406601.50, 4489.18, 3339.00, 4.28%
Test - Best epoch, Loss, MSE, RMSE, MAE, MAPE: 56, 69910824.00, 69910823.00, 7962.66, 5753.23, 6.88%
- Epoch 058, ExpID 70890
Train - Loss: 12205640.70
Val - Loss, MSE, RMSE, MAE, MAPE: 20133936.00, 20133935.00, 4458.53, 3295.45, 4.22%
Test - Best epoch, Loss, MSE, RMSE, MAE, MAPE: 58, 70428480.00, 70428480.00, 7979.89, 5769.68, 6.87%
- Epoch 059, ExpID 70890
Train - Loss: 12042278.10
Val - Loss, MSE, RMSE, MAE, MAPE: 20291162.00, 20291161.50, 4474.66, 3306.38, 4.23%
Test - Best epoch, Loss, MSE, RMSE, MAE, MAPE: 58, 70428480.00, 70428480.00, 7979.89, 5769.68, 6.87%
- Epoch 060, ExpID 70890
Train - Loss: 12191991.25
Val - Loss, MSE, RMSE, MAE, MAPE: 19724460.00, 19724460.50, 4408.06, 3258.77, 4.17%
Test - Best epoch, Loss, MSE, RMSE, MAE, MAPE: 60, 68756344.00, 68756341.00, 7897.58, 5689.23, 6.78%
- Epoch 061, ExpID 70890
Train - Loss: 12006533.95
Val - Loss, MSE, RMSE, MAE, MAPE: 20211100.00, 20211100.00, 4466.09, 3326.40, 4.26%
Test - Best epoch, Loss, MSE, RMSE, MAE, MAPE: 60, 68756344.00, 68756341.00, 7897.58, 5689.23, 6.78%
- Epoch 062, ExpID 70890
Train - Loss: 12035080.90
Val - Loss, MSE, RMSE, MAE, MAPE: 19958784.00, 19958784.00, 4434.39, 3286.80, 4.21%
Test - Best epoch, Loss, MSE, RMSE, MAE, MAPE: 60, 68756344.00, 68756341.00, 7897.58, 5689.23, 6.78%
- Epoch 063, ExpID 70890
Train - Loss: 11827894.40
Val - Loss, MSE, RMSE, MAE, MAPE: 19897082.00, 19897082.00, 4428.38, 3282.72, 4.20%
Test - Best epoch, Loss, MSE, RMSE, MAE, MAPE: 60, 68756344.00, 68756341.00, 7897.58, 5689.23, 6.78%
- Epoch 064, ExpID 70890
Train - Loss: 11812610.55
Val - Loss, MSE, RMSE, MAE, MAPE: 20105546.00, 20105546.50, 4449.02, 3292.66, 4.21%
Test - Best epoch, Loss, MSE, RMSE, MAE, MAPE: 60, 68756344.00, 68756341.00, 7897.58, 5689.23, 6.78%
- Epoch 065, ExpID 70890
Train - Loss: 11652534.35
Val - Loss, MSE, RMSE, MAE, MAPE: 20180804.00, 20180805.00, 4459.49, 3305.96, 4.22%
Test - Best epoch, Loss, MSE, RMSE, MAE, MAPE: 60, 68756344.00, 68756341.00, 7897.58, 5689.23, 6.78%
- Epoch 066, ExpID 70890
Train - Loss: 11712103.25
Val - Loss, MSE, RMSE, MAE, MAPE: 19952242.00, 19952241.50, 4429.40, 3270.72, 4.20%
Test - Best epoch, Loss, MSE, RMSE, MAE, MAPE: 60, 68756344.00, 68756341.00, 7897.58, 5689.23, 6.78%
- Epoch 067, ExpID 70890
Train - Loss: 11538791.75
Val - Loss, MSE, RMSE, MAE, MAPE: 19995494.00, 19995493.50, 4435.58, 3278.48, 4.19%
Test - Best epoch, Loss, MSE, RMSE, MAE, MAPE: 60, 68756344.00, 68756341.00, 7897.58, 5689.23, 6.78%
- Epoch 068, ExpID 70890
Train - Loss: 11661331.20
Val - Loss, MSE, RMSE, MAE, MAPE: 19763004.00, 19763003.00, 4410.33, 3261.90, 4.18%
Test - Best epoch, Loss, MSE, RMSE, MAE, MAPE: 60, 68756344.00, 68756341.00, 7897.58, 5689.23, 6.78%
- Epoch 069, ExpID 70890
Train - Loss: 11497724.85
Val - Loss, MSE, RMSE, MAE, MAPE: 19832168.00, 19832167.00, 4415.66, 3263.49, 4.17%
Test - Best epoch, Loss, MSE, RMSE, MAE, MAPE: 60, 68756344.00, 68756341.00, 7897.58, 5689.23, 6.78%
- Epoch 070, ExpID 70890
Train - Loss: 11384946.90
Val - Loss, MSE, RMSE, MAE, MAPE: 19879396.00, 19879396.50, 4419.70, 3275.33, 4.19%
Test - Best epoch, Loss, MSE, RMSE, MAE, MAPE: 60, 68756344.00, 68756341.00, 7897.58, 5689.23, 6.78%
Early Stopping at Epoch 70
Fold 2017 Best RMSE: 7897.5789

-------------------- [Fold: 2018] ExpID: 74000 --------------------
- Epoch 000, ExpID 74000
Train - Loss: 32018013.00
Val - Loss, MSE, RMSE, MAE, MAPE: 83697136.00, 83697134.00, 8975.92, 6710.02, 7.96%
Test - Best epoch, Loss, MSE, RMSE, MAE, MAPE: 0, 45438024.00, 45438024.00, 6737.85, 5181.56, 5.63%
- Epoch 001, ExpID 74000
Train - Loss: 24494295.91
Val - Loss, MSE, RMSE, MAE, MAPE: 83102744.00, 83102742.00, 8878.45, 6669.42, 7.90%
Test - Best epoch, Loss, MSE, RMSE, MAE, MAPE: 1, 42142736.00, 42142734.00, 6484.73, 4922.16, 5.33%
- Epoch 002, ExpID 74000
Train - Loss: 23089696.73
Val - Loss, MSE, RMSE, MAE, MAPE: 78982712.00, 78982714.00, 8650.40, 6468.71, 7.70%
Test - Best epoch, Loss, MSE, RMSE, MAE, MAPE: 2, 40254344.00, 40254342.00, 6338.19, 4820.30, 5.25%
- Epoch 003, ExpID 74000
Train - Loss: 22185082.00
Val - Loss, MSE, RMSE, MAE, MAPE: 78876424.00, 78876422.00, 8637.09, 6547.80, 7.71%
Test - Best epoch, Loss, MSE, RMSE, MAE, MAPE: 3, 40463276.00, 40463276.00, 6353.30, 4830.16, 5.20%
- Epoch 004, ExpID 74000
Train - Loss: 21953561.00
Val - Loss, MSE, RMSE, MAE, MAPE: 76552264.00, 76552264.00, 8495.57, 6367.24, 7.53%
Test - Best epoch, Loss, MSE, RMSE, MAE, MAPE: 4, 38524152.00, 38524154.00, 6200.00, 4687.93, 5.08%
- Epoch 005, ExpID 74000
Train - Loss: 21352924.64
Val - Loss, MSE, RMSE, MAE, MAPE: 76759592.00, 76759590.00, 8507.06, 6430.03, 7.57%
Test - Best epoch, Loss, MSE, RMSE, MAE, MAPE: 4, 38524152.00, 38524154.00, 6200.00, 4687.93, 5.08%
- Epoch 006, ExpID 74000
Train - Loss: 21025395.18
Val - Loss, MSE, RMSE, MAE, MAPE: 74887456.00, 74887458.00, 8395.30, 6315.75, 7.46%
Test - Best epoch, Loss, MSE, RMSE, MAE, MAPE: 6, 37178868.00, 37178868.00, 6092.05, 4588.91, 4.97%
- Epoch 007, ExpID 74000
Train - Loss: 20651024.55
Val - Loss, MSE, RMSE, MAE, MAPE: 73004560.00, 73004558.00, 8295.53, 6230.89, 7.36%
Test - Best epoch, Loss, MSE, RMSE, MAE, MAPE: 7, 36678968.00, 36678970.00, 6051.30, 4567.91, 4.95%
- Epoch 008, ExpID 74000
Train - Loss: 20334669.27
Val - Loss, MSE, RMSE, MAE, MAPE: 75335000.00, 75335000.00, 8402.41, 6314.39, 7.46%
Test - Best epoch, Loss, MSE, RMSE, MAE, MAPE: 7, 36678968.00, 36678970.00, 6051.30, 4567.91, 4.95%
- Epoch 009, ExpID 74000
Train - Loss: 19833828.45
Val - Loss, MSE, RMSE, MAE, MAPE: 72784944.00, 72784942.00, 8257.26, 6157.56, 7.28%
Test - Best epoch, Loss, MSE, RMSE, MAE, MAPE: 9, 35308664.00, 35308665.00, 5937.15, 4455.98, 4.84%
- Epoch 010, ExpID 74000
Train - Loss: 19759620.45
Val - Loss, MSE, RMSE, MAE, MAPE: 72743680.00, 72743680.00, 8246.20, 6156.79, 7.27%
Test - Best epoch, Loss, MSE, RMSE, MAE, MAPE: 10, 35062832.00, 35062832.00, 5915.96, 4451.72, 4.83%
- Epoch 011, ExpID 74000
Train - Loss: 19338297.00
Val - Loss, MSE, RMSE, MAE, MAPE: 73272736.00, 73272738.00, 8268.77, 6156.76, 7.27%
Test - Best epoch, Loss, MSE, RMSE, MAE, MAPE: 10, 35062832.00, 35062832.00, 5915.96, 4451.72, 4.83%
- Epoch 012, ExpID 74000
Train - Loss: 18824157.27
Val - Loss, MSE, RMSE, MAE, MAPE: 72680312.00, 72680314.00, 8213.53, 6102.64, 7.23%
Test - Best epoch, Loss, MSE, RMSE, MAE, MAPE: 12, 34335568.00, 34335568.00, 5853.56, 4400.97, 4.78%
- Epoch 013, ExpID 74000
Train - Loss: 18882299.73
Val - Loss, MSE, RMSE, MAE, MAPE: 71055824.00, 71055820.00, 8131.99, 6030.96, 7.13%
Test - Best epoch, Loss, MSE, RMSE, MAE, MAPE: 13, 33897840.00, 33897840.00, 5817.01, 4368.30, 4.73%
- Epoch 014, ExpID 74000
Train - Loss: 18385501.18
Val - Loss, MSE, RMSE, MAE, MAPE: 70989712.00, 70989708.00, 8114.17, 6012.46, 7.11%
Test - Best epoch, Loss, MSE, RMSE, MAE, MAPE: 14, 33833068.00, 33833068.00, 5809.57, 4370.59, 4.73%
- Epoch 015, ExpID 74000
Train - Loss: 18337159.09
Val - Loss, MSE, RMSE, MAE, MAPE: 71982672.00, 71982668.00, 8165.07, 6087.94, 7.18%
Test - Best epoch, Loss, MSE, RMSE, MAE, MAPE: 14, 33833068.00, 33833068.00, 5809.57, 4370.59, 4.73%
- Epoch 016, ExpID 74000
Train - Loss: 18126511.14
Val - Loss, MSE, RMSE, MAE, MAPE: 68561368.00, 68561368.00, 7988.64, 5915.20, 7.03%
Test - Best epoch, Loss, MSE, RMSE, MAE, MAPE: 16, 33255298.00, 33255298.00, 5760.91, 4331.42, 4.71%
- Epoch 017, ExpID 74000
Train - Loss: 17634019.59
Val - Loss, MSE, RMSE, MAE, MAPE: 69296984.00, 69296981.00, 8013.81, 5929.40, 7.02%
Test - Best epoch, Loss, MSE, RMSE, MAE, MAPE: 16, 33255298.00, 33255298.00, 5760.91, 4331.42, 4.71%
- Epoch 018, ExpID 74000
Train - Loss: 17494481.64
Val - Loss, MSE, RMSE, MAE, MAPE: 69448992.00, 69448992.00, 8018.01, 5932.94, 7.01%
Test - Best epoch, Loss, MSE, RMSE, MAE, MAPE: 16, 33255298.00, 33255298.00, 5760.91, 4331.42, 4.71%
- Epoch 019, ExpID 74000
Train - Loss: 17358378.68
Val - Loss, MSE, RMSE, MAE, MAPE: 65769960.00, 65769961.00, 7830.13, 5728.98, 6.83%
Test - Best epoch, Loss, MSE, RMSE, MAE, MAPE: 19, 32588188.00, 32588188.00, 5704.16, 4270.20, 4.65%
- Epoch 020, ExpID 74000
Train - Loss: 17135824.14
Val - Loss, MSE, RMSE, MAE, MAPE: 68103656.00, 68103654.00, 7932.17, 5814.92, 6.91%
Test - Best epoch, Loss, MSE, RMSE, MAE, MAPE: 19, 32588188.00, 32588188.00, 5704.16, 4270.20, 4.65%
- Epoch 021, ExpID 74000
Train - Loss: 16909863.95
Val - Loss, MSE, RMSE, MAE, MAPE: 66984924.00, 66984924.00, 7874.57, 5805.15, 6.86%
Test - Best epoch, Loss, MSE, RMSE, MAE, MAPE: 19, 32588188.00, 32588188.00, 5704.16, 4270.20, 4.65%
- Epoch 022, ExpID 74000
Train - Loss: 16823579.00
Val - Loss, MSE, RMSE, MAE, MAPE: 67957344.00, 67957343.00, 7928.54, 5904.15, 6.95%
Test - Best epoch, Loss, MSE, RMSE, MAE, MAPE: 19, 32588188.00, 32588188.00, 5704.16, 4270.20, 4.65%
- Epoch 023, ExpID 74000
Train - Loss: 17005769.50
Val - Loss, MSE, RMSE, MAE, MAPE: 67010224.00, 67010226.00, 7881.26, 5818.08, 6.87%
Test - Best epoch, Loss, MSE, RMSE, MAE, MAPE: 19, 32588188.00, 32588188.00, 5704.16, 4270.20, 4.65%
- Epoch 024, ExpID 74000
Train - Loss: 16673595.68
Val - Loss, MSE, RMSE, MAE, MAPE: 65260900.00, 65260901.00, 7762.23, 5642.96, 6.72%
Test - Best epoch, Loss, MSE, RMSE, MAE, MAPE: 24, 32496520.00, 32496519.00, 5693.85, 4257.07, 4.62%
- Epoch 025, ExpID 74000
Train - Loss: 16765710.41
Val - Loss, MSE, RMSE, MAE, MAPE: 64665524.00, 64665524.00, 7743.47, 5618.73, 6.69%
Test - Best epoch, Loss, MSE, RMSE, MAE, MAPE: 25, 32329380.00, 32329380.00, 5680.22, 4247.51, 4.61%
- Epoch 026, ExpID 74000
Train - Loss: 16136710.59
Val - Loss, MSE, RMSE, MAE, MAPE: 64501592.00, 64501591.00, 7718.93, 5581.70, 6.64%
Test - Best epoch, Loss, MSE, RMSE, MAE, MAPE: 26, 32346034.00, 32346034.00, 5680.55, 4245.94, 4.60%
- Epoch 027, ExpID 74000
Train - Loss: 16052933.95
Val - Loss, MSE, RMSE, MAE, MAPE: 64829928.00, 64829928.00, 7732.03, 5618.07, 6.69%
Test - Best epoch, Loss, MSE, RMSE, MAE, MAPE: 26, 32346034.00, 32346034.00, 5680.55, 4245.94, 4.60%
- Epoch 028, ExpID 74000
Train - Loss: 15875244.73
Val - Loss, MSE, RMSE, MAE, MAPE: 66357788.00, 66357788.00, 7815.51, 5645.98, 6.73%
Test - Best epoch, Loss, MSE, RMSE, MAE, MAPE: 26, 32346034.00, 32346034.00, 5680.55, 4245.94, 4.60%
- Epoch 029, ExpID 74000
Train - Loss: 15966367.18
Val - Loss, MSE, RMSE, MAE, MAPE: 65397400.00, 65397399.00, 7770.29, 5620.82, 6.72%
Test - Best epoch, Loss, MSE, RMSE, MAE, MAPE: 26, 32346034.00, 32346034.00, 5680.55, 4245.94, 4.60%
- Epoch 030, ExpID 74000
Train - Loss: 15552309.27
Val - Loss, MSE, RMSE, MAE, MAPE: 63869256.00, 63869256.00, 7678.14, 5570.40, 6.62%
Test - Best epoch, Loss, MSE, RMSE, MAE, MAPE: 30, 32667632.00, 32667632.00, 5708.91, 4273.85, 4.62%
- Epoch 031, ExpID 74000
Train - Loss: 15539106.64
Val - Loss, MSE, RMSE, MAE, MAPE: 65101924.00, 65101923.00, 7753.43, 5637.32, 6.70%
Test - Best epoch, Loss, MSE, RMSE, MAE, MAPE: 30, 32667632.00, 32667632.00, 5708.91, 4273.85, 4.62%
- Epoch 032, ExpID 74000
Train - Loss: 15660660.18
Val - Loss, MSE, RMSE, MAE, MAPE: 64981644.00, 64981644.00, 7725.13, 5577.64, 6.65%
Test - Best epoch, Loss, MSE, RMSE, MAE, MAPE: 30, 32667632.00, 32667632.00, 5708.91, 4273.85, 4.62%
- Epoch 033, ExpID 74000
Train - Loss: 15225111.32
Val - Loss, MSE, RMSE, MAE, MAPE: 65526420.00, 65526420.00, 7761.10, 5639.29, 6.69%
Test - Best epoch, Loss, MSE, RMSE, MAE, MAPE: 30, 32667632.00, 32667632.00, 5708.91, 4273.85, 4.62%
- Epoch 034, ExpID 74000
Train - Loss: 15306031.27
Val - Loss, MSE, RMSE, MAE, MAPE: 66099116.00, 66099116.00, 7790.09, 5660.10, 6.71%
Test - Best epoch, Loss, MSE, RMSE, MAE, MAPE: 30, 32667632.00, 32667632.00, 5708.91, 4273.85, 4.62%
- Epoch 035, ExpID 74000
Train - Loss: 15059669.73
Val - Loss, MSE, RMSE, MAE, MAPE: 65651960.00, 65651958.00, 7765.17, 5638.83, 6.70%
Test - Best epoch, Loss, MSE, RMSE, MAE, MAPE: 30, 32667632.00, 32667632.00, 5708.91, 4273.85, 4.62%
- Epoch 036, ExpID 74000
Train - Loss: 14913639.73
Val - Loss, MSE, RMSE, MAE, MAPE: 64124088.00, 64124086.00, 7685.29, 5550.66, 6.61%
Test - Best epoch, Loss, MSE, RMSE, MAE, MAPE: 30, 32667632.00, 32667632.00, 5708.91, 4273.85, 4.62%
- Epoch 037, ExpID 74000
Train - Loss: 14962198.45
Val - Loss, MSE, RMSE, MAE, MAPE: 65997364.00, 65997365.00, 7772.86, 5609.35, 6.68%
Test - Best epoch, Loss, MSE, RMSE, MAE, MAPE: 30, 32667632.00, 32667632.00, 5708.91, 4273.85, 4.62%
- Epoch 038, ExpID 74000
Train - Loss: 14818419.50
Val - Loss, MSE, RMSE, MAE, MAPE: 63742684.00, 63742684.00, 7666.67, 5528.88, 6.58%
Test - Best epoch, Loss, MSE, RMSE, MAE, MAPE: 38, 31775572.00, 31775571.00, 5632.58, 4189.90, 4.53%
- Epoch 039, ExpID 74000
Train - Loss: 14617400.68
Val - Loss, MSE, RMSE, MAE, MAPE: 65292592.00, 65292593.00, 7746.41, 5616.05, 6.68%
Test - Best epoch, Loss, MSE, RMSE, MAE, MAPE: 38, 31775572.00, 31775571.00, 5632.58, 4189.90, 4.53%
- Epoch 040, ExpID 74000
Train - Loss: 14488699.68
Val - Loss, MSE, RMSE, MAE, MAPE: 64454296.00, 64454298.00, 7696.62, 5586.36, 6.64%
Test - Best epoch, Loss, MSE, RMSE, MAE, MAPE: 38, 31775572.00, 31775571.00, 5632.58, 4189.90, 4.53%
- Epoch 041, ExpID 74000
Train - Loss: 14473696.64
Val - Loss, MSE, RMSE, MAE, MAPE: 63669524.00, 63669524.00, 7656.32, 5515.21, 6.57%
Test - Best epoch, Loss, MSE, RMSE, MAE, MAPE: 41, 31676938.00, 31676938.00, 5624.69, 4187.26, 4.54%
- Epoch 042, ExpID 74000
Train - Loss: 14441336.64
Val - Loss, MSE, RMSE, MAE, MAPE: 62703664.00, 62703662.00, 7585.66, 5417.46, 6.47%
Test - Best epoch, Loss, MSE, RMSE, MAE, MAPE: 42, 31278666.00, 31278666.00, 5590.36, 4113.38, 4.47%
- Epoch 043, ExpID 74000
Train - Loss: 14200674.73
Val - Loss, MSE, RMSE, MAE, MAPE: 63414292.00, 63414291.00, 7622.03, 5464.11, 6.50%
Test - Best epoch, Loss, MSE, RMSE, MAE, MAPE: 42, 31278666.00, 31278666.00, 5590.36, 4113.38, 4.47%
- Epoch 044, ExpID 74000
Train - Loss: 14364209.32
Val - Loss, MSE, RMSE, MAE, MAPE: 63790072.00, 63790070.00, 7645.83, 5489.49, 6.55%
Test - Best epoch, Loss, MSE, RMSE, MAE, MAPE: 42, 31278666.00, 31278666.00, 5590.36, 4113.38, 4.47%
- Epoch 045, ExpID 74000
Train - Loss: 14010978.77
Val - Loss, MSE, RMSE, MAE, MAPE: 63678528.00, 63678528.00, 7649.34, 5504.49, 6.55%
Test - Best epoch, Loss, MSE, RMSE, MAE, MAPE: 42, 31278666.00, 31278666.00, 5590.36, 4113.38, 4.47%
- Epoch 046, ExpID 74000
Train - Loss: 13946108.91
Val - Loss, MSE, RMSE, MAE, MAPE: 63285160.00, 63285159.00, 7618.91, 5476.22, 6.51%
Test - Best epoch, Loss, MSE, RMSE, MAE, MAPE: 42, 31278666.00, 31278666.00, 5590.36, 4113.38, 4.47%
- Epoch 047, ExpID 74000
Train - Loss: 13871642.73
Val - Loss, MSE, RMSE, MAE, MAPE: 64327876.00, 64327876.00, 7652.39, 5447.88, 6.50%
Test - Best epoch, Loss, MSE, RMSE, MAE, MAPE: 42, 31278666.00, 31278666.00, 5590.36, 4113.38, 4.47%
- Epoch 048, ExpID 74000
Train - Loss: 13756909.14
Val - Loss, MSE, RMSE, MAE, MAPE: 64668044.00, 64668045.00, 7678.50, 5503.43, 6.55%
Test - Best epoch, Loss, MSE, RMSE, MAE, MAPE: 42, 31278666.00, 31278666.00, 5590.36, 4113.38, 4.47%
- Epoch 049, ExpID 74000
Train - Loss: 13683854.41
Val - Loss, MSE, RMSE, MAE, MAPE: 62903128.00, 62903129.00, 7598.76, 5427.73, 6.46%
Test - Best epoch, Loss, MSE, RMSE, MAE, MAPE: 42, 31278666.00, 31278666.00, 5590.36, 4113.38, 4.47%
- Epoch 050, ExpID 74000
Train - Loss: 13441675.59
Val - Loss, MSE, RMSE, MAE, MAPE: 64449528.00, 64449527.00, 7658.10, 5440.84, 6.48%
Test - Best epoch, Loss, MSE, RMSE, MAE, MAPE: 42, 31278666.00, 31278666.00, 5590.36, 4113.38, 4.47%
- Epoch 051, ExpID 74000
Train - Loss: 13503954.82
Val - Loss, MSE, RMSE, MAE, MAPE: 63925796.00, 63925797.00, 7640.07, 5434.45, 6.48%
Test - Best epoch, Loss, MSE, RMSE, MAE, MAPE: 42, 31278666.00, 31278666.00, 5590.36, 4113.38, 4.47%
- Epoch 052, ExpID 74000
Train - Loss: 13279140.50
Val - Loss, MSE, RMSE, MAE, MAPE: 63608360.00, 63608361.00, 7625.95, 5444.16, 6.48%
Test - Best epoch, Loss, MSE, RMSE, MAE, MAPE: 42, 31278666.00, 31278666.00, 5590.36, 4113.38, 4.47%
Early Stopping at Epoch 52
Fold 2018 Best RMSE: 5590.3574

-------------------- [Fold: 2019] ExpID: 34509 --------------------
- Epoch 000, ExpID 34509
Train - Loss: 33235190.43
Val - Loss, MSE, RMSE, MAE, MAPE: 44840736.00, 44840736.00, 6692.11, 5143.67, 5.55%
Test - Best epoch, Loss, MSE, RMSE, MAE, MAPE: 0, 44519644.00, 44519643.00, 6562.80, 5017.18, 5.24%
- Epoch 001, ExpID 34509
Train - Loss: 27150270.70
Val - Loss, MSE, RMSE, MAE, MAPE: 41051692.00, 41051692.00, 6402.10, 4849.76, 5.28%
Test - Best epoch, Loss, MSE, RMSE, MAE, MAPE: 1, 40151104.00, 40151105.00, 6199.67, 4692.40, 4.93%
- Epoch 002, ExpID 34509
Train - Loss: 25560606.00
Val - Loss, MSE, RMSE, MAE, MAPE: 39524688.00, 39524690.00, 6281.91, 4752.44, 5.17%
Test - Best epoch, Loss, MSE, RMSE, MAE, MAPE: 2, 39058884.00, 39058884.00, 6112.86, 4616.82, 4.86%
- Epoch 003, ExpID 34509
Train - Loss: 24669638.43
Val - Loss, MSE, RMSE, MAE, MAPE: 39050160.00, 39050160.00, 6241.94, 4731.08, 5.12%
Test - Best epoch, Loss, MSE, RMSE, MAE, MAPE: 3, 38416248.00, 38416248.00, 6074.24, 4609.24, 4.83%
- Epoch 004, ExpID 34509
Train - Loss: 24083056.70
Val - Loss, MSE, RMSE, MAE, MAPE: 38009744.00, 38009742.00, 6158.71, 4658.06, 5.06%
Test - Best epoch, Loss, MSE, RMSE, MAE, MAPE: 4, 37549560.00, 37549561.00, 6002.42, 4555.78, 4.79%
- Epoch 005, ExpID 34509
Train - Loss: 23587228.96
Val - Loss, MSE, RMSE, MAE, MAPE: 37414512.00, 37414510.00, 6108.09, 4602.64, 5.00%
Test - Best epoch, Loss, MSE, RMSE, MAE, MAPE: 5, 36939756.00, 36939755.00, 5962.99, 4522.77, 4.75%
- Epoch 006, ExpID 34509
Train - Loss: 23102194.70
Val - Loss, MSE, RMSE, MAE, MAPE: 36739064.00, 36739066.00, 6054.93, 4557.83, 4.96%
Test - Best epoch, Loss, MSE, RMSE, MAE, MAPE: 6, 36249428.00, 36249428.00, 5894.05, 4474.12, 4.71%
- Epoch 007, ExpID 34509
Train - Loss: 22713145.83
Val - Loss, MSE, RMSE, MAE, MAPE: 36054880.00, 36054880.00, 5998.66, 4522.54, 4.93%
Test - Best epoch, Loss, MSE, RMSE, MAE, MAPE: 7, 35841860.00, 35841859.00, 5870.05, 4475.31, 4.72%
- Epoch 008, ExpID 34509
Train - Loss: 22175476.09
Val - Loss, MSE, RMSE, MAE, MAPE: 35666972.00, 35666972.00, 5963.86, 4471.38, 4.86%
Test - Best epoch, Loss, MSE, RMSE, MAE, MAPE: 8, 35155044.00, 35155045.00, 5814.04, 4407.48, 4.63%
- Epoch 009, ExpID 34509
Train - Loss: 21846650.26
Val - Loss, MSE, RMSE, MAE, MAPE: 35097152.00, 35097154.00, 5915.12, 4446.44, 4.83%
Test - Best epoch, Loss, MSE, RMSE, MAE, MAPE: 9, 34534296.00, 34534296.00, 5769.87, 4397.85, 4.62%
- Epoch 010, ExpID 34509
Train - Loss: 21410675.13
Val - Loss, MSE, RMSE, MAE, MAPE: 34445924.00, 34445923.00, 5861.92, 4389.04, 4.79%
Test - Best epoch, Loss, MSE, RMSE, MAE, MAPE: 10, 34125392.00, 34125392.00, 5727.59, 4366.92, 4.61%
- Epoch 011, ExpID 34509
Train - Loss: 21108363.04
Val - Loss, MSE, RMSE, MAE, MAPE: 34794064.00, 34794064.00, 5886.67, 4417.10, 4.78%
Test - Best epoch, Loss, MSE, RMSE, MAE, MAPE: 10, 34125392.00, 34125392.00, 5727.59, 4366.92, 4.61%
- Epoch 012, ExpID 34509
Train - Loss: 20739558.09
Val - Loss, MSE, RMSE, MAE, MAPE: 33878484.00, 33878485.00, 5813.18, 4347.84, 4.72%
Test - Best epoch, Loss, MSE, RMSE, MAE, MAPE: 12, 33157996.00, 33157995.00, 5646.87, 4297.08, 4.52%
- Epoch 013, ExpID 34509
Train - Loss: 20329706.43
Val - Loss, MSE, RMSE, MAE, MAPE: 35080296.00, 35080294.00, 5911.11, 4447.77, 4.79%
Test - Best epoch, Loss, MSE, RMSE, MAE, MAPE: 12, 33157996.00, 33157995.00, 5646.87, 4297.08, 4.52%
- Epoch 014, ExpID 34509
Train - Loss: 20242445.22
Val - Loss, MSE, RMSE, MAE, MAPE: 33369348.00, 33369348.00, 5770.06, 4292.42, 4.68%
Test - Best epoch, Loss, MSE, RMSE, MAE, MAPE: 14, 33403460.00, 33403460.00, 5683.82, 4318.20, 4.57%
- Epoch 015, ExpID 34509
Train - Loss: 19743490.96
Val - Loss, MSE, RMSE, MAE, MAPE: 33041108.00, 33041108.00, 5742.06, 4270.88, 4.65%
Test - Best epoch, Loss, MSE, RMSE, MAE, MAPE: 15, 31954244.00, 31954244.00, 5538.06, 4231.01, 4.46%
- Epoch 016, ExpID 34509
Train - Loss: 19434738.35
Val - Loss, MSE, RMSE, MAE, MAPE: 33155352.00, 33155351.00, 5748.98, 4292.42, 4.66%
Test - Best epoch, Loss, MSE, RMSE, MAE, MAPE: 15, 31954244.00, 31954244.00, 5538.06, 4231.01, 4.46%
- Epoch 017, ExpID 34509
Train - Loss: 19273611.13
Val - Loss, MSE, RMSE, MAE, MAPE: 33024504.00, 33024505.00, 5738.78, 4264.90, 4.63%
Test - Best epoch, Loss, MSE, RMSE, MAE, MAPE: 17, 31296268.00, 31296268.00, 5483.62, 4169.00, 4.38%
- Epoch 018, ExpID 34509
Train - Loss: 19005182.70
Val - Loss, MSE, RMSE, MAE, MAPE: 33463124.00, 33463125.00, 5774.12, 4319.16, 4.67%
Test - Best epoch, Loss, MSE, RMSE, MAE, MAPE: 17, 31296268.00, 31296268.00, 5483.62, 4169.00, 4.38%
- Epoch 019, ExpID 34509
Train - Loss: 18565021.26
Val - Loss, MSE, RMSE, MAE, MAPE: 32282624.00, 32282624.00, 5674.93, 4211.48, 4.57%
Test - Best epoch, Loss, MSE, RMSE, MAE, MAPE: 19, 30618340.00, 30618339.00, 5422.98, 4102.15, 4.32%
- Epoch 020, ExpID 34509
Train - Loss: 18592415.61
Val - Loss, MSE, RMSE, MAE, MAPE: 32573532.00, 32573532.00, 5698.23, 4229.94, 4.59%
Test - Best epoch, Loss, MSE, RMSE, MAE, MAPE: 19, 30618340.00, 30618339.00, 5422.98, 4102.15, 4.32%
- Epoch 021, ExpID 34509
Train - Loss: 18327925.52
Val - Loss, MSE, RMSE, MAE, MAPE: 33242656.00, 33242656.00, 5753.91, 4320.45, 4.68%
Test - Best epoch, Loss, MSE, RMSE, MAE, MAPE: 19, 30618340.00, 30618339.00, 5422.98, 4102.15, 4.32%
- Epoch 022, ExpID 34509
Train - Loss: 18132649.35
Val - Loss, MSE, RMSE, MAE, MAPE: 32998372.00, 32998372.00, 5730.93, 4289.97, 4.64%
Test - Best epoch, Loss, MSE, RMSE, MAE, MAPE: 19, 30618340.00, 30618339.00, 5422.98, 4102.15, 4.32%
- Epoch 023, ExpID 34509
Train - Loss: 17914319.39
Val - Loss, MSE, RMSE, MAE, MAPE: 32167640.00, 32167640.00, 5661.78, 4211.95, 4.57%
Test - Best epoch, Loss, MSE, RMSE, MAE, MAPE: 23, 29728388.00, 29728387.00, 5339.05, 4020.06, 4.22%
- Epoch 024, ExpID 34509
Train - Loss: 17716681.13
Val - Loss, MSE, RMSE, MAE, MAPE: 32139188.00, 32139188.00, 5658.72, 4205.79, 4.56%
Test - Best epoch, Loss, MSE, RMSE, MAE, MAPE: 24, 29538162.00, 29538162.00, 5332.69, 4023.66, 4.23%
- Epoch 025, ExpID 34509
Train - Loss: 17483443.48
Val - Loss, MSE, RMSE, MAE, MAPE: 31810776.00, 31810775.00, 5631.85, 4160.88, 4.53%
Test - Best epoch, Loss, MSE, RMSE, MAE, MAPE: 25, 29473572.00, 29473572.00, 5313.43, 4007.53, 4.23%
- Epoch 026, ExpID 34509
Train - Loss: 17435810.65
Val - Loss, MSE, RMSE, MAE, MAPE: 32621740.00, 32621739.00, 5697.53, 4259.15, 4.60%
Test - Best epoch, Loss, MSE, RMSE, MAE, MAPE: 25, 29473572.00, 29473572.00, 5313.43, 4007.53, 4.23%
- Epoch 027, ExpID 34509
Train - Loss: 17406522.74
Val - Loss, MSE, RMSE, MAE, MAPE: 31681404.00, 31681403.00, 5619.56, 4162.22, 4.51%
Test - Best epoch, Loss, MSE, RMSE, MAE, MAPE: 27, 29093236.00, 29093236.00, 5275.83, 3976.13, 4.18%
- Epoch 028, ExpID 34509
Train - Loss: 17089809.96
Val - Loss, MSE, RMSE, MAE, MAPE: 31879318.00, 31879318.00, 5636.80, 4196.58, 4.56%
Test - Best epoch, Loss, MSE, RMSE, MAE, MAPE: 27, 29093236.00, 29093236.00, 5275.83, 3976.13, 4.18%
- Epoch 029, ExpID 34509
Train - Loss: 16936624.96
Val - Loss, MSE, RMSE, MAE, MAPE: 31511084.00, 31511083.00, 5603.28, 4159.76, 4.52%
Test - Best epoch, Loss, MSE, RMSE, MAE, MAPE: 29, 28826908.00, 28826908.00, 5254.66, 3950.14, 4.16%
- Epoch 030, ExpID 34509
Train - Loss: 16771955.30
Val - Loss, MSE, RMSE, MAE, MAPE: 31482856.00, 31482855.00, 5603.34, 4172.02, 4.54%
Test - Best epoch, Loss, MSE, RMSE, MAE, MAPE: 30, 28506712.00, 28506712.00, 5232.16, 3936.46, 4.15%
- Epoch 031, ExpID 34509
Train - Loss: 16603309.35
Val - Loss, MSE, RMSE, MAE, MAPE: 31410576.00, 31410577.00, 5594.32, 4167.95, 4.52%
Test - Best epoch, Loss, MSE, RMSE, MAE, MAPE: 31, 28287468.00, 28287469.00, 5211.30, 3917.98, 4.12%
- Epoch 032, ExpID 34509
Train - Loss: 16332775.57
Val - Loss, MSE, RMSE, MAE, MAPE: 30932664.00, 30932663.00, 5556.83, 4103.19, 4.47%
Test - Best epoch, Loss, MSE, RMSE, MAE, MAPE: 32, 28106352.00, 28106351.50, 5175.03, 3893.71, 4.11%
- Epoch 033, ExpID 34509
Train - Loss: 16263263.87
Val - Loss, MSE, RMSE, MAE, MAPE: 31414972.00, 31414971.00, 5594.60, 4180.59, 4.52%
Test - Best epoch, Loss, MSE, RMSE, MAE, MAPE: 32, 28106352.00, 28106351.50, 5175.03, 3893.71, 4.11%
- Epoch 034, ExpID 34509
Train - Loss: 16102680.13
Val - Loss, MSE, RMSE, MAE, MAPE: 31415152.00, 31415151.00, 5596.00, 4154.36, 4.51%
Test - Best epoch, Loss, MSE, RMSE, MAE, MAPE: 32, 28106352.00, 28106351.50, 5175.03, 3893.71, 4.11%
- Epoch 035, ExpID 34509
Train - Loss: 16066965.96
Val - Loss, MSE, RMSE, MAE, MAPE: 30835764.00, 30835765.00, 5545.69, 4105.77, 4.47%
Test - Best epoch, Loss, MSE, RMSE, MAE, MAPE: 35, 28144864.00, 28144864.50, 5179.83, 3895.47, 4.10%
- Epoch 036, ExpID 34509
Train - Loss: 15875077.26
Val - Loss, MSE, RMSE, MAE, MAPE: 30561960.00, 30561959.00, 5521.98, 4080.32, 4.45%
Test - Best epoch, Loss, MSE, RMSE, MAE, MAPE: 36, 27845708.00, 27845708.00, 5151.06, 3874.80, 4.09%
- Epoch 037, ExpID 34509
Train - Loss: 15765647.78
Val - Loss, MSE, RMSE, MAE, MAPE: 30710876.00, 30710877.00, 5536.69, 4091.35, 4.46%
Test - Best epoch, Loss, MSE, RMSE, MAE, MAPE: 36, 27845708.00, 27845708.00, 5151.06, 3874.80, 4.09%
- Epoch 038, ExpID 34509
Train - Loss: 15620737.30
Val - Loss, MSE, RMSE, MAE, MAPE: 30432460.00, 30432461.00, 5510.56, 4069.64, 4.43%
Test - Best epoch, Loss, MSE, RMSE, MAE, MAPE: 38, 27780370.00, 27780370.00, 5147.32, 3860.63, 4.07%
- Epoch 039, ExpID 34509
Train - Loss: 15491848.70
Val - Loss, MSE, RMSE, MAE, MAPE: 30768024.00, 30768024.00, 5538.77, 4114.54, 4.46%
Test - Best epoch, Loss, MSE, RMSE, MAE, MAPE: 38, 27780370.00, 27780370.00, 5147.32, 3860.63, 4.07%
- Epoch 040, ExpID 34509
Train - Loss: 15512396.78
Val - Loss, MSE, RMSE, MAE, MAPE: 31001596.00, 31001597.00, 5560.27, 4104.89, 4.46%
Test - Best epoch, Loss, MSE, RMSE, MAE, MAPE: 38, 27780370.00, 27780370.00, 5147.32, 3860.63, 4.07%
- Epoch 041, ExpID 34509
Train - Loss: 15261521.13
Val - Loss, MSE, RMSE, MAE, MAPE: 30613964.00, 30613965.00, 5526.95, 4059.24, 4.42%
Test - Best epoch, Loss, MSE, RMSE, MAE, MAPE: 38, 27780370.00, 27780370.00, 5147.32, 3860.63, 4.07%
- Epoch 042, ExpID 34509
Train - Loss: 15177996.13
Val - Loss, MSE, RMSE, MAE, MAPE: 30870090.00, 30870090.00, 5549.43, 4094.79, 4.45%
Test - Best epoch, Loss, MSE, RMSE, MAE, MAPE: 38, 27780370.00, 27780370.00, 5147.32, 3860.63, 4.07%
- Epoch 043, ExpID 34509
Train - Loss: 15181144.43
Val - Loss, MSE, RMSE, MAE, MAPE: 30768996.00, 30768995.00, 5540.35, 4082.55, 4.44%
Test - Best epoch, Loss, MSE, RMSE, MAE, MAPE: 38, 27780370.00, 27780370.00, 5147.32, 3860.63, 4.07%
- Epoch 044, ExpID 34509
Train - Loss: 14910466.61
Val - Loss, MSE, RMSE, MAE, MAPE: 31283650.00, 31283650.00, 5584.48, 4140.14, 4.49%
Test - Best epoch, Loss, MSE, RMSE, MAE, MAPE: 38, 27780370.00, 27780370.00, 5147.32, 3860.63, 4.07%
- Epoch 045, ExpID 34509
Train - Loss: 14892937.87
Val - Loss, MSE, RMSE, MAE, MAPE: 30329976.00, 30329976.00, 5501.70, 4060.58, 4.41%
Test - Best epoch, Loss, MSE, RMSE, MAE, MAPE: 45, 27450248.00, 27450247.00, 5116.09, 3834.03, 4.03%
- Epoch 046, ExpID 34509
Train - Loss: 14833597.13
Val - Loss, MSE, RMSE, MAE, MAPE: 30560332.00, 30560331.00, 5521.59, 4051.00, 4.41%
Test - Best epoch, Loss, MSE, RMSE, MAE, MAPE: 45, 27450248.00, 27450247.00, 5116.09, 3834.03, 4.03%
- Epoch 047, ExpID 34509
Train - Loss: 14767529.65
Val - Loss, MSE, RMSE, MAE, MAPE: 30460564.00, 30460563.00, 5513.55, 4052.06, 4.41%
Test - Best epoch, Loss, MSE, RMSE, MAE, MAPE: 45, 27450248.00, 27450247.00, 5116.09, 3834.03, 4.03%
- Epoch 048, ExpID 34509
Train - Loss: 14624695.17
Val - Loss, MSE, RMSE, MAE, MAPE: 30779006.00, 30779006.00, 5540.85, 4081.30, 4.42%
Test - Best epoch, Loss, MSE, RMSE, MAE, MAPE: 45, 27450248.00, 27450247.00, 5116.09, 3834.03, 4.03%
- Epoch 049, ExpID 34509
Train - Loss: 14511952.04
Val - Loss, MSE, RMSE, MAE, MAPE: 30581576.00, 30581577.00, 5526.31, 4056.87, 4.43%
Test - Best epoch, Loss, MSE, RMSE, MAE, MAPE: 45, 27450248.00, 27450247.00, 5116.09, 3834.03, 4.03%
- Epoch 050, ExpID 34509
Train - Loss: 14475597.70
Val - Loss, MSE, RMSE, MAE, MAPE: 30996922.00, 30996922.00, 5560.47, 4084.67, 4.44%
Test - Best epoch, Loss, MSE, RMSE, MAE, MAPE: 45, 27450248.00, 27450247.00, 5116.09, 3834.03, 4.03%
- Epoch 051, ExpID 34509
Train - Loss: 14370545.52
Val - Loss, MSE, RMSE, MAE, MAPE: 30897636.00, 30897636.00, 5553.99, 4057.35, 4.43%
Test - Best epoch, Loss, MSE, RMSE, MAE, MAPE: 45, 27450248.00, 27450247.00, 5116.09, 3834.03, 4.03%
- Epoch 052, ExpID 34509
Train - Loss: 14293806.70
Val - Loss, MSE, RMSE, MAE, MAPE: 30516156.00, 30516157.00, 5517.29, 4049.03, 4.40%
Test - Best epoch, Loss, MSE, RMSE, MAE, MAPE: 45, 27450248.00, 27450247.00, 5116.09, 3834.03, 4.03%
- Epoch 053, ExpID 34509
Train - Loss: 14204752.65
Val - Loss, MSE, RMSE, MAE, MAPE: 30571960.00, 30571960.00, 5523.87, 4036.86, 4.39%
Test - Best epoch, Loss, MSE, RMSE, MAE, MAPE: 45, 27450248.00, 27450247.00, 5116.09, 3834.03, 4.03%
- Epoch 054, ExpID 34509
Train - Loss: 14064011.26
Val - Loss, MSE, RMSE, MAE, MAPE: 31257156.00, 31257155.00, 5583.14, 4100.25, 4.44%
Test - Best epoch, Loss, MSE, RMSE, MAE, MAPE: 45, 27450248.00, 27450247.00, 5116.09, 3834.03, 4.03%
- Epoch 055, ExpID 34509
Train - Loss: 14066065.35
Val - Loss, MSE, RMSE, MAE, MAPE: 30718730.00, 30718730.00, 5535.00, 4036.82, 4.39%
Test - Best epoch, Loss, MSE, RMSE, MAE, MAPE: 45, 27450248.00, 27450247.00, 5116.09, 3834.03, 4.03%
Early Stopping at Epoch 55
Fold 2019 Best RMSE: 5116.0861
