DETAILED LOG | Model: timexer | Seed: 1
FULL CONFIG: {'gpu': '6', 'target': 'both', 'cv_start_year': 2017, 'cv_end_year': 2019, 'test_year': 2024, 'use_corona': False, 'seq_len': 91, 'label_len': 0, 'pred_len': 14, 'batch_size': 256, 'epochs': 1000, 'patience': 10, 'lr': 0.0001, 'model': 'timexer', 'd_model': 256, 'n_heads': 8, 'n_layers': 2, 'dropout': 0.1, 'activation': 'gelu', 'patch_len': 7, 'factor': 5, 'norm_mode': 'revin', 'use_covar': True, 'use_dbloss': False, 'device': device(type='cuda'), 'stride': 16, 'file_path': 'dataset/airport_flight_with_holiday.csv', 'seed': 1, 'val_year': 2019, 'ndims': 2}

-------------------- [Fold: 2017] ExpID: 24924 --------------------
- Epoch 000, ExpID 24924
Train - Loss: 33779758.10
Val - Loss, MSE, RMSE, MAE, MAPE: 41854536.00, 41854534.00, 6425.65, 4988.49, 6.41%
Test - Best epoch, Loss, MSE, RMSE, MAE, MAPE: 0, 81196576.00, 81196572.00, 8917.52, 6663.05, 7.93%
- Epoch 001, ExpID 24924
Train - Loss: 25858527.20
Val - Loss, MSE, RMSE, MAE, MAPE: 38259032.00, 38259032.00, 6151.15, 4723.26, 6.01%
Test - Best epoch, Loss, MSE, RMSE, MAE, MAPE: 1, 79973632.00, 79973630.00, 8783.76, 6546.21, 7.74%
- Epoch 002, ExpID 24924
Train - Loss: 23929687.20
Val - Loss, MSE, RMSE, MAE, MAPE: 35746936.00, 35746934.00, 5958.49, 4543.37, 5.83%
Test - Best epoch, Loss, MSE, RMSE, MAE, MAPE: 2, 78817464.00, 78817462.00, 8664.66, 6445.45, 7.70%
- Epoch 003, ExpID 24924
Train - Loss: 22693200.50
Val - Loss, MSE, RMSE, MAE, MAPE: 33956624.00, 33956622.00, 5809.47, 4400.30, 5.62%
Test - Best epoch, Loss, MSE, RMSE, MAE, MAPE: 3, 78121496.00, 78121498.00, 8580.99, 6374.56, 7.59%
- Epoch 004, ExpID 24924
Train - Loss: 21927338.20
Val - Loss, MSE, RMSE, MAE, MAPE: 32614352.00, 32614353.00, 5696.89, 4314.86, 5.52%
Test - Best epoch, Loss, MSE, RMSE, MAE, MAPE: 4, 77409280.00, 77409284.00, 8505.30, 6327.31, 7.54%
- Epoch 005, ExpID 24924
Train - Loss: 21449163.90
Val - Loss, MSE, RMSE, MAE, MAPE: 31180390.00, 31180390.00, 5568.35, 4197.11, 5.36%
Test - Best epoch, Loss, MSE, RMSE, MAE, MAPE: 5, 77555968.00, 77555970.00, 8481.79, 6312.93, 7.52%
- Epoch 006, ExpID 24924
Train - Loss: 20783868.00
Val - Loss, MSE, RMSE, MAE, MAPE: 30436864.00, 30436863.00, 5498.61, 4123.31, 5.22%
Test - Best epoch, Loss, MSE, RMSE, MAE, MAPE: 6, 77820912.00, 77820914.00, 8475.37, 6384.00, 7.55%
- Epoch 007, ExpID 24924
Train - Loss: 20426950.00
Val - Loss, MSE, RMSE, MAE, MAPE: 29682884.00, 29682883.00, 5430.76, 4072.93, 5.16%
Test - Best epoch, Loss, MSE, RMSE, MAE, MAPE: 7, 78336872.00, 78336874.00, 8484.54, 6402.97, 7.57%
- Epoch 008, ExpID 24924
Train - Loss: 20083427.70
Val - Loss, MSE, RMSE, MAE, MAPE: 28793360.00, 28793360.00, 5351.32, 4019.20, 5.13%
Test - Best epoch, Loss, MSE, RMSE, MAE, MAPE: 8, 76727920.00, 76727924.00, 8385.05, 6267.97, 7.46%
- Epoch 009, ExpID 24924
Train - Loss: 19935834.70
Val - Loss, MSE, RMSE, MAE, MAPE: 28437680.00, 28437679.00, 5318.30, 4009.53, 5.12%
Test - Best epoch, Loss, MSE, RMSE, MAE, MAPE: 9, 75960048.00, 75960044.00, 8342.90, 6258.41, 7.44%
- Epoch 010, ExpID 24924
Train - Loss: 19749894.50
Val - Loss, MSE, RMSE, MAE, MAPE: 28554568.00, 28554567.00, 5326.17, 3985.15, 5.03%
Test - Best epoch, Loss, MSE, RMSE, MAE, MAPE: 9, 75960048.00, 75960044.00, 8342.90, 6258.41, 7.44%
- Epoch 011, ExpID 24924
Train - Loss: 19593121.20
Val - Loss, MSE, RMSE, MAE, MAPE: 28576374.00, 28576374.00, 5326.46, 3963.96, 4.99%
Test - Best epoch, Loss, MSE, RMSE, MAE, MAPE: 9, 75960048.00, 75960044.00, 8342.90, 6258.41, 7.44%
- Epoch 012, ExpID 24924
Train - Loss: 19198207.90
Val - Loss, MSE, RMSE, MAE, MAPE: 26901276.00, 26901275.00, 5173.63, 3863.83, 4.92%
Test - Best epoch, Loss, MSE, RMSE, MAE, MAPE: 12, 75308688.00, 75308685.00, 8262.21, 6205.51, 7.33%
- Epoch 013, ExpID 24924
Train - Loss: 18957842.80
Val - Loss, MSE, RMSE, MAE, MAPE: 26431116.00, 26431115.00, 5128.77, 3824.78, 4.86%
Test - Best epoch, Loss, MSE, RMSE, MAE, MAPE: 13, 74518960.00, 74518964.00, 8196.45, 6159.25, 7.26%
- Epoch 014, ExpID 24924
Train - Loss: 18642375.80
Val - Loss, MSE, RMSE, MAE, MAPE: 26449814.00, 26449814.00, 5130.70, 3834.98, 4.87%
Test - Best epoch, Loss, MSE, RMSE, MAE, MAPE: 13, 74518960.00, 74518964.00, 8196.45, 6159.25, 7.26%
- Epoch 015, ExpID 24924
Train - Loss: 18351932.15
Val - Loss, MSE, RMSE, MAE, MAPE: 26797136.00, 26797137.00, 5165.75, 3838.37, 4.85%
Test - Best epoch, Loss, MSE, RMSE, MAE, MAPE: 13, 74518960.00, 74518964.00, 8196.45, 6159.25, 7.26%
- Epoch 016, ExpID 24924
Train - Loss: 18166080.35
Val - Loss, MSE, RMSE, MAE, MAPE: 25680416.00, 25680416.00, 5056.37, 3769.37, 4.80%
Test - Best epoch, Loss, MSE, RMSE, MAE, MAPE: 16, 73857928.00, 73857925.00, 8145.51, 6043.12, 7.12%
- Epoch 017, ExpID 24924
Train - Loss: 18055411.20
Val - Loss, MSE, RMSE, MAE, MAPE: 25770760.00, 25770760.00, 5062.99, 3782.84, 4.81%
Test - Best epoch, Loss, MSE, RMSE, MAE, MAPE: 16, 73857928.00, 73857925.00, 8145.51, 6043.12, 7.12%
- Epoch 018, ExpID 24924
Train - Loss: 17706972.05
Val - Loss, MSE, RMSE, MAE, MAPE: 25154918.00, 25154918.00, 5003.92, 3746.92, 4.78%
Test - Best epoch, Loss, MSE, RMSE, MAE, MAPE: 18, 73194256.00, 73194259.00, 8106.59, 5998.36, 7.06%
- Epoch 019, ExpID 24924
Train - Loss: 17522369.20
Val - Loss, MSE, RMSE, MAE, MAPE: 24916724.00, 24916723.00, 4976.95, 3703.58, 4.70%
Test - Best epoch, Loss, MSE, RMSE, MAE, MAPE: 19, 73660320.00, 73660316.00, 8144.07, 6045.61, 7.09%
- Epoch 020, ExpID 24924
Train - Loss: 17571590.15
Val - Loss, MSE, RMSE, MAE, MAPE: 24751836.00, 24751836.00, 4961.60, 3702.25, 4.70%
Test - Best epoch, Loss, MSE, RMSE, MAE, MAPE: 20, 74853752.00, 74853753.00, 8199.53, 6103.69, 7.16%
- Epoch 021, ExpID 24924
Train - Loss: 17225523.50
Val - Loss, MSE, RMSE, MAE, MAPE: 24501704.00, 24501705.00, 4936.11, 3680.26, 4.68%
Test - Best epoch, Loss, MSE, RMSE, MAE, MAPE: 21, 73436096.00, 73436095.00, 8130.71, 6008.37, 7.06%
- Epoch 022, ExpID 24924
Train - Loss: 17078402.45
Val - Loss, MSE, RMSE, MAE, MAPE: 24395968.00, 24395967.00, 4925.07, 3645.10, 4.60%
Test - Best epoch, Loss, MSE, RMSE, MAE, MAPE: 22, 77675696.00, 77675692.00, 8319.12, 6195.26, 7.25%
- Epoch 023, ExpID 24924
Train - Loss: 17164251.55
Val - Loss, MSE, RMSE, MAE, MAPE: 23781288.00, 23781288.00, 4863.97, 3611.56, 4.59%
Test - Best epoch, Loss, MSE, RMSE, MAE, MAPE: 23, 74836376.00, 74836379.00, 8163.49, 6022.80, 7.08%
- Epoch 024, ExpID 24924
Train - Loss: 16949756.75
Val - Loss, MSE, RMSE, MAE, MAPE: 23623688.00, 23623687.00, 4846.22, 3607.01, 4.60%
Test - Best epoch, Loss, MSE, RMSE, MAE, MAPE: 24, 74384616.00, 74384614.00, 8144.47, 6000.30, 7.07%
- Epoch 025, ExpID 24924
Train - Loss: 16647702.75
Val - Loss, MSE, RMSE, MAE, MAPE: 23360492.00, 23360491.00, 4817.07, 3588.18, 4.57%
Test - Best epoch, Loss, MSE, RMSE, MAE, MAPE: 25, 74932512.00, 74932511.00, 8179.76, 6032.02, 7.09%
- Epoch 026, ExpID 24924
Train - Loss: 16505887.95
Val - Loss, MSE, RMSE, MAE, MAPE: 23201048.00, 23201049.00, 4800.38, 3559.65, 4.53%
Test - Best epoch, Loss, MSE, RMSE, MAE, MAPE: 26, 75404800.00, 75404798.00, 8204.32, 6047.25, 7.12%
- Epoch 027, ExpID 24924
Train - Loss: 16421692.00
Val - Loss, MSE, RMSE, MAE, MAPE: 23001940.00, 23001941.00, 4779.34, 3550.61, 4.53%
Test - Best epoch, Loss, MSE, RMSE, MAE, MAPE: 27, 75163872.00, 75163875.00, 8158.38, 5984.44, 7.06%
- Epoch 028, ExpID 24924
Train - Loss: 16370660.50
Val - Loss, MSE, RMSE, MAE, MAPE: 23329040.00, 23329041.00, 4809.99, 3557.26, 4.49%
Test - Best epoch, Loss, MSE, RMSE, MAE, MAPE: 27, 75163872.00, 75163875.00, 8158.38, 5984.44, 7.06%
- Epoch 029, ExpID 24924
Train - Loss: 16125244.25
Val - Loss, MSE, RMSE, MAE, MAPE: 23189308.00, 23189307.00, 4795.36, 3545.49, 4.47%
Test - Best epoch, Loss, MSE, RMSE, MAE, MAPE: 27, 75163872.00, 75163875.00, 8158.38, 5984.44, 7.06%
- Epoch 030, ExpID 24924
Train - Loss: 16109028.30
Val - Loss, MSE, RMSE, MAE, MAPE: 22498388.00, 22498389.00, 4724.62, 3504.47, 4.46%
Test - Best epoch, Loss, MSE, RMSE, MAE, MAPE: 30, 75451272.00, 75451275.00, 8170.02, 6022.94, 7.10%
- Epoch 031, ExpID 24924
Train - Loss: 16029229.80
Val - Loss, MSE, RMSE, MAE, MAPE: 22351668.00, 22351668.00, 4708.17, 3485.19, 4.43%
Test - Best epoch, Loss, MSE, RMSE, MAE, MAPE: 31, 76150080.00, 76150082.00, 8206.85, 6029.93, 7.11%
- Epoch 032, ExpID 24924
Train - Loss: 15922062.60
Val - Loss, MSE, RMSE, MAE, MAPE: 22408124.00, 22408124.00, 4713.64, 3471.07, 4.40%
Test - Best epoch, Loss, MSE, RMSE, MAE, MAPE: 31, 76150080.00, 76150082.00, 8206.85, 6029.93, 7.11%
- Epoch 033, ExpID 24924
Train - Loss: 15761328.65
Val - Loss, MSE, RMSE, MAE, MAPE: 22403972.00, 22403972.00, 4711.78, 3487.58, 4.42%
Test - Best epoch, Loss, MSE, RMSE, MAE, MAPE: 31, 76150080.00, 76150082.00, 8206.85, 6029.93, 7.11%
- Epoch 034, ExpID 24924
Train - Loss: 15761437.45
Val - Loss, MSE, RMSE, MAE, MAPE: 22010540.00, 22010541.00, 4669.21, 3465.80, 4.42%
Test - Best epoch, Loss, MSE, RMSE, MAE, MAPE: 34, 75719456.00, 75719453.00, 8163.33, 6015.04, 7.11%
- Epoch 035, ExpID 24924
Train - Loss: 15690847.60
Val - Loss, MSE, RMSE, MAE, MAPE: 22081692.00, 22081691.00, 4677.64, 3455.77, 4.38%
Test - Best epoch, Loss, MSE, RMSE, MAE, MAPE: 34, 75719456.00, 75719453.00, 8163.33, 6015.04, 7.11%
- Epoch 036, ExpID 24924
Train - Loss: 15536479.50
Val - Loss, MSE, RMSE, MAE, MAPE: 22271460.00, 22271460.00, 4696.34, 3464.20, 4.39%
Test - Best epoch, Loss, MSE, RMSE, MAE, MAPE: 34, 75719456.00, 75719453.00, 8163.33, 6015.04, 7.11%
- Epoch 037, ExpID 24924
Train - Loss: 15376627.35
Val - Loss, MSE, RMSE, MAE, MAPE: 21794356.00, 21794357.00, 4645.80, 3427.78, 4.36%
Test - Best epoch, Loss, MSE, RMSE, MAE, MAPE: 37, 75606992.00, 75606995.00, 8168.95, 6021.59, 7.10%
- Epoch 038, ExpID 24924
Train - Loss: 15302702.35
Val - Loss, MSE, RMSE, MAE, MAPE: 22208308.00, 22208308.00, 4689.99, 3462.62, 4.38%
Test - Best epoch, Loss, MSE, RMSE, MAE, MAPE: 37, 75606992.00, 75606995.00, 8168.95, 6021.59, 7.10%
- Epoch 039, ExpID 24924
Train - Loss: 15491791.20
Val - Loss, MSE, RMSE, MAE, MAPE: 21806028.00, 21806028.00, 4646.62, 3435.41, 4.38%
Test - Best epoch, Loss, MSE, RMSE, MAE, MAPE: 37, 75606992.00, 75606995.00, 8168.95, 6021.59, 7.10%
- Epoch 040, ExpID 24924
Train - Loss: 15311809.70
Val - Loss, MSE, RMSE, MAE, MAPE: 21893644.00, 21893644.00, 4654.88, 3428.29, 4.35%
Test - Best epoch, Loss, MSE, RMSE, MAE, MAPE: 37, 75606992.00, 75606995.00, 8168.95, 6021.59, 7.10%
- Epoch 041, ExpID 24924
Train - Loss: 15082135.40
Val - Loss, MSE, RMSE, MAE, MAPE: 21765188.00, 21765188.00, 4643.58, 3431.68, 4.38%
Test - Best epoch, Loss, MSE, RMSE, MAE, MAPE: 41, 74842896.00, 74842897.00, 8117.96, 5967.90, 7.06%
- Epoch 042, ExpID 24924
Train - Loss: 15067640.75
Val - Loss, MSE, RMSE, MAE, MAPE: 22018150.00, 22018150.00, 4667.64, 3440.46, 4.36%
Test - Best epoch, Loss, MSE, RMSE, MAE, MAPE: 41, 74842896.00, 74842897.00, 8117.96, 5967.90, 7.06%
- Epoch 043, ExpID 24924
Train - Loss: 14962032.15
Val - Loss, MSE, RMSE, MAE, MAPE: 21691366.00, 21691366.00, 4632.37, 3416.88, 4.34%
Test - Best epoch, Loss, MSE, RMSE, MAE, MAPE: 43, 75343464.00, 75343463.00, 8166.84, 6003.54, 7.07%
- Epoch 044, ExpID 24924
Train - Loss: 14856317.05
Val - Loss, MSE, RMSE, MAE, MAPE: 21633584.00, 21633585.00, 4624.55, 3421.95, 4.37%
Test - Best epoch, Loss, MSE, RMSE, MAE, MAPE: 44, 74223632.00, 74223636.00, 8080.14, 5916.13, 7.00%
- Epoch 045, ExpID 24924
Train - Loss: 14787262.35
Val - Loss, MSE, RMSE, MAE, MAPE: 21495278.00, 21495278.00, 4610.90, 3405.75, 4.33%
Test - Best epoch, Loss, MSE, RMSE, MAE, MAPE: 45, 75178264.00, 75178262.00, 8151.38, 6017.48, 7.09%
- Epoch 046, ExpID 24924
Train - Loss: 14728364.70
Val - Loss, MSE, RMSE, MAE, MAPE: 21577246.00, 21577246.00, 4617.57, 3408.03, 4.32%
Test - Best epoch, Loss, MSE, RMSE, MAE, MAPE: 45, 75178264.00, 75178262.00, 8151.38, 6017.48, 7.09%
- Epoch 047, ExpID 24924
Train - Loss: 14668276.20
Val - Loss, MSE, RMSE, MAE, MAPE: 21347024.00, 21347025.00, 4587.73, 3384.09, 4.30%
Test - Best epoch, Loss, MSE, RMSE, MAE, MAPE: 47, 75869408.00, 75869409.00, 8172.88, 6027.77, 7.10%
- Epoch 048, ExpID 24924
Train - Loss: 14608965.25
Val - Loss, MSE, RMSE, MAE, MAPE: 21367512.00, 21367512.00, 4591.45, 3392.36, 4.30%
Test - Best epoch, Loss, MSE, RMSE, MAE, MAPE: 47, 75869408.00, 75869409.00, 8172.88, 6027.77, 7.10%
- Epoch 049, ExpID 24924
Train - Loss: 14470523.75
Val - Loss, MSE, RMSE, MAE, MAPE: 20985528.00, 20985528.00, 4547.77, 3355.62, 4.28%
Test - Best epoch, Loss, MSE, RMSE, MAE, MAPE: 49, 74487256.00, 74487253.00, 8097.65, 5954.68, 7.03%
- Epoch 050, ExpID 24924
Train - Loss: 14597566.50
Val - Loss, MSE, RMSE, MAE, MAPE: 21242188.00, 21242188.00, 4575.53, 3376.03, 4.28%
Test - Best epoch, Loss, MSE, RMSE, MAE, MAPE: 49, 74487256.00, 74487253.00, 8097.65, 5954.68, 7.03%
- Epoch 051, ExpID 24924
Train - Loss: 14482482.50
Val - Loss, MSE, RMSE, MAE, MAPE: 21112324.00, 21112324.00, 4560.14, 3367.02, 4.28%
Test - Best epoch, Loss, MSE, RMSE, MAE, MAPE: 49, 74487256.00, 74487253.00, 8097.65, 5954.68, 7.03%
- Epoch 052, ExpID 24924
Train - Loss: 14336975.95
Val - Loss, MSE, RMSE, MAE, MAPE: 21101780.00, 21101780.50, 4561.87, 3372.68, 4.30%
Test - Best epoch, Loss, MSE, RMSE, MAE, MAPE: 49, 74487256.00, 74487253.00, 8097.65, 5954.68, 7.03%
- Epoch 053, ExpID 24924
Train - Loss: 14250509.55
Val - Loss, MSE, RMSE, MAE, MAPE: 21310526.00, 21310526.00, 4586.19, 3387.90, 4.29%
Test - Best epoch, Loss, MSE, RMSE, MAE, MAPE: 49, 74487256.00, 74487253.00, 8097.65, 5954.68, 7.03%
- Epoch 054, ExpID 24924
Train - Loss: 14306955.00
Val - Loss, MSE, RMSE, MAE, MAPE: 20874296.00, 20874296.50, 4534.51, 3349.66, 4.26%
Test - Best epoch, Loss, MSE, RMSE, MAE, MAPE: 54, 74569184.00, 74569183.00, 8097.32, 5946.78, 7.00%
- Epoch 055, ExpID 24924
Train - Loss: 14222206.75
Val - Loss, MSE, RMSE, MAE, MAPE: 20929636.00, 20929637.00, 4542.84, 3356.15, 4.27%
Test - Best epoch, Loss, MSE, RMSE, MAE, MAPE: 54, 74569184.00, 74569183.00, 8097.32, 5946.78, 7.00%
- Epoch 056, ExpID 24924
Train - Loss: 14255627.00
Val - Loss, MSE, RMSE, MAE, MAPE: 21273306.00, 21273305.50, 4580.20, 3382.35, 4.28%
Test - Best epoch, Loss, MSE, RMSE, MAE, MAPE: 54, 74569184.00, 74569183.00, 8097.32, 5946.78, 7.00%
- Epoch 057, ExpID 24924
Train - Loss: 14043843.80
Val - Loss, MSE, RMSE, MAE, MAPE: 20786198.00, 20786197.50, 4524.96, 3339.76, 4.25%
Test - Best epoch, Loss, MSE, RMSE, MAE, MAPE: 57, 74209488.00, 74209488.00, 8109.45, 5967.37, 7.04%
- Epoch 058, ExpID 24924
Train - Loss: 13877360.10
Val - Loss, MSE, RMSE, MAE, MAPE: 20579172.00, 20579173.00, 4501.33, 3321.54, 4.23%
Test - Best epoch, Loss, MSE, RMSE, MAE, MAPE: 58, 74377000.00, 74376999.00, 8110.61, 5995.27, 7.09%
- Epoch 059, ExpID 24924
Train - Loss: 13830286.70
Val - Loss, MSE, RMSE, MAE, MAPE: 20589696.00, 20589695.50, 4501.30, 3333.32, 4.25%
Test - Best epoch, Loss, MSE, RMSE, MAE, MAPE: 58, 74377000.00, 74376999.00, 8110.61, 5995.27, 7.09%
- Epoch 060, ExpID 24924
Train - Loss: 13829304.30
Val - Loss, MSE, RMSE, MAE, MAPE: 20643778.00, 20643777.50, 4504.00, 3323.80, 4.22%
Test - Best epoch, Loss, MSE, RMSE, MAE, MAPE: 58, 74377000.00, 74376999.00, 8110.61, 5995.27, 7.09%
- Epoch 061, ExpID 24924
Train - Loss: 13819513.85
Val - Loss, MSE, RMSE, MAE, MAPE: 20515840.00, 20515839.50, 4491.25, 3318.94, 4.22%
Test - Best epoch, Loss, MSE, RMSE, MAE, MAPE: 61, 75133072.00, 75133069.00, 8142.55, 6017.77, 7.09%
- Epoch 062, ExpID 24924
Train - Loss: 13693383.40
Val - Loss, MSE, RMSE, MAE, MAPE: 20431048.00, 20431047.50, 4482.18, 3303.93, 4.22%
Test - Best epoch, Loss, MSE, RMSE, MAE, MAPE: 62, 73898952.00, 73898949.00, 8068.98, 5957.82, 7.04%
- Epoch 063, ExpID 24924
Train - Loss: 13648918.40
Val - Loss, MSE, RMSE, MAE, MAPE: 20437596.00, 20437596.00, 4482.14, 3311.23, 4.21%
Test - Best epoch, Loss, MSE, RMSE, MAE, MAPE: 62, 73898952.00, 73898949.00, 8068.98, 5957.82, 7.04%
- Epoch 064, ExpID 24924
Train - Loss: 13822247.90
Val - Loss, MSE, RMSE, MAE, MAPE: 20281460.00, 20281459.50, 4463.96, 3298.75, 4.21%
Test - Best epoch, Loss, MSE, RMSE, MAE, MAPE: 64, 73486048.00, 73486050.00, 8049.43, 5951.02, 7.04%
- Epoch 065, ExpID 24924
Train - Loss: 13612466.45
Val - Loss, MSE, RMSE, MAE, MAPE: 20347556.00, 20347555.50, 4472.29, 3303.11, 4.19%
Test - Best epoch, Loss, MSE, RMSE, MAE, MAPE: 64, 73486048.00, 73486050.00, 8049.43, 5951.02, 7.04%
- Epoch 066, ExpID 24924
Train - Loss: 13503311.95
Val - Loss, MSE, RMSE, MAE, MAPE: 20212988.00, 20212988.50, 4455.78, 3302.26, 4.21%
Test - Best epoch, Loss, MSE, RMSE, MAE, MAPE: 66, 73322168.00, 73322170.00, 8043.28, 5936.34, 7.01%
- Epoch 067, ExpID 24924
Train - Loss: 13524413.95
Val - Loss, MSE, RMSE, MAE, MAPE: 20624604.00, 20624603.50, 4499.24, 3330.03, 4.23%
Test - Best epoch, Loss, MSE, RMSE, MAE, MAPE: 66, 73322168.00, 73322170.00, 8043.28, 5936.34, 7.01%
- Epoch 068, ExpID 24924
Train - Loss: 13496659.25
Val - Loss, MSE, RMSE, MAE, MAPE: 20731120.00, 20731120.00, 4512.01, 3333.95, 4.21%
Test - Best epoch, Loss, MSE, RMSE, MAE, MAPE: 66, 73322168.00, 73322170.00, 8043.28, 5936.34, 7.01%
- Epoch 069, ExpID 24924
Train - Loss: 13469505.75
Val - Loss, MSE, RMSE, MAE, MAPE: 20208510.00, 20208510.00, 4450.11, 3298.39, 4.21%
Test - Best epoch, Loss, MSE, RMSE, MAE, MAPE: 69, 73590280.00, 73590281.00, 8042.12, 5926.28, 7.00%
- Epoch 070, ExpID 24924
Train - Loss: 13385493.45
Val - Loss, MSE, RMSE, MAE, MAPE: 20551198.00, 20551198.00, 4488.69, 3321.45, 4.20%
Test - Best epoch, Loss, MSE, RMSE, MAE, MAPE: 69, 73590280.00, 73590281.00, 8042.12, 5926.28, 7.00%
- Epoch 071, ExpID 24924
Train - Loss: 13244649.45
Val - Loss, MSE, RMSE, MAE, MAPE: 20313604.00, 20313605.00, 4463.03, 3298.65, 4.20%
Test - Best epoch, Loss, MSE, RMSE, MAE, MAPE: 69, 73590280.00, 73590281.00, 8042.12, 5926.28, 7.00%
- Epoch 072, ExpID 24924
Train - Loss: 13328430.05
Val - Loss, MSE, RMSE, MAE, MAPE: 20177922.00, 20177922.50, 4448.34, 3287.66, 4.19%
Test - Best epoch, Loss, MSE, RMSE, MAE, MAPE: 72, 74649248.00, 74649250.00, 8110.78, 5983.23, 7.06%
- Epoch 073, ExpID 24924
Train - Loss: 13171865.65
Val - Loss, MSE, RMSE, MAE, MAPE: 20529904.00, 20529904.50, 4491.08, 3315.79, 4.20%
Test - Best epoch, Loss, MSE, RMSE, MAE, MAPE: 72, 74649248.00, 74649250.00, 8110.78, 5983.23, 7.06%
- Epoch 074, ExpID 24924
Train - Loss: 13181842.90
Val - Loss, MSE, RMSE, MAE, MAPE: 19840580.00, 19840579.50, 4408.93, 3253.97, 4.15%
Test - Best epoch, Loss, MSE, RMSE, MAE, MAPE: 74, 75094384.00, 75094381.00, 8143.06, 6021.31, 7.12%
- Epoch 075, ExpID 24924
Train - Loss: 13164554.00
Val - Loss, MSE, RMSE, MAE, MAPE: 19903378.00, 19903378.50, 4417.06, 3261.23, 4.16%
Test - Best epoch, Loss, MSE, RMSE, MAE, MAPE: 74, 75094384.00, 75094381.00, 8143.06, 6021.31, 7.12%
- Epoch 076, ExpID 24924
Train - Loss: 13116604.40
Val - Loss, MSE, RMSE, MAE, MAPE: 19931840.00, 19931839.00, 4419.80, 3266.55, 4.16%
Test - Best epoch, Loss, MSE, RMSE, MAE, MAPE: 74, 75094384.00, 75094381.00, 8143.06, 6021.31, 7.12%
- Epoch 077, ExpID 24924
Train - Loss: 13050716.75
Val - Loss, MSE, RMSE, MAE, MAPE: 19792324.00, 19792323.00, 4401.11, 3249.01, 4.14%
Test - Best epoch, Loss, MSE, RMSE, MAE, MAPE: 77, 75244952.00, 75244955.00, 8153.75, 6001.34, 7.08%
- Epoch 078, ExpID 24924
Train - Loss: 13017837.10
Val - Loss, MSE, RMSE, MAE, MAPE: 19899104.00, 19899103.50, 4416.05, 3264.74, 4.15%
Test - Best epoch, Loss, MSE, RMSE, MAE, MAPE: 77, 75244952.00, 75244955.00, 8153.75, 6001.34, 7.08%
- Epoch 079, ExpID 24924
Train - Loss: 12992355.55
Val - Loss, MSE, RMSE, MAE, MAPE: 20180690.00, 20180690.50, 4449.37, 3282.20, 4.16%
Test - Best epoch, Loss, MSE, RMSE, MAE, MAPE: 77, 75244952.00, 75244955.00, 8153.75, 6001.34, 7.08%
- Epoch 080, ExpID 24924
Train - Loss: 12959757.30
Val - Loss, MSE, RMSE, MAE, MAPE: 19835568.00, 19835567.00, 4407.88, 3256.64, 4.16%
Test - Best epoch, Loss, MSE, RMSE, MAE, MAPE: 77, 75244952.00, 75244955.00, 8153.75, 6001.34, 7.08%
- Epoch 081, ExpID 24924
Train - Loss: 12884687.40
Val - Loss, MSE, RMSE, MAE, MAPE: 19918530.00, 19918530.50, 4420.34, 3259.17, 4.16%
Test - Best epoch, Loss, MSE, RMSE, MAE, MAPE: 77, 75244952.00, 75244955.00, 8153.75, 6001.34, 7.08%
- Epoch 082, ExpID 24924
Train - Loss: 12874040.55
Val - Loss, MSE, RMSE, MAE, MAPE: 20127308.00, 20127308.50, 4439.73, 3275.06, 4.15%
Test - Best epoch, Loss, MSE, RMSE, MAE, MAPE: 77, 75244952.00, 75244955.00, 8153.75, 6001.34, 7.08%
- Epoch 083, ExpID 24924
Train - Loss: 12744559.15
Val - Loss, MSE, RMSE, MAE, MAPE: 19859112.00, 19859111.50, 4406.64, 3252.61, 4.14%
Test - Best epoch, Loss, MSE, RMSE, MAE, MAPE: 77, 75244952.00, 75244955.00, 8153.75, 6001.34, 7.08%
- Epoch 084, ExpID 24924
Train - Loss: 12754436.60
Val - Loss, MSE, RMSE, MAE, MAPE: 19860952.00, 19860953.00, 4406.83, 3257.91, 4.16%
Test - Best epoch, Loss, MSE, RMSE, MAE, MAPE: 77, 75244952.00, 75244955.00, 8153.75, 6001.34, 7.08%
- Epoch 085, ExpID 24924
Train - Loss: 12673114.20
Val - Loss, MSE, RMSE, MAE, MAPE: 19827686.00, 19827686.00, 4404.51, 3237.23, 4.12%
Test - Best epoch, Loss, MSE, RMSE, MAE, MAPE: 77, 75244952.00, 75244955.00, 8153.75, 6001.34, 7.08%
- Epoch 086, ExpID 24924
Train - Loss: 12691729.40
Val - Loss, MSE, RMSE, MAE, MAPE: 19759512.00, 19759513.00, 4396.69, 3248.55, 4.14%
Test - Best epoch, Loss, MSE, RMSE, MAE, MAPE: 86, 73831744.00, 73831745.00, 8072.04, 5927.94, 7.00%
- Epoch 087, ExpID 24924
Train - Loss: 12774173.05
Val - Loss, MSE, RMSE, MAE, MAPE: 19683040.00, 19683041.00, 4389.45, 3234.99, 4.12%
Test - Best epoch, Loss, MSE, RMSE, MAE, MAPE: 87, 75011056.00, 75011058.00, 8143.70, 6023.52, 7.11%
- Epoch 088, ExpID 24924
Train - Loss: 12589545.70
Val - Loss, MSE, RMSE, MAE, MAPE: 19785624.00, 19785623.00, 4399.07, 3242.58, 4.13%
Test - Best epoch, Loss, MSE, RMSE, MAE, MAPE: 87, 75011056.00, 75011058.00, 8143.70, 6023.52, 7.11%
- Epoch 089, ExpID 24924
Train - Loss: 12576292.35
Val - Loss, MSE, RMSE, MAE, MAPE: 19708084.00, 19708084.00, 4388.92, 3237.18, 4.14%
Test - Best epoch, Loss, MSE, RMSE, MAE, MAPE: 87, 75011056.00, 75011058.00, 8143.70, 6023.52, 7.11%
- Epoch 090, ExpID 24924
Train - Loss: 12599947.20
Val - Loss, MSE, RMSE, MAE, MAPE: 19499210.00, 19499210.00, 4365.78, 3215.92, 4.10%
Test - Best epoch, Loss, MSE, RMSE, MAE, MAPE: 90, 73046192.00, 73046195.00, 8045.46, 5923.75, 7.00%
- Epoch 091, ExpID 24924
Train - Loss: 12442610.55
Val - Loss, MSE, RMSE, MAE, MAPE: 19863944.00, 19863944.00, 4404.26, 3246.93, 4.11%
Test - Best epoch, Loss, MSE, RMSE, MAE, MAPE: 90, 73046192.00, 73046195.00, 8045.46, 5923.75, 7.00%
- Epoch 092, ExpID 24924
Train - Loss: 12370167.85
Val - Loss, MSE, RMSE, MAE, MAPE: 19368936.00, 19368936.00, 4349.43, 3211.31, 4.10%
Test - Best epoch, Loss, MSE, RMSE, MAE, MAPE: 92, 73083864.00, 73083865.00, 8035.59, 5892.85, 6.96%
- Epoch 093, ExpID 24924
Train - Loss: 12485611.10
Val - Loss, MSE, RMSE, MAE, MAPE: 19297676.00, 19297676.50, 4341.25, 3197.18, 4.07%
Test - Best epoch, Loss, MSE, RMSE, MAE, MAPE: 93, 73493072.00, 73493071.00, 8062.56, 5921.90, 6.98%
- Epoch 094, ExpID 24924
Train - Loss: 12388441.00
Val - Loss, MSE, RMSE, MAE, MAPE: 19643418.00, 19643418.00, 4383.90, 3225.48, 4.10%
Test - Best epoch, Loss, MSE, RMSE, MAE, MAPE: 93, 73493072.00, 73493071.00, 8062.56, 5921.90, 6.98%
- Epoch 095, ExpID 24924
Train - Loss: 12360978.50
Val - Loss, MSE, RMSE, MAE, MAPE: 19359726.00, 19359726.00, 4348.33, 3196.59, 4.07%
Test - Best epoch, Loss, MSE, RMSE, MAE, MAPE: 93, 73493072.00, 73493071.00, 8062.56, 5921.90, 6.98%
- Epoch 096, ExpID 24924
Train - Loss: 12237290.50
Val - Loss, MSE, RMSE, MAE, MAPE: 19419974.00, 19419974.00, 4352.28, 3210.48, 4.10%
Test - Best epoch, Loss, MSE, RMSE, MAE, MAPE: 93, 73493072.00, 73493071.00, 8062.56, 5921.90, 6.98%
- Epoch 097, ExpID 24924
Train - Loss: 12194196.55
Val - Loss, MSE, RMSE, MAE, MAPE: 19390730.00, 19390729.50, 4351.91, 3202.76, 4.07%
Test - Best epoch, Loss, MSE, RMSE, MAE, MAPE: 93, 73493072.00, 73493071.00, 8062.56, 5921.90, 6.98%
- Epoch 098, ExpID 24924
Train - Loss: 12165977.90
Val - Loss, MSE, RMSE, MAE, MAPE: 19451576.00, 19451577.00, 4361.03, 3213.57, 4.11%
Test - Best epoch, Loss, MSE, RMSE, MAE, MAPE: 93, 73493072.00, 73493071.00, 8062.56, 5921.90, 6.98%
- Epoch 099, ExpID 24924
Train - Loss: 12200230.10
Val - Loss, MSE, RMSE, MAE, MAPE: 19499364.00, 19499365.00, 4363.12, 3213.90, 4.08%
Test - Best epoch, Loss, MSE, RMSE, MAE, MAPE: 93, 73493072.00, 73493071.00, 8062.56, 5921.90, 6.98%
- Epoch 100, ExpID 24924
Train - Loss: 12225334.60
Val - Loss, MSE, RMSE, MAE, MAPE: 19383462.00, 19383461.50, 4348.87, 3200.93, 4.07%
Test - Best epoch, Loss, MSE, RMSE, MAE, MAPE: 93, 73493072.00, 73493071.00, 8062.56, 5921.90, 6.98%
- Epoch 101, ExpID 24924
Train - Loss: 12197776.90
Val - Loss, MSE, RMSE, MAE, MAPE: 19467722.00, 19467722.50, 4361.60, 3211.16, 4.09%
Test - Best epoch, Loss, MSE, RMSE, MAE, MAPE: 93, 73493072.00, 73493071.00, 8062.56, 5921.90, 6.98%
- Epoch 102, ExpID 24924
Train - Loss: 12074040.15
Val - Loss, MSE, RMSE, MAE, MAPE: 19389602.00, 19389601.50, 4352.06, 3208.36, 4.09%
Test - Best epoch, Loss, MSE, RMSE, MAE, MAPE: 93, 73493072.00, 73493071.00, 8062.56, 5921.90, 6.98%
- Epoch 103, ExpID 24924
Train - Loss: 11994489.75
Val - Loss, MSE, RMSE, MAE, MAPE: 19479860.00, 19479860.50, 4359.89, 3220.03, 4.10%
Test - Best epoch, Loss, MSE, RMSE, MAE, MAPE: 93, 73493072.00, 73493071.00, 8062.56, 5921.90, 6.98%
Early Stopping at Epoch 103
Fold 2017 Best RMSE: 8062.5593

-------------------- [Fold: 2018] ExpID: 78081 --------------------
- Epoch 000, ExpID 78081
Train - Loss: 35053630.00
Val - Loss, MSE, RMSE, MAE, MAPE: 81312752.00, 81312754.00, 8906.08, 6633.25, 7.80%
Test - Best epoch, Loss, MSE, RMSE, MAE, MAPE: 0, 51137652.00, 51137652.00, 7148.55, 5491.83, 5.92%
- Epoch 001, ExpID 78081
Train - Loss: 27264988.86
Val - Loss, MSE, RMSE, MAE, MAPE: 79180064.00, 79180064.00, 8728.85, 6470.45, 7.64%
Test - Best epoch, Loss, MSE, RMSE, MAE, MAPE: 1, 46529608.00, 46529610.00, 6817.11, 5191.17, 5.61%
- Epoch 002, ExpID 78081
Train - Loss: 25152810.95
Val - Loss, MSE, RMSE, MAE, MAPE: 77712568.00, 77712566.00, 8597.86, 6360.78, 7.53%
Test - Best epoch, Loss, MSE, RMSE, MAE, MAPE: 2, 43714124.00, 43714124.00, 6604.58, 5004.99, 5.42%
- Epoch 003, ExpID 78081
Train - Loss: 23903355.33
Val - Loss, MSE, RMSE, MAE, MAPE: 76976312.00, 76976310.00, 8498.56, 6293.68, 7.47%
Test - Best epoch, Loss, MSE, RMSE, MAE, MAPE: 3, 42048568.00, 42048570.00, 6472.83, 4916.44, 5.34%
- Epoch 004, ExpID 78081
Train - Loss: 22864167.24
Val - Loss, MSE, RMSE, MAE, MAPE: 75655376.00, 75655376.00, 8389.86, 6219.98, 7.42%
Test - Best epoch, Loss, MSE, RMSE, MAE, MAPE: 4, 40690008.00, 40690008.00, 6365.87, 4832.77, 5.28%
- Epoch 005, ExpID 78081
Train - Loss: 22311716.76
Val - Loss, MSE, RMSE, MAE, MAPE: 76781192.00, 76781190.00, 8426.78, 6342.96, 7.49%
Test - Best epoch, Loss, MSE, RMSE, MAE, MAPE: 4, 40690008.00, 40690008.00, 6365.87, 4832.77, 5.28%
- Epoch 006, ExpID 78081
Train - Loss: 21738421.33
Val - Loss, MSE, RMSE, MAE, MAPE: 75733608.00, 75733606.00, 8349.59, 6265.79, 7.41%
Test - Best epoch, Loss, MSE, RMSE, MAE, MAPE: 4, 40690008.00, 40690008.00, 6365.87, 4832.77, 5.28%
- Epoch 007, ExpID 78081
Train - Loss: 21322090.76
Val - Loss, MSE, RMSE, MAE, MAPE: 74966880.00, 74966878.00, 8302.35, 6205.89, 7.37%
Test - Best epoch, Loss, MSE, RMSE, MAE, MAPE: 7, 38615332.00, 38615332.00, 6202.47, 4657.97, 5.07%
- Epoch 008, ExpID 78081
Train - Loss: 21094193.14
Val - Loss, MSE, RMSE, MAE, MAPE: 76444608.00, 76444608.00, 8357.42, 6284.06, 7.42%
Test - Best epoch, Loss, MSE, RMSE, MAE, MAPE: 7, 38615332.00, 38615332.00, 6202.47, 4657.97, 5.07%
- Epoch 009, ExpID 78081
Train - Loss: 20779309.14
Val - Loss, MSE, RMSE, MAE, MAPE: 78111136.00, 78111137.00, 8427.61, 6384.81, 7.51%
Test - Best epoch, Loss, MSE, RMSE, MAE, MAPE: 7, 38615332.00, 38615332.00, 6202.47, 4657.97, 5.07%
- Epoch 010, ExpID 78081
Train - Loss: 20423553.43
Val - Loss, MSE, RMSE, MAE, MAPE: 75626512.00, 75626516.00, 8289.62, 6201.40, 7.34%
Test - Best epoch, Loss, MSE, RMSE, MAE, MAPE: 7, 38615332.00, 38615332.00, 6202.47, 4657.97, 5.07%
- Epoch 011, ExpID 78081
Train - Loss: 20064252.38
Val - Loss, MSE, RMSE, MAE, MAPE: 75832912.00, 75832908.00, 8275.61, 6209.05, 7.33%
Test - Best epoch, Loss, MSE, RMSE, MAE, MAPE: 7, 38615332.00, 38615332.00, 6202.47, 4657.97, 5.07%
- Epoch 012, ExpID 78081
Train - Loss: 19877823.90
Val - Loss, MSE, RMSE, MAE, MAPE: 77728384.00, 77728380.00, 8356.59, 6256.50, 7.38%
Test - Best epoch, Loss, MSE, RMSE, MAE, MAPE: 7, 38615332.00, 38615332.00, 6202.47, 4657.97, 5.07%
- Epoch 013, ExpID 78081
Train - Loss: 19532264.10
Val - Loss, MSE, RMSE, MAE, MAPE: 79345384.00, 79345384.00, 8453.17, 6400.90, 7.51%
Test - Best epoch, Loss, MSE, RMSE, MAE, MAPE: 7, 38615332.00, 38615332.00, 6202.47, 4657.97, 5.07%
- Epoch 014, ExpID 78081
Train - Loss: 19269732.57
Val - Loss, MSE, RMSE, MAE, MAPE: 77288176.00, 77288174.00, 8331.84, 6173.53, 7.30%
Test - Best epoch, Loss, MSE, RMSE, MAE, MAPE: 7, 38615332.00, 38615332.00, 6202.47, 4657.97, 5.07%
- Epoch 015, ExpID 78081
Train - Loss: 18966090.00
Val - Loss, MSE, RMSE, MAE, MAPE: 81373024.00, 81373024.00, 8517.63, 6428.13, 7.53%
Test - Best epoch, Loss, MSE, RMSE, MAE, MAPE: 7, 38615332.00, 38615332.00, 6202.47, 4657.97, 5.07%
- Epoch 016, ExpID 78081
Train - Loss: 18718791.90
Val - Loss, MSE, RMSE, MAE, MAPE: 77584560.00, 77584557.00, 8322.23, 6176.90, 7.27%
Test - Best epoch, Loss, MSE, RMSE, MAE, MAPE: 7, 38615332.00, 38615332.00, 6202.47, 4657.97, 5.07%
- Epoch 017, ExpID 78081
Train - Loss: 18488797.29
Val - Loss, MSE, RMSE, MAE, MAPE: 79102304.00, 79102304.00, 8382.76, 6239.59, 7.33%
Test - Best epoch, Loss, MSE, RMSE, MAE, MAPE: 7, 38615332.00, 38615332.00, 6202.47, 4657.97, 5.07%
Early Stopping at Epoch 17
Fold 2018 Best RMSE: 6202.4729

-------------------- [Fold: 2019] ExpID: 21177 --------------------
- Epoch 000, ExpID 21177
Train - Loss: 37620140.61
Val - Loss, MSE, RMSE, MAE, MAPE: 49481456.00, 49481456.00, 7032.35, 5397.58, 5.85%
Test - Best epoch, Loss, MSE, RMSE, MAE, MAPE: 0, 48666216.00, 48666214.00, 6891.43, 5258.32, 5.51%
- Epoch 001, ExpID 21177
Train - Loss: 30010061.91
Val - Loss, MSE, RMSE, MAE, MAPE: 45322600.00, 45322600.00, 6727.19, 5128.91, 5.56%
Test - Best epoch, Loss, MSE, RMSE, MAE, MAPE: 1, 43077176.00, 43077178.00, 6474.95, 4877.22, 5.11%
- Epoch 002, ExpID 21177
Train - Loss: 27640004.61
Val - Loss, MSE, RMSE, MAE, MAPE: 43376864.00, 43376862.00, 6577.74, 5000.34, 5.43%
Test - Best epoch, Loss, MSE, RMSE, MAE, MAPE: 2, 40492836.00, 40492836.00, 6281.67, 4709.84, 4.94%
- Epoch 003, ExpID 21177
Train - Loss: 26100797.30
Val - Loss, MSE, RMSE, MAE, MAPE: 42213524.00, 42213524.00, 6485.02, 4935.11, 5.34%
Test - Best epoch, Loss, MSE, RMSE, MAE, MAPE: 3, 38933120.00, 38933122.00, 6162.21, 4588.87, 4.80%
- Epoch 004, ExpID 21177
Train - Loss: 25103299.04
Val - Loss, MSE, RMSE, MAE, MAPE: 40985816.00, 40985814.00, 6390.03, 4857.64, 5.28%
Test - Best epoch, Loss, MSE, RMSE, MAE, MAPE: 4, 37548944.00, 37548946.00, 6042.97, 4510.42, 4.75%
- Epoch 005, ExpID 21177
Train - Loss: 24477238.00
Val - Loss, MSE, RMSE, MAE, MAPE: 40069416.00, 40069414.00, 6319.64, 4795.78, 5.21%
Test - Best epoch, Loss, MSE, RMSE, MAE, MAPE: 5, 36729756.00, 36729757.00, 5970.03, 4450.21, 4.68%
- Epoch 006, ExpID 21177
Train - Loss: 23924353.39
Val - Loss, MSE, RMSE, MAE, MAPE: 39487440.00, 39487442.00, 6272.18, 4755.96, 5.20%
Test - Best epoch, Loss, MSE, RMSE, MAE, MAPE: 6, 36609176.00, 36609178.00, 5961.12, 4458.89, 4.72%
- Epoch 007, ExpID 21177
Train - Loss: 23708428.35
Val - Loss, MSE, RMSE, MAE, MAPE: 38910688.00, 38910690.00, 6224.90, 4692.63, 5.09%
Test - Best epoch, Loss, MSE, RMSE, MAE, MAPE: 7, 35451280.00, 35451279.00, 5871.97, 4345.12, 4.55%
- Epoch 008, ExpID 21177
Train - Loss: 23130854.26
Val - Loss, MSE, RMSE, MAE, MAPE: 38270536.00, 38270538.00, 6175.12, 4652.13, 5.07%
Test - Best epoch, Loss, MSE, RMSE, MAE, MAPE: 8, 35148188.00, 35148189.00, 5842.51, 4348.53, 4.58%
- Epoch 009, ExpID 21177
Train - Loss: 22690679.83
Val - Loss, MSE, RMSE, MAE, MAPE: 37624460.00, 37624459.00, 6123.93, 4602.50, 5.01%
Test - Best epoch, Loss, MSE, RMSE, MAE, MAPE: 9, 34608244.00, 34608244.00, 5795.99, 4302.97, 4.53%
- Epoch 010, ExpID 21177
Train - Loss: 22510767.65
Val - Loss, MSE, RMSE, MAE, MAPE: 37815412.00, 37815412.00, 6137.51, 4610.49, 4.99%
Test - Best epoch, Loss, MSE, RMSE, MAE, MAPE: 9, 34608244.00, 34608244.00, 5795.99, 4302.97, 4.53%
- Epoch 011, ExpID 21177
Train - Loss: 22266209.57
Val - Loss, MSE, RMSE, MAE, MAPE: 38050740.00, 38050739.00, 6154.16, 4623.47, 4.99%
Test - Best epoch, Loss, MSE, RMSE, MAE, MAPE: 9, 34608244.00, 34608244.00, 5795.99, 4302.97, 4.53%
- Epoch 012, ExpID 21177
Train - Loss: 22159866.26
Val - Loss, MSE, RMSE, MAE, MAPE: 36600648.00, 36600650.00, 6033.99, 4513.60, 4.90%
Test - Best epoch, Loss, MSE, RMSE, MAE, MAPE: 12, 33424308.00, 33424309.00, 5709.41, 4207.93, 4.41%
- Epoch 013, ExpID 21177
Train - Loss: 21600032.78
Val - Loss, MSE, RMSE, MAE, MAPE: 35940056.00, 35940058.00, 5982.45, 4468.74, 4.85%
Test - Best epoch, Loss, MSE, RMSE, MAE, MAPE: 13, 32726516.00, 32726516.00, 5643.55, 4153.69, 4.36%
- Epoch 014, ExpID 21177
Train - Loss: 21241970.78
Val - Loss, MSE, RMSE, MAE, MAPE: 35777660.00, 35777659.00, 5969.72, 4454.72, 4.83%
Test - Best epoch, Loss, MSE, RMSE, MAE, MAPE: 14, 32526016.00, 32526015.00, 5628.29, 4146.21, 4.35%
- Epoch 015, ExpID 21177
Train - Loss: 21155082.00
Val - Loss, MSE, RMSE, MAE, MAPE: 34657528.00, 34657530.00, 5875.69, 4368.61, 4.77%
Test - Best epoch, Loss, MSE, RMSE, MAE, MAPE: 15, 31964892.00, 31964892.00, 5567.02, 4105.76, 4.33%
- Epoch 016, ExpID 21177
Train - Loss: 20843260.96
Val - Loss, MSE, RMSE, MAE, MAPE: 34855456.00, 34855454.00, 5893.79, 4388.98, 4.76%
Test - Best epoch, Loss, MSE, RMSE, MAE, MAPE: 15, 31964892.00, 31964892.00, 5567.02, 4105.76, 4.33%
- Epoch 017, ExpID 21177
Train - Loss: 20623455.48
Val - Loss, MSE, RMSE, MAE, MAPE: 35122064.00, 35122065.00, 5912.39, 4412.28, 4.77%
Test - Best epoch, Loss, MSE, RMSE, MAE, MAPE: 15, 31964892.00, 31964892.00, 5567.02, 4105.76, 4.33%
- Epoch 018, ExpID 21177
Train - Loss: 20539670.43
Val - Loss, MSE, RMSE, MAE, MAPE: 33616184.00, 33616184.00, 5787.45, 4287.48, 4.68%
Test - Best epoch, Loss, MSE, RMSE, MAE, MAPE: 18, 31081684.00, 31081683.00, 5479.86, 4043.88, 4.26%
- Epoch 019, ExpID 21177
Train - Loss: 20273612.43
Val - Loss, MSE, RMSE, MAE, MAPE: 33232256.00, 33232257.00, 5755.37, 4248.15, 4.65%
Test - Best epoch, Loss, MSE, RMSE, MAE, MAPE: 19, 30819772.00, 30819773.00, 5446.67, 4028.97, 4.25%
- Epoch 020, ExpID 21177
Train - Loss: 19930571.91
Val - Loss, MSE, RMSE, MAE, MAPE: 33843400.00, 33843398.00, 5804.57, 4310.64, 4.67%
Test - Best epoch, Loss, MSE, RMSE, MAE, MAPE: 19, 30819772.00, 30819773.00, 5446.67, 4028.97, 4.25%
- Epoch 021, ExpID 21177
Train - Loss: 19650308.43
Val - Loss, MSE, RMSE, MAE, MAPE: 33240512.00, 33240512.00, 5753.33, 4260.41, 4.63%
Test - Best epoch, Loss, MSE, RMSE, MAE, MAPE: 19, 30819772.00, 30819773.00, 5446.67, 4028.97, 4.25%
- Epoch 022, ExpID 21177
Train - Loss: 19645780.35
Val - Loss, MSE, RMSE, MAE, MAPE: 33424866.00, 33424866.00, 5767.23, 4274.69, 4.63%
Test - Best epoch, Loss, MSE, RMSE, MAE, MAPE: 19, 30819772.00, 30819773.00, 5446.67, 4028.97, 4.25%
- Epoch 023, ExpID 21177
Train - Loss: 19352817.65
Val - Loss, MSE, RMSE, MAE, MAPE: 32696002.00, 32696002.00, 5705.73, 4204.53, 4.57%
Test - Best epoch, Loss, MSE, RMSE, MAE, MAPE: 23, 29748772.00, 29748772.00, 5356.38, 3946.75, 4.14%
- Epoch 024, ExpID 21177
Train - Loss: 19349174.39
Val - Loss, MSE, RMSE, MAE, MAPE: 33018640.00, 33018640.00, 5732.91, 4245.15, 4.60%
Test - Best epoch, Loss, MSE, RMSE, MAE, MAPE: 23, 29748772.00, 29748772.00, 5356.38, 3946.75, 4.14%
- Epoch 025, ExpID 21177
Train - Loss: 19242499.91
Val - Loss, MSE, RMSE, MAE, MAPE: 32994810.00, 32994810.00, 5733.92, 4234.06, 4.58%
Test - Best epoch, Loss, MSE, RMSE, MAE, MAPE: 23, 29748772.00, 29748772.00, 5356.38, 3946.75, 4.14%
- Epoch 026, ExpID 21177
Train - Loss: 19071952.43
Val - Loss, MSE, RMSE, MAE, MAPE: 32627590.00, 32627590.00, 5698.55, 4199.51, 4.56%
Test - Best epoch, Loss, MSE, RMSE, MAE, MAPE: 26, 29495334.00, 29495334.00, 5336.14, 3939.87, 4.13%
- Epoch 027, ExpID 21177
Train - Loss: 18923180.09
Val - Loss, MSE, RMSE, MAE, MAPE: 32740472.00, 32740473.00, 5711.96, 4205.68, 4.58%
Test - Best epoch, Loss, MSE, RMSE, MAE, MAPE: 26, 29495334.00, 29495334.00, 5336.14, 3939.87, 4.13%
- Epoch 028, ExpID 21177
Train - Loss: 18734555.83
Val - Loss, MSE, RMSE, MAE, MAPE: 32322484.00, 32322483.00, 5673.75, 4156.41, 4.54%
Test - Best epoch, Loss, MSE, RMSE, MAE, MAPE: 28, 29072922.00, 29072922.00, 5279.18, 3910.57, 4.12%
- Epoch 029, ExpID 21177
Train - Loss: 18766016.61
Val - Loss, MSE, RMSE, MAE, MAPE: 32723884.00, 32723885.00, 5708.55, 4202.26, 4.56%
Test - Best epoch, Loss, MSE, RMSE, MAE, MAPE: 28, 29072922.00, 29072922.00, 5279.18, 3910.57, 4.12%
- Epoch 030, ExpID 21177
Train - Loss: 18501081.13
Val - Loss, MSE, RMSE, MAE, MAPE: 32762644.00, 32762643.00, 5709.87, 4213.39, 4.57%
Test - Best epoch, Loss, MSE, RMSE, MAE, MAPE: 28, 29072922.00, 29072922.00, 5279.18, 3910.57, 4.12%
- Epoch 031, ExpID 21177
Train - Loss: 18426528.70
Val - Loss, MSE, RMSE, MAE, MAPE: 33509580.00, 33509580.00, 5770.13, 4270.12, 4.61%
Test - Best epoch, Loss, MSE, RMSE, MAE, MAPE: 28, 29072922.00, 29072922.00, 5279.18, 3910.57, 4.12%
- Epoch 032, ExpID 21177
Train - Loss: 18187112.35
Val - Loss, MSE, RMSE, MAE, MAPE: 32556060.00, 32556060.00, 5691.84, 4177.68, 4.55%
Test - Best epoch, Loss, MSE, RMSE, MAE, MAPE: 28, 29072922.00, 29072922.00, 5279.18, 3910.57, 4.12%
- Epoch 033, ExpID 21177
Train - Loss: 18523501.09
Val - Loss, MSE, RMSE, MAE, MAPE: 32765104.00, 32765103.00, 5709.80, 4192.47, 4.55%
Test - Best epoch, Loss, MSE, RMSE, MAE, MAPE: 28, 29072922.00, 29072922.00, 5279.18, 3910.57, 4.12%
- Epoch 034, ExpID 21177
Train - Loss: 18106713.78
Val - Loss, MSE, RMSE, MAE, MAPE: 34468000.00, 34468002.00, 5854.40, 4333.72, 4.66%
Test - Best epoch, Loss, MSE, RMSE, MAE, MAPE: 28, 29072922.00, 29072922.00, 5279.18, 3910.57, 4.12%
- Epoch 035, ExpID 21177
Train - Loss: 18050108.61
Val - Loss, MSE, RMSE, MAE, MAPE: 33019330.00, 33019330.00, 5728.38, 4219.87, 4.56%
Test - Best epoch, Loss, MSE, RMSE, MAE, MAPE: 28, 29072922.00, 29072922.00, 5279.18, 3910.57, 4.12%
- Epoch 036, ExpID 21177
Train - Loss: 17850413.22
Val - Loss, MSE, RMSE, MAE, MAPE: 32297626.00, 32297626.00, 5667.99, 4156.20, 4.51%
Test - Best epoch, Loss, MSE, RMSE, MAE, MAPE: 36, 28554644.00, 28554643.00, 5244.92, 3886.73, 4.07%
- Epoch 037, ExpID 21177
Train - Loss: 17828275.74
Val - Loss, MSE, RMSE, MAE, MAPE: 32582756.00, 32582756.00, 5690.85, 4179.83, 4.53%
Test - Best epoch, Loss, MSE, RMSE, MAE, MAPE: 36, 28554644.00, 28554643.00, 5244.92, 3886.73, 4.07%
- Epoch 038, ExpID 21177
Train - Loss: 17665152.48
Val - Loss, MSE, RMSE, MAE, MAPE: 32406000.00, 32405999.00, 5676.86, 4169.84, 4.52%
Test - Best epoch, Loss, MSE, RMSE, MAE, MAPE: 36, 28554644.00, 28554643.00, 5244.92, 3886.73, 4.07%
- Epoch 039, ExpID 21177
Train - Loss: 17623281.61
Val - Loss, MSE, RMSE, MAE, MAPE: 32605648.00, 32605647.00, 5696.59, 4174.73, 4.52%
Test - Best epoch, Loss, MSE, RMSE, MAE, MAPE: 36, 28554644.00, 28554643.00, 5244.92, 3886.73, 4.07%
- Epoch 040, ExpID 21177
Train - Loss: 17520819.00
Val - Loss, MSE, RMSE, MAE, MAPE: 31956314.00, 31956314.00, 5638.90, 4110.96, 4.47%
Test - Best epoch, Loss, MSE, RMSE, MAE, MAPE: 40, 28311708.00, 28311707.00, 5214.93, 3853.99, 4.04%
- Epoch 041, ExpID 21177
Train - Loss: 17322207.17
Val - Loss, MSE, RMSE, MAE, MAPE: 32030388.00, 32030387.00, 5646.55, 4130.07, 4.49%
Test - Best epoch, Loss, MSE, RMSE, MAE, MAPE: 40, 28311708.00, 28311707.00, 5214.93, 3853.99, 4.04%
- Epoch 042, ExpID 21177
Train - Loss: 17388835.57
Val - Loss, MSE, RMSE, MAE, MAPE: 32618336.00, 32618337.00, 5696.29, 4173.75, 4.52%
Test - Best epoch, Loss, MSE, RMSE, MAE, MAPE: 40, 28311708.00, 28311707.00, 5214.93, 3853.99, 4.04%
- Epoch 043, ExpID 21177
Train - Loss: 17282635.57
Val - Loss, MSE, RMSE, MAE, MAPE: 32231820.00, 32231819.00, 5662.01, 4128.24, 4.48%
Test - Best epoch, Loss, MSE, RMSE, MAE, MAPE: 40, 28311708.00, 28311707.00, 5214.93, 3853.99, 4.04%
- Epoch 044, ExpID 21177
Train - Loss: 17109677.26
Val - Loss, MSE, RMSE, MAE, MAPE: 32359260.00, 32359261.00, 5672.64, 4149.18, 4.49%
Test - Best epoch, Loss, MSE, RMSE, MAE, MAPE: 40, 28311708.00, 28311707.00, 5214.93, 3853.99, 4.04%
- Epoch 045, ExpID 21177
Train - Loss: 17045592.70
Val - Loss, MSE, RMSE, MAE, MAPE: 33318032.00, 33318032.00, 5755.41, 4237.26, 4.57%
Test - Best epoch, Loss, MSE, RMSE, MAE, MAPE: 40, 28311708.00, 28311707.00, 5214.93, 3853.99, 4.04%
- Epoch 046, ExpID 21177
Train - Loss: 16993428.00
Val - Loss, MSE, RMSE, MAE, MAPE: 32854448.00, 32854449.00, 5712.45, 4196.76, 4.53%
Test - Best epoch, Loss, MSE, RMSE, MAE, MAPE: 40, 28311708.00, 28311707.00, 5214.93, 3853.99, 4.04%
- Epoch 047, ExpID 21177
Train - Loss: 17001266.52
Val - Loss, MSE, RMSE, MAE, MAPE: 32505910.00, 32505910.00, 5684.29, 4145.70, 4.49%
Test - Best epoch, Loss, MSE, RMSE, MAE, MAPE: 40, 28311708.00, 28311707.00, 5214.93, 3853.99, 4.04%
- Epoch 048, ExpID 21177
Train - Loss: 16805797.87
Val - Loss, MSE, RMSE, MAE, MAPE: 32784016.00, 32784017.00, 5710.28, 4191.80, 4.53%
Test - Best epoch, Loss, MSE, RMSE, MAE, MAPE: 40, 28311708.00, 28311707.00, 5214.93, 3853.99, 4.04%
- Epoch 049, ExpID 21177
Train - Loss: 16821041.35
Val - Loss, MSE, RMSE, MAE, MAPE: 33807832.00, 33807832.00, 5791.96, 4262.30, 4.59%
Test - Best epoch, Loss, MSE, RMSE, MAE, MAPE: 40, 28311708.00, 28311707.00, 5214.93, 3853.99, 4.04%
- Epoch 050, ExpID 21177
Train - Loss: 16744532.61
Val - Loss, MSE, RMSE, MAE, MAPE: 32291472.00, 32291472.00, 5668.27, 4147.12, 4.49%
Test - Best epoch, Loss, MSE, RMSE, MAE, MAPE: 40, 28311708.00, 28311707.00, 5214.93, 3853.99, 4.04%
Early Stopping at Epoch 50
Fold 2019 Best RMSE: 5214.9255
