DETAILED LOG | Model: timexer | Seed: 1
FULL CONFIG: {'gpu': '6', 'target': 'both', 'cv_start_year': 2017, 'cv_end_year': 2019, 'test_year': 2024, 'use_corona': False, 'seq_len': 56, 'label_len': 0, 'pred_len': 14, 'batch_size': 256, 'epochs': 1000, 'patience': 10, 'lr': 0.0001, 'model': 'timexer', 'd_model': 256, 'n_heads': 2, 'n_layers': 4, 'dropout': 0.1, 'activation': 'gelu', 'patch_len': 7, 'factor': 5, 'norm_mode': 'revin', 'use_covar': True, 'use_dbloss': False, 'device': device(type='cuda'), 'stride': 16, 'file_path': 'dataset/airport_flight_with_holiday.csv', 'seed': 1, 'val_year': 2019, 'ndims': 2}

-------------------- [Fold: 2017] ExpID: 55666 --------------------
- Epoch 000, ExpID 55666
Train - Loss: 29418457.90
Val - Loss, MSE, RMSE, MAE, MAPE: 39120168.00, 39120166.00, 6214.89, 4733.47, 6.02%
Test - Best epoch, Loss, MSE, RMSE, MAE, MAPE: 0, 85579232.00, 85579234.00, 9071.04, 6813.24, 8.04%
- Epoch 001, ExpID 55666
Train - Loss: 23694772.10
Val - Loss, MSE, RMSE, MAE, MAPE: 35337088.00, 35337089.00, 5912.16, 4440.77, 5.64%
Test - Best epoch, Loss, MSE, RMSE, MAE, MAPE: 1, 83449584.00, 83449588.00, 8894.93, 6669.45, 7.89%
- Epoch 002, ExpID 55666
Train - Loss: 22071973.80
Val - Loss, MSE, RMSE, MAE, MAPE: 33320564.00, 33320563.00, 5742.97, 4315.84, 5.50%
Test - Best epoch, Loss, MSE, RMSE, MAE, MAPE: 2, 82417952.00, 82417952.00, 8813.89, 6637.12, 7.87%
- Epoch 003, ExpID 55666
Train - Loss: 21219100.70
Val - Loss, MSE, RMSE, MAE, MAPE: 32170582.00, 32170582.00, 5641.02, 4246.70, 5.40%
Test - Best epoch, Loss, MSE, RMSE, MAE, MAPE: 3, 80619584.00, 80619582.00, 8712.87, 6602.12, 7.81%
- Epoch 004, ExpID 55666
Train - Loss: 20789055.40
Val - Loss, MSE, RMSE, MAE, MAPE: 31487060.00, 31487059.00, 5582.51, 4192.25, 5.31%
Test - Best epoch, Loss, MSE, RMSE, MAE, MAPE: 4, 81568960.00, 81568958.00, 8739.33, 6648.64, 7.85%
- Epoch 005, ExpID 55666
Train - Loss: 20441650.30
Val - Loss, MSE, RMSE, MAE, MAPE: 30502460.00, 30502460.00, 5496.59, 4125.64, 5.24%
Test - Best epoch, Loss, MSE, RMSE, MAE, MAPE: 5, 80401568.00, 80401566.00, 8666.21, 6559.47, 7.76%
- Epoch 006, ExpID 55666
Train - Loss: 19975534.30
Val - Loss, MSE, RMSE, MAE, MAPE: 29824192.00, 29824193.00, 5439.47, 4072.58, 5.20%
Test - Best epoch, Loss, MSE, RMSE, MAE, MAPE: 6, 78408720.00, 78408724.00, 8556.95, 6418.46, 7.61%
- Epoch 007, ExpID 55666
Train - Loss: 19685387.90
Val - Loss, MSE, RMSE, MAE, MAPE: 29517048.00, 29517049.00, 5414.16, 4044.47, 5.14%
Test - Best epoch, Loss, MSE, RMSE, MAE, MAPE: 7, 79657856.00, 79657858.00, 8603.75, 6492.92, 7.67%
- Epoch 008, ExpID 55666
Train - Loss: 19380539.50
Val - Loss, MSE, RMSE, MAE, MAPE: 28802148.00, 28802149.00, 5350.78, 4012.96, 5.12%
Test - Best epoch, Loss, MSE, RMSE, MAE, MAPE: 8, 75432224.00, 75432226.00, 8385.99, 6278.60, 7.43%
- Epoch 009, ExpID 55666
Train - Loss: 19103931.40
Val - Loss, MSE, RMSE, MAE, MAPE: 28404340.00, 28404340.00, 5313.75, 3963.21, 5.04%
Test - Best epoch, Loss, MSE, RMSE, MAE, MAPE: 9, 76482832.00, 76482834.00, 8429.85, 6325.64, 7.46%
- Epoch 010, ExpID 55666
Train - Loss: 18753917.90
Val - Loss, MSE, RMSE, MAE, MAPE: 27975958.00, 27975958.00, 5274.34, 3924.48, 4.98%
Test - Best epoch, Loss, MSE, RMSE, MAE, MAPE: 10, 77407768.00, 77407768.00, 8466.19, 6373.04, 7.51%
- Epoch 011, ExpID 55666
Train - Loss: 18537017.05
Val - Loss, MSE, RMSE, MAE, MAPE: 28057128.00, 28057127.00, 5281.60, 3929.15, 4.98%
Test - Best epoch, Loss, MSE, RMSE, MAE, MAPE: 10, 77407768.00, 77407768.00, 8466.19, 6373.04, 7.51%
- Epoch 012, ExpID 55666
Train - Loss: 18172783.55
Val - Loss, MSE, RMSE, MAE, MAPE: 27064664.00, 27064663.00, 5190.73, 3869.90, 4.94%
Test - Best epoch, Loss, MSE, RMSE, MAE, MAPE: 12, 74221728.00, 74221730.00, 8293.01, 6162.41, 7.28%
- Epoch 013, ExpID 55666
Train - Loss: 17990790.90
Val - Loss, MSE, RMSE, MAE, MAPE: 26553868.00, 26553867.00, 5140.35, 3822.40, 4.89%
Test - Best epoch, Loss, MSE, RMSE, MAE, MAPE: 13, 74604720.00, 74604722.00, 8306.23, 6170.03, 7.30%
- Epoch 014, ExpID 55666
Train - Loss: 17812475.65
Val - Loss, MSE, RMSE, MAE, MAPE: 26743024.00, 26743024.00, 5155.70, 3836.82, 4.86%
Test - Best epoch, Loss, MSE, RMSE, MAE, MAPE: 13, 74604720.00, 74604722.00, 8306.23, 6170.03, 7.30%
- Epoch 015, ExpID 55666
Train - Loss: 17596814.05
Val - Loss, MSE, RMSE, MAE, MAPE: 26159108.00, 26159107.00, 5101.73, 3791.39, 4.86%
Test - Best epoch, Loss, MSE, RMSE, MAE, MAPE: 15, 73154416.00, 73154418.00, 8225.52, 6056.70, 7.19%
- Epoch 016, ExpID 55666
Train - Loss: 17579237.85
Val - Loss, MSE, RMSE, MAE, MAPE: 25755306.00, 25755306.00, 5060.75, 3762.85, 4.80%
Test - Best epoch, Loss, MSE, RMSE, MAE, MAPE: 16, 72764224.00, 72764228.00, 8204.25, 6093.80, 7.19%
- Epoch 017, ExpID 55666
Train - Loss: 17355363.75
Val - Loss, MSE, RMSE, MAE, MAPE: 25378332.00, 25378332.00, 5023.60, 3747.63, 4.77%
Test - Best epoch, Loss, MSE, RMSE, MAE, MAPE: 17, 74235520.00, 74235516.00, 8248.57, 6160.18, 7.26%
- Epoch 018, ExpID 55666
Train - Loss: 17070226.05
Val - Loss, MSE, RMSE, MAE, MAPE: 25250676.00, 25250675.00, 5010.45, 3748.09, 4.79%
Test - Best epoch, Loss, MSE, RMSE, MAE, MAPE: 18, 71801424.00, 71801420.00, 8135.05, 6004.11, 7.11%
- Epoch 019, ExpID 55666
Train - Loss: 17059415.40
Val - Loss, MSE, RMSE, MAE, MAPE: 24969196.00, 24969195.00, 4983.91, 3733.89, 4.75%
Test - Best epoch, Loss, MSE, RMSE, MAE, MAPE: 19, 73217624.00, 73217622.00, 8192.51, 6105.64, 7.20%
- Epoch 020, ExpID 55666
Train - Loss: 16882035.35
Val - Loss, MSE, RMSE, MAE, MAPE: 25084932.00, 25084933.00, 4993.73, 3732.96, 4.74%
Test - Best epoch, Loss, MSE, RMSE, MAE, MAPE: 19, 73217624.00, 73217622.00, 8192.51, 6105.64, 7.20%
- Epoch 021, ExpID 55666
Train - Loss: 16736740.90
Val - Loss, MSE, RMSE, MAE, MAPE: 24588492.00, 24588491.00, 4945.44, 3689.23, 4.69%
Test - Best epoch, Loss, MSE, RMSE, MAE, MAPE: 21, 73702784.00, 73702788.00, 8205.03, 6106.88, 7.21%
- Epoch 022, ExpID 55666
Train - Loss: 16578218.80
Val - Loss, MSE, RMSE, MAE, MAPE: 24338386.00, 24338386.00, 4919.20, 3680.18, 4.68%
Test - Best epoch, Loss, MSE, RMSE, MAE, MAPE: 22, 72422496.00, 72422498.00, 8142.13, 6050.54, 7.15%
- Epoch 023, ExpID 55666
Train - Loss: 16391343.50
Val - Loss, MSE, RMSE, MAE, MAPE: 24026168.00, 24026168.00, 4886.76, 3650.32, 4.65%
Test - Best epoch, Loss, MSE, RMSE, MAE, MAPE: 23, 70391232.00, 70391233.00, 8038.23, 5916.23, 7.01%
- Epoch 024, ExpID 55666
Train - Loss: 16385544.55
Val - Loss, MSE, RMSE, MAE, MAPE: 24049868.00, 24049869.00, 4888.04, 3650.23, 4.64%
Test - Best epoch, Loss, MSE, RMSE, MAE, MAPE: 23, 70391232.00, 70391233.00, 8038.23, 5916.23, 7.01%
- Epoch 025, ExpID 55666
Train - Loss: 16304527.20
Val - Loss, MSE, RMSE, MAE, MAPE: 23733678.00, 23733678.00, 4857.48, 3640.80, 4.65%
Test - Best epoch, Loss, MSE, RMSE, MAE, MAPE: 25, 71804696.00, 71804693.00, 8093.12, 5965.10, 7.08%
- Epoch 026, ExpID 55666
Train - Loss: 16057700.95
Val - Loss, MSE, RMSE, MAE, MAPE: 23907084.00, 23907084.00, 4874.37, 3636.73, 4.63%
Test - Best epoch, Loss, MSE, RMSE, MAE, MAPE: 25, 71804696.00, 71804693.00, 8093.12, 5965.10, 7.08%
- Epoch 027, ExpID 55666
Train - Loss: 16105849.75
Val - Loss, MSE, RMSE, MAE, MAPE: 23458266.00, 23458266.00, 4829.26, 3627.01, 4.63%
Test - Best epoch, Loss, MSE, RMSE, MAE, MAPE: 27, 70491136.00, 70491133.00, 8014.40, 5872.37, 6.97%
- Epoch 028, ExpID 55666
Train - Loss: 15862353.85
Val - Loss, MSE, RMSE, MAE, MAPE: 23390816.00, 23390816.00, 4821.32, 3610.41, 4.62%
Test - Best epoch, Loss, MSE, RMSE, MAE, MAPE: 28, 71333104.00, 71333107.00, 8065.66, 5898.67, 7.02%
- Epoch 029, ExpID 55666
Train - Loss: 15811014.70
Val - Loss, MSE, RMSE, MAE, MAPE: 23161592.00, 23161593.00, 4796.24, 3583.05, 4.57%
Test - Best epoch, Loss, MSE, RMSE, MAE, MAPE: 29, 69799768.00, 69799766.00, 7985.52, 5830.58, 6.92%
- Epoch 030, ExpID 55666
Train - Loss: 15722911.15
Val - Loss, MSE, RMSE, MAE, MAPE: 22850380.00, 22850381.00, 4765.27, 3568.97, 4.56%
Test - Best epoch, Loss, MSE, RMSE, MAE, MAPE: 30, 70095760.00, 70095757.00, 7994.96, 5818.21, 6.92%
- Epoch 031, ExpID 55666
Train - Loss: 15549223.55
Val - Loss, MSE, RMSE, MAE, MAPE: 22976022.00, 22976022.00, 4777.44, 3567.27, 4.54%
Test - Best epoch, Loss, MSE, RMSE, MAE, MAPE: 30, 70095760.00, 70095757.00, 7994.96, 5818.21, 6.92%
- Epoch 032, ExpID 55666
Train - Loss: 15655001.70
Val - Loss, MSE, RMSE, MAE, MAPE: 22792836.00, 22792837.00, 4757.93, 3570.75, 4.56%
Test - Best epoch, Loss, MSE, RMSE, MAE, MAPE: 32, 69497736.00, 69497734.00, 7967.89, 5842.38, 6.94%
- Epoch 033, ExpID 55666
Train - Loss: 15446587.75
Val - Loss, MSE, RMSE, MAE, MAPE: 22727444.00, 22727444.00, 4750.51, 3559.85, 4.56%
Test - Best epoch, Loss, MSE, RMSE, MAE, MAPE: 33, 70180256.00, 70180258.00, 7994.06, 5804.91, 6.92%
- Epoch 034, ExpID 55666
Train - Loss: 15227799.45
Val - Loss, MSE, RMSE, MAE, MAPE: 23415608.00, 23415607.00, 4823.89, 3615.58, 4.59%
Test - Best epoch, Loss, MSE, RMSE, MAE, MAPE: 33, 70180256.00, 70180258.00, 7994.06, 5804.91, 6.92%
- Epoch 035, ExpID 55666
Train - Loss: 15349549.35
Val - Loss, MSE, RMSE, MAE, MAPE: 22701180.00, 22701179.00, 4748.38, 3551.40, 4.52%
Test - Best epoch, Loss, MSE, RMSE, MAE, MAPE: 35, 69933536.00, 69933540.00, 7984.36, 5822.52, 6.91%
- Epoch 036, ExpID 55666
Train - Loss: 15127272.25
Val - Loss, MSE, RMSE, MAE, MAPE: 22356752.00, 22356753.00, 4711.50, 3524.49, 4.51%
Test - Best epoch, Loss, MSE, RMSE, MAE, MAPE: 36, 68936384.00, 68936381.00, 7926.48, 5756.43, 6.86%
- Epoch 037, ExpID 55666
Train - Loss: 15077822.10
Val - Loss, MSE, RMSE, MAE, MAPE: 22535194.00, 22535194.00, 4728.26, 3539.50, 4.52%
Test - Best epoch, Loss, MSE, RMSE, MAE, MAPE: 36, 68936384.00, 68936381.00, 7926.48, 5756.43, 6.86%
- Epoch 038, ExpID 55666
Train - Loss: 14996818.30
Val - Loss, MSE, RMSE, MAE, MAPE: 22398004.00, 22398004.00, 4713.73, 3518.85, 4.49%
Test - Best epoch, Loss, MSE, RMSE, MAE, MAPE: 36, 68936384.00, 68936381.00, 7926.48, 5756.43, 6.86%
- Epoch 039, ExpID 55666
Train - Loss: 14865171.10
Val - Loss, MSE, RMSE, MAE, MAPE: 22398428.00, 22398428.00, 4715.33, 3551.65, 4.56%
Test - Best epoch, Loss, MSE, RMSE, MAE, MAPE: 36, 68936384.00, 68936381.00, 7926.48, 5756.43, 6.86%
- Epoch 040, ExpID 55666
Train - Loss: 14859342.45
Val - Loss, MSE, RMSE, MAE, MAPE: 22311026.00, 22311026.00, 4705.16, 3544.25, 4.54%
Test - Best epoch, Loss, MSE, RMSE, MAE, MAPE: 40, 67369080.00, 67369080.00, 7837.43, 5706.29, 6.80%
- Epoch 041, ExpID 55666
Train - Loss: 14746932.35
Val - Loss, MSE, RMSE, MAE, MAPE: 22170072.00, 22170072.00, 4689.83, 3500.16, 4.47%
Test - Best epoch, Loss, MSE, RMSE, MAE, MAPE: 41, 69543768.00, 69543765.00, 7951.22, 5806.00, 6.91%
- Epoch 042, ExpID 55666
Train - Loss: 14745926.95
Val - Loss, MSE, RMSE, MAE, MAPE: 22137072.00, 22137071.00, 4684.54, 3511.61, 4.48%
Test - Best epoch, Loss, MSE, RMSE, MAE, MAPE: 42, 67700496.00, 67700495.00, 7868.85, 5750.67, 6.83%
- Epoch 043, ExpID 55666
Train - Loss: 14557681.10
Val - Loss, MSE, RMSE, MAE, MAPE: 22047554.00, 22047554.00, 4674.76, 3506.74, 4.48%
Test - Best epoch, Loss, MSE, RMSE, MAE, MAPE: 43, 67631784.00, 67631783.00, 7861.00, 5727.06, 6.81%
- Epoch 044, ExpID 55666
Train - Loss: 14484717.50
Val - Loss, MSE, RMSE, MAE, MAPE: 22248436.00, 22248435.00, 4695.65, 3528.15, 4.51%
Test - Best epoch, Loss, MSE, RMSE, MAE, MAPE: 43, 67631784.00, 67631783.00, 7861.00, 5727.06, 6.81%
- Epoch 045, ExpID 55666
Train - Loss: 14494454.60
Val - Loss, MSE, RMSE, MAE, MAPE: 21999946.00, 21999946.00, 4668.31, 3493.31, 4.46%
Test - Best epoch, Loss, MSE, RMSE, MAE, MAPE: 45, 68361656.00, 68361654.00, 7897.61, 5756.20, 6.85%
- Epoch 046, ExpID 55666
Train - Loss: 14416739.35
Val - Loss, MSE, RMSE, MAE, MAPE: 21924608.00, 21924608.00, 4660.08, 3490.52, 4.47%
Test - Best epoch, Loss, MSE, RMSE, MAE, MAPE: 46, 66721576.00, 66721577.00, 7806.48, 5672.42, 6.76%
- Epoch 047, ExpID 55666
Train - Loss: 14469102.95
Val - Loss, MSE, RMSE, MAE, MAPE: 22150082.00, 22150082.00, 4685.31, 3503.12, 4.47%
Test - Best epoch, Loss, MSE, RMSE, MAE, MAPE: 46, 66721576.00, 66721577.00, 7806.48, 5672.42, 6.76%
- Epoch 048, ExpID 55666
Train - Loss: 14275767.50
Val - Loss, MSE, RMSE, MAE, MAPE: 22017312.00, 22017311.00, 4669.61, 3481.30, 4.46%
Test - Best epoch, Loss, MSE, RMSE, MAE, MAPE: 46, 66721576.00, 66721577.00, 7806.48, 5672.42, 6.76%
- Epoch 049, ExpID 55666
Train - Loss: 14175355.30
Val - Loss, MSE, RMSE, MAE, MAPE: 21840808.00, 21840809.00, 4649.61, 3474.74, 4.44%
Test - Best epoch, Loss, MSE, RMSE, MAE, MAPE: 49, 68229360.00, 68229361.00, 7883.19, 5716.77, 6.81%
- Epoch 050, ExpID 55666
Train - Loss: 14135661.15
Val - Loss, MSE, RMSE, MAE, MAPE: 21781706.00, 21781706.00, 4642.84, 3452.11, 4.41%
Test - Best epoch, Loss, MSE, RMSE, MAE, MAPE: 50, 66846064.00, 66846062.00, 7814.98, 5656.43, 6.74%
- Epoch 051, ExpID 55666
Train - Loss: 14135579.15
Val - Loss, MSE, RMSE, MAE, MAPE: 21918376.00, 21918375.00, 4660.18, 3470.94, 4.44%
Test - Best epoch, Loss, MSE, RMSE, MAE, MAPE: 50, 66846064.00, 66846062.00, 7814.98, 5656.43, 6.74%
- Epoch 052, ExpID 55666
Train - Loss: 14021464.40
Val - Loss, MSE, RMSE, MAE, MAPE: 21621490.00, 21621490.00, 4622.99, 3450.40, 4.41%
Test - Best epoch, Loss, MSE, RMSE, MAE, MAPE: 52, 67233704.00, 67233702.00, 7830.31, 5691.61, 6.77%
- Epoch 053, ExpID 55666
Train - Loss: 13906092.10
Val - Loss, MSE, RMSE, MAE, MAPE: 21683706.00, 21683706.00, 4629.23, 3448.08, 4.41%
Test - Best epoch, Loss, MSE, RMSE, MAE, MAPE: 52, 67233704.00, 67233702.00, 7830.31, 5691.61, 6.77%
- Epoch 054, ExpID 55666
Train - Loss: 13904895.30
Val - Loss, MSE, RMSE, MAE, MAPE: 21461312.00, 21461311.00, 4604.08, 3427.17, 4.38%
Test - Best epoch, Loss, MSE, RMSE, MAE, MAPE: 54, 65903288.00, 65903287.00, 7750.64, 5587.51, 6.65%
- Epoch 055, ExpID 55666
Train - Loss: 13791332.95
Val - Loss, MSE, RMSE, MAE, MAPE: 21288902.00, 21288902.00, 4587.73, 3414.39, 4.37%
Test - Best epoch, Loss, MSE, RMSE, MAE, MAPE: 55, 64756280.00, 64756281.00, 7692.24, 5563.09, 6.62%
- Epoch 056, ExpID 55666
Train - Loss: 13791925.00
Val - Loss, MSE, RMSE, MAE, MAPE: 21597532.00, 21597533.00, 4622.68, 3437.88, 4.40%
Test - Best epoch, Loss, MSE, RMSE, MAE, MAPE: 55, 64756280.00, 64756281.00, 7692.24, 5563.09, 6.62%
- Epoch 057, ExpID 55666
Train - Loss: 13683144.35
Val - Loss, MSE, RMSE, MAE, MAPE: 21704740.00, 21704741.00, 4631.88, 3444.66, 4.40%
Test - Best epoch, Loss, MSE, RMSE, MAE, MAPE: 55, 64756280.00, 64756281.00, 7692.24, 5563.09, 6.62%
- Epoch 058, ExpID 55666
Train - Loss: 13621592.95
Val - Loss, MSE, RMSE, MAE, MAPE: 21606348.00, 21606347.00, 4620.57, 3445.78, 4.41%
Test - Best epoch, Loss, MSE, RMSE, MAE, MAPE: 55, 64756280.00, 64756281.00, 7692.24, 5563.09, 6.62%
- Epoch 059, ExpID 55666
Train - Loss: 13708722.90
Val - Loss, MSE, RMSE, MAE, MAPE: 21418594.00, 21418593.50, 4598.42, 3410.29, 4.36%
Test - Best epoch, Loss, MSE, RMSE, MAE, MAPE: 55, 64756280.00, 64756281.00, 7692.24, 5563.09, 6.62%
- Epoch 060, ExpID 55666
Train - Loss: 13501904.40
Val - Loss, MSE, RMSE, MAE, MAPE: 21497290.00, 21497290.00, 4608.78, 3417.87, 4.35%
Test - Best epoch, Loss, MSE, RMSE, MAE, MAPE: 55, 64756280.00, 64756281.00, 7692.24, 5563.09, 6.62%
- Epoch 061, ExpID 55666
Train - Loss: 13492787.85
Val - Loss, MSE, RMSE, MAE, MAPE: 21419920.00, 21419921.00, 4600.61, 3408.60, 4.35%
Test - Best epoch, Loss, MSE, RMSE, MAE, MAPE: 55, 64756280.00, 64756281.00, 7692.24, 5563.09, 6.62%
- Epoch 062, ExpID 55666
Train - Loss: 13364446.25
Val - Loss, MSE, RMSE, MAE, MAPE: 21324252.00, 21324251.50, 4585.76, 3396.74, 4.35%
Test - Best epoch, Loss, MSE, RMSE, MAE, MAPE: 55, 64756280.00, 64756281.00, 7692.24, 5563.09, 6.62%
- Epoch 063, ExpID 55666
Train - Loss: 13341911.50
Val - Loss, MSE, RMSE, MAE, MAPE: 21152054.00, 21152054.00, 4568.26, 3397.38, 4.34%
Test - Best epoch, Loss, MSE, RMSE, MAE, MAPE: 63, 65943848.00, 65943850.00, 7756.19, 5606.08, 6.68%
- Epoch 064, ExpID 55666
Train - Loss: 13407386.80
Val - Loss, MSE, RMSE, MAE, MAPE: 21310874.00, 21310874.00, 4586.70, 3413.52, 4.36%
Test - Best epoch, Loss, MSE, RMSE, MAE, MAPE: 63, 65943848.00, 65943850.00, 7756.19, 5606.08, 6.68%
- Epoch 065, ExpID 55666
Train - Loss: 13326695.75
Val - Loss, MSE, RMSE, MAE, MAPE: 20911940.00, 20911940.50, 4542.97, 3361.49, 4.31%
Test - Best epoch, Loss, MSE, RMSE, MAE, MAPE: 65, 65559884.00, 65559883.00, 7737.97, 5586.87, 6.67%
- Epoch 066, ExpID 55666
Train - Loss: 13221460.85
Val - Loss, MSE, RMSE, MAE, MAPE: 21152790.00, 21152790.50, 4569.67, 3392.24, 4.34%
Test - Best epoch, Loss, MSE, RMSE, MAE, MAPE: 65, 65559884.00, 65559883.00, 7737.97, 5586.87, 6.67%
- Epoch 067, ExpID 55666
Train - Loss: 13181894.75
Val - Loss, MSE, RMSE, MAE, MAPE: 20875020.00, 20875020.50, 4536.34, 3363.05, 4.30%
Test - Best epoch, Loss, MSE, RMSE, MAE, MAPE: 67, 64864512.00, 64864511.00, 7700.58, 5559.95, 6.61%
- Epoch 068, ExpID 55666
Train - Loss: 13140465.40
Val - Loss, MSE, RMSE, MAE, MAPE: 21141006.00, 21141006.50, 4566.32, 3393.13, 4.34%
Test - Best epoch, Loss, MSE, RMSE, MAE, MAPE: 67, 64864512.00, 64864511.00, 7700.58, 5559.95, 6.61%
- Epoch 069, ExpID 55666
Train - Loss: 13106638.75
Val - Loss, MSE, RMSE, MAE, MAPE: 20908182.00, 20908182.50, 4542.03, 3366.72, 4.30%
Test - Best epoch, Loss, MSE, RMSE, MAE, MAPE: 67, 64864512.00, 64864511.00, 7700.58, 5559.95, 6.61%
- Epoch 070, ExpID 55666
Train - Loss: 13050193.75
Val - Loss, MSE, RMSE, MAE, MAPE: 21072536.00, 21072535.00, 4557.69, 3382.27, 4.34%
Test - Best epoch, Loss, MSE, RMSE, MAE, MAPE: 67, 64864512.00, 64864511.00, 7700.58, 5559.95, 6.61%
- Epoch 071, ExpID 55666
Train - Loss: 13009449.65
Val - Loss, MSE, RMSE, MAE, MAPE: 20943094.00, 20943094.00, 4543.40, 3359.44, 4.29%
Test - Best epoch, Loss, MSE, RMSE, MAE, MAPE: 67, 64864512.00, 64864511.00, 7700.58, 5559.95, 6.61%
- Epoch 072, ExpID 55666
Train - Loss: 12971898.20
Val - Loss, MSE, RMSE, MAE, MAPE: 20742616.00, 20742615.50, 4519.06, 3345.59, 4.29%
Test - Best epoch, Loss, MSE, RMSE, MAE, MAPE: 72, 65037528.00, 65037527.00, 7700.25, 5570.47, 6.64%
- Epoch 073, ExpID 55666
Train - Loss: 12940766.55
Val - Loss, MSE, RMSE, MAE, MAPE: 21031734.00, 21031733.50, 4551.84, 3365.01, 4.31%
Test - Best epoch, Loss, MSE, RMSE, MAE, MAPE: 72, 65037528.00, 65037527.00, 7700.25, 5570.47, 6.64%
- Epoch 074, ExpID 55666
Train - Loss: 12954168.90
Val - Loss, MSE, RMSE, MAE, MAPE: 20871934.00, 20871934.50, 4532.80, 3361.68, 4.30%
Test - Best epoch, Loss, MSE, RMSE, MAE, MAPE: 72, 65037528.00, 65037527.00, 7700.25, 5570.47, 6.64%
- Epoch 075, ExpID 55666
Train - Loss: 12856547.85
Val - Loss, MSE, RMSE, MAE, MAPE: 20519004.00, 20519004.50, 4490.31, 3306.88, 4.24%
Test - Best epoch, Loss, MSE, RMSE, MAE, MAPE: 75, 64103168.00, 64103166.00, 7652.88, 5533.96, 6.59%
- Epoch 076, ExpID 55666
Train - Loss: 12766574.10
Val - Loss, MSE, RMSE, MAE, MAPE: 20924938.00, 20924938.50, 4535.09, 3364.31, 4.30%
Test - Best epoch, Loss, MSE, RMSE, MAE, MAPE: 75, 64103168.00, 64103166.00, 7652.88, 5533.96, 6.59%
- Epoch 077, ExpID 55666
Train - Loss: 12663086.65
Val - Loss, MSE, RMSE, MAE, MAPE: 20582764.00, 20582764.00, 4501.08, 3321.37, 4.24%
Test - Best epoch, Loss, MSE, RMSE, MAE, MAPE: 75, 64103168.00, 64103166.00, 7652.88, 5533.96, 6.59%
- Epoch 078, ExpID 55666
Train - Loss: 12705597.30
Val - Loss, MSE, RMSE, MAE, MAPE: 20757412.00, 20757411.00, 4515.72, 3351.47, 4.29%
Test - Best epoch, Loss, MSE, RMSE, MAE, MAPE: 75, 64103168.00, 64103166.00, 7652.88, 5533.96, 6.59%
- Epoch 079, ExpID 55666
Train - Loss: 12717936.70
Val - Loss, MSE, RMSE, MAE, MAPE: 20358930.00, 20358929.50, 4470.97, 3304.05, 4.23%
Test - Best epoch, Loss, MSE, RMSE, MAE, MAPE: 79, 65626024.00, 65626026.00, 7729.19, 5589.06, 6.65%
- Epoch 080, ExpID 55666
Train - Loss: 12692773.20
Val - Loss, MSE, RMSE, MAE, MAPE: 20568852.00, 20568852.50, 4496.87, 3312.58, 4.23%
Test - Best epoch, Loss, MSE, RMSE, MAE, MAPE: 79, 65626024.00, 65626026.00, 7729.19, 5589.06, 6.65%
- Epoch 081, ExpID 55666
Train - Loss: 12634137.00
Val - Loss, MSE, RMSE, MAE, MAPE: 20441484.00, 20441484.00, 4484.21, 3295.39, 4.22%
Test - Best epoch, Loss, MSE, RMSE, MAE, MAPE: 79, 65626024.00, 65626026.00, 7729.19, 5589.06, 6.65%
- Epoch 082, ExpID 55666
Train - Loss: 12507775.60
Val - Loss, MSE, RMSE, MAE, MAPE: 20669562.00, 20669561.50, 4509.47, 3341.16, 4.26%
Test - Best epoch, Loss, MSE, RMSE, MAE, MAPE: 79, 65626024.00, 65626026.00, 7729.19, 5589.06, 6.65%
- Epoch 083, ExpID 55666
Train - Loss: 12559489.35
Val - Loss, MSE, RMSE, MAE, MAPE: 20681894.00, 20681894.50, 4506.15, 3343.26, 4.26%
Test - Best epoch, Loss, MSE, RMSE, MAE, MAPE: 79, 65626024.00, 65626026.00, 7729.19, 5589.06, 6.65%
- Epoch 084, ExpID 55666
Train - Loss: 12408108.10
Val - Loss, MSE, RMSE, MAE, MAPE: 20597316.00, 20597317.00, 4495.77, 3322.91, 4.25%
Test - Best epoch, Loss, MSE, RMSE, MAE, MAPE: 79, 65626024.00, 65626026.00, 7729.19, 5589.06, 6.65%
- Epoch 085, ExpID 55666
Train - Loss: 12464851.85
Val - Loss, MSE, RMSE, MAE, MAPE: 20784616.00, 20784615.00, 4519.16, 3330.62, 4.27%
Test - Best epoch, Loss, MSE, RMSE, MAE, MAPE: 79, 65626024.00, 65626026.00, 7729.19, 5589.06, 6.65%
- Epoch 086, ExpID 55666
Train - Loss: 12394307.80
Val - Loss, MSE, RMSE, MAE, MAPE: 20512380.00, 20512380.00, 4489.77, 3316.58, 4.24%
Test - Best epoch, Loss, MSE, RMSE, MAE, MAPE: 79, 65626024.00, 65626026.00, 7729.19, 5589.06, 6.65%
- Epoch 087, ExpID 55666
Train - Loss: 12348670.60
Val - Loss, MSE, RMSE, MAE, MAPE: 20664876.00, 20664875.50, 4508.12, 3325.51, 4.26%
Test - Best epoch, Loss, MSE, RMSE, MAE, MAPE: 79, 65626024.00, 65626026.00, 7729.19, 5589.06, 6.65%
- Epoch 088, ExpID 55666
Train - Loss: 12208626.65
Val - Loss, MSE, RMSE, MAE, MAPE: 20414366.00, 20414366.50, 4478.81, 3290.58, 4.20%
Test - Best epoch, Loss, MSE, RMSE, MAE, MAPE: 79, 65626024.00, 65626026.00, 7729.19, 5589.06, 6.65%
- Epoch 089, ExpID 55666
Train - Loss: 12252012.95
Val - Loss, MSE, RMSE, MAE, MAPE: 20614492.00, 20614492.50, 4497.22, 3326.88, 4.27%
Test - Best epoch, Loss, MSE, RMSE, MAE, MAPE: 79, 65626024.00, 65626026.00, 7729.19, 5589.06, 6.65%
Early Stopping at Epoch 89
Fold 2017 Best RMSE: 7729.1914

-------------------- [Fold: 2018] ExpID: 43486 --------------------
- Epoch 000, ExpID 43486
Train - Loss: 30699816.73
Val - Loss, MSE, RMSE, MAE, MAPE: 84624496.00, 84624494.00, 9020.56, 6731.55, 8.00%
Test - Best epoch, Loss, MSE, RMSE, MAE, MAPE: 0, 45867092.00, 45867092.00, 6769.57, 5198.33, 5.65%
- Epoch 001, ExpID 43486
Train - Loss: 24661185.73
Val - Loss, MSE, RMSE, MAE, MAPE: 82624128.00, 82624128.00, 8858.16, 6623.31, 7.87%
Test - Best epoch, Loss, MSE, RMSE, MAE, MAPE: 1, 42061608.00, 42061608.00, 6478.76, 4878.13, 5.30%
- Epoch 002, ExpID 43486
Train - Loss: 23158655.55
Val - Loss, MSE, RMSE, MAE, MAPE: 83171928.00, 83171928.00, 8847.62, 6714.32, 7.93%
Test - Best epoch, Loss, MSE, RMSE, MAE, MAPE: 1, 42061608.00, 42061608.00, 6478.76, 4878.13, 5.30%
- Epoch 003, ExpID 43486
Train - Loss: 22339176.27
Val - Loss, MSE, RMSE, MAE, MAPE: 80491792.00, 80491796.00, 8701.25, 6587.13, 7.81%
Test - Best epoch, Loss, MSE, RMSE, MAE, MAPE: 3, 39155504.00, 39155506.00, 6250.44, 4716.42, 5.12%
- Epoch 004, ExpID 43486
Train - Loss: 21978682.09
Val - Loss, MSE, RMSE, MAE, MAPE: 80295200.00, 80295200.00, 8689.63, 6617.79, 7.79%
Test - Best epoch, Loss, MSE, RMSE, MAE, MAPE: 4, 39791640.00, 39791638.00, 6298.74, 4775.54, 5.14%
- Epoch 005, ExpID 43486
Train - Loss: 21582572.91
Val - Loss, MSE, RMSE, MAE, MAPE: 77810672.00, 77810670.00, 8556.89, 6470.75, 7.71%
Test - Best epoch, Loss, MSE, RMSE, MAE, MAPE: 5, 37484332.00, 37484332.00, 6116.97, 4593.03, 5.02%
- Epoch 006, ExpID 43486
Train - Loss: 21272622.09
Val - Loss, MSE, RMSE, MAE, MAPE: 77874064.00, 77874064.00, 8557.45, 6492.93, 7.67%
Test - Best epoch, Loss, MSE, RMSE, MAE, MAPE: 5, 37484332.00, 37484332.00, 6116.97, 4593.03, 5.02%
- Epoch 007, ExpID 43486
Train - Loss: 20938520.36
Val - Loss, MSE, RMSE, MAE, MAPE: 75342352.00, 75342350.00, 8413.90, 6330.61, 7.51%
Test - Best epoch, Loss, MSE, RMSE, MAE, MAPE: 7, 36183916.00, 36183917.00, 6009.04, 4518.76, 4.92%
- Epoch 008, ExpID 43486
Train - Loss: 20761365.45
Val - Loss, MSE, RMSE, MAE, MAPE: 74699360.00, 74699360.00, 8373.84, 6342.72, 7.48%
Test - Best epoch, Loss, MSE, RMSE, MAE, MAPE: 8, 36312104.00, 36312104.00, 6017.60, 4547.00, 4.92%
- Epoch 009, ExpID 43486
Train - Loss: 20276927.73
Val - Loss, MSE, RMSE, MAE, MAPE: 73719904.00, 73719908.00, 8307.57, 6262.73, 7.39%
Test - Best epoch, Loss, MSE, RMSE, MAE, MAPE: 9, 35812376.00, 35812376.00, 5975.27, 4511.88, 4.89%
- Epoch 010, ExpID 43486
Train - Loss: 19998998.45
Val - Loss, MSE, RMSE, MAE, MAPE: 78239264.00, 78239266.00, 8524.57, 6481.79, 7.61%
Test - Best epoch, Loss, MSE, RMSE, MAE, MAPE: 9, 35812376.00, 35812376.00, 5975.27, 4511.88, 4.89%
- Epoch 011, ExpID 43486
Train - Loss: 19764230.91
Val - Loss, MSE, RMSE, MAE, MAPE: 73204352.00, 73204354.00, 8255.15, 6207.25, 7.35%
Test - Best epoch, Loss, MSE, RMSE, MAE, MAPE: 11, 34401236.00, 34401236.00, 5855.93, 4392.23, 4.77%
- Epoch 012, ExpID 43486
Train - Loss: 19375568.64
Val - Loss, MSE, RMSE, MAE, MAPE: 76746032.00, 76746034.00, 8428.24, 6397.88, 7.50%
Test - Best epoch, Loss, MSE, RMSE, MAE, MAPE: 11, 34401236.00, 34401236.00, 5855.93, 4392.23, 4.77%
- Epoch 013, ExpID 43486
Train - Loss: 19469149.73
Val - Loss, MSE, RMSE, MAE, MAPE: 72494104.00, 72494104.00, 8216.40, 6159.04, 7.30%
Test - Best epoch, Loss, MSE, RMSE, MAE, MAPE: 13, 33780532.00, 33780532.00, 5803.02, 4363.09, 4.75%
- Epoch 014, ExpID 43486
Train - Loss: 18877919.55
Val - Loss, MSE, RMSE, MAE, MAPE: 71435648.00, 71435644.00, 8154.58, 6104.04, 7.21%
Test - Best epoch, Loss, MSE, RMSE, MAE, MAPE: 14, 33933932.00, 33933931.00, 5815.03, 4381.15, 4.74%
- Epoch 015, ExpID 43486
Train - Loss: 18821789.45
Val - Loss, MSE, RMSE, MAE, MAPE: 71212656.00, 71212660.00, 8125.83, 6079.20, 7.19%
Test - Best epoch, Loss, MSE, RMSE, MAE, MAPE: 15, 33711160.00, 33711158.00, 5794.90, 4364.89, 4.73%
- Epoch 016, ExpID 43486
Train - Loss: 18618820.68
Val - Loss, MSE, RMSE, MAE, MAPE: 69717120.00, 69717120.00, 8044.11, 6018.24, 7.12%
Test - Best epoch, Loss, MSE, RMSE, MAE, MAPE: 16, 33483592.00, 33483593.00, 5776.82, 4361.49, 4.73%
- Epoch 017, ExpID 43486
Train - Loss: 18169440.86
Val - Loss, MSE, RMSE, MAE, MAPE: 70963480.00, 70963480.00, 8112.47, 6088.88, 7.20%
Test - Best epoch, Loss, MSE, RMSE, MAE, MAPE: 16, 33483592.00, 33483593.00, 5776.82, 4361.49, 4.73%
- Epoch 018, ExpID 43486
Train - Loss: 17936525.86
Val - Loss, MSE, RMSE, MAE, MAPE: 70420736.00, 70420732.00, 8061.09, 6005.28, 7.11%
Test - Best epoch, Loss, MSE, RMSE, MAE, MAPE: 16, 33483592.00, 33483593.00, 5776.82, 4361.49, 4.73%
- Epoch 019, ExpID 43486
Train - Loss: 17818877.50
Val - Loss, MSE, RMSE, MAE, MAPE: 68430200.00, 68430202.00, 7962.55, 5909.92, 7.00%
Test - Best epoch, Loss, MSE, RMSE, MAE, MAPE: 19, 33102508.00, 33102508.00, 5743.69, 4319.19, 4.68%
- Epoch 020, ExpID 43486
Train - Loss: 17723969.50
Val - Loss, MSE, RMSE, MAE, MAPE: 70607784.00, 70607783.00, 8074.17, 6028.23, 7.10%
Test - Best epoch, Loss, MSE, RMSE, MAE, MAPE: 19, 33102508.00, 33102508.00, 5743.69, 4319.19, 4.68%
- Epoch 021, ExpID 43486
Train - Loss: 17633621.95
Val - Loss, MSE, RMSE, MAE, MAPE: 69767104.00, 69767108.00, 8032.01, 5940.87, 7.07%
Test - Best epoch, Loss, MSE, RMSE, MAE, MAPE: 19, 33102508.00, 33102508.00, 5743.69, 4319.19, 4.68%
- Epoch 022, ExpID 43486
Train - Loss: 17582942.50
Val - Loss, MSE, RMSE, MAE, MAPE: 69102560.00, 69102557.00, 7991.66, 5910.57, 7.02%
Test - Best epoch, Loss, MSE, RMSE, MAE, MAPE: 19, 33102508.00, 33102508.00, 5743.69, 4319.19, 4.68%
- Epoch 023, ExpID 43486
Train - Loss: 17535786.05
Val - Loss, MSE, RMSE, MAE, MAPE: 67296160.00, 67296158.00, 7883.07, 5770.69, 6.86%
Test - Best epoch, Loss, MSE, RMSE, MAE, MAPE: 23, 32666332.00, 32666333.00, 5708.29, 4274.19, 4.64%
- Epoch 024, ExpID 43486
Train - Loss: 17265337.36
Val - Loss, MSE, RMSE, MAE, MAPE: 67976936.00, 67976939.00, 7910.12, 5824.34, 6.91%
Test - Best epoch, Loss, MSE, RMSE, MAE, MAPE: 23, 32666332.00, 32666333.00, 5708.29, 4274.19, 4.64%
- Epoch 025, ExpID 43486
Train - Loss: 17276415.05
Val - Loss, MSE, RMSE, MAE, MAPE: 67859088.00, 67859089.00, 7910.22, 5837.62, 6.92%
Test - Best epoch, Loss, MSE, RMSE, MAE, MAPE: 23, 32666332.00, 32666333.00, 5708.29, 4274.19, 4.64%
- Epoch 026, ExpID 43486
Train - Loss: 17205745.86
Val - Loss, MSE, RMSE, MAE, MAPE: 68167968.00, 68167970.00, 7917.01, 5826.40, 6.89%
Test - Best epoch, Loss, MSE, RMSE, MAE, MAPE: 23, 32666332.00, 32666333.00, 5708.29, 4274.19, 4.64%
- Epoch 027, ExpID 43486
Train - Loss: 17192376.82
Val - Loss, MSE, RMSE, MAE, MAPE: 67906088.00, 67906085.00, 7916.11, 5840.60, 6.93%
Test - Best epoch, Loss, MSE, RMSE, MAE, MAPE: 23, 32666332.00, 32666333.00, 5708.29, 4274.19, 4.64%
- Epoch 028, ExpID 43486
Train - Loss: 16888447.50
Val - Loss, MSE, RMSE, MAE, MAPE: 69612136.00, 69612138.00, 7998.45, 5911.29, 7.00%
Test - Best epoch, Loss, MSE, RMSE, MAE, MAPE: 23, 32666332.00, 32666333.00, 5708.29, 4274.19, 4.64%
- Epoch 029, ExpID 43486
Train - Loss: 16754038.82
Val - Loss, MSE, RMSE, MAE, MAPE: 66957448.00, 66957449.00, 7848.43, 5743.90, 6.84%
Test - Best epoch, Loss, MSE, RMSE, MAE, MAPE: 29, 32889090.00, 32889090.00, 5727.81, 4291.04, 4.65%
- Epoch 030, ExpID 43486
Train - Loss: 16618144.23
Val - Loss, MSE, RMSE, MAE, MAPE: 66566208.00, 66566208.00, 7840.52, 5718.03, 6.83%
Test - Best epoch, Loss, MSE, RMSE, MAE, MAPE: 30, 32649888.00, 32649888.00, 5709.31, 4249.89, 4.62%
- Epoch 031, ExpID 43486
Train - Loss: 16483360.91
Val - Loss, MSE, RMSE, MAE, MAPE: 67915720.00, 67915723.00, 7900.58, 5804.43, 6.91%
Test - Best epoch, Loss, MSE, RMSE, MAE, MAPE: 30, 32649888.00, 32649888.00, 5709.31, 4249.89, 4.62%
- Epoch 032, ExpID 43486
Train - Loss: 16483513.64
Val - Loss, MSE, RMSE, MAE, MAPE: 68981952.00, 68981948.00, 7961.18, 5878.67, 6.98%
Test - Best epoch, Loss, MSE, RMSE, MAE, MAPE: 30, 32649888.00, 32649888.00, 5709.31, 4249.89, 4.62%
- Epoch 033, ExpID 43486
Train - Loss: 16247157.68
Val - Loss, MSE, RMSE, MAE, MAPE: 68519520.00, 68519522.00, 7930.57, 5855.21, 6.94%
Test - Best epoch, Loss, MSE, RMSE, MAE, MAPE: 30, 32649888.00, 32649888.00, 5709.31, 4249.89, 4.62%
- Epoch 034, ExpID 43486
Train - Loss: 16321109.45
Val - Loss, MSE, RMSE, MAE, MAPE: 67333120.00, 67333118.00, 7860.80, 5780.07, 6.87%
Test - Best epoch, Loss, MSE, RMSE, MAE, MAPE: 30, 32649888.00, 32649888.00, 5709.31, 4249.89, 4.62%
- Epoch 035, ExpID 43486
Train - Loss: 16092685.82
Val - Loss, MSE, RMSE, MAE, MAPE: 68996240.00, 68996237.00, 7955.08, 5877.17, 7.00%
Test - Best epoch, Loss, MSE, RMSE, MAE, MAPE: 30, 32649888.00, 32649888.00, 5709.31, 4249.89, 4.62%
- Epoch 036, ExpID 43486
Train - Loss: 15925188.64
Val - Loss, MSE, RMSE, MAE, MAPE: 67918296.00, 67918299.00, 7904.25, 5823.25, 6.94%
Test - Best epoch, Loss, MSE, RMSE, MAE, MAPE: 30, 32649888.00, 32649888.00, 5709.31, 4249.89, 4.62%
- Epoch 037, ExpID 43486
Train - Loss: 15889870.68
Val - Loss, MSE, RMSE, MAE, MAPE: 68353296.00, 68353293.00, 7912.40, 5801.42, 6.93%
Test - Best epoch, Loss, MSE, RMSE, MAE, MAPE: 30, 32649888.00, 32649888.00, 5709.31, 4249.89, 4.62%
- Epoch 038, ExpID 43486
Train - Loss: 15931455.77
Val - Loss, MSE, RMSE, MAE, MAPE: 68764656.00, 68764660.00, 7931.66, 5838.57, 6.94%
Test - Best epoch, Loss, MSE, RMSE, MAE, MAPE: 30, 32649888.00, 32649888.00, 5709.31, 4249.89, 4.62%
- Epoch 039, ExpID 43486
Train - Loss: 15594448.05
Val - Loss, MSE, RMSE, MAE, MAPE: 67931648.00, 67931649.00, 7891.64, 5776.41, 6.89%
Test - Best epoch, Loss, MSE, RMSE, MAE, MAPE: 30, 32649888.00, 32649888.00, 5709.31, 4249.89, 4.62%
- Epoch 040, ExpID 43486
Train - Loss: 15588194.86
Val - Loss, MSE, RMSE, MAE, MAPE: 68475376.00, 68475377.00, 7911.24, 5823.32, 6.91%
Test - Best epoch, Loss, MSE, RMSE, MAE, MAPE: 30, 32649888.00, 32649888.00, 5709.31, 4249.89, 4.62%
Early Stopping at Epoch 40
Fold 2018 Best RMSE: 5709.3103

-------------------- [Fold: 2019] ExpID: 36457 --------------------
- Epoch 000, ExpID 36457
Train - Loss: 35600845.48
Val - Loss, MSE, RMSE, MAE, MAPE: 46092472.00, 46092474.00, 6786.75, 5238.42, 5.68%
Test - Best epoch, Loss, MSE, RMSE, MAE, MAPE: 0, 46383384.00, 46383385.00, 6700.12, 5148.04, 5.40%
- Epoch 001, ExpID 36457
Train - Loss: 27915873.57
Val - Loss, MSE, RMSE, MAE, MAPE: 41668084.00, 41668084.00, 6450.17, 4904.54, 5.32%
Test - Best epoch, Loss, MSE, RMSE, MAE, MAPE: 1, 40933024.00, 40933025.00, 6273.97, 4752.29, 4.98%
- Epoch 002, ExpID 36457
Train - Loss: 25937306.52
Val - Loss, MSE, RMSE, MAE, MAPE: 40178944.00, 40178942.00, 6332.81, 4819.26, 5.24%
Test - Best epoch, Loss, MSE, RMSE, MAE, MAPE: 2, 39591616.00, 39591614.00, 6164.16, 4674.10, 4.91%
- Epoch 003, ExpID 36457
Train - Loss: 25093643.39
Val - Loss, MSE, RMSE, MAE, MAPE: 39318640.00, 39318640.00, 6263.53, 4754.53, 5.17%
Test - Best epoch, Loss, MSE, RMSE, MAE, MAPE: 3, 38745984.00, 38745982.00, 6096.23, 4623.78, 4.86%
- Epoch 004, ExpID 36457
Train - Loss: 24278876.87
Val - Loss, MSE, RMSE, MAE, MAPE: 38538176.00, 38538174.00, 6199.62, 4697.86, 5.09%
Test - Best epoch, Loss, MSE, RMSE, MAE, MAPE: 4, 37853728.00, 37853728.00, 6031.57, 4575.31, 4.79%
- Epoch 005, ExpID 36457
Train - Loss: 23778510.43
Val - Loss, MSE, RMSE, MAE, MAPE: 37600056.00, 37600054.00, 6124.16, 4630.72, 5.04%
Test - Best epoch, Loss, MSE, RMSE, MAE, MAPE: 5, 37245680.00, 37245679.00, 5977.63, 4542.14, 4.78%
- Epoch 006, ExpID 36457
Train - Loss: 23437527.04
Val - Loss, MSE, RMSE, MAE, MAPE: 37130696.00, 37130694.00, 6084.90, 4599.40, 4.99%
Test - Best epoch, Loss, MSE, RMSE, MAE, MAPE: 6, 36687812.00, 36687813.00, 5941.43, 4514.95, 4.73%
- Epoch 007, ExpID 36457
Train - Loss: 23050520.17
Val - Loss, MSE, RMSE, MAE, MAPE: 36312188.00, 36312189.00, 6019.33, 4526.78, 4.93%
Test - Best epoch, Loss, MSE, RMSE, MAE, MAPE: 7, 35932660.00, 35932659.00, 5876.22, 4460.66, 4.69%
- Epoch 008, ExpID 36457
Train - Loss: 22789521.22
Val - Loss, MSE, RMSE, MAE, MAPE: 35883164.00, 35883164.00, 5983.69, 4504.52, 4.90%
Test - Best epoch, Loss, MSE, RMSE, MAE, MAPE: 8, 35387304.00, 35387306.00, 5832.30, 4433.20, 4.66%
- Epoch 009, ExpID 36457
Train - Loss: 22368801.30
Val - Loss, MSE, RMSE, MAE, MAPE: 35707092.00, 35707092.00, 5967.43, 4486.49, 4.88%
Test - Best epoch, Loss, MSE, RMSE, MAE, MAPE: 9, 35428944.00, 35428945.00, 5846.77, 4444.68, 4.67%
- Epoch 010, ExpID 36457
Train - Loss: 22027896.26
Val - Loss, MSE, RMSE, MAE, MAPE: 35587032.00, 35587034.00, 5954.99, 4484.23, 4.86%
Test - Best epoch, Loss, MSE, RMSE, MAE, MAPE: 10, 35212784.00, 35212785.00, 5844.53, 4433.07, 4.64%
- Epoch 011, ExpID 36457
Train - Loss: 21878169.39
Val - Loss, MSE, RMSE, MAE, MAPE: 35636148.00, 35636148.00, 5961.46, 4498.18, 4.88%
Test - Best epoch, Loss, MSE, RMSE, MAE, MAPE: 10, 35212784.00, 35212785.00, 5844.53, 4433.07, 4.64%
- Epoch 012, ExpID 36457
Train - Loss: 21654499.22
Val - Loss, MSE, RMSE, MAE, MAPE: 34805096.00, 34805096.00, 5891.60, 4420.19, 4.80%
Test - Best epoch, Loss, MSE, RMSE, MAE, MAPE: 12, 34142624.00, 34142624.00, 5743.99, 4362.68, 4.57%
- Epoch 013, ExpID 36457
Train - Loss: 21473288.26
Val - Loss, MSE, RMSE, MAE, MAPE: 34566944.00, 34566943.00, 5873.54, 4400.12, 4.80%
Test - Best epoch, Loss, MSE, RMSE, MAE, MAPE: 13, 34408300.00, 34408301.00, 5766.63, 4395.55, 4.64%
- Epoch 014, ExpID 36457
Train - Loss: 21295516.17
Val - Loss, MSE, RMSE, MAE, MAPE: 34996036.00, 34996037.00, 5909.84, 4440.11, 4.81%
Test - Best epoch, Loss, MSE, RMSE, MAE, MAPE: 13, 34408300.00, 34408301.00, 5766.63, 4395.55, 4.64%
- Epoch 015, ExpID 36457
Train - Loss: 21006428.26
Val - Loss, MSE, RMSE, MAE, MAPE: 34169868.00, 34169869.00, 5838.99, 4386.94, 4.78%
Test - Best epoch, Loss, MSE, RMSE, MAE, MAPE: 15, 34134960.00, 34134958.00, 5750.74, 4389.56, 4.63%
- Epoch 016, ExpID 36457
Train - Loss: 20782001.22
Val - Loss, MSE, RMSE, MAE, MAPE: 33740180.00, 33740181.00, 5802.18, 4340.60, 4.73%
Test - Best epoch, Loss, MSE, RMSE, MAE, MAPE: 16, 33560572.00, 33560571.00, 5697.71, 4345.33, 4.58%
- Epoch 017, ExpID 36457
Train - Loss: 20540456.09
Val - Loss, MSE, RMSE, MAE, MAPE: 34044904.00, 34044905.00, 5826.32, 4363.00, 4.73%
Test - Best epoch, Loss, MSE, RMSE, MAE, MAPE: 16, 33560572.00, 33560571.00, 5697.71, 4345.33, 4.58%
- Epoch 018, ExpID 36457
Train - Loss: 20309122.09
Val - Loss, MSE, RMSE, MAE, MAPE: 33571556.00, 33571557.00, 5787.03, 4334.40, 4.72%
Test - Best epoch, Loss, MSE, RMSE, MAE, MAPE: 18, 33008164.00, 33008165.00, 5652.39, 4311.27, 4.53%
- Epoch 019, ExpID 36457
Train - Loss: 20184413.91
Val - Loss, MSE, RMSE, MAE, MAPE: 33106104.00, 33106104.00, 5747.29, 4288.88, 4.67%
Test - Best epoch, Loss, MSE, RMSE, MAE, MAPE: 19, 32643072.00, 32643071.00, 5615.37, 4293.24, 4.52%
- Epoch 020, ExpID 36457
Train - Loss: 19845214.43
Val - Loss, MSE, RMSE, MAE, MAPE: 33121288.00, 33121287.00, 5746.27, 4287.68, 4.66%
Test - Best epoch, Loss, MSE, RMSE, MAE, MAPE: 19, 32643072.00, 32643071.00, 5615.37, 4293.24, 4.52%
- Epoch 021, ExpID 36457
Train - Loss: 19760170.87
Val - Loss, MSE, RMSE, MAE, MAPE: 33252144.00, 33252144.00, 5755.95, 4302.33, 4.66%
Test - Best epoch, Loss, MSE, RMSE, MAE, MAPE: 19, 32643072.00, 32643071.00, 5615.37, 4293.24, 4.52%
- Epoch 022, ExpID 36457
Train - Loss: 19968291.57
Val - Loss, MSE, RMSE, MAE, MAPE: 33026288.00, 33026289.00, 5742.11, 4282.40, 4.68%
Test - Best epoch, Loss, MSE, RMSE, MAE, MAPE: 22, 32758288.00, 32758288.00, 5623.93, 4296.79, 4.54%
- Epoch 023, ExpID 36457
Train - Loss: 19445594.70
Val - Loss, MSE, RMSE, MAE, MAPE: 32757568.00, 32757569.00, 5715.98, 4265.40, 4.65%
Test - Best epoch, Loss, MSE, RMSE, MAE, MAPE: 23, 31968944.00, 31968944.00, 5555.96, 4242.59, 4.47%
- Epoch 024, ExpID 36457
Train - Loss: 19080252.30
Val - Loss, MSE, RMSE, MAE, MAPE: 32728068.00, 32728068.00, 5715.39, 4250.79, 4.64%
Test - Best epoch, Loss, MSE, RMSE, MAE, MAPE: 24, 31593770.00, 31593770.00, 5518.58, 4219.21, 4.45%
- Epoch 025, ExpID 36457
Train - Loss: 19118828.96
Val - Loss, MSE, RMSE, MAE, MAPE: 32890174.00, 32890174.00, 5725.59, 4264.54, 4.64%
Test - Best epoch, Loss, MSE, RMSE, MAE, MAPE: 24, 31593770.00, 31593770.00, 5518.58, 4219.21, 4.45%
- Epoch 026, ExpID 36457
Train - Loss: 18963343.22
Val - Loss, MSE, RMSE, MAE, MAPE: 32881394.00, 32881394.00, 5727.65, 4276.09, 4.66%
Test - Best epoch, Loss, MSE, RMSE, MAE, MAPE: 24, 31593770.00, 31593770.00, 5518.58, 4219.21, 4.45%
- Epoch 027, ExpID 36457
Train - Loss: 18768413.30
Val - Loss, MSE, RMSE, MAE, MAPE: 32641906.00, 32641906.00, 5704.80, 4255.83, 4.63%
Test - Best epoch, Loss, MSE, RMSE, MAE, MAPE: 27, 30629384.00, 30629385.00, 5443.23, 4145.59, 4.36%
- Epoch 028, ExpID 36457
Train - Loss: 18729302.96
Val - Loss, MSE, RMSE, MAE, MAPE: 32595180.00, 32595179.00, 5701.54, 4259.02, 4.63%
Test - Best epoch, Loss, MSE, RMSE, MAE, MAPE: 28, 30536672.00, 30536672.00, 5426.58, 4126.75, 4.33%
- Epoch 029, ExpID 36457
Train - Loss: 18637037.04
Val - Loss, MSE, RMSE, MAE, MAPE: 32456204.00, 32456203.00, 5693.30, 4242.82, 4.65%
Test - Best epoch, Loss, MSE, RMSE, MAE, MAPE: 29, 30835780.00, 30835779.00, 5438.18, 4148.71, 4.39%
- Epoch 030, ExpID 36457
Train - Loss: 18414001.52
Val - Loss, MSE, RMSE, MAE, MAPE: 33456384.00, 33456384.00, 5772.60, 4321.51, 4.68%
Test - Best epoch, Loss, MSE, RMSE, MAE, MAPE: 29, 30835780.00, 30835779.00, 5438.18, 4148.71, 4.39%
- Epoch 031, ExpID 36457
Train - Loss: 18418342.57
Val - Loss, MSE, RMSE, MAE, MAPE: 32756038.00, 32756038.00, 5718.79, 4261.41, 4.67%
Test - Best epoch, Loss, MSE, RMSE, MAE, MAPE: 29, 30835780.00, 30835779.00, 5438.18, 4148.71, 4.39%
- Epoch 032, ExpID 36457
Train - Loss: 18460996.26
Val - Loss, MSE, RMSE, MAE, MAPE: 33234814.00, 33234814.00, 5753.86, 4325.31, 4.69%
Test - Best epoch, Loss, MSE, RMSE, MAE, MAPE: 29, 30835780.00, 30835779.00, 5438.18, 4148.71, 4.39%
- Epoch 033, ExpID 36457
Train - Loss: 18052735.13
Val - Loss, MSE, RMSE, MAE, MAPE: 32956450.00, 32956450.00, 5734.09, 4271.97, 4.66%
Test - Best epoch, Loss, MSE, RMSE, MAE, MAPE: 29, 30835780.00, 30835779.00, 5438.18, 4148.71, 4.39%
- Epoch 034, ExpID 36457
Train - Loss: 18091581.04
Val - Loss, MSE, RMSE, MAE, MAPE: 32594388.00, 32594387.00, 5703.67, 4253.65, 4.65%
Test - Best epoch, Loss, MSE, RMSE, MAE, MAPE: 29, 30835780.00, 30835779.00, 5438.18, 4148.71, 4.39%
- Epoch 035, ExpID 36457
Train - Loss: 17992372.74
Val - Loss, MSE, RMSE, MAE, MAPE: 32807672.00, 32807672.00, 5721.69, 4268.88, 4.66%
Test - Best epoch, Loss, MSE, RMSE, MAE, MAPE: 29, 30835780.00, 30835779.00, 5438.18, 4148.71, 4.39%
- Epoch 036, ExpID 36457
Train - Loss: 17778842.87
Val - Loss, MSE, RMSE, MAE, MAPE: 33130144.00, 33130144.00, 5746.60, 4295.23, 4.67%
Test - Best epoch, Loss, MSE, RMSE, MAE, MAPE: 29, 30835780.00, 30835779.00, 5438.18, 4148.71, 4.39%
- Epoch 037, ExpID 36457
Train - Loss: 17671365.83
Val - Loss, MSE, RMSE, MAE, MAPE: 32361326.00, 32361326.00, 5683.42, 4231.82, 4.62%
Test - Best epoch, Loss, MSE, RMSE, MAE, MAPE: 37, 29731458.00, 29731458.00, 5335.94, 4046.30, 4.26%
- Epoch 038, ExpID 36457
Train - Loss: 17744224.96
Val - Loss, MSE, RMSE, MAE, MAPE: 33223136.00, 33223136.00, 5752.89, 4293.52, 4.66%
Test - Best epoch, Loss, MSE, RMSE, MAE, MAPE: 37, 29731458.00, 29731458.00, 5335.94, 4046.30, 4.26%
- Epoch 039, ExpID 36457
Train - Loss: 17423765.57
Val - Loss, MSE, RMSE, MAE, MAPE: 32879886.00, 32879886.00, 5727.39, 4265.05, 4.66%
Test - Best epoch, Loss, MSE, RMSE, MAE, MAPE: 37, 29731458.00, 29731458.00, 5335.94, 4046.30, 4.26%
- Epoch 040, ExpID 36457
Train - Loss: 17242468.17
Val - Loss, MSE, RMSE, MAE, MAPE: 33225708.00, 33225709.00, 5752.80, 4309.21, 4.68%
Test - Best epoch, Loss, MSE, RMSE, MAE, MAPE: 37, 29731458.00, 29731458.00, 5335.94, 4046.30, 4.26%
- Epoch 041, ExpID 36457
Train - Loss: 17347735.26
Val - Loss, MSE, RMSE, MAE, MAPE: 32756872.00, 32756872.00, 5718.92, 4252.23, 4.65%
Test - Best epoch, Loss, MSE, RMSE, MAE, MAPE: 37, 29731458.00, 29731458.00, 5335.94, 4046.30, 4.26%
- Epoch 042, ExpID 36457
Train - Loss: 17268567.78
Val - Loss, MSE, RMSE, MAE, MAPE: 32907184.00, 32907185.00, 5727.48, 4257.17, 4.64%
Test - Best epoch, Loss, MSE, RMSE, MAE, MAPE: 37, 29731458.00, 29731458.00, 5335.94, 4046.30, 4.26%
- Epoch 043, ExpID 36457
Train - Loss: 17029218.74
Val - Loss, MSE, RMSE, MAE, MAPE: 32687812.00, 32687812.00, 5711.65, 4248.43, 4.65%
Test - Best epoch, Loss, MSE, RMSE, MAE, MAPE: 37, 29731458.00, 29731458.00, 5335.94, 4046.30, 4.26%
- Epoch 044, ExpID 36457
Train - Loss: 17000840.35
Val - Loss, MSE, RMSE, MAE, MAPE: 32930320.00, 32930320.00, 5731.53, 4261.22, 4.65%
Test - Best epoch, Loss, MSE, RMSE, MAE, MAPE: 37, 29731458.00, 29731458.00, 5335.94, 4046.30, 4.26%
- Epoch 045, ExpID 36457
Train - Loss: 16803803.57
Val - Loss, MSE, RMSE, MAE, MAPE: 32749936.00, 32749935.00, 5715.22, 4249.50, 4.64%
Test - Best epoch, Loss, MSE, RMSE, MAE, MAPE: 37, 29731458.00, 29731458.00, 5335.94, 4046.30, 4.26%
- Epoch 046, ExpID 36457
Train - Loss: 16699917.83
Val - Loss, MSE, RMSE, MAE, MAPE: 32807696.00, 32807696.00, 5721.92, 4249.79, 4.64%
Test - Best epoch, Loss, MSE, RMSE, MAE, MAPE: 37, 29731458.00, 29731458.00, 5335.94, 4046.30, 4.26%
- Epoch 047, ExpID 36457
Train - Loss: 16679272.96
Val - Loss, MSE, RMSE, MAE, MAPE: 32911992.00, 32911993.00, 5729.82, 4252.34, 4.64%
Test - Best epoch, Loss, MSE, RMSE, MAE, MAPE: 37, 29731458.00, 29731458.00, 5335.94, 4046.30, 4.26%
Early Stopping at Epoch 47
Fold 2019 Best RMSE: 5335.9380
