DETAILED LOG | Model: itransformer | Seed: 1
FULL CONFIG: {'gpu': '6', 'target': 'both', 'cv_start_year': 2017, 'cv_end_year': 2019, 'test_year': 2024, 'use_corona': False, 'seq_len': 91, 'label_len': 0, 'pred_len': 14, 'batch_size': 256, 'epochs': 1000, 'patience': 10, 'lr': 0.0001, 'model': 'itransformer', 'd_model': 128, 'n_heads': 4, 'n_layers': 4, 'dropout': 0.1, 'activation': 'gelu', 'patch_len': 14, 'factor': 5, 'norm_mode': 'revin', 'use_covar': True, 'use_dbloss': False, 'device': device(type='cuda'), 'stride': 14, 'file_path': 'dataset/airport_flight_with_holiday.csv', 'seed': 1, 'val_year': 2019, 'ndims': 2}

-------------------- [Fold: 2017] ExpID: 33836 --------------------
- Epoch 000, ExpID 33836
Train - Loss: 35097553.80
Val - Loss, MSE, RMSE, MAE, MAPE: 46912344.00, 46912346.00, 6799.16, 5408.97, 6.91%
Test - Best epoch, Loss, MSE, RMSE, MAE, MAPE: 0, 87965032.00, 87965034.00, 9296.66, 7209.23, 8.54%
- Epoch 001, ExpID 33836
Train - Loss: 26106317.60
Val - Loss, MSE, RMSE, MAE, MAPE: 39095824.00, 39095822.00, 6215.88, 4776.20, 6.07%
Test - Best epoch, Loss, MSE, RMSE, MAE, MAPE: 1, 86471736.00, 86471736.00, 9095.23, 6910.25, 8.16%
- Epoch 002, ExpID 33836
Train - Loss: 23364081.80
Val - Loss, MSE, RMSE, MAE, MAPE: 35835832.00, 35835833.00, 5952.88, 4500.38, 5.71%
Test - Best epoch, Loss, MSE, RMSE, MAE, MAPE: 2, 87691584.00, 87691588.00, 9075.97, 6908.77, 8.17%
- Epoch 003, ExpID 33836
Train - Loss: 21841495.60
Val - Loss, MSE, RMSE, MAE, MAPE: 33981592.00, 33981594.00, 5797.07, 4368.22, 5.53%
Test - Best epoch, Loss, MSE, RMSE, MAE, MAPE: 3, 84984872.00, 84984874.00, 8915.64, 6750.28, 7.98%
- Epoch 004, ExpID 33836
Train - Loss: 21102125.30
Val - Loss, MSE, RMSE, MAE, MAPE: 32308840.00, 32308839.00, 5655.06, 4232.23, 5.38%
Test - Best epoch, Loss, MSE, RMSE, MAE, MAPE: 4, 82093136.00, 82093140.00, 8737.40, 6559.31, 7.78%
- Epoch 005, ExpID 33836
Train - Loss: 20365527.80
Val - Loss, MSE, RMSE, MAE, MAPE: 31439364.00, 31439364.00, 5579.02, 4157.70, 5.27%
Test - Best epoch, Loss, MSE, RMSE, MAE, MAPE: 5, 81732936.00, 81732936.00, 8696.42, 6536.46, 7.73%
- Epoch 006, ExpID 33836
Train - Loss: 19854855.50
Val - Loss, MSE, RMSE, MAE, MAPE: 30538008.00, 30538007.00, 5500.14, 4092.63, 5.20%
Test - Best epoch, Loss, MSE, RMSE, MAE, MAPE: 6, 79208816.00, 79208812.00, 8551.59, 6386.66, 7.58%
- Epoch 007, ExpID 33836
Train - Loss: 19506179.30
Val - Loss, MSE, RMSE, MAE, MAPE: 29927516.00, 29927517.00, 5442.36, 4037.07, 5.12%
Test - Best epoch, Loss, MSE, RMSE, MAE, MAPE: 7, 78999592.00, 78999592.00, 8533.52, 6375.89, 7.54%
- Epoch 008, ExpID 33836
Train - Loss: 19134871.80
Val - Loss, MSE, RMSE, MAE, MAPE: 29591828.00, 29591827.00, 5412.38, 4014.77, 5.09%
Test - Best epoch, Loss, MSE, RMSE, MAE, MAPE: 8, 77539464.00, 77539466.00, 8454.78, 6305.00, 7.46%
- Epoch 009, ExpID 33836
Train - Loss: 18884657.70
Val - Loss, MSE, RMSE, MAE, MAPE: 28684836.00, 28684836.00, 5331.79, 3947.09, 5.01%
Test - Best epoch, Loss, MSE, RMSE, MAE, MAPE: 9, 76604200.00, 76604198.00, 8377.36, 6243.16, 7.39%
- Epoch 010, ExpID 33836
Train - Loss: 18609604.70
Val - Loss, MSE, RMSE, MAE, MAPE: 28371230.00, 28371230.00, 5301.69, 3903.82, 4.95%
Test - Best epoch, Loss, MSE, RMSE, MAE, MAPE: 10, 75588288.00, 75588286.00, 8322.06, 6188.62, 7.32%
- Epoch 011, ExpID 33836
Train - Loss: 18260305.60
Val - Loss, MSE, RMSE, MAE, MAPE: 27995922.00, 27995922.00, 5266.83, 3867.77, 4.90%
Test - Best epoch, Loss, MSE, RMSE, MAE, MAPE: 11, 75309968.00, 75309972.00, 8296.01, 6165.99, 7.28%
- Epoch 012, ExpID 33836
Train - Loss: 17930759.75
Val - Loss, MSE, RMSE, MAE, MAPE: 27406108.00, 27406107.00, 5211.88, 3831.67, 4.87%
Test - Best epoch, Loss, MSE, RMSE, MAE, MAPE: 12, 73913264.00, 73913262.00, 8214.05, 6073.52, 7.19%
- Epoch 013, ExpID 33836
Train - Loss: 17595273.05
Val - Loss, MSE, RMSE, MAE, MAPE: 27056904.00, 27056903.00, 5179.98, 3800.03, 4.82%
Test - Best epoch, Loss, MSE, RMSE, MAE, MAPE: 13, 73976088.00, 73976086.00, 8190.76, 6079.13, 7.17%
- Epoch 014, ExpID 33836
Train - Loss: 17240488.85
Val - Loss, MSE, RMSE, MAE, MAPE: 26795666.00, 26795666.00, 5155.41, 3778.25, 4.80%
Test - Best epoch, Loss, MSE, RMSE, MAE, MAPE: 14, 73654368.00, 73654368.00, 8165.31, 6051.85, 7.14%
- Epoch 015, ExpID 33836
Train - Loss: 17195820.75
Val - Loss, MSE, RMSE, MAE, MAPE: 26390792.00, 26390793.00, 5115.32, 3746.21, 4.76%
Test - Best epoch, Loss, MSE, RMSE, MAE, MAPE: 15, 72186128.00, 72186128.00, 8096.46, 5953.98, 7.04%
- Epoch 016, ExpID 33836
Train - Loss: 16831101.30
Val - Loss, MSE, RMSE, MAE, MAPE: 26196344.00, 26196344.00, 5094.42, 3712.64, 4.71%
Test - Best epoch, Loss, MSE, RMSE, MAE, MAPE: 16, 71657016.00, 71657014.00, 8069.76, 5947.58, 7.01%
- Epoch 017, ExpID 33836
Train - Loss: 16631558.65
Val - Loss, MSE, RMSE, MAE, MAPE: 26020394.00, 26020394.00, 5077.35, 3702.01, 4.70%
Test - Best epoch, Loss, MSE, RMSE, MAE, MAPE: 17, 71653368.00, 71653365.00, 8056.67, 5925.85, 6.99%
- Epoch 018, ExpID 33836
Train - Loss: 16348786.80
Val - Loss, MSE, RMSE, MAE, MAPE: 25836534.00, 25836534.00, 5059.66, 3690.17, 4.69%
Test - Best epoch, Loss, MSE, RMSE, MAE, MAPE: 18, 71071728.00, 71071726.00, 8030.51, 5920.74, 6.98%
- Epoch 019, ExpID 33836
Train - Loss: 16134470.95
Val - Loss, MSE, RMSE, MAE, MAPE: 25960004.00, 25960004.00, 5069.73, 3681.89, 4.65%
Test - Best epoch, Loss, MSE, RMSE, MAE, MAPE: 18, 71071728.00, 71071726.00, 8030.51, 5920.74, 6.98%
- Epoch 020, ExpID 33836
Train - Loss: 15918485.60
Val - Loss, MSE, RMSE, MAE, MAPE: 25602132.00, 25602132.00, 5035.33, 3663.98, 4.65%
Test - Best epoch, Loss, MSE, RMSE, MAE, MAPE: 20, 70570576.00, 70570573.00, 8003.40, 5873.21, 6.92%
- Epoch 021, ExpID 33836
Train - Loss: 15807559.45
Val - Loss, MSE, RMSE, MAE, MAPE: 25314936.00, 25314937.00, 5005.99, 3643.07, 4.63%
Test - Best epoch, Loss, MSE, RMSE, MAE, MAPE: 21, 68916624.00, 68916625.00, 7917.73, 5787.86, 6.81%
- Epoch 022, ExpID 33836
Train - Loss: 15527537.75
Val - Loss, MSE, RMSE, MAE, MAPE: 25382052.00, 25382051.00, 5015.10, 3659.83, 4.65%
Test - Best epoch, Loss, MSE, RMSE, MAE, MAPE: 21, 68916624.00, 68916625.00, 7917.73, 5787.86, 6.81%
- Epoch 023, ExpID 33836
Train - Loss: 15434239.75
Val - Loss, MSE, RMSE, MAE, MAPE: 25168600.00, 25168601.00, 4991.11, 3637.07, 4.62%
Test - Best epoch, Loss, MSE, RMSE, MAE, MAPE: 23, 68904744.00, 68904741.00, 7908.73, 5747.86, 6.77%
- Epoch 024, ExpID 33836
Train - Loss: 15288923.15
Val - Loss, MSE, RMSE, MAE, MAPE: 25052300.00, 25052299.00, 4979.70, 3619.78, 4.59%
Test - Best epoch, Loss, MSE, RMSE, MAE, MAPE: 24, 69029152.00, 69029155.00, 7909.08, 5764.22, 6.78%
- Epoch 025, ExpID 33836
Train - Loss: 15031642.40
Val - Loss, MSE, RMSE, MAE, MAPE: 24945728.00, 24945729.00, 4967.81, 3618.40, 4.60%
Test - Best epoch, Loss, MSE, RMSE, MAE, MAPE: 25, 67120384.00, 67120381.00, 7816.18, 5645.51, 6.65%
- Epoch 026, ExpID 33836
Train - Loss: 14924131.75
Val - Loss, MSE, RMSE, MAE, MAPE: 25052862.00, 25052862.00, 4978.54, 3623.39, 4.59%
Test - Best epoch, Loss, MSE, RMSE, MAE, MAPE: 25, 67120384.00, 67120381.00, 7816.18, 5645.51, 6.65%
- Epoch 027, ExpID 33836
Train - Loss: 14799913.70
Val - Loss, MSE, RMSE, MAE, MAPE: 24848396.00, 24848397.00, 4959.96, 3617.32, 4.59%
Test - Best epoch, Loss, MSE, RMSE, MAE, MAPE: 27, 67079948.00, 67079949.00, 7805.93, 5627.07, 6.62%
- Epoch 028, ExpID 33836
Train - Loss: 14739604.45
Val - Loss, MSE, RMSE, MAE, MAPE: 24756756.00, 24756755.00, 4951.22, 3596.47, 4.55%
Test - Best epoch, Loss, MSE, RMSE, MAE, MAPE: 28, 66701808.00, 66701810.00, 7796.03, 5621.70, 6.61%
- Epoch 029, ExpID 33836
Train - Loss: 14533807.35
Val - Loss, MSE, RMSE, MAE, MAPE: 24658176.00, 24658176.00, 4938.47, 3593.24, 4.57%
Test - Best epoch, Loss, MSE, RMSE, MAE, MAPE: 29, 64917120.00, 64917122.00, 7688.07, 5498.93, 6.49%
- Epoch 030, ExpID 33836
Train - Loss: 14346592.60
Val - Loss, MSE, RMSE, MAE, MAPE: 25021410.00, 25021410.00, 4975.57, 3622.09, 4.58%
Test - Best epoch, Loss, MSE, RMSE, MAE, MAPE: 29, 64917120.00, 64917122.00, 7688.07, 5498.93, 6.49%
- Epoch 031, ExpID 33836
Train - Loss: 14274274.05
Val - Loss, MSE, RMSE, MAE, MAPE: 24660568.00, 24660569.00, 4939.05, 3588.90, 4.54%
Test - Best epoch, Loss, MSE, RMSE, MAE, MAPE: 29, 64917120.00, 64917122.00, 7688.07, 5498.93, 6.49%
- Epoch 032, ExpID 33836
Train - Loss: 14120711.65
Val - Loss, MSE, RMSE, MAE, MAPE: 24707568.00, 24707567.00, 4944.82, 3597.48, 4.55%
Test - Best epoch, Loss, MSE, RMSE, MAE, MAPE: 29, 64917120.00, 64917122.00, 7688.07, 5498.93, 6.49%
- Epoch 033, ExpID 33836
Train - Loss: 14042745.85
Val - Loss, MSE, RMSE, MAE, MAPE: 24417824.00, 24417823.00, 4914.87, 3575.80, 4.54%
Test - Best epoch, Loss, MSE, RMSE, MAE, MAPE: 33, 64051504.00, 64051504.00, 7645.63, 5459.67, 6.43%
- Epoch 034, ExpID 33836
Train - Loss: 14019311.55
Val - Loss, MSE, RMSE, MAE, MAPE: 24386858.00, 24386858.00, 4909.31, 3561.79, 4.52%
Test - Best epoch, Loss, MSE, RMSE, MAE, MAPE: 34, 63974364.00, 63974363.00, 7646.09, 5458.09, 6.43%
- Epoch 035, ExpID 33836
Train - Loss: 13780724.55
Val - Loss, MSE, RMSE, MAE, MAPE: 24441534.00, 24441534.00, 4916.38, 3565.83, 4.50%
Test - Best epoch, Loss, MSE, RMSE, MAE, MAPE: 34, 63974364.00, 63974363.00, 7646.09, 5458.09, 6.43%
- Epoch 036, ExpID 33836
Train - Loss: 13771803.40
Val - Loss, MSE, RMSE, MAE, MAPE: 24310744.00, 24310744.00, 4904.85, 3564.25, 4.51%
Test - Best epoch, Loss, MSE, RMSE, MAE, MAPE: 36, 64577500.00, 64577499.00, 7685.36, 5497.03, 6.45%
- Epoch 037, ExpID 33836
Train - Loss: 13605936.50
Val - Loss, MSE, RMSE, MAE, MAPE: 23969532.00, 23969531.00, 4866.56, 3538.74, 4.49%
Test - Best epoch, Loss, MSE, RMSE, MAE, MAPE: 37, 62996136.00, 62996138.00, 7583.07, 5399.98, 6.37%
- Epoch 038, ExpID 33836
Train - Loss: 13488615.30
Val - Loss, MSE, RMSE, MAE, MAPE: 23888032.00, 23888031.00, 4858.50, 3524.68, 4.47%
Test - Best epoch, Loss, MSE, RMSE, MAE, MAPE: 38, 62720188.00, 62720188.00, 7569.12, 5383.20, 6.34%
- Epoch 039, ExpID 33836
Train - Loss: 13391713.50
Val - Loss, MSE, RMSE, MAE, MAPE: 23991146.00, 23991146.00, 4867.59, 3537.74, 4.48%
Test - Best epoch, Loss, MSE, RMSE, MAE, MAPE: 38, 62720188.00, 62720188.00, 7569.12, 5383.20, 6.34%
- Epoch 040, ExpID 33836
Train - Loss: 13294485.35
Val - Loss, MSE, RMSE, MAE, MAPE: 24101648.00, 24101649.00, 4879.96, 3544.99, 4.49%
Test - Best epoch, Loss, MSE, RMSE, MAE, MAPE: 38, 62720188.00, 62720188.00, 7569.12, 5383.20, 6.34%
- Epoch 041, ExpID 33836
Train - Loss: 13308155.85
Val - Loss, MSE, RMSE, MAE, MAPE: 24078326.00, 24078326.00, 4874.72, 3541.16, 4.48%
Test - Best epoch, Loss, MSE, RMSE, MAE, MAPE: 38, 62720188.00, 62720188.00, 7569.12, 5383.20, 6.34%
- Epoch 042, ExpID 33836
Train - Loss: 13079656.15
Val - Loss, MSE, RMSE, MAE, MAPE: 23984230.00, 23984230.00, 4864.43, 3531.90, 4.47%
Test - Best epoch, Loss, MSE, RMSE, MAE, MAPE: 38, 62720188.00, 62720188.00, 7569.12, 5383.20, 6.34%
- Epoch 043, ExpID 33836
Train - Loss: 13098987.00
Val - Loss, MSE, RMSE, MAE, MAPE: 23737904.00, 23737904.00, 4839.25, 3513.24, 4.46%
Test - Best epoch, Loss, MSE, RMSE, MAE, MAPE: 43, 62362924.00, 62362925.00, 7555.21, 5384.91, 6.35%
- Epoch 044, ExpID 33836
Train - Loss: 13043535.65
Val - Loss, MSE, RMSE, MAE, MAPE: 24156576.00, 24156577.00, 4882.42, 3546.07, 4.49%
Test - Best epoch, Loss, MSE, RMSE, MAE, MAPE: 43, 62362924.00, 62362925.00, 7555.21, 5384.91, 6.35%
- Epoch 045, ExpID 33836
Train - Loss: 12863936.70
Val - Loss, MSE, RMSE, MAE, MAPE: 23789396.00, 23789396.00, 4846.67, 3535.70, 4.47%
Test - Best epoch, Loss, MSE, RMSE, MAE, MAPE: 43, 62362924.00, 62362925.00, 7555.21, 5384.91, 6.35%
- Epoch 046, ExpID 33836
Train - Loss: 12857261.70
Val - Loss, MSE, RMSE, MAE, MAPE: 23481648.00, 23481647.00, 4813.37, 3495.12, 4.43%
Test - Best epoch, Loss, MSE, RMSE, MAE, MAPE: 46, 62256652.00, 62256652.00, 7541.19, 5360.19, 6.31%
- Epoch 047, ExpID 33836
Train - Loss: 12730465.30
Val - Loss, MSE, RMSE, MAE, MAPE: 23557832.00, 23557831.00, 4822.30, 3501.06, 4.43%
Test - Best epoch, Loss, MSE, RMSE, MAE, MAPE: 46, 62256652.00, 62256652.00, 7541.19, 5360.19, 6.31%
- Epoch 048, ExpID 33836
Train - Loss: 12685378.85
Val - Loss, MSE, RMSE, MAE, MAPE: 23269440.00, 23269441.00, 4791.96, 3493.35, 4.42%
Test - Best epoch, Loss, MSE, RMSE, MAE, MAPE: 48, 62464192.00, 62464193.00, 7548.08, 5397.68, 6.36%
- Epoch 049, ExpID 33836
Train - Loss: 12592401.50
Val - Loss, MSE, RMSE, MAE, MAPE: 23778264.00, 23778263.00, 4844.71, 3531.14, 4.46%
Test - Best epoch, Loss, MSE, RMSE, MAE, MAPE: 48, 62464192.00, 62464193.00, 7548.08, 5397.68, 6.36%
- Epoch 050, ExpID 33836
Train - Loss: 12484088.50
Val - Loss, MSE, RMSE, MAE, MAPE: 23540412.00, 23540412.00, 4818.70, 3518.81, 4.46%
Test - Best epoch, Loss, MSE, RMSE, MAE, MAPE: 48, 62464192.00, 62464193.00, 7548.08, 5397.68, 6.36%
- Epoch 051, ExpID 33836
Train - Loss: 12510364.80
Val - Loss, MSE, RMSE, MAE, MAPE: 23196060.00, 23196061.00, 4780.99, 3475.92, 4.40%
Test - Best epoch, Loss, MSE, RMSE, MAE, MAPE: 51, 62020272.00, 62020274.00, 7534.12, 5411.06, 6.38%
- Epoch 052, ExpID 33836
Train - Loss: 12368357.95
Val - Loss, MSE, RMSE, MAE, MAPE: 23041558.00, 23041558.00, 4762.43, 3445.95, 4.36%
Test - Best epoch, Loss, MSE, RMSE, MAE, MAPE: 52, 62812208.00, 62812208.00, 7578.51, 5443.65, 6.41%
- Epoch 053, ExpID 33836
Train - Loss: 12378867.65
Val - Loss, MSE, RMSE, MAE, MAPE: 23296830.00, 23296830.00, 4791.03, 3495.06, 4.42%
Test - Best epoch, Loss, MSE, RMSE, MAE, MAPE: 52, 62812208.00, 62812208.00, 7578.51, 5443.65, 6.41%
- Epoch 054, ExpID 33836
Train - Loss: 12293566.25
Val - Loss, MSE, RMSE, MAE, MAPE: 23268998.00, 23268998.00, 4786.28, 3476.87, 4.39%
Test - Best epoch, Loss, MSE, RMSE, MAE, MAPE: 52, 62812208.00, 62812208.00, 7578.51, 5443.65, 6.41%
- Epoch 055, ExpID 33836
Train - Loss: 12238837.90
Val - Loss, MSE, RMSE, MAE, MAPE: 23102970.00, 23102970.00, 4773.38, 3468.45, 4.38%
Test - Best epoch, Loss, MSE, RMSE, MAE, MAPE: 52, 62812208.00, 62812208.00, 7578.51, 5443.65, 6.41%
- Epoch 056, ExpID 33836
Train - Loss: 12204948.05
Val - Loss, MSE, RMSE, MAE, MAPE: 22951688.00, 22951687.00, 4758.14, 3468.03, 4.39%
Test - Best epoch, Loss, MSE, RMSE, MAE, MAPE: 56, 62184128.00, 62184128.00, 7545.34, 5431.14, 6.40%
- Epoch 057, ExpID 33836
Train - Loss: 12166981.60
Val - Loss, MSE, RMSE, MAE, MAPE: 22721084.00, 22721085.00, 4726.79, 3433.40, 4.35%
Test - Best epoch, Loss, MSE, RMSE, MAE, MAPE: 57, 61879076.00, 61879076.00, 7513.67, 5408.58, 6.37%
- Epoch 058, ExpID 33836
Train - Loss: 12131762.70
Val - Loss, MSE, RMSE, MAE, MAPE: 22956060.00, 22956060.00, 4755.10, 3470.81, 4.39%
Test - Best epoch, Loss, MSE, RMSE, MAE, MAPE: 57, 61879076.00, 61879076.00, 7513.67, 5408.58, 6.37%
- Epoch 059, ExpID 33836
Train - Loss: 11949496.45
Val - Loss, MSE, RMSE, MAE, MAPE: 22553156.00, 22553156.00, 4713.67, 3423.18, 4.33%
Test - Best epoch, Loss, MSE, RMSE, MAE, MAPE: 59, 61151292.00, 61151293.00, 7471.16, 5374.69, 6.33%
- Epoch 060, ExpID 33836
Train - Loss: 11960409.15
Val - Loss, MSE, RMSE, MAE, MAPE: 22572782.00, 22572782.00, 4713.02, 3428.56, 4.34%
Test - Best epoch, Loss, MSE, RMSE, MAE, MAPE: 59, 61151292.00, 61151293.00, 7471.16, 5374.69, 6.33%
- Epoch 061, ExpID 33836
Train - Loss: 11900030.85
Val - Loss, MSE, RMSE, MAE, MAPE: 22496690.00, 22496690.00, 4706.65, 3423.92, 4.33%
Test - Best epoch, Loss, MSE, RMSE, MAE, MAPE: 61, 61759944.00, 61759944.00, 7510.51, 5419.41, 6.38%
- Epoch 062, ExpID 33836
Train - Loss: 11924900.85
Val - Loss, MSE, RMSE, MAE, MAPE: 22520364.00, 22520364.00, 4708.58, 3431.67, 4.34%
Test - Best epoch, Loss, MSE, RMSE, MAE, MAPE: 61, 61759944.00, 61759944.00, 7510.51, 5419.41, 6.38%
- Epoch 063, ExpID 33836
Train - Loss: 11751265.80
Val - Loss, MSE, RMSE, MAE, MAPE: 22235628.00, 22235627.50, 4677.25, 3398.58, 4.30%
Test - Best epoch, Loss, MSE, RMSE, MAE, MAPE: 63, 61569136.00, 61569135.00, 7498.57, 5394.10, 6.36%
- Epoch 064, ExpID 33836
Train - Loss: 11812274.10
Val - Loss, MSE, RMSE, MAE, MAPE: 22624638.00, 22624638.00, 4717.02, 3432.29, 4.34%
Test - Best epoch, Loss, MSE, RMSE, MAE, MAPE: 63, 61569136.00, 61569135.00, 7498.57, 5394.10, 6.36%
- Epoch 065, ExpID 33836
Train - Loss: 11634754.70
Val - Loss, MSE, RMSE, MAE, MAPE: 22519152.00, 22519153.00, 4706.45, 3424.22, 4.33%
Test - Best epoch, Loss, MSE, RMSE, MAE, MAPE: 63, 61569136.00, 61569135.00, 7498.57, 5394.10, 6.36%
- Epoch 066, ExpID 33836
Train - Loss: 11598582.10
Val - Loss, MSE, RMSE, MAE, MAPE: 22398352.00, 22398352.00, 4691.59, 3406.32, 4.31%
Test - Best epoch, Loss, MSE, RMSE, MAE, MAPE: 63, 61569136.00, 61569135.00, 7498.57, 5394.10, 6.36%
- Epoch 067, ExpID 33836
Train - Loss: 11642948.45
Val - Loss, MSE, RMSE, MAE, MAPE: 22276114.00, 22276113.50, 4676.10, 3400.23, 4.30%
Test - Best epoch, Loss, MSE, RMSE, MAE, MAPE: 63, 61569136.00, 61569135.00, 7498.57, 5394.10, 6.36%
- Epoch 068, ExpID 33836
Train - Loss: 11580605.50
Val - Loss, MSE, RMSE, MAE, MAPE: 22307986.00, 22307986.00, 4680.13, 3403.19, 4.31%
Test - Best epoch, Loss, MSE, RMSE, MAE, MAPE: 63, 61569136.00, 61569135.00, 7498.57, 5394.10, 6.36%
- Epoch 069, ExpID 33836
Train - Loss: 11499705.70
Val - Loss, MSE, RMSE, MAE, MAPE: 22092046.00, 22092046.00, 4660.66, 3396.13, 4.30%
Test - Best epoch, Loss, MSE, RMSE, MAE, MAPE: 69, 61817624.00, 61817625.00, 7501.83, 5412.45, 6.37%
- Epoch 070, ExpID 33836
Train - Loss: 11465522.50
Val - Loss, MSE, RMSE, MAE, MAPE: 22166190.00, 22166190.00, 4670.19, 3401.67, 4.30%
Test - Best epoch, Loss, MSE, RMSE, MAE, MAPE: 69, 61817624.00, 61817625.00, 7501.83, 5412.45, 6.37%
- Epoch 071, ExpID 33836
Train - Loss: 11475315.40
Val - Loss, MSE, RMSE, MAE, MAPE: 21940640.00, 21940640.50, 4643.51, 3370.02, 4.26%
Test - Best epoch, Loss, MSE, RMSE, MAE, MAPE: 71, 61527396.00, 61527395.00, 7503.23, 5411.54, 6.37%
- Epoch 072, ExpID 33836
Train - Loss: 11374991.30
Val - Loss, MSE, RMSE, MAE, MAPE: 22009740.00, 22009740.00, 4647.83, 3383.02, 4.28%
Test - Best epoch, Loss, MSE, RMSE, MAE, MAPE: 71, 61527396.00, 61527395.00, 7503.23, 5411.54, 6.37%
- Epoch 073, ExpID 33836
Train - Loss: 11358699.80
Val - Loss, MSE, RMSE, MAE, MAPE: 21953896.00, 21953895.00, 4645.16, 3375.72, 4.27%
Test - Best epoch, Loss, MSE, RMSE, MAE, MAPE: 71, 61527396.00, 61527395.00, 7503.23, 5411.54, 6.37%
- Epoch 074, ExpID 33836
Train - Loss: 11274758.85
Val - Loss, MSE, RMSE, MAE, MAPE: 21900920.00, 21900920.00, 4640.15, 3374.25, 4.27%
Test - Best epoch, Loss, MSE, RMSE, MAE, MAPE: 74, 61614456.00, 61614457.00, 7499.80, 5411.73, 6.37%
- Epoch 075, ExpID 33836
Train - Loss: 11200953.20
Val - Loss, MSE, RMSE, MAE, MAPE: 22128958.00, 22128958.50, 4664.07, 3383.30, 4.27%
Test - Best epoch, Loss, MSE, RMSE, MAE, MAPE: 74, 61614456.00, 61614457.00, 7499.80, 5411.73, 6.37%
- Epoch 076, ExpID 33836
Train - Loss: 11251238.20
Val - Loss, MSE, RMSE, MAE, MAPE: 21730172.00, 21730171.00, 4617.59, 3348.68, 4.24%
Test - Best epoch, Loss, MSE, RMSE, MAE, MAPE: 76, 61985884.00, 61985885.00, 7526.61, 5446.32, 6.42%
- Epoch 077, ExpID 33836
Train - Loss: 11184659.95
Val - Loss, MSE, RMSE, MAE, MAPE: 21815034.00, 21815033.50, 4625.20, 3353.99, 4.25%
Test - Best epoch, Loss, MSE, RMSE, MAE, MAPE: 76, 61985884.00, 61985885.00, 7526.61, 5446.32, 6.42%
- Epoch 078, ExpID 33836
Train - Loss: 11107115.75
Val - Loss, MSE, RMSE, MAE, MAPE: 21593712.00, 21593711.50, 4606.01, 3351.40, 4.24%
Test - Best epoch, Loss, MSE, RMSE, MAE, MAPE: 78, 61620492.00, 61620492.00, 7497.56, 5428.16, 6.39%
- Epoch 079, ExpID 33836
Train - Loss: 11067163.55
Val - Loss, MSE, RMSE, MAE, MAPE: 21863792.00, 21863791.00, 4634.88, 3367.62, 4.26%
Test - Best epoch, Loss, MSE, RMSE, MAE, MAPE: 78, 61620492.00, 61620492.00, 7497.56, 5428.16, 6.39%
- Epoch 080, ExpID 33836
Train - Loss: 11022264.60
Val - Loss, MSE, RMSE, MAE, MAPE: 21853908.00, 21853908.50, 4631.77, 3364.95, 4.25%
Test - Best epoch, Loss, MSE, RMSE, MAE, MAPE: 78, 61620492.00, 61620492.00, 7497.56, 5428.16, 6.39%
- Epoch 081, ExpID 33836
Train - Loss: 11030969.60
Val - Loss, MSE, RMSE, MAE, MAPE: 21867836.00, 21867836.50, 4630.30, 3355.31, 4.24%
Test - Best epoch, Loss, MSE, RMSE, MAE, MAPE: 78, 61620492.00, 61620492.00, 7497.56, 5428.16, 6.39%
- Epoch 082, ExpID 33836
Train - Loss: 10949197.55
Val - Loss, MSE, RMSE, MAE, MAPE: 22072516.00, 22072517.00, 4655.36, 3381.89, 4.27%
Test - Best epoch, Loss, MSE, RMSE, MAE, MAPE: 78, 61620492.00, 61620492.00, 7497.56, 5428.16, 6.39%
- Epoch 083, ExpID 33836
Train - Loss: 10829125.65
Val - Loss, MSE, RMSE, MAE, MAPE: 22039860.00, 22039859.50, 4646.57, 3369.82, 4.26%
Test - Best epoch, Loss, MSE, RMSE, MAE, MAPE: 78, 61620492.00, 61620492.00, 7497.56, 5428.16, 6.39%
- Epoch 084, ExpID 33836
Train - Loss: 10892315.25
Val - Loss, MSE, RMSE, MAE, MAPE: 21930362.00, 21930362.50, 4634.75, 3367.43, 4.26%
Test - Best epoch, Loss, MSE, RMSE, MAE, MAPE: 78, 61620492.00, 61620492.00, 7497.56, 5428.16, 6.39%
- Epoch 085, ExpID 33836
Train - Loss: 10757368.50
Val - Loss, MSE, RMSE, MAE, MAPE: 22156960.00, 22156960.00, 4664.36, 3396.56, 4.28%
Test - Best epoch, Loss, MSE, RMSE, MAE, MAPE: 78, 61620492.00, 61620492.00, 7497.56, 5428.16, 6.39%
- Epoch 086, ExpID 33836
Train - Loss: 10801271.40
Val - Loss, MSE, RMSE, MAE, MAPE: 21694462.00, 21694461.50, 4613.44, 3349.41, 4.23%
Test - Best epoch, Loss, MSE, RMSE, MAE, MAPE: 78, 61620492.00, 61620492.00, 7497.56, 5428.16, 6.39%
- Epoch 087, ExpID 33836
Train - Loss: 10773846.85
Val - Loss, MSE, RMSE, MAE, MAPE: 21574314.00, 21574313.50, 4599.08, 3335.55, 4.21%
Test - Best epoch, Loss, MSE, RMSE, MAE, MAPE: 87, 61909980.00, 61909981.00, 7509.93, 5411.21, 6.36%
- Epoch 088, ExpID 33836
Train - Loss: 10685336.95
Val - Loss, MSE, RMSE, MAE, MAPE: 21477734.00, 21477733.50, 4588.23, 3336.02, 4.22%
Test - Best epoch, Loss, MSE, RMSE, MAE, MAPE: 88, 61870188.00, 61870188.00, 7504.63, 5434.41, 6.40%
- Epoch 089, ExpID 33836
Train - Loss: 10611662.10
Val - Loss, MSE, RMSE, MAE, MAPE: 21892488.00, 21892488.00, 4633.18, 3368.84, 4.25%
Test - Best epoch, Loss, MSE, RMSE, MAE, MAPE: 88, 61870188.00, 61870188.00, 7504.63, 5434.41, 6.40%
- Epoch 090, ExpID 33836
Train - Loss: 10633328.90
Val - Loss, MSE, RMSE, MAE, MAPE: 21431488.00, 21431487.00, 4582.75, 3326.75, 4.21%
Test - Best epoch, Loss, MSE, RMSE, MAE, MAPE: 90, 61650792.00, 61650793.00, 7495.18, 5421.34, 6.38%
- Epoch 091, ExpID 33836
Train - Loss: 10512361.15
Val - Loss, MSE, RMSE, MAE, MAPE: 21165472.00, 21165473.00, 4553.57, 3297.34, 4.17%
Test - Best epoch, Loss, MSE, RMSE, MAE, MAPE: 91, 61861952.00, 61861954.00, 7508.13, 5436.21, 6.40%
- Epoch 092, ExpID 33836
Train - Loss: 10511393.15
Val - Loss, MSE, RMSE, MAE, MAPE: 21550996.00, 21550995.00, 4594.28, 3330.72, 4.21%
Test - Best epoch, Loss, MSE, RMSE, MAE, MAPE: 91, 61861952.00, 61861954.00, 7508.13, 5436.21, 6.40%
- Epoch 093, ExpID 33836
Train - Loss: 10534993.65
Val - Loss, MSE, RMSE, MAE, MAPE: 21680854.00, 21680854.00, 4610.27, 3347.24, 4.23%
Test - Best epoch, Loss, MSE, RMSE, MAE, MAPE: 91, 61861952.00, 61861954.00, 7508.13, 5436.21, 6.40%
- Epoch 094, ExpID 33836
Train - Loss: 10477965.05
Val - Loss, MSE, RMSE, MAE, MAPE: 21920840.00, 21920840.00, 4634.36, 3372.47, 4.26%
Test - Best epoch, Loss, MSE, RMSE, MAE, MAPE: 91, 61861952.00, 61861954.00, 7508.13, 5436.21, 6.40%
- Epoch 095, ExpID 33836
Train - Loss: 10477421.95
Val - Loss, MSE, RMSE, MAE, MAPE: 21624614.00, 21624614.00, 4602.41, 3341.31, 4.23%
Test - Best epoch, Loss, MSE, RMSE, MAE, MAPE: 91, 61861952.00, 61861954.00, 7508.13, 5436.21, 6.40%
- Epoch 096, ExpID 33836
Train - Loss: 10467100.30
Val - Loss, MSE, RMSE, MAE, MAPE: 21429918.00, 21429917.50, 4583.41, 3329.57, 4.21%
Test - Best epoch, Loss, MSE, RMSE, MAE, MAPE: 91, 61861952.00, 61861954.00, 7508.13, 5436.21, 6.40%
- Epoch 097, ExpID 33836
Train - Loss: 10383520.80
Val - Loss, MSE, RMSE, MAE, MAPE: 21391356.00, 21391356.50, 4575.73, 3311.36, 4.19%
Test - Best epoch, Loss, MSE, RMSE, MAE, MAPE: 91, 61861952.00, 61861954.00, 7508.13, 5436.21, 6.40%
- Epoch 098, ExpID 33836
Train - Loss: 10376909.05
Val - Loss, MSE, RMSE, MAE, MAPE: 21450572.00, 21450572.50, 4579.38, 3323.68, 4.20%
Test - Best epoch, Loss, MSE, RMSE, MAE, MAPE: 91, 61861952.00, 61861954.00, 7508.13, 5436.21, 6.40%
- Epoch 099, ExpID 33836
Train - Loss: 10313829.15
Val - Loss, MSE, RMSE, MAE, MAPE: 21307684.00, 21307685.00, 4566.41, 3315.37, 4.19%
Test - Best epoch, Loss, MSE, RMSE, MAE, MAPE: 91, 61861952.00, 61861954.00, 7508.13, 5436.21, 6.40%
- Epoch 100, ExpID 33836
Train - Loss: 10245600.55
Val - Loss, MSE, RMSE, MAE, MAPE: 21292698.00, 21292698.50, 4567.07, 3315.15, 4.19%
Test - Best epoch, Loss, MSE, RMSE, MAE, MAPE: 91, 61861952.00, 61861954.00, 7508.13, 5436.21, 6.40%
- Epoch 101, ExpID 33836
Train - Loss: 10215563.60
Val - Loss, MSE, RMSE, MAE, MAPE: 20855656.00, 20855655.50, 4519.06, 3272.80, 4.14%
Test - Best epoch, Loss, MSE, RMSE, MAE, MAPE: 101, 61453316.00, 61453317.00, 7486.14, 5418.26, 6.39%
- Epoch 102, ExpID 33836
Train - Loss: 10194066.85
Val - Loss, MSE, RMSE, MAE, MAPE: 20941224.00, 20941224.50, 4526.73, 3278.89, 4.15%
Test - Best epoch, Loss, MSE, RMSE, MAE, MAPE: 101, 61453316.00, 61453317.00, 7486.14, 5418.26, 6.39%
- Epoch 103, ExpID 33836
Train - Loss: 10164958.40
Val - Loss, MSE, RMSE, MAE, MAPE: 21466906.00, 21466905.50, 4582.64, 3335.80, 4.21%
Test - Best epoch, Loss, MSE, RMSE, MAE, MAPE: 101, 61453316.00, 61453317.00, 7486.14, 5418.26, 6.39%
- Epoch 104, ExpID 33836
Train - Loss: 10134077.10
Val - Loss, MSE, RMSE, MAE, MAPE: 21105906.00, 21105906.00, 4541.05, 3283.51, 4.15%
Test - Best epoch, Loss, MSE, RMSE, MAE, MAPE: 101, 61453316.00, 61453317.00, 7486.14, 5418.26, 6.39%
- Epoch 105, ExpID 33836
Train - Loss: 10081599.85
Val - Loss, MSE, RMSE, MAE, MAPE: 20846424.00, 20846423.00, 4517.18, 3272.67, 4.14%
Test - Best epoch, Loss, MSE, RMSE, MAE, MAPE: 105, 61754488.00, 61754487.00, 7499.26, 5407.29, 6.37%
- Epoch 106, ExpID 33836
Train - Loss: 10105050.85
Val - Loss, MSE, RMSE, MAE, MAPE: 21351748.00, 21351747.50, 4568.83, 3315.89, 4.19%
Test - Best epoch, Loss, MSE, RMSE, MAE, MAPE: 105, 61754488.00, 61754487.00, 7499.26, 5407.29, 6.37%
- Epoch 107, ExpID 33836
Train - Loss: 10018142.65
Val - Loss, MSE, RMSE, MAE, MAPE: 21119132.00, 21119132.50, 4546.19, 3290.98, 4.16%
Test - Best epoch, Loss, MSE, RMSE, MAE, MAPE: 105, 61754488.00, 61754487.00, 7499.26, 5407.29, 6.37%
- Epoch 108, ExpID 33836
Train - Loss: 9956053.75
Val - Loss, MSE, RMSE, MAE, MAPE: 20963124.00, 20963125.00, 4525.75, 3271.88, 4.14%
Test - Best epoch, Loss, MSE, RMSE, MAE, MAPE: 105, 61754488.00, 61754487.00, 7499.26, 5407.29, 6.37%
- Epoch 109, ExpID 33836
Train - Loss: 9963836.70
Val - Loss, MSE, RMSE, MAE, MAPE: 21266528.00, 21266529.00, 4558.84, 3304.73, 4.17%
Test - Best epoch, Loss, MSE, RMSE, MAE, MAPE: 105, 61754488.00, 61754487.00, 7499.26, 5407.29, 6.37%
- Epoch 110, ExpID 33836
Train - Loss: 9924336.30
Val - Loss, MSE, RMSE, MAE, MAPE: 21003820.00, 21003821.00, 4530.62, 3279.08, 4.15%
Test - Best epoch, Loss, MSE, RMSE, MAE, MAPE: 105, 61754488.00, 61754487.00, 7499.26, 5407.29, 6.37%
- Epoch 111, ExpID 33836
Train - Loss: 9876653.40
Val - Loss, MSE, RMSE, MAE, MAPE: 20923462.00, 20923462.00, 4521.45, 3278.63, 4.15%
Test - Best epoch, Loss, MSE, RMSE, MAE, MAPE: 105, 61754488.00, 61754487.00, 7499.26, 5407.29, 6.37%
- Epoch 112, ExpID 33836
Train - Loss: 9824284.35
Val - Loss, MSE, RMSE, MAE, MAPE: 20818620.00, 20818620.00, 4511.53, 3268.57, 4.14%
Test - Best epoch, Loss, MSE, RMSE, MAE, MAPE: 112, 61539308.00, 61539309.00, 7480.07, 5402.32, 6.37%
- Epoch 113, ExpID 33836
Train - Loss: 9813529.62
Val - Loss, MSE, RMSE, MAE, MAPE: 21458846.00, 21458846.50, 4577.64, 3314.09, 4.18%
Test - Best epoch, Loss, MSE, RMSE, MAE, MAPE: 112, 61539308.00, 61539309.00, 7480.07, 5402.32, 6.37%
- Epoch 114, ExpID 33836
Train - Loss: 9808916.95
Val - Loss, MSE, RMSE, MAE, MAPE: 21073540.00, 21073539.50, 4535.83, 3287.60, 4.16%
Test - Best epoch, Loss, MSE, RMSE, MAE, MAPE: 112, 61539308.00, 61539309.00, 7480.07, 5402.32, 6.37%
- Epoch 115, ExpID 33836
Train - Loss: 9743415.00
Val - Loss, MSE, RMSE, MAE, MAPE: 20950430.00, 20950430.50, 4524.37, 3275.76, 4.14%
Test - Best epoch, Loss, MSE, RMSE, MAE, MAPE: 112, 61539308.00, 61539309.00, 7480.07, 5402.32, 6.37%
- Epoch 116, ExpID 33836
Train - Loss: 9795720.35
Val - Loss, MSE, RMSE, MAE, MAPE: 21117176.00, 21117176.00, 4542.58, 3291.34, 4.16%
Test - Best epoch, Loss, MSE, RMSE, MAE, MAPE: 112, 61539308.00, 61539309.00, 7480.07, 5402.32, 6.37%
- Epoch 117, ExpID 33836
Train - Loss: 9722213.35
Val - Loss, MSE, RMSE, MAE, MAPE: 21215442.00, 21215442.50, 4551.60, 3292.79, 4.16%
Test - Best epoch, Loss, MSE, RMSE, MAE, MAPE: 112, 61539308.00, 61539309.00, 7480.07, 5402.32, 6.37%
- Epoch 118, ExpID 33836
Train - Loss: 9752812.05
Val - Loss, MSE, RMSE, MAE, MAPE: 20906600.00, 20906599.00, 4516.70, 3265.89, 4.13%
Test - Best epoch, Loss, MSE, RMSE, MAE, MAPE: 112, 61539308.00, 61539309.00, 7480.07, 5402.32, 6.37%
- Epoch 119, ExpID 33836
Train - Loss: 9681316.22
Val - Loss, MSE, RMSE, MAE, MAPE: 20770704.00, 20770703.00, 4504.51, 3262.29, 4.12%
Test - Best epoch, Loss, MSE, RMSE, MAE, MAPE: 119, 62039868.00, 62039867.00, 7503.57, 5427.58, 6.38%
- Epoch 120, ExpID 33836
Train - Loss: 9634330.65
Val - Loss, MSE, RMSE, MAE, MAPE: 20709412.00, 20709412.00, 4495.47, 3250.47, 4.12%
Test - Best epoch, Loss, MSE, RMSE, MAE, MAPE: 120, 61823404.00, 61823405.00, 7494.48, 5412.22, 6.37%
- Epoch 121, ExpID 33836
Train - Loss: 9604099.75
Val - Loss, MSE, RMSE, MAE, MAPE: 21053014.00, 21053014.00, 4535.50, 3284.07, 4.15%
Test - Best epoch, Loss, MSE, RMSE, MAE, MAPE: 120, 61823404.00, 61823405.00, 7494.48, 5412.22, 6.37%
- Epoch 122, ExpID 33836
Train - Loss: 9575733.20
Val - Loss, MSE, RMSE, MAE, MAPE: 20853874.00, 20853874.50, 4515.47, 3265.83, 4.12%
Test - Best epoch, Loss, MSE, RMSE, MAE, MAPE: 120, 61823404.00, 61823405.00, 7494.48, 5412.22, 6.37%
- Epoch 123, ExpID 33836
Train - Loss: 9559526.12
Val - Loss, MSE, RMSE, MAE, MAPE: 20490198.00, 20490198.50, 4476.68, 3241.27, 4.10%
Test - Best epoch, Loss, MSE, RMSE, MAE, MAPE: 123, 61237580.00, 61237579.00, 7461.25, 5386.57, 6.33%
- Epoch 124, ExpID 33836
Train - Loss: 9521105.70
Val - Loss, MSE, RMSE, MAE, MAPE: 20743752.00, 20743751.00, 4499.04, 3261.36, 4.12%
Test - Best epoch, Loss, MSE, RMSE, MAE, MAPE: 123, 61237580.00, 61237579.00, 7461.25, 5386.57, 6.33%
- Epoch 125, ExpID 33836
Train - Loss: 9478879.43
Val - Loss, MSE, RMSE, MAE, MAPE: 20479554.00, 20479554.00, 4471.69, 3234.99, 4.09%
Test - Best epoch, Loss, MSE, RMSE, MAE, MAPE: 125, 61710040.00, 61710039.00, 7487.84, 5419.05, 6.38%
- Epoch 126, ExpID 33836
Train - Loss: 9424753.25
Val - Loss, MSE, RMSE, MAE, MAPE: 20771526.00, 20771526.50, 4504.39, 3254.55, 4.11%
Test - Best epoch, Loss, MSE, RMSE, MAE, MAPE: 125, 61710040.00, 61710039.00, 7487.84, 5419.05, 6.38%
- Epoch 127, ExpID 33836
Train - Loss: 9388388.45
Val - Loss, MSE, RMSE, MAE, MAPE: 20709430.00, 20709430.50, 4495.00, 3249.49, 4.11%
Test - Best epoch, Loss, MSE, RMSE, MAE, MAPE: 125, 61710040.00, 61710039.00, 7487.84, 5419.05, 6.38%
- Epoch 128, ExpID 33836
Train - Loss: 9408104.30
Val - Loss, MSE, RMSE, MAE, MAPE: 20569394.00, 20569394.00, 4478.99, 3241.94, 4.10%
Test - Best epoch, Loss, MSE, RMSE, MAE, MAPE: 125, 61710040.00, 61710039.00, 7487.84, 5419.05, 6.38%
- Epoch 129, ExpID 33836
Train - Loss: 9379996.78
Val - Loss, MSE, RMSE, MAE, MAPE: 20760024.00, 20760025.00, 4498.99, 3247.92, 4.10%
Test - Best epoch, Loss, MSE, RMSE, MAE, MAPE: 125, 61710040.00, 61710039.00, 7487.84, 5419.05, 6.38%
- Epoch 130, ExpID 33836
Train - Loss: 9358250.85
Val - Loss, MSE, RMSE, MAE, MAPE: 20889124.00, 20889123.50, 4518.31, 3271.17, 4.13%
Test - Best epoch, Loss, MSE, RMSE, MAE, MAPE: 125, 61710040.00, 61710039.00, 7487.84, 5419.05, 6.38%
- Epoch 131, ExpID 33836
Train - Loss: 9399833.30
Val - Loss, MSE, RMSE, MAE, MAPE: 20393428.00, 20393429.00, 4462.37, 3218.78, 4.07%
Test - Best epoch, Loss, MSE, RMSE, MAE, MAPE: 131, 61693504.00, 61693502.00, 7491.45, 5436.17, 6.41%
- Epoch 132, ExpID 33836
Train - Loss: 9294440.55
Val - Loss, MSE, RMSE, MAE, MAPE: 20796008.00, 20796008.50, 4507.99, 3266.14, 4.13%
Test - Best epoch, Loss, MSE, RMSE, MAE, MAPE: 131, 61693504.00, 61693502.00, 7491.45, 5436.17, 6.41%
- Epoch 133, ExpID 33836
Train - Loss: 9272233.55
Val - Loss, MSE, RMSE, MAE, MAPE: 20972406.00, 20972405.50, 4522.18, 3270.89, 4.13%
Test - Best epoch, Loss, MSE, RMSE, MAE, MAPE: 131, 61693504.00, 61693502.00, 7491.45, 5436.17, 6.41%
- Epoch 134, ExpID 33836
Train - Loss: 9250769.88
Val - Loss, MSE, RMSE, MAE, MAPE: 20772382.00, 20772381.50, 4504.94, 3253.71, 4.11%
Test - Best epoch, Loss, MSE, RMSE, MAE, MAPE: 131, 61693504.00, 61693502.00, 7491.45, 5436.17, 6.41%
- Epoch 135, ExpID 33836
Train - Loss: 9311503.10
Val - Loss, MSE, RMSE, MAE, MAPE: 20393262.00, 20393262.00, 4462.48, 3228.98, 4.09%
Test - Best epoch, Loss, MSE, RMSE, MAE, MAPE: 135, 61246616.00, 61246616.00, 7463.77, 5391.67, 6.36%
- Epoch 136, ExpID 33836
Train - Loss: 9258020.80
Val - Loss, MSE, RMSE, MAE, MAPE: 20518964.00, 20518963.00, 4473.74, 3239.19, 4.10%
Test - Best epoch, Loss, MSE, RMSE, MAE, MAPE: 135, 61246616.00, 61246616.00, 7463.77, 5391.67, 6.36%
- Epoch 137, ExpID 33836
Train - Loss: 9188052.60
Val - Loss, MSE, RMSE, MAE, MAPE: 20338018.00, 20338017.50, 4453.81, 3224.23, 4.08%
Test - Best epoch, Loss, MSE, RMSE, MAE, MAPE: 137, 61341120.00, 61341118.00, 7474.58, 5431.19, 6.39%
- Epoch 138, ExpID 33836
Train - Loss: 9179746.97
Val - Loss, MSE, RMSE, MAE, MAPE: 20437278.00, 20437278.00, 4466.98, 3235.64, 4.09%
Test - Best epoch, Loss, MSE, RMSE, MAE, MAPE: 137, 61341120.00, 61341118.00, 7474.58, 5431.19, 6.39%
- Epoch 139, ExpID 33836
Train - Loss: 9128264.70
Val - Loss, MSE, RMSE, MAE, MAPE: 20438246.00, 20438246.00, 4463.31, 3225.25, 4.08%
Test - Best epoch, Loss, MSE, RMSE, MAE, MAPE: 137, 61341120.00, 61341118.00, 7474.58, 5431.19, 6.39%
- Epoch 140, ExpID 33836
Train - Loss: 9164959.32
Val - Loss, MSE, RMSE, MAE, MAPE: 20463756.00, 20463756.00, 4471.19, 3247.79, 4.11%
Test - Best epoch, Loss, MSE, RMSE, MAE, MAPE: 137, 61341120.00, 61341118.00, 7474.58, 5431.19, 6.39%
- Epoch 141, ExpID 33836
Train - Loss: 9068996.72
Val - Loss, MSE, RMSE, MAE, MAPE: 20099998.00, 20099998.00, 4423.11, 3183.41, 4.03%
Test - Best epoch, Loss, MSE, RMSE, MAE, MAPE: 141, 61566428.00, 61566429.00, 7488.21, 5432.36, 6.39%
- Epoch 142, ExpID 33836
Train - Loss: 8998430.78
Val - Loss, MSE, RMSE, MAE, MAPE: 20230454.00, 20230453.50, 4438.47, 3208.86, 4.06%
Test - Best epoch, Loss, MSE, RMSE, MAE, MAPE: 141, 61566428.00, 61566429.00, 7488.21, 5432.36, 6.39%
- Epoch 143, ExpID 33836
Train - Loss: 9015958.40
Val - Loss, MSE, RMSE, MAE, MAPE: 20286310.00, 20286309.50, 4444.50, 3209.73, 4.06%
Test - Best epoch, Loss, MSE, RMSE, MAE, MAPE: 141, 61566428.00, 61566429.00, 7488.21, 5432.36, 6.39%
- Epoch 144, ExpID 33836
Train - Loss: 9030368.40
Val - Loss, MSE, RMSE, MAE, MAPE: 20407698.00, 20407697.50, 4461.88, 3227.65, 4.08%
Test - Best epoch, Loss, MSE, RMSE, MAE, MAPE: 141, 61566428.00, 61566429.00, 7488.21, 5432.36, 6.39%
- Epoch 145, ExpID 33836
Train - Loss: 8961704.47
Val - Loss, MSE, RMSE, MAE, MAPE: 20335214.00, 20335213.50, 4451.54, 3221.05, 4.07%
Test - Best epoch, Loss, MSE, RMSE, MAE, MAPE: 141, 61566428.00, 61566429.00, 7488.21, 5432.36, 6.39%
- Epoch 146, ExpID 33836
Train - Loss: 8926144.70
Val - Loss, MSE, RMSE, MAE, MAPE: 20257312.00, 20257313.00, 4446.34, 3214.90, 4.07%
Test - Best epoch, Loss, MSE, RMSE, MAE, MAPE: 141, 61566428.00, 61566429.00, 7488.21, 5432.36, 6.39%
- Epoch 147, ExpID 33836
Train - Loss: 8919726.28
Val - Loss, MSE, RMSE, MAE, MAPE: 20325564.00, 20325563.50, 4454.80, 3220.49, 4.07%
Test - Best epoch, Loss, MSE, RMSE, MAE, MAPE: 141, 61566428.00, 61566429.00, 7488.21, 5432.36, 6.39%
- Epoch 148, ExpID 33836
Train - Loss: 9008526.68
Val - Loss, MSE, RMSE, MAE, MAPE: 20254420.00, 20254420.50, 4444.94, 3215.32, 4.07%
Test - Best epoch, Loss, MSE, RMSE, MAE, MAPE: 141, 61566428.00, 61566429.00, 7488.21, 5432.36, 6.39%
- Epoch 149, ExpID 33836
Train - Loss: 8895560.82
Val - Loss, MSE, RMSE, MAE, MAPE: 20129806.00, 20129806.00, 4427.60, 3190.55, 4.04%
Test - Best epoch, Loss, MSE, RMSE, MAE, MAPE: 141, 61566428.00, 61566429.00, 7488.21, 5432.36, 6.39%
- Epoch 150, ExpID 33836
Train - Loss: 8900577.38
Val - Loss, MSE, RMSE, MAE, MAPE: 20153850.00, 20153850.00, 4436.26, 3209.35, 4.06%
Test - Best epoch, Loss, MSE, RMSE, MAE, MAPE: 141, 61566428.00, 61566429.00, 7488.21, 5432.36, 6.39%
- Epoch 151, ExpID 33836
Train - Loss: 8821294.25
Val - Loss, MSE, RMSE, MAE, MAPE: 20154992.00, 20154993.00, 4429.49, 3199.83, 4.05%
Test - Best epoch, Loss, MSE, RMSE, MAE, MAPE: 141, 61566428.00, 61566429.00, 7488.21, 5432.36, 6.39%
Early Stopping at Epoch 151
Fold 2017 Best RMSE: 7488.2053

-------------------- [Fold: 2018] ExpID: 16643 --------------------
- Epoch 000, ExpID 16643
Train - Loss: 36118788.00
Val - Loss, MSE, RMSE, MAE, MAPE: 87009712.00, 87009710.00, 9219.39, 7076.69, 8.39%
Test - Best epoch, Loss, MSE, RMSE, MAE, MAPE: 0, 51146668.00, 51146668.00, 7151.19, 5551.11, 6.04%
- Epoch 001, ExpID 16643
Train - Loss: 26846753.90
Val - Loss, MSE, RMSE, MAE, MAPE: 88697592.00, 88697594.00, 9186.71, 6982.54, 8.25%
Test - Best epoch, Loss, MSE, RMSE, MAE, MAPE: 0, 51146668.00, 51146668.00, 7151.19, 5551.11, 6.04%
- Epoch 002, ExpID 16643
Train - Loss: 24314099.62
Val - Loss, MSE, RMSE, MAE, MAPE: 88861264.00, 88861262.00, 9120.62, 6971.76, 8.24%
Test - Best epoch, Loss, MSE, RMSE, MAE, MAPE: 0, 51146668.00, 51146668.00, 7151.19, 5551.11, 6.04%
- Epoch 003, ExpID 16643
Train - Loss: 22852915.81
Val - Loss, MSE, RMSE, MAE, MAPE: 85796304.00, 85796304.00, 8929.51, 6794.55, 8.04%
Test - Best epoch, Loss, MSE, RMSE, MAE, MAPE: 3, 44630928.00, 44630928.00, 6664.32, 5039.95, 5.46%
- Epoch 004, ExpID 16643
Train - Loss: 21885307.43
Val - Loss, MSE, RMSE, MAE, MAPE: 83248656.00, 83248658.00, 8778.38, 6629.59, 7.86%
Test - Best epoch, Loss, MSE, RMSE, MAE, MAPE: 4, 43862076.00, 43862076.00, 6604.90, 4995.91, 5.41%
- Epoch 005, ExpID 16643
Train - Loss: 21291022.00
Val - Loss, MSE, RMSE, MAE, MAPE: 81122344.00, 81122344.00, 8655.41, 6512.88, 7.73%
Test - Best epoch, Loss, MSE, RMSE, MAE, MAPE: 5, 42845676.00, 42845676.00, 6529.24, 4917.62, 5.34%
- Epoch 006, ExpID 16643
Train - Loss: 20778636.48
Val - Loss, MSE, RMSE, MAE, MAPE: 79862832.00, 79862836.00, 8562.02, 6440.46, 7.64%
Test - Best epoch, Loss, MSE, RMSE, MAE, MAPE: 6, 42117280.00, 42117280.00, 6471.89, 4875.63, 5.29%
- Epoch 007, ExpID 16643
Train - Loss: 20288413.33
Val - Loss, MSE, RMSE, MAE, MAPE: 78959408.00, 78959408.00, 8499.71, 6374.39, 7.56%
Test - Best epoch, Loss, MSE, RMSE, MAE, MAPE: 7, 41494360.00, 41494362.00, 6424.79, 4831.56, 5.24%
- Epoch 008, ExpID 16643
Train - Loss: 19833941.52
Val - Loss, MSE, RMSE, MAE, MAPE: 77484008.00, 77484010.00, 8410.31, 6286.55, 7.46%
Test - Best epoch, Loss, MSE, RMSE, MAE, MAPE: 8, 40886636.00, 40886636.00, 6378.56, 4794.37, 5.20%
- Epoch 009, ExpID 16643
Train - Loss: 19500018.71
Val - Loss, MSE, RMSE, MAE, MAPE: 76853544.00, 76853546.00, 8379.19, 6236.03, 7.38%
Test - Best epoch, Loss, MSE, RMSE, MAE, MAPE: 9, 40876228.00, 40876228.00, 6380.00, 4793.17, 5.19%
- Epoch 010, ExpID 16643
Train - Loss: 19175973.90
Val - Loss, MSE, RMSE, MAE, MAPE: 75234424.00, 75234427.00, 8268.63, 6159.96, 7.31%
Test - Best epoch, Loss, MSE, RMSE, MAE, MAPE: 10, 39748288.00, 39748288.00, 6290.77, 4718.55, 5.12%
- Epoch 011, ExpID 16643
Train - Loss: 18842261.95
Val - Loss, MSE, RMSE, MAE, MAPE: 75692272.00, 75692276.00, 8276.88, 6168.68, 7.31%
Test - Best epoch, Loss, MSE, RMSE, MAE, MAPE: 10, 39748288.00, 39748288.00, 6290.77, 4718.55, 5.12%
- Epoch 012, ExpID 16643
Train - Loss: 18573327.71
Val - Loss, MSE, RMSE, MAE, MAPE: 73800096.00, 73800095.00, 8177.94, 6068.44, 7.18%
Test - Best epoch, Loss, MSE, RMSE, MAE, MAPE: 12, 39345808.00, 39345810.00, 6259.80, 4695.97, 5.09%
- Epoch 013, ExpID 16643
Train - Loss: 18200520.86
Val - Loss, MSE, RMSE, MAE, MAPE: 73880672.00, 73880670.00, 8181.52, 6074.96, 7.19%
Test - Best epoch, Loss, MSE, RMSE, MAE, MAPE: 12, 39345808.00, 39345810.00, 6259.80, 4695.97, 5.09%
- Epoch 014, ExpID 16643
Train - Loss: 18039959.48
Val - Loss, MSE, RMSE, MAE, MAPE: 72188584.00, 72188582.00, 8098.74, 5966.90, 7.05%
Test - Best epoch, Loss, MSE, RMSE, MAE, MAPE: 14, 38876660.00, 38876660.00, 6225.26, 4659.33, 5.05%
- Epoch 015, ExpID 16643
Train - Loss: 17747651.33
Val - Loss, MSE, RMSE, MAE, MAPE: 72304336.00, 72304334.00, 8102.10, 5992.76, 7.08%
Test - Best epoch, Loss, MSE, RMSE, MAE, MAPE: 14, 38876660.00, 38876660.00, 6225.26, 4659.33, 5.05%
- Epoch 016, ExpID 16643
Train - Loss: 17446920.24
Val - Loss, MSE, RMSE, MAE, MAPE: 73137528.00, 73137525.00, 8122.55, 6024.05, 7.09%
Test - Best epoch, Loss, MSE, RMSE, MAE, MAPE: 14, 38876660.00, 38876660.00, 6225.26, 4659.33, 5.05%
- Epoch 017, ExpID 16643
Train - Loss: 17333953.19
Val - Loss, MSE, RMSE, MAE, MAPE: 73573104.00, 73573105.00, 8136.12, 6041.11, 7.11%
Test - Best epoch, Loss, MSE, RMSE, MAE, MAPE: 14, 38876660.00, 38876660.00, 6225.26, 4659.33, 5.05%
- Epoch 018, ExpID 16643
Train - Loss: 17023645.62
Val - Loss, MSE, RMSE, MAE, MAPE: 71813936.00, 71813940.00, 8048.90, 5927.16, 6.98%
Test - Best epoch, Loss, MSE, RMSE, MAE, MAPE: 18, 37974712.00, 37974710.00, 6151.45, 4602.11, 4.97%
- Epoch 019, ExpID 16643
Train - Loss: 16815427.24
Val - Loss, MSE, RMSE, MAE, MAPE: 72854856.00, 72854854.00, 8107.36, 6011.86, 7.07%
Test - Best epoch, Loss, MSE, RMSE, MAE, MAPE: 18, 37974712.00, 37974710.00, 6151.45, 4602.11, 4.97%
- Epoch 020, ExpID 16643
Train - Loss: 16615379.43
Val - Loss, MSE, RMSE, MAE, MAPE: 70476608.00, 70476604.00, 8004.21, 5878.09, 6.92%
Test - Best epoch, Loss, MSE, RMSE, MAE, MAPE: 20, 37823412.00, 37823412.00, 6143.15, 4572.79, 4.94%
- Epoch 021, ExpID 16643
Train - Loss: 16459551.48
Val - Loss, MSE, RMSE, MAE, MAPE: 70432128.00, 70432124.00, 7981.52, 5868.08, 6.91%
Test - Best epoch, Loss, MSE, RMSE, MAE, MAPE: 21, 37232536.00, 37232535.00, 6092.53, 4538.67, 4.91%
- Epoch 022, ExpID 16643
Train - Loss: 16275956.52
Val - Loss, MSE, RMSE, MAE, MAPE: 69921648.00, 69921652.00, 7963.69, 5849.30, 6.91%
Test - Best epoch, Loss, MSE, RMSE, MAE, MAPE: 22, 36703788.00, 36703789.00, 6052.51, 4490.98, 4.86%
- Epoch 023, ExpID 16643
Train - Loss: 16106412.52
Val - Loss, MSE, RMSE, MAE, MAPE: 70519744.00, 70519741.00, 7972.65, 5861.15, 6.91%
Test - Best epoch, Loss, MSE, RMSE, MAE, MAPE: 22, 36703788.00, 36703789.00, 6052.51, 4490.98, 4.86%
- Epoch 024, ExpID 16643
Train - Loss: 15964601.10
Val - Loss, MSE, RMSE, MAE, MAPE: 69699776.00, 69699777.00, 7930.74, 5817.76, 6.85%
Test - Best epoch, Loss, MSE, RMSE, MAE, MAPE: 24, 36266128.00, 36266128.00, 6013.32, 4466.14, 4.83%
- Epoch 025, ExpID 16643
Train - Loss: 15731306.05
Val - Loss, MSE, RMSE, MAE, MAPE: 69813920.00, 69813922.00, 7950.96, 5852.89, 6.88%
Test - Best epoch, Loss, MSE, RMSE, MAE, MAPE: 24, 36266128.00, 36266128.00, 6013.32, 4466.14, 4.83%
- Epoch 026, ExpID 16643
Train - Loss: 15681170.29
Val - Loss, MSE, RMSE, MAE, MAPE: 68275016.00, 68275019.00, 7857.11, 5738.41, 6.77%
Test - Best epoch, Loss, MSE, RMSE, MAE, MAPE: 26, 35586416.00, 35586416.00, 5958.19, 4403.38, 4.77%
- Epoch 027, ExpID 16643
Train - Loss: 15502620.52
Val - Loss, MSE, RMSE, MAE, MAPE: 69423848.00, 69423850.00, 7912.22, 5807.27, 6.82%
Test - Best epoch, Loss, MSE, RMSE, MAE, MAPE: 26, 35586416.00, 35586416.00, 5958.19, 4403.38, 4.77%
- Epoch 028, ExpID 16643
Train - Loss: 15374032.19
Val - Loss, MSE, RMSE, MAE, MAPE: 69127024.00, 69127023.00, 7894.10, 5768.60, 6.78%
Test - Best epoch, Loss, MSE, RMSE, MAE, MAPE: 26, 35586416.00, 35586416.00, 5958.19, 4403.38, 4.77%
- Epoch 029, ExpID 16643
Train - Loss: 15274209.05
Val - Loss, MSE, RMSE, MAE, MAPE: 68674680.00, 68674680.00, 7868.41, 5761.84, 6.79%
Test - Best epoch, Loss, MSE, RMSE, MAE, MAPE: 26, 35586416.00, 35586416.00, 5958.19, 4403.38, 4.77%
- Epoch 030, ExpID 16643
Train - Loss: 15106884.62
Val - Loss, MSE, RMSE, MAE, MAPE: 69441144.00, 69441142.00, 7901.27, 5761.68, 6.78%
Test - Best epoch, Loss, MSE, RMSE, MAE, MAPE: 26, 35586416.00, 35586416.00, 5958.19, 4403.38, 4.77%
- Epoch 031, ExpID 16643
Train - Loss: 15008742.95
Val - Loss, MSE, RMSE, MAE, MAPE: 67853288.00, 67853288.00, 7842.82, 5707.63, 6.73%
Test - Best epoch, Loss, MSE, RMSE, MAE, MAPE: 31, 34987416.00, 34987415.00, 5907.78, 4360.47, 4.72%
- Epoch 032, ExpID 16643
Train - Loss: 14899579.90
Val - Loss, MSE, RMSE, MAE, MAPE: 67802400.00, 67802398.00, 7820.58, 5675.72, 6.71%
Test - Best epoch, Loss, MSE, RMSE, MAE, MAPE: 32, 34318368.00, 34318369.00, 5849.92, 4323.54, 4.69%
- Epoch 033, ExpID 16643
Train - Loss: 14770037.86
Val - Loss, MSE, RMSE, MAE, MAPE: 68997416.00, 68997414.00, 7867.93, 5710.99, 6.73%
Test - Best epoch, Loss, MSE, RMSE, MAE, MAPE: 32, 34318368.00, 34318369.00, 5849.92, 4323.54, 4.69%
- Epoch 034, ExpID 16643
Train - Loss: 14684249.33
Val - Loss, MSE, RMSE, MAE, MAPE: 68529480.00, 68529481.00, 7867.51, 5716.22, 6.74%
Test - Best epoch, Loss, MSE, RMSE, MAE, MAPE: 32, 34318368.00, 34318369.00, 5849.92, 4323.54, 4.69%
- Epoch 035, ExpID 16643
Train - Loss: 14550553.24
Val - Loss, MSE, RMSE, MAE, MAPE: 68613904.00, 68613908.00, 7864.10, 5728.22, 6.75%
Test - Best epoch, Loss, MSE, RMSE, MAE, MAPE: 32, 34318368.00, 34318369.00, 5849.92, 4323.54, 4.69%
- Epoch 036, ExpID 16643
Train - Loss: 14431039.67
Val - Loss, MSE, RMSE, MAE, MAPE: 67665136.00, 67665134.00, 7799.15, 5644.75, 6.67%
Test - Best epoch, Loss, MSE, RMSE, MAE, MAPE: 36, 33822624.00, 33822624.00, 5805.55, 4284.98, 4.64%
- Epoch 037, ExpID 16643
Train - Loss: 14446741.95
Val - Loss, MSE, RMSE, MAE, MAPE: 67964832.00, 67964830.00, 7826.88, 5665.45, 6.68%
Test - Best epoch, Loss, MSE, RMSE, MAE, MAPE: 36, 33822624.00, 33822624.00, 5805.55, 4284.98, 4.64%
- Epoch 038, ExpID 16643
Train - Loss: 14302274.10
Val - Loss, MSE, RMSE, MAE, MAPE: 67412024.00, 67412023.00, 7806.99, 5677.41, 6.70%
Test - Best epoch, Loss, MSE, RMSE, MAE, MAPE: 38, 34068968.00, 34068969.00, 5828.17, 4298.28, 4.65%
- Epoch 039, ExpID 16643
Train - Loss: 14215917.90
Val - Loss, MSE, RMSE, MAE, MAPE: 67156640.00, 67156644.00, 7774.13, 5625.07, 6.64%
Test - Best epoch, Loss, MSE, RMSE, MAE, MAPE: 39, 33789228.00, 33789229.00, 5801.44, 4278.07, 4.62%
- Epoch 040, ExpID 16643
Train - Loss: 13981513.14
Val - Loss, MSE, RMSE, MAE, MAPE: 67682160.00, 67682164.00, 7792.59, 5650.29, 6.67%
Test - Best epoch, Loss, MSE, RMSE, MAE, MAPE: 39, 33789228.00, 33789229.00, 5801.44, 4278.07, 4.62%
- Epoch 041, ExpID 16643
Train - Loss: 13985795.67
Val - Loss, MSE, RMSE, MAE, MAPE: 68060440.00, 68060438.00, 7808.63, 5660.68, 6.68%
Test - Best epoch, Loss, MSE, RMSE, MAE, MAPE: 39, 33789228.00, 33789229.00, 5801.44, 4278.07, 4.62%
- Epoch 042, ExpID 16643
Train - Loss: 13913807.71
Val - Loss, MSE, RMSE, MAE, MAPE: 68359496.00, 68359499.00, 7821.82, 5671.96, 6.70%
Test - Best epoch, Loss, MSE, RMSE, MAE, MAPE: 39, 33789228.00, 33789229.00, 5801.44, 4278.07, 4.62%
- Epoch 043, ExpID 16643
Train - Loss: 13750178.52
Val - Loss, MSE, RMSE, MAE, MAPE: 67947504.00, 67947502.00, 7800.69, 5667.69, 6.69%
Test - Best epoch, Loss, MSE, RMSE, MAE, MAPE: 39, 33789228.00, 33789229.00, 5801.44, 4278.07, 4.62%
- Epoch 044, ExpID 16643
Train - Loss: 13662415.38
Val - Loss, MSE, RMSE, MAE, MAPE: 68231280.00, 68231281.00, 7832.35, 5709.20, 6.74%
Test - Best epoch, Loss, MSE, RMSE, MAE, MAPE: 39, 33789228.00, 33789229.00, 5801.44, 4278.07, 4.62%
- Epoch 045, ExpID 16643
Train - Loss: 13655118.76
Val - Loss, MSE, RMSE, MAE, MAPE: 68263592.00, 68263591.00, 7822.85, 5690.91, 6.72%
Test - Best epoch, Loss, MSE, RMSE, MAE, MAPE: 39, 33789228.00, 33789229.00, 5801.44, 4278.07, 4.62%
- Epoch 046, ExpID 16643
Train - Loss: 13554331.71
Val - Loss, MSE, RMSE, MAE, MAPE: 69176720.00, 69176721.00, 7866.09, 5744.22, 6.78%
Test - Best epoch, Loss, MSE, RMSE, MAE, MAPE: 39, 33789228.00, 33789229.00, 5801.44, 4278.07, 4.62%
- Epoch 047, ExpID 16643
Train - Loss: 13460803.71
Val - Loss, MSE, RMSE, MAE, MAPE: 69049032.00, 69049034.00, 7850.41, 5718.85, 6.76%
Test - Best epoch, Loss, MSE, RMSE, MAE, MAPE: 39, 33789228.00, 33789229.00, 5801.44, 4278.07, 4.62%
- Epoch 048, ExpID 16643
Train - Loss: 13497860.52
Val - Loss, MSE, RMSE, MAE, MAPE: 67844784.00, 67844782.00, 7801.61, 5689.55, 6.73%
Test - Best epoch, Loss, MSE, RMSE, MAE, MAPE: 39, 33789228.00, 33789229.00, 5801.44, 4278.07, 4.62%
- Epoch 049, ExpID 16643
Train - Loss: 13281385.29
Val - Loss, MSE, RMSE, MAE, MAPE: 68079560.00, 68079562.00, 7808.20, 5684.30, 6.73%
Test - Best epoch, Loss, MSE, RMSE, MAE, MAPE: 39, 33789228.00, 33789229.00, 5801.44, 4278.07, 4.62%
Early Stopping at Epoch 49
Fold 2018 Best RMSE: 5801.4417

-------------------- [Fold: 2019] ExpID: 18109 --------------------
- Epoch 000, ExpID 18109
Train - Loss: 40444040.17
Val - Loss, MSE, RMSE, MAE, MAPE: 52021400.00, 52021398.00, 7211.73, 5592.90, 6.09%
Test - Best epoch, Loss, MSE, RMSE, MAE, MAPE: 0, 53993360.00, 53993360.00, 7262.54, 5604.72, 5.91%
- Epoch 001, ExpID 18109
Train - Loss: 29701122.52
Val - Loss, MSE, RMSE, MAE, MAPE: 48210596.00, 48210596.00, 6933.13, 5327.52, 5.77%
Test - Best epoch, Loss, MSE, RMSE, MAE, MAPE: 1, 47866880.00, 47866878.00, 6858.50, 5202.31, 5.46%
- Epoch 002, ExpID 18109
Train - Loss: 26831604.52
Val - Loss, MSE, RMSE, MAE, MAPE: 45708412.00, 45708412.00, 6746.79, 5118.09, 5.56%
Test - Best epoch, Loss, MSE, RMSE, MAE, MAPE: 2, 43186020.00, 43186021.00, 6497.24, 4890.22, 5.13%
- Epoch 003, ExpID 18109
Train - Loss: 25301699.39
Val - Loss, MSE, RMSE, MAE, MAPE: 44329272.00, 44329270.00, 6640.43, 5022.44, 5.47%
Test - Best epoch, Loss, MSE, RMSE, MAE, MAPE: 3, 41514548.00, 41514547.00, 6362.87, 4788.50, 5.04%
- Epoch 004, ExpID 18109
Train - Loss: 24087340.17
Val - Loss, MSE, RMSE, MAE, MAPE: 43155868.00, 43155868.00, 6549.88, 4922.78, 5.35%
Test - Best epoch, Loss, MSE, RMSE, MAE, MAPE: 4, 40026512.00, 40026512.00, 6243.18, 4686.35, 4.92%
- Epoch 005, ExpID 18109
Train - Loss: 23478080.87
Val - Loss, MSE, RMSE, MAE, MAPE: 42281336.00, 42281336.00, 6484.27, 4878.12, 5.31%
Test - Best epoch, Loss, MSE, RMSE, MAE, MAPE: 5, 39244756.00, 39244756.00, 6174.31, 4634.79, 4.88%
- Epoch 006, ExpID 18109
Train - Loss: 22928071.48
Val - Loss, MSE, RMSE, MAE, MAPE: 41433728.00, 41433726.00, 6422.13, 4818.97, 5.24%
Test - Best epoch, Loss, MSE, RMSE, MAE, MAPE: 6, 38194048.00, 38194050.00, 6086.17, 4566.73, 4.80%
- Epoch 007, ExpID 18109
Train - Loss: 22426329.22
Val - Loss, MSE, RMSE, MAE, MAPE: 40684688.00, 40684688.00, 6362.53, 4765.51, 5.19%
Test - Best epoch, Loss, MSE, RMSE, MAE, MAPE: 7, 37455168.00, 37455168.00, 6024.59, 4506.77, 4.74%
- Epoch 008, ExpID 18109
Train - Loss: 21907697.91
Val - Loss, MSE, RMSE, MAE, MAPE: 40000688.00, 40000686.00, 6309.64, 4733.28, 5.15%
Test - Best epoch, Loss, MSE, RMSE, MAE, MAPE: 8, 36916032.00, 36916033.00, 5976.19, 4464.44, 4.69%
- Epoch 009, ExpID 18109
Train - Loss: 21572682.00
Val - Loss, MSE, RMSE, MAE, MAPE: 39909604.00, 39909604.00, 6303.17, 4716.08, 5.13%
Test - Best epoch, Loss, MSE, RMSE, MAE, MAPE: 9, 36586096.00, 36586097.00, 5951.45, 4436.87, 4.66%
- Epoch 010, ExpID 18109
Train - Loss: 20982658.52
Val - Loss, MSE, RMSE, MAE, MAPE: 39666124.00, 39666124.00, 6284.35, 4715.63, 5.13%
Test - Best epoch, Loss, MSE, RMSE, MAE, MAPE: 10, 36139720.00, 36139720.00, 5912.99, 4419.82, 4.65%
- Epoch 011, ExpID 18109
Train - Loss: 20748342.35
Val - Loss, MSE, RMSE, MAE, MAPE: 39154000.00, 39153998.00, 6243.30, 4675.73, 5.09%
Test - Best epoch, Loss, MSE, RMSE, MAE, MAPE: 11, 36001784.00, 36001784.00, 5897.51, 4397.65, 4.62%
- Epoch 012, ExpID 18109
Train - Loss: 20417755.65
Val - Loss, MSE, RMSE, MAE, MAPE: 39030632.00, 39030634.00, 6235.38, 4676.56, 5.10%
Test - Best epoch, Loss, MSE, RMSE, MAE, MAPE: 12, 35789472.00, 35789474.00, 5882.53, 4398.80, 4.63%
- Epoch 013, ExpID 18109
Train - Loss: 20189456.35
Val - Loss, MSE, RMSE, MAE, MAPE: 38423936.00, 38423934.00, 6186.59, 4624.88, 5.03%
Test - Best epoch, Loss, MSE, RMSE, MAE, MAPE: 13, 35107424.00, 35107423.00, 5821.27, 4328.08, 4.54%
- Epoch 014, ExpID 18109
Train - Loss: 19952206.70
Val - Loss, MSE, RMSE, MAE, MAPE: 38578808.00, 38578807.00, 6197.62, 4642.20, 5.04%
Test - Best epoch, Loss, MSE, RMSE, MAE, MAPE: 13, 35107424.00, 35107423.00, 5821.27, 4328.08, 4.54%
- Epoch 015, ExpID 18109
Train - Loss: 19544920.78
Val - Loss, MSE, RMSE, MAE, MAPE: 38243000.00, 38243002.00, 6171.43, 4621.16, 5.02%
Test - Best epoch, Loss, MSE, RMSE, MAE, MAPE: 15, 34628040.00, 34628040.00, 5785.87, 4298.41, 4.51%
- Epoch 016, ExpID 18109
Train - Loss: 19280999.13
Val - Loss, MSE, RMSE, MAE, MAPE: 37726500.00, 37726501.00, 6128.26, 4581.94, 4.98%
Test - Best epoch, Loss, MSE, RMSE, MAE, MAPE: 16, 34607200.00, 34607198.00, 5782.86, 4290.17, 4.50%
- Epoch 017, ExpID 18109
Train - Loss: 19070815.83
Val - Loss, MSE, RMSE, MAE, MAPE: 37617428.00, 37617428.00, 6121.71, 4574.35, 4.98%
Test - Best epoch, Loss, MSE, RMSE, MAE, MAPE: 17, 34108104.00, 34108106.00, 5736.78, 4262.33, 4.48%
- Epoch 018, ExpID 18109
Train - Loss: 18781582.61
Val - Loss, MSE, RMSE, MAE, MAPE: 37623044.00, 37623045.00, 6119.10, 4594.26, 4.98%
Test - Best epoch, Loss, MSE, RMSE, MAE, MAPE: 17, 34108104.00, 34108106.00, 5736.78, 4262.33, 4.48%
- Epoch 019, ExpID 18109
Train - Loss: 18515993.26
Val - Loss, MSE, RMSE, MAE, MAPE: 36724216.00, 36724216.00, 6045.97, 4513.07, 4.90%
Test - Best epoch, Loss, MSE, RMSE, MAE, MAPE: 19, 33557272.00, 33557272.00, 5696.20, 4227.40, 4.43%
- Epoch 020, ExpID 18109
Train - Loss: 18322669.78
Val - Loss, MSE, RMSE, MAE, MAPE: 37001260.00, 37001260.00, 6071.05, 4536.68, 4.93%
Test - Best epoch, Loss, MSE, RMSE, MAE, MAPE: 19, 33557272.00, 33557272.00, 5696.20, 4227.40, 4.43%
- Epoch 021, ExpID 18109
Train - Loss: 18193422.04
Val - Loss, MSE, RMSE, MAE, MAPE: 36233624.00, 36233622.00, 6005.87, 4477.26, 4.87%
Test - Best epoch, Loss, MSE, RMSE, MAE, MAPE: 21, 32983982.00, 32983982.00, 5639.74, 4195.96, 4.41%
- Epoch 022, ExpID 18109
Train - Loss: 17997743.13
Val - Loss, MSE, RMSE, MAE, MAPE: 36074344.00, 36074343.00, 5993.70, 4464.42, 4.85%
Test - Best epoch, Loss, MSE, RMSE, MAE, MAPE: 22, 32899266.00, 32899266.00, 5635.95, 4181.64, 4.38%
- Epoch 023, ExpID 18109
Train - Loss: 17829728.70
Val - Loss, MSE, RMSE, MAE, MAPE: 35552392.00, 35552391.00, 5949.80, 4430.03, 4.82%
Test - Best epoch, Loss, MSE, RMSE, MAE, MAPE: 23, 32660308.00, 32660309.00, 5612.49, 4183.40, 4.39%
- Epoch 024, ExpID 18109
Train - Loss: 17506387.30
Val - Loss, MSE, RMSE, MAE, MAPE: 36283328.00, 36283326.00, 6008.19, 4489.95, 4.86%
Test - Best epoch, Loss, MSE, RMSE, MAE, MAPE: 23, 32660308.00, 32660309.00, 5612.49, 4183.40, 4.39%
- Epoch 025, ExpID 18109
Train - Loss: 17322611.96
Val - Loss, MSE, RMSE, MAE, MAPE: 35640840.00, 35640842.00, 5954.19, 4448.62, 4.82%
Test - Best epoch, Loss, MSE, RMSE, MAE, MAPE: 23, 32660308.00, 32660309.00, 5612.49, 4183.40, 4.39%
- Epoch 026, ExpID 18109
Train - Loss: 17240882.17
Val - Loss, MSE, RMSE, MAE, MAPE: 34901368.00, 34901368.00, 5892.09, 4380.12, 4.76%
Test - Best epoch, Loss, MSE, RMSE, MAE, MAPE: 26, 32081756.00, 32081755.00, 5570.61, 4153.87, 4.35%
- Epoch 027, ExpID 18109
Train - Loss: 16989685.65
Val - Loss, MSE, RMSE, MAE, MAPE: 34765512.00, 34765513.00, 5883.00, 4365.00, 4.73%
Test - Best epoch, Loss, MSE, RMSE, MAE, MAPE: 27, 31912852.00, 31912853.00, 5554.56, 4139.37, 4.33%
- Epoch 028, ExpID 18109
Train - Loss: 17023345.43
Val - Loss, MSE, RMSE, MAE, MAPE: 33881148.00, 33881148.00, 5809.57, 4293.14, 4.67%
Test - Best epoch, Loss, MSE, RMSE, MAE, MAPE: 28, 31494180.00, 31494180.00, 5509.87, 4111.17, 4.32%
- Epoch 029, ExpID 18109
Train - Loss: 16718994.09
Val - Loss, MSE, RMSE, MAE, MAPE: 34132512.00, 34132513.00, 5828.43, 4326.98, 4.70%
Test - Best epoch, Loss, MSE, RMSE, MAE, MAPE: 28, 31494180.00, 31494180.00, 5509.87, 4111.17, 4.32%
- Epoch 030, ExpID 18109
Train - Loss: 16585823.35
Val - Loss, MSE, RMSE, MAE, MAPE: 34385476.00, 34385477.00, 5848.95, 4347.98, 4.71%
Test - Best epoch, Loss, MSE, RMSE, MAE, MAPE: 28, 31494180.00, 31494180.00, 5509.87, 4111.17, 4.32%
- Epoch 031, ExpID 18109
Train - Loss: 16536218.65
Val - Loss, MSE, RMSE, MAE, MAPE: 34111868.00, 34111868.00, 5826.25, 4324.22, 4.70%
Test - Best epoch, Loss, MSE, RMSE, MAE, MAPE: 28, 31494180.00, 31494180.00, 5509.87, 4111.17, 4.32%
- Epoch 032, ExpID 18109
Train - Loss: 16272683.83
Val - Loss, MSE, RMSE, MAE, MAPE: 33715808.00, 33715806.00, 5792.31, 4296.97, 4.66%
Test - Best epoch, Loss, MSE, RMSE, MAE, MAPE: 32, 30764844.00, 30764844.00, 5453.61, 4073.54, 4.27%
- Epoch 033, ExpID 18109
Train - Loss: 16130525.74
Val - Loss, MSE, RMSE, MAE, MAPE: 33313496.00, 33313496.00, 5758.20, 4256.45, 4.62%
Test - Best epoch, Loss, MSE, RMSE, MAE, MAPE: 33, 30514088.00, 30514088.00, 5424.58, 4054.96, 4.25%
- Epoch 034, ExpID 18109
Train - Loss: 16139010.78
Val - Loss, MSE, RMSE, MAE, MAPE: 32995480.00, 32995481.00, 5730.98, 4238.04, 4.60%
Test - Best epoch, Loss, MSE, RMSE, MAE, MAPE: 34, 30231838.00, 30231838.00, 5400.62, 4036.36, 4.23%
- Epoch 035, ExpID 18109
Train - Loss: 15941784.43
Val - Loss, MSE, RMSE, MAE, MAPE: 33415020.00, 33415019.00, 5765.18, 4278.13, 4.63%
Test - Best epoch, Loss, MSE, RMSE, MAE, MAPE: 34, 30231838.00, 30231838.00, 5400.62, 4036.36, 4.23%
- Epoch 036, ExpID 18109
Train - Loss: 15869798.13
Val - Loss, MSE, RMSE, MAE, MAPE: 32899364.00, 32899365.00, 5723.49, 4232.21, 4.59%
Test - Best epoch, Loss, MSE, RMSE, MAE, MAPE: 36, 30117176.00, 30117176.00, 5389.41, 4019.74, 4.21%
- Epoch 037, ExpID 18109
Train - Loss: 15665568.43
Val - Loss, MSE, RMSE, MAE, MAPE: 32878020.00, 32878019.00, 5720.13, 4226.28, 4.59%
Test - Best epoch, Loss, MSE, RMSE, MAE, MAPE: 37, 30016892.00, 30016891.00, 5378.27, 4017.79, 4.21%
- Epoch 038, ExpID 18109
Train - Loss: 15759485.87
Val - Loss, MSE, RMSE, MAE, MAPE: 32984692.00, 32984691.00, 5728.05, 4238.89, 4.60%
Test - Best epoch, Loss, MSE, RMSE, MAE, MAPE: 37, 30016892.00, 30016891.00, 5378.27, 4017.79, 4.21%
- Epoch 039, ExpID 18109
Train - Loss: 15376212.13
Val - Loss, MSE, RMSE, MAE, MAPE: 32756716.00, 32756716.00, 5710.15, 4211.86, 4.57%
Test - Best epoch, Loss, MSE, RMSE, MAE, MAPE: 39, 30014902.00, 30014902.00, 5381.08, 4020.65, 4.21%
- Epoch 040, ExpID 18109
Train - Loss: 15440771.39
Val - Loss, MSE, RMSE, MAE, MAPE: 32351248.00, 32351247.00, 5676.05, 4184.76, 4.54%
Test - Best epoch, Loss, MSE, RMSE, MAE, MAPE: 40, 29357864.00, 29357865.00, 5322.75, 3976.78, 4.17%
- Epoch 041, ExpID 18109
Train - Loss: 15240367.96
Val - Loss, MSE, RMSE, MAE, MAPE: 32263580.00, 32263581.00, 5667.39, 4176.09, 4.53%
Test - Best epoch, Loss, MSE, RMSE, MAE, MAPE: 41, 29599766.00, 29599766.00, 5341.70, 3991.09, 4.18%
- Epoch 042, ExpID 18109
Train - Loss: 15250645.13
Val - Loss, MSE, RMSE, MAE, MAPE: 32257502.00, 32257502.00, 5664.08, 4182.45, 4.53%
Test - Best epoch, Loss, MSE, RMSE, MAE, MAPE: 42, 29087954.00, 29087954.00, 5303.11, 3951.82, 4.13%
- Epoch 043, ExpID 18109
Train - Loss: 15119683.52
Val - Loss, MSE, RMSE, MAE, MAPE: 32382340.00, 32382340.00, 5676.21, 4195.98, 4.54%
Test - Best epoch, Loss, MSE, RMSE, MAE, MAPE: 42, 29087954.00, 29087954.00, 5303.11, 3951.82, 4.13%
- Epoch 044, ExpID 18109
Train - Loss: 15018472.04
Val - Loss, MSE, RMSE, MAE, MAPE: 32432696.00, 32432695.00, 5680.82, 4201.01, 4.55%
Test - Best epoch, Loss, MSE, RMSE, MAE, MAPE: 42, 29087954.00, 29087954.00, 5303.11, 3951.82, 4.13%
- Epoch 045, ExpID 18109
Train - Loss: 15007151.52
Val - Loss, MSE, RMSE, MAE, MAPE: 32148776.00, 32148775.00, 5654.56, 4175.80, 4.52%
Test - Best epoch, Loss, MSE, RMSE, MAE, MAPE: 45, 29060068.00, 29060069.00, 5301.99, 3947.96, 4.13%
- Epoch 046, ExpID 18109
Train - Loss: 14814243.04
Val - Loss, MSE, RMSE, MAE, MAPE: 32031010.00, 32031010.00, 5645.42, 4161.91, 4.51%
Test - Best epoch, Loss, MSE, RMSE, MAE, MAPE: 46, 28900406.00, 28900406.00, 5286.60, 3937.86, 4.12%
- Epoch 047, ExpID 18109
Train - Loss: 14723166.35
Val - Loss, MSE, RMSE, MAE, MAPE: 32032054.00, 32032054.00, 5646.12, 4156.30, 4.50%
Test - Best epoch, Loss, MSE, RMSE, MAE, MAPE: 46, 28900406.00, 28900406.00, 5286.60, 3937.86, 4.12%
- Epoch 048, ExpID 18109
Train - Loss: 14650311.22
Val - Loss, MSE, RMSE, MAE, MAPE: 31938878.00, 31938878.00, 5637.37, 4160.50, 4.50%
Test - Best epoch, Loss, MSE, RMSE, MAE, MAPE: 48, 28516800.00, 28516801.00, 5251.35, 3898.68, 4.08%
- Epoch 049, ExpID 18109
Train - Loss: 14565514.22
Val - Loss, MSE, RMSE, MAE, MAPE: 32068680.00, 32068679.00, 5648.05, 4164.60, 4.51%
Test - Best epoch, Loss, MSE, RMSE, MAE, MAPE: 48, 28516800.00, 28516801.00, 5251.35, 3898.68, 4.08%
- Epoch 050, ExpID 18109
Train - Loss: 14501730.09
Val - Loss, MSE, RMSE, MAE, MAPE: 32034870.00, 32034870.00, 5645.53, 4156.96, 4.50%
Test - Best epoch, Loss, MSE, RMSE, MAE, MAPE: 48, 28516800.00, 28516801.00, 5251.35, 3898.68, 4.08%
- Epoch 051, ExpID 18109
Train - Loss: 14300043.65
Val - Loss, MSE, RMSE, MAE, MAPE: 31805094.00, 31805094.00, 5623.71, 4145.08, 4.49%
Test - Best epoch, Loss, MSE, RMSE, MAE, MAPE: 51, 28532964.00, 28532965.00, 5257.26, 3915.27, 4.10%
- Epoch 052, ExpID 18109
Train - Loss: 14321764.52
Val - Loss, MSE, RMSE, MAE, MAPE: 31706968.00, 31706967.00, 5616.16, 4128.19, 4.48%
Test - Best epoch, Loss, MSE, RMSE, MAE, MAPE: 52, 28688108.00, 28688108.00, 5259.22, 3917.18, 4.10%
- Epoch 053, ExpID 18109
Train - Loss: 14262831.74
Val - Loss, MSE, RMSE, MAE, MAPE: 31394140.00, 31394141.00, 5590.02, 4110.30, 4.46%
Test - Best epoch, Loss, MSE, RMSE, MAE, MAPE: 53, 28383364.00, 28383365.00, 5234.27, 3893.39, 4.08%
- Epoch 054, ExpID 18109
Train - Loss: 14133342.91
Val - Loss, MSE, RMSE, MAE, MAPE: 31150676.00, 31150675.00, 5569.58, 4091.43, 4.43%
Test - Best epoch, Loss, MSE, RMSE, MAE, MAPE: 54, 27918332.00, 27918333.00, 5192.80, 3854.17, 4.04%
- Epoch 055, ExpID 18109
Train - Loss: 14083386.91
Val - Loss, MSE, RMSE, MAE, MAPE: 31641192.00, 31641191.00, 5609.83, 4133.62, 4.47%
Test - Best epoch, Loss, MSE, RMSE, MAE, MAPE: 54, 27918332.00, 27918333.00, 5192.80, 3854.17, 4.04%
- Epoch 056, ExpID 18109
Train - Loss: 13989165.04
Val - Loss, MSE, RMSE, MAE, MAPE: 30878624.00, 30878624.00, 5544.50, 4065.58, 4.41%
Test - Best epoch, Loss, MSE, RMSE, MAE, MAPE: 56, 27907432.00, 27907431.00, 5186.40, 3849.02, 4.03%
- Epoch 057, ExpID 18109
Train - Loss: 13901685.13
Val - Loss, MSE, RMSE, MAE, MAPE: 31529612.00, 31529611.00, 5600.86, 4113.45, 4.46%
Test - Best epoch, Loss, MSE, RMSE, MAE, MAPE: 56, 27907432.00, 27907431.00, 5186.40, 3849.02, 4.03%
- Epoch 058, ExpID 18109
Train - Loss: 13901476.09
Val - Loss, MSE, RMSE, MAE, MAPE: 31189824.00, 31189823.00, 5570.23, 4094.81, 4.43%
Test - Best epoch, Loss, MSE, RMSE, MAE, MAPE: 56, 27907432.00, 27907431.00, 5186.40, 3849.02, 4.03%
- Epoch 059, ExpID 18109
Train - Loss: 13868751.13
Val - Loss, MSE, RMSE, MAE, MAPE: 31300164.00, 31300165.00, 5579.11, 4095.08, 4.43%
Test - Best epoch, Loss, MSE, RMSE, MAE, MAPE: 56, 27907432.00, 27907431.00, 5186.40, 3849.02, 4.03%
- Epoch 060, ExpID 18109
Train - Loss: 13712558.22
Val - Loss, MSE, RMSE, MAE, MAPE: 31330960.00, 31330959.00, 5580.85, 4093.95, 4.44%
Test - Best epoch, Loss, MSE, RMSE, MAE, MAPE: 56, 27907432.00, 27907431.00, 5186.40, 3849.02, 4.03%
- Epoch 061, ExpID 18109
Train - Loss: 13639013.57
Val - Loss, MSE, RMSE, MAE, MAPE: 31145012.00, 31145013.00, 5563.84, 4079.82, 4.42%
Test - Best epoch, Loss, MSE, RMSE, MAE, MAPE: 56, 27907432.00, 27907431.00, 5186.40, 3849.02, 4.03%
- Epoch 062, ExpID 18109
Train - Loss: 13612524.35
Val - Loss, MSE, RMSE, MAE, MAPE: 30955824.00, 30955823.00, 5549.69, 4072.52, 4.41%
Test - Best epoch, Loss, MSE, RMSE, MAE, MAPE: 56, 27907432.00, 27907431.00, 5186.40, 3849.02, 4.03%
- Epoch 063, ExpID 18109
Train - Loss: 13678983.26
Val - Loss, MSE, RMSE, MAE, MAPE: 31296676.00, 31296675.00, 5578.01, 4100.91, 4.44%
Test - Best epoch, Loss, MSE, RMSE, MAE, MAPE: 56, 27907432.00, 27907431.00, 5186.40, 3849.02, 4.03%
- Epoch 064, ExpID 18109
Train - Loss: 13503819.52
Val - Loss, MSE, RMSE, MAE, MAPE: 30771028.00, 30771027.00, 5534.03, 4062.62, 4.40%
Test - Best epoch, Loss, MSE, RMSE, MAE, MAPE: 64, 27635844.00, 27635844.00, 5165.80, 3831.45, 4.01%
- Epoch 065, ExpID 18109
Train - Loss: 13409206.04
Val - Loss, MSE, RMSE, MAE, MAPE: 30752440.00, 30752440.00, 5531.52, 4059.09, 4.39%
Test - Best epoch, Loss, MSE, RMSE, MAE, MAPE: 65, 27393096.00, 27393095.00, 5152.04, 3813.16, 3.99%
- Epoch 066, ExpID 18109
Train - Loss: 13414898.30
Val - Loss, MSE, RMSE, MAE, MAPE: 31189420.00, 31189421.00, 5569.06, 4092.84, 4.43%
Test - Best epoch, Loss, MSE, RMSE, MAE, MAPE: 65, 27393096.00, 27393095.00, 5152.04, 3813.16, 3.99%
- Epoch 067, ExpID 18109
Train - Loss: 13298729.26
Val - Loss, MSE, RMSE, MAE, MAPE: 30880700.00, 30880701.00, 5541.31, 4071.37, 4.41%
Test - Best epoch, Loss, MSE, RMSE, MAE, MAPE: 65, 27393096.00, 27393095.00, 5152.04, 3813.16, 3.99%
- Epoch 068, ExpID 18109
Train - Loss: 13286701.04
Val - Loss, MSE, RMSE, MAE, MAPE: 30870888.00, 30870887.00, 5540.32, 4060.83, 4.40%
Test - Best epoch, Loss, MSE, RMSE, MAE, MAPE: 65, 27393096.00, 27393095.00, 5152.04, 3813.16, 3.99%
- Epoch 069, ExpID 18109
Train - Loss: 13226915.96
Val - Loss, MSE, RMSE, MAE, MAPE: 30571576.00, 30571577.00, 5514.22, 4043.98, 4.38%
Test - Best epoch, Loss, MSE, RMSE, MAE, MAPE: 69, 27265612.00, 27265611.00, 5139.18, 3805.24, 3.98%
- Epoch 070, ExpID 18109
Train - Loss: 13112091.91
Val - Loss, MSE, RMSE, MAE, MAPE: 30497580.00, 30497581.00, 5508.95, 4036.34, 4.37%
Test - Best epoch, Loss, MSE, RMSE, MAE, MAPE: 70, 27269560.00, 27269559.00, 5137.26, 3805.58, 3.98%
- Epoch 071, ExpID 18109
Train - Loss: 13049598.74
Val - Loss, MSE, RMSE, MAE, MAPE: 30777204.00, 30777204.00, 5532.53, 4065.55, 4.40%
Test - Best epoch, Loss, MSE, RMSE, MAE, MAPE: 70, 27269560.00, 27269559.00, 5137.26, 3805.58, 3.98%
- Epoch 072, ExpID 18109
Train - Loss: 13143661.65
Val - Loss, MSE, RMSE, MAE, MAPE: 30430132.00, 30430133.00, 5499.98, 4037.40, 4.37%
Test - Best epoch, Loss, MSE, RMSE, MAE, MAPE: 72, 27669372.00, 27669373.00, 5181.80, 3848.85, 4.02%
- Epoch 073, ExpID 18109
Train - Loss: 13039361.43
Val - Loss, MSE, RMSE, MAE, MAPE: 30566776.00, 30566776.00, 5514.02, 4032.32, 4.37%
Test - Best epoch, Loss, MSE, RMSE, MAE, MAPE: 72, 27669372.00, 27669373.00, 5181.80, 3848.85, 4.02%
- Epoch 074, ExpID 18109
Train - Loss: 12951971.04
Val - Loss, MSE, RMSE, MAE, MAPE: 30512580.00, 30512580.00, 5507.74, 4039.30, 4.37%
Test - Best epoch, Loss, MSE, RMSE, MAE, MAPE: 72, 27669372.00, 27669373.00, 5181.80, 3848.85, 4.02%
- Epoch 075, ExpID 18109
Train - Loss: 12830213.61
Val - Loss, MSE, RMSE, MAE, MAPE: 30697988.00, 30697989.00, 5524.21, 4063.70, 4.40%
Test - Best epoch, Loss, MSE, RMSE, MAE, MAPE: 72, 27669372.00, 27669373.00, 5181.80, 3848.85, 4.02%
- Epoch 076, ExpID 18109
Train - Loss: 12778701.96
Val - Loss, MSE, RMSE, MAE, MAPE: 30597440.00, 30597441.00, 5515.94, 4039.69, 4.37%
Test - Best epoch, Loss, MSE, RMSE, MAE, MAPE: 72, 27669372.00, 27669373.00, 5181.80, 3848.85, 4.02%
- Epoch 077, ExpID 18109
Train - Loss: 12789217.57
Val - Loss, MSE, RMSE, MAE, MAPE: 30668712.00, 30668711.00, 5523.73, 4050.11, 4.38%
Test - Best epoch, Loss, MSE, RMSE, MAE, MAPE: 72, 27669372.00, 27669373.00, 5181.80, 3848.85, 4.02%
- Epoch 078, ExpID 18109
Train - Loss: 12702147.35
Val - Loss, MSE, RMSE, MAE, MAPE: 30707202.00, 30707202.00, 5526.61, 4053.70, 4.39%
Test - Best epoch, Loss, MSE, RMSE, MAE, MAPE: 72, 27669372.00, 27669373.00, 5181.80, 3848.85, 4.02%
- Epoch 079, ExpID 18109
Train - Loss: 12771912.30
Val - Loss, MSE, RMSE, MAE, MAPE: 30995188.00, 30995187.00, 5550.10, 4083.74, 4.41%
Test - Best epoch, Loss, MSE, RMSE, MAE, MAPE: 72, 27669372.00, 27669373.00, 5181.80, 3848.85, 4.02%
- Epoch 080, ExpID 18109
Train - Loss: 12617627.70
Val - Loss, MSE, RMSE, MAE, MAPE: 30478840.00, 30478841.00, 5506.27, 4029.58, 4.36%
Test - Best epoch, Loss, MSE, RMSE, MAE, MAPE: 72, 27669372.00, 27669373.00, 5181.80, 3848.85, 4.02%
- Epoch 081, ExpID 18109
Train - Loss: 12662265.09
Val - Loss, MSE, RMSE, MAE, MAPE: 30362336.00, 30362335.00, 5495.44, 4017.28, 4.35%
Test - Best epoch, Loss, MSE, RMSE, MAE, MAPE: 81, 27106080.00, 27106081.00, 5124.48, 3781.01, 3.96%
- Epoch 082, ExpID 18109
Train - Loss: 12513332.52
Val - Loss, MSE, RMSE, MAE, MAPE: 30515648.00, 30515647.00, 5508.71, 4038.14, 4.37%
Test - Best epoch, Loss, MSE, RMSE, MAE, MAPE: 81, 27106080.00, 27106081.00, 5124.48, 3781.01, 3.96%
- Epoch 083, ExpID 18109
Train - Loss: 12566851.65
Val - Loss, MSE, RMSE, MAE, MAPE: 30627168.00, 30627167.00, 5518.21, 4041.48, 4.37%
Test - Best epoch, Loss, MSE, RMSE, MAE, MAPE: 81, 27106080.00, 27106081.00, 5124.48, 3781.01, 3.96%
- Epoch 084, ExpID 18109
Train - Loss: 12423829.43
Val - Loss, MSE, RMSE, MAE, MAPE: 30373592.00, 30373592.00, 5496.04, 4026.90, 4.36%
Test - Best epoch, Loss, MSE, RMSE, MAE, MAPE: 81, 27106080.00, 27106081.00, 5124.48, 3781.01, 3.96%
- Epoch 085, ExpID 18109
Train - Loss: 12455270.04
Val - Loss, MSE, RMSE, MAE, MAPE: 30289496.00, 30289496.00, 5489.99, 4010.56, 4.34%
Test - Best epoch, Loss, MSE, RMSE, MAE, MAPE: 85, 27207096.00, 27207096.00, 5133.48, 3787.30, 3.96%
- Epoch 086, ExpID 18109
Train - Loss: 12370231.57
Val - Loss, MSE, RMSE, MAE, MAPE: 30365256.00, 30365257.00, 5495.81, 4021.68, 4.35%
Test - Best epoch, Loss, MSE, RMSE, MAE, MAPE: 85, 27207096.00, 27207096.00, 5133.48, 3787.30, 3.96%
- Epoch 087, ExpID 18109
Train - Loss: 12303652.39
Val - Loss, MSE, RMSE, MAE, MAPE: 30395486.00, 30395486.00, 5498.74, 4024.84, 4.36%
Test - Best epoch, Loss, MSE, RMSE, MAE, MAPE: 85, 27207096.00, 27207096.00, 5133.48, 3787.30, 3.96%
- Epoch 088, ExpID 18109
Train - Loss: 12303755.70
Val - Loss, MSE, RMSE, MAE, MAPE: 30538572.00, 30538573.00, 5509.06, 4039.54, 4.37%
Test - Best epoch, Loss, MSE, RMSE, MAE, MAPE: 85, 27207096.00, 27207096.00, 5133.48, 3787.30, 3.96%
- Epoch 089, ExpID 18109
Train - Loss: 12282441.61
Val - Loss, MSE, RMSE, MAE, MAPE: 30355068.00, 30355069.00, 5494.17, 4020.97, 4.35%
Test - Best epoch, Loss, MSE, RMSE, MAE, MAPE: 85, 27207096.00, 27207096.00, 5133.48, 3787.30, 3.96%
- Epoch 090, ExpID 18109
Train - Loss: 12204715.17
Val - Loss, MSE, RMSE, MAE, MAPE: 30529376.00, 30529376.00, 5508.59, 4043.57, 4.37%
Test - Best epoch, Loss, MSE, RMSE, MAE, MAPE: 85, 27207096.00, 27207096.00, 5133.48, 3787.30, 3.96%
- Epoch 091, ExpID 18109
Train - Loss: 12128144.48
Val - Loss, MSE, RMSE, MAE, MAPE: 30423038.00, 30423038.00, 5501.65, 4025.41, 4.36%
Test - Best epoch, Loss, MSE, RMSE, MAE, MAPE: 85, 27207096.00, 27207096.00, 5133.48, 3787.30, 3.96%
- Epoch 092, ExpID 18109
Train - Loss: 12040954.04
Val - Loss, MSE, RMSE, MAE, MAPE: 30508288.00, 30508287.00, 5507.78, 4032.22, 4.36%
Test - Best epoch, Loss, MSE, RMSE, MAE, MAPE: 85, 27207096.00, 27207096.00, 5133.48, 3787.30, 3.96%
- Epoch 093, ExpID 18109
Train - Loss: 11977607.13
Val - Loss, MSE, RMSE, MAE, MAPE: 30344688.00, 30344688.00, 5493.79, 4016.44, 4.35%
Test - Best epoch, Loss, MSE, RMSE, MAE, MAPE: 85, 27207096.00, 27207096.00, 5133.48, 3787.30, 3.96%
- Epoch 094, ExpID 18109
Train - Loss: 12015018.04
Val - Loss, MSE, RMSE, MAE, MAPE: 30275816.00, 30275817.00, 5488.55, 4018.48, 4.35%
Test - Best epoch, Loss, MSE, RMSE, MAE, MAPE: 94, 27035456.00, 27035457.00, 5125.49, 3783.39, 3.96%
- Epoch 095, ExpID 18109
Train - Loss: 11929810.96
Val - Loss, MSE, RMSE, MAE, MAPE: 30558542.00, 30558542.00, 5512.14, 4037.32, 4.37%
Test - Best epoch, Loss, MSE, RMSE, MAE, MAPE: 94, 27035456.00, 27035457.00, 5125.49, 3783.39, 3.96%
- Epoch 096, ExpID 18109
Train - Loss: 11911838.04
Val - Loss, MSE, RMSE, MAE, MAPE: 30500360.00, 30500361.00, 5506.60, 4027.68, 4.36%
Test - Best epoch, Loss, MSE, RMSE, MAE, MAPE: 94, 27035456.00, 27035457.00, 5125.49, 3783.39, 3.96%
- Epoch 097, ExpID 18109
Train - Loss: 11989917.30
Val - Loss, MSE, RMSE, MAE, MAPE: 30419082.00, 30419082.00, 5498.07, 4019.32, 4.35%
Test - Best epoch, Loss, MSE, RMSE, MAE, MAPE: 94, 27035456.00, 27035457.00, 5125.49, 3783.39, 3.96%
- Epoch 098, ExpID 18109
Train - Loss: 11911207.87
Val - Loss, MSE, RMSE, MAE, MAPE: 30352388.00, 30352389.00, 5494.21, 4013.57, 4.35%
Test - Best epoch, Loss, MSE, RMSE, MAE, MAPE: 94, 27035456.00, 27035457.00, 5125.49, 3783.39, 3.96%
- Epoch 099, ExpID 18109
Train - Loss: 11668498.13
Val - Loss, MSE, RMSE, MAE, MAPE: 30503378.00, 30503378.00, 5506.33, 4038.33, 4.36%
Test - Best epoch, Loss, MSE, RMSE, MAE, MAPE: 94, 27035456.00, 27035457.00, 5125.49, 3783.39, 3.96%
- Epoch 100, ExpID 18109
Train - Loss: 11732949.91
Val - Loss, MSE, RMSE, MAE, MAPE: 30187788.00, 30187788.00, 5480.15, 3999.34, 4.33%
Test - Best epoch, Loss, MSE, RMSE, MAE, MAPE: 100, 27038476.00, 27038476.00, 5119.78, 3771.13, 3.95%
- Epoch 101, ExpID 18109
Train - Loss: 11756365.61
Val - Loss, MSE, RMSE, MAE, MAPE: 30857338.00, 30857338.00, 5538.10, 4060.37, 4.39%
Test - Best epoch, Loss, MSE, RMSE, MAE, MAPE: 100, 27038476.00, 27038476.00, 5119.78, 3771.13, 3.95%
- Epoch 102, ExpID 18109
Train - Loss: 11654705.87
Val - Loss, MSE, RMSE, MAE, MAPE: 30779224.00, 30779224.00, 5528.29, 4054.30, 4.38%
Test - Best epoch, Loss, MSE, RMSE, MAE, MAPE: 100, 27038476.00, 27038476.00, 5119.78, 3771.13, 3.95%
- Epoch 103, ExpID 18109
Train - Loss: 11617907.52
Val - Loss, MSE, RMSE, MAE, MAPE: 30755272.00, 30755273.00, 5526.99, 4035.61, 4.36%
Test - Best epoch, Loss, MSE, RMSE, MAE, MAPE: 100, 27038476.00, 27038476.00, 5119.78, 3771.13, 3.95%
- Epoch 104, ExpID 18109
Train - Loss: 11571353.83
Val - Loss, MSE, RMSE, MAE, MAPE: 30765780.00, 30765780.00, 5529.82, 4038.66, 4.37%
Test - Best epoch, Loss, MSE, RMSE, MAE, MAPE: 100, 27038476.00, 27038476.00, 5119.78, 3771.13, 3.95%
- Epoch 105, ExpID 18109
Train - Loss: 11590460.96
Val - Loss, MSE, RMSE, MAE, MAPE: 30544508.00, 30544508.00, 5511.07, 4030.80, 4.36%
Test - Best epoch, Loss, MSE, RMSE, MAE, MAPE: 100, 27038476.00, 27038476.00, 5119.78, 3771.13, 3.95%
- Epoch 106, ExpID 18109
Train - Loss: 11497829.83
Val - Loss, MSE, RMSE, MAE, MAPE: 30656832.00, 30656831.00, 5519.06, 4039.43, 4.37%
Test - Best epoch, Loss, MSE, RMSE, MAE, MAPE: 100, 27038476.00, 27038476.00, 5119.78, 3771.13, 3.95%
- Epoch 107, ExpID 18109
Train - Loss: 11439999.61
Val - Loss, MSE, RMSE, MAE, MAPE: 30472196.00, 30472197.00, 5501.92, 4019.53, 4.35%
Test - Best epoch, Loss, MSE, RMSE, MAE, MAPE: 100, 27038476.00, 27038476.00, 5119.78, 3771.13, 3.95%
- Epoch 108, ExpID 18109
Train - Loss: 11376756.43
Val - Loss, MSE, RMSE, MAE, MAPE: 30477636.00, 30477637.00, 5503.73, 4019.74, 4.35%
Test - Best epoch, Loss, MSE, RMSE, MAE, MAPE: 100, 27038476.00, 27038476.00, 5119.78, 3771.13, 3.95%
- Epoch 109, ExpID 18109
Train - Loss: 11435085.65
Val - Loss, MSE, RMSE, MAE, MAPE: 30837112.00, 30837112.00, 5534.44, 4047.90, 4.37%
Test - Best epoch, Loss, MSE, RMSE, MAE, MAPE: 100, 27038476.00, 27038476.00, 5119.78, 3771.13, 3.95%
- Epoch 110, ExpID 18109
Train - Loss: 11353043.83
Val - Loss, MSE, RMSE, MAE, MAPE: 30304792.00, 30304791.00, 5489.83, 3996.34, 4.33%
Test - Best epoch, Loss, MSE, RMSE, MAE, MAPE: 100, 27038476.00, 27038476.00, 5119.78, 3771.13, 3.95%
Early Stopping at Epoch 110
Fold 2019 Best RMSE: 5119.7776
