DETAILED LOG | Model: itransformer | Seed: 1
FULL CONFIG: {'gpu': '6', 'target': 'both', 'cv_start_year': 2017, 'cv_end_year': 2019, 'test_year': 2024, 'use_corona': False, 'seq_len': 365, 'label_len': 0, 'pred_len': 14, 'batch_size': 256, 'epochs': 1000, 'patience': 10, 'lr': 0.0001, 'model': 'itransformer', 'd_model': 256, 'n_heads': 16, 'n_layers': 4, 'dropout': 0.1, 'activation': 'gelu', 'patch_len': 14, 'factor': 5, 'norm_mode': 'revin', 'use_covar': True, 'use_dbloss': False, 'device': device(type='cuda'), 'stride': 14, 'file_path': 'dataset/airport_flight_with_holiday.csv', 'seed': 1, 'val_year': 2019, 'ndims': 2}

-------------------- [Fold: 2017] ExpID: 50221 --------------------
- Epoch 000, ExpID 50221
Train - Loss: 30184397.47
Val - Loss, MSE, RMSE, MAE, MAPE: 40786328.00, 40786328.00, 6238.97, 4853.88, 6.12%
Test - Best epoch, Loss, MSE, RMSE, MAE, MAPE: 0, 70166144.00, 70166148.00, 8144.77, 5940.12, 6.91%
- Epoch 001, ExpID 50221
Train - Loss: 21298528.11
Val - Loss, MSE, RMSE, MAE, MAPE: 33587188.00, 33587187.00, 5690.59, 4359.04, 5.48%
Test - Best epoch, Loss, MSE, RMSE, MAE, MAPE: 1, 68790552.00, 68790553.00, 7976.38, 5843.95, 6.86%
- Epoch 002, ExpID 50221
Train - Loss: 18517904.16
Val - Loss, MSE, RMSE, MAE, MAPE: 30291624.00, 30291625.00, 5408.68, 4080.61, 5.14%
Test - Best epoch, Loss, MSE, RMSE, MAE, MAPE: 2, 67578864.00, 67578861.00, 7860.31, 5701.82, 6.72%
- Epoch 003, ExpID 50221
Train - Loss: 16870801.42
Val - Loss, MSE, RMSE, MAE, MAPE: 28502194.00, 28502194.00, 5241.68, 3933.56, 4.95%
Test - Best epoch, Loss, MSE, RMSE, MAE, MAPE: 3, 63453460.00, 63453460.00, 7648.87, 5437.18, 6.44%
- Epoch 004, ExpID 50221
Train - Loss: 15821708.84
Val - Loss, MSE, RMSE, MAE, MAPE: 28701980.00, 28701979.00, 5245.26, 3916.15, 4.90%
Test - Best epoch, Loss, MSE, RMSE, MAE, MAPE: 3, 63453460.00, 63453460.00, 7648.87, 5437.18, 6.44%
- Epoch 005, ExpID 50221
Train - Loss: 14861642.05
Val - Loss, MSE, RMSE, MAE, MAPE: 27431312.00, 27431311.00, 5132.36, 3828.69, 4.82%
Test - Best epoch, Loss, MSE, RMSE, MAE, MAPE: 5, 60280936.00, 60280935.00, 7432.29, 5170.40, 6.13%
- Epoch 006, ExpID 50221
Train - Loss: 14140667.79
Val - Loss, MSE, RMSE, MAE, MAPE: 26476042.00, 26476041.50, 5051.21, 3782.24, 4.78%
Test - Best epoch, Loss, MSE, RMSE, MAE, MAPE: 6, 59082680.00, 59082678.00, 7378.03, 5126.73, 6.13%
- Epoch 007, ExpID 50221
Train - Loss: 13653555.47
Val - Loss, MSE, RMSE, MAE, MAPE: 28054804.00, 28054803.50, 5180.25, 3893.41, 4.89%
Test - Best epoch, Loss, MSE, RMSE, MAE, MAPE: 6, 59082680.00, 59082678.00, 7378.03, 5126.73, 6.13%
- Epoch 008, ExpID 50221
Train - Loss: 13164849.84
Val - Loss, MSE, RMSE, MAE, MAPE: 26398842.00, 26398842.50, 5027.00, 3775.85, 4.75%
Test - Best epoch, Loss, MSE, RMSE, MAE, MAPE: 8, 58009328.00, 58009326.00, 7331.87, 5151.50, 6.16%
- Epoch 009, ExpID 50221
Train - Loss: 12617795.42
Val - Loss, MSE, RMSE, MAE, MAPE: 27128760.00, 27128760.50, 5082.89, 3837.36, 4.81%
Test - Best epoch, Loss, MSE, RMSE, MAE, MAPE: 8, 58009328.00, 58009326.00, 7331.87, 5151.50, 6.16%
- Epoch 010, ExpID 50221
Train - Loss: 12213863.16
Val - Loss, MSE, RMSE, MAE, MAPE: 25633178.00, 25633178.00, 4937.52, 3699.60, 4.65%
Test - Best epoch, Loss, MSE, RMSE, MAE, MAPE: 10, 57022928.00, 57022930.00, 7271.30, 5107.83, 6.11%
- Epoch 011, ExpID 50221
Train - Loss: 11938384.42
Val - Loss, MSE, RMSE, MAE, MAPE: 26555672.00, 26555672.50, 5024.49, 3800.14, 4.78%
Test - Best epoch, Loss, MSE, RMSE, MAE, MAPE: 10, 57022928.00, 57022930.00, 7271.30, 5107.83, 6.11%
- Epoch 012, ExpID 50221
Train - Loss: 11642412.47
Val - Loss, MSE, RMSE, MAE, MAPE: 24643458.00, 24643458.50, 4842.67, 3637.44, 4.60%
Test - Best epoch, Loss, MSE, RMSE, MAE, MAPE: 12, 56242360.00, 56242362.00, 7209.26, 5046.76, 6.04%
- Epoch 013, ExpID 50221
Train - Loss: 11224399.89
Val - Loss, MSE, RMSE, MAE, MAPE: 25703106.00, 25703106.00, 4929.12, 3707.73, 4.67%
Test - Best epoch, Loss, MSE, RMSE, MAE, MAPE: 12, 56242360.00, 56242362.00, 7209.26, 5046.76, 6.04%
- Epoch 014, ExpID 50221
Train - Loss: 10933201.00
Val - Loss, MSE, RMSE, MAE, MAPE: 26893244.00, 26893244.50, 5030.93, 3801.75, 4.78%
Test - Best epoch, Loss, MSE, RMSE, MAE, MAPE: 12, 56242360.00, 56242362.00, 7209.26, 5046.76, 6.04%
- Epoch 015, ExpID 50221
Train - Loss: 10700625.42
Val - Loss, MSE, RMSE, MAE, MAPE: 24752530.00, 24752529.50, 4833.20, 3644.41, 4.60%
Test - Best epoch, Loss, MSE, RMSE, MAE, MAPE: 12, 56242360.00, 56242362.00, 7209.26, 5046.76, 6.04%
- Epoch 016, ExpID 50221
Train - Loss: 10423183.79
Val - Loss, MSE, RMSE, MAE, MAPE: 25502046.00, 25502046.00, 4902.50, 3708.08, 4.68%
Test - Best epoch, Loss, MSE, RMSE, MAE, MAPE: 12, 56242360.00, 56242362.00, 7209.26, 5046.76, 6.04%
- Epoch 017, ExpID 50221
Train - Loss: 10221007.74
Val - Loss, MSE, RMSE, MAE, MAPE: 25819198.00, 25819198.50, 4921.99, 3729.83, 4.71%
Test - Best epoch, Loss, MSE, RMSE, MAE, MAPE: 12, 56242360.00, 56242362.00, 7209.26, 5046.76, 6.04%
- Epoch 018, ExpID 50221
Train - Loss: 10042948.11
Val - Loss, MSE, RMSE, MAE, MAPE: 26371262.00, 26371261.50, 4949.40, 3750.81, 4.72%
Test - Best epoch, Loss, MSE, RMSE, MAE, MAPE: 12, 56242360.00, 56242362.00, 7209.26, 5046.76, 6.04%
- Epoch 019, ExpID 50221
Train - Loss: 9728313.11
Val - Loss, MSE, RMSE, MAE, MAPE: 26017996.00, 26017996.50, 4923.29, 3753.44, 4.75%
Test - Best epoch, Loss, MSE, RMSE, MAE, MAPE: 12, 56242360.00, 56242362.00, 7209.26, 5046.76, 6.04%
- Epoch 020, ExpID 50221
Train - Loss: 9567688.95
Val - Loss, MSE, RMSE, MAE, MAPE: 25641736.00, 25641736.00, 4896.03, 3720.94, 4.71%
Test - Best epoch, Loss, MSE, RMSE, MAE, MAPE: 12, 56242360.00, 56242362.00, 7209.26, 5046.76, 6.04%
- Epoch 021, ExpID 50221
Train - Loss: 9402494.95
Val - Loss, MSE, RMSE, MAE, MAPE: 25494466.00, 25494466.00, 4863.45, 3702.47, 4.68%
Test - Best epoch, Loss, MSE, RMSE, MAE, MAPE: 12, 56242360.00, 56242362.00, 7209.26, 5046.76, 6.04%
- Epoch 022, ExpID 50221
Train - Loss: 9156201.61
Val - Loss, MSE, RMSE, MAE, MAPE: 25947720.00, 25947721.00, 4921.66, 3756.37, 4.76%
Test - Best epoch, Loss, MSE, RMSE, MAE, MAPE: 12, 56242360.00, 56242362.00, 7209.26, 5046.76, 6.04%
Early Stopping at Epoch 22
Fold 2017 Best RMSE: 7209.2610

-------------------- [Fold: 2018] ExpID: 62649 --------------------
- Epoch 000, ExpID 62649
Train - Loss: 31814927.50
Val - Loss, MSE, RMSE, MAE, MAPE: 72029520.00, 72029524.00, 8234.19, 5954.79, 6.95%
Test - Best epoch, Loss, MSE, RMSE, MAE, MAPE: 0, 41941728.00, 41941728.00, 6468.66, 4887.55, 5.29%
- Epoch 001, ExpID 62649
Train - Loss: 22367371.50
Val - Loss, MSE, RMSE, MAE, MAPE: 71335592.00, 71335589.00, 8096.14, 5913.11, 6.95%
Test - Best epoch, Loss, MSE, RMSE, MAE, MAPE: 1, 37734528.00, 37734530.00, 6126.71, 4530.96, 4.91%
- Epoch 002, ExpID 62649
Train - Loss: 19456092.60
Val - Loss, MSE, RMSE, MAE, MAPE: 66754852.00, 66754853.00, 7813.84, 5523.15, 6.55%
Test - Best epoch, Loss, MSE, RMSE, MAE, MAPE: 2, 35893504.00, 35893504.00, 5971.93, 4326.19, 4.72%
- Epoch 003, ExpID 62649
Train - Loss: 17817159.05
Val - Loss, MSE, RMSE, MAE, MAPE: 65509300.00, 65509300.00, 7727.07, 5422.49, 6.42%
Test - Best epoch, Loss, MSE, RMSE, MAE, MAPE: 3, 35929376.00, 35929378.00, 5973.94, 4327.20, 4.71%
- Epoch 004, ExpID 62649
Train - Loss: 16618438.70
Val - Loss, MSE, RMSE, MAE, MAPE: 63860208.00, 63860207.00, 7625.28, 5314.34, 6.29%
Test - Best epoch, Loss, MSE, RMSE, MAE, MAPE: 4, 35020528.00, 35020526.00, 5898.01, 4262.81, 4.63%
- Epoch 005, ExpID 62649
Train - Loss: 15722143.70
Val - Loss, MSE, RMSE, MAE, MAPE: 61247844.00, 61247845.00, 7478.40, 5154.22, 6.14%
Test - Best epoch, Loss, MSE, RMSE, MAE, MAPE: 5, 34149376.00, 34149377.00, 5823.96, 4183.18, 4.56%
- Epoch 006, ExpID 62649
Train - Loss: 15036696.50
Val - Loss, MSE, RMSE, MAE, MAPE: 60143888.00, 60143887.00, 7415.28, 5170.24, 6.18%
Test - Best epoch, Loss, MSE, RMSE, MAE, MAPE: 6, 33795512.00, 33795512.00, 5793.80, 4173.55, 4.57%
- Epoch 007, ExpID 62649
Train - Loss: 14314239.50
Val - Loss, MSE, RMSE, MAE, MAPE: 59235588.00, 59235587.00, 7357.87, 5137.27, 6.12%
Test - Best epoch, Loss, MSE, RMSE, MAE, MAPE: 7, 32993142.00, 32993142.00, 5723.24, 4125.86, 4.50%
- Epoch 008, ExpID 62649
Train - Loss: 13809851.40
Val - Loss, MSE, RMSE, MAE, MAPE: 58766552.00, 58766554.00, 7325.49, 5167.90, 6.16%
Test - Best epoch, Loss, MSE, RMSE, MAE, MAPE: 8, 32920604.00, 32920605.00, 5720.66, 4158.37, 4.53%
- Epoch 009, ExpID 62649
Train - Loss: 13392539.10
Val - Loss, MSE, RMSE, MAE, MAPE: 57295380.00, 57295381.00, 7238.74, 5091.01, 6.06%
Test - Best epoch, Loss, MSE, RMSE, MAE, MAPE: 9, 32209388.00, 32209387.00, 5656.78, 4116.80, 4.48%
- Epoch 010, ExpID 62649
Train - Loss: 12917005.75
Val - Loss, MSE, RMSE, MAE, MAPE: 57286008.00, 57286010.00, 7239.75, 5146.91, 6.15%
Test - Best epoch, Loss, MSE, RMSE, MAE, MAPE: 10, 32529696.00, 32529695.00, 5688.89, 4157.29, 4.53%
- Epoch 011, ExpID 62649
Train - Loss: 12571811.50
Val - Loss, MSE, RMSE, MAE, MAPE: 56585580.00, 56585581.00, 7186.52, 5099.82, 6.06%
Test - Best epoch, Loss, MSE, RMSE, MAE, MAPE: 11, 31712892.00, 31712892.00, 5615.87, 4102.10, 4.46%
- Epoch 012, ExpID 62649
Train - Loss: 12086558.35
Val - Loss, MSE, RMSE, MAE, MAPE: 56037156.00, 56037155.00, 7166.58, 5094.09, 6.08%
Test - Best epoch, Loss, MSE, RMSE, MAE, MAPE: 12, 31256680.00, 31256679.00, 5578.52, 4066.48, 4.42%
- Epoch 013, ExpID 62649
Train - Loss: 11855023.95
Val - Loss, MSE, RMSE, MAE, MAPE: 55210512.00, 55210511.00, 7124.61, 5014.79, 5.97%
Test - Best epoch, Loss, MSE, RMSE, MAE, MAPE: 13, 30410724.00, 30410724.00, 5501.64, 4008.83, 4.35%
- Epoch 014, ExpID 62649
Train - Loss: 11558278.45
Val - Loss, MSE, RMSE, MAE, MAPE: 55935532.00, 55935532.00, 7161.05, 5166.93, 6.16%
Test - Best epoch, Loss, MSE, RMSE, MAE, MAPE: 13, 30410724.00, 30410724.00, 5501.64, 4008.83, 4.35%
- Epoch 015, ExpID 62649
Train - Loss: 11314600.45
Val - Loss, MSE, RMSE, MAE, MAPE: 54595440.00, 54595441.00, 7083.78, 5062.02, 6.04%
Test - Best epoch, Loss, MSE, RMSE, MAE, MAPE: 15, 30712216.00, 30712216.00, 5530.95, 4079.50, 4.43%
- Epoch 016, ExpID 62649
Train - Loss: 11037121.25
Val - Loss, MSE, RMSE, MAE, MAPE: 54335180.00, 54335181.00, 7083.28, 5056.82, 6.05%
Test - Best epoch, Loss, MSE, RMSE, MAE, MAPE: 16, 29922862.00, 29922862.00, 5462.79, 4004.71, 4.36%
- Epoch 017, ExpID 62649
Train - Loss: 10739104.05
Val - Loss, MSE, RMSE, MAE, MAPE: 53948084.00, 53948083.00, 7065.70, 5020.30, 6.01%
Test - Best epoch, Loss, MSE, RMSE, MAE, MAPE: 17, 29555648.00, 29555648.00, 5431.33, 3967.27, 4.32%
- Epoch 018, ExpID 62649
Train - Loss: 10583664.00
Val - Loss, MSE, RMSE, MAE, MAPE: 53648616.00, 53648617.00, 7053.02, 5041.12, 6.02%
Test - Best epoch, Loss, MSE, RMSE, MAE, MAPE: 18, 29501130.00, 29501130.00, 5426.84, 3973.34, 4.32%
- Epoch 019, ExpID 62649
Train - Loss: 10333009.35
Val - Loss, MSE, RMSE, MAE, MAPE: 53538752.00, 53538751.00, 7027.39, 5096.43, 6.08%
Test - Best epoch, Loss, MSE, RMSE, MAE, MAPE: 19, 29329204.00, 29329204.00, 5408.05, 3998.60, 4.34%
- Epoch 020, ExpID 62649
Train - Loss: 10112317.70
Val - Loss, MSE, RMSE, MAE, MAPE: 53282568.00, 53282567.00, 7025.26, 5056.37, 6.04%
Test - Best epoch, Loss, MSE, RMSE, MAE, MAPE: 20, 29020776.00, 29020775.00, 5381.65, 3956.62, 4.30%
- Epoch 021, ExpID 62649
Train - Loss: 9893965.65
Val - Loss, MSE, RMSE, MAE, MAPE: 52790104.00, 52790106.00, 6982.13, 5011.69, 5.98%
Test - Best epoch, Loss, MSE, RMSE, MAE, MAPE: 21, 29188224.00, 29188223.00, 5398.10, 3971.78, 4.31%
- Epoch 022, ExpID 62649
Train - Loss: 9663221.25
Val - Loss, MSE, RMSE, MAE, MAPE: 52981304.00, 52981302.00, 7005.86, 5068.30, 6.04%
Test - Best epoch, Loss, MSE, RMSE, MAE, MAPE: 21, 29188224.00, 29188223.00, 5398.10, 3971.78, 4.31%
- Epoch 023, ExpID 62649
Train - Loss: 9498674.10
Val - Loss, MSE, RMSE, MAE, MAPE: 52300164.00, 52300163.00, 6950.17, 5024.45, 5.97%
Test - Best epoch, Loss, MSE, RMSE, MAE, MAPE: 23, 28744736.00, 28744735.00, 5355.51, 3957.09, 4.29%
- Epoch 024, ExpID 62649
Train - Loss: 9366147.25
Val - Loss, MSE, RMSE, MAE, MAPE: 52875016.00, 52875018.00, 6991.91, 5083.17, 6.05%
Test - Best epoch, Loss, MSE, RMSE, MAE, MAPE: 23, 28744736.00, 28744735.00, 5355.51, 3957.09, 4.29%
- Epoch 025, ExpID 62649
Train - Loss: 9205790.22
Val - Loss, MSE, RMSE, MAE, MAPE: 52441040.00, 52441042.00, 6967.21, 5045.61, 6.01%
Test - Best epoch, Loss, MSE, RMSE, MAE, MAPE: 23, 28744736.00, 28744735.00, 5355.51, 3957.09, 4.29%
- Epoch 026, ExpID 62649
Train - Loss: 9015753.07
Val - Loss, MSE, RMSE, MAE, MAPE: 51747224.00, 51747226.00, 6923.44, 5017.93, 5.97%
Test - Best epoch, Loss, MSE, RMSE, MAE, MAPE: 26, 28204112.00, 28204112.00, 5307.65, 3913.23, 4.24%
- Epoch 027, ExpID 62649
Train - Loss: 8811342.05
Val - Loss, MSE, RMSE, MAE, MAPE: 51759312.00, 51759311.00, 6948.12, 5008.32, 5.98%
Test - Best epoch, Loss, MSE, RMSE, MAE, MAPE: 26, 28204112.00, 28204112.00, 5307.65, 3913.23, 4.24%
- Epoch 028, ExpID 62649
Train - Loss: 8682412.00
Val - Loss, MSE, RMSE, MAE, MAPE: 51662248.00, 51662246.00, 6944.75, 4996.74, 5.96%
Test - Best epoch, Loss, MSE, RMSE, MAE, MAPE: 28, 27200788.00, 27200788.00, 5214.47, 3811.21, 4.14%
- Epoch 029, ExpID 62649
Train - Loss: 8532752.18
Val - Loss, MSE, RMSE, MAE, MAPE: 51509124.00, 51509125.00, 6934.96, 5009.91, 5.98%
Test - Best epoch, Loss, MSE, RMSE, MAE, MAPE: 29, 27063684.00, 27063683.00, 5202.08, 3808.02, 4.14%
- Epoch 030, ExpID 62649
Train - Loss: 8348705.72
Val - Loss, MSE, RMSE, MAE, MAPE: 52207104.00, 52207105.00, 6969.46, 5092.27, 6.07%
Test - Best epoch, Loss, MSE, RMSE, MAE, MAPE: 29, 27063684.00, 27063683.00, 5202.08, 3808.02, 4.14%
- Epoch 031, ExpID 62649
Train - Loss: 8200511.20
Val - Loss, MSE, RMSE, MAE, MAPE: 51959696.00, 51959694.00, 6946.18, 5032.19, 6.00%
Test - Best epoch, Loss, MSE, RMSE, MAE, MAPE: 29, 27063684.00, 27063683.00, 5202.08, 3808.02, 4.14%
- Epoch 032, ExpID 62649
Train - Loss: 8062623.78
Val - Loss, MSE, RMSE, MAE, MAPE: 51727936.00, 51727935.00, 6941.57, 5003.96, 5.97%
Test - Best epoch, Loss, MSE, RMSE, MAE, MAPE: 29, 27063684.00, 27063683.00, 5202.08, 3808.02, 4.14%
- Epoch 033, ExpID 62649
Train - Loss: 7950605.88
Val - Loss, MSE, RMSE, MAE, MAPE: 51481984.00, 51481984.00, 6914.19, 5008.61, 5.96%
Test - Best epoch, Loss, MSE, RMSE, MAE, MAPE: 33, 26464512.00, 26464511.00, 5143.73, 3756.10, 4.07%
- Epoch 034, ExpID 62649
Train - Loss: 7776521.78
Val - Loss, MSE, RMSE, MAE, MAPE: 51813320.00, 51813320.00, 6927.97, 5011.42, 5.95%
Test - Best epoch, Loss, MSE, RMSE, MAE, MAPE: 33, 26464512.00, 26464511.00, 5143.73, 3756.10, 4.07%
- Epoch 035, ExpID 62649
Train - Loss: 7631220.50
Val - Loss, MSE, RMSE, MAE, MAPE: 51791652.00, 51791652.00, 6937.66, 5055.50, 6.02%
Test - Best epoch, Loss, MSE, RMSE, MAE, MAPE: 33, 26464512.00, 26464511.00, 5143.73, 3756.10, 4.07%
- Epoch 036, ExpID 62649
Train - Loss: 7528576.38
Val - Loss, MSE, RMSE, MAE, MAPE: 50939660.00, 50939659.00, 6889.16, 4935.10, 5.88%
Test - Best epoch, Loss, MSE, RMSE, MAE, MAPE: 36, 26017888.00, 26017888.00, 5100.76, 3721.82, 4.04%
- Epoch 037, ExpID 62649
Train - Loss: 7420378.60
Val - Loss, MSE, RMSE, MAE, MAPE: 51549460.00, 51549460.00, 6914.31, 4995.81, 5.94%
Test - Best epoch, Loss, MSE, RMSE, MAE, MAPE: 36, 26017888.00, 26017888.00, 5100.76, 3721.82, 4.04%
- Epoch 038, ExpID 62649
Train - Loss: 7230644.20
Val - Loss, MSE, RMSE, MAE, MAPE: 51248660.00, 51248659.00, 6890.75, 4983.08, 5.93%
Test - Best epoch, Loss, MSE, RMSE, MAE, MAPE: 36, 26017888.00, 26017888.00, 5100.76, 3721.82, 4.04%
- Epoch 039, ExpID 62649
Train - Loss: 7115942.65
Val - Loss, MSE, RMSE, MAE, MAPE: 51420348.00, 51420348.00, 6913.90, 4966.29, 5.92%
Test - Best epoch, Loss, MSE, RMSE, MAE, MAPE: 36, 26017888.00, 26017888.00, 5100.76, 3721.82, 4.04%
- Epoch 040, ExpID 62649
Train - Loss: 7026782.60
Val - Loss, MSE, RMSE, MAE, MAPE: 51868608.00, 51868607.00, 6930.35, 5006.85, 5.96%
Test - Best epoch, Loss, MSE, RMSE, MAE, MAPE: 36, 26017888.00, 26017888.00, 5100.76, 3721.82, 4.04%
- Epoch 041, ExpID 62649
Train - Loss: 6951437.25
Val - Loss, MSE, RMSE, MAE, MAPE: 50910844.00, 50910843.00, 6878.03, 4930.95, 5.87%
Test - Best epoch, Loss, MSE, RMSE, MAE, MAPE: 41, 25590676.00, 25590676.00, 5058.65, 3679.95, 3.99%
- Epoch 042, ExpID 62649
Train - Loss: 6768346.78
Val - Loss, MSE, RMSE, MAE, MAPE: 50833668.00, 50833667.00, 6880.31, 4936.81, 5.89%
Test - Best epoch, Loss, MSE, RMSE, MAE, MAPE: 42, 25794212.00, 25794213.00, 5078.71, 3682.86, 4.00%
- Epoch 043, ExpID 62649
Train - Loss: 6695587.80
Val - Loss, MSE, RMSE, MAE, MAPE: 51136256.00, 51136255.00, 6893.05, 4952.73, 5.90%
Test - Best epoch, Loss, MSE, RMSE, MAE, MAPE: 42, 25794212.00, 25794213.00, 5078.71, 3682.86, 4.00%
- Epoch 044, ExpID 62649
Train - Loss: 6554111.45
Val - Loss, MSE, RMSE, MAE, MAPE: 50825240.00, 50825241.00, 6869.15, 4921.92, 5.87%
Test - Best epoch, Loss, MSE, RMSE, MAE, MAPE: 44, 25510948.00, 25510947.00, 5050.69, 3647.81, 3.96%
- Epoch 045, ExpID 62649
Train - Loss: 6440220.40
Val - Loss, MSE, RMSE, MAE, MAPE: 50391404.00, 50391403.00, 6832.88, 4890.14, 5.82%
Test - Best epoch, Loss, MSE, RMSE, MAE, MAPE: 45, 25726322.00, 25726322.00, 5072.07, 3681.68, 4.00%
- Epoch 046, ExpID 62649
Train - Loss: 6353622.62
Val - Loss, MSE, RMSE, MAE, MAPE: 50236248.00, 50236247.00, 6817.99, 4880.06, 5.80%
Test - Best epoch, Loss, MSE, RMSE, MAE, MAPE: 46, 25698314.00, 25698314.00, 5069.35, 3670.98, 3.98%
- Epoch 047, ExpID 62649
Train - Loss: 6238879.35
Val - Loss, MSE, RMSE, MAE, MAPE: 50797636.00, 50797635.00, 6867.33, 4907.95, 5.84%
Test - Best epoch, Loss, MSE, RMSE, MAE, MAPE: 46, 25698314.00, 25698314.00, 5069.35, 3670.98, 3.98%
- Epoch 048, ExpID 62649
Train - Loss: 6158191.40
Val - Loss, MSE, RMSE, MAE, MAPE: 50870164.00, 50870164.00, 6872.17, 4930.51, 5.88%
Test - Best epoch, Loss, MSE, RMSE, MAE, MAPE: 46, 25698314.00, 25698314.00, 5069.35, 3670.98, 3.98%
- Epoch 049, ExpID 62649
Train - Loss: 6069523.70
Val - Loss, MSE, RMSE, MAE, MAPE: 50879612.00, 50879611.00, 6881.14, 4939.71, 5.90%
Test - Best epoch, Loss, MSE, RMSE, MAE, MAPE: 46, 25698314.00, 25698314.00, 5069.35, 3670.98, 3.98%
- Epoch 050, ExpID 62649
Train - Loss: 5969005.90
Val - Loss, MSE, RMSE, MAE, MAPE: 50518088.00, 50518087.00, 6852.38, 4906.05, 5.85%
Test - Best epoch, Loss, MSE, RMSE, MAE, MAPE: 46, 25698314.00, 25698314.00, 5069.35, 3670.98, 3.98%
- Epoch 051, ExpID 62649
Train - Loss: 5893145.08
Val - Loss, MSE, RMSE, MAE, MAPE: 50492584.00, 50492582.00, 6851.62, 4900.43, 5.84%
Test - Best epoch, Loss, MSE, RMSE, MAE, MAPE: 46, 25698314.00, 25698314.00, 5069.35, 3670.98, 3.98%
- Epoch 052, ExpID 62649
Train - Loss: 5781778.58
Val - Loss, MSE, RMSE, MAE, MAPE: 50588964.00, 50588963.00, 6865.32, 4882.74, 5.83%
Test - Best epoch, Loss, MSE, RMSE, MAE, MAPE: 46, 25698314.00, 25698314.00, 5069.35, 3670.98, 3.98%
- Epoch 053, ExpID 62649
Train - Loss: 5732644.95
Val - Loss, MSE, RMSE, MAE, MAPE: 50971028.00, 50971027.00, 6871.61, 4917.58, 5.86%
Test - Best epoch, Loss, MSE, RMSE, MAE, MAPE: 46, 25698314.00, 25698314.00, 5069.35, 3670.98, 3.98%
- Epoch 054, ExpID 62649
Train - Loss: 5629493.25
Val - Loss, MSE, RMSE, MAE, MAPE: 50404284.00, 50404283.00, 6845.91, 4879.56, 5.82%
Test - Best epoch, Loss, MSE, RMSE, MAE, MAPE: 46, 25698314.00, 25698314.00, 5069.35, 3670.98, 3.98%
- Epoch 055, ExpID 62649
Train - Loss: 5570038.72
Val - Loss, MSE, RMSE, MAE, MAPE: 50886684.00, 50886685.00, 6865.99, 4920.19, 5.86%
Test - Best epoch, Loss, MSE, RMSE, MAE, MAPE: 46, 25698314.00, 25698314.00, 5069.35, 3670.98, 3.98%
- Epoch 056, ExpID 62649
Train - Loss: 5481365.75
Val - Loss, MSE, RMSE, MAE, MAPE: 50170768.00, 50170766.00, 6820.35, 4864.58, 5.80%
Test - Best epoch, Loss, MSE, RMSE, MAE, MAPE: 56, 25154352.00, 25154353.00, 5015.18, 3626.64, 3.94%
- Epoch 057, ExpID 62649
Train - Loss: 5420268.70
Val - Loss, MSE, RMSE, MAE, MAPE: 50907972.00, 50907973.00, 6874.45, 4914.25, 5.86%
Test - Best epoch, Loss, MSE, RMSE, MAE, MAPE: 56, 25154352.00, 25154353.00, 5015.18, 3626.64, 3.94%
- Epoch 058, ExpID 62649
Train - Loss: 5368170.35
Val - Loss, MSE, RMSE, MAE, MAPE: 51069744.00, 51069746.00, 6875.17, 4913.08, 5.85%
Test - Best epoch, Loss, MSE, RMSE, MAE, MAPE: 56, 25154352.00, 25154353.00, 5015.18, 3626.64, 3.94%
- Epoch 059, ExpID 62649
Train - Loss: 5288235.50
Val - Loss, MSE, RMSE, MAE, MAPE: 50674992.00, 50674991.00, 6848.44, 4869.43, 5.80%
Test - Best epoch, Loss, MSE, RMSE, MAE, MAPE: 56, 25154352.00, 25154353.00, 5015.18, 3626.64, 3.94%
- Epoch 060, ExpID 62649
Train - Loss: 5216804.22
Val - Loss, MSE, RMSE, MAE, MAPE: 50997372.00, 50997371.00, 6871.70, 4912.82, 5.86%
Test - Best epoch, Loss, MSE, RMSE, MAE, MAPE: 56, 25154352.00, 25154353.00, 5015.18, 3626.64, 3.94%
- Epoch 061, ExpID 62649
Train - Loss: 5163562.40
Val - Loss, MSE, RMSE, MAE, MAPE: 51308388.00, 51308389.00, 6906.79, 4928.17, 5.88%
Test - Best epoch, Loss, MSE, RMSE, MAE, MAPE: 56, 25154352.00, 25154353.00, 5015.18, 3626.64, 3.94%
- Epoch 062, ExpID 62649
Train - Loss: 5107543.08
Val - Loss, MSE, RMSE, MAE, MAPE: 50360840.00, 50360839.00, 6830.71, 4895.22, 5.83%
Test - Best epoch, Loss, MSE, RMSE, MAE, MAPE: 56, 25154352.00, 25154353.00, 5015.18, 3626.64, 3.94%
- Epoch 063, ExpID 62649
Train - Loss: 5026057.50
Val - Loss, MSE, RMSE, MAE, MAPE: 50020404.00, 50020403.00, 6826.19, 4875.10, 5.82%
Test - Best epoch, Loss, MSE, RMSE, MAE, MAPE: 63, 25223616.00, 25223617.00, 5022.28, 3626.30, 3.94%
- Epoch 064, ExpID 62649
Train - Loss: 5000862.85
Val - Loss, MSE, RMSE, MAE, MAPE: 51075568.00, 51075570.00, 6877.86, 4916.37, 5.86%
Test - Best epoch, Loss, MSE, RMSE, MAE, MAPE: 63, 25223616.00, 25223617.00, 5022.28, 3626.30, 3.94%
- Epoch 065, ExpID 62649
Train - Loss: 4953142.17
Val - Loss, MSE, RMSE, MAE, MAPE: 50370684.00, 50370685.00, 6846.57, 4898.23, 5.85%
Test - Best epoch, Loss, MSE, RMSE, MAE, MAPE: 63, 25223616.00, 25223617.00, 5022.28, 3626.30, 3.94%
- Epoch 066, ExpID 62649
Train - Loss: 4894109.90
Val - Loss, MSE, RMSE, MAE, MAPE: 50845144.00, 50845145.00, 6869.14, 4880.39, 5.82%
Test - Best epoch, Loss, MSE, RMSE, MAE, MAPE: 63, 25223616.00, 25223617.00, 5022.28, 3626.30, 3.94%
- Epoch 067, ExpID 62649
Train - Loss: 4835640.10
Val - Loss, MSE, RMSE, MAE, MAPE: 49940072.00, 49940071.00, 6798.15, 4828.22, 5.75%
Test - Best epoch, Loss, MSE, RMSE, MAE, MAPE: 67, 25046328.00, 25046328.00, 5004.57, 3611.75, 3.92%
- Epoch 068, ExpID 62649
Train - Loss: 4770009.05
Val - Loss, MSE, RMSE, MAE, MAPE: 50850336.00, 50850336.00, 6858.31, 4899.31, 5.84%
Test - Best epoch, Loss, MSE, RMSE, MAE, MAPE: 67, 25046328.00, 25046328.00, 5004.57, 3611.75, 3.92%
- Epoch 069, ExpID 62649
Train - Loss: 4722741.09
Val - Loss, MSE, RMSE, MAE, MAPE: 50812724.00, 50812723.00, 6860.42, 4898.95, 5.84%
Test - Best epoch, Loss, MSE, RMSE, MAE, MAPE: 67, 25046328.00, 25046328.00, 5004.57, 3611.75, 3.92%
- Epoch 070, ExpID 62649
Train - Loss: 4656874.33
Val - Loss, MSE, RMSE, MAE, MAPE: 50448224.00, 50448222.00, 6822.61, 4876.22, 5.81%
Test - Best epoch, Loss, MSE, RMSE, MAE, MAPE: 67, 25046328.00, 25046328.00, 5004.57, 3611.75, 3.92%
- Epoch 071, ExpID 62649
Train - Loss: 4640101.50
Val - Loss, MSE, RMSE, MAE, MAPE: 50594704.00, 50594702.00, 6847.70, 4882.22, 5.82%
Test - Best epoch, Loss, MSE, RMSE, MAE, MAPE: 67, 25046328.00, 25046328.00, 5004.57, 3611.75, 3.92%
- Epoch 072, ExpID 62649
Train - Loss: 4585511.90
Val - Loss, MSE, RMSE, MAE, MAPE: 50650188.00, 50650187.00, 6850.94, 4873.77, 5.81%
Test - Best epoch, Loss, MSE, RMSE, MAE, MAPE: 67, 25046328.00, 25046328.00, 5004.57, 3611.75, 3.92%
- Epoch 073, ExpID 62649
Train - Loss: 4547264.44
Val - Loss, MSE, RMSE, MAE, MAPE: 50579928.00, 50579927.00, 6842.66, 4857.02, 5.79%
Test - Best epoch, Loss, MSE, RMSE, MAE, MAPE: 67, 25046328.00, 25046328.00, 5004.57, 3611.75, 3.92%
- Epoch 074, ExpID 62649
Train - Loss: 4485772.67
Val - Loss, MSE, RMSE, MAE, MAPE: 50613204.00, 50613204.00, 6847.11, 4852.96, 5.79%
Test - Best epoch, Loss, MSE, RMSE, MAE, MAPE: 67, 25046328.00, 25046328.00, 5004.57, 3611.75, 3.92%
- Epoch 075, ExpID 62649
Train - Loss: 4482257.67
Val - Loss, MSE, RMSE, MAE, MAPE: 50682484.00, 50682485.00, 6849.64, 4876.70, 5.82%
Test - Best epoch, Loss, MSE, RMSE, MAE, MAPE: 67, 25046328.00, 25046328.00, 5004.57, 3611.75, 3.92%
- Epoch 076, ExpID 62649
Train - Loss: 4414324.08
Val - Loss, MSE, RMSE, MAE, MAPE: 50186288.00, 50186290.00, 6822.96, 4866.56, 5.81%
Test - Best epoch, Loss, MSE, RMSE, MAE, MAPE: 67, 25046328.00, 25046328.00, 5004.57, 3611.75, 3.92%
- Epoch 077, ExpID 62649
Train - Loss: 4344157.31
Val - Loss, MSE, RMSE, MAE, MAPE: 50012720.00, 50012718.00, 6798.31, 4830.41, 5.75%
Test - Best epoch, Loss, MSE, RMSE, MAE, MAPE: 67, 25046328.00, 25046328.00, 5004.57, 3611.75, 3.92%
Early Stopping at Epoch 77
Fold 2018 Best RMSE: 5004.5735

-------------------- [Fold: 2019] ExpID: 66498 --------------------
- Epoch 000, ExpID 66498
Train - Loss: 34908932.82
Val - Loss, MSE, RMSE, MAE, MAPE: 41973392.00, 41973390.00, 6452.44, 4902.75, 5.32%
Test - Best epoch, Loss, MSE, RMSE, MAE, MAPE: 0, 37271472.00, 37271474.00, 5990.93, 4475.13, 4.74%
- Epoch 001, ExpID 66498
Train - Loss: 24482479.55
Val - Loss, MSE, RMSE, MAE, MAPE: 35869892.00, 35869891.00, 5960.61, 4376.05, 4.77%
Test - Best epoch, Loss, MSE, RMSE, MAE, MAPE: 1, 31432634.00, 31432634.00, 5506.89, 4086.84, 4.33%
- Epoch 002, ExpID 66498
Train - Loss: 21599552.73
Val - Loss, MSE, RMSE, MAE, MAPE: 34517512.00, 34517511.00, 5842.49, 4217.32, 4.60%
Test - Best epoch, Loss, MSE, RMSE, MAE, MAPE: 2, 28737824.00, 28737825.00, 5263.02, 3859.21, 4.08%
- Epoch 003, ExpID 66498
Train - Loss: 19810702.27
Val - Loss, MSE, RMSE, MAE, MAPE: 34687120.00, 34687120.00, 5856.86, 4230.87, 4.59%
Test - Best epoch, Loss, MSE, RMSE, MAE, MAPE: 2, 28737824.00, 28737825.00, 5263.02, 3859.21, 4.08%
- Epoch 004, ExpID 66498
Train - Loss: 18487346.50
Val - Loss, MSE, RMSE, MAE, MAPE: 33953940.00, 33953941.00, 5796.46, 4111.93, 4.49%
Test - Best epoch, Loss, MSE, RMSE, MAE, MAPE: 4, 25728748.00, 25728748.50, 4959.58, 3586.55, 3.78%
- Epoch 005, ExpID 66498
Train - Loss: 17421445.59
Val - Loss, MSE, RMSE, MAE, MAPE: 33590408.00, 33590407.00, 5764.88, 4058.14, 4.45%
Test - Best epoch, Loss, MSE, RMSE, MAE, MAPE: 5, 25649048.00, 25649048.50, 4956.85, 3595.73, 3.79%
- Epoch 006, ExpID 66498
Train - Loss: 16656995.82
Val - Loss, MSE, RMSE, MAE, MAPE: 33143316.00, 33143317.00, 5727.42, 4051.37, 4.43%
Test - Best epoch, Loss, MSE, RMSE, MAE, MAPE: 6, 25142764.00, 25142764.50, 4904.07, 3556.51, 3.74%
- Epoch 007, ExpID 66498
Train - Loss: 16071667.64
Val - Loss, MSE, RMSE, MAE, MAPE: 32869544.00, 32869543.00, 5703.58, 4057.96, 4.43%
Test - Best epoch, Loss, MSE, RMSE, MAE, MAPE: 7, 24550384.00, 24550383.00, 4856.78, 3529.08, 3.70%
- Epoch 008, ExpID 66498
Train - Loss: 15484325.45
Val - Loss, MSE, RMSE, MAE, MAPE: 31951436.00, 31951436.00, 5627.76, 4004.44, 4.38%
Test - Best epoch, Loss, MSE, RMSE, MAE, MAPE: 8, 23884320.00, 23884319.00, 4780.79, 3460.99, 3.63%
- Epoch 009, ExpID 66498
Train - Loss: 14876965.82
Val - Loss, MSE, RMSE, MAE, MAPE: 31570128.00, 31570127.00, 5597.66, 4015.20, 4.37%
Test - Best epoch, Loss, MSE, RMSE, MAE, MAPE: 9, 23122744.00, 23122745.00, 4705.61, 3414.23, 3.58%
- Epoch 010, ExpID 66498
Train - Loss: 14476439.73
Val - Loss, MSE, RMSE, MAE, MAPE: 31305334.00, 31305334.00, 5578.87, 3984.29, 4.34%
Test - Best epoch, Loss, MSE, RMSE, MAE, MAPE: 10, 22862000.00, 22861999.50, 4666.64, 3397.75, 3.56%
- Epoch 011, ExpID 66498
Train - Loss: 14120738.05
Val - Loss, MSE, RMSE, MAE, MAPE: 30952204.00, 30952203.00, 5551.10, 3956.24, 4.32%
Test - Best epoch, Loss, MSE, RMSE, MAE, MAPE: 11, 23596664.00, 23596664.00, 4751.44, 3495.86, 3.67%
- Epoch 012, ExpID 66498
Train - Loss: 13721680.27
Val - Loss, MSE, RMSE, MAE, MAPE: 30048672.00, 30048671.00, 5472.53, 3879.00, 4.24%
Test - Best epoch, Loss, MSE, RMSE, MAE, MAPE: 12, 22340686.00, 22340685.50, 4616.98, 3362.46, 3.53%
- Epoch 013, ExpID 66498
Train - Loss: 13204273.45
Val - Loss, MSE, RMSE, MAE, MAPE: 29621004.00, 29621004.00, 5433.73, 3880.52, 4.23%
Test - Best epoch, Loss, MSE, RMSE, MAE, MAPE: 13, 21706374.00, 21706373.50, 4552.13, 3315.30, 3.48%
- Epoch 014, ExpID 66498
Train - Loss: 12814210.05
Val - Loss, MSE, RMSE, MAE, MAPE: 29900052.00, 29900051.00, 5457.93, 3919.01, 4.26%
Test - Best epoch, Loss, MSE, RMSE, MAE, MAPE: 13, 21706374.00, 21706373.50, 4552.13, 3315.30, 3.48%
- Epoch 015, ExpID 66498
Train - Loss: 12604063.36
Val - Loss, MSE, RMSE, MAE, MAPE: 29831144.00, 29831143.00, 5456.96, 3928.18, 4.27%
Test - Best epoch, Loss, MSE, RMSE, MAE, MAPE: 13, 21706374.00, 21706373.50, 4552.13, 3315.30, 3.48%
- Epoch 016, ExpID 66498
Train - Loss: 12213444.73
Val - Loss, MSE, RMSE, MAE, MAPE: 29439056.00, 29439057.00, 5424.68, 3867.88, 4.23%
Test - Best epoch, Loss, MSE, RMSE, MAE, MAPE: 16, 21362766.00, 21362766.00, 4502.89, 3301.83, 3.47%
- Epoch 017, ExpID 66498
Train - Loss: 11858458.95
Val - Loss, MSE, RMSE, MAE, MAPE: 28408040.00, 28408040.00, 5327.26, 3802.10, 4.15%
Test - Best epoch, Loss, MSE, RMSE, MAE, MAPE: 17, 20707676.00, 20707675.50, 4441.74, 3238.86, 3.40%
- Epoch 018, ExpID 66498
Train - Loss: 11594865.50
Val - Loss, MSE, RMSE, MAE, MAPE: 28106584.00, 28106583.00, 5299.17, 3770.86, 4.12%
Test - Best epoch, Loss, MSE, RMSE, MAE, MAPE: 18, 20639542.00, 20639541.50, 4451.59, 3260.83, 3.42%
- Epoch 019, ExpID 66498
Train - Loss: 11389855.68
Val - Loss, MSE, RMSE, MAE, MAPE: 27930006.00, 27930006.00, 5283.69, 3766.05, 4.11%
Test - Best epoch, Loss, MSE, RMSE, MAE, MAPE: 19, 20483446.00, 20483445.50, 4431.01, 3237.11, 3.40%
- Epoch 020, ExpID 66498
Train - Loss: 10923791.55
Val - Loss, MSE, RMSE, MAE, MAPE: 28014530.00, 28014530.00, 5291.61, 3774.57, 4.11%
Test - Best epoch, Loss, MSE, RMSE, MAE, MAPE: 19, 20483446.00, 20483445.50, 4431.01, 3237.11, 3.40%
- Epoch 021, ExpID 66498
Train - Loss: 10743405.59
Val - Loss, MSE, RMSE, MAE, MAPE: 28204564.00, 28204565.00, 5310.68, 3798.89, 4.14%
Test - Best epoch, Loss, MSE, RMSE, MAE, MAPE: 19, 20483446.00, 20483445.50, 4431.01, 3237.11, 3.40%
- Epoch 022, ExpID 66498
Train - Loss: 10482004.23
Val - Loss, MSE, RMSE, MAE, MAPE: 27921052.00, 27921052.00, 5284.01, 3754.72, 4.09%
Test - Best epoch, Loss, MSE, RMSE, MAE, MAPE: 22, 20158636.00, 20158636.50, 4402.88, 3233.43, 3.39%
- Epoch 023, ExpID 66498
Train - Loss: 10241305.95
Val - Loss, MSE, RMSE, MAE, MAPE: 27664436.00, 27664435.00, 5259.66, 3732.95, 4.08%
Test - Best epoch, Loss, MSE, RMSE, MAE, MAPE: 23, 20342828.00, 20342829.00, 4438.93, 3265.03, 3.43%
- Epoch 024, ExpID 66498
Train - Loss: 10129414.18
Val - Loss, MSE, RMSE, MAE, MAPE: 27364064.00, 27364065.00, 5231.04, 3709.18, 4.04%
Test - Best epoch, Loss, MSE, RMSE, MAE, MAPE: 24, 19732476.00, 19732475.50, 4362.91, 3202.97, 3.36%
- Epoch 025, ExpID 66498
Train - Loss: 9837377.39
Val - Loss, MSE, RMSE, MAE, MAPE: 27932732.00, 27932732.00, 5285.10, 3748.09, 4.09%
Test - Best epoch, Loss, MSE, RMSE, MAE, MAPE: 24, 19732476.00, 19732475.50, 4362.91, 3202.97, 3.36%
- Epoch 026, ExpID 66498
Train - Loss: 9616146.32
Val - Loss, MSE, RMSE, MAE, MAPE: 27340806.00, 27340806.00, 5228.77, 3706.96, 4.04%
Test - Best epoch, Loss, MSE, RMSE, MAE, MAPE: 26, 20122612.00, 20122611.00, 4419.90, 3263.65, 3.42%
- Epoch 027, ExpID 66498
Train - Loss: 9406434.57
Val - Loss, MSE, RMSE, MAE, MAPE: 27550388.00, 27550388.00, 5248.71, 3710.12, 4.05%
Test - Best epoch, Loss, MSE, RMSE, MAE, MAPE: 26, 20122612.00, 20122611.00, 4419.90, 3263.65, 3.42%
- Epoch 028, ExpID 66498
Train - Loss: 9183397.02
Val - Loss, MSE, RMSE, MAE, MAPE: 27114540.00, 27114541.00, 5207.02, 3670.55, 4.00%
Test - Best epoch, Loss, MSE, RMSE, MAE, MAPE: 28, 19667456.00, 19667456.00, 4372.14, 3222.11, 3.38%
- Epoch 029, ExpID 66498
Train - Loss: 8991638.89
Val - Loss, MSE, RMSE, MAE, MAPE: 26834198.00, 26834198.00, 5179.78, 3651.09, 3.98%
Test - Best epoch, Loss, MSE, RMSE, MAE, MAPE: 29, 19910364.00, 19910364.50, 4399.40, 3240.08, 3.40%
- Epoch 030, ExpID 66498
Train - Loss: 8838269.09
Val - Loss, MSE, RMSE, MAE, MAPE: 26996888.00, 26996889.00, 5195.55, 3634.33, 3.97%
Test - Best epoch, Loss, MSE, RMSE, MAE, MAPE: 29, 19910364.00, 19910364.50, 4399.40, 3240.08, 3.40%
- Epoch 031, ExpID 66498
Train - Loss: 8701706.70
Val - Loss, MSE, RMSE, MAE, MAPE: 26703306.00, 26703306.00, 5167.14, 3612.38, 3.95%
Test - Best epoch, Loss, MSE, RMSE, MAE, MAPE: 31, 19855948.00, 19855948.00, 4391.86, 3235.36, 3.40%
- Epoch 032, ExpID 66498
Train - Loss: 8481746.16
Val - Loss, MSE, RMSE, MAE, MAPE: 27275436.00, 27275435.00, 5222.57, 3679.01, 4.01%
Test - Best epoch, Loss, MSE, RMSE, MAE, MAPE: 31, 19855948.00, 19855948.00, 4391.86, 3235.36, 3.40%
- Epoch 033, ExpID 66498
Train - Loss: 8374576.20
Val - Loss, MSE, RMSE, MAE, MAPE: 26855796.00, 26855797.00, 5182.14, 3605.68, 3.94%
Test - Best epoch, Loss, MSE, RMSE, MAE, MAPE: 31, 19855948.00, 19855948.00, 4391.86, 3235.36, 3.40%
- Epoch 034, ExpID 66498
Train - Loss: 8265229.02
Val - Loss, MSE, RMSE, MAE, MAPE: 26874746.00, 26874746.00, 5183.94, 3631.85, 3.96%
Test - Best epoch, Loss, MSE, RMSE, MAE, MAPE: 31, 19855948.00, 19855948.00, 4391.86, 3235.36, 3.40%
- Epoch 035, ExpID 66498
Train - Loss: 8083933.95
Val - Loss, MSE, RMSE, MAE, MAPE: 26771180.00, 26771180.00, 5174.08, 3619.16, 3.95%
Test - Best epoch, Loss, MSE, RMSE, MAE, MAPE: 31, 19855948.00, 19855948.00, 4391.86, 3235.36, 3.40%
- Epoch 036, ExpID 66498
Train - Loss: 8013627.30
Val - Loss, MSE, RMSE, MAE, MAPE: 26733148.00, 26733149.00, 5170.39, 3615.14, 3.94%
Test - Best epoch, Loss, MSE, RMSE, MAE, MAPE: 31, 19855948.00, 19855948.00, 4391.86, 3235.36, 3.40%
- Epoch 037, ExpID 66498
Train - Loss: 7824946.59
Val - Loss, MSE, RMSE, MAE, MAPE: 26847960.00, 26847960.00, 5181.49, 3634.08, 3.96%
Test - Best epoch, Loss, MSE, RMSE, MAE, MAPE: 31, 19855948.00, 19855948.00, 4391.86, 3235.36, 3.40%
- Epoch 038, ExpID 66498
Train - Loss: 7693161.30
Val - Loss, MSE, RMSE, MAE, MAPE: 27015600.00, 27015601.00, 5197.59, 3651.35, 3.98%
Test - Best epoch, Loss, MSE, RMSE, MAE, MAPE: 31, 19855948.00, 19855948.00, 4391.86, 3235.36, 3.40%
- Epoch 039, ExpID 66498
Train - Loss: 7595011.34
Val - Loss, MSE, RMSE, MAE, MAPE: 26990324.00, 26990325.00, 5195.21, 3624.06, 3.96%
Test - Best epoch, Loss, MSE, RMSE, MAE, MAPE: 31, 19855948.00, 19855948.00, 4391.86, 3235.36, 3.40%
- Epoch 040, ExpID 66498
Train - Loss: 7415451.00
Val - Loss, MSE, RMSE, MAE, MAPE: 26661172.00, 26661172.00, 5163.40, 3598.33, 3.92%
Test - Best epoch, Loss, MSE, RMSE, MAE, MAPE: 40, 19311650.00, 19311649.50, 4343.73, 3194.63, 3.35%
- Epoch 041, ExpID 66498
Train - Loss: 7304666.77
Val - Loss, MSE, RMSE, MAE, MAPE: 26131326.00, 26131326.00, 5111.71, 3566.09, 3.89%
Test - Best epoch, Loss, MSE, RMSE, MAE, MAPE: 41, 19345748.00, 19345748.50, 4351.78, 3192.60, 3.35%
- Epoch 042, ExpID 66498
Train - Loss: 7184451.18
Val - Loss, MSE, RMSE, MAE, MAPE: 26318620.00, 26318621.00, 5130.16, 3586.35, 3.91%
Test - Best epoch, Loss, MSE, RMSE, MAE, MAPE: 41, 19345748.00, 19345748.50, 4351.78, 3192.60, 3.35%
- Epoch 043, ExpID 66498
Train - Loss: 7079080.86
Val - Loss, MSE, RMSE, MAE, MAPE: 26126976.00, 26126976.00, 5111.38, 3555.39, 3.88%
Test - Best epoch, Loss, MSE, RMSE, MAE, MAPE: 43, 19338916.00, 19338917.00, 4346.67, 3184.10, 3.34%
- Epoch 044, ExpID 66498
Train - Loss: 6996139.59
Val - Loss, MSE, RMSE, MAE, MAPE: 26030124.00, 26030125.00, 5101.88, 3553.13, 3.88%
Test - Best epoch, Loss, MSE, RMSE, MAE, MAPE: 44, 19564326.00, 19564326.00, 4377.09, 3211.04, 3.37%
- Epoch 045, ExpID 66498
Train - Loss: 6940992.30
Val - Loss, MSE, RMSE, MAE, MAPE: 26216910.00, 26216910.00, 5120.07, 3582.16, 3.91%
Test - Best epoch, Loss, MSE, RMSE, MAE, MAPE: 44, 19564326.00, 19564326.00, 4377.09, 3211.04, 3.37%
- Epoch 046, ExpID 66498
Train - Loss: 6799432.43
Val - Loss, MSE, RMSE, MAE, MAPE: 26355160.00, 26355160.00, 5133.36, 3608.95, 3.93%
Test - Best epoch, Loss, MSE, RMSE, MAE, MAPE: 44, 19564326.00, 19564326.00, 4377.09, 3211.04, 3.37%
- Epoch 047, ExpID 66498
Train - Loss: 6677131.82
Val - Loss, MSE, RMSE, MAE, MAPE: 26464504.00, 26464504.00, 5144.16, 3607.54, 3.93%
Test - Best epoch, Loss, MSE, RMSE, MAE, MAPE: 44, 19564326.00, 19564326.00, 4377.09, 3211.04, 3.37%
- Epoch 048, ExpID 66498
Train - Loss: 6598534.77
Val - Loss, MSE, RMSE, MAE, MAPE: 26133488.00, 26133488.00, 5111.39, 3575.70, 3.90%
Test - Best epoch, Loss, MSE, RMSE, MAE, MAPE: 44, 19564326.00, 19564326.00, 4377.09, 3211.04, 3.37%
- Epoch 049, ExpID 66498
Train - Loss: 6488441.34
Val - Loss, MSE, RMSE, MAE, MAPE: 26115384.00, 26115383.00, 5110.11, 3581.20, 3.90%
Test - Best epoch, Loss, MSE, RMSE, MAE, MAPE: 44, 19564326.00, 19564326.00, 4377.09, 3211.04, 3.37%
- Epoch 050, ExpID 66498
Train - Loss: 6393449.34
Val - Loss, MSE, RMSE, MAE, MAPE: 25713020.00, 25713020.00, 5070.31, 3527.58, 3.85%
Test - Best epoch, Loss, MSE, RMSE, MAE, MAPE: 50, 18635256.00, 18635255.00, 4264.42, 3117.70, 3.28%
- Epoch 051, ExpID 66498
Train - Loss: 6324861.23
Val - Loss, MSE, RMSE, MAE, MAPE: 26019788.00, 26019789.00, 5100.58, 3575.35, 3.90%
Test - Best epoch, Loss, MSE, RMSE, MAE, MAPE: 50, 18635256.00, 18635255.00, 4264.42, 3117.70, 3.28%
- Epoch 052, ExpID 66498
Train - Loss: 6223712.27
Val - Loss, MSE, RMSE, MAE, MAPE: 25455024.00, 25455023.00, 5044.29, 3525.87, 3.85%
Test - Best epoch, Loss, MSE, RMSE, MAE, MAPE: 52, 18845016.00, 18845016.00, 4289.84, 3147.43, 3.31%
- Epoch 053, ExpID 66498
Train - Loss: 6140023.98
Val - Loss, MSE, RMSE, MAE, MAPE: 25718890.00, 25718890.00, 5070.85, 3549.17, 3.87%
Test - Best epoch, Loss, MSE, RMSE, MAE, MAPE: 52, 18845016.00, 18845016.00, 4289.84, 3147.43, 3.31%
- Epoch 054, ExpID 66498
Train - Loss: 6109694.23
Val - Loss, MSE, RMSE, MAE, MAPE: 25669872.00, 25669872.00, 5065.48, 3544.23, 3.86%
Test - Best epoch, Loss, MSE, RMSE, MAE, MAPE: 52, 18845016.00, 18845016.00, 4289.84, 3147.43, 3.31%
- Epoch 055, ExpID 66498
Train - Loss: 6019458.73
Val - Loss, MSE, RMSE, MAE, MAPE: 25358928.00, 25358928.00, 5035.57, 3533.41, 3.85%
Test - Best epoch, Loss, MSE, RMSE, MAE, MAPE: 55, 18919190.00, 18919190.50, 4299.37, 3149.79, 3.31%
- Epoch 056, ExpID 66498
Train - Loss: 5982393.07
Val - Loss, MSE, RMSE, MAE, MAPE: 24766400.00, 24766400.00, 4975.85, 3486.42, 3.80%
Test - Best epoch, Loss, MSE, RMSE, MAE, MAPE: 56, 18472272.00, 18472271.50, 4248.85, 3112.51, 3.27%
- Epoch 057, ExpID 66498
Train - Loss: 5881981.50
Val - Loss, MSE, RMSE, MAE, MAPE: 25572934.00, 25572934.00, 5055.96, 3551.49, 3.87%
Test - Best epoch, Loss, MSE, RMSE, MAE, MAPE: 56, 18472272.00, 18472271.50, 4248.85, 3112.51, 3.27%
- Epoch 058, ExpID 66498
Train - Loss: 5735358.70
Val - Loss, MSE, RMSE, MAE, MAPE: 25390592.00, 25390593.00, 5037.74, 3512.77, 3.83%
Test - Best epoch, Loss, MSE, RMSE, MAE, MAPE: 56, 18472272.00, 18472271.50, 4248.85, 3112.51, 3.27%
- Epoch 059, ExpID 66498
Train - Loss: 5749763.48
Val - Loss, MSE, RMSE, MAE, MAPE: 25228184.00, 25228184.00, 5021.91, 3504.80, 3.82%
Test - Best epoch, Loss, MSE, RMSE, MAE, MAPE: 56, 18472272.00, 18472271.50, 4248.85, 3112.51, 3.27%
- Epoch 060, ExpID 66498
Train - Loss: 5687359.45
Val - Loss, MSE, RMSE, MAE, MAPE: 25481748.00, 25481748.00, 5047.15, 3529.19, 3.84%
Test - Best epoch, Loss, MSE, RMSE, MAE, MAPE: 56, 18472272.00, 18472271.50, 4248.85, 3112.51, 3.27%
- Epoch 061, ExpID 66498
Train - Loss: 5624482.32
Val - Loss, MSE, RMSE, MAE, MAPE: 25008278.00, 25008278.00, 5000.34, 3496.43, 3.81%
Test - Best epoch, Loss, MSE, RMSE, MAE, MAPE: 56, 18472272.00, 18472271.50, 4248.85, 3112.51, 3.27%
- Epoch 062, ExpID 66498
Train - Loss: 5518768.89
Val - Loss, MSE, RMSE, MAE, MAPE: 25038714.00, 25038714.00, 5002.86, 3497.36, 3.81%
Test - Best epoch, Loss, MSE, RMSE, MAE, MAPE: 56, 18472272.00, 18472271.50, 4248.85, 3112.51, 3.27%
- Epoch 063, ExpID 66498
Train - Loss: 5476211.50
Val - Loss, MSE, RMSE, MAE, MAPE: 25595932.00, 25595931.00, 5058.57, 3540.33, 3.85%
Test - Best epoch, Loss, MSE, RMSE, MAE, MAPE: 56, 18472272.00, 18472271.50, 4248.85, 3112.51, 3.27%
- Epoch 064, ExpID 66498
Train - Loss: 5386203.14
Val - Loss, MSE, RMSE, MAE, MAPE: 25454986.00, 25454986.00, 5043.83, 3512.14, 3.83%
Test - Best epoch, Loss, MSE, RMSE, MAE, MAPE: 56, 18472272.00, 18472271.50, 4248.85, 3112.51, 3.27%
- Epoch 065, ExpID 66498
Train - Loss: 5321550.18
Val - Loss, MSE, RMSE, MAE, MAPE: 25369590.00, 25369590.00, 5035.91, 3526.56, 3.85%
Test - Best epoch, Loss, MSE, RMSE, MAE, MAPE: 56, 18472272.00, 18472271.50, 4248.85, 3112.51, 3.27%
- Epoch 066, ExpID 66498
Train - Loss: 5298310.82
Val - Loss, MSE, RMSE, MAE, MAPE: 25500740.00, 25500741.00, 5048.38, 3535.40, 3.85%
Test - Best epoch, Loss, MSE, RMSE, MAE, MAPE: 56, 18472272.00, 18472271.50, 4248.85, 3112.51, 3.27%
Early Stopping at Epoch 66
Fold 2019 Best RMSE: 4248.8544
