DETAILED LOG | Model: nbeats | Seed: 3
FULL CONFIG: {'gpu': '6', 'target': 'arrival', 'cv_start_year': 2017, 'cv_end_year': 2019, 'test_year': 2024, 'use_corona': False, 'seq_len': 365, 'label_len': 0, 'pred_len': 7, 'batch_size': 64, 'epochs': 1000, 'patience': 10, 'lr': 0.001, 'model': 'nbeats', 'd_model': 256, 'n_heads': 4, 'n_layers': 2, 'dropout': 0.1, 'activation': 'gelu', 'patch_len': 16, 'factor': 5, 'norm_mode': 'revin', 'use_dbloss': False, 'device': device(type='cuda'), 'stride': 16, 'file_path': 'dataset/airport_daily_flight_merged.csv', 'seed': 3, 'val_year': 2019, 'ndims': 1}

-------------------- [Fold: 2017] ExpID: 59686 --------------------
- Epoch 000, ExpID 59686
Train - Loss: 21182503.15
Val - Loss, MSE, RMSE, MAE, MAPE: 33479560.00, 33479561.83, 5686.66, 4243.00, 5.42%
Test - Best epoch, Loss, MSE, RMSE, MAE, MAPE: 0, 44567928.00, 44567925.00, 6376.11, 4569.27, 5.39%
- Epoch 001, ExpID 59686
Train - Loss: 13372561.51
Val - Loss, MSE, RMSE, MAE, MAPE: 27161238.00, 27161237.17, 5150.52, 3856.33, 4.91%
Test - Best epoch, Loss, MSE, RMSE, MAE, MAPE: 1, 43102152.00, 43102152.67, 6339.48, 4614.18, 5.43%
- Epoch 002, ExpID 59686
Train - Loss: 10333053.43
Val - Loss, MSE, RMSE, MAE, MAPE: 25845582.00, 25845583.17, 5022.38, 3696.31, 4.65%
Test - Best epoch, Loss, MSE, RMSE, MAE, MAPE: 2, 38526520.00, 38526523.00, 5964.78, 4121.42, 4.78%
- Epoch 003, ExpID 59686
Train - Loss: 8685431.43
Val - Loss, MSE, RMSE, MAE, MAPE: 25278868.00, 25278867.00, 4956.61, 3678.63, 4.63%
Test - Best epoch, Loss, MSE, RMSE, MAE, MAPE: 3, 37707680.00, 37707678.50, 5896.01, 4203.06, 4.88%
- Epoch 004, ExpID 59686
Train - Loss: 6497799.56
Val - Loss, MSE, RMSE, MAE, MAPE: 25886750.00, 25886748.83, 5021.84, 3819.03, 4.81%
Test - Best epoch, Loss, MSE, RMSE, MAE, MAPE: 3, 37707680.00, 37707678.50, 5896.01, 4203.06, 4.88%
- Epoch 005, ExpID 59686
Train - Loss: 5331330.24
Val - Loss, MSE, RMSE, MAE, MAPE: 24458856.00, 24458857.33, 4869.37, 3660.29, 4.62%
Test - Best epoch, Loss, MSE, RMSE, MAE, MAPE: 5, 39950944.00, 39950942.00, 6108.70, 4488.93, 5.25%
- Epoch 006, ExpID 59686
Train - Loss: 4377856.04
Val - Loss, MSE, RMSE, MAE, MAPE: 26090004.00, 26090000.50, 5041.93, 3812.20, 4.82%
Test - Best epoch, Loss, MSE, RMSE, MAE, MAPE: 5, 39950944.00, 39950942.00, 6108.70, 4488.93, 5.25%
- Epoch 007, ExpID 59686
Train - Loss: 3657661.34
Val - Loss, MSE, RMSE, MAE, MAPE: 24599408.00, 24599410.00, 4903.52, 3683.44, 4.70%
Test - Best epoch, Loss, MSE, RMSE, MAE, MAPE: 5, 39950944.00, 39950942.00, 6108.70, 4488.93, 5.25%
- Epoch 008, ExpID 59686
Train - Loss: 3680843.84
Val - Loss, MSE, RMSE, MAE, MAPE: 23998624.00, 23998623.33, 4815.04, 3616.21, 4.57%
Test - Best epoch, Loss, MSE, RMSE, MAE, MAPE: 8, 38254012.00, 38254010.00, 6022.16, 4336.25, 5.09%
- Epoch 009, ExpID 59686
Train - Loss: 2910473.79
Val - Loss, MSE, RMSE, MAE, MAPE: 24863614.00, 24863611.33, 4920.34, 3680.93, 4.67%
Test - Best epoch, Loss, MSE, RMSE, MAE, MAPE: 8, 38254012.00, 38254010.00, 6022.16, 4336.25, 5.09%
- Epoch 010, ExpID 59686
Train - Loss: 2425814.87
Val - Loss, MSE, RMSE, MAE, MAPE: 24113664.00, 24113664.00, 4845.92, 3625.90, 4.59%
Test - Best epoch, Loss, MSE, RMSE, MAE, MAPE: 8, 38254012.00, 38254010.00, 6022.16, 4336.25, 5.09%
- Epoch 011, ExpID 59686
Train - Loss: 2107606.78
Val - Loss, MSE, RMSE, MAE, MAPE: 25543862.00, 25543862.33, 4990.71, 3740.18, 4.73%
Test - Best epoch, Loss, MSE, RMSE, MAE, MAPE: 8, 38254012.00, 38254010.00, 6022.16, 4336.25, 5.09%
- Epoch 012, ExpID 59686
Train - Loss: 1850348.87
Val - Loss, MSE, RMSE, MAE, MAPE: 25062612.00, 25062608.50, 4934.53, 3676.56, 4.65%
Test - Best epoch, Loss, MSE, RMSE, MAE, MAPE: 8, 38254012.00, 38254010.00, 6022.16, 4336.25, 5.09%
- Epoch 013, ExpID 59686
Train - Loss: 1574814.64
Val - Loss, MSE, RMSE, MAE, MAPE: 24632774.00, 24632772.17, 4895.31, 3670.14, 4.64%
Test - Best epoch, Loss, MSE, RMSE, MAE, MAPE: 8, 38254012.00, 38254010.00, 6022.16, 4336.25, 5.09%
- Epoch 014, ExpID 59686
Train - Loss: 1451367.32
Val - Loss, MSE, RMSE, MAE, MAPE: 27698558.00, 27698557.50, 5179.03, 3902.64, 4.91%
Test - Best epoch, Loss, MSE, RMSE, MAE, MAPE: 8, 38254012.00, 38254010.00, 6022.16, 4336.25, 5.09%
- Epoch 015, ExpID 59686
Train - Loss: 1326451.60
Val - Loss, MSE, RMSE, MAE, MAPE: 25190376.00, 25190377.67, 4949.93, 3688.72, 4.65%
Test - Best epoch, Loss, MSE, RMSE, MAE, MAPE: 8, 38254012.00, 38254010.00, 6022.16, 4336.25, 5.09%
- Epoch 016, ExpID 59686
Train - Loss: 1180562.13
Val - Loss, MSE, RMSE, MAE, MAPE: 26476872.00, 26476872.00, 5059.95, 3794.66, 4.78%
Test - Best epoch, Loss, MSE, RMSE, MAE, MAPE: 8, 38254012.00, 38254010.00, 6022.16, 4336.25, 5.09%
- Epoch 017, ExpID 59686
Train - Loss: 1270146.37
Val - Loss, MSE, RMSE, MAE, MAPE: 25239960.00, 25239959.17, 4952.08, 3721.65, 4.71%
Test - Best epoch, Loss, MSE, RMSE, MAE, MAPE: 8, 38254012.00, 38254010.00, 6022.16, 4336.25, 5.09%
- Epoch 018, ExpID 59686
Train - Loss: 1039191.87
Val - Loss, MSE, RMSE, MAE, MAPE: 25848790.00, 25848787.83, 5008.82, 3755.16, 4.73%
Test - Best epoch, Loss, MSE, RMSE, MAE, MAPE: 8, 38254012.00, 38254010.00, 6022.16, 4336.25, 5.09%
Early Stopping at Epoch 18
Fold 2017 Best RMSE: 6022.1612

-------------------- [Fold: 2018] ExpID: 15784 --------------------
- Epoch 000, ExpID 15784
Train - Loss: 21960487.62
Val - Loss, MSE, RMSE, MAE, MAPE: 43366264.00, 43366265.50, 6314.85, 4581.61, 5.32%
Test - Best epoch, Loss, MSE, RMSE, MAE, MAPE: 0, 33905868.00, 33905865.17, 5661.66, 4184.64, 4.49%
- Epoch 001, ExpID 15784
Train - Loss: 13694748.25
Val - Loss, MSE, RMSE, MAE, MAPE: 38637744.00, 38637740.83, 5928.68, 4115.80, 4.76%
Test - Best epoch, Loss, MSE, RMSE, MAE, MAPE: 1, 27243848.00, 27243849.67, 5093.82, 3769.46, 4.08%
- Epoch 002, ExpID 15784
Train - Loss: 10312249.31
Val - Loss, MSE, RMSE, MAE, MAPE: 36178832.00, 36178831.50, 5770.53, 4069.30, 4.72%
Test - Best epoch, Loss, MSE, RMSE, MAE, MAPE: 2, 25659884.00, 25659880.50, 4938.08, 3666.75, 3.96%
- Epoch 003, ExpID 15784
Train - Loss: 8244818.64
Val - Loss, MSE, RMSE, MAE, MAPE: 36316904.00, 36316906.00, 5791.89, 4135.85, 4.85%
Test - Best epoch, Loss, MSE, RMSE, MAE, MAPE: 2, 25659884.00, 25659880.50, 4938.08, 3666.75, 3.96%
- Epoch 004, ExpID 15784
Train - Loss: 6510476.29
Val - Loss, MSE, RMSE, MAE, MAPE: 35244600.00, 35244600.33, 5734.45, 4152.68, 4.89%
Test - Best epoch, Loss, MSE, RMSE, MAE, MAPE: 4, 26592948.00, 26592946.33, 5082.48, 3818.26, 4.17%
- Epoch 005, ExpID 15784
Train - Loss: 5160119.10
Val - Loss, MSE, RMSE, MAE, MAPE: 37241236.00, 37241235.33, 5878.77, 4231.98, 4.98%
Test - Best epoch, Loss, MSE, RMSE, MAE, MAPE: 4, 26592948.00, 26592946.33, 5082.48, 3818.26, 4.17%
- Epoch 006, ExpID 15784
Train - Loss: 4222715.99
Val - Loss, MSE, RMSE, MAE, MAPE: 37165884.00, 37165880.00, 5804.61, 4183.54, 4.86%
Test - Best epoch, Loss, MSE, RMSE, MAE, MAPE: 4, 26592948.00, 26592946.33, 5082.48, 3818.26, 4.17%
- Epoch 007, ExpID 15784
Train - Loss: 3604312.35
Val - Loss, MSE, RMSE, MAE, MAPE: 35429060.00, 35429059.00, 5680.24, 4027.54, 4.68%
Test - Best epoch, Loss, MSE, RMSE, MAE, MAPE: 4, 26592948.00, 26592946.33, 5082.48, 3818.26, 4.17%
- Epoch 008, ExpID 15784
Train - Loss: 3056315.45
Val - Loss, MSE, RMSE, MAE, MAPE: 35953032.00, 35953026.83, 5723.72, 4118.50, 4.81%
Test - Best epoch, Loss, MSE, RMSE, MAE, MAPE: 4, 26592948.00, 26592946.33, 5082.48, 3818.26, 4.17%
- Epoch 009, ExpID 15784
Train - Loss: 2678441.98
Val - Loss, MSE, RMSE, MAE, MAPE: 38163472.00, 38163467.83, 5866.71, 4285.82, 5.03%
Test - Best epoch, Loss, MSE, RMSE, MAE, MAPE: 4, 26592948.00, 26592946.33, 5082.48, 3818.26, 4.17%
- Epoch 010, ExpID 15784
Train - Loss: 2274405.67
Val - Loss, MSE, RMSE, MAE, MAPE: 38968040.00, 38968037.67, 5950.03, 4323.35, 5.03%
Test - Best epoch, Loss, MSE, RMSE, MAE, MAPE: 4, 26592948.00, 26592946.33, 5082.48, 3818.26, 4.17%
- Epoch 011, ExpID 15784
Train - Loss: 2059193.29
Val - Loss, MSE, RMSE, MAE, MAPE: 36101712.00, 36101708.00, 5731.38, 4156.43, 4.87%
Test - Best epoch, Loss, MSE, RMSE, MAE, MAPE: 4, 26592948.00, 26592946.33, 5082.48, 3818.26, 4.17%
- Epoch 012, ExpID 15784
Train - Loss: 1857441.57
Val - Loss, MSE, RMSE, MAE, MAPE: 35016984.00, 35016984.83, 5668.19, 4093.08, 4.80%
Test - Best epoch, Loss, MSE, RMSE, MAE, MAPE: 12, 26333636.00, 26333635.00, 5060.13, 3819.03, 4.14%
- Epoch 013, ExpID 15784
Train - Loss: 1692501.07
Val - Loss, MSE, RMSE, MAE, MAPE: 36271952.00, 36271950.00, 5764.30, 4270.98, 5.00%
Test - Best epoch, Loss, MSE, RMSE, MAE, MAPE: 12, 26333636.00, 26333635.00, 5060.13, 3819.03, 4.14%
- Epoch 014, ExpID 15784
Train - Loss: 1555508.63
Val - Loss, MSE, RMSE, MAE, MAPE: 35767960.00, 35767959.67, 5756.87, 4215.56, 4.94%
Test - Best epoch, Loss, MSE, RMSE, MAE, MAPE: 12, 26333636.00, 26333635.00, 5060.13, 3819.03, 4.14%
- Epoch 015, ExpID 15784
Train - Loss: 1389841.07
Val - Loss, MSE, RMSE, MAE, MAPE: 34831560.00, 34831555.33, 5659.31, 4176.63, 4.91%
Test - Best epoch, Loss, MSE, RMSE, MAE, MAPE: 15, 27001030.00, 27001029.00, 5123.41, 3827.10, 4.14%
- Epoch 016, ExpID 15784
Train - Loss: 1298756.75
Val - Loss, MSE, RMSE, MAE, MAPE: 36219152.00, 36219153.33, 5744.38, 4098.63, 4.80%
Test - Best epoch, Loss, MSE, RMSE, MAE, MAPE: 15, 27001030.00, 27001029.00, 5123.41, 3827.10, 4.14%
- Epoch 017, ExpID 15784
Train - Loss: 1310905.29
Val - Loss, MSE, RMSE, MAE, MAPE: 35259952.00, 35259955.00, 5635.30, 4087.97, 4.77%
Test - Best epoch, Loss, MSE, RMSE, MAE, MAPE: 15, 27001030.00, 27001029.00, 5123.41, 3827.10, 4.14%
- Epoch 018, ExpID 15784
Train - Loss: 1148465.26
Val - Loss, MSE, RMSE, MAE, MAPE: 35241032.00, 35241028.50, 5652.72, 4087.47, 4.80%
Test - Best epoch, Loss, MSE, RMSE, MAE, MAPE: 15, 27001030.00, 27001029.00, 5123.41, 3827.10, 4.14%
- Epoch 019, ExpID 15784
Train - Loss: 1072352.80
Val - Loss, MSE, RMSE, MAE, MAPE: 33868504.00, 33868505.00, 5595.20, 4094.74, 4.82%
Test - Best epoch, Loss, MSE, RMSE, MAE, MAPE: 19, 27098348.00, 27098346.33, 5138.27, 3814.50, 4.14%
- Epoch 020, ExpID 15784
Train - Loss: 1019338.16
Val - Loss, MSE, RMSE, MAE, MAPE: 34601348.00, 34601347.83, 5660.31, 4099.03, 4.81%
Test - Best epoch, Loss, MSE, RMSE, MAE, MAPE: 19, 27098348.00, 27098346.33, 5138.27, 3814.50, 4.14%
- Epoch 021, ExpID 15784
Train - Loss: 939445.81
Val - Loss, MSE, RMSE, MAE, MAPE: 35512256.00, 35512255.00, 5734.70, 4166.81, 4.90%
Test - Best epoch, Loss, MSE, RMSE, MAE, MAPE: 19, 27098348.00, 27098346.33, 5138.27, 3814.50, 4.14%
- Epoch 022, ExpID 15784
Train - Loss: 1038523.95
Val - Loss, MSE, RMSE, MAE, MAPE: 35769632.00, 35769628.67, 5715.77, 4163.09, 4.88%
Test - Best epoch, Loss, MSE, RMSE, MAE, MAPE: 19, 27098348.00, 27098346.33, 5138.27, 3814.50, 4.14%
- Epoch 023, ExpID 15784
Train - Loss: 1036641.09
Val - Loss, MSE, RMSE, MAE, MAPE: 36282040.00, 36282035.50, 5721.01, 4169.79, 4.86%
Test - Best epoch, Loss, MSE, RMSE, MAE, MAPE: 19, 27098348.00, 27098346.33, 5138.27, 3814.50, 4.14%
- Epoch 024, ExpID 15784
Train - Loss: 843901.59
Val - Loss, MSE, RMSE, MAE, MAPE: 35256624.00, 35256620.83, 5673.64, 4064.50, 4.76%
Test - Best epoch, Loss, MSE, RMSE, MAE, MAPE: 19, 27098348.00, 27098346.33, 5138.27, 3814.50, 4.14%
- Epoch 025, ExpID 15784
Train - Loss: 782149.44
Val - Loss, MSE, RMSE, MAE, MAPE: 34383992.00, 34383991.67, 5611.44, 4064.80, 4.77%
Test - Best epoch, Loss, MSE, RMSE, MAE, MAPE: 19, 27098348.00, 27098346.33, 5138.27, 3814.50, 4.14%
- Epoch 026, ExpID 15784
Train - Loss: 856348.02
Val - Loss, MSE, RMSE, MAE, MAPE: 36213104.00, 36213105.50, 5743.80, 4167.13, 4.87%
Test - Best epoch, Loss, MSE, RMSE, MAE, MAPE: 19, 27098348.00, 27098346.33, 5138.27, 3814.50, 4.14%
- Epoch 027, ExpID 15784
Train - Loss: 757114.21
Val - Loss, MSE, RMSE, MAE, MAPE: 36245024.00, 36245023.33, 5731.66, 4170.26, 4.89%
Test - Best epoch, Loss, MSE, RMSE, MAE, MAPE: 19, 27098348.00, 27098346.33, 5138.27, 3814.50, 4.14%
- Epoch 028, ExpID 15784
Train - Loss: 740785.33
Val - Loss, MSE, RMSE, MAE, MAPE: 36171240.00, 36171237.83, 5703.05, 4119.56, 4.82%
Test - Best epoch, Loss, MSE, RMSE, MAE, MAPE: 19, 27098348.00, 27098346.33, 5138.27, 3814.50, 4.14%
- Epoch 029, ExpID 15784
Train - Loss: 676485.04
Val - Loss, MSE, RMSE, MAE, MAPE: 35518720.00, 35518715.67, 5662.96, 4164.07, 4.89%
Test - Best epoch, Loss, MSE, RMSE, MAE, MAPE: 19, 27098348.00, 27098346.33, 5138.27, 3814.50, 4.14%
Early Stopping at Epoch 29
Fold 2018 Best RMSE: 5138.2677

-------------------- [Fold: 2019] ExpID: 35253 --------------------
- Epoch 000, ExpID 35253
Train - Loss: 23716197.73
Val - Loss, MSE, RMSE, MAE, MAPE: 35531464.00, 35531463.83, 5767.20, 4236.12, 4.60%
Test - Best epoch, Loss, MSE, RMSE, MAE, MAPE: 0, 30427328.00, 30427328.83, 5373.01, 3918.46, 4.12%
- Epoch 001, ExpID 35253
Train - Loss: 15065203.76
Val - Loss, MSE, RMSE, MAE, MAPE: 28337198.00, 28337196.67, 5170.63, 3801.52, 4.13%
Test - Best epoch, Loss, MSE, RMSE, MAE, MAPE: 1, 27552358.00, 27552357.67, 5081.53, 3751.30, 3.95%
- Epoch 002, ExpID 35253
Train - Loss: 10941969.19
Val - Loss, MSE, RMSE, MAE, MAPE: 28196632.00, 28196631.00, 5176.61, 3859.93, 4.16%
Test - Best epoch, Loss, MSE, RMSE, MAE, MAPE: 2, 26363684.00, 26363682.17, 5048.19, 3649.35, 3.81%
- Epoch 003, ExpID 35253
Train - Loss: 9122450.94
Val - Loss, MSE, RMSE, MAE, MAPE: 26132982.00, 26132979.75, 4991.31, 3714.44, 4.07%
Test - Best epoch, Loss, MSE, RMSE, MAE, MAPE: 3, 24978596.00, 24978595.17, 4869.62, 3681.06, 3.87%
- Epoch 004, ExpID 35253
Train - Loss: 6982842.99
Val - Loss, MSE, RMSE, MAE, MAPE: 25772752.00, 25772750.67, 4975.99, 3701.90, 4.03%
Test - Best epoch, Loss, MSE, RMSE, MAE, MAPE: 4, 23406776.00, 23406775.83, 4729.51, 3499.57, 3.65%
- Epoch 005, ExpID 35253
Train - Loss: 5702828.75
Val - Loss, MSE, RMSE, MAE, MAPE: 25674620.00, 25674619.33, 4950.24, 3657.66, 3.97%
Test - Best epoch, Loss, MSE, RMSE, MAE, MAPE: 5, 22561678.00, 22561678.83, 4651.50, 3439.94, 3.58%
- Epoch 006, ExpID 35253
Train - Loss: 4898659.07
Val - Loss, MSE, RMSE, MAE, MAPE: 26252174.00, 26252174.50, 5009.43, 3687.87, 4.02%
Test - Best epoch, Loss, MSE, RMSE, MAE, MAPE: 5, 22561678.00, 22561678.83, 4651.50, 3439.94, 3.58%
- Epoch 007, ExpID 35253
Train - Loss: 3960888.20
Val - Loss, MSE, RMSE, MAE, MAPE: 23416862.00, 23416861.33, 4736.34, 3494.25, 3.80%
Test - Best epoch, Loss, MSE, RMSE, MAE, MAPE: 7, 21739602.00, 21739600.92, 4545.00, 3338.77, 3.48%
- Epoch 008, ExpID 35253
Train - Loss: 3267161.28
Val - Loss, MSE, RMSE, MAE, MAPE: 24230350.00, 24230350.17, 4842.15, 3596.36, 3.90%
Test - Best epoch, Loss, MSE, RMSE, MAE, MAPE: 7, 21739602.00, 21739600.92, 4545.00, 3338.77, 3.48%
- Epoch 009, ExpID 35253
Train - Loss: 2859969.23
Val - Loss, MSE, RMSE, MAE, MAPE: 25045076.00, 25045075.33, 4917.43, 3669.61, 3.97%
Test - Best epoch, Loss, MSE, RMSE, MAE, MAPE: 7, 21739602.00, 21739600.92, 4545.00, 3338.77, 3.48%
- Epoch 010, ExpID 35253
Train - Loss: 2618911.00
Val - Loss, MSE, RMSE, MAE, MAPE: 26187678.00, 26187678.50, 5014.42, 3676.71, 4.01%
Test - Best epoch, Loss, MSE, RMSE, MAE, MAPE: 7, 21739602.00, 21739600.92, 4545.00, 3338.77, 3.48%
- Epoch 011, ExpID 35253
Train - Loss: 2309631.69
Val - Loss, MSE, RMSE, MAE, MAPE: 25826830.00, 25826829.00, 4995.57, 3680.61, 4.00%
Test - Best epoch, Loss, MSE, RMSE, MAE, MAPE: 7, 21739602.00, 21739600.92, 4545.00, 3338.77, 3.48%
- Epoch 012, ExpID 35253
Train - Loss: 2244058.99
Val - Loss, MSE, RMSE, MAE, MAPE: 24999168.00, 24999167.00, 4907.48, 3642.31, 3.95%
Test - Best epoch, Loss, MSE, RMSE, MAE, MAPE: 7, 21739602.00, 21739600.92, 4545.00, 3338.77, 3.48%
- Epoch 013, ExpID 35253
Train - Loss: 1936973.82
Val - Loss, MSE, RMSE, MAE, MAPE: 25400308.00, 25400308.67, 4945.95, 3675.35, 4.00%
Test - Best epoch, Loss, MSE, RMSE, MAE, MAPE: 7, 21739602.00, 21739600.92, 4545.00, 3338.77, 3.48%
- Epoch 014, ExpID 35253
Train - Loss: 1745051.81
Val - Loss, MSE, RMSE, MAE, MAPE: 25224528.00, 25224526.50, 4932.82, 3629.27, 3.95%
Test - Best epoch, Loss, MSE, RMSE, MAE, MAPE: 7, 21739602.00, 21739600.92, 4545.00, 3338.77, 3.48%
- Epoch 015, ExpID 35253
Train - Loss: 1642913.67
Val - Loss, MSE, RMSE, MAE, MAPE: 24001548.00, 24001547.67, 4802.43, 3561.94, 3.88%
Test - Best epoch, Loss, MSE, RMSE, MAE, MAPE: 7, 21739602.00, 21739600.92, 4545.00, 3338.77, 3.48%
- Epoch 016, ExpID 35253
Train - Loss: 1518429.09
Val - Loss, MSE, RMSE, MAE, MAPE: 26371624.00, 26371623.17, 5026.72, 3727.35, 4.05%
Test - Best epoch, Loss, MSE, RMSE, MAE, MAPE: 7, 21739602.00, 21739600.92, 4545.00, 3338.77, 3.48%
- Epoch 017, ExpID 35253
Train - Loss: 1479955.56
Val - Loss, MSE, RMSE, MAE, MAPE: 26421860.00, 26421857.67, 5028.81, 3688.94, 4.01%
Test - Best epoch, Loss, MSE, RMSE, MAE, MAPE: 7, 21739602.00, 21739600.92, 4545.00, 3338.77, 3.48%
Early Stopping at Epoch 17
Fold 2019 Best RMSE: 4545.0040
