DETAILED LOG | Model: nbeats | Seed: 3
FULL CONFIG: {'gpu': '6', 'target': 'arrival', 'cv_start_year': 2017, 'cv_end_year': 2019, 'test_year': 2024, 'use_corona': False, 'seq_len': 91, 'label_len': 0, 'pred_len': 7, 'batch_size': 64, 'epochs': 1000, 'patience': 10, 'lr': 1e-05, 'model': 'nbeats', 'd_model': 512, 'n_heads': 4, 'n_layers': 4, 'dropout': 0.1, 'activation': 'gelu', 'patch_len': 16, 'factor': 5, 'norm_mode': 'revin', 'use_dbloss': False, 'device': device(type='cuda'), 'stride': 16, 'file_path': 'dataset/airport_daily_flight_merged.csv', 'seed': 3, 'val_year': 2019, 'ndims': 1}

-------------------- [Fold: 2017] ExpID: 60363 --------------------
- Epoch 000, ExpID 60363
Train - Loss: 43518351.67
Val - Loss, MSE, RMSE, MAE, MAPE: 78798848.00, 78798844.00, 8798.72, 6949.77, 8.86%
Test - Best epoch, Loss, MSE, RMSE, MAE, MAPE: 0, 89818368.00, 89818370.00, 9243.16, 7249.53, 8.53%
- Epoch 001, ExpID 60363
Train - Loss: 35352781.32
Val - Loss, MSE, RMSE, MAE, MAPE: 58247184.00, 58247185.33, 7535.15, 5814.35, 7.40%
Test - Best epoch, Loss, MSE, RMSE, MAE, MAPE: 1, 68371960.00, 68371955.00, 7994.99, 6037.32, 7.09%
- Epoch 002, ExpID 60363
Train - Loss: 25389534.51
Val - Loss, MSE, RMSE, MAE, MAPE: 46322376.00, 46322375.33, 6679.15, 4983.24, 6.30%
Test - Best epoch, Loss, MSE, RMSE, MAE, MAPE: 2, 56333104.00, 56333106.33, 7246.42, 5187.35, 6.05%
- Epoch 003, ExpID 60363
Train - Loss: 21997644.30
Val - Loss, MSE, RMSE, MAE, MAPE: 43014164.00, 43014165.00, 6433.08, 4739.18, 6.00%
Test - Best epoch, Loss, MSE, RMSE, MAE, MAPE: 3, 53134700.00, 53134695.67, 7038.73, 5012.67, 5.86%
- Epoch 004, ExpID 60363
Train - Loss: 20604488.52
Val - Loss, MSE, RMSE, MAE, MAPE: 40433056.00, 40433054.00, 6241.48, 4569.72, 5.80%
Test - Best epoch, Loss, MSE, RMSE, MAE, MAPE: 4, 50749784.00, 50749782.33, 6876.01, 4914.88, 5.75%
- Epoch 005, ExpID 60363
Train - Loss: 19550940.86
Val - Loss, MSE, RMSE, MAE, MAPE: 38168744.00, 38168738.00, 6069.04, 4427.45, 5.61%
Test - Best epoch, Loss, MSE, RMSE, MAE, MAPE: 5, 48781928.00, 48781923.33, 6741.41, 4832.71, 5.64%
- Epoch 006, ExpID 60363
Train - Loss: 18663390.08
Val - Loss, MSE, RMSE, MAE, MAPE: 36317112.00, 36317113.00, 5925.42, 4300.03, 5.44%
Test - Best epoch, Loss, MSE, RMSE, MAE, MAPE: 6, 47455564.00, 47455566.33, 6663.27, 4794.64, 5.57%
- Epoch 007, ExpID 60363
Train - Loss: 17847709.57
Val - Loss, MSE, RMSE, MAE, MAPE: 34580892.00, 34580891.00, 5786.67, 4200.29, 5.32%
Test - Best epoch, Loss, MSE, RMSE, MAE, MAPE: 7, 46083568.00, 46083569.00, 6564.38, 4775.84, 5.56%
- Epoch 008, ExpID 60363
Train - Loss: 17112859.95
Val - Loss, MSE, RMSE, MAE, MAPE: 33348846.00, 33348846.00, 5686.59, 4102.02, 5.18%
Test - Best epoch, Loss, MSE, RMSE, MAE, MAPE: 8, 45727928.00, 45727921.67, 6541.96, 4771.73, 5.53%
- Epoch 009, ExpID 60363
Train - Loss: 16378548.46
Val - Loss, MSE, RMSE, MAE, MAPE: 31780712.00, 31780709.33, 5557.64, 4019.32, 5.11%
Test - Best epoch, Loss, MSE, RMSE, MAE, MAPE: 9, 44592532.00, 44592530.00, 6446.67, 4759.46, 5.56%
- Epoch 010, ExpID 60363
Train - Loss: 15771082.18
Val - Loss, MSE, RMSE, MAE, MAPE: 30762992.00, 30762992.33, 5471.71, 3952.27, 5.02%
Test - Best epoch, Loss, MSE, RMSE, MAE, MAPE: 10, 44221816.00, 44221816.00, 6417.78, 4763.56, 5.56%
- Epoch 011, ExpID 60363
Train - Loss: 15300689.27
Val - Loss, MSE, RMSE, MAE, MAPE: 30003760.00, 30003758.67, 5404.95, 3883.31, 4.92%
Test - Best epoch, Loss, MSE, RMSE, MAE, MAPE: 11, 44431900.00, 44431896.00, 6432.89, 4776.44, 5.56%
- Epoch 012, ExpID 60363
Train - Loss: 14940713.29
Val - Loss, MSE, RMSE, MAE, MAPE: 29257756.00, 29257753.33, 5340.51, 3849.53, 4.89%
Test - Best epoch, Loss, MSE, RMSE, MAE, MAPE: 12, 44104872.00, 44104870.67, 6402.88, 4784.83, 5.59%
- Epoch 013, ExpID 60363
Train - Loss: 14538435.20
Val - Loss, MSE, RMSE, MAE, MAPE: 28860614.00, 28860613.33, 5304.47, 3822.98, 4.87%
Test - Best epoch, Loss, MSE, RMSE, MAE, MAPE: 13, 44016832.00, 44016830.00, 6393.24, 4784.01, 5.60%
- Epoch 014, ExpID 60363
Train - Loss: 14145720.97
Val - Loss, MSE, RMSE, MAE, MAPE: 28359142.00, 28359140.67, 5260.42, 3782.89, 4.81%
Test - Best epoch, Loss, MSE, RMSE, MAE, MAPE: 14, 44105200.00, 44105197.67, 6395.94, 4769.70, 5.57%
- Epoch 015, ExpID 60363
Train - Loss: 13891092.97
Val - Loss, MSE, RMSE, MAE, MAPE: 27985742.00, 27985743.67, 5226.14, 3768.02, 4.80%
Test - Best epoch, Loss, MSE, RMSE, MAE, MAPE: 15, 43871296.00, 43871294.67, 6387.91, 4802.82, 5.63%
- Epoch 016, ExpID 60363
Train - Loss: 13618961.51
Val - Loss, MSE, RMSE, MAE, MAPE: 27645278.00, 27645275.67, 5194.64, 3728.39, 4.75%
Test - Best epoch, Loss, MSE, RMSE, MAE, MAPE: 16, 43767036.00, 43767034.00, 6378.51, 4776.15, 5.59%
- Epoch 017, ExpID 60363
Train - Loss: 13362492.74
Val - Loss, MSE, RMSE, MAE, MAPE: 27582516.00, 27582512.33, 5187.77, 3678.88, 4.65%
Test - Best epoch, Loss, MSE, RMSE, MAE, MAPE: 17, 44741672.00, 44741669.67, 6464.16, 4801.40, 5.57%
- Epoch 018, ExpID 60363
Train - Loss: 13138859.08
Val - Loss, MSE, RMSE, MAE, MAPE: 27162686.00, 27162687.33, 5149.67, 3680.99, 4.69%
Test - Best epoch, Loss, MSE, RMSE, MAE, MAPE: 18, 43634416.00, 43634415.33, 6370.33, 4765.10, 5.57%
- Epoch 019, ExpID 60363
Train - Loss: 12938467.23
Val - Loss, MSE, RMSE, MAE, MAPE: 27033000.00, 27032998.33, 5138.16, 3651.00, 4.64%
Test - Best epoch, Loss, MSE, RMSE, MAE, MAPE: 19, 44086276.00, 44086273.67, 6409.63, 4788.12, 5.59%
- Epoch 020, ExpID 60363
Train - Loss: 12768241.21
Val - Loss, MSE, RMSE, MAE, MAPE: 26957478.00, 26957479.00, 5131.16, 3631.34, 4.59%
Test - Best epoch, Loss, MSE, RMSE, MAE, MAPE: 20, 44299996.00, 44299993.00, 6423.99, 4756.56, 5.52%
- Epoch 021, ExpID 60363
Train - Loss: 12596193.04
Val - Loss, MSE, RMSE, MAE, MAPE: 26718140.00, 26718137.33, 5109.34, 3608.99, 4.57%
Test - Best epoch, Loss, MSE, RMSE, MAE, MAPE: 21, 44276508.00, 44276508.00, 6433.54, 4776.07, 5.55%
- Epoch 022, ExpID 60363
Train - Loss: 12407081.16
Val - Loss, MSE, RMSE, MAE, MAPE: 26720904.00, 26720903.33, 5107.52, 3594.60, 4.54%
Test - Best epoch, Loss, MSE, RMSE, MAE, MAPE: 21, 44276508.00, 44276508.00, 6433.54, 4776.07, 5.55%
- Epoch 023, ExpID 60363
Train - Loss: 12182908.09
Val - Loss, MSE, RMSE, MAE, MAPE: 26220124.00, 26220122.33, 5061.68, 3592.83, 4.57%
Test - Best epoch, Loss, MSE, RMSE, MAE, MAPE: 23, 43258160.00, 43258157.67, 6346.06, 4726.59, 5.51%
- Epoch 024, ExpID 60363
Train - Loss: 11974147.36
Val - Loss, MSE, RMSE, MAE, MAPE: 26854420.00, 26854417.00, 5125.54, 3619.66, 4.57%
Test - Best epoch, Loss, MSE, RMSE, MAE, MAPE: 23, 43258160.00, 43258157.67, 6346.06, 4726.59, 5.51%
- Epoch 025, ExpID 60363
Train - Loss: 11886105.58
Val - Loss, MSE, RMSE, MAE, MAPE: 26314596.00, 26314594.00, 5070.41, 3554.32, 4.49%
Test - Best epoch, Loss, MSE, RMSE, MAE, MAPE: 23, 43258160.00, 43258157.67, 6346.06, 4726.59, 5.51%
- Epoch 026, ExpID 60363
Train - Loss: 11698650.80
Val - Loss, MSE, RMSE, MAE, MAPE: 25751894.00, 25751891.67, 5016.35, 3546.86, 4.51%
Test - Best epoch, Loss, MSE, RMSE, MAE, MAPE: 26, 43352712.00, 43352709.33, 6367.18, 4751.48, 5.54%
- Epoch 027, ExpID 60363
Train - Loss: 11507259.25
Val - Loss, MSE, RMSE, MAE, MAPE: 25824976.00, 25824976.00, 5023.28, 3557.74, 4.53%
Test - Best epoch, Loss, MSE, RMSE, MAE, MAPE: 26, 43352712.00, 43352709.33, 6367.18, 4751.48, 5.54%
- Epoch 028, ExpID 60363
Train - Loss: 11331029.30
Val - Loss, MSE, RMSE, MAE, MAPE: 25840680.00, 25840679.17, 5025.51, 3554.84, 4.52%
Test - Best epoch, Loss, MSE, RMSE, MAE, MAPE: 26, 43352712.00, 43352709.33, 6367.18, 4751.48, 5.54%
- Epoch 029, ExpID 60363
Train - Loss: 11204688.46
Val - Loss, MSE, RMSE, MAE, MAPE: 25757614.00, 25757612.83, 5019.23, 3537.03, 4.49%
Test - Best epoch, Loss, MSE, RMSE, MAE, MAPE: 26, 43352712.00, 43352709.33, 6367.18, 4751.48, 5.54%
- Epoch 030, ExpID 60363
Train - Loss: 11086850.90
Val - Loss, MSE, RMSE, MAE, MAPE: 25461800.00, 25461799.33, 4989.82, 3537.33, 4.50%
Test - Best epoch, Loss, MSE, RMSE, MAE, MAPE: 30, 43041468.00, 43041465.67, 6339.51, 4720.73, 5.50%
- Epoch 031, ExpID 60363
Train - Loss: 10886059.09
Val - Loss, MSE, RMSE, MAE, MAPE: 26054604.00, 26054601.33, 5050.56, 3548.80, 4.48%
Test - Best epoch, Loss, MSE, RMSE, MAE, MAPE: 30, 43041468.00, 43041465.67, 6339.51, 4720.73, 5.50%
- Epoch 032, ExpID 60363
Train - Loss: 10752384.38
Val - Loss, MSE, RMSE, MAE, MAPE: 25315304.00, 25315304.00, 4976.60, 3508.08, 4.44%
Test - Best epoch, Loss, MSE, RMSE, MAE, MAPE: 32, 43783216.00, 43783216.67, 6402.87, 4735.63, 5.50%
- Epoch 033, ExpID 60363
Train - Loss: 10601045.81
Val - Loss, MSE, RMSE, MAE, MAPE: 25033206.00, 25033204.83, 4948.10, 3496.09, 4.44%
Test - Best epoch, Loss, MSE, RMSE, MAE, MAPE: 33, 43273208.00, 43273205.00, 6368.42, 4728.02, 5.50%
- Epoch 034, ExpID 60363
Train - Loss: 10503905.67
Val - Loss, MSE, RMSE, MAE, MAPE: 25378804.00, 25378802.33, 4983.39, 3508.37, 4.45%
Test - Best epoch, Loss, MSE, RMSE, MAE, MAPE: 33, 43273208.00, 43273205.00, 6368.42, 4728.02, 5.50%
- Epoch 035, ExpID 60363
Train - Loss: 10302644.73
Val - Loss, MSE, RMSE, MAE, MAPE: 25644150.00, 25644148.83, 5010.49, 3517.98, 4.44%
Test - Best epoch, Loss, MSE, RMSE, MAE, MAPE: 33, 43273208.00, 43273205.00, 6368.42, 4728.02, 5.50%
- Epoch 036, ExpID 60363
Train - Loss: 10179136.05
Val - Loss, MSE, RMSE, MAE, MAPE: 25395344.00, 25395342.83, 4981.60, 3558.63, 4.55%
Test - Best epoch, Loss, MSE, RMSE, MAE, MAPE: 33, 43273208.00, 43273205.00, 6368.42, 4728.02, 5.50%
- Epoch 037, ExpID 60363
Train - Loss: 10057191.48
Val - Loss, MSE, RMSE, MAE, MAPE: 25411110.00, 25411109.17, 4988.47, 3526.48, 4.47%
Test - Best epoch, Loss, MSE, RMSE, MAE, MAPE: 33, 43273208.00, 43273205.00, 6368.42, 4728.02, 5.50%
- Epoch 038, ExpID 60363
Train - Loss: 9877384.99
Val - Loss, MSE, RMSE, MAE, MAPE: 25112184.00, 25112185.17, 4959.37, 3487.50, 4.41%
Test - Best epoch, Loss, MSE, RMSE, MAE, MAPE: 33, 43273208.00, 43273205.00, 6368.42, 4728.02, 5.50%
- Epoch 039, ExpID 60363
Train - Loss: 9742749.76
Val - Loss, MSE, RMSE, MAE, MAPE: 25392006.00, 25392006.17, 4987.76, 3504.64, 4.42%
Test - Best epoch, Loss, MSE, RMSE, MAE, MAPE: 33, 43273208.00, 43273205.00, 6368.42, 4728.02, 5.50%
- Epoch 040, ExpID 60363
Train - Loss: 9609264.70
Val - Loss, MSE, RMSE, MAE, MAPE: 24892294.00, 24892294.50, 4936.19, 3506.68, 4.46%
Test - Best epoch, Loss, MSE, RMSE, MAE, MAPE: 40, 43223608.00, 43223609.33, 6363.28, 4709.61, 5.48%
- Epoch 041, ExpID 60363
Train - Loss: 9453340.28
Val - Loss, MSE, RMSE, MAE, MAPE: 24769598.00, 24769598.17, 4923.72, 3493.89, 4.45%
Test - Best epoch, Loss, MSE, RMSE, MAE, MAPE: 41, 43251200.00, 43251200.33, 6365.13, 4719.84, 5.50%
- Epoch 042, ExpID 60363
Train - Loss: 9322433.67
Val - Loss, MSE, RMSE, MAE, MAPE: 24466908.00, 24466907.83, 4893.78, 3464.16, 4.41%
Test - Best epoch, Loss, MSE, RMSE, MAE, MAPE: 42, 43214848.00, 43214848.00, 6369.29, 4715.33, 5.49%
- Epoch 043, ExpID 60363
Train - Loss: 9238324.40
Val - Loss, MSE, RMSE, MAE, MAPE: 24540728.00, 24540728.33, 4901.77, 3445.77, 4.36%
Test - Best epoch, Loss, MSE, RMSE, MAE, MAPE: 42, 43214848.00, 43214848.00, 6369.29, 4715.33, 5.49%
- Epoch 044, ExpID 60363
Train - Loss: 9101977.85
Val - Loss, MSE, RMSE, MAE, MAPE: 25188980.00, 25188979.00, 4970.31, 3528.48, 4.47%
Test - Best epoch, Loss, MSE, RMSE, MAE, MAPE: 42, 43214848.00, 43214848.00, 6369.29, 4715.33, 5.49%
- Epoch 045, ExpID 60363
Train - Loss: 8965549.88
Val - Loss, MSE, RMSE, MAE, MAPE: 24743324.00, 24743323.00, 4923.71, 3500.24, 4.44%
Test - Best epoch, Loss, MSE, RMSE, MAE, MAPE: 42, 43214848.00, 43214848.00, 6369.29, 4715.33, 5.49%
- Epoch 046, ExpID 60363
Train - Loss: 8796002.11
Val - Loss, MSE, RMSE, MAE, MAPE: 24598720.00, 24598722.33, 4904.99, 3485.29, 4.43%
Test - Best epoch, Loss, MSE, RMSE, MAE, MAPE: 42, 43214848.00, 43214848.00, 6369.29, 4715.33, 5.49%
- Epoch 047, ExpID 60363
Train - Loss: 8655723.91
Val - Loss, MSE, RMSE, MAE, MAPE: 24632060.00, 24632058.83, 4911.40, 3477.83, 4.41%
Test - Best epoch, Loss, MSE, RMSE, MAE, MAPE: 42, 43214848.00, 43214848.00, 6369.29, 4715.33, 5.49%
- Epoch 048, ExpID 60363
Train - Loss: 8562792.95
Val - Loss, MSE, RMSE, MAE, MAPE: 24833104.00, 24833104.17, 4937.13, 3495.32, 4.42%
Test - Best epoch, Loss, MSE, RMSE, MAE, MAPE: 42, 43214848.00, 43214848.00, 6369.29, 4715.33, 5.49%
- Epoch 049, ExpID 60363
Train - Loss: 8470228.20
Val - Loss, MSE, RMSE, MAE, MAPE: 24400428.00, 24400427.17, 4891.07, 3487.00, 4.43%
Test - Best epoch, Loss, MSE, RMSE, MAE, MAPE: 49, 43788476.00, 43788477.00, 6426.50, 4735.99, 5.50%
- Epoch 050, ExpID 60363
Train - Loss: 8310641.80
Val - Loss, MSE, RMSE, MAE, MAPE: 24315638.00, 24315636.67, 4883.89, 3471.66, 4.41%
Test - Best epoch, Loss, MSE, RMSE, MAE, MAPE: 50, 43728764.00, 43728763.00, 6416.97, 4709.30, 5.47%
- Epoch 051, ExpID 60363
Train - Loss: 8224860.20
Val - Loss, MSE, RMSE, MAE, MAPE: 24437894.00, 24437894.00, 4893.23, 3478.58, 4.41%
Test - Best epoch, Loss, MSE, RMSE, MAE, MAPE: 50, 43728764.00, 43728763.00, 6416.97, 4709.30, 5.47%
- Epoch 052, ExpID 60363
Train - Loss: 8057072.53
Val - Loss, MSE, RMSE, MAE, MAPE: 24346046.00, 24346044.83, 4884.66, 3476.42, 4.41%
Test - Best epoch, Loss, MSE, RMSE, MAE, MAPE: 50, 43728764.00, 43728763.00, 6416.97, 4709.30, 5.47%
- Epoch 053, ExpID 60363
Train - Loss: 7949347.21
Val - Loss, MSE, RMSE, MAE, MAPE: 24489744.00, 24489744.33, 4904.26, 3492.82, 4.42%
Test - Best epoch, Loss, MSE, RMSE, MAE, MAPE: 50, 43728764.00, 43728763.00, 6416.97, 4709.30, 5.47%
- Epoch 054, ExpID 60363
Train - Loss: 7849340.95
Val - Loss, MSE, RMSE, MAE, MAPE: 24318752.00, 24318752.83, 4883.33, 3490.17, 4.43%
Test - Best epoch, Loss, MSE, RMSE, MAE, MAPE: 50, 43728764.00, 43728763.00, 6416.97, 4709.30, 5.47%
- Epoch 055, ExpID 60363
Train - Loss: 7751041.07
Val - Loss, MSE, RMSE, MAE, MAPE: 24425918.00, 24425919.33, 4897.11, 3495.15, 4.42%
Test - Best epoch, Loss, MSE, RMSE, MAE, MAPE: 50, 43728764.00, 43728763.00, 6416.97, 4709.30, 5.47%
- Epoch 056, ExpID 60363
Train - Loss: 7683861.70
Val - Loss, MSE, RMSE, MAE, MAPE: 24084230.00, 24084229.83, 4860.71, 3478.35, 4.42%
Test - Best epoch, Loss, MSE, RMSE, MAE, MAPE: 56, 44559016.00, 44559016.00, 6492.02, 4730.48, 5.48%
- Epoch 057, ExpID 60363
Train - Loss: 7528040.87
Val - Loss, MSE, RMSE, MAE, MAPE: 24787168.00, 24787169.00, 4929.35, 3520.58, 4.46%
Test - Best epoch, Loss, MSE, RMSE, MAE, MAPE: 56, 44559016.00, 44559016.00, 6492.02, 4730.48, 5.48%
- Epoch 058, ExpID 60363
Train - Loss: 7483781.61
Val - Loss, MSE, RMSE, MAE, MAPE: 24134788.00, 24134786.83, 4863.99, 3480.40, 4.42%
Test - Best epoch, Loss, MSE, RMSE, MAE, MAPE: 56, 44559016.00, 44559016.00, 6492.02, 4730.48, 5.48%
- Epoch 059, ExpID 60363
Train - Loss: 7322098.27
Val - Loss, MSE, RMSE, MAE, MAPE: 24278254.00, 24278254.67, 4880.70, 3492.47, 4.43%
Test - Best epoch, Loss, MSE, RMSE, MAE, MAPE: 56, 44559016.00, 44559016.00, 6492.02, 4730.48, 5.48%
- Epoch 060, ExpID 60363
Train - Loss: 7237985.45
Val - Loss, MSE, RMSE, MAE, MAPE: 23851648.00, 23851647.00, 4833.75, 3471.57, 4.42%
Test - Best epoch, Loss, MSE, RMSE, MAE, MAPE: 60, 44405824.00, 44405824.33, 6482.94, 4747.43, 5.51%
- Epoch 061, ExpID 60363
Train - Loss: 7177644.68
Val - Loss, MSE, RMSE, MAE, MAPE: 24335160.00, 24335160.50, 4880.66, 3502.60, 4.45%
Test - Best epoch, Loss, MSE, RMSE, MAE, MAPE: 60, 44405824.00, 44405824.33, 6482.94, 4747.43, 5.51%
- Epoch 062, ExpID 60363
Train - Loss: 7053112.29
Val - Loss, MSE, RMSE, MAE, MAPE: 24346504.00, 24346502.67, 4884.86, 3504.56, 4.46%
Test - Best epoch, Loss, MSE, RMSE, MAE, MAPE: 60, 44405824.00, 44405824.33, 6482.94, 4747.43, 5.51%
- Epoch 063, ExpID 60363
Train - Loss: 7010391.84
Val - Loss, MSE, RMSE, MAE, MAPE: 23953452.00, 23953451.00, 4845.36, 3479.14, 4.42%
Test - Best epoch, Loss, MSE, RMSE, MAE, MAPE: 60, 44405824.00, 44405824.33, 6482.94, 4747.43, 5.51%
- Epoch 064, ExpID 60363
Train - Loss: 6897027.48
Val - Loss, MSE, RMSE, MAE, MAPE: 24677382.00, 24677381.50, 4920.81, 3533.33, 4.47%
Test - Best epoch, Loss, MSE, RMSE, MAE, MAPE: 60, 44405824.00, 44405824.33, 6482.94, 4747.43, 5.51%
- Epoch 065, ExpID 60363
Train - Loss: 6799865.08
Val - Loss, MSE, RMSE, MAE, MAPE: 23961324.00, 23961322.33, 4846.06, 3490.47, 4.43%
Test - Best epoch, Loss, MSE, RMSE, MAE, MAPE: 60, 44405824.00, 44405824.33, 6482.94, 4747.43, 5.51%
- Epoch 066, ExpID 60363
Train - Loss: 6743290.19
Val - Loss, MSE, RMSE, MAE, MAPE: 23926662.00, 23926661.67, 4842.31, 3489.62, 4.43%
Test - Best epoch, Loss, MSE, RMSE, MAE, MAPE: 60, 44405824.00, 44405824.33, 6482.94, 4747.43, 5.51%
- Epoch 067, ExpID 60363
Train - Loss: 6692764.97
Val - Loss, MSE, RMSE, MAE, MAPE: 24168792.00, 24168790.83, 4857.20, 3500.59, 4.47%
Test - Best epoch, Loss, MSE, RMSE, MAE, MAPE: 60, 44405824.00, 44405824.33, 6482.94, 4747.43, 5.51%
- Epoch 068, ExpID 60363
Train - Loss: 6603779.06
Val - Loss, MSE, RMSE, MAE, MAPE: 24060902.00, 24060900.50, 4849.47, 3491.17, 4.44%
Test - Best epoch, Loss, MSE, RMSE, MAE, MAPE: 60, 44405824.00, 44405824.33, 6482.94, 4747.43, 5.51%
- Epoch 069, ExpID 60363
Train - Loss: 6509247.96
Val - Loss, MSE, RMSE, MAE, MAPE: 24520774.00, 24520772.17, 4885.04, 3524.51, 4.51%
Test - Best epoch, Loss, MSE, RMSE, MAE, MAPE: 60, 44405824.00, 44405824.33, 6482.94, 4747.43, 5.51%
- Epoch 070, ExpID 60363
Train - Loss: 6461878.37
Val - Loss, MSE, RMSE, MAE, MAPE: 24024924.00, 24024924.00, 4839.09, 3489.77, 4.46%
Test - Best epoch, Loss, MSE, RMSE, MAE, MAPE: 60, 44405824.00, 44405824.33, 6482.94, 4747.43, 5.51%
Early Stopping at Epoch 70
Fold 2017 Best RMSE: 6482.9364

-------------------- [Fold: 2018] ExpID: 19735 --------------------
- Epoch 000, ExpID 19735
Train - Loss: 45875429.25
Val - Loss, MSE, RMSE, MAE, MAPE: 88665824.00, 88665821.33, 9183.28, 7180.80, 8.46%
Test - Best epoch, Loss, MSE, RMSE, MAE, MAPE: 0, 76324896.00, 76324892.67, 8645.33, 6915.79, 7.46%
- Epoch 001, ExpID 19735
Train - Loss: 36687409.62
Val - Loss, MSE, RMSE, MAE, MAPE: 65502492.00, 65502492.33, 7825.25, 5871.63, 6.89%
Test - Best epoch, Loss, MSE, RMSE, MAE, MAPE: 1, 54072352.00, 54072352.67, 7210.19, 5632.63, 6.08%
- Epoch 002, ExpID 19735
Train - Loss: 26127945.51
Val - Loss, MSE, RMSE, MAE, MAPE: 55309036.00, 55309036.33, 7187.86, 5153.58, 6.01%
Test - Best epoch, Loss, MSE, RMSE, MAE, MAPE: 2, 43599000.00, 43598998.67, 6409.79, 4829.70, 5.21%
- Epoch 003, ExpID 19735
Train - Loss: 23060919.46
Val - Loss, MSE, RMSE, MAE, MAPE: 52364208.00, 52364204.67, 6998.54, 5004.23, 5.83%
Test - Best epoch, Loss, MSE, RMSE, MAE, MAPE: 3, 41178400.00, 41178400.00, 6225.32, 4653.24, 5.02%
- Epoch 004, ExpID 19735
Train - Loss: 21643786.31
Val - Loss, MSE, RMSE, MAE, MAPE: 49977664.00, 49977661.00, 6839.93, 4909.57, 5.73%
Test - Best epoch, Loss, MSE, RMSE, MAE, MAPE: 4, 39220456.00, 39220452.33, 6079.92, 4537.00, 4.90%
- Epoch 005, ExpID 19735
Train - Loss: 20572961.67
Val - Loss, MSE, RMSE, MAE, MAPE: 48062384.00, 48062385.67, 6702.18, 4847.81, 5.68%
Test - Best epoch, Loss, MSE, RMSE, MAE, MAPE: 5, 37407676.00, 37407674.00, 5945.01, 4463.80, 4.84%
- Epoch 006, ExpID 19735
Train - Loss: 19452820.33
Val - Loss, MSE, RMSE, MAE, MAPE: 47038496.00, 47038500.00, 6641.27, 4837.98, 5.64%
Test - Best epoch, Loss, MSE, RMSE, MAE, MAPE: 6, 35872516.00, 35872512.33, 5830.77, 4361.96, 4.72%
- Epoch 007, ExpID 19735
Train - Loss: 18332662.51
Val - Loss, MSE, RMSE, MAE, MAPE: 45833952.00, 45833952.33, 6542.34, 4824.37, 5.65%
Test - Best epoch, Loss, MSE, RMSE, MAE, MAPE: 7, 34461208.00, 34461208.67, 5722.87, 4314.96, 4.68%
- Epoch 008, ExpID 19735
Train - Loss: 17461117.84
Val - Loss, MSE, RMSE, MAE, MAPE: 45422712.00, 45422708.00, 6508.06, 4842.00, 5.66%
Test - Best epoch, Loss, MSE, RMSE, MAE, MAPE: 8, 33393456.00, 33393456.00, 5639.08, 4251.71, 4.61%
- Epoch 009, ExpID 19735
Train - Loss: 16911726.32
Val - Loss, MSE, RMSE, MAE, MAPE: 45067904.00, 45067906.00, 6477.12, 4851.01, 5.66%
Test - Best epoch, Loss, MSE, RMSE, MAE, MAPE: 9, 32420144.00, 32420145.00, 5561.35, 4197.34, 4.55%
- Epoch 010, ExpID 19735
Train - Loss: 16570324.98
Val - Loss, MSE, RMSE, MAE, MAPE: 44727976.00, 44727975.00, 6444.77, 4835.12, 5.65%
Test - Best epoch, Loss, MSE, RMSE, MAE, MAPE: 10, 31515020.00, 31515019.00, 5483.82, 4140.89, 4.49%
- Epoch 011, ExpID 19735
Train - Loss: 15918093.28
Val - Loss, MSE, RMSE, MAE, MAPE: 44967708.00, 44967703.67, 6458.43, 4854.52, 5.65%
Test - Best epoch, Loss, MSE, RMSE, MAE, MAPE: 10, 31515020.00, 31515019.00, 5483.82, 4140.89, 4.49%
- Epoch 012, ExpID 19735
Train - Loss: 15768211.54
Val - Loss, MSE, RMSE, MAE, MAPE: 44243600.00, 44243598.67, 6395.60, 4822.70, 5.64%
Test - Best epoch, Loss, MSE, RMSE, MAE, MAPE: 12, 30634158.00, 30634156.83, 5407.63, 4092.01, 4.45%
- Epoch 013, ExpID 19735
Train - Loss: 15190613.47
Val - Loss, MSE, RMSE, MAE, MAPE: 44598088.00, 44598084.00, 6428.60, 4843.08, 5.65%
Test - Best epoch, Loss, MSE, RMSE, MAE, MAPE: 12, 30634158.00, 30634156.83, 5407.63, 4092.01, 4.45%
- Epoch 014, ExpID 19735
Train - Loss: 14799832.98
Val - Loss, MSE, RMSE, MAE, MAPE: 43942304.00, 43942300.33, 6368.68, 4815.83, 5.65%
Test - Best epoch, Loss, MSE, RMSE, MAE, MAPE: 14, 30024318.00, 30024319.17, 5351.63, 4051.74, 4.41%
- Epoch 015, ExpID 19735
Train - Loss: 14448461.96
Val - Loss, MSE, RMSE, MAE, MAPE: 43928896.00, 43928895.33, 6370.25, 4808.23, 5.62%
Test - Best epoch, Loss, MSE, RMSE, MAE, MAPE: 15, 29770318.00, 29770317.00, 5332.70, 4025.83, 4.37%
- Epoch 016, ExpID 19735
Train - Loss: 14332520.40
Val - Loss, MSE, RMSE, MAE, MAPE: 43588872.00, 43588869.67, 6336.96, 4800.08, 5.64%
Test - Best epoch, Loss, MSE, RMSE, MAE, MAPE: 16, 29722960.00, 29722959.00, 5326.04, 4041.32, 4.40%
- Epoch 017, ExpID 19735
Train - Loss: 14092624.12
Val - Loss, MSE, RMSE, MAE, MAPE: 43921688.00, 43921687.33, 6367.73, 4813.04, 5.63%
Test - Best epoch, Loss, MSE, RMSE, MAE, MAPE: 16, 29722960.00, 29722959.00, 5326.04, 4041.32, 4.40%
- Epoch 018, ExpID 19735
Train - Loss: 13725022.13
Val - Loss, MSE, RMSE, MAE, MAPE: 44461912.00, 44461914.33, 6419.48, 4830.63, 5.62%
Test - Best epoch, Loss, MSE, RMSE, MAE, MAPE: 16, 29722960.00, 29722959.00, 5326.04, 4041.32, 4.40%
- Epoch 019, ExpID 19735
Train - Loss: 13574642.25
Val - Loss, MSE, RMSE, MAE, MAPE: 43484684.00, 43484681.67, 6338.19, 4770.47, 5.57%
Test - Best epoch, Loss, MSE, RMSE, MAE, MAPE: 19, 29070960.00, 29070960.33, 5272.82, 3975.42, 4.31%
- Epoch 020, ExpID 19735
Train - Loss: 13387486.91
Val - Loss, MSE, RMSE, MAE, MAPE: 43425748.00, 43425748.67, 6336.06, 4772.24, 5.57%
Test - Best epoch, Loss, MSE, RMSE, MAE, MAPE: 20, 29163040.00, 29163041.67, 5279.04, 3975.22, 4.31%
- Epoch 021, ExpID 19735
Train - Loss: 13146977.08
Val - Loss, MSE, RMSE, MAE, MAPE: 43950792.00, 43950789.00, 6369.22, 4758.47, 5.53%
Test - Best epoch, Loss, MSE, RMSE, MAE, MAPE: 20, 29163040.00, 29163041.67, 5279.04, 3975.22, 4.31%
- Epoch 022, ExpID 19735
Train - Loss: 13017554.59
Val - Loss, MSE, RMSE, MAE, MAPE: 44981832.00, 44981827.67, 6457.31, 4826.85, 5.59%
Test - Best epoch, Loss, MSE, RMSE, MAE, MAPE: 20, 29163040.00, 29163041.67, 5279.04, 3975.22, 4.31%
- Epoch 023, ExpID 19735
Train - Loss: 12829020.08
Val - Loss, MSE, RMSE, MAE, MAPE: 44754364.00, 44754362.00, 6444.94, 4825.53, 5.60%
Test - Best epoch, Loss, MSE, RMSE, MAE, MAPE: 20, 29163040.00, 29163041.67, 5279.04, 3975.22, 4.31%
- Epoch 024, ExpID 19735
Train - Loss: 12781668.52
Val - Loss, MSE, RMSE, MAE, MAPE: 43724204.00, 43724204.67, 6356.89, 4750.67, 5.53%
Test - Best epoch, Loss, MSE, RMSE, MAE, MAPE: 20, 29163040.00, 29163041.67, 5279.04, 3975.22, 4.31%
- Epoch 025, ExpID 19735
Train - Loss: 12675514.34
Val - Loss, MSE, RMSE, MAE, MAPE: 42934656.00, 42934655.00, 6293.25, 4733.04, 5.53%
Test - Best epoch, Loss, MSE, RMSE, MAE, MAPE: 25, 28522392.00, 28522391.33, 5216.18, 3937.28, 4.28%
- Epoch 026, ExpID 19735
Train - Loss: 12365352.99
Val - Loss, MSE, RMSE, MAE, MAPE: 43731988.00, 43731985.67, 6366.06, 4757.46, 5.53%
Test - Best epoch, Loss, MSE, RMSE, MAE, MAPE: 25, 28522392.00, 28522391.33, 5216.18, 3937.28, 4.28%
- Epoch 027, ExpID 19735
Train - Loss: 12171002.12
Val - Loss, MSE, RMSE, MAE, MAPE: 43308572.00, 43308571.00, 6327.83, 4728.20, 5.51%
Test - Best epoch, Loss, MSE, RMSE, MAE, MAPE: 25, 28522392.00, 28522391.33, 5216.18, 3937.28, 4.28%
- Epoch 028, ExpID 19735
Train - Loss: 11934184.36
Val - Loss, MSE, RMSE, MAE, MAPE: 44552392.00, 44552388.33, 6428.15, 4776.37, 5.53%
Test - Best epoch, Loss, MSE, RMSE, MAE, MAPE: 25, 28522392.00, 28522391.33, 5216.18, 3937.28, 4.28%
- Epoch 029, ExpID 19735
Train - Loss: 11872655.18
Val - Loss, MSE, RMSE, MAE, MAPE: 43443992.00, 43443988.00, 6338.50, 4732.82, 5.50%
Test - Best epoch, Loss, MSE, RMSE, MAE, MAPE: 25, 28522392.00, 28522391.33, 5216.18, 3937.28, 4.28%
- Epoch 030, ExpID 19735
Train - Loss: 11840105.81
Val - Loss, MSE, RMSE, MAE, MAPE: 43309524.00, 43309520.67, 6330.74, 4708.15, 5.48%
Test - Best epoch, Loss, MSE, RMSE, MAE, MAPE: 25, 28522392.00, 28522391.33, 5216.18, 3937.28, 4.28%
- Epoch 031, ExpID 19735
Train - Loss: 11581127.27
Val - Loss, MSE, RMSE, MAE, MAPE: 43942848.00, 43942848.67, 6378.36, 4750.71, 5.52%
Test - Best epoch, Loss, MSE, RMSE, MAE, MAPE: 25, 28522392.00, 28522391.33, 5216.18, 3937.28, 4.28%
- Epoch 032, ExpID 19735
Train - Loss: 11423819.68
Val - Loss, MSE, RMSE, MAE, MAPE: 44044584.00, 44044581.00, 6401.36, 4799.64, 5.58%
Test - Best epoch, Loss, MSE, RMSE, MAE, MAPE: 25, 28522392.00, 28522391.33, 5216.18, 3937.28, 4.28%
- Epoch 033, ExpID 19735
Train - Loss: 11177169.80
Val - Loss, MSE, RMSE, MAE, MAPE: 43761872.00, 43761871.00, 6368.09, 4752.83, 5.52%
Test - Best epoch, Loss, MSE, RMSE, MAE, MAPE: 25, 28522392.00, 28522391.33, 5216.18, 3937.28, 4.28%
- Epoch 034, ExpID 19735
Train - Loss: 11109842.19
Val - Loss, MSE, RMSE, MAE, MAPE: 43399216.00, 43399214.33, 6349.35, 4762.82, 5.55%
Test - Best epoch, Loss, MSE, RMSE, MAE, MAPE: 25, 28522392.00, 28522391.33, 5216.18, 3937.28, 4.28%
- Epoch 035, ExpID 19735
Train - Loss: 10949153.86
Val - Loss, MSE, RMSE, MAE, MAPE: 42476752.00, 42476750.33, 6274.49, 4714.40, 5.51%
Test - Best epoch, Loss, MSE, RMSE, MAE, MAPE: 35, 27698136.00, 27698135.83, 5146.11, 3870.52, 4.21%
- Epoch 036, ExpID 19735
Train - Loss: 10799626.19
Val - Loss, MSE, RMSE, MAE, MAPE: 43473264.00, 43473264.33, 6339.61, 4715.44, 5.48%
Test - Best epoch, Loss, MSE, RMSE, MAE, MAPE: 35, 27698136.00, 27698135.83, 5146.11, 3870.52, 4.21%
- Epoch 037, ExpID 19735
Train - Loss: 10728891.27
Val - Loss, MSE, RMSE, MAE, MAPE: 43976384.00, 43976383.00, 6394.62, 4767.54, 5.54%
Test - Best epoch, Loss, MSE, RMSE, MAE, MAPE: 35, 27698136.00, 27698135.83, 5146.11, 3870.52, 4.21%
- Epoch 038, ExpID 19735
Train - Loss: 10600086.48
Val - Loss, MSE, RMSE, MAE, MAPE: 42661852.00, 42661852.50, 6293.55, 4730.13, 5.53%
Test - Best epoch, Loss, MSE, RMSE, MAE, MAPE: 35, 27698136.00, 27698135.83, 5146.11, 3870.52, 4.21%
- Epoch 039, ExpID 19735
Train - Loss: 10575101.95
Val - Loss, MSE, RMSE, MAE, MAPE: 44121276.00, 44121274.67, 6398.59, 4746.27, 5.50%
Test - Best epoch, Loss, MSE, RMSE, MAE, MAPE: 35, 27698136.00, 27698135.83, 5146.11, 3870.52, 4.21%
- Epoch 040, ExpID 19735
Train - Loss: 10370838.96
Val - Loss, MSE, RMSE, MAE, MAPE: 43029880.00, 43029875.67, 6318.15, 4712.47, 5.49%
Test - Best epoch, Loss, MSE, RMSE, MAE, MAPE: 35, 27698136.00, 27698135.83, 5146.11, 3870.52, 4.21%
- Epoch 041, ExpID 19735
Train - Loss: 10122536.36
Val - Loss, MSE, RMSE, MAE, MAPE: 44145368.00, 44145364.67, 6407.17, 4756.74, 5.52%
Test - Best epoch, Loss, MSE, RMSE, MAE, MAPE: 35, 27698136.00, 27698135.83, 5146.11, 3870.52, 4.21%
- Epoch 042, ExpID 19735
Train - Loss: 10046311.48
Val - Loss, MSE, RMSE, MAE, MAPE: 42413332.00, 42413327.83, 6274.08, 4697.59, 5.49%
Test - Best epoch, Loss, MSE, RMSE, MAE, MAPE: 42, 27333388.00, 27333386.00, 5116.37, 3840.51, 4.17%
- Epoch 043, ExpID 19735
Train - Loss: 10029340.25
Val - Loss, MSE, RMSE, MAE, MAPE: 43886204.00, 43886203.33, 6393.27, 4753.60, 5.52%
Test - Best epoch, Loss, MSE, RMSE, MAE, MAPE: 42, 27333388.00, 27333386.00, 5116.37, 3840.51, 4.17%
- Epoch 044, ExpID 19735
Train - Loss: 9680978.66
Val - Loss, MSE, RMSE, MAE, MAPE: 45424608.00, 45424609.67, 6516.02, 4841.94, 5.60%
Test - Best epoch, Loss, MSE, RMSE, MAE, MAPE: 42, 27333388.00, 27333386.00, 5116.37, 3840.51, 4.17%
- Epoch 045, ExpID 19735
Train - Loss: 9602358.12
Val - Loss, MSE, RMSE, MAE, MAPE: 42859820.00, 42859817.67, 6311.93, 4714.82, 5.49%
Test - Best epoch, Loss, MSE, RMSE, MAE, MAPE: 42, 27333388.00, 27333386.00, 5116.37, 3840.51, 4.17%
- Epoch 046, ExpID 19735
Train - Loss: 9486808.39
Val - Loss, MSE, RMSE, MAE, MAPE: 44227624.00, 44227624.00, 6431.95, 4799.69, 5.57%
Test - Best epoch, Loss, MSE, RMSE, MAE, MAPE: 42, 27333388.00, 27333386.00, 5116.37, 3840.51, 4.17%
- Epoch 047, ExpID 19735
Train - Loss: 9304157.19
Val - Loss, MSE, RMSE, MAE, MAPE: 42346320.00, 42346319.00, 6280.53, 4695.79, 5.48%
Test - Best epoch, Loss, MSE, RMSE, MAE, MAPE: 47, 26899012.00, 26899012.33, 5084.79, 3821.83, 4.15%
- Epoch 048, ExpID 19735
Train - Loss: 9261244.56
Val - Loss, MSE, RMSE, MAE, MAPE: 42930184.00, 42930183.00, 6338.65, 4740.43, 5.52%
Test - Best epoch, Loss, MSE, RMSE, MAE, MAPE: 47, 26899012.00, 26899012.33, 5084.79, 3821.83, 4.15%
- Epoch 049, ExpID 19735
Train - Loss: 9147449.45
Val - Loss, MSE, RMSE, MAE, MAPE: 43384544.00, 43384545.67, 6363.08, 4733.84, 5.50%
Test - Best epoch, Loss, MSE, RMSE, MAE, MAPE: 47, 26899012.00, 26899012.33, 5084.79, 3821.83, 4.15%
- Epoch 050, ExpID 19735
Train - Loss: 9045103.73
Val - Loss, MSE, RMSE, MAE, MAPE: 45392140.00, 45392137.67, 6530.88, 4878.73, 5.65%
Test - Best epoch, Loss, MSE, RMSE, MAE, MAPE: 47, 26899012.00, 26899012.33, 5084.79, 3821.83, 4.15%
- Epoch 051, ExpID 19735
Train - Loss: 8997515.94
Val - Loss, MSE, RMSE, MAE, MAPE: 44271132.00, 44271132.00, 6445.72, 4796.26, 5.56%
Test - Best epoch, Loss, MSE, RMSE, MAE, MAPE: 47, 26899012.00, 26899012.33, 5084.79, 3821.83, 4.15%
- Epoch 052, ExpID 19735
Train - Loss: 8800529.83
Val - Loss, MSE, RMSE, MAE, MAPE: 43610756.00, 43610754.67, 6389.61, 4742.19, 5.51%
Test - Best epoch, Loss, MSE, RMSE, MAE, MAPE: 47, 26899012.00, 26899012.33, 5084.79, 3821.83, 4.15%
- Epoch 053, ExpID 19735
Train - Loss: 8752605.09
Val - Loss, MSE, RMSE, MAE, MAPE: 46332848.00, 46332849.00, 6599.57, 4891.37, 5.65%
Test - Best epoch, Loss, MSE, RMSE, MAE, MAPE: 47, 26899012.00, 26899012.33, 5084.79, 3821.83, 4.15%
- Epoch 054, ExpID 19735
Train - Loss: 8533953.94
Val - Loss, MSE, RMSE, MAE, MAPE: 44335476.00, 44335475.67, 6457.88, 4802.78, 5.57%
Test - Best epoch, Loss, MSE, RMSE, MAE, MAPE: 47, 26899012.00, 26899012.33, 5084.79, 3821.83, 4.15%
- Epoch 055, ExpID 19735
Train - Loss: 8591717.66
Val - Loss, MSE, RMSE, MAE, MAPE: 44977584.00, 44977582.67, 6502.17, 4839.41, 5.61%
Test - Best epoch, Loss, MSE, RMSE, MAE, MAPE: 47, 26899012.00, 26899012.33, 5084.79, 3821.83, 4.15%
- Epoch 056, ExpID 19735
Train - Loss: 8342300.95
Val - Loss, MSE, RMSE, MAE, MAPE: 44610852.00, 44610850.33, 6478.59, 4825.13, 5.60%
Test - Best epoch, Loss, MSE, RMSE, MAE, MAPE: 47, 26899012.00, 26899012.33, 5084.79, 3821.83, 4.15%
- Epoch 057, ExpID 19735
Train - Loss: 8250089.39
Val - Loss, MSE, RMSE, MAE, MAPE: 45727752.00, 45727748.33, 6567.12, 4884.77, 5.65%
Test - Best epoch, Loss, MSE, RMSE, MAE, MAPE: 47, 26899012.00, 26899012.33, 5084.79, 3821.83, 4.15%
Early Stopping at Epoch 57
Fold 2018 Best RMSE: 5084.7899

-------------------- [Fold: 2019] ExpID: 70336 --------------------
- Epoch 000, ExpID 70336
Train - Loss: 48738643.22
Val - Loss, MSE, RMSE, MAE, MAPE: 74785000.00, 74784996.67, 8553.08, 6839.29, 7.38%
Test - Best epoch, Loss, MSE, RMSE, MAE, MAPE: 0, 90872088.00, 90872093.33, 9488.05, 7498.91, 7.81%
- Epoch 001, ExpID 70336
Train - Loss: 37802323.84
Val - Loss, MSE, RMSE, MAE, MAPE: 51287448.00, 51287446.67, 6998.32, 5439.07, 5.88%
Test - Best epoch, Loss, MSE, RMSE, MAE, MAPE: 1, 56231264.00, 56231265.67, 7385.50, 5604.01, 5.85%
- Epoch 002, ExpID 70336
Train - Loss: 27577407.40
Val - Loss, MSE, RMSE, MAE, MAPE: 43307112.00, 43307113.00, 6371.16, 4796.15, 5.18%
Test - Best epoch, Loss, MSE, RMSE, MAE, MAPE: 2, 44293800.00, 44293800.00, 6447.97, 4740.03, 4.94%
- Epoch 003, ExpID 70336
Train - Loss: 24762128.89
Val - Loss, MSE, RMSE, MAE, MAPE: 41018224.00, 41018220.00, 6197.46, 4639.79, 5.02%
Test - Best epoch, Loss, MSE, RMSE, MAE, MAPE: 3, 41142956.00, 41142955.17, 6189.26, 4527.83, 4.73%
- Epoch 004, ExpID 70336
Train - Loss: 23094725.63
Val - Loss, MSE, RMSE, MAE, MAPE: 39372592.00, 39372587.00, 6076.50, 4551.10, 4.95%
Test - Best epoch, Loss, MSE, RMSE, MAE, MAPE: 4, 39385656.00, 39385653.50, 6044.56, 4440.81, 4.66%
- Epoch 005, ExpID 70336
Train - Loss: 21738338.79
Val - Loss, MSE, RMSE, MAE, MAPE: 37426256.00, 37426257.33, 5937.06, 4449.94, 4.82%
Test - Best epoch, Loss, MSE, RMSE, MAE, MAPE: 5, 37151048.00, 37151045.00, 5845.25, 4286.97, 4.49%
- Epoch 006, ExpID 70336
Train - Loss: 20625549.50
Val - Loss, MSE, RMSE, MAE, MAPE: 36180652.00, 36180653.67, 5844.88, 4359.73, 4.71%
Test - Best epoch, Loss, MSE, RMSE, MAE, MAPE: 6, 35947940.00, 35947938.00, 5737.64, 4190.06, 4.37%
- Epoch 007, ExpID 70336
Train - Loss: 19625015.50
Val - Loss, MSE, RMSE, MAE, MAPE: 34756672.00, 34756674.67, 5736.83, 4306.13, 4.67%
Test - Best epoch, Loss, MSE, RMSE, MAE, MAPE: 7, 34985148.00, 34985146.17, 5650.91, 4157.01, 4.36%
- Epoch 008, ExpID 70336
Train - Loss: 18835980.40
Val - Loss, MSE, RMSE, MAE, MAPE: 33678176.00, 33678174.33, 5654.74, 4265.59, 4.63%
Test - Best epoch, Loss, MSE, RMSE, MAE, MAPE: 8, 34293184.00, 34293180.33, 5586.57, 4116.96, 4.32%
- Epoch 009, ExpID 70336
Train - Loss: 18086566.91
Val - Loss, MSE, RMSE, MAE, MAPE: 32913006.00, 32913006.67, 5600.52, 4231.43, 4.60%
Test - Best epoch, Loss, MSE, RMSE, MAE, MAPE: 9, 33653644.00, 33653641.33, 5537.85, 4084.73, 4.30%
- Epoch 010, ExpID 70336
Train - Loss: 17472120.02
Val - Loss, MSE, RMSE, MAE, MAPE: 32300302.00, 32300302.00, 5550.47, 4204.56, 4.56%
Test - Best epoch, Loss, MSE, RMSE, MAE, MAPE: 10, 32955358.00, 32955357.33, 5472.39, 4015.89, 4.22%
- Epoch 011, ExpID 70336
Train - Loss: 16952314.60
Val - Loss, MSE, RMSE, MAE, MAPE: 32020596.00, 32020594.67, 5525.92, 4191.25, 4.54%
Test - Best epoch, Loss, MSE, RMSE, MAE, MAPE: 11, 32544200.00, 32544201.33, 5432.21, 3977.56, 4.18%
- Epoch 012, ExpID 70336
Train - Loss: 16552494.63
Val - Loss, MSE, RMSE, MAE, MAPE: 31724208.00, 31724210.33, 5501.84, 4180.86, 4.54%
Test - Best epoch, Loss, MSE, RMSE, MAE, MAPE: 12, 32563040.00, 32563040.00, 5441.81, 3997.54, 4.21%
- Epoch 013, ExpID 70336
Train - Loss: 16270421.44
Val - Loss, MSE, RMSE, MAE, MAPE: 31671894.00, 31671893.00, 5505.71, 4178.47, 4.51%
Test - Best epoch, Loss, MSE, RMSE, MAE, MAPE: 13, 31674972.00, 31674972.33, 5360.41, 3890.09, 4.07%
- Epoch 014, ExpID 70336
Train - Loss: 15834384.10
Val - Loss, MSE, RMSE, MAE, MAPE: 31342814.00, 31342814.00, 5472.22, 4153.50, 4.49%
Test - Best epoch, Loss, MSE, RMSE, MAE, MAPE: 14, 31582016.00, 31582017.00, 5354.27, 3886.71, 4.08%
- Epoch 015, ExpID 70336
Train - Loss: 15511361.26
Val - Loss, MSE, RMSE, MAE, MAPE: 31120628.00, 31120625.67, 5456.75, 4161.54, 4.52%
Test - Best epoch, Loss, MSE, RMSE, MAE, MAPE: 15, 31523020.00, 31523018.50, 5352.97, 3907.39, 4.11%
- Epoch 016, ExpID 70336
Train - Loss: 15211430.51
Val - Loss, MSE, RMSE, MAE, MAPE: 31534712.00, 31534710.67, 5493.80, 4175.84, 4.50%
Test - Best epoch, Loss, MSE, RMSE, MAE, MAPE: 15, 31523020.00, 31523018.50, 5352.97, 3907.39, 4.11%
- Epoch 017, ExpID 70336
Train - Loss: 15022201.71
Val - Loss, MSE, RMSE, MAE, MAPE: 30666020.00, 30666019.33, 5418.53, 4131.78, 4.49%
Test - Best epoch, Loss, MSE, RMSE, MAE, MAPE: 17, 30846020.00, 30846018.33, 5294.19, 3851.19, 4.06%
- Epoch 018, ExpID 70336
Train - Loss: 14747214.60
Val - Loss, MSE, RMSE, MAE, MAPE: 30766580.00, 30766579.00, 5414.48, 4121.16, 4.47%
Test - Best epoch, Loss, MSE, RMSE, MAE, MAPE: 17, 30846020.00, 30846018.33, 5294.19, 3851.19, 4.06%
- Epoch 019, ExpID 70336
Train - Loss: 14558452.72
Val - Loss, MSE, RMSE, MAE, MAPE: 31843044.00, 31843043.67, 5520.97, 4187.06, 4.51%
Test - Best epoch, Loss, MSE, RMSE, MAE, MAPE: 17, 30846020.00, 30846018.33, 5294.19, 3851.19, 4.06%
- Epoch 020, ExpID 70336
Train - Loss: 14387077.57
Val - Loss, MSE, RMSE, MAE, MAPE: 30854152.00, 30854153.33, 5435.36, 4123.24, 4.46%
Test - Best epoch, Loss, MSE, RMSE, MAE, MAPE: 17, 30846020.00, 30846018.33, 5294.19, 3851.19, 4.06%
- Epoch 021, ExpID 70336
Train - Loss: 14092658.37
Val - Loss, MSE, RMSE, MAE, MAPE: 30618310.00, 30618307.67, 5411.84, 4119.37, 4.46%
Test - Best epoch, Loss, MSE, RMSE, MAE, MAPE: 21, 30876548.00, 30876547.50, 5306.94, 3847.70, 4.05%
- Epoch 022, ExpID 70336
Train - Loss: 13909248.40
Val - Loss, MSE, RMSE, MAE, MAPE: 30804388.00, 30804388.00, 5425.89, 4106.21, 4.43%
Test - Best epoch, Loss, MSE, RMSE, MAE, MAPE: 21, 30876548.00, 30876547.50, 5306.94, 3847.70, 4.05%
- Epoch 023, ExpID 70336
Train - Loss: 13716521.66
Val - Loss, MSE, RMSE, MAE, MAPE: 30467374.00, 30467372.67, 5399.50, 4095.34, 4.43%
Test - Best epoch, Loss, MSE, RMSE, MAE, MAPE: 23, 30599420.00, 30599415.67, 5293.24, 3822.30, 4.01%
- Epoch 024, ExpID 70336
Train - Loss: 13531126.51
Val - Loss, MSE, RMSE, MAE, MAPE: 30125316.00, 30125312.00, 5373.26, 4077.26, 4.42%
Test - Best epoch, Loss, MSE, RMSE, MAE, MAPE: 24, 30409852.00, 30409848.50, 5270.23, 3813.13, 4.01%
- Epoch 025, ExpID 70336
Train - Loss: 13345812.47
Val - Loss, MSE, RMSE, MAE, MAPE: 30415286.00, 30415285.33, 5399.96, 4090.12, 4.42%
Test - Best epoch, Loss, MSE, RMSE, MAE, MAPE: 24, 30409852.00, 30409848.50, 5270.23, 3813.13, 4.01%
- Epoch 026, ExpID 70336
Train - Loss: 13162386.71
Val - Loss, MSE, RMSE, MAE, MAPE: 30333364.00, 30333363.33, 5381.47, 4074.47, 4.41%
Test - Best epoch, Loss, MSE, RMSE, MAE, MAPE: 24, 30409852.00, 30409848.50, 5270.23, 3813.13, 4.01%
- Epoch 027, ExpID 70336
Train - Loss: 12967447.01
Val - Loss, MSE, RMSE, MAE, MAPE: 30025526.00, 30025523.67, 5367.67, 4061.27, 4.40%
Test - Best epoch, Loss, MSE, RMSE, MAE, MAPE: 27, 30222852.00, 30222851.33, 5259.43, 3792.21, 3.98%
- Epoch 028, ExpID 70336
Train - Loss: 12797972.48
Val - Loss, MSE, RMSE, MAE, MAPE: 30227640.00, 30227638.67, 5392.17, 4089.74, 4.42%
Test - Best epoch, Loss, MSE, RMSE, MAE, MAPE: 27, 30222852.00, 30222851.33, 5259.43, 3792.21, 3.98%
- Epoch 029, ExpID 70336
Train - Loss: 12673953.76
Val - Loss, MSE, RMSE, MAE, MAPE: 29882702.00, 29882703.33, 5346.24, 4050.68, 4.40%
Test - Best epoch, Loss, MSE, RMSE, MAE, MAPE: 29, 31156592.00, 31156590.83, 5351.47, 3921.56, 4.13%
- Epoch 030, ExpID 70336
Train - Loss: 12435409.21
Val - Loss, MSE, RMSE, MAE, MAPE: 30015240.00, 30015240.00, 5360.24, 4054.19, 4.39%
Test - Best epoch, Loss, MSE, RMSE, MAE, MAPE: 29, 31156592.00, 31156590.83, 5351.47, 3921.56, 4.13%
- Epoch 031, ExpID 70336
Train - Loss: 12276394.35
Val - Loss, MSE, RMSE, MAE, MAPE: 29758612.00, 29758613.33, 5337.48, 4047.17, 4.41%
Test - Best epoch, Loss, MSE, RMSE, MAE, MAPE: 31, 31364592.00, 31364589.33, 5374.68, 3959.14, 4.18%
- Epoch 032, ExpID 70336
Train - Loss: 12119333.85
Val - Loss, MSE, RMSE, MAE, MAPE: 29609350.00, 29609349.67, 5327.41, 4017.03, 4.36%
Test - Best epoch, Loss, MSE, RMSE, MAE, MAPE: 32, 30954812.00, 30954807.33, 5340.99, 3895.24, 4.10%
- Epoch 033, ExpID 70336
Train - Loss: 11954937.46
Val - Loss, MSE, RMSE, MAE, MAPE: 29392340.00, 29392337.00, 5306.30, 4008.92, 4.35%
Test - Best epoch, Loss, MSE, RMSE, MAE, MAPE: 33, 30528764.00, 30528759.33, 5300.03, 3864.05, 4.06%
- Epoch 034, ExpID 70336
Train - Loss: 11760104.79
Val - Loss, MSE, RMSE, MAE, MAPE: 30310646.00, 30310645.67, 5395.35, 4065.83, 4.38%
Test - Best epoch, Loss, MSE, RMSE, MAE, MAPE: 33, 30528764.00, 30528759.33, 5300.03, 3864.05, 4.06%
- Epoch 035, ExpID 70336
Train - Loss: 11622857.81
Val - Loss, MSE, RMSE, MAE, MAPE: 29388072.00, 29388070.00, 5318.48, 4006.72, 4.34%
Test - Best epoch, Loss, MSE, RMSE, MAE, MAPE: 35, 30363398.00, 30363398.00, 5296.65, 3841.19, 4.03%
- Epoch 036, ExpID 70336
Train - Loss: 11510280.58
Val - Loss, MSE, RMSE, MAE, MAPE: 29203448.00, 29203447.00, 5297.24, 3979.62, 4.31%
Test - Best epoch, Loss, MSE, RMSE, MAE, MAPE: 36, 30288996.00, 30288995.83, 5288.10, 3840.33, 4.03%
- Epoch 037, ExpID 70336
Train - Loss: 11269102.31
Val - Loss, MSE, RMSE, MAE, MAPE: 29152452.00, 29152450.67, 5289.89, 3982.03, 4.32%
Test - Best epoch, Loss, MSE, RMSE, MAE, MAPE: 37, 30551784.00, 30551783.83, 5308.12, 3876.65, 4.07%
- Epoch 038, ExpID 70336
Train - Loss: 11111029.23
Val - Loss, MSE, RMSE, MAE, MAPE: 30209870.00, 30209867.67, 5394.98, 4048.30, 4.35%
Test - Best epoch, Loss, MSE, RMSE, MAE, MAPE: 37, 30551784.00, 30551783.83, 5308.12, 3876.65, 4.07%
- Epoch 039, ExpID 70336
Train - Loss: 11000054.52
Val - Loss, MSE, RMSE, MAE, MAPE: 29432350.00, 29432348.33, 5321.76, 3985.84, 4.31%
Test - Best epoch, Loss, MSE, RMSE, MAE, MAPE: 37, 30551784.00, 30551783.83, 5308.12, 3876.65, 4.07%
- Epoch 040, ExpID 70336
Train - Loss: 10786225.94
Val - Loss, MSE, RMSE, MAE, MAPE: 29054086.00, 29054086.00, 5288.69, 3978.44, 4.32%
Test - Best epoch, Loss, MSE, RMSE, MAE, MAPE: 40, 30533444.00, 30533439.17, 5322.12, 3869.43, 4.07%
- Epoch 041, ExpID 70336
Train - Loss: 10698557.82
Val - Loss, MSE, RMSE, MAE, MAPE: 29076120.00, 29076119.67, 5284.87, 3963.43, 4.30%
Test - Best epoch, Loss, MSE, RMSE, MAE, MAPE: 40, 30533444.00, 30533439.17, 5322.12, 3869.43, 4.07%
- Epoch 042, ExpID 70336
Train - Loss: 10488010.77
Val - Loss, MSE, RMSE, MAE, MAPE: 28816816.00, 28816816.00, 5264.85, 3951.57, 4.28%
Test - Best epoch, Loss, MSE, RMSE, MAE, MAPE: 42, 30510620.00, 30510616.17, 5318.46, 3886.13, 4.08%
- Epoch 043, ExpID 70336
Train - Loss: 10368132.92
Val - Loss, MSE, RMSE, MAE, MAPE: 28993652.00, 28993649.33, 5279.23, 3951.08, 4.28%
Test - Best epoch, Loss, MSE, RMSE, MAE, MAPE: 42, 30510620.00, 30510616.17, 5318.46, 3886.13, 4.08%
- Epoch 044, ExpID 70336
Train - Loss: 10216586.02
Val - Loss, MSE, RMSE, MAE, MAPE: 29169894.00, 29169894.67, 5289.54, 3956.01, 4.27%
Test - Best epoch, Loss, MSE, RMSE, MAE, MAPE: 42, 30510620.00, 30510616.17, 5318.46, 3886.13, 4.08%
- Epoch 045, ExpID 70336
Train - Loss: 10060359.28
Val - Loss, MSE, RMSE, MAE, MAPE: 28875510.00, 28875510.00, 5271.25, 3942.07, 4.27%
Test - Best epoch, Loss, MSE, RMSE, MAE, MAPE: 42, 30510620.00, 30510616.17, 5318.46, 3886.13, 4.08%
- Epoch 046, ExpID 70336
Train - Loss: 9905551.09
Val - Loss, MSE, RMSE, MAE, MAPE: 28671164.00, 28671161.67, 5253.20, 3936.59, 4.27%
Test - Best epoch, Loss, MSE, RMSE, MAE, MAPE: 46, 30705142.00, 30705139.67, 5342.03, 3902.93, 4.10%
- Epoch 047, ExpID 70336
Train - Loss: 9754050.09
Val - Loss, MSE, RMSE, MAE, MAPE: 28871136.00, 28871136.33, 5278.45, 3941.00, 4.25%
Test - Best epoch, Loss, MSE, RMSE, MAE, MAPE: 46, 30705142.00, 30705139.67, 5342.03, 3902.93, 4.10%
- Epoch 048, ExpID 70336
Train - Loss: 9627798.02
Val - Loss, MSE, RMSE, MAE, MAPE: 28597198.00, 28597195.00, 5244.67, 3925.86, 4.26%
Test - Best epoch, Loss, MSE, RMSE, MAE, MAPE: 48, 30786368.00, 30786368.00, 5351.09, 3920.74, 4.12%
- Epoch 049, ExpID 70336
Train - Loss: 9479625.78
Val - Loss, MSE, RMSE, MAE, MAPE: 28635544.00, 28635545.00, 5247.92, 3928.02, 4.27%
Test - Best epoch, Loss, MSE, RMSE, MAE, MAPE: 48, 30786368.00, 30786368.00, 5351.09, 3920.74, 4.12%
- Epoch 050, ExpID 70336
Train - Loss: 9357522.11
Val - Loss, MSE, RMSE, MAE, MAPE: 28609230.00, 28609227.67, 5248.42, 3924.83, 4.26%
Test - Best epoch, Loss, MSE, RMSE, MAE, MAPE: 48, 30786368.00, 30786368.00, 5351.09, 3920.74, 4.12%
- Epoch 051, ExpID 70336
Train - Loss: 9224459.44
Val - Loss, MSE, RMSE, MAE, MAPE: 28318518.00, 28318515.67, 5223.07, 3906.19, 4.24%
Test - Best epoch, Loss, MSE, RMSE, MAE, MAPE: 51, 30659718.00, 30659716.50, 5343.93, 3900.47, 4.10%
- Epoch 052, ExpID 70336
Train - Loss: 9100355.17
Val - Loss, MSE, RMSE, MAE, MAPE: 28775532.00, 28775532.00, 5260.73, 3930.49, 4.27%
Test - Best epoch, Loss, MSE, RMSE, MAE, MAPE: 51, 30659718.00, 30659716.50, 5343.93, 3900.47, 4.10%
- Epoch 053, ExpID 70336
Train - Loss: 8947872.07
Val - Loss, MSE, RMSE, MAE, MAPE: 28661420.00, 28661416.67, 5252.37, 3927.01, 4.27%
Test - Best epoch, Loss, MSE, RMSE, MAE, MAPE: 51, 30659718.00, 30659716.50, 5343.93, 3900.47, 4.10%
- Epoch 054, ExpID 70336
Train - Loss: 8927379.92
Val - Loss, MSE, RMSE, MAE, MAPE: 28904280.00, 28904280.00, 5284.20, 3956.72, 4.28%
Test - Best epoch, Loss, MSE, RMSE, MAE, MAPE: 51, 30659718.00, 30659716.50, 5343.93, 3900.47, 4.10%
- Epoch 055, ExpID 70336
Train - Loss: 8709877.87
Val - Loss, MSE, RMSE, MAE, MAPE: 28495110.00, 28495110.67, 5240.95, 3922.33, 4.25%
Test - Best epoch, Loss, MSE, RMSE, MAE, MAPE: 51, 30659718.00, 30659716.50, 5343.93, 3900.47, 4.10%
- Epoch 056, ExpID 70336
Train - Loss: 8597982.91
Val - Loss, MSE, RMSE, MAE, MAPE: 28593196.00, 28593196.00, 5245.24, 3920.18, 4.26%
Test - Best epoch, Loss, MSE, RMSE, MAE, MAPE: 51, 30659718.00, 30659716.50, 5343.93, 3900.47, 4.10%
- Epoch 057, ExpID 70336
Train - Loss: 8472367.42
Val - Loss, MSE, RMSE, MAE, MAPE: 28586828.00, 28586827.33, 5242.65, 3922.00, 4.26%
Test - Best epoch, Loss, MSE, RMSE, MAE, MAPE: 51, 30659718.00, 30659716.50, 5343.93, 3900.47, 4.10%
- Epoch 058, ExpID 70336
Train - Loss: 8361765.25
Val - Loss, MSE, RMSE, MAE, MAPE: 28757744.00, 28757742.67, 5266.59, 3950.47, 4.28%
Test - Best epoch, Loss, MSE, RMSE, MAE, MAPE: 51, 30659718.00, 30659716.50, 5343.93, 3900.47, 4.10%
- Epoch 059, ExpID 70336
Train - Loss: 8301000.93
Val - Loss, MSE, RMSE, MAE, MAPE: 28644192.00, 28644192.67, 5252.79, 3931.01, 4.26%
Test - Best epoch, Loss, MSE, RMSE, MAE, MAPE: 51, 30659718.00, 30659716.50, 5343.93, 3900.47, 4.10%
- Epoch 060, ExpID 70336
Train - Loss: 8164665.20
Val - Loss, MSE, RMSE, MAE, MAPE: 28419014.00, 28419015.67, 5234.33, 3913.12, 4.25%
Test - Best epoch, Loss, MSE, RMSE, MAE, MAPE: 51, 30659718.00, 30659716.50, 5343.93, 3900.47, 4.10%
- Epoch 061, ExpID 70336
Train - Loss: 8048144.07
Val - Loss, MSE, RMSE, MAE, MAPE: 29045182.00, 29045180.33, 5300.70, 3972.53, 4.29%
Test - Best epoch, Loss, MSE, RMSE, MAE, MAPE: 51, 30659718.00, 30659716.50, 5343.93, 3900.47, 4.10%
Early Stopping at Epoch 61
Fold 2019 Best RMSE: 5343.9311
