DETAILED LOG | Model: nbeats | Seed: 3
FULL CONFIG: {'gpu': '3', 'target': 'departure', 'cv_start_year': 2017, 'cv_end_year': 2019, 'test_year': 2024, 'use_corona': False, 'seq_len': 91, 'label_len': 0, 'pred_len': 1, 'batch_size': 64, 'epochs': 1000, 'patience': 10, 'lr': 0.0001, 'model': 'nbeats', 'd_model': 256, 'n_heads': 4, 'n_layers': 1, 'dropout': 0.1, 'activation': 'gelu', 'patch_len': 16, 'factor': 5, 'norm_mode': 'revin', 'use_dbloss': False, 'device': device(type='cuda'), 'stride': 16, 'file_path': 'dataset/airport_daily_flight_merged.csv', 'seed': 3, 'val_year': 2019, 'ndims': 1}

-------------------- [Fold: 2017] ExpID: 56127 --------------------
- Epoch 000, ExpID 56127
Train - Loss: 15280022.70
Val - Loss, MSE, RMSE, MAE, MAPE: 20315392.00, 20315391.67, 4462.43, 3482.49, 4.49%
Test - Best epoch, Loss, MSE, RMSE, MAE, MAPE: 0, 27420936.00, 27420936.00, 5033.39, 3688.23, 4.40%
- Epoch 001, ExpID 56127
Train - Loss: 11919274.61
Val - Loss, MSE, RMSE, MAE, MAPE: 15971968.00, 15971966.67, 3931.68, 2949.44, 3.79%
Test - Best epoch, Loss, MSE, RMSE, MAE, MAPE: 1, 23049860.00, 23049860.17, 4568.24, 3266.73, 3.89%
- Epoch 002, ExpID 56127
Train - Loss: 10040570.51
Val - Loss, MSE, RMSE, MAE, MAPE: 14372563.00, 14372563.50, 3722.34, 2783.25, 3.57%
Test - Best epoch, Loss, MSE, RMSE, MAE, MAPE: 2, 21546000.00, 21545999.00, 4397.90, 3154.96, 3.75%
- Epoch 003, ExpID 56127
Train - Loss: 9253024.59
Val - Loss, MSE, RMSE, MAE, MAPE: 13758914.00, 13758912.92, 3641.47, 2708.90, 3.48%
Test - Best epoch, Loss, MSE, RMSE, MAE, MAPE: 3, 21221268.00, 21221266.33, 4363.57, 3133.32, 3.72%
- Epoch 004, ExpID 56127
Train - Loss: 8919692.98
Val - Loss, MSE, RMSE, MAE, MAPE: 13415100.00, 13415099.75, 3597.28, 2664.46, 3.41%
Test - Best epoch, Loss, MSE, RMSE, MAE, MAPE: 4, 21148792.00, 21148791.50, 4351.12, 3131.96, 3.72%
- Epoch 005, ExpID 56127
Train - Loss: 8682139.76
Val - Loss, MSE, RMSE, MAE, MAPE: 13198766.00, 13198765.08, 3569.85, 2642.77, 3.38%
Test - Best epoch, Loss, MSE, RMSE, MAE, MAPE: 5, 21184044.00, 21184041.17, 4358.92, 3143.51, 3.73%
- Epoch 006, ExpID 56127
Train - Loss: 8494689.77
Val - Loss, MSE, RMSE, MAE, MAPE: 13003868.00, 13003868.50, 3543.89, 2621.78, 3.36%
Test - Best epoch, Loss, MSE, RMSE, MAE, MAPE: 6, 21272112.00, 21272111.08, 4362.93, 3140.70, 3.73%
- Epoch 007, ExpID 56127
Train - Loss: 8336158.64
Val - Loss, MSE, RMSE, MAE, MAPE: 12888855.00, 12888855.17, 3528.80, 2605.09, 3.33%
Test - Best epoch, Loss, MSE, RMSE, MAE, MAPE: 7, 21411078.00, 21411077.67, 4379.77, 3158.44, 3.75%
- Epoch 008, ExpID 56127
Train - Loss: 8294283.50
Val - Loss, MSE, RMSE, MAE, MAPE: 12756835.00, 12756834.67, 3511.72, 2593.93, 3.32%
Test - Best epoch, Loss, MSE, RMSE, MAE, MAPE: 8, 21547776.00, 21547774.17, 4389.52, 3159.82, 3.75%
- Epoch 009, ExpID 56127
Train - Loss: 8069631.75
Val - Loss, MSE, RMSE, MAE, MAPE: 12703744.00, 12703743.67, 3506.10, 2584.13, 3.31%
Test - Best epoch, Loss, MSE, RMSE, MAE, MAPE: 9, 21636408.00, 21636407.08, 4401.26, 3172.75, 3.77%
- Epoch 010, ExpID 56127
Train - Loss: 8009331.93
Val - Loss, MSE, RMSE, MAE, MAPE: 12585302.00, 12585301.67, 3489.83, 2577.40, 3.30%
Test - Best epoch, Loss, MSE, RMSE, MAE, MAPE: 10, 21747864.00, 21747863.67, 4413.12, 3176.07, 3.77%
- Epoch 011, ExpID 56127
Train - Loss: 7850493.87
Val - Loss, MSE, RMSE, MAE, MAPE: 12526522.00, 12526521.67, 3483.99, 2568.08, 3.28%
Test - Best epoch, Loss, MSE, RMSE, MAE, MAPE: 11, 21799168.00, 21799167.08, 4417.31, 3179.73, 3.77%
- Epoch 012, ExpID 56127
Train - Loss: 7735734.82
Val - Loss, MSE, RMSE, MAE, MAPE: 12382947.00, 12382947.17, 3459.80, 2538.04, 3.25%
Test - Best epoch, Loss, MSE, RMSE, MAE, MAPE: 12, 21835064.00, 21835063.33, 4413.31, 3165.26, 3.76%
- Epoch 013, ExpID 56127
Train - Loss: 7656272.23
Val - Loss, MSE, RMSE, MAE, MAPE: 12310795.00, 12310794.17, 3451.46, 2545.88, 3.26%
Test - Best epoch, Loss, MSE, RMSE, MAE, MAPE: 13, 21912240.00, 21912240.42, 4419.67, 3170.00, 3.76%
- Epoch 014, ExpID 56127
Train - Loss: 7590040.85
Val - Loss, MSE, RMSE, MAE, MAPE: 12244528.00, 12244528.42, 3442.12, 2533.71, 3.24%
Test - Best epoch, Loss, MSE, RMSE, MAE, MAPE: 14, 21966204.00, 21966202.58, 4430.81, 3157.75, 3.76%
- Epoch 015, ExpID 56127
Train - Loss: 7504215.78
Val - Loss, MSE, RMSE, MAE, MAPE: 12209459.00, 12209459.58, 3433.82, 2515.64, 3.23%
Test - Best epoch, Loss, MSE, RMSE, MAE, MAPE: 15, 22019198.00, 22019196.50, 4433.32, 3154.49, 3.76%
- Epoch 016, ExpID 56127
Train - Loss: 7415876.51
Val - Loss, MSE, RMSE, MAE, MAPE: 12194019.00, 12194018.17, 3436.74, 2524.22, 3.23%
Test - Best epoch, Loss, MSE, RMSE, MAE, MAPE: 16, 22234126.00, 22234126.42, 4455.90, 3177.72, 3.78%
- Epoch 017, ExpID 56127
Train - Loss: 7316685.06
Val - Loss, MSE, RMSE, MAE, MAPE: 12059048.00, 12059047.83, 3413.42, 2499.98, 3.21%
Test - Best epoch, Loss, MSE, RMSE, MAE, MAPE: 17, 22061944.00, 22061943.17, 4434.58, 3136.65, 3.74%
- Epoch 018, ExpID 56127
Train - Loss: 7261789.44
Val - Loss, MSE, RMSE, MAE, MAPE: 12174190.00, 12174189.67, 3436.95, 2529.58, 3.23%
Test - Best epoch, Loss, MSE, RMSE, MAE, MAPE: 17, 22061944.00, 22061943.17, 4434.58, 3136.65, 3.74%
- Epoch 019, ExpID 56127
Train - Loss: 7204044.41
Val - Loss, MSE, RMSE, MAE, MAPE: 12034414.00, 12034412.58, 3416.31, 2514.86, 3.22%
Test - Best epoch, Loss, MSE, RMSE, MAE, MAPE: 19, 22371576.00, 22371576.92, 4470.54, 3178.15, 3.78%
- Epoch 020, ExpID 56127
Train - Loss: 7121377.59
Val - Loss, MSE, RMSE, MAE, MAPE: 11932044.00, 11932043.67, 3397.98, 2489.59, 3.19%
Test - Best epoch, Loss, MSE, RMSE, MAE, MAPE: 20, 22295890.00, 22295889.58, 4456.34, 3166.37, 3.77%
- Epoch 021, ExpID 56127
Train - Loss: 7031201.81
Val - Loss, MSE, RMSE, MAE, MAPE: 11908392.00, 11908391.42, 3395.70, 2488.44, 3.19%
Test - Best epoch, Loss, MSE, RMSE, MAE, MAPE: 21, 22391476.00, 22391473.08, 4464.63, 3177.77, 3.78%
- Epoch 022, ExpID 56127
Train - Loss: 6965093.39
Val - Loss, MSE, RMSE, MAE, MAPE: 11854970.00, 11854969.33, 3386.48, 2492.84, 3.20%
Test - Best epoch, Loss, MSE, RMSE, MAE, MAPE: 22, 22345964.00, 22345964.00, 4460.03, 3179.52, 3.79%
- Epoch 023, ExpID 56127
Train - Loss: 6922083.16
Val - Loss, MSE, RMSE, MAE, MAPE: 11823726.00, 11823725.33, 3385.13, 2485.23, 3.18%
Test - Best epoch, Loss, MSE, RMSE, MAE, MAPE: 23, 22460390.00, 22460389.67, 4474.67, 3188.31, 3.80%
- Epoch 024, ExpID 56127
Train - Loss: 6834577.14
Val - Loss, MSE, RMSE, MAE, MAPE: 11754576.00, 11754575.50, 3370.98, 2469.89, 3.17%
Test - Best epoch, Loss, MSE, RMSE, MAE, MAPE: 24, 22464576.00, 22464574.67, 4465.70, 3173.96, 3.79%
- Epoch 025, ExpID 56127
Train - Loss: 6800970.98
Val - Loss, MSE, RMSE, MAE, MAPE: 11754236.00, 11754236.25, 3372.92, 2487.61, 3.19%
Test - Best epoch, Loss, MSE, RMSE, MAE, MAPE: 25, 22604444.00, 22604442.75, 4481.43, 3180.38, 3.79%
- Epoch 026, ExpID 56127
Train - Loss: 7023818.12
Val - Loss, MSE, RMSE, MAE, MAPE: 11672230.00, 11672229.50, 3361.65, 2466.81, 3.16%
Test - Best epoch, Loss, MSE, RMSE, MAE, MAPE: 26, 22682238.00, 22682239.25, 4488.16, 3197.38, 3.81%
- Epoch 027, ExpID 56127
Train - Loss: 6663652.96
Val - Loss, MSE, RMSE, MAE, MAPE: 11747327.00, 11747327.33, 3374.42, 2496.20, 3.20%
Test - Best epoch, Loss, MSE, RMSE, MAE, MAPE: 26, 22682238.00, 22682239.25, 4488.16, 3197.38, 3.81%
- Epoch 028, ExpID 56127
Train - Loss: 6603426.85
Val - Loss, MSE, RMSE, MAE, MAPE: 11689283.00, 11689283.25, 3364.94, 2470.96, 3.17%
Test - Best epoch, Loss, MSE, RMSE, MAE, MAPE: 26, 22682238.00, 22682239.25, 4488.16, 3197.38, 3.81%
- Epoch 029, ExpID 56127
Train - Loss: 6535063.32
Val - Loss, MSE, RMSE, MAE, MAPE: 11628911.00, 11628910.08, 3357.64, 2478.97, 3.17%
Test - Best epoch, Loss, MSE, RMSE, MAE, MAPE: 29, 22816044.00, 22816041.17, 4507.24, 3215.56, 3.83%
- Epoch 030, ExpID 56127
Train - Loss: 6467586.18
Val - Loss, MSE, RMSE, MAE, MAPE: 11758136.00, 11758136.25, 3378.45, 2490.58, 3.18%
Test - Best epoch, Loss, MSE, RMSE, MAE, MAPE: 29, 22816044.00, 22816041.17, 4507.24, 3215.56, 3.83%
- Epoch 031, ExpID 56127
Train - Loss: 6453059.01
Val - Loss, MSE, RMSE, MAE, MAPE: 11621020.00, 11621020.50, 3355.42, 2473.78, 3.17%
Test - Best epoch, Loss, MSE, RMSE, MAE, MAPE: 31, 22892222.00, 22892221.67, 4512.92, 3241.59, 3.87%
- Epoch 032, ExpID 56127
Train - Loss: 6389313.26
Val - Loss, MSE, RMSE, MAE, MAPE: 11543139.00, 11543138.83, 3342.85, 2461.17, 3.15%
Test - Best epoch, Loss, MSE, RMSE, MAE, MAPE: 32, 22922742.00, 22922740.92, 4511.15, 3226.39, 3.85%
- Epoch 033, ExpID 56127
Train - Loss: 6336216.53
Val - Loss, MSE, RMSE, MAE, MAPE: 11596690.00, 11596690.17, 3353.97, 2467.46, 3.16%
Test - Best epoch, Loss, MSE, RMSE, MAE, MAPE: 32, 22922742.00, 22922740.92, 4511.15, 3226.39, 3.85%
- Epoch 034, ExpID 56127
Train - Loss: 6271360.97
Val - Loss, MSE, RMSE, MAE, MAPE: 11535038.00, 11535037.83, 3343.55, 2474.39, 3.17%
Test - Best epoch, Loss, MSE, RMSE, MAE, MAPE: 34, 23381568.00, 23381567.92, 4559.50, 3268.40, 3.90%
- Epoch 035, ExpID 56127
Train - Loss: 6218565.90
Val - Loss, MSE, RMSE, MAE, MAPE: 11527002.00, 11527000.75, 3343.58, 2463.02, 3.15%
Test - Best epoch, Loss, MSE, RMSE, MAE, MAPE: 35, 23309622.00, 23309619.42, 4551.63, 3277.18, 3.91%
- Epoch 036, ExpID 56127
Train - Loss: 6184489.31
Val - Loss, MSE, RMSE, MAE, MAPE: 11489219.00, 11489218.17, 3334.77, 2461.60, 3.16%
Test - Best epoch, Loss, MSE, RMSE, MAE, MAPE: 36, 23189198.00, 23189197.00, 4540.25, 3259.94, 3.90%
- Epoch 037, ExpID 56127
Train - Loss: 6142346.70
Val - Loss, MSE, RMSE, MAE, MAPE: 11386120.00, 11386120.17, 3321.96, 2447.89, 3.13%
Test - Best epoch, Loss, MSE, RMSE, MAE, MAPE: 37, 23297510.00, 23297510.75, 4540.11, 3253.61, 3.88%
- Epoch 038, ExpID 56127
Train - Loss: 6060396.57
Val - Loss, MSE, RMSE, MAE, MAPE: 11374840.00, 11374839.33, 3320.13, 2450.13, 3.14%
Test - Best epoch, Loss, MSE, RMSE, MAE, MAPE: 38, 23297328.00, 23297326.00, 4547.44, 3251.55, 3.88%
- Epoch 039, ExpID 56127
Train - Loss: 6009187.56
Val - Loss, MSE, RMSE, MAE, MAPE: 11350868.00, 11350868.08, 3315.76, 2449.93, 3.14%
Test - Best epoch, Loss, MSE, RMSE, MAE, MAPE: 39, 23291206.00, 23291206.75, 4543.74, 3247.58, 3.88%
- Epoch 040, ExpID 56127
Train - Loss: 5953719.71
Val - Loss, MSE, RMSE, MAE, MAPE: 11307080.00, 11307080.50, 3309.24, 2442.33, 3.13%
Test - Best epoch, Loss, MSE, RMSE, MAE, MAPE: 40, 23357632.00, 23357631.00, 4546.96, 3239.52, 3.88%
- Epoch 041, ExpID 56127
Train - Loss: 5944654.29
Val - Loss, MSE, RMSE, MAE, MAPE: 11293468.00, 11293467.08, 3308.26, 2453.68, 3.15%
Test - Best epoch, Loss, MSE, RMSE, MAE, MAPE: 41, 23414854.00, 23414852.58, 4557.64, 3248.74, 3.89%
- Epoch 042, ExpID 56127
Train - Loss: 5853749.15
Val - Loss, MSE, RMSE, MAE, MAPE: 11324559.00, 11324558.67, 3317.35, 2461.95, 3.15%
Test - Best epoch, Loss, MSE, RMSE, MAE, MAPE: 41, 23414854.00, 23414852.58, 4557.64, 3248.74, 3.89%
- Epoch 043, ExpID 56127
Train - Loss: 5799035.17
Val - Loss, MSE, RMSE, MAE, MAPE: 11291511.00, 11291510.33, 3310.19, 2445.24, 3.13%
Test - Best epoch, Loss, MSE, RMSE, MAE, MAPE: 43, 23509990.00, 23509990.00, 4563.62, 3282.33, 3.92%
- Epoch 044, ExpID 56127
Train - Loss: 5747367.85
Val - Loss, MSE, RMSE, MAE, MAPE: 11254710.00, 11254709.17, 3301.10, 2447.89, 3.14%
Test - Best epoch, Loss, MSE, RMSE, MAE, MAPE: 44, 23414356.00, 23414355.83, 4555.47, 3275.14, 3.92%
- Epoch 045, ExpID 56127
Train - Loss: 5708476.81
Val - Loss, MSE, RMSE, MAE, MAPE: 11222552.00, 11222551.75, 3296.13, 2440.63, 3.14%
Test - Best epoch, Loss, MSE, RMSE, MAE, MAPE: 45, 23456942.00, 23456941.75, 4556.28, 3247.97, 3.89%
- Epoch 046, ExpID 56127
Train - Loss: 5698550.82
Val - Loss, MSE, RMSE, MAE, MAPE: 11203411.00, 11203411.50, 3296.46, 2441.11, 3.13%
Test - Best epoch, Loss, MSE, RMSE, MAE, MAPE: 46, 23679204.00, 23679201.92, 4585.26, 3283.28, 3.93%
- Epoch 047, ExpID 56127
Train - Loss: 5605798.59
Val - Loss, MSE, RMSE, MAE, MAPE: 11220759.00, 11220758.58, 3300.96, 2450.58, 3.14%
Test - Best epoch, Loss, MSE, RMSE, MAE, MAPE: 46, 23679204.00, 23679201.92, 4585.26, 3283.28, 3.93%
- Epoch 048, ExpID 56127
Train - Loss: 5561884.66
Val - Loss, MSE, RMSE, MAE, MAPE: 11134324.00, 11134322.58, 3283.25, 2438.67, 3.13%
Test - Best epoch, Loss, MSE, RMSE, MAE, MAPE: 48, 23612062.00, 23612060.08, 4567.75, 3259.95, 3.90%
- Epoch 049, ExpID 56127
Train - Loss: 5536958.37
Val - Loss, MSE, RMSE, MAE, MAPE: 11141096.00, 11141095.33, 3289.98, 2441.04, 3.13%
Test - Best epoch, Loss, MSE, RMSE, MAE, MAPE: 48, 23612062.00, 23612060.08, 4567.75, 3259.95, 3.90%
- Epoch 050, ExpID 56127
Train - Loss: 5497551.77
Val - Loss, MSE, RMSE, MAE, MAPE: 11085294.00, 11085292.92, 3278.90, 2445.43, 3.14%
Test - Best epoch, Loss, MSE, RMSE, MAE, MAPE: 50, 23781356.00, 23781356.92, 4590.07, 3278.61, 3.92%
- Epoch 051, ExpID 56127
Train - Loss: 5438668.53
Val - Loss, MSE, RMSE, MAE, MAPE: 11123426.00, 11123425.08, 3284.82, 2436.55, 3.13%
Test - Best epoch, Loss, MSE, RMSE, MAE, MAPE: 50, 23781356.00, 23781356.92, 4590.07, 3278.61, 3.92%
- Epoch 052, ExpID 56127
Train - Loss: 5383464.00
Val - Loss, MSE, RMSE, MAE, MAPE: 11035173.00, 11035173.75, 3270.01, 2421.82, 3.11%
Test - Best epoch, Loss, MSE, RMSE, MAE, MAPE: 52, 23839270.00, 23839269.67, 4593.35, 3272.52, 3.92%
- Epoch 053, ExpID 56127
Train - Loss: 5347890.41
Val - Loss, MSE, RMSE, MAE, MAPE: 11099808.00, 11099808.25, 3280.43, 2430.59, 3.12%
Test - Best epoch, Loss, MSE, RMSE, MAE, MAPE: 52, 23839270.00, 23839269.67, 4593.35, 3272.52, 3.92%
- Epoch 054, ExpID 56127
Train - Loss: 5286996.76
Val - Loss, MSE, RMSE, MAE, MAPE: 11120858.00, 11120858.00, 3288.74, 2454.99, 3.14%
Test - Best epoch, Loss, MSE, RMSE, MAE, MAPE: 52, 23839270.00, 23839269.67, 4593.35, 3272.52, 3.92%
- Epoch 055, ExpID 56127
Train - Loss: 5237476.82
Val - Loss, MSE, RMSE, MAE, MAPE: 11087858.00, 11087858.00, 3280.20, 2436.39, 3.12%
Test - Best epoch, Loss, MSE, RMSE, MAE, MAPE: 52, 23839270.00, 23839269.67, 4593.35, 3272.52, 3.92%
- Epoch 056, ExpID 56127
Train - Loss: 5190773.72
Val - Loss, MSE, RMSE, MAE, MAPE: 11080362.00, 11080361.83, 3276.95, 2434.34, 3.13%
Test - Best epoch, Loss, MSE, RMSE, MAE, MAPE: 52, 23839270.00, 23839269.67, 4593.35, 3272.52, 3.92%
- Epoch 057, ExpID 56127
Train - Loss: 5177307.24
Val - Loss, MSE, RMSE, MAE, MAPE: 11054593.00, 11054592.92, 3272.92, 2437.26, 3.14%
Test - Best epoch, Loss, MSE, RMSE, MAE, MAPE: 52, 23839270.00, 23839269.67, 4593.35, 3272.52, 3.92%
- Epoch 058, ExpID 56127
Train - Loss: 5119790.84
Val - Loss, MSE, RMSE, MAE, MAPE: 11046012.00, 11046011.08, 3273.56, 2439.67, 3.14%
Test - Best epoch, Loss, MSE, RMSE, MAE, MAPE: 52, 23839270.00, 23839269.67, 4593.35, 3272.52, 3.92%
- Epoch 059, ExpID 56127
Train - Loss: 5077157.75
Val - Loss, MSE, RMSE, MAE, MAPE: 11042562.00, 11042561.08, 3270.15, 2437.51, 3.13%
Test - Best epoch, Loss, MSE, RMSE, MAE, MAPE: 52, 23839270.00, 23839269.67, 4593.35, 3272.52, 3.92%
- Epoch 060, ExpID 56127
Train - Loss: 5017261.54
Val - Loss, MSE, RMSE, MAE, MAPE: 10978367.00, 10978366.33, 3263.36, 2428.27, 3.12%
Test - Best epoch, Loss, MSE, RMSE, MAE, MAPE: 60, 24196872.00, 24196872.33, 4627.63, 3301.68, 3.96%
- Epoch 061, ExpID 56127
Train - Loss: 4987660.68
Val - Loss, MSE, RMSE, MAE, MAPE: 10999010.00, 10999009.33, 3265.00, 2440.19, 3.14%
Test - Best epoch, Loss, MSE, RMSE, MAE, MAPE: 60, 24196872.00, 24196872.33, 4627.63, 3301.68, 3.96%
- Epoch 062, ExpID 56127
Train - Loss: 4940701.27
Val - Loss, MSE, RMSE, MAE, MAPE: 11067095.00, 11067094.67, 3278.97, 2453.81, 3.15%
Test - Best epoch, Loss, MSE, RMSE, MAE, MAPE: 60, 24196872.00, 24196872.33, 4627.63, 3301.68, 3.96%
- Epoch 063, ExpID 56127
Train - Loss: 4911522.30
Val - Loss, MSE, RMSE, MAE, MAPE: 11074063.00, 11074062.17, 3280.89, 2449.55, 3.15%
Test - Best epoch, Loss, MSE, RMSE, MAE, MAPE: 60, 24196872.00, 24196872.33, 4627.63, 3301.68, 3.96%
- Epoch 064, ExpID 56127
Train - Loss: 4909028.44
Val - Loss, MSE, RMSE, MAE, MAPE: 11138072.00, 11138071.83, 3287.86, 2454.36, 3.16%
Test - Best epoch, Loss, MSE, RMSE, MAE, MAPE: 60, 24196872.00, 24196872.33, 4627.63, 3301.68, 3.96%
- Epoch 065, ExpID 56127
Train - Loss: 4819398.91
Val - Loss, MSE, RMSE, MAE, MAPE: 11028936.00, 11028935.17, 3272.30, 2441.91, 3.14%
Test - Best epoch, Loss, MSE, RMSE, MAE, MAPE: 60, 24196872.00, 24196872.33, 4627.63, 3301.68, 3.96%
- Epoch 066, ExpID 56127
Train - Loss: 4776020.38
Val - Loss, MSE, RMSE, MAE, MAPE: 10962127.00, 10962126.75, 3260.24, 2432.88, 3.13%
Test - Best epoch, Loss, MSE, RMSE, MAE, MAPE: 66, 24462820.00, 24462819.50, 4641.79, 3322.86, 3.98%
- Epoch 067, ExpID 56127
Train - Loss: 4747221.64
Val - Loss, MSE, RMSE, MAE, MAPE: 10943968.00, 10943968.00, 3259.60, 2436.08, 3.13%
Test - Best epoch, Loss, MSE, RMSE, MAE, MAPE: 67, 24406062.00, 24406060.08, 4642.69, 3323.77, 3.98%
- Epoch 068, ExpID 56127
Train - Loss: 4702300.91
Val - Loss, MSE, RMSE, MAE, MAPE: 11007312.00, 11007311.58, 3267.14, 2442.34, 3.14%
Test - Best epoch, Loss, MSE, RMSE, MAE, MAPE: 67, 24406062.00, 24406060.08, 4642.69, 3323.77, 3.98%
- Epoch 069, ExpID 56127
Train - Loss: 4677731.49
Val - Loss, MSE, RMSE, MAE, MAPE: 11011977.00, 11011976.67, 3271.81, 2461.26, 3.15%
Test - Best epoch, Loss, MSE, RMSE, MAE, MAPE: 67, 24406062.00, 24406060.08, 4642.69, 3323.77, 3.98%
- Epoch 070, ExpID 56127
Train - Loss: 4676614.34
Val - Loss, MSE, RMSE, MAE, MAPE: 11000840.00, 11000839.17, 3269.79, 2445.87, 3.14%
Test - Best epoch, Loss, MSE, RMSE, MAE, MAPE: 67, 24406062.00, 24406060.08, 4642.69, 3323.77, 3.98%
- Epoch 071, ExpID 56127
Train - Loss: 4586071.92
Val - Loss, MSE, RMSE, MAE, MAPE: 10908764.00, 10908764.08, 3254.83, 2438.95, 3.13%
Test - Best epoch, Loss, MSE, RMSE, MAE, MAPE: 71, 24667336.00, 24667334.50, 4662.90, 3339.05, 4.00%
- Epoch 072, ExpID 56127
Train - Loss: 4549892.56
Val - Loss, MSE, RMSE, MAE, MAPE: 10917892.00, 10917892.33, 3257.30, 2448.69, 3.15%
Test - Best epoch, Loss, MSE, RMSE, MAE, MAPE: 71, 24667336.00, 24667334.50, 4662.90, 3339.05, 4.00%
- Epoch 073, ExpID 56127
Train - Loss: 4573958.21
Val - Loss, MSE, RMSE, MAE, MAPE: 10988542.00, 10988541.92, 3268.84, 2451.96, 3.15%
Test - Best epoch, Loss, MSE, RMSE, MAE, MAPE: 71, 24667336.00, 24667334.50, 4662.90, 3339.05, 4.00%
- Epoch 074, ExpID 56127
Train - Loss: 4471013.26
Val - Loss, MSE, RMSE, MAE, MAPE: 11047394.00, 11047394.00, 3281.24, 2466.38, 3.16%
Test - Best epoch, Loss, MSE, RMSE, MAE, MAPE: 71, 24667336.00, 24667334.50, 4662.90, 3339.05, 4.00%
- Epoch 075, ExpID 56127
Train - Loss: 4440018.71
Val - Loss, MSE, RMSE, MAE, MAPE: 11005302.00, 11005301.08, 3273.54, 2472.38, 3.17%
Test - Best epoch, Loss, MSE, RMSE, MAE, MAPE: 71, 24667336.00, 24667334.50, 4662.90, 3339.05, 4.00%
- Epoch 076, ExpID 56127
Train - Loss: 4396848.19
Val - Loss, MSE, RMSE, MAE, MAPE: 10892369.00, 10892368.42, 3253.14, 2440.86, 3.13%
Test - Best epoch, Loss, MSE, RMSE, MAE, MAPE: 76, 24727356.00, 24727355.67, 4671.02, 3350.61, 4.02%
- Epoch 077, ExpID 56127
Train - Loss: 4350644.69
Val - Loss, MSE, RMSE, MAE, MAPE: 10942590.00, 10942590.08, 3261.67, 2457.77, 3.16%
Test - Best epoch, Loss, MSE, RMSE, MAE, MAPE: 76, 24727356.00, 24727355.67, 4671.02, 3350.61, 4.02%
- Epoch 078, ExpID 56127
Train - Loss: 4339656.32
Val - Loss, MSE, RMSE, MAE, MAPE: 10940376.00, 10940375.92, 3263.80, 2461.16, 3.16%
Test - Best epoch, Loss, MSE, RMSE, MAE, MAPE: 76, 24727356.00, 24727355.67, 4671.02, 3350.61, 4.02%
- Epoch 079, ExpID 56127
Train - Loss: 4277426.78
Val - Loss, MSE, RMSE, MAE, MAPE: 10864026.00, 10864025.67, 3251.27, 2444.33, 3.14%
Test - Best epoch, Loss, MSE, RMSE, MAE, MAPE: 79, 24696132.00, 24696130.42, 4669.12, 3345.84, 4.01%
- Epoch 080, ExpID 56127
Train - Loss: 4251391.18
Val - Loss, MSE, RMSE, MAE, MAPE: 10993390.00, 10993388.08, 3269.86, 2475.47, 3.18%
Test - Best epoch, Loss, MSE, RMSE, MAE, MAPE: 79, 24696132.00, 24696130.42, 4669.12, 3345.84, 4.01%
- Epoch 081, ExpID 56127
Train - Loss: 4195765.56
Val - Loss, MSE, RMSE, MAE, MAPE: 11008512.00, 11008510.92, 3270.44, 2466.34, 3.18%
Test - Best epoch, Loss, MSE, RMSE, MAE, MAPE: 79, 24696132.00, 24696130.42, 4669.12, 3345.84, 4.01%
- Epoch 082, ExpID 56127
Train - Loss: 4158987.99
Val - Loss, MSE, RMSE, MAE, MAPE: 10989850.00, 10989849.00, 3271.33, 2464.66, 3.16%
Test - Best epoch, Loss, MSE, RMSE, MAE, MAPE: 79, 24696132.00, 24696130.42, 4669.12, 3345.84, 4.01%
- Epoch 083, ExpID 56127
Train - Loss: 4130930.16
Val - Loss, MSE, RMSE, MAE, MAPE: 10883305.00, 10883304.67, 3252.99, 2462.24, 3.16%
Test - Best epoch, Loss, MSE, RMSE, MAE, MAPE: 79, 24696132.00, 24696130.42, 4669.12, 3345.84, 4.01%
- Epoch 084, ExpID 56127
Train - Loss: 4082740.85
Val - Loss, MSE, RMSE, MAE, MAPE: 10997530.00, 10997529.33, 3270.75, 2465.94, 3.16%
Test - Best epoch, Loss, MSE, RMSE, MAE, MAPE: 79, 24696132.00, 24696130.42, 4669.12, 3345.84, 4.01%
- Epoch 085, ExpID 56127
Train - Loss: 4058345.88
Val - Loss, MSE, RMSE, MAE, MAPE: 10926992.00, 10926990.83, 3260.91, 2468.30, 3.17%
Test - Best epoch, Loss, MSE, RMSE, MAE, MAPE: 79, 24696132.00, 24696130.42, 4669.12, 3345.84, 4.01%
- Epoch 086, ExpID 56127
Train - Loss: 4031034.47
Val - Loss, MSE, RMSE, MAE, MAPE: 10868303.00, 10868302.50, 3253.21, 2468.56, 3.17%
Test - Best epoch, Loss, MSE, RMSE, MAE, MAPE: 79, 24696132.00, 24696130.42, 4669.12, 3345.84, 4.01%
- Epoch 087, ExpID 56127
Train - Loss: 4022700.11
Val - Loss, MSE, RMSE, MAE, MAPE: 10932174.00, 10932173.58, 3260.71, 2471.28, 3.18%
Test - Best epoch, Loss, MSE, RMSE, MAE, MAPE: 79, 24696132.00, 24696130.42, 4669.12, 3345.84, 4.01%
- Epoch 088, ExpID 56127
Train - Loss: 3987292.28
Val - Loss, MSE, RMSE, MAE, MAPE: 10884000.00, 10883999.92, 3254.85, 2459.55, 3.16%
Test - Best epoch, Loss, MSE, RMSE, MAE, MAPE: 79, 24696132.00, 24696130.42, 4669.12, 3345.84, 4.01%
- Epoch 089, ExpID 56127
Train - Loss: 3966131.34
Val - Loss, MSE, RMSE, MAE, MAPE: 10873128.00, 10873127.42, 3253.40, 2467.25, 3.17%
Test - Best epoch, Loss, MSE, RMSE, MAE, MAPE: 79, 24696132.00, 24696130.42, 4669.12, 3345.84, 4.01%
Early Stopping at Epoch 89
Fold 2017 Best RMSE: 4669.1165

-------------------- [Fold: 2018] ExpID: 50911 --------------------
- Epoch 000, ExpID 50911
Train - Loss: 15970852.95
Val - Loss, MSE, RMSE, MAE, MAPE: 26490112.00, 26490112.33, 4964.14, 3721.93, 4.44%
Test - Best epoch, Loss, MSE, RMSE, MAE, MAPE: 0, 23487966.00, 23487963.00, 4823.43, 3802.12, 4.14%
- Epoch 001, ExpID 50911
Train - Loss: 11714045.48
Val - Loss, MSE, RMSE, MAE, MAPE: 22102756.00, 22102755.50, 4493.42, 3219.59, 3.84%
Test - Best epoch, Loss, MSE, RMSE, MAE, MAPE: 1, 19356724.00, 19356723.00, 4364.79, 3316.62, 3.61%
- Epoch 002, ExpID 50911
Train - Loss: 10070780.78
Val - Loss, MSE, RMSE, MAE, MAPE: 20550272.00, 20550272.50, 4316.47, 3050.86, 3.63%
Test - Best epoch, Loss, MSE, RMSE, MAE, MAPE: 2, 18171046.00, 18171046.50, 4218.41, 3190.27, 3.47%
- Epoch 003, ExpID 50911
Train - Loss: 9367190.93
Val - Loss, MSE, RMSE, MAE, MAPE: 20194420.00, 20194419.83, 4277.72, 3027.87, 3.60%
Test - Best epoch, Loss, MSE, RMSE, MAE, MAPE: 3, 17846436.00, 17846436.17, 4173.76, 3144.52, 3.42%
- Epoch 004, ExpID 50911
Train - Loss: 9098740.25
Val - Loss, MSE, RMSE, MAE, MAPE: 20060500.00, 20060498.50, 4261.57, 3022.24, 3.59%
Test - Best epoch, Loss, MSE, RMSE, MAE, MAPE: 4, 17617428.00, 17617425.67, 4144.40, 3116.24, 3.38%
- Epoch 005, ExpID 50911
Train - Loss: 8858595.39
Val - Loss, MSE, RMSE, MAE, MAPE: 20091980.00, 20091977.42, 4264.03, 3048.62, 3.62%
Test - Best epoch, Loss, MSE, RMSE, MAE, MAPE: 4, 17617428.00, 17617425.67, 4144.40, 3116.24, 3.38%
- Epoch 006, ExpID 50911
Train - Loss: 8676370.57
Val - Loss, MSE, RMSE, MAE, MAPE: 20139608.00, 20139608.25, 4268.30, 3043.95, 3.61%
Test - Best epoch, Loss, MSE, RMSE, MAE, MAPE: 4, 17617428.00, 17617425.67, 4144.40, 3116.24, 3.38%
- Epoch 007, ExpID 50911
Train - Loss: 8623022.60
Val - Loss, MSE, RMSE, MAE, MAPE: 20136242.00, 20136240.50, 4258.02, 3006.33, 3.58%
Test - Best epoch, Loss, MSE, RMSE, MAE, MAPE: 4, 17617428.00, 17617425.67, 4144.40, 3116.24, 3.38%
- Epoch 008, ExpID 50911
Train - Loss: 8403144.37
Val - Loss, MSE, RMSE, MAE, MAPE: 20058388.00, 20058387.50, 4257.49, 3007.95, 3.59%
Test - Best epoch, Loss, MSE, RMSE, MAE, MAPE: 8, 16993552.00, 16993550.17, 4064.71, 3038.27, 3.30%
- Epoch 009, ExpID 50911
Train - Loss: 8295573.53
Val - Loss, MSE, RMSE, MAE, MAPE: 20128430.00, 20128428.83, 4261.52, 3021.86, 3.59%
Test - Best epoch, Loss, MSE, RMSE, MAE, MAPE: 8, 16993552.00, 16993550.17, 4064.71, 3038.27, 3.30%
- Epoch 010, ExpID 50911
Train - Loss: 8185617.71
Val - Loss, MSE, RMSE, MAE, MAPE: 20116264.00, 20116263.83, 4257.14, 3011.02, 3.58%
Test - Best epoch, Loss, MSE, RMSE, MAE, MAPE: 8, 16993552.00, 16993550.17, 4064.71, 3038.27, 3.30%
- Epoch 011, ExpID 50911
Train - Loss: 8092223.48
Val - Loss, MSE, RMSE, MAE, MAPE: 20207342.00, 20207339.67, 4266.19, 3017.50, 3.59%
Test - Best epoch, Loss, MSE, RMSE, MAE, MAPE: 8, 16993552.00, 16993550.17, 4064.71, 3038.27, 3.30%
- Epoch 012, ExpID 50911
Train - Loss: 7935668.20
Val - Loss, MSE, RMSE, MAE, MAPE: 20246124.00, 20246122.42, 4272.48, 3043.68, 3.62%
Test - Best epoch, Loss, MSE, RMSE, MAE, MAPE: 8, 16993552.00, 16993550.17, 4064.71, 3038.27, 3.30%
- Epoch 013, ExpID 50911
Train - Loss: 7901266.30
Val - Loss, MSE, RMSE, MAE, MAPE: 20235736.00, 20235736.00, 4267.13, 3033.01, 3.60%
Test - Best epoch, Loss, MSE, RMSE, MAE, MAPE: 8, 16993552.00, 16993550.17, 4064.71, 3038.27, 3.30%
- Epoch 014, ExpID 50911
Train - Loss: 7751583.46
Val - Loss, MSE, RMSE, MAE, MAPE: 20235064.00, 20235062.25, 4268.40, 3015.04, 3.58%
Test - Best epoch, Loss, MSE, RMSE, MAE, MAPE: 8, 16993552.00, 16993550.17, 4064.71, 3038.27, 3.30%
- Epoch 015, ExpID 50911
Train - Loss: 7692984.45
Val - Loss, MSE, RMSE, MAE, MAPE: 20476956.00, 20476954.25, 4295.35, 3047.78, 3.62%
Test - Best epoch, Loss, MSE, RMSE, MAE, MAPE: 8, 16993552.00, 16993550.17, 4064.71, 3038.27, 3.30%
- Epoch 016, ExpID 50911
Train - Loss: 7568125.13
Val - Loss, MSE, RMSE, MAE, MAPE: 20374904.00, 20374904.42, 4270.57, 3016.90, 3.59%
Test - Best epoch, Loss, MSE, RMSE, MAE, MAPE: 8, 16993552.00, 16993550.17, 4064.71, 3038.27, 3.30%
- Epoch 017, ExpID 50911
Train - Loss: 7518562.10
Val - Loss, MSE, RMSE, MAE, MAPE: 20482348.00, 20482346.67, 4287.93, 3029.67, 3.60%
Test - Best epoch, Loss, MSE, RMSE, MAE, MAPE: 8, 16993552.00, 16993550.17, 4064.71, 3038.27, 3.30%
- Epoch 018, ExpID 50911
Train - Loss: 7455058.50
Val - Loss, MSE, RMSE, MAE, MAPE: 20579770.00, 20579768.58, 4301.73, 3050.06, 3.62%
Test - Best epoch, Loss, MSE, RMSE, MAE, MAPE: 8, 16993552.00, 16993550.17, 4064.71, 3038.27, 3.30%
Early Stopping at Epoch 18
Fold 2018 Best RMSE: 4064.7098

-------------------- [Fold: 2019] ExpID: 31787 --------------------
- Epoch 000, ExpID 31787
Train - Loss: 17430118.55
Val - Loss, MSE, RMSE, MAE, MAPE: 21756912.00, 21756910.00, 4655.54, 3711.23, 4.04%
Test - Best epoch, Loss, MSE, RMSE, MAE, MAPE: 0, 30271928.00, 30271927.00, 5422.88, 3988.17, 4.23%
- Epoch 001, ExpID 31787
Train - Loss: 12796509.39
Val - Loss, MSE, RMSE, MAE, MAPE: 17888666.00, 17888666.33, 4210.66, 3220.76, 3.50%
Test - Best epoch, Loss, MSE, RMSE, MAE, MAPE: 1, 24279884.00, 24279883.33, 4809.91, 3415.64, 3.61%
- Epoch 002, ExpID 31787
Train - Loss: 10835387.88
Val - Loss, MSE, RMSE, MAE, MAPE: 16790920.00, 16790919.83, 4068.44, 3061.75, 3.33%
Test - Best epoch, Loss, MSE, RMSE, MAE, MAPE: 2, 22009488.00, 22009486.00, 4554.44, 3195.75, 3.37%
- Epoch 003, ExpID 31787
Train - Loss: 10049217.12
Val - Loss, MSE, RMSE, MAE, MAPE: 16540371.00, 16540371.67, 4032.96, 3027.59, 3.28%
Test - Best epoch, Loss, MSE, RMSE, MAE, MAPE: 3, 21232376.00, 21232376.17, 4464.52, 3135.45, 3.30%
- Epoch 004, ExpID 31787
Train - Loss: 9695712.26
Val - Loss, MSE, RMSE, MAE, MAPE: 16423130.00, 16423129.33, 4016.65, 3005.60, 3.26%
Test - Best epoch, Loss, MSE, RMSE, MAE, MAPE: 4, 20965060.00, 20965057.17, 4431.51, 3110.60, 3.27%
- Epoch 005, ExpID 31787
Train - Loss: 9502490.36
Val - Loss, MSE, RMSE, MAE, MAPE: 16437208.00, 16437208.67, 4014.14, 2994.42, 3.24%
Test - Best epoch, Loss, MSE, RMSE, MAE, MAPE: 4, 20965060.00, 20965057.17, 4431.51, 3110.60, 3.27%
- Epoch 006, ExpID 31787
Train - Loss: 9265616.81
Val - Loss, MSE, RMSE, MAE, MAPE: 16267766.00, 16267764.67, 3992.40, 2984.26, 3.23%
Test - Best epoch, Loss, MSE, RMSE, MAE, MAPE: 6, 20590080.00, 20590079.17, 4386.83, 3082.34, 3.23%
- Epoch 007, ExpID 31787
Train - Loss: 9104365.34
Val - Loss, MSE, RMSE, MAE, MAPE: 16216974.00, 16216972.83, 3986.02, 2979.42, 3.23%
Test - Best epoch, Loss, MSE, RMSE, MAE, MAPE: 7, 20445032.00, 20445030.83, 4371.53, 3066.46, 3.22%
- Epoch 008, ExpID 31787
Train - Loss: 8967558.34
Val - Loss, MSE, RMSE, MAE, MAPE: 16071694.00, 16071693.67, 3967.92, 2960.92, 3.21%
Test - Best epoch, Loss, MSE, RMSE, MAE, MAPE: 8, 20344954.00, 20344954.33, 4358.84, 3059.26, 3.21%
- Epoch 009, ExpID 31787
Train - Loss: 8829229.72
Val - Loss, MSE, RMSE, MAE, MAPE: 15994831.00, 15994831.00, 3958.85, 2958.97, 3.21%
Test - Best epoch, Loss, MSE, RMSE, MAE, MAPE: 9, 20275288.00, 20275286.00, 4350.81, 3057.46, 3.21%
- Epoch 010, ExpID 31787
Train - Loss: 8721248.43
Val - Loss, MSE, RMSE, MAE, MAPE: 15969338.00, 15969336.00, 3952.93, 2954.97, 3.20%
Test - Best epoch, Loss, MSE, RMSE, MAE, MAPE: 10, 20238498.00, 20238497.67, 4345.90, 3051.71, 3.20%
- Epoch 011, ExpID 31787
Train - Loss: 8604545.64
Val - Loss, MSE, RMSE, MAE, MAPE: 15978920.00, 15978921.00, 3951.02, 2954.06, 3.20%
Test - Best epoch, Loss, MSE, RMSE, MAE, MAPE: 10, 20238498.00, 20238497.67, 4345.90, 3051.71, 3.20%
- Epoch 012, ExpID 31787
Train - Loss: 8504297.35
Val - Loss, MSE, RMSE, MAE, MAPE: 15904056.00, 15904057.00, 3944.77, 2949.91, 3.19%
Test - Best epoch, Loss, MSE, RMSE, MAE, MAPE: 12, 20100942.00, 20100940.50, 4333.64, 3054.89, 3.20%
- Epoch 013, ExpID 31787
Train - Loss: 8416492.57
Val - Loss, MSE, RMSE, MAE, MAPE: 15818910.00, 15818908.83, 3934.19, 2944.18, 3.19%
Test - Best epoch, Loss, MSE, RMSE, MAE, MAPE: 13, 20031764.00, 20031764.50, 4324.90, 3043.42, 3.19%
- Epoch 014, ExpID 31787
Train - Loss: 8310306.38
Val - Loss, MSE, RMSE, MAE, MAPE: 15751720.00, 15751720.17, 3925.03, 2932.85, 3.18%
Test - Best epoch, Loss, MSE, RMSE, MAE, MAPE: 14, 20001028.00, 20001026.00, 4320.99, 3029.80, 3.18%
- Epoch 015, ExpID 31787
Train - Loss: 8227063.91
Val - Loss, MSE, RMSE, MAE, MAPE: 15875271.00, 15875271.00, 3938.38, 2960.35, 3.20%
Test - Best epoch, Loss, MSE, RMSE, MAE, MAPE: 14, 20001028.00, 20001026.00, 4320.99, 3029.80, 3.18%
- Epoch 016, ExpID 31787
Train - Loss: 8134635.41
Val - Loss, MSE, RMSE, MAE, MAPE: 15678988.00, 15678988.33, 3914.84, 2924.72, 3.17%
Test - Best epoch, Loss, MSE, RMSE, MAE, MAPE: 16, 19908316.00, 19908315.67, 4310.76, 3030.63, 3.18%
- Epoch 017, ExpID 31787
Train - Loss: 8053000.76
Val - Loss, MSE, RMSE, MAE, MAPE: 15665760.00, 15665759.50, 3912.71, 2923.88, 3.17%
Test - Best epoch, Loss, MSE, RMSE, MAE, MAPE: 17, 19925476.00, 19925476.00, 4311.04, 3036.71, 3.19%
- Epoch 018, ExpID 31787
Train - Loss: 7990291.95
Val - Loss, MSE, RMSE, MAE, MAPE: 15622498.00, 15622497.00, 3907.14, 2921.90, 3.16%
Test - Best epoch, Loss, MSE, RMSE, MAE, MAPE: 18, 19854878.00, 19854878.00, 4307.25, 3032.93, 3.18%
- Epoch 019, ExpID 31787
Train - Loss: 7903556.37
Val - Loss, MSE, RMSE, MAE, MAPE: 15615219.00, 15615219.67, 3907.02, 2923.57, 3.17%
Test - Best epoch, Loss, MSE, RMSE, MAE, MAPE: 19, 19835692.00, 19835690.83, 4304.53, 3036.32, 3.19%
- Epoch 020, ExpID 31787
Train - Loss: 7825319.48
Val - Loss, MSE, RMSE, MAE, MAPE: 15568698.00, 15568696.83, 3899.64, 2911.74, 3.15%
Test - Best epoch, Loss, MSE, RMSE, MAE, MAPE: 20, 19820516.00, 19820516.17, 4300.74, 3029.31, 3.18%
- Epoch 021, ExpID 31787
Train - Loss: 7756866.66
Val - Loss, MSE, RMSE, MAE, MAPE: 15558227.00, 15558226.33, 3895.57, 2915.50, 3.16%
Test - Best epoch, Loss, MSE, RMSE, MAE, MAPE: 21, 19835468.00, 19835466.67, 4302.78, 3031.06, 3.18%
- Epoch 022, ExpID 31787
Train - Loss: 7691122.51
Val - Loss, MSE, RMSE, MAE, MAPE: 15510339.00, 15510338.50, 3892.00, 2906.27, 3.15%
Test - Best epoch, Loss, MSE, RMSE, MAE, MAPE: 22, 19847852.00, 19847852.33, 4304.23, 3027.34, 3.18%
- Epoch 023, ExpID 31787
Train - Loss: 7614963.32
Val - Loss, MSE, RMSE, MAE, MAPE: 15559139.00, 15559137.67, 3898.36, 2916.68, 3.16%
Test - Best epoch, Loss, MSE, RMSE, MAE, MAPE: 22, 19847852.00, 19847852.33, 4304.23, 3027.34, 3.18%
- Epoch 024, ExpID 31787
Train - Loss: 7560361.46
Val - Loss, MSE, RMSE, MAE, MAPE: 15435060.00, 15435060.00, 3881.52, 2901.13, 3.15%
Test - Best epoch, Loss, MSE, RMSE, MAE, MAPE: 24, 19876308.00, 19876309.00, 4305.61, 3023.18, 3.18%
- Epoch 025, ExpID 31787
Train - Loss: 7511194.29
Val - Loss, MSE, RMSE, MAE, MAPE: 15440223.00, 15440222.33, 3884.28, 2899.12, 3.15%
Test - Best epoch, Loss, MSE, RMSE, MAE, MAPE: 24, 19876308.00, 19876309.00, 4305.61, 3023.18, 3.18%
- Epoch 026, ExpID 31787
Train - Loss: 7418833.65
Val - Loss, MSE, RMSE, MAE, MAPE: 15389350.00, 15389349.83, 3876.58, 2903.13, 3.15%
Test - Best epoch, Loss, MSE, RMSE, MAE, MAPE: 26, 19822400.00, 19822397.50, 4301.75, 3017.57, 3.17%
- Epoch 027, ExpID 31787
Train - Loss: 7358497.63
Val - Loss, MSE, RMSE, MAE, MAPE: 15355360.00, 15355360.00, 3870.05, 2894.78, 3.14%
Test - Best epoch, Loss, MSE, RMSE, MAE, MAPE: 27, 19820356.00, 19820356.67, 4299.30, 3012.03, 3.16%
- Epoch 028, ExpID 31787
Train - Loss: 7284342.68
Val - Loss, MSE, RMSE, MAE, MAPE: 15462874.00, 15462872.33, 3886.46, 2910.74, 3.16%
Test - Best epoch, Loss, MSE, RMSE, MAE, MAPE: 27, 19820356.00, 19820356.67, 4299.30, 3012.03, 3.16%
- Epoch 029, ExpID 31787
Train - Loss: 7249752.50
Val - Loss, MSE, RMSE, MAE, MAPE: 15442808.00, 15442808.17, 3887.07, 2915.93, 3.16%
Test - Best epoch, Loss, MSE, RMSE, MAE, MAPE: 27, 19820356.00, 19820356.67, 4299.30, 3012.03, 3.16%
- Epoch 030, ExpID 31787
Train - Loss: 7183566.04
Val - Loss, MSE, RMSE, MAE, MAPE: 15454060.00, 15454058.83, 3884.79, 2924.40, 3.17%
Test - Best epoch, Loss, MSE, RMSE, MAE, MAPE: 27, 19820356.00, 19820356.67, 4299.30, 3012.03, 3.16%
- Epoch 031, ExpID 31787
Train - Loss: 7123514.12
Val - Loss, MSE, RMSE, MAE, MAPE: 15324002.00, 15324001.17, 3869.56, 2900.37, 3.14%
Test - Best epoch, Loss, MSE, RMSE, MAE, MAPE: 31, 19897534.00, 19897533.17, 4306.70, 3025.07, 3.18%
- Epoch 032, ExpID 31787
Train - Loss: 7057379.24
Val - Loss, MSE, RMSE, MAE, MAPE: 15373795.00, 15373794.33, 3877.43, 2911.52, 3.16%
Test - Best epoch, Loss, MSE, RMSE, MAE, MAPE: 31, 19897534.00, 19897533.17, 4306.70, 3025.07, 3.18%
- Epoch 033, ExpID 31787
Train - Loss: 7009752.87
Val - Loss, MSE, RMSE, MAE, MAPE: 15324974.00, 15324974.00, 3872.50, 2906.64, 3.15%
Test - Best epoch, Loss, MSE, RMSE, MAE, MAPE: 31, 19897534.00, 19897533.17, 4306.70, 3025.07, 3.18%
- Epoch 034, ExpID 31787
Train - Loss: 6926709.84
Val - Loss, MSE, RMSE, MAE, MAPE: 15400628.00, 15400628.00, 3875.84, 2924.27, 3.17%
Test - Best epoch, Loss, MSE, RMSE, MAE, MAPE: 31, 19897534.00, 19897533.17, 4306.70, 3025.07, 3.18%
- Epoch 035, ExpID 31787
Train - Loss: 6885151.05
Val - Loss, MSE, RMSE, MAE, MAPE: 15377234.00, 15377233.67, 3878.91, 2922.13, 3.17%
Test - Best epoch, Loss, MSE, RMSE, MAE, MAPE: 31, 19897534.00, 19897533.17, 4306.70, 3025.07, 3.18%
- Epoch 036, ExpID 31787
Train - Loss: 6820712.40
Val - Loss, MSE, RMSE, MAE, MAPE: 15281632.00, 15281631.67, 3861.91, 2905.21, 3.15%
Test - Best epoch, Loss, MSE, RMSE, MAE, MAPE: 36, 19927920.00, 19927919.33, 4311.23, 3033.09, 3.19%
- Epoch 037, ExpID 31787
Train - Loss: 6760469.99
Val - Loss, MSE, RMSE, MAE, MAPE: 15404142.00, 15404141.33, 3880.99, 2914.91, 3.16%
Test - Best epoch, Loss, MSE, RMSE, MAE, MAPE: 36, 19927920.00, 19927919.33, 4311.23, 3033.09, 3.19%
- Epoch 038, ExpID 31787
Train - Loss: 6703096.69
Val - Loss, MSE, RMSE, MAE, MAPE: 15294367.00, 15294367.17, 3864.91, 2906.53, 3.15%
Test - Best epoch, Loss, MSE, RMSE, MAE, MAPE: 36, 19927920.00, 19927919.33, 4311.23, 3033.09, 3.19%
- Epoch 039, ExpID 31787
Train - Loss: 6676980.52
Val - Loss, MSE, RMSE, MAE, MAPE: 15414666.00, 15414665.00, 3880.76, 2929.79, 3.18%
Test - Best epoch, Loss, MSE, RMSE, MAE, MAPE: 36, 19927920.00, 19927919.33, 4311.23, 3033.09, 3.19%
- Epoch 040, ExpID 31787
Train - Loss: 6606496.67
Val - Loss, MSE, RMSE, MAE, MAPE: 15443096.00, 15443096.33, 3883.29, 2937.92, 3.18%
Test - Best epoch, Loss, MSE, RMSE, MAE, MAPE: 36, 19927920.00, 19927919.33, 4311.23, 3033.09, 3.19%
- Epoch 041, ExpID 31787
Train - Loss: 6555422.31
Val - Loss, MSE, RMSE, MAE, MAPE: 15385260.00, 15385258.50, 3876.08, 2919.62, 3.17%
Test - Best epoch, Loss, MSE, RMSE, MAE, MAPE: 36, 19927920.00, 19927919.33, 4311.23, 3033.09, 3.19%
- Epoch 042, ExpID 31787
Train - Loss: 6506014.86
Val - Loss, MSE, RMSE, MAE, MAPE: 15272507.00, 15272506.50, 3862.22, 2912.59, 3.16%
Test - Best epoch, Loss, MSE, RMSE, MAE, MAPE: 42, 20036376.00, 20036375.00, 4320.77, 3044.54, 3.19%
- Epoch 043, ExpID 31787
Train - Loss: 6442844.07
Val - Loss, MSE, RMSE, MAE, MAPE: 15375679.00, 15375678.83, 3875.32, 2933.11, 3.18%
Test - Best epoch, Loss, MSE, RMSE, MAE, MAPE: 42, 20036376.00, 20036375.00, 4320.77, 3044.54, 3.19%
- Epoch 044, ExpID 31787
Train - Loss: 6391042.13
Val - Loss, MSE, RMSE, MAE, MAPE: 15575828.00, 15575827.17, 3899.54, 2953.45, 3.20%
Test - Best epoch, Loss, MSE, RMSE, MAE, MAPE: 42, 20036376.00, 20036375.00, 4320.77, 3044.54, 3.19%
- Epoch 045, ExpID 31787
Train - Loss: 6362158.51
Val - Loss, MSE, RMSE, MAE, MAPE: 15587127.00, 15587127.17, 3905.47, 2952.03, 3.20%
Test - Best epoch, Loss, MSE, RMSE, MAE, MAPE: 42, 20036376.00, 20036375.00, 4320.77, 3044.54, 3.19%
- Epoch 046, ExpID 31787
Train - Loss: 6288073.44
Val - Loss, MSE, RMSE, MAE, MAPE: 15383690.00, 15383689.00, 3878.27, 2939.33, 3.19%
Test - Best epoch, Loss, MSE, RMSE, MAE, MAPE: 42, 20036376.00, 20036375.00, 4320.77, 3044.54, 3.19%
- Epoch 047, ExpID 31787
Train - Loss: 6229531.21
Val - Loss, MSE, RMSE, MAE, MAPE: 15599724.00, 15599724.17, 3901.87, 2959.01, 3.21%
Test - Best epoch, Loss, MSE, RMSE, MAE, MAPE: 42, 20036376.00, 20036375.00, 4320.77, 3044.54, 3.19%
- Epoch 048, ExpID 31787
Train - Loss: 6183393.88
Val - Loss, MSE, RMSE, MAE, MAPE: 15536404.00, 15536404.33, 3896.96, 2960.91, 3.21%
Test - Best epoch, Loss, MSE, RMSE, MAE, MAPE: 42, 20036376.00, 20036375.00, 4320.77, 3044.54, 3.19%
- Epoch 049, ExpID 31787
Train - Loss: 6133038.67
Val - Loss, MSE, RMSE, MAE, MAPE: 15435954.00, 15435953.17, 3888.25, 2950.50, 3.20%
Test - Best epoch, Loss, MSE, RMSE, MAE, MAPE: 42, 20036376.00, 20036375.00, 4320.77, 3044.54, 3.19%
- Epoch 050, ExpID 31787
Train - Loss: 6102382.05
Val - Loss, MSE, RMSE, MAE, MAPE: 15487576.00, 15487576.17, 3890.90, 2964.32, 3.21%
Test - Best epoch, Loss, MSE, RMSE, MAE, MAPE: 42, 20036376.00, 20036375.00, 4320.77, 3044.54, 3.19%
- Epoch 051, ExpID 31787
Train - Loss: 6039364.64
Val - Loss, MSE, RMSE, MAE, MAPE: 15453248.00, 15453248.17, 3886.76, 2947.54, 3.20%
Test - Best epoch, Loss, MSE, RMSE, MAE, MAPE: 42, 20036376.00, 20036375.00, 4320.77, 3044.54, 3.19%
- Epoch 052, ExpID 31787
Train - Loss: 6003573.21
Val - Loss, MSE, RMSE, MAE, MAPE: 15384127.00, 15384127.00, 3881.63, 2955.96, 3.21%
Test - Best epoch, Loss, MSE, RMSE, MAE, MAPE: 42, 20036376.00, 20036375.00, 4320.77, 3044.54, 3.19%
Early Stopping at Epoch 52
Fold 2019 Best RMSE: 4320.7749
