DETAILED LOG | Model: nbeats | Seed: 3
FULL CONFIG: {'gpu': '3', 'target': 'departure', 'cv_start_year': 2017, 'cv_end_year': 2019, 'test_year': 2024, 'use_corona': False, 'seq_len': 91, 'label_len': 0, 'pred_len': 7, 'batch_size': 64, 'epochs': 1000, 'patience': 10, 'lr': 0.001, 'model': 'nbeats', 'd_model': 128, 'n_heads': 4, 'n_layers': 5, 'dropout': 0.1, 'activation': 'gelu', 'patch_len': 16, 'factor': 5, 'norm_mode': 'revin', 'use_dbloss': False, 'device': device(type='cuda'), 'stride': 16, 'file_path': 'dataset/airport_daily_flight_merged.csv', 'seed': 3, 'val_year': 2019, 'ndims': 1}

-------------------- [Fold: 2017] ExpID: 17962 --------------------
- Epoch 000, ExpID 17962
Train - Loss: 21461473.09
Val - Loss, MSE, RMSE, MAE, MAPE: 29728440.00, 29728439.50, 5358.05, 3941.39, 5.12%
Test - Best epoch, Loss, MSE, RMSE, MAE, MAPE: 0, 49961164.00, 49961164.83, 6681.71, 4885.74, 5.94%
- Epoch 001, ExpID 17962
Train - Loss: 15203240.81
Val - Loss, MSE, RMSE, MAE, MAPE: 25295608.00, 25295608.00, 4985.43, 3738.45, 4.82%
Test - Best epoch, Loss, MSE, RMSE, MAE, MAPE: 1, 47007600.00, 47007599.33, 6458.04, 4761.15, 5.75%
- Epoch 002, ExpID 17962
Train - Loss: 13481609.29
Val - Loss, MSE, RMSE, MAE, MAPE: 26568822.00, 26568821.00, 5108.78, 3791.90, 4.82%
Test - Best epoch, Loss, MSE, RMSE, MAE, MAPE: 1, 47007600.00, 47007599.33, 6458.04, 4761.15, 5.75%
- Epoch 003, ExpID 17962
Train - Loss: 12211679.65
Val - Loss, MSE, RMSE, MAE, MAPE: 23846742.00, 23846740.67, 4848.83, 3574.20, 4.58%
Test - Best epoch, Loss, MSE, RMSE, MAE, MAPE: 3, 47026568.00, 47026562.67, 6414.47, 4639.84, 5.59%
- Epoch 004, ExpID 17962
Train - Loss: 11189457.96
Val - Loss, MSE, RMSE, MAE, MAPE: 25077726.00, 25077725.00, 4927.78, 3633.90, 4.66%
Test - Best epoch, Loss, MSE, RMSE, MAE, MAPE: 3, 47026568.00, 47026562.67, 6414.47, 4639.84, 5.59%
- Epoch 005, ExpID 17962
Train - Loss: 9914125.70
Val - Loss, MSE, RMSE, MAE, MAPE: 22705716.00, 22705713.33, 4727.61, 3442.35, 4.43%
Test - Best epoch, Loss, MSE, RMSE, MAE, MAPE: 5, 41820944.00, 41820943.67, 6136.88, 4419.22, 5.31%
- Epoch 006, ExpID 17962
Train - Loss: 9181955.67
Val - Loss, MSE, RMSE, MAE, MAPE: 24054476.00, 24054474.67, 4859.18, 3496.93, 4.45%
Test - Best epoch, Loss, MSE, RMSE, MAE, MAPE: 5, 41820944.00, 41820943.67, 6136.88, 4419.22, 5.31%
- Epoch 007, ExpID 17962
Train - Loss: 8427286.31
Val - Loss, MSE, RMSE, MAE, MAPE: 23514572.00, 23514569.17, 4779.94, 3490.26, 4.50%
Test - Best epoch, Loss, MSE, RMSE, MAE, MAPE: 5, 41820944.00, 41820943.67, 6136.88, 4419.22, 5.31%
- Epoch 008, ExpID 17962
Train - Loss: 7497338.50
Val - Loss, MSE, RMSE, MAE, MAPE: 24786974.00, 24786973.00, 4935.49, 3609.88, 4.61%
Test - Best epoch, Loss, MSE, RMSE, MAE, MAPE: 5, 41820944.00, 41820943.67, 6136.88, 4419.22, 5.31%
- Epoch 009, ExpID 17962
Train - Loss: 6869158.00
Val - Loss, MSE, RMSE, MAE, MAPE: 23752872.00, 23752871.83, 4803.82, 3501.64, 4.54%
Test - Best epoch, Loss, MSE, RMSE, MAE, MAPE: 5, 41820944.00, 41820943.67, 6136.88, 4419.22, 5.31%
- Epoch 010, ExpID 17962
Train - Loss: 6089833.81
Val - Loss, MSE, RMSE, MAE, MAPE: 23338374.00, 23338371.67, 4792.97, 3567.55, 4.58%
Test - Best epoch, Loss, MSE, RMSE, MAE, MAPE: 5, 41820944.00, 41820943.67, 6136.88, 4419.22, 5.31%
- Epoch 011, ExpID 17962
Train - Loss: 5443137.81
Val - Loss, MSE, RMSE, MAE, MAPE: 23046540.00, 23046538.50, 4755.07, 3516.60, 4.52%
Test - Best epoch, Loss, MSE, RMSE, MAE, MAPE: 5, 41820944.00, 41820943.67, 6136.88, 4419.22, 5.31%
- Epoch 012, ExpID 17962
Train - Loss: 4835950.92
Val - Loss, MSE, RMSE, MAE, MAPE: 25482584.00, 25482584.33, 4998.77, 3695.73, 4.74%
Test - Best epoch, Loss, MSE, RMSE, MAE, MAPE: 5, 41820944.00, 41820943.67, 6136.88, 4419.22, 5.31%
- Epoch 013, ExpID 17962
Train - Loss: 4432183.50
Val - Loss, MSE, RMSE, MAE, MAPE: 24474672.00, 24474672.67, 4893.47, 3614.61, 4.61%
Test - Best epoch, Loss, MSE, RMSE, MAE, MAPE: 5, 41820944.00, 41820943.67, 6136.88, 4419.22, 5.31%
- Epoch 014, ExpID 17962
Train - Loss: 4008224.89
Val - Loss, MSE, RMSE, MAE, MAPE: 24071422.00, 24071422.67, 4854.72, 3567.99, 4.58%
Test - Best epoch, Loss, MSE, RMSE, MAE, MAPE: 5, 41820944.00, 41820943.67, 6136.88, 4419.22, 5.31%
- Epoch 015, ExpID 17962
Train - Loss: 3680420.12
Val - Loss, MSE, RMSE, MAE, MAPE: 23892124.00, 23892122.33, 4856.93, 3584.59, 4.61%
Test - Best epoch, Loss, MSE, RMSE, MAE, MAPE: 5, 41820944.00, 41820943.67, 6136.88, 4419.22, 5.31%
Early Stopping at Epoch 15
Fold 2017 Best RMSE: 6136.8790

-------------------- [Fold: 2018] ExpID: 85943 --------------------
- Epoch 000, ExpID 85943
Train - Loss: 22471602.39
Val - Loss, MSE, RMSE, MAE, MAPE: 46476392.00, 46476388.67, 6449.95, 4618.71, 5.56%
Test - Best epoch, Loss, MSE, RMSE, MAE, MAPE: 0, 38255740.00, 38255738.67, 6067.62, 4587.15, 4.95%
- Epoch 001, ExpID 85943
Train - Loss: 16284153.40
Val - Loss, MSE, RMSE, MAE, MAPE: 46630828.00, 46630830.00, 6439.64, 4677.12, 5.59%
Test - Best epoch, Loss, MSE, RMSE, MAE, MAPE: 0, 38255740.00, 38255738.67, 6067.62, 4587.15, 4.95%
- Epoch 002, ExpID 85943
Train - Loss: 13948319.44
Val - Loss, MSE, RMSE, MAE, MAPE: 45438664.00, 45438660.67, 6350.34, 4537.51, 5.52%
Test - Best epoch, Loss, MSE, RMSE, MAE, MAPE: 2, 33916224.00, 33916219.33, 5732.54, 4349.12, 4.76%
- Epoch 003, ExpID 85943
Train - Loss: 12523776.87
Val - Loss, MSE, RMSE, MAE, MAPE: 42783476.00, 42783475.00, 6140.41, 4511.99, 5.43%
Test - Best epoch, Loss, MSE, RMSE, MAE, MAPE: 3, 32889320.00, 32889319.00, 5662.61, 4289.88, 4.65%
- Epoch 004, ExpID 85943
Train - Loss: 11435335.01
Val - Loss, MSE, RMSE, MAE, MAPE: 43188860.00, 43188859.83, 6225.97, 4575.84, 5.44%
Test - Best epoch, Loss, MSE, RMSE, MAE, MAPE: 3, 32889320.00, 32889319.00, 5662.61, 4289.88, 4.65%
- Epoch 005, ExpID 85943
Train - Loss: 10136307.21
Val - Loss, MSE, RMSE, MAE, MAPE: 46283472.00, 46283471.33, 6489.55, 4789.85, 5.70%
Test - Best epoch, Loss, MSE, RMSE, MAE, MAPE: 3, 32889320.00, 32889319.00, 5662.61, 4289.88, 4.65%
- Epoch 006, ExpID 85943
Train - Loss: 9283187.69
Val - Loss, MSE, RMSE, MAE, MAPE: 42122776.00, 42122773.67, 6142.41, 4487.34, 5.34%
Test - Best epoch, Loss, MSE, RMSE, MAE, MAPE: 6, 32680334.00, 32680333.00, 5570.99, 4201.89, 4.54%
- Epoch 007, ExpID 85943
Train - Loss: 8285666.56
Val - Loss, MSE, RMSE, MAE, MAPE: 43209680.00, 43209678.67, 6274.70, 4632.70, 5.51%
Test - Best epoch, Loss, MSE, RMSE, MAE, MAPE: 6, 32680334.00, 32680333.00, 5570.99, 4201.89, 4.54%
- Epoch 008, ExpID 85943
Train - Loss: 7500515.11
Val - Loss, MSE, RMSE, MAE, MAPE: 47571104.00, 47571105.00, 6544.53, 4825.80, 5.76%
Test - Best epoch, Loss, MSE, RMSE, MAE, MAPE: 6, 32680334.00, 32680333.00, 5570.99, 4201.89, 4.54%
- Epoch 009, ExpID 85943
Train - Loss: 6849681.38
Val - Loss, MSE, RMSE, MAE, MAPE: 46445896.00, 46445893.33, 6501.94, 4845.74, 5.75%
Test - Best epoch, Loss, MSE, RMSE, MAE, MAPE: 6, 32680334.00, 32680333.00, 5570.99, 4201.89, 4.54%
- Epoch 010, ExpID 85943
Train - Loss: 6438449.36
Val - Loss, MSE, RMSE, MAE, MAPE: 43144568.00, 43144566.50, 6271.72, 4635.85, 5.54%
Test - Best epoch, Loss, MSE, RMSE, MAE, MAPE: 6, 32680334.00, 32680333.00, 5570.99, 4201.89, 4.54%
- Epoch 011, ExpID 85943
Train - Loss: 5924537.20
Val - Loss, MSE, RMSE, MAE, MAPE: 45746028.00, 45746024.67, 6439.24, 4781.03, 5.71%
Test - Best epoch, Loss, MSE, RMSE, MAE, MAPE: 6, 32680334.00, 32680333.00, 5570.99, 4201.89, 4.54%
- Epoch 012, ExpID 85943
Train - Loss: 5565369.21
Val - Loss, MSE, RMSE, MAE, MAPE: 44979096.00, 44979092.67, 6394.02, 4724.38, 5.61%
Test - Best epoch, Loss, MSE, RMSE, MAE, MAPE: 6, 32680334.00, 32680333.00, 5570.99, 4201.89, 4.54%
- Epoch 013, ExpID 85943
Train - Loss: 5015016.62
Val - Loss, MSE, RMSE, MAE, MAPE: 47779116.00, 47779116.00, 6585.37, 4870.61, 5.81%
Test - Best epoch, Loss, MSE, RMSE, MAE, MAPE: 6, 32680334.00, 32680333.00, 5570.99, 4201.89, 4.54%
- Epoch 014, ExpID 85943
Train - Loss: 4443935.34
Val - Loss, MSE, RMSE, MAE, MAPE: 44409336.00, 44409335.50, 6373.12, 4669.33, 5.55%
Test - Best epoch, Loss, MSE, RMSE, MAE, MAPE: 6, 32680334.00, 32680333.00, 5570.99, 4201.89, 4.54%
- Epoch 015, ExpID 85943
Train - Loss: 4009533.68
Val - Loss, MSE, RMSE, MAE, MAPE: 44836760.00, 44836759.00, 6404.70, 4775.23, 5.67%
Test - Best epoch, Loss, MSE, RMSE, MAE, MAPE: 6, 32680334.00, 32680333.00, 5570.99, 4201.89, 4.54%
- Epoch 016, ExpID 85943
Train - Loss: 3540018.81
Val - Loss, MSE, RMSE, MAE, MAPE: 45458776.00, 45458774.00, 6467.23, 4744.96, 5.66%
Test - Best epoch, Loss, MSE, RMSE, MAE, MAPE: 6, 32680334.00, 32680333.00, 5570.99, 4201.89, 4.54%
Early Stopping at Epoch 16
Fold 2018 Best RMSE: 5570.9852

-------------------- [Fold: 2019] ExpID: 47548 --------------------
- Epoch 000, ExpID 47548
Train - Loss: 23621128.12
Val - Loss, MSE, RMSE, MAE, MAPE: 39161340.00, 39161341.33, 6146.52, 4667.10, 5.07%
Test - Best epoch, Loss, MSE, RMSE, MAE, MAPE: 0, 44689104.00, 44689102.67, 6523.06, 4731.22, 5.01%
- Epoch 001, ExpID 47548
Train - Loss: 17853831.96
Val - Loss, MSE, RMSE, MAE, MAPE: 39252924.00, 39252924.33, 6171.94, 4740.39, 5.21%
Test - Best epoch, Loss, MSE, RMSE, MAE, MAPE: 0, 44689104.00, 44689102.67, 6523.06, 4731.22, 5.01%
- Epoch 002, ExpID 47548
Train - Loss: 15391426.54
Val - Loss, MSE, RMSE, MAE, MAPE: 34825088.00, 34825085.67, 5817.25, 4428.49, 4.82%
Test - Best epoch, Loss, MSE, RMSE, MAE, MAPE: 2, 38766320.00, 38766316.67, 6095.45, 4507.45, 4.75%
- Epoch 003, ExpID 47548
Train - Loss: 13902379.12
Val - Loss, MSE, RMSE, MAE, MAPE: 34481840.00, 34481839.33, 5749.72, 4324.16, 4.67%
Test - Best epoch, Loss, MSE, RMSE, MAE, MAPE: 3, 37185152.00, 37185149.67, 5966.43, 4373.11, 4.60%
- Epoch 004, ExpID 47548
Train - Loss: 12387826.31
Val - Loss, MSE, RMSE, MAE, MAPE: 33559588.00, 33559586.33, 5644.36, 4259.52, 4.61%
Test - Best epoch, Loss, MSE, RMSE, MAE, MAPE: 4, 34603804.00, 34603804.67, 5748.98, 4230.67, 4.45%
- Epoch 005, ExpID 47548
Train - Loss: 11138336.79
Val - Loss, MSE, RMSE, MAE, MAPE: 37017528.00, 37017522.33, 5931.78, 4422.89, 4.73%
Test - Best epoch, Loss, MSE, RMSE, MAE, MAPE: 4, 34603804.00, 34603804.67, 5748.98, 4230.67, 4.45%
- Epoch 006, ExpID 47548
Train - Loss: 10235761.03
Val - Loss, MSE, RMSE, MAE, MAPE: 35312820.00, 35312816.00, 5820.45, 4388.97, 4.74%
Test - Best epoch, Loss, MSE, RMSE, MAE, MAPE: 4, 34603804.00, 34603804.67, 5748.98, 4230.67, 4.45%
- Epoch 007, ExpID 47548
Train - Loss: 8945073.27
Val - Loss, MSE, RMSE, MAE, MAPE: 34125792.00, 34125793.00, 5707.82, 4242.27, 4.61%
Test - Best epoch, Loss, MSE, RMSE, MAE, MAPE: 4, 34603804.00, 34603804.67, 5748.98, 4230.67, 4.45%
- Epoch 008, ExpID 47548
Train - Loss: 8369828.46
Val - Loss, MSE, RMSE, MAE, MAPE: 36449912.00, 36449911.67, 5903.58, 4450.19, 4.83%
Test - Best epoch, Loss, MSE, RMSE, MAE, MAPE: 4, 34603804.00, 34603804.67, 5748.98, 4230.67, 4.45%
- Epoch 009, ExpID 47548
Train - Loss: 7380859.51
Val - Loss, MSE, RMSE, MAE, MAPE: 36305288.00, 36305289.00, 5876.69, 4360.93, 4.73%
Test - Best epoch, Loss, MSE, RMSE, MAE, MAPE: 4, 34603804.00, 34603804.67, 5748.98, 4230.67, 4.45%
- Epoch 010, ExpID 47548
Train - Loss: 6699359.60
Val - Loss, MSE, RMSE, MAE, MAPE: 36062848.00, 36062849.00, 5868.05, 4409.32, 4.77%
Test - Best epoch, Loss, MSE, RMSE, MAE, MAPE: 4, 34603804.00, 34603804.67, 5748.98, 4230.67, 4.45%
- Epoch 011, ExpID 47548
Train - Loss: 6076687.01
Val - Loss, MSE, RMSE, MAE, MAPE: 38705684.00, 38705684.67, 6082.42, 4543.08, 4.91%
Test - Best epoch, Loss, MSE, RMSE, MAE, MAPE: 4, 34603804.00, 34603804.67, 5748.98, 4230.67, 4.45%
- Epoch 012, ExpID 47548
Train - Loss: 5726030.80
Val - Loss, MSE, RMSE, MAE, MAPE: 37797648.00, 37797647.00, 5994.90, 4484.74, 4.85%
Test - Best epoch, Loss, MSE, RMSE, MAE, MAPE: 4, 34603804.00, 34603804.67, 5748.98, 4230.67, 4.45%
- Epoch 013, ExpID 47548
Train - Loss: 5147198.51
Val - Loss, MSE, RMSE, MAE, MAPE: 37394156.00, 37394154.67, 5960.71, 4478.20, 4.86%
Test - Best epoch, Loss, MSE, RMSE, MAE, MAPE: 4, 34603804.00, 34603804.67, 5748.98, 4230.67, 4.45%
- Epoch 014, ExpID 47548
Train - Loss: 4699333.94
Val - Loss, MSE, RMSE, MAE, MAPE: 38593156.00, 38593153.67, 6067.18, 4594.64, 4.95%
Test - Best epoch, Loss, MSE, RMSE, MAE, MAPE: 4, 34603804.00, 34603804.67, 5748.98, 4230.67, 4.45%
Early Stopping at Epoch 14
Fold 2019 Best RMSE: 5748.9786
