DETAILED LOG | Model: nbeats | Seed: 1
FULL CONFIG: {'gpu': '3', 'target': 'departure', 'cv_start_year': 2017, 'cv_end_year': 2019, 'test_year': 2024, 'use_corona': False, 'seq_len': 91, 'label_len': 0, 'pred_len': 1, 'batch_size': 64, 'epochs': 1000, 'patience': 10, 'lr': 0.001, 'model': 'nbeats', 'd_model': 512, 'n_heads': 4, 'n_layers': 3, 'dropout': 0.1, 'activation': 'gelu', 'patch_len': 16, 'factor': 5, 'norm_mode': 'revin', 'use_dbloss': False, 'device': device(type='cuda'), 'stride': 16, 'file_path': 'dataset/airport_daily_flight_merged.csv', 'seed': 1, 'val_year': 2019, 'ndims': 1}

-------------------- [Fold: 2017] ExpID: 45967 --------------------
- Epoch 000, ExpID 45967
Train - Loss: 10754783.86
Val - Loss, MSE, RMSE, MAE, MAPE: 12366622.00, 12366620.92, 3454.10, 2546.57, 3.25%
Test - Best epoch, Loss, MSE, RMSE, MAE, MAPE: 0, 21583456.00, 21583454.50, 4433.30, 3088.48, 3.68%
- Epoch 001, ExpID 45967
Train - Loss: 7776751.79
Val - Loss, MSE, RMSE, MAE, MAPE: 11244172.00, 11244172.08, 3298.78, 2398.86, 3.10%
Test - Best epoch, Loss, MSE, RMSE, MAE, MAPE: 1, 22400140.00, 22400138.42, 4493.04, 3082.41, 3.70%
- Epoch 002, ExpID 45967
Train - Loss: 6957716.73
Val - Loss, MSE, RMSE, MAE, MAPE: 10819666.00, 10819665.42, 3244.81, 2438.68, 3.11%
Test - Best epoch, Loss, MSE, RMSE, MAE, MAPE: 2, 22764028.00, 22764026.83, 4582.85, 3306.82, 3.93%
- Epoch 003, ExpID 45967
Train - Loss: 6103576.79
Val - Loss, MSE, RMSE, MAE, MAPE: 10436842.00, 10436841.25, 3168.91, 2301.45, 2.96%
Test - Best epoch, Loss, MSE, RMSE, MAE, MAPE: 3, 20488496.00, 20488495.08, 4277.06, 2999.48, 3.60%
- Epoch 004, ExpID 45967
Train - Loss: 5276624.16
Val - Loss, MSE, RMSE, MAE, MAPE: 11172946.00, 11172945.17, 3308.92, 2404.46, 3.04%
Test - Best epoch, Loss, MSE, RMSE, MAE, MAPE: 3, 20488496.00, 20488495.08, 4277.06, 2999.48, 3.60%
- Epoch 005, ExpID 45967
Train - Loss: 4527199.40
Val - Loss, MSE, RMSE, MAE, MAPE: 9971698.00, 9971697.08, 3135.69, 2358.20, 2.99%
Test - Best epoch, Loss, MSE, RMSE, MAE, MAPE: 5, 25631140.00, 25631138.67, 4770.47, 3457.99, 4.10%
- Epoch 006, ExpID 45967
Train - Loss: 3993324.81
Val - Loss, MSE, RMSE, MAE, MAPE: 10689437.00, 10689436.83, 3220.46, 2464.74, 3.15%
Test - Best epoch, Loss, MSE, RMSE, MAE, MAPE: 5, 25631140.00, 25631138.67, 4770.47, 3457.99, 4.10%
- Epoch 007, ExpID 45967
Train - Loss: 3803799.24
Val - Loss, MSE, RMSE, MAE, MAPE: 11228404.00, 11228403.67, 3288.05, 2465.19, 3.14%
Test - Best epoch, Loss, MSE, RMSE, MAE, MAPE: 5, 25631140.00, 25631138.67, 4770.47, 3457.99, 4.10%
- Epoch 008, ExpID 45967
Train - Loss: 3033176.57
Val - Loss, MSE, RMSE, MAE, MAPE: 9690991.00, 9690991.58, 3091.74, 2322.34, 2.97%
Test - Best epoch, Loss, MSE, RMSE, MAE, MAPE: 8, 24933174.00, 24933175.33, 4786.11, 3370.40, 4.03%
- Epoch 009, ExpID 45967
Train - Loss: 2316142.37
Val - Loss, MSE, RMSE, MAE, MAPE: 10019604.00, 10019603.58, 3138.53, 2335.80, 2.98%
Test - Best epoch, Loss, MSE, RMSE, MAE, MAPE: 8, 24933174.00, 24933175.33, 4786.11, 3370.40, 4.03%
- Epoch 010, ExpID 45967
Train - Loss: 1769443.97
Val - Loss, MSE, RMSE, MAE, MAPE: 10894096.00, 10894095.17, 3267.60, 2425.99, 3.09%
Test - Best epoch, Loss, MSE, RMSE, MAE, MAPE: 8, 24933174.00, 24933175.33, 4786.11, 3370.40, 4.03%
- Epoch 011, ExpID 45967
Train - Loss: 1292519.48
Val - Loss, MSE, RMSE, MAE, MAPE: 9881994.00, 9881993.50, 3103.13, 2321.29, 2.99%
Test - Best epoch, Loss, MSE, RMSE, MAE, MAPE: 8, 24933174.00, 24933175.33, 4786.11, 3370.40, 4.03%
- Epoch 012, ExpID 45967
Train - Loss: 1161894.83
Val - Loss, MSE, RMSE, MAE, MAPE: 10545637.00, 10545636.67, 3221.91, 2416.98, 3.07%
Test - Best epoch, Loss, MSE, RMSE, MAE, MAPE: 8, 24933174.00, 24933175.33, 4786.11, 3370.40, 4.03%
- Epoch 013, ExpID 45967
Train - Loss: 1297580.05
Val - Loss, MSE, RMSE, MAE, MAPE: 11361734.00, 11361733.67, 3337.91, 2504.08, 3.20%
Test - Best epoch, Loss, MSE, RMSE, MAE, MAPE: 8, 24933174.00, 24933175.33, 4786.11, 3370.40, 4.03%
- Epoch 014, ExpID 45967
Train - Loss: 1079129.47
Val - Loss, MSE, RMSE, MAE, MAPE: 9296963.00, 9296962.67, 3004.66, 2235.14, 2.87%
Test - Best epoch, Loss, MSE, RMSE, MAE, MAPE: 14, 23849926.00, 23849924.00, 4697.92, 3260.60, 3.90%
- Epoch 015, ExpID 45967
Train - Loss: 960252.92
Val - Loss, MSE, RMSE, MAE, MAPE: 9392553.00, 9392551.83, 3036.86, 2288.24, 2.93%
Test - Best epoch, Loss, MSE, RMSE, MAE, MAPE: 14, 23849926.00, 23849924.00, 4697.92, 3260.60, 3.90%
- Epoch 016, ExpID 45967
Train - Loss: 922893.41
Val - Loss, MSE, RMSE, MAE, MAPE: 10682483.00, 10682482.50, 3235.98, 2415.45, 3.11%
Test - Best epoch, Loss, MSE, RMSE, MAE, MAPE: 14, 23849926.00, 23849924.00, 4697.92, 3260.60, 3.90%
- Epoch 017, ExpID 45967
Train - Loss: 1265572.46
Val - Loss, MSE, RMSE, MAE, MAPE: 10532940.00, 10532938.92, 3212.01, 2371.83, 3.03%
Test - Best epoch, Loss, MSE, RMSE, MAE, MAPE: 14, 23849926.00, 23849924.00, 4697.92, 3260.60, 3.90%
- Epoch 018, ExpID 45967
Train - Loss: 977394.36
Val - Loss, MSE, RMSE, MAE, MAPE: 10185988.00, 10185988.58, 3158.54, 2337.57, 2.98%
Test - Best epoch, Loss, MSE, RMSE, MAE, MAPE: 14, 23849926.00, 23849924.00, 4697.92, 3260.60, 3.90%
- Epoch 019, ExpID 45967
Train - Loss: 877378.17
Val - Loss, MSE, RMSE, MAE, MAPE: 9515202.00, 9515201.00, 3075.09, 2307.59, 2.95%
Test - Best epoch, Loss, MSE, RMSE, MAE, MAPE: 14, 23849926.00, 23849924.00, 4697.92, 3260.60, 3.90%
- Epoch 020, ExpID 45967
Train - Loss: 778760.43
Val - Loss, MSE, RMSE, MAE, MAPE: 9181682.00, 9181681.42, 2992.22, 2239.75, 2.86%
Test - Best epoch, Loss, MSE, RMSE, MAE, MAPE: 20, 23250150.00, 23250150.92, 4586.30, 3255.37, 3.92%
- Epoch 021, ExpID 45967
Train - Loss: 703603.45
Val - Loss, MSE, RMSE, MAE, MAPE: 9376088.00, 9376087.08, 3046.94, 2292.03, 2.93%
Test - Best epoch, Loss, MSE, RMSE, MAE, MAPE: 20, 23250150.00, 23250150.92, 4586.30, 3255.37, 3.92%
- Epoch 022, ExpID 45967
Train - Loss: 707626.75
Val - Loss, MSE, RMSE, MAE, MAPE: 9848296.00, 9848295.33, 3116.75, 2297.11, 2.92%
Test - Best epoch, Loss, MSE, RMSE, MAE, MAPE: 20, 23250150.00, 23250150.92, 4586.30, 3255.37, 3.92%
- Epoch 023, ExpID 45967
Train - Loss: 842429.77
Val - Loss, MSE, RMSE, MAE, MAPE: 9298167.00, 9298166.83, 3018.13, 2213.00, 2.84%
Test - Best epoch, Loss, MSE, RMSE, MAE, MAPE: 20, 23250150.00, 23250150.92, 4586.30, 3255.37, 3.92%
- Epoch 024, ExpID 45967
Train - Loss: 596274.23
Val - Loss, MSE, RMSE, MAE, MAPE: 10164197.00, 10164196.83, 3159.29, 2310.10, 2.94%
Test - Best epoch, Loss, MSE, RMSE, MAE, MAPE: 20, 23250150.00, 23250150.92, 4586.30, 3255.37, 3.92%
- Epoch 025, ExpID 45967
Train - Loss: 428619.85
Val - Loss, MSE, RMSE, MAE, MAPE: 9585470.00, 9585469.17, 3059.85, 2279.51, 2.92%
Test - Best epoch, Loss, MSE, RMSE, MAE, MAPE: 20, 23250150.00, 23250150.92, 4586.30, 3255.37, 3.92%
- Epoch 026, ExpID 45967
Train - Loss: 446242.98
Val - Loss, MSE, RMSE, MAE, MAPE: 9610427.00, 9610426.33, 3073.27, 2261.92, 2.88%
Test - Best epoch, Loss, MSE, RMSE, MAE, MAPE: 20, 23250150.00, 23250150.92, 4586.30, 3255.37, 3.92%
- Epoch 027, ExpID 45967
Train - Loss: 965751.53
Val - Loss, MSE, RMSE, MAE, MAPE: 10676200.00, 10676199.17, 3236.74, 2393.85, 3.06%
Test - Best epoch, Loss, MSE, RMSE, MAE, MAPE: 20, 23250150.00, 23250150.92, 4586.30, 3255.37, 3.92%
- Epoch 028, ExpID 45967
Train - Loss: 1448081.01
Val - Loss, MSE, RMSE, MAE, MAPE: 10302191.00, 10302190.58, 3179.54, 2304.54, 2.96%
Test - Best epoch, Loss, MSE, RMSE, MAE, MAPE: 20, 23250150.00, 23250150.92, 4586.30, 3255.37, 3.92%
- Epoch 029, ExpID 45967
Train - Loss: 976298.01
Val - Loss, MSE, RMSE, MAE, MAPE: 12625214.00, 12625213.67, 3527.65, 2658.81, 3.41%
Test - Best epoch, Loss, MSE, RMSE, MAE, MAPE: 20, 23250150.00, 23250150.92, 4586.30, 3255.37, 3.92%
- Epoch 030, ExpID 45967
Train - Loss: 814468.83
Val - Loss, MSE, RMSE, MAE, MAPE: 12353696.00, 12353696.50, 3486.52, 2491.71, 3.19%
Test - Best epoch, Loss, MSE, RMSE, MAE, MAPE: 20, 23250150.00, 23250150.92, 4586.30, 3255.37, 3.92%
Early Stopping at Epoch 30
Fold 2017 Best RMSE: 4586.2967

-------------------- [Fold: 2018] ExpID: 11818 --------------------
- Epoch 000, ExpID 11818
Train - Loss: 10530674.08
Val - Loss, MSE, RMSE, MAE, MAPE: 20998052.00, 20998050.42, 4374.31, 3112.98, 3.68%
Test - Best epoch, Loss, MSE, RMSE, MAE, MAPE: 0, 16396200.00, 16396200.83, 3998.43, 2939.14, 3.16%
- Epoch 001, ExpID 11818
Train - Loss: 8156061.43
Val - Loss, MSE, RMSE, MAE, MAPE: 20910252.00, 20910250.92, 4350.70, 3132.18, 3.70%
Test - Best epoch, Loss, MSE, RMSE, MAE, MAPE: 1, 15431367.00, 15431367.33, 3886.87, 2954.46, 3.19%
- Epoch 002, ExpID 11818
Train - Loss: 7261693.43
Val - Loss, MSE, RMSE, MAE, MAPE: 23291496.00, 23291496.92, 4574.66, 3237.16, 3.89%
Test - Best epoch, Loss, MSE, RMSE, MAE, MAPE: 1, 15431367.00, 15431367.33, 3886.87, 2954.46, 3.19%
- Epoch 003, ExpID 11818
Train - Loss: 6314663.90
Val - Loss, MSE, RMSE, MAE, MAPE: 24359884.00, 24359882.25, 4656.61, 3380.14, 3.99%
Test - Best epoch, Loss, MSE, RMSE, MAE, MAPE: 1, 15431367.00, 15431367.33, 3886.87, 2954.46, 3.19%
- Epoch 004, ExpID 11818
Train - Loss: 5537593.77
Val - Loss, MSE, RMSE, MAE, MAPE: 24130632.00, 24130632.33, 4643.81, 3339.10, 3.97%
Test - Best epoch, Loss, MSE, RMSE, MAE, MAPE: 1, 15431367.00, 15431367.33, 3886.87, 2954.46, 3.19%
- Epoch 005, ExpID 11818
Train - Loss: 4838499.77
Val - Loss, MSE, RMSE, MAE, MAPE: 21926902.00, 21926900.83, 4428.23, 3173.57, 3.82%
Test - Best epoch, Loss, MSE, RMSE, MAE, MAPE: 1, 15431367.00, 15431367.33, 3886.87, 2954.46, 3.19%
- Epoch 006, ExpID 11818
Train - Loss: 3876735.63
Val - Loss, MSE, RMSE, MAE, MAPE: 26233776.00, 26233778.00, 4880.47, 3371.35, 4.07%
Test - Best epoch, Loss, MSE, RMSE, MAE, MAPE: 1, 15431367.00, 15431367.33, 3886.87, 2954.46, 3.19%
- Epoch 007, ExpID 11818
Train - Loss: 3259743.82
Val - Loss, MSE, RMSE, MAE, MAPE: 25024312.00, 25024310.08, 4686.09, 3422.04, 4.06%
Test - Best epoch, Loss, MSE, RMSE, MAE, MAPE: 1, 15431367.00, 15431367.33, 3886.87, 2954.46, 3.19%
- Epoch 008, ExpID 11818
Train - Loss: 3116637.42
Val - Loss, MSE, RMSE, MAE, MAPE: 25732724.00, 25732723.33, 4889.96, 3598.59, 4.29%
Test - Best epoch, Loss, MSE, RMSE, MAE, MAPE: 1, 15431367.00, 15431367.33, 3886.87, 2954.46, 3.19%
- Epoch 009, ExpID 11818
Train - Loss: 2369142.05
Val - Loss, MSE, RMSE, MAE, MAPE: 24601974.00, 24601973.92, 4684.57, 3413.95, 4.10%
Test - Best epoch, Loss, MSE, RMSE, MAE, MAPE: 1, 15431367.00, 15431367.33, 3886.87, 2954.46, 3.19%
- Epoch 010, ExpID 11818
Train - Loss: 2137816.92
Val - Loss, MSE, RMSE, MAE, MAPE: 26063016.00, 26063016.00, 4886.79, 3548.88, 4.25%
Test - Best epoch, Loss, MSE, RMSE, MAE, MAPE: 1, 15431367.00, 15431367.33, 3886.87, 2954.46, 3.19%
- Epoch 011, ExpID 11818
Train - Loss: 1866207.95
Val - Loss, MSE, RMSE, MAE, MAPE: 24899004.00, 24899003.00, 4739.27, 3383.20, 4.08%
Test - Best epoch, Loss, MSE, RMSE, MAE, MAPE: 1, 15431367.00, 15431367.33, 3886.87, 2954.46, 3.19%
Early Stopping at Epoch 11
Fold 2018 Best RMSE: 3886.8685

-------------------- [Fold: 2019] ExpID: 71636 --------------------
- Epoch 000, ExpID 71636
Train - Loss: 10913660.51
Val - Loss, MSE, RMSE, MAE, MAPE: 16379560.00, 16379560.00, 3982.45, 2970.85, 3.22%
Test - Best epoch, Loss, MSE, RMSE, MAE, MAPE: 0, 20736992.00, 20736991.33, 4409.55, 3084.22, 3.24%
- Epoch 001, ExpID 71636
Train - Loss: 8742165.03
Val - Loss, MSE, RMSE, MAE, MAPE: 20435070.00, 20435070.00, 4457.64, 3369.47, 3.62%
Test - Best epoch, Loss, MSE, RMSE, MAE, MAPE: 0, 20736992.00, 20736991.33, 4409.55, 3084.22, 3.24%
- Epoch 002, ExpID 71636
Train - Loss: 7935618.03
Val - Loss, MSE, RMSE, MAE, MAPE: 19105720.00, 19105719.17, 4265.41, 3183.72, 3.42%
Test - Best epoch, Loss, MSE, RMSE, MAE, MAPE: 0, 20736992.00, 20736991.33, 4409.55, 3084.22, 3.24%
- Epoch 003, ExpID 71636
Train - Loss: 6660488.97
Val - Loss, MSE, RMSE, MAE, MAPE: 17625582.00, 17625581.67, 4147.49, 3075.55, 3.34%
Test - Best epoch, Loss, MSE, RMSE, MAE, MAPE: 0, 20736992.00, 20736991.33, 4409.55, 3084.22, 3.24%
- Epoch 004, ExpID 71636
Train - Loss: 6086010.15
Val - Loss, MSE, RMSE, MAE, MAPE: 15955430.00, 15955429.83, 3932.68, 3000.80, 3.26%
Test - Best epoch, Loss, MSE, RMSE, MAE, MAPE: 4, 22507208.00, 22507207.17, 4593.78, 3259.11, 3.44%
- Epoch 005, ExpID 71636
Train - Loss: 5125188.61
Val - Loss, MSE, RMSE, MAE, MAPE: 16015464.00, 16015463.67, 3950.67, 3025.76, 3.27%
Test - Best epoch, Loss, MSE, RMSE, MAE, MAPE: 4, 22507208.00, 22507207.17, 4593.78, 3259.11, 3.44%
- Epoch 006, ExpID 71636
Train - Loss: 4532894.48
Val - Loss, MSE, RMSE, MAE, MAPE: 13984532.00, 13984532.75, 3658.39, 2706.85, 2.94%
Test - Best epoch, Loss, MSE, RMSE, MAE, MAPE: 6, 19029916.00, 19029915.83, 4199.86, 3029.85, 3.18%
- Epoch 007, ExpID 71636
Train - Loss: 4010950.34
Val - Loss, MSE, RMSE, MAE, MAPE: 20175982.00, 20175980.67, 4434.95, 3268.53, 3.57%
Test - Best epoch, Loss, MSE, RMSE, MAE, MAPE: 6, 19029916.00, 19029915.83, 4199.86, 3029.85, 3.18%
- Epoch 008, ExpID 71636
Train - Loss: 3493931.19
Val - Loss, MSE, RMSE, MAE, MAPE: 15954236.00, 15954235.25, 3886.98, 2860.14, 3.11%
Test - Best epoch, Loss, MSE, RMSE, MAE, MAPE: 6, 19029916.00, 19029915.83, 4199.86, 3029.85, 3.18%
- Epoch 009, ExpID 71636
Train - Loss: 2640066.48
Val - Loss, MSE, RMSE, MAE, MAPE: 17641236.00, 17641234.50, 4106.14, 3039.88, 3.27%
Test - Best epoch, Loss, MSE, RMSE, MAE, MAPE: 6, 19029916.00, 19029915.83, 4199.86, 3029.85, 3.18%
- Epoch 010, ExpID 71636
Train - Loss: 2971089.85
Val - Loss, MSE, RMSE, MAE, MAPE: 16250840.00, 16250839.33, 3985.51, 3013.76, 3.27%
Test - Best epoch, Loss, MSE, RMSE, MAE, MAPE: 6, 19029916.00, 19029915.83, 4199.86, 3029.85, 3.18%
- Epoch 011, ExpID 71636
Train - Loss: 2432346.89
Val - Loss, MSE, RMSE, MAE, MAPE: 16950508.00, 16950506.00, 4054.97, 3060.77, 3.31%
Test - Best epoch, Loss, MSE, RMSE, MAE, MAPE: 6, 19029916.00, 19029915.83, 4199.86, 3029.85, 3.18%
- Epoch 012, ExpID 71636
Train - Loss: 1959813.44
Val - Loss, MSE, RMSE, MAE, MAPE: 15757566.00, 15757564.83, 3919.90, 2868.87, 3.11%
Test - Best epoch, Loss, MSE, RMSE, MAE, MAPE: 6, 19029916.00, 19029915.83, 4199.86, 3029.85, 3.18%
- Epoch 013, ExpID 71636
Train - Loss: 1790483.57
Val - Loss, MSE, RMSE, MAE, MAPE: 15326620.00, 15326620.67, 3843.11, 2840.23, 3.08%
Test - Best epoch, Loss, MSE, RMSE, MAE, MAPE: 6, 19029916.00, 19029915.83, 4199.86, 3029.85, 3.18%
- Epoch 014, ExpID 71636
Train - Loss: 1395031.48
Val - Loss, MSE, RMSE, MAE, MAPE: 15129423.00, 15129422.58, 3805.06, 2803.11, 3.04%
Test - Best epoch, Loss, MSE, RMSE, MAE, MAPE: 6, 19029916.00, 19029915.83, 4199.86, 3029.85, 3.18%
- Epoch 015, ExpID 71636
Train - Loss: 1138904.45
Val - Loss, MSE, RMSE, MAE, MAPE: 16960576.00, 16960573.33, 4069.05, 3029.99, 3.27%
Test - Best epoch, Loss, MSE, RMSE, MAE, MAPE: 6, 19029916.00, 19029915.83, 4199.86, 3029.85, 3.18%
- Epoch 016, ExpID 71636
Train - Loss: 1032703.93
Val - Loss, MSE, RMSE, MAE, MAPE: 17661180.00, 17661180.50, 4141.75, 2952.56, 3.20%
Test - Best epoch, Loss, MSE, RMSE, MAE, MAPE: 6, 19029916.00, 19029915.83, 4199.86, 3029.85, 3.18%
Early Stopping at Epoch 16
Fold 2019 Best RMSE: 4199.8569
