DETAILED LOG | Model: nbeats | Seed: 2
FULL CONFIG: {'gpu': '3', 'target': 'departure', 'cv_start_year': 2017, 'cv_end_year': 2019, 'test_year': 2024, 'use_corona': False, 'seq_len': 365, 'label_len': 0, 'pred_len': 1, 'batch_size': 64, 'epochs': 1000, 'patience': 10, 'lr': 0.001, 'model': 'nbeats', 'd_model': 512, 'n_heads': 4, 'n_layers': 1, 'dropout': 0.1, 'activation': 'gelu', 'patch_len': 16, 'factor': 5, 'norm_mode': 'revin', 'use_dbloss': False, 'device': device(type='cuda'), 'stride': 16, 'file_path': 'dataset/airport_daily_flight_merged.csv', 'seed': 2, 'val_year': 2019, 'ndims': 1}

-------------------- [Fold: 2017] ExpID: 23584 --------------------
- Epoch 000, ExpID 23584
Train - Loss: 10994416.58
Val - Loss, MSE, RMSE, MAE, MAPE: 13249148.00, 13249148.58, 3559.45, 2621.53, 3.37%
Test - Best epoch, Loss, MSE, RMSE, MAE, MAPE: 0, 20398376.00, 20398376.33, 4288.60, 2933.52, 3.54%
- Epoch 001, ExpID 23584
Train - Loss: 7419238.20
Val - Loss, MSE, RMSE, MAE, MAPE: 15320416.00, 15320415.67, 3817.71, 2912.00, 3.66%
Test - Best epoch, Loss, MSE, RMSE, MAE, MAPE: 0, 20398376.00, 20398376.33, 4288.60, 2933.52, 3.54%
- Epoch 002, ExpID 23584
Train - Loss: 6504265.16
Val - Loss, MSE, RMSE, MAE, MAPE: 13835158.00, 13835157.17, 3696.43, 2795.94, 3.56%
Test - Best epoch, Loss, MSE, RMSE, MAE, MAPE: 0, 20398376.00, 20398376.33, 4288.60, 2933.52, 3.54%
- Epoch 003, ExpID 23584
Train - Loss: 5616913.20
Val - Loss, MSE, RMSE, MAE, MAPE: 15699586.00, 15699585.83, 3916.02, 3037.23, 3.82%
Test - Best epoch, Loss, MSE, RMSE, MAE, MAPE: 0, 20398376.00, 20398376.33, 4288.60, 2933.52, 3.54%
- Epoch 004, ExpID 23584
Train - Loss: 4971223.83
Val - Loss, MSE, RMSE, MAE, MAPE: 16956636.00, 16956635.67, 4058.28, 3211.20, 4.04%
Test - Best epoch, Loss, MSE, RMSE, MAE, MAPE: 0, 20398376.00, 20398376.33, 4288.60, 2933.52, 3.54%
- Epoch 005, ExpID 23584
Train - Loss: 4316988.51
Val - Loss, MSE, RMSE, MAE, MAPE: 12633972.00, 12633972.25, 3507.13, 2567.79, 3.31%
Test - Best epoch, Loss, MSE, RMSE, MAE, MAPE: 5, 20604420.00, 20604419.33, 4305.52, 3050.78, 3.61%
- Epoch 006, ExpID 23584
Train - Loss: 3408457.42
Val - Loss, MSE, RMSE, MAE, MAPE: 13725806.00, 13725804.67, 3675.52, 2738.25, 3.49%
Test - Best epoch, Loss, MSE, RMSE, MAE, MAPE: 5, 20604420.00, 20604419.33, 4305.52, 3050.78, 3.61%
- Epoch 007, ExpID 23584
Train - Loss: 3141389.73
Val - Loss, MSE, RMSE, MAE, MAPE: 14561076.00, 14561077.00, 3772.82, 2949.25, 3.73%
Test - Best epoch, Loss, MSE, RMSE, MAE, MAPE: 5, 20604420.00, 20604419.33, 4305.52, 3050.78, 3.61%
- Epoch 008, ExpID 23584
Train - Loss: 2614353.20
Val - Loss, MSE, RMSE, MAE, MAPE: 13151996.00, 13151995.58, 3579.05, 2680.60, 3.41%
Test - Best epoch, Loss, MSE, RMSE, MAE, MAPE: 5, 20604420.00, 20604419.33, 4305.52, 3050.78, 3.61%
- Epoch 009, ExpID 23584
Train - Loss: 2214337.58
Val - Loss, MSE, RMSE, MAE, MAPE: 15659194.00, 15659194.50, 3943.44, 2993.97, 3.80%
Test - Best epoch, Loss, MSE, RMSE, MAE, MAPE: 5, 20604420.00, 20604419.33, 4305.52, 3050.78, 3.61%
- Epoch 010, ExpID 23584
Train - Loss: 2108992.66
Val - Loss, MSE, RMSE, MAE, MAPE: 14546283.00, 14546282.50, 3728.06, 2809.10, 3.62%
Test - Best epoch, Loss, MSE, RMSE, MAE, MAPE: 5, 20604420.00, 20604419.33, 4305.52, 3050.78, 3.61%
- Epoch 011, ExpID 23584
Train - Loss: 1625213.38
Val - Loss, MSE, RMSE, MAE, MAPE: 13971412.00, 13971412.25, 3695.99, 2761.62, 3.52%
Test - Best epoch, Loss, MSE, RMSE, MAE, MAPE: 5, 20604420.00, 20604419.33, 4305.52, 3050.78, 3.61%
- Epoch 012, ExpID 23584
Train - Loss: 1360010.93
Val - Loss, MSE, RMSE, MAE, MAPE: 14967683.00, 14967682.08, 3801.44, 2883.77, 3.66%
Test - Best epoch, Loss, MSE, RMSE, MAE, MAPE: 5, 20604420.00, 20604419.33, 4305.52, 3050.78, 3.61%
- Epoch 013, ExpID 23584
Train - Loss: 1140909.81
Val - Loss, MSE, RMSE, MAE, MAPE: 14444691.00, 14444689.83, 3733.18, 2837.42, 3.64%
Test - Best epoch, Loss, MSE, RMSE, MAE, MAPE: 5, 20604420.00, 20604419.33, 4305.52, 3050.78, 3.61%
- Epoch 014, ExpID 23584
Train - Loss: 1006776.66
Val - Loss, MSE, RMSE, MAE, MAPE: 14939167.00, 14939167.17, 3830.72, 2920.76, 3.72%
Test - Best epoch, Loss, MSE, RMSE, MAE, MAPE: 5, 20604420.00, 20604419.33, 4305.52, 3050.78, 3.61%
- Epoch 015, ExpID 23584
Train - Loss: 888786.35
Val - Loss, MSE, RMSE, MAE, MAPE: 14672531.00, 14672529.25, 3769.77, 2895.51, 3.69%
Test - Best epoch, Loss, MSE, RMSE, MAE, MAPE: 5, 20604420.00, 20604419.33, 4305.52, 3050.78, 3.61%
Early Stopping at Epoch 15
Fold 2017 Best RMSE: 4305.5219

-------------------- [Fold: 2018] ExpID: 83218 --------------------
- Epoch 000, ExpID 83218
Train - Loss: 11266860.05
Val - Loss, MSE, RMSE, MAE, MAPE: 21338078.00, 21338075.67, 4420.75, 3158.26, 3.75%
Test - Best epoch, Loss, MSE, RMSE, MAE, MAPE: 0, 15898823.00, 15898823.83, 3961.25, 2935.93, 3.19%
- Epoch 001, ExpID 83218
Train - Loss: 7614450.71
Val - Loss, MSE, RMSE, MAE, MAPE: 21143864.00, 21143863.00, 4401.17, 3163.00, 3.73%
Test - Best epoch, Loss, MSE, RMSE, MAE, MAPE: 1, 17507496.00, 17507495.00, 4150.73, 3140.58, 3.37%
- Epoch 002, ExpID 83218
Train - Loss: 6617899.95
Val - Loss, MSE, RMSE, MAE, MAPE: 20526726.00, 20526725.17, 4353.10, 2962.33, 3.54%
Test - Best epoch, Loss, MSE, RMSE, MAE, MAPE: 2, 14952003.00, 14952002.33, 3833.44, 2872.89, 3.12%
- Epoch 003, ExpID 83218
Train - Loss: 5679766.55
Val - Loss, MSE, RMSE, MAE, MAPE: 23869480.00, 23869480.08, 4720.69, 3474.84, 4.20%
Test - Best epoch, Loss, MSE, RMSE, MAE, MAPE: 2, 14952003.00, 14952002.33, 3833.44, 2872.89, 3.12%
- Epoch 004, ExpID 83218
Train - Loss: 5016043.17
Val - Loss, MSE, RMSE, MAE, MAPE: 20939140.00, 20939138.67, 4396.22, 3150.15, 3.78%
Test - Best epoch, Loss, MSE, RMSE, MAE, MAPE: 2, 14952003.00, 14952002.33, 3833.44, 2872.89, 3.12%
- Epoch 005, ExpID 83218
Train - Loss: 4117434.81
Val - Loss, MSE, RMSE, MAE, MAPE: 22272412.00, 22272411.00, 4515.29, 3281.12, 3.88%
Test - Best epoch, Loss, MSE, RMSE, MAE, MAPE: 2, 14952003.00, 14952002.33, 3833.44, 2872.89, 3.12%
- Epoch 006, ExpID 83218
Train - Loss: 3650335.69
Val - Loss, MSE, RMSE, MAE, MAPE: 23501516.00, 23501515.00, 4703.77, 3470.46, 4.17%
Test - Best epoch, Loss, MSE, RMSE, MAE, MAPE: 2, 14952003.00, 14952002.33, 3833.44, 2872.89, 3.12%
- Epoch 007, ExpID 83218
Train - Loss: 3322074.41
Val - Loss, MSE, RMSE, MAE, MAPE: 22921804.00, 22921802.50, 4594.42, 3364.80, 4.03%
Test - Best epoch, Loss, MSE, RMSE, MAE, MAPE: 2, 14952003.00, 14952002.33, 3833.44, 2872.89, 3.12%
- Epoch 008, ExpID 83218
Train - Loss: 2680365.15
Val - Loss, MSE, RMSE, MAE, MAPE: 21618208.00, 21618208.50, 4511.90, 3261.03, 3.90%
Test - Best epoch, Loss, MSE, RMSE, MAE, MAPE: 2, 14952003.00, 14952002.33, 3833.44, 2872.89, 3.12%
- Epoch 009, ExpID 83218
Train - Loss: 2233024.55
Val - Loss, MSE, RMSE, MAE, MAPE: 21884558.00, 21884557.92, 4511.06, 3303.95, 3.97%
Test - Best epoch, Loss, MSE, RMSE, MAE, MAPE: 2, 14952003.00, 14952002.33, 3833.44, 2872.89, 3.12%
- Epoch 010, ExpID 83218
Train - Loss: 2115666.60
Val - Loss, MSE, RMSE, MAE, MAPE: 21546852.00, 21546851.00, 4420.98, 3156.02, 3.78%
Test - Best epoch, Loss, MSE, RMSE, MAE, MAPE: 2, 14952003.00, 14952002.33, 3833.44, 2872.89, 3.12%
- Epoch 011, ExpID 83218
Train - Loss: 1930718.10
Val - Loss, MSE, RMSE, MAE, MAPE: 25055206.00, 25055204.83, 4854.26, 3632.13, 4.37%
Test - Best epoch, Loss, MSE, RMSE, MAE, MAPE: 2, 14952003.00, 14952002.33, 3833.44, 2872.89, 3.12%
- Epoch 012, ExpID 83218
Train - Loss: 1708184.65
Val - Loss, MSE, RMSE, MAE, MAPE: 23057360.00, 23057358.50, 4613.91, 3257.10, 3.90%
Test - Best epoch, Loss, MSE, RMSE, MAE, MAPE: 2, 14952003.00, 14952002.33, 3833.44, 2872.89, 3.12%
Early Stopping at Epoch 12
Fold 2018 Best RMSE: 3833.4364

-------------------- [Fold: 2019] ExpID: 77276 --------------------
- Epoch 000, ExpID 77276
Train - Loss: 11879891.96
Val - Loss, MSE, RMSE, MAE, MAPE: 17312574.00, 17312573.50, 4127.69, 3050.78, 3.31%
Test - Best epoch, Loss, MSE, RMSE, MAE, MAPE: 0, 19924808.00, 19924805.50, 4304.28, 3024.88, 3.18%
- Epoch 001, ExpID 77276
Train - Loss: 8381902.66
Val - Loss, MSE, RMSE, MAE, MAPE: 16161862.00, 16161861.67, 3956.46, 2849.80, 3.11%
Test - Best epoch, Loss, MSE, RMSE, MAE, MAPE: 1, 19518246.00, 19518245.42, 4179.58, 2914.64, 3.07%
- Epoch 002, ExpID 77276
Train - Loss: 7080185.26
Val - Loss, MSE, RMSE, MAE, MAPE: 14881268.00, 14881268.33, 3793.75, 2837.66, 3.08%
Test - Best epoch, Loss, MSE, RMSE, MAE, MAPE: 2, 19096360.00, 19096357.25, 4188.84, 2892.74, 3.05%
- Epoch 003, ExpID 77276
Train - Loss: 6227675.91
Val - Loss, MSE, RMSE, MAE, MAPE: 17054768.00, 17054767.33, 4090.00, 3043.32, 3.28%
Test - Best epoch, Loss, MSE, RMSE, MAE, MAPE: 2, 19096360.00, 19096357.25, 4188.84, 2892.74, 3.05%
- Epoch 004, ExpID 77276
Train - Loss: 5687379.41
Val - Loss, MSE, RMSE, MAE, MAPE: 15805095.00, 15805094.67, 3932.27, 2923.68, 3.17%
Test - Best epoch, Loss, MSE, RMSE, MAE, MAPE: 2, 19096360.00, 19096357.25, 4188.84, 2892.74, 3.05%
- Epoch 005, ExpID 77276
Train - Loss: 4812174.34
Val - Loss, MSE, RMSE, MAE, MAPE: 16236950.00, 16236949.17, 3989.83, 2943.98, 3.17%
Test - Best epoch, Loss, MSE, RMSE, MAE, MAPE: 2, 19096360.00, 19096357.25, 4188.84, 2892.74, 3.05%
- Epoch 006, ExpID 77276
Train - Loss: 4421967.84
Val - Loss, MSE, RMSE, MAE, MAPE: 20236884.00, 20236884.17, 4450.88, 3399.46, 3.71%
Test - Best epoch, Loss, MSE, RMSE, MAE, MAPE: 2, 19096360.00, 19096357.25, 4188.84, 2892.74, 3.05%
- Epoch 007, ExpID 77276
Train - Loss: 3894675.79
Val - Loss, MSE, RMSE, MAE, MAPE: 17339222.00, 17339222.17, 4078.05, 2983.96, 3.25%
Test - Best epoch, Loss, MSE, RMSE, MAE, MAPE: 2, 19096360.00, 19096357.25, 4188.84, 2892.74, 3.05%
- Epoch 008, ExpID 77276
Train - Loss: 2942720.49
Val - Loss, MSE, RMSE, MAE, MAPE: 15249199.00, 15249198.92, 3833.13, 2820.81, 3.07%
Test - Best epoch, Loss, MSE, RMSE, MAE, MAPE: 2, 19096360.00, 19096357.25, 4188.84, 2892.74, 3.05%
- Epoch 009, ExpID 77276
Train - Loss: 2592537.19
Val - Loss, MSE, RMSE, MAE, MAPE: 17727020.00, 17727018.67, 4142.97, 3075.99, 3.36%
Test - Best epoch, Loss, MSE, RMSE, MAE, MAPE: 2, 19096360.00, 19096357.25, 4188.84, 2892.74, 3.05%
- Epoch 010, ExpID 77276
Train - Loss: 2576808.89
Val - Loss, MSE, RMSE, MAE, MAPE: 19125064.00, 19125063.00, 4330.12, 3313.65, 3.61%
Test - Best epoch, Loss, MSE, RMSE, MAE, MAPE: 2, 19096360.00, 19096357.25, 4188.84, 2892.74, 3.05%
- Epoch 011, ExpID 77276
Train - Loss: 2389077.89
Val - Loss, MSE, RMSE, MAE, MAPE: 17466732.00, 17466729.50, 4131.78, 3070.58, 3.35%
Test - Best epoch, Loss, MSE, RMSE, MAE, MAPE: 2, 19096360.00, 19096357.25, 4188.84, 2892.74, 3.05%
- Epoch 012, ExpID 77276
Train - Loss: 1872750.14
Val - Loss, MSE, RMSE, MAE, MAPE: 17239332.00, 17239331.50, 4072.97, 3028.18, 3.30%
Test - Best epoch, Loss, MSE, RMSE, MAE, MAPE: 2, 19096360.00, 19096357.25, 4188.84, 2892.74, 3.05%
Early Stopping at Epoch 12
Fold 2019 Best RMSE: 4188.8447
