DETAILED LOG | Model: nbeats | Seed: 2
FULL CONFIG: {'gpu': '3', 'target': 'departure', 'cv_start_year': 2017, 'cv_end_year': 2019, 'test_year': 2024, 'use_corona': False, 'seq_len': 28, 'label_len': 0, 'pred_len': 1, 'batch_size': 64, 'epochs': 1000, 'patience': 10, 'lr': 0.0001, 'model': 'nbeats', 'd_model': 128, 'n_heads': 4, 'n_layers': 5, 'dropout': 0.1, 'activation': 'gelu', 'patch_len': 16, 'factor': 5, 'norm_mode': 'revin', 'use_dbloss': False, 'device': device(type='cuda'), 'stride': 16, 'file_path': 'dataset/airport_daily_flight_merged.csv', 'seed': 2, 'val_year': 2019, 'ndims': 1}

-------------------- [Fold: 2017] ExpID: 82123 --------------------
- Epoch 000, ExpID 82123
Train - Loss: 15412551.50
Val - Loss, MSE, RMSE, MAE, MAPE: 18088518.00, 18088517.50, 4211.32, 3257.55, 4.18%
Test - Best epoch, Loss, MSE, RMSE, MAE, MAPE: 0, 24962214.00, 24962213.83, 4834.49, 3561.36, 4.25%
- Epoch 001, ExpID 82123
Train - Loss: 9570176.68
Val - Loss, MSE, RMSE, MAE, MAPE: 13234903.00, 13234902.50, 3569.59, 2623.74, 3.36%
Test - Best epoch, Loss, MSE, RMSE, MAE, MAPE: 1, 21974782.00, 21974782.50, 4498.23, 3197.02, 3.81%
- Epoch 002, ExpID 82123
Train - Loss: 8611003.77
Val - Loss, MSE, RMSE, MAE, MAPE: 12460451.00, 12460450.75, 3468.24, 2574.86, 3.29%
Test - Best epoch, Loss, MSE, RMSE, MAE, MAPE: 2, 22035310.00, 22035309.17, 4494.37, 3184.39, 3.78%
- Epoch 003, ExpID 82123
Train - Loss: 8257476.12
Val - Loss, MSE, RMSE, MAE, MAPE: 12279539.00, 12279537.58, 3452.57, 2566.11, 3.25%
Test - Best epoch, Loss, MSE, RMSE, MAE, MAPE: 3, 21674040.00, 21674038.42, 4455.30, 3177.76, 3.74%
- Epoch 004, ExpID 82123
Train - Loss: 7972438.22
Val - Loss, MSE, RMSE, MAE, MAPE: 11860439.00, 11860437.67, 3385.13, 2500.13, 3.20%
Test - Best epoch, Loss, MSE, RMSE, MAE, MAPE: 4, 21858556.00, 21858553.67, 4476.53, 3161.56, 3.76%
- Epoch 005, ExpID 82123
Train - Loss: 7689573.23
Val - Loss, MSE, RMSE, MAE, MAPE: 11823622.00, 11823620.58, 3378.39, 2454.03, 3.14%
Test - Best epoch, Loss, MSE, RMSE, MAE, MAPE: 5, 22383750.00, 22383749.92, 4522.65, 3183.82, 3.80%
- Epoch 006, ExpID 82123
Train - Loss: 7649729.65
Val - Loss, MSE, RMSE, MAE, MAPE: 11263526.00, 11263526.17, 3302.92, 2390.00, 3.04%
Test - Best epoch, Loss, MSE, RMSE, MAE, MAPE: 6, 21716788.00, 21716787.17, 4444.55, 3125.36, 3.70%
- Epoch 007, ExpID 82123
Train - Loss: 7192866.22
Val - Loss, MSE, RMSE, MAE, MAPE: 11083440.00, 11083439.50, 3287.16, 2411.57, 3.06%
Test - Best epoch, Loss, MSE, RMSE, MAE, MAPE: 7, 22594964.00, 22594962.17, 4533.65, 3229.46, 3.82%
- Epoch 008, ExpID 82123
Train - Loss: 7001270.24
Val - Loss, MSE, RMSE, MAE, MAPE: 10969733.00, 10969732.92, 3264.15, 2380.25, 3.03%
Test - Best epoch, Loss, MSE, RMSE, MAE, MAPE: 8, 22820086.00, 22820084.33, 4546.25, 3208.47, 3.81%
- Epoch 009, ExpID 82123
Train - Loss: 6625901.88
Val - Loss, MSE, RMSE, MAE, MAPE: 11138918.00, 11138917.25, 3292.72, 2410.20, 3.08%
Test - Best epoch, Loss, MSE, RMSE, MAE, MAPE: 8, 22820086.00, 22820084.33, 4546.25, 3208.47, 3.81%
- Epoch 010, ExpID 82123
Train - Loss: 6411939.89
Val - Loss, MSE, RMSE, MAE, MAPE: 10826306.00, 10826305.17, 3247.60, 2393.52, 3.06%
Test - Best epoch, Loss, MSE, RMSE, MAE, MAPE: 10, 22816828.00, 22816825.00, 4560.40, 3220.23, 3.84%
- Epoch 011, ExpID 82123
Train - Loss: 6093451.26
Val - Loss, MSE, RMSE, MAE, MAPE: 10821840.00, 10821840.08, 3249.02, 2395.81, 3.05%
Test - Best epoch, Loss, MSE, RMSE, MAE, MAPE: 11, 22032848.00, 22032849.00, 4479.56, 3172.95, 3.76%
- Epoch 012, ExpID 82123
Train - Loss: 5719625.83
Val - Loss, MSE, RMSE, MAE, MAPE: 10684918.00, 10684918.00, 3231.38, 2401.51, 3.07%
Test - Best epoch, Loss, MSE, RMSE, MAE, MAPE: 12, 22387740.00, 22387737.50, 4515.94, 3176.92, 3.79%
- Epoch 013, ExpID 82123
Train - Loss: 5499436.58
Val - Loss, MSE, RMSE, MAE, MAPE: 11225744.00, 11225744.25, 3305.21, 2454.48, 3.16%
Test - Best epoch, Loss, MSE, RMSE, MAE, MAPE: 12, 22387740.00, 22387737.50, 4515.94, 3176.92, 3.79%
- Epoch 014, ExpID 82123
Train - Loss: 5154365.50
Val - Loss, MSE, RMSE, MAE, MAPE: 10686766.00, 10686766.00, 3232.85, 2406.68, 3.07%
Test - Best epoch, Loss, MSE, RMSE, MAE, MAPE: 12, 22387740.00, 22387737.50, 4515.94, 3176.92, 3.79%
- Epoch 015, ExpID 82123
Train - Loss: 4816413.97
Val - Loss, MSE, RMSE, MAE, MAPE: 10869140.00, 10869139.17, 3261.14, 2459.92, 3.15%
Test - Best epoch, Loss, MSE, RMSE, MAE, MAPE: 12, 22387740.00, 22387737.50, 4515.94, 3176.92, 3.79%
- Epoch 016, ExpID 82123
Train - Loss: 4549629.48
Val - Loss, MSE, RMSE, MAE, MAPE: 11059178.00, 11059177.00, 3296.12, 2495.36, 3.19%
Test - Best epoch, Loss, MSE, RMSE, MAE, MAPE: 12, 22387740.00, 22387737.50, 4515.94, 3176.92, 3.79%
- Epoch 017, ExpID 82123
Train - Loss: 4178824.05
Val - Loss, MSE, RMSE, MAE, MAPE: 11961130.00, 11961129.17, 3425.63, 2595.70, 3.31%
Test - Best epoch, Loss, MSE, RMSE, MAE, MAPE: 12, 22387740.00, 22387737.50, 4515.94, 3176.92, 3.79%
- Epoch 018, ExpID 82123
Train - Loss: 3846007.72
Val - Loss, MSE, RMSE, MAE, MAPE: 11133451.00, 11133450.17, 3308.06, 2535.11, 3.23%
Test - Best epoch, Loss, MSE, RMSE, MAE, MAPE: 12, 22387740.00, 22387737.50, 4515.94, 3176.92, 3.79%
- Epoch 019, ExpID 82123
Train - Loss: 3714766.77
Val - Loss, MSE, RMSE, MAE, MAPE: 11659830.00, 11659828.33, 3381.27, 2562.60, 3.28%
Test - Best epoch, Loss, MSE, RMSE, MAE, MAPE: 12, 22387740.00, 22387737.50, 4515.94, 3176.92, 3.79%
- Epoch 020, ExpID 82123
Train - Loss: 3377695.44
Val - Loss, MSE, RMSE, MAE, MAPE: 11594139.00, 11594138.00, 3371.60, 2587.69, 3.31%
Test - Best epoch, Loss, MSE, RMSE, MAE, MAPE: 12, 22387740.00, 22387737.50, 4515.94, 3176.92, 3.79%
- Epoch 021, ExpID 82123
Train - Loss: 3285820.00
Val - Loss, MSE, RMSE, MAE, MAPE: 12071475.00, 12071474.42, 3435.49, 2580.75, 3.31%
Test - Best epoch, Loss, MSE, RMSE, MAE, MAPE: 12, 22387740.00, 22387737.50, 4515.94, 3176.92, 3.79%
- Epoch 022, ExpID 82123
Train - Loss: 2917885.38
Val - Loss, MSE, RMSE, MAE, MAPE: 11758670.00, 11758669.17, 3396.30, 2606.04, 3.34%
Test - Best epoch, Loss, MSE, RMSE, MAE, MAPE: 12, 22387740.00, 22387737.50, 4515.94, 3176.92, 3.79%
Early Stopping at Epoch 22
Fold 2017 Best RMSE: 4515.9434

-------------------- [Fold: 2018] ExpID: 3173 --------------------
- Epoch 000, ExpID 3173
Train - Loss: 15795403.07
Val - Loss, MSE, RMSE, MAE, MAPE: 24945360.00, 24945361.67, 4834.23, 3512.24, 4.20%
Test - Best epoch, Loss, MSE, RMSE, MAE, MAPE: 0, 18984976.00, 18984976.83, 4312.53, 3344.01, 3.64%
- Epoch 001, ExpID 3173
Train - Loss: 9530955.66
Val - Loss, MSE, RMSE, MAE, MAPE: 22927622.00, 22927620.33, 4616.30, 3284.17, 3.94%
Test - Best epoch, Loss, MSE, RMSE, MAE, MAPE: 1, 17470216.00, 17470213.67, 4118.14, 3047.66, 3.32%
- Epoch 002, ExpID 3173
Train - Loss: 8867087.91
Val - Loss, MSE, RMSE, MAE, MAPE: 22334452.00, 22334451.33, 4551.76, 3249.27, 3.84%
Test - Best epoch, Loss, MSE, RMSE, MAE, MAPE: 2, 16938782.00, 16938780.83, 4044.18, 2983.41, 3.22%
- Epoch 003, ExpID 3173
Train - Loss: 8364509.83
Val - Loss, MSE, RMSE, MAE, MAPE: 21607340.00, 21607337.83, 4458.83, 3148.06, 3.71%
Test - Best epoch, Loss, MSE, RMSE, MAE, MAPE: 3, 16244548.00, 16244546.83, 3959.09, 2938.19, 3.17%
- Epoch 004, ExpID 3173
Train - Loss: 8126168.20
Val - Loss, MSE, RMSE, MAE, MAPE: 22440400.00, 22440398.42, 4537.46, 3166.00, 3.79%
Test - Best epoch, Loss, MSE, RMSE, MAE, MAPE: 3, 16244548.00, 16244546.83, 3959.09, 2938.19, 3.17%
- Epoch 005, ExpID 3173
Train - Loss: 7748514.33
Val - Loss, MSE, RMSE, MAE, MAPE: 22362492.00, 22362489.83, 4538.87, 3216.78, 3.85%
Test - Best epoch, Loss, MSE, RMSE, MAE, MAPE: 3, 16244548.00, 16244546.83, 3959.09, 2938.19, 3.17%
- Epoch 006, ExpID 3173
Train - Loss: 7512384.90
Val - Loss, MSE, RMSE, MAE, MAPE: 21910684.00, 21910682.50, 4472.73, 3113.09, 3.70%
Test - Best epoch, Loss, MSE, RMSE, MAE, MAPE: 3, 16244548.00, 16244546.83, 3959.09, 2938.19, 3.17%
- Epoch 007, ExpID 3173
Train - Loss: 7348890.72
Val - Loss, MSE, RMSE, MAE, MAPE: 21752412.00, 21752410.00, 4464.83, 3146.84, 3.72%
Test - Best epoch, Loss, MSE, RMSE, MAE, MAPE: 3, 16244548.00, 16244546.83, 3959.09, 2938.19, 3.17%
- Epoch 008, ExpID 3173
Train - Loss: 7048933.78
Val - Loss, MSE, RMSE, MAE, MAPE: 22778542.00, 22778542.67, 4560.77, 3163.57, 3.78%
Test - Best epoch, Loss, MSE, RMSE, MAE, MAPE: 3, 16244548.00, 16244546.83, 3959.09, 2938.19, 3.17%
- Epoch 009, ExpID 3173
Train - Loss: 6695146.90
Val - Loss, MSE, RMSE, MAE, MAPE: 21992600.00, 21992599.58, 4462.79, 3091.24, 3.68%
Test - Best epoch, Loss, MSE, RMSE, MAE, MAPE: 3, 16244548.00, 16244546.83, 3959.09, 2938.19, 3.17%
- Epoch 010, ExpID 3173
Train - Loss: 6431226.46
Val - Loss, MSE, RMSE, MAE, MAPE: 22249302.00, 22249300.33, 4514.09, 3181.42, 3.80%
Test - Best epoch, Loss, MSE, RMSE, MAE, MAPE: 3, 16244548.00, 16244546.83, 3959.09, 2938.19, 3.17%
- Epoch 011, ExpID 3173
Train - Loss: 6158522.99
Val - Loss, MSE, RMSE, MAE, MAPE: 22705152.00, 22705152.00, 4546.63, 3181.06, 3.80%
Test - Best epoch, Loss, MSE, RMSE, MAE, MAPE: 3, 16244548.00, 16244546.83, 3959.09, 2938.19, 3.17%
- Epoch 012, ExpID 3173
Train - Loss: 5890439.71
Val - Loss, MSE, RMSE, MAE, MAPE: 22916268.00, 22916266.17, 4591.21, 3263.21, 3.83%
Test - Best epoch, Loss, MSE, RMSE, MAE, MAPE: 3, 16244548.00, 16244546.83, 3959.09, 2938.19, 3.17%
- Epoch 013, ExpID 3173
Train - Loss: 5594987.07
Val - Loss, MSE, RMSE, MAE, MAPE: 22535718.00, 22535718.33, 4529.43, 3190.66, 3.80%
Test - Best epoch, Loss, MSE, RMSE, MAE, MAPE: 3, 16244548.00, 16244546.83, 3959.09, 2938.19, 3.17%
Early Stopping at Epoch 13
Fold 2018 Best RMSE: 3959.0863

-------------------- [Fold: 2019] ExpID: 75643 --------------------
- Epoch 000, ExpID 75643
Train - Loss: 16737913.99
Val - Loss, MSE, RMSE, MAE, MAPE: 18693864.00, 18693861.33, 4277.37, 3320.47, 3.60%
Test - Best epoch, Loss, MSE, RMSE, MAE, MAPE: 0, 26131072.00, 26131073.00, 4983.73, 3618.71, 3.81%
- Epoch 001, ExpID 75643
Train - Loss: 10417260.31
Val - Loss, MSE, RMSE, MAE, MAPE: 17084934.00, 17084933.00, 4068.41, 3017.60, 3.26%
Test - Best epoch, Loss, MSE, RMSE, MAE, MAPE: 1, 22084054.00, 22084051.67, 4540.00, 3215.14, 3.37%
- Epoch 002, ExpID 75643
Train - Loss: 9524904.35
Val - Loss, MSE, RMSE, MAE, MAPE: 16459704.00, 16459704.50, 3987.61, 2952.15, 3.19%
Test - Best epoch, Loss, MSE, RMSE, MAE, MAPE: 2, 21696590.00, 21696588.83, 4485.05, 3162.42, 3.31%
- Epoch 003, ExpID 75643
Train - Loss: 9119665.83
Val - Loss, MSE, RMSE, MAE, MAPE: 16464959.00, 16464959.33, 3983.66, 2931.80, 3.17%
Test - Best epoch, Loss, MSE, RMSE, MAE, MAPE: 2, 21696590.00, 21696588.83, 4485.05, 3162.42, 3.31%
- Epoch 004, ExpID 75643
Train - Loss: 8800347.35
Val - Loss, MSE, RMSE, MAE, MAPE: 16286982.00, 16286981.67, 3961.42, 2955.83, 3.19%
Test - Best epoch, Loss, MSE, RMSE, MAE, MAPE: 4, 21544476.00, 21544474.33, 4460.86, 3166.12, 3.31%
- Epoch 005, ExpID 75643
Train - Loss: 8539272.99
Val - Loss, MSE, RMSE, MAE, MAPE: 16188870.00, 16188868.50, 3958.82, 2922.02, 3.19%
Test - Best epoch, Loss, MSE, RMSE, MAE, MAPE: 5, 21321576.00, 21321574.00, 4419.74, 3077.83, 3.25%
- Epoch 006, ExpID 75643
Train - Loss: 8201607.73
Val - Loss, MSE, RMSE, MAE, MAPE: 16112075.00, 16112075.67, 3946.84, 2924.92, 3.19%
Test - Best epoch, Loss, MSE, RMSE, MAE, MAPE: 6, 21455976.00, 21455977.00, 4429.38, 3077.73, 3.25%
- Epoch 007, ExpID 75643
Train - Loss: 7992982.92
Val - Loss, MSE, RMSE, MAE, MAPE: 16342060.00, 16342059.83, 3955.72, 2973.02, 3.21%
Test - Best epoch, Loss, MSE, RMSE, MAE, MAPE: 6, 21455976.00, 21455977.00, 4429.38, 3077.73, 3.25%
- Epoch 008, ExpID 75643
Train - Loss: 7653990.61
Val - Loss, MSE, RMSE, MAE, MAPE: 15936832.00, 15936831.50, 3908.95, 2880.69, 3.13%
Test - Best epoch, Loss, MSE, RMSE, MAE, MAPE: 8, 21511206.00, 21511206.17, 4423.28, 3116.08, 3.28%
- Epoch 009, ExpID 75643
Train - Loss: 7318646.21
Val - Loss, MSE, RMSE, MAE, MAPE: 15668574.00, 15668573.17, 3883.06, 2896.76, 3.15%
Test - Best epoch, Loss, MSE, RMSE, MAE, MAPE: 9, 21607702.00, 21607701.83, 4427.20, 3118.83, 3.30%
- Epoch 010, ExpID 75643
Train - Loss: 7024795.59
Val - Loss, MSE, RMSE, MAE, MAPE: 16485420.00, 16485420.33, 3981.36, 2973.36, 3.24%
Test - Best epoch, Loss, MSE, RMSE, MAE, MAPE: 9, 21607702.00, 21607701.83, 4427.20, 3118.83, 3.30%
- Epoch 011, ExpID 75643
Train - Loss: 6750590.78
Val - Loss, MSE, RMSE, MAE, MAPE: 15768614.00, 15768613.50, 3878.48, 2874.28, 3.12%
Test - Best epoch, Loss, MSE, RMSE, MAE, MAPE: 9, 21607702.00, 21607701.83, 4427.20, 3118.83, 3.30%
- Epoch 012, ExpID 75643
Train - Loss: 6450675.80
Val - Loss, MSE, RMSE, MAE, MAPE: 16227639.00, 16227639.00, 3933.70, 2913.89, 3.17%
Test - Best epoch, Loss, MSE, RMSE, MAE, MAPE: 9, 21607702.00, 21607701.83, 4427.20, 3118.83, 3.30%
- Epoch 013, ExpID 75643
Train - Loss: 6174260.37
Val - Loss, MSE, RMSE, MAE, MAPE: 16391238.00, 16391236.75, 3943.90, 2927.47, 3.18%
Test - Best epoch, Loss, MSE, RMSE, MAE, MAPE: 9, 21607702.00, 21607701.83, 4427.20, 3118.83, 3.30%
- Epoch 014, ExpID 75643
Train - Loss: 5886577.22
Val - Loss, MSE, RMSE, MAE, MAPE: 16297947.00, 16297945.83, 3930.46, 2930.43, 3.18%
Test - Best epoch, Loss, MSE, RMSE, MAE, MAPE: 9, 21607702.00, 21607701.83, 4427.20, 3118.83, 3.30%
- Epoch 015, ExpID 75643
Train - Loss: 5555486.72
Val - Loss, MSE, RMSE, MAE, MAPE: 16430480.00, 16430479.67, 3956.54, 2935.60, 3.21%
Test - Best epoch, Loss, MSE, RMSE, MAE, MAPE: 9, 21607702.00, 21607701.83, 4427.20, 3118.83, 3.30%
- Epoch 016, ExpID 75643
Train - Loss: 5146805.64
Val - Loss, MSE, RMSE, MAE, MAPE: 17080152.00, 17080152.75, 4031.40, 2961.02, 3.22%
Test - Best epoch, Loss, MSE, RMSE, MAE, MAPE: 9, 21607702.00, 21607701.83, 4427.20, 3118.83, 3.30%
- Epoch 017, ExpID 75643
Train - Loss: 4797226.34
Val - Loss, MSE, RMSE, MAE, MAPE: 17132404.00, 17132403.17, 4038.65, 2962.08, 3.22%
Test - Best epoch, Loss, MSE, RMSE, MAE, MAPE: 9, 21607702.00, 21607701.83, 4427.20, 3118.83, 3.30%
- Epoch 018, ExpID 75643
Train - Loss: 4543175.19
Val - Loss, MSE, RMSE, MAE, MAPE: 18673736.00, 18673735.67, 4224.80, 3144.66, 3.44%
Test - Best epoch, Loss, MSE, RMSE, MAE, MAPE: 9, 21607702.00, 21607701.83, 4427.20, 3118.83, 3.30%
- Epoch 019, ExpID 75643
Train - Loss: 4330206.22
Val - Loss, MSE, RMSE, MAE, MAPE: 18029304.00, 18029303.67, 4140.05, 3060.41, 3.32%
Test - Best epoch, Loss, MSE, RMSE, MAE, MAPE: 9, 21607702.00, 21607701.83, 4427.20, 3118.83, 3.30%
Early Stopping at Epoch 19
Fold 2019 Best RMSE: 4427.1969
