DETAILED LOG | Model: nbeats | Seed: 2
FULL CONFIG: {'gpu': '3', 'target': 'departure', 'cv_start_year': 2017, 'cv_end_year': 2019, 'test_year': 2024, 'use_corona': False, 'seq_len': 28, 'label_len': 0, 'pred_len': 1, 'batch_size': 64, 'epochs': 1000, 'patience': 10, 'lr': 0.001, 'model': 'nbeats', 'd_model': 128, 'n_heads': 4, 'n_layers': 1, 'dropout': 0.1, 'activation': 'gelu', 'patch_len': 16, 'factor': 5, 'norm_mode': 'revin', 'use_dbloss': False, 'device': device(type='cuda'), 'stride': 16, 'file_path': 'dataset/airport_daily_flight_merged.csv', 'seed': 2, 'val_year': 2019, 'ndims': 1}

-------------------- [Fold: 2017] ExpID: 68242 --------------------
- Epoch 000, ExpID 68242
Train - Loss: 11728034.88
Val - Loss, MSE, RMSE, MAE, MAPE: 13441774.00, 13441772.83, 3599.78, 2658.51, 3.40%
Test - Best epoch, Loss, MSE, RMSE, MAE, MAPE: 0, 22924968.00, 22924968.00, 4618.11, 3315.36, 3.95%
- Epoch 001, ExpID 68242
Train - Loss: 8955380.33
Val - Loss, MSE, RMSE, MAE, MAPE: 12558728.00, 12558728.17, 3485.11, 2583.82, 3.30%
Test - Best epoch, Loss, MSE, RMSE, MAE, MAPE: 1, 22715846.00, 22715844.00, 4577.39, 3284.09, 3.91%
- Epoch 002, ExpID 68242
Train - Loss: 8651307.42
Val - Loss, MSE, RMSE, MAE, MAPE: 12370712.00, 12370712.25, 3453.97, 2517.81, 3.20%
Test - Best epoch, Loss, MSE, RMSE, MAE, MAPE: 2, 22835918.00, 22835916.83, 4581.25, 3277.87, 3.89%
- Epoch 003, ExpID 68242
Train - Loss: 8383376.42
Val - Loss, MSE, RMSE, MAE, MAPE: 12125890.00, 12125889.00, 3432.99, 2524.32, 3.22%
Test - Best epoch, Loss, MSE, RMSE, MAE, MAPE: 3, 22633830.00, 22633829.83, 4575.74, 3319.21, 3.93%
- Epoch 004, ExpID 68242
Train - Loss: 8156739.34
Val - Loss, MSE, RMSE, MAE, MAPE: 11493336.00, 11493336.67, 3337.18, 2431.24, 3.11%
Test - Best epoch, Loss, MSE, RMSE, MAE, MAPE: 4, 21662656.00, 21662655.33, 4452.07, 3163.04, 3.76%
- Epoch 005, ExpID 68242
Train - Loss: 8001979.91
Val - Loss, MSE, RMSE, MAE, MAPE: 11510848.00, 11510848.08, 3342.29, 2432.18, 3.12%
Test - Best epoch, Loss, MSE, RMSE, MAE, MAPE: 4, 21662656.00, 21662655.33, 4452.07, 3163.04, 3.76%
- Epoch 006, ExpID 68242
Train - Loss: 7865584.89
Val - Loss, MSE, RMSE, MAE, MAPE: 11453683.00, 11453682.67, 3327.12, 2440.09, 3.13%
Test - Best epoch, Loss, MSE, RMSE, MAE, MAPE: 6, 22386150.00, 22386148.33, 4540.72, 3264.65, 3.90%
- Epoch 007, ExpID 68242
Train - Loss: 7812277.11
Val - Loss, MSE, RMSE, MAE, MAPE: 11187174.00, 11187174.25, 3301.33, 2407.28, 3.06%
Test - Best epoch, Loss, MSE, RMSE, MAE, MAPE: 7, 22225180.00, 22225177.67, 4499.25, 3229.98, 3.84%
- Epoch 008, ExpID 68242
Train - Loss: 7624543.78
Val - Loss, MSE, RMSE, MAE, MAPE: 10932703.00, 10932702.08, 3267.41, 2398.21, 3.06%
Test - Best epoch, Loss, MSE, RMSE, MAE, MAPE: 8, 21776996.00, 21776995.50, 4466.84, 3227.19, 3.83%
- Epoch 009, ExpID 68242
Train - Loss: 7505057.92
Val - Loss, MSE, RMSE, MAE, MAPE: 11043490.00, 11043489.67, 3279.73, 2408.12, 3.10%
Test - Best epoch, Loss, MSE, RMSE, MAE, MAPE: 8, 21776996.00, 21776995.50, 4466.84, 3227.19, 3.83%
- Epoch 010, ExpID 68242
Train - Loss: 7410454.80
Val - Loss, MSE, RMSE, MAE, MAPE: 10942023.00, 10942022.08, 3271.95, 2399.88, 3.06%
Test - Best epoch, Loss, MSE, RMSE, MAE, MAPE: 8, 21776996.00, 21776995.50, 4466.84, 3227.19, 3.83%
- Epoch 011, ExpID 68242
Train - Loss: 7318196.45
Val - Loss, MSE, RMSE, MAE, MAPE: 10879032.00, 10879031.42, 3266.19, 2397.95, 3.06%
Test - Best epoch, Loss, MSE, RMSE, MAE, MAPE: 11, 21755198.00, 21755198.00, 4465.08, 3227.36, 3.83%
- Epoch 012, ExpID 68242
Train - Loss: 7194520.11
Val - Loss, MSE, RMSE, MAE, MAPE: 10889851.00, 10889850.08, 3261.43, 2376.55, 3.02%
Test - Best epoch, Loss, MSE, RMSE, MAE, MAPE: 11, 21755198.00, 21755198.00, 4465.08, 3227.36, 3.83%
- Epoch 013, ExpID 68242
Train - Loss: 7198807.26
Val - Loss, MSE, RMSE, MAE, MAPE: 10706854.00, 10706853.67, 3230.08, 2336.08, 2.98%
Test - Best epoch, Loss, MSE, RMSE, MAE, MAPE: 13, 21356920.00, 21356919.33, 4431.58, 3161.85, 3.76%
- Epoch 014, ExpID 68242
Train - Loss: 7073399.64
Val - Loss, MSE, RMSE, MAE, MAPE: 10947414.00, 10947413.75, 3266.78, 2386.21, 3.05%
Test - Best epoch, Loss, MSE, RMSE, MAE, MAPE: 13, 21356920.00, 21356919.33, 4431.58, 3161.85, 3.76%
- Epoch 015, ExpID 68242
Train - Loss: 6951491.28
Val - Loss, MSE, RMSE, MAE, MAPE: 10897463.00, 10897463.25, 3266.19, 2378.51, 3.03%
Test - Best epoch, Loss, MSE, RMSE, MAE, MAPE: 13, 21356920.00, 21356919.33, 4431.58, 3161.85, 3.76%
- Epoch 016, ExpID 68242
Train - Loss: 6888836.98
Val - Loss, MSE, RMSE, MAE, MAPE: 10702302.00, 10702302.42, 3231.94, 2332.52, 2.97%
Test - Best epoch, Loss, MSE, RMSE, MAE, MAPE: 16, 21987214.00, 21987214.67, 4505.14, 3228.23, 3.85%
- Epoch 017, ExpID 68242
Train - Loss: 6839278.34
Val - Loss, MSE, RMSE, MAE, MAPE: 10653531.00, 10653531.00, 3223.26, 2312.81, 2.95%
Test - Best epoch, Loss, MSE, RMSE, MAE, MAPE: 17, 21942308.00, 21942307.00, 4507.18, 3225.57, 3.85%
- Epoch 018, ExpID 68242
Train - Loss: 6721133.70
Val - Loss, MSE, RMSE, MAE, MAPE: 10823982.00, 10823981.25, 3250.50, 2371.60, 3.03%
Test - Best epoch, Loss, MSE, RMSE, MAE, MAPE: 17, 21942308.00, 21942307.00, 4507.18, 3225.57, 3.85%
- Epoch 019, ExpID 68242
Train - Loss: 6637001.43
Val - Loss, MSE, RMSE, MAE, MAPE: 10559674.00, 10559673.17, 3215.41, 2299.31, 2.93%
Test - Best epoch, Loss, MSE, RMSE, MAE, MAPE: 19, 21599942.00, 21599941.83, 4473.84, 3195.00, 3.81%
- Epoch 020, ExpID 68242
Train - Loss: 6604668.80
Val - Loss, MSE, RMSE, MAE, MAPE: 10699502.00, 10699502.92, 3238.67, 2334.67, 2.97%
Test - Best epoch, Loss, MSE, RMSE, MAE, MAPE: 19, 21599942.00, 21599941.83, 4473.84, 3195.00, 3.81%
- Epoch 021, ExpID 68242
Train - Loss: 6494696.72
Val - Loss, MSE, RMSE, MAE, MAPE: 10985404.00, 10985403.75, 3280.87, 2354.17, 3.00%
Test - Best epoch, Loss, MSE, RMSE, MAE, MAPE: 19, 21599942.00, 21599941.83, 4473.84, 3195.00, 3.81%
- Epoch 022, ExpID 68242
Train - Loss: 6462355.50
Val - Loss, MSE, RMSE, MAE, MAPE: 10796006.00, 10796006.00, 3252.89, 2339.97, 2.98%
Test - Best epoch, Loss, MSE, RMSE, MAE, MAPE: 19, 21599942.00, 21599941.83, 4473.84, 3195.00, 3.81%
- Epoch 023, ExpID 68242
Train - Loss: 6376184.30
Val - Loss, MSE, RMSE, MAE, MAPE: 10759717.00, 10759716.58, 3250.01, 2348.50, 2.99%
Test - Best epoch, Loss, MSE, RMSE, MAE, MAPE: 19, 21599942.00, 21599941.83, 4473.84, 3195.00, 3.81%
- Epoch 024, ExpID 68242
Train - Loss: 6299586.52
Val - Loss, MSE, RMSE, MAE, MAPE: 10832498.00, 10832497.83, 3258.77, 2346.59, 2.98%
Test - Best epoch, Loss, MSE, RMSE, MAE, MAPE: 19, 21599942.00, 21599941.83, 4473.84, 3195.00, 3.81%
- Epoch 025, ExpID 68242
Train - Loss: 6224484.61
Val - Loss, MSE, RMSE, MAE, MAPE: 10959064.00, 10959063.58, 3283.30, 2366.59, 3.00%
Test - Best epoch, Loss, MSE, RMSE, MAE, MAPE: 19, 21599942.00, 21599941.83, 4473.84, 3195.00, 3.81%
- Epoch 026, ExpID 68242
Train - Loss: 6187885.16
Val - Loss, MSE, RMSE, MAE, MAPE: 10666068.00, 10666067.75, 3241.19, 2351.75, 3.00%
Test - Best epoch, Loss, MSE, RMSE, MAE, MAPE: 19, 21599942.00, 21599941.83, 4473.84, 3195.00, 3.81%
- Epoch 027, ExpID 68242
Train - Loss: 6115373.52
Val - Loss, MSE, RMSE, MAE, MAPE: 10842360.00, 10842358.75, 3264.92, 2377.92, 3.03%
Test - Best epoch, Loss, MSE, RMSE, MAE, MAPE: 19, 21599942.00, 21599941.83, 4473.84, 3195.00, 3.81%
- Epoch 028, ExpID 68242
Train - Loss: 6106982.03
Val - Loss, MSE, RMSE, MAE, MAPE: 10858307.00, 10858306.17, 3267.26, 2391.70, 3.06%
Test - Best epoch, Loss, MSE, RMSE, MAE, MAPE: 19, 21599942.00, 21599941.83, 4473.84, 3195.00, 3.81%
- Epoch 029, ExpID 68242
Train - Loss: 6101771.45
Val - Loss, MSE, RMSE, MAE, MAPE: 10896692.00, 10896691.25, 3273.44, 2353.16, 2.99%
Test - Best epoch, Loss, MSE, RMSE, MAE, MAPE: 19, 21599942.00, 21599941.83, 4473.84, 3195.00, 3.81%
Early Stopping at Epoch 29
Fold 2017 Best RMSE: 4473.8392

-------------------- [Fold: 2018] ExpID: 41355 --------------------
- Epoch 000, ExpID 41355
Train - Loss: 11876053.59
Val - Loss, MSE, RMSE, MAE, MAPE: 22423636.00, 22423633.83, 4569.85, 3305.09, 3.92%
Test - Best epoch, Loss, MSE, RMSE, MAE, MAPE: 0, 17591508.00, 17591507.00, 4122.61, 3067.96, 3.33%
- Epoch 001, ExpID 41355
Train - Loss: 9135538.28
Val - Loss, MSE, RMSE, MAE, MAPE: 22384246.00, 22384243.33, 4550.60, 3282.05, 3.89%
Test - Best epoch, Loss, MSE, RMSE, MAE, MAPE: 1, 17174794.00, 17174794.50, 4085.56, 3045.61, 3.30%
- Epoch 002, ExpID 41355
Train - Loss: 8752310.13
Val - Loss, MSE, RMSE, MAE, MAPE: 22300812.00, 22300812.33, 4526.39, 3237.84, 3.83%
Test - Best epoch, Loss, MSE, RMSE, MAE, MAPE: 2, 17377456.00, 17377454.33, 4096.83, 3066.67, 3.31%
- Epoch 003, ExpID 41355
Train - Loss: 8544341.42
Val - Loss, MSE, RMSE, MAE, MAPE: 21812164.00, 21812163.42, 4475.46, 3212.57, 3.80%
Test - Best epoch, Loss, MSE, RMSE, MAE, MAPE: 3, 16819152.00, 16819150.67, 4040.68, 3042.66, 3.29%
- Epoch 004, ExpID 41355
Train - Loss: 8302846.36
Val - Loss, MSE, RMSE, MAE, MAPE: 21816942.00, 21816941.67, 4469.94, 3190.05, 3.77%
Test - Best epoch, Loss, MSE, RMSE, MAE, MAPE: 3, 16819152.00, 16819150.67, 4040.68, 3042.66, 3.29%
- Epoch 005, ExpID 41355
Train - Loss: 8100655.76
Val - Loss, MSE, RMSE, MAE, MAPE: 21790110.00, 21790109.33, 4452.95, 3144.32, 3.72%
Test - Best epoch, Loss, MSE, RMSE, MAE, MAPE: 5, 16528176.00, 16528177.33, 3993.05, 2979.39, 3.23%
- Epoch 006, ExpID 41355
Train - Loss: 8064086.87
Val - Loss, MSE, RMSE, MAE, MAPE: 22391880.00, 22391879.83, 4515.36, 3186.74, 3.78%
Test - Best epoch, Loss, MSE, RMSE, MAE, MAPE: 5, 16528176.00, 16528177.33, 3993.05, 2979.39, 3.23%
- Epoch 007, ExpID 41355
Train - Loss: 7916561.19
Val - Loss, MSE, RMSE, MAE, MAPE: 21969646.00, 21969646.33, 4467.15, 3167.36, 3.73%
Test - Best epoch, Loss, MSE, RMSE, MAE, MAPE: 5, 16528176.00, 16528177.33, 3993.05, 2979.39, 3.23%
- Epoch 008, ExpID 41355
Train - Loss: 7760639.25
Val - Loss, MSE, RMSE, MAE, MAPE: 22455524.00, 22455523.00, 4516.10, 3213.01, 3.79%
Test - Best epoch, Loss, MSE, RMSE, MAE, MAPE: 5, 16528176.00, 16528177.33, 3993.05, 2979.39, 3.23%
- Epoch 009, ExpID 41355
Train - Loss: 7714345.26
Val - Loss, MSE, RMSE, MAE, MAPE: 21574102.00, 21574101.67, 4413.25, 3120.01, 3.69%
Test - Best epoch, Loss, MSE, RMSE, MAE, MAPE: 9, 16212550.00, 16212548.33, 3952.38, 2959.56, 3.21%
- Epoch 010, ExpID 41355
Train - Loss: 7691971.07
Val - Loss, MSE, RMSE, MAE, MAPE: 22017396.00, 22017395.33, 4496.33, 3194.79, 3.77%
Test - Best epoch, Loss, MSE, RMSE, MAE, MAPE: 9, 16212550.00, 16212548.33, 3952.38, 2959.56, 3.21%
- Epoch 011, ExpID 41355
Train - Loss: 7500352.29
Val - Loss, MSE, RMSE, MAE, MAPE: 21806760.00, 21806759.00, 4460.55, 3162.21, 3.74%
Test - Best epoch, Loss, MSE, RMSE, MAE, MAPE: 9, 16212550.00, 16212548.33, 3952.38, 2959.56, 3.21%
- Epoch 012, ExpID 41355
Train - Loss: 7421202.76
Val - Loss, MSE, RMSE, MAE, MAPE: 22065644.00, 22065642.58, 4477.52, 3150.90, 3.74%
Test - Best epoch, Loss, MSE, RMSE, MAE, MAPE: 9, 16212550.00, 16212548.33, 3952.38, 2959.56, 3.21%
- Epoch 013, ExpID 41355
Train - Loss: 7313475.98
Val - Loss, MSE, RMSE, MAE, MAPE: 21499628.00, 21499627.17, 4440.30, 3156.48, 3.73%
Test - Best epoch, Loss, MSE, RMSE, MAE, MAPE: 13, 16254970.00, 16254969.17, 3962.85, 2966.28, 3.22%
- Epoch 014, ExpID 41355
Train - Loss: 7171497.98
Val - Loss, MSE, RMSE, MAE, MAPE: 22348334.00, 22348334.17, 4523.16, 3240.74, 3.83%
Test - Best epoch, Loss, MSE, RMSE, MAE, MAPE: 13, 16254970.00, 16254969.17, 3962.85, 2966.28, 3.22%
- Epoch 015, ExpID 41355
Train - Loss: 7140160.57
Val - Loss, MSE, RMSE, MAE, MAPE: 22061486.00, 22061486.42, 4482.65, 3173.81, 3.75%
Test - Best epoch, Loss, MSE, RMSE, MAE, MAPE: 13, 16254970.00, 16254969.17, 3962.85, 2966.28, 3.22%
- Epoch 016, ExpID 41355
Train - Loss: 7143850.09
Val - Loss, MSE, RMSE, MAE, MAPE: 22247752.00, 22247751.50, 4506.98, 3176.29, 3.75%
Test - Best epoch, Loss, MSE, RMSE, MAE, MAPE: 13, 16254970.00, 16254969.17, 3962.85, 2966.28, 3.22%
- Epoch 017, ExpID 41355
Train - Loss: 7015678.75
Val - Loss, MSE, RMSE, MAE, MAPE: 21994492.00, 21994491.50, 4479.46, 3162.67, 3.74%
Test - Best epoch, Loss, MSE, RMSE, MAE, MAPE: 13, 16254970.00, 16254969.17, 3962.85, 2966.28, 3.22%
- Epoch 018, ExpID 41355
Train - Loss: 6984588.67
Val - Loss, MSE, RMSE, MAE, MAPE: 22149956.00, 22149956.83, 4504.95, 3201.84, 3.79%
Test - Best epoch, Loss, MSE, RMSE, MAE, MAPE: 13, 16254970.00, 16254969.17, 3962.85, 2966.28, 3.22%
- Epoch 019, ExpID 41355
Train - Loss: 6863571.96
Val - Loss, MSE, RMSE, MAE, MAPE: 21641790.00, 21641789.67, 4460.41, 3157.97, 3.73%
Test - Best epoch, Loss, MSE, RMSE, MAE, MAPE: 13, 16254970.00, 16254969.17, 3962.85, 2966.28, 3.22%
- Epoch 020, ExpID 41355
Train - Loss: 6897695.13
Val - Loss, MSE, RMSE, MAE, MAPE: 22402000.00, 22402001.50, 4536.12, 3200.95, 3.79%
Test - Best epoch, Loss, MSE, RMSE, MAE, MAPE: 13, 16254970.00, 16254969.17, 3962.85, 2966.28, 3.22%
- Epoch 021, ExpID 41355
Train - Loss: 6748542.38
Val - Loss, MSE, RMSE, MAE, MAPE: 21553240.00, 21553240.50, 4439.56, 3133.82, 3.70%
Test - Best epoch, Loss, MSE, RMSE, MAE, MAPE: 13, 16254970.00, 16254969.17, 3962.85, 2966.28, 3.22%
- Epoch 022, ExpID 41355
Train - Loss: 6664832.16
Val - Loss, MSE, RMSE, MAE, MAPE: 21740860.00, 21740858.17, 4480.21, 3177.71, 3.76%
Test - Best epoch, Loss, MSE, RMSE, MAE, MAPE: 13, 16254970.00, 16254969.17, 3962.85, 2966.28, 3.22%
- Epoch 023, ExpID 41355
Train - Loss: 6650403.70
Val - Loss, MSE, RMSE, MAE, MAPE: 22754340.00, 22754338.67, 4579.47, 3243.71, 3.84%
Test - Best epoch, Loss, MSE, RMSE, MAE, MAPE: 13, 16254970.00, 16254969.17, 3962.85, 2966.28, 3.22%
Early Stopping at Epoch 23
Fold 2018 Best RMSE: 3962.8503

-------------------- [Fold: 2019] ExpID: 6741 --------------------
- Epoch 000, ExpID 6741
Train - Loss: 13431232.77
Val - Loss, MSE, RMSE, MAE, MAPE: 17469772.00, 17469770.67, 4104.33, 3075.46, 3.33%
Test - Best epoch, Loss, MSE, RMSE, MAE, MAPE: 0, 22563520.00, 22563519.83, 4595.57, 3263.22, 3.43%
- Epoch 001, ExpID 6741
Train - Loss: 9814585.15
Val - Loss, MSE, RMSE, MAE, MAPE: 16463403.00, 16463401.83, 3994.19, 2963.09, 3.21%
Test - Best epoch, Loss, MSE, RMSE, MAE, MAPE: 1, 21519692.00, 21519691.17, 4479.30, 3147.47, 3.30%
- Epoch 002, ExpID 6741
Train - Loss: 9458787.21
Val - Loss, MSE, RMSE, MAE, MAPE: 16559587.00, 16559586.00, 4011.22, 3003.77, 3.24%
Test - Best epoch, Loss, MSE, RMSE, MAE, MAPE: 1, 21519692.00, 21519691.17, 4479.30, 3147.47, 3.30%
- Epoch 003, ExpID 6741
Train - Loss: 9191891.87
Val - Loss, MSE, RMSE, MAE, MAPE: 16202924.00, 16202923.50, 3958.97, 2957.97, 3.19%
Test - Best epoch, Loss, MSE, RMSE, MAE, MAPE: 3, 21093220.00, 21093219.50, 4438.90, 3127.70, 3.28%
- Epoch 004, ExpID 6741
Train - Loss: 9015198.54
Val - Loss, MSE, RMSE, MAE, MAPE: 16143751.00, 16143751.33, 3951.62, 2937.79, 3.19%
Test - Best epoch, Loss, MSE, RMSE, MAE, MAPE: 4, 20610438.00, 20610437.67, 4382.57, 3072.20, 3.23%
- Epoch 005, ExpID 6741
Train - Loss: 8831585.84
Val - Loss, MSE, RMSE, MAE, MAPE: 15541851.00, 15541850.50, 3876.26, 2888.00, 3.13%
Test - Best epoch, Loss, MSE, RMSE, MAE, MAPE: 5, 20603130.00, 20603128.50, 4366.99, 3061.38, 3.22%
- Epoch 006, ExpID 6741
Train - Loss: 8709444.82
Val - Loss, MSE, RMSE, MAE, MAPE: 15908170.00, 15908170.17, 3929.47, 2949.94, 3.20%
Test - Best epoch, Loss, MSE, RMSE, MAE, MAPE: 5, 20603130.00, 20603128.50, 4366.99, 3061.38, 3.22%
- Epoch 007, ExpID 6741
Train - Loss: 8549609.27
Val - Loss, MSE, RMSE, MAE, MAPE: 16265867.00, 16265866.17, 3965.20, 2964.62, 3.23%
Test - Best epoch, Loss, MSE, RMSE, MAE, MAPE: 5, 20603130.00, 20603128.50, 4366.99, 3061.38, 3.22%
- Epoch 008, ExpID 6741
Train - Loss: 8462992.56
Val - Loss, MSE, RMSE, MAE, MAPE: 15730291.00, 15730291.83, 3900.50, 2946.71, 3.20%
Test - Best epoch, Loss, MSE, RMSE, MAE, MAPE: 5, 20603130.00, 20603128.50, 4366.99, 3061.38, 3.22%
- Epoch 009, ExpID 6741
Train - Loss: 8417383.19
Val - Loss, MSE, RMSE, MAE, MAPE: 16204660.00, 16204660.50, 3953.78, 2983.51, 3.23%
Test - Best epoch, Loss, MSE, RMSE, MAE, MAPE: 5, 20603130.00, 20603128.50, 4366.99, 3061.38, 3.22%
- Epoch 010, ExpID 6741
Train - Loss: 8267658.25
Val - Loss, MSE, RMSE, MAE, MAPE: 16449908.00, 16449906.83, 3992.52, 3017.56, 3.27%
Test - Best epoch, Loss, MSE, RMSE, MAE, MAPE: 5, 20603130.00, 20603128.50, 4366.99, 3061.38, 3.22%
- Epoch 011, ExpID 6741
Train - Loss: 8186076.64
Val - Loss, MSE, RMSE, MAE, MAPE: 16124699.00, 16124699.00, 3944.35, 3014.32, 3.25%
Test - Best epoch, Loss, MSE, RMSE, MAE, MAPE: 5, 20603130.00, 20603128.50, 4366.99, 3061.38, 3.22%
- Epoch 012, ExpID 6741
Train - Loss: 8083167.64
Val - Loss, MSE, RMSE, MAE, MAPE: 15908203.00, 15908201.67, 3906.55, 2922.93, 3.18%
Test - Best epoch, Loss, MSE, RMSE, MAE, MAPE: 5, 20603130.00, 20603128.50, 4366.99, 3061.38, 3.22%
- Epoch 013, ExpID 6741
Train - Loss: 8004801.93
Val - Loss, MSE, RMSE, MAE, MAPE: 15683420.00, 15683420.83, 3888.93, 2927.67, 3.19%
Test - Best epoch, Loss, MSE, RMSE, MAE, MAPE: 5, 20603130.00, 20603128.50, 4366.99, 3061.38, 3.22%
- Epoch 014, ExpID 6741
Train - Loss: 7948931.55
Val - Loss, MSE, RMSE, MAE, MAPE: 15474484.00, 15474482.92, 3852.63, 2925.77, 3.16%
Test - Best epoch, Loss, MSE, RMSE, MAE, MAPE: 14, 21160350.00, 21160348.50, 4426.43, 3111.87, 3.26%
- Epoch 015, ExpID 6741
Train - Loss: 7861659.41
Val - Loss, MSE, RMSE, MAE, MAPE: 15587735.00, 15587734.33, 3879.27, 2943.19, 3.19%
Test - Best epoch, Loss, MSE, RMSE, MAE, MAPE: 14, 21160350.00, 21160348.50, 4426.43, 3111.87, 3.26%
- Epoch 016, ExpID 6741
Train - Loss: 7782667.77
Val - Loss, MSE, RMSE, MAE, MAPE: 15633710.00, 15633709.00, 3880.19, 2943.45, 3.20%
Test - Best epoch, Loss, MSE, RMSE, MAE, MAPE: 14, 21160350.00, 21160348.50, 4426.43, 3111.87, 3.26%
- Epoch 017, ExpID 6741
Train - Loss: 7656458.16
Val - Loss, MSE, RMSE, MAE, MAPE: 15726398.00, 15726397.50, 3898.78, 2962.57, 3.22%
Test - Best epoch, Loss, MSE, RMSE, MAE, MAPE: 14, 21160350.00, 21160348.50, 4426.43, 3111.87, 3.26%
- Epoch 018, ExpID 6741
Train - Loss: 7632703.08
Val - Loss, MSE, RMSE, MAE, MAPE: 15388618.00, 15388616.67, 3844.07, 2905.54, 3.16%
Test - Best epoch, Loss, MSE, RMSE, MAE, MAPE: 18, 20683956.00, 20683954.83, 4370.05, 3077.44, 3.24%
- Epoch 019, ExpID 6741
Train - Loss: 7565640.28
Val - Loss, MSE, RMSE, MAE, MAPE: 16123848.00, 16123848.67, 3937.01, 2977.26, 3.24%
Test - Best epoch, Loss, MSE, RMSE, MAE, MAPE: 18, 20683956.00, 20683954.83, 4370.05, 3077.44, 3.24%
- Epoch 020, ExpID 6741
Train - Loss: 7535970.97
Val - Loss, MSE, RMSE, MAE, MAPE: 16687648.00, 16687647.00, 4008.17, 3003.44, 3.26%
Test - Best epoch, Loss, MSE, RMSE, MAE, MAPE: 18, 20683956.00, 20683954.83, 4370.05, 3077.44, 3.24%
- Epoch 021, ExpID 6741
Train - Loss: 7446279.60
Val - Loss, MSE, RMSE, MAE, MAPE: 15744166.00, 15744165.33, 3892.85, 2946.66, 3.20%
Test - Best epoch, Loss, MSE, RMSE, MAE, MAPE: 18, 20683956.00, 20683954.83, 4370.05, 3077.44, 3.24%
- Epoch 022, ExpID 6741
Train - Loss: 7406519.17
Val - Loss, MSE, RMSE, MAE, MAPE: 15588150.00, 15588148.83, 3867.32, 2922.48, 3.18%
Test - Best epoch, Loss, MSE, RMSE, MAE, MAPE: 18, 20683956.00, 20683954.83, 4370.05, 3077.44, 3.24%
- Epoch 023, ExpID 6741
Train - Loss: 7299107.30
Val - Loss, MSE, RMSE, MAE, MAPE: 15948924.00, 15948923.17, 3921.58, 2971.59, 3.24%
Test - Best epoch, Loss, MSE, RMSE, MAE, MAPE: 18, 20683956.00, 20683954.83, 4370.05, 3077.44, 3.24%
- Epoch 024, ExpID 6741
Train - Loss: 7273133.60
Val - Loss, MSE, RMSE, MAE, MAPE: 17223632.00, 17223632.83, 4065.83, 3057.58, 3.33%
Test - Best epoch, Loss, MSE, RMSE, MAE, MAPE: 18, 20683956.00, 20683954.83, 4370.05, 3077.44, 3.24%
- Epoch 025, ExpID 6741
Train - Loss: 7194036.86
Val - Loss, MSE, RMSE, MAE, MAPE: 15842198.00, 15842197.33, 3904.47, 2924.36, 3.18%
Test - Best epoch, Loss, MSE, RMSE, MAE, MAPE: 18, 20683956.00, 20683954.83, 4370.05, 3077.44, 3.24%
- Epoch 026, ExpID 6741
Train - Loss: 7117516.91
Val - Loss, MSE, RMSE, MAE, MAPE: 15913303.00, 15913301.67, 3897.36, 2976.26, 3.23%
Test - Best epoch, Loss, MSE, RMSE, MAE, MAPE: 18, 20683956.00, 20683954.83, 4370.05, 3077.44, 3.24%
- Epoch 027, ExpID 6741
Train - Loss: 7102591.65
Val - Loss, MSE, RMSE, MAE, MAPE: 15695902.00, 15695901.50, 3888.38, 2940.73, 3.21%
Test - Best epoch, Loss, MSE, RMSE, MAE, MAPE: 18, 20683956.00, 20683954.83, 4370.05, 3077.44, 3.24%
- Epoch 028, ExpID 6741
Train - Loss: 7007000.03
Val - Loss, MSE, RMSE, MAE, MAPE: 15837215.00, 15837214.17, 3902.37, 2999.60, 3.27%
Test - Best epoch, Loss, MSE, RMSE, MAE, MAPE: 18, 20683956.00, 20683954.83, 4370.05, 3077.44, 3.24%
Early Stopping at Epoch 28
Fold 2019 Best RMSE: 4370.0549
