DETAILED LOG | Model: nbeats | Seed: 2
FULL CONFIG: {'gpu': '3', 'target': 'departure', 'cv_start_year': 2017, 'cv_end_year': 2019, 'test_year': 2024, 'use_corona': False, 'seq_len': 365, 'label_len': 0, 'pred_len': 7, 'batch_size': 64, 'epochs': 1000, 'patience': 10, 'lr': 1e-05, 'model': 'nbeats', 'd_model': 512, 'n_heads': 4, 'n_layers': 4, 'dropout': 0.1, 'activation': 'gelu', 'patch_len': 16, 'factor': 5, 'norm_mode': 'revin', 'use_dbloss': False, 'device': device(type='cuda'), 'stride': 16, 'file_path': 'dataset/airport_daily_flight_merged.csv', 'seed': 2, 'val_year': 2019, 'ndims': 1}

-------------------- [Fold: 2017] ExpID: 5242 --------------------
- Epoch 000, ExpID 5242
Train - Loss: 29600286.45
Val - Loss, MSE, RMSE, MAE, MAPE: 53441436.00, 53441435.33, 7254.46, 5523.11, 7.14%
Test - Best epoch, Loss, MSE, RMSE, MAE, MAPE: 0, 71332592.00, 71332586.67, 8226.67, 6159.27, 7.43%
- Epoch 001, ExpID 5242
Train - Loss: 28480698.51
Val - Loss, MSE, RMSE, MAE, MAPE: 49657168.00, 49657171.33, 6984.34, 5294.39, 6.84%
Test - Best epoch, Loss, MSE, RMSE, MAE, MAPE: 1, 67406088.00, 67406088.67, 7976.17, 5915.82, 7.14%
- Epoch 002, ExpID 5242
Train - Loss: 25749373.22
Val - Loss, MSE, RMSE, MAE, MAPE: 42763704.00, 42763702.33, 6459.47, 4831.19, 6.23%
Test - Best epoch, Loss, MSE, RMSE, MAE, MAPE: 2, 60267072.00, 60267072.00, 7498.18, 5421.49, 6.55%
- Epoch 003, ExpID 5242
Train - Loss: 22672138.01
Val - Loss, MSE, RMSE, MAE, MAPE: 37026284.00, 37026282.17, 5982.07, 4378.99, 5.62%
Test - Best epoch, Loss, MSE, RMSE, MAE, MAPE: 3, 53218248.00, 53218241.33, 6999.15, 4911.02, 5.92%
- Epoch 004, ExpID 5242
Train - Loss: 20106730.73
Val - Loss, MSE, RMSE, MAE, MAPE: 33968164.00, 33968162.50, 5704.37, 4122.01, 5.31%
Test - Best epoch, Loss, MSE, RMSE, MAE, MAPE: 4, 49019276.00, 49019274.00, 6698.97, 4594.72, 5.56%
- Epoch 005, ExpID 5242
Train - Loss: 18525539.43
Val - Loss, MSE, RMSE, MAE, MAPE: 32728488.00, 32728487.33, 5593.82, 4046.13, 5.17%
Test - Best epoch, Loss, MSE, RMSE, MAE, MAPE: 5, 46193304.00, 46193303.00, 6492.33, 4464.25, 5.37%
- Epoch 006, ExpID 5242
Train - Loss: 17097204.52
Val - Loss, MSE, RMSE, MAE, MAPE: 31092646.00, 31092645.00, 5441.34, 3933.95, 5.04%
Test - Best epoch, Loss, MSE, RMSE, MAE, MAPE: 6, 43917056.00, 43917051.67, 6321.28, 4341.12, 5.24%
- Epoch 007, ExpID 5242
Train - Loss: 15759311.11
Val - Loss, MSE, RMSE, MAE, MAPE: 30081244.00, 30081243.92, 5346.42, 3892.05, 4.98%
Test - Best epoch, Loss, MSE, RMSE, MAE, MAPE: 7, 42350016.00, 42350012.00, 6196.59, 4291.04, 5.18%
- Epoch 008, ExpID 5242
Train - Loss: 14634041.83
Val - Loss, MSE, RMSE, MAE, MAPE: 29921760.00, 29921761.08, 5327.13, 3937.47, 5.01%
Test - Best epoch, Loss, MSE, RMSE, MAE, MAPE: 8, 41311968.00, 41311968.00, 6100.93, 4279.68, 5.14%
- Epoch 009, ExpID 5242
Train - Loss: 13498242.49
Val - Loss, MSE, RMSE, MAE, MAPE: 30766416.00, 30766416.42, 5371.49, 4047.28, 5.11%
Test - Best epoch, Loss, MSE, RMSE, MAE, MAPE: 8, 41311968.00, 41311968.00, 6100.93, 4279.68, 5.14%
- Epoch 010, ExpID 5242
Train - Loss: 12683133.71
Val - Loss, MSE, RMSE, MAE, MAPE: 29758790.00, 29758789.67, 5274.81, 4001.75, 5.05%
Test - Best epoch, Loss, MSE, RMSE, MAE, MAPE: 10, 40508796.00, 40508793.67, 5999.86, 4299.30, 5.13%
- Epoch 011, ExpID 5242
Train - Loss: 11799117.41
Val - Loss, MSE, RMSE, MAE, MAPE: 27733252.00, 27733251.33, 5094.59, 3842.14, 4.88%
Test - Best epoch, Loss, MSE, RMSE, MAE, MAPE: 11, 39959896.00, 39959893.00, 5932.09, 4242.78, 5.10%
- Epoch 012, ExpID 5242
Train - Loss: 11095759.52
Val - Loss, MSE, RMSE, MAE, MAPE: 27657814.00, 27657810.75, 5082.43, 3820.81, 4.85%
Test - Best epoch, Loss, MSE, RMSE, MAE, MAPE: 12, 39967916.00, 39967917.00, 5915.74, 4242.21, 5.11%
- Epoch 013, ExpID 5242
Train - Loss: 10563080.40
Val - Loss, MSE, RMSE, MAE, MAPE: 27570844.00, 27570843.75, 5069.56, 3829.12, 4.84%
Test - Best epoch, Loss, MSE, RMSE, MAE, MAPE: 13, 39911916.00, 39911912.67, 5889.47, 4227.94, 5.08%
- Epoch 014, ExpID 5242
Train - Loss: 10052797.37
Val - Loss, MSE, RMSE, MAE, MAPE: 27744284.00, 27744280.67, 5077.25, 3833.80, 4.85%
Test - Best epoch, Loss, MSE, RMSE, MAE, MAPE: 13, 39911916.00, 39911912.67, 5889.47, 4227.94, 5.08%
- Epoch 015, ExpID 5242
Train - Loss: 9599998.15
Val - Loss, MSE, RMSE, MAE, MAPE: 27733070.00, 27733067.67, 5067.25, 3826.25, 4.83%
Test - Best epoch, Loss, MSE, RMSE, MAE, MAPE: 13, 39911916.00, 39911912.67, 5889.47, 4227.94, 5.08%
- Epoch 016, ExpID 5242
Train - Loss: 9196351.27
Val - Loss, MSE, RMSE, MAE, MAPE: 27210216.00, 27210218.67, 5016.67, 3770.27, 4.77%
Test - Best epoch, Loss, MSE, RMSE, MAE, MAPE: 16, 39495176.00, 39495172.50, 5809.28, 4164.06, 5.01%
- Epoch 017, ExpID 5242
Train - Loss: 8816431.87
Val - Loss, MSE, RMSE, MAE, MAPE: 26824448.00, 26824447.42, 4986.66, 3761.84, 4.76%
Test - Best epoch, Loss, MSE, RMSE, MAE, MAPE: 17, 39227416.00, 39227411.83, 5783.63, 4162.36, 5.02%
- Epoch 018, ExpID 5242
Train - Loss: 8455892.73
Val - Loss, MSE, RMSE, MAE, MAPE: 28821702.00, 28821699.33, 5136.87, 3919.00, 4.92%
Test - Best epoch, Loss, MSE, RMSE, MAE, MAPE: 17, 39227416.00, 39227411.83, 5783.63, 4162.36, 5.02%
- Epoch 019, ExpID 5242
Train - Loss: 8505388.44
Val - Loss, MSE, RMSE, MAE, MAPE: 26569740.00, 26569738.58, 4961.68, 3717.80, 4.72%
Test - Best epoch, Loss, MSE, RMSE, MAE, MAPE: 19, 38785416.00, 38785416.33, 5740.17, 4098.12, 4.95%
- Epoch 020, ExpID 5242
Train - Loss: 7905987.63
Val - Loss, MSE, RMSE, MAE, MAPE: 26757232.00, 26757234.75, 4988.43, 3749.82, 4.76%
Test - Best epoch, Loss, MSE, RMSE, MAE, MAPE: 19, 38785416.00, 38785416.33, 5740.17, 4098.12, 4.95%
- Epoch 021, ExpID 5242
Train - Loss: 7731799.83
Val - Loss, MSE, RMSE, MAE, MAPE: 27444872.00, 27444871.17, 5046.71, 3820.46, 4.83%
Test - Best epoch, Loss, MSE, RMSE, MAE, MAPE: 19, 38785416.00, 38785416.33, 5740.17, 4098.12, 4.95%
- Epoch 022, ExpID 5242
Train - Loss: 7417386.13
Val - Loss, MSE, RMSE, MAE, MAPE: 26923046.00, 26923047.25, 4996.78, 3779.51, 4.79%
Test - Best epoch, Loss, MSE, RMSE, MAE, MAPE: 19, 38785416.00, 38785416.33, 5740.17, 4098.12, 4.95%
- Epoch 023, ExpID 5242
Train - Loss: 7209685.24
Val - Loss, MSE, RMSE, MAE, MAPE: 27006902.00, 27006902.42, 5003.98, 3768.24, 4.79%
Test - Best epoch, Loss, MSE, RMSE, MAE, MAPE: 19, 38785416.00, 38785416.33, 5740.17, 4098.12, 4.95%
- Epoch 024, ExpID 5242
Train - Loss: 7155475.39
Val - Loss, MSE, RMSE, MAE, MAPE: 28593256.00, 28593257.42, 5111.28, 3905.32, 4.92%
Test - Best epoch, Loss, MSE, RMSE, MAE, MAPE: 19, 38785416.00, 38785416.33, 5740.17, 4098.12, 4.95%
- Epoch 025, ExpID 5242
Train - Loss: 6888139.26
Val - Loss, MSE, RMSE, MAE, MAPE: 27337390.00, 27337390.67, 5027.27, 3822.03, 4.84%
Test - Best epoch, Loss, MSE, RMSE, MAE, MAPE: 19, 38785416.00, 38785416.33, 5740.17, 4098.12, 4.95%
- Epoch 026, ExpID 5242
Train - Loss: 6719257.78
Val - Loss, MSE, RMSE, MAE, MAPE: 27629408.00, 27629408.00, 5053.15, 3841.07, 4.87%
Test - Best epoch, Loss, MSE, RMSE, MAE, MAPE: 19, 38785416.00, 38785416.33, 5740.17, 4098.12, 4.95%
- Epoch 027, ExpID 5242
Train - Loss: 6555677.45
Val - Loss, MSE, RMSE, MAE, MAPE: 27902380.00, 27902379.33, 5066.90, 3862.63, 4.89%
Test - Best epoch, Loss, MSE, RMSE, MAE, MAPE: 19, 38785416.00, 38785416.33, 5740.17, 4098.12, 4.95%
- Epoch 028, ExpID 5242
Train - Loss: 6480515.52
Val - Loss, MSE, RMSE, MAE, MAPE: 27531684.00, 27531684.08, 5058.74, 3844.40, 4.89%
Test - Best epoch, Loss, MSE, RMSE, MAE, MAPE: 19, 38785416.00, 38785416.33, 5740.17, 4098.12, 4.95%
- Epoch 029, ExpID 5242
Train - Loss: 6217694.57
Val - Loss, MSE, RMSE, MAE, MAPE: 28055572.00, 28055573.00, 5079.71, 3872.39, 4.90%
Test - Best epoch, Loss, MSE, RMSE, MAE, MAPE: 19, 38785416.00, 38785416.33, 5740.17, 4098.12, 4.95%
Early Stopping at Epoch 29
Fold 2017 Best RMSE: 5740.1677

-------------------- [Fold: 2018] ExpID: 50436 --------------------
- Epoch 000, ExpID 50436
Train - Loss: 31510507.05
Val - Loss, MSE, RMSE, MAE, MAPE: 71315120.00, 71315116.67, 8225.87, 6152.71, 7.43%
Test - Best epoch, Loss, MSE, RMSE, MAE, MAPE: 0, 69158432.00, 69158430.00, 8211.67, 6380.58, 6.94%
- Epoch 001, ExpID 50436
Train - Loss: 29769627.48
Val - Loss, MSE, RMSE, MAE, MAPE: 66589992.00, 66589988.67, 7922.90, 5845.83, 7.06%
Test - Best epoch, Loss, MSE, RMSE, MAE, MAPE: 1, 63424236.00, 63424234.67, 7847.77, 6053.96, 6.58%
- Epoch 002, ExpID 50436
Train - Loss: 26662931.69
Val - Loss, MSE, RMSE, MAE, MAPE: 58029936.00, 58029932.00, 7340.81, 5244.72, 6.33%
Test - Best epoch, Loss, MSE, RMSE, MAE, MAPE: 2, 53005200.00, 53005201.67, 7131.34, 5395.59, 5.86%
- Epoch 003, ExpID 50436
Train - Loss: 22871601.25
Val - Loss, MSE, RMSE, MAE, MAPE: 51400160.00, 51400162.00, 6861.38, 4758.24, 5.74%
Test - Best epoch, Loss, MSE, RMSE, MAE, MAPE: 3, 45740856.00, 45740855.67, 6581.01, 4868.52, 5.28%
- Epoch 004, ExpID 50436
Train - Loss: 20615909.54
Val - Loss, MSE, RMSE, MAE, MAPE: 47717708.00, 47717706.67, 6592.02, 4526.35, 5.44%
Test - Best epoch, Loss, MSE, RMSE, MAE, MAPE: 4, 42286092.00, 42286090.67, 6325.70, 4646.58, 5.03%
- Epoch 005, ExpID 50436
Train - Loss: 18943999.34
Val - Loss, MSE, RMSE, MAE, MAPE: 45061868.00, 45061863.00, 6401.20, 4375.20, 5.29%
Test - Best epoch, Loss, MSE, RMSE, MAE, MAPE: 5, 39868644.00, 39868642.00, 6158.79, 4510.81, 4.91%
- Epoch 006, ExpID 50436
Train - Loss: 17519438.12
Val - Loss, MSE, RMSE, MAE, MAPE: 42544860.00, 42544857.17, 6199.64, 4257.53, 5.12%
Test - Best epoch, Loss, MSE, RMSE, MAE, MAPE: 6, 37124456.00, 37124453.33, 5953.52, 4361.53, 4.73%
- Epoch 007, ExpID 50436
Train - Loss: 16111221.38
Val - Loss, MSE, RMSE, MAE, MAPE: 40934284.00, 40934281.00, 6065.09, 4196.58, 5.06%
Test - Best epoch, Loss, MSE, RMSE, MAE, MAPE: 7, 35186396.00, 35186393.00, 5813.89, 4283.68, 4.65%
- Epoch 008, ExpID 50436
Train - Loss: 14838496.42
Val - Loss, MSE, RMSE, MAE, MAPE: 39721624.00, 39721624.33, 5952.38, 4181.96, 5.02%
Test - Best epoch, Loss, MSE, RMSE, MAE, MAPE: 8, 33374414.00, 33374414.00, 5676.65, 4197.52, 4.55%
- Epoch 009, ExpID 50436
Train - Loss: 13747743.52
Val - Loss, MSE, RMSE, MAE, MAPE: 39375600.00, 39375595.33, 5909.40, 4172.32, 5.04%
Test - Best epoch, Loss, MSE, RMSE, MAE, MAPE: 9, 32369894.00, 32369894.00, 5605.46, 4179.02, 4.55%
- Epoch 010, ExpID 50436
Train - Loss: 12855843.22
Val - Loss, MSE, RMSE, MAE, MAPE: 39308396.00, 39308394.83, 5875.82, 4181.53, 5.04%
Test - Best epoch, Loss, MSE, RMSE, MAE, MAPE: 10, 31444968.00, 31444968.00, 5532.87, 4130.14, 4.49%
- Epoch 011, ExpID 50436
Train - Loss: 12099909.51
Val - Loss, MSE, RMSE, MAE, MAPE: 39284976.00, 39284974.33, 5856.03, 4190.49, 5.01%
Test - Best epoch, Loss, MSE, RMSE, MAE, MAPE: 11, 30943272.00, 30943273.33, 5488.74, 4106.17, 4.43%
- Epoch 012, ExpID 50436
Train - Loss: 11440601.61
Val - Loss, MSE, RMSE, MAE, MAPE: 39146864.00, 39146860.83, 5839.87, 4177.50, 5.04%
Test - Best epoch, Loss, MSE, RMSE, MAE, MAPE: 12, 30793656.00, 30793658.33, 5482.89, 4148.98, 4.51%
- Epoch 013, ExpID 50436
Train - Loss: 10855189.76
Val - Loss, MSE, RMSE, MAE, MAPE: 38561776.00, 38561774.17, 5774.02, 4131.58, 4.98%
Test - Best epoch, Loss, MSE, RMSE, MAE, MAPE: 13, 29932580.00, 29932578.00, 5409.28, 4090.70, 4.45%
- Epoch 014, ExpID 50436
Train - Loss: 10442598.11
Val - Loss, MSE, RMSE, MAE, MAPE: 38701336.00, 38701337.33, 5773.57, 4165.23, 5.00%
Test - Best epoch, Loss, MSE, RMSE, MAE, MAPE: 13, 29932580.00, 29932578.00, 5409.28, 4090.70, 4.45%
- Epoch 015, ExpID 50436
Train - Loss: 9925802.87
Val - Loss, MSE, RMSE, MAE, MAPE: 38566924.00, 38566921.83, 5749.46, 4144.86, 4.99%
Test - Best epoch, Loss, MSE, RMSE, MAE, MAPE: 13, 29932580.00, 29932578.00, 5409.28, 4090.70, 4.45%
- Epoch 016, ExpID 50436
Train - Loss: 9511107.09
Val - Loss, MSE, RMSE, MAE, MAPE: 38212944.00, 38212942.00, 5728.72, 4126.63, 4.99%
Test - Best epoch, Loss, MSE, RMSE, MAE, MAPE: 16, 29579486.00, 29579485.33, 5384.33, 4098.91, 4.46%
- Epoch 017, ExpID 50436
Train - Loss: 9156491.57
Val - Loss, MSE, RMSE, MAE, MAPE: 38133180.00, 38133177.17, 5713.97, 4125.62, 4.97%
Test - Best epoch, Loss, MSE, RMSE, MAE, MAPE: 17, 29059240.00, 29059238.33, 5337.46, 4071.04, 4.42%
- Epoch 018, ExpID 50436
Train - Loss: 8785985.02
Val - Loss, MSE, RMSE, MAE, MAPE: 38328184.00, 38328180.17, 5720.43, 4145.65, 4.99%
Test - Best epoch, Loss, MSE, RMSE, MAE, MAPE: 17, 29059240.00, 29059238.33, 5337.46, 4071.04, 4.42%
- Epoch 019, ExpID 50436
Train - Loss: 8488325.77
Val - Loss, MSE, RMSE, MAE, MAPE: 37958360.00, 37958356.00, 5691.31, 4111.09, 4.97%
Test - Best epoch, Loss, MSE, RMSE, MAE, MAPE: 19, 28693600.00, 28693600.33, 5307.42, 4043.12, 4.39%
- Epoch 020, ExpID 50436
Train - Loss: 8212921.42
Val - Loss, MSE, RMSE, MAE, MAPE: 38476236.00, 38476234.17, 5730.03, 4162.53, 4.99%
Test - Best epoch, Loss, MSE, RMSE, MAE, MAPE: 19, 28693600.00, 28693600.33, 5307.42, 4043.12, 4.39%
- Epoch 021, ExpID 50436
Train - Loss: 7938958.19
Val - Loss, MSE, RMSE, MAE, MAPE: 37588804.00, 37588804.33, 5663.68, 4092.00, 4.94%
Test - Best epoch, Loss, MSE, RMSE, MAE, MAPE: 21, 28688904.00, 28688903.67, 5304.09, 4059.60, 4.41%
- Epoch 022, ExpID 50436
Train - Loss: 7708788.64
Val - Loss, MSE, RMSE, MAE, MAPE: 38070504.00, 38070503.83, 5689.91, 4119.61, 4.96%
Test - Best epoch, Loss, MSE, RMSE, MAE, MAPE: 21, 28688904.00, 28688903.67, 5304.09, 4059.60, 4.41%
- Epoch 023, ExpID 50436
Train - Loss: 7550290.06
Val - Loss, MSE, RMSE, MAE, MAPE: 37838304.00, 37838305.50, 5663.16, 4116.25, 4.96%
Test - Best epoch, Loss, MSE, RMSE, MAE, MAPE: 21, 28688904.00, 28688903.67, 5304.09, 4059.60, 4.41%
- Epoch 024, ExpID 50436
Train - Loss: 7274191.19
Val - Loss, MSE, RMSE, MAE, MAPE: 37655316.00, 37655315.50, 5655.89, 4112.99, 4.96%
Test - Best epoch, Loss, MSE, RMSE, MAE, MAPE: 21, 28688904.00, 28688903.67, 5304.09, 4059.60, 4.41%
- Epoch 025, ExpID 50436
Train - Loss: 7102202.37
Val - Loss, MSE, RMSE, MAE, MAPE: 37701456.00, 37701458.33, 5654.54, 4101.49, 4.93%
Test - Best epoch, Loss, MSE, RMSE, MAE, MAPE: 21, 28688904.00, 28688903.67, 5304.09, 4059.60, 4.41%
- Epoch 026, ExpID 50436
Train - Loss: 6953718.56
Val - Loss, MSE, RMSE, MAE, MAPE: 37573420.00, 37573420.25, 5639.32, 4102.22, 4.94%
Test - Best epoch, Loss, MSE, RMSE, MAE, MAPE: 26, 28568040.00, 28568039.67, 5291.36, 4050.20, 4.39%
- Epoch 027, ExpID 50436
Train - Loss: 6780888.07
Val - Loss, MSE, RMSE, MAE, MAPE: 37711312.00, 37711311.67, 5649.30, 4095.82, 4.95%
Test - Best epoch, Loss, MSE, RMSE, MAE, MAPE: 26, 28568040.00, 28568039.67, 5291.36, 4050.20, 4.39%
- Epoch 028, ExpID 50436
Train - Loss: 6617040.57
Val - Loss, MSE, RMSE, MAE, MAPE: 37591240.00, 37591239.50, 5639.20, 4097.73, 4.94%
Test - Best epoch, Loss, MSE, RMSE, MAE, MAPE: 26, 28568040.00, 28568039.67, 5291.36, 4050.20, 4.39%
- Epoch 029, ExpID 50436
Train - Loss: 6470656.24
Val - Loss, MSE, RMSE, MAE, MAPE: 37937836.00, 37937836.75, 5656.61, 4106.91, 4.95%
Test - Best epoch, Loss, MSE, RMSE, MAE, MAPE: 26, 28568040.00, 28568039.67, 5291.36, 4050.20, 4.39%
- Epoch 030, ExpID 50436
Train - Loss: 6319610.35
Val - Loss, MSE, RMSE, MAE, MAPE: 37415212.00, 37415211.33, 5624.32, 4077.45, 4.91%
Test - Best epoch, Loss, MSE, RMSE, MAE, MAPE: 30, 28817044.00, 28817042.67, 5313.83, 4074.06, 4.41%
- Epoch 031, ExpID 50436
Train - Loss: 6214397.26
Val - Loss, MSE, RMSE, MAE, MAPE: 37651156.00, 37651154.92, 5640.13, 4111.15, 4.95%
Test - Best epoch, Loss, MSE, RMSE, MAE, MAPE: 30, 28817044.00, 28817042.67, 5313.83, 4074.06, 4.41%
- Epoch 032, ExpID 50436
Train - Loss: 6082671.14
Val - Loss, MSE, RMSE, MAE, MAPE: 37662336.00, 37662332.67, 5639.16, 4104.16, 4.94%
Test - Best epoch, Loss, MSE, RMSE, MAE, MAPE: 30, 28817044.00, 28817042.67, 5313.83, 4074.06, 4.41%
- Epoch 033, ExpID 50436
Train - Loss: 5946348.08
Val - Loss, MSE, RMSE, MAE, MAPE: 37554956.00, 37554954.58, 5637.60, 4102.37, 4.97%
Test - Best epoch, Loss, MSE, RMSE, MAE, MAPE: 30, 28817044.00, 28817042.67, 5313.83, 4074.06, 4.41%
- Epoch 034, ExpID 50436
Train - Loss: 5834256.66
Val - Loss, MSE, RMSE, MAE, MAPE: 37637760.00, 37637758.33, 5645.38, 4110.43, 4.95%
Test - Best epoch, Loss, MSE, RMSE, MAE, MAPE: 30, 28817044.00, 28817042.67, 5313.83, 4074.06, 4.41%
- Epoch 035, ExpID 50436
Train - Loss: 5730745.55
Val - Loss, MSE, RMSE, MAE, MAPE: 37723264.00, 37723261.17, 5648.96, 4124.31, 4.98%
Test - Best epoch, Loss, MSE, RMSE, MAE, MAPE: 30, 28817044.00, 28817042.67, 5313.83, 4074.06, 4.41%
- Epoch 036, ExpID 50436
Train - Loss: 5615824.69
Val - Loss, MSE, RMSE, MAE, MAPE: 37769828.00, 37769827.25, 5646.91, 4089.66, 4.93%
Test - Best epoch, Loss, MSE, RMSE, MAE, MAPE: 30, 28817044.00, 28817042.67, 5313.83, 4074.06, 4.41%
- Epoch 037, ExpID 50436
Train - Loss: 5510215.58
Val - Loss, MSE, RMSE, MAE, MAPE: 37727440.00, 37727438.33, 5641.26, 4115.16, 4.96%
Test - Best epoch, Loss, MSE, RMSE, MAE, MAPE: 30, 28817044.00, 28817042.67, 5313.83, 4074.06, 4.41%
- Epoch 038, ExpID 50436
Train - Loss: 5405465.06
Val - Loss, MSE, RMSE, MAE, MAPE: 37658512.00, 37658514.17, 5635.20, 4096.04, 4.94%
Test - Best epoch, Loss, MSE, RMSE, MAE, MAPE: 30, 28817044.00, 28817042.67, 5313.83, 4074.06, 4.41%
- Epoch 039, ExpID 50436
Train - Loss: 5326615.62
Val - Loss, MSE, RMSE, MAE, MAPE: 37732952.00, 37732952.58, 5638.51, 4120.60, 4.98%
Test - Best epoch, Loss, MSE, RMSE, MAE, MAPE: 30, 28817044.00, 28817042.67, 5313.83, 4074.06, 4.41%
- Epoch 040, ExpID 50436
Train - Loss: 5232084.09
Val - Loss, MSE, RMSE, MAE, MAPE: 38019016.00, 38019015.00, 5651.10, 4119.58, 4.95%
Test - Best epoch, Loss, MSE, RMSE, MAE, MAPE: 30, 28817044.00, 28817042.67, 5313.83, 4074.06, 4.41%
Early Stopping at Epoch 40
Fold 2018 Best RMSE: 5313.8341

-------------------- [Fold: 2019] ExpID: 59826 --------------------
- Epoch 000, ExpID 59826
Train - Loss: 34095957.67
Val - Loss, MSE, RMSE, MAE, MAPE: 68833496.00, 68833489.33, 8191.85, 6366.06, 6.92%
Test - Best epoch, Loss, MSE, RMSE, MAE, MAPE: 0, 75117360.00, 75117360.00, 8594.64, 6586.18, 6.95%
- Epoch 001, ExpID 59826
Train - Loss: 32213721.56
Val - Loss, MSE, RMSE, MAE, MAPE: 62596000.00, 62595998.00, 7793.40, 6007.48, 6.53%
Test - Best epoch, Loss, MSE, RMSE, MAE, MAPE: 1, 68272128.00, 68272128.00, 8177.37, 6201.34, 6.54%
- Epoch 002, ExpID 59826
Train - Loss: 28720766.06
Val - Loss, MSE, RMSE, MAE, MAPE: 51949676.00, 51949676.33, 7048.80, 5316.89, 5.77%
Test - Best epoch, Loss, MSE, RMSE, MAE, MAPE: 2, 57428496.00, 57428499.33, 7444.39, 5494.17, 5.81%
- Epoch 003, ExpID 59826
Train - Loss: 24742170.33
Val - Loss, MSE, RMSE, MAE, MAPE: 45258744.00, 45258743.67, 6529.21, 4803.85, 5.22%
Test - Best epoch, Loss, MSE, RMSE, MAE, MAPE: 3, 50642124.00, 50642127.00, 6912.77, 4988.41, 5.28%
- Epoch 004, ExpID 59826
Train - Loss: 22297960.80
Val - Loss, MSE, RMSE, MAE, MAPE: 41869116.00, 41869115.00, 6277.78, 4568.76, 4.95%
Test - Best epoch, Loss, MSE, RMSE, MAE, MAPE: 4, 45965904.00, 45965903.33, 6548.78, 4678.38, 4.95%
- Epoch 005, ExpID 59826
Train - Loss: 20307665.99
Val - Loss, MSE, RMSE, MAE, MAPE: 38933560.00, 38933558.00, 6066.82, 4382.18, 4.76%
Test - Best epoch, Loss, MSE, RMSE, MAE, MAPE: 5, 42415160.00, 42415160.00, 6265.13, 4442.56, 4.70%
- Epoch 006, ExpID 59826
Train - Loss: 18673780.69
Val - Loss, MSE, RMSE, MAE, MAPE: 36989948.00, 36989946.33, 5932.62, 4286.03, 4.68%
Test - Best epoch, Loss, MSE, RMSE, MAE, MAPE: 6, 40203596.00, 40203592.83, 6079.11, 4285.49, 4.56%
- Epoch 007, ExpID 59826
Train - Loss: 17146470.85
Val - Loss, MSE, RMSE, MAE, MAPE: 34222208.00, 34222211.33, 5724.20, 4153.13, 4.52%
Test - Best epoch, Loss, MSE, RMSE, MAE, MAPE: 7, 36772624.00, 36772623.33, 5806.40, 4098.59, 4.35%
- Epoch 008, ExpID 59826
Train - Loss: 15929041.63
Val - Loss, MSE, RMSE, MAE, MAPE: 32409936.00, 32409935.00, 5583.79, 4083.99, 4.44%
Test - Best epoch, Loss, MSE, RMSE, MAE, MAPE: 8, 34404396.00, 34404392.67, 5618.65, 3953.43, 4.19%
- Epoch 009, ExpID 59826
Train - Loss: 14798515.28
Val - Loss, MSE, RMSE, MAE, MAPE: 31084704.00, 31084706.00, 5476.83, 4037.48, 4.37%
Test - Best epoch, Loss, MSE, RMSE, MAE, MAPE: 9, 31836184.00, 31836183.33, 5415.35, 3833.40, 4.05%
- Epoch 010, ExpID 59826
Train - Loss: 13823924.60
Val - Loss, MSE, RMSE, MAE, MAPE: 30376792.00, 30376792.00, 5421.43, 4012.26, 4.35%
Test - Best epoch, Loss, MSE, RMSE, MAE, MAPE: 10, 31025134.00, 31025133.33, 5346.26, 3797.80, 4.01%
- Epoch 011, ExpID 59826
Train - Loss: 13067565.54
Val - Loss, MSE, RMSE, MAE, MAPE: 29760118.00, 29760117.33, 5373.02, 3978.24, 4.33%
Test - Best epoch, Loss, MSE, RMSE, MAE, MAPE: 11, 29978244.00, 29978243.50, 5254.39, 3742.03, 3.96%
- Epoch 012, ExpID 59826
Train - Loss: 12400084.08
Val - Loss, MSE, RMSE, MAE, MAPE: 29528918.00, 29528916.33, 5355.60, 3975.59, 4.32%
Test - Best epoch, Loss, MSE, RMSE, MAE, MAPE: 12, 29491238.00, 29491236.83, 5220.12, 3725.92, 3.94%
- Epoch 013, ExpID 59826
Train - Loss: 11694947.68
Val - Loss, MSE, RMSE, MAE, MAPE: 29364406.00, 29364407.33, 5344.03, 3988.71, 4.32%
Test - Best epoch, Loss, MSE, RMSE, MAE, MAPE: 13, 28371404.00, 28371404.00, 5141.95, 3683.59, 3.87%
- Epoch 014, ExpID 59826
Train - Loss: 11204458.67
Val - Loss, MSE, RMSE, MAE, MAPE: 29233086.00, 29233084.00, 5333.60, 3972.40, 4.32%
Test - Best epoch, Loss, MSE, RMSE, MAE, MAPE: 14, 28371280.00, 28371280.00, 5125.57, 3688.42, 3.89%
- Epoch 015, ExpID 59826
Train - Loss: 10687136.94
Val - Loss, MSE, RMSE, MAE, MAPE: 28889470.00, 28889469.67, 5301.65, 3949.41, 4.28%
Test - Best epoch, Loss, MSE, RMSE, MAE, MAPE: 15, 27779000.00, 27779001.17, 5079.04, 3659.02, 3.86%
- Epoch 016, ExpID 59826
Train - Loss: 10221744.76
Val - Loss, MSE, RMSE, MAE, MAPE: 29416564.00, 29416562.33, 5353.68, 3988.20, 4.34%
Test - Best epoch, Loss, MSE, RMSE, MAE, MAPE: 15, 27779000.00, 27779001.17, 5079.04, 3659.02, 3.86%
- Epoch 017, ExpID 59826
Train - Loss: 9845948.39
Val - Loss, MSE, RMSE, MAE, MAPE: 29036620.00, 29036617.67, 5320.01, 3969.73, 4.32%
Test - Best epoch, Loss, MSE, RMSE, MAE, MAPE: 15, 27779000.00, 27779001.17, 5079.04, 3659.02, 3.86%
- Epoch 018, ExpID 59826
Train - Loss: 9451878.17
Val - Loss, MSE, RMSE, MAE, MAPE: 29402126.00, 29402125.00, 5352.45, 4003.72, 4.35%
Test - Best epoch, Loss, MSE, RMSE, MAE, MAPE: 15, 27779000.00, 27779001.17, 5079.04, 3659.02, 3.86%
- Epoch 019, ExpID 59826
Train - Loss: 9100143.97
Val - Loss, MSE, RMSE, MAE, MAPE: 29634662.00, 29634661.33, 5371.00, 4015.47, 4.37%
Test - Best epoch, Loss, MSE, RMSE, MAE, MAPE: 15, 27779000.00, 27779001.17, 5079.04, 3659.02, 3.86%
- Epoch 020, ExpID 59826
Train - Loss: 8776887.75
Val - Loss, MSE, RMSE, MAE, MAPE: 29690668.00, 29690666.00, 5373.71, 4004.88, 4.35%
Test - Best epoch, Loss, MSE, RMSE, MAE, MAPE: 15, 27779000.00, 27779001.17, 5079.04, 3659.02, 3.86%
- Epoch 021, ExpID 59826
Train - Loss: 8574718.23
Val - Loss, MSE, RMSE, MAE, MAPE: 29577278.00, 29577276.67, 5363.03, 3994.14, 4.34%
Test - Best epoch, Loss, MSE, RMSE, MAE, MAPE: 15, 27779000.00, 27779001.17, 5079.04, 3659.02, 3.86%
- Epoch 022, ExpID 59826
Train - Loss: 8296793.07
Val - Loss, MSE, RMSE, MAE, MAPE: 30294796.00, 30294794.33, 5424.23, 4048.05, 4.41%
Test - Best epoch, Loss, MSE, RMSE, MAE, MAPE: 15, 27779000.00, 27779001.17, 5079.04, 3659.02, 3.86%
- Epoch 023, ExpID 59826
Train - Loss: 8027363.86
Val - Loss, MSE, RMSE, MAE, MAPE: 30078580.00, 30078578.67, 5406.61, 4030.09, 4.38%
Test - Best epoch, Loss, MSE, RMSE, MAE, MAPE: 15, 27779000.00, 27779001.17, 5079.04, 3659.02, 3.86%
- Epoch 024, ExpID 59826
Train - Loss: 7791813.38
Val - Loss, MSE, RMSE, MAE, MAPE: 30014508.00, 30014507.00, 5401.80, 4039.39, 4.38%
Test - Best epoch, Loss, MSE, RMSE, MAE, MAPE: 15, 27779000.00, 27779001.17, 5079.04, 3659.02, 3.86%
- Epoch 025, ExpID 59826
Train - Loss: 7603149.30
Val - Loss, MSE, RMSE, MAE, MAPE: 30638528.00, 30638529.67, 5451.79, 4071.70, 4.42%
Test - Best epoch, Loss, MSE, RMSE, MAE, MAPE: 15, 27779000.00, 27779001.17, 5079.04, 3659.02, 3.86%
Early Stopping at Epoch 25
Fold 2019 Best RMSE: 5079.0401
