DETAILED LOG | Model: nbeats | Seed: 1
FULL CONFIG: {'gpu': '3', 'target': 'departure', 'cv_start_year': 2017, 'cv_end_year': 2019, 'test_year': 2024, 'use_corona': False, 'seq_len': 91, 'label_len': 0, 'pred_len': 7, 'batch_size': 64, 'epochs': 1000, 'patience': 10, 'lr': 0.0001, 'model': 'nbeats', 'd_model': 64, 'n_heads': 4, 'n_layers': 2, 'dropout': 0.1, 'activation': 'gelu', 'patch_len': 16, 'factor': 5, 'norm_mode': 'revin', 'use_dbloss': False, 'device': device(type='cuda'), 'stride': 16, 'file_path': 'dataset/airport_daily_flight_merged.csv', 'seed': 1, 'val_year': 2019, 'ndims': 1}

-------------------- [Fold: 2017] ExpID: 58994 --------------------
- Epoch 000, ExpID 58994
Train - Loss: 28744299.24
Val - Loss, MSE, RMSE, MAE, MAPE: 52519912.00, 52519906.00, 7188.44, 5457.52, 7.06%
Test - Best epoch, Loss, MSE, RMSE, MAE, MAPE: 0, 69632672.00, 69632666.00, 8133.71, 6073.64, 7.33%
- Epoch 001, ExpID 58994
Train - Loss: 26773316.24
Val - Loss, MSE, RMSE, MAE, MAPE: 47641792.00, 47641790.33, 6836.15, 5143.46, 6.64%
Test - Best epoch, Loss, MSE, RMSE, MAE, MAPE: 1, 64065224.00, 64065223.67, 7777.44, 5731.13, 6.92%
- Epoch 002, ExpID 58994
Train - Loss: 24155727.32
Val - Loss, MSE, RMSE, MAE, MAPE: 41369548.00, 41369544.67, 6355.13, 4706.50, 6.07%
Test - Best epoch, Loss, MSE, RMSE, MAE, MAPE: 2, 57158908.00, 57158905.00, 7307.31, 5270.68, 6.36%
- Epoch 003, ExpID 58994
Train - Loss: 21889866.44
Val - Loss, MSE, RMSE, MAE, MAPE: 36698536.00, 36698534.00, 5973.96, 4358.39, 5.62%
Test - Best epoch, Loss, MSE, RMSE, MAE, MAPE: 3, 52200300.00, 52200300.00, 6944.16, 4915.67, 5.94%
- Epoch 004, ExpID 58994
Train - Loss: 19866173.90
Val - Loss, MSE, RMSE, MAE, MAPE: 34326768.00, 34326762.33, 5780.39, 4209.91, 5.41%
Test - Best epoch, Loss, MSE, RMSE, MAE, MAPE: 4, 50139088.00, 50139091.00, 6782.08, 4803.59, 5.79%
- Epoch 005, ExpID 58994
Train - Loss: 18877297.19
Val - Loss, MSE, RMSE, MAE, MAPE: 32674446.00, 32674448.00, 5641.56, 4099.81, 5.27%
Test - Best epoch, Loss, MSE, RMSE, MAE, MAPE: 5, 48922600.00, 48922595.33, 6675.59, 4736.29, 5.72%
- Epoch 006, ExpID 58994
Train - Loss: 17983849.92
Val - Loss, MSE, RMSE, MAE, MAPE: 31409496.00, 31409496.67, 5535.59, 4031.00, 5.18%
Test - Best epoch, Loss, MSE, RMSE, MAE, MAPE: 6, 48282940.00, 48282937.17, 6610.82, 4720.24, 5.70%
- Epoch 007, ExpID 58994
Train - Loss: 17232175.18
Val - Loss, MSE, RMSE, MAE, MAPE: 30387542.00, 30387544.00, 5452.43, 3980.81, 5.11%
Test - Best epoch, Loss, MSE, RMSE, MAE, MAPE: 7, 47917916.00, 47917916.83, 6566.63, 4701.10, 5.68%
- Epoch 008, ExpID 58994
Train - Loss: 16602957.05
Val - Loss, MSE, RMSE, MAE, MAPE: 29625110.00, 29625109.67, 5389.21, 3949.47, 5.06%
Test - Best epoch, Loss, MSE, RMSE, MAE, MAPE: 8, 47932280.00, 47932274.67, 6548.30, 4713.14, 5.69%
- Epoch 009, ExpID 58994
Train - Loss: 16135511.33
Val - Loss, MSE, RMSE, MAE, MAPE: 28923222.00, 28923221.33, 5326.08, 3910.51, 5.02%
Test - Best epoch, Loss, MSE, RMSE, MAE, MAPE: 9, 47646192.00, 47646195.17, 6512.31, 4700.02, 5.68%
- Epoch 010, ExpID 58994
Train - Loss: 15746915.08
Val - Loss, MSE, RMSE, MAE, MAPE: 28533616.00, 28533615.67, 5293.40, 3892.13, 4.99%
Test - Best epoch, Loss, MSE, RMSE, MAE, MAPE: 10, 47674576.00, 47674573.67, 6506.27, 4727.23, 5.70%
- Epoch 011, ExpID 58994
Train - Loss: 15423906.78
Val - Loss, MSE, RMSE, MAE, MAPE: 28137662.00, 28137663.00, 5255.84, 3868.14, 4.97%
Test - Best epoch, Loss, MSE, RMSE, MAE, MAPE: 11, 47812096.00, 47812090.50, 6503.04, 4734.20, 5.72%
- Epoch 012, ExpID 58994
Train - Loss: 15193379.67
Val - Loss, MSE, RMSE, MAE, MAPE: 27861384.00, 27861384.33, 5238.32, 3871.79, 4.96%
Test - Best epoch, Loss, MSE, RMSE, MAE, MAPE: 12, 47926776.00, 47926772.83, 6492.05, 4726.36, 5.70%
- Epoch 013, ExpID 58994
Train - Loss: 14861374.16
Val - Loss, MSE, RMSE, MAE, MAPE: 27729126.00, 27729126.00, 5225.80, 3855.11, 4.93%
Test - Best epoch, Loss, MSE, RMSE, MAE, MAPE: 13, 48310268.00, 48310267.17, 6529.19, 4782.91, 5.76%
- Epoch 014, ExpID 58994
Train - Loss: 14645605.99
Val - Loss, MSE, RMSE, MAE, MAPE: 27319278.00, 27319278.33, 5181.81, 3829.91, 4.92%
Test - Best epoch, Loss, MSE, RMSE, MAE, MAPE: 14, 47761216.00, 47761216.17, 6466.23, 4706.30, 5.70%
- Epoch 015, ExpID 58994
Train - Loss: 14407222.66
Val - Loss, MSE, RMSE, MAE, MAPE: 27229064.00, 27229065.33, 5181.05, 3830.99, 4.90%
Test - Best epoch, Loss, MSE, RMSE, MAE, MAPE: 15, 48386592.00, 48386596.17, 6515.95, 4780.90, 5.76%
- Epoch 016, ExpID 58994
Train - Loss: 14229292.68
Val - Loss, MSE, RMSE, MAE, MAPE: 27289398.00, 27289398.33, 5191.65, 3843.68, 4.90%
Test - Best epoch, Loss, MSE, RMSE, MAE, MAPE: 15, 48386592.00, 48386596.17, 6515.95, 4780.90, 5.76%
- Epoch 017, ExpID 58994
Train - Loss: 14186016.09
Val - Loss, MSE, RMSE, MAE, MAPE: 26890516.00, 26890513.67, 5150.56, 3815.00, 4.89%
Test - Best epoch, Loss, MSE, RMSE, MAE, MAPE: 17, 48829536.00, 48829535.33, 6535.28, 4808.66, 5.79%
- Epoch 018, ExpID 58994
Train - Loss: 13896725.37
Val - Loss, MSE, RMSE, MAE, MAPE: 26631416.00, 26631414.33, 5123.25, 3790.83, 4.86%
Test - Best epoch, Loss, MSE, RMSE, MAE, MAPE: 18, 48447000.00, 48447000.17, 6506.21, 4786.14, 5.77%
- Epoch 019, ExpID 58994
Train - Loss: 13755664.78
Val - Loss, MSE, RMSE, MAE, MAPE: 26494252.00, 26494250.67, 5111.15, 3789.16, 4.86%
Test - Best epoch, Loss, MSE, RMSE, MAE, MAPE: 19, 48582936.00, 48582931.33, 6505.31, 4773.28, 5.76%
- Epoch 020, ExpID 58994
Train - Loss: 13619288.87
Val - Loss, MSE, RMSE, MAE, MAPE: 26445808.00, 26445807.67, 5105.01, 3772.93, 4.82%
Test - Best epoch, Loss, MSE, RMSE, MAE, MAPE: 20, 49003736.00, 49003730.67, 6549.06, 4832.97, 5.82%
- Epoch 021, ExpID 58994
Train - Loss: 13497430.15
Val - Loss, MSE, RMSE, MAE, MAPE: 26369096.00, 26369097.33, 5098.55, 3765.73, 4.82%
Test - Best epoch, Loss, MSE, RMSE, MAE, MAPE: 21, 49062860.00, 49062857.17, 6550.40, 4830.31, 5.82%
- Epoch 022, ExpID 58994
Train - Loss: 13320885.71
Val - Loss, MSE, RMSE, MAE, MAPE: 26243444.00, 26243440.00, 5088.04, 3772.95, 4.84%
Test - Best epoch, Loss, MSE, RMSE, MAE, MAPE: 22, 49671980.00, 49671982.00, 6560.44, 4847.55, 5.84%
- Epoch 023, ExpID 58994
Train - Loss: 13212723.29
Val - Loss, MSE, RMSE, MAE, MAPE: 26253504.00, 26253503.00, 5090.90, 3764.83, 4.81%
Test - Best epoch, Loss, MSE, RMSE, MAE, MAPE: 22, 49671980.00, 49671982.00, 6560.44, 4847.55, 5.84%
- Epoch 024, ExpID 58994
Train - Loss: 13096317.30
Val - Loss, MSE, RMSE, MAE, MAPE: 25940212.00, 25940208.00, 5057.84, 3752.16, 4.82%
Test - Best epoch, Loss, MSE, RMSE, MAE, MAPE: 24, 49019928.00, 49019928.33, 6519.85, 4810.29, 5.81%
- Epoch 025, ExpID 58994
Train - Loss: 13009463.06
Val - Loss, MSE, RMSE, MAE, MAPE: 26016236.00, 26016234.67, 5066.89, 3743.25, 4.78%
Test - Best epoch, Loss, MSE, RMSE, MAE, MAPE: 24, 49019928.00, 49019928.33, 6519.85, 4810.29, 5.81%
- Epoch 026, ExpID 58994
Train - Loss: 12889276.48
Val - Loss, MSE, RMSE, MAE, MAPE: 25883526.00, 25883526.33, 5053.51, 3738.43, 4.78%
Test - Best epoch, Loss, MSE, RMSE, MAE, MAPE: 26, 50091104.00, 50091103.67, 6598.18, 4909.64, 5.91%
- Epoch 027, ExpID 58994
Train - Loss: 12730405.57
Val - Loss, MSE, RMSE, MAE, MAPE: 25927116.00, 25927113.33, 5054.77, 3729.20, 4.76%
Test - Best epoch, Loss, MSE, RMSE, MAE, MAPE: 26, 50091104.00, 50091103.67, 6598.18, 4909.64, 5.91%
- Epoch 028, ExpID 58994
Train - Loss: 12630938.95
Val - Loss, MSE, RMSE, MAE, MAPE: 25767558.00, 25767555.67, 5041.79, 3729.34, 4.77%
Test - Best epoch, Loss, MSE, RMSE, MAE, MAPE: 28, 50620412.00, 50620411.33, 6640.66, 4971.46, 5.97%
- Epoch 029, ExpID 58994
Train - Loss: 12514565.18
Val - Loss, MSE, RMSE, MAE, MAPE: 25580620.00, 25580618.33, 5023.90, 3719.24, 4.76%
Test - Best epoch, Loss, MSE, RMSE, MAE, MAPE: 29, 50238328.00, 50238323.00, 6610.48, 4938.23, 5.94%
- Epoch 030, ExpID 58994
Train - Loss: 12430744.87
Val - Loss, MSE, RMSE, MAE, MAPE: 25565966.00, 25565965.67, 5021.61, 3715.84, 4.76%
Test - Best epoch, Loss, MSE, RMSE, MAE, MAPE: 30, 50548824.00, 50548823.33, 6628.27, 4960.01, 5.96%
- Epoch 031, ExpID 58994
Train - Loss: 12366750.59
Val - Loss, MSE, RMSE, MAE, MAPE: 25396708.00, 25396708.00, 5002.26, 3702.34, 4.75%
Test - Best epoch, Loss, MSE, RMSE, MAE, MAPE: 31, 50043320.00, 50043320.17, 6593.84, 4932.12, 5.94%
- Epoch 032, ExpID 58994
Train - Loss: 12231036.18
Val - Loss, MSE, RMSE, MAE, MAPE: 25445070.00, 25445071.00, 5009.00, 3704.66, 4.74%
Test - Best epoch, Loss, MSE, RMSE, MAE, MAPE: 31, 50043320.00, 50043320.17, 6593.84, 4932.12, 5.94%
- Epoch 033, ExpID 58994
Train - Loss: 12100510.92
Val - Loss, MSE, RMSE, MAE, MAPE: 25502230.00, 25502230.17, 5013.15, 3706.97, 4.74%
Test - Best epoch, Loss, MSE, RMSE, MAE, MAPE: 31, 50043320.00, 50043320.17, 6593.84, 4932.12, 5.94%
- Epoch 034, ExpID 58994
Train - Loss: 12011358.44
Val - Loss, MSE, RMSE, MAE, MAPE: 25450310.00, 25450312.50, 5008.55, 3697.98, 4.73%
Test - Best epoch, Loss, MSE, RMSE, MAE, MAPE: 31, 50043320.00, 50043320.17, 6593.84, 4932.12, 5.94%
- Epoch 035, ExpID 58994
Train - Loss: 11973798.70
Val - Loss, MSE, RMSE, MAE, MAPE: 25386900.00, 25386898.83, 5001.52, 3700.20, 4.74%
Test - Best epoch, Loss, MSE, RMSE, MAE, MAPE: 35, 51619160.00, 51619156.17, 6703.48, 5052.70, 6.07%
- Epoch 036, ExpID 58994
Train - Loss: 11769748.03
Val - Loss, MSE, RMSE, MAE, MAPE: 25519680.00, 25519680.67, 5018.27, 3715.14, 4.74%
Test - Best epoch, Loss, MSE, RMSE, MAE, MAPE: 35, 51619160.00, 51619156.17, 6703.48, 5052.70, 6.07%
- Epoch 037, ExpID 58994
Train - Loss: 11775656.50
Val - Loss, MSE, RMSE, MAE, MAPE: 25388844.00, 25388842.83, 4995.08, 3679.43, 4.72%
Test - Best epoch, Loss, MSE, RMSE, MAE, MAPE: 35, 51619160.00, 51619156.17, 6703.48, 5052.70, 6.07%
- Epoch 038, ExpID 58994
Train - Loss: 11648779.44
Val - Loss, MSE, RMSE, MAE, MAPE: 25551038.00, 25551036.67, 5015.87, 3710.52, 4.75%
Test - Best epoch, Loss, MSE, RMSE, MAE, MAPE: 35, 51619160.00, 51619156.17, 6703.48, 5052.70, 6.07%
- Epoch 039, ExpID 58994
Train - Loss: 11522930.37
Val - Loss, MSE, RMSE, MAE, MAPE: 25393020.00, 25393018.17, 5002.90, 3704.05, 4.74%
Test - Best epoch, Loss, MSE, RMSE, MAE, MAPE: 35, 51619160.00, 51619156.17, 6703.48, 5052.70, 6.07%
- Epoch 040, ExpID 58994
Train - Loss: 11431380.58
Val - Loss, MSE, RMSE, MAE, MAPE: 25077456.00, 25077456.83, 4969.87, 3689.27, 4.74%
Test - Best epoch, Loss, MSE, RMSE, MAE, MAPE: 40, 50562092.00, 50562092.67, 6638.48, 4999.38, 6.02%
- Epoch 041, ExpID 58994
Train - Loss: 11436632.69
Val - Loss, MSE, RMSE, MAE, MAPE: 25222424.00, 25222424.33, 4983.92, 3669.76, 4.69%
Test - Best epoch, Loss, MSE, RMSE, MAE, MAPE: 40, 50562092.00, 50562092.67, 6638.48, 4999.38, 6.02%
- Epoch 042, ExpID 58994
Train - Loss: 11280516.87
Val - Loss, MSE, RMSE, MAE, MAPE: 25242022.00, 25242022.00, 4982.31, 3678.76, 4.71%
Test - Best epoch, Loss, MSE, RMSE, MAE, MAPE: 40, 50562092.00, 50562092.67, 6638.48, 4999.38, 6.02%
- Epoch 043, ExpID 58994
Train - Loss: 11144147.66
Val - Loss, MSE, RMSE, MAE, MAPE: 25600204.00, 25600205.33, 5019.29, 3701.52, 4.72%
Test - Best epoch, Loss, MSE, RMSE, MAE, MAPE: 40, 50562092.00, 50562092.67, 6638.48, 4999.38, 6.02%
- Epoch 044, ExpID 58994
Train - Loss: 11127012.18
Val - Loss, MSE, RMSE, MAE, MAPE: 25181224.00, 25181225.83, 4977.92, 3666.05, 4.69%
Test - Best epoch, Loss, MSE, RMSE, MAE, MAPE: 40, 50562092.00, 50562092.67, 6638.48, 4999.38, 6.02%
- Epoch 045, ExpID 58994
Train - Loss: 11041175.61
Val - Loss, MSE, RMSE, MAE, MAPE: 25307436.00, 25307436.00, 4989.79, 3693.99, 4.72%
Test - Best epoch, Loss, MSE, RMSE, MAE, MAPE: 40, 50562092.00, 50562092.67, 6638.48, 4999.38, 6.02%
- Epoch 046, ExpID 58994
Train - Loss: 10932672.22
Val - Loss, MSE, RMSE, MAE, MAPE: 25295512.00, 25295511.50, 4989.95, 3677.33, 4.70%
Test - Best epoch, Loss, MSE, RMSE, MAE, MAPE: 40, 50562092.00, 50562092.67, 6638.48, 4999.38, 6.02%
- Epoch 047, ExpID 58994
Train - Loss: 10849701.06
Val - Loss, MSE, RMSE, MAE, MAPE: 25241348.00, 25241346.83, 4980.85, 3680.23, 4.71%
Test - Best epoch, Loss, MSE, RMSE, MAE, MAPE: 40, 50562092.00, 50562092.67, 6638.48, 4999.38, 6.02%
- Epoch 048, ExpID 58994
Train - Loss: 10823166.92
Val - Loss, MSE, RMSE, MAE, MAPE: 25279132.00, 25279131.83, 4984.13, 3697.35, 4.75%
Test - Best epoch, Loss, MSE, RMSE, MAE, MAPE: 40, 50562092.00, 50562092.67, 6638.48, 4999.38, 6.02%
- Epoch 049, ExpID 58994
Train - Loss: 10742294.61
Val - Loss, MSE, RMSE, MAE, MAPE: 25291528.00, 25291528.17, 4989.35, 3684.99, 4.71%
Test - Best epoch, Loss, MSE, RMSE, MAE, MAPE: 40, 50562092.00, 50562092.67, 6638.48, 4999.38, 6.02%
- Epoch 050, ExpID 58994
Train - Loss: 10663842.18
Val - Loss, MSE, RMSE, MAE, MAPE: 25119716.00, 25119714.17, 4968.24, 3673.86, 4.71%
Test - Best epoch, Loss, MSE, RMSE, MAE, MAPE: 40, 50562092.00, 50562092.67, 6638.48, 4999.38, 6.02%
Early Stopping at Epoch 50
Fold 2017 Best RMSE: 6638.4796

-------------------- [Fold: 2018] ExpID: 85606 --------------------
- Epoch 000, ExpID 85606
Train - Loss: 30599936.89
Val - Loss, MSE, RMSE, MAE, MAPE: 70125936.00, 70125930.67, 8157.52, 6101.67, 7.37%
Test - Best epoch, Loss, MSE, RMSE, MAE, MAPE: 0, 67300008.00, 67300007.33, 8098.08, 6298.27, 6.85%
- Epoch 001, ExpID 85606
Train - Loss: 28345092.49
Val - Loss, MSE, RMSE, MAE, MAPE: 64362096.00, 64362096.00, 7787.11, 5730.05, 6.93%
Test - Best epoch, Loss, MSE, RMSE, MAE, MAPE: 1, 60332384.00, 60332380.67, 7652.34, 5890.04, 6.41%
- Epoch 002, ExpID 85606
Train - Loss: 25293991.89
Val - Loss, MSE, RMSE, MAE, MAPE: 57233616.00, 57233616.67, 7302.86, 5255.19, 6.35%
Test - Best epoch, Loss, MSE, RMSE, MAE, MAPE: 2, 51969116.00, 51969110.00, 7075.73, 5360.99, 5.83%
- Epoch 003, ExpID 85606
Train - Loss: 22728704.99
Val - Loss, MSE, RMSE, MAE, MAPE: 52176012.00, 52176008.00, 6942.17, 4908.73, 5.93%
Test - Best epoch, Loss, MSE, RMSE, MAE, MAPE: 3, 46512760.00, 46512758.33, 6673.21, 4995.69, 5.42%
- Epoch 004, ExpID 85606
Train - Loss: 20990113.26
Val - Loss, MSE, RMSE, MAE, MAPE: 49543756.00, 49543753.67, 6736.31, 4752.53, 5.73%
Test - Best epoch, Loss, MSE, RMSE, MAE, MAPE: 4, 43552884.00, 43552883.33, 6457.15, 4838.15, 5.24%
- Epoch 005, ExpID 85606
Train - Loss: 19614848.55
Val - Loss, MSE, RMSE, MAE, MAPE: 48293532.00, 48293528.33, 6621.52, 4685.80, 5.64%
Test - Best epoch, Loss, MSE, RMSE, MAE, MAPE: 5, 41681368.00, 41681364.33, 6323.24, 4759.09, 5.15%
- Epoch 006, ExpID 85606
Train - Loss: 18742379.96
Val - Loss, MSE, RMSE, MAE, MAPE: 47441500.00, 47441500.00, 6529.24, 4620.16, 5.58%
Test - Best epoch, Loss, MSE, RMSE, MAE, MAPE: 6, 40076204.00, 40076204.67, 6210.65, 4682.87, 5.07%
- Epoch 007, ExpID 85606
Train - Loss: 17911014.95
Val - Loss, MSE, RMSE, MAE, MAPE: 47323424.00, 47323425.00, 6494.28, 4641.24, 5.60%
Test - Best epoch, Loss, MSE, RMSE, MAE, MAPE: 7, 39050400.00, 39050397.00, 6134.72, 4649.49, 5.03%
- Epoch 008, ExpID 85606
Train - Loss: 17266713.33
Val - Loss, MSE, RMSE, MAE, MAPE: 47248376.00, 47248376.33, 6476.56, 4663.46, 5.61%
Test - Best epoch, Loss, MSE, RMSE, MAE, MAPE: 8, 38411000.00, 38410994.33, 6086.41, 4624.34, 4.98%
- Epoch 009, ExpID 85606
Train - Loss: 16902560.27
Val - Loss, MSE, RMSE, MAE, MAPE: 46736160.00, 46736164.33, 6424.69, 4627.13, 5.57%
Test - Best epoch, Loss, MSE, RMSE, MAE, MAPE: 9, 37582552.00, 37582547.33, 6021.18, 4582.24, 4.95%
- Epoch 010, ExpID 85606
Train - Loss: 16401801.35
Val - Loss, MSE, RMSE, MAE, MAPE: 47036848.00, 47036848.83, 6429.85, 4665.09, 5.61%
Test - Best epoch, Loss, MSE, RMSE, MAE, MAPE: 9, 37582552.00, 37582547.33, 6021.18, 4582.24, 4.95%
- Epoch 011, ExpID 85606
Train - Loss: 16427788.40
Val - Loss, MSE, RMSE, MAE, MAPE: 46654912.00, 46654908.33, 6389.88, 4639.35, 5.59%
Test - Best epoch, Loss, MSE, RMSE, MAE, MAPE: 11, 36440900.00, 36440898.00, 5933.32, 4551.04, 4.92%
- Epoch 012, ExpID 85606
Train - Loss: 15984238.98
Val - Loss, MSE, RMSE, MAE, MAPE: 46637896.00, 46637894.00, 6388.96, 4660.19, 5.61%
Test - Best epoch, Loss, MSE, RMSE, MAE, MAPE: 12, 36243280.00, 36243277.67, 5915.73, 4536.39, 4.90%
- Epoch 013, ExpID 85606
Train - Loss: 15539857.15
Val - Loss, MSE, RMSE, MAE, MAPE: 46985336.00, 46985331.67, 6405.06, 4686.66, 5.64%
Test - Best epoch, Loss, MSE, RMSE, MAE, MAPE: 12, 36243280.00, 36243277.67, 5915.73, 4536.39, 4.90%
- Epoch 014, ExpID 85606
Train - Loss: 15291370.30
Val - Loss, MSE, RMSE, MAE, MAPE: 47254076.00, 47254073.17, 6418.43, 4713.68, 5.66%
Test - Best epoch, Loss, MSE, RMSE, MAE, MAPE: 12, 36243280.00, 36243277.67, 5915.73, 4536.39, 4.90%
- Epoch 015, ExpID 85606
Train - Loss: 15167575.48
Val - Loss, MSE, RMSE, MAE, MAPE: 47247016.00, 47247015.67, 6431.13, 4748.21, 5.70%
Test - Best epoch, Loss, MSE, RMSE, MAE, MAPE: 12, 36243280.00, 36243277.67, 5915.73, 4536.39, 4.90%
- Epoch 016, ExpID 85606
Train - Loss: 14934362.98
Val - Loss, MSE, RMSE, MAE, MAPE: 47353128.00, 47353123.33, 6436.52, 4737.07, 5.68%
Test - Best epoch, Loss, MSE, RMSE, MAE, MAPE: 12, 36243280.00, 36243277.67, 5915.73, 4536.39, 4.90%
- Epoch 017, ExpID 85606
Train - Loss: 15005761.55
Val - Loss, MSE, RMSE, MAE, MAPE: 46912304.00, 46912304.67, 6393.97, 4700.33, 5.64%
Test - Best epoch, Loss, MSE, RMSE, MAE, MAPE: 12, 36243280.00, 36243277.67, 5915.73, 4536.39, 4.90%
- Epoch 018, ExpID 85606
Train - Loss: 14630762.62
Val - Loss, MSE, RMSE, MAE, MAPE: 45958512.00, 45958515.33, 6322.35, 4640.73, 5.60%
Test - Best epoch, Loss, MSE, RMSE, MAE, MAPE: 18, 34612036.00, 34612033.67, 5785.97, 4480.98, 4.86%
- Epoch 019, ExpID 85606
Train - Loss: 14474281.72
Val - Loss, MSE, RMSE, MAE, MAPE: 47365164.00, 47365161.83, 6416.95, 4730.94, 5.68%
Test - Best epoch, Loss, MSE, RMSE, MAE, MAPE: 18, 34612036.00, 34612033.67, 5785.97, 4480.98, 4.86%
- Epoch 020, ExpID 85606
Train - Loss: 14394846.60
Val - Loss, MSE, RMSE, MAE, MAPE: 46746332.00, 46746332.83, 6372.59, 4694.92, 5.64%
Test - Best epoch, Loss, MSE, RMSE, MAE, MAPE: 18, 34612036.00, 34612033.67, 5785.97, 4480.98, 4.86%
- Epoch 021, ExpID 85606
Train - Loss: 14203941.92
Val - Loss, MSE, RMSE, MAE, MAPE: 48483596.00, 48483593.00, 6530.38, 4856.01, 5.80%
Test - Best epoch, Loss, MSE, RMSE, MAE, MAPE: 18, 34612036.00, 34612033.67, 5785.97, 4480.98, 4.86%
- Epoch 022, ExpID 85606
Train - Loss: 14002565.43
Val - Loss, MSE, RMSE, MAE, MAPE: 46761048.00, 46761046.00, 6403.65, 4728.14, 5.68%
Test - Best epoch, Loss, MSE, RMSE, MAE, MAPE: 18, 34612036.00, 34612033.67, 5785.97, 4480.98, 4.86%
- Epoch 023, ExpID 85606
Train - Loss: 14224305.95
Val - Loss, MSE, RMSE, MAE, MAPE: 46498784.00, 46498781.67, 6364.24, 4694.18, 5.65%
Test - Best epoch, Loss, MSE, RMSE, MAE, MAPE: 18, 34612036.00, 34612033.67, 5785.97, 4480.98, 4.86%
- Epoch 024, ExpID 85606
Train - Loss: 13794591.44
Val - Loss, MSE, RMSE, MAE, MAPE: 47013580.00, 47013579.83, 6401.21, 4724.39, 5.66%
Test - Best epoch, Loss, MSE, RMSE, MAE, MAPE: 18, 34612036.00, 34612033.67, 5785.97, 4480.98, 4.86%
- Epoch 025, ExpID 85606
Train - Loss: 13624853.82
Val - Loss, MSE, RMSE, MAE, MAPE: 47762572.00, 47762571.67, 6460.33, 4792.87, 5.74%
Test - Best epoch, Loss, MSE, RMSE, MAE, MAPE: 18, 34612036.00, 34612033.67, 5785.97, 4480.98, 4.86%
- Epoch 026, ExpID 85606
Train - Loss: 13549509.89
Val - Loss, MSE, RMSE, MAE, MAPE: 48419804.00, 48419802.67, 6520.66, 4846.56, 5.79%
Test - Best epoch, Loss, MSE, RMSE, MAE, MAPE: 18, 34612036.00, 34612033.67, 5785.97, 4480.98, 4.86%
- Epoch 027, ExpID 85606
Train - Loss: 13382416.04
Val - Loss, MSE, RMSE, MAE, MAPE: 48187500.00, 48187495.67, 6489.61, 4824.63, 5.77%
Test - Best epoch, Loss, MSE, RMSE, MAE, MAPE: 18, 34612036.00, 34612033.67, 5785.97, 4480.98, 4.86%
- Epoch 028, ExpID 85606
Train - Loss: 13296350.86
Val - Loss, MSE, RMSE, MAE, MAPE: 46526024.00, 46526020.83, 6375.91, 4722.01, 5.67%
Test - Best epoch, Loss, MSE, RMSE, MAE, MAPE: 18, 34612036.00, 34612033.67, 5785.97, 4480.98, 4.86%
Early Stopping at Epoch 28
Fold 2018 Best RMSE: 5785.9702

-------------------- [Fold: 2019] ExpID: 9729 --------------------
- Epoch 000, ExpID 9729
Train - Loss: 33829589.22
Val - Loss, MSE, RMSE, MAE, MAPE: 68023328.00, 68023330.67, 8138.46, 6317.64, 6.85%
Test - Best epoch, Loss, MSE, RMSE, MAE, MAPE: 0, 74630824.00, 74630825.33, 8575.47, 6595.19, 6.94%
- Epoch 001, ExpID 9729
Train - Loss: 30818814.16
Val - Loss, MSE, RMSE, MAE, MAPE: 59573900.00, 59573896.67, 7596.19, 5821.10, 6.32%
Test - Best epoch, Loss, MSE, RMSE, MAE, MAPE: 1, 66047436.00, 66047434.00, 8047.18, 6108.55, 6.44%
- Epoch 002, ExpID 9729
Train - Loss: 27475830.62
Val - Loss, MSE, RMSE, MAE, MAPE: 50725120.00, 50725119.33, 6978.05, 5245.87, 5.70%
Test - Best epoch, Loss, MSE, RMSE, MAE, MAPE: 2, 57078168.00, 57078165.33, 7433.77, 5545.82, 5.86%
- Epoch 003, ExpID 9729
Train - Loss: 24568089.61
Val - Loss, MSE, RMSE, MAE, MAPE: 45625932.00, 45625928.00, 6600.07, 4923.97, 5.35%
Test - Best epoch, Loss, MSE, RMSE, MAE, MAPE: 3, 51937088.00, 51937083.33, 7041.61, 5200.11, 5.49%
- Epoch 004, ExpID 9729
Train - Loss: 22791191.60
Val - Loss, MSE, RMSE, MAE, MAPE: 42763400.00, 42763399.33, 6386.62, 4775.65, 5.18%
Test - Best epoch, Loss, MSE, RMSE, MAE, MAPE: 4, 48946300.00, 48946301.00, 6820.95, 5009.78, 5.28%
- Epoch 005, ExpID 9729
Train - Loss: 21591574.50
Val - Loss, MSE, RMSE, MAE, MAPE: 40682336.00, 40682334.33, 6234.57, 4684.09, 5.08%
Test - Best epoch, Loss, MSE, RMSE, MAE, MAPE: 5, 46994040.00, 46994037.33, 6675.88, 4872.52, 5.14%
- Epoch 006, ExpID 9729
Train - Loss: 20711363.74
Val - Loss, MSE, RMSE, MAE, MAPE: 39451948.00, 39451946.67, 6142.29, 4632.09, 5.02%
Test - Best epoch, Loss, MSE, RMSE, MAE, MAPE: 6, 45559100.00, 45559099.33, 6574.61, 4791.85, 5.05%
- Epoch 007, ExpID 9729
Train - Loss: 20008102.29
Val - Loss, MSE, RMSE, MAE, MAPE: 38201304.00, 38201301.67, 6046.46, 4583.58, 4.96%
Test - Best epoch, Loss, MSE, RMSE, MAE, MAPE: 7, 44266964.00, 44266962.33, 6480.66, 4722.97, 4.97%
- Epoch 008, ExpID 9729
Train - Loss: 19386265.14
Val - Loss, MSE, RMSE, MAE, MAPE: 37302112.00, 37302110.67, 5978.03, 4544.68, 4.91%
Test - Best epoch, Loss, MSE, RMSE, MAE, MAPE: 8, 43259780.00, 43259780.33, 6403.87, 4683.67, 4.93%
- Epoch 009, ExpID 9729
Train - Loss: 18844576.71
Val - Loss, MSE, RMSE, MAE, MAPE: 36521208.00, 36521206.00, 5921.39, 4520.53, 4.90%
Test - Best epoch, Loss, MSE, RMSE, MAE, MAPE: 9, 42600152.00, 42600151.67, 6351.84, 4634.06, 4.88%
- Epoch 010, ExpID 9729
Train - Loss: 18405942.29
Val - Loss, MSE, RMSE, MAE, MAPE: 36166164.00, 36166162.00, 5889.82, 4501.40, 4.87%
Test - Best epoch, Loss, MSE, RMSE, MAE, MAPE: 10, 41704516.00, 41704513.67, 6289.28, 4599.78, 4.84%
- Epoch 011, ExpID 9729
Train - Loss: 18017391.66
Val - Loss, MSE, RMSE, MAE, MAPE: 35785928.00, 35785928.00, 5858.13, 4497.99, 4.85%
Test - Best epoch, Loss, MSE, RMSE, MAE, MAPE: 11, 41145192.00, 41145190.33, 6247.30, 4583.44, 4.82%
- Epoch 012, ExpID 9729
Train - Loss: 17661484.87
Val - Loss, MSE, RMSE, MAE, MAPE: 35491864.00, 35491863.00, 5835.16, 4485.24, 4.84%
Test - Best epoch, Loss, MSE, RMSE, MAE, MAPE: 12, 40509004.00, 40509003.67, 6205.33, 4546.17, 4.77%
- Epoch 013, ExpID 9729
Train - Loss: 17294228.66
Val - Loss, MSE, RMSE, MAE, MAPE: 35193736.00, 35193738.67, 5812.72, 4466.48, 4.84%
Test - Best epoch, Loss, MSE, RMSE, MAE, MAPE: 13, 40430380.00, 40430379.33, 6191.43, 4548.40, 4.80%
- Epoch 014, ExpID 9729
Train - Loss: 17030854.70
Val - Loss, MSE, RMSE, MAE, MAPE: 35230136.00, 35230133.00, 5810.76, 4479.64, 4.82%
Test - Best epoch, Loss, MSE, RMSE, MAE, MAPE: 13, 40430380.00, 40430379.33, 6191.43, 4548.40, 4.80%
- Epoch 015, ExpID 9729
Train - Loss: 16803294.89
Val - Loss, MSE, RMSE, MAE, MAPE: 34728300.00, 34728300.33, 5774.60, 4444.63, 4.80%
Test - Best epoch, Loss, MSE, RMSE, MAE, MAPE: 15, 39447336.00, 39447330.00, 6121.30, 4500.58, 4.74%
- Epoch 016, ExpID 9729
Train - Loss: 16505487.50
Val - Loss, MSE, RMSE, MAE, MAPE: 34637780.00, 34637778.67, 5766.71, 4435.56, 4.79%
Test - Best epoch, Loss, MSE, RMSE, MAE, MAPE: 16, 39325064.00, 39325064.00, 6112.59, 4496.52, 4.73%
- Epoch 017, ExpID 9729
Train - Loss: 16278940.63
Val - Loss, MSE, RMSE, MAE, MAPE: 34964936.00, 34964934.33, 5794.88, 4461.66, 4.84%
Test - Best epoch, Loss, MSE, RMSE, MAE, MAPE: 16, 39325064.00, 39325064.00, 6112.59, 4496.52, 4.73%
- Epoch 018, ExpID 9729
Train - Loss: 16061392.63
Val - Loss, MSE, RMSE, MAE, MAPE: 34463544.00, 34463544.00, 5752.27, 4427.49, 4.78%
Test - Best epoch, Loss, MSE, RMSE, MAE, MAPE: 18, 38816124.00, 38816123.33, 6077.03, 4479.00, 4.71%
- Epoch 019, ExpID 9729
Train - Loss: 15841777.03
Val - Loss, MSE, RMSE, MAE, MAPE: 34550824.00, 34550821.33, 5756.60, 4430.85, 4.79%
Test - Best epoch, Loss, MSE, RMSE, MAE, MAPE: 18, 38816124.00, 38816123.33, 6077.03, 4479.00, 4.71%
- Epoch 020, ExpID 9729
Train - Loss: 15646258.82
Val - Loss, MSE, RMSE, MAE, MAPE: 34537824.00, 34537822.00, 5755.49, 4423.93, 4.78%
Test - Best epoch, Loss, MSE, RMSE, MAE, MAPE: 18, 38816124.00, 38816123.33, 6077.03, 4479.00, 4.71%
- Epoch 021, ExpID 9729
Train - Loss: 15436986.04
Val - Loss, MSE, RMSE, MAE, MAPE: 34354680.00, 34354677.67, 5744.09, 4416.44, 4.79%
Test - Best epoch, Loss, MSE, RMSE, MAE, MAPE: 21, 38703720.00, 38703718.00, 6063.02, 4478.02, 4.72%
- Epoch 022, ExpID 9729
Train - Loss: 15264610.51
Val - Loss, MSE, RMSE, MAE, MAPE: 34502364.00, 34502361.33, 5753.28, 4418.42, 4.79%
Test - Best epoch, Loss, MSE, RMSE, MAE, MAPE: 21, 38703720.00, 38703718.00, 6063.02, 4478.02, 4.72%
- Epoch 023, ExpID 9729
Train - Loss: 15087735.83
Val - Loss, MSE, RMSE, MAE, MAPE: 34583192.00, 34583189.67, 5754.79, 4421.44, 4.79%
Test - Best epoch, Loss, MSE, RMSE, MAE, MAPE: 21, 38703720.00, 38703718.00, 6063.02, 4478.02, 4.72%
- Epoch 024, ExpID 9729
Train - Loss: 14941850.87
Val - Loss, MSE, RMSE, MAE, MAPE: 34333328.00, 34333327.33, 5740.80, 4411.75, 4.78%
Test - Best epoch, Loss, MSE, RMSE, MAE, MAPE: 24, 38271920.00, 38271919.00, 6029.63, 4464.50, 4.71%
- Epoch 025, ExpID 9729
Train - Loss: 14770690.40
Val - Loss, MSE, RMSE, MAE, MAPE: 34465564.00, 34465563.33, 5750.92, 4418.18, 4.79%
Test - Best epoch, Loss, MSE, RMSE, MAE, MAPE: 24, 38271920.00, 38271919.00, 6029.63, 4464.50, 4.71%
- Epoch 026, ExpID 9729
Train - Loss: 14644040.10
Val - Loss, MSE, RMSE, MAE, MAPE: 34520464.00, 34520465.67, 5750.43, 4411.94, 4.78%
Test - Best epoch, Loss, MSE, RMSE, MAE, MAPE: 24, 38271920.00, 38271919.00, 6029.63, 4464.50, 4.71%
- Epoch 027, ExpID 9729
Train - Loss: 14490962.04
Val - Loss, MSE, RMSE, MAE, MAPE: 34691144.00, 34691143.67, 5761.56, 4419.36, 4.78%
Test - Best epoch, Loss, MSE, RMSE, MAE, MAPE: 24, 38271920.00, 38271919.00, 6029.63, 4464.50, 4.71%
- Epoch 028, ExpID 9729
Train - Loss: 14351005.94
Val - Loss, MSE, RMSE, MAE, MAPE: 34150456.00, 34150457.00, 5727.29, 4407.28, 4.78%
Test - Best epoch, Loss, MSE, RMSE, MAE, MAPE: 28, 38360608.00, 38360605.33, 6032.86, 4479.37, 4.72%
- Epoch 029, ExpID 9729
Train - Loss: 14226490.60
Val - Loss, MSE, RMSE, MAE, MAPE: 34196628.00, 34196626.67, 5724.99, 4395.93, 4.76%
Test - Best epoch, Loss, MSE, RMSE, MAE, MAPE: 28, 38360608.00, 38360605.33, 6032.86, 4479.37, 4.72%
- Epoch 030, ExpID 9729
Train - Loss: 14064348.36
Val - Loss, MSE, RMSE, MAE, MAPE: 34216840.00, 34216842.33, 5726.37, 4405.82, 4.76%
Test - Best epoch, Loss, MSE, RMSE, MAE, MAPE: 28, 38360608.00, 38360605.33, 6032.86, 4479.37, 4.72%
- Epoch 031, ExpID 9729
Train - Loss: 13940808.93
Val - Loss, MSE, RMSE, MAE, MAPE: 34884520.00, 34884520.67, 5771.63, 4434.94, 4.79%
Test - Best epoch, Loss, MSE, RMSE, MAE, MAPE: 28, 38360608.00, 38360605.33, 6032.86, 4479.37, 4.72%
- Epoch 032, ExpID 9729
Train - Loss: 13839735.29
Val - Loss, MSE, RMSE, MAE, MAPE: 34382736.00, 34382737.00, 5743.46, 4417.90, 4.79%
Test - Best epoch, Loss, MSE, RMSE, MAE, MAPE: 28, 38360608.00, 38360605.33, 6032.86, 4479.37, 4.72%
- Epoch 033, ExpID 9729
Train - Loss: 13704603.37
Val - Loss, MSE, RMSE, MAE, MAPE: 34416648.00, 34416648.67, 5740.63, 4408.01, 4.78%
Test - Best epoch, Loss, MSE, RMSE, MAE, MAPE: 28, 38360608.00, 38360605.33, 6032.86, 4479.37, 4.72%
- Epoch 034, ExpID 9729
Train - Loss: 13578696.21
Val - Loss, MSE, RMSE, MAE, MAPE: 34339632.00, 34339632.00, 5743.12, 4417.19, 4.80%
Test - Best epoch, Loss, MSE, RMSE, MAE, MAPE: 28, 38360608.00, 38360605.33, 6032.86, 4479.37, 4.72%
- Epoch 035, ExpID 9729
Train - Loss: 13489204.19
Val - Loss, MSE, RMSE, MAE, MAPE: 34304592.00, 34304589.67, 5731.21, 4412.72, 4.78%
Test - Best epoch, Loss, MSE, RMSE, MAE, MAPE: 28, 38360608.00, 38360605.33, 6032.86, 4479.37, 4.72%
- Epoch 036, ExpID 9729
Train - Loss: 13344017.39
Val - Loss, MSE, RMSE, MAE, MAPE: 34429964.00, 34429961.00, 5742.50, 4416.07, 4.78%
Test - Best epoch, Loss, MSE, RMSE, MAE, MAPE: 28, 38360608.00, 38360605.33, 6032.86, 4479.37, 4.72%
- Epoch 037, ExpID 9729
Train - Loss: 13246351.05
Val - Loss, MSE, RMSE, MAE, MAPE: 34528508.00, 34528507.67, 5753.49, 4432.71, 4.80%
Test - Best epoch, Loss, MSE, RMSE, MAE, MAPE: 28, 38360608.00, 38360605.33, 6032.86, 4479.37, 4.72%
- Epoch 038, ExpID 9729
Train - Loss: 13129388.44
Val - Loss, MSE, RMSE, MAE, MAPE: 34506384.00, 34506385.00, 5752.99, 4424.90, 4.80%
Test - Best epoch, Loss, MSE, RMSE, MAE, MAPE: 28, 38360608.00, 38360605.33, 6032.86, 4479.37, 4.72%
Early Stopping at Epoch 38
Fold 2019 Best RMSE: 6032.8595
