DETAILED LOG | Model: lstm | Seed: 1
FULL CONFIG: {'gpu': '6', 'target': 'arrival', 'cv_start_year': 2017, 'cv_end_year': 2019, 'test_year': 2024, 'use_corona': False, 'seq_len': 365, 'label_len': 0, 'pred_len': 14, 'batch_size': 256, 'epochs': 1000, 'patience': 10, 'lr': 0.0001, 'model': 'lstm', 'd_model': 128, 'n_heads': 4, 'n_layers': 2, 'dropout': 0.1, 'activation': 'gelu', 'patch_len': 16, 'factor': 5, 'norm_mode': 'revin', 'use_covar': True, 'use_dbloss': False, 'device': device(type='cuda'), 'stride': 16, 'file_path': 'dataset/airport_flight_with_holiday.csv', 'seed': 1, 'val_year': 2019, 'ndims': 1}

-------------------- [Fold: 2017] ExpID: 41591 --------------------
- Epoch 000, ExpID 41591
Train - Loss: 49330539.79
Val - Loss, MSE, RMSE, MAE, MAPE: 91271144.00, 91271142.00, 9381.32, 7594.22, 9.33%
Test - Best epoch, Loss, MSE, RMSE, MAE, MAPE: 0, 102583312.00, 102583312.00, 10124.27, 7818.82, 8.96%
- Epoch 001, ExpID 41591
Train - Loss: 43109324.42
Val - Loss, MSE, RMSE, MAE, MAPE: 78006976.00, 78006976.00, 8665.11, 7013.66, 8.65%
Test - Best epoch, Loss, MSE, RMSE, MAE, MAPE: 1, 92795712.00, 92795712.00, 9628.52, 7396.80, 8.52%
- Epoch 002, ExpID 41591
Train - Loss: 39424490.95
Val - Loss, MSE, RMSE, MAE, MAPE: 68711328.00, 68711332.00, 8132.21, 6574.43, 8.14%
Test - Best epoch, Loss, MSE, RMSE, MAE, MAPE: 2, 85949456.00, 85949456.00, 9265.74, 7067.22, 8.18%
- Epoch 003, ExpID 41591
Train - Loss: 36284550.84
Val - Loss, MSE, RMSE, MAE, MAPE: 59210200.00, 59210198.00, 7578.46, 6105.75, 7.60%
Test - Best epoch, Loss, MSE, RMSE, MAE, MAPE: 3, 79872864.00, 79872864.00, 8926.93, 6777.62, 7.87%
- Epoch 004, ExpID 41591
Train - Loss: 32111007.26
Val - Loss, MSE, RMSE, MAE, MAPE: 47904496.00, 47904494.00, 6849.15, 5499.29, 6.90%
Test - Best epoch, Loss, MSE, RMSE, MAE, MAPE: 4, 78824264.00, 78824264.00, 8847.46, 6664.35, 7.68%
- Epoch 005, ExpID 41591
Train - Loss: 29188970.21
Val - Loss, MSE, RMSE, MAE, MAPE: 47049872.00, 47049874.00, 6803.97, 5422.46, 6.80%
Test - Best epoch, Loss, MSE, RMSE, MAE, MAPE: 5, 72272512.00, 72272510.00, 8459.39, 6303.03, 7.27%
- Epoch 006, ExpID 41591
Train - Loss: 27474700.53
Val - Loss, MSE, RMSE, MAE, MAPE: 46686804.00, 46686804.00, 6778.69, 5349.44, 6.65%
Test - Best epoch, Loss, MSE, RMSE, MAE, MAPE: 6, 72191520.00, 72191518.00, 8448.06, 6201.01, 7.06%
- Epoch 007, ExpID 41591
Train - Loss: 26179724.95
Val - Loss, MSE, RMSE, MAE, MAPE: 45166072.00, 45166074.00, 6670.24, 5252.43, 6.55%
Test - Best epoch, Loss, MSE, RMSE, MAE, MAPE: 7, 68715072.00, 68715068.00, 8240.78, 6041.60, 6.91%
- Epoch 008, ExpID 41591
Train - Loss: 25296441.68
Val - Loss, MSE, RMSE, MAE, MAPE: 43899272.00, 43899274.00, 6585.88, 5160.50, 6.45%
Test - Best epoch, Loss, MSE, RMSE, MAE, MAPE: 8, 67367104.00, 67367102.00, 8154.80, 5957.92, 6.81%
- Epoch 009, ExpID 41591
Train - Loss: 24603762.32
Val - Loss, MSE, RMSE, MAE, MAPE: 42764000.00, 42764000.00, 6503.87, 5088.26, 6.38%
Test - Best epoch, Loss, MSE, RMSE, MAE, MAPE: 9, 65475248.00, 65475246.00, 8038.34, 5877.75, 6.74%
- Epoch 010, ExpID 41591
Train - Loss: 23890919.16
Val - Loss, MSE, RMSE, MAE, MAPE: 41977308.00, 41977307.00, 6440.39, 5035.27, 6.31%
Test - Best epoch, Loss, MSE, RMSE, MAE, MAPE: 10, 63969504.00, 63969506.00, 7946.57, 5805.31, 6.67%
- Epoch 011, ExpID 41591
Train - Loss: 23373742.32
Val - Loss, MSE, RMSE, MAE, MAPE: 41870716.00, 41870716.00, 6430.77, 5013.04, 6.26%
Test - Best epoch, Loss, MSE, RMSE, MAE, MAPE: 11, 63529680.00, 63529682.00, 7916.57, 5719.85, 6.53%
- Epoch 012, ExpID 41591
Train - Loss: 22575078.32
Val - Loss, MSE, RMSE, MAE, MAPE: 41165228.00, 41165229.00, 6376.42, 4963.76, 6.19%
Test - Best epoch, Loss, MSE, RMSE, MAE, MAPE: 12, 62805292.00, 62805292.00, 7869.21, 5664.70, 6.46%
- Epoch 013, ExpID 41591
Train - Loss: 22071766.74
Val - Loss, MSE, RMSE, MAE, MAPE: 40103868.00, 40103869.00, 6295.20, 4896.37, 6.11%
Test - Best epoch, Loss, MSE, RMSE, MAE, MAPE: 13, 61944240.00, 61944242.00, 7813.24, 5618.81, 6.41%
- Epoch 014, ExpID 41591
Train - Loss: 21722215.26
Val - Loss, MSE, RMSE, MAE, MAPE: 40187008.00, 40187007.00, 6300.34, 4890.74, 6.09%
Test - Best epoch, Loss, MSE, RMSE, MAE, MAPE: 13, 61944240.00, 61944242.00, 7813.24, 5618.81, 6.41%
- Epoch 015, ExpID 41591
Train - Loss: 21299827.89
Val - Loss, MSE, RMSE, MAE, MAPE: 38823520.00, 38823521.00, 6199.19, 4810.21, 6.00%
Test - Best epoch, Loss, MSE, RMSE, MAE, MAPE: 15, 60575840.00, 60575842.00, 7723.88, 5526.41, 6.29%
- Epoch 016, ExpID 41591
Train - Loss: 20936024.95
Val - Loss, MSE, RMSE, MAE, MAPE: 36551400.00, 36551400.00, 6023.19, 4685.86, 5.89%
Test - Best epoch, Loss, MSE, RMSE, MAE, MAPE: 16, 58167228.00, 58167228.00, 7560.05, 5413.95, 6.20%
- Epoch 017, ExpID 41591
Train - Loss: 20122584.53
Val - Loss, MSE, RMSE, MAE, MAPE: 34841348.00, 34841348.00, 5868.25, 4552.12, 5.73%
Test - Best epoch, Loss, MSE, RMSE, MAE, MAPE: 17, 56771920.00, 56771920.00, 7448.28, 5287.91, 6.06%
- Epoch 018, ExpID 41591
Train - Loss: 19272042.74
Val - Loss, MSE, RMSE, MAE, MAPE: 34411380.00, 34411380.00, 5840.14, 4534.27, 5.70%
Test - Best epoch, Loss, MSE, RMSE, MAE, MAPE: 18, 54734928.00, 54734928.00, 7334.13, 5245.12, 5.99%
- Epoch 019, ExpID 41591
Train - Loss: 18514983.37
Val - Loss, MSE, RMSE, MAE, MAPE: 34960996.00, 34960997.00, 5842.03, 4547.46, 5.65%
Test - Best epoch, Loss, MSE, RMSE, MAE, MAPE: 18, 54734928.00, 54734928.00, 7334.13, 5245.12, 5.99%
- Epoch 020, ExpID 41591
Train - Loss: 18365420.42
Val - Loss, MSE, RMSE, MAE, MAPE: 32622732.00, 32622732.00, 5656.22, 4333.22, 5.42%
Test - Best epoch, Loss, MSE, RMSE, MAE, MAPE: 20, 57344456.00, 57344456.00, 7505.97, 5376.59, 6.15%
- Epoch 021, ExpID 41591
Train - Loss: 17551926.16
Val - Loss, MSE, RMSE, MAE, MAPE: 32122866.00, 32122866.00, 5620.43, 4296.78, 5.37%
Test - Best epoch, Loss, MSE, RMSE, MAE, MAPE: 21, 56083408.00, 56083408.00, 7426.25, 5260.15, 6.01%
- Epoch 022, ExpID 41591
Train - Loss: 17064074.79
Val - Loss, MSE, RMSE, MAE, MAPE: 34315200.00, 34315202.00, 5775.89, 4415.08, 5.49%
Test - Best epoch, Loss, MSE, RMSE, MAE, MAPE: 21, 56083408.00, 56083408.00, 7426.25, 5260.15, 6.01%
- Epoch 023, ExpID 41591
Train - Loss: 16487455.79
Val - Loss, MSE, RMSE, MAE, MAPE: 32336262.00, 32336262.00, 5613.15, 4296.84, 5.37%
Test - Best epoch, Loss, MSE, RMSE, MAE, MAPE: 21, 56083408.00, 56083408.00, 7426.25, 5260.15, 6.01%
- Epoch 024, ExpID 41591
Train - Loss: 16004966.63
Val - Loss, MSE, RMSE, MAE, MAPE: 32153056.00, 32153055.00, 5595.86, 4244.18, 5.30%
Test - Best epoch, Loss, MSE, RMSE, MAE, MAPE: 21, 56083408.00, 56083408.00, 7426.25, 5260.15, 6.01%
- Epoch 025, ExpID 41591
Train - Loss: 15724484.63
Val - Loss, MSE, RMSE, MAE, MAPE: 34849200.00, 34849198.00, 5804.42, 4447.61, 5.51%
Test - Best epoch, Loss, MSE, RMSE, MAE, MAPE: 21, 56083408.00, 56083408.00, 7426.25, 5260.15, 6.01%
- Epoch 026, ExpID 41591
Train - Loss: 15666997.05
Val - Loss, MSE, RMSE, MAE, MAPE: 31138424.00, 31138424.00, 5527.04, 4252.11, 5.35%
Test - Best epoch, Loss, MSE, RMSE, MAE, MAPE: 26, 56769768.00, 56769770.00, 7467.31, 5497.05, 6.37%
- Epoch 027, ExpID 41591
Train - Loss: 15750702.37
Val - Loss, MSE, RMSE, MAE, MAPE: 28685420.00, 28685420.00, 5317.52, 4089.64, 5.11%
Test - Best epoch, Loss, MSE, RMSE, MAE, MAPE: 27, 55713684.00, 55713684.00, 7422.57, 5352.24, 6.14%
- Epoch 028, ExpID 41591
Train - Loss: 15270628.21
Val - Loss, MSE, RMSE, MAE, MAPE: 35086680.00, 35086679.00, 5782.57, 4384.60, 5.44%
Test - Best epoch, Loss, MSE, RMSE, MAE, MAPE: 27, 55713684.00, 55713684.00, 7422.57, 5352.24, 6.14%
- Epoch 029, ExpID 41591
Train - Loss: 14975243.89
Val - Loss, MSE, RMSE, MAE, MAPE: 34110316.00, 34110317.00, 5712.84, 4404.38, 5.45%
Test - Best epoch, Loss, MSE, RMSE, MAE, MAPE: 27, 55713684.00, 55713684.00, 7422.57, 5352.24, 6.14%
- Epoch 030, ExpID 41591
Train - Loss: 14674981.68
Val - Loss, MSE, RMSE, MAE, MAPE: 35609584.00, 35609582.00, 5807.54, 4441.39, 5.51%
Test - Best epoch, Loss, MSE, RMSE, MAE, MAPE: 27, 55713684.00, 55713684.00, 7422.57, 5352.24, 6.14%
- Epoch 031, ExpID 41591
Train - Loss: 14425065.89
Val - Loss, MSE, RMSE, MAE, MAPE: 35135632.00, 35135632.00, 5763.11, 4351.57, 5.40%
Test - Best epoch, Loss, MSE, RMSE, MAE, MAPE: 27, 55713684.00, 55713684.00, 7422.57, 5352.24, 6.14%
- Epoch 032, ExpID 41591
Train - Loss: 14193007.74
Val - Loss, MSE, RMSE, MAE, MAPE: 36122304.00, 36122305.00, 5838.84, 4430.57, 5.49%
Test - Best epoch, Loss, MSE, RMSE, MAE, MAPE: 27, 55713684.00, 55713684.00, 7422.57, 5352.24, 6.14%
- Epoch 033, ExpID 41591
Train - Loss: 13904220.74
Val - Loss, MSE, RMSE, MAE, MAPE: 35416240.00, 35416241.00, 5773.31, 4383.33, 5.46%
Test - Best epoch, Loss, MSE, RMSE, MAE, MAPE: 27, 55713684.00, 55713684.00, 7422.57, 5352.24, 6.14%
- Epoch 034, ExpID 41591
Train - Loss: 13610689.79
Val - Loss, MSE, RMSE, MAE, MAPE: 36306928.00, 36306927.00, 5827.16, 4398.31, 5.46%
Test - Best epoch, Loss, MSE, RMSE, MAE, MAPE: 27, 55713684.00, 55713684.00, 7422.57, 5352.24, 6.14%
- Epoch 035, ExpID 41591
Train - Loss: 13441733.47
Val - Loss, MSE, RMSE, MAE, MAPE: 36440024.00, 36440023.00, 5837.33, 4407.17, 5.46%
Test - Best epoch, Loss, MSE, RMSE, MAE, MAPE: 27, 55713684.00, 55713684.00, 7422.57, 5352.24, 6.14%
- Epoch 036, ExpID 41591
Train - Loss: 13482633.58
Val - Loss, MSE, RMSE, MAE, MAPE: 32695494.00, 32695494.00, 5567.83, 4208.68, 5.24%
Test - Best epoch, Loss, MSE, RMSE, MAE, MAPE: 27, 55713684.00, 55713684.00, 7422.57, 5352.24, 6.14%
- Epoch 037, ExpID 41591
Train - Loss: 13233038.16
Val - Loss, MSE, RMSE, MAE, MAPE: 34324640.00, 34324641.00, 5686.74, 4316.84, 5.34%
Test - Best epoch, Loss, MSE, RMSE, MAE, MAPE: 27, 55713684.00, 55713684.00, 7422.57, 5352.24, 6.14%
Early Stopping at Epoch 37
Fold 2017 Best RMSE: 7422.5713

-------------------- [Fold: 2018] ExpID: 45933 --------------------
- Epoch 000, ExpID 45933
Train - Loss: 56171438.60
Val - Loss, MSE, RMSE, MAE, MAPE: 105713952.00, 105713952.00, 10276.84, 7986.78, 9.20%
Test - Best epoch, Loss, MSE, RMSE, MAE, MAPE: 0, 83917888.00, 83917888.00, 9139.34, 7335.47, 7.87%
- Epoch 001, ExpID 45933
Train - Loss: 48268558.40
Val - Loss, MSE, RMSE, MAE, MAPE: 94340128.00, 94340124.00, 9706.83, 7524.36, 8.72%
Test - Best epoch, Loss, MSE, RMSE, MAE, MAPE: 1, 71834632.00, 71834630.00, 8466.19, 6759.21, 7.31%
- Epoch 002, ExpID 45933
Train - Loss: 43108265.00
Val - Loss, MSE, RMSE, MAE, MAPE: 86782776.00, 86782776.00, 9307.97, 7189.15, 8.39%
Test - Best epoch, Loss, MSE, RMSE, MAE, MAPE: 2, 63690280.00, 63690278.00, 7978.24, 6313.29, 6.88%
- Epoch 003, ExpID 45933
Train - Loss: 39387647.60
Val - Loss, MSE, RMSE, MAE, MAPE: 81351056.00, 81351056.00, 9007.07, 6902.10, 8.07%
Test - Best epoch, Loss, MSE, RMSE, MAE, MAPE: 3, 57962320.00, 57962320.00, 7612.93, 5979.68, 6.54%
- Epoch 004, ExpID 45933
Train - Loss: 35316824.50
Val - Loss, MSE, RMSE, MAE, MAPE: 78019664.00, 78019666.00, 8804.01, 6667.33, 7.76%
Test - Best epoch, Loss, MSE, RMSE, MAE, MAPE: 4, 52799892.00, 52799892.00, 7266.29, 5675.00, 6.20%
- Epoch 005, ExpID 45933
Train - Loss: 31782960.90
Val - Loss, MSE, RMSE, MAE, MAPE: 75461704.00, 75461706.00, 8635.32, 6476.32, 7.50%
Test - Best epoch, Loss, MSE, RMSE, MAE, MAPE: 5, 51151232.00, 51151232.00, 7151.84, 5599.71, 6.11%
- Epoch 006, ExpID 45933
Train - Loss: 29703192.20
Val - Loss, MSE, RMSE, MAE, MAPE: 72521640.00, 72521642.00, 8446.64, 6261.25, 7.23%
Test - Best epoch, Loss, MSE, RMSE, MAE, MAPE: 6, 49224536.00, 49224534.00, 7015.38, 5491.01, 5.98%
- Epoch 007, ExpID 45933
Train - Loss: 28278520.20
Val - Loss, MSE, RMSE, MAE, MAPE: 70738776.00, 70738778.00, 8332.06, 6127.84, 7.04%
Test - Best epoch, Loss, MSE, RMSE, MAE, MAPE: 7, 47200976.00, 47200978.00, 6869.52, 5350.31, 5.81%
- Epoch 008, ExpID 45933
Train - Loss: 27329599.50
Val - Loss, MSE, RMSE, MAE, MAPE: 68347176.00, 68347174.00, 8187.59, 6019.37, 6.94%
Test - Best epoch, Loss, MSE, RMSE, MAE, MAPE: 8, 45471744.00, 45471746.00, 6741.95, 5240.10, 5.71%
- Epoch 009, ExpID 45933
Train - Loss: 26442771.80
Val - Loss, MSE, RMSE, MAE, MAPE: 68046664.00, 68046666.00, 8164.70, 5903.33, 6.74%
Test - Best epoch, Loss, MSE, RMSE, MAE, MAPE: 9, 44720912.00, 44720910.00, 6686.66, 5166.50, 5.59%
- Epoch 010, ExpID 45933
Train - Loss: 25780812.50
Val - Loss, MSE, RMSE, MAE, MAPE: 66493164.00, 66493164.00, 8068.99, 5841.01, 6.69%
Test - Best epoch, Loss, MSE, RMSE, MAE, MAPE: 10, 43269308.00, 43269308.00, 6577.03, 5073.36, 5.51%
- Epoch 011, ExpID 45933
Train - Loss: 25038196.70
Val - Loss, MSE, RMSE, MAE, MAPE: 65652264.00, 65652264.00, 8014.24, 5800.00, 6.65%
Test - Best epoch, Loss, MSE, RMSE, MAE, MAPE: 11, 42761496.00, 42761494.00, 6538.20, 5040.25, 5.48%
- Epoch 012, ExpID 45933
Train - Loss: 24297502.00
Val - Loss, MSE, RMSE, MAE, MAPE: 65316584.00, 65316582.00, 8004.06, 5732.20, 6.54%
Test - Best epoch, Loss, MSE, RMSE, MAE, MAPE: 12, 42053488.00, 42053486.00, 6484.75, 4996.73, 5.41%
- Epoch 013, ExpID 45933
Train - Loss: 23824598.40
Val - Loss, MSE, RMSE, MAE, MAPE: 65256556.00, 65256556.00, 7994.20, 5693.77, 6.47%
Test - Best epoch, Loss, MSE, RMSE, MAE, MAPE: 13, 42532160.00, 42532160.00, 6521.64, 5028.21, 5.44%
- Epoch 014, ExpID 45933
Train - Loss: 22961180.50
Val - Loss, MSE, RMSE, MAE, MAPE: 64500184.00, 64500182.00, 7948.58, 5686.18, 6.50%
Test - Best epoch, Loss, MSE, RMSE, MAE, MAPE: 14, 42002016.00, 42002018.00, 6480.85, 5018.34, 5.46%
- Epoch 015, ExpID 45933
Train - Loss: 22213707.50
Val - Loss, MSE, RMSE, MAE, MAPE: 64705112.00, 64705114.00, 7955.61, 5691.03, 6.53%
Test - Best epoch, Loss, MSE, RMSE, MAE, MAPE: 14, 42002016.00, 42002018.00, 6480.85, 5018.34, 5.46%
- Epoch 016, ExpID 45933
Train - Loss: 21438362.30
Val - Loss, MSE, RMSE, MAE, MAPE: 63802408.00, 63802408.00, 7873.00, 5606.01, 6.43%
Test - Best epoch, Loss, MSE, RMSE, MAE, MAPE: 16, 43045208.00, 43045206.00, 6560.83, 5123.25, 5.58%
- Epoch 017, ExpID 45933
Train - Loss: 20653470.30
Val - Loss, MSE, RMSE, MAE, MAPE: 64229680.00, 64229682.00, 7924.24, 5626.48, 6.42%
Test - Best epoch, Loss, MSE, RMSE, MAE, MAPE: 16, 43045208.00, 43045206.00, 6560.83, 5123.25, 5.58%
- Epoch 018, ExpID 45933
Train - Loss: 20151569.40
Val - Loss, MSE, RMSE, MAE, MAPE: 64591952.00, 64591954.00, 7929.54, 5739.73, 6.63%
Test - Best epoch, Loss, MSE, RMSE, MAE, MAPE: 16, 43045208.00, 43045206.00, 6560.83, 5123.25, 5.58%
- Epoch 019, ExpID 45933
Train - Loss: 19549905.00
Val - Loss, MSE, RMSE, MAE, MAPE: 63783968.00, 63783970.00, 7861.25, 5647.57, 6.49%
Test - Best epoch, Loss, MSE, RMSE, MAE, MAPE: 19, 42551788.00, 42551788.00, 6522.58, 5055.21, 5.52%
- Epoch 020, ExpID 45933
Train - Loss: 18992628.20
Val - Loss, MSE, RMSE, MAE, MAPE: 65612536.00, 65612534.00, 7977.46, 5808.61, 6.73%
Test - Best epoch, Loss, MSE, RMSE, MAE, MAPE: 19, 42551788.00, 42551788.00, 6522.58, 5055.21, 5.52%
- Epoch 021, ExpID 45933
Train - Loss: 19162556.35
Val - Loss, MSE, RMSE, MAE, MAPE: 58377656.00, 58377656.00, 7510.52, 5420.75, 6.19%
Test - Best epoch, Loss, MSE, RMSE, MAE, MAPE: 21, 38900408.00, 38900408.00, 6236.44, 4911.89, 5.31%
- Epoch 022, ExpID 45933
Train - Loss: 18286136.20
Val - Loss, MSE, RMSE, MAE, MAPE: 56762204.00, 56762204.00, 7433.73, 5413.44, 6.19%
Test - Best epoch, Loss, MSE, RMSE, MAE, MAPE: 22, 38003768.00, 38003768.00, 6162.83, 4862.94, 5.26%
- Epoch 023, ExpID 45933
Train - Loss: 17774913.25
Val - Loss, MSE, RMSE, MAE, MAPE: 55340816.00, 55340816.00, 7335.95, 5368.09, 6.16%
Test - Best epoch, Loss, MSE, RMSE, MAE, MAPE: 23, 36705304.00, 36705304.00, 6057.24, 4776.91, 5.18%
- Epoch 024, ExpID 45933
Train - Loss: 17630838.55
Val - Loss, MSE, RMSE, MAE, MAPE: 59932432.00, 59932430.00, 7638.82, 5600.68, 6.45%
Test - Best epoch, Loss, MSE, RMSE, MAE, MAPE: 23, 36705304.00, 36705304.00, 6057.24, 4776.91, 5.18%
- Epoch 025, ExpID 45933
Train - Loss: 17430337.75
Val - Loss, MSE, RMSE, MAE, MAPE: 58162600.00, 58162598.00, 7492.55, 5443.89, 6.25%
Test - Best epoch, Loss, MSE, RMSE, MAE, MAPE: 23, 36705304.00, 36705304.00, 6057.24, 4776.91, 5.18%
- Epoch 026, ExpID 45933
Train - Loss: 17051598.60
Val - Loss, MSE, RMSE, MAE, MAPE: 57342720.00, 57342718.00, 7500.24, 5654.16, 6.53%
Test - Best epoch, Loss, MSE, RMSE, MAE, MAPE: 23, 36705304.00, 36705304.00, 6057.24, 4776.91, 5.18%
- Epoch 027, ExpID 45933
Train - Loss: 17837792.60
Val - Loss, MSE, RMSE, MAE, MAPE: 58412048.00, 58412046.00, 7537.67, 5529.16, 6.32%
Test - Best epoch, Loss, MSE, RMSE, MAE, MAPE: 23, 36705304.00, 36705304.00, 6057.24, 4776.91, 5.18%
- Epoch 028, ExpID 45933
Train - Loss: 17404985.45
Val - Loss, MSE, RMSE, MAE, MAPE: 55408336.00, 55408338.00, 7354.57, 5359.73, 6.15%
Test - Best epoch, Loss, MSE, RMSE, MAE, MAPE: 23, 36705304.00, 36705304.00, 6057.24, 4776.91, 5.18%
- Epoch 029, ExpID 45933
Train - Loss: 16429041.30
Val - Loss, MSE, RMSE, MAE, MAPE: 55832256.00, 55832258.00, 7383.94, 5461.10, 6.25%
Test - Best epoch, Loss, MSE, RMSE, MAE, MAPE: 23, 36705304.00, 36705304.00, 6057.24, 4776.91, 5.18%
- Epoch 030, ExpID 45933
Train - Loss: 15954358.10
Val - Loss, MSE, RMSE, MAE, MAPE: 56423368.00, 56423366.00, 7416.35, 5468.12, 6.25%
Test - Best epoch, Loss, MSE, RMSE, MAE, MAPE: 23, 36705304.00, 36705304.00, 6057.24, 4776.91, 5.18%
- Epoch 031, ExpID 45933
Train - Loss: 15488718.35
Val - Loss, MSE, RMSE, MAE, MAPE: 55154640.00, 55154640.00, 7333.99, 5456.65, 6.24%
Test - Best epoch, Loss, MSE, RMSE, MAE, MAPE: 31, 32824372.00, 32824372.00, 5722.38, 4525.84, 4.88%
- Epoch 032, ExpID 45933
Train - Loss: 15154299.65
Val - Loss, MSE, RMSE, MAE, MAPE: 53788088.00, 53788086.00, 7230.28, 5373.56, 6.16%
Test - Best epoch, Loss, MSE, RMSE, MAE, MAPE: 32, 31978848.00, 31978848.00, 5651.53, 4465.61, 4.82%
- Epoch 033, ExpID 45933
Train - Loss: 14810404.05
Val - Loss, MSE, RMSE, MAE, MAPE: 53888020.00, 53888020.00, 7227.66, 5334.42, 6.09%
Test - Best epoch, Loss, MSE, RMSE, MAE, MAPE: 32, 31978848.00, 31978848.00, 5651.53, 4465.61, 4.82%
- Epoch 034, ExpID 45933
Train - Loss: 14444007.10
Val - Loss, MSE, RMSE, MAE, MAPE: 51861440.00, 51861440.00, 7103.71, 5276.36, 6.03%
Test - Best epoch, Loss, MSE, RMSE, MAE, MAPE: 34, 33680164.00, 33680165.00, 5786.31, 4561.98, 4.89%
- Epoch 035, ExpID 45933
Train - Loss: 14711804.70
Val - Loss, MSE, RMSE, MAE, MAPE: 53854152.00, 53854154.00, 7257.41, 5456.99, 6.26%
Test - Best epoch, Loss, MSE, RMSE, MAE, MAPE: 34, 33680164.00, 33680165.00, 5786.31, 4561.98, 4.89%
- Epoch 036, ExpID 45933
Train - Loss: 14440938.20
Val - Loss, MSE, RMSE, MAE, MAPE: 51995104.00, 51995106.00, 7110.77, 5242.37, 6.00%
Test - Best epoch, Loss, MSE, RMSE, MAE, MAPE: 34, 33680164.00, 33680165.00, 5786.31, 4561.98, 4.89%
- Epoch 037, ExpID 45933
Train - Loss: 13887411.60
Val - Loss, MSE, RMSE, MAE, MAPE: 49108844.00, 49108845.00, 6915.86, 5147.62, 5.92%
Test - Best epoch, Loss, MSE, RMSE, MAE, MAPE: 37, 31665284.00, 31665283.00, 5624.97, 4448.72, 4.80%
- Epoch 038, ExpID 45933
Train - Loss: 13501391.55
Val - Loss, MSE, RMSE, MAE, MAPE: 47395160.00, 47395162.00, 6818.41, 5071.17, 5.83%
Test - Best epoch, Loss, MSE, RMSE, MAE, MAPE: 38, 31983136.00, 31983136.00, 5646.23, 4471.40, 4.83%
- Epoch 039, ExpID 45933
Train - Loss: 13436514.95
Val - Loss, MSE, RMSE, MAE, MAPE: 47165392.00, 47165392.00, 6781.15, 5036.58, 5.78%
Test - Best epoch, Loss, MSE, RMSE, MAE, MAPE: 39, 33366866.00, 33366866.00, 5761.83, 4572.25, 4.94%
- Epoch 040, ExpID 45933
Train - Loss: 14268205.60
Val - Loss, MSE, RMSE, MAE, MAPE: 51223756.00, 51223756.00, 7096.15, 5241.11, 6.01%
Test - Best epoch, Loss, MSE, RMSE, MAE, MAPE: 39, 33366866.00, 33366866.00, 5761.83, 4572.25, 4.94%
- Epoch 041, ExpID 45933
Train - Loss: 13439231.95
Val - Loss, MSE, RMSE, MAE, MAPE: 48152656.00, 48152654.00, 6873.04, 5084.29, 5.83%
Test - Best epoch, Loss, MSE, RMSE, MAE, MAPE: 39, 33366866.00, 33366866.00, 5761.83, 4572.25, 4.94%
- Epoch 042, ExpID 45933
Train - Loss: 13036413.00
Val - Loss, MSE, RMSE, MAE, MAPE: 51551152.00, 51551154.00, 7071.32, 5172.52, 5.90%
Test - Best epoch, Loss, MSE, RMSE, MAE, MAPE: 39, 33366866.00, 33366866.00, 5761.83, 4572.25, 4.94%
- Epoch 043, ExpID 45933
Train - Loss: 12634290.75
Val - Loss, MSE, RMSE, MAE, MAPE: 47412920.00, 47412919.00, 6790.55, 4980.99, 5.70%
Test - Best epoch, Loss, MSE, RMSE, MAE, MAPE: 39, 33366866.00, 33366866.00, 5761.83, 4572.25, 4.94%
- Epoch 044, ExpID 45933
Train - Loss: 12327056.45
Val - Loss, MSE, RMSE, MAE, MAPE: 49761532.00, 49761532.00, 6966.11, 5104.15, 5.82%
Test - Best epoch, Loss, MSE, RMSE, MAE, MAPE: 39, 33366866.00, 33366866.00, 5761.83, 4572.25, 4.94%
- Epoch 045, ExpID 45933
Train - Loss: 12155897.15
Val - Loss, MSE, RMSE, MAE, MAPE: 47427744.00, 47427742.00, 6837.00, 5081.55, 5.84%
Test - Best epoch, Loss, MSE, RMSE, MAE, MAPE: 39, 33366866.00, 33366866.00, 5761.83, 4572.25, 4.94%
- Epoch 046, ExpID 45933
Train - Loss: 12761973.70
Val - Loss, MSE, RMSE, MAE, MAPE: 50104544.00, 50104546.00, 7044.48, 5262.47, 6.02%
Test - Best epoch, Loss, MSE, RMSE, MAE, MAPE: 39, 33366866.00, 33366866.00, 5761.83, 4572.25, 4.94%
- Epoch 047, ExpID 45933
Train - Loss: 12584906.85
Val - Loss, MSE, RMSE, MAE, MAPE: 48150376.00, 48150376.00, 6888.39, 5117.98, 5.83%
Test - Best epoch, Loss, MSE, RMSE, MAE, MAPE: 39, 33366866.00, 33366866.00, 5761.83, 4572.25, 4.94%
- Epoch 048, ExpID 45933
Train - Loss: 12401778.25
Val - Loss, MSE, RMSE, MAE, MAPE: 47836664.00, 47836666.00, 6881.02, 5125.43, 5.89%
Test - Best epoch, Loss, MSE, RMSE, MAE, MAPE: 39, 33366866.00, 33366866.00, 5761.83, 4572.25, 4.94%
- Epoch 049, ExpID 45933
Train - Loss: 12378769.05
Val - Loss, MSE, RMSE, MAE, MAPE: 49573404.00, 49573404.00, 6995.98, 5162.11, 5.89%
Test - Best epoch, Loss, MSE, RMSE, MAE, MAPE: 39, 33366866.00, 33366866.00, 5761.83, 4572.25, 4.94%
Early Stopping at Epoch 49
Fold 2018 Best RMSE: 5761.8306

-------------------- [Fold: 2019] ExpID: 67365 --------------------
- Epoch 000, ExpID 67365
Train - Loss: 58157670.36
Val - Loss, MSE, RMSE, MAE, MAPE: 80741984.00, 80741988.00, 8973.93, 7266.71, 7.84%
Test - Best epoch, Loss, MSE, RMSE, MAE, MAPE: 0, 93256536.00, 93256536.00, 9655.93, 7739.75, 8.26%
- Epoch 001, ExpID 67365
Train - Loss: 50058906.18
Val - Loss, MSE, RMSE, MAE, MAPE: 69580024.00, 69580024.00, 8337.05, 6680.52, 7.25%
Test - Best epoch, Loss, MSE, RMSE, MAE, MAPE: 1, 84177584.00, 84177580.00, 9174.83, 7333.89, 7.88%
- Epoch 002, ExpID 67365
Train - Loss: 44931116.91
Val - Loss, MSE, RMSE, MAE, MAPE: 62509200.00, 62509200.00, 7904.63, 6273.10, 6.84%
Test - Best epoch, Loss, MSE, RMSE, MAE, MAPE: 2, 77280952.00, 77280952.00, 8790.89, 7019.14, 7.56%
- Epoch 003, ExpID 67365
Train - Loss: 40920762.00
Val - Loss, MSE, RMSE, MAE, MAPE: 55061336.00, 55061338.00, 7420.33, 5860.82, 6.41%
Test - Best epoch, Loss, MSE, RMSE, MAE, MAPE: 3, 68468208.00, 68468206.00, 8273.12, 6583.76, 7.10%
- Epoch 004, ExpID 67365
Train - Loss: 35659076.00
Val - Loss, MSE, RMSE, MAE, MAPE: 51099608.00, 51099610.00, 7148.33, 5666.63, 6.17%
Test - Best epoch, Loss, MSE, RMSE, MAE, MAPE: 4, 58075824.00, 58075824.00, 7569.00, 5986.53, 6.39%
- Epoch 005, ExpID 67365
Train - Loss: 32164708.64
Val - Loss, MSE, RMSE, MAE, MAPE: 49277416.00, 49277418.00, 7019.19, 5569.56, 6.06%
Test - Best epoch, Loss, MSE, RMSE, MAE, MAPE: 5, 53980928.00, 53980930.00, 7277.35, 5733.01, 6.09%
- Epoch 006, ExpID 67365
Train - Loss: 30109757.09
Val - Loss, MSE, RMSE, MAE, MAPE: 46478920.00, 46478920.00, 6816.60, 5384.13, 5.87%
Test - Best epoch, Loss, MSE, RMSE, MAE, MAPE: 6, 51757920.00, 51757922.00, 7135.28, 5594.95, 5.95%
- Epoch 007, ExpID 67365
Train - Loss: 29078370.55
Val - Loss, MSE, RMSE, MAE, MAPE: 44758328.00, 44758326.00, 6689.40, 5251.26, 5.71%
Test - Best epoch, Loss, MSE, RMSE, MAE, MAPE: 7, 49632676.00, 49632676.00, 6978.53, 5447.56, 5.77%
- Epoch 008, ExpID 67365
Train - Loss: 27787717.55
Val - Loss, MSE, RMSE, MAE, MAPE: 42942368.00, 42942370.00, 6552.25, 5121.40, 5.59%
Test - Best epoch, Loss, MSE, RMSE, MAE, MAPE: 8, 48093040.00, 48093042.00, 6876.92, 5363.71, 5.71%
- Epoch 009, ExpID 67365
Train - Loss: 26725085.82
Val - Loss, MSE, RMSE, MAE, MAPE: 41355368.00, 41355368.00, 6430.65, 4998.95, 5.44%
Test - Best epoch, Loss, MSE, RMSE, MAE, MAPE: 9, 46127824.00, 46127824.00, 6731.20, 5245.58, 5.57%
- Epoch 010, ExpID 67365
Train - Loss: 26097224.36
Val - Loss, MSE, RMSE, MAE, MAPE: 40417240.00, 40417238.00, 6357.10, 4932.86, 5.38%
Test - Best epoch, Loss, MSE, RMSE, MAE, MAPE: 10, 45464376.00, 45464374.00, 6681.93, 5194.60, 5.52%
- Epoch 011, ExpID 67365
Train - Loss: 25414000.27
Val - Loss, MSE, RMSE, MAE, MAPE: 39829724.00, 39829724.00, 6310.91, 4880.94, 5.30%
Test - Best epoch, Loss, MSE, RMSE, MAE, MAPE: 11, 43714344.00, 43714343.00, 6541.24, 5098.81, 5.39%
- Epoch 012, ExpID 67365
Train - Loss: 24790722.45
Val - Loss, MSE, RMSE, MAE, MAPE: 39489472.00, 39489472.00, 6283.96, 4855.14, 5.28%
Test - Best epoch, Loss, MSE, RMSE, MAE, MAPE: 12, 43673092.00, 43673093.00, 6533.64, 5082.25, 5.37%
- Epoch 013, ExpID 67365
Train - Loss: 23900847.09
Val - Loss, MSE, RMSE, MAE, MAPE: 39291720.00, 39291718.00, 6268.14, 4849.40, 5.28%
Test - Best epoch, Loss, MSE, RMSE, MAE, MAPE: 13, 43797176.00, 43797177.00, 6531.34, 5086.69, 5.38%
- Epoch 014, ExpID 67365
Train - Loss: 22714591.55
Val - Loss, MSE, RMSE, MAE, MAPE: 38878136.00, 38878136.00, 6235.22, 4833.17, 5.31%
Test - Best epoch, Loss, MSE, RMSE, MAE, MAPE: 14, 46158908.00, 46158907.00, 6711.13, 5234.26, 5.59%
- Epoch 015, ExpID 67365
Train - Loss: 21546192.55
Val - Loss, MSE, RMSE, MAE, MAPE: 36700328.00, 36700328.00, 6056.41, 4716.36, 5.13%
Test - Best epoch, Loss, MSE, RMSE, MAE, MAPE: 15, 44569240.00, 44569240.00, 6606.79, 5194.29, 5.51%
- Epoch 016, ExpID 67365
Train - Loss: 20634104.00
Val - Loss, MSE, RMSE, MAE, MAPE: 38608004.00, 38608004.00, 6212.24, 4777.25, 5.26%
Test - Best epoch, Loss, MSE, RMSE, MAE, MAPE: 15, 44569240.00, 44569240.00, 6606.79, 5194.29, 5.51%
- Epoch 017, ExpID 67365
Train - Loss: 20211531.68
Val - Loss, MSE, RMSE, MAE, MAPE: 36953360.00, 36953362.00, 6078.46, 4719.92, 5.15%
Test - Best epoch, Loss, MSE, RMSE, MAE, MAPE: 15, 44569240.00, 44569240.00, 6606.79, 5194.29, 5.51%
- Epoch 018, ExpID 67365
Train - Loss: 19391004.18
Val - Loss, MSE, RMSE, MAE, MAPE: 35045720.00, 35045720.00, 5919.91, 4568.90, 5.00%
Test - Best epoch, Loss, MSE, RMSE, MAE, MAPE: 18, 43391080.00, 43391082.00, 6521.52, 5120.47, 5.45%
- Epoch 019, ExpID 67365
Train - Loss: 19035801.64
Val - Loss, MSE, RMSE, MAE, MAPE: 33977644.00, 33977645.00, 5828.70, 4503.43, 4.92%
Test - Best epoch, Loss, MSE, RMSE, MAE, MAPE: 19, 43676192.00, 43676190.00, 6540.34, 5128.83, 5.45%
- Epoch 020, ExpID 67365
Train - Loss: 18300007.41
Val - Loss, MSE, RMSE, MAE, MAPE: 33631720.00, 33631720.00, 5799.16, 4488.94, 4.90%
Test - Best epoch, Loss, MSE, RMSE, MAE, MAPE: 20, 42537384.00, 42537384.00, 6456.14, 5050.25, 5.36%
- Epoch 021, ExpID 67365
Train - Loss: 17823279.14
Val - Loss, MSE, RMSE, MAE, MAPE: 34324248.00, 34324246.00, 5858.68, 4523.90, 4.95%
Test - Best epoch, Loss, MSE, RMSE, MAE, MAPE: 20, 42537384.00, 42537384.00, 6456.14, 5050.25, 5.36%
- Epoch 022, ExpID 67365
Train - Loss: 17513531.45
Val - Loss, MSE, RMSE, MAE, MAPE: 34982952.00, 34982951.00, 5912.15, 4528.25, 4.98%
Test - Best epoch, Loss, MSE, RMSE, MAE, MAPE: 20, 42537384.00, 42537384.00, 6456.14, 5050.25, 5.36%
- Epoch 023, ExpID 67365
Train - Loss: 17310234.45
Val - Loss, MSE, RMSE, MAE, MAPE: 31971582.00, 31971582.00, 5653.74, 4379.69, 4.78%
Test - Best epoch, Loss, MSE, RMSE, MAE, MAPE: 23, 40694700.00, 40694699.00, 6328.55, 4951.93, 5.27%
- Epoch 024, ExpID 67365
Train - Loss: 16832470.86
Val - Loss, MSE, RMSE, MAE, MAPE: 35487008.00, 35487010.00, 5955.17, 4602.37, 5.05%
Test - Best epoch, Loss, MSE, RMSE, MAE, MAPE: 23, 40694700.00, 40694699.00, 6328.55, 4951.93, 5.27%
- Epoch 025, ExpID 67365
Train - Loss: 16551342.14
Val - Loss, MSE, RMSE, MAE, MAPE: 35689400.00, 35689399.00, 5970.95, 4612.40, 5.05%
Test - Best epoch, Loss, MSE, RMSE, MAE, MAPE: 23, 40694700.00, 40694699.00, 6328.55, 4951.93, 5.27%
- Epoch 026, ExpID 67365
Train - Loss: 16086601.05
Val - Loss, MSE, RMSE, MAE, MAPE: 29123192.00, 29123193.00, 5393.04, 4150.85, 4.54%
Test - Best epoch, Loss, MSE, RMSE, MAE, MAPE: 26, 34932592.00, 34932592.00, 5875.89, 4547.87, 4.83%
- Epoch 027, ExpID 67365
Train - Loss: 16121952.68
Val - Loss, MSE, RMSE, MAE, MAPE: 35153696.00, 35153698.00, 5921.30, 4566.76, 4.99%
Test - Best epoch, Loss, MSE, RMSE, MAE, MAPE: 26, 34932592.00, 34932592.00, 5875.89, 4547.87, 4.83%
- Epoch 028, ExpID 67365
Train - Loss: 15895316.77
Val - Loss, MSE, RMSE, MAE, MAPE: 29823946.00, 29823946.00, 5459.03, 4198.35, 4.61%
Test - Best epoch, Loss, MSE, RMSE, MAE, MAPE: 26, 34932592.00, 34932592.00, 5875.89, 4547.87, 4.83%
- Epoch 029, ExpID 67365
Train - Loss: 14999502.50
Val - Loss, MSE, RMSE, MAE, MAPE: 28133590.00, 28133590.00, 5298.49, 4089.52, 4.46%
Test - Best epoch, Loss, MSE, RMSE, MAE, MAPE: 29, 34152496.00, 34152494.00, 5793.89, 4478.43, 4.75%
- Epoch 030, ExpID 67365
Train - Loss: 15100756.18
Val - Loss, MSE, RMSE, MAE, MAPE: 29446096.00, 29446095.00, 5422.60, 4175.24, 4.58%
Test - Best epoch, Loss, MSE, RMSE, MAE, MAPE: 29, 34152496.00, 34152494.00, 5793.89, 4478.43, 4.75%
- Epoch 031, ExpID 67365
Train - Loss: 17004611.27
Val - Loss, MSE, RMSE, MAE, MAPE: 35676144.00, 35676143.00, 5961.79, 4589.64, 5.04%
Test - Best epoch, Loss, MSE, RMSE, MAE, MAPE: 29, 34152496.00, 34152494.00, 5793.89, 4478.43, 4.75%
- Epoch 032, ExpID 67365
Train - Loss: 19049301.32
Val - Loss, MSE, RMSE, MAE, MAPE: 35659444.00, 35659444.00, 5956.61, 4603.32, 5.04%
Test - Best epoch, Loss, MSE, RMSE, MAE, MAPE: 29, 34152496.00, 34152494.00, 5793.89, 4478.43, 4.75%
- Epoch 033, ExpID 67365
Train - Loss: 18210835.77
Val - Loss, MSE, RMSE, MAE, MAPE: 35457732.00, 35457733.00, 5945.34, 4593.99, 5.04%
Test - Best epoch, Loss, MSE, RMSE, MAE, MAPE: 29, 34152496.00, 34152494.00, 5793.89, 4478.43, 4.75%
- Epoch 034, ExpID 67365
Train - Loss: 16949435.73
Val - Loss, MSE, RMSE, MAE, MAPE: 33353214.00, 33353214.00, 5770.24, 4466.25, 4.88%
Test - Best epoch, Loss, MSE, RMSE, MAE, MAPE: 29, 34152496.00, 34152494.00, 5793.89, 4478.43, 4.75%
- Epoch 035, ExpID 67365
Train - Loss: 16320875.18
Val - Loss, MSE, RMSE, MAE, MAPE: 32838554.00, 32838554.00, 5728.88, 4482.26, 4.89%
Test - Best epoch, Loss, MSE, RMSE, MAE, MAPE: 29, 34152496.00, 34152494.00, 5793.89, 4478.43, 4.75%
- Epoch 036, ExpID 67365
Train - Loss: 15794966.55
Val - Loss, MSE, RMSE, MAE, MAPE: 31274156.00, 31274155.00, 5590.48, 4417.50, 4.81%
Test - Best epoch, Loss, MSE, RMSE, MAE, MAPE: 29, 34152496.00, 34152494.00, 5793.89, 4478.43, 4.75%
- Epoch 037, ExpID 67365
Train - Loss: 15398149.68
Val - Loss, MSE, RMSE, MAE, MAPE: 30457276.00, 30457275.00, 5516.82, 4278.69, 4.70%
Test - Best epoch, Loss, MSE, RMSE, MAE, MAPE: 29, 34152496.00, 34152494.00, 5793.89, 4478.43, 4.75%
- Epoch 038, ExpID 67365
Train - Loss: 15271430.27
Val - Loss, MSE, RMSE, MAE, MAPE: 31925694.00, 31925694.00, 5647.58, 4452.78, 4.84%
Test - Best epoch, Loss, MSE, RMSE, MAE, MAPE: 29, 34152496.00, 34152494.00, 5793.89, 4478.43, 4.75%
- Epoch 039, ExpID 67365
Train - Loss: 15363118.14
Val - Loss, MSE, RMSE, MAE, MAPE: 29064600.00, 29064599.00, 5388.43, 4223.51, 4.62%
Test - Best epoch, Loss, MSE, RMSE, MAE, MAPE: 29, 34152496.00, 34152494.00, 5793.89, 4478.43, 4.75%
Early Stopping at Epoch 39
Fold 2019 Best RMSE: 5793.8940
