DETAILED LOG | Model: patchtst | Seed: 1
FULL CONFIG: {'gpu': '6', 'target': 'arrival', 'cv_start_year': 2017, 'cv_end_year': 2019, 'test_year': 2024, 'use_corona': False, 'seq_len': 91, 'label_len': 0, 'pred_len': 14, 'batch_size': 256, 'epochs': 1000, 'patience': 10, 'lr': 0.0001, 'model': 'patchtst', 'd_model': 512, 'n_heads': 8, 'n_layers': 6, 'dropout': 0.1, 'activation': 'gelu', 'patch_len': 14, 'factor': 5, 'norm_mode': 'revin', 'use_covar': True, 'use_dbloss': False, 'device': device(type='cuda'), 'stride': 7, 'file_path': 'dataset/airport_flight_with_holiday.csv', 'seed': 1, 'val_year': 2019, 'ndims': 1}

-------------------- [Fold: 2017] ExpID: 36048 --------------------
- Epoch 000, ExpID 36048
Train - Loss: 31328641.00
Val - Loss, MSE, RMSE, MAE, MAPE: 39128064.00, 39128064.00, 6203.07, 4770.06, 5.96%
Test - Best epoch, Loss, MSE, RMSE, MAE, MAPE: 0, 73937848.00, 73937848.00, 8522.09, 6485.37, 7.41%
- Epoch 001, ExpID 36048
Train - Loss: 24665361.10
Val - Loss, MSE, RMSE, MAE, MAPE: 33030206.00, 33030206.00, 5719.53, 4375.76, 5.53%
Test - Best epoch, Loss, MSE, RMSE, MAE, MAPE: 1, 66962404.00, 66962404.00, 8057.36, 6153.39, 7.08%
- Epoch 002, ExpID 36048
Train - Loss: 22644025.70
Val - Loss, MSE, RMSE, MAE, MAPE: 31723626.00, 31723626.00, 5615.68, 4325.98, 5.43%
Test - Best epoch, Loss, MSE, RMSE, MAE, MAPE: 2, 67667024.00, 67667022.00, 8067.10, 6295.45, 7.20%
- Epoch 003, ExpID 36048
Train - Loss: 21310793.50
Val - Loss, MSE, RMSE, MAE, MAPE: 28426642.00, 28426642.00, 5311.89, 4089.07, 5.20%
Test - Best epoch, Loss, MSE, RMSE, MAE, MAPE: 3, 62555040.00, 62555040.00, 7766.09, 6081.99, 7.04%
- Epoch 004, ExpID 36048
Train - Loss: 20141182.00
Val - Loss, MSE, RMSE, MAE, MAPE: 26378334.00, 26378334.00, 5114.59, 3956.76, 5.05%
Test - Best epoch, Loss, MSE, RMSE, MAE, MAPE: 4, 60914420.00, 60914420.00, 7652.43, 6033.94, 6.99%
- Epoch 005, ExpID 36048
Train - Loss: 19301075.20
Val - Loss, MSE, RMSE, MAE, MAPE: 25249712.00, 25249713.00, 5012.80, 3866.06, 4.88%
Test - Best epoch, Loss, MSE, RMSE, MAE, MAPE: 5, 62849864.00, 62849862.00, 7755.37, 6093.43, 6.98%
- Epoch 006, ExpID 36048
Train - Loss: 18717541.80
Val - Loss, MSE, RMSE, MAE, MAPE: 23250616.00, 23250615.00, 4801.54, 3705.91, 4.71%
Test - Best epoch, Loss, MSE, RMSE, MAE, MAPE: 6, 58383788.00, 58383788.00, 7468.39, 5838.62, 6.72%
- Epoch 007, ExpID 36048
Train - Loss: 18111454.80
Val - Loss, MSE, RMSE, MAE, MAPE: 22773884.00, 22773885.00, 4758.04, 3674.63, 4.67%
Test - Best epoch, Loss, MSE, RMSE, MAE, MAPE: 7, 59347116.00, 59347116.00, 7513.65, 5859.87, 6.73%
- Epoch 008, ExpID 36048
Train - Loss: 17504423.35
Val - Loss, MSE, RMSE, MAE, MAPE: 22151200.00, 22151200.00, 4694.03, 3635.34, 4.57%
Test - Best epoch, Loss, MSE, RMSE, MAE, MAPE: 8, 62675132.00, 62675132.00, 7743.62, 6083.47, 6.95%
- Epoch 009, ExpID 36048
Train - Loss: 17242010.70
Val - Loss, MSE, RMSE, MAE, MAPE: 21584272.00, 21584271.00, 4632.74, 3563.41, 4.51%
Test - Best epoch, Loss, MSE, RMSE, MAE, MAPE: 9, 57973640.00, 57973642.00, 7448.49, 5745.69, 6.58%
- Epoch 010, ExpID 36048
Train - Loss: 16805754.60
Val - Loss, MSE, RMSE, MAE, MAPE: 21459208.00, 21459208.00, 4623.39, 3603.22, 4.57%
Test - Best epoch, Loss, MSE, RMSE, MAE, MAPE: 10, 58225448.00, 58225450.00, 7482.66, 5799.89, 6.65%
- Epoch 011, ExpID 36048
Train - Loss: 16227609.65
Val - Loss, MSE, RMSE, MAE, MAPE: 20712544.00, 20712545.00, 4543.63, 3507.48, 4.46%
Test - Best epoch, Loss, MSE, RMSE, MAE, MAPE: 11, 55263612.00, 55263612.00, 7266.56, 5567.69, 6.39%
- Epoch 012, ExpID 36048
Train - Loss: 16088826.75
Val - Loss, MSE, RMSE, MAE, MAPE: 20798800.00, 20798799.00, 4555.00, 3542.35, 4.49%
Test - Best epoch, Loss, MSE, RMSE, MAE, MAPE: 11, 55263612.00, 55263612.00, 7266.56, 5567.69, 6.39%
- Epoch 013, ExpID 36048
Train - Loss: 15513620.75
Val - Loss, MSE, RMSE, MAE, MAPE: 19816172.00, 19816172.00, 4441.44, 3440.63, 4.35%
Test - Best epoch, Loss, MSE, RMSE, MAE, MAPE: 13, 55350632.00, 55350634.00, 7308.16, 5575.98, 6.38%
- Epoch 014, ExpID 36048
Train - Loss: 15270180.80
Val - Loss, MSE, RMSE, MAE, MAPE: 19605616.00, 19605617.00, 4422.26, 3384.20, 4.28%
Test - Best epoch, Loss, MSE, RMSE, MAE, MAPE: 14, 55430136.00, 55430135.00, 7264.79, 5534.17, 6.34%
- Epoch 015, ExpID 36048
Train - Loss: 14781280.25
Val - Loss, MSE, RMSE, MAE, MAPE: 19284376.00, 19284375.00, 4383.65, 3381.22, 4.29%
Test - Best epoch, Loss, MSE, RMSE, MAE, MAPE: 15, 53494724.00, 53494724.00, 7172.62, 5486.95, 6.30%
- Epoch 016, ExpID 36048
Train - Loss: 14491482.10
Val - Loss, MSE, RMSE, MAE, MAPE: 19063198.00, 19063198.00, 4359.75, 3337.94, 4.23%
Test - Best epoch, Loss, MSE, RMSE, MAE, MAPE: 16, 54835080.00, 54835080.00, 7227.30, 5407.35, 6.18%
- Epoch 017, ExpID 36048
Train - Loss: 14239810.00
Val - Loss, MSE, RMSE, MAE, MAPE: 19410146.00, 19410146.00, 4401.16, 3374.19, 4.27%
Test - Best epoch, Loss, MSE, RMSE, MAE, MAPE: 16, 54835080.00, 54835080.00, 7227.30, 5407.35, 6.18%
- Epoch 018, ExpID 36048
Train - Loss: 13846824.10
Val - Loss, MSE, RMSE, MAE, MAPE: 19592036.00, 19592035.00, 4418.34, 3377.15, 4.27%
Test - Best epoch, Loss, MSE, RMSE, MAE, MAPE: 16, 54835080.00, 54835080.00, 7227.30, 5407.35, 6.18%
- Epoch 019, ExpID 36048
Train - Loss: 13708116.25
Val - Loss, MSE, RMSE, MAE, MAPE: 18506206.00, 18506206.00, 4290.76, 3290.19, 4.17%
Test - Best epoch, Loss, MSE, RMSE, MAE, MAPE: 19, 55457128.00, 55457128.00, 7292.34, 5512.42, 6.32%
- Epoch 020, ExpID 36048
Train - Loss: 13398287.25
Val - Loss, MSE, RMSE, MAE, MAPE: 18258864.00, 18258863.50, 4259.17, 3281.12, 4.18%
Test - Best epoch, Loss, MSE, RMSE, MAE, MAPE: 20, 50888796.00, 50888796.00, 6991.44, 5312.98, 6.11%
- Epoch 021, ExpID 36048
Train - Loss: 13206408.95
Val - Loss, MSE, RMSE, MAE, MAPE: 18545188.00, 18545189.00, 4294.41, 3273.32, 4.14%
Test - Best epoch, Loss, MSE, RMSE, MAE, MAPE: 20, 50888796.00, 50888796.00, 6991.44, 5312.98, 6.11%
- Epoch 022, ExpID 36048
Train - Loss: 12955862.80
Val - Loss, MSE, RMSE, MAE, MAPE: 18718520.00, 18718519.00, 4312.80, 3279.83, 4.16%
Test - Best epoch, Loss, MSE, RMSE, MAE, MAPE: 20, 50888796.00, 50888796.00, 6991.44, 5312.98, 6.11%
- Epoch 023, ExpID 36048
Train - Loss: 12562760.95
Val - Loss, MSE, RMSE, MAE, MAPE: 18856764.00, 18856764.50, 4325.60, 3320.56, 4.20%
Test - Best epoch, Loss, MSE, RMSE, MAE, MAPE: 20, 50888796.00, 50888796.00, 6991.44, 5312.98, 6.11%
- Epoch 024, ExpID 36048
Train - Loss: 12428979.00
Val - Loss, MSE, RMSE, MAE, MAPE: 17234016.00, 17234016.50, 4136.62, 3131.94, 3.96%
Test - Best epoch, Loss, MSE, RMSE, MAE, MAPE: 24, 52716276.00, 52716275.00, 7102.11, 5389.88, 6.17%
- Epoch 025, ExpID 36048
Train - Loss: 12162691.65
Val - Loss, MSE, RMSE, MAE, MAPE: 18107482.00, 18107482.00, 4247.57, 3229.06, 4.09%
Test - Best epoch, Loss, MSE, RMSE, MAE, MAPE: 24, 52716276.00, 52716275.00, 7102.11, 5389.88, 6.17%
- Epoch 026, ExpID 36048
Train - Loss: 11963788.35
Val - Loss, MSE, RMSE, MAE, MAPE: 17227702.00, 17227701.50, 4134.66, 3140.80, 3.98%
Test - Best epoch, Loss, MSE, RMSE, MAE, MAPE: 26, 49345084.00, 49345083.00, 6918.26, 5250.22, 6.02%
- Epoch 027, ExpID 36048
Train - Loss: 11923837.65
Val - Loss, MSE, RMSE, MAE, MAPE: 16714226.00, 16714225.50, 4073.32, 3119.56, 3.97%
Test - Best epoch, Loss, MSE, RMSE, MAE, MAPE: 27, 49503980.00, 49503980.00, 6916.60, 5262.29, 6.06%
- Epoch 028, ExpID 36048
Train - Loss: 11658730.20
Val - Loss, MSE, RMSE, MAE, MAPE: 17753922.00, 17753921.50, 4191.87, 3209.30, 4.05%
Test - Best epoch, Loss, MSE, RMSE, MAE, MAPE: 27, 49503980.00, 49503980.00, 6916.60, 5262.29, 6.06%
- Epoch 029, ExpID 36048
Train - Loss: 11608059.25
Val - Loss, MSE, RMSE, MAE, MAPE: 17244254.00, 17244254.50, 4143.72, 3186.47, 4.03%
Test - Best epoch, Loss, MSE, RMSE, MAE, MAPE: 27, 49503980.00, 49503980.00, 6916.60, 5262.29, 6.06%
- Epoch 030, ExpID 36048
Train - Loss: 11372834.10
Val - Loss, MSE, RMSE, MAE, MAPE: 17839420.00, 17839420.00, 4211.29, 3219.77, 4.10%
Test - Best epoch, Loss, MSE, RMSE, MAE, MAPE: 27, 49503980.00, 49503980.00, 6916.60, 5262.29, 6.06%
- Epoch 031, ExpID 36048
Train - Loss: 11077869.35
Val - Loss, MSE, RMSE, MAE, MAPE: 17271138.00, 17271138.00, 4143.00, 3152.52, 4.00%
Test - Best epoch, Loss, MSE, RMSE, MAE, MAPE: 27, 49503980.00, 49503980.00, 6916.60, 5262.29, 6.06%
- Epoch 032, ExpID 36048
Train - Loss: 11135333.05
Val - Loss, MSE, RMSE, MAE, MAPE: 17060036.00, 17060036.50, 4114.45, 3148.10, 4.01%
Test - Best epoch, Loss, MSE, RMSE, MAE, MAPE: 27, 49503980.00, 49503980.00, 6916.60, 5262.29, 6.06%
- Epoch 033, ExpID 36048
Train - Loss: 10940589.90
Val - Loss, MSE, RMSE, MAE, MAPE: 17254170.00, 17254170.50, 4140.24, 3136.38, 3.97%
Test - Best epoch, Loss, MSE, RMSE, MAE, MAPE: 27, 49503980.00, 49503980.00, 6916.60, 5262.29, 6.06%
- Epoch 034, ExpID 36048
Train - Loss: 10693014.10
Val - Loss, MSE, RMSE, MAE, MAPE: 16987344.00, 16987344.00, 4106.57, 3137.52, 3.98%
Test - Best epoch, Loss, MSE, RMSE, MAE, MAPE: 27, 49503980.00, 49503980.00, 6916.60, 5262.29, 6.06%
- Epoch 035, ExpID 36048
Train - Loss: 10428038.30
Val - Loss, MSE, RMSE, MAE, MAPE: 17194796.00, 17194797.00, 4129.76, 3140.47, 3.98%
Test - Best epoch, Loss, MSE, RMSE, MAE, MAPE: 27, 49503980.00, 49503980.00, 6916.60, 5262.29, 6.06%
- Epoch 036, ExpID 36048
Train - Loss: 10401556.00
Val - Loss, MSE, RMSE, MAE, MAPE: 17281108.00, 17281108.50, 4149.30, 3175.51, 4.03%
Test - Best epoch, Loss, MSE, RMSE, MAE, MAPE: 27, 49503980.00, 49503980.00, 6916.60, 5262.29, 6.06%
- Epoch 037, ExpID 36048
Train - Loss: 10472752.25
Val - Loss, MSE, RMSE, MAE, MAPE: 17732844.00, 17732843.00, 4204.25, 3205.43, 4.05%
Test - Best epoch, Loss, MSE, RMSE, MAE, MAPE: 27, 49503980.00, 49503980.00, 6916.60, 5262.29, 6.06%
Early Stopping at Epoch 37
Fold 2017 Best RMSE: 6916.5967

-------------------- [Fold: 2018] ExpID: 3110 --------------------
- Epoch 000, ExpID 3110
Train - Loss: 34163387.24
Val - Loss, MSE, RMSE, MAE, MAPE: 76849328.00, 76849326.00, 8670.98, 6664.21, 7.57%
Test - Best epoch, Loss, MSE, RMSE, MAE, MAPE: 0, 46697104.00, 46697102.00, 6827.73, 5156.37, 5.51%
- Epoch 001, ExpID 3110
Train - Loss: 26076130.48
Val - Loss, MSE, RMSE, MAE, MAPE: 68232088.00, 68232086.00, 8136.72, 6260.84, 7.21%
Test - Best epoch, Loss, MSE, RMSE, MAE, MAPE: 1, 41325768.00, 41325770.00, 6425.94, 4925.26, 5.35%
- Epoch 002, ExpID 3110
Train - Loss: 24193911.81
Val - Loss, MSE, RMSE, MAE, MAPE: 64496752.00, 64496750.00, 7887.36, 6130.83, 7.01%
Test - Best epoch, Loss, MSE, RMSE, MAE, MAPE: 2, 38061668.00, 38061668.00, 6165.85, 4716.02, 5.10%
- Epoch 003, ExpID 3110
Train - Loss: 22812410.57
Val - Loss, MSE, RMSE, MAE, MAPE: 60756176.00, 60756178.00, 7660.12, 6016.05, 6.95%
Test - Best epoch, Loss, MSE, RMSE, MAE, MAPE: 3, 35898392.00, 35898390.00, 5991.35, 4615.02, 5.03%
- Epoch 004, ExpID 3110
Train - Loss: 21432748.57
Val - Loss, MSE, RMSE, MAE, MAPE: 58615340.00, 58615340.00, 7543.71, 6005.70, 6.91%
Test - Best epoch, Loss, MSE, RMSE, MAE, MAPE: 4, 36399804.00, 36399804.00, 6033.06, 4705.67, 5.10%
- Epoch 005, ExpID 3110
Train - Loss: 20459750.10
Val - Loss, MSE, RMSE, MAE, MAPE: 60623544.00, 60623544.00, 7625.99, 6044.12, 6.97%
Test - Best epoch, Loss, MSE, RMSE, MAE, MAPE: 4, 36399804.00, 36399804.00, 6033.06, 4705.67, 5.10%
- Epoch 006, ExpID 3110
Train - Loss: 19849372.24
Val - Loss, MSE, RMSE, MAE, MAPE: 57081944.00, 57081944.00, 7400.41, 5879.88, 6.79%
Test - Best epoch, Loss, MSE, RMSE, MAE, MAPE: 6, 34760584.00, 34760586.00, 5895.72, 4611.45, 5.03%
- Epoch 007, ExpID 3110
Train - Loss: 19146984.19
Val - Loss, MSE, RMSE, MAE, MAPE: 60803864.00, 60803864.00, 7580.35, 6006.29, 6.88%
Test - Best epoch, Loss, MSE, RMSE, MAE, MAPE: 6, 34760584.00, 34760586.00, 5895.72, 4611.45, 5.03%
- Epoch 008, ExpID 3110
Train - Loss: 18578424.19
Val - Loss, MSE, RMSE, MAE, MAPE: 58865196.00, 58865196.00, 7521.42, 5948.35, 6.83%
Test - Best epoch, Loss, MSE, RMSE, MAE, MAPE: 6, 34760584.00, 34760586.00, 5895.72, 4611.45, 5.03%
- Epoch 009, ExpID 3110
Train - Loss: 18033546.38
Val - Loss, MSE, RMSE, MAE, MAPE: 55144544.00, 55144542.00, 7253.80, 5667.19, 6.53%
Test - Best epoch, Loss, MSE, RMSE, MAE, MAPE: 9, 34893432.00, 34893430.00, 5906.50, 4663.48, 5.10%
- Epoch 010, ExpID 3110
Train - Loss: 17722138.90
Val - Loss, MSE, RMSE, MAE, MAPE: 55864336.00, 55864335.00, 7294.64, 5658.26, 6.49%
Test - Best epoch, Loss, MSE, RMSE, MAE, MAPE: 9, 34893432.00, 34893430.00, 5906.50, 4663.48, 5.10%
- Epoch 011, ExpID 3110
Train - Loss: 17265167.57
Val - Loss, MSE, RMSE, MAE, MAPE: 55513984.00, 55513986.00, 7291.62, 5653.81, 6.47%
Test - Best epoch, Loss, MSE, RMSE, MAE, MAPE: 9, 34893432.00, 34893430.00, 5906.50, 4663.48, 5.10%
- Epoch 012, ExpID 3110
Train - Loss: 16722946.71
Val - Loss, MSE, RMSE, MAE, MAPE: 52336792.00, 52336793.00, 7095.92, 5465.05, 6.28%
Test - Best epoch, Loss, MSE, RMSE, MAE, MAPE: 12, 32736892.00, 32736892.00, 5721.15, 4478.10, 4.88%
- Epoch 013, ExpID 3110
Train - Loss: 16278874.67
Val - Loss, MSE, RMSE, MAE, MAPE: 53747196.00, 53747196.00, 7169.03, 5498.20, 6.30%
Test - Best epoch, Loss, MSE, RMSE, MAE, MAPE: 12, 32736892.00, 32736892.00, 5721.15, 4478.10, 4.88%
- Epoch 014, ExpID 3110
Train - Loss: 16158408.43
Val - Loss, MSE, RMSE, MAE, MAPE: 49275976.00, 49275976.00, 6888.41, 5243.90, 6.02%
Test - Best epoch, Loss, MSE, RMSE, MAE, MAPE: 14, 31668716.00, 31668715.00, 5626.56, 4418.50, 4.82%
- Epoch 015, ExpID 3110
Train - Loss: 15607787.19
Val - Loss, MSE, RMSE, MAE, MAPE: 50990728.00, 50990730.00, 6992.44, 5344.18, 6.12%
Test - Best epoch, Loss, MSE, RMSE, MAE, MAPE: 14, 31668716.00, 31668715.00, 5626.56, 4418.50, 4.82%
- Epoch 016, ExpID 3110
Train - Loss: 15192470.52
Val - Loss, MSE, RMSE, MAE, MAPE: 52769168.00, 52769166.00, 7104.79, 5406.54, 6.16%
Test - Best epoch, Loss, MSE, RMSE, MAE, MAPE: 14, 31668716.00, 31668715.00, 5626.56, 4418.50, 4.82%
- Epoch 017, ExpID 3110
Train - Loss: 14641954.00
Val - Loss, MSE, RMSE, MAE, MAPE: 49505616.00, 49505618.00, 6887.53, 5201.11, 5.97%
Test - Best epoch, Loss, MSE, RMSE, MAE, MAPE: 14, 31668716.00, 31668715.00, 5626.56, 4418.50, 4.82%
- Epoch 018, ExpID 3110
Train - Loss: 14426153.71
Val - Loss, MSE, RMSE, MAE, MAPE: 50342352.00, 50342350.00, 6953.27, 5305.77, 6.08%
Test - Best epoch, Loss, MSE, RMSE, MAE, MAPE: 14, 31668716.00, 31668715.00, 5626.56, 4418.50, 4.82%
- Epoch 019, ExpID 3110
Train - Loss: 14349710.76
Val - Loss, MSE, RMSE, MAE, MAPE: 49737480.00, 49737481.00, 6892.54, 5212.76, 5.98%
Test - Best epoch, Loss, MSE, RMSE, MAE, MAPE: 14, 31668716.00, 31668715.00, 5626.56, 4418.50, 4.82%
- Epoch 020, ExpID 3110
Train - Loss: 13987227.00
Val - Loss, MSE, RMSE, MAE, MAPE: 50033420.00, 50033421.00, 6932.04, 5283.13, 6.04%
Test - Best epoch, Loss, MSE, RMSE, MAE, MAPE: 14, 31668716.00, 31668715.00, 5626.56, 4418.50, 4.82%
- Epoch 021, ExpID 3110
Train - Loss: 13736513.00
Val - Loss, MSE, RMSE, MAE, MAPE: 48657760.00, 48657761.00, 6825.38, 5164.92, 5.92%
Test - Best epoch, Loss, MSE, RMSE, MAE, MAPE: 21, 29800208.00, 29800208.00, 5455.61, 4257.85, 4.62%
- Epoch 022, ExpID 3110
Train - Loss: 13567294.19
Val - Loss, MSE, RMSE, MAE, MAPE: 47194628.00, 47194629.00, 6727.14, 5072.75, 5.83%
Test - Best epoch, Loss, MSE, RMSE, MAE, MAPE: 22, 30122048.00, 30122047.00, 5486.70, 4261.99, 4.64%
- Epoch 023, ExpID 3110
Train - Loss: 13209721.38
Val - Loss, MSE, RMSE, MAE, MAPE: 48818288.00, 48818288.00, 6839.44, 5153.01, 5.91%
Test - Best epoch, Loss, MSE, RMSE, MAE, MAPE: 22, 30122048.00, 30122047.00, 5486.70, 4261.99, 4.64%
- Epoch 024, ExpID 3110
Train - Loss: 12941022.19
Val - Loss, MSE, RMSE, MAE, MAPE: 48773300.00, 48773301.00, 6827.50, 5167.42, 5.94%
Test - Best epoch, Loss, MSE, RMSE, MAE, MAPE: 22, 30122048.00, 30122047.00, 5486.70, 4261.99, 4.64%
- Epoch 025, ExpID 3110
Train - Loss: 12918420.10
Val - Loss, MSE, RMSE, MAE, MAPE: 49716984.00, 49716986.00, 6885.29, 5262.99, 6.02%
Test - Best epoch, Loss, MSE, RMSE, MAE, MAPE: 22, 30122048.00, 30122047.00, 5486.70, 4261.99, 4.64%
- Epoch 026, ExpID 3110
Train - Loss: 12654440.90
Val - Loss, MSE, RMSE, MAE, MAPE: 49446644.00, 49446643.00, 6864.02, 5174.39, 5.94%
Test - Best epoch, Loss, MSE, RMSE, MAE, MAPE: 22, 30122048.00, 30122047.00, 5486.70, 4261.99, 4.64%
- Epoch 027, ExpID 3110
Train - Loss: 12616154.43
Val - Loss, MSE, RMSE, MAE, MAPE: 47105052.00, 47105052.00, 6726.61, 5095.53, 5.85%
Test - Best epoch, Loss, MSE, RMSE, MAE, MAPE: 27, 28140720.00, 28140720.00, 5302.56, 4113.99, 4.46%
- Epoch 028, ExpID 3110
Train - Loss: 12145944.14
Val - Loss, MSE, RMSE, MAE, MAPE: 49035800.00, 49035802.00, 6825.09, 5155.14, 5.92%
Test - Best epoch, Loss, MSE, RMSE, MAE, MAPE: 27, 28140720.00, 28140720.00, 5302.56, 4113.99, 4.46%
- Epoch 029, ExpID 3110
Train - Loss: 11976434.67
Val - Loss, MSE, RMSE, MAE, MAPE: 48179656.00, 48179654.00, 6771.05, 5119.21, 5.87%
Test - Best epoch, Loss, MSE, RMSE, MAE, MAPE: 27, 28140720.00, 28140720.00, 5302.56, 4113.99, 4.46%
- Epoch 030, ExpID 3110
Train - Loss: 11853457.90
Val - Loss, MSE, RMSE, MAE, MAPE: 49610472.00, 49610474.00, 6856.27, 5197.42, 5.98%
Test - Best epoch, Loss, MSE, RMSE, MAE, MAPE: 27, 28140720.00, 28140720.00, 5302.56, 4113.99, 4.46%
- Epoch 031, ExpID 3110
Train - Loss: 11865171.81
Val - Loss, MSE, RMSE, MAE, MAPE: 49596744.00, 49596744.00, 6884.31, 5233.98, 6.01%
Test - Best epoch, Loss, MSE, RMSE, MAE, MAPE: 27, 28140720.00, 28140720.00, 5302.56, 4113.99, 4.46%
- Epoch 032, ExpID 3110
Train - Loss: 11639870.48
Val - Loss, MSE, RMSE, MAE, MAPE: 48145316.00, 48145316.00, 6798.60, 5181.08, 5.96%
Test - Best epoch, Loss, MSE, RMSE, MAE, MAPE: 27, 28140720.00, 28140720.00, 5302.56, 4113.99, 4.46%
- Epoch 033, ExpID 3110
Train - Loss: 11505678.33
Val - Loss, MSE, RMSE, MAE, MAPE: 48692896.00, 48692898.00, 6817.32, 5172.68, 5.93%
Test - Best epoch, Loss, MSE, RMSE, MAE, MAPE: 27, 28140720.00, 28140720.00, 5302.56, 4113.99, 4.46%
- Epoch 034, ExpID 3110
Train - Loss: 11418710.05
Val - Loss, MSE, RMSE, MAE, MAPE: 49489288.00, 49489290.00, 6874.37, 5197.06, 5.96%
Test - Best epoch, Loss, MSE, RMSE, MAE, MAPE: 27, 28140720.00, 28140720.00, 5302.56, 4113.99, 4.46%
- Epoch 035, ExpID 3110
Train - Loss: 11115177.71
Val - Loss, MSE, RMSE, MAE, MAPE: 48135748.00, 48135747.00, 6789.10, 5138.64, 5.90%
Test - Best epoch, Loss, MSE, RMSE, MAE, MAPE: 27, 28140720.00, 28140720.00, 5302.56, 4113.99, 4.46%
- Epoch 036, ExpID 3110
Train - Loss: 10941990.62
Val - Loss, MSE, RMSE, MAE, MAPE: 47865220.00, 47865221.00, 6753.87, 5093.09, 5.85%
Test - Best epoch, Loss, MSE, RMSE, MAE, MAPE: 27, 28140720.00, 28140720.00, 5302.56, 4113.99, 4.46%
- Epoch 037, ExpID 3110
Train - Loss: 10789118.29
Val - Loss, MSE, RMSE, MAE, MAPE: 47250612.00, 47250613.00, 6698.47, 5080.31, 5.83%
Test - Best epoch, Loss, MSE, RMSE, MAE, MAPE: 27, 28140720.00, 28140720.00, 5302.56, 4113.99, 4.46%
Early Stopping at Epoch 37
Fold 2018 Best RMSE: 5302.5579

-------------------- [Fold: 2019] ExpID: 36029 --------------------
- Epoch 000, ExpID 36029
Train - Loss: 35683585.22
Val - Loss, MSE, RMSE, MAE, MAPE: 47219480.00, 47219482.00, 6862.70, 5288.17, 5.65%
Test - Best epoch, Loss, MSE, RMSE, MAE, MAPE: 0, 40900088.00, 40900088.00, 6218.99, 4743.40, 4.92%
- Epoch 001, ExpID 36029
Train - Loss: 27961621.83
Val - Loss, MSE, RMSE, MAE, MAPE: 41646552.00, 41646552.00, 6449.12, 4922.91, 5.34%
Test - Best epoch, Loss, MSE, RMSE, MAE, MAPE: 1, 35846780.00, 35846780.00, 5788.64, 4412.32, 4.67%
- Epoch 002, ExpID 36029
Train - Loss: 25926815.83
Val - Loss, MSE, RMSE, MAE, MAPE: 39058608.00, 39058606.00, 6246.69, 4831.65, 5.25%
Test - Best epoch, Loss, MSE, RMSE, MAE, MAPE: 2, 33408150.00, 33408150.50, 5580.67, 4243.84, 4.51%
- Epoch 003, ExpID 36029
Train - Loss: 24386986.96
Val - Loss, MSE, RMSE, MAE, MAPE: 37359864.00, 37359864.00, 6112.24, 4732.93, 5.19%
Test - Best epoch, Loss, MSE, RMSE, MAE, MAPE: 3, 35446912.00, 35446912.00, 5811.48, 4445.24, 4.75%
- Epoch 004, ExpID 36029
Train - Loss: 22976031.74
Val - Loss, MSE, RMSE, MAE, MAPE: 36255872.00, 36255870.00, 6021.16, 4671.51, 5.10%
Test - Best epoch, Loss, MSE, RMSE, MAE, MAPE: 4, 32014756.00, 32014757.00, 5496.80, 4155.26, 4.42%
- Epoch 005, ExpID 36029
Train - Loss: 21655494.43
Val - Loss, MSE, RMSE, MAE, MAPE: 35671036.00, 35671036.00, 5972.48, 4632.52, 5.03%
Test - Best epoch, Loss, MSE, RMSE, MAE, MAPE: 5, 30496220.00, 30496220.00, 5353.98, 4023.70, 4.26%
- Epoch 006, ExpID 36029
Train - Loss: 21120990.61
Val - Loss, MSE, RMSE, MAE, MAPE: 36004056.00, 36004056.00, 5999.07, 4668.28, 5.05%
Test - Best epoch, Loss, MSE, RMSE, MAE, MAPE: 5, 30496220.00, 30496220.00, 5353.98, 4023.70, 4.26%
- Epoch 007, ExpID 36029
Train - Loss: 20609666.78
Val - Loss, MSE, RMSE, MAE, MAPE: 37611740.00, 37611740.00, 6132.03, 4777.27, 5.22%
Test - Best epoch, Loss, MSE, RMSE, MAE, MAPE: 5, 30496220.00, 30496220.00, 5353.98, 4023.70, 4.26%
- Epoch 008, ExpID 36029
Train - Loss: 19772945.83
Val - Loss, MSE, RMSE, MAE, MAPE: 36902596.00, 36902596.00, 6072.70, 4723.50, 5.16%
Test - Best epoch, Loss, MSE, RMSE, MAE, MAPE: 5, 30496220.00, 30496220.00, 5353.98, 4023.70, 4.26%
- Epoch 009, ExpID 36029
Train - Loss: 19040147.39
Val - Loss, MSE, RMSE, MAE, MAPE: 37176028.00, 37176028.00, 6093.88, 4755.22, 5.19%
Test - Best epoch, Loss, MSE, RMSE, MAE, MAPE: 5, 30496220.00, 30496220.00, 5353.98, 4023.70, 4.26%
- Epoch 010, ExpID 36029
Train - Loss: 18707453.09
Val - Loss, MSE, RMSE, MAE, MAPE: 36397480.00, 36397482.00, 6029.47, 4732.91, 5.15%
Test - Best epoch, Loss, MSE, RMSE, MAE, MAPE: 5, 30496220.00, 30496220.00, 5353.98, 4023.70, 4.26%
- Epoch 011, ExpID 36029
Train - Loss: 17942404.91
Val - Loss, MSE, RMSE, MAE, MAPE: 33785772.00, 33785773.00, 5805.74, 4526.19, 4.93%
Test - Best epoch, Loss, MSE, RMSE, MAE, MAPE: 11, 30528090.00, 30528090.50, 5374.54, 4027.47, 4.26%
- Epoch 012, ExpID 36029
Train - Loss: 17673765.43
Val - Loss, MSE, RMSE, MAE, MAPE: 36306360.00, 36306362.00, 6021.26, 4721.61, 5.13%
Test - Best epoch, Loss, MSE, RMSE, MAE, MAPE: 11, 30528090.00, 30528090.50, 5374.54, 4027.47, 4.26%
- Epoch 013, ExpID 36029
Train - Loss: 17066647.09
Val - Loss, MSE, RMSE, MAE, MAPE: 35591112.00, 35591111.00, 5961.31, 4692.34, 5.10%
Test - Best epoch, Loss, MSE, RMSE, MAE, MAPE: 11, 30528090.00, 30528090.50, 5374.54, 4027.47, 4.26%
- Epoch 014, ExpID 36029
Train - Loss: 16638825.43
Val - Loss, MSE, RMSE, MAE, MAPE: 32031108.00, 32031109.00, 5647.80, 4445.50, 4.83%
Test - Best epoch, Loss, MSE, RMSE, MAE, MAPE: 14, 28510284.00, 28510284.50, 5204.02, 3907.23, 4.12%
- Epoch 015, ExpID 36029
Train - Loss: 16451098.09
Val - Loss, MSE, RMSE, MAE, MAPE: 32550692.00, 32550692.00, 5701.69, 4444.50, 4.82%
Test - Best epoch, Loss, MSE, RMSE, MAE, MAPE: 14, 28510284.00, 28510284.50, 5204.02, 3907.23, 4.12%
- Epoch 016, ExpID 36029
Train - Loss: 15951515.43
Val - Loss, MSE, RMSE, MAE, MAPE: 31733472.00, 31733472.00, 5624.44, 4411.49, 4.78%
Test - Best epoch, Loss, MSE, RMSE, MAE, MAPE: 16, 29354800.00, 29354800.50, 5285.06, 3973.10, 4.18%
- Epoch 017, ExpID 36029
Train - Loss: 15809945.48
Val - Loss, MSE, RMSE, MAE, MAPE: 31082100.00, 31082101.00, 5560.69, 4352.79, 4.75%
Test - Best epoch, Loss, MSE, RMSE, MAE, MAPE: 17, 29666990.00, 29666990.00, 5325.88, 4033.41, 4.28%
- Epoch 018, ExpID 36029
Train - Loss: 15383848.35
Val - Loss, MSE, RMSE, MAE, MAPE: 31617760.00, 31617761.00, 5606.17, 4389.13, 4.78%
Test - Best epoch, Loss, MSE, RMSE, MAE, MAPE: 17, 29666990.00, 29666990.00, 5325.88, 4033.41, 4.28%
- Epoch 019, ExpID 36029
Train - Loss: 15147461.78
Val - Loss, MSE, RMSE, MAE, MAPE: 31972984.00, 31972983.00, 5646.29, 4404.55, 4.79%
Test - Best epoch, Loss, MSE, RMSE, MAE, MAPE: 17, 29666990.00, 29666990.00, 5325.88, 4033.41, 4.28%
- Epoch 020, ExpID 36029
Train - Loss: 14813985.78
Val - Loss, MSE, RMSE, MAE, MAPE: 31906044.00, 31906044.00, 5639.03, 4422.69, 4.80%
Test - Best epoch, Loss, MSE, RMSE, MAE, MAPE: 17, 29666990.00, 29666990.00, 5325.88, 4033.41, 4.28%
- Epoch 021, ExpID 36029
Train - Loss: 14548370.13
Val - Loss, MSE, RMSE, MAE, MAPE: 29690848.00, 29690849.00, 5432.88, 4250.38, 4.61%
Test - Best epoch, Loss, MSE, RMSE, MAE, MAPE: 21, 30991204.00, 30991205.00, 5492.50, 4146.70, 4.37%
- Epoch 022, ExpID 36029
Train - Loss: 14413138.74
Val - Loss, MSE, RMSE, MAE, MAPE: 29620196.00, 29620195.00, 5426.13, 4246.78, 4.61%
Test - Best epoch, Loss, MSE, RMSE, MAE, MAPE: 22, 28619498.00, 28619498.00, 5263.67, 3961.53, 4.17%
- Epoch 023, ExpID 36029
Train - Loss: 14131427.91
Val - Loss, MSE, RMSE, MAE, MAPE: 28553538.00, 28553538.00, 5324.88, 4165.32, 4.53%
Test - Best epoch, Loss, MSE, RMSE, MAE, MAPE: 23, 30047580.00, 30047581.00, 5403.66, 4058.99, 4.29%
- Epoch 024, ExpID 36029
Train - Loss: 13923965.43
Val - Loss, MSE, RMSE, MAE, MAPE: 29686656.00, 29686657.00, 5431.35, 4241.71, 4.60%
Test - Best epoch, Loss, MSE, RMSE, MAE, MAPE: 23, 30047580.00, 30047581.00, 5403.66, 4058.99, 4.29%
- Epoch 025, ExpID 36029
Train - Loss: 13433168.43
Val - Loss, MSE, RMSE, MAE, MAPE: 28971688.00, 28971688.00, 5370.56, 4183.46, 4.52%
Test - Best epoch, Loss, MSE, RMSE, MAE, MAPE: 23, 30047580.00, 30047581.00, 5403.66, 4058.99, 4.29%
- Epoch 026, ExpID 36029
Train - Loss: 13280294.26
Val - Loss, MSE, RMSE, MAE, MAPE: 28345354.00, 28345354.00, 5313.60, 4147.85, 4.49%
Test - Best epoch, Loss, MSE, RMSE, MAE, MAPE: 26, 29889184.00, 29889183.00, 5399.38, 4045.54, 4.25%
- Epoch 027, ExpID 36029
Train - Loss: 13023914.43
Val - Loss, MSE, RMSE, MAE, MAPE: 29629454.00, 29629454.00, 5427.96, 4270.93, 4.62%
Test - Best epoch, Loss, MSE, RMSE, MAE, MAPE: 26, 29889184.00, 29889183.00, 5399.38, 4045.54, 4.25%
- Epoch 028, ExpID 36029
Train - Loss: 13010646.61
Val - Loss, MSE, RMSE, MAE, MAPE: 28162616.00, 28162617.00, 5288.96, 4099.95, 4.44%
Test - Best epoch, Loss, MSE, RMSE, MAE, MAPE: 28, 29694492.00, 29694493.00, 5353.19, 3994.16, 4.21%
- Epoch 029, ExpID 36029
Train - Loss: 12932195.91
Val - Loss, MSE, RMSE, MAE, MAPE: 28668740.00, 28668740.00, 5337.68, 4183.34, 4.55%
Test - Best epoch, Loss, MSE, RMSE, MAE, MAPE: 28, 29694492.00, 29694493.00, 5353.19, 3994.16, 4.21%
- Epoch 030, ExpID 36029
Train - Loss: 12645392.35
Val - Loss, MSE, RMSE, MAE, MAPE: 28092524.00, 28092525.00, 5285.51, 4135.96, 4.49%
Test - Best epoch, Loss, MSE, RMSE, MAE, MAPE: 30, 30922994.00, 30922994.00, 5492.19, 4110.68, 4.34%
- Epoch 031, ExpID 36029
Train - Loss: 12373544.04
Val - Loss, MSE, RMSE, MAE, MAPE: 27875116.00, 27875117.00, 5260.99, 4092.74, 4.43%
Test - Best epoch, Loss, MSE, RMSE, MAE, MAPE: 31, 30454020.00, 30454020.00, 5453.34, 4070.00, 4.28%
- Epoch 032, ExpID 36029
Train - Loss: 12332749.83
Val - Loss, MSE, RMSE, MAE, MAPE: 28997496.00, 28997497.00, 5364.87, 4188.65, 4.54%
Test - Best epoch, Loss, MSE, RMSE, MAE, MAPE: 31, 30454020.00, 30454020.00, 5453.34, 4070.00, 4.28%
- Epoch 033, ExpID 36029
Train - Loss: 12034920.26
Val - Loss, MSE, RMSE, MAE, MAPE: 27705392.00, 27705393.00, 5248.90, 4087.82, 4.44%
Test - Best epoch, Loss, MSE, RMSE, MAE, MAPE: 33, 31130332.00, 31130333.00, 5513.34, 4086.54, 4.31%
- Epoch 034, ExpID 36029
Train - Loss: 11948038.26
Val - Loss, MSE, RMSE, MAE, MAPE: 26955960.00, 26955959.00, 5164.07, 3999.86, 4.34%
Test - Best epoch, Loss, MSE, RMSE, MAE, MAPE: 34, 29565072.00, 29565073.00, 5350.26, 3957.21, 4.17%
- Epoch 035, ExpID 36029
Train - Loss: 11815930.96
Val - Loss, MSE, RMSE, MAE, MAPE: 28619354.00, 28619354.00, 5334.43, 4182.69, 4.54%
Test - Best epoch, Loss, MSE, RMSE, MAE, MAPE: 34, 29565072.00, 29565073.00, 5350.26, 3957.21, 4.17%
- Epoch 036, ExpID 36029
Train - Loss: 11641125.35
Val - Loss, MSE, RMSE, MAE, MAPE: 27375752.00, 27375753.00, 5205.86, 4049.99, 4.39%
Test - Best epoch, Loss, MSE, RMSE, MAE, MAPE: 34, 29565072.00, 29565073.00, 5350.26, 3957.21, 4.17%
- Epoch 037, ExpID 36029
Train - Loss: 11605576.26
Val - Loss, MSE, RMSE, MAE, MAPE: 27672940.00, 27672939.00, 5237.46, 4056.79, 4.41%
Test - Best epoch, Loss, MSE, RMSE, MAE, MAPE: 34, 29565072.00, 29565073.00, 5350.26, 3957.21, 4.17%
- Epoch 038, ExpID 36029
Train - Loss: 11363310.70
Val - Loss, MSE, RMSE, MAE, MAPE: 27141168.00, 27141168.00, 5182.67, 4050.02, 4.39%
Test - Best epoch, Loss, MSE, RMSE, MAE, MAPE: 34, 29565072.00, 29565073.00, 5350.26, 3957.21, 4.17%
- Epoch 039, ExpID 36029
Train - Loss: 11246966.52
Val - Loss, MSE, RMSE, MAE, MAPE: 26942784.00, 26942783.00, 5160.38, 4016.44, 4.35%
Test - Best epoch, Loss, MSE, RMSE, MAE, MAPE: 39, 30122902.00, 30122902.00, 5425.63, 4021.69, 4.25%
- Epoch 040, ExpID 36029
Train - Loss: 11083076.04
Val - Loss, MSE, RMSE, MAE, MAPE: 27265974.00, 27265974.00, 5191.58, 4042.50, 4.38%
Test - Best epoch, Loss, MSE, RMSE, MAE, MAPE: 39, 30122902.00, 30122902.00, 5425.63, 4021.69, 4.25%
- Epoch 041, ExpID 36029
Train - Loss: 11106959.39
Val - Loss, MSE, RMSE, MAE, MAPE: 26851458.00, 26851458.00, 5161.25, 4022.12, 4.35%
Test - Best epoch, Loss, MSE, RMSE, MAE, MAPE: 41, 30416548.00, 30416549.00, 5454.78, 4026.40, 4.24%
- Epoch 042, ExpID 36029
Train - Loss: 10936263.96
Val - Loss, MSE, RMSE, MAE, MAPE: 27028348.00, 27028347.00, 5165.30, 4017.37, 4.38%
Test - Best epoch, Loss, MSE, RMSE, MAE, MAPE: 41, 30416548.00, 30416549.00, 5454.78, 4026.40, 4.24%
- Epoch 043, ExpID 36029
Train - Loss: 10982159.22
Val - Loss, MSE, RMSE, MAE, MAPE: 26172352.00, 26172351.00, 5087.09, 3933.28, 4.27%
Test - Best epoch, Loss, MSE, RMSE, MAE, MAPE: 43, 30042902.00, 30042902.00, 5418.47, 4006.44, 4.23%
- Epoch 044, ExpID 36029
Train - Loss: 10718275.13
Val - Loss, MSE, RMSE, MAE, MAPE: 26404992.00, 26404991.00, 5113.58, 3966.65, 4.30%
Test - Best epoch, Loss, MSE, RMSE, MAE, MAPE: 43, 30042902.00, 30042902.00, 5418.47, 4006.44, 4.23%
- Epoch 045, ExpID 36029
Train - Loss: 10879183.65
Val - Loss, MSE, RMSE, MAE, MAPE: 27296724.00, 27296724.00, 5192.76, 4016.81, 4.36%
Test - Best epoch, Loss, MSE, RMSE, MAE, MAPE: 43, 30042902.00, 30042902.00, 5418.47, 4006.44, 4.23%
- Epoch 046, ExpID 36029
Train - Loss: 10589976.22
Val - Loss, MSE, RMSE, MAE, MAPE: 27614972.00, 27614973.00, 5236.65, 4064.54, 4.40%
Test - Best epoch, Loss, MSE, RMSE, MAE, MAPE: 43, 30042902.00, 30042902.00, 5418.47, 4006.44, 4.23%
- Epoch 047, ExpID 36029
Train - Loss: 10533898.83
Val - Loss, MSE, RMSE, MAE, MAPE: 27149308.00, 27149309.00, 5173.84, 3998.64, 4.35%
Test - Best epoch, Loss, MSE, RMSE, MAE, MAPE: 43, 30042902.00, 30042902.00, 5418.47, 4006.44, 4.23%
- Epoch 048, ExpID 36029
Train - Loss: 10509039.78
Val - Loss, MSE, RMSE, MAE, MAPE: 26834062.00, 26834062.00, 5153.05, 3971.05, 4.32%
Test - Best epoch, Loss, MSE, RMSE, MAE, MAPE: 43, 30042902.00, 30042902.00, 5418.47, 4006.44, 4.23%
- Epoch 049, ExpID 36029
Train - Loss: 10324148.83
Val - Loss, MSE, RMSE, MAE, MAPE: 26722264.00, 26722265.00, 5148.59, 3975.33, 4.31%
Test - Best epoch, Loss, MSE, RMSE, MAE, MAPE: 43, 30042902.00, 30042902.00, 5418.47, 4006.44, 4.23%
- Epoch 050, ExpID 36029
Train - Loss: 10111192.61
Val - Loss, MSE, RMSE, MAE, MAPE: 27915680.00, 27915680.00, 5259.44, 4067.83, 4.41%
Test - Best epoch, Loss, MSE, RMSE, MAE, MAPE: 43, 30042902.00, 30042902.00, 5418.47, 4006.44, 4.23%
- Epoch 051, ExpID 36029
Train - Loss: 9977851.39
Val - Loss, MSE, RMSE, MAE, MAPE: 27600824.00, 27600823.00, 5229.88, 4056.23, 4.40%
Test - Best epoch, Loss, MSE, RMSE, MAE, MAPE: 43, 30042902.00, 30042902.00, 5418.47, 4006.44, 4.23%
- Epoch 052, ExpID 36029
Train - Loss: 10219681.13
Val - Loss, MSE, RMSE, MAE, MAPE: 27802164.00, 27802163.00, 5243.70, 4068.80, 4.42%
Test - Best epoch, Loss, MSE, RMSE, MAE, MAPE: 43, 30042902.00, 30042902.00, 5418.47, 4006.44, 4.23%
- Epoch 053, ExpID 36029
Train - Loss: 10050815.87
Val - Loss, MSE, RMSE, MAE, MAPE: 27380728.00, 27380727.00, 5203.03, 4030.70, 4.38%
Test - Best epoch, Loss, MSE, RMSE, MAE, MAPE: 43, 30042902.00, 30042902.00, 5418.47, 4006.44, 4.23%
Early Stopping at Epoch 53
Fold 2019 Best RMSE: 5418.4712
