DETAILED LOG | Model: lstm | Seed: 1
FULL CONFIG: {'gpu': '2', 'target': 'departure', 'cv_start_year': 2017, 'cv_end_year': 2019, 'test_year': 2024, 'use_corona': False, 'seq_len': 365, 'label_len': 0, 'pred_len': 14, 'batch_size': 256, 'epochs': 1000, 'patience': 10, 'lr': 1e-05, 'model': 'lstm', 'd_model': 128, 'n_heads': 4, 'n_layers': 2, 'dropout': 0.1, 'activation': 'gelu', 'patch_len': 16, 'factor': 5, 'norm_mode': 'revin', 'use_covar': False, 'use_dbloss': False, 'device': device(type='cuda'), 'stride': 16, 'file_path': 'dataset/airport_flight_with_holiday.csv', 'seed': 1, 'val_year': 2019, 'ndims': 1}

-------------------- [Fold: 2017] ExpID: 38097 --------------------
- Epoch 000, ExpID 38097
Train - Loss: 36073884.95
Val - Loss, MSE, RMSE, MAE, MAPE: 76876088.00, 76876086.00, 8396.35, 6928.62, 8.51%
Test - Best epoch, Loss, MSE, RMSE, MAE, MAPE: 0, 95195256.00, 95195256.00, 9726.60, 7398.07, 8.68%
- Epoch 001, ExpID 38097
Train - Loss: 35931688.42
Val - Loss, MSE, RMSE, MAE, MAPE: 76642736.00, 76642740.00, 8384.12, 6916.83, 8.49%
Test - Best epoch, Loss, MSE, RMSE, MAE, MAPE: 1, 95072896.00, 95072892.00, 9720.15, 7392.43, 8.67%
- Epoch 002, ExpID 38097
Train - Loss: 35969312.32
Val - Loss, MSE, RMSE, MAE, MAPE: 76402832.00, 76402834.00, 8371.56, 6904.66, 8.48%
Test - Best epoch, Loss, MSE, RMSE, MAE, MAPE: 2, 94948080.00, 94948080.00, 9713.55, 7386.69, 8.67%
- Epoch 003, ExpID 38097
Train - Loss: 35848774.21
Val - Loss, MSE, RMSE, MAE, MAPE: 76161080.00, 76161080.00, 8358.90, 6892.38, 8.46%
Test - Best epoch, Loss, MSE, RMSE, MAE, MAPE: 3, 94823072.00, 94823076.00, 9706.94, 7380.95, 8.67%
- Epoch 004, ExpID 38097
Train - Loss: 35877712.53
Val - Loss, MSE, RMSE, MAE, MAPE: 75911360.00, 75911358.00, 8345.83, 6879.66, 8.45%
Test - Best epoch, Loss, MSE, RMSE, MAE, MAPE: 4, 94694776.00, 94694776.00, 9700.14, 7375.06, 8.66%
- Epoch 005, ExpID 38097
Train - Loss: 35680045.37
Val - Loss, MSE, RMSE, MAE, MAPE: 75655496.00, 75655494.00, 8332.43, 6866.62, 8.43%
Test - Best epoch, Loss, MSE, RMSE, MAE, MAPE: 5, 94564216.00, 94564216.00, 9693.21, 7369.07, 8.66%
- Epoch 006, ExpID 38097
Train - Loss: 35703865.79
Val - Loss, MSE, RMSE, MAE, MAPE: 75390224.00, 75390226.00, 8318.55, 6853.07, 8.42%
Test - Best epoch, Loss, MSE, RMSE, MAE, MAPE: 6, 94429872.00, 94429868.00, 9686.07, 7362.88, 8.65%
- Epoch 007, ExpID 38097
Train - Loss: 35611146.84
Val - Loss, MSE, RMSE, MAE, MAPE: 75110448.00, 75110452.00, 8303.92, 6838.74, 8.40%
Test - Best epoch, Loss, MSE, RMSE, MAE, MAPE: 7, 94289840.00, 94289836.00, 9678.60, 7356.46, 8.65%
- Epoch 008, ExpID 38097
Train - Loss: 35522926.11
Val - Loss, MSE, RMSE, MAE, MAPE: 74812712.00, 74812710.00, 8288.36, 6823.47, 8.39%
Test - Best epoch, Loss, MSE, RMSE, MAE, MAPE: 8, 94142616.00, 94142616.00, 9670.74, 7349.72, 8.64%
- Epoch 009, ExpID 38097
Train - Loss: 35452098.63
Val - Loss, MSE, RMSE, MAE, MAPE: 74506304.00, 74506302.00, 8272.39, 6807.83, 8.37%
Test - Best epoch, Loss, MSE, RMSE, MAE, MAPE: 9, 93992496.00, 93992492.00, 9662.69, 7342.79, 8.64%
- Epoch 010, ExpID 38097
Train - Loss: 35445444.95
Val - Loss, MSE, RMSE, MAE, MAPE: 74169648.00, 74169650.00, 8254.85, 6790.63, 8.35%
Test - Best epoch, Loss, MSE, RMSE, MAE, MAPE: 10, 93830480.00, 93830480.00, 9653.98, 7335.35, 8.63%
- Epoch 011, ExpID 38097
Train - Loss: 35296650.21
Val - Loss, MSE, RMSE, MAE, MAPE: 73801592.00, 73801590.00, 8235.67, 6771.83, 8.33%
Test - Best epoch, Loss, MSE, RMSE, MAE, MAPE: 11, 93655640.00, 93655640.00, 9644.56, 7327.31, 8.62%
- Epoch 012, ExpID 38097
Train - Loss: 35095753.26
Val - Loss, MSE, RMSE, MAE, MAPE: 73407072.00, 73407075.00, 8215.14, 6751.71, 8.30%
Test - Best epoch, Loss, MSE, RMSE, MAE, MAPE: 12, 93471552.00, 93471556.00, 9634.59, 7318.93, 8.62%
- Epoch 013, ExpID 38097
Train - Loss: 35164096.95
Val - Loss, MSE, RMSE, MAE, MAPE: 72964720.00, 72964722.00, 8192.13, 6729.09, 8.28%
Test - Best epoch, Loss, MSE, RMSE, MAE, MAPE: 13, 93269272.00, 93269272.00, 9623.60, 7309.74, 8.61%
- Epoch 014, ExpID 38097
Train - Loss: 34862180.21
Val - Loss, MSE, RMSE, MAE, MAPE: 72471488.00, 72471490.00, 8166.50, 6703.92, 8.25%
Test - Best epoch, Loss, MSE, RMSE, MAE, MAPE: 14, 93048736.00, 93048736.00, 9611.56, 7299.73, 8.60%
- Epoch 015, ExpID 38097
Train - Loss: 34792290.74
Val - Loss, MSE, RMSE, MAE, MAPE: 71917984.00, 71917984.00, 8137.76, 6675.61, 8.22%
Test - Best epoch, Loss, MSE, RMSE, MAE, MAPE: 15, 92807360.00, 92807360.00, 9598.31, 7288.80, 8.60%
- Epoch 016, ExpID 38097
Train - Loss: 34670920.11
Val - Loss, MSE, RMSE, MAE, MAPE: 71288080.00, 71288080.00, 8105.06, 6643.39, 8.18%
Test - Best epoch, Loss, MSE, RMSE, MAE, MAPE: 16, 92540392.00, 92540392.00, 9583.56, 7276.70, 8.59%
- Epoch 017, ExpID 38097
Train - Loss: 34416660.63
Val - Loss, MSE, RMSE, MAE, MAPE: 70549800.00, 70549803.00, 8066.73, 6605.53, 8.14%
Test - Best epoch, Loss, MSE, RMSE, MAE, MAPE: 17, 92237696.00, 92237692.00, 9566.73, 7262.95, 8.58%
- Epoch 018, ExpID 38097
Train - Loss: 34298663.26
Val - Loss, MSE, RMSE, MAE, MAPE: 69662224.00, 69662226.00, 8020.65, 6559.98, 8.09%
Test - Best epoch, Loss, MSE, RMSE, MAE, MAPE: 18, 91888496.00, 91888496.00, 9547.12, 7247.02, 8.57%
- Epoch 019, ExpID 38097
Train - Loss: 34023752.74
Val - Loss, MSE, RMSE, MAE, MAPE: 68580112.00, 68580109.00, 7964.42, 6504.42, 8.02%
Test - Best epoch, Loss, MSE, RMSE, MAE, MAPE: 19, 91483536.00, 91483540.00, 9524.15, 7228.77, 8.56%
- Epoch 020, ExpID 38097
Train - Loss: 33723986.11
Val - Loss, MSE, RMSE, MAE, MAPE: 67232336.00, 67232340.00, 7894.25, 6434.59, 7.95%
Test - Best epoch, Loss, MSE, RMSE, MAE, MAPE: 20, 91010120.00, 91010120.00, 9496.89, 7207.69, 8.55%
- Epoch 021, ExpID 38097
Train - Loss: 33472436.84
Val - Loss, MSE, RMSE, MAE, MAPE: 65483304.00, 65483302.00, 7802.86, 6344.36, 7.85%
Test - Best epoch, Loss, MSE, RMSE, MAE, MAPE: 21, 90444656.00, 90444660.00, 9463.70, 7182.56, 8.53%
- Epoch 022, ExpID 38097
Train - Loss: 32851255.37
Val - Loss, MSE, RMSE, MAE, MAPE: 63134836.00, 63134835.00, 7679.41, 6224.08, 7.71%
Test - Best epoch, Loss, MSE, RMSE, MAE, MAPE: 22, 89769696.00, 89769696.00, 9422.92, 7152.55, 8.52%
- Epoch 023, ExpID 38097
Train - Loss: 32210922.42
Val - Loss, MSE, RMSE, MAE, MAPE: 60049200.00, 60049202.00, 7515.51, 6069.18, 7.55%
Test - Best epoch, Loss, MSE, RMSE, MAE, MAPE: 23, 89031360.00, 89031356.00, 9376.16, 7120.23, 8.52%
- Epoch 024, ExpID 38097
Train - Loss: 31398877.89
Val - Loss, MSE, RMSE, MAE, MAPE: 56188144.00, 56188143.00, 7307.62, 5879.92, 7.35%
Test - Best epoch, Loss, MSE, RMSE, MAE, MAPE: 24, 88395568.00, 88395570.00, 9331.50, 7093.71, 8.54%
- Epoch 025, ExpID 38097
Train - Loss: 30706480.00
Val - Loss, MSE, RMSE, MAE, MAPE: 52760400.00, 52760401.00, 7122.51, 5715.99, 7.20%
Test - Best epoch, Loss, MSE, RMSE, MAE, MAPE: 25, 88309152.00, 88309150.00, 9315.90, 7084.84, 8.58%
- Epoch 026, ExpID 38097
Train - Loss: 30214744.21
Val - Loss, MSE, RMSE, MAE, MAPE: 50855604.00, 50855603.00, 7020.11, 5625.37, 7.13%
Test - Best epoch, Loss, MSE, RMSE, MAE, MAPE: 26, 88628864.00, 88628868.00, 9325.42, 7091.29, 8.63%
- Epoch 027, ExpID 38097
Train - Loss: 30111813.16
Val - Loss, MSE, RMSE, MAE, MAPE: 50159344.00, 50159346.00, 6977.36, 5591.60, 7.09%
Test - Best epoch, Loss, MSE, RMSE, MAE, MAPE: 27, 88638480.00, 88638476.00, 9321.43, 7084.56, 8.62%
- Epoch 028, ExpID 38097
Train - Loss: 29915642.63
Val - Loss, MSE, RMSE, MAE, MAPE: 49600980.00, 49600980.00, 6942.11, 5563.49, 7.06%
Test - Best epoch, Loss, MSE, RMSE, MAE, MAPE: 28, 88659920.00, 88659920.00, 9318.55, 7078.66, 8.62%
- Epoch 029, ExpID 38097
Train - Loss: 29537119.16
Val - Loss, MSE, RMSE, MAE, MAPE: 49089632.00, 49089634.00, 6910.24, 5536.79, 7.04%
Test - Best epoch, Loss, MSE, RMSE, MAE, MAPE: 29, 88740888.00, 88740890.00, 9318.99, 7075.10, 8.61%
- Epoch 030, ExpID 38097
Train - Loss: 29668816.74
Val - Loss, MSE, RMSE, MAE, MAPE: 48690532.00, 48690531.00, 6885.11, 5515.14, 7.01%
Test - Best epoch, Loss, MSE, RMSE, MAE, MAPE: 30, 88826992.00, 88826996.00, 9320.19, 7071.80, 8.61%
- Epoch 031, ExpID 38097
Train - Loss: 29328884.21
Val - Loss, MSE, RMSE, MAE, MAPE: 48279480.00, 48279479.00, 6859.76, 5492.32, 6.99%
Test - Best epoch, Loss, MSE, RMSE, MAE, MAPE: 31, 88975232.00, 88975236.00, 9324.48, 7070.36, 8.61%
- Epoch 032, ExpID 38097
Train - Loss: 29263000.32
Val - Loss, MSE, RMSE, MAE, MAPE: 47981324.00, 47981324.00, 6840.69, 5475.43, 6.97%
Test - Best epoch, Loss, MSE, RMSE, MAE, MAPE: 32, 89080984.00, 89080984.00, 9327.02, 7067.68, 8.61%
- Epoch 033, ExpID 38097
Train - Loss: 29317589.68
Val - Loss, MSE, RMSE, MAE, MAPE: 47779848.00, 47779847.00, 6827.07, 5463.33, 6.95%
Test - Best epoch, Loss, MSE, RMSE, MAE, MAPE: 33, 89144192.00, 89144188.00, 9327.56, 7063.06, 8.60%
- Epoch 034, ExpID 38097
Train - Loss: 29062454.32
Val - Loss, MSE, RMSE, MAE, MAPE: 47522964.00, 47522964.00, 6810.81, 5448.17, 6.94%
Test - Best epoch, Loss, MSE, RMSE, MAE, MAPE: 34, 89270928.00, 89270924.00, 9331.36, 7060.90, 8.60%
- Epoch 035, ExpID 38097
Train - Loss: 28985130.95
Val - Loss, MSE, RMSE, MAE, MAPE: 47312040.00, 47312042.00, 6797.23, 5435.43, 6.92%
Test - Best epoch, Loss, MSE, RMSE, MAE, MAPE: 35, 89382224.00, 89382220.00, 9334.52, 7058.04, 8.59%
- Epoch 036, ExpID 38097
Train - Loss: 28993667.37
Val - Loss, MSE, RMSE, MAE, MAPE: 47021356.00, 47021355.00, 6779.73, 5418.07, 6.90%
Test - Best epoch, Loss, MSE, RMSE, MAE, MAPE: 36, 89589416.00, 89589418.00, 9342.51, 7058.76, 8.60%
- Epoch 037, ExpID 38097
Train - Loss: 29009890.63
Val - Loss, MSE, RMSE, MAE, MAPE: 46945132.00, 46945131.00, 6773.58, 5413.01, 6.89%
Test - Best epoch, Loss, MSE, RMSE, MAE, MAPE: 37, 89597496.00, 89597494.00, 9340.70, 7052.41, 8.59%
- Epoch 038, ExpID 38097
Train - Loss: 28894164.00
Val - Loss, MSE, RMSE, MAE, MAPE: 46758276.00, 46758276.00, 6761.85, 5401.58, 6.88%
Test - Best epoch, Loss, MSE, RMSE, MAE, MAPE: 38, 89722016.00, 89722014.00, 9344.86, 7050.67, 8.59%
- Epoch 039, ExpID 38097
Train - Loss: 28708572.21
Val - Loss, MSE, RMSE, MAE, MAPE: 46584672.00, 46584671.00, 6750.89, 5390.47, 6.87%
Test - Best epoch, Loss, MSE, RMSE, MAE, MAPE: 39, 89852456.00, 89852456.00, 9349.12, 7048.25, 8.58%
- Epoch 040, ExpID 38097
Train - Loss: 28707569.47
Val - Loss, MSE, RMSE, MAE, MAPE: 46473716.00, 46473715.00, 6743.44, 5383.46, 6.86%
Test - Best epoch, Loss, MSE, RMSE, MAE, MAPE: 40, 89924160.00, 89924156.00, 9350.57, 7044.13, 8.58%
- Epoch 041, ExpID 38097
Train - Loss: 28750369.58
Val - Loss, MSE, RMSE, MAE, MAPE: 46344864.00, 46344864.00, 6734.95, 5375.22, 6.85%
Test - Best epoch, Loss, MSE, RMSE, MAE, MAPE: 41, 90024992.00, 90024988.00, 9353.40, 7040.93, 8.57%
- Epoch 042, ExpID 38097
Train - Loss: 28624775.89
Val - Loss, MSE, RMSE, MAE, MAPE: 46268812.00, 46268812.00, 6729.71, 5370.45, 6.84%
Test - Best epoch, Loss, MSE, RMSE, MAE, MAPE: 42, 90076928.00, 90076924.00, 9354.00, 7036.94, 8.57%
- Epoch 043, ExpID 38097
Train - Loss: 28496915.26
Val - Loss, MSE, RMSE, MAE, MAPE: 46055616.00, 46055616.00, 6716.59, 5356.49, 6.83%
Test - Best epoch, Loss, MSE, RMSE, MAE, MAPE: 43, 90276864.00, 90276860.00, 9361.78, 7037.02, 8.57%
- Epoch 044, ExpID 38097
Train - Loss: 28445503.47
Val - Loss, MSE, RMSE, MAE, MAPE: 45967628.00, 45967628.00, 6710.67, 5350.83, 6.82%
Test - Best epoch, Loss, MSE, RMSE, MAE, MAPE: 44, 90352328.00, 90352328.00, 9363.50, 7033.61, 8.57%
- Epoch 045, ExpID 38097
Train - Loss: 28373195.16
Val - Loss, MSE, RMSE, MAE, MAPE: 45862672.00, 45862673.00, 6703.85, 5344.15, 6.81%
Test - Best epoch, Loss, MSE, RMSE, MAE, MAPE: 45, 90445624.00, 90445626.00, 9366.12, 7030.68, 8.56%
- Epoch 046, ExpID 38097
Train - Loss: 28435710.32
Val - Loss, MSE, RMSE, MAE, MAPE: 45866020.00, 45866021.00, 6703.34, 5344.87, 6.81%
Test - Best epoch, Loss, MSE, RMSE, MAE, MAPE: 45, 90445624.00, 90445626.00, 9366.12, 7030.68, 8.56%
- Epoch 047, ExpID 38097
Train - Loss: 28233471.89
Val - Loss, MSE, RMSE, MAE, MAPE: 45680340.00, 45680341.00, 6691.97, 5332.49, 6.80%
Test - Best epoch, Loss, MSE, RMSE, MAE, MAPE: 47, 90643784.00, 90643786.00, 9371.85, 7025.07, 8.56%
- Epoch 048, ExpID 38097
Train - Loss: 28275425.79
Val - Loss, MSE, RMSE, MAE, MAPE: 45538272.00, 45538272.00, 6683.11, 5323.15, 6.79%
Test - Best epoch, Loss, MSE, RMSE, MAE, MAPE: 48, 90799984.00, 90799980.00, 9377.54, 7023.83, 8.56%
- Epoch 049, ExpID 38097
Train - Loss: 28207276.53
Val - Loss, MSE, RMSE, MAE, MAPE: 45440428.00, 45440428.00, 6676.81, 5316.73, 6.78%
Test - Best epoch, Loss, MSE, RMSE, MAE, MAPE: 49, 90927160.00, 90927162.00, 9381.66, 7021.68, 8.56%
- Epoch 050, ExpID 38097
Train - Loss: 28128792.00
Val - Loss, MSE, RMSE, MAE, MAPE: 45517468.00, 45517469.00, 6680.92, 5322.51, 6.78%
Test - Best epoch, Loss, MSE, RMSE, MAE, MAPE: 49, 90927160.00, 90927162.00, 9381.66, 7021.68, 8.56%
- Epoch 051, ExpID 38097
Train - Loss: 28071044.53
Val - Loss, MSE, RMSE, MAE, MAPE: 45376928.00, 45376930.00, 6672.22, 5312.86, 6.77%
Test - Best epoch, Loss, MSE, RMSE, MAE, MAPE: 51, 91051912.00, 91051912.00, 9383.90, 7014.92, 8.55%
- Epoch 052, ExpID 38097
Train - Loss: 28015860.74
Val - Loss, MSE, RMSE, MAE, MAPE: 45204872.00, 45204871.00, 6661.65, 5301.00, 6.76%
Test - Best epoch, Loss, MSE, RMSE, MAE, MAPE: 52, 91270672.00, 91270672.00, 9392.50, 7015.16, 8.55%
- Epoch 053, ExpID 38097
Train - Loss: 28022182.32
Val - Loss, MSE, RMSE, MAE, MAPE: 45228940.00, 45228941.00, 6662.77, 5303.08, 6.76%
Test - Best epoch, Loss, MSE, RMSE, MAE, MAPE: 52, 91270672.00, 91270672.00, 9392.50, 7015.16, 8.55%
- Epoch 054, ExpID 38097
Train - Loss: 27785589.16
Val - Loss, MSE, RMSE, MAE, MAPE: 45081396.00, 45081395.00, 6653.71, 5292.65, 6.75%
Test - Best epoch, Loss, MSE, RMSE, MAE, MAPE: 54, 91507440.00, 91507436.00, 9400.01, 7011.26, 8.55%
- Epoch 055, ExpID 38097
Train - Loss: 27920574.21
Val - Loss, MSE, RMSE, MAE, MAPE: 45029992.00, 45029992.00, 6650.42, 5289.22, 6.74%
Test - Best epoch, Loss, MSE, RMSE, MAE, MAPE: 55, 91613928.00, 91613930.00, 9403.28, 7009.12, 8.54%
- Epoch 056, ExpID 38097
Train - Loss: 27788525.26
Val - Loss, MSE, RMSE, MAE, MAPE: 45099596.00, 45099596.00, 6654.54, 5294.42, 6.74%
Test - Best epoch, Loss, MSE, RMSE, MAE, MAPE: 55, 91613928.00, 91613930.00, 9403.28, 7009.12, 8.54%
- Epoch 057, ExpID 38097
Train - Loss: 27750227.16
Val - Loss, MSE, RMSE, MAE, MAPE: 44918808.00, 44918808.00, 6643.37, 5281.70, 6.73%
Test - Best epoch, Loss, MSE, RMSE, MAE, MAPE: 57, 91879976.00, 91879976.00, 9412.18, 7006.22, 8.54%
- Epoch 058, ExpID 38097
Train - Loss: 27783042.11
Val - Loss, MSE, RMSE, MAE, MAPE: 44772344.00, 44772346.00, 6634.27, 5271.50, 6.72%
Test - Best epoch, Loss, MSE, RMSE, MAE, MAPE: 58, 92146920.00, 92146918.00, 9422.86, 7007.48, 8.54%
- Epoch 059, ExpID 38097
Train - Loss: 27712276.21
Val - Loss, MSE, RMSE, MAE, MAPE: 44735328.00, 44735326.00, 6631.95, 5268.94, 6.72%
Test - Best epoch, Loss, MSE, RMSE, MAE, MAPE: 59, 92278224.00, 92278228.00, 9427.20, 7006.18, 8.54%
- Epoch 060, ExpID 38097
Train - Loss: 27718792.11
Val - Loss, MSE, RMSE, MAE, MAPE: 44915704.00, 44915705.00, 6643.10, 5281.62, 6.72%
Test - Best epoch, Loss, MSE, RMSE, MAE, MAPE: 59, 92278224.00, 92278228.00, 9427.20, 7006.18, 8.54%
- Epoch 061, ExpID 38097
Train - Loss: 27658460.74
Val - Loss, MSE, RMSE, MAE, MAPE: 44680244.00, 44680243.00, 6628.62, 5264.80, 6.71%
Test - Best epoch, Loss, MSE, RMSE, MAE, MAPE: 61, 92535056.00, 92535058.00, 9435.67, 7003.76, 8.54%
- Epoch 062, ExpID 38097
Train - Loss: 27621107.58
Val - Loss, MSE, RMSE, MAE, MAPE: 44653024.00, 44653024.00, 6626.94, 5262.75, 6.71%
Test - Best epoch, Loss, MSE, RMSE, MAE, MAPE: 62, 92672688.00, 92672692.00, 9440.40, 7003.29, 8.54%
- Epoch 063, ExpID 38097
Train - Loss: 27475074.74
Val - Loss, MSE, RMSE, MAE, MAPE: 44506396.00, 44506396.00, 6617.96, 5252.07, 6.70%
Test - Best epoch, Loss, MSE, RMSE, MAE, MAPE: 63, 92985768.00, 92985768.00, 9453.21, 7005.45, 8.55%
- Epoch 064, ExpID 38097
Train - Loss: 27482437.37
Val - Loss, MSE, RMSE, MAE, MAPE: 44591940.00, 44591941.00, 6623.47, 5257.92, 6.70%
Test - Best epoch, Loss, MSE, RMSE, MAE, MAPE: 63, 92985768.00, 92985768.00, 9453.21, 7005.45, 8.55%
- Epoch 065, ExpID 38097
Train - Loss: 27456880.32
Val - Loss, MSE, RMSE, MAE, MAPE: 44508600.00, 44508602.00, 6618.36, 5251.66, 6.69%
Test - Best epoch, Loss, MSE, RMSE, MAE, MAPE: 63, 92985768.00, 92985768.00, 9453.21, 7005.45, 8.55%
- Epoch 066, ExpID 38097
Train - Loss: 27341805.26
Val - Loss, MSE, RMSE, MAE, MAPE: 44445300.00, 44445299.00, 6614.44, 5246.92, 6.69%
Test - Best epoch, Loss, MSE, RMSE, MAE, MAPE: 66, 93442768.00, 93442770.00, 9469.37, 7005.46, 8.54%
- Epoch 067, ExpID 38097
Train - Loss: 27378469.47
Val - Loss, MSE, RMSE, MAE, MAPE: 44540996.00, 44540996.00, 6620.70, 5253.13, 6.69%
Test - Best epoch, Loss, MSE, RMSE, MAE, MAPE: 66, 93442768.00, 93442770.00, 9469.37, 7005.46, 8.54%
- Epoch 068, ExpID 38097
Train - Loss: 27278754.63
Val - Loss, MSE, RMSE, MAE, MAPE: 44398288.00, 44398288.00, 6611.99, 5242.35, 6.68%
Test - Best epoch, Loss, MSE, RMSE, MAE, MAPE: 68, 93802560.00, 93802562.00, 9482.68, 7006.04, 8.55%
- Epoch 069, ExpID 38097
Train - Loss: 27192258.95
Val - Loss, MSE, RMSE, MAE, MAPE: 44397252.00, 44397251.00, 6612.18, 5241.73, 6.68%
Test - Best epoch, Loss, MSE, RMSE, MAE, MAPE: 69, 93961288.00, 93961288.00, 9488.37, 7006.29, 8.55%
- Epoch 070, ExpID 38097
Train - Loss: 27234505.58
Val - Loss, MSE, RMSE, MAE, MAPE: 44301760.00, 44301758.00, 6606.33, 5233.97, 6.67%
Test - Best epoch, Loss, MSE, RMSE, MAE, MAPE: 70, 94259160.00, 94259158.00, 9500.64, 7009.16, 8.55%
- Epoch 071, ExpID 38097
Train - Loss: 27112108.11
Val - Loss, MSE, RMSE, MAE, MAPE: 44298704.00, 44298706.00, 6606.44, 5232.97, 6.67%
Test - Best epoch, Loss, MSE, RMSE, MAE, MAPE: 71, 94439400.00, 94439400.00, 9507.32, 7009.91, 8.55%
- Epoch 072, ExpID 38097
Train - Loss: 27161907.58
Val - Loss, MSE, RMSE, MAE, MAPE: 44238704.00, 44238704.00, 6602.89, 5227.80, 6.66%
Test - Best epoch, Loss, MSE, RMSE, MAE, MAPE: 72, 94687792.00, 94687794.00, 9517.36, 7012.20, 8.56%
- Epoch 073, ExpID 38097
Train - Loss: 27012610.95
Val - Loss, MSE, RMSE, MAE, MAPE: 44271120.00, 44271118.00, 6605.25, 5229.19, 6.66%
Test - Best epoch, Loss, MSE, RMSE, MAE, MAPE: 72, 94687792.00, 94687794.00, 9517.36, 7012.20, 8.56%
- Epoch 074, ExpID 38097
Train - Loss: 26961545.47
Val - Loss, MSE, RMSE, MAE, MAPE: 44220008.00, 44220006.00, 6602.25, 5224.46, 6.66%
Test - Best epoch, Loss, MSE, RMSE, MAE, MAPE: 74, 95057768.00, 95057770.00, 9531.60, 7015.05, 8.56%
- Epoch 075, ExpID 38097
Train - Loss: 26932487.16
Val - Loss, MSE, RMSE, MAE, MAPE: 44237184.00, 44237182.00, 6603.78, 5224.60, 6.66%
Test - Best epoch, Loss, MSE, RMSE, MAE, MAPE: 74, 95057768.00, 95057770.00, 9531.60, 7015.05, 8.56%
- Epoch 076, ExpID 38097
Train - Loss: 26942159.68
Val - Loss, MSE, RMSE, MAE, MAPE: 44262572.00, 44262572.00, 6605.82, 5225.52, 6.66%
Test - Best epoch, Loss, MSE, RMSE, MAE, MAPE: 74, 95057768.00, 95057770.00, 9531.60, 7015.05, 8.56%
- Epoch 077, ExpID 38097
Train - Loss: 26842366.84
Val - Loss, MSE, RMSE, MAE, MAPE: 44240416.00, 44240414.00, 6604.60, 5222.55, 6.65%
Test - Best epoch, Loss, MSE, RMSE, MAE, MAPE: 74, 95057768.00, 95057770.00, 9531.60, 7015.05, 8.56%
- Epoch 078, ExpID 38097
Train - Loss: 26938676.42
Val - Loss, MSE, RMSE, MAE, MAPE: 44238104.00, 44238106.00, 6604.98, 5220.72, 6.65%
Test - Best epoch, Loss, MSE, RMSE, MAE, MAPE: 74, 95057768.00, 95057770.00, 9531.60, 7015.05, 8.56%
- Epoch 079, ExpID 38097
Train - Loss: 26783256.00
Val - Loss, MSE, RMSE, MAE, MAPE: 44166212.00, 44166212.00, 6600.82, 5213.52, 6.65%
Test - Best epoch, Loss, MSE, RMSE, MAE, MAPE: 79, 95981488.00, 95981492.00, 9567.73, 7021.55, 8.57%
- Epoch 080, ExpID 38097
Train - Loss: 26796486.95
Val - Loss, MSE, RMSE, MAE, MAPE: 44266328.00, 44266328.00, 6607.71, 5220.52, 6.65%
Test - Best epoch, Loss, MSE, RMSE, MAE, MAPE: 79, 95981488.00, 95981492.00, 9567.73, 7021.55, 8.57%
- Epoch 081, ExpID 38097
Train - Loss: 26777237.79
Val - Loss, MSE, RMSE, MAE, MAPE: 44257984.00, 44257986.00, 6607.46, 5218.41, 6.65%
Test - Best epoch, Loss, MSE, RMSE, MAE, MAPE: 79, 95981488.00, 95981492.00, 9567.73, 7021.55, 8.57%
- Epoch 082, ExpID 38097
Train - Loss: 26749689.47
Val - Loss, MSE, RMSE, MAE, MAPE: 44189052.00, 44189052.00, 6603.62, 5211.07, 6.64%
Test - Best epoch, Loss, MSE, RMSE, MAE, MAPE: 79, 95981488.00, 95981492.00, 9567.73, 7021.55, 8.57%
- Epoch 083, ExpID 38097
Train - Loss: 26634336.00
Val - Loss, MSE, RMSE, MAE, MAPE: 44337176.00, 44337178.00, 6613.58, 5222.42, 6.65%
Test - Best epoch, Loss, MSE, RMSE, MAE, MAPE: 79, 95981488.00, 95981492.00, 9567.73, 7021.55, 8.57%
- Epoch 084, ExpID 38097
Train - Loss: 26641476.74
Val - Loss, MSE, RMSE, MAE, MAPE: 44274948.00, 44274948.00, 6609.96, 5215.67, 6.65%
Test - Best epoch, Loss, MSE, RMSE, MAE, MAPE: 79, 95981488.00, 95981492.00, 9567.73, 7021.55, 8.57%
- Epoch 085, ExpID 38097
Train - Loss: 26580313.89
Val - Loss, MSE, RMSE, MAE, MAPE: 44189156.00, 44189156.00, 6605.01, 5206.86, 6.64%
Test - Best epoch, Loss, MSE, RMSE, MAE, MAPE: 79, 95981488.00, 95981492.00, 9567.73, 7021.55, 8.57%
- Epoch 086, ExpID 38097
Train - Loss: 26558276.21
Val - Loss, MSE, RMSE, MAE, MAPE: 44343848.00, 44343846.00, 6615.68, 5219.28, 6.65%
Test - Best epoch, Loss, MSE, RMSE, MAE, MAPE: 79, 95981488.00, 95981492.00, 9567.73, 7021.55, 8.57%
- Epoch 087, ExpID 38097
Train - Loss: 26443835.68
Val - Loss, MSE, RMSE, MAE, MAPE: 44332760.00, 44332760.00, 6615.26, 5217.42, 6.65%
Test - Best epoch, Loss, MSE, RMSE, MAE, MAPE: 79, 95981488.00, 95981492.00, 9567.73, 7021.55, 8.57%
- Epoch 088, ExpID 38097
Train - Loss: 26407896.84
Val - Loss, MSE, RMSE, MAE, MAPE: 44251736.00, 44251734.00, 6610.65, 5208.82, 6.64%
Test - Best epoch, Loss, MSE, RMSE, MAE, MAPE: 79, 95981488.00, 95981492.00, 9567.73, 7021.55, 8.57%
- Epoch 089, ExpID 38097
Train - Loss: 26452001.79
Val - Loss, MSE, RMSE, MAE, MAPE: 44369848.00, 44369850.00, 6618.63, 5218.69, 6.65%
Test - Best epoch, Loss, MSE, RMSE, MAE, MAPE: 79, 95981488.00, 95981492.00, 9567.73, 7021.55, 8.57%
Early Stopping at Epoch 89
Fold 2017 Best RMSE: 9567.7263

-------------------- [Fold: 2018] ExpID: 42832 --------------------
- Epoch 000, ExpID 42832
Train - Loss: 41039244.80
Val - Loss, MSE, RMSE, MAE, MAPE: 95895032.00, 95895032.00, 9763.38, 7432.44, 8.71%
Test - Best epoch, Loss, MSE, RMSE, MAE, MAPE: 0, 69655536.00, 69655538.00, 8302.14, 6527.50, 6.90%
- Epoch 001, ExpID 42832
Train - Loss: 40946905.60
Val - Loss, MSE, RMSE, MAE, MAPE: 95757264.00, 95757264.00, 9756.15, 7425.99, 8.70%
Test - Best epoch, Loss, MSE, RMSE, MAE, MAPE: 1, 69485600.00, 69485598.00, 8292.61, 6519.00, 6.89%
- Epoch 002, ExpID 42832
Train - Loss: 40866104.00
Val - Loss, MSE, RMSE, MAE, MAPE: 95621896.00, 95621896.00, 9749.03, 7419.66, 8.70%
Test - Best epoch, Loss, MSE, RMSE, MAE, MAPE: 2, 69317880.00, 69317882.00, 8283.19, 6510.66, 6.89%
- Epoch 003, ExpID 42832
Train - Loss: 40750756.00
Val - Loss, MSE, RMSE, MAE, MAPE: 95483952.00, 95483948.00, 9741.78, 7413.21, 8.69%
Test - Best epoch, Loss, MSE, RMSE, MAE, MAPE: 3, 69146480.00, 69146484.00, 8273.56, 6502.13, 6.88%
- Epoch 004, ExpID 42832
Train - Loss: 40666936.00
Val - Loss, MSE, RMSE, MAE, MAPE: 95346376.00, 95346376.00, 9734.52, 7406.73, 8.69%
Test - Best epoch, Loss, MSE, RMSE, MAE, MAPE: 4, 68974936.00, 68974934.00, 8263.91, 6493.56, 6.87%
- Epoch 005, ExpID 42832
Train - Loss: 40578545.40
Val - Loss, MSE, RMSE, MAE, MAPE: 95206736.00, 95206740.00, 9727.15, 7400.17, 8.68%
Test - Best epoch, Loss, MSE, RMSE, MAE, MAPE: 5, 68800096.00, 68800098.00, 8254.07, 6484.85, 6.86%
- Epoch 006, ExpID 42832
Train - Loss: 40482876.80
Val - Loss, MSE, RMSE, MAE, MAPE: 95066240.00, 95066244.00, 9719.71, 7393.61, 8.68%
Test - Best epoch, Loss, MSE, RMSE, MAE, MAPE: 6, 68623504.00, 68623508.00, 8244.12, 6476.07, 6.86%
- Epoch 007, ExpID 42832
Train - Loss: 40378872.00
Val - Loss, MSE, RMSE, MAE, MAPE: 94920336.00, 94920332.00, 9711.97, 7386.83, 8.67%
Test - Best epoch, Loss, MSE, RMSE, MAE, MAPE: 7, 68439336.00, 68439336.00, 8233.73, 6466.94, 6.85%
- Epoch 008, ExpID 42832
Train - Loss: 40289971.60
Val - Loss, MSE, RMSE, MAE, MAPE: 94771888.00, 94771884.00, 9704.07, 7379.93, 8.67%
Test - Best epoch, Loss, MSE, RMSE, MAE, MAPE: 8, 68250832.00, 68250836.00, 8223.09, 6457.60, 6.84%
- Epoch 009, ExpID 42832
Train - Loss: 40202380.00
Val - Loss, MSE, RMSE, MAE, MAPE: 94618064.00, 94618060.00, 9695.86, 7372.76, 8.66%
Test - Best epoch, Loss, MSE, RMSE, MAE, MAPE: 9, 68054192.00, 68054194.00, 8211.99, 6447.95, 6.83%
- Epoch 010, ExpID 42832
Train - Loss: 40060763.60
Val - Loss, MSE, RMSE, MAE, MAPE: 94452888.00, 94452888.00, 9687.03, 7365.12, 8.65%
Test - Best epoch, Loss, MSE, RMSE, MAE, MAPE: 10, 67841792.00, 67841792.00, 8199.97, 6437.58, 6.82%
- Epoch 011, ExpID 42832
Train - Loss: 39952147.00
Val - Loss, MSE, RMSE, MAE, MAPE: 94280672.00, 94280676.00, 9677.78, 7357.20, 8.65%
Test - Best epoch, Loss, MSE, RMSE, MAE, MAPE: 11, 67618480.00, 67618478.00, 8187.33, 6426.76, 6.81%
- Epoch 012, ExpID 42832
Train - Loss: 39827706.80
Val - Loss, MSE, RMSE, MAE, MAPE: 94096904.00, 94096904.00, 9667.87, 7348.78, 8.64%
Test - Best epoch, Loss, MSE, RMSE, MAE, MAPE: 12, 67377808.00, 67377812.00, 8173.68, 6415.22, 6.80%
- Epoch 013, ExpID 42832
Train - Loss: 39666099.00
Val - Loss, MSE, RMSE, MAE, MAPE: 93896400.00, 93896396.00, 9657.00, 7339.57, 8.64%
Test - Best epoch, Loss, MSE, RMSE, MAE, MAPE: 13, 67112488.00, 67112488.00, 8158.62, 6402.53, 6.79%
- Epoch 014, ExpID 42832
Train - Loss: 39501215.00
Val - Loss, MSE, RMSE, MAE, MAPE: 93677872.00, 93677868.00, 9645.11, 7329.57, 8.63%
Test - Best epoch, Loss, MSE, RMSE, MAE, MAPE: 14, 66819424.00, 66819426.00, 8141.95, 6388.59, 6.78%
- Epoch 015, ExpID 42832
Train - Loss: 39346563.20
Val - Loss, MSE, RMSE, MAE, MAPE: 93435168.00, 93435172.00, 9631.83, 7318.42, 8.62%
Test - Best epoch, Loss, MSE, RMSE, MAE, MAPE: 15, 66489092.00, 66489092.00, 8123.11, 6373.19, 6.76%
- Epoch 016, ExpID 42832
Train - Loss: 39114022.00
Val - Loss, MSE, RMSE, MAE, MAPE: 93163216.00, 93163212.00, 9616.82, 7305.95, 8.61%
Test - Best epoch, Loss, MSE, RMSE, MAE, MAPE: 16, 66111888.00, 66111890.00, 8101.55, 6355.69, 6.75%
- Epoch 017, ExpID 42832
Train - Loss: 38869450.20
Val - Loss, MSE, RMSE, MAE, MAPE: 92848544.00, 92848548.00, 9599.34, 7291.54, 8.60%
Test - Best epoch, Loss, MSE, RMSE, MAE, MAPE: 17, 65665712.00, 65665710.00, 8075.96, 6335.25, 6.73%
- Epoch 018, ExpID 42832
Train - Loss: 38578934.80
Val - Loss, MSE, RMSE, MAE, MAPE: 92492208.00, 92492204.00, 9579.31, 7275.31, 8.59%
Test - Best epoch, Loss, MSE, RMSE, MAE, MAPE: 18, 65146488.00, 65146490.00, 8046.06, 6311.45, 6.71%
- Epoch 019, ExpID 42832
Train - Loss: 38203290.40
Val - Loss, MSE, RMSE, MAE, MAPE: 92059760.00, 92059756.00, 9554.71, 7255.33, 8.58%
Test - Best epoch, Loss, MSE, RMSE, MAE, MAPE: 19, 64493528.00, 64493526.00, 8008.23, 6281.71, 6.68%
- Epoch 020, ExpID 42832
Train - Loss: 37731298.00
Val - Loss, MSE, RMSE, MAE, MAPE: 91526416.00, 91526416.00, 9523.84, 7230.43, 8.56%
Test - Best epoch, Loss, MSE, RMSE, MAE, MAPE: 20, 63650228.00, 63650228.00, 7958.99, 6242.88, 6.65%
- Epoch 021, ExpID 42832
Train - Loss: 37131354.40
Val - Loss, MSE, RMSE, MAE, MAPE: 90852064.00, 90852064.00, 9483.88, 7200.08, 8.55%
Test - Best epoch, Loss, MSE, RMSE, MAE, MAPE: 21, 62513556.00, 62513556.00, 7891.83, 6190.40, 6.61%
- Epoch 022, ExpID 42832
Train - Loss: 36241039.10
Val - Loss, MSE, RMSE, MAE, MAPE: 90030944.00, 90030944.00, 9433.38, 7163.64, 8.54%
Test - Best epoch, Loss, MSE, RMSE, MAE, MAPE: 22, 60985736.00, 60985736.00, 7799.98, 6119.43, 6.55%
- Epoch 023, ExpID 42832
Train - Loss: 35053695.30
Val - Loss, MSE, RMSE, MAE, MAPE: 89132672.00, 89132668.00, 9374.18, 7124.81, 8.54%
Test - Best epoch, Loss, MSE, RMSE, MAE, MAPE: 23, 58933296.00, 58933296.00, 7673.25, 6021.97, 6.47%
- Epoch 024, ExpID 42832
Train - Loss: 33594223.10
Val - Loss, MSE, RMSE, MAE, MAPE: 88797784.00, 88797784.00, 9342.41, 7107.91, 8.59%
Test - Best epoch, Loss, MSE, RMSE, MAE, MAPE: 24, 56924896.00, 56924896.00, 7544.69, 5929.93, 6.42%
- Epoch 025, ExpID 42832
Train - Loss: 32525542.90
Val - Loss, MSE, RMSE, MAE, MAPE: 89557496.00, 89557496.00, 9375.45, 7137.83, 8.69%
Test - Best epoch, Loss, MSE, RMSE, MAE, MAPE: 24, 56924896.00, 56924896.00, 7544.69, 5929.93, 6.42%
- Epoch 026, ExpID 42832
Train - Loss: 32208351.30
Val - Loss, MSE, RMSE, MAE, MAPE: 89650640.00, 89650636.00, 9376.26, 7135.23, 8.70%
Test - Best epoch, Loss, MSE, RMSE, MAE, MAPE: 24, 56924896.00, 56924896.00, 7544.69, 5929.93, 6.42%
- Epoch 027, ExpID 42832
Train - Loss: 31947888.40
Val - Loss, MSE, RMSE, MAE, MAPE: 89449840.00, 89449838.00, 9361.77, 7118.62, 8.68%
Test - Best epoch, Loss, MSE, RMSE, MAE, MAPE: 24, 56924896.00, 56924896.00, 7544.69, 5929.93, 6.42%
- Epoch 028, ExpID 42832
Train - Loss: 31756481.80
Val - Loss, MSE, RMSE, MAE, MAPE: 89392600.00, 89392602.00, 9355.26, 7109.08, 8.66%
Test - Best epoch, Loss, MSE, RMSE, MAE, MAPE: 24, 56924896.00, 56924896.00, 7544.69, 5929.93, 6.42%
- Epoch 029, ExpID 42832
Train - Loss: 31609691.30
Val - Loss, MSE, RMSE, MAE, MAPE: 89611616.00, 89611612.00, 9363.64, 7111.46, 8.67%
Test - Best epoch, Loss, MSE, RMSE, MAE, MAPE: 24, 56924896.00, 56924896.00, 7544.69, 5929.93, 6.42%
- Epoch 030, ExpID 42832
Train - Loss: 31466332.60
Val - Loss, MSE, RMSE, MAE, MAPE: 89562568.00, 89562566.00, 9357.98, 7102.23, 8.66%
Test - Best epoch, Loss, MSE, RMSE, MAE, MAPE: 24, 56924896.00, 56924896.00, 7544.69, 5929.93, 6.42%
- Epoch 031, ExpID 42832
Train - Loss: 31342221.50
Val - Loss, MSE, RMSE, MAE, MAPE: 89614688.00, 89614692.00, 9357.84, 7097.36, 8.65%
Test - Best epoch, Loss, MSE, RMSE, MAE, MAPE: 24, 56924896.00, 56924896.00, 7544.69, 5929.93, 6.42%
- Epoch 032, ExpID 42832
Train - Loss: 31236154.70
Val - Loss, MSE, RMSE, MAE, MAPE: 89814496.00, 89814492.00, 9365.58, 7098.46, 8.66%
Test - Best epoch, Loss, MSE, RMSE, MAE, MAPE: 24, 56924896.00, 56924896.00, 7544.69, 5929.93, 6.42%
- Epoch 033, ExpID 42832
Train - Loss: 31131228.10
Val - Loss, MSE, RMSE, MAE, MAPE: 89808432.00, 89808430.00, 9362.54, 7091.27, 8.65%
Test - Best epoch, Loss, MSE, RMSE, MAE, MAPE: 24, 56924896.00, 56924896.00, 7544.69, 5929.93, 6.42%
- Epoch 034, ExpID 42832
Train - Loss: 31045953.90
Val - Loss, MSE, RMSE, MAE, MAPE: 89973856.00, 89973858.00, 9368.66, 7090.92, 8.65%
Test - Best epoch, Loss, MSE, RMSE, MAE, MAPE: 24, 56924896.00, 56924896.00, 7544.69, 5929.93, 6.42%
Early Stopping at Epoch 34
Fold 2018 Best RMSE: 7544.6882

-------------------- [Fold: 2019] ExpID: 8548 --------------------
- Epoch 000, ExpID 8548
Train - Loss: 43918275.82
Val - Loss, MSE, RMSE, MAE, MAPE: 68659128.00, 68659126.00, 8245.63, 6476.46, 6.86%
Test - Best epoch, Loss, MSE, RMSE, MAE, MAPE: 0, 63280592.00, 63280590.00, 7846.90, 6201.04, 6.48%
- Epoch 001, ExpID 8548
Train - Loss: 43976236.18
Val - Loss, MSE, RMSE, MAE, MAPE: 68506384.00, 68506388.00, 8237.02, 6469.12, 6.85%
Test - Best epoch, Loss, MSE, RMSE, MAE, MAPE: 1, 63244176.00, 63244174.00, 7845.67, 6199.95, 6.48%
- Epoch 002, ExpID 8548
Train - Loss: 43782690.73
Val - Loss, MSE, RMSE, MAE, MAPE: 68350272.00, 68350272.00, 8228.22, 6461.62, 6.84%
Test - Best epoch, Loss, MSE, RMSE, MAE, MAPE: 2, 63208608.00, 63208610.00, 7844.53, 6198.96, 6.48%
- Epoch 003, ExpID 8548
Train - Loss: 43575151.64
Val - Loss, MSE, RMSE, MAE, MAPE: 68197760.00, 68197756.00, 8219.62, 6454.32, 6.84%
Test - Best epoch, Loss, MSE, RMSE, MAE, MAPE: 3, 63173000.00, 63173002.00, 7843.36, 6197.99, 6.48%
- Epoch 004, ExpID 8548
Train - Loss: 43686977.64
Val - Loss, MSE, RMSE, MAE, MAPE: 68039040.00, 68039040.00, 8210.66, 6446.71, 6.83%
Test - Best epoch, Loss, MSE, RMSE, MAE, MAPE: 4, 63137384.00, 63137386.00, 7842.24, 6197.08, 6.48%
- Epoch 005, ExpID 8548
Train - Loss: 43185916.27
Val - Loss, MSE, RMSE, MAE, MAPE: 67876384.00, 67876386.00, 8201.47, 6438.92, 6.82%
Test - Best epoch, Loss, MSE, RMSE, MAE, MAPE: 5, 63100480.00, 63100482.00, 7841.07, 6196.16, 6.48%
- Epoch 006, ExpID 8548
Train - Loss: 43505446.36
Val - Loss, MSE, RMSE, MAE, MAPE: 67710360.00, 67710362.00, 8192.09, 6430.99, 6.82%
Test - Best epoch, Loss, MSE, RMSE, MAE, MAPE: 6, 63062680.00, 63062682.00, 7839.86, 6195.23, 6.48%
- Epoch 007, ExpID 8548
Train - Loss: 43288453.45
Val - Loss, MSE, RMSE, MAE, MAPE: 67531616.00, 67531620.00, 8181.97, 6422.48, 6.81%
Test - Best epoch, Loss, MSE, RMSE, MAE, MAPE: 7, 63023528.00, 63023528.00, 7838.68, 6194.33, 6.48%
- Epoch 008, ExpID 8548
Train - Loss: 42982656.36
Val - Loss, MSE, RMSE, MAE, MAPE: 67344736.00, 67344734.00, 8171.39, 6413.58, 6.80%
Test - Best epoch, Loss, MSE, RMSE, MAE, MAPE: 8, 62981056.00, 62981056.00, 7837.33, 6193.30, 6.49%
- Epoch 009, ExpID 8548
Train - Loss: 43426880.36
Val - Loss, MSE, RMSE, MAE, MAPE: 67147424.00, 67147424.00, 8160.20, 6404.18, 6.79%
Test - Best epoch, Loss, MSE, RMSE, MAE, MAPE: 9, 62936856.00, 62936858.00, 7835.95, 6192.31, 6.49%
- Epoch 010, ExpID 8548
Train - Loss: 43017881.82
Val - Loss, MSE, RMSE, MAE, MAPE: 66925896.00, 66925894.00, 8147.63, 6393.67, 6.78%
Test - Best epoch, Loss, MSE, RMSE, MAE, MAPE: 10, 62886912.00, 62886912.00, 7834.37, 6191.24, 6.49%
- Epoch 011, ExpID 8548
Train - Loss: 42758971.82
Val - Loss, MSE, RMSE, MAE, MAPE: 66690056.00, 66690054.00, 8134.22, 6382.51, 6.77%
Test - Best epoch, Loss, MSE, RMSE, MAE, MAPE: 11, 62832208.00, 62832208.00, 7832.58, 6190.02, 6.49%
- Epoch 012, ExpID 8548
Train - Loss: 42626109.82
Val - Loss, MSE, RMSE, MAE, MAPE: 66421656.00, 66421656.00, 8118.94, 6369.88, 6.76%
Test - Best epoch, Loss, MSE, RMSE, MAE, MAPE: 12, 62770636.00, 62770636.00, 7830.59, 6188.61, 6.49%
- Epoch 013, ExpID 8548
Train - Loss: 42519889.64
Val - Loss, MSE, RMSE, MAE, MAPE: 66123072.00, 66123070.00, 8101.91, 6356.03, 6.75%
Test - Best epoch, Loss, MSE, RMSE, MAE, MAPE: 13, 62701820.00, 62701820.00, 7828.35, 6187.01, 6.49%
- Epoch 014, ExpID 8548
Train - Loss: 42161354.91
Val - Loss, MSE, RMSE, MAE, MAPE: 65774408.00, 65774408.00, 8081.97, 6340.06, 6.74%
Test - Best epoch, Loss, MSE, RMSE, MAE, MAPE: 14, 62620848.00, 62620850.00, 7825.66, 6185.19, 6.49%
- Epoch 015, ExpID 8548
Train - Loss: 41964097.45
Val - Loss, MSE, RMSE, MAE, MAPE: 65361412.00, 65361412.00, 8058.27, 6321.12, 6.72%
Test - Best epoch, Loss, MSE, RMSE, MAE, MAPE: 15, 62522436.00, 62522436.00, 7822.28, 6182.96, 6.49%
- Epoch 016, ExpID 8548
Train - Loss: 41966917.45
Val - Loss, MSE, RMSE, MAE, MAPE: 64860704.00, 64860706.00, 8029.42, 6298.17, 6.70%
Test - Best epoch, Loss, MSE, RMSE, MAE, MAPE: 16, 62402880.00, 62402878.00, 7818.12, 6180.26, 6.49%
- Epoch 017, ExpID 8548
Train - Loss: 41410193.82
Val - Loss, MSE, RMSE, MAE, MAPE: 64243324.00, 64243324.00, 7993.64, 6269.98, 6.68%
Test - Best epoch, Loss, MSE, RMSE, MAE, MAPE: 17, 62255000.00, 62255000.00, 7812.86, 6176.69, 6.50%
- Epoch 018, ExpID 8548
Train - Loss: 41009114.91
Val - Loss, MSE, RMSE, MAE, MAPE: 63441144.00, 63441144.00, 7946.79, 6233.70, 6.65%
Test - Best epoch, Loss, MSE, RMSE, MAE, MAPE: 18, 62063960.00, 62063958.00, 7805.94, 6171.75, 6.50%
- Epoch 019, ExpID 8548
Train - Loss: 40598569.82
Val - Loss, MSE, RMSE, MAE, MAPE: 62347392.00, 62347392.00, 7882.16, 6183.59, 6.60%
Test - Best epoch, Loss, MSE, RMSE, MAE, MAPE: 19, 61807480.00, 61807482.00, 7796.43, 6165.63, 6.50%
- Epoch 020, ExpID 8548
Train - Loss: 39341935.55
Val - Loss, MSE, RMSE, MAE, MAPE: 60769304.00, 60769302.00, 7787.16, 6110.03, 6.54%
Test - Best epoch, Loss, MSE, RMSE, MAE, MAPE: 20, 61472928.00, 61472928.00, 7784.36, 6158.08, 6.51%
- Epoch 021, ExpID 8548
Train - Loss: 38309054.55
Val - Loss, MSE, RMSE, MAE, MAPE: 58578672.00, 58578670.00, 7651.28, 6002.92, 6.46%
Test - Best epoch, Loss, MSE, RMSE, MAE, MAPE: 21, 61162624.00, 61162622.00, 7776.27, 6153.16, 6.53%
- Epoch 022, ExpID 8548
Train - Loss: 36449311.73
Val - Loss, MSE, RMSE, MAE, MAPE: 56603688.00, 56603686.00, 7523.53, 5907.25, 6.41%
Test - Best epoch, Loss, MSE, RMSE, MAE, MAPE: 22, 61592328.00, 61592328.00, 7813.86, 6172.43, 6.59%
- Epoch 023, ExpID 8548
Train - Loss: 35637000.73
Val - Loss, MSE, RMSE, MAE, MAPE: 56298236.00, 56298236.00, 7502.33, 5900.06, 6.45%
Test - Best epoch, Loss, MSE, RMSE, MAE, MAPE: 23, 62508032.00, 62508034.00, 7874.26, 6199.72, 6.65%
- Epoch 024, ExpID 8548
Train - Loss: 35086193.09
Val - Loss, MSE, RMSE, MAE, MAPE: 55901408.00, 55901408.00, 7475.78, 5881.14, 6.42%
Test - Best epoch, Loss, MSE, RMSE, MAE, MAPE: 24, 61888712.00, 61888712.00, 7833.53, 6164.03, 6.61%
- Epoch 025, ExpID 8548
Train - Loss: 34828436.00
Val - Loss, MSE, RMSE, MAE, MAPE: 55633104.00, 55633106.00, 7457.77, 5869.21, 6.41%
Test - Best epoch, Loss, MSE, RMSE, MAE, MAPE: 25, 61447144.00, 61447144.00, 7804.31, 6137.82, 6.58%
- Epoch 026, ExpID 8548
Train - Loss: 34731430.09
Val - Loss, MSE, RMSE, MAE, MAPE: 55450000.00, 55449998.00, 7445.37, 5861.97, 6.40%
Test - Best epoch, Loss, MSE, RMSE, MAE, MAPE: 26, 61179096.00, 61179098.00, 7786.21, 6118.94, 6.56%
- Epoch 027, ExpID 8548
Train - Loss: 34664093.91
Val - Loss, MSE, RMSE, MAE, MAPE: 55317176.00, 55317176.00, 7436.31, 5857.42, 6.40%
Test - Best epoch, Loss, MSE, RMSE, MAE, MAPE: 27, 61005028.00, 61005028.00, 7774.18, 6104.32, 6.55%
- Epoch 028, ExpID 8548
Train - Loss: 34521456.27
Val - Loss, MSE, RMSE, MAE, MAPE: 55206720.00, 55206718.00, 7428.78, 5853.38, 6.39%
Test - Best epoch, Loss, MSE, RMSE, MAE, MAPE: 28, 60826304.00, 60826302.00, 7761.95, 6090.77, 6.53%
- Epoch 029, ExpID 8548
Train - Loss: 34362145.91
Val - Loss, MSE, RMSE, MAE, MAPE: 55076440.00, 55076438.00, 7420.06, 5846.27, 6.38%
Test - Best epoch, Loss, MSE, RMSE, MAE, MAPE: 29, 60478920.00, 60478918.00, 7739.04, 6073.29, 6.51%
- Epoch 030, ExpID 8548
Train - Loss: 34304297.91
Val - Loss, MSE, RMSE, MAE, MAPE: 54996000.00, 54996000.00, 7414.55, 5843.04, 6.38%
Test - Best epoch, Loss, MSE, RMSE, MAE, MAPE: 30, 60328512.00, 60328510.00, 7728.68, 6061.94, 6.50%
- Epoch 031, ExpID 8548
Train - Loss: 34252380.18
Val - Loss, MSE, RMSE, MAE, MAPE: 54928288.00, 54928286.00, 7409.92, 5839.96, 6.37%
Test - Best epoch, Loss, MSE, RMSE, MAE, MAPE: 31, 60181840.00, 60181842.00, 7718.69, 6051.75, 6.49%
- Epoch 032, ExpID 8548
Train - Loss: 34129576.82
Val - Loss, MSE, RMSE, MAE, MAPE: 54865736.00, 54865734.00, 7405.64, 5836.75, 6.37%
Test - Best epoch, Loss, MSE, RMSE, MAE, MAPE: 32, 60024984.00, 60024986.00, 7708.06, 6041.61, 6.48%
- Epoch 033, ExpID 8548
Train - Loss: 33745229.18
Val - Loss, MSE, RMSE, MAE, MAPE: 54813400.00, 54813400.00, 7402.05, 5833.72, 6.36%
Test - Best epoch, Loss, MSE, RMSE, MAE, MAPE: 33, 59880856.00, 59880856.00, 7698.38, 6032.82, 6.47%
- Epoch 034, ExpID 8548
Train - Loss: 34130124.91
Val - Loss, MSE, RMSE, MAE, MAPE: 54776408.00, 54776410.00, 7399.48, 5831.38, 6.36%
Test - Best epoch, Loss, MSE, RMSE, MAE, MAPE: 34, 59775796.00, 59775796.00, 7691.27, 6025.46, 6.46%
- Epoch 035, ExpID 8548
Train - Loss: 33895849.18
Val - Loss, MSE, RMSE, MAE, MAPE: 54708996.00, 54708996.00, 7395.01, 5825.76, 6.35%
Test - Best epoch, Loss, MSE, RMSE, MAE, MAPE: 35, 59459648.00, 59459648.00, 7670.65, 6013.61, 6.44%
- Epoch 036, ExpID 8548
Train - Loss: 33791943.45
Val - Loss, MSE, RMSE, MAE, MAPE: 54706048.00, 54706048.00, 7394.62, 5826.61, 6.36%
Test - Best epoch, Loss, MSE, RMSE, MAE, MAPE: 36, 59534552.00, 59534554.00, 7675.06, 6010.84, 6.44%
- Epoch 037, ExpID 8548
Train - Loss: 33675789.18
Val - Loss, MSE, RMSE, MAE, MAPE: 54659072.00, 54659074.00, 7391.45, 5822.52, 6.35%
Test - Best epoch, Loss, MSE, RMSE, MAE, MAPE: 37, 59314872.00, 59314874.00, 7660.71, 6001.90, 6.43%
- Epoch 038, ExpID 8548
Train - Loss: 33705188.18
Val - Loss, MSE, RMSE, MAE, MAPE: 54634696.00, 54634696.00, 7389.74, 5820.76, 6.35%
Test - Best epoch, Loss, MSE, RMSE, MAE, MAPE: 38, 59221720.00, 59221722.00, 7654.36, 5995.53, 6.42%
- Epoch 039, ExpID 8548
Train - Loss: 33733459.18
Val - Loss, MSE, RMSE, MAE, MAPE: 54615512.00, 54615510.00, 7388.36, 5819.04, 6.34%
Test - Best epoch, Loss, MSE, RMSE, MAE, MAPE: 39, 59137032.00, 59137030.00, 7648.63, 5989.85, 6.42%
- Epoch 040, ExpID 8548
Train - Loss: 33455827.18
Val - Loss, MSE, RMSE, MAE, MAPE: 54597152.00, 54597152.00, 7387.05, 5817.44, 6.34%
Test - Best epoch, Loss, MSE, RMSE, MAE, MAPE: 40, 59045028.00, 59045028.00, 7642.35, 5983.78, 6.41%
- Epoch 041, ExpID 8548
Train - Loss: 33522617.27
Val - Loss, MSE, RMSE, MAE, MAPE: 54572920.00, 54572920.00, 7385.39, 5814.90, 6.34%
Test - Best epoch, Loss, MSE, RMSE, MAE, MAPE: 41, 58906832.00, 58906834.00, 7633.23, 5977.64, 6.40%
- Epoch 042, ExpID 8548
Train - Loss: 33334779.27
Val - Loss, MSE, RMSE, MAE, MAPE: 54554448.00, 54554450.00, 7384.09, 5812.94, 6.34%
Test - Best epoch, Loss, MSE, RMSE, MAE, MAPE: 42, 58796928.00, 58796928.00, 7625.79, 5971.32, 6.40%
- Epoch 043, ExpID 8548
Train - Loss: 33459623.45
Val - Loss, MSE, RMSE, MAE, MAPE: 54541760.00, 54541758.00, 7383.17, 5811.20, 6.33%
Test - Best epoch, Loss, MSE, RMSE, MAE, MAPE: 43, 58701448.00, 58701446.00, 7619.40, 5966.08, 6.39%
- Epoch 044, ExpID 8548
Train - Loss: 33294591.55
Val - Loss, MSE, RMSE, MAE, MAPE: 54530464.00, 54530462.00, 7382.35, 5809.77, 6.33%
Test - Best epoch, Loss, MSE, RMSE, MAE, MAPE: 44, 58611064.00, 58611064.00, 7613.23, 5960.51, 6.38%
- Epoch 045, ExpID 8548
Train - Loss: 33294933.00
Val - Loss, MSE, RMSE, MAE, MAPE: 54513252.00, 54513252.00, 7381.17, 5807.32, 6.33%
Test - Best epoch, Loss, MSE, RMSE, MAE, MAPE: 45, 58463608.00, 58463610.00, 7603.51, 5954.65, 6.38%
- Epoch 046, ExpID 8548
Train - Loss: 33357529.09
Val - Loss, MSE, RMSE, MAE, MAPE: 54520268.00, 54520268.00, 7381.51, 5807.37, 6.33%
Test - Best epoch, Loss, MSE, RMSE, MAE, MAPE: 45, 58463608.00, 58463610.00, 7603.51, 5954.65, 6.38%
- Epoch 047, ExpID 8548
Train - Loss: 33252630.27
Val - Loss, MSE, RMSE, MAE, MAPE: 54505920.00, 54505920.00, 7380.53, 5804.98, 6.32%
Test - Best epoch, Loss, MSE, RMSE, MAE, MAPE: 47, 58318516.00, 58318516.00, 7593.67, 5945.62, 6.37%
- Epoch 048, ExpID 8548
Train - Loss: 33153877.27
Val - Loss, MSE, RMSE, MAE, MAPE: 54512600.00, 54512602.00, 7380.87, 5805.04, 6.33%
Test - Best epoch, Loss, MSE, RMSE, MAE, MAPE: 47, 58318516.00, 58318516.00, 7593.67, 5945.62, 6.37%
- Epoch 049, ExpID 8548
Train - Loss: 33110967.09
Val - Loss, MSE, RMSE, MAE, MAPE: 54496540.00, 54496540.00, 7379.78, 5802.78, 6.32%
Test - Best epoch, Loss, MSE, RMSE, MAE, MAPE: 49, 58153456.00, 58153456.00, 7582.36, 5936.01, 6.35%
- Epoch 050, ExpID 8548
Train - Loss: 32881615.36
Val - Loss, MSE, RMSE, MAE, MAPE: 54503248.00, 54503248.00, 7380.14, 5802.38, 6.32%
Test - Best epoch, Loss, MSE, RMSE, MAE, MAPE: 49, 58153456.00, 58153456.00, 7582.36, 5936.01, 6.35%
- Epoch 051, ExpID 8548
Train - Loss: 33210753.00
Val - Loss, MSE, RMSE, MAE, MAPE: 54502384.00, 54502384.00, 7380.03, 5801.38, 6.32%
Test - Best epoch, Loss, MSE, RMSE, MAE, MAPE: 49, 58153456.00, 58153456.00, 7582.36, 5936.01, 6.35%
- Epoch 052, ExpID 8548
Train - Loss: 32783687.18
Val - Loss, MSE, RMSE, MAE, MAPE: 54495200.00, 54495202.00, 7379.52, 5799.41, 6.32%
Test - Best epoch, Loss, MSE, RMSE, MAE, MAPE: 52, 57904500.00, 57904500.00, 7565.53, 5922.71, 6.34%
- Epoch 053, ExpID 8548
Train - Loss: 32806434.73
Val - Loss, MSE, RMSE, MAE, MAPE: 54501872.00, 54501870.00, 7379.89, 5798.95, 6.32%
Test - Best epoch, Loss, MSE, RMSE, MAE, MAPE: 52, 57904500.00, 57904500.00, 7565.53, 5922.71, 6.34%
- Epoch 054, ExpID 8548
Train - Loss: 32751155.73
Val - Loss, MSE, RMSE, MAE, MAPE: 54510120.00, 54510122.00, 7380.37, 5798.45, 6.32%
Test - Best epoch, Loss, MSE, RMSE, MAE, MAPE: 52, 57904500.00, 57904500.00, 7565.53, 5922.71, 6.34%
- Epoch 055, ExpID 8548
Train - Loss: 32842089.73
Val - Loss, MSE, RMSE, MAE, MAPE: 54510376.00, 54510378.00, 7380.35, 5797.36, 6.31%
Test - Best epoch, Loss, MSE, RMSE, MAE, MAPE: 52, 57904500.00, 57904500.00, 7565.53, 5922.71, 6.34%
- Epoch 056, ExpID 8548
Train - Loss: 32810751.91
Val - Loss, MSE, RMSE, MAE, MAPE: 54515912.00, 54515912.00, 7380.66, 5796.39, 6.31%
Test - Best epoch, Loss, MSE, RMSE, MAE, MAPE: 52, 57904500.00, 57904500.00, 7565.53, 5922.71, 6.34%
- Epoch 057, ExpID 8548
Train - Loss: 32701465.00
Val - Loss, MSE, RMSE, MAE, MAPE: 54520760.00, 54520762.00, 7380.94, 5795.48, 6.31%
Test - Best epoch, Loss, MSE, RMSE, MAE, MAPE: 52, 57904500.00, 57904500.00, 7565.53, 5922.71, 6.34%
- Epoch 058, ExpID 8548
Train - Loss: 32645199.45
Val - Loss, MSE, RMSE, MAE, MAPE: 54545544.00, 54545542.00, 7382.47, 5796.06, 6.31%
Test - Best epoch, Loss, MSE, RMSE, MAE, MAPE: 52, 57904500.00, 57904500.00, 7565.53, 5922.71, 6.34%
- Epoch 059, ExpID 8548
Train - Loss: 32711963.64
Val - Loss, MSE, RMSE, MAE, MAPE: 54547688.00, 54547688.00, 7382.58, 5794.96, 6.31%
Test - Best epoch, Loss, MSE, RMSE, MAE, MAPE: 52, 57904500.00, 57904500.00, 7565.53, 5922.71, 6.34%
- Epoch 060, ExpID 8548
Train - Loss: 32681442.36
Val - Loss, MSE, RMSE, MAE, MAPE: 54549488.00, 54549486.00, 7382.69, 5794.02, 6.31%
Test - Best epoch, Loss, MSE, RMSE, MAE, MAPE: 52, 57904500.00, 57904500.00, 7565.53, 5922.71, 6.34%
- Epoch 061, ExpID 8548
Train - Loss: 32441517.27
Val - Loss, MSE, RMSE, MAE, MAPE: 54566928.00, 54566926.00, 7383.77, 5793.94, 6.31%
Test - Best epoch, Loss, MSE, RMSE, MAE, MAPE: 52, 57904500.00, 57904500.00, 7565.53, 5922.71, 6.34%
- Epoch 062, ExpID 8548
Train - Loss: 32357376.09
Val - Loss, MSE, RMSE, MAE, MAPE: 54579652.00, 54579652.00, 7384.56, 5793.57, 6.31%
Test - Best epoch, Loss, MSE, RMSE, MAE, MAPE: 52, 57904500.00, 57904500.00, 7565.53, 5922.71, 6.34%
Early Stopping at Epoch 62
Fold 2019 Best RMSE: 7565.5281
