DETAILED LOG | Model: lstm | Seed: 1
FULL CONFIG: {'gpu': '2', 'target': 'departure', 'cv_start_year': 2017, 'cv_end_year': 2019, 'test_year': 2024, 'use_corona': False, 'seq_len': 56, 'label_len': 0, 'pred_len': 14, 'batch_size': 256, 'epochs': 1000, 'patience': 10, 'lr': 1e-05, 'model': 'lstm', 'd_model': 128, 'n_heads': 4, 'n_layers': 2, 'dropout': 0.1, 'activation': 'gelu', 'patch_len': 16, 'factor': 5, 'norm_mode': 'revin', 'use_covar': False, 'use_dbloss': False, 'device': device(type='cuda'), 'stride': 16, 'file_path': 'dataset/airport_flight_with_holiday.csv', 'seed': 1, 'val_year': 2019, 'ndims': 1}

-------------------- [Fold: 2017] ExpID: 80956 --------------------
- Epoch 000, ExpID 80956
Train - Loss: 31947694.80
Val - Loss, MSE, RMSE, MAE, MAPE: 57244176.00, 57244174.00, 7502.00, 5863.96, 7.58%
Test - Best epoch, Loss, MSE, RMSE, MAE, MAPE: 0, 95221232.00, 95221228.00, 9717.68, 7616.37, 9.19%
- Epoch 001, ExpID 80956
Train - Loss: 31879914.60
Val - Loss, MSE, RMSE, MAE, MAPE: 57215432.00, 57215434.00, 7500.28, 5862.16, 7.58%
Test - Best epoch, Loss, MSE, RMSE, MAE, MAPE: 1, 95190240.00, 95190240.00, 9715.96, 7613.92, 9.18%
- Epoch 002, ExpID 80956
Train - Loss: 31836830.90
Val - Loss, MSE, RMSE, MAE, MAPE: 57185752.00, 57185752.00, 7498.48, 5860.36, 7.58%
Test - Best epoch, Loss, MSE, RMSE, MAE, MAPE: 2, 95158376.00, 95158376.00, 9714.20, 7611.44, 9.18%
- Epoch 003, ExpID 80956
Train - Loss: 31861972.90
Val - Loss, MSE, RMSE, MAE, MAPE: 57156004.00, 57156004.00, 7496.70, 5858.51, 7.58%
Test - Best epoch, Loss, MSE, RMSE, MAE, MAPE: 3, 95126936.00, 95126936.00, 9712.45, 7608.89, 9.18%
- Epoch 004, ExpID 80956
Train - Loss: 31848797.80
Val - Loss, MSE, RMSE, MAE, MAPE: 57124928.00, 57124928.00, 7494.81, 5856.66, 7.58%
Test - Best epoch, Loss, MSE, RMSE, MAE, MAPE: 4, 95094912.00, 95094916.00, 9710.67, 7606.36, 9.18%
- Epoch 005, ExpID 80956
Train - Loss: 31844128.10
Val - Loss, MSE, RMSE, MAE, MAPE: 57093412.00, 57093412.00, 7492.92, 5854.72, 7.57%
Test - Best epoch, Loss, MSE, RMSE, MAE, MAPE: 5, 95063248.00, 95063252.00, 9708.89, 7603.72, 9.17%
- Epoch 006, ExpID 80956
Train - Loss: 31825327.20
Val - Loss, MSE, RMSE, MAE, MAPE: 57060432.00, 57060430.00, 7490.95, 5852.67, 7.57%
Test - Best epoch, Loss, MSE, RMSE, MAE, MAPE: 6, 95030296.00, 95030296.00, 9707.04, 7600.94, 9.17%
- Epoch 007, ExpID 80956
Train - Loss: 31806898.80
Val - Loss, MSE, RMSE, MAE, MAPE: 57025512.00, 57025510.00, 7488.83, 5850.63, 7.57%
Test - Best epoch, Loss, MSE, RMSE, MAE, MAPE: 7, 94996944.00, 94996944.00, 9705.15, 7598.18, 9.17%
- Epoch 008, ExpID 80956
Train - Loss: 31813792.30
Val - Loss, MSE, RMSE, MAE, MAPE: 56989468.00, 56989468.00, 7486.67, 5848.44, 7.57%
Test - Best epoch, Loss, MSE, RMSE, MAE, MAPE: 8, 94963136.00, 94963136.00, 9703.23, 7595.24, 9.17%
- Epoch 009, ExpID 80956
Train - Loss: 31704301.90
Val - Loss, MSE, RMSE, MAE, MAPE: 56950560.00, 56950560.00, 7484.34, 5846.10, 7.56%
Test - Best epoch, Loss, MSE, RMSE, MAE, MAPE: 9, 94927872.00, 94927876.00, 9701.20, 7592.13, 9.16%
- Epoch 010, ExpID 80956
Train - Loss: 31692890.90
Val - Loss, MSE, RMSE, MAE, MAPE: 56908752.00, 56908754.00, 7481.81, 5843.68, 7.56%
Test - Best epoch, Loss, MSE, RMSE, MAE, MAPE: 10, 94891504.00, 94891500.00, 9699.10, 7588.93, 9.16%
- Epoch 011, ExpID 80956
Train - Loss: 31695401.00
Val - Loss, MSE, RMSE, MAE, MAPE: 56864176.00, 56864176.00, 7479.12, 5841.05, 7.56%
Test - Best epoch, Loss, MSE, RMSE, MAE, MAPE: 11, 94854224.00, 94854228.00, 9696.93, 7585.50, 9.16%
- Epoch 012, ExpID 80956
Train - Loss: 31667695.10
Val - Loss, MSE, RMSE, MAE, MAPE: 56815096.00, 56815094.00, 7476.17, 5838.15, 7.56%
Test - Best epoch, Loss, MSE, RMSE, MAE, MAPE: 12, 94815424.00, 94815424.00, 9694.63, 7581.78, 9.15%
- Epoch 013, ExpID 80956
Train - Loss: 31640834.60
Val - Loss, MSE, RMSE, MAE, MAPE: 56762144.00, 56762146.00, 7472.99, 5835.02, 7.55%
Test - Best epoch, Loss, MSE, RMSE, MAE, MAPE: 13, 94774752.00, 94774748.00, 9692.21, 7577.81, 9.15%
- Epoch 014, ExpID 80956
Train - Loss: 31543714.10
Val - Loss, MSE, RMSE, MAE, MAPE: 56703336.00, 56703336.00, 7469.43, 5831.62, 7.55%
Test - Best epoch, Loss, MSE, RMSE, MAE, MAPE: 14, 94732688.00, 94732692.00, 9689.67, 7573.58, 9.15%
- Epoch 015, ExpID 80956
Train - Loss: 31615765.70
Val - Loss, MSE, RMSE, MAE, MAPE: 56639416.00, 56639418.00, 7465.56, 5827.89, 7.54%
Test - Best epoch, Loss, MSE, RMSE, MAE, MAPE: 15, 94688696.00, 94688696.00, 9686.99, 7569.02, 9.14%
- Epoch 016, ExpID 80956
Train - Loss: 31541867.80
Val - Loss, MSE, RMSE, MAE, MAPE: 56566144.00, 56566146.00, 7461.14, 5823.59, 7.54%
Test - Best epoch, Loss, MSE, RMSE, MAE, MAPE: 16, 94641280.00, 94641280.00, 9684.05, 7563.83, 9.14%
- Epoch 017, ExpID 80956
Train - Loss: 31451748.50
Val - Loss, MSE, RMSE, MAE, MAPE: 56484208.00, 56484206.00, 7456.18, 5818.80, 7.53%
Test - Best epoch, Loss, MSE, RMSE, MAE, MAPE: 17, 94593136.00, 94593136.00, 9680.99, 7558.23, 9.13%
- Epoch 018, ExpID 80956
Train - Loss: 31359616.70
Val - Loss, MSE, RMSE, MAE, MAPE: 56391432.00, 56391430.00, 7450.51, 5813.52, 7.53%
Test - Best epoch, Loss, MSE, RMSE, MAE, MAPE: 18, 94543040.00, 94543036.00, 9677.74, 7552.24, 9.12%
- Epoch 019, ExpID 80956
Train - Loss: 31330772.80
Val - Loss, MSE, RMSE, MAE, MAPE: 56288020.00, 56288020.00, 7444.25, 5807.48, 7.52%
Test - Best epoch, Loss, MSE, RMSE, MAE, MAPE: 19, 94492328.00, 94492328.00, 9674.34, 7545.51, 9.12%
- Epoch 020, ExpID 80956
Train - Loss: 31263540.30
Val - Loss, MSE, RMSE, MAE, MAPE: 56166416.00, 56166416.00, 7436.87, 5800.41, 7.51%
Test - Best epoch, Loss, MSE, RMSE, MAE, MAPE: 20, 94439064.00, 94439064.00, 9670.64, 7537.86, 9.11%
- Epoch 021, ExpID 80956
Train - Loss: 31191208.70
Val - Loss, MSE, RMSE, MAE, MAPE: 56024408.00, 56024408.00, 7428.19, 5792.33, 7.50%
Test - Best epoch, Loss, MSE, RMSE, MAE, MAPE: 21, 94385264.00, 94385264.00, 9666.72, 7529.42, 9.10%
- Epoch 022, ExpID 80956
Train - Loss: 31145732.10
Val - Loss, MSE, RMSE, MAE, MAPE: 55858760.00, 55858762.00, 7418.06, 5782.79, 7.49%
Test - Best epoch, Loss, MSE, RMSE, MAE, MAPE: 22, 94332864.00, 94332868.00, 9662.63, 7519.90, 9.09%
- Epoch 023, ExpID 80956
Train - Loss: 30959642.20
Val - Loss, MSE, RMSE, MAE, MAPE: 55661352.00, 55661350.00, 7406.00, 5771.38, 7.48%
Test - Best epoch, Loss, MSE, RMSE, MAE, MAPE: 23, 94285568.00, 94285568.00, 9658.45, 7509.08, 9.08%
- Epoch 024, ExpID 80956
Train - Loss: 30842477.60
Val - Loss, MSE, RMSE, MAE, MAPE: 55425652.00, 55425652.00, 7391.50, 5757.86, 7.46%
Test - Best epoch, Loss, MSE, RMSE, MAE, MAPE: 24, 94246768.00, 94246764.00, 9654.30, 7497.06, 9.07%
- Epoch 025, ExpID 80956
Train - Loss: 30671047.40
Val - Loss, MSE, RMSE, MAE, MAPE: 55136536.00, 55136538.00, 7373.89, 5740.58, 7.44%
Test - Best epoch, Loss, MSE, RMSE, MAE, MAPE: 25, 94231984.00, 94231980.00, 9650.69, 7482.44, 9.06%
- Epoch 026, ExpID 80956
Train - Loss: 30460191.70
Val - Loss, MSE, RMSE, MAE, MAPE: 54784864.00, 54784866.00, 7352.16, 5720.42, 7.42%
Test - Best epoch, Loss, MSE, RMSE, MAE, MAPE: 26, 94246392.00, 94246392.00, 9647.86, 7466.29, 9.05%
- Epoch 027, ExpID 80956
Train - Loss: 30306774.20
Val - Loss, MSE, RMSE, MAE, MAPE: 54354936.00, 54354936.00, 7325.63, 5695.92, 7.39%
Test - Best epoch, Loss, MSE, RMSE, MAE, MAPE: 27, 94328112.00, 94328108.00, 9647.37, 7447.67, 9.03%
- Epoch 028, ExpID 80956
Train - Loss: 29986158.50
Val - Loss, MSE, RMSE, MAE, MAPE: 53816600.00, 53816598.00, 7292.11, 5665.84, 7.36%
Test - Best epoch, Loss, MSE, RMSE, MAE, MAPE: 28, 94523312.00, 94523308.00, 9651.15, 7427.80, 9.02%
- Epoch 029, ExpID 80956
Train - Loss: 29647664.70
Val - Loss, MSE, RMSE, MAE, MAPE: 53216176.00, 53216176.00, 7254.32, 5632.86, 7.33%
Test - Best epoch, Loss, MSE, RMSE, MAE, MAPE: 29, 94875840.00, 94875836.00, 9661.76, 7410.78, 9.02%
- Epoch 030, ExpID 80956
Train - Loss: 29346515.40
Val - Loss, MSE, RMSE, MAE, MAPE: 52551624.00, 52551622.00, 7211.99, 5597.10, 7.29%
Test - Best epoch, Loss, MSE, RMSE, MAE, MAPE: 30, 95499808.00, 95499808.00, 9684.61, 7399.60, 9.02%
- Epoch 031, ExpID 80956
Train - Loss: 29048201.90
Val - Loss, MSE, RMSE, MAE, MAPE: 51966512.00, 51966510.00, 7173.01, 5569.26, 7.26%
Test - Best epoch, Loss, MSE, RMSE, MAE, MAPE: 31, 96043312.00, 96043316.00, 9704.84, 7397.02, 9.03%
- Epoch 032, ExpID 80956
Train - Loss: 28826355.70
Val - Loss, MSE, RMSE, MAE, MAPE: 51459312.00, 51459312.00, 7138.25, 5548.03, 7.23%
Test - Best epoch, Loss, MSE, RMSE, MAE, MAPE: 32, 96446096.00, 96446096.00, 9719.20, 7397.56, 9.03%
- Epoch 033, ExpID 80956
Train - Loss: 28549157.30
Val - Loss, MSE, RMSE, MAE, MAPE: 51009880.00, 51009880.00, 7106.93, 5530.86, 7.20%
Test - Best epoch, Loss, MSE, RMSE, MAE, MAPE: 33, 96737520.00, 96737520.00, 9728.66, 7399.17, 9.03%
- Epoch 034, ExpID 80956
Train - Loss: 28375286.10
Val - Loss, MSE, RMSE, MAE, MAPE: 50631952.00, 50631950.00, 7080.27, 5517.37, 7.18%
Test - Best epoch, Loss, MSE, RMSE, MAE, MAPE: 34, 96906192.00, 96906196.00, 9732.66, 7399.59, 9.02%
- Epoch 035, ExpID 80956
Train - Loss: 28235838.70
Val - Loss, MSE, RMSE, MAE, MAPE: 50291460.00, 50291460.00, 7056.15, 5505.48, 7.16%
Test - Best epoch, Loss, MSE, RMSE, MAE, MAPE: 35, 97085024.00, 97085028.00, 9737.21, 7401.27, 9.02%
- Epoch 036, ExpID 80956
Train - Loss: 28119778.20
Val - Loss, MSE, RMSE, MAE, MAPE: 49938072.00, 49938074.00, 7031.66, 5491.75, 7.14%
Test - Best epoch, Loss, MSE, RMSE, MAE, MAPE: 36, 97563264.00, 97563268.00, 9755.49, 7406.48, 9.03%
- Epoch 037, ExpID 80956
Train - Loss: 27932498.60
Val - Loss, MSE, RMSE, MAE, MAPE: 49650668.00, 49650668.00, 7011.16, 5481.66, 7.12%
Test - Best epoch, Loss, MSE, RMSE, MAE, MAPE: 37, 97728560.00, 97728564.00, 9759.41, 7409.12, 9.03%
- Epoch 038, ExpID 80956
Train - Loss: 27788902.00
Val - Loss, MSE, RMSE, MAE, MAPE: 49389052.00, 49389052.00, 6992.39, 5473.18, 7.10%
Test - Best epoch, Loss, MSE, RMSE, MAE, MAPE: 38, 97886336.00, 97886336.00, 9762.97, 7413.02, 9.02%
- Epoch 039, ExpID 80956
Train - Loss: 27607986.00
Val - Loss, MSE, RMSE, MAE, MAPE: 49130304.00, 49130302.00, 6974.11, 5464.18, 7.09%
Test - Best epoch, Loss, MSE, RMSE, MAE, MAPE: 39, 98200288.00, 98200292.00, 9773.69, 7418.18, 9.03%
- Epoch 040, ExpID 80956
Train - Loss: 27541036.00
Val - Loss, MSE, RMSE, MAE, MAPE: 48888288.00, 48888288.00, 6957.31, 5454.59, 7.08%
Test - Best epoch, Loss, MSE, RMSE, MAE, MAPE: 40, 98651776.00, 98651780.00, 9790.85, 7423.48, 9.03%
- Epoch 041, ExpID 80956
Train - Loss: 27358026.00
Val - Loss, MSE, RMSE, MAE, MAPE: 48667920.00, 48667922.00, 6941.77, 5446.52, 7.06%
Test - Best epoch, Loss, MSE, RMSE, MAE, MAPE: 41, 98995304.00, 98995302.00, 9802.93, 7429.42, 9.04%
- Epoch 042, ExpID 80956
Train - Loss: 27245095.80
Val - Loss, MSE, RMSE, MAE, MAPE: 48488944.00, 48488942.00, 6929.00, 5440.31, 7.05%
Test - Best epoch, Loss, MSE, RMSE, MAE, MAPE: 42, 99204760.00, 99204762.00, 9808.97, 7433.82, 9.04%
- Epoch 043, ExpID 80956
Train - Loss: 27167541.60
Val - Loss, MSE, RMSE, MAE, MAPE: 48320760.00, 48320758.00, 6917.23, 5433.35, 7.04%
Test - Best epoch, Loss, MSE, RMSE, MAE, MAPE: 43, 99530920.00, 99530920.00, 9820.51, 7437.94, 9.04%
- Epoch 044, ExpID 80956
Train - Loss: 27088292.80
Val - Loss, MSE, RMSE, MAE, MAPE: 48135312.00, 48135314.00, 6904.43, 5424.96, 7.03%
Test - Best epoch, Loss, MSE, RMSE, MAE, MAPE: 44, 100045088.00, 100045084.00, 9840.42, 7443.42, 9.05%
- Epoch 045, ExpID 80956
Train - Loss: 26960614.50
Val - Loss, MSE, RMSE, MAE, MAPE: 48011292.00, 48011292.00, 6895.85, 5418.88, 7.02%
Test - Best epoch, Loss, MSE, RMSE, MAE, MAPE: 45, 100292720.00, 100292720.00, 9848.60, 7444.83, 9.05%
- Epoch 046, ExpID 80956
Train - Loss: 26866995.10
Val - Loss, MSE, RMSE, MAE, MAPE: 47895192.00, 47895192.00, 6887.77, 5413.61, 7.01%
Test - Best epoch, Loss, MSE, RMSE, MAE, MAPE: 46, 100542016.00, 100542020.00, 9856.78, 7447.16, 9.05%
- Epoch 047, ExpID 80956
Train - Loss: 26833005.00
Val - Loss, MSE, RMSE, MAE, MAPE: 47765464.00, 47765462.00, 6878.92, 5406.74, 7.00%
Test - Best epoch, Loss, MSE, RMSE, MAE, MAPE: 47, 100991352.00, 100991354.00, 9874.09, 7451.61, 9.06%
- Epoch 048, ExpID 80956
Train - Loss: 26749409.50
Val - Loss, MSE, RMSE, MAE, MAPE: 47679144.00, 47679146.00, 6873.18, 5400.70, 6.99%
Test - Best epoch, Loss, MSE, RMSE, MAE, MAPE: 48, 101226928.00, 101226924.00, 9881.99, 7449.49, 9.05%
- Epoch 049, ExpID 80956
Train - Loss: 26648786.30
Val - Loss, MSE, RMSE, MAE, MAPE: 47575808.00, 47575808.00, 6866.15, 5395.03, 6.98%
Test - Best epoch, Loss, MSE, RMSE, MAE, MAPE: 49, 101627920.00, 101627922.00, 9897.31, 7453.55, 9.06%
- Epoch 050, ExpID 80956
Train - Loss: 26570470.10
Val - Loss, MSE, RMSE, MAE, MAPE: 47500800.00, 47500802.00, 6861.10, 5390.55, 6.97%
Test - Best epoch, Loss, MSE, RMSE, MAE, MAPE: 50, 101866056.00, 101866056.00, 9905.32, 7453.94, 9.06%
- Epoch 051, ExpID 80956
Train - Loss: 26467920.40
Val - Loss, MSE, RMSE, MAE, MAPE: 47414560.00, 47414558.00, 6855.30, 5385.62, 6.97%
Test - Best epoch, Loss, MSE, RMSE, MAE, MAPE: 51, 102273056.00, 102273058.00, 9921.01, 7458.85, 9.07%
- Epoch 052, ExpID 80956
Train - Loss: 26390583.90
Val - Loss, MSE, RMSE, MAE, MAPE: 47346536.00, 47346534.00, 6850.84, 5380.71, 6.96%
Test - Best epoch, Loss, MSE, RMSE, MAE, MAPE: 52, 102609560.00, 102609562.00, 9933.61, 7460.97, 9.07%
- Epoch 053, ExpID 80956
Train - Loss: 26354674.40
Val - Loss, MSE, RMSE, MAE, MAPE: 47297536.00, 47297536.00, 6847.58, 5377.80, 6.95%
Test - Best epoch, Loss, MSE, RMSE, MAE, MAPE: 53, 102778488.00, 102778486.00, 9938.76, 7461.77, 9.07%
- Epoch 054, ExpID 80956
Train - Loss: 26296483.00
Val - Loss, MSE, RMSE, MAE, MAPE: 47223840.00, 47223840.00, 6842.93, 5371.44, 6.95%
Test - Best epoch, Loss, MSE, RMSE, MAE, MAPE: 54, 103330480.00, 103330484.00, 9961.30, 7464.56, 9.08%
- Epoch 055, ExpID 80956
Train - Loss: 26226511.40
Val - Loss, MSE, RMSE, MAE, MAPE: 47192016.00, 47192014.00, 6840.80, 5369.96, 6.94%
Test - Best epoch, Loss, MSE, RMSE, MAE, MAPE: 55, 103425480.00, 103425480.00, 9963.38, 7465.51, 9.08%
- Epoch 056, ExpID 80956
Train - Loss: 26200399.20
Val - Loss, MSE, RMSE, MAE, MAPE: 47140176.00, 47140174.00, 6837.36, 5367.23, 6.94%
Test - Best epoch, Loss, MSE, RMSE, MAE, MAPE: 56, 103774304.00, 103774304.00, 9976.58, 7470.53, 9.08%
- Epoch 057, ExpID 80956
Train - Loss: 26151996.30
Val - Loss, MSE, RMSE, MAE, MAPE: 47099696.00, 47099696.00, 6834.85, 5363.62, 6.93%
Test - Best epoch, Loss, MSE, RMSE, MAE, MAPE: 57, 104110176.00, 104110178.00, 9989.55, 7471.91, 9.09%
- Epoch 058, ExpID 80956
Train - Loss: 26091847.80
Val - Loss, MSE, RMSE, MAE, MAPE: 47068820.00, 47068820.00, 6833.02, 5360.35, 6.93%
Test - Best epoch, Loss, MSE, RMSE, MAE, MAPE: 58, 104367136.00, 104367140.00, 9999.09, 7471.76, 9.09%
- Epoch 059, ExpID 80956
Train - Loss: 26042369.40
Val - Loss, MSE, RMSE, MAE, MAPE: 47064864.00, 47064866.00, 6832.93, 5359.26, 6.93%
Test - Best epoch, Loss, MSE, RMSE, MAE, MAPE: 59, 104336496.00, 104336500.00, 9996.09, 7467.75, 9.08%
- Epoch 060, ExpID 80956
Train - Loss: 25996267.40
Val - Loss, MSE, RMSE, MAE, MAPE: 47021992.00, 47021990.00, 6830.27, 5355.43, 6.92%
Test - Best epoch, Loss, MSE, RMSE, MAE, MAPE: 60, 104806656.00, 104806660.00, 10015.18, 7472.76, 9.09%
- Epoch 061, ExpID 80956
Train - Loss: 26013664.20
Val - Loss, MSE, RMSE, MAE, MAPE: 46982632.00, 46982634.00, 6827.68, 5353.66, 6.92%
Test - Best epoch, Loss, MSE, RMSE, MAE, MAPE: 61, 105257176.00, 105257178.00, 10033.13, 7482.84, 9.11%
- Epoch 062, ExpID 80956
Train - Loss: 25946233.80
Val - Loss, MSE, RMSE, MAE, MAPE: 46965940.00, 46965940.00, 6826.80, 5351.25, 6.92%
Test - Best epoch, Loss, MSE, RMSE, MAE, MAPE: 62, 105505624.00, 105505626.00, 10042.63, 7483.57, 9.11%
- Epoch 063, ExpID 80956
Train - Loss: 25926516.50
Val - Loss, MSE, RMSE, MAE, MAPE: 46958784.00, 46958782.00, 6826.44, 5350.53, 6.91%
Test - Best epoch, Loss, MSE, RMSE, MAE, MAPE: 63, 105535688.00, 105535690.00, 10042.49, 7482.41, 9.11%
- Epoch 064, ExpID 80956
Train - Loss: 25884479.50
Val - Loss, MSE, RMSE, MAE, MAPE: 46944288.00, 46944286.00, 6825.60, 5349.32, 6.91%
Test - Best epoch, Loss, MSE, RMSE, MAE, MAPE: 64, 105752376.00, 105752376.00, 10050.47, 7485.70, 9.11%
- Epoch 065, ExpID 80956
Train - Loss: 25845046.20
Val - Loss, MSE, RMSE, MAE, MAPE: 46928648.00, 46928650.00, 6824.79, 5346.69, 6.91%
Test - Best epoch, Loss, MSE, RMSE, MAE, MAPE: 65, 105921216.00, 105921214.00, 10056.70, 7483.54, 9.11%
- Epoch 066, ExpID 80956
Train - Loss: 25806510.60
Val - Loss, MSE, RMSE, MAE, MAPE: 46922296.00, 46922296.00, 6824.52, 5345.33, 6.91%
Test - Best epoch, Loss, MSE, RMSE, MAE, MAPE: 66, 105971848.00, 105971846.00, 10057.91, 7481.31, 9.11%
- Epoch 067, ExpID 80956
Train - Loss: 25767826.60
Val - Loss, MSE, RMSE, MAE, MAPE: 46901560.00, 46901562.00, 6823.28, 5343.55, 6.90%
Test - Best epoch, Loss, MSE, RMSE, MAE, MAPE: 67, 106255400.00, 106255398.00, 10068.95, 7484.59, 9.11%
- Epoch 068, ExpID 80956
Train - Loss: 25763938.70
Val - Loss, MSE, RMSE, MAE, MAPE: 46887424.00, 46887426.00, 6822.54, 5341.72, 6.90%
Test - Best epoch, Loss, MSE, RMSE, MAE, MAPE: 68, 106535264.00, 106535268.00, 10080.06, 7487.68, 9.12%
- Epoch 069, ExpID 80956
Train - Loss: 25767056.60
Val - Loss, MSE, RMSE, MAE, MAPE: 46888448.00, 46888450.00, 6822.74, 5341.13, 6.90%
Test - Best epoch, Loss, MSE, RMSE, MAE, MAPE: 68, 106535264.00, 106535268.00, 10080.06, 7487.68, 9.12%
- Epoch 070, ExpID 80956
Train - Loss: 25733102.10
Val - Loss, MSE, RMSE, MAE, MAPE: 46874944.00, 46874946.00, 6822.02, 5339.06, 6.90%
Test - Best epoch, Loss, MSE, RMSE, MAE, MAPE: 70, 106464792.00, 106464792.00, 10075.04, 7478.06, 9.11%
- Epoch 071, ExpID 80956
Train - Loss: 25719143.20
Val - Loss, MSE, RMSE, MAE, MAPE: 46846564.00, 46846564.00, 6820.20, 5337.40, 6.90%
Test - Best epoch, Loss, MSE, RMSE, MAE, MAPE: 71, 106772112.00, 106772112.00, 10087.36, 7483.67, 9.11%
- Epoch 072, ExpID 80956
Train - Loss: 25677184.50
Val - Loss, MSE, RMSE, MAE, MAPE: 46836432.00, 46836430.00, 6819.74, 5335.55, 6.89%
Test - Best epoch, Loss, MSE, RMSE, MAE, MAPE: 72, 106862512.00, 106862514.00, 10090.33, 7480.62, 9.11%
- Epoch 073, ExpID 80956
Train - Loss: 25638411.60
Val - Loss, MSE, RMSE, MAE, MAPE: 46842280.00, 46842280.00, 6820.08, 5336.90, 6.89%
Test - Best epoch, Loss, MSE, RMSE, MAE, MAPE: 72, 106862512.00, 106862514.00, 10090.33, 7480.62, 9.11%
- Epoch 074, ExpID 80956
Train - Loss: 25638651.10
Val - Loss, MSE, RMSE, MAE, MAPE: 46823288.00, 46823288.00, 6818.99, 5334.36, 6.89%
Test - Best epoch, Loss, MSE, RMSE, MAE, MAPE: 74, 106607056.00, 106607060.00, 10077.38, 7471.62, 9.10%
- Epoch 075, ExpID 80956
Train - Loss: 25611184.10
Val - Loss, MSE, RMSE, MAE, MAPE: 46813856.00, 46813854.00, 6818.49, 5333.22, 6.89%
Test - Best epoch, Loss, MSE, RMSE, MAE, MAPE: 75, 106672464.00, 106672466.00, 10079.36, 7470.75, 9.10%
- Epoch 076, ExpID 80956
Train - Loss: 25624997.80
Val - Loss, MSE, RMSE, MAE, MAPE: 46797176.00, 46797178.00, 6817.58, 5330.87, 6.89%
Test - Best epoch, Loss, MSE, RMSE, MAE, MAPE: 76, 106722064.00, 106722066.00, 10080.74, 7465.70, 9.10%
- Epoch 077, ExpID 80956
Train - Loss: 25599898.20
Val - Loss, MSE, RMSE, MAE, MAPE: 46781024.00, 46781024.00, 6816.57, 5329.79, 6.88%
Test - Best epoch, Loss, MSE, RMSE, MAE, MAPE: 77, 106884800.00, 106884800.00, 10087.02, 7468.53, 9.10%
- Epoch 078, ExpID 80956
Train - Loss: 25533660.30
Val - Loss, MSE, RMSE, MAE, MAPE: 46771756.00, 46771756.00, 6815.99, 5329.49, 6.88%
Test - Best epoch, Loss, MSE, RMSE, MAE, MAPE: 78, 106844360.00, 106844362.00, 10084.28, 7467.46, 9.10%
- Epoch 079, ExpID 80956
Train - Loss: 25522531.50
Val - Loss, MSE, RMSE, MAE, MAPE: 46755512.00, 46755510.00, 6814.99, 5328.29, 6.88%
Test - Best epoch, Loss, MSE, RMSE, MAE, MAPE: 79, 106855512.00, 106855512.00, 10083.86, 7465.13, 9.09%
- Epoch 080, ExpID 80956
Train - Loss: 25545189.80
Val - Loss, MSE, RMSE, MAE, MAPE: 46741024.00, 46741026.00, 6814.02, 5327.74, 6.88%
Test - Best epoch, Loss, MSE, RMSE, MAE, MAPE: 80, 106801296.00, 106801298.00, 10080.75, 7463.61, 9.09%
- Epoch 081, ExpID 80956
Train - Loss: 25527558.00
Val - Loss, MSE, RMSE, MAE, MAPE: 46725340.00, 46725340.00, 6813.13, 5325.99, 6.88%
Test - Best epoch, Loss, MSE, RMSE, MAE, MAPE: 81, 106839768.00, 106839770.00, 10081.74, 7460.14, 9.09%
- Epoch 082, ExpID 80956
Train - Loss: 25523197.30
Val - Loss, MSE, RMSE, MAE, MAPE: 46707312.00, 46707310.00, 6812.09, 5323.88, 6.88%
Test - Best epoch, Loss, MSE, RMSE, MAE, MAPE: 82, 106970024.00, 106970024.00, 10086.80, 7457.82, 9.09%
- Epoch 083, ExpID 80956
Train - Loss: 25485230.10
Val - Loss, MSE, RMSE, MAE, MAPE: 46705236.00, 46705236.00, 6811.97, 5323.85, 6.87%
Test - Best epoch, Loss, MSE, RMSE, MAE, MAPE: 83, 106703712.00, 106703714.00, 10074.56, 7451.40, 9.08%
- Epoch 084, ExpID 80956
Train - Loss: 25483161.90
Val - Loss, MSE, RMSE, MAE, MAPE: 46693744.00, 46693742.00, 6811.26, 5323.33, 6.87%
Test - Best epoch, Loss, MSE, RMSE, MAE, MAPE: 84, 106631856.00, 106631860.00, 10070.54, 7448.57, 9.07%
- Epoch 085, ExpID 80956
Train - Loss: 25439765.50
Val - Loss, MSE, RMSE, MAE, MAPE: 46675544.00, 46675542.00, 6810.17, 5321.74, 6.87%
Test - Best epoch, Loss, MSE, RMSE, MAE, MAPE: 85, 106779688.00, 106779686.00, 10076.24, 7448.66, 9.08%
- Epoch 086, ExpID 80956
Train - Loss: 25503334.80
Val - Loss, MSE, RMSE, MAE, MAPE: 46665384.00, 46665386.00, 6809.62, 5320.65, 6.87%
Test - Best epoch, Loss, MSE, RMSE, MAE, MAPE: 86, 106740736.00, 106740740.00, 10073.68, 7444.28, 9.07%
- Epoch 087, ExpID 80956
Train - Loss: 25453477.00
Val - Loss, MSE, RMSE, MAE, MAPE: 46653772.00, 46653772.00, 6809.04, 5318.26, 6.87%
Test - Best epoch, Loss, MSE, RMSE, MAE, MAPE: 87, 106647568.00, 106647572.00, 10069.31, 7434.85, 9.06%
- Epoch 088, ExpID 80956
Train - Loss: 25440892.70
Val - Loss, MSE, RMSE, MAE, MAPE: 46641980.00, 46641980.00, 6808.36, 5317.27, 6.87%
Test - Best epoch, Loss, MSE, RMSE, MAE, MAPE: 88, 106704320.00, 106704324.00, 10071.11, 7434.31, 9.06%
- Epoch 089, ExpID 80956
Train - Loss: 25383467.40
Val - Loss, MSE, RMSE, MAE, MAPE: 46631584.00, 46631582.00, 6807.60, 5317.96, 6.87%
Test - Best epoch, Loss, MSE, RMSE, MAE, MAPE: 89, 106605032.00, 106605030.00, 10065.90, 7435.20, 9.06%
- Epoch 090, ExpID 80956
Train - Loss: 25406587.40
Val - Loss, MSE, RMSE, MAE, MAPE: 46621088.00, 46621086.00, 6807.06, 5315.98, 6.86%
Test - Best epoch, Loss, MSE, RMSE, MAE, MAPE: 90, 106475192.00, 106475194.00, 10059.78, 7425.57, 9.05%
- Epoch 091, ExpID 80956
Train - Loss: 25344535.10
Val - Loss, MSE, RMSE, MAE, MAPE: 46613324.00, 46613324.00, 6806.60, 5316.04, 6.86%
Test - Best epoch, Loss, MSE, RMSE, MAE, MAPE: 91, 106529168.00, 106529164.00, 10061.25, 7428.16, 9.05%
- Epoch 092, ExpID 80956
Train - Loss: 25366822.50
Val - Loss, MSE, RMSE, MAE, MAPE: 46595196.00, 46595196.00, 6805.48, 5314.47, 6.86%
Test - Best epoch, Loss, MSE, RMSE, MAE, MAPE: 92, 106522304.00, 106522300.00, 10060.41, 7424.24, 9.05%
- Epoch 093, ExpID 80956
Train - Loss: 25386362.30
Val - Loss, MSE, RMSE, MAE, MAPE: 46579504.00, 46579506.00, 6804.62, 5312.77, 6.86%
Test - Best epoch, Loss, MSE, RMSE, MAE, MAPE: 93, 106721032.00, 106721034.00, 10068.25, 7424.16, 9.05%
- Epoch 094, ExpID 80956
Train - Loss: 25352408.90
Val - Loss, MSE, RMSE, MAE, MAPE: 46571824.00, 46571826.00, 6804.10, 5312.97, 6.86%
Test - Best epoch, Loss, MSE, RMSE, MAE, MAPE: 94, 106570752.00, 106570752.00, 10061.05, 7422.51, 9.05%
- Epoch 095, ExpID 80956
Train - Loss: 25343265.90
Val - Loss, MSE, RMSE, MAE, MAPE: 46568584.00, 46568582.00, 6804.00, 5312.13, 6.86%
Test - Best epoch, Loss, MSE, RMSE, MAE, MAPE: 95, 106350016.00, 106350016.00, 10050.80, 7413.88, 9.03%
- Epoch 096, ExpID 80956
Train - Loss: 25333232.50
Val - Loss, MSE, RMSE, MAE, MAPE: 46550716.00, 46550716.00, 6803.00, 5309.42, 6.86%
Test - Best epoch, Loss, MSE, RMSE, MAE, MAPE: 96, 106392992.00, 106392988.00, 10052.36, 7407.29, 9.03%
- Epoch 097, ExpID 80956
Train - Loss: 25371782.70
Val - Loss, MSE, RMSE, MAE, MAPE: 46559968.00, 46559968.00, 6803.53, 5311.51, 6.86%
Test - Best epoch, Loss, MSE, RMSE, MAE, MAPE: 96, 106392992.00, 106392988.00, 10052.36, 7407.29, 9.03%
- Epoch 098, ExpID 80956
Train - Loss: 25325783.60
Val - Loss, MSE, RMSE, MAE, MAPE: 46528952.00, 46528952.00, 6801.68, 5308.01, 6.85%
Test - Best epoch, Loss, MSE, RMSE, MAE, MAPE: 98, 106331600.00, 106331604.00, 10048.41, 7402.92, 9.02%
- Epoch 099, ExpID 80956
Train - Loss: 25300178.10
Val - Loss, MSE, RMSE, MAE, MAPE: 46530656.00, 46530654.00, 6801.84, 5308.23, 6.85%
Test - Best epoch, Loss, MSE, RMSE, MAE, MAPE: 98, 106331600.00, 106331604.00, 10048.41, 7402.92, 9.02%
- Epoch 100, ExpID 80956
Train - Loss: 25249898.90
Val - Loss, MSE, RMSE, MAE, MAPE: 46525640.00, 46525638.00, 6801.63, 5307.63, 6.85%
Test - Best epoch, Loss, MSE, RMSE, MAE, MAPE: 100, 106159792.00, 106159790.00, 10039.65, 7398.10, 9.02%
- Epoch 101, ExpID 80956
Train - Loss: 25217374.60
Val - Loss, MSE, RMSE, MAE, MAPE: 46503856.00, 46503854.00, 6800.35, 5305.11, 6.85%
Test - Best epoch, Loss, MSE, RMSE, MAE, MAPE: 101, 106232800.00, 106232800.00, 10042.33, 7392.59, 9.01%
- Epoch 102, ExpID 80956
Train - Loss: 25280031.20
Val - Loss, MSE, RMSE, MAE, MAPE: 46506104.00, 46506102.00, 6800.41, 5307.02, 6.85%
Test - Best epoch, Loss, MSE, RMSE, MAE, MAPE: 101, 106232800.00, 106232800.00, 10042.33, 7392.59, 9.01%
- Epoch 103, ExpID 80956
Train - Loss: 25211448.80
Val - Loss, MSE, RMSE, MAE, MAPE: 46487848.00, 46487850.00, 6799.40, 5304.35, 6.85%
Test - Best epoch, Loss, MSE, RMSE, MAE, MAPE: 103, 106207632.00, 106207634.00, 10039.99, 7391.42, 9.01%
- Epoch 104, ExpID 80956
Train - Loss: 25167911.70
Val - Loss, MSE, RMSE, MAE, MAPE: 46483360.00, 46483360.00, 6799.21, 5302.86, 6.85%
Test - Best epoch, Loss, MSE, RMSE, MAE, MAPE: 104, 105987584.00, 105987584.00, 10030.21, 7381.23, 9.00%
- Epoch 105, ExpID 80956
Train - Loss: 25200156.60
Val - Loss, MSE, RMSE, MAE, MAPE: 46470064.00, 46470066.00, 6798.37, 5302.02, 6.84%
Test - Best epoch, Loss, MSE, RMSE, MAE, MAPE: 105, 105954240.00, 105954242.00, 10028.27, 7378.99, 8.99%
- Epoch 106, ExpID 80956
Train - Loss: 25166303.90
Val - Loss, MSE, RMSE, MAE, MAPE: 46461696.00, 46461694.00, 6797.88, 5301.98, 6.84%
Test - Best epoch, Loss, MSE, RMSE, MAE, MAPE: 106, 106022376.00, 106022376.00, 10030.36, 7380.80, 9.00%
- Epoch 107, ExpID 80956
Train - Loss: 25165077.70
Val - Loss, MSE, RMSE, MAE, MAPE: 46457076.00, 46457076.00, 6797.73, 5300.50, 6.84%
Test - Best epoch, Loss, MSE, RMSE, MAE, MAPE: 107, 105906848.00, 105906852.00, 10025.00, 7373.13, 8.99%
- Epoch 108, ExpID 80956
Train - Loss: 25129910.00
Val - Loss, MSE, RMSE, MAE, MAPE: 46448632.00, 46448632.00, 6797.24, 5299.44, 6.84%
Test - Best epoch, Loss, MSE, RMSE, MAE, MAPE: 108, 105811952.00, 105811954.00, 10020.50, 7367.65, 8.98%
- Epoch 109, ExpID 80956
Train - Loss: 25164093.50
Val - Loss, MSE, RMSE, MAE, MAPE: 46438480.00, 46438480.00, 6796.65, 5299.52, 6.84%
Test - Best epoch, Loss, MSE, RMSE, MAE, MAPE: 109, 106021024.00, 106021024.00, 10028.72, 7373.83, 8.99%
- Epoch 110, ExpID 80956
Train - Loss: 25112483.80
Val - Loss, MSE, RMSE, MAE, MAPE: 46429456.00, 46429456.00, 6796.10, 5298.84, 6.84%
Test - Best epoch, Loss, MSE, RMSE, MAE, MAPE: 110, 105928976.00, 105928980.00, 10024.31, 7369.72, 8.98%
- Epoch 111, ExpID 80956
Train - Loss: 25092940.60
Val - Loss, MSE, RMSE, MAE, MAPE: 46433424.00, 46433426.00, 6796.43, 5297.79, 6.84%
Test - Best epoch, Loss, MSE, RMSE, MAE, MAPE: 110, 105928976.00, 105928980.00, 10024.31, 7369.72, 8.98%
- Epoch 112, ExpID 80956
Train - Loss: 25112461.30
Val - Loss, MSE, RMSE, MAE, MAPE: 46413320.00, 46413320.00, 6795.20, 5296.31, 6.84%
Test - Best epoch, Loss, MSE, RMSE, MAE, MAPE: 112, 105716336.00, 105716336.00, 10014.45, 7356.82, 8.97%
- Epoch 113, ExpID 80956
Train - Loss: 25072465.30
Val - Loss, MSE, RMSE, MAE, MAPE: 46409800.00, 46409800.00, 6795.09, 5295.28, 6.83%
Test - Best epoch, Loss, MSE, RMSE, MAE, MAPE: 113, 105634416.00, 105634412.00, 10010.52, 7351.43, 8.96%
- Epoch 114, ExpID 80956
Train - Loss: 25062429.90
Val - Loss, MSE, RMSE, MAE, MAPE: 46405760.00, 46405762.00, 6794.87, 5295.13, 6.83%
Test - Best epoch, Loss, MSE, RMSE, MAE, MAPE: 114, 105608352.00, 105608350.00, 10008.88, 7350.90, 8.96%
- Epoch 115, ExpID 80956
Train - Loss: 25079476.70
Val - Loss, MSE, RMSE, MAE, MAPE: 46393240.00, 46393238.00, 6794.11, 5294.54, 6.83%
Test - Best epoch, Loss, MSE, RMSE, MAE, MAPE: 115, 105707008.00, 105707010.00, 10012.59, 7351.96, 8.96%
- Epoch 116, ExpID 80956
Train - Loss: 25078792.40
Val - Loss, MSE, RMSE, MAE, MAPE: 46377296.00, 46377298.00, 6793.08, 5292.53, 6.83%
Test - Best epoch, Loss, MSE, RMSE, MAE, MAPE: 116, 105524640.00, 105524636.00, 10004.62, 7341.84, 8.95%
- Epoch 117, ExpID 80956
Train - Loss: 25068179.90
Val - Loss, MSE, RMSE, MAE, MAPE: 46378816.00, 46378816.00, 6793.17, 5292.64, 6.83%
Test - Best epoch, Loss, MSE, RMSE, MAE, MAPE: 116, 105524640.00, 105524636.00, 10004.62, 7341.84, 8.95%
- Epoch 118, ExpID 80956
Train - Loss: 25001454.80
Val - Loss, MSE, RMSE, MAE, MAPE: 46377672.00, 46377670.00, 6793.10, 5292.30, 6.83%
Test - Best epoch, Loss, MSE, RMSE, MAE, MAPE: 116, 105524640.00, 105524636.00, 10004.62, 7341.84, 8.95%
- Epoch 119, ExpID 80956
Train - Loss: 25028536.40
Val - Loss, MSE, RMSE, MAE, MAPE: 46352676.00, 46352676.00, 6791.62, 5289.66, 6.83%
Test - Best epoch, Loss, MSE, RMSE, MAE, MAPE: 119, 105367440.00, 105367440.00, 9996.85, 7330.52, 8.94%
- Epoch 120, ExpID 80956
Train - Loss: 25011590.40
Val - Loss, MSE, RMSE, MAE, MAPE: 46347432.00, 46347432.00, 6791.27, 5290.12, 6.83%
Test - Best epoch, Loss, MSE, RMSE, MAE, MAPE: 120, 105346088.00, 105346090.00, 9995.32, 7332.71, 8.94%
- Epoch 121, ExpID 80956
Train - Loss: 25031985.80
Val - Loss, MSE, RMSE, MAE, MAPE: 46342184.00, 46342186.00, 6790.99, 5288.45, 6.83%
Test - Best epoch, Loss, MSE, RMSE, MAE, MAPE: 121, 105158576.00, 105158576.00, 9987.12, 7323.06, 8.93%
- Epoch 122, ExpID 80956
Train - Loss: 24997076.00
Val - Loss, MSE, RMSE, MAE, MAPE: 46341864.00, 46341866.00, 6790.95, 5289.75, 6.82%
Test - Best epoch, Loss, MSE, RMSE, MAE, MAPE: 122, 105165360.00, 105165362.00, 9986.68, 7328.53, 8.93%
- Epoch 123, ExpID 80956
Train - Loss: 24941941.20
Val - Loss, MSE, RMSE, MAE, MAPE: 46327848.00, 46327850.00, 6790.12, 5286.84, 6.82%
Test - Best epoch, Loss, MSE, RMSE, MAE, MAPE: 123, 104969512.00, 104969510.00, 9978.25, 7314.52, 8.92%
- Epoch 124, ExpID 80956
Train - Loss: 24973578.70
Val - Loss, MSE, RMSE, MAE, MAPE: 46320384.00, 46320382.00, 6789.69, 5286.60, 6.82%
Test - Best epoch, Loss, MSE, RMSE, MAE, MAPE: 124, 105069120.00, 105069116.00, 9982.05, 7316.74, 8.92%
- Epoch 125, ExpID 80956
Train - Loss: 25013375.80
Val - Loss, MSE, RMSE, MAE, MAPE: 46308148.00, 46308148.00, 6788.95, 5283.90, 6.82%
Test - Best epoch, Loss, MSE, RMSE, MAE, MAPE: 125, 104880800.00, 104880796.00, 9974.07, 7304.60, 8.91%
- Epoch 126, ExpID 80956
Train - Loss: 24975337.30
Val - Loss, MSE, RMSE, MAE, MAPE: 46300888.00, 46300890.00, 6788.40, 5284.73, 6.82%
Test - Best epoch, Loss, MSE, RMSE, MAE, MAPE: 126, 104851160.00, 104851160.00, 9972.16, 7308.16, 8.91%
- Epoch 127, ExpID 80956
Train - Loss: 24913927.20
Val - Loss, MSE, RMSE, MAE, MAPE: 46303264.00, 46303266.00, 6788.55, 5285.18, 6.82%
Test - Best epoch, Loss, MSE, RMSE, MAE, MAPE: 126, 104851160.00, 104851160.00, 9972.16, 7308.16, 8.91%
- Epoch 128, ExpID 80956
Train - Loss: 24931461.80
Val - Loss, MSE, RMSE, MAE, MAPE: 46276904.00, 46276906.00, 6786.90, 5281.44, 6.82%
Test - Best epoch, Loss, MSE, RMSE, MAE, MAPE: 128, 104702528.00, 104702532.00, 9965.52, 7296.19, 8.90%
- Epoch 129, ExpID 80956
Train - Loss: 24941696.10
Val - Loss, MSE, RMSE, MAE, MAPE: 46274520.00, 46274522.00, 6786.78, 5281.99, 6.82%
Test - Best epoch, Loss, MSE, RMSE, MAE, MAPE: 129, 104741680.00, 104741676.00, 9966.61, 7299.55, 8.90%
- Epoch 130, ExpID 80956
Train - Loss: 24937150.60
Val - Loss, MSE, RMSE, MAE, MAPE: 46275588.00, 46275588.00, 6786.92, 5281.95, 6.82%
Test - Best epoch, Loss, MSE, RMSE, MAE, MAPE: 129, 104741680.00, 104741676.00, 9966.61, 7299.55, 8.90%
- Epoch 131, ExpID 80956
Train - Loss: 24910134.20
Val - Loss, MSE, RMSE, MAE, MAPE: 46266632.00, 46266630.00, 6786.37, 5281.30, 6.82%
Test - Best epoch, Loss, MSE, RMSE, MAE, MAPE: 131, 104791552.00, 104791554.00, 9967.96, 7299.62, 8.90%
- Epoch 132, ExpID 80956
Train - Loss: 24927868.70
Val - Loss, MSE, RMSE, MAE, MAPE: 46265360.00, 46265360.00, 6786.22, 5281.31, 6.81%
Test - Best epoch, Loss, MSE, RMSE, MAE, MAPE: 132, 104555472.00, 104555470.00, 9957.53, 7295.84, 8.89%
- Epoch 133, ExpID 80956
Train - Loss: 24917265.70
Val - Loss, MSE, RMSE, MAE, MAPE: 46243792.00, 46243792.00, 6784.83, 5278.42, 6.81%
Test - Best epoch, Loss, MSE, RMSE, MAE, MAPE: 133, 104460288.00, 104460286.00, 9953.41, 7285.53, 8.88%
- Epoch 134, ExpID 80956
Train - Loss: 24873981.70
Val - Loss, MSE, RMSE, MAE, MAPE: 46250536.00, 46250538.00, 6785.24, 5279.99, 6.81%
Test - Best epoch, Loss, MSE, RMSE, MAE, MAPE: 133, 104460288.00, 104460286.00, 9953.41, 7285.53, 8.88%
- Epoch 135, ExpID 80956
Train - Loss: 24854482.70
Val - Loss, MSE, RMSE, MAE, MAPE: 46225640.00, 46225640.00, 6783.73, 5277.10, 6.81%
Test - Best epoch, Loss, MSE, RMSE, MAE, MAPE: 135, 104534408.00, 104534408.00, 9956.08, 7283.63, 8.88%
- Epoch 136, ExpID 80956
Train - Loss: 24886447.70
Val - Loss, MSE, RMSE, MAE, MAPE: 46215432.00, 46215434.00, 6782.99, 5276.15, 6.81%
Test - Best epoch, Loss, MSE, RMSE, MAE, MAPE: 136, 104392336.00, 104392338.00, 9949.74, 7279.16, 8.88%
- Epoch 137, ExpID 80956
Train - Loss: 24825751.10
Val - Loss, MSE, RMSE, MAE, MAPE: 46227776.00, 46227776.00, 6783.78, 5278.07, 6.81%
Test - Best epoch, Loss, MSE, RMSE, MAE, MAPE: 136, 104392336.00, 104392338.00, 9949.74, 7279.16, 8.88%
- Epoch 138, ExpID 80956
Train - Loss: 24821797.20
Val - Loss, MSE, RMSE, MAE, MAPE: 46208608.00, 46208610.00, 6782.50, 5275.52, 6.81%
Test - Best epoch, Loss, MSE, RMSE, MAE, MAPE: 138, 104152640.00, 104152640.00, 9938.89, 7275.33, 8.87%
- Epoch 139, ExpID 80956
Train - Loss: 24852277.10
Val - Loss, MSE, RMSE, MAE, MAPE: 46199776.00, 46199778.00, 6782.06, 5274.52, 6.81%
Test - Best epoch, Loss, MSE, RMSE, MAE, MAPE: 139, 104323840.00, 104323842.00, 9945.98, 7275.35, 8.87%
- Epoch 140, ExpID 80956
Train - Loss: 24815395.50
Val - Loss, MSE, RMSE, MAE, MAPE: 46195112.00, 46195110.00, 6781.76, 5273.41, 6.81%
Test - Best epoch, Loss, MSE, RMSE, MAE, MAPE: 140, 104158144.00, 104158146.00, 9938.68, 7269.48, 8.86%
- Epoch 141, ExpID 80956
Train - Loss: 24798344.00
Val - Loss, MSE, RMSE, MAE, MAPE: 46179640.00, 46179638.00, 6780.70, 5273.01, 6.81%
Test - Best epoch, Loss, MSE, RMSE, MAE, MAPE: 141, 104221248.00, 104221250.00, 9941.17, 7271.00, 8.87%
- Epoch 142, ExpID 80956
Train - Loss: 24782064.40
Val - Loss, MSE, RMSE, MAE, MAPE: 46184272.00, 46184270.00, 6780.93, 5273.13, 6.80%
Test - Best epoch, Loss, MSE, RMSE, MAE, MAPE: 141, 104221248.00, 104221250.00, 9941.17, 7271.00, 8.87%
- Epoch 143, ExpID 80956
Train - Loss: 24774750.00
Val - Loss, MSE, RMSE, MAE, MAPE: 46166292.00, 46166292.00, 6779.76, 5270.50, 6.80%
Test - Best epoch, Loss, MSE, RMSE, MAE, MAPE: 143, 103849312.00, 103849308.00, 9924.77, 7257.80, 8.85%
- Epoch 144, ExpID 80956
Train - Loss: 24832456.90
Val - Loss, MSE, RMSE, MAE, MAPE: 46163036.00, 46163036.00, 6779.59, 5271.45, 6.80%
Test - Best epoch, Loss, MSE, RMSE, MAE, MAPE: 144, 104044272.00, 104044268.00, 9932.81, 7266.78, 8.86%
- Epoch 145, ExpID 80956
Train - Loss: 24788602.70
Val - Loss, MSE, RMSE, MAE, MAPE: 46149576.00, 46149574.00, 6778.76, 5268.31, 6.80%
Test - Best epoch, Loss, MSE, RMSE, MAE, MAPE: 145, 103873760.00, 103873762.00, 9925.55, 7253.15, 8.85%
- Epoch 146, ExpID 80956
Train - Loss: 24790247.60
Val - Loss, MSE, RMSE, MAE, MAPE: 46152020.00, 46152020.00, 6778.85, 5269.11, 6.80%
Test - Best epoch, Loss, MSE, RMSE, MAE, MAPE: 145, 103873760.00, 103873762.00, 9925.55, 7253.15, 8.85%
- Epoch 147, ExpID 80956
Train - Loss: 24738468.30
Val - Loss, MSE, RMSE, MAE, MAPE: 46131828.00, 46131828.00, 6777.61, 5267.14, 6.80%
Test - Best epoch, Loss, MSE, RMSE, MAE, MAPE: 147, 103910192.00, 103910196.00, 9926.69, 7252.33, 8.85%
- Epoch 148, ExpID 80956
Train - Loss: 24722036.30
Val - Loss, MSE, RMSE, MAE, MAPE: 46147172.00, 46147172.00, 6778.63, 5268.31, 6.80%
Test - Best epoch, Loss, MSE, RMSE, MAE, MAPE: 147, 103910192.00, 103910196.00, 9926.69, 7252.33, 8.85%
- Epoch 149, ExpID 80956
Train - Loss: 24761135.40
Val - Loss, MSE, RMSE, MAE, MAPE: 46125504.00, 46125506.00, 6777.08, 5266.05, 6.80%
Test - Best epoch, Loss, MSE, RMSE, MAE, MAPE: 149, 103604608.00, 103604608.00, 9913.06, 7247.15, 8.84%
- Epoch 150, ExpID 80956
Train - Loss: 24775229.80
Val - Loss, MSE, RMSE, MAE, MAPE: 46115068.00, 46115068.00, 6776.48, 5265.19, 6.80%
Test - Best epoch, Loss, MSE, RMSE, MAE, MAPE: 150, 103698744.00, 103698744.00, 9916.90, 7246.23, 8.84%
- Epoch 151, ExpID 80956
Train - Loss: 24727086.10
Val - Loss, MSE, RMSE, MAE, MAPE: 46120072.00, 46120072.00, 6776.77, 5266.11, 6.79%
Test - Best epoch, Loss, MSE, RMSE, MAE, MAPE: 150, 103698744.00, 103698744.00, 9916.90, 7246.23, 8.84%
- Epoch 152, ExpID 80956
Train - Loss: 24723118.80
Val - Loss, MSE, RMSE, MAE, MAPE: 46089188.00, 46089188.00, 6774.67, 5262.80, 6.79%
Test - Best epoch, Loss, MSE, RMSE, MAE, MAPE: 152, 103537680.00, 103537678.00, 9909.71, 7239.14, 8.83%
- Epoch 153, ExpID 80956
Train - Loss: 24685503.40
Val - Loss, MSE, RMSE, MAE, MAPE: 46095336.00, 46095336.00, 6775.06, 5263.04, 6.79%
Test - Best epoch, Loss, MSE, RMSE, MAE, MAPE: 152, 103537680.00, 103537678.00, 9909.71, 7239.14, 8.83%
- Epoch 154, ExpID 80956
Train - Loss: 24688163.80
Val - Loss, MSE, RMSE, MAE, MAPE: 46088832.00, 46088832.00, 6774.75, 5262.33, 6.79%
Test - Best epoch, Loss, MSE, RMSE, MAE, MAPE: 154, 103477920.00, 103477924.00, 9906.49, 7237.78, 8.82%
- Epoch 155, ExpID 80956
Train - Loss: 24663342.80
Val - Loss, MSE, RMSE, MAE, MAPE: 46080876.00, 46080876.00, 6774.18, 5262.38, 6.79%
Test - Best epoch, Loss, MSE, RMSE, MAE, MAPE: 155, 103515104.00, 103515106.00, 9907.89, 7240.95, 8.83%
- Epoch 156, ExpID 80956
Train - Loss: 24641670.70
Val - Loss, MSE, RMSE, MAE, MAPE: 46065816.00, 46065818.00, 6773.17, 5260.55, 6.79%
Test - Best epoch, Loss, MSE, RMSE, MAE, MAPE: 156, 103405040.00, 103405040.00, 9903.06, 7234.05, 8.82%
- Epoch 157, ExpID 80956
Train - Loss: 24687495.80
Val - Loss, MSE, RMSE, MAE, MAPE: 46055032.00, 46055030.00, 6772.34, 5259.46, 6.79%
Test - Best epoch, Loss, MSE, RMSE, MAE, MAPE: 157, 103262216.00, 103262218.00, 9896.82, 7231.25, 8.82%
- Epoch 158, ExpID 80956
Train - Loss: 24638607.70
Val - Loss, MSE, RMSE, MAE, MAPE: 46036900.00, 46036900.00, 6771.21, 5256.49, 6.79%
Test - Best epoch, Loss, MSE, RMSE, MAE, MAPE: 158, 103169840.00, 103169836.00, 9892.81, 7219.60, 8.81%
- Epoch 159, ExpID 80956
Train - Loss: 24609302.00
Val - Loss, MSE, RMSE, MAE, MAPE: 46050732.00, 46050732.00, 6772.22, 5258.90, 6.79%
Test - Best epoch, Loss, MSE, RMSE, MAE, MAPE: 158, 103169840.00, 103169836.00, 9892.81, 7219.60, 8.81%
- Epoch 160, ExpID 80956
Train - Loss: 24661945.90
Val - Loss, MSE, RMSE, MAE, MAPE: 46021240.00, 46021242.00, 6770.10, 5256.54, 6.78%
Test - Best epoch, Loss, MSE, RMSE, MAE, MAPE: 160, 103230344.00, 103230342.00, 9894.83, 7225.17, 8.81%
- Epoch 161, ExpID 80956
Train - Loss: 24678777.70
Val - Loss, MSE, RMSE, MAE, MAPE: 46001624.00, 46001624.00, 6768.78, 5254.92, 6.78%
Test - Best epoch, Loss, MSE, RMSE, MAE, MAPE: 161, 103234952.00, 103234954.00, 9895.01, 7221.34, 8.81%
- Epoch 162, ExpID 80956
Train - Loss: 24595499.40
Val - Loss, MSE, RMSE, MAE, MAPE: 46012604.00, 46012604.00, 6769.45, 5255.72, 6.78%
Test - Best epoch, Loss, MSE, RMSE, MAE, MAPE: 161, 103234952.00, 103234954.00, 9895.01, 7221.34, 8.81%
- Epoch 163, ExpID 80956
Train - Loss: 24650219.60
Val - Loss, MSE, RMSE, MAE, MAPE: 45995032.00, 45995032.00, 6768.23, 5253.13, 6.78%
Test - Best epoch, Loss, MSE, RMSE, MAE, MAPE: 163, 102974000.00, 102974002.00, 9883.45, 7217.32, 8.80%
- Epoch 164, ExpID 80956
Train - Loss: 24542626.60
Val - Loss, MSE, RMSE, MAE, MAPE: 45975948.00, 45975948.00, 6766.96, 5253.12, 6.78%
Test - Best epoch, Loss, MSE, RMSE, MAE, MAPE: 164, 103131184.00, 103131182.00, 9889.85, 7220.93, 8.80%
- Epoch 165, ExpID 80956
Train - Loss: 24597138.40
Val - Loss, MSE, RMSE, MAE, MAPE: 45956912.00, 45956912.00, 6765.62, 5251.63, 6.78%
Test - Best epoch, Loss, MSE, RMSE, MAE, MAPE: 165, 103082528.00, 103082530.00, 9887.52, 7217.73, 8.80%
- Epoch 166, ExpID 80956
Train - Loss: 24518372.70
Val - Loss, MSE, RMSE, MAE, MAPE: 45950000.00, 45950002.00, 6765.00, 5250.56, 6.78%
Test - Best epoch, Loss, MSE, RMSE, MAE, MAPE: 166, 102897960.00, 102897962.00, 9879.64, 7216.34, 8.80%
- Epoch 167, ExpID 80956
Train - Loss: 24517557.20
Val - Loss, MSE, RMSE, MAE, MAPE: 45926040.00, 45926040.00, 6763.44, 5249.01, 6.78%
Test - Best epoch, Loss, MSE, RMSE, MAE, MAPE: 167, 103000632.00, 103000632.00, 9883.93, 7213.73, 8.79%
- Epoch 168, ExpID 80956
Train - Loss: 24477333.20
Val - Loss, MSE, RMSE, MAE, MAPE: 45909636.00, 45909636.00, 6762.23, 5247.34, 6.77%
Test - Best epoch, Loss, MSE, RMSE, MAE, MAPE: 168, 102852080.00, 102852078.00, 9877.17, 7209.04, 8.79%
- Epoch 169, ExpID 80956
Train - Loss: 24491370.70
Val - Loss, MSE, RMSE, MAE, MAPE: 45894272.00, 45894274.00, 6761.04, 5246.35, 6.77%
Test - Best epoch, Loss, MSE, RMSE, MAE, MAPE: 169, 102737920.00, 102737924.00, 9872.07, 7208.16, 8.79%
- Epoch 170, ExpID 80956
Train - Loss: 24466234.20
Val - Loss, MSE, RMSE, MAE, MAPE: 45867576.00, 45867574.00, 6759.15, 5244.32, 6.77%
Test - Best epoch, Loss, MSE, RMSE, MAE, MAPE: 170, 102689440.00, 102689438.00, 9869.96, 7204.21, 8.78%
- Epoch 171, ExpID 80956
Train - Loss: 24512742.20
Val - Loss, MSE, RMSE, MAE, MAPE: 45833036.00, 45833036.00, 6756.73, 5242.99, 6.77%
Test - Best epoch, Loss, MSE, RMSE, MAE, MAPE: 171, 102773456.00, 102773460.00, 9873.29, 7204.15, 8.78%
- Epoch 172, ExpID 80956
Train - Loss: 24522613.00
Val - Loss, MSE, RMSE, MAE, MAPE: 45819208.00, 45819206.00, 6755.60, 5240.02, 6.77%
Test - Best epoch, Loss, MSE, RMSE, MAE, MAPE: 172, 102417040.00, 102417040.00, 9857.81, 7194.41, 8.77%
- Epoch 173, ExpID 80956
Train - Loss: 24484234.20
Val - Loss, MSE, RMSE, MAE, MAPE: 45796408.00, 45796408.00, 6754.14, 5239.75, 6.77%
Test - Best epoch, Loss, MSE, RMSE, MAE, MAPE: 173, 102680240.00, 102680238.00, 9868.79, 7198.30, 8.77%
- Epoch 174, ExpID 80956
Train - Loss: 24405415.80
Val - Loss, MSE, RMSE, MAE, MAPE: 45771304.00, 45771304.00, 6752.20, 5237.02, 6.76%
Test - Best epoch, Loss, MSE, RMSE, MAE, MAPE: 174, 102467016.00, 102467014.00, 9859.55, 7193.45, 8.77%
- Epoch 175, ExpID 80956
Train - Loss: 24406266.30
Val - Loss, MSE, RMSE, MAE, MAPE: 45759100.00, 45759100.00, 6751.38, 5235.79, 6.76%
Test - Best epoch, Loss, MSE, RMSE, MAE, MAPE: 175, 102559872.00, 102559870.00, 9863.43, 7194.80, 8.77%
- Epoch 176, ExpID 80956
Train - Loss: 24434865.20
Val - Loss, MSE, RMSE, MAE, MAPE: 45739680.00, 45739680.00, 6749.82, 5235.79, 6.76%
Test - Best epoch, Loss, MSE, RMSE, MAE, MAPE: 176, 102555400.00, 102555398.00, 9862.79, 7201.08, 8.77%
- Epoch 177, ExpID 80956
Train - Loss: 24389386.90
Val - Loss, MSE, RMSE, MAE, MAPE: 45640368.00, 45640370.00, 6742.64, 5228.54, 6.76%
Test - Best epoch, Loss, MSE, RMSE, MAE, MAPE: 177, 102112808.00, 102112810.00, 9843.48, 7177.51, 8.75%
- Epoch 178, ExpID 80956
Train - Loss: 24338206.90
Val - Loss, MSE, RMSE, MAE, MAPE: 45691888.00, 45691886.00, 6746.13, 5233.42, 6.75%
Test - Best epoch, Loss, MSE, RMSE, MAE, MAPE: 177, 102112808.00, 102112810.00, 9843.48, 7177.51, 8.75%
- Epoch 179, ExpID 80956
Train - Loss: 24343779.00
Val - Loss, MSE, RMSE, MAE, MAPE: 45612784.00, 45612782.00, 6740.60, 5225.95, 6.75%
Test - Best epoch, Loss, MSE, RMSE, MAE, MAPE: 179, 102270896.00, 102270894.00, 9850.18, 7183.72, 8.76%
- Epoch 180, ExpID 80956
Train - Loss: 24319073.40
Val - Loss, MSE, RMSE, MAE, MAPE: 45581428.00, 45581428.00, 6738.08, 5224.19, 6.75%
Test - Best epoch, Loss, MSE, RMSE, MAE, MAPE: 180, 102012544.00, 102012546.00, 9838.71, 7182.24, 8.75%
- Epoch 181, ExpID 80956
Train - Loss: 24319884.90
Val - Loss, MSE, RMSE, MAE, MAPE: 45564960.00, 45564958.00, 6736.94, 5223.29, 6.75%
Test - Best epoch, Loss, MSE, RMSE, MAE, MAPE: 181, 102224312.00, 102224312.00, 9847.78, 7187.50, 8.76%
- Epoch 182, ExpID 80956
Train - Loss: 24271220.30
Val - Loss, MSE, RMSE, MAE, MAPE: 45584920.00, 45584920.00, 6738.06, 5225.84, 6.75%
Test - Best epoch, Loss, MSE, RMSE, MAE, MAPE: 181, 102224312.00, 102224312.00, 9847.78, 7187.50, 8.76%
- Epoch 183, ExpID 80956
Train - Loss: 24256784.10
Val - Loss, MSE, RMSE, MAE, MAPE: 45570624.00, 45570626.00, 6736.90, 5224.47, 6.74%
Test - Best epoch, Loss, MSE, RMSE, MAE, MAPE: 181, 102224312.00, 102224312.00, 9847.78, 7187.50, 8.76%
- Epoch 184, ExpID 80956
Train - Loss: 24258730.00
Val - Loss, MSE, RMSE, MAE, MAPE: 45388124.00, 45388124.00, 6724.11, 5209.20, 6.74%
Test - Best epoch, Loss, MSE, RMSE, MAE, MAPE: 184, 101290544.00, 101290544.00, 9806.98, 7143.81, 8.71%
- Epoch 185, ExpID 80956
Train - Loss: 24228353.10
Val - Loss, MSE, RMSE, MAE, MAPE: 45386904.00, 45386906.00, 6723.83, 5210.17, 6.74%
Test - Best epoch, Loss, MSE, RMSE, MAE, MAPE: 185, 101529096.00, 101529094.00, 9817.28, 7159.98, 8.73%
- Epoch 186, ExpID 80956
Train - Loss: 24224443.30
Val - Loss, MSE, RMSE, MAE, MAPE: 45408500.00, 45408500.00, 6725.18, 5210.23, 6.74%
Test - Best epoch, Loss, MSE, RMSE, MAE, MAPE: 185, 101529096.00, 101529094.00, 9817.28, 7159.98, 8.73%
- Epoch 187, ExpID 80956
Train - Loss: 24167135.10
Val - Loss, MSE, RMSE, MAE, MAPE: 45481564.00, 45481564.00, 6730.18, 5216.96, 6.74%
Test - Best epoch, Loss, MSE, RMSE, MAE, MAPE: 185, 101529096.00, 101529094.00, 9817.28, 7159.98, 8.73%
- Epoch 188, ExpID 80956
Train - Loss: 24194277.70
Val - Loss, MSE, RMSE, MAE, MAPE: 45362088.00, 45362088.00, 6721.49, 5210.37, 6.73%
Test - Best epoch, Loss, MSE, RMSE, MAE, MAPE: 188, 101699184.00, 101699180.00, 9825.52, 7185.41, 8.75%
- Epoch 189, ExpID 80956
Train - Loss: 24229348.00
Val - Loss, MSE, RMSE, MAE, MAPE: 45266120.00, 45266120.00, 6714.72, 5204.15, 6.74%
Test - Best epoch, Loss, MSE, RMSE, MAE, MAPE: 189, 101185672.00, 101185674.00, 9802.96, 7154.32, 8.72%
- Epoch 190, ExpID 80956
Train - Loss: 24161969.30
Val - Loss, MSE, RMSE, MAE, MAPE: 45320068.00, 45320068.00, 6718.33, 5206.63, 6.73%
Test - Best epoch, Loss, MSE, RMSE, MAE, MAPE: 189, 101185672.00, 101185674.00, 9802.96, 7154.32, 8.72%
- Epoch 191, ExpID 80956
Train - Loss: 24146366.40
Val - Loss, MSE, RMSE, MAE, MAPE: 45396956.00, 45396956.00, 6723.54, 5212.85, 6.73%
Test - Best epoch, Loss, MSE, RMSE, MAE, MAPE: 189, 101185672.00, 101185674.00, 9802.96, 7154.32, 8.72%
- Epoch 192, ExpID 80956
Train - Loss: 24132425.80
Val - Loss, MSE, RMSE, MAE, MAPE: 45298448.00, 45298450.00, 6716.44, 5205.09, 6.73%
Test - Best epoch, Loss, MSE, RMSE, MAE, MAPE: 189, 101185672.00, 101185674.00, 9802.96, 7154.32, 8.72%
- Epoch 193, ExpID 80956
Train - Loss: 24097280.50
Val - Loss, MSE, RMSE, MAE, MAPE: 45484668.00, 45484668.00, 6729.58, 5219.81, 6.73%
Test - Best epoch, Loss, MSE, RMSE, MAE, MAPE: 189, 101185672.00, 101185674.00, 9802.96, 7154.32, 8.72%
- Epoch 194, ExpID 80956
Train - Loss: 24157277.20
Val - Loss, MSE, RMSE, MAE, MAPE: 45258924.00, 45258924.00, 6713.41, 5204.88, 6.73%
Test - Best epoch, Loss, MSE, RMSE, MAE, MAPE: 194, 101155520.00, 101155516.00, 9803.21, 7181.96, 8.74%
- Epoch 195, ExpID 80956
Train - Loss: 24103977.00
Val - Loss, MSE, RMSE, MAE, MAPE: 45204676.00, 45204676.00, 6709.76, 5199.66, 6.73%
Test - Best epoch, Loss, MSE, RMSE, MAE, MAPE: 195, 100655608.00, 100655610.00, 9781.04, 7151.20, 8.71%
- Epoch 196, ExpID 80956
Train - Loss: 24150809.20
Val - Loss, MSE, RMSE, MAE, MAPE: 45188480.00, 45188478.00, 6708.36, 5199.54, 6.73%
Test - Best epoch, Loss, MSE, RMSE, MAE, MAPE: 196, 100555848.00, 100555848.00, 9777.06, 7154.03, 8.71%
- Epoch 197, ExpID 80956
Train - Loss: 24080121.10
Val - Loss, MSE, RMSE, MAE, MAPE: 45289828.00, 45289828.00, 6715.39, 5206.85, 6.73%
Test - Best epoch, Loss, MSE, RMSE, MAE, MAPE: 196, 100555848.00, 100555848.00, 9777.06, 7154.03, 8.71%
- Epoch 198, ExpID 80956
Train - Loss: 24054044.40
Val - Loss, MSE, RMSE, MAE, MAPE: 45288528.00, 45288530.00, 6715.16, 5207.49, 6.73%
Test - Best epoch, Loss, MSE, RMSE, MAE, MAPE: 196, 100555848.00, 100555848.00, 9777.06, 7154.03, 8.71%
- Epoch 199, ExpID 80956
Train - Loss: 24028551.80
Val - Loss, MSE, RMSE, MAE, MAPE: 45160348.00, 45160348.00, 6705.84, 5201.72, 6.73%
Test - Best epoch, Loss, MSE, RMSE, MAE, MAPE: 199, 100563680.00, 100563682.00, 9778.60, 7167.82, 8.72%
- Epoch 200, ExpID 80956
Train - Loss: 24055459.10
Val - Loss, MSE, RMSE, MAE, MAPE: 45180608.00, 45180608.00, 6707.04, 5204.44, 6.73%
Test - Best epoch, Loss, MSE, RMSE, MAE, MAPE: 199, 100563680.00, 100563682.00, 9778.60, 7167.82, 8.72%
- Epoch 201, ExpID 80956
Train - Loss: 23998219.50
Val - Loss, MSE, RMSE, MAE, MAPE: 45258852.00, 45258852.00, 6712.93, 5202.18, 6.73%
Test - Best epoch, Loss, MSE, RMSE, MAE, MAPE: 199, 100563680.00, 100563682.00, 9778.60, 7167.82, 8.72%
- Epoch 202, ExpID 80956
Train - Loss: 23990472.10
Val - Loss, MSE, RMSE, MAE, MAPE: 45185336.00, 45185338.00, 6707.43, 5203.34, 6.73%
Test - Best epoch, Loss, MSE, RMSE, MAE, MAPE: 199, 100563680.00, 100563682.00, 9778.60, 7167.82, 8.72%
- Epoch 203, ExpID 80956
Train - Loss: 24000973.70
Val - Loss, MSE, RMSE, MAE, MAPE: 45102000.00, 45102002.00, 6701.49, 5197.80, 6.74%
Test - Best epoch, Loss, MSE, RMSE, MAE, MAPE: 203, 100073680.00, 100073684.00, 9757.75, 7145.21, 8.70%
- Epoch 204, ExpID 80956
Train - Loss: 24032174.40
Val - Loss, MSE, RMSE, MAE, MAPE: 45094912.00, 45094910.00, 6701.39, 5198.47, 6.75%
Test - Best epoch, Loss, MSE, RMSE, MAE, MAPE: 204, 99555320.00, 99555318.00, 9734.56, 7114.69, 8.68%
- Epoch 205, ExpID 80956
Train - Loss: 23970062.90
Val - Loss, MSE, RMSE, MAE, MAPE: 45174088.00, 45174090.00, 6707.26, 5196.16, 6.74%
Test - Best epoch, Loss, MSE, RMSE, MAE, MAPE: 204, 99555320.00, 99555318.00, 9734.56, 7114.69, 8.68%
- Epoch 206, ExpID 80956
Train - Loss: 23972613.60
Val - Loss, MSE, RMSE, MAE, MAPE: 45295928.00, 45295930.00, 6714.86, 5205.94, 6.73%
Test - Best epoch, Loss, MSE, RMSE, MAE, MAPE: 204, 99555320.00, 99555318.00, 9734.56, 7114.69, 8.68%
- Epoch 207, ExpID 80956
Train - Loss: 24020824.30
Val - Loss, MSE, RMSE, MAE, MAPE: 45155600.00, 45155600.00, 6705.33, 5196.84, 6.74%
Test - Best epoch, Loss, MSE, RMSE, MAE, MAPE: 204, 99555320.00, 99555318.00, 9734.56, 7114.69, 8.68%
- Epoch 208, ExpID 80956
Train - Loss: 23984164.70
Val - Loss, MSE, RMSE, MAE, MAPE: 45144368.00, 45144366.00, 6704.69, 5197.66, 6.74%
Test - Best epoch, Loss, MSE, RMSE, MAE, MAPE: 204, 99555320.00, 99555318.00, 9734.56, 7114.69, 8.68%
- Epoch 209, ExpID 80956
Train - Loss: 23926960.80
Val - Loss, MSE, RMSE, MAE, MAPE: 45174000.00, 45173998.00, 6705.49, 5202.84, 6.73%
Test - Best epoch, Loss, MSE, RMSE, MAE, MAPE: 204, 99555320.00, 99555318.00, 9734.56, 7114.69, 8.68%
- Epoch 210, ExpID 80956
Train - Loss: 23940359.50
Val - Loss, MSE, RMSE, MAE, MAPE: 45160720.00, 45160718.00, 6704.96, 5197.64, 6.73%
Test - Best epoch, Loss, MSE, RMSE, MAE, MAPE: 204, 99555320.00, 99555318.00, 9734.56, 7114.69, 8.68%
- Epoch 211, ExpID 80956
Train - Loss: 23866738.10
Val - Loss, MSE, RMSE, MAE, MAPE: 45131640.00, 45131638.00, 6702.97, 5200.56, 6.75%
Test - Best epoch, Loss, MSE, RMSE, MAE, MAPE: 204, 99555320.00, 99555318.00, 9734.56, 7114.69, 8.68%
- Epoch 212, ExpID 80956
Train - Loss: 23857247.30
Val - Loss, MSE, RMSE, MAE, MAPE: 45214184.00, 45214184.00, 6709.79, 5202.59, 6.77%
Test - Best epoch, Loss, MSE, RMSE, MAE, MAPE: 204, 99555320.00, 99555318.00, 9734.56, 7114.69, 8.68%
- Epoch 213, ExpID 80956
Train - Loss: 23893178.30
Val - Loss, MSE, RMSE, MAE, MAPE: 45086524.00, 45086524.00, 6698.31, 5194.31, 6.72%
Test - Best epoch, Loss, MSE, RMSE, MAE, MAPE: 213, 100436712.00, 100436710.00, 9776.68, 7201.32, 8.75%
- Epoch 214, ExpID 80956
Train - Loss: 23847306.80
Val - Loss, MSE, RMSE, MAE, MAPE: 45130352.00, 45130352.00, 6701.08, 5196.97, 6.72%
Test - Best epoch, Loss, MSE, RMSE, MAE, MAPE: 213, 100436712.00, 100436710.00, 9776.68, 7201.32, 8.75%
- Epoch 215, ExpID 80956
Train - Loss: 23827049.50
Val - Loss, MSE, RMSE, MAE, MAPE: 45115848.00, 45115848.00, 6699.65, 5196.62, 6.71%
Test - Best epoch, Loss, MSE, RMSE, MAE, MAPE: 213, 100436712.00, 100436710.00, 9776.68, 7201.32, 8.75%
- Epoch 216, ExpID 80956
Train - Loss: 23913029.30
Val - Loss, MSE, RMSE, MAE, MAPE: 45087640.00, 45087640.00, 6698.40, 5190.34, 6.72%
Test - Best epoch, Loss, MSE, RMSE, MAE, MAPE: 213, 100436712.00, 100436710.00, 9776.68, 7201.32, 8.75%
- Epoch 217, ExpID 80956
Train - Loss: 23882186.10
Val - Loss, MSE, RMSE, MAE, MAPE: 44954048.00, 44954048.00, 6688.76, 5186.53, 6.73%
Test - Best epoch, Loss, MSE, RMSE, MAE, MAPE: 217, 99947800.00, 99947802.00, 9753.95, 7178.56, 8.74%
- Epoch 218, ExpID 80956
Train - Loss: 23789827.10
Val - Loss, MSE, RMSE, MAE, MAPE: 45042744.00, 45042744.00, 6695.60, 5187.46, 6.74%
Test - Best epoch, Loss, MSE, RMSE, MAE, MAPE: 217, 99947800.00, 99947802.00, 9753.95, 7178.56, 8.74%
- Epoch 219, ExpID 80956
Train - Loss: 23776890.50
Val - Loss, MSE, RMSE, MAE, MAPE: 44918904.00, 44918902.00, 6685.07, 5180.31, 6.71%
Test - Best epoch, Loss, MSE, RMSE, MAE, MAPE: 219, 100544304.00, 100544306.00, 9781.54, 7215.73, 8.77%
- Epoch 220, ExpID 80956
Train - Loss: 23791414.50
Val - Loss, MSE, RMSE, MAE, MAPE: 45027656.00, 45027658.00, 6694.40, 5183.49, 6.73%
Test - Best epoch, Loss, MSE, RMSE, MAE, MAPE: 219, 100544304.00, 100544306.00, 9781.54, 7215.73, 8.77%
- Epoch 221, ExpID 80956
Train - Loss: 23771725.50
Val - Loss, MSE, RMSE, MAE, MAPE: 44804920.00, 44804918.00, 6676.74, 5172.03, 6.71%
Test - Best epoch, Loss, MSE, RMSE, MAE, MAPE: 221, 100153512.00, 100153514.00, 9764.28, 7198.37, 8.76%
- Epoch 222, ExpID 80956
Train - Loss: 23720522.50
Val - Loss, MSE, RMSE, MAE, MAPE: 44917312.00, 44917310.00, 6685.83, 5176.68, 6.72%
Test - Best epoch, Loss, MSE, RMSE, MAE, MAPE: 221, 100153512.00, 100153514.00, 9764.28, 7198.37, 8.76%
- Epoch 223, ExpID 80956
Train - Loss: 23778977.40
Val - Loss, MSE, RMSE, MAE, MAPE: 44917992.00, 44917992.00, 6686.20, 5173.97, 6.73%
Test - Best epoch, Loss, MSE, RMSE, MAE, MAPE: 221, 100153512.00, 100153514.00, 9764.28, 7198.37, 8.76%
- Epoch 224, ExpID 80956
Train - Loss: 23720356.90
Val - Loss, MSE, RMSE, MAE, MAPE: 45146832.00, 45146832.00, 6704.48, 5187.76, 6.76%
Test - Best epoch, Loss, MSE, RMSE, MAE, MAPE: 221, 100153512.00, 100153514.00, 9764.28, 7198.37, 8.76%
- Epoch 225, ExpID 80956
Train - Loss: 23703362.50
Val - Loss, MSE, RMSE, MAE, MAPE: 44635748.00, 44635748.00, 6664.22, 5159.62, 6.70%
Test - Best epoch, Loss, MSE, RMSE, MAE, MAPE: 225, 99909800.00, 99909800.00, 9751.93, 7195.04, 8.75%
- Epoch 226, ExpID 80956
Train - Loss: 23670831.90
Val - Loss, MSE, RMSE, MAE, MAPE: 44789276.00, 44789276.00, 6674.29, 5180.04, 6.68%
Test - Best epoch, Loss, MSE, RMSE, MAE, MAPE: 225, 99909800.00, 99909800.00, 9751.93, 7195.04, 8.75%
- Epoch 227, ExpID 80956
Train - Loss: 23691506.40
Val - Loss, MSE, RMSE, MAE, MAPE: 44663328.00, 44663328.00, 6667.53, 5160.06, 6.71%
Test - Best epoch, Loss, MSE, RMSE, MAE, MAPE: 225, 99909800.00, 99909800.00, 9751.93, 7195.04, 8.75%
- Epoch 228, ExpID 80956
Train - Loss: 23650697.30
Val - Loss, MSE, RMSE, MAE, MAPE: 44854688.00, 44854686.00, 6682.66, 5171.17, 6.73%
Test - Best epoch, Loss, MSE, RMSE, MAE, MAPE: 225, 99909800.00, 99909800.00, 9751.93, 7195.04, 8.75%
- Epoch 229, ExpID 80956
Train - Loss: 23643394.40
Val - Loss, MSE, RMSE, MAE, MAPE: 44851664.00, 44851666.00, 6682.01, 5165.31, 6.71%
Test - Best epoch, Loss, MSE, RMSE, MAE, MAPE: 225, 99909800.00, 99909800.00, 9751.93, 7195.04, 8.75%
- Epoch 230, ExpID 80956
Train - Loss: 23652773.30
Val - Loss, MSE, RMSE, MAE, MAPE: 44392000.00, 44392000.00, 6645.16, 5152.60, 6.66%
Test - Best epoch, Loss, MSE, RMSE, MAE, MAPE: 230, 100633416.00, 100633416.00, 9783.73, 7244.99, 8.79%
- Epoch 231, ExpID 80956
Train - Loss: 23616988.90
Val - Loss, MSE, RMSE, MAE, MAPE: 45044520.00, 45044520.00, 6698.13, 5179.95, 6.76%
Test - Best epoch, Loss, MSE, RMSE, MAE, MAPE: 230, 100633416.00, 100633416.00, 9783.73, 7244.99, 8.79%
- Epoch 232, ExpID 80956
Train - Loss: 23590151.50
Val - Loss, MSE, RMSE, MAE, MAPE: 44785880.00, 44785878.00, 6678.39, 5163.84, 6.73%
Test - Best epoch, Loss, MSE, RMSE, MAE, MAPE: 230, 100633416.00, 100633416.00, 9783.73, 7244.99, 8.79%
- Epoch 233, ExpID 80956
Train - Loss: 23536131.00
Val - Loss, MSE, RMSE, MAE, MAPE: 44243568.00, 44243570.00, 6635.36, 5133.80, 6.66%
Test - Best epoch, Loss, MSE, RMSE, MAE, MAPE: 233, 100232784.00, 100232782.00, 9761.26, 7207.16, 8.76%
- Epoch 234, ExpID 80956
Train - Loss: 23574297.50
Val - Loss, MSE, RMSE, MAE, MAPE: 44472696.00, 44472694.00, 6654.33, 5145.48, 6.70%
Test - Best epoch, Loss, MSE, RMSE, MAE, MAPE: 233, 100232784.00, 100232782.00, 9761.26, 7207.16, 8.76%
- Epoch 235, ExpID 80956
Train - Loss: 23566806.10
Val - Loss, MSE, RMSE, MAE, MAPE: 44283108.00, 44283108.00, 6639.22, 5133.28, 6.66%
Test - Best epoch, Loss, MSE, RMSE, MAE, MAPE: 233, 100232784.00, 100232782.00, 9761.26, 7207.16, 8.76%
- Epoch 236, ExpID 80956
Train - Loss: 23609399.50
Val - Loss, MSE, RMSE, MAE, MAPE: 44195344.00, 44195346.00, 6631.59, 5152.17, 6.64%
Test - Best epoch, Loss, MSE, RMSE, MAE, MAPE: 236, 100649968.00, 100649966.00, 9782.02, 7255.21, 8.79%
- Epoch 237, ExpID 80956
Train - Loss: 23550532.50
Val - Loss, MSE, RMSE, MAE, MAPE: 43917424.00, 43917424.00, 6610.94, 5125.42, 6.63%
Test - Best epoch, Loss, MSE, RMSE, MAE, MAPE: 237, 100223944.00, 100223942.00, 9759.67, 7221.07, 8.77%
- Epoch 238, ExpID 80956
Train - Loss: 23524106.60
Val - Loss, MSE, RMSE, MAE, MAPE: 44316044.00, 44316044.00, 6643.59, 5136.43, 6.69%
Test - Best epoch, Loss, MSE, RMSE, MAE, MAPE: 237, 100223944.00, 100223942.00, 9759.67, 7221.07, 8.77%
- Epoch 239, ExpID 80956
Train - Loss: 23558651.60
Val - Loss, MSE, RMSE, MAE, MAPE: 44427476.00, 44427476.00, 6652.56, 5144.87, 6.69%
Test - Best epoch, Loss, MSE, RMSE, MAE, MAPE: 237, 100223944.00, 100223942.00, 9759.67, 7221.07, 8.77%
- Epoch 240, ExpID 80956
Train - Loss: 23468363.50
Val - Loss, MSE, RMSE, MAE, MAPE: 43781272.00, 43781270.00, 6602.28, 5110.82, 6.63%
Test - Best epoch, Loss, MSE, RMSE, MAE, MAPE: 240, 99920592.00, 99920588.00, 9740.47, 7185.28, 8.74%
- Epoch 241, ExpID 80956
Train - Loss: 23445692.40
Val - Loss, MSE, RMSE, MAE, MAPE: 43694072.00, 43694074.00, 6595.48, 5107.45, 6.62%
Test - Best epoch, Loss, MSE, RMSE, MAE, MAPE: 241, 99952152.00, 99952150.00, 9742.47, 7194.36, 8.75%
- Epoch 242, ExpID 80956
Train - Loss: 23430080.50
Val - Loss, MSE, RMSE, MAE, MAPE: 44017312.00, 44017314.00, 6621.63, 5121.30, 6.66%
Test - Best epoch, Loss, MSE, RMSE, MAE, MAPE: 241, 99952152.00, 99952150.00, 9742.47, 7194.36, 8.75%
- Epoch 243, ExpID 80956
Train - Loss: 23415519.40
Val - Loss, MSE, RMSE, MAE, MAPE: 44032464.00, 44032464.00, 6623.32, 5122.06, 6.67%
Test - Best epoch, Loss, MSE, RMSE, MAE, MAPE: 241, 99952152.00, 99952150.00, 9742.47, 7194.36, 8.75%
- Epoch 244, ExpID 80956
Train - Loss: 23399718.10
Val - Loss, MSE, RMSE, MAE, MAPE: 43613272.00, 43613270.00, 6590.59, 5099.10, 6.62%
Test - Best epoch, Loss, MSE, RMSE, MAE, MAPE: 244, 99582704.00, 99582702.00, 9721.49, 7161.44, 8.72%
- Epoch 245, ExpID 80956
Train - Loss: 23443935.50
Val - Loss, MSE, RMSE, MAE, MAPE: 43968896.00, 43968894.00, 6618.74, 5116.52, 6.66%
Test - Best epoch, Loss, MSE, RMSE, MAE, MAPE: 244, 99582704.00, 99582702.00, 9721.49, 7161.44, 8.72%
- Epoch 246, ExpID 80956
Train - Loss: 23398643.70
Val - Loss, MSE, RMSE, MAE, MAPE: 43230880.00, 43230878.00, 6561.25, 5084.12, 6.59%
Test - Best epoch, Loss, MSE, RMSE, MAE, MAPE: 246, 99955920.00, 99955916.00, 9735.74, 7182.11, 8.73%
- Epoch 247, ExpID 80956
Train - Loss: 23325773.30
Val - Loss, MSE, RMSE, MAE, MAPE: 43183568.00, 43183568.00, 6558.25, 5081.71, 6.59%
Test - Best epoch, Loss, MSE, RMSE, MAE, MAPE: 247, 99639840.00, 99639842.00, 9720.29, 7165.72, 8.72%
- Epoch 248, ExpID 80956
Train - Loss: 23283422.40
Val - Loss, MSE, RMSE, MAE, MAPE: 43684476.00, 43684476.00, 6598.24, 5103.96, 6.64%
Test - Best epoch, Loss, MSE, RMSE, MAE, MAPE: 247, 99639840.00, 99639842.00, 9720.29, 7165.72, 8.72%
- Epoch 249, ExpID 80956
Train - Loss: 23335603.50
Val - Loss, MSE, RMSE, MAE, MAPE: 43528256.00, 43528256.00, 6586.23, 5094.13, 6.62%
Test - Best epoch, Loss, MSE, RMSE, MAE, MAPE: 247, 99639840.00, 99639842.00, 9720.29, 7165.72, 8.72%
- Epoch 250, ExpID 80956
Train - Loss: 23308262.00
Val - Loss, MSE, RMSE, MAE, MAPE: 42959568.00, 42959570.00, 6541.88, 5068.67, 6.57%
Test - Best epoch, Loss, MSE, RMSE, MAE, MAPE: 250, 99707184.00, 99707182.00, 9717.00, 7157.42, 8.72%
- Epoch 251, ExpID 80956
Train - Loss: 23238741.60
Val - Loss, MSE, RMSE, MAE, MAPE: 42916604.00, 42916604.00, 6538.65, 5068.55, 6.57%
Test - Best epoch, Loss, MSE, RMSE, MAE, MAPE: 251, 99904512.00, 99904516.00, 9722.18, 7174.29, 8.73%
- Epoch 252, ExpID 80956
Train - Loss: 23217089.40
Val - Loss, MSE, RMSE, MAE, MAPE: 43687584.00, 43687582.00, 6599.64, 5106.43, 6.65%
Test - Best epoch, Loss, MSE, RMSE, MAE, MAPE: 251, 99904512.00, 99904516.00, 9722.18, 7174.29, 8.73%
- Epoch 253, ExpID 80956
Train - Loss: 23197049.40
Val - Loss, MSE, RMSE, MAE, MAPE: 43360848.00, 43360848.00, 6574.82, 5088.32, 6.62%
Test - Best epoch, Loss, MSE, RMSE, MAE, MAPE: 251, 99904512.00, 99904516.00, 9722.18, 7174.29, 8.73%
- Epoch 254, ExpID 80956
Train - Loss: 23245961.10
Val - Loss, MSE, RMSE, MAE, MAPE: 42960264.00, 42960264.00, 6541.86, 5095.66, 6.56%
Test - Best epoch, Loss, MSE, RMSE, MAE, MAPE: 251, 99904512.00, 99904516.00, 9722.18, 7174.29, 8.73%
- Epoch 255, ExpID 80956
Train - Loss: 23157761.80
Val - Loss, MSE, RMSE, MAE, MAPE: 42853116.00, 42853116.00, 6535.11, 5067.03, 6.57%
Test - Best epoch, Loss, MSE, RMSE, MAE, MAPE: 255, 99730696.00, 99730694.00, 9703.33, 7161.66, 8.73%
- Epoch 256, ExpID 80956
Train - Loss: 23138246.40
Val - Loss, MSE, RMSE, MAE, MAPE: 43742216.00, 43742216.00, 6604.65, 5116.80, 6.67%
Test - Best epoch, Loss, MSE, RMSE, MAE, MAPE: 255, 99730696.00, 99730694.00, 9703.33, 7161.66, 8.73%
- Epoch 257, ExpID 80956
Train - Loss: 23110714.80
Val - Loss, MSE, RMSE, MAE, MAPE: 43029640.00, 43029642.00, 6549.64, 5077.24, 6.60%
Test - Best epoch, Loss, MSE, RMSE, MAE, MAPE: 255, 99730696.00, 99730694.00, 9703.33, 7161.66, 8.73%
- Epoch 258, ExpID 80956
Train - Loss: 23017928.40
Val - Loss, MSE, RMSE, MAE, MAPE: 42603200.00, 42603200.00, 6516.06, 5063.00, 6.55%
Test - Best epoch, Loss, MSE, RMSE, MAE, MAPE: 258, 99955992.00, 99955990.00, 9714.28, 7186.70, 8.75%
- Epoch 259, ExpID 80956
Train - Loss: 23124395.90
Val - Loss, MSE, RMSE, MAE, MAPE: 43659016.00, 43659018.00, 6598.85, 5112.64, 6.66%
Test - Best epoch, Loss, MSE, RMSE, MAE, MAPE: 258, 99955992.00, 99955990.00, 9714.28, 7186.70, 8.75%
- Epoch 260, ExpID 80956
Train - Loss: 22993774.00
Val - Loss, MSE, RMSE, MAE, MAPE: 43083416.00, 43083414.00, 6554.39, 5089.56, 6.62%
Test - Best epoch, Loss, MSE, RMSE, MAE, MAPE: 258, 99955992.00, 99955990.00, 9714.28, 7186.70, 8.75%
- Epoch 261, ExpID 80956
Train - Loss: 22965938.20
Val - Loss, MSE, RMSE, MAE, MAPE: 42666912.00, 42666914.00, 6522.04, 5064.83, 6.57%
Test - Best epoch, Loss, MSE, RMSE, MAE, MAPE: 258, 99955992.00, 99955990.00, 9714.28, 7186.70, 8.75%
- Epoch 262, ExpID 80956
Train - Loss: 22936402.40
Val - Loss, MSE, RMSE, MAE, MAPE: 42485976.00, 42485978.00, 6507.73, 5065.03, 6.56%
Test - Best epoch, Loss, MSE, RMSE, MAE, MAPE: 262, 99825168.00, 99825170.00, 9704.32, 7190.36, 8.75%
- Epoch 263, ExpID 80956
Train - Loss: 22971822.30
Val - Loss, MSE, RMSE, MAE, MAPE: 43814704.00, 43814704.00, 6611.26, 5123.67, 6.68%
Test - Best epoch, Loss, MSE, RMSE, MAE, MAPE: 262, 99825168.00, 99825170.00, 9704.32, 7190.36, 8.75%
- Epoch 264, ExpID 80956
Train - Loss: 22964145.50
Val - Loss, MSE, RMSE, MAE, MAPE: 42520652.00, 42520652.00, 6510.73, 5064.29, 6.56%
Test - Best epoch, Loss, MSE, RMSE, MAE, MAPE: 262, 99825168.00, 99825170.00, 9704.32, 7190.36, 8.75%
- Epoch 265, ExpID 80956
Train - Loss: 22960225.80
Val - Loss, MSE, RMSE, MAE, MAPE: 42833928.00, 42833930.00, 6535.74, 5079.07, 6.60%
Test - Best epoch, Loss, MSE, RMSE, MAE, MAPE: 262, 99825168.00, 99825170.00, 9704.32, 7190.36, 8.75%
- Epoch 266, ExpID 80956
Train - Loss: 22922489.00
Val - Loss, MSE, RMSE, MAE, MAPE: 43140304.00, 43140302.00, 6559.57, 5094.47, 6.62%
Test - Best epoch, Loss, MSE, RMSE, MAE, MAPE: 262, 99825168.00, 99825170.00, 9704.32, 7190.36, 8.75%
- Epoch 267, ExpID 80956
Train - Loss: 22853315.80
Val - Loss, MSE, RMSE, MAE, MAPE: 43767700.00, 43767700.00, 6607.56, 5129.78, 6.69%
Test - Best epoch, Loss, MSE, RMSE, MAE, MAPE: 262, 99825168.00, 99825170.00, 9704.32, 7190.36, 8.75%
- Epoch 268, ExpID 80956
Train - Loss: 22863688.90
Val - Loss, MSE, RMSE, MAE, MAPE: 42962784.00, 42962782.00, 6546.00, 5092.19, 6.62%
Test - Best epoch, Loss, MSE, RMSE, MAE, MAPE: 262, 99825168.00, 99825170.00, 9704.32, 7190.36, 8.75%
- Epoch 269, ExpID 80956
Train - Loss: 22857219.90
Val - Loss, MSE, RMSE, MAE, MAPE: 42656016.00, 42656018.00, 6522.01, 5079.97, 6.59%
Test - Best epoch, Loss, MSE, RMSE, MAE, MAPE: 262, 99825168.00, 99825170.00, 9704.32, 7190.36, 8.75%
- Epoch 270, ExpID 80956
Train - Loss: 22866680.50
Val - Loss, MSE, RMSE, MAE, MAPE: 42798716.00, 42798716.00, 6533.43, 5084.54, 6.60%
Test - Best epoch, Loss, MSE, RMSE, MAE, MAPE: 262, 99825168.00, 99825170.00, 9704.32, 7190.36, 8.75%
- Epoch 271, ExpID 80956
Train - Loss: 22838333.10
Val - Loss, MSE, RMSE, MAE, MAPE: 43265520.00, 43265522.00, 6569.90, 5108.70, 6.65%
Test - Best epoch, Loss, MSE, RMSE, MAE, MAPE: 262, 99825168.00, 99825170.00, 9704.32, 7190.36, 8.75%
- Epoch 272, ExpID 80956
Train - Loss: 22847253.00
Val - Loss, MSE, RMSE, MAE, MAPE: 42898976.00, 42898974.00, 6541.10, 5095.75, 6.62%
Test - Best epoch, Loss, MSE, RMSE, MAE, MAPE: 262, 99825168.00, 99825170.00, 9704.32, 7190.36, 8.75%
Early Stopping at Epoch 272
Fold 2017 Best RMSE: 9704.3159

-------------------- [Fold: 2018] ExpID: 4563 --------------------
- Epoch 000, ExpID 4563
Train - Loss: 34219063.18
Val - Loss, MSE, RMSE, MAE, MAPE: 95129072.00, 95129068.00, 9713.54, 7608.58, 9.18%
Test - Best epoch, Loss, MSE, RMSE, MAE, MAPE: 0, 60619888.00, 60619888.00, 7785.83, 6209.98, 6.76%
- Epoch 001, ExpID 4563
Train - Loss: 34106966.09
Val - Loss, MSE, RMSE, MAE, MAPE: 95096064.00, 95096064.00, 9711.69, 7606.07, 9.18%
Test - Best epoch, Loss, MSE, RMSE, MAE, MAPE: 1, 60599560.00, 60599560.00, 7784.53, 6208.52, 6.76%
- Epoch 002, ExpID 4563
Train - Loss: 34030673.36
Val - Loss, MSE, RMSE, MAE, MAPE: 95062064.00, 95062068.00, 9709.79, 7603.45, 9.18%
Test - Best epoch, Loss, MSE, RMSE, MAE, MAPE: 2, 60579320.00, 60579318.00, 7783.23, 6207.01, 6.76%
- Epoch 003, ExpID 4563
Train - Loss: 34278378.64
Val - Loss, MSE, RMSE, MAE, MAPE: 95028864.00, 95028868.00, 9707.92, 7600.82, 9.18%
Test - Best epoch, Loss, MSE, RMSE, MAE, MAPE: 3, 60558992.00, 60558992.00, 7781.93, 6205.50, 6.76%
- Epoch 004, ExpID 4563
Train - Loss: 34291953.45
Val - Loss, MSE, RMSE, MAE, MAPE: 94995504.00, 94995500.00, 9706.03, 7598.05, 9.17%
Test - Best epoch, Loss, MSE, RMSE, MAE, MAPE: 4, 60538216.00, 60538216.00, 7780.60, 6203.91, 6.75%
- Epoch 005, ExpID 4563
Train - Loss: 34112108.64
Val - Loss, MSE, RMSE, MAE, MAPE: 94961632.00, 94961632.00, 9704.11, 7595.38, 9.17%
Test - Best epoch, Loss, MSE, RMSE, MAE, MAPE: 5, 60518124.00, 60518124.00, 7779.31, 6202.46, 6.75%
- Epoch 006, ExpID 4563
Train - Loss: 33574134.73
Val - Loss, MSE, RMSE, MAE, MAPE: 94928064.00, 94928060.00, 9702.19, 7592.40, 9.17%
Test - Best epoch, Loss, MSE, RMSE, MAE, MAPE: 6, 60496820.00, 60496820.00, 7777.94, 6200.80, 6.75%
- Epoch 007, ExpID 4563
Train - Loss: 34087579.91
Val - Loss, MSE, RMSE, MAE, MAPE: 94893792.00, 94893796.00, 9700.21, 7589.54, 9.16%
Test - Best epoch, Loss, MSE, RMSE, MAE, MAPE: 7, 60475784.00, 60475786.00, 7776.59, 6199.29, 6.75%
- Epoch 008, ExpID 4563
Train - Loss: 33915427.27
Val - Loss, MSE, RMSE, MAE, MAPE: 94857088.00, 94857092.00, 9698.09, 7586.27, 9.16%
Test - Best epoch, Loss, MSE, RMSE, MAE, MAPE: 8, 60452768.00, 60452766.00, 7775.11, 6197.51, 6.75%
- Epoch 009, ExpID 4563
Train - Loss: 33814659.55
Val - Loss, MSE, RMSE, MAE, MAPE: 94820048.00, 94820048.00, 9695.92, 7582.96, 9.16%
Test - Best epoch, Loss, MSE, RMSE, MAE, MAPE: 9, 60429636.00, 60429636.00, 7773.63, 6195.81, 6.75%
- Epoch 010, ExpID 4563
Train - Loss: 34057684.27
Val - Loss, MSE, RMSE, MAE, MAPE: 94782360.00, 94782360.00, 9693.69, 7579.34, 9.15%
Test - Best epoch, Loss, MSE, RMSE, MAE, MAPE: 10, 60404328.00, 60404328.00, 7772.00, 6193.87, 6.74%
- Epoch 011, ExpID 4563
Train - Loss: 34231356.09
Val - Loss, MSE, RMSE, MAE, MAPE: 94741840.00, 94741840.00, 9691.28, 7575.54, 9.15%
Test - Best epoch, Loss, MSE, RMSE, MAE, MAPE: 11, 60378168.00, 60378170.00, 7770.32, 6191.89, 6.74%
- Epoch 012, ExpID 4563
Train - Loss: 33679248.73
Val - Loss, MSE, RMSE, MAE, MAPE: 94698128.00, 94698128.00, 9688.65, 7571.28, 9.15%
Test - Best epoch, Loss, MSE, RMSE, MAE, MAPE: 12, 60349376.00, 60349376.00, 7768.47, 6189.72, 6.74%
- Epoch 013, ExpID 4563
Train - Loss: 33692545.27
Val - Loss, MSE, RMSE, MAE, MAPE: 94653232.00, 94653236.00, 9685.92, 7566.68, 9.14%
Test - Best epoch, Loss, MSE, RMSE, MAE, MAPE: 13, 60317820.00, 60317820.00, 7766.45, 6187.31, 6.74%
- Epoch 014, ExpID 4563
Train - Loss: 33970711.55
Val - Loss, MSE, RMSE, MAE, MAPE: 94605560.00, 94605560.00, 9682.99, 7561.51, 9.14%
Test - Best epoch, Loss, MSE, RMSE, MAE, MAPE: 14, 60283392.00, 60283392.00, 7764.23, 6184.61, 6.74%
- Epoch 015, ExpID 4563
Train - Loss: 34040909.73
Val - Loss, MSE, RMSE, MAE, MAPE: 94554528.00, 94554524.00, 9679.78, 7555.91, 9.13%
Test - Best epoch, Loss, MSE, RMSE, MAE, MAPE: 15, 60245248.00, 60245250.00, 7761.78, 6181.72, 6.73%
- Epoch 016, ExpID 4563
Train - Loss: 33667026.00
Val - Loss, MSE, RMSE, MAE, MAPE: 94503520.00, 94503516.00, 9676.47, 7549.63, 9.12%
Test - Best epoch, Loss, MSE, RMSE, MAE, MAPE: 16, 60202544.00, 60202542.00, 7759.03, 6178.41, 6.73%
- Epoch 017, ExpID 4563
Train - Loss: 33410334.18
Val - Loss, MSE, RMSE, MAE, MAPE: 94449744.00, 94449748.00, 9672.90, 7542.89, 9.12%
Test - Best epoch, Loss, MSE, RMSE, MAE, MAPE: 17, 60155224.00, 60155226.00, 7755.98, 6174.80, 6.73%
- Epoch 018, ExpID 4563
Train - Loss: 33485143.18
Val - Loss, MSE, RMSE, MAE, MAPE: 94393592.00, 94393592.00, 9669.05, 7535.40, 9.11%
Test - Best epoch, Loss, MSE, RMSE, MAE, MAPE: 18, 60101464.00, 60101464.00, 7752.51, 6170.75, 6.72%
- Epoch 019, ExpID 4563
Train - Loss: 33471422.73
Val - Loss, MSE, RMSE, MAE, MAPE: 94336720.00, 94336716.00, 9664.97, 7526.93, 9.10%
Test - Best epoch, Loss, MSE, RMSE, MAE, MAPE: 19, 60039500.00, 60039500.00, 7748.51, 6166.03, 6.72%
- Epoch 020, ExpID 4563
Train - Loss: 33014976.36
Val - Loss, MSE, RMSE, MAE, MAPE: 94282240.00, 94282236.00, 9660.75, 7517.41, 9.09%
Test - Best epoch, Loss, MSE, RMSE, MAE, MAPE: 20, 59967720.00, 59967722.00, 7743.88, 6160.59, 6.71%
- Epoch 021, ExpID 4563
Train - Loss: 33019021.64
Val - Loss, MSE, RMSE, MAE, MAPE: 94231168.00, 94231164.00, 9656.35, 7506.34, 9.08%
Test - Best epoch, Loss, MSE, RMSE, MAE, MAPE: 21, 59883104.00, 59883106.00, 7738.40, 6154.12, 6.71%
- Epoch 022, ExpID 4563
Train - Loss: 32831607.55
Val - Loss, MSE, RMSE, MAE, MAPE: 94184352.00, 94184348.00, 9651.73, 7494.10, 9.07%
Test - Best epoch, Loss, MSE, RMSE, MAE, MAPE: 22, 59783400.00, 59783398.00, 7731.94, 6146.73, 6.70%
- Epoch 023, ExpID 4563
Train - Loss: 32695664.64
Val - Loss, MSE, RMSE, MAE, MAPE: 94155776.00, 94155780.00, 9647.49, 7480.10, 9.06%
Test - Best epoch, Loss, MSE, RMSE, MAE, MAPE: 23, 59666184.00, 59666184.00, 7724.33, 6137.97, 6.69%
- Epoch 024, ExpID 4563
Train - Loss: 32446467.09
Val - Loss, MSE, RMSE, MAE, MAPE: 94165128.00, 94165128.00, 9644.19, 7463.07, 9.05%
Test - Best epoch, Loss, MSE, RMSE, MAE, MAPE: 23, 59666184.00, 59666184.00, 7724.33, 6137.97, 6.69%
- Epoch 025, ExpID 4563
Train - Loss: 32550206.64
Val - Loss, MSE, RMSE, MAE, MAPE: 94237744.00, 94237748.00, 9642.98, 7444.52, 9.03%
Test - Best epoch, Loss, MSE, RMSE, MAE, MAPE: 23, 59666184.00, 59666184.00, 7724.33, 6137.97, 6.69%
- Epoch 026, ExpID 4563
Train - Loss: 32499386.64
Val - Loss, MSE, RMSE, MAE, MAPE: 94427096.00, 94427096.00, 9646.09, 7424.03, 9.02%
Test - Best epoch, Loss, MSE, RMSE, MAE, MAPE: 23, 59666184.00, 59666184.00, 7724.33, 6137.97, 6.69%
- Epoch 027, ExpID 4563
Train - Loss: 31556503.36
Val - Loss, MSE, RMSE, MAE, MAPE: 94860208.00, 94860208.00, 9659.48, 7403.62, 9.01%
Test - Best epoch, Loss, MSE, RMSE, MAE, MAPE: 23, 59666184.00, 59666184.00, 7724.33, 6137.97, 6.69%
- Epoch 028, ExpID 4563
Train - Loss: 30914206.00
Val - Loss, MSE, RMSE, MAE, MAPE: 95601584.00, 95601580.00, 9687.24, 7393.33, 9.02%
Test - Best epoch, Loss, MSE, RMSE, MAE, MAPE: 23, 59666184.00, 59666184.00, 7724.33, 6137.97, 6.69%
- Epoch 029, ExpID 4563
Train - Loss: 31039128.18
Val - Loss, MSE, RMSE, MAE, MAPE: 96253504.00, 96253500.00, 9712.66, 7392.16, 9.03%
Test - Best epoch, Loss, MSE, RMSE, MAE, MAPE: 23, 59666184.00, 59666184.00, 7724.33, 6137.97, 6.69%
- Epoch 030, ExpID 4563
Train - Loss: 30673635.82
Val - Loss, MSE, RMSE, MAE, MAPE: 96850384.00, 96850384.00, 9736.16, 7394.51, 9.04%
Test - Best epoch, Loss, MSE, RMSE, MAE, MAPE: 23, 59666184.00, 59666184.00, 7724.33, 6137.97, 6.69%
- Epoch 031, ExpID 4563
Train - Loss: 30654317.64
Val - Loss, MSE, RMSE, MAE, MAPE: 97063184.00, 97063180.00, 9742.28, 7394.22, 9.03%
Test - Best epoch, Loss, MSE, RMSE, MAE, MAPE: 23, 59666184.00, 59666184.00, 7724.33, 6137.97, 6.69%
- Epoch 032, ExpID 4563
Train - Loss: 30184110.36
Val - Loss, MSE, RMSE, MAE, MAPE: 97304048.00, 97304052.00, 9749.73, 7395.78, 9.03%
Test - Best epoch, Loss, MSE, RMSE, MAE, MAPE: 23, 59666184.00, 59666184.00, 7724.33, 6137.97, 6.69%
- Epoch 033, ExpID 4563
Train - Loss: 30073414.64
Val - Loss, MSE, RMSE, MAE, MAPE: 97530704.00, 97530700.00, 9756.64, 7398.51, 9.03%
Test - Best epoch, Loss, MSE, RMSE, MAE, MAPE: 23, 59666184.00, 59666184.00, 7724.33, 6137.97, 6.69%
Early Stopping at Epoch 33
Fold 2018 Best RMSE: 7724.3318

-------------------- [Fold: 2019] ExpID: 53429 --------------------
- Epoch 000, ExpID 53429
Train - Loss: 37675660.00
Val - Loss, MSE, RMSE, MAE, MAPE: 60544868.00, 60544868.00, 7780.99, 6203.07, 6.76%
Test - Best epoch, Loss, MSE, RMSE, MAE, MAPE: 0, 65372136.00, 65372138.00, 7961.97, 6179.42, 6.53%
- Epoch 001, ExpID 53429
Train - Loss: 37787082.78
Val - Loss, MSE, RMSE, MAE, MAPE: 60526816.00, 60526816.00, 7779.83, 6201.77, 6.75%
Test - Best epoch, Loss, MSE, RMSE, MAE, MAPE: 1, 65343456.00, 65343454.00, 7960.24, 6177.80, 6.52%
- Epoch 002, ExpID 53429
Train - Loss: 37662211.91
Val - Loss, MSE, RMSE, MAE, MAPE: 60508856.00, 60508856.00, 7778.68, 6200.38, 6.75%
Test - Best epoch, Loss, MSE, RMSE, MAE, MAPE: 2, 65316208.00, 65316208.00, 7958.59, 6176.09, 6.52%
- Epoch 003, ExpID 53429
Train - Loss: 37716215.57
Val - Loss, MSE, RMSE, MAE, MAPE: 60490900.00, 60490900.00, 7777.53, 6198.97, 6.75%
Test - Best epoch, Loss, MSE, RMSE, MAE, MAPE: 3, 65289208.00, 65289206.00, 7956.94, 6174.36, 6.52%
- Epoch 004, ExpID 53429
Train - Loss: 37607472.17
Val - Loss, MSE, RMSE, MAE, MAPE: 60473488.00, 60473488.00, 7776.42, 6197.64, 6.75%
Test - Best epoch, Loss, MSE, RMSE, MAE, MAPE: 4, 65260464.00, 65260462.00, 7955.21, 6172.73, 6.52%
- Epoch 005, ExpID 53429
Train - Loss: 37662154.78
Val - Loss, MSE, RMSE, MAE, MAPE: 60455640.00, 60455642.00, 7775.27, 6196.30, 6.75%
Test - Best epoch, Loss, MSE, RMSE, MAE, MAPE: 5, 65231344.00, 65231344.00, 7953.47, 6171.07, 6.52%
- Epoch 006, ExpID 53429
Train - Loss: 37690609.83
Val - Loss, MSE, RMSE, MAE, MAPE: 60437372.00, 60437372.00, 7774.10, 6194.83, 6.75%
Test - Best epoch, Loss, MSE, RMSE, MAE, MAPE: 6, 65201156.00, 65201156.00, 7951.64, 6169.26, 6.52%
- Epoch 007, ExpID 53429
Train - Loss: 37540849.22
Val - Loss, MSE, RMSE, MAE, MAPE: 60418316.00, 60418316.00, 7772.88, 6193.35, 6.75%
Test - Best epoch, Loss, MSE, RMSE, MAE, MAPE: 7, 65169304.00, 65169304.00, 7949.73, 6167.42, 6.51%
- Epoch 008, ExpID 53429
Train - Loss: 37613552.09
Val - Loss, MSE, RMSE, MAE, MAPE: 60399136.00, 60399138.00, 7771.65, 6191.93, 6.75%
Test - Best epoch, Loss, MSE, RMSE, MAE, MAPE: 8, 65134720.00, 65134720.00, 7947.69, 6165.62, 6.51%
- Epoch 009, ExpID 53429
Train - Loss: 37451547.30
Val - Loss, MSE, RMSE, MAE, MAPE: 60378196.00, 60378196.00, 7770.30, 6190.27, 6.74%
Test - Best epoch, Loss, MSE, RMSE, MAE, MAPE: 9, 65099016.00, 65099014.00, 7945.55, 6163.50, 6.51%
- Epoch 010, ExpID 53429
Train - Loss: 37594145.74
Val - Loss, MSE, RMSE, MAE, MAPE: 60356092.00, 60356092.00, 7768.88, 6188.54, 6.74%
Test - Best epoch, Loss, MSE, RMSE, MAE, MAPE: 10, 65060024.00, 65060022.00, 7943.23, 6161.27, 6.51%
- Epoch 011, ExpID 53429
Train - Loss: 37443090.78
Val - Loss, MSE, RMSE, MAE, MAPE: 60332016.00, 60332018.00, 7767.34, 6186.69, 6.74%
Test - Best epoch, Loss, MSE, RMSE, MAE, MAPE: 11, 65016472.00, 65016470.00, 7940.65, 6158.89, 6.51%
- Epoch 012, ExpID 53429
Train - Loss: 37462683.04
Val - Loss, MSE, RMSE, MAE, MAPE: 60306336.00, 60306334.00, 7765.69, 6184.70, 6.74%
Test - Best epoch, Loss, MSE, RMSE, MAE, MAPE: 12, 64969548.00, 64969548.00, 7937.87, 6156.28, 6.50%
- Epoch 013, ExpID 53429
Train - Loss: 37413723.39
Val - Loss, MSE, RMSE, MAE, MAPE: 60277568.00, 60277566.00, 7763.84, 6182.46, 6.74%
Test - Best epoch, Loss, MSE, RMSE, MAE, MAPE: 13, 64916920.00, 64916922.00, 7934.75, 6153.35, 6.50%
- Epoch 014, ExpID 53429
Train - Loss: 37387450.96
Val - Loss, MSE, RMSE, MAE, MAPE: 60246784.00, 60246786.00, 7761.86, 6180.21, 6.73%
Test - Best epoch, Loss, MSE, RMSE, MAE, MAPE: 14, 64858316.00, 64858316.00, 7931.32, 6150.35, 6.50%
- Epoch 015, ExpID 53429
Train - Loss: 37344810.96
Val - Loss, MSE, RMSE, MAE, MAPE: 60212096.00, 60212098.00, 7759.63, 6177.59, 6.73%
Test - Best epoch, Loss, MSE, RMSE, MAE, MAPE: 15, 64792760.00, 64792758.00, 7927.46, 6146.83, 6.50%
- Epoch 016, ExpID 53429
Train - Loss: 37227576.17
Val - Loss, MSE, RMSE, MAE, MAPE: 60172456.00, 60172456.00, 7757.08, 6174.56, 6.73%
Test - Best epoch, Loss, MSE, RMSE, MAE, MAPE: 16, 64719244.00, 64719244.00, 7923.12, 6142.73, 6.49%
- Epoch 017, ExpID 53429
Train - Loss: 37180501.57
Val - Loss, MSE, RMSE, MAE, MAPE: 60128156.00, 60128156.00, 7754.23, 6171.26, 6.73%
Test - Best epoch, Loss, MSE, RMSE, MAE, MAPE: 17, 64634912.00, 64634912.00, 7918.17, 6138.20, 6.49%
- Epoch 018, ExpID 53429
Train - Loss: 37029761.22
Val - Loss, MSE, RMSE, MAE, MAPE: 60077584.00, 60077584.00, 7750.97, 6167.65, 6.72%
Test - Best epoch, Loss, MSE, RMSE, MAE, MAPE: 18, 64535268.00, 64535268.00, 7912.36, 6133.22, 6.48%
- Epoch 019, ExpID 53429
Train - Loss: 37023396.52
Val - Loss, MSE, RMSE, MAE, MAPE: 60017848.00, 60017846.00, 7747.12, 6163.16, 6.72%
Test - Best epoch, Loss, MSE, RMSE, MAE, MAPE: 19, 64422616.00, 64422618.00, 7905.74, 6127.08, 6.48%
- Epoch 020, ExpID 53429
Train - Loss: 36928350.35
Val - Loss, MSE, RMSE, MAE, MAPE: 59946944.00, 59946944.00, 7742.54, 6158.05, 6.71%
Test - Best epoch, Loss, MSE, RMSE, MAE, MAPE: 20, 64285832.00, 64285832.00, 7897.75, 6120.05, 6.47%
- Epoch 021, ExpID 53429
Train - Loss: 36649632.26
Val - Loss, MSE, RMSE, MAE, MAPE: 59862620.00, 59862620.00, 7737.09, 6151.85, 6.71%
Test - Best epoch, Loss, MSE, RMSE, MAE, MAPE: 21, 64126864.00, 64126864.00, 7888.43, 6111.41, 6.46%
- Epoch 022, ExpID 53429
Train - Loss: 36522445.65
Val - Loss, MSE, RMSE, MAE, MAPE: 59762136.00, 59762136.00, 7730.59, 6144.34, 6.70%
Test - Best epoch, Loss, MSE, RMSE, MAE, MAPE: 22, 63942268.00, 63942268.00, 7877.55, 6100.64, 6.45%
- Epoch 023, ExpID 53429
Train - Loss: 36447811.74
Val - Loss, MSE, RMSE, MAE, MAPE: 59639176.00, 59639176.00, 7722.62, 6135.46, 6.69%
Test - Best epoch, Loss, MSE, RMSE, MAE, MAPE: 23, 63715932.00, 63715932.00, 7864.25, 6087.45, 6.44%
- Epoch 024, ExpID 53429
Train - Loss: 36172883.91
Val - Loss, MSE, RMSE, MAE, MAPE: 59489728.00, 59489728.00, 7712.91, 6124.98, 6.68%
Test - Best epoch, Loss, MSE, RMSE, MAE, MAPE: 24, 63442248.00, 63442246.00, 7848.14, 6071.18, 6.42%
- Epoch 025, ExpID 53429
Train - Loss: 35859057.13
Val - Loss, MSE, RMSE, MAE, MAPE: 59312484.00, 59312484.00, 7701.37, 6112.22, 6.67%
Test - Best epoch, Loss, MSE, RMSE, MAE, MAPE: 25, 63116296.00, 63116296.00, 7828.95, 6051.65, 6.41%
- Epoch 026, ExpID 53429
Train - Loss: 35544949.04
Val - Loss, MSE, RMSE, MAE, MAPE: 59113896.00, 59113896.00, 7688.42, 6097.32, 6.66%
Test - Best epoch, Loss, MSE, RMSE, MAE, MAPE: 26, 62742648.00, 62742650.00, 7806.73, 6025.91, 6.39%
- Epoch 027, ExpID 53429
Train - Loss: 35107426.61
Val - Loss, MSE, RMSE, MAE, MAPE: 58925176.00, 58925174.00, 7676.07, 6085.19, 6.65%
Test - Best epoch, Loss, MSE, RMSE, MAE, MAPE: 27, 62339944.00, 62339944.00, 7782.91, 6000.24, 6.36%
- Epoch 028, ExpID 53429
Train - Loss: 34718913.83
Val - Loss, MSE, RMSE, MAE, MAPE: 58795688.00, 58795690.00, 7667.59, 6076.52, 6.65%
Test - Best epoch, Loss, MSE, RMSE, MAE, MAPE: 28, 61980076.00, 61980076.00, 7761.68, 5979.36, 6.35%
- Epoch 029, ExpID 53429
Train - Loss: 34453241.48
Val - Loss, MSE, RMSE, MAE, MAPE: 58666624.00, 58666622.00, 7659.12, 6070.16, 6.64%
Test - Best epoch, Loss, MSE, RMSE, MAE, MAPE: 29, 61634392.00, 61634394.00, 7742.18, 5968.52, 6.33%
- Epoch 030, ExpID 53429
Train - Loss: 34221913.91
Val - Loss, MSE, RMSE, MAE, MAPE: 58520424.00, 58520424.00, 7649.47, 6064.18, 6.62%
Test - Best epoch, Loss, MSE, RMSE, MAE, MAPE: 30, 61302108.00, 61302108.00, 7724.36, 5965.26, 6.32%
- Epoch 031, ExpID 53429
Train - Loss: 33904785.65
Val - Loss, MSE, RMSE, MAE, MAPE: 58433040.00, 58433040.00, 7643.67, 6060.68, 6.61%
Test - Best epoch, Loss, MSE, RMSE, MAE, MAPE: 31, 61025744.00, 61025746.00, 7709.68, 5961.29, 6.31%
- Epoch 032, ExpID 53429
Train - Loss: 33705001.30
Val - Loss, MSE, RMSE, MAE, MAPE: 58346728.00, 58346730.00, 7637.89, 6058.08, 6.60%
Test - Best epoch, Loss, MSE, RMSE, MAE, MAPE: 32, 60784408.00, 60784408.00, 7697.79, 5962.63, 6.31%
- Epoch 033, ExpID 53429
Train - Loss: 33442814.35
Val - Loss, MSE, RMSE, MAE, MAPE: 58312052.00, 58312052.00, 7635.54, 6056.58, 6.60%
Test - Best epoch, Loss, MSE, RMSE, MAE, MAPE: 33, 60585920.00, 60585920.00, 7687.62, 5959.95, 6.30%
- Epoch 034, ExpID 53429
Train - Loss: 33297101.65
Val - Loss, MSE, RMSE, MAE, MAPE: 58273000.00, 58273000.00, 7632.84, 6055.26, 6.59%
Test - Best epoch, Loss, MSE, RMSE, MAE, MAPE: 34, 60411240.00, 60411240.00, 7679.38, 5960.68, 6.30%
- Epoch 035, ExpID 53429
Train - Loss: 33117892.09
Val - Loss, MSE, RMSE, MAE, MAPE: 58259860.00, 58259860.00, 7631.84, 6054.83, 6.59%
Test - Best epoch, Loss, MSE, RMSE, MAE, MAPE: 35, 60261036.00, 60261036.00, 7672.64, 5962.43, 6.29%
- Epoch 036, ExpID 53429
Train - Loss: 32913791.91
Val - Loss, MSE, RMSE, MAE, MAPE: 58240084.00, 58240084.00, 7630.39, 6053.00, 6.58%
Test - Best epoch, Loss, MSE, RMSE, MAE, MAPE: 36, 60131660.00, 60131660.00, 7666.70, 5963.18, 6.29%
- Epoch 037, ExpID 53429
Train - Loss: 32917132.43
Val - Loss, MSE, RMSE, MAE, MAPE: 58243304.00, 58243302.00, 7630.48, 6050.87, 6.58%
Test - Best epoch, Loss, MSE, RMSE, MAE, MAPE: 36, 60131660.00, 60131660.00, 7666.70, 5963.18, 6.29%
- Epoch 038, ExpID 53429
Train - Loss: 32713211.91
Val - Loss, MSE, RMSE, MAE, MAPE: 58252280.00, 58252278.00, 7630.95, 6049.10, 6.57%
Test - Best epoch, Loss, MSE, RMSE, MAE, MAPE: 36, 60131660.00, 60131660.00, 7666.70, 5963.18, 6.29%
- Epoch 039, ExpID 53429
Train - Loss: 32663406.00
Val - Loss, MSE, RMSE, MAE, MAPE: 58263216.00, 58263218.00, 7631.50, 6047.74, 6.57%
Test - Best epoch, Loss, MSE, RMSE, MAE, MAPE: 36, 60131660.00, 60131660.00, 7666.70, 5963.18, 6.29%
- Epoch 040, ExpID 53429
Train - Loss: 32398671.04
Val - Loss, MSE, RMSE, MAE, MAPE: 58263480.00, 58263482.00, 7631.33, 6045.25, 6.57%
Test - Best epoch, Loss, MSE, RMSE, MAE, MAPE: 36, 60131660.00, 60131660.00, 7666.70, 5963.18, 6.29%
- Epoch 041, ExpID 53429
Train - Loss: 32417816.78
Val - Loss, MSE, RMSE, MAE, MAPE: 58282272.00, 58282274.00, 7632.39, 6043.88, 6.56%
Test - Best epoch, Loss, MSE, RMSE, MAE, MAPE: 36, 60131660.00, 60131660.00, 7666.70, 5963.18, 6.29%
- Epoch 042, ExpID 53429
Train - Loss: 32319431.91
Val - Loss, MSE, RMSE, MAE, MAPE: 58331064.00, 58331066.00, 7635.48, 6043.31, 6.56%
Test - Best epoch, Loss, MSE, RMSE, MAE, MAPE: 36, 60131660.00, 60131660.00, 7666.70, 5963.18, 6.29%
- Epoch 043, ExpID 53429
Train - Loss: 32190291.30
Val - Loss, MSE, RMSE, MAE, MAPE: 58345840.00, 58345838.00, 7636.26, 6041.36, 6.56%
Test - Best epoch, Loss, MSE, RMSE, MAE, MAPE: 36, 60131660.00, 60131660.00, 7666.70, 5963.18, 6.29%
- Epoch 044, ExpID 53429
Train - Loss: 32019216.17
Val - Loss, MSE, RMSE, MAE, MAPE: 58372920.00, 58372920.00, 7637.84, 6040.24, 6.56%
Test - Best epoch, Loss, MSE, RMSE, MAE, MAPE: 36, 60131660.00, 60131660.00, 7666.70, 5963.18, 6.29%
- Epoch 045, ExpID 53429
Train - Loss: 31854139.30
Val - Loss, MSE, RMSE, MAE, MAPE: 58405264.00, 58405262.00, 7639.73, 6039.53, 6.56%
Test - Best epoch, Loss, MSE, RMSE, MAE, MAPE: 36, 60131660.00, 60131660.00, 7666.70, 5963.18, 6.29%
- Epoch 046, ExpID 53429
Train - Loss: 31885956.61
Val - Loss, MSE, RMSE, MAE, MAPE: 58464316.00, 58464316.00, 7643.43, 6040.21, 6.56%
Test - Best epoch, Loss, MSE, RMSE, MAE, MAPE: 36, 60131660.00, 60131660.00, 7666.70, 5963.18, 6.29%
Early Stopping at Epoch 46
Fold 2019 Best RMSE: 7666.6968
