DETAILED LOG | Model: nbeats | Seed: 1
FULL CONFIG: {'gpu': '0', 'target': 'departure', 'cv_start_year': 2017, 'cv_end_year': 2019, 'test_year': 2024, 'use_corona': False, 'seq_len': 365, 'label_len': 0, 'pred_len': 7, 'batch_size': 64, 'epochs': 1000, 'patience': 10, 'lr': 0.0001, 'model': 'nbeats', 'd_model': 128, 'n_heads': 4, 'n_layers': 1, 'dropout': 0.1, 'activation': 'gelu', 'patch_len': 16, 'factor': 5, 'norm_mode': 'revin', 'use_dbloss': False, 'device': device(type='cuda'), 'stride': 16, 'file_path': 'dataset/airport_daily_flight_merged.csv', 'seed': 1, 'val_year': 2019, 'ndims': 1}

-------------------- [Fold: 2017] ExpID: 95711 --------------------
- Epoch 000, ExpID 95711
Train - Loss: 28407047.77
Val - Loss, MSE, RMSE, MAE, MAPE: 44774316.00, 44774312.67, 6620.54, 4938.47, 6.35%
Test - Best epoch, Loss, MSE, RMSE, MAE, MAPE: 0, 62049040.00, 62049038.67, 7616.05, 5507.77, 6.64%
- Epoch 001, ExpID 95711
Train - Loss: 23992813.80
Val - Loss, MSE, RMSE, MAE, MAPE: 37346168.00, 37346165.67, 6010.08, 4356.88, 5.60%
Test - Best epoch, Loss, MSE, RMSE, MAE, MAPE: 1, 54498368.00, 54498368.33, 7087.08, 4960.09, 5.98%
- Epoch 002, ExpID 95711
Train - Loss: 20991387.05
Val - Loss, MSE, RMSE, MAE, MAPE: 34522536.00, 34522532.50, 5753.86, 4127.02, 5.29%
Test - Best epoch, Loss, MSE, RMSE, MAE, MAPE: 2, 50628424.00, 50628421.00, 6809.55, 4680.94, 5.64%
- Epoch 003, ExpID 95711
Train - Loss: 19328297.47
Val - Loss, MSE, RMSE, MAE, MAPE: 32989308.00, 32989305.67, 5611.81, 3987.46, 5.12%
Test - Best epoch, Loss, MSE, RMSE, MAE, MAPE: 3, 48377872.00, 48377873.33, 6648.79, 4529.05, 5.46%
- Epoch 004, ExpID 95711
Train - Loss: 18410180.45
Val - Loss, MSE, RMSE, MAE, MAPE: 32291520.00, 32291521.17, 5547.80, 3951.84, 5.07%
Test - Best epoch, Loss, MSE, RMSE, MAE, MAPE: 4, 46803568.00, 46803566.00, 6534.30, 4452.02, 5.36%
- Epoch 005, ExpID 95711
Train - Loss: 17626900.47
Val - Loss, MSE, RMSE, MAE, MAPE: 31658688.00, 31658687.33, 5494.89, 3921.92, 5.02%
Test - Best epoch, Loss, MSE, RMSE, MAE, MAPE: 5, 45630648.00, 45630646.33, 6447.04, 4411.23, 5.31%
- Epoch 006, ExpID 95711
Train - Loss: 17106600.44
Val - Loss, MSE, RMSE, MAE, MAPE: 30863236.00, 30863235.83, 5422.70, 3857.53, 4.95%
Test - Best epoch, Loss, MSE, RMSE, MAE, MAPE: 6, 44570448.00, 44570446.67, 6368.53, 4370.49, 5.27%
- Epoch 007, ExpID 95711
Train - Loss: 16127392.89
Val - Loss, MSE, RMSE, MAE, MAPE: 30186856.00, 30186855.67, 5362.65, 3819.91, 4.90%
Test - Best epoch, Loss, MSE, RMSE, MAE, MAPE: 7, 43609464.00, 43609460.00, 6292.70, 4324.66, 5.21%
- Epoch 008, ExpID 95711
Train - Loss: 15459119.33
Val - Loss, MSE, RMSE, MAE, MAPE: 30125372.00, 30125371.67, 5358.17, 3849.70, 4.92%
Test - Best epoch, Loss, MSE, RMSE, MAE, MAPE: 8, 42879300.00, 42879297.67, 6237.95, 4324.83, 5.20%
- Epoch 009, ExpID 95711
Train - Loss: 14878814.33
Val - Loss, MSE, RMSE, MAE, MAPE: 29194502.00, 29194500.17, 5268.67, 3793.44, 4.85%
Test - Best epoch, Loss, MSE, RMSE, MAE, MAPE: 9, 42108272.00, 42108269.83, 6170.62, 4289.63, 5.16%
- Epoch 010, ExpID 95711
Train - Loss: 14297421.71
Val - Loss, MSE, RMSE, MAE, MAPE: 28985732.00, 28985732.17, 5250.36, 3802.13, 4.85%
Test - Best epoch, Loss, MSE, RMSE, MAE, MAPE: 10, 41779672.00, 41779670.83, 6140.16, 4293.75, 5.16%
- Epoch 011, ExpID 95711
Train - Loss: 13649605.44
Val - Loss, MSE, RMSE, MAE, MAPE: 28140560.00, 28140559.17, 5172.75, 3730.76, 4.77%
Test - Best epoch, Loss, MSE, RMSE, MAE, MAPE: 11, 41339740.00, 41339740.50, 6098.49, 4269.52, 5.14%
- Epoch 012, ExpID 95711
Train - Loss: 13473636.20
Val - Loss, MSE, RMSE, MAE, MAPE: 27920344.00, 27920345.17, 5145.40, 3755.61, 4.79%
Test - Best epoch, Loss, MSE, RMSE, MAE, MAPE: 12, 40952268.00, 40952269.17, 6062.12, 4263.65, 5.12%
- Epoch 013, ExpID 95711
Train - Loss: 12883304.09
Val - Loss, MSE, RMSE, MAE, MAPE: 27656864.00, 27656863.75, 5122.71, 3720.46, 4.75%
Test - Best epoch, Loss, MSE, RMSE, MAE, MAPE: 13, 40694708.00, 40694705.17, 6033.56, 4270.73, 5.14%
- Epoch 014, ExpID 95711
Train - Loss: 12282942.41
Val - Loss, MSE, RMSE, MAE, MAPE: 26935286.00, 26935283.83, 5056.69, 3664.73, 4.69%
Test - Best epoch, Loss, MSE, RMSE, MAE, MAPE: 14, 40477560.00, 40477554.67, 6005.52, 4269.51, 5.14%
- Epoch 015, ExpID 95711
Train - Loss: 11886525.23
Val - Loss, MSE, RMSE, MAE, MAPE: 26858652.00, 26858649.92, 5045.27, 3664.55, 4.69%
Test - Best epoch, Loss, MSE, RMSE, MAE, MAPE: 15, 40166448.00, 40166448.00, 5971.06, 4236.42, 5.10%
- Epoch 016, ExpID 95711
Train - Loss: 11615192.80
Val - Loss, MSE, RMSE, MAE, MAPE: 27927558.00, 27927558.33, 5134.15, 3809.13, 4.83%
Test - Best epoch, Loss, MSE, RMSE, MAE, MAPE: 15, 40166448.00, 40166448.00, 5971.06, 4236.42, 5.10%
- Epoch 017, ExpID 95711
Train - Loss: 11196896.13
Val - Loss, MSE, RMSE, MAE, MAPE: 27139942.00, 27139939.33, 5053.36, 3731.02, 4.74%
Test - Best epoch, Loss, MSE, RMSE, MAE, MAPE: 15, 40166448.00, 40166448.00, 5971.06, 4236.42, 5.10%
- Epoch 018, ExpID 95711
Train - Loss: 10843977.32
Val - Loss, MSE, RMSE, MAE, MAPE: 26820804.00, 26820803.17, 5026.36, 3700.02, 4.71%
Test - Best epoch, Loss, MSE, RMSE, MAE, MAPE: 18, 39759256.00, 39759255.17, 5920.68, 4228.10, 5.08%
- Epoch 019, ExpID 95711
Train - Loss: 10526527.76
Val - Loss, MSE, RMSE, MAE, MAPE: 26055532.00, 26055529.58, 4959.96, 3628.98, 4.63%
Test - Best epoch, Loss, MSE, RMSE, MAE, MAPE: 19, 39662968.00, 39662964.83, 5895.98, 4223.01, 5.08%
- Epoch 020, ExpID 95711
Train - Loss: 10289277.46
Val - Loss, MSE, RMSE, MAE, MAPE: 25830208.00, 25830208.25, 4934.44, 3604.57, 4.59%
Test - Best epoch, Loss, MSE, RMSE, MAE, MAPE: 20, 39465032.00, 39465028.83, 5873.89, 4213.70, 5.07%
- Epoch 021, ExpID 95711
Train - Loss: 10130561.76
Val - Loss, MSE, RMSE, MAE, MAPE: 26911318.00, 26911319.00, 5025.39, 3726.83, 4.72%
Test - Best epoch, Loss, MSE, RMSE, MAE, MAPE: 20, 39465032.00, 39465028.83, 5873.89, 4213.70, 5.07%
- Epoch 022, ExpID 95711
Train - Loss: 9702704.08
Val - Loss, MSE, RMSE, MAE, MAPE: 26000584.00, 26000584.92, 4942.36, 3637.61, 4.63%
Test - Best epoch, Loss, MSE, RMSE, MAE, MAPE: 20, 39465032.00, 39465028.83, 5873.89, 4213.70, 5.07%
- Epoch 023, ExpID 95711
Train - Loss: 9505893.32
Val - Loss, MSE, RMSE, MAE, MAPE: 26289256.00, 26289256.83, 4964.81, 3664.98, 4.66%
Test - Best epoch, Loss, MSE, RMSE, MAE, MAPE: 20, 39465032.00, 39465028.83, 5873.89, 4213.70, 5.07%
- Epoch 024, ExpID 95711
Train - Loss: 9347203.93
Val - Loss, MSE, RMSE, MAE, MAPE: 26150224.00, 26150221.75, 4953.59, 3658.63, 4.65%
Test - Best epoch, Loss, MSE, RMSE, MAE, MAPE: 20, 39465032.00, 39465028.83, 5873.89, 4213.70, 5.07%
- Epoch 025, ExpID 95711
Train - Loss: 9086515.52
Val - Loss, MSE, RMSE, MAE, MAPE: 25854484.00, 25854481.75, 4928.28, 3641.41, 4.63%
Test - Best epoch, Loss, MSE, RMSE, MAE, MAPE: 20, 39465032.00, 39465028.83, 5873.89, 4213.70, 5.07%
- Epoch 026, ExpID 95711
Train - Loss: 8880334.55
Val - Loss, MSE, RMSE, MAE, MAPE: 25713638.00, 25713637.67, 4915.26, 3608.45, 4.60%
Test - Best epoch, Loss, MSE, RMSE, MAE, MAPE: 26, 39302020.00, 39302019.50, 5811.94, 4203.93, 5.07%
- Epoch 027, ExpID 95711
Train - Loss: 8774496.59
Val - Loss, MSE, RMSE, MAE, MAPE: 25687240.00, 25687240.08, 4904.75, 3617.03, 4.60%
Test - Best epoch, Loss, MSE, RMSE, MAE, MAPE: 27, 39152604.00, 39152599.83, 5799.04, 4181.23, 5.03%
- Epoch 028, ExpID 95711
Train - Loss: 8814627.08
Val - Loss, MSE, RMSE, MAE, MAPE: 25898632.00, 25898629.67, 4923.91, 3662.81, 4.65%
Test - Best epoch, Loss, MSE, RMSE, MAE, MAPE: 27, 39152604.00, 39152599.83, 5799.04, 4181.23, 5.03%
- Epoch 029, ExpID 95711
Train - Loss: 8420930.86
Val - Loss, MSE, RMSE, MAE, MAPE: 24922756.00, 24922752.33, 4842.22, 3559.63, 4.55%
Test - Best epoch, Loss, MSE, RMSE, MAE, MAPE: 29, 39271800.00, 39271800.67, 5787.72, 4188.56, 5.05%
- Epoch 030, ExpID 95711
Train - Loss: 8185646.94
Val - Loss, MSE, RMSE, MAE, MAPE: 25614872.00, 25614871.83, 4886.78, 3626.99, 4.61%
Test - Best epoch, Loss, MSE, RMSE, MAE, MAPE: 29, 39271800.00, 39271800.67, 5787.72, 4188.56, 5.05%
- Epoch 031, ExpID 95711
Train - Loss: 8088176.56
Val - Loss, MSE, RMSE, MAE, MAPE: 25542790.00, 25542791.58, 4886.90, 3627.24, 4.61%
Test - Best epoch, Loss, MSE, RMSE, MAE, MAPE: 29, 39271800.00, 39271800.67, 5787.72, 4188.56, 5.05%
- Epoch 032, ExpID 95711
Train - Loss: 8065131.10
Val - Loss, MSE, RMSE, MAE, MAPE: 26195220.00, 26195216.75, 4931.52, 3700.01, 4.68%
Test - Best epoch, Loss, MSE, RMSE, MAE, MAPE: 29, 39271800.00, 39271800.67, 5787.72, 4188.56, 5.05%
- Epoch 033, ExpID 95711
Train - Loss: 7761034.89
Val - Loss, MSE, RMSE, MAE, MAPE: 25885518.00, 25885519.83, 4908.08, 3645.22, 4.64%
Test - Best epoch, Loss, MSE, RMSE, MAE, MAPE: 29, 39271800.00, 39271800.67, 5787.72, 4188.56, 5.05%
- Epoch 034, ExpID 95711
Train - Loss: 7605831.68
Val - Loss, MSE, RMSE, MAE, MAPE: 25547736.00, 25547735.00, 4885.04, 3640.25, 4.62%
Test - Best epoch, Loss, MSE, RMSE, MAE, MAPE: 29, 39271800.00, 39271800.67, 5787.72, 4188.56, 5.05%
- Epoch 035, ExpID 95711
Train - Loss: 7518650.48
Val - Loss, MSE, RMSE, MAE, MAPE: 25864574.00, 25864573.25, 4903.22, 3673.19, 4.67%
Test - Best epoch, Loss, MSE, RMSE, MAE, MAPE: 29, 39271800.00, 39271800.67, 5787.72, 4188.56, 5.05%
- Epoch 036, ExpID 95711
Train - Loss: 7395424.97
Val - Loss, MSE, RMSE, MAE, MAPE: 26175148.00, 26175145.58, 4927.75, 3698.02, 4.69%
Test - Best epoch, Loss, MSE, RMSE, MAE, MAPE: 29, 39271800.00, 39271800.67, 5787.72, 4188.56, 5.05%
- Epoch 037, ExpID 95711
Train - Loss: 7358209.33
Val - Loss, MSE, RMSE, MAE, MAPE: 25446934.00, 25446934.00, 4882.27, 3656.62, 4.65%
Test - Best epoch, Loss, MSE, RMSE, MAE, MAPE: 29, 39271800.00, 39271800.67, 5787.72, 4188.56, 5.05%
- Epoch 038, ExpID 95711
Train - Loss: 7148974.28
Val - Loss, MSE, RMSE, MAE, MAPE: 25977848.00, 25977848.00, 4932.78, 3702.83, 4.72%
Test - Best epoch, Loss, MSE, RMSE, MAE, MAPE: 29, 39271800.00, 39271800.67, 5787.72, 4188.56, 5.05%
- Epoch 039, ExpID 95711
Train - Loss: 7038549.85
Val - Loss, MSE, RMSE, MAE, MAPE: 25913744.00, 25913741.67, 4914.49, 3693.49, 4.70%
Test - Best epoch, Loss, MSE, RMSE, MAE, MAPE: 29, 39271800.00, 39271800.67, 5787.72, 4188.56, 5.05%
Early Stopping at Epoch 39
Fold 2017 Best RMSE: 5787.7152

-------------------- [Fold: 2018] ExpID: 18643 --------------------
- Epoch 000, ExpID 18643
Train - Loss: 29221531.61
Val - Loss, MSE, RMSE, MAE, MAPE: 59742396.00, 59742394.33, 7467.34, 5390.50, 6.49%
Test - Best epoch, Loss, MSE, RMSE, MAE, MAPE: 0, 54368668.00, 54368670.67, 7238.30, 5497.89, 5.96%
- Epoch 001, ExpID 18643
Train - Loss: 23728331.52
Val - Loss, MSE, RMSE, MAE, MAPE: 52161372.00, 52161369.33, 6922.62, 4821.55, 5.80%
Test - Best epoch, Loss, MSE, RMSE, MAE, MAPE: 1, 45823536.00, 45823534.00, 6588.46, 4883.84, 5.28%
- Epoch 002, ExpID 18643
Train - Loss: 21176438.82
Val - Loss, MSE, RMSE, MAE, MAPE: 48699320.00, 48699318.00, 6668.73, 4573.55, 5.50%
Test - Best epoch, Loss, MSE, RMSE, MAE, MAPE: 2, 42752744.00, 42752745.00, 6349.40, 4666.15, 5.04%
- Epoch 003, ExpID 18643
Train - Loss: 19769551.57
Val - Loss, MSE, RMSE, MAE, MAPE: 46483996.00, 46483996.00, 6511.10, 4455.68, 5.35%
Test - Best epoch, Loss, MSE, RMSE, MAE, MAPE: 3, 41123232.00, 41123230.00, 6235.32, 4566.92, 4.93%
- Epoch 004, ExpID 18643
Train - Loss: 18781087.45
Val - Loss, MSE, RMSE, MAE, MAPE: 45122928.00, 45122923.67, 6407.54, 4391.43, 5.28%
Test - Best epoch, Loss, MSE, RMSE, MAE, MAPE: 4, 39860480.00, 39860480.67, 6152.16, 4505.97, 4.87%
- Epoch 005, ExpID 18643
Train - Loss: 17902693.06
Val - Loss, MSE, RMSE, MAE, MAPE: 43917424.00, 43917422.67, 6318.60, 4347.26, 5.22%
Test - Best epoch, Loss, MSE, RMSE, MAE, MAPE: 5, 38834640.00, 38834638.00, 6084.64, 4468.38, 4.82%
- Epoch 006, ExpID 18643
Train - Loss: 17079298.86
Val - Loss, MSE, RMSE, MAE, MAPE: 43005656.00, 43005658.67, 6243.14, 4309.63, 5.19%
Test - Best epoch, Loss, MSE, RMSE, MAE, MAPE: 6, 37724352.00, 37724349.00, 6006.33, 4409.26, 4.77%
- Epoch 007, ExpID 18643
Train - Loss: 16371231.94
Val - Loss, MSE, RMSE, MAE, MAPE: 42081176.00, 42081177.33, 6168.42, 4274.99, 5.13%
Test - Best epoch, Loss, MSE, RMSE, MAE, MAPE: 7, 36807152.00, 36807149.00, 5943.10, 4379.63, 4.73%
- Epoch 008, ExpID 18643
Train - Loss: 15684713.16
Val - Loss, MSE, RMSE, MAE, MAPE: 41591496.00, 41591495.17, 6124.27, 4264.43, 5.12%
Test - Best epoch, Loss, MSE, RMSE, MAE, MAPE: 8, 35919640.00, 35919638.00, 5881.72, 4348.83, 4.70%
- Epoch 009, ExpID 18643
Train - Loss: 15021021.32
Val - Loss, MSE, RMSE, MAE, MAPE: 41031744.00, 41031744.00, 6069.48, 4238.73, 5.10%
Test - Best epoch, Loss, MSE, RMSE, MAE, MAPE: 9, 34905936.00, 34905935.33, 5801.52, 4304.55, 4.65%
- Epoch 010, ExpID 18643
Train - Loss: 14451270.85
Val - Loss, MSE, RMSE, MAE, MAPE: 40709736.00, 40709738.00, 6035.91, 4235.58, 5.09%
Test - Best epoch, Loss, MSE, RMSE, MAE, MAPE: 10, 34335664.00, 34335664.33, 5761.26, 4290.24, 4.64%
- Epoch 011, ExpID 18643
Train - Loss: 13960629.55
Val - Loss, MSE, RMSE, MAE, MAPE: 40473176.00, 40473175.50, 6007.18, 4204.52, 5.05%
Test - Best epoch, Loss, MSE, RMSE, MAE, MAPE: 11, 33647264.00, 33647261.00, 5707.11, 4247.73, 4.58%
- Epoch 012, ExpID 18643
Train - Loss: 13402563.96
Val - Loss, MSE, RMSE, MAE, MAPE: 40433640.00, 40433635.83, 5988.70, 4209.00, 5.07%
Test - Best epoch, Loss, MSE, RMSE, MAE, MAPE: 12, 33170104.00, 33170104.33, 5672.66, 4240.27, 4.58%
- Epoch 013, ExpID 18643
Train - Loss: 12970095.76
Val - Loss, MSE, RMSE, MAE, MAPE: 39851956.00, 39851954.50, 5939.61, 4179.20, 5.02%
Test - Best epoch, Loss, MSE, RMSE, MAE, MAPE: 13, 32526448.00, 32526448.67, 5617.01, 4219.73, 4.56%
- Epoch 014, ExpID 18643
Train - Loss: 12531760.23
Val - Loss, MSE, RMSE, MAE, MAPE: 39952600.00, 39952599.83, 5932.24, 4182.32, 5.04%
Test - Best epoch, Loss, MSE, RMSE, MAE, MAPE: 13, 32526448.00, 32526448.67, 5617.01, 4219.73, 4.56%
- Epoch 015, ExpID 18643
Train - Loss: 12174456.77
Val - Loss, MSE, RMSE, MAE, MAPE: 39933160.00, 39933157.50, 5912.67, 4169.93, 5.03%
Test - Best epoch, Loss, MSE, RMSE, MAE, MAPE: 13, 32526448.00, 32526448.67, 5617.01, 4219.73, 4.56%
- Epoch 016, ExpID 18643
Train - Loss: 11795191.59
Val - Loss, MSE, RMSE, MAE, MAPE: 39601156.00, 39601154.67, 5880.30, 4155.15, 5.01%
Test - Best epoch, Loss, MSE, RMSE, MAE, MAPE: 16, 31365060.00, 31365059.00, 5523.96, 4170.32, 4.50%
- Epoch 017, ExpID 18643
Train - Loss: 11478995.58
Val - Loss, MSE, RMSE, MAE, MAPE: 39641944.00, 39641942.83, 5865.58, 4158.30, 5.01%
Test - Best epoch, Loss, MSE, RMSE, MAE, MAPE: 16, 31365060.00, 31365059.00, 5523.96, 4170.32, 4.50%
- Epoch 018, ExpID 18643
Train - Loss: 11129958.66
Val - Loss, MSE, RMSE, MAE, MAPE: 39548424.00, 39548424.67, 5857.34, 4148.44, 5.00%
Test - Best epoch, Loss, MSE, RMSE, MAE, MAPE: 18, 30688736.00, 30688735.33, 5468.48, 4139.22, 4.47%
- Epoch 019, ExpID 18643
Train - Loss: 10833598.05
Val - Loss, MSE, RMSE, MAE, MAPE: 39195496.00, 39195492.50, 5825.10, 4121.25, 4.97%
Test - Best epoch, Loss, MSE, RMSE, MAE, MAPE: 19, 30281936.00, 30281934.67, 5429.94, 4123.61, 4.45%
- Epoch 020, ExpID 18643
Train - Loss: 10548055.06
Val - Loss, MSE, RMSE, MAE, MAPE: 39268480.00, 39268478.50, 5822.36, 4123.40, 4.96%
Test - Best epoch, Loss, MSE, RMSE, MAE, MAPE: 19, 30281936.00, 30281934.67, 5429.94, 4123.61, 4.45%
- Epoch 021, ExpID 18643
Train - Loss: 10289355.53
Val - Loss, MSE, RMSE, MAE, MAPE: 39096680.00, 39096675.50, 5792.40, 4105.62, 4.95%
Test - Best epoch, Loss, MSE, RMSE, MAE, MAPE: 21, 29897484.00, 29897482.33, 5398.69, 4114.76, 4.44%
- Epoch 022, ExpID 18643
Train - Loss: 10062543.17
Val - Loss, MSE, RMSE, MAE, MAPE: 39295812.00, 39295810.17, 5793.26, 4135.04, 4.99%
Test - Best epoch, Loss, MSE, RMSE, MAE, MAPE: 21, 29897484.00, 29897482.33, 5398.69, 4114.76, 4.44%
- Epoch 023, ExpID 18643
Train - Loss: 9806094.08
Val - Loss, MSE, RMSE, MAE, MAPE: 39092640.00, 39092637.50, 5768.04, 4131.12, 4.98%
Test - Best epoch, Loss, MSE, RMSE, MAE, MAPE: 23, 29641792.00, 29641793.67, 5378.28, 4106.80, 4.44%
- Epoch 024, ExpID 18643
Train - Loss: 9569121.75
Val - Loss, MSE, RMSE, MAE, MAPE: 38683136.00, 38683135.67, 5741.34, 4085.89, 4.92%
Test - Best epoch, Loss, MSE, RMSE, MAE, MAPE: 24, 29289590.00, 29289587.67, 5342.58, 4070.61, 4.39%
- Epoch 025, ExpID 18643
Train - Loss: 9378666.28
Val - Loss, MSE, RMSE, MAE, MAPE: 38807932.00, 38807932.83, 5735.88, 4094.66, 4.94%
Test - Best epoch, Loss, MSE, RMSE, MAE, MAPE: 24, 29289590.00, 29289587.67, 5342.58, 4070.61, 4.39%
- Epoch 026, ExpID 18643
Train - Loss: 9142416.66
Val - Loss, MSE, RMSE, MAE, MAPE: 38855404.00, 38855401.50, 5728.65, 4121.78, 4.98%
Test - Best epoch, Loss, MSE, RMSE, MAE, MAPE: 24, 29289590.00, 29289587.67, 5342.58, 4070.61, 4.39%
- Epoch 027, ExpID 18643
Train - Loss: 8954619.09
Val - Loss, MSE, RMSE, MAE, MAPE: 38975768.00, 38975764.50, 5731.09, 4103.46, 4.97%
Test - Best epoch, Loss, MSE, RMSE, MAE, MAPE: 24, 29289590.00, 29289587.67, 5342.58, 4070.61, 4.39%
- Epoch 028, ExpID 18643
Train - Loss: 8775586.96
Val - Loss, MSE, RMSE, MAE, MAPE: 38805120.00, 38805121.00, 5712.94, 4102.64, 4.96%
Test - Best epoch, Loss, MSE, RMSE, MAE, MAPE: 24, 29289590.00, 29289587.67, 5342.58, 4070.61, 4.39%
- Epoch 029, ExpID 18643
Train - Loss: 8603457.86
Val - Loss, MSE, RMSE, MAE, MAPE: 38567332.00, 38567329.67, 5688.14, 4083.75, 4.93%
Test - Best epoch, Loss, MSE, RMSE, MAE, MAPE: 29, 28900788.00, 28900784.67, 5314.22, 4100.82, 4.43%
- Epoch 030, ExpID 18643
Train - Loss: 8448091.21
Val - Loss, MSE, RMSE, MAE, MAPE: 38665104.00, 38665106.83, 5691.45, 4104.85, 4.95%
Test - Best epoch, Loss, MSE, RMSE, MAE, MAPE: 29, 28900788.00, 28900784.67, 5314.22, 4100.82, 4.43%
- Epoch 031, ExpID 18643
Train - Loss: 8292919.54
Val - Loss, MSE, RMSE, MAE, MAPE: 38704664.00, 38704660.42, 5682.77, 4099.04, 4.95%
Test - Best epoch, Loss, MSE, RMSE, MAE, MAPE: 29, 28900788.00, 28900784.67, 5314.22, 4100.82, 4.43%
- Epoch 032, ExpID 18643
Train - Loss: 8148735.15
Val - Loss, MSE, RMSE, MAE, MAPE: 38769960.00, 38769956.67, 5687.59, 4116.12, 4.98%
Test - Best epoch, Loss, MSE, RMSE, MAE, MAPE: 29, 28900788.00, 28900784.67, 5314.22, 4100.82, 4.43%
- Epoch 033, ExpID 18643
Train - Loss: 8013269.11
Val - Loss, MSE, RMSE, MAE, MAPE: 38638540.00, 38638539.25, 5671.64, 4089.51, 4.93%
Test - Best epoch, Loss, MSE, RMSE, MAE, MAPE: 29, 28900788.00, 28900784.67, 5314.22, 4100.82, 4.43%
- Epoch 034, ExpID 18643
Train - Loss: 7862240.66
Val - Loss, MSE, RMSE, MAE, MAPE: 38264648.00, 38264645.50, 5644.18, 4072.56, 4.91%
Test - Best epoch, Loss, MSE, RMSE, MAE, MAPE: 34, 28890960.00, 28890959.00, 5311.70, 4107.02, 4.43%
- Epoch 035, ExpID 18643
Train - Loss: 7721623.50
Val - Loss, MSE, RMSE, MAE, MAPE: 38360916.00, 38360914.17, 5651.76, 4079.18, 4.93%
Test - Best epoch, Loss, MSE, RMSE, MAE, MAPE: 34, 28890960.00, 28890959.00, 5311.70, 4107.02, 4.43%
- Epoch 036, ExpID 18643
Train - Loss: 7593765.24
Val - Loss, MSE, RMSE, MAE, MAPE: 38547992.00, 38547990.50, 5656.67, 4113.34, 4.96%
Test - Best epoch, Loss, MSE, RMSE, MAE, MAPE: 34, 28890960.00, 28890959.00, 5311.70, 4107.02, 4.43%
- Epoch 037, ExpID 18643
Train - Loss: 7490284.71
Val - Loss, MSE, RMSE, MAE, MAPE: 38419320.00, 38419316.75, 5643.47, 4094.36, 4.94%
Test - Best epoch, Loss, MSE, RMSE, MAE, MAPE: 34, 28890960.00, 28890959.00, 5311.70, 4107.02, 4.43%
- Epoch 038, ExpID 18643
Train - Loss: 7376206.16
Val - Loss, MSE, RMSE, MAE, MAPE: 38707084.00, 38707084.17, 5657.29, 4115.00, 4.97%
Test - Best epoch, Loss, MSE, RMSE, MAE, MAPE: 34, 28890960.00, 28890959.00, 5311.70, 4107.02, 4.43%
- Epoch 039, ExpID 18643
Train - Loss: 7257902.54
Val - Loss, MSE, RMSE, MAE, MAPE: 38614260.00, 38614259.33, 5652.34, 4107.35, 4.96%
Test - Best epoch, Loss, MSE, RMSE, MAE, MAPE: 34, 28890960.00, 28890959.00, 5311.70, 4107.02, 4.43%
- Epoch 040, ExpID 18643
Train - Loss: 7155354.09
Val - Loss, MSE, RMSE, MAE, MAPE: 38767144.00, 38767140.25, 5656.55, 4121.77, 4.97%
Test - Best epoch, Loss, MSE, RMSE, MAE, MAPE: 34, 28890960.00, 28890959.00, 5311.70, 4107.02, 4.43%
- Epoch 041, ExpID 18643
Train - Loss: 7047700.92
Val - Loss, MSE, RMSE, MAE, MAPE: 38917288.00, 38917285.83, 5656.82, 4149.40, 5.01%
Test - Best epoch, Loss, MSE, RMSE, MAE, MAPE: 34, 28890960.00, 28890959.00, 5311.70, 4107.02, 4.43%
- Epoch 042, ExpID 18643
Train - Loss: 6952112.87
Val - Loss, MSE, RMSE, MAE, MAPE: 38565972.00, 38565970.67, 5638.85, 4106.42, 4.96%
Test - Best epoch, Loss, MSE, RMSE, MAE, MAPE: 34, 28890960.00, 28890959.00, 5311.70, 4107.02, 4.43%
- Epoch 043, ExpID 18643
Train - Loss: 6841729.64
Val - Loss, MSE, RMSE, MAE, MAPE: 38439504.00, 38439501.17, 5624.98, 4094.57, 4.94%
Test - Best epoch, Loss, MSE, RMSE, MAE, MAPE: 34, 28890960.00, 28890959.00, 5311.70, 4107.02, 4.43%
- Epoch 044, ExpID 18643
Train - Loss: 6770735.66
Val - Loss, MSE, RMSE, MAE, MAPE: 38781928.00, 38781924.17, 5645.22, 4108.35, 4.95%
Test - Best epoch, Loss, MSE, RMSE, MAE, MAPE: 34, 28890960.00, 28890959.00, 5311.70, 4107.02, 4.43%
Early Stopping at Epoch 44
Fold 2018 Best RMSE: 5311.6979

-------------------- [Fold: 2019] ExpID: 22145 --------------------
- Epoch 000, ExpID 22145
Train - Loss: 31905972.93
Val - Loss, MSE, RMSE, MAE, MAPE: 56490748.00, 56490748.67, 7391.60, 5618.26, 6.09%
Test - Best epoch, Loss, MSE, RMSE, MAE, MAPE: 0, 61446624.00, 61446623.33, 7728.12, 5789.71, 6.10%
- Epoch 001, ExpID 22145
Train - Loss: 25744528.36
Val - Loss, MSE, RMSE, MAE, MAPE: 47587832.00, 47587831.33, 6730.45, 4962.94, 5.38%
Test - Best epoch, Loss, MSE, RMSE, MAE, MAPE: 1, 52367612.00, 52367605.33, 7060.86, 5136.55, 5.42%
- Epoch 002, ExpID 22145
Train - Loss: 22990476.16
Val - Loss, MSE, RMSE, MAE, MAPE: 44472040.00, 44472037.67, 6490.10, 4723.11, 5.12%
Test - Best epoch, Loss, MSE, RMSE, MAE, MAPE: 2, 48629324.00, 48629324.33, 6759.76, 4849.60, 5.12%
- Epoch 003, ExpID 22145
Train - Loss: 21430198.13
Val - Loss, MSE, RMSE, MAE, MAPE: 42726736.00, 42726735.00, 6368.99, 4622.53, 5.01%
Test - Best epoch, Loss, MSE, RMSE, MAE, MAPE: 3, 46152780.00, 46152780.00, 6567.32, 4681.12, 4.95%
- Epoch 004, ExpID 22145
Train - Loss: 20373558.09
Val - Loss, MSE, RMSE, MAE, MAPE: 41301980.00, 41301977.67, 6271.40, 4552.10, 4.93%
Test - Best epoch, Loss, MSE, RMSE, MAE, MAPE: 4, 44254424.00, 44254422.33, 6419.43, 4561.83, 4.82%
- Epoch 005, ExpID 22145
Train - Loss: 19417158.83
Val - Loss, MSE, RMSE, MAE, MAPE: 39946896.00, 39946896.67, 6176.60, 4484.20, 4.86%
Test - Best epoch, Loss, MSE, RMSE, MAE, MAPE: 5, 42540848.00, 42540848.33, 6285.46, 4455.74, 4.71%
- Epoch 006, ExpID 22145
Train - Loss: 18563959.76
Val - Loss, MSE, RMSE, MAE, MAPE: 38555456.00, 38555455.33, 6075.31, 4417.33, 4.79%
Test - Best epoch, Loss, MSE, RMSE, MAE, MAPE: 6, 41179428.00, 41179426.67, 6175.77, 4381.30, 4.63%
- Epoch 007, ExpID 22145
Train - Loss: 17807966.40
Val - Loss, MSE, RMSE, MAE, MAPE: 37576864.00, 37576866.00, 6002.12, 4376.52, 4.75%
Test - Best epoch, Loss, MSE, RMSE, MAE, MAPE: 7, 40058352.00, 40058349.33, 6083.43, 4315.94, 4.57%
- Epoch 008, ExpID 22145
Train - Loss: 16987142.36
Val - Loss, MSE, RMSE, MAE, MAPE: 36412632.00, 36412632.67, 5914.69, 4315.48, 4.68%
Test - Best epoch, Loss, MSE, RMSE, MAE, MAPE: 8, 38632352.00, 38632352.00, 5969.32, 4247.99, 4.49%
- Epoch 009, ExpID 22145
Train - Loss: 16262039.87
Val - Loss, MSE, RMSE, MAE, MAPE: 35474272.00, 35474274.67, 5841.27, 4274.45, 4.63%
Test - Best epoch, Loss, MSE, RMSE, MAE, MAPE: 9, 37309536.00, 37309534.17, 5867.33, 4175.45, 4.42%
- Epoch 010, ExpID 22145
Train - Loss: 15657936.52
Val - Loss, MSE, RMSE, MAE, MAPE: 34660320.00, 34660318.33, 5781.34, 4232.81, 4.58%
Test - Best epoch, Loss, MSE, RMSE, MAE, MAPE: 10, 35965104.00, 35965104.33, 5761.78, 4101.44, 4.34%
- Epoch 011, ExpID 22145
Train - Loss: 15033283.90
Val - Loss, MSE, RMSE, MAE, MAPE: 33767768.00, 33767771.33, 5709.33, 4195.06, 4.55%
Test - Best epoch, Loss, MSE, RMSE, MAE, MAPE: 11, 35024676.00, 35024674.00, 5686.88, 4047.68, 4.28%
- Epoch 012, ExpID 22145
Train - Loss: 14580926.20
Val - Loss, MSE, RMSE, MAE, MAPE: 33234782.00, 33234781.33, 5663.89, 4186.44, 4.54%
Test - Best epoch, Loss, MSE, RMSE, MAE, MAPE: 12, 34246220.00, 34246220.17, 5615.23, 4007.66, 4.24%
- Epoch 013, ExpID 22145
Train - Loss: 14017433.09
Val - Loss, MSE, RMSE, MAE, MAPE: 32543366.00, 32543366.67, 5610.59, 4143.88, 4.49%
Test - Best epoch, Loss, MSE, RMSE, MAE, MAPE: 13, 33301228.00, 33301230.33, 5541.09, 3963.56, 4.19%
- Epoch 014, ExpID 22145
Train - Loss: 13566387.76
Val - Loss, MSE, RMSE, MAE, MAPE: 32103956.00, 32103953.67, 5571.17, 4130.22, 4.47%
Test - Best epoch, Loss, MSE, RMSE, MAE, MAPE: 14, 32570028.00, 32570026.17, 5478.81, 3915.33, 4.14%
- Epoch 015, ExpID 22145
Train - Loss: 13142409.32
Val - Loss, MSE, RMSE, MAE, MAPE: 31630302.00, 31630297.67, 5534.32, 4106.07, 4.45%
Test - Best epoch, Loss, MSE, RMSE, MAE, MAPE: 15, 32310246.00, 32310246.67, 5449.93, 3907.72, 4.13%
- Epoch 016, ExpID 22145
Train - Loss: 12738405.40
Val - Loss, MSE, RMSE, MAE, MAPE: 31299374.00, 31299373.33, 5505.67, 4087.05, 4.43%
Test - Best epoch, Loss, MSE, RMSE, MAE, MAPE: 16, 31761774.00, 31761774.83, 5404.99, 3877.72, 4.10%
- Epoch 017, ExpID 22145
Train - Loss: 12387902.97
Val - Loss, MSE, RMSE, MAE, MAPE: 31010076.00, 31010078.00, 5483.94, 4082.75, 4.43%
Test - Best epoch, Loss, MSE, RMSE, MAE, MAPE: 17, 31460948.00, 31460944.67, 5376.13, 3867.38, 4.09%
- Epoch 018, ExpID 22145
Train - Loss: 12069753.92
Val - Loss, MSE, RMSE, MAE, MAPE: 30483136.00, 30483138.33, 5439.73, 4050.03, 4.39%
Test - Best epoch, Loss, MSE, RMSE, MAE, MAPE: 18, 30668470.00, 30668469.33, 5312.12, 3824.16, 4.04%
- Epoch 019, ExpID 22145
Train - Loss: 11745477.14
Val - Loss, MSE, RMSE, MAE, MAPE: 30221608.00, 30221609.33, 5415.85, 4032.11, 4.37%
Test - Best epoch, Loss, MSE, RMSE, MAE, MAPE: 19, 30310432.00, 30310434.17, 5275.92, 3805.23, 4.02%
- Epoch 020, ExpID 22145
Train - Loss: 11415142.83
Val - Loss, MSE, RMSE, MAE, MAPE: 29917406.00, 29917406.33, 5391.28, 4011.21, 4.35%
Test - Best epoch, Loss, MSE, RMSE, MAE, MAPE: 20, 29861632.00, 29861630.00, 5240.06, 3781.93, 4.00%
- Epoch 021, ExpID 22145
Train - Loss: 11117451.13
Val - Loss, MSE, RMSE, MAE, MAPE: 29678894.00, 29678894.33, 5369.53, 4015.22, 4.36%
Test - Best epoch, Loss, MSE, RMSE, MAE, MAPE: 21, 29527446.00, 29527445.17, 5211.82, 3765.78, 3.98%
- Epoch 022, ExpID 22145
Train - Loss: 10849370.58
Val - Loss, MSE, RMSE, MAE, MAPE: 29640736.00, 29640736.00, 5368.38, 4013.16, 4.36%
Test - Best epoch, Loss, MSE, RMSE, MAE, MAPE: 22, 29343702.00, 29343701.17, 5193.70, 3760.00, 3.98%
- Epoch 023, ExpID 22145
Train - Loss: 10632867.16
Val - Loss, MSE, RMSE, MAE, MAPE: 29363582.00, 29363579.67, 5340.82, 3997.90, 4.34%
Test - Best epoch, Loss, MSE, RMSE, MAE, MAPE: 23, 29331140.00, 29331137.83, 5189.52, 3763.80, 3.98%
- Epoch 024, ExpID 22145
Train - Loss: 10396462.70
Val - Loss, MSE, RMSE, MAE, MAPE: 29235972.00, 29235970.00, 5331.75, 3998.88, 4.34%
Test - Best epoch, Loss, MSE, RMSE, MAE, MAPE: 24, 28730420.00, 28730416.50, 5146.49, 3734.08, 3.95%
- Epoch 025, ExpID 22145
Train - Loss: 10148272.33
Val - Loss, MSE, RMSE, MAE, MAPE: 29180380.00, 29180380.00, 5327.99, 3988.55, 4.33%
Test - Best epoch, Loss, MSE, RMSE, MAE, MAPE: 25, 28902316.00, 28902316.83, 5151.65, 3751.94, 3.97%
- Epoch 026, ExpID 22145
Train - Loss: 9934780.10
Val - Loss, MSE, RMSE, MAE, MAPE: 29080758.00, 29080755.67, 5315.45, 3995.28, 4.33%
Test - Best epoch, Loss, MSE, RMSE, MAE, MAPE: 26, 28102662.00, 28102660.17, 5099.26, 3699.40, 3.91%
- Epoch 027, ExpID 22145
Train - Loss: 9711256.15
Val - Loss, MSE, RMSE, MAE, MAPE: 29204014.00, 29204016.00, 5329.84, 4011.65, 4.36%
Test - Best epoch, Loss, MSE, RMSE, MAE, MAPE: 26, 28102662.00, 28102660.17, 5099.26, 3699.40, 3.91%
- Epoch 028, ExpID 22145
Train - Loss: 9500963.85
Val - Loss, MSE, RMSE, MAE, MAPE: 28921152.00, 28921151.33, 5306.79, 3976.97, 4.32%
Test - Best epoch, Loss, MSE, RMSE, MAE, MAPE: 28, 27843630.00, 27843626.83, 5071.39, 3696.60, 3.91%
- Epoch 029, ExpID 22145
Train - Loss: 9320437.25
Val - Loss, MSE, RMSE, MAE, MAPE: 28922390.00, 28922388.67, 5304.02, 3988.48, 4.33%
Test - Best epoch, Loss, MSE, RMSE, MAE, MAPE: 28, 27843630.00, 27843626.83, 5071.39, 3696.60, 3.91%
- Epoch 030, ExpID 22145
Train - Loss: 9147929.62
Val - Loss, MSE, RMSE, MAE, MAPE: 29097846.00, 29097844.00, 5317.98, 4006.90, 4.35%
Test - Best epoch, Loss, MSE, RMSE, MAE, MAPE: 28, 27843630.00, 27843626.83, 5071.39, 3696.60, 3.91%
- Epoch 031, ExpID 22145
Train - Loss: 8985525.32
Val - Loss, MSE, RMSE, MAE, MAPE: 28867828.00, 28867828.67, 5302.97, 3986.35, 4.32%
Test - Best epoch, Loss, MSE, RMSE, MAE, MAPE: 31, 27418716.00, 27418712.67, 5037.85, 3680.30, 3.89%
- Epoch 032, ExpID 22145
Train - Loss: 8805104.58
Val - Loss, MSE, RMSE, MAE, MAPE: 29157158.00, 29157157.33, 5327.04, 4017.70, 4.36%
Test - Best epoch, Loss, MSE, RMSE, MAE, MAPE: 31, 27418716.00, 27418712.67, 5037.85, 3680.30, 3.89%
- Epoch 033, ExpID 22145
Train - Loss: 8684050.57
Val - Loss, MSE, RMSE, MAE, MAPE: 28985606.00, 28985604.00, 5314.95, 4000.81, 4.34%
Test - Best epoch, Loss, MSE, RMSE, MAE, MAPE: 31, 27418716.00, 27418712.67, 5037.85, 3680.30, 3.89%
- Epoch 034, ExpID 22145
Train - Loss: 8529272.07
Val - Loss, MSE, RMSE, MAE, MAPE: 28814900.00, 28814897.50, 5297.60, 3983.24, 4.32%
Test - Best epoch, Loss, MSE, RMSE, MAE, MAPE: 34, 27455670.00, 27455671.67, 5047.73, 3707.94, 3.92%
- Epoch 035, ExpID 22145
Train - Loss: 8398154.23
Val - Loss, MSE, RMSE, MAE, MAPE: 28886260.00, 28886259.67, 5302.76, 3994.12, 4.33%
Test - Best epoch, Loss, MSE, RMSE, MAE, MAPE: 34, 27455670.00, 27455671.67, 5047.73, 3707.94, 3.92%
- Epoch 036, ExpID 22145
Train - Loss: 8273797.68
Val - Loss, MSE, RMSE, MAE, MAPE: 29076468.00, 29076465.83, 5320.99, 4010.09, 4.36%
Test - Best epoch, Loss, MSE, RMSE, MAE, MAPE: 34, 27455670.00, 27455671.67, 5047.73, 3707.94, 3.92%
- Epoch 037, ExpID 22145
Train - Loss: 8130532.08
Val - Loss, MSE, RMSE, MAE, MAPE: 29073376.00, 29073374.83, 5317.42, 4003.05, 4.34%
Test - Best epoch, Loss, MSE, RMSE, MAE, MAPE: 34, 27455670.00, 27455671.67, 5047.73, 3707.94, 3.92%
- Epoch 038, ExpID 22145
Train - Loss: 8001453.59
Val - Loss, MSE, RMSE, MAE, MAPE: 29453648.00, 29453649.67, 5352.53, 4041.73, 4.39%
Test - Best epoch, Loss, MSE, RMSE, MAE, MAPE: 34, 27455670.00, 27455671.67, 5047.73, 3707.94, 3.92%
- Epoch 039, ExpID 22145
Train - Loss: 7933087.26
Val - Loss, MSE, RMSE, MAE, MAPE: 29176638.00, 29176635.33, 5334.72, 4017.81, 4.36%
Test - Best epoch, Loss, MSE, RMSE, MAE, MAPE: 34, 27455670.00, 27455671.67, 5047.73, 3707.94, 3.92%
- Epoch 040, ExpID 22145
Train - Loss: 7804910.32
Val - Loss, MSE, RMSE, MAE, MAPE: 29353622.00, 29353620.67, 5350.50, 4027.81, 4.37%
Test - Best epoch, Loss, MSE, RMSE, MAE, MAPE: 34, 27455670.00, 27455671.67, 5047.73, 3707.94, 3.92%
- Epoch 041, ExpID 22145
Train - Loss: 7693257.99
Val - Loss, MSE, RMSE, MAE, MAPE: 29511804.00, 29511805.17, 5357.59, 4051.13, 4.40%
Test - Best epoch, Loss, MSE, RMSE, MAE, MAPE: 34, 27455670.00, 27455671.67, 5047.73, 3707.94, 3.92%
- Epoch 042, ExpID 22145
Train - Loss: 7584874.48
Val - Loss, MSE, RMSE, MAE, MAPE: 29644056.00, 29644056.17, 5369.07, 4060.70, 4.41%
Test - Best epoch, Loss, MSE, RMSE, MAE, MAPE: 34, 27455670.00, 27455671.67, 5047.73, 3707.94, 3.92%
- Epoch 043, ExpID 22145
Train - Loss: 7459032.15
Val - Loss, MSE, RMSE, MAE, MAPE: 29444276.00, 29444273.00, 5350.59, 4041.67, 4.38%
Test - Best epoch, Loss, MSE, RMSE, MAE, MAPE: 34, 27455670.00, 27455671.67, 5047.73, 3707.94, 3.92%
- Epoch 044, ExpID 22145
Train - Loss: 7348012.88
Val - Loss, MSE, RMSE, MAE, MAPE: 29625512.00, 29625514.17, 5365.74, 4059.73, 4.41%
Test - Best epoch, Loss, MSE, RMSE, MAE, MAPE: 34, 27455670.00, 27455671.67, 5047.73, 3707.94, 3.92%
Early Stopping at Epoch 44
Fold 2019 Best RMSE: 5047.7331
