DETAILED LOG | Model: nbeats | Seed: 1
FULL CONFIG: {'gpu': '0', 'target': 'departure', 'cv_start_year': 2017, 'cv_end_year': 2019, 'test_year': 2024, 'use_corona': False, 'seq_len': 91, 'label_len': 0, 'pred_len': 7, 'batch_size': 64, 'epochs': 1000, 'patience': 10, 'lr': 0.0001, 'model': 'nbeats', 'd_model': 64, 'n_heads': 4, 'n_layers': 4, 'dropout': 0.1, 'activation': 'gelu', 'patch_len': 16, 'factor': 5, 'norm_mode': 'revin', 'use_dbloss': False, 'device': device(type='cuda'), 'stride': 16, 'file_path': 'dataset/airport_daily_flight_merged.csv', 'seed': 1, 'val_year': 2019, 'ndims': 1}

-------------------- [Fold: 2017] ExpID: 3268 --------------------
- Epoch 000, ExpID 3268
Train - Loss: 29137602.86
Val - Loss, MSE, RMSE, MAE, MAPE: 53998064.00, 53998068.00, 7293.76, 5557.60, 7.18%
Test - Best epoch, Loss, MSE, RMSE, MAE, MAPE: 0, 71536000.00, 71535994.67, 8243.80, 6186.33, 7.46%
- Epoch 001, ExpID 3268
Train - Loss: 27226396.62
Val - Loss, MSE, RMSE, MAE, MAPE: 47369904.00, 47369901.00, 6821.15, 5136.71, 6.63%
Test - Best epoch, Loss, MSE, RMSE, MAE, MAPE: 1, 63913280.00, 63913281.00, 7761.07, 5704.97, 6.89%
- Epoch 002, ExpID 3268
Train - Loss: 22714764.96
Val - Loss, MSE, RMSE, MAE, MAPE: 36393188.00, 36393186.67, 5957.20, 4383.35, 5.66%
Test - Best epoch, Loss, MSE, RMSE, MAE, MAPE: 2, 51927564.00, 51927562.33, 6924.20, 4900.15, 5.93%
- Epoch 003, ExpID 3268
Train - Loss: 19628067.75
Val - Loss, MSE, RMSE, MAE, MAPE: 33106806.00, 33106806.33, 5689.61, 4164.96, 5.34%
Test - Best epoch, Loss, MSE, RMSE, MAE, MAPE: 3, 49308732.00, 49308729.00, 6716.27, 4786.23, 5.77%
- Epoch 004, ExpID 3268
Train - Loss: 18229801.28
Val - Loss, MSE, RMSE, MAE, MAPE: 31009616.00, 31009614.67, 5505.76, 4040.50, 5.20%
Test - Best epoch, Loss, MSE, RMSE, MAE, MAPE: 4, 48880224.00, 48880226.17, 6634.93, 4742.08, 5.75%
- Epoch 005, ExpID 3268
Train - Loss: 17093248.15
Val - Loss, MSE, RMSE, MAE, MAPE: 29641118.00, 29641119.00, 5398.44, 3999.19, 5.10%
Test - Best epoch, Loss, MSE, RMSE, MAE, MAPE: 5, 49054192.00, 49054189.00, 6632.52, 4785.42, 5.75%
- Epoch 006, ExpID 3268
Train - Loss: 16215003.84
Val - Loss, MSE, RMSE, MAE, MAPE: 28153696.00, 28153697.33, 5260.12, 3913.39, 5.03%
Test - Best epoch, Loss, MSE, RMSE, MAE, MAPE: 6, 48309480.00, 48309480.00, 6537.13, 4710.61, 5.70%
- Epoch 007, ExpID 3268
Train - Loss: 15687482.77
Val - Loss, MSE, RMSE, MAE, MAPE: 27357432.00, 27357431.00, 5181.78, 3830.87, 4.92%
Test - Best epoch, Loss, MSE, RMSE, MAE, MAPE: 7, 47740504.00, 47740502.50, 6485.29, 4688.34, 5.67%
- Epoch 008, ExpID 3268
Train - Loss: 15266860.29
Val - Loss, MSE, RMSE, MAE, MAPE: 26684748.00, 26684745.33, 5123.57, 3790.61, 4.85%
Test - Best epoch, Loss, MSE, RMSE, MAE, MAPE: 8, 48532584.00, 48532579.00, 6528.64, 4753.15, 5.72%
- Epoch 009, ExpID 3268
Train - Loss: 14804341.03
Val - Loss, MSE, RMSE, MAE, MAPE: 26106766.00, 26106764.00, 5067.50, 3759.29, 4.84%
Test - Best epoch, Loss, MSE, RMSE, MAE, MAPE: 9, 48448028.00, 48448026.17, 6487.65, 4707.33, 5.70%
- Epoch 010, ExpID 3268
Train - Loss: 14357395.32
Val - Loss, MSE, RMSE, MAE, MAPE: 26210220.00, 26210216.33, 5084.59, 3756.67, 4.79%
Test - Best epoch, Loss, MSE, RMSE, MAE, MAPE: 9, 48448028.00, 48448026.17, 6487.65, 4707.33, 5.70%
- Epoch 011, ExpID 3268
Train - Loss: 14105183.39
Val - Loss, MSE, RMSE, MAE, MAPE: 25227758.00, 25227757.67, 4983.81, 3677.16, 4.73%
Test - Best epoch, Loss, MSE, RMSE, MAE, MAPE: 11, 46980204.00, 46980200.50, 6382.32, 4639.84, 5.61%
- Epoch 012, ExpID 3268
Train - Loss: 13754460.65
Val - Loss, MSE, RMSE, MAE, MAPE: 25062944.00, 25062941.67, 4969.40, 3652.02, 4.68%
Test - Best epoch, Loss, MSE, RMSE, MAE, MAPE: 12, 47822124.00, 47822122.33, 6449.97, 4737.56, 5.71%
- Epoch 013, ExpID 3268
Train - Loss: 13460189.28
Val - Loss, MSE, RMSE, MAE, MAPE: 24790952.00, 24790952.33, 4944.26, 3642.26, 4.67%
Test - Best epoch, Loss, MSE, RMSE, MAE, MAPE: 13, 48755084.00, 48755079.67, 6499.10, 4778.37, 5.76%
- Epoch 014, ExpID 3268
Train - Loss: 13113496.75
Val - Loss, MSE, RMSE, MAE, MAPE: 24634752.00, 24634754.00, 4929.91, 3607.65, 4.62%
Test - Best epoch, Loss, MSE, RMSE, MAE, MAPE: 14, 48725804.00, 48725804.67, 6515.17, 4828.97, 5.80%
- Epoch 015, ExpID 3268
Train - Loss: 12850765.62
Val - Loss, MSE, RMSE, MAE, MAPE: 24298182.00, 24298182.67, 4894.89, 3596.69, 4.62%
Test - Best epoch, Loss, MSE, RMSE, MAE, MAPE: 15, 47845120.00, 47845121.33, 6445.20, 4738.41, 5.71%
- Epoch 016, ExpID 3268
Train - Loss: 12629881.97
Val - Loss, MSE, RMSE, MAE, MAPE: 24394552.00, 24394551.67, 4907.54, 3595.31, 4.60%
Test - Best epoch, Loss, MSE, RMSE, MAE, MAPE: 15, 47845120.00, 47845121.33, 6445.20, 4738.41, 5.71%
- Epoch 017, ExpID 3268
Train - Loss: 12464381.19
Val - Loss, MSE, RMSE, MAE, MAPE: 24121678.00, 24121676.67, 4883.11, 3573.79, 4.57%
Test - Best epoch, Loss, MSE, RMSE, MAE, MAPE: 17, 49333272.00, 49333272.33, 6562.41, 4874.64, 5.84%
- Epoch 018, ExpID 3268
Train - Loss: 12250003.39
Val - Loss, MSE, RMSE, MAE, MAPE: 23939240.00, 23939240.67, 4858.12, 3558.46, 4.57%
Test - Best epoch, Loss, MSE, RMSE, MAE, MAPE: 18, 48871584.00, 48871585.00, 6529.77, 4860.56, 5.84%
- Epoch 019, ExpID 3268
Train - Loss: 11969556.53
Val - Loss, MSE, RMSE, MAE, MAPE: 23872820.00, 23872818.67, 4849.84, 3543.55, 4.55%
Test - Best epoch, Loss, MSE, RMSE, MAE, MAPE: 19, 48420220.00, 48420215.50, 6503.86, 4849.35, 5.83%
- Epoch 020, ExpID 3268
Train - Loss: 11735586.36
Val - Loss, MSE, RMSE, MAE, MAPE: 23679940.00, 23679937.00, 4836.34, 3529.23, 4.52%
Test - Best epoch, Loss, MSE, RMSE, MAE, MAPE: 20, 49252232.00, 49252232.17, 6585.57, 4932.49, 5.90%
- Epoch 021, ExpID 3268
Train - Loss: 11590136.44
Val - Loss, MSE, RMSE, MAE, MAPE: 23869672.00, 23869671.50, 4845.19, 3537.50, 4.56%
Test - Best epoch, Loss, MSE, RMSE, MAE, MAPE: 20, 49252232.00, 49252232.17, 6585.57, 4932.49, 5.90%
- Epoch 022, ExpID 3268
Train - Loss: 11354886.74
Val - Loss, MSE, RMSE, MAE, MAPE: 23880364.00, 23880363.50, 4851.69, 3534.80, 4.54%
Test - Best epoch, Loss, MSE, RMSE, MAE, MAPE: 20, 49252232.00, 49252232.17, 6585.57, 4932.49, 5.90%
- Epoch 023, ExpID 3268
Train - Loss: 11245002.89
Val - Loss, MSE, RMSE, MAE, MAPE: 23612516.00, 23612512.67, 4830.61, 3508.96, 4.50%
Test - Best epoch, Loss, MSE, RMSE, MAE, MAPE: 23, 48373056.00, 48373057.17, 6544.36, 4915.47, 5.88%
- Epoch 024, ExpID 3268
Train - Loss: 10998901.70
Val - Loss, MSE, RMSE, MAE, MAPE: 24468630.00, 24468630.17, 4917.03, 3584.98, 4.56%
Test - Best epoch, Loss, MSE, RMSE, MAE, MAPE: 23, 48373056.00, 48373057.17, 6544.36, 4915.47, 5.88%
- Epoch 025, ExpID 3268
Train - Loss: 10811429.79
Val - Loss, MSE, RMSE, MAE, MAPE: 23785584.00, 23785583.33, 4841.48, 3521.69, 4.54%
Test - Best epoch, Loss, MSE, RMSE, MAE, MAPE: 23, 48373056.00, 48373057.17, 6544.36, 4915.47, 5.88%
- Epoch 026, ExpID 3268
Train - Loss: 10680692.61
Val - Loss, MSE, RMSE, MAE, MAPE: 23837012.00, 23837010.33, 4849.67, 3537.82, 4.54%
Test - Best epoch, Loss, MSE, RMSE, MAE, MAPE: 23, 48373056.00, 48373057.17, 6544.36, 4915.47, 5.88%
- Epoch 027, ExpID 3268
Train - Loss: 10470965.08
Val - Loss, MSE, RMSE, MAE, MAPE: 23874542.00, 23874542.67, 4854.25, 3504.62, 4.49%
Test - Best epoch, Loss, MSE, RMSE, MAE, MAPE: 23, 48373056.00, 48373057.17, 6544.36, 4915.47, 5.88%
- Epoch 028, ExpID 3268
Train - Loss: 10325921.85
Val - Loss, MSE, RMSE, MAE, MAPE: 23805532.00, 23805531.33, 4847.17, 3513.30, 4.51%
Test - Best epoch, Loss, MSE, RMSE, MAE, MAPE: 23, 48373056.00, 48373057.17, 6544.36, 4915.47, 5.88%
- Epoch 029, ExpID 3268
Train - Loss: 10158610.31
Val - Loss, MSE, RMSE, MAE, MAPE: 23716748.00, 23716747.50, 4840.54, 3516.64, 4.51%
Test - Best epoch, Loss, MSE, RMSE, MAE, MAPE: 23, 48373056.00, 48373057.17, 6544.36, 4915.47, 5.88%
- Epoch 030, ExpID 3268
Train - Loss: 10094478.32
Val - Loss, MSE, RMSE, MAE, MAPE: 24058358.00, 24058358.33, 4871.74, 3513.71, 4.50%
Test - Best epoch, Loss, MSE, RMSE, MAE, MAPE: 23, 48373056.00, 48373057.17, 6544.36, 4915.47, 5.88%
- Epoch 031, ExpID 3268
Train - Loss: 9898245.21
Val - Loss, MSE, RMSE, MAE, MAPE: 24763560.00, 24763558.50, 4942.18, 3593.48, 4.58%
Test - Best epoch, Loss, MSE, RMSE, MAE, MAPE: 23, 48373056.00, 48373057.17, 6544.36, 4915.47, 5.88%
- Epoch 032, ExpID 3268
Train - Loss: 9754438.78
Val - Loss, MSE, RMSE, MAE, MAPE: 24052784.00, 24052782.33, 4870.32, 3532.19, 4.55%
Test - Best epoch, Loss, MSE, RMSE, MAE, MAPE: 23, 48373056.00, 48373057.17, 6544.36, 4915.47, 5.88%
- Epoch 033, ExpID 3268
Train - Loss: 9611222.01
Val - Loss, MSE, RMSE, MAE, MAPE: 24182332.00, 24182331.33, 4888.18, 3562.60, 4.57%
Test - Best epoch, Loss, MSE, RMSE, MAE, MAPE: 23, 48373056.00, 48373057.17, 6544.36, 4915.47, 5.88%
Early Stopping at Epoch 33
Fold 2017 Best RMSE: 6544.3615

-------------------- [Fold: 2018] ExpID: 62432 --------------------
- Epoch 000, ExpID 62432
Train - Loss: 31584042.78
Val - Loss, MSE, RMSE, MAE, MAPE: 70983048.00, 70983048.00, 8206.31, 6139.73, 7.41%
Test - Best epoch, Loss, MSE, RMSE, MAE, MAPE: 0, 68865664.00, 68865655.33, 8195.88, 6374.13, 6.93%
- Epoch 001, ExpID 62432
Train - Loss: 28200946.21
Val - Loss, MSE, RMSE, MAE, MAPE: 61785728.00, 61785732.33, 7609.69, 5539.81, 6.69%
Test - Best epoch, Loss, MSE, RMSE, MAE, MAPE: 1, 58131376.00, 58131371.33, 7508.06, 5738.55, 6.24%
- Epoch 002, ExpID 62432
Train - Loss: 23575094.54
Val - Loss, MSE, RMSE, MAE, MAPE: 51648392.00, 51648386.33, 6896.71, 4890.26, 5.89%
Test - Best epoch, Loss, MSE, RMSE, MAE, MAPE: 2, 46368556.00, 46368554.33, 6673.90, 5009.48, 5.43%
- Epoch 003, ExpID 62432
Train - Loss: 20615060.93
Val - Loss, MSE, RMSE, MAE, MAPE: 49112352.00, 49112355.00, 6678.84, 4784.90, 5.73%
Test - Best epoch, Loss, MSE, RMSE, MAE, MAPE: 3, 42401308.00, 42401305.67, 6381.12, 4813.12, 5.18%
- Epoch 004, ExpID 62432
Train - Loss: 18559417.48
Val - Loss, MSE, RMSE, MAE, MAPE: 47803504.00, 47803503.67, 6536.84, 4673.28, 5.63%
Test - Best epoch, Loss, MSE, RMSE, MAE, MAPE: 4, 39896740.00, 39896738.33, 6197.20, 4703.81, 5.08%
- Epoch 005, ExpID 62432
Train - Loss: 17604712.72
Val - Loss, MSE, RMSE, MAE, MAPE: 47230304.00, 47230305.33, 6463.57, 4614.87, 5.58%
Test - Best epoch, Loss, MSE, RMSE, MAE, MAPE: 5, 38596204.00, 38596205.67, 6094.98, 4630.66, 5.01%
- Epoch 006, ExpID 62432
Train - Loss: 16761684.62
Val - Loss, MSE, RMSE, MAE, MAPE: 47510368.00, 47510369.83, 6487.86, 4695.88, 5.64%
Test - Best epoch, Loss, MSE, RMSE, MAE, MAPE: 5, 38596204.00, 38596205.67, 6094.98, 4630.66, 5.01%
- Epoch 007, ExpID 62432
Train - Loss: 16198777.09
Val - Loss, MSE, RMSE, MAE, MAPE: 45542816.00, 45542813.67, 6326.41, 4525.32, 5.47%
Test - Best epoch, Loss, MSE, RMSE, MAE, MAPE: 7, 36440728.00, 36440726.33, 5929.87, 4535.60, 4.90%
- Epoch 008, ExpID 62432
Train - Loss: 15727827.35
Val - Loss, MSE, RMSE, MAE, MAPE: 46663384.00, 46663382.33, 6406.43, 4613.11, 5.54%
Test - Best epoch, Loss, MSE, RMSE, MAE, MAPE: 7, 36440728.00, 36440726.33, 5929.87, 4535.60, 4.90%
- Epoch 009, ExpID 62432
Train - Loss: 15614385.64
Val - Loss, MSE, RMSE, MAE, MAPE: 46915116.00, 46915113.33, 6432.09, 4652.68, 5.57%
Test - Best epoch, Loss, MSE, RMSE, MAE, MAPE: 7, 36440728.00, 36440726.33, 5929.87, 4535.60, 4.90%
- Epoch 010, ExpID 62432
Train - Loss: 15067211.44
Val - Loss, MSE, RMSE, MAE, MAPE: 44717432.00, 44717433.50, 6242.66, 4475.19, 5.42%
Test - Best epoch, Loss, MSE, RMSE, MAE, MAPE: 10, 35289624.00, 35289620.33, 5834.98, 4480.45, 4.86%
- Epoch 011, ExpID 62432
Train - Loss: 14609612.33
Val - Loss, MSE, RMSE, MAE, MAPE: 45837888.00, 45837887.50, 6329.67, 4582.52, 5.51%
Test - Best epoch, Loss, MSE, RMSE, MAE, MAPE: 10, 35289624.00, 35289620.33, 5834.98, 4480.45, 4.86%
- Epoch 012, ExpID 62432
Train - Loss: 14286433.14
Val - Loss, MSE, RMSE, MAE, MAPE: 46902672.00, 46902671.00, 6452.37, 4723.90, 5.65%
Test - Best epoch, Loss, MSE, RMSE, MAE, MAPE: 10, 35289624.00, 35289620.33, 5834.98, 4480.45, 4.86%
- Epoch 013, ExpID 62432
Train - Loss: 13971953.87
Val - Loss, MSE, RMSE, MAE, MAPE: 44934640.00, 44934637.67, 6250.29, 4500.84, 5.44%
Test - Best epoch, Loss, MSE, RMSE, MAE, MAPE: 10, 35289624.00, 35289620.33, 5834.98, 4480.45, 4.86%
- Epoch 014, ExpID 62432
Train - Loss: 13733834.58
Val - Loss, MSE, RMSE, MAE, MAPE: 44874072.00, 44874070.83, 6252.42, 4531.58, 5.47%
Test - Best epoch, Loss, MSE, RMSE, MAE, MAPE: 10, 35289624.00, 35289620.33, 5834.98, 4480.45, 4.86%
- Epoch 015, ExpID 62432
Train - Loss: 13515448.36
Val - Loss, MSE, RMSE, MAE, MAPE: 45473016.00, 45473011.00, 6301.79, 4597.25, 5.53%
Test - Best epoch, Loss, MSE, RMSE, MAE, MAPE: 10, 35289624.00, 35289620.33, 5834.98, 4480.45, 4.86%
- Epoch 016, ExpID 62432
Train - Loss: 13147136.66
Val - Loss, MSE, RMSE, MAE, MAPE: 46756384.00, 46756384.50, 6382.43, 4654.18, 5.58%
Test - Best epoch, Loss, MSE, RMSE, MAE, MAPE: 10, 35289624.00, 35289620.33, 5834.98, 4480.45, 4.86%
- Epoch 017, ExpID 62432
Train - Loss: 12959754.65
Val - Loss, MSE, RMSE, MAE, MAPE: 45094408.00, 45094401.67, 6280.91, 4565.73, 5.49%
Test - Best epoch, Loss, MSE, RMSE, MAE, MAPE: 10, 35289624.00, 35289620.33, 5834.98, 4480.45, 4.86%
- Epoch 018, ExpID 62432
Train - Loss: 12713851.74
Val - Loss, MSE, RMSE, MAE, MAPE: 46437768.00, 46437762.00, 6369.91, 4686.82, 5.62%
Test - Best epoch, Loss, MSE, RMSE, MAE, MAPE: 10, 35289624.00, 35289620.33, 5834.98, 4480.45, 4.86%
- Epoch 019, ExpID 62432
Train - Loss: 12686469.87
Val - Loss, MSE, RMSE, MAE, MAPE: 47820844.00, 47820844.33, 6497.26, 4801.84, 5.73%
Test - Best epoch, Loss, MSE, RMSE, MAE, MAPE: 10, 35289624.00, 35289620.33, 5834.98, 4480.45, 4.86%
- Epoch 020, ExpID 62432
Train - Loss: 12345019.74
Val - Loss, MSE, RMSE, MAE, MAPE: 47389568.00, 47389567.50, 6438.89, 4780.34, 5.71%
Test - Best epoch, Loss, MSE, RMSE, MAE, MAPE: 10, 35289624.00, 35289620.33, 5834.98, 4480.45, 4.86%
Early Stopping at Epoch 20
Fold 2018 Best RMSE: 5834.9833

-------------------- [Fold: 2019] ExpID: 95856 --------------------
- Epoch 000, ExpID 95856
Train - Loss: 33330430.40
Val - Loss, MSE, RMSE, MAE, MAPE: 68810400.00, 68810395.33, 8192.92, 6365.45, 6.92%
Test - Best epoch, Loss, MSE, RMSE, MAE, MAPE: 0, 75663856.00, 75663856.67, 8628.11, 6617.99, 6.98%
- Epoch 001, ExpID 95856
Train - Loss: 30204804.53
Val - Loss, MSE, RMSE, MAE, MAPE: 55067836.00, 55067832.00, 7303.47, 5564.71, 6.03%
Test - Best epoch, Loss, MSE, RMSE, MAE, MAPE: 1, 61820832.00, 61820826.67, 7775.26, 5863.05, 6.17%
- Epoch 002, ExpID 95856
Train - Loss: 24517151.14
Val - Loss, MSE, RMSE, MAE, MAPE: 44513992.00, 44513992.00, 6544.33, 4932.45, 5.35%
Test - Best epoch, Loss, MSE, RMSE, MAE, MAPE: 2, 50950440.00, 50950437.00, 7002.13, 5175.09, 5.46%
- Epoch 003, ExpID 95856
Train - Loss: 21684960.31
Val - Loss, MSE, RMSE, MAE, MAPE: 41279240.00, 41279239.67, 6297.18, 4763.35, 5.15%
Test - Best epoch, Loss, MSE, RMSE, MAE, MAPE: 3, 46976892.00, 46976888.67, 6712.40, 4964.15, 5.22%
- Epoch 004, ExpID 95856
Train - Loss: 20119509.20
Val - Loss, MSE, RMSE, MAE, MAPE: 39173800.00, 39173798.00, 6136.69, 4673.57, 5.06%
Test - Best epoch, Loss, MSE, RMSE, MAE, MAPE: 4, 44319420.00, 44319418.33, 6503.61, 4772.75, 5.03%
- Epoch 005, ExpID 95856
Train - Loss: 18958621.71
Val - Loss, MSE, RMSE, MAE, MAPE: 38132448.00, 38132446.00, 6048.20, 4612.88, 5.00%
Test - Best epoch, Loss, MSE, RMSE, MAE, MAPE: 5, 42610400.00, 42610400.33, 6372.21, 4669.34, 4.93%
- Epoch 006, ExpID 95856
Train - Loss: 18029461.81
Val - Loss, MSE, RMSE, MAE, MAPE: 37258388.00, 37258385.00, 5981.64, 4586.60, 4.96%
Test - Best epoch, Loss, MSE, RMSE, MAE, MAPE: 6, 41090496.00, 41090495.33, 6253.48, 4563.84, 4.81%
- Epoch 007, ExpID 95856
Train - Loss: 17369063.56
Val - Loss, MSE, RMSE, MAE, MAPE: 36806672.00, 36806672.67, 5941.64, 4545.58, 4.92%
Test - Best epoch, Loss, MSE, RMSE, MAE, MAPE: 7, 40286124.00, 40286122.33, 6189.74, 4515.35, 4.75%
- Epoch 008, ExpID 95856
Train - Loss: 16759843.03
Val - Loss, MSE, RMSE, MAE, MAPE: 36695024.00, 36695026.00, 5917.56, 4513.91, 4.87%
Test - Best epoch, Loss, MSE, RMSE, MAE, MAPE: 8, 39213044.00, 39213041.67, 6113.14, 4461.42, 4.68%
- Epoch 009, ExpID 95856
Train - Loss: 16305658.28
Val - Loss, MSE, RMSE, MAE, MAPE: 36828836.00, 36828834.33, 5919.81, 4488.68, 4.83%
Test - Best epoch, Loss, MSE, RMSE, MAE, MAPE: 8, 39213044.00, 39213041.67, 6113.14, 4461.42, 4.68%
- Epoch 010, ExpID 95856
Train - Loss: 15910212.48
Val - Loss, MSE, RMSE, MAE, MAPE: 35909552.00, 35909553.33, 5859.41, 4473.31, 4.83%
Test - Best epoch, Loss, MSE, RMSE, MAE, MAPE: 10, 38747968.00, 38747967.33, 6070.58, 4436.29, 4.66%
- Epoch 011, ExpID 95856
Train - Loss: 15538669.56
Val - Loss, MSE, RMSE, MAE, MAPE: 36097732.00, 36097728.33, 5863.59, 4474.25, 4.83%
Test - Best epoch, Loss, MSE, RMSE, MAE, MAPE: 10, 38747968.00, 38747967.33, 6070.58, 4436.29, 4.66%
- Epoch 012, ExpID 95856
Train - Loss: 15307854.33
Val - Loss, MSE, RMSE, MAE, MAPE: 35459064.00, 35459064.00, 5824.80, 4456.78, 4.84%
Test - Best epoch, Loss, MSE, RMSE, MAE, MAPE: 12, 38309144.00, 38309145.33, 6027.94, 4416.57, 4.65%
- Epoch 013, ExpID 95856
Train - Loss: 14873019.46
Val - Loss, MSE, RMSE, MAE, MAPE: 35796644.00, 35796643.00, 5840.91, 4453.96, 4.79%
Test - Best epoch, Loss, MSE, RMSE, MAE, MAPE: 12, 38309144.00, 38309145.33, 6027.94, 4416.57, 4.65%
- Epoch 014, ExpID 95856
Train - Loss: 14541927.74
Val - Loss, MSE, RMSE, MAE, MAPE: 35584336.00, 35584333.00, 5832.95, 4478.53, 4.87%
Test - Best epoch, Loss, MSE, RMSE, MAE, MAPE: 12, 38309144.00, 38309145.33, 6027.94, 4416.57, 4.65%
- Epoch 015, ExpID 95856
Train - Loss: 14283837.84
Val - Loss, MSE, RMSE, MAE, MAPE: 36152860.00, 36152858.33, 5857.51, 4475.62, 4.83%
Test - Best epoch, Loss, MSE, RMSE, MAE, MAPE: 12, 38309144.00, 38309145.33, 6027.94, 4416.57, 4.65%
- Epoch 016, ExpID 95856
Train - Loss: 13988899.45
Val - Loss, MSE, RMSE, MAE, MAPE: 35062888.00, 35062887.33, 5781.27, 4418.25, 4.78%
Test - Best epoch, Loss, MSE, RMSE, MAE, MAPE: 16, 37184200.00, 37184198.00, 5956.78, 4374.07, 4.59%
- Epoch 017, ExpID 95856
Train - Loss: 13710125.14
Val - Loss, MSE, RMSE, MAE, MAPE: 34639328.00, 34639328.00, 5748.83, 4373.89, 4.73%
Test - Best epoch, Loss, MSE, RMSE, MAE, MAPE: 17, 37596060.00, 37596058.33, 5980.85, 4404.95, 4.62%
- Epoch 018, ExpID 95856
Train - Loss: 13414023.37
Val - Loss, MSE, RMSE, MAE, MAPE: 34858692.00, 34858690.00, 5772.11, 4411.81, 4.80%
Test - Best epoch, Loss, MSE, RMSE, MAE, MAPE: 17, 37596060.00, 37596058.33, 5980.85, 4404.95, 4.62%
- Epoch 019, ExpID 95856
Train - Loss: 13197240.39
Val - Loss, MSE, RMSE, MAE, MAPE: 35220580.00, 35220576.67, 5784.28, 4416.01, 4.77%
Test - Best epoch, Loss, MSE, RMSE, MAE, MAPE: 17, 37596060.00, 37596058.33, 5980.85, 4404.95, 4.62%
- Epoch 020, ExpID 95856
Train - Loss: 12970282.63
Val - Loss, MSE, RMSE, MAE, MAPE: 34621012.00, 34621010.00, 5742.39, 4370.73, 4.73%
Test - Best epoch, Loss, MSE, RMSE, MAE, MAPE: 20, 37039492.00, 37039491.67, 5938.77, 4366.48, 4.59%
- Epoch 021, ExpID 95856
Train - Loss: 12710304.42
Val - Loss, MSE, RMSE, MAE, MAPE: 34412412.00, 34412412.33, 5727.44, 4375.95, 4.74%
Test - Best epoch, Loss, MSE, RMSE, MAE, MAPE: 21, 37269836.00, 37269835.00, 5962.73, 4396.01, 4.61%
- Epoch 022, ExpID 95856
Train - Loss: 12489625.78
Val - Loss, MSE, RMSE, MAE, MAPE: 34612924.00, 34612922.67, 5738.35, 4362.52, 4.71%
Test - Best epoch, Loss, MSE, RMSE, MAE, MAPE: 21, 37269836.00, 37269835.00, 5962.73, 4396.01, 4.61%
- Epoch 023, ExpID 95856
Train - Loss: 12296241.91
Val - Loss, MSE, RMSE, MAE, MAPE: 34955008.00, 34955008.33, 5761.14, 4379.71, 4.73%
Test - Best epoch, Loss, MSE, RMSE, MAE, MAPE: 21, 37269836.00, 37269835.00, 5962.73, 4396.01, 4.61%
- Epoch 024, ExpID 95856
Train - Loss: 12097958.13
Val - Loss, MSE, RMSE, MAE, MAPE: 34477480.00, 34477476.00, 5728.48, 4359.37, 4.71%
Test - Best epoch, Loss, MSE, RMSE, MAE, MAPE: 21, 37269836.00, 37269835.00, 5962.73, 4396.01, 4.61%
- Epoch 025, ExpID 95856
Train - Loss: 11929651.42
Val - Loss, MSE, RMSE, MAE, MAPE: 34370168.00, 34370168.67, 5725.60, 4364.02, 4.74%
Test - Best epoch, Loss, MSE, RMSE, MAE, MAPE: 25, 37623160.00, 37623161.33, 5982.48, 4427.27, 4.65%
- Epoch 026, ExpID 95856
Train - Loss: 11730668.16
Val - Loss, MSE, RMSE, MAE, MAPE: 34116300.00, 34116299.67, 5700.39, 4313.43, 4.68%
Test - Best epoch, Loss, MSE, RMSE, MAE, MAPE: 26, 37481360.00, 37481359.67, 5965.55, 4406.18, 4.62%
- Epoch 027, ExpID 95856
Train - Loss: 11556885.83
Val - Loss, MSE, RMSE, MAE, MAPE: 34277080.00, 34277081.00, 5719.99, 4328.46, 4.68%
Test - Best epoch, Loss, MSE, RMSE, MAE, MAPE: 26, 37481360.00, 37481359.67, 5965.55, 4406.18, 4.62%
- Epoch 028, ExpID 95856
Train - Loss: 11377113.29
Val - Loss, MSE, RMSE, MAE, MAPE: 34276652.00, 34276653.33, 5718.02, 4369.48, 4.75%
Test - Best epoch, Loss, MSE, RMSE, MAE, MAPE: 26, 37481360.00, 37481359.67, 5965.55, 4406.18, 4.62%
- Epoch 029, ExpID 95856
Train - Loss: 11223628.57
Val - Loss, MSE, RMSE, MAE, MAPE: 34452836.00, 34452834.33, 5738.52, 4373.14, 4.75%
Test - Best epoch, Loss, MSE, RMSE, MAE, MAPE: 26, 37481360.00, 37481359.67, 5965.55, 4406.18, 4.62%
- Epoch 030, ExpID 95856
Train - Loss: 11061199.07
Val - Loss, MSE, RMSE, MAE, MAPE: 34923328.00, 34923328.67, 5771.41, 4399.42, 4.76%
Test - Best epoch, Loss, MSE, RMSE, MAE, MAPE: 26, 37481360.00, 37481359.67, 5965.55, 4406.18, 4.62%
- Epoch 031, ExpID 95856
Train - Loss: 10972556.53
Val - Loss, MSE, RMSE, MAE, MAPE: 34587112.00, 34587109.67, 5742.26, 4366.73, 4.74%
Test - Best epoch, Loss, MSE, RMSE, MAE, MAPE: 26, 37481360.00, 37481359.67, 5965.55, 4406.18, 4.62%
- Epoch 032, ExpID 95856
Train - Loss: 10755047.97
Val - Loss, MSE, RMSE, MAE, MAPE: 34587408.00, 34587406.00, 5736.45, 4367.84, 4.72%
Test - Best epoch, Loss, MSE, RMSE, MAE, MAPE: 26, 37481360.00, 37481359.67, 5965.55, 4406.18, 4.62%
- Epoch 033, ExpID 95856
Train - Loss: 10612387.67
Val - Loss, MSE, RMSE, MAE, MAPE: 33991112.00, 33991113.67, 5697.70, 4298.46, 4.64%
Test - Best epoch, Loss, MSE, RMSE, MAE, MAPE: 33, 37724888.00, 37724885.67, 5993.80, 4416.32, 4.62%
- Epoch 034, ExpID 95856
Train - Loss: 10477782.41
Val - Loss, MSE, RMSE, MAE, MAPE: 34796920.00, 34796917.67, 5756.17, 4354.22, 4.70%
Test - Best epoch, Loss, MSE, RMSE, MAE, MAPE: 33, 37724888.00, 37724885.67, 5993.80, 4416.32, 4.62%
- Epoch 035, ExpID 95856
Train - Loss: 10352869.96
Val - Loss, MSE, RMSE, MAE, MAPE: 34050368.00, 34050364.00, 5696.42, 4308.07, 4.67%
Test - Best epoch, Loss, MSE, RMSE, MAE, MAPE: 33, 37724888.00, 37724885.67, 5993.80, 4416.32, 4.62%
- Epoch 036, ExpID 95856
Train - Loss: 10247569.97
Val - Loss, MSE, RMSE, MAE, MAPE: 34377184.00, 34377185.33, 5724.50, 4314.04, 4.67%
Test - Best epoch, Loss, MSE, RMSE, MAE, MAPE: 33, 37724888.00, 37724885.67, 5993.80, 4416.32, 4.62%
- Epoch 037, ExpID 95856
Train - Loss: 10105475.17
Val - Loss, MSE, RMSE, MAE, MAPE: 34302592.00, 34302588.67, 5715.98, 4312.14, 4.70%
Test - Best epoch, Loss, MSE, RMSE, MAE, MAPE: 33, 37724888.00, 37724885.67, 5993.80, 4416.32, 4.62%
- Epoch 038, ExpID 95856
Train - Loss: 9950748.89
Val - Loss, MSE, RMSE, MAE, MAPE: 34883000.00, 34882998.33, 5766.11, 4384.41, 4.76%
Test - Best epoch, Loss, MSE, RMSE, MAE, MAPE: 33, 37724888.00, 37724885.67, 5993.80, 4416.32, 4.62%
- Epoch 039, ExpID 95856
Train - Loss: 9855975.15
Val - Loss, MSE, RMSE, MAE, MAPE: 34144232.00, 34144228.33, 5704.02, 4315.14, 4.68%
Test - Best epoch, Loss, MSE, RMSE, MAE, MAPE: 33, 37724888.00, 37724885.67, 5993.80, 4416.32, 4.62%
- Epoch 040, ExpID 95856
Train - Loss: 9792510.32
Val - Loss, MSE, RMSE, MAE, MAPE: 34619400.00, 34619394.33, 5748.18, 4345.20, 4.72%
Test - Best epoch, Loss, MSE, RMSE, MAE, MAPE: 33, 37724888.00, 37724885.67, 5993.80, 4416.32, 4.62%
- Epoch 041, ExpID 95856
Train - Loss: 9672254.45
Val - Loss, MSE, RMSE, MAE, MAPE: 34633528.00, 34633526.33, 5743.27, 4334.42, 4.69%
Test - Best epoch, Loss, MSE, RMSE, MAE, MAPE: 33, 37724888.00, 37724885.67, 5993.80, 4416.32, 4.62%
- Epoch 042, ExpID 95856
Train - Loss: 9559366.01
Val - Loss, MSE, RMSE, MAE, MAPE: 34879436.00, 34879436.33, 5764.50, 4340.87, 4.70%
Test - Best epoch, Loss, MSE, RMSE, MAE, MAPE: 33, 37724888.00, 37724885.67, 5993.80, 4416.32, 4.62%
- Epoch 043, ExpID 95856
Train - Loss: 9530249.43
Val - Loss, MSE, RMSE, MAE, MAPE: 35094056.00, 35094057.67, 5772.98, 4322.91, 4.66%
Test - Best epoch, Loss, MSE, RMSE, MAE, MAPE: 33, 37724888.00, 37724885.67, 5993.80, 4416.32, 4.62%
Early Stopping at Epoch 43
Fold 2019 Best RMSE: 5993.8021
