DETAILED LOG | Model: nbeats | Seed: 1
FULL CONFIG: {'gpu': '0', 'target': 'departure', 'cv_start_year': 2017, 'cv_end_year': 2019, 'test_year': 2024, 'use_corona': False, 'seq_len': 365, 'label_len': 0, 'pred_len': 7, 'batch_size': 64, 'epochs': 1000, 'patience': 10, 'lr': 0.001, 'model': 'nbeats', 'd_model': 64, 'n_heads': 4, 'n_layers': 5, 'dropout': 0.1, 'activation': 'gelu', 'patch_len': 16, 'factor': 5, 'norm_mode': 'revin', 'use_dbloss': False, 'device': device(type='cuda'), 'stride': 16, 'file_path': 'dataset/airport_daily_flight_merged.csv', 'seed': 1, 'val_year': 2019, 'ndims': 1}

-------------------- [Fold: 2017] ExpID: 36003 --------------------
- Epoch 000, ExpID 36003
Train - Loss: 23546021.48
Val - Loss, MSE, RMSE, MAE, MAPE: 36863752.00, 36863750.17, 5946.71, 4452.76, 5.64%
Test - Best epoch, Loss, MSE, RMSE, MAE, MAPE: 0, 48822096.00, 48822094.00, 6690.90, 4756.54, 5.67%
- Epoch 001, ExpID 36003
Train - Loss: 15519805.03
Val - Loss, MSE, RMSE, MAE, MAPE: 29870288.00, 29870288.00, 5314.39, 3902.72, 4.96%
Test - Best epoch, Loss, MSE, RMSE, MAE, MAPE: 1, 41490600.00, 41490597.83, 6098.00, 4289.34, 5.19%
- Epoch 002, ExpID 36003
Train - Loss: 11678046.72
Val - Loss, MSE, RMSE, MAE, MAPE: 28531896.00, 28531895.50, 5164.84, 3819.14, 4.82%
Test - Best epoch, Loss, MSE, RMSE, MAE, MAPE: 2, 40636232.00, 40636230.67, 5986.27, 4246.61, 5.08%
- Epoch 003, ExpID 36003
Train - Loss: 9583668.62
Val - Loss, MSE, RMSE, MAE, MAPE: 26285990.00, 26285988.33, 5005.32, 3696.31, 4.70%
Test - Best epoch, Loss, MSE, RMSE, MAE, MAPE: 3, 40166480.00, 40166482.33, 5872.89, 4283.02, 5.15%
- Epoch 004, ExpID 36003
Train - Loss: 7969100.20
Val - Loss, MSE, RMSE, MAE, MAPE: 27999360.00, 27999356.83, 5085.53, 3814.19, 4.81%
Test - Best epoch, Loss, MSE, RMSE, MAE, MAPE: 3, 40166480.00, 40166482.33, 5872.89, 4283.02, 5.15%
- Epoch 005, ExpID 36003
Train - Loss: 6867189.13
Val - Loss, MSE, RMSE, MAE, MAPE: 25943276.00, 25943275.50, 4934.38, 3700.36, 4.72%
Test - Best epoch, Loss, MSE, RMSE, MAE, MAPE: 5, 39539972.00, 39539968.67, 5748.44, 4175.75, 5.03%
- Epoch 006, ExpID 36003
Train - Loss: 5955789.80
Val - Loss, MSE, RMSE, MAE, MAPE: 29992750.00, 29992750.33, 5229.01, 4012.28, 5.05%
Test - Best epoch, Loss, MSE, RMSE, MAE, MAPE: 5, 39539972.00, 39539968.67, 5748.44, 4175.75, 5.03%
- Epoch 007, ExpID 36003
Train - Loss: 5206950.71
Val - Loss, MSE, RMSE, MAE, MAPE: 28304684.00, 28304683.25, 5147.61, 3842.88, 4.92%
Test - Best epoch, Loss, MSE, RMSE, MAE, MAPE: 5, 39539972.00, 39539968.67, 5748.44, 4175.75, 5.03%
- Epoch 008, ExpID 36003
Train - Loss: 4700492.32
Val - Loss, MSE, RMSE, MAE, MAPE: 30006958.00, 30006958.17, 5245.71, 3988.80, 5.06%
Test - Best epoch, Loss, MSE, RMSE, MAE, MAPE: 5, 39539972.00, 39539968.67, 5748.44, 4175.75, 5.03%
- Epoch 009, ExpID 36003
Train - Loss: 4536949.34
Val - Loss, MSE, RMSE, MAE, MAPE: 29299526.00, 29299521.83, 5224.10, 3934.17, 5.04%
Test - Best epoch, Loss, MSE, RMSE, MAE, MAPE: 5, 39539972.00, 39539968.67, 5748.44, 4175.75, 5.03%
- Epoch 010, ExpID 36003
Train - Loss: 3722202.14
Val - Loss, MSE, RMSE, MAE, MAPE: 29037368.00, 29037369.08, 5155.73, 3890.41, 4.94%
Test - Best epoch, Loss, MSE, RMSE, MAE, MAPE: 5, 39539972.00, 39539968.67, 5748.44, 4175.75, 5.03%
- Epoch 011, ExpID 36003
Train - Loss: 3306759.50
Val - Loss, MSE, RMSE, MAE, MAPE: 28056488.00, 28056489.33, 5094.28, 3806.10, 4.86%
Test - Best epoch, Loss, MSE, RMSE, MAE, MAPE: 5, 39539972.00, 39539968.67, 5748.44, 4175.75, 5.03%
- Epoch 012, ExpID 36003
Train - Loss: 3426007.69
Val - Loss, MSE, RMSE, MAE, MAPE: 29560440.00, 29560440.67, 5196.50, 4003.06, 5.07%
Test - Best epoch, Loss, MSE, RMSE, MAE, MAPE: 5, 39539972.00, 39539968.67, 5748.44, 4175.75, 5.03%
- Epoch 013, ExpID 36003
Train - Loss: 3183656.47
Val - Loss, MSE, RMSE, MAE, MAPE: 29283358.00, 29283357.50, 5192.87, 3940.38, 4.99%
Test - Best epoch, Loss, MSE, RMSE, MAE, MAPE: 5, 39539972.00, 39539968.67, 5748.44, 4175.75, 5.03%
- Epoch 014, ExpID 36003
Train - Loss: 2544577.08
Val - Loss, MSE, RMSE, MAE, MAPE: 29822406.00, 29822404.33, 5231.32, 3979.26, 5.05%
Test - Best epoch, Loss, MSE, RMSE, MAE, MAPE: 5, 39539972.00, 39539968.67, 5748.44, 4175.75, 5.03%
- Epoch 015, ExpID 36003
Train - Loss: 2288234.77
Val - Loss, MSE, RMSE, MAE, MAPE: 29277988.00, 29277984.33, 5200.08, 3973.50, 5.05%
Test - Best epoch, Loss, MSE, RMSE, MAE, MAPE: 5, 39539972.00, 39539968.67, 5748.44, 4175.75, 5.03%
Early Stopping at Epoch 15
Fold 2017 Best RMSE: 5748.4395

-------------------- [Fold: 2018] ExpID: 17093 --------------------
- Epoch 000, ExpID 17093
Train - Loss: 24192260.55
Val - Loss, MSE, RMSE, MAE, MAPE: 45938556.00, 45938555.67, 6473.76, 4448.89, 5.39%
Test - Best epoch, Loss, MSE, RMSE, MAE, MAPE: 0, 41226060.00, 41226056.33, 6282.82, 4603.01, 5.01%
- Epoch 001, ExpID 17093
Train - Loss: 15895378.74
Val - Loss, MSE, RMSE, MAE, MAPE: 40052168.00, 40052163.67, 6012.74, 4190.80, 5.12%
Test - Best epoch, Loss, MSE, RMSE, MAE, MAPE: 1, 35490768.00, 35490771.67, 5891.35, 4407.75, 4.82%
- Epoch 002, ExpID 17093
Train - Loss: 11845432.59
Val - Loss, MSE, RMSE, MAE, MAPE: 38709096.00, 38709095.67, 5872.45, 4285.11, 5.15%
Test - Best epoch, Loss, MSE, RMSE, MAE, MAPE: 2, 31044182.00, 31044179.33, 5536.06, 4189.00, 4.52%
- Epoch 003, ExpID 17093
Train - Loss: 9652278.17
Val - Loss, MSE, RMSE, MAE, MAPE: 38868604.00, 38868601.67, 5789.28, 4229.17, 5.10%
Test - Best epoch, Loss, MSE, RMSE, MAE, MAPE: 2, 31044182.00, 31044179.33, 5536.06, 4189.00, 4.52%
- Epoch 004, ExpID 17093
Train - Loss: 8138269.79
Val - Loss, MSE, RMSE, MAE, MAPE: 37665680.00, 37665680.33, 5700.26, 4130.59, 5.00%
Test - Best epoch, Loss, MSE, RMSE, MAE, MAPE: 4, 32396254.00, 32396253.67, 5654.68, 4311.41, 4.70%
- Epoch 005, ExpID 17093
Train - Loss: 6930283.04
Val - Loss, MSE, RMSE, MAE, MAPE: 38183632.00, 38183634.00, 5715.98, 4214.47, 5.06%
Test - Best epoch, Loss, MSE, RMSE, MAE, MAPE: 4, 32396254.00, 32396253.67, 5654.68, 4311.41, 4.70%
- Epoch 006, ExpID 17093
Train - Loss: 6008379.10
Val - Loss, MSE, RMSE, MAE, MAPE: 37875784.00, 37875786.00, 5707.57, 4231.76, 5.11%
Test - Best epoch, Loss, MSE, RMSE, MAE, MAPE: 4, 32396254.00, 32396253.67, 5654.68, 4311.41, 4.70%
- Epoch 007, ExpID 17093
Train - Loss: 5226064.37
Val - Loss, MSE, RMSE, MAE, MAPE: 38454468.00, 38454470.17, 5716.75, 4230.92, 5.07%
Test - Best epoch, Loss, MSE, RMSE, MAE, MAPE: 4, 32396254.00, 32396253.67, 5654.68, 4311.41, 4.70%
- Epoch 008, ExpID 17093
Train - Loss: 4478104.22
Val - Loss, MSE, RMSE, MAE, MAPE: 37004984.00, 37004983.67, 5651.46, 4144.07, 5.00%
Test - Best epoch, Loss, MSE, RMSE, MAE, MAPE: 8, 32134628.00, 32134628.00, 5610.47, 4262.17, 4.62%
- Epoch 009, ExpID 17093
Train - Loss: 3998961.64
Val - Loss, MSE, RMSE, MAE, MAPE: 37309592.00, 37309592.67, 5649.90, 4144.74, 4.97%
Test - Best epoch, Loss, MSE, RMSE, MAE, MAPE: 8, 32134628.00, 32134628.00, 5610.47, 4262.17, 4.62%
- Epoch 010, ExpID 17093
Train - Loss: 3619399.39
Val - Loss, MSE, RMSE, MAE, MAPE: 37406768.00, 37406767.83, 5580.83, 4085.34, 4.93%
Test - Best epoch, Loss, MSE, RMSE, MAE, MAPE: 8, 32134628.00, 32134628.00, 5610.47, 4262.17, 4.62%
- Epoch 011, ExpID 17093
Train - Loss: 3287872.28
Val - Loss, MSE, RMSE, MAE, MAPE: 36796296.00, 36796292.00, 5556.89, 4087.82, 4.91%
Test - Best epoch, Loss, MSE, RMSE, MAE, MAPE: 11, 30528694.00, 30528693.00, 5479.18, 4192.42, 4.55%
- Epoch 012, ExpID 17093
Train - Loss: 3045765.21
Val - Loss, MSE, RMSE, MAE, MAPE: 35837268.00, 35837265.50, 5484.30, 4009.81, 4.82%
Test - Best epoch, Loss, MSE, RMSE, MAE, MAPE: 12, 29605206.00, 29605205.00, 5387.27, 4137.09, 4.48%
- Epoch 013, ExpID 17093
Train - Loss: 2703207.79
Val - Loss, MSE, RMSE, MAE, MAPE: 37307760.00, 37307759.00, 5586.19, 4082.03, 4.90%
Test - Best epoch, Loss, MSE, RMSE, MAE, MAPE: 12, 29605206.00, 29605205.00, 5387.27, 4137.09, 4.48%
- Epoch 014, ExpID 17093
Train - Loss: 2485447.34
Val - Loss, MSE, RMSE, MAE, MAPE: 37041948.00, 37041946.00, 5618.12, 4147.83, 5.01%
Test - Best epoch, Loss, MSE, RMSE, MAE, MAPE: 12, 29605206.00, 29605205.00, 5387.27, 4137.09, 4.48%
- Epoch 015, ExpID 17093
Train - Loss: 2364656.42
Val - Loss, MSE, RMSE, MAE, MAPE: 37135592.00, 37135592.83, 5609.52, 4067.15, 4.92%
Test - Best epoch, Loss, MSE, RMSE, MAE, MAPE: 12, 29605206.00, 29605205.00, 5387.27, 4137.09, 4.48%
- Epoch 016, ExpID 17093
Train - Loss: 2150317.65
Val - Loss, MSE, RMSE, MAE, MAPE: 38360032.00, 38360031.83, 5685.25, 4179.20, 5.05%
Test - Best epoch, Loss, MSE, RMSE, MAE, MAPE: 12, 29605206.00, 29605205.00, 5387.27, 4137.09, 4.48%
- Epoch 017, ExpID 17093
Train - Loss: 2003751.43
Val - Loss, MSE, RMSE, MAE, MAPE: 38299816.00, 38299814.00, 5695.68, 4190.02, 5.04%
Test - Best epoch, Loss, MSE, RMSE, MAE, MAPE: 12, 29605206.00, 29605205.00, 5387.27, 4137.09, 4.48%
- Epoch 018, ExpID 17093
Train - Loss: 1881442.51
Val - Loss, MSE, RMSE, MAE, MAPE: 38951232.00, 38951231.67, 5729.04, 4220.69, 5.09%
Test - Best epoch, Loss, MSE, RMSE, MAE, MAPE: 12, 29605206.00, 29605205.00, 5387.27, 4137.09, 4.48%
- Epoch 019, ExpID 17093
Train - Loss: 1724216.90
Val - Loss, MSE, RMSE, MAE, MAPE: 37864896.00, 37864896.00, 5672.75, 4194.13, 5.05%
Test - Best epoch, Loss, MSE, RMSE, MAE, MAPE: 12, 29605206.00, 29605205.00, 5387.27, 4137.09, 4.48%
- Epoch 020, ExpID 17093
Train - Loss: 1590220.89
Val - Loss, MSE, RMSE, MAE, MAPE: 37584072.00, 37584073.00, 5651.29, 4136.55, 5.03%
Test - Best epoch, Loss, MSE, RMSE, MAE, MAPE: 12, 29605206.00, 29605205.00, 5387.27, 4137.09, 4.48%
- Epoch 021, ExpID 17093
Train - Loss: 1444949.38
Val - Loss, MSE, RMSE, MAE, MAPE: 36749424.00, 36749425.50, 5620.69, 4142.48, 5.00%
Test - Best epoch, Loss, MSE, RMSE, MAE, MAPE: 12, 29605206.00, 29605205.00, 5387.27, 4137.09, 4.48%
- Epoch 022, ExpID 17093
Train - Loss: 1427614.84
Val - Loss, MSE, RMSE, MAE, MAPE: 38543472.00, 38543471.17, 5724.06, 4174.34, 5.06%
Test - Best epoch, Loss, MSE, RMSE, MAE, MAPE: 12, 29605206.00, 29605205.00, 5387.27, 4137.09, 4.48%
Early Stopping at Epoch 22
Fold 2018 Best RMSE: 5387.2716

-------------------- [Fold: 2019] ExpID: 91253 --------------------
- Epoch 000, ExpID 91253
Train - Loss: 25553859.58
Val - Loss, MSE, RMSE, MAE, MAPE: 38498808.00, 38498808.00, 6085.96, 4462.98, 4.80%
Test - Best epoch, Loss, MSE, RMSE, MAE, MAPE: 0, 40570260.00, 40570259.00, 6153.28, 4403.10, 4.62%
- Epoch 001, ExpID 91253
Train - Loss: 16785060.90
Val - Loss, MSE, RMSE, MAE, MAPE: 32426790.00, 32426788.33, 5597.77, 4206.75, 4.56%
Test - Best epoch, Loss, MSE, RMSE, MAE, MAPE: 1, 33741364.00, 33741362.50, 5578.72, 4007.76, 4.23%
- Epoch 002, ExpID 91253
Train - Loss: 12556979.25
Val - Loss, MSE, RMSE, MAE, MAPE: 33412220.00, 33412221.00, 5702.99, 4257.49, 4.65%
Test - Best epoch, Loss, MSE, RMSE, MAE, MAPE: 1, 33741364.00, 33741362.50, 5578.72, 4007.76, 4.23%
- Epoch 003, ExpID 91253
Train - Loss: 10459910.66
Val - Loss, MSE, RMSE, MAE, MAPE: 30634700.00, 30634697.67, 5466.59, 4124.38, 4.49%
Test - Best epoch, Loss, MSE, RMSE, MAE, MAPE: 3, 30235588.00, 30235586.17, 5300.86, 3870.83, 4.10%
- Epoch 004, ExpID 91253
Train - Loss: 9008866.92
Val - Loss, MSE, RMSE, MAE, MAPE: 29744080.00, 29744080.67, 5397.62, 4066.85, 4.43%
Test - Best epoch, Loss, MSE, RMSE, MAE, MAPE: 4, 28484548.00, 28484543.83, 5140.92, 3780.72, 3.99%
- Epoch 005, ExpID 91253
Train - Loss: 7460167.35
Val - Loss, MSE, RMSE, MAE, MAPE: 31040340.00, 31040339.83, 5484.72, 4109.29, 4.46%
Test - Best epoch, Loss, MSE, RMSE, MAE, MAPE: 4, 28484548.00, 28484543.83, 5140.92, 3780.72, 3.99%
- Epoch 006, ExpID 91253
Train - Loss: 6365661.06
Val - Loss, MSE, RMSE, MAE, MAPE: 30992806.00, 30992803.67, 5496.89, 4145.51, 4.50%
Test - Best epoch, Loss, MSE, RMSE, MAE, MAPE: 4, 28484548.00, 28484543.83, 5140.92, 3780.72, 3.99%
- Epoch 007, ExpID 91253
Train - Loss: 5662813.49
Val - Loss, MSE, RMSE, MAE, MAPE: 32345940.00, 32345939.00, 5596.37, 4216.97, 4.59%
Test - Best epoch, Loss, MSE, RMSE, MAE, MAPE: 4, 28484548.00, 28484543.83, 5140.92, 3780.72, 3.99%
- Epoch 008, ExpID 91253
Train - Loss: 4885342.08
Val - Loss, MSE, RMSE, MAE, MAPE: 31076696.00, 31076698.00, 5500.47, 4181.92, 4.54%
Test - Best epoch, Loss, MSE, RMSE, MAE, MAPE: 4, 28484548.00, 28484543.83, 5140.92, 3780.72, 3.99%
- Epoch 009, ExpID 91253
Train - Loss: 4423040.64
Val - Loss, MSE, RMSE, MAE, MAPE: 30964310.00, 30964306.67, 5479.72, 4191.73, 4.56%
Test - Best epoch, Loss, MSE, RMSE, MAE, MAPE: 4, 28484548.00, 28484543.83, 5140.92, 3780.72, 3.99%
- Epoch 010, ExpID 91253
Train - Loss: 3992433.72
Val - Loss, MSE, RMSE, MAE, MAPE: 29415612.00, 29415613.33, 5364.29, 4059.27, 4.41%
Test - Best epoch, Loss, MSE, RMSE, MAE, MAPE: 10, 28441854.00, 28441855.33, 5133.48, 3707.29, 3.90%
- Epoch 011, ExpID 91253
Train - Loss: 3625523.51
Val - Loss, MSE, RMSE, MAE, MAPE: 30876192.00, 30876192.33, 5484.29, 4158.31, 4.50%
Test - Best epoch, Loss, MSE, RMSE, MAE, MAPE: 10, 28441854.00, 28441855.33, 5133.48, 3707.29, 3.90%
- Epoch 012, ExpID 91253
Train - Loss: 3220954.80
Val - Loss, MSE, RMSE, MAE, MAPE: 31212264.00, 31212266.33, 5528.26, 4241.20, 4.61%
Test - Best epoch, Loss, MSE, RMSE, MAE, MAPE: 10, 28441854.00, 28441855.33, 5133.48, 3707.29, 3.90%
- Epoch 013, ExpID 91253
Train - Loss: 3068401.14
Val - Loss, MSE, RMSE, MAE, MAPE: 31834756.00, 31834754.33, 5569.36, 4258.99, 4.61%
Test - Best epoch, Loss, MSE, RMSE, MAE, MAPE: 10, 28441854.00, 28441855.33, 5133.48, 3707.29, 3.90%
- Epoch 014, ExpID 91253
Train - Loss: 2920912.11
Val - Loss, MSE, RMSE, MAE, MAPE: 30280974.00, 30280973.67, 5422.80, 4135.53, 4.48%
Test - Best epoch, Loss, MSE, RMSE, MAE, MAPE: 10, 28441854.00, 28441855.33, 5133.48, 3707.29, 3.90%
- Epoch 015, ExpID 91253
Train - Loss: 2797057.12
Val - Loss, MSE, RMSE, MAE, MAPE: 31495344.00, 31495343.00, 5544.91, 4237.90, 4.59%
Test - Best epoch, Loss, MSE, RMSE, MAE, MAPE: 10, 28441854.00, 28441855.33, 5133.48, 3707.29, 3.90%
- Epoch 016, ExpID 91253
Train - Loss: 2646074.41
Val - Loss, MSE, RMSE, MAE, MAPE: 32062212.00, 32062209.67, 5583.58, 4221.11, 4.58%
Test - Best epoch, Loss, MSE, RMSE, MAE, MAPE: 10, 28441854.00, 28441855.33, 5133.48, 3707.29, 3.90%
- Epoch 017, ExpID 91253
Train - Loss: 2364256.40
Val - Loss, MSE, RMSE, MAE, MAPE: 30998876.00, 30998872.00, 5494.12, 4208.18, 4.56%
Test - Best epoch, Loss, MSE, RMSE, MAE, MAPE: 10, 28441854.00, 28441855.33, 5133.48, 3707.29, 3.90%
- Epoch 018, ExpID 91253
Train - Loss: 2184336.95
Val - Loss, MSE, RMSE, MAE, MAPE: 32236944.00, 32236943.33, 5606.28, 4272.67, 4.65%
Test - Best epoch, Loss, MSE, RMSE, MAE, MAPE: 10, 28441854.00, 28441855.33, 5133.48, 3707.29, 3.90%
- Epoch 019, ExpID 91253
Train - Loss: 2126938.85
Val - Loss, MSE, RMSE, MAE, MAPE: 31254500.00, 31254499.33, 5511.47, 4214.27, 4.57%
Test - Best epoch, Loss, MSE, RMSE, MAE, MAPE: 10, 28441854.00, 28441855.33, 5133.48, 3707.29, 3.90%
- Epoch 020, ExpID 91253
Train - Loss: 1905373.15
Val - Loss, MSE, RMSE, MAE, MAPE: 31000764.00, 31000766.00, 5502.87, 4205.80, 4.55%
Test - Best epoch, Loss, MSE, RMSE, MAE, MAPE: 10, 28441854.00, 28441855.33, 5133.48, 3707.29, 3.90%
Early Stopping at Epoch 20
Fold 2019 Best RMSE: 5133.4788
