DETAILED LOG | Model: tsmixer_covar | Seed: 1
FULL CONFIG: {'gpu': '2', 'target': 'departure', 'cv_start_year': 2017, 'cv_end_year': 2019, 'test_year': 2024, 'use_corona': False, 'seq_len': 91, 'label_len': 0, 'pred_len': 14, 'batch_size': 256, 'epochs': 1000, 'patience': 10, 'lr': 1e-05, 'model': 'tsmixer_covar', 'd_model': 512, 'n_heads': 8, 'n_layers': 4, 'dropout': 0.1, 'activation': 'gelu', 'patch_len': 14, 'factor': 5, 'norm_mode': 'revin', 'use_covar': True, 'use_dbloss': False, 'device': device(type='cuda'), 'stride': 14, 'file_path': 'dataset/airport_flight_with_holiday.csv', 'seed': 1, 'val_year': 2019, 'ndims': 1}

-------------------- [Fold: 2017] ExpID: 10374 --------------------
- Epoch 000, ExpID 10374
Train - Loss: 35432924.60
Val - Loss, MSE, RMSE, MAE, MAPE: 62499552.00, 62499550.00, 7882.38, 6379.31, 8.28%
Test - Best epoch, Loss, MSE, RMSE, MAE, MAPE: 0, 102370832.00, 102370828.00, 10083.52, 7892.35, 9.66%
- Epoch 001, ExpID 10374
Train - Loss: 33607789.60
Val - Loss, MSE, RMSE, MAE, MAPE: 59218064.00, 59218066.00, 7655.82, 6178.59, 7.98%
Test - Best epoch, Loss, MSE, RMSE, MAE, MAPE: 1, 100023240.00, 100023240.00, 9966.03, 7783.79, 9.46%
- Epoch 002, ExpID 10374
Train - Loss: 32997392.30
Val - Loss, MSE, RMSE, MAE, MAPE: 58223088.00, 58223090.00, 7595.62, 6132.39, 7.93%
Test - Best epoch, Loss, MSE, RMSE, MAE, MAPE: 2, 99984352.00, 99984356.00, 9957.21, 7748.29, 9.43%
- Epoch 003, ExpID 10374
Train - Loss: 32424971.60
Val - Loss, MSE, RMSE, MAE, MAPE: 55570432.00, 55570430.00, 7390.09, 5934.84, 7.62%
Test - Best epoch, Loss, MSE, RMSE, MAE, MAPE: 3, 98594976.00, 98594976.00, 9886.06, 7697.41, 9.28%
- Epoch 004, ExpID 10374
Train - Loss: 31997825.50
Val - Loss, MSE, RMSE, MAE, MAPE: 55118640.00, 55118642.00, 7378.74, 5931.26, 7.66%
Test - Best epoch, Loss, MSE, RMSE, MAE, MAPE: 4, 98498048.00, 98498048.00, 9873.84, 7654.67, 9.27%
- Epoch 005, ExpID 10374
Train - Loss: 31526111.80
Val - Loss, MSE, RMSE, MAE, MAPE: 53344368.00, 53344370.00, 7238.82, 5805.20, 7.46%
Test - Best epoch, Loss, MSE, RMSE, MAE, MAPE: 5, 97831712.00, 97831716.00, 9837.19, 7633.36, 9.19%
- Epoch 006, ExpID 10374
Train - Loss: 31114383.80
Val - Loss, MSE, RMSE, MAE, MAPE: 52599312.00, 52599314.00, 7195.95, 5773.03, 7.43%
Test - Best epoch, Loss, MSE, RMSE, MAE, MAPE: 6, 97542976.00, 97542976.00, 9816.02, 7591.91, 9.16%
- Epoch 007, ExpID 10374
Train - Loss: 30727081.90
Val - Loss, MSE, RMSE, MAE, MAPE: 51944352.00, 51944350.00, 7154.80, 5737.60, 7.40%
Test - Best epoch, Loss, MSE, RMSE, MAE, MAPE: 7, 97417656.00, 97417656.00, 9803.76, 7566.74, 9.14%
- Epoch 008, ExpID 10374
Train - Loss: 30450411.50
Val - Loss, MSE, RMSE, MAE, MAPE: 50899864.00, 50899864.00, 7077.81, 5667.77, 7.30%
Test - Best epoch, Loss, MSE, RMSE, MAE, MAPE: 8, 97083808.00, 97083808.00, 9780.49, 7544.59, 9.10%
- Epoch 009, ExpID 10374
Train - Loss: 30301388.30
Val - Loss, MSE, RMSE, MAE, MAPE: 50902736.00, 50902734.00, 7091.81, 5685.32, 7.35%
Test - Best epoch, Loss, MSE, RMSE, MAE, MAPE: 8, 97083808.00, 97083808.00, 9780.49, 7544.59, 9.10%
- Epoch 010, ExpID 10374
Train - Loss: 30112956.10
Val - Loss, MSE, RMSE, MAE, MAPE: 49051168.00, 49051170.00, 6931.70, 5530.12, 7.09%
Test - Best epoch, Loss, MSE, RMSE, MAE, MAPE: 10, 97038944.00, 97038940.00, 9764.51, 7543.66, 9.05%
- Epoch 011, ExpID 10374
Train - Loss: 29641193.20
Val - Loss, MSE, RMSE, MAE, MAPE: 49123328.00, 49123326.00, 6961.18, 5569.74, 7.19%
Test - Best epoch, Loss, MSE, RMSE, MAE, MAPE: 10, 97038944.00, 97038940.00, 9764.51, 7543.66, 9.05%
- Epoch 012, ExpID 10374
Train - Loss: 29285444.90
Val - Loss, MSE, RMSE, MAE, MAPE: 48417840.00, 48417842.00, 6909.25, 5525.25, 7.13%
Test - Best epoch, Loss, MSE, RMSE, MAE, MAPE: 12, 96012576.00, 96012576.00, 9706.66, 7448.81, 9.01%
- Epoch 013, ExpID 10374
Train - Loss: 29079289.80
Val - Loss, MSE, RMSE, MAE, MAPE: 47165300.00, 47165300.00, 6806.74, 5428.95, 6.98%
Test - Best epoch, Loss, MSE, RMSE, MAE, MAPE: 13, 95729824.00, 95729824.00, 9683.64, 7457.39, 8.98%
- Epoch 014, ExpID 10374
Train - Loss: 28864436.40
Val - Loss, MSE, RMSE, MAE, MAPE: 46921608.00, 46921606.00, 6796.74, 5424.32, 6.99%
Test - Best epoch, Loss, MSE, RMSE, MAE, MAPE: 14, 95700448.00, 95700452.00, 9677.99, 7432.36, 8.98%
- Epoch 015, ExpID 10374
Train - Loss: 28611941.00
Val - Loss, MSE, RMSE, MAE, MAPE: 45986888.00, 45986888.00, 6715.99, 5346.67, 6.86%
Test - Best epoch, Loss, MSE, RMSE, MAE, MAPE: 15, 96031944.00, 96031942.00, 9684.87, 7458.54, 8.96%
- Epoch 016, ExpID 10374
Train - Loss: 28438404.30
Val - Loss, MSE, RMSE, MAE, MAPE: 45970668.00, 45970668.00, 6728.59, 5371.32, 6.93%
Test - Best epoch, Loss, MSE, RMSE, MAE, MAPE: 16, 95295392.00, 95295396.00, 9649.51, 7400.16, 8.94%
- Epoch 017, ExpID 10374
Train - Loss: 28160258.80
Val - Loss, MSE, RMSE, MAE, MAPE: 45490912.00, 45490912.00, 6691.41, 5338.93, 6.88%
Test - Best epoch, Loss, MSE, RMSE, MAE, MAPE: 17, 95429112.00, 95429112.00, 9648.63, 7401.71, 8.94%
- Epoch 018, ExpID 10374
Train - Loss: 27921815.40
Val - Loss, MSE, RMSE, MAE, MAPE: 44408320.00, 44408322.00, 6601.28, 5251.67, 6.75%
Test - Best epoch, Loss, MSE, RMSE, MAE, MAPE: 18, 95197312.00, 95197312.00, 9629.35, 7407.82, 8.91%
- Epoch 019, ExpID 10374
Train - Loss: 27782677.20
Val - Loss, MSE, RMSE, MAE, MAPE: 43903300.00, 43903301.00, 6552.88, 5200.51, 6.65%
Test - Best epoch, Loss, MSE, RMSE, MAE, MAPE: 19, 95952592.00, 95952588.00, 9654.67, 7444.61, 8.91%
- Epoch 020, ExpID 10374
Train - Loss: 27528171.60
Val - Loss, MSE, RMSE, MAE, MAPE: 43482728.00, 43482727.00, 6526.29, 5179.59, 6.64%
Test - Best epoch, Loss, MSE, RMSE, MAE, MAPE: 20, 95212240.00, 95212244.00, 9616.89, 7409.24, 8.89%
- Epoch 021, ExpID 10374
Train - Loss: 27304921.20
Val - Loss, MSE, RMSE, MAE, MAPE: 43365112.00, 43365113.00, 6525.46, 5191.09, 6.67%
Test - Best epoch, Loss, MSE, RMSE, MAE, MAPE: 21, 95016520.00, 95016520.00, 9605.30, 7372.16, 8.87%
- Epoch 022, ExpID 10374
Train - Loss: 27236569.10
Val - Loss, MSE, RMSE, MAE, MAPE: 43015060.00, 43015060.00, 6499.32, 5164.44, 6.64%
Test - Best epoch, Loss, MSE, RMSE, MAE, MAPE: 22, 94892288.00, 94892288.00, 9594.91, 7368.23, 8.87%
- Epoch 023, ExpID 10374
Train - Loss: 27020796.00
Val - Loss, MSE, RMSE, MAE, MAPE: 42297924.00, 42297924.00, 6433.83, 5099.91, 6.52%
Test - Best epoch, Loss, MSE, RMSE, MAE, MAPE: 23, 95043344.00, 95043344.00, 9592.37, 7392.46, 8.85%
- Epoch 024, ExpID 10374
Train - Loss: 27040079.50
Val - Loss, MSE, RMSE, MAE, MAPE: 43031368.00, 43031368.00, 6511.23, 5187.05, 6.70%
Test - Best epoch, Loss, MSE, RMSE, MAE, MAPE: 23, 95043344.00, 95043344.00, 9592.37, 7392.46, 8.85%
- Epoch 025, ExpID 10374
Train - Loss: 26679003.60
Val - Loss, MSE, RMSE, MAE, MAPE: 41664080.00, 41664080.00, 6389.13, 5065.29, 6.49%
Test - Best epoch, Loss, MSE, RMSE, MAE, MAPE: 25, 94567008.00, 94567010.00, 9562.20, 7351.88, 8.82%
- Epoch 026, ExpID 10374
Train - Loss: 26468861.00
Val - Loss, MSE, RMSE, MAE, MAPE: 41473268.00, 41473269.00, 6378.87, 5060.28, 6.50%
Test - Best epoch, Loss, MSE, RMSE, MAE, MAPE: 26, 94076480.00, 94076478.00, 9538.17, 7322.07, 8.80%
- Epoch 027, ExpID 10374
Train - Loss: 26340370.70
Val - Loss, MSE, RMSE, MAE, MAPE: 41209816.00, 41209814.00, 6357.78, 5039.21, 6.47%
Test - Best epoch, Loss, MSE, RMSE, MAE, MAPE: 27, 94264744.00, 94264746.00, 9541.72, 7330.97, 8.81%
- Epoch 028, ExpID 10374
Train - Loss: 26397968.60
Val - Loss, MSE, RMSE, MAE, MAPE: 40867976.00, 40867976.00, 6326.27, 5002.58, 6.40%
Test - Best epoch, Loss, MSE, RMSE, MAE, MAPE: 28, 94790152.00, 94790154.00, 9558.90, 7360.04, 8.81%
- Epoch 029, ExpID 10374
Train - Loss: 26088037.80
Val - Loss, MSE, RMSE, MAE, MAPE: 40516308.00, 40516309.00, 6304.09, 4996.50, 6.41%
Test - Best epoch, Loss, MSE, RMSE, MAE, MAPE: 29, 93915200.00, 93915204.00, 9517.51, 7309.55, 8.78%
- Epoch 030, ExpID 10374
Train - Loss: 25943314.60
Val - Loss, MSE, RMSE, MAE, MAPE: 40210924.00, 40210924.00, 6273.31, 4957.26, 6.33%
Test - Best epoch, Loss, MSE, RMSE, MAE, MAPE: 30, 94272656.00, 94272654.00, 9524.45, 7340.43, 8.78%
- Epoch 031, ExpID 10374
Train - Loss: 25805977.00
Val - Loss, MSE, RMSE, MAE, MAPE: 40081944.00, 40081945.00, 6268.73, 4964.91, 6.36%
Test - Best epoch, Loss, MSE, RMSE, MAE, MAPE: 31, 93827928.00, 93827930.00, 9503.72, 7298.38, 8.75%
- Epoch 032, ExpID 10374
Train - Loss: 25682678.20
Val - Loss, MSE, RMSE, MAE, MAPE: 39817608.00, 39817610.00, 6249.15, 4947.84, 6.34%
Test - Best epoch, Loss, MSE, RMSE, MAE, MAPE: 32, 93390184.00, 93390182.00, 9482.65, 7277.41, 8.74%
- Epoch 033, ExpID 10374
Train - Loss: 25455136.10
Val - Loss, MSE, RMSE, MAE, MAPE: 39557828.00, 39557829.00, 6223.02, 4915.54, 6.28%
Test - Best epoch, Loss, MSE, RMSE, MAE, MAPE: 33, 94255056.00, 94255060.00, 9512.42, 7334.26, 8.77%
- Epoch 034, ExpID 10374
Train - Loss: 25401438.80
Val - Loss, MSE, RMSE, MAE, MAPE: 39431252.00, 39431251.00, 6217.11, 4915.43, 6.30%
Test - Best epoch, Loss, MSE, RMSE, MAE, MAPE: 34, 93578016.00, 93578018.00, 9482.40, 7279.25, 8.73%
- Epoch 035, ExpID 10374
Train - Loss: 25114648.40
Val - Loss, MSE, RMSE, MAE, MAPE: 39065128.00, 39065130.00, 6187.05, 4887.49, 6.26%
Test - Best epoch, Loss, MSE, RMSE, MAE, MAPE: 35, 93291784.00, 93291784.00, 9464.42, 7274.76, 8.72%
- Epoch 036, ExpID 10374
Train - Loss: 25215717.30
Val - Loss, MSE, RMSE, MAE, MAPE: 38934920.00, 38934922.00, 6178.83, 4884.69, 6.26%
Test - Best epoch, Loss, MSE, RMSE, MAE, MAPE: 36, 92917376.00, 92917376.00, 9447.59, 7248.85, 8.70%
- Epoch 037, ExpID 10374
Train - Loss: 25008534.80
Val - Loss, MSE, RMSE, MAE, MAPE: 38976424.00, 38976425.00, 6181.54, 4889.25, 6.26%
Test - Best epoch, Loss, MSE, RMSE, MAE, MAPE: 36, 92917376.00, 92917376.00, 9447.59, 7248.85, 8.70%
- Epoch 038, ExpID 10374
Train - Loss: 25032746.40
Val - Loss, MSE, RMSE, MAE, MAPE: 38640004.00, 38640004.00, 6153.88, 4860.46, 6.22%
Test - Best epoch, Loss, MSE, RMSE, MAE, MAPE: 38, 93340000.00, 93340000.00, 9457.44, 7259.09, 8.70%
- Epoch 039, ExpID 10374
Train - Loss: 24778987.30
Val - Loss, MSE, RMSE, MAE, MAPE: 38580632.00, 38580632.00, 6151.90, 4866.82, 6.24%
Test - Best epoch, Loss, MSE, RMSE, MAE, MAPE: 39, 92822392.00, 92822392.00, 9436.15, 7225.77, 8.68%
- Epoch 040, ExpID 10374
Train - Loss: 24735526.30
Val - Loss, MSE, RMSE, MAE, MAPE: 38427884.00, 38427883.00, 6140.51, 4864.29, 6.24%
Test - Best epoch, Loss, MSE, RMSE, MAE, MAPE: 40, 92793000.00, 92793002.00, 9435.13, 7225.56, 8.69%
- Epoch 041, ExpID 10374
Train - Loss: 24598630.00
Val - Loss, MSE, RMSE, MAE, MAPE: 38349432.00, 38349434.00, 6128.51, 4839.17, 6.16%
Test - Best epoch, Loss, MSE, RMSE, MAE, MAPE: 41, 94630680.00, 94630678.00, 9501.23, 7332.42, 8.74%
- Epoch 042, ExpID 10374
Train - Loss: 24432428.00
Val - Loss, MSE, RMSE, MAE, MAPE: 37891020.00, 37891021.00, 6095.44, 4818.17, 6.17%
Test - Best epoch, Loss, MSE, RMSE, MAE, MAPE: 42, 92997032.00, 92997032.00, 9432.68, 7248.66, 8.69%
- Epoch 043, ExpID 10374
Train - Loss: 24493483.90
Val - Loss, MSE, RMSE, MAE, MAPE: 37898716.00, 37898715.00, 6096.08, 4823.57, 6.17%
Test - Best epoch, Loss, MSE, RMSE, MAE, MAPE: 42, 92997032.00, 92997032.00, 9432.68, 7248.66, 8.69%
- Epoch 044, ExpID 10374
Train - Loss: 24384070.80
Val - Loss, MSE, RMSE, MAE, MAPE: 37872248.00, 37872249.00, 6092.53, 4806.54, 6.12%
Test - Best epoch, Loss, MSE, RMSE, MAE, MAPE: 44, 94114312.00, 94114312.00, 9471.28, 7302.44, 8.71%
- Epoch 045, ExpID 10374
Train - Loss: 24258140.00
Val - Loss, MSE, RMSE, MAE, MAPE: 37753012.00, 37753012.00, 6088.41, 4819.62, 6.19%
Test - Best epoch, Loss, MSE, RMSE, MAE, MAPE: 45, 92171696.00, 92171696.00, 9399.66, 7191.14, 8.66%
- Epoch 046, ExpID 10374
Train - Loss: 24280572.20
Val - Loss, MSE, RMSE, MAE, MAPE: 37542864.00, 37542866.00, 6069.76, 4801.86, 6.16%
Test - Best epoch, Loss, MSE, RMSE, MAE, MAPE: 46, 92518480.00, 92518484.00, 9408.75, 7215.75, 8.67%
- Epoch 047, ExpID 10374
Train - Loss: 24191337.70
Val - Loss, MSE, RMSE, MAE, MAPE: 37540240.00, 37540242.00, 6067.44, 4793.12, 6.12%
Test - Best epoch, Loss, MSE, RMSE, MAE, MAPE: 47, 93677584.00, 93677580.00, 9449.74, 7264.81, 8.69%
- Epoch 048, ExpID 10374
Train - Loss: 24086768.40
Val - Loss, MSE, RMSE, MAE, MAPE: 37435744.00, 37435746.00, 6060.54, 4781.51, 6.08%
Test - Best epoch, Loss, MSE, RMSE, MAE, MAPE: 48, 94157336.00, 94157334.00, 9461.37, 7297.33, 8.70%
- Epoch 049, ExpID 10374
Train - Loss: 23992480.00
Val - Loss, MSE, RMSE, MAE, MAPE: 37209128.00, 37209130.00, 6042.60, 4772.80, 6.10%
Test - Best epoch, Loss, MSE, RMSE, MAE, MAPE: 49, 93091104.00, 93091104.00, 9421.51, 7231.77, 8.66%
- Epoch 050, ExpID 10374
Train - Loss: 23797647.40
Val - Loss, MSE, RMSE, MAE, MAPE: 37025220.00, 37025221.00, 6027.88, 4758.74, 6.08%
Test - Best epoch, Loss, MSE, RMSE, MAE, MAPE: 50, 92940376.00, 92940376.00, 9411.22, 7223.82, 8.65%
- Epoch 051, ExpID 10374
Train - Loss: 23703254.70
Val - Loss, MSE, RMSE, MAE, MAPE: 37047288.00, 37047290.00, 6029.81, 4763.63, 6.09%
Test - Best epoch, Loss, MSE, RMSE, MAE, MAPE: 50, 92940376.00, 92940376.00, 9411.22, 7223.82, 8.65%
- Epoch 052, ExpID 10374
Train - Loss: 23809088.30
Val - Loss, MSE, RMSE, MAE, MAPE: 36821052.00, 36821053.00, 6011.93, 4749.00, 6.08%
Test - Best epoch, Loss, MSE, RMSE, MAE, MAPE: 52, 92851264.00, 92851266.00, 9407.14, 7214.83, 8.65%
- Epoch 053, ExpID 10374
Train - Loss: 23682009.90
Val - Loss, MSE, RMSE, MAE, MAPE: 36747424.00, 36747426.00, 6007.02, 4747.31, 6.07%
Test - Best epoch, Loss, MSE, RMSE, MAE, MAPE: 53, 92675872.00, 92675868.00, 9395.00, 7201.97, 8.63%
- Epoch 054, ExpID 10374
Train - Loss: 23648979.00
Val - Loss, MSE, RMSE, MAE, MAPE: 36693184.00, 36693184.00, 6002.11, 4735.80, 6.05%
Test - Best epoch, Loss, MSE, RMSE, MAE, MAPE: 54, 93203688.00, 93203688.00, 9413.38, 7221.78, 8.64%
- Epoch 055, ExpID 10374
Train - Loss: 23498313.30
Val - Loss, MSE, RMSE, MAE, MAPE: 36599732.00, 36599732.00, 5994.54, 4732.63, 6.05%
Test - Best epoch, Loss, MSE, RMSE, MAE, MAPE: 55, 93150672.00, 93150672.00, 9410.88, 7217.87, 8.64%
- Epoch 056, ExpID 10374
Train - Loss: 23401094.00
Val - Loss, MSE, RMSE, MAE, MAPE: 36825184.00, 36825186.00, 6014.22, 4749.52, 6.05%
Test - Best epoch, Loss, MSE, RMSE, MAE, MAPE: 55, 93150672.00, 93150672.00, 9410.88, 7217.87, 8.64%
- Epoch 057, ExpID 10374
Train - Loss: 23460316.90
Val - Loss, MSE, RMSE, MAE, MAPE: 36481328.00, 36481328.00, 5986.48, 4727.54, 6.04%
Test - Best epoch, Loss, MSE, RMSE, MAE, MAPE: 57, 93207096.00, 93207098.00, 9408.51, 7216.68, 8.64%
- Epoch 058, ExpID 10374
Train - Loss: 23236938.70
Val - Loss, MSE, RMSE, MAE, MAPE: 36415004.00, 36415003.00, 5981.21, 4730.23, 6.06%
Test - Best epoch, Loss, MSE, RMSE, MAE, MAPE: 58, 92478592.00, 92478592.00, 9380.70, 7175.16, 8.61%
- Epoch 059, ExpID 10374
Train - Loss: 23247898.50
Val - Loss, MSE, RMSE, MAE, MAPE: 36329744.00, 36329742.00, 5975.12, 4727.43, 6.05%
Test - Best epoch, Loss, MSE, RMSE, MAE, MAPE: 59, 92302496.00, 92302500.00, 9373.87, 7176.69, 8.62%
- Epoch 060, ExpID 10374
Train - Loss: 23171650.30
Val - Loss, MSE, RMSE, MAE, MAPE: 36457496.00, 36457494.00, 5988.03, 4732.21, 6.02%
Test - Best epoch, Loss, MSE, RMSE, MAE, MAPE: 59, 92302496.00, 92302500.00, 9373.87, 7176.69, 8.62%
- Epoch 061, ExpID 10374
Train - Loss: 23151823.30
Val - Loss, MSE, RMSE, MAE, MAPE: 36369872.00, 36369870.00, 5979.67, 4724.71, 6.02%
Test - Best epoch, Loss, MSE, RMSE, MAE, MAPE: 59, 92302496.00, 92302500.00, 9373.87, 7176.69, 8.62%
- Epoch 062, ExpID 10374
Train - Loss: 23232081.00
Val - Loss, MSE, RMSE, MAE, MAPE: 36156684.00, 36156684.00, 5963.17, 4709.43, 6.00%
Test - Best epoch, Loss, MSE, RMSE, MAE, MAPE: 62, 92861312.00, 92861316.00, 9382.38, 7214.07, 8.62%
- Epoch 063, ExpID 10374
Train - Loss: 22905629.00
Val - Loss, MSE, RMSE, MAE, MAPE: 36268920.00, 36268922.00, 5971.79, 4718.50, 6.01%
Test - Best epoch, Loss, MSE, RMSE, MAE, MAPE: 62, 92861312.00, 92861316.00, 9382.38, 7214.07, 8.62%
- Epoch 064, ExpID 10374
Train - Loss: 22771234.50
Val - Loss, MSE, RMSE, MAE, MAPE: 36058696.00, 36058695.00, 5954.34, 4706.13, 6.01%
Test - Best epoch, Loss, MSE, RMSE, MAE, MAPE: 64, 92581152.00, 92581150.00, 9371.33, 7177.79, 8.59%
- Epoch 065, ExpID 10374
Train - Loss: 22835043.10
Val - Loss, MSE, RMSE, MAE, MAPE: 35960936.00, 35960934.00, 5946.30, 4702.15, 6.01%
Test - Best epoch, Loss, MSE, RMSE, MAE, MAPE: 65, 92316112.00, 92316110.00, 9361.16, 7154.78, 8.58%
- Epoch 066, ExpID 10374
Train - Loss: 22761690.10
Val - Loss, MSE, RMSE, MAE, MAPE: 35799260.00, 35799259.00, 5934.34, 4691.26, 5.99%
Test - Best epoch, Loss, MSE, RMSE, MAE, MAPE: 66, 92325560.00, 92325562.00, 9358.99, 7172.95, 8.60%
- Epoch 067, ExpID 10374
Train - Loss: 22694699.80
Val - Loss, MSE, RMSE, MAE, MAPE: 35983312.00, 35983313.00, 5951.18, 4705.66, 6.00%
Test - Best epoch, Loss, MSE, RMSE, MAE, MAPE: 66, 92325560.00, 92325562.00, 9358.99, 7172.95, 8.60%
- Epoch 068, ExpID 10374
Train - Loss: 22743971.20
Val - Loss, MSE, RMSE, MAE, MAPE: 35951604.00, 35951604.00, 5946.75, 4705.48, 6.01%
Test - Best epoch, Loss, MSE, RMSE, MAE, MAPE: 66, 92325560.00, 92325562.00, 9358.99, 7172.95, 8.60%
- Epoch 069, ExpID 10374
Train - Loss: 22626699.20
Val - Loss, MSE, RMSE, MAE, MAPE: 35786280.00, 35786278.00, 5933.50, 4695.17, 5.99%
Test - Best epoch, Loss, MSE, RMSE, MAE, MAPE: 69, 93017800.00, 93017798.00, 9384.06, 7185.89, 8.60%
- Epoch 070, ExpID 10374
Train - Loss: 22580840.20
Val - Loss, MSE, RMSE, MAE, MAPE: 35807484.00, 35807485.00, 5936.52, 4695.64, 5.99%
Test - Best epoch, Loss, MSE, RMSE, MAE, MAPE: 69, 93017800.00, 93017798.00, 9384.06, 7185.89, 8.60%
- Epoch 071, ExpID 10374
Train - Loss: 22609434.60
Val - Loss, MSE, RMSE, MAE, MAPE: 35764076.00, 35764077.00, 5931.63, 4702.20, 6.03%
Test - Best epoch, Loss, MSE, RMSE, MAE, MAPE: 71, 91715616.00, 91715616.00, 9338.61, 7112.71, 8.56%
- Epoch 072, ExpID 10374
Train - Loss: 22456040.60
Val - Loss, MSE, RMSE, MAE, MAPE: 35781924.00, 35781924.00, 5935.47, 4699.41, 5.99%
Test - Best epoch, Loss, MSE, RMSE, MAE, MAPE: 71, 91715616.00, 91715616.00, 9338.61, 7112.71, 8.56%
- Epoch 073, ExpID 10374
Train - Loss: 22455949.50
Val - Loss, MSE, RMSE, MAE, MAPE: 35893012.00, 35893012.00, 5947.36, 4704.60, 5.98%
Test - Best epoch, Loss, MSE, RMSE, MAE, MAPE: 71, 91715616.00, 91715616.00, 9338.61, 7112.71, 8.56%
- Epoch 074, ExpID 10374
Train - Loss: 22383408.20
Val - Loss, MSE, RMSE, MAE, MAPE: 35462088.00, 35462090.00, 5908.90, 4680.72, 5.98%
Test - Best epoch, Loss, MSE, RMSE, MAE, MAPE: 74, 91889736.00, 91889734.00, 9332.80, 7139.66, 8.57%
- Epoch 075, ExpID 10374
Train - Loss: 22296937.80
Val - Loss, MSE, RMSE, MAE, MAPE: 35340464.00, 35340462.00, 5898.44, 4670.28, 5.96%
Test - Best epoch, Loss, MSE, RMSE, MAE, MAPE: 75, 92131712.00, 92131710.00, 9336.74, 7145.98, 8.56%
- Epoch 076, ExpID 10374
Train - Loss: 22269904.10
Val - Loss, MSE, RMSE, MAE, MAPE: 35515024.00, 35515023.00, 5912.89, 4687.57, 5.99%
Test - Best epoch, Loss, MSE, RMSE, MAE, MAPE: 75, 92131712.00, 92131710.00, 9336.74, 7145.98, 8.56%
- Epoch 077, ExpID 10374
Train - Loss: 22309568.90
Val - Loss, MSE, RMSE, MAE, MAPE: 35267200.00, 35267199.00, 5892.23, 4662.92, 5.95%
Test - Best epoch, Loss, MSE, RMSE, MAE, MAPE: 77, 92020416.00, 92020420.00, 9330.63, 7134.01, 8.54%
- Epoch 078, ExpID 10374
Train - Loss: 22208789.20
Val - Loss, MSE, RMSE, MAE, MAPE: 35757704.00, 35757705.00, 5935.37, 4698.71, 5.98%
Test - Best epoch, Loss, MSE, RMSE, MAE, MAPE: 77, 92020416.00, 92020420.00, 9330.63, 7134.01, 8.54%
- Epoch 079, ExpID 10374
Train - Loss: 22270523.10
Val - Loss, MSE, RMSE, MAE, MAPE: 35518464.00, 35518466.00, 5917.16, 4688.14, 5.97%
Test - Best epoch, Loss, MSE, RMSE, MAE, MAPE: 77, 92020416.00, 92020420.00, 9330.63, 7134.01, 8.54%
- Epoch 080, ExpID 10374
Train - Loss: 21990303.00
Val - Loss, MSE, RMSE, MAE, MAPE: 35322900.00, 35322901.00, 5898.05, 4678.04, 5.98%
Test - Best epoch, Loss, MSE, RMSE, MAE, MAPE: 77, 92020416.00, 92020420.00, 9330.63, 7134.01, 8.54%
- Epoch 081, ExpID 10374
Train - Loss: 22161463.80
Val - Loss, MSE, RMSE, MAE, MAPE: 35452692.00, 35452693.00, 5911.67, 4679.94, 5.95%
Test - Best epoch, Loss, MSE, RMSE, MAE, MAPE: 77, 92020416.00, 92020420.00, 9330.63, 7134.01, 8.54%
- Epoch 082, ExpID 10374
Train - Loss: 21970268.10
Val - Loss, MSE, RMSE, MAE, MAPE: 35394304.00, 35394306.00, 5906.23, 4677.28, 5.95%
Test - Best epoch, Loss, MSE, RMSE, MAE, MAPE: 77, 92020416.00, 92020420.00, 9330.63, 7134.01, 8.54%
- Epoch 083, ExpID 10374
Train - Loss: 21920055.00
Val - Loss, MSE, RMSE, MAE, MAPE: 35260896.00, 35260898.00, 5894.15, 4667.70, 5.95%
Test - Best epoch, Loss, MSE, RMSE, MAE, MAPE: 83, 92631416.00, 92631418.00, 9347.22, 7146.32, 8.55%
- Epoch 084, ExpID 10374
Train - Loss: 21971121.10
Val - Loss, MSE, RMSE, MAE, MAPE: 35237292.00, 35237292.00, 5892.21, 4665.60, 5.95%
Test - Best epoch, Loss, MSE, RMSE, MAE, MAPE: 84, 92530160.00, 92530158.00, 9343.16, 7136.19, 8.54%
- Epoch 085, ExpID 10374
Train - Loss: 22001258.10
Val - Loss, MSE, RMSE, MAE, MAPE: 35040528.00, 35040528.00, 5875.45, 4660.95, 5.95%
Test - Best epoch, Loss, MSE, RMSE, MAE, MAPE: 85, 91609736.00, 91609738.00, 9305.86, 7095.53, 8.51%
- Epoch 086, ExpID 10374
Train - Loss: 21834056.60
Val - Loss, MSE, RMSE, MAE, MAPE: 35354036.00, 35354035.00, 5904.48, 4670.20, 5.94%
Test - Best epoch, Loss, MSE, RMSE, MAE, MAPE: 85, 91609736.00, 91609738.00, 9305.86, 7095.53, 8.51%
- Epoch 087, ExpID 10374
Train - Loss: 21819370.30
Val - Loss, MSE, RMSE, MAE, MAPE: 35133292.00, 35133291.00, 5884.27, 4663.99, 5.95%
Test - Best epoch, Loss, MSE, RMSE, MAE, MAPE: 85, 91609736.00, 91609738.00, 9305.86, 7095.53, 8.51%
- Epoch 088, ExpID 10374
Train - Loss: 21796849.20
Val - Loss, MSE, RMSE, MAE, MAPE: 35203672.00, 35203672.00, 5887.06, 4676.69, 5.99%
Test - Best epoch, Loss, MSE, RMSE, MAE, MAPE: 85, 91609736.00, 91609738.00, 9305.86, 7095.53, 8.51%
- Epoch 089, ExpID 10374
Train - Loss: 21686263.50
Val - Loss, MSE, RMSE, MAE, MAPE: 35148748.00, 35148749.00, 5886.77, 4662.75, 5.94%
Test - Best epoch, Loss, MSE, RMSE, MAE, MAPE: 85, 91609736.00, 91609738.00, 9305.86, 7095.53, 8.51%
- Epoch 090, ExpID 10374
Train - Loss: 21722117.40
Val - Loss, MSE, RMSE, MAE, MAPE: 35536164.00, 35536163.00, 5923.46, 4690.80, 5.95%
Test - Best epoch, Loss, MSE, RMSE, MAE, MAPE: 85, 91609736.00, 91609738.00, 9305.86, 7095.53, 8.51%
- Epoch 091, ExpID 10374
Train - Loss: 21590569.10
Val - Loss, MSE, RMSE, MAE, MAPE: 34868568.00, 34868568.00, 5861.69, 4652.06, 5.94%
Test - Best epoch, Loss, MSE, RMSE, MAE, MAPE: 91, 91227728.00, 91227732.00, 9282.72, 7068.82, 8.48%
- Epoch 092, ExpID 10374
Train - Loss: 21522291.90
Val - Loss, MSE, RMSE, MAE, MAPE: 34901644.00, 34901643.00, 5866.61, 4650.88, 5.93%
Test - Best epoch, Loss, MSE, RMSE, MAE, MAPE: 91, 91227728.00, 91227732.00, 9282.72, 7068.82, 8.48%
- Epoch 093, ExpID 10374
Train - Loss: 21592617.50
Val - Loss, MSE, RMSE, MAE, MAPE: 34873916.00, 34873916.00, 5862.56, 4651.15, 5.94%
Test - Best epoch, Loss, MSE, RMSE, MAE, MAPE: 91, 91227728.00, 91227732.00, 9282.72, 7068.82, 8.48%
- Epoch 094, ExpID 10374
Train - Loss: 21538027.90
Val - Loss, MSE, RMSE, MAE, MAPE: 34940524.00, 34940524.00, 5868.37, 4658.96, 5.95%
Test - Best epoch, Loss, MSE, RMSE, MAE, MAPE: 91, 91227728.00, 91227732.00, 9282.72, 7068.82, 8.48%
- Epoch 095, ExpID 10374
Train - Loss: 21627566.00
Val - Loss, MSE, RMSE, MAE, MAPE: 34986112.00, 34986111.00, 5876.25, 4656.33, 5.92%
Test - Best epoch, Loss, MSE, RMSE, MAE, MAPE: 91, 91227728.00, 91227732.00, 9282.72, 7068.82, 8.48%
- Epoch 096, ExpID 10374
Train - Loss: 21567356.00
Val - Loss, MSE, RMSE, MAE, MAPE: 34785404.00, 34785403.00, 5856.60, 4651.89, 5.94%
Test - Best epoch, Loss, MSE, RMSE, MAE, MAPE: 96, 91561552.00, 91561552.00, 9291.67, 7088.97, 8.50%
- Epoch 097, ExpID 10374
Train - Loss: 21501360.30
Val - Loss, MSE, RMSE, MAE, MAPE: 34708700.00, 34708701.00, 5851.18, 4640.70, 5.92%
Test - Best epoch, Loss, MSE, RMSE, MAE, MAPE: 97, 91884112.00, 91884114.00, 9297.88, 7106.39, 8.50%
- Epoch 098, ExpID 10374
Train - Loss: 21388697.40
Val - Loss, MSE, RMSE, MAE, MAPE: 35409600.00, 35409602.00, 5914.44, 4681.73, 5.94%
Test - Best epoch, Loss, MSE, RMSE, MAE, MAPE: 97, 91884112.00, 91884114.00, 9297.88, 7106.39, 8.50%
- Epoch 099, ExpID 10374
Train - Loss: 21462811.40
Val - Loss, MSE, RMSE, MAE, MAPE: 34616160.00, 34616160.00, 5840.20, 4637.93, 5.93%
Test - Best epoch, Loss, MSE, RMSE, MAE, MAPE: 99, 91022832.00, 91022832.00, 9268.71, 7042.42, 8.45%
- Epoch 100, ExpID 10374
Train - Loss: 21480929.90
Val - Loss, MSE, RMSE, MAE, MAPE: 35265264.00, 35265266.00, 5902.07, 4673.41, 5.93%
Test - Best epoch, Loss, MSE, RMSE, MAE, MAPE: 99, 91022832.00, 91022832.00, 9268.71, 7042.42, 8.45%
- Epoch 101, ExpID 10374
Train - Loss: 21367250.40
Val - Loss, MSE, RMSE, MAE, MAPE: 34762784.00, 34762783.00, 5853.42, 4646.01, 5.93%
Test - Best epoch, Loss, MSE, RMSE, MAE, MAPE: 99, 91022832.00, 91022832.00, 9268.71, 7042.42, 8.45%
- Epoch 102, ExpID 10374
Train - Loss: 21340563.10
Val - Loss, MSE, RMSE, MAE, MAPE: 34561328.00, 34561326.00, 5835.47, 4634.53, 5.93%
Test - Best epoch, Loss, MSE, RMSE, MAE, MAPE: 102, 90413408.00, 90413408.00, 9244.92, 7003.43, 8.42%
- Epoch 103, ExpID 10374
Train - Loss: 21267299.20
Val - Loss, MSE, RMSE, MAE, MAPE: 34805696.00, 34805694.00, 5861.07, 4643.14, 5.91%
Test - Best epoch, Loss, MSE, RMSE, MAE, MAPE: 102, 90413408.00, 90413408.00, 9244.92, 7003.43, 8.42%
- Epoch 104, ExpID 10374
Train - Loss: 21212878.50
Val - Loss, MSE, RMSE, MAE, MAPE: 34826872.00, 34826874.00, 5863.74, 4645.71, 5.91%
Test - Best epoch, Loss, MSE, RMSE, MAE, MAPE: 102, 90413408.00, 90413408.00, 9244.92, 7003.43, 8.42%
- Epoch 105, ExpID 10374
Train - Loss: 21178424.60
Val - Loss, MSE, RMSE, MAE, MAPE: 34695088.00, 34695088.00, 5854.00, 4637.39, 5.90%
Test - Best epoch, Loss, MSE, RMSE, MAE, MAPE: 102, 90413408.00, 90413408.00, 9244.92, 7003.43, 8.42%
- Epoch 106, ExpID 10374
Train - Loss: 21175593.90
Val - Loss, MSE, RMSE, MAE, MAPE: 34597644.00, 34597643.00, 5844.76, 4629.11, 5.89%
Test - Best epoch, Loss, MSE, RMSE, MAE, MAPE: 102, 90413408.00, 90413408.00, 9244.92, 7003.43, 8.42%
- Epoch 107, ExpID 10374
Train - Loss: 21090115.90
Val - Loss, MSE, RMSE, MAE, MAPE: 34563168.00, 34563169.00, 5839.53, 4633.71, 5.91%
Test - Best epoch, Loss, MSE, RMSE, MAE, MAPE: 102, 90413408.00, 90413408.00, 9244.92, 7003.43, 8.42%
- Epoch 108, ExpID 10374
Train - Loss: 21037483.50
Val - Loss, MSE, RMSE, MAE, MAPE: 34887352.00, 34887354.00, 5871.94, 4648.23, 5.90%
Test - Best epoch, Loss, MSE, RMSE, MAE, MAPE: 102, 90413408.00, 90413408.00, 9244.92, 7003.43, 8.42%
- Epoch 109, ExpID 10374
Train - Loss: 21040745.20
Val - Loss, MSE, RMSE, MAE, MAPE: 34300124.00, 34300123.00, 5817.72, 4613.47, 5.89%
Test - Best epoch, Loss, MSE, RMSE, MAE, MAPE: 109, 91255152.00, 91255156.00, 9265.49, 7056.86, 8.46%
- Epoch 110, ExpID 10374
Train - Loss: 21079203.80
Val - Loss, MSE, RMSE, MAE, MAPE: 34338192.00, 34338191.00, 5819.92, 4616.74, 5.89%
Test - Best epoch, Loss, MSE, RMSE, MAE, MAPE: 109, 91255152.00, 91255156.00, 9265.49, 7056.86, 8.46%
- Epoch 111, ExpID 10374
Train - Loss: 20988987.30
Val - Loss, MSE, RMSE, MAE, MAPE: 34824368.00, 34824367.00, 5867.14, 4646.36, 5.90%
Test - Best epoch, Loss, MSE, RMSE, MAE, MAPE: 109, 91255152.00, 91255156.00, 9265.49, 7056.86, 8.46%
- Epoch 112, ExpID 10374
Train - Loss: 20923271.40
Val - Loss, MSE, RMSE, MAE, MAPE: 34252424.00, 34252426.00, 5811.63, 4609.03, 5.89%
Test - Best epoch, Loss, MSE, RMSE, MAE, MAPE: 112, 91174896.00, 91174896.00, 9265.30, 7035.28, 8.44%
- Epoch 113, ExpID 10374
Train - Loss: 20904786.90
Val - Loss, MSE, RMSE, MAE, MAPE: 34362184.00, 34362183.00, 5821.38, 4628.03, 5.92%
Test - Best epoch, Loss, MSE, RMSE, MAE, MAPE: 112, 91174896.00, 91174896.00, 9265.30, 7035.28, 8.44%
- Epoch 114, ExpID 10374
Train - Loss: 20916783.00
Val - Loss, MSE, RMSE, MAE, MAPE: 34321464.00, 34321465.00, 5821.81, 4614.27, 5.88%
Test - Best epoch, Loss, MSE, RMSE, MAE, MAPE: 112, 91174896.00, 91174896.00, 9265.30, 7035.28, 8.44%
- Epoch 115, ExpID 10374
Train - Loss: 20839861.00
Val - Loss, MSE, RMSE, MAE, MAPE: 34240736.00, 34240737.00, 5812.30, 4612.38, 5.89%
Test - Best epoch, Loss, MSE, RMSE, MAE, MAPE: 115, 91507888.00, 91507890.00, 9275.01, 7049.03, 8.45%
- Epoch 116, ExpID 10374
Train - Loss: 20743277.50
Val - Loss, MSE, RMSE, MAE, MAPE: 34251392.00, 34251392.00, 5815.31, 4613.50, 5.88%
Test - Best epoch, Loss, MSE, RMSE, MAE, MAPE: 115, 91507888.00, 91507890.00, 9275.01, 7049.03, 8.45%
- Epoch 117, ExpID 10374
Train - Loss: 20816932.60
Val - Loss, MSE, RMSE, MAE, MAPE: 34474884.00, 34474883.00, 5835.63, 4623.55, 5.88%
Test - Best epoch, Loss, MSE, RMSE, MAE, MAPE: 115, 91507888.00, 91507890.00, 9275.01, 7049.03, 8.45%
- Epoch 118, ExpID 10374
Train - Loss: 20721003.40
Val - Loss, MSE, RMSE, MAE, MAPE: 34099340.00, 34099340.00, 5800.07, 4609.35, 5.90%
Test - Best epoch, Loss, MSE, RMSE, MAE, MAPE: 118, 90170360.00, 90170362.00, 9219.33, 6970.19, 8.38%
- Epoch 119, ExpID 10374
Train - Loss: 20864596.40
Val - Loss, MSE, RMSE, MAE, MAPE: 34762768.00, 34762769.00, 5862.66, 4645.04, 5.90%
Test - Best epoch, Loss, MSE, RMSE, MAE, MAPE: 118, 90170360.00, 90170362.00, 9219.33, 6970.19, 8.38%
- Epoch 120, ExpID 10374
Train - Loss: 20716017.70
Val - Loss, MSE, RMSE, MAE, MAPE: 33932912.00, 33932912.00, 5787.30, 4588.75, 5.85%
Test - Best epoch, Loss, MSE, RMSE, MAE, MAPE: 120, 90966800.00, 90966796.00, 9243.77, 7025.31, 8.42%
- Epoch 121, ExpID 10374
Train - Loss: 20704155.60
Val - Loss, MSE, RMSE, MAE, MAPE: 34590808.00, 34590807.00, 5847.88, 4631.15, 5.88%
Test - Best epoch, Loss, MSE, RMSE, MAE, MAPE: 120, 90966800.00, 90966796.00, 9243.77, 7025.31, 8.42%
- Epoch 122, ExpID 10374
Train - Loss: 20636038.20
Val - Loss, MSE, RMSE, MAE, MAPE: 34414668.00, 34414668.00, 5832.97, 4624.20, 5.88%
Test - Best epoch, Loss, MSE, RMSE, MAE, MAPE: 120, 90966800.00, 90966796.00, 9243.77, 7025.31, 8.42%
- Epoch 123, ExpID 10374
Train - Loss: 20590157.70
Val - Loss, MSE, RMSE, MAE, MAPE: 33968480.00, 33968478.00, 5791.35, 4593.96, 5.86%
Test - Best epoch, Loss, MSE, RMSE, MAE, MAPE: 120, 90966800.00, 90966796.00, 9243.77, 7025.31, 8.42%
- Epoch 124, ExpID 10374
Train - Loss: 20677830.70
Val - Loss, MSE, RMSE, MAE, MAPE: 34065672.00, 34065671.00, 5795.59, 4603.30, 5.89%
Test - Best epoch, Loss, MSE, RMSE, MAE, MAPE: 120, 90966800.00, 90966796.00, 9243.77, 7025.31, 8.42%
- Epoch 125, ExpID 10374
Train - Loss: 20622770.40
Val - Loss, MSE, RMSE, MAE, MAPE: 33993624.00, 33993623.00, 5788.85, 4596.72, 5.89%
Test - Best epoch, Loss, MSE, RMSE, MAE, MAPE: 120, 90966800.00, 90966796.00, 9243.77, 7025.31, 8.42%
- Epoch 126, ExpID 10374
Train - Loss: 20644542.40
Val - Loss, MSE, RMSE, MAE, MAPE: 33923540.00, 33923539.00, 5785.37, 4583.71, 5.85%
Test - Best epoch, Loss, MSE, RMSE, MAE, MAPE: 126, 90924160.00, 90924158.00, 9239.86, 6998.48, 8.39%
- Epoch 127, ExpID 10374
Train - Loss: 20565830.60
Val - Loss, MSE, RMSE, MAE, MAPE: 33838656.00, 33838656.00, 5779.35, 4584.03, 5.85%
Test - Best epoch, Loss, MSE, RMSE, MAE, MAPE: 127, 90772240.00, 90772238.00, 9232.59, 7015.11, 8.41%
- Epoch 128, ExpID 10374
Train - Loss: 20561849.40
Val - Loss, MSE, RMSE, MAE, MAPE: 34754604.00, 34754603.00, 5864.70, 4635.94, 5.88%
Test - Best epoch, Loss, MSE, RMSE, MAE, MAPE: 127, 90772240.00, 90772238.00, 9232.59, 7015.11, 8.41%
- Epoch 129, ExpID 10374
Train - Loss: 20487457.30
Val - Loss, MSE, RMSE, MAE, MAPE: 34045528.00, 34045527.00, 5795.14, 4597.03, 5.87%
Test - Best epoch, Loss, MSE, RMSE, MAE, MAPE: 127, 90772240.00, 90772238.00, 9232.59, 7015.11, 8.41%
- Epoch 130, ExpID 10374
Train - Loss: 20484908.10
Val - Loss, MSE, RMSE, MAE, MAPE: 33660548.00, 33660548.00, 5763.02, 4571.39, 5.84%
Test - Best epoch, Loss, MSE, RMSE, MAE, MAPE: 130, 90197776.00, 90197778.00, 9208.22, 6966.26, 8.36%
- Epoch 131, ExpID 10374
Train - Loss: 20480419.20
Val - Loss, MSE, RMSE, MAE, MAPE: 33965296.00, 33965297.00, 5789.01, 4591.61, 5.86%
Test - Best epoch, Loss, MSE, RMSE, MAE, MAPE: 130, 90197776.00, 90197778.00, 9208.22, 6966.26, 8.36%
- Epoch 132, ExpID 10374
Train - Loss: 20453444.60
Val - Loss, MSE, RMSE, MAE, MAPE: 33686436.00, 33686437.00, 5767.18, 4564.74, 5.82%
Test - Best epoch, Loss, MSE, RMSE, MAE, MAPE: 130, 90197776.00, 90197778.00, 9208.22, 6966.26, 8.36%
- Epoch 133, ExpID 10374
Train - Loss: 20407385.10
Val - Loss, MSE, RMSE, MAE, MAPE: 33896672.00, 33896671.00, 5785.66, 4586.42, 5.85%
Test - Best epoch, Loss, MSE, RMSE, MAE, MAPE: 130, 90197776.00, 90197778.00, 9208.22, 6966.26, 8.36%
- Epoch 134, ExpID 10374
Train - Loss: 20385647.70
Val - Loss, MSE, RMSE, MAE, MAPE: 33917188.00, 33917188.00, 5788.97, 4585.39, 5.84%
Test - Best epoch, Loss, MSE, RMSE, MAE, MAPE: 130, 90197776.00, 90197778.00, 9208.22, 6966.26, 8.36%
- Epoch 135, ExpID 10374
Train - Loss: 20239039.90
Val - Loss, MSE, RMSE, MAE, MAPE: 33973148.00, 33973148.00, 5795.79, 4589.58, 5.83%
Test - Best epoch, Loss, MSE, RMSE, MAE, MAPE: 130, 90197776.00, 90197778.00, 9208.22, 6966.26, 8.36%
- Epoch 136, ExpID 10374
Train - Loss: 20359158.10
Val - Loss, MSE, RMSE, MAE, MAPE: 33691976.00, 33691975.00, 5770.92, 4573.67, 5.83%
Test - Best epoch, Loss, MSE, RMSE, MAE, MAPE: 130, 90197776.00, 90197778.00, 9208.22, 6966.26, 8.36%
- Epoch 137, ExpID 10374
Train - Loss: 20206591.60
Val - Loss, MSE, RMSE, MAE, MAPE: 33610152.00, 33610152.00, 5760.27, 4568.96, 5.84%
Test - Best epoch, Loss, MSE, RMSE, MAE, MAPE: 137, 90576576.00, 90576576.00, 9221.67, 6990.79, 8.39%
- Epoch 138, ExpID 10374
Train - Loss: 20285359.90
Val - Loss, MSE, RMSE, MAE, MAPE: 33799400.00, 33799398.00, 5780.35, 4575.84, 5.82%
Test - Best epoch, Loss, MSE, RMSE, MAE, MAPE: 137, 90576576.00, 90576576.00, 9221.67, 6990.79, 8.39%
- Epoch 139, ExpID 10374
Train - Loss: 20328825.40
Val - Loss, MSE, RMSE, MAE, MAPE: 33566908.00, 33566908.00, 5759.42, 4559.42, 5.81%
Test - Best epoch, Loss, MSE, RMSE, MAE, MAPE: 139, 91356360.00, 91356362.00, 9247.59, 7041.73, 8.43%
- Epoch 140, ExpID 10374
Train - Loss: 20159119.20
Val - Loss, MSE, RMSE, MAE, MAPE: 33734200.00, 33734202.00, 5775.35, 4573.46, 5.82%
Test - Best epoch, Loss, MSE, RMSE, MAE, MAPE: 139, 91356360.00, 91356362.00, 9247.59, 7041.73, 8.43%
- Epoch 141, ExpID 10374
Train - Loss: 20177763.80
Val - Loss, MSE, RMSE, MAE, MAPE: 33618156.00, 33618156.00, 5762.03, 4565.80, 5.82%
Test - Best epoch, Loss, MSE, RMSE, MAE, MAPE: 139, 91356360.00, 91356362.00, 9247.59, 7041.73, 8.43%
- Epoch 142, ExpID 10374
Train - Loss: 20202005.50
Val - Loss, MSE, RMSE, MAE, MAPE: 33495712.00, 33495712.00, 5749.47, 4559.89, 5.82%
Test - Best epoch, Loss, MSE, RMSE, MAE, MAPE: 142, 90902888.00, 90902886.00, 9231.05, 6983.28, 8.37%
- Epoch 143, ExpID 10374
Train - Loss: 20160567.40
Val - Loss, MSE, RMSE, MAE, MAPE: 33261720.00, 33261721.00, 5732.38, 4543.45, 5.80%
Test - Best epoch, Loss, MSE, RMSE, MAE, MAPE: 143, 90484672.00, 90484670.00, 9206.89, 7008.01, 8.40%
- Epoch 144, ExpID 10374
Train - Loss: 20157749.90
Val - Loss, MSE, RMSE, MAE, MAPE: 33402264.00, 33402263.00, 5745.31, 4554.20, 5.81%
Test - Best epoch, Loss, MSE, RMSE, MAE, MAPE: 143, 90484672.00, 90484670.00, 9206.89, 7008.01, 8.40%
- Epoch 145, ExpID 10374
Train - Loss: 20130536.30
Val - Loss, MSE, RMSE, MAE, MAPE: 33515328.00, 33515327.00, 5756.35, 4562.15, 5.81%
Test - Best epoch, Loss, MSE, RMSE, MAE, MAPE: 143, 90484672.00, 90484670.00, 9206.89, 7008.01, 8.40%
- Epoch 146, ExpID 10374
Train - Loss: 20060216.90
Val - Loss, MSE, RMSE, MAE, MAPE: 33653172.00, 33653172.00, 5766.96, 4570.77, 5.82%
Test - Best epoch, Loss, MSE, RMSE, MAE, MAPE: 143, 90484672.00, 90484670.00, 9206.89, 7008.01, 8.40%
- Epoch 147, ExpID 10374
Train - Loss: 19984614.10
Val - Loss, MSE, RMSE, MAE, MAPE: 33185060.00, 33185060.00, 5724.03, 4538.89, 5.80%
Test - Best epoch, Loss, MSE, RMSE, MAE, MAPE: 147, 90149768.00, 90149766.00, 9193.02, 6964.93, 8.36%
- Epoch 148, ExpID 10374
Train - Loss: 20062838.50
Val - Loss, MSE, RMSE, MAE, MAPE: 33808848.00, 33808846.00, 5783.17, 4580.88, 5.82%
Test - Best epoch, Loss, MSE, RMSE, MAE, MAPE: 147, 90149768.00, 90149766.00, 9193.02, 6964.93, 8.36%
- Epoch 149, ExpID 10374
Train - Loss: 20103343.70
Val - Loss, MSE, RMSE, MAE, MAPE: 33380980.00, 33380980.00, 5744.08, 4553.17, 5.80%
Test - Best epoch, Loss, MSE, RMSE, MAE, MAPE: 147, 90149768.00, 90149766.00, 9193.02, 6964.93, 8.36%
- Epoch 150, ExpID 10374
Train - Loss: 19935583.00
Val - Loss, MSE, RMSE, MAE, MAPE: 33794544.00, 33794542.00, 5782.02, 4586.01, 5.83%
Test - Best epoch, Loss, MSE, RMSE, MAE, MAPE: 147, 90149768.00, 90149766.00, 9193.02, 6964.93, 8.36%
- Epoch 151, ExpID 10374
Train - Loss: 20010797.60
Val - Loss, MSE, RMSE, MAE, MAPE: 33127580.00, 33127581.00, 5718.82, 4534.23, 5.80%
Test - Best epoch, Loss, MSE, RMSE, MAE, MAPE: 151, 90030296.00, 90030296.00, 9187.43, 6945.23, 8.34%
- Epoch 152, ExpID 10374
Train - Loss: 20015480.30
Val - Loss, MSE, RMSE, MAE, MAPE: 33399276.00, 33399275.00, 5745.62, 4549.90, 5.79%
Test - Best epoch, Loss, MSE, RMSE, MAE, MAPE: 151, 90030296.00, 90030296.00, 9187.43, 6945.23, 8.34%
- Epoch 153, ExpID 10374
Train - Loss: 19915712.10
Val - Loss, MSE, RMSE, MAE, MAPE: 33179986.00, 33179986.00, 5724.31, 4533.22, 5.79%
Test - Best epoch, Loss, MSE, RMSE, MAE, MAPE: 151, 90030296.00, 90030296.00, 9187.43, 6945.23, 8.34%
- Epoch 154, ExpID 10374
Train - Loss: 19983998.70
Val - Loss, MSE, RMSE, MAE, MAPE: 32941688.00, 32941688.00, 5705.84, 4516.82, 5.76%
Test - Best epoch, Loss, MSE, RMSE, MAE, MAPE: 154, 90049680.00, 90049676.00, 9178.36, 6977.11, 8.36%
- Epoch 155, ExpID 10374
Train - Loss: 19843967.70
Val - Loss, MSE, RMSE, MAE, MAPE: 33464510.00, 33464510.00, 5754.02, 4557.96, 5.80%
Test - Best epoch, Loss, MSE, RMSE, MAE, MAPE: 154, 90049680.00, 90049676.00, 9178.36, 6977.11, 8.36%
- Epoch 156, ExpID 10374
Train - Loss: 19800903.50
Val - Loss, MSE, RMSE, MAE, MAPE: 33054876.00, 33054875.00, 5711.62, 4528.42, 5.79%
Test - Best epoch, Loss, MSE, RMSE, MAE, MAPE: 154, 90049680.00, 90049676.00, 9178.36, 6977.11, 8.36%
- Epoch 157, ExpID 10374
Train - Loss: 19821153.25
Val - Loss, MSE, RMSE, MAE, MAPE: 33253940.00, 33253940.00, 5733.95, 4543.11, 5.79%
Test - Best epoch, Loss, MSE, RMSE, MAE, MAPE: 154, 90049680.00, 90049676.00, 9178.36, 6977.11, 8.36%
- Epoch 158, ExpID 10374
Train - Loss: 19899977.30
Val - Loss, MSE, RMSE, MAE, MAPE: 32981378.00, 32981378.00, 5708.05, 4521.60, 5.77%
Test - Best epoch, Loss, MSE, RMSE, MAE, MAPE: 154, 90049680.00, 90049676.00, 9178.36, 6977.11, 8.36%
- Epoch 159, ExpID 10374
Train - Loss: 19851735.80
Val - Loss, MSE, RMSE, MAE, MAPE: 33017818.00, 33017818.00, 5712.28, 4524.43, 5.77%
Test - Best epoch, Loss, MSE, RMSE, MAE, MAPE: 154, 90049680.00, 90049676.00, 9178.36, 6977.11, 8.36%
- Epoch 160, ExpID 10374
Train - Loss: 19766552.05
Val - Loss, MSE, RMSE, MAE, MAPE: 32977776.00, 32977775.00, 5706.50, 4525.59, 5.78%
Test - Best epoch, Loss, MSE, RMSE, MAE, MAPE: 154, 90049680.00, 90049676.00, 9178.36, 6977.11, 8.36%
- Epoch 161, ExpID 10374
Train - Loss: 19761309.90
Val - Loss, MSE, RMSE, MAE, MAPE: 32923592.00, 32923593.00, 5704.67, 4518.62, 5.76%
Test - Best epoch, Loss, MSE, RMSE, MAE, MAPE: 161, 90125224.00, 90125222.00, 9177.55, 6970.53, 8.35%
- Epoch 162, ExpID 10374
Train - Loss: 19793786.80
Val - Loss, MSE, RMSE, MAE, MAPE: 33395636.00, 33395637.00, 5748.01, 4558.17, 5.80%
Test - Best epoch, Loss, MSE, RMSE, MAE, MAPE: 161, 90125224.00, 90125222.00, 9177.55, 6970.53, 8.35%
- Epoch 163, ExpID 10374
Train - Loss: 19694558.60
Val - Loss, MSE, RMSE, MAE, MAPE: 33296568.00, 33296569.00, 5731.07, 4551.13, 5.83%
Test - Best epoch, Loss, MSE, RMSE, MAE, MAPE: 161, 90125224.00, 90125222.00, 9177.55, 6970.53, 8.35%
- Epoch 164, ExpID 10374
Train - Loss: 19712707.70
Val - Loss, MSE, RMSE, MAE, MAPE: 32755884.00, 32755883.00, 5690.58, 4504.69, 5.74%
Test - Best epoch, Loss, MSE, RMSE, MAE, MAPE: 164, 89962608.00, 89962604.00, 9168.04, 6967.62, 8.35%
- Epoch 165, ExpID 10374
Train - Loss: 19725874.30
Val - Loss, MSE, RMSE, MAE, MAPE: 33086060.00, 33086061.00, 5717.42, 4530.94, 5.78%
Test - Best epoch, Loss, MSE, RMSE, MAE, MAPE: 164, 89962608.00, 89962604.00, 9168.04, 6967.62, 8.35%
- Epoch 166, ExpID 10374
Train - Loss: 19634049.90
Val - Loss, MSE, RMSE, MAE, MAPE: 33115360.00, 33115361.00, 5720.84, 4535.99, 5.79%
Test - Best epoch, Loss, MSE, RMSE, MAE, MAPE: 164, 89962608.00, 89962604.00, 9168.04, 6967.62, 8.35%
- Epoch 167, ExpID 10374
Train - Loss: 19593136.20
Val - Loss, MSE, RMSE, MAE, MAPE: 33166200.00, 33166201.00, 5726.21, 4534.86, 5.78%
Test - Best epoch, Loss, MSE, RMSE, MAE, MAPE: 164, 89962608.00, 89962604.00, 9168.04, 6967.62, 8.35%
- Epoch 168, ExpID 10374
Train - Loss: 19653183.60
Val - Loss, MSE, RMSE, MAE, MAPE: 33251570.00, 33251570.00, 5737.09, 4546.03, 5.78%
Test - Best epoch, Loss, MSE, RMSE, MAE, MAPE: 164, 89962608.00, 89962604.00, 9168.04, 6967.62, 8.35%
- Epoch 169, ExpID 10374
Train - Loss: 19592971.60
Val - Loss, MSE, RMSE, MAE, MAPE: 32924028.00, 32924029.00, 5703.44, 4520.09, 5.77%
Test - Best epoch, Loss, MSE, RMSE, MAE, MAPE: 164, 89962608.00, 89962604.00, 9168.04, 6967.62, 8.35%
- Epoch 170, ExpID 10374
Train - Loss: 19658217.90
Val - Loss, MSE, RMSE, MAE, MAPE: 33223906.00, 33223906.00, 5734.17, 4539.90, 5.77%
Test - Best epoch, Loss, MSE, RMSE, MAE, MAPE: 164, 89962608.00, 89962604.00, 9168.04, 6967.62, 8.35%
- Epoch 171, ExpID 10374
Train - Loss: 19521910.50
Val - Loss, MSE, RMSE, MAE, MAPE: 33127556.00, 33127557.00, 5719.63, 4533.06, 5.79%
Test - Best epoch, Loss, MSE, RMSE, MAE, MAPE: 164, 89962608.00, 89962604.00, 9168.04, 6967.62, 8.35%
- Epoch 172, ExpID 10374
Train - Loss: 19535246.70
Val - Loss, MSE, RMSE, MAE, MAPE: 32934214.00, 32934214.00, 5707.09, 4521.10, 5.76%
Test - Best epoch, Loss, MSE, RMSE, MAE, MAPE: 164, 89962608.00, 89962604.00, 9168.04, 6967.62, 8.35%
- Epoch 173, ExpID 10374
Train - Loss: 19578052.75
Val - Loss, MSE, RMSE, MAE, MAPE: 32769692.00, 32769692.00, 5688.80, 4504.26, 5.75%
Test - Best epoch, Loss, MSE, RMSE, MAE, MAPE: 164, 89962608.00, 89962604.00, 9168.04, 6967.62, 8.35%
- Epoch 174, ExpID 10374
Train - Loss: 19508709.00
Val - Loss, MSE, RMSE, MAE, MAPE: 32790520.00, 32790520.00, 5689.90, 4510.76, 5.77%
Test - Best epoch, Loss, MSE, RMSE, MAE, MAPE: 164, 89962608.00, 89962604.00, 9168.04, 6967.62, 8.35%
Early Stopping at Epoch 174
Fold 2017 Best RMSE: 9168.0417

-------------------- [Fold: 2018] ExpID: 16084 --------------------
- Epoch 000, ExpID 16084
Train - Loss: 37474226.00
Val - Loss, MSE, RMSE, MAE, MAPE: 100033360.00, 100033356.00, 9971.27, 7839.01, 9.48%
Test - Best epoch, Loss, MSE, RMSE, MAE, MAPE: 0, 62343832.00, 62343830.00, 7890.95, 6214.37, 6.75%
- Epoch 001, ExpID 16084
Train - Loss: 36224187.43
Val - Loss, MSE, RMSE, MAE, MAPE: 101802120.00, 101802120.00, 10043.01, 7814.77, 9.54%
Test - Best epoch, Loss, MSE, RMSE, MAE, MAPE: 0, 62343832.00, 62343830.00, 7890.95, 6214.37, 6.75%
- Epoch 002, ExpID 16084
Train - Loss: 35558757.81
Val - Loss, MSE, RMSE, MAE, MAPE: 100309616.00, 100309620.00, 9965.80, 7756.76, 9.35%
Test - Best epoch, Loss, MSE, RMSE, MAE, MAPE: 0, 62343832.00, 62343830.00, 7890.95, 6214.37, 6.75%
- Epoch 003, ExpID 16084
Train - Loss: 34888684.10
Val - Loss, MSE, RMSE, MAE, MAPE: 101198384.00, 101198384.00, 9997.93, 7715.74, 9.39%
Test - Best epoch, Loss, MSE, RMSE, MAE, MAPE: 0, 62343832.00, 62343830.00, 7890.95, 6214.37, 6.75%
- Epoch 004, ExpID 16084
Train - Loss: 34401807.14
Val - Loss, MSE, RMSE, MAE, MAPE: 100299616.00, 100299612.00, 9949.01, 7662.57, 9.30%
Test - Best epoch, Loss, MSE, RMSE, MAE, MAPE: 0, 62343832.00, 62343830.00, 7890.95, 6214.37, 6.75%
- Epoch 005, ExpID 16084
Train - Loss: 33932484.10
Val - Loss, MSE, RMSE, MAE, MAPE: 100043424.00, 100043428.00, 9928.03, 7644.09, 9.23%
Test - Best epoch, Loss, MSE, RMSE, MAE, MAPE: 0, 62343832.00, 62343830.00, 7890.95, 6214.37, 6.75%
- Epoch 006, ExpID 16084
Train - Loss: 33507439.71
Val - Loss, MSE, RMSE, MAE, MAPE: 99988816.00, 99988812.00, 9921.85, 7601.35, 9.24%
Test - Best epoch, Loss, MSE, RMSE, MAE, MAPE: 6, 58639784.00, 58639786.00, 7657.03, 5949.67, 6.50%
- Epoch 007, ExpID 16084
Train - Loss: 33162739.52
Val - Loss, MSE, RMSE, MAE, MAPE: 99518512.00, 99518508.00, 9890.36, 7616.72, 9.15%
Test - Best epoch, Loss, MSE, RMSE, MAE, MAPE: 7, 58411728.00, 58411726.00, 7641.99, 5920.16, 6.41%
- Epoch 008, ExpID 16084
Train - Loss: 32884202.00
Val - Loss, MSE, RMSE, MAE, MAPE: 98873536.00, 98873532.00, 9853.48, 7565.68, 9.12%
Test - Best epoch, Loss, MSE, RMSE, MAE, MAPE: 8, 57697624.00, 57697626.00, 7595.37, 5881.36, 6.39%
- Epoch 009, ExpID 16084
Train - Loss: 32582242.38
Val - Loss, MSE, RMSE, MAE, MAPE: 99670520.00, 99670520.00, 9887.70, 7531.58, 9.16%
Test - Best epoch, Loss, MSE, RMSE, MAE, MAPE: 8, 57697624.00, 57697626.00, 7595.37, 5881.36, 6.39%
- Epoch 010, ExpID 16084
Train - Loss: 32072341.43
Val - Loss, MSE, RMSE, MAE, MAPE: 98679872.00, 98679872.00, 9833.07, 7488.79, 9.08%
Test - Best epoch, Loss, MSE, RMSE, MAE, MAPE: 10, 57178240.00, 57178238.00, 7561.41, 5863.27, 6.39%
- Epoch 011, ExpID 16084
Train - Loss: 31773623.90
Val - Loss, MSE, RMSE, MAE, MAPE: 98718904.00, 98718904.00, 9822.45, 7505.22, 9.04%
Test - Best epoch, Loss, MSE, RMSE, MAE, MAPE: 10, 57178240.00, 57178238.00, 7561.41, 5863.27, 6.39%
- Epoch 012, ExpID 16084
Train - Loss: 31436236.19
Val - Loss, MSE, RMSE, MAE, MAPE: 98372896.00, 98372896.00, 9799.90, 7489.06, 9.02%
Test - Best epoch, Loss, MSE, RMSE, MAE, MAPE: 12, 56677084.00, 56677084.00, 7528.36, 5827.39, 6.31%
- Epoch 013, ExpID 16084
Train - Loss: 31205898.19
Val - Loss, MSE, RMSE, MAE, MAPE: 98393792.00, 98393788.00, 9794.60, 7479.89, 9.01%
Test - Best epoch, Loss, MSE, RMSE, MAE, MAPE: 12, 56677084.00, 56677084.00, 7528.36, 5827.39, 6.31%
- Epoch 014, ExpID 16084
Train - Loss: 30904178.86
Val - Loss, MSE, RMSE, MAE, MAPE: 98385728.00, 98385724.00, 9790.08, 7444.11, 8.99%
Test - Best epoch, Loss, MSE, RMSE, MAE, MAPE: 12, 56677084.00, 56677084.00, 7528.36, 5827.39, 6.31%
- Epoch 015, ExpID 16084
Train - Loss: 30585773.52
Val - Loss, MSE, RMSE, MAE, MAPE: 98545544.00, 98545544.00, 9796.76, 7428.12, 9.01%
Test - Best epoch, Loss, MSE, RMSE, MAE, MAPE: 12, 56677084.00, 56677084.00, 7528.36, 5827.39, 6.31%
- Epoch 016, ExpID 16084
Train - Loss: 30436900.29
Val - Loss, MSE, RMSE, MAE, MAPE: 98823616.00, 98823616.00, 9793.03, 7502.36, 9.00%
Test - Best epoch, Loss, MSE, RMSE, MAE, MAPE: 12, 56677084.00, 56677084.00, 7528.36, 5827.39, 6.31%
- Epoch 017, ExpID 16084
Train - Loss: 30009362.29
Val - Loss, MSE, RMSE, MAE, MAPE: 98279336.00, 98279338.00, 9770.34, 7419.91, 8.97%
Test - Best epoch, Loss, MSE, RMSE, MAE, MAPE: 17, 55814904.00, 55814904.00, 7470.92, 5790.80, 6.29%
- Epoch 018, ExpID 16084
Train - Loss: 30146082.86
Val - Loss, MSE, RMSE, MAE, MAPE: 100110224.00, 100110224.00, 9866.65, 7442.24, 9.07%
Test - Best epoch, Loss, MSE, RMSE, MAE, MAPE: 17, 55814904.00, 55814904.00, 7470.92, 5790.80, 6.29%
- Epoch 019, ExpID 16084
Train - Loss: 29658194.57
Val - Loss, MSE, RMSE, MAE, MAPE: 98624904.00, 98624906.00, 9781.26, 7413.20, 8.98%
Test - Best epoch, Loss, MSE, RMSE, MAE, MAPE: 17, 55814904.00, 55814904.00, 7470.92, 5790.80, 6.29%
- Epoch 020, ExpID 16084
Train - Loss: 29383732.29
Val - Loss, MSE, RMSE, MAE, MAPE: 98490608.00, 98490608.00, 9765.53, 7416.85, 8.96%
Test - Best epoch, Loss, MSE, RMSE, MAE, MAPE: 17, 55814904.00, 55814904.00, 7470.92, 5790.80, 6.29%
- Epoch 021, ExpID 16084
Train - Loss: 29261917.81
Val - Loss, MSE, RMSE, MAE, MAPE: 99138896.00, 99138898.00, 9782.78, 7465.79, 8.98%
Test - Best epoch, Loss, MSE, RMSE, MAE, MAPE: 17, 55814904.00, 55814904.00, 7470.92, 5790.80, 6.29%
- Epoch 022, ExpID 16084
Train - Loss: 29086098.86
Val - Loss, MSE, RMSE, MAE, MAPE: 98903984.00, 98903988.00, 9776.02, 7439.97, 8.98%
Test - Best epoch, Loss, MSE, RMSE, MAE, MAPE: 17, 55814904.00, 55814904.00, 7470.92, 5790.80, 6.29%
- Epoch 023, ExpID 16084
Train - Loss: 28861049.90
Val - Loss, MSE, RMSE, MAE, MAPE: 99004328.00, 99004330.00, 9781.26, 7418.39, 8.98%
Test - Best epoch, Loss, MSE, RMSE, MAE, MAPE: 17, 55814904.00, 55814904.00, 7470.92, 5790.80, 6.29%
- Epoch 024, ExpID 16084
Train - Loss: 28678412.29
Val - Loss, MSE, RMSE, MAE, MAPE: 99191360.00, 99191360.00, 9779.63, 7437.13, 8.98%
Test - Best epoch, Loss, MSE, RMSE, MAE, MAPE: 17, 55814904.00, 55814904.00, 7470.92, 5790.80, 6.29%
- Epoch 025, ExpID 16084
Train - Loss: 28540544.10
Val - Loss, MSE, RMSE, MAE, MAPE: 99702440.00, 99702438.00, 9814.61, 7435.75, 9.02%
Test - Best epoch, Loss, MSE, RMSE, MAE, MAPE: 17, 55814904.00, 55814904.00, 7470.92, 5790.80, 6.29%
- Epoch 026, ExpID 16084
Train - Loss: 28429442.48
Val - Loss, MSE, RMSE, MAE, MAPE: 99428856.00, 99428854.00, 9783.88, 7443.94, 8.99%
Test - Best epoch, Loss, MSE, RMSE, MAE, MAPE: 17, 55814904.00, 55814904.00, 7470.92, 5790.80, 6.29%
- Epoch 027, ExpID 16084
Train - Loss: 28333167.62
Val - Loss, MSE, RMSE, MAE, MAPE: 99584416.00, 99584420.00, 9781.94, 7458.64, 8.98%
Test - Best epoch, Loss, MSE, RMSE, MAE, MAPE: 17, 55814904.00, 55814904.00, 7470.92, 5790.80, 6.29%
Early Stopping at Epoch 27
Fold 2018 Best RMSE: 7470.9175

-------------------- [Fold: 2019] ExpID: 34403 --------------------
- Epoch 000, ExpID 34403
Train - Loss: 41491496.17
Val - Loss, MSE, RMSE, MAE, MAPE: 61515744.00, 61515742.00, 7839.26, 6185.48, 6.74%
Test - Best epoch, Loss, MSE, RMSE, MAE, MAPE: 0, 66223440.00, 66223438.00, 8054.02, 6329.59, 6.70%
- Epoch 001, ExpID 34403
Train - Loss: 39866166.96
Val - Loss, MSE, RMSE, MAE, MAPE: 59715792.00, 59715794.00, 7724.11, 6065.92, 6.63%
Test - Best epoch, Loss, MSE, RMSE, MAE, MAPE: 1, 64200164.00, 64200164.00, 7930.64, 6255.66, 6.63%
- Epoch 002, ExpID 34403
Train - Loss: 39055640.00
Val - Loss, MSE, RMSE, MAE, MAPE: 58349976.00, 58349976.00, 7634.61, 5968.63, 6.51%
Test - Best epoch, Loss, MSE, RMSE, MAE, MAPE: 2, 61563760.00, 61563762.00, 7762.13, 6126.92, 6.48%
- Epoch 003, ExpID 34403
Train - Loss: 38178083.39
Val - Loss, MSE, RMSE, MAE, MAPE: 57772384.00, 57772386.00, 7597.17, 5931.04, 6.46%
Test - Best epoch, Loss, MSE, RMSE, MAE, MAPE: 3, 60083104.00, 60083104.00, 7669.12, 6068.15, 6.41%
- Epoch 004, ExpID 34403
Train - Loss: 37847313.91
Val - Loss, MSE, RMSE, MAE, MAPE: 57424512.00, 57424512.00, 7575.40, 5916.56, 6.46%
Test - Best epoch, Loss, MSE, RMSE, MAE, MAPE: 4, 59992908.00, 59992908.00, 7668.71, 6079.69, 6.44%
- Epoch 005, ExpID 34403
Train - Loss: 37221535.30
Val - Loss, MSE, RMSE, MAE, MAPE: 56618424.00, 56618422.00, 7521.58, 5848.77, 6.37%
Test - Best epoch, Loss, MSE, RMSE, MAE, MAPE: 5, 58106180.00, 58106180.00, 7542.64, 5973.27, 6.31%
- Epoch 006, ExpID 34403
Train - Loss: 37050516.87
Val - Loss, MSE, RMSE, MAE, MAPE: 56537100.00, 56537100.00, 7516.96, 5846.67, 6.37%
Test - Best epoch, Loss, MSE, RMSE, MAE, MAPE: 6, 57636940.00, 57636940.00, 7515.12, 5954.74, 6.29%
- Epoch 007, ExpID 34403
Train - Loss: 36451843.91
Val - Loss, MSE, RMSE, MAE, MAPE: 56123320.00, 56123322.00, 7489.65, 5821.15, 6.34%
Test - Best epoch, Loss, MSE, RMSE, MAE, MAPE: 7, 57008360.00, 57008360.00, 7474.36, 5918.45, 6.25%
- Epoch 008, ExpID 34403
Train - Loss: 36048270.78
Val - Loss, MSE, RMSE, MAE, MAPE: 57568368.00, 57568366.00, 7586.78, 5937.41, 6.51%
Test - Best epoch, Loss, MSE, RMSE, MAE, MAPE: 7, 57008360.00, 57008360.00, 7474.36, 5918.45, 6.25%
- Epoch 009, ExpID 34403
Train - Loss: 35902341.22
Val - Loss, MSE, RMSE, MAE, MAPE: 55654584.00, 55654582.00, 7458.67, 5769.79, 6.26%
Test - Best epoch, Loss, MSE, RMSE, MAE, MAPE: 9, 55093820.00, 55093820.00, 7346.91, 5805.32, 6.11%
- Epoch 010, ExpID 34403
Train - Loss: 35710920.96
Val - Loss, MSE, RMSE, MAE, MAPE: 55475584.00, 55475584.00, 7447.09, 5773.99, 6.27%
Test - Best epoch, Loss, MSE, RMSE, MAE, MAPE: 10, 55119656.00, 55119654.00, 7351.83, 5813.11, 6.13%
- Epoch 011, ExpID 34403
Train - Loss: 35243226.78
Val - Loss, MSE, RMSE, MAE, MAPE: 55320424.00, 55320424.00, 7436.99, 5772.75, 6.29%
Test - Best epoch, Loss, MSE, RMSE, MAE, MAPE: 11, 55453064.00, 55453064.00, 7377.34, 5833.56, 6.16%
- Epoch 012, ExpID 34403
Train - Loss: 34877949.22
Val - Loss, MSE, RMSE, MAE, MAPE: 55303352.00, 55303352.00, 7436.10, 5779.44, 6.30%
Test - Best epoch, Loss, MSE, RMSE, MAE, MAPE: 12, 55557752.00, 55557752.00, 7386.52, 5839.15, 6.18%
- Epoch 013, ExpID 34403
Train - Loss: 34629637.13
Val - Loss, MSE, RMSE, MAE, MAPE: 54821888.00, 54821888.00, 7403.59, 5743.63, 6.25%
Test - Best epoch, Loss, MSE, RMSE, MAE, MAPE: 13, 54779644.00, 54779644.00, 7331.34, 5782.41, 6.11%
- Epoch 014, ExpID 34403
Train - Loss: 34358368.26
Val - Loss, MSE, RMSE, MAE, MAPE: 54680316.00, 54680316.00, 7394.17, 5730.12, 6.22%
Test - Best epoch, Loss, MSE, RMSE, MAE, MAPE: 14, 53948584.00, 53948586.00, 7276.93, 5737.24, 6.05%
- Epoch 015, ExpID 34403
Train - Loss: 33887988.17
Val - Loss, MSE, RMSE, MAE, MAPE: 54608824.00, 54608822.00, 7389.47, 5732.85, 6.24%
Test - Best epoch, Loss, MSE, RMSE, MAE, MAPE: 15, 54119744.00, 54119746.00, 7289.21, 5745.81, 6.07%
- Epoch 016, ExpID 34403
Train - Loss: 33683485.22
Val - Loss, MSE, RMSE, MAE, MAPE: 54264696.00, 54264694.00, 7366.13, 5691.77, 6.17%
Test - Best epoch, Loss, MSE, RMSE, MAE, MAPE: 16, 53091036.00, 53091036.00, 7218.79, 5676.88, 5.97%
- Epoch 017, ExpID 34403
Train - Loss: 33279007.91
Val - Loss, MSE, RMSE, MAE, MAPE: 54157368.00, 54157366.00, 7358.90, 5685.23, 6.16%
Test - Best epoch, Loss, MSE, RMSE, MAE, MAPE: 17, 52976896.00, 52976898.00, 7212.93, 5663.16, 5.96%
- Epoch 018, ExpID 34403
Train - Loss: 32988701.04
Val - Loss, MSE, RMSE, MAE, MAPE: 54233344.00, 54233344.00, 7364.12, 5703.45, 6.20%
Test - Best epoch, Loss, MSE, RMSE, MAE, MAPE: 17, 52976896.00, 52976898.00, 7212.93, 5663.16, 5.96%
- Epoch 019, ExpID 34403
Train - Loss: 32812749.57
Val - Loss, MSE, RMSE, MAE, MAPE: 54627176.00, 54627174.00, 7390.95, 5703.89, 6.16%
Test - Best epoch, Loss, MSE, RMSE, MAE, MAPE: 17, 52976896.00, 52976898.00, 7212.93, 5663.16, 5.96%
- Epoch 020, ExpID 34403
Train - Loss: 32616396.52
Val - Loss, MSE, RMSE, MAE, MAPE: 54162544.00, 54162542.00, 7359.47, 5698.54, 6.18%
Test - Best epoch, Loss, MSE, RMSE, MAE, MAPE: 17, 52976896.00, 52976898.00, 7212.93, 5663.16, 5.96%
- Epoch 021, ExpID 34403
Train - Loss: 32294688.87
Val - Loss, MSE, RMSE, MAE, MAPE: 54452104.00, 54452106.00, 7379.15, 5687.63, 6.13%
Test - Best epoch, Loss, MSE, RMSE, MAE, MAPE: 17, 52976896.00, 52976898.00, 7212.93, 5663.16, 5.96%
- Epoch 022, ExpID 34403
Train - Loss: 32318813.65
Val - Loss, MSE, RMSE, MAE, MAPE: 54524840.00, 54524838.00, 7384.09, 5724.66, 6.21%
Test - Best epoch, Loss, MSE, RMSE, MAE, MAPE: 17, 52976896.00, 52976898.00, 7212.93, 5663.16, 5.96%
- Epoch 023, ExpID 34403
Train - Loss: 32205254.09
Val - Loss, MSE, RMSE, MAE, MAPE: 54107940.00, 54107940.00, 7355.81, 5691.50, 6.16%
Test - Best epoch, Loss, MSE, RMSE, MAE, MAPE: 23, 52209144.00, 52209144.00, 7166.20, 5610.62, 5.90%
- Epoch 024, ExpID 34403
Train - Loss: 31937441.22
Val - Loss, MSE, RMSE, MAE, MAPE: 54220088.00, 54220088.00, 7363.43, 5702.74, 6.19%
Test - Best epoch, Loss, MSE, RMSE, MAE, MAPE: 23, 52209144.00, 52209144.00, 7166.20, 5610.62, 5.90%
- Epoch 025, ExpID 34403
Train - Loss: 31717349.30
Val - Loss, MSE, RMSE, MAE, MAPE: 54129064.00, 54129062.00, 7357.25, 5707.05, 6.20%
Test - Best epoch, Loss, MSE, RMSE, MAE, MAPE: 23, 52209144.00, 52209144.00, 7166.20, 5610.62, 5.90%
- Epoch 026, ExpID 34403
Train - Loss: 31730673.91
Val - Loss, MSE, RMSE, MAE, MAPE: 54046216.00, 54046214.00, 7351.61, 5696.52, 6.18%
Test - Best epoch, Loss, MSE, RMSE, MAE, MAPE: 26, 52578312.00, 52578312.00, 7190.90, 5623.32, 5.93%
- Epoch 027, ExpID 34403
Train - Loss: 31522961.30
Val - Loss, MSE, RMSE, MAE, MAPE: 54840960.00, 54840960.00, 7405.32, 5713.56, 6.14%
Test - Best epoch, Loss, MSE, RMSE, MAE, MAPE: 26, 52578312.00, 52578312.00, 7190.90, 5623.32, 5.93%
- Epoch 028, ExpID 34403
Train - Loss: 31544310.26
Val - Loss, MSE, RMSE, MAE, MAPE: 53890768.00, 53890766.00, 7341.02, 5689.05, 6.17%
Test - Best epoch, Loss, MSE, RMSE, MAE, MAPE: 28, 52231072.00, 52231072.00, 7168.20, 5598.42, 5.90%
- Epoch 029, ExpID 34403
Train - Loss: 30998020.17
Val - Loss, MSE, RMSE, MAE, MAPE: 54022440.00, 54022440.00, 7350.00, 5700.43, 6.20%
Test - Best epoch, Loss, MSE, RMSE, MAE, MAPE: 28, 52231072.00, 52231072.00, 7168.20, 5598.42, 5.90%
- Epoch 030, ExpID 34403
Train - Loss: 30995382.52
Val - Loss, MSE, RMSE, MAE, MAPE: 54162664.00, 54162662.00, 7359.44, 5704.68, 6.18%
Test - Best epoch, Loss, MSE, RMSE, MAE, MAPE: 28, 52231072.00, 52231072.00, 7168.20, 5598.42, 5.90%
- Epoch 031, ExpID 34403
Train - Loss: 30767219.22
Val - Loss, MSE, RMSE, MAE, MAPE: 54199912.00, 54199910.00, 7361.86, 5688.12, 6.14%
Test - Best epoch, Loss, MSE, RMSE, MAE, MAPE: 28, 52231072.00, 52231072.00, 7168.20, 5598.42, 5.90%
- Epoch 032, ExpID 34403
Train - Loss: 30784604.35
Val - Loss, MSE, RMSE, MAE, MAPE: 54182048.00, 54182046.00, 7360.79, 5707.61, 6.19%
Test - Best epoch, Loss, MSE, RMSE, MAE, MAPE: 28, 52231072.00, 52231072.00, 7168.20, 5598.42, 5.90%
- Epoch 033, ExpID 34403
Train - Loss: 30563100.78
Val - Loss, MSE, RMSE, MAE, MAPE: 53492484.00, 53492484.00, 7313.77, 5648.65, 6.11%
Test - Best epoch, Loss, MSE, RMSE, MAE, MAPE: 33, 51126656.00, 51126656.00, 7096.37, 5522.19, 5.80%
- Epoch 034, ExpID 34403
Train - Loss: 30414351.13
Val - Loss, MSE, RMSE, MAE, MAPE: 53821640.00, 53821638.00, 7336.21, 5677.60, 6.15%
Test - Best epoch, Loss, MSE, RMSE, MAE, MAPE: 33, 51126656.00, 51126656.00, 7096.37, 5522.19, 5.80%
- Epoch 035, ExpID 34403
Train - Loss: 30317395.65
Val - Loss, MSE, RMSE, MAE, MAPE: 54103568.00, 54103566.00, 7355.39, 5705.33, 6.19%
Test - Best epoch, Loss, MSE, RMSE, MAE, MAPE: 33, 51126656.00, 51126656.00, 7096.37, 5522.19, 5.80%
- Epoch 036, ExpID 34403
Train - Loss: 30128055.83
Val - Loss, MSE, RMSE, MAE, MAPE: 54025824.00, 54025826.00, 7349.66, 5670.56, 6.10%
Test - Best epoch, Loss, MSE, RMSE, MAE, MAPE: 33, 51126656.00, 51126656.00, 7096.37, 5522.19, 5.80%
- Epoch 037, ExpID 34403
Train - Loss: 30071479.30
Val - Loss, MSE, RMSE, MAE, MAPE: 53686920.00, 53686918.00, 7326.78, 5667.37, 6.13%
Test - Best epoch, Loss, MSE, RMSE, MAE, MAPE: 33, 51126656.00, 51126656.00, 7096.37, 5522.19, 5.80%
- Epoch 038, ExpID 34403
Train - Loss: 29786026.35
Val - Loss, MSE, RMSE, MAE, MAPE: 53223360.00, 53223362.00, 7295.14, 5634.75, 6.09%
Test - Best epoch, Loss, MSE, RMSE, MAE, MAPE: 38, 50650992.00, 50650992.00, 7064.81, 5484.35, 5.76%
- Epoch 039, ExpID 34403
Train - Loss: 29863660.35
Val - Loss, MSE, RMSE, MAE, MAPE: 53366172.00, 53366172.00, 7304.93, 5649.01, 6.11%
Test - Best epoch, Loss, MSE, RMSE, MAE, MAPE: 38, 50650992.00, 50650992.00, 7064.81, 5484.35, 5.76%
- Epoch 040, ExpID 34403
Train - Loss: 29585088.78
Val - Loss, MSE, RMSE, MAE, MAPE: 53276872.00, 53276870.00, 7298.67, 5634.10, 6.08%
Test - Best epoch, Loss, MSE, RMSE, MAE, MAPE: 38, 50650992.00, 50650992.00, 7064.81, 5484.35, 5.76%
- Epoch 041, ExpID 34403
Train - Loss: 29707811.74
Val - Loss, MSE, RMSE, MAE, MAPE: 53360656.00, 53360658.00, 7304.58, 5649.83, 6.12%
Test - Best epoch, Loss, MSE, RMSE, MAE, MAPE: 38, 50650992.00, 50650992.00, 7064.81, 5484.35, 5.76%
- Epoch 042, ExpID 34403
Train - Loss: 29380436.17
Val - Loss, MSE, RMSE, MAE, MAPE: 53167176.00, 53167178.00, 7291.22, 5637.57, 6.09%
Test - Best epoch, Loss, MSE, RMSE, MAE, MAPE: 42, 50376720.00, 50376722.00, 7045.40, 5468.30, 5.74%
- Epoch 043, ExpID 34403
Train - Loss: 29385838.96
Val - Loss, MSE, RMSE, MAE, MAPE: 52988288.00, 52988290.00, 7279.06, 5623.03, 6.08%
Test - Best epoch, Loss, MSE, RMSE, MAE, MAPE: 43, 50377036.00, 50377036.00, 7045.88, 5464.35, 5.74%
- Epoch 044, ExpID 34403
Train - Loss: 29293190.26
Val - Loss, MSE, RMSE, MAE, MAPE: 53228164.00, 53228164.00, 7295.48, 5645.29, 6.11%
Test - Best epoch, Loss, MSE, RMSE, MAE, MAPE: 43, 50377036.00, 50377036.00, 7045.88, 5464.35, 5.74%
- Epoch 045, ExpID 34403
Train - Loss: 29399679.30
Val - Loss, MSE, RMSE, MAE, MAPE: 52822872.00, 52822874.00, 7267.84, 5621.09, 6.09%
Test - Best epoch, Loss, MSE, RMSE, MAE, MAPE: 45, 50594200.00, 50594200.00, 7056.33, 5462.25, 5.75%
- Epoch 046, ExpID 34403
Train - Loss: 29114864.00
Val - Loss, MSE, RMSE, MAE, MAPE: 52862856.00, 52862854.00, 7270.30, 5619.08, 6.07%
Test - Best epoch, Loss, MSE, RMSE, MAE, MAPE: 45, 50594200.00, 50594200.00, 7056.33, 5462.25, 5.75%
- Epoch 047, ExpID 34403
Train - Loss: 28967041.22
Val - Loss, MSE, RMSE, MAE, MAPE: 52719040.00, 52719038.00, 7260.47, 5607.56, 6.06%
Test - Best epoch, Loss, MSE, RMSE, MAE, MAPE: 47, 49851984.00, 49851984.00, 7007.16, 5424.60, 5.70%
- Epoch 048, ExpID 34403
Train - Loss: 29147864.26
Val - Loss, MSE, RMSE, MAE, MAPE: 52943872.00, 52943870.00, 7275.45, 5611.30, 6.04%
Test - Best epoch, Loss, MSE, RMSE, MAE, MAPE: 47, 49851984.00, 49851984.00, 7007.16, 5424.60, 5.70%
- Epoch 049, ExpID 34403
Train - Loss: 28866020.87
Val - Loss, MSE, RMSE, MAE, MAPE: 52761036.00, 52761036.00, 7263.31, 5614.28, 6.06%
Test - Best epoch, Loss, MSE, RMSE, MAE, MAPE: 47, 49851984.00, 49851984.00, 7007.16, 5424.60, 5.70%
- Epoch 050, ExpID 34403
Train - Loss: 28739831.39
Val - Loss, MSE, RMSE, MAE, MAPE: 52804360.00, 52804358.00, 7266.30, 5618.56, 6.07%
Test - Best epoch, Loss, MSE, RMSE, MAE, MAPE: 47, 49851984.00, 49851984.00, 7007.16, 5424.60, 5.70%
- Epoch 051, ExpID 34403
Train - Loss: 28587302.35
Val - Loss, MSE, RMSE, MAE, MAPE: 53344872.00, 53344874.00, 7302.41, 5636.21, 6.05%
Test - Best epoch, Loss, MSE, RMSE, MAE, MAPE: 47, 49851984.00, 49851984.00, 7007.16, 5424.60, 5.70%
- Epoch 052, ExpID 34403
Train - Loss: 28445764.26
Val - Loss, MSE, RMSE, MAE, MAPE: 52395904.00, 52395902.00, 7238.24, 5590.17, 6.04%
Test - Best epoch, Loss, MSE, RMSE, MAE, MAPE: 52, 49555312.00, 49555314.00, 6987.62, 5397.27, 5.67%
- Epoch 053, ExpID 34403
Train - Loss: 28413723.22
Val - Loss, MSE, RMSE, MAE, MAPE: 52746664.00, 52746666.00, 7262.33, 5619.75, 6.07%
Test - Best epoch, Loss, MSE, RMSE, MAE, MAPE: 52, 49555312.00, 49555314.00, 6987.62, 5397.27, 5.67%
- Epoch 054, ExpID 34403
Train - Loss: 28486977.57
Val - Loss, MSE, RMSE, MAE, MAPE: 52618408.00, 52618408.00, 7253.42, 5608.08, 6.06%
Test - Best epoch, Loss, MSE, RMSE, MAE, MAPE: 52, 49555312.00, 49555314.00, 6987.62, 5397.27, 5.67%
- Epoch 055, ExpID 34403
Train - Loss: 28300103.22
Val - Loss, MSE, RMSE, MAE, MAPE: 52324936.00, 52324938.00, 7233.05, 5582.10, 6.02%
Test - Best epoch, Loss, MSE, RMSE, MAE, MAPE: 55, 49211416.00, 49211416.00, 6968.88, 5376.79, 5.63%
- Epoch 056, ExpID 34403
Train - Loss: 28337062.26
Val - Loss, MSE, RMSE, MAE, MAPE: 52368448.00, 52368446.00, 7236.06, 5582.49, 6.02%
Test - Best epoch, Loss, MSE, RMSE, MAE, MAPE: 55, 49211416.00, 49211416.00, 6968.88, 5376.79, 5.63%
- Epoch 057, ExpID 34403
Train - Loss: 28229506.00
Val - Loss, MSE, RMSE, MAE, MAPE: 52586968.00, 52586970.00, 7251.42, 5611.53, 6.07%
Test - Best epoch, Loss, MSE, RMSE, MAE, MAPE: 55, 49211416.00, 49211416.00, 6968.88, 5376.79, 5.63%
- Epoch 058, ExpID 34403
Train - Loss: 28190735.65
Val - Loss, MSE, RMSE, MAE, MAPE: 52405704.00, 52405702.00, 7238.58, 5587.37, 6.03%
Test - Best epoch, Loss, MSE, RMSE, MAE, MAPE: 55, 49211416.00, 49211416.00, 6968.88, 5376.79, 5.63%
- Epoch 059, ExpID 34403
Train - Loss: 28160965.30
Val - Loss, MSE, RMSE, MAE, MAPE: 52461752.00, 52461754.00, 7242.52, 5600.54, 6.04%
Test - Best epoch, Loss, MSE, RMSE, MAE, MAPE: 55, 49211416.00, 49211416.00, 6968.88, 5376.79, 5.63%
- Epoch 060, ExpID 34403
Train - Loss: 28054968.09
Val - Loss, MSE, RMSE, MAE, MAPE: 52478408.00, 52478406.00, 7243.47, 5594.85, 6.03%
Test - Best epoch, Loss, MSE, RMSE, MAE, MAPE: 55, 49211416.00, 49211416.00, 6968.88, 5376.79, 5.63%
- Epoch 061, ExpID 34403
Train - Loss: 27832499.22
Val - Loss, MSE, RMSE, MAE, MAPE: 52305352.00, 52305352.00, 7232.12, 5598.57, 6.06%
Test - Best epoch, Loss, MSE, RMSE, MAE, MAPE: 61, 49433720.00, 49433722.00, 6976.19, 5386.36, 5.66%
- Epoch 062, ExpID 34403
Train - Loss: 27770338.26
Val - Loss, MSE, RMSE, MAE, MAPE: 52389712.00, 52389714.00, 7237.49, 5592.31, 6.02%
Test - Best epoch, Loss, MSE, RMSE, MAE, MAPE: 61, 49433720.00, 49433722.00, 6976.19, 5386.36, 5.66%
- Epoch 063, ExpID 34403
Train - Loss: 27696128.52
Val - Loss, MSE, RMSE, MAE, MAPE: 52211148.00, 52211148.00, 7225.21, 5582.13, 6.02%
Test - Best epoch, Loss, MSE, RMSE, MAE, MAPE: 63, 48741024.00, 48741026.00, 6934.60, 5349.65, 5.60%
- Epoch 064, ExpID 34403
Train - Loss: 27761071.04
Val - Loss, MSE, RMSE, MAE, MAPE: 52937960.00, 52937962.00, 7275.82, 5646.62, 6.13%
Test - Best epoch, Loss, MSE, RMSE, MAE, MAPE: 63, 48741024.00, 48741026.00, 6934.60, 5349.65, 5.60%
- Epoch 065, ExpID 34403
Train - Loss: 27788606.26
Val - Loss, MSE, RMSE, MAE, MAPE: 52297120.00, 52297118.00, 7230.97, 5586.04, 6.02%
Test - Best epoch, Loss, MSE, RMSE, MAE, MAPE: 63, 48741024.00, 48741026.00, 6934.60, 5349.65, 5.60%
- Epoch 066, ExpID 34403
Train - Loss: 27555234.61
Val - Loss, MSE, RMSE, MAE, MAPE: 52379576.00, 52379574.00, 7237.12, 5603.44, 6.06%
Test - Best epoch, Loss, MSE, RMSE, MAE, MAPE: 63, 48741024.00, 48741026.00, 6934.60, 5349.65, 5.60%
- Epoch 067, ExpID 34403
Train - Loss: 27524985.83
Val - Loss, MSE, RMSE, MAE, MAPE: 52305700.00, 52305700.00, 7231.51, 5588.25, 6.02%
Test - Best epoch, Loss, MSE, RMSE, MAE, MAPE: 63, 48741024.00, 48741026.00, 6934.60, 5349.65, 5.60%
- Epoch 068, ExpID 34403
Train - Loss: 27395948.43
Val - Loss, MSE, RMSE, MAE, MAPE: 52203728.00, 52203728.00, 7224.64, 5585.99, 6.02%
Test - Best epoch, Loss, MSE, RMSE, MAE, MAPE: 68, 48685760.00, 48685760.00, 6931.98, 5347.28, 5.60%
- Epoch 069, ExpID 34403
Train - Loss: 27381514.61
Val - Loss, MSE, RMSE, MAE, MAPE: 52288244.00, 52288244.00, 7230.36, 5591.29, 6.02%
Test - Best epoch, Loss, MSE, RMSE, MAE, MAPE: 68, 48685760.00, 48685760.00, 6931.98, 5347.28, 5.60%
- Epoch 070, ExpID 34403
Train - Loss: 27559361.39
Val - Loss, MSE, RMSE, MAE, MAPE: 52006860.00, 52006860.00, 7211.05, 5574.99, 6.02%
Test - Best epoch, Loss, MSE, RMSE, MAE, MAPE: 70, 48519340.00, 48519340.00, 6917.28, 5334.05, 5.59%
- Epoch 071, ExpID 34403
Train - Loss: 27263302.52
Val - Loss, MSE, RMSE, MAE, MAPE: 52052136.00, 52052136.00, 7213.79, 5571.53, 6.00%
Test - Best epoch, Loss, MSE, RMSE, MAE, MAPE: 70, 48519340.00, 48519340.00, 6917.28, 5334.05, 5.59%
- Epoch 072, ExpID 34403
Train - Loss: 27260129.57
Val - Loss, MSE, RMSE, MAE, MAPE: 51877672.00, 51877674.00, 7202.28, 5573.45, 6.02%
Test - Best epoch, Loss, MSE, RMSE, MAE, MAPE: 72, 48542028.00, 48542028.00, 6917.81, 5331.00, 5.59%
- Epoch 073, ExpID 34403
Train - Loss: 27177319.48
Val - Loss, MSE, RMSE, MAE, MAPE: 51834884.00, 51834884.00, 7199.38, 5573.86, 6.02%
Test - Best epoch, Loss, MSE, RMSE, MAE, MAPE: 73, 48491440.00, 48491438.00, 6913.57, 5330.99, 5.60%
- Epoch 074, ExpID 34403
Train - Loss: 26959210.61
Val - Loss, MSE, RMSE, MAE, MAPE: 52505144.00, 52505142.00, 7244.83, 5601.74, 6.02%
Test - Best epoch, Loss, MSE, RMSE, MAE, MAPE: 73, 48491440.00, 48491438.00, 6913.57, 5330.99, 5.60%
- Epoch 075, ExpID 34403
Train - Loss: 27135419.74
Val - Loss, MSE, RMSE, MAE, MAPE: 51668080.00, 51668078.00, 7187.21, 5540.96, 5.96%
Test - Best epoch, Loss, MSE, RMSE, MAE, MAPE: 75, 48074184.00, 48074182.00, 6893.20, 5304.51, 5.54%
- Epoch 076, ExpID 34403
Train - Loss: 26962785.30
Val - Loss, MSE, RMSE, MAE, MAPE: 52114704.00, 52114706.00, 7219.00, 5600.70, 6.07%
Test - Best epoch, Loss, MSE, RMSE, MAE, MAPE: 75, 48074184.00, 48074182.00, 6893.20, 5304.51, 5.54%
- Epoch 077, ExpID 34403
Train - Loss: 27045191.04
Val - Loss, MSE, RMSE, MAE, MAPE: 52168048.00, 52168050.00, 7221.88, 5585.39, 6.01%
Test - Best epoch, Loss, MSE, RMSE, MAE, MAPE: 75, 48074184.00, 48074182.00, 6893.20, 5304.51, 5.54%
- Epoch 078, ExpID 34403
Train - Loss: 27042233.39
Val - Loss, MSE, RMSE, MAE, MAPE: 52009820.00, 52009820.00, 7211.02, 5574.75, 6.00%
Test - Best epoch, Loss, MSE, RMSE, MAE, MAPE: 75, 48074184.00, 48074182.00, 6893.20, 5304.51, 5.54%
- Epoch 079, ExpID 34403
Train - Loss: 27031242.00
Val - Loss, MSE, RMSE, MAE, MAPE: 51398056.00, 51398056.00, 7168.91, 5542.18, 5.98%
Test - Best epoch, Loss, MSE, RMSE, MAE, MAPE: 79, 48002308.00, 48002308.00, 6880.98, 5297.42, 5.55%
- Epoch 080, ExpID 34403
Train - Loss: 26840615.13
Val - Loss, MSE, RMSE, MAE, MAPE: 51746656.00, 51746658.00, 7192.51, 5545.39, 5.95%
Test - Best epoch, Loss, MSE, RMSE, MAE, MAPE: 79, 48002308.00, 48002308.00, 6880.98, 5297.42, 5.55%
- Epoch 081, ExpID 34403
Train - Loss: 26780638.09
Val - Loss, MSE, RMSE, MAE, MAPE: 51475192.00, 51475190.00, 7174.39, 5551.24, 5.99%
Test - Best epoch, Loss, MSE, RMSE, MAE, MAPE: 79, 48002308.00, 48002308.00, 6880.98, 5297.42, 5.55%
- Epoch 082, ExpID 34403
Train - Loss: 26828597.22
Val - Loss, MSE, RMSE, MAE, MAPE: 51860152.00, 51860152.00, 7200.40, 5558.32, 5.97%
Test - Best epoch, Loss, MSE, RMSE, MAE, MAPE: 79, 48002308.00, 48002308.00, 6880.98, 5297.42, 5.55%
- Epoch 083, ExpID 34403
Train - Loss: 26749187.57
Val - Loss, MSE, RMSE, MAE, MAPE: 51397176.00, 51397176.00, 7168.77, 5540.40, 5.97%
Test - Best epoch, Loss, MSE, RMSE, MAE, MAPE: 83, 47909344.00, 47909342.00, 6876.80, 5301.02, 5.55%
- Epoch 084, ExpID 34403
Train - Loss: 26586570.26
Val - Loss, MSE, RMSE, MAE, MAPE: 51567976.00, 51567976.00, 7181.00, 5566.03, 6.02%
Test - Best epoch, Loss, MSE, RMSE, MAE, MAPE: 83, 47909344.00, 47909342.00, 6876.80, 5301.02, 5.55%
- Epoch 085, ExpID 34403
Train - Loss: 26623870.43
Val - Loss, MSE, RMSE, MAE, MAPE: 51718160.00, 51718160.00, 7191.49, 5578.06, 6.04%
Test - Best epoch, Loss, MSE, RMSE, MAE, MAPE: 83, 47909344.00, 47909342.00, 6876.80, 5301.02, 5.55%
- Epoch 086, ExpID 34403
Train - Loss: 26748765.30
Val - Loss, MSE, RMSE, MAE, MAPE: 52602876.00, 52602876.00, 7251.13, 5605.62, 6.01%
Test - Best epoch, Loss, MSE, RMSE, MAE, MAPE: 83, 47909344.00, 47909342.00, 6876.80, 5301.02, 5.55%
- Epoch 087, ExpID 34403
Train - Loss: 26454213.91
Val - Loss, MSE, RMSE, MAE, MAPE: 51652564.00, 51652564.00, 7186.50, 5558.98, 5.99%
Test - Best epoch, Loss, MSE, RMSE, MAE, MAPE: 83, 47909344.00, 47909342.00, 6876.80, 5301.02, 5.55%
- Epoch 088, ExpID 34403
Train - Loss: 26392910.87
Val - Loss, MSE, RMSE, MAE, MAPE: 51307220.00, 51307220.00, 7162.85, 5551.01, 6.00%
Test - Best epoch, Loss, MSE, RMSE, MAE, MAPE: 88, 48092216.00, 48092216.00, 6884.84, 5312.63, 5.58%
- Epoch 089, ExpID 34403
Train - Loss: 26319802.00
Val - Loss, MSE, RMSE, MAE, MAPE: 51300848.00, 51300850.00, 7162.18, 5536.31, 5.97%
Test - Best epoch, Loss, MSE, RMSE, MAE, MAPE: 89, 47804488.00, 47804488.00, 6869.08, 5291.57, 5.54%
- Epoch 090, ExpID 34403
Train - Loss: 26365343.74
Val - Loss, MSE, RMSE, MAE, MAPE: 50795764.00, 50795764.00, 7127.11, 5511.67, 5.96%
Test - Best epoch, Loss, MSE, RMSE, MAE, MAPE: 90, 47831400.00, 47831398.00, 6862.05, 5281.45, 5.55%
- Epoch 091, ExpID 34403
Train - Loss: 26187427.65
Val - Loss, MSE, RMSE, MAE, MAPE: 51316864.00, 51316866.00, 7163.47, 5546.06, 5.99%
Test - Best epoch, Loss, MSE, RMSE, MAE, MAPE: 90, 47831400.00, 47831398.00, 6862.05, 5281.45, 5.55%
- Epoch 092, ExpID 34403
Train - Loss: 26270641.39
Val - Loss, MSE, RMSE, MAE, MAPE: 51379268.00, 51379268.00, 7167.78, 5548.28, 5.99%
Test - Best epoch, Loss, MSE, RMSE, MAE, MAPE: 90, 47831400.00, 47831398.00, 6862.05, 5281.45, 5.55%
- Epoch 093, ExpID 34403
Train - Loss: 26153674.61
Val - Loss, MSE, RMSE, MAE, MAPE: 50988408.00, 50988410.00, 7140.51, 5519.69, 5.96%
Test - Best epoch, Loss, MSE, RMSE, MAE, MAPE: 90, 47831400.00, 47831398.00, 6862.05, 5281.45, 5.55%
- Epoch 094, ExpID 34403
Train - Loss: 26049337.83
Val - Loss, MSE, RMSE, MAE, MAPE: 51723384.00, 51723384.00, 7190.84, 5546.49, 5.95%
Test - Best epoch, Loss, MSE, RMSE, MAE, MAPE: 90, 47831400.00, 47831398.00, 6862.05, 5281.45, 5.55%
- Epoch 095, ExpID 34403
Train - Loss: 26153978.61
Val - Loss, MSE, RMSE, MAE, MAPE: 50826752.00, 50826752.00, 7128.98, 5497.94, 5.92%
Test - Best epoch, Loss, MSE, RMSE, MAE, MAPE: 90, 47831400.00, 47831398.00, 6862.05, 5281.45, 5.55%
- Epoch 096, ExpID 34403
Train - Loss: 26067738.52
Val - Loss, MSE, RMSE, MAE, MAPE: 50586832.00, 50586834.00, 7112.35, 5491.02, 5.93%
Test - Best epoch, Loss, MSE, RMSE, MAE, MAPE: 96, 47282288.00, 47282286.00, 6827.59, 5245.96, 5.50%
- Epoch 097, ExpID 34403
Train - Loss: 26090769.74
Val - Loss, MSE, RMSE, MAE, MAPE: 51091972.00, 51091972.00, 7147.53, 5524.08, 5.95%
Test - Best epoch, Loss, MSE, RMSE, MAE, MAPE: 96, 47282288.00, 47282286.00, 6827.59, 5245.96, 5.50%
- Epoch 098, ExpID 34403
Train - Loss: 26243217.22
Val - Loss, MSE, RMSE, MAE, MAPE: 50669968.00, 50669966.00, 7118.28, 5507.05, 5.95%
Test - Best epoch, Loss, MSE, RMSE, MAE, MAPE: 96, 47282288.00, 47282286.00, 6827.59, 5245.96, 5.50%
- Epoch 099, ExpID 34403
Train - Loss: 25945231.65
Val - Loss, MSE, RMSE, MAE, MAPE: 51083312.00, 51083310.00, 7146.95, 5525.89, 5.95%
Test - Best epoch, Loss, MSE, RMSE, MAE, MAPE: 96, 47282288.00, 47282286.00, 6827.59, 5245.96, 5.50%
- Epoch 100, ExpID 34403
Train - Loss: 25883270.61
Val - Loss, MSE, RMSE, MAE, MAPE: 50942200.00, 50942200.00, 7137.15, 5509.13, 5.93%
Test - Best epoch, Loss, MSE, RMSE, MAE, MAPE: 96, 47282288.00, 47282286.00, 6827.59, 5245.96, 5.50%
- Epoch 101, ExpID 34403
Train - Loss: 25773916.87
Val - Loss, MSE, RMSE, MAE, MAPE: 50662832.00, 50662834.00, 7117.48, 5492.66, 5.91%
Test - Best epoch, Loss, MSE, RMSE, MAE, MAPE: 96, 47282288.00, 47282286.00, 6827.59, 5245.96, 5.50%
- Epoch 102, ExpID 34403
Train - Loss: 25723510.35
Val - Loss, MSE, RMSE, MAE, MAPE: 50911168.00, 50911168.00, 7134.92, 5515.56, 5.94%
Test - Best epoch, Loss, MSE, RMSE, MAE, MAPE: 96, 47282288.00, 47282286.00, 6827.59, 5245.96, 5.50%
- Epoch 103, ExpID 34403
Train - Loss: 25592008.78
Val - Loss, MSE, RMSE, MAE, MAPE: 51155152.00, 51155150.00, 7152.04, 5532.61, 5.96%
Test - Best epoch, Loss, MSE, RMSE, MAE, MAPE: 96, 47282288.00, 47282286.00, 6827.59, 5245.96, 5.50%
- Epoch 104, ExpID 34403
Train - Loss: 25757439.30
Val - Loss, MSE, RMSE, MAE, MAPE: 50884360.00, 50884358.00, 7132.98, 5509.69, 5.93%
Test - Best epoch, Loss, MSE, RMSE, MAE, MAPE: 96, 47282288.00, 47282286.00, 6827.59, 5245.96, 5.50%
- Epoch 105, ExpID 34403
Train - Loss: 25649730.00
Val - Loss, MSE, RMSE, MAE, MAPE: 51908040.00, 51908040.00, 7203.36, 5558.03, 5.96%
Test - Best epoch, Loss, MSE, RMSE, MAE, MAPE: 96, 47282288.00, 47282286.00, 6827.59, 5245.96, 5.50%
- Epoch 106, ExpID 34403
Train - Loss: 25678329.91
Val - Loss, MSE, RMSE, MAE, MAPE: 50584808.00, 50584810.00, 7112.29, 5502.11, 5.94%
Test - Best epoch, Loss, MSE, RMSE, MAE, MAPE: 106, 47141628.00, 47141628.00, 6817.42, 5241.48, 5.50%
- Epoch 107, ExpID 34403
Train - Loss: 25602881.57
Val - Loss, MSE, RMSE, MAE, MAPE: 50961288.00, 50961288.00, 7138.43, 5516.77, 5.93%
Test - Best epoch, Loss, MSE, RMSE, MAE, MAPE: 106, 47141628.00, 47141628.00, 6817.42, 5241.48, 5.50%
- Epoch 108, ExpID 34403
Train - Loss: 25482305.04
Val - Loss, MSE, RMSE, MAE, MAPE: 50906300.00, 50906300.00, 7134.51, 5514.46, 5.94%
Test - Best epoch, Loss, MSE, RMSE, MAE, MAPE: 106, 47141628.00, 47141628.00, 6817.42, 5241.48, 5.50%
- Epoch 109, ExpID 34403
Train - Loss: 25595600.87
Val - Loss, MSE, RMSE, MAE, MAPE: 50793256.00, 50793254.00, 7126.59, 5503.83, 5.92%
Test - Best epoch, Loss, MSE, RMSE, MAE, MAPE: 106, 47141628.00, 47141628.00, 6817.42, 5241.48, 5.50%
- Epoch 110, ExpID 34403
Train - Loss: 25521639.74
Val - Loss, MSE, RMSE, MAE, MAPE: 51053376.00, 51053376.00, 7144.46, 5512.84, 5.92%
Test - Best epoch, Loss, MSE, RMSE, MAE, MAPE: 106, 47141628.00, 47141628.00, 6817.42, 5241.48, 5.50%
- Epoch 111, ExpID 34403
Train - Loss: 25493431.04
Val - Loss, MSE, RMSE, MAE, MAPE: 50438144.00, 50438142.00, 7101.85, 5485.52, 5.91%
Test - Best epoch, Loss, MSE, RMSE, MAE, MAPE: 111, 46758992.00, 46758990.00, 6794.15, 5226.04, 5.47%
- Epoch 112, ExpID 34403
Train - Loss: 25358716.70
Val - Loss, MSE, RMSE, MAE, MAPE: 50748948.00, 50748948.00, 7123.60, 5506.29, 5.93%
Test - Best epoch, Loss, MSE, RMSE, MAE, MAPE: 111, 46758992.00, 46758990.00, 6794.15, 5226.04, 5.47%
- Epoch 113, ExpID 34403
Train - Loss: 25402085.13
Val - Loss, MSE, RMSE, MAE, MAPE: 50726248.00, 50726248.00, 7122.10, 5507.62, 5.93%
Test - Best epoch, Loss, MSE, RMSE, MAE, MAPE: 111, 46758992.00, 46758990.00, 6794.15, 5226.04, 5.47%
- Epoch 114, ExpID 34403
Train - Loss: 25605441.39
Val - Loss, MSE, RMSE, MAE, MAPE: 50275700.00, 50275700.00, 7090.50, 5492.63, 5.94%
Test - Best epoch, Loss, MSE, RMSE, MAE, MAPE: 114, 47171720.00, 47171722.00, 6817.44, 5237.99, 5.50%
- Epoch 115, ExpID 34403
Train - Loss: 25297604.26
Val - Loss, MSE, RMSE, MAE, MAPE: 50148008.00, 50148008.00, 7081.53, 5477.58, 5.91%
Test - Best epoch, Loss, MSE, RMSE, MAE, MAPE: 115, 46821820.00, 46821820.00, 6794.98, 5219.23, 5.47%
- Epoch 116, ExpID 34403
Train - Loss: 25375007.83
Val - Loss, MSE, RMSE, MAE, MAPE: 49833672.00, 49833670.00, 7059.30, 5454.61, 5.89%
Test - Best epoch, Loss, MSE, RMSE, MAE, MAPE: 116, 46607992.00, 46607990.00, 6778.50, 5198.90, 5.45%
- Epoch 117, ExpID 34403
Train - Loss: 25217734.00
Val - Loss, MSE, RMSE, MAE, MAPE: 50000844.00, 50000844.00, 7071.09, 5464.06, 5.89%
Test - Best epoch, Loss, MSE, RMSE, MAE, MAPE: 116, 46607992.00, 46607990.00, 6778.50, 5198.90, 5.45%
- Epoch 118, ExpID 34403
Train - Loss: 25170636.00
Val - Loss, MSE, RMSE, MAE, MAPE: 50564148.00, 50564148.00, 7110.33, 5487.01, 5.90%
Test - Best epoch, Loss, MSE, RMSE, MAE, MAPE: 116, 46607992.00, 46607990.00, 6778.50, 5198.90, 5.45%
- Epoch 119, ExpID 34403
Train - Loss: 25044032.96
Val - Loss, MSE, RMSE, MAE, MAPE: 50049508.00, 50049508.00, 7074.55, 5468.45, 5.90%
Test - Best epoch, Loss, MSE, RMSE, MAE, MAPE: 116, 46607992.00, 46607990.00, 6778.50, 5198.90, 5.45%
- Epoch 120, ExpID 34403
Train - Loss: 25085843.83
Val - Loss, MSE, RMSE, MAE, MAPE: 50544344.00, 50544344.00, 7108.85, 5487.34, 5.90%
Test - Best epoch, Loss, MSE, RMSE, MAE, MAPE: 116, 46607992.00, 46607990.00, 6778.50, 5198.90, 5.45%
- Epoch 121, ExpID 34403
Train - Loss: 25127361.74
Val - Loss, MSE, RMSE, MAE, MAPE: 50507356.00, 50507356.00, 7106.44, 5493.13, 5.91%
Test - Best epoch, Loss, MSE, RMSE, MAE, MAPE: 116, 46607992.00, 46607990.00, 6778.50, 5198.90, 5.45%
- Epoch 122, ExpID 34403
Train - Loss: 25300567.65
Val - Loss, MSE, RMSE, MAE, MAPE: 49798164.00, 49798164.00, 7056.72, 5448.93, 5.87%
Test - Best epoch, Loss, MSE, RMSE, MAE, MAPE: 122, 46204588.00, 46204588.00, 6754.24, 5176.88, 5.42%
- Epoch 123, ExpID 34403
Train - Loss: 25009217.22
Val - Loss, MSE, RMSE, MAE, MAPE: 50364472.00, 50364474.00, 7096.49, 5485.69, 5.90%
Test - Best epoch, Loss, MSE, RMSE, MAE, MAPE: 122, 46204588.00, 46204588.00, 6754.24, 5176.88, 5.42%
- Epoch 124, ExpID 34403
Train - Loss: 25195990.96
Val - Loss, MSE, RMSE, MAE, MAPE: 50203092.00, 50203092.00, 7085.34, 5496.28, 5.95%
Test - Best epoch, Loss, MSE, RMSE, MAE, MAPE: 122, 46204588.00, 46204588.00, 6754.24, 5176.88, 5.42%
- Epoch 125, ExpID 34403
Train - Loss: 25132861.22
Val - Loss, MSE, RMSE, MAE, MAPE: 50206272.00, 50206270.00, 7085.46, 5479.85, 5.90%
Test - Best epoch, Loss, MSE, RMSE, MAE, MAPE: 122, 46204588.00, 46204588.00, 6754.24, 5176.88, 5.42%
- Epoch 126, ExpID 34403
Train - Loss: 25029772.26
Val - Loss, MSE, RMSE, MAE, MAPE: 50065652.00, 50065652.00, 7075.48, 5468.23, 5.88%
Test - Best epoch, Loss, MSE, RMSE, MAE, MAPE: 122, 46204588.00, 46204588.00, 6754.24, 5176.88, 5.42%
- Epoch 127, ExpID 34403
Train - Loss: 24882218.43
Val - Loss, MSE, RMSE, MAE, MAPE: 49801936.00, 49801936.00, 7057.05, 5459.89, 5.89%
Test - Best epoch, Loss, MSE, RMSE, MAE, MAPE: 122, 46204588.00, 46204588.00, 6754.24, 5176.88, 5.42%
- Epoch 128, ExpID 34403
Train - Loss: 25081446.17
Val - Loss, MSE, RMSE, MAE, MAPE: 49701304.00, 49701302.00, 7049.86, 5447.97, 5.87%
Test - Best epoch, Loss, MSE, RMSE, MAE, MAPE: 128, 46242756.00, 46242756.00, 6758.16, 5186.66, 5.43%
- Epoch 129, ExpID 34403
Train - Loss: 24809605.13
Val - Loss, MSE, RMSE, MAE, MAPE: 49610056.00, 49610056.00, 7043.42, 5445.30, 5.87%
Test - Best epoch, Loss, MSE, RMSE, MAE, MAPE: 129, 46132868.00, 46132868.00, 6746.92, 5173.18, 5.42%
- Epoch 130, ExpID 34403
Train - Loss: 24783708.35
Val - Loss, MSE, RMSE, MAE, MAPE: 49992836.00, 49992836.00, 7070.15, 5454.79, 5.86%
Test - Best epoch, Loss, MSE, RMSE, MAE, MAPE: 129, 46132868.00, 46132868.00, 6746.92, 5173.18, 5.42%
- Epoch 131, ExpID 34403
Train - Loss: 24895263.04
Val - Loss, MSE, RMSE, MAE, MAPE: 49184660.00, 49184660.00, 7013.15, 5422.63, 5.86%
Test - Best epoch, Loss, MSE, RMSE, MAE, MAPE: 131, 45989984.00, 45989982.00, 6730.42, 5149.01, 5.40%
- Epoch 132, ExpID 34403
Train - Loss: 24794888.52
Val - Loss, MSE, RMSE, MAE, MAPE: 49784596.00, 49784596.00, 7055.69, 5452.81, 5.87%
Test - Best epoch, Loss, MSE, RMSE, MAE, MAPE: 131, 45989984.00, 45989982.00, 6730.42, 5149.01, 5.40%
- Epoch 133, ExpID 34403
Train - Loss: 24733790.87
Val - Loss, MSE, RMSE, MAE, MAPE: 49893472.00, 49893470.00, 7063.26, 5455.06, 5.86%
Test - Best epoch, Loss, MSE, RMSE, MAE, MAPE: 131, 45989984.00, 45989982.00, 6730.42, 5149.01, 5.40%
- Epoch 134, ExpID 34403
Train - Loss: 24733322.78
Val - Loss, MSE, RMSE, MAE, MAPE: 49751376.00, 49751378.00, 7053.44, 5467.13, 5.91%
Test - Best epoch, Loss, MSE, RMSE, MAE, MAPE: 131, 45989984.00, 45989982.00, 6730.42, 5149.01, 5.40%
- Epoch 135, ExpID 34403
Train - Loss: 24767688.00
Val - Loss, MSE, RMSE, MAE, MAPE: 49946832.00, 49946834.00, 7067.09, 5483.72, 5.94%
Test - Best epoch, Loss, MSE, RMSE, MAE, MAPE: 131, 45989984.00, 45989982.00, 6730.42, 5149.01, 5.40%
- Epoch 136, ExpID 34403
Train - Loss: 24766104.35
Val - Loss, MSE, RMSE, MAE, MAPE: 49663712.00, 49663710.00, 7047.01, 5441.65, 5.85%
Test - Best epoch, Loss, MSE, RMSE, MAE, MAPE: 131, 45989984.00, 45989982.00, 6730.42, 5149.01, 5.40%
- Epoch 137, ExpID 34403
Train - Loss: 24650578.43
Val - Loss, MSE, RMSE, MAE, MAPE: 49439728.00, 49439726.00, 7031.27, 5436.85, 5.86%
Test - Best epoch, Loss, MSE, RMSE, MAE, MAPE: 131, 45989984.00, 45989982.00, 6730.42, 5149.01, 5.40%
- Epoch 138, ExpID 34403
Train - Loss: 24794391.13
Val - Loss, MSE, RMSE, MAE, MAPE: 49811728.00, 49811728.00, 7057.73, 5463.53, 5.89%
Test - Best epoch, Loss, MSE, RMSE, MAE, MAPE: 131, 45989984.00, 45989982.00, 6730.42, 5149.01, 5.40%
- Epoch 139, ExpID 34403
Train - Loss: 24677269.57
Val - Loss, MSE, RMSE, MAE, MAPE: 49098832.00, 49098830.00, 7006.95, 5421.39, 5.86%
Test - Best epoch, Loss, MSE, RMSE, MAE, MAPE: 139, 46050924.00, 46050924.00, 6733.13, 5144.26, 5.40%
- Epoch 140, ExpID 34403
Train - Loss: 24573335.13
Val - Loss, MSE, RMSE, MAE, MAPE: 49380976.00, 49380974.00, 7027.02, 5431.02, 5.84%
Test - Best epoch, Loss, MSE, RMSE, MAE, MAPE: 139, 46050924.00, 46050924.00, 6733.13, 5144.26, 5.40%
- Epoch 141, ExpID 34403
Train - Loss: 24472490.26
Val - Loss, MSE, RMSE, MAE, MAPE: 49517372.00, 49517372.00, 7036.77, 5436.13, 5.85%
Test - Best epoch, Loss, MSE, RMSE, MAE, MAPE: 139, 46050924.00, 46050924.00, 6733.13, 5144.26, 5.40%
- Epoch 142, ExpID 34403
Train - Loss: 24415017.30
Val - Loss, MSE, RMSE, MAE, MAPE: 49753696.00, 49753698.00, 7053.31, 5450.90, 5.86%
Test - Best epoch, Loss, MSE, RMSE, MAE, MAPE: 139, 46050924.00, 46050924.00, 6733.13, 5144.26, 5.40%
- Epoch 143, ExpID 34403
Train - Loss: 24500262.17
Val - Loss, MSE, RMSE, MAE, MAPE: 49062760.00, 49062758.00, 7004.46, 5412.42, 5.83%
Test - Best epoch, Loss, MSE, RMSE, MAE, MAPE: 143, 45358184.00, 45358186.00, 6689.86, 5117.60, 5.36%
- Epoch 144, ExpID 34403
Train - Loss: 24596269.57
Val - Loss, MSE, RMSE, MAE, MAPE: 49442792.00, 49442790.00, 7031.49, 5437.32, 5.85%
Test - Best epoch, Loss, MSE, RMSE, MAE, MAPE: 143, 45358184.00, 45358186.00, 6689.86, 5117.60, 5.36%
- Epoch 145, ExpID 34403
Train - Loss: 24547865.13
Val - Loss, MSE, RMSE, MAE, MAPE: 49348152.00, 49348150.00, 7024.69, 5430.86, 5.85%
Test - Best epoch, Loss, MSE, RMSE, MAE, MAPE: 143, 45358184.00, 45358186.00, 6689.86, 5117.60, 5.36%
- Epoch 146, ExpID 34403
Train - Loss: 24593283.91
Val - Loss, MSE, RMSE, MAE, MAPE: 49351500.00, 49351500.00, 7025.03, 5431.38, 5.85%
Test - Best epoch, Loss, MSE, RMSE, MAE, MAPE: 143, 45358184.00, 45358186.00, 6689.86, 5117.60, 5.36%
- Epoch 147, ExpID 34403
Train - Loss: 24292485.65
Val - Loss, MSE, RMSE, MAE, MAPE: 49378032.00, 49378032.00, 7026.95, 5443.45, 5.87%
Test - Best epoch, Loss, MSE, RMSE, MAE, MAPE: 143, 45358184.00, 45358186.00, 6689.86, 5117.60, 5.36%
- Epoch 148, ExpID 34403
Train - Loss: 24229622.00
Val - Loss, MSE, RMSE, MAE, MAPE: 49488836.00, 49488836.00, 7034.62, 5435.79, 5.84%
Test - Best epoch, Loss, MSE, RMSE, MAE, MAPE: 143, 45358184.00, 45358186.00, 6689.86, 5117.60, 5.36%
- Epoch 149, ExpID 34403
Train - Loss: 24268158.43
Val - Loss, MSE, RMSE, MAE, MAPE: 49531976.00, 49531976.00, 7037.74, 5442.69, 5.86%
Test - Best epoch, Loss, MSE, RMSE, MAE, MAPE: 143, 45358184.00, 45358186.00, 6689.86, 5117.60, 5.36%
- Epoch 150, ExpID 34403
Train - Loss: 24243630.35
Val - Loss, MSE, RMSE, MAE, MAPE: 49482860.00, 49482860.00, 7034.26, 5458.45, 5.90%
Test - Best epoch, Loss, MSE, RMSE, MAE, MAPE: 143, 45358184.00, 45358186.00, 6689.86, 5117.60, 5.36%
- Epoch 151, ExpID 34403
Train - Loss: 24411168.52
Val - Loss, MSE, RMSE, MAE, MAPE: 49512160.00, 49512160.00, 7036.16, 5436.49, 5.84%
Test - Best epoch, Loss, MSE, RMSE, MAE, MAPE: 143, 45358184.00, 45358186.00, 6689.86, 5117.60, 5.36%
- Epoch 152, ExpID 34403
Train - Loss: 24235325.83
Val - Loss, MSE, RMSE, MAE, MAPE: 49408160.00, 49408162.00, 7029.00, 5441.59, 5.86%
Test - Best epoch, Loss, MSE, RMSE, MAE, MAPE: 143, 45358184.00, 45358186.00, 6689.86, 5117.60, 5.36%
- Epoch 153, ExpID 34403
Train - Loss: 24101716.35
Val - Loss, MSE, RMSE, MAE, MAPE: 48786760.00, 48786758.00, 6984.71, 5408.79, 5.84%
Test - Best epoch, Loss, MSE, RMSE, MAE, MAPE: 153, 45339232.00, 45339234.00, 6686.54, 5107.77, 5.36%
- Epoch 154, ExpID 34403
Train - Loss: 24457520.17
Val - Loss, MSE, RMSE, MAE, MAPE: 48892672.00, 48892670.00, 6992.32, 5412.85, 5.83%
Test - Best epoch, Loss, MSE, RMSE, MAE, MAPE: 153, 45339232.00, 45339234.00, 6686.54, 5107.77, 5.36%
- Epoch 155, ExpID 34403
Train - Loss: 24054225.48
Val - Loss, MSE, RMSE, MAE, MAPE: 48674424.00, 48674422.00, 6976.58, 5392.43, 5.82%
Test - Best epoch, Loss, MSE, RMSE, MAE, MAPE: 155, 45388992.00, 45388992.00, 6688.72, 5109.69, 5.36%
- Epoch 156, ExpID 34403
Train - Loss: 24150170.78
Val - Loss, MSE, RMSE, MAE, MAPE: 48856584.00, 48856584.00, 6989.66, 5418.39, 5.85%
Test - Best epoch, Loss, MSE, RMSE, MAE, MAPE: 155, 45388992.00, 45388992.00, 6688.72, 5109.69, 5.36%
- Epoch 157, ExpID 34403
Train - Loss: 24109817.30
Val - Loss, MSE, RMSE, MAE, MAPE: 49085776.00, 49085778.00, 7006.12, 5421.88, 5.84%
Test - Best epoch, Loss, MSE, RMSE, MAE, MAPE: 155, 45388992.00, 45388992.00, 6688.72, 5109.69, 5.36%
- Epoch 158, ExpID 34403
Train - Loss: 24179061.39
Val - Loss, MSE, RMSE, MAE, MAPE: 49198104.00, 49198106.00, 7014.00, 5427.19, 5.84%
Test - Best epoch, Loss, MSE, RMSE, MAE, MAPE: 155, 45388992.00, 45388992.00, 6688.72, 5109.69, 5.36%
- Epoch 159, ExpID 34403
Train - Loss: 23985939.30
Val - Loss, MSE, RMSE, MAE, MAPE: 48793112.00, 48793110.00, 6985.19, 5402.79, 5.82%
Test - Best epoch, Loss, MSE, RMSE, MAE, MAPE: 155, 45388992.00, 45388992.00, 6688.72, 5109.69, 5.36%
- Epoch 160, ExpID 34403
Train - Loss: 24055700.43
Val - Loss, MSE, RMSE, MAE, MAPE: 49507424.00, 49507422.00, 7036.15, 5457.57, 5.88%
Test - Best epoch, Loss, MSE, RMSE, MAE, MAPE: 155, 45388992.00, 45388992.00, 6688.72, 5109.69, 5.36%
- Epoch 161, ExpID 34403
Train - Loss: 23896218.87
Val - Loss, MSE, RMSE, MAE, MAPE: 49223548.00, 49223548.00, 7015.86, 5434.39, 5.85%
Test - Best epoch, Loss, MSE, RMSE, MAE, MAPE: 155, 45388992.00, 45388992.00, 6688.72, 5109.69, 5.36%
- Epoch 162, ExpID 34403
Train - Loss: 23873827.65
Val - Loss, MSE, RMSE, MAE, MAPE: 49193020.00, 49193020.00, 7013.76, 5436.37, 5.86%
Test - Best epoch, Loss, MSE, RMSE, MAE, MAPE: 155, 45388992.00, 45388992.00, 6688.72, 5109.69, 5.36%
- Epoch 163, ExpID 34403
Train - Loss: 23819662.70
Val - Loss, MSE, RMSE, MAE, MAPE: 48710764.00, 48710764.00, 6979.12, 5406.28, 5.84%
Test - Best epoch, Loss, MSE, RMSE, MAE, MAPE: 155, 45388992.00, 45388992.00, 6688.72, 5109.69, 5.36%
- Epoch 164, ExpID 34403
Train - Loss: 23714178.09
Val - Loss, MSE, RMSE, MAE, MAPE: 49096900.00, 49096900.00, 7006.91, 5426.75, 5.84%
Test - Best epoch, Loss, MSE, RMSE, MAE, MAPE: 155, 45388992.00, 45388992.00, 6688.72, 5109.69, 5.36%
- Epoch 165, ExpID 34403
Train - Loss: 23808195.48
Val - Loss, MSE, RMSE, MAE, MAPE: 49211456.00, 49211458.00, 7015.08, 5436.36, 5.86%
Test - Best epoch, Loss, MSE, RMSE, MAE, MAPE: 155, 45388992.00, 45388992.00, 6688.72, 5109.69, 5.36%
Early Stopping at Epoch 165
Fold 2019 Best RMSE: 6688.7224
