DETAILED LOG | Model: lstm | Seed: 1
FULL CONFIG: {'gpu': '6', 'target': 'arrival', 'cv_start_year': 2017, 'cv_end_year': 2019, 'test_year': 2024, 'use_corona': False, 'seq_len': 91, 'label_len': 0, 'pred_len': 56, 'batch_size': 256, 'epochs': 1000, 'patience': 10, 'lr': 0.0001, 'model': 'lstm', 'd_model': 128, 'n_heads': 4, 'n_layers': 6, 'dropout': 0.1, 'activation': 'gelu', 'patch_len': 16, 'factor': 5, 'norm_mode': 'revin', 'use_covar': True, 'use_dbloss': False, 'device': device(type='cuda'), 'stride': 16, 'file_path': 'dataset/airport_flight_with_holiday.csv', 'seed': 1, 'val_year': 2019, 'ndims': 1}

-------------------- [Fold: 2017] ExpID: 75729 --------------------
- Epoch 000, ExpID 75729
Train - Loss: 48962247.40
Val - Loss, MSE, RMSE, MAE, MAPE: 80415344.00, 80415348.00, 8960.75, 7468.42, 9.68%
Test - Best epoch, Loss, MSE, RMSE, MAE, MAPE: 0, 97405080.00, 97405080.00, 9828.81, 7834.16, 9.26%
- Epoch 001, ExpID 75729
Train - Loss: 41078773.60
Val - Loss, MSE, RMSE, MAE, MAPE: 70362120.00, 70362120.00, 8363.21, 7021.67, 9.03%
Test - Best epoch, Loss, MSE, RMSE, MAE, MAPE: 1, 87744928.00, 87744932.00, 9301.66, 7269.56, 8.53%
- Epoch 002, ExpID 75729
Train - Loss: 39115397.00
Val - Loss, MSE, RMSE, MAE, MAPE: 68261288.00, 68261286.00, 8237.94, 6967.65, 8.94%
Test - Best epoch, Loss, MSE, RMSE, MAE, MAPE: 2, 85381192.00, 85381190.00, 9169.52, 7138.93, 8.37%
- Epoch 003, ExpID 75729
Train - Loss: 38380358.40
Val - Loss, MSE, RMSE, MAE, MAPE: 68605728.00, 68605726.00, 8270.85, 7055.25, 9.06%
Test - Best epoch, Loss, MSE, RMSE, MAE, MAPE: 2, 85381192.00, 85381190.00, 9169.52, 7138.93, 8.37%
- Epoch 004, ExpID 75729
Train - Loss: 37670808.00
Val - Loss, MSE, RMSE, MAE, MAPE: 62865344.00, 62865344.00, 7900.16, 6686.47, 8.59%
Test - Best epoch, Loss, MSE, RMSE, MAE, MAPE: 4, 81296432.00, 81296430.00, 8944.08, 6918.39, 8.11%
- Epoch 005, ExpID 75729
Train - Loss: 35902176.20
Val - Loss, MSE, RMSE, MAE, MAPE: 53852440.00, 53852440.00, 7279.97, 6060.16, 7.80%
Test - Best epoch, Loss, MSE, RMSE, MAE, MAPE: 5, 76282200.00, 76282198.00, 8669.95, 6551.99, 7.66%
- Epoch 006, ExpID 75729
Train - Loss: 34156363.80
Val - Loss, MSE, RMSE, MAE, MAPE: 49538632.00, 49538632.00, 6961.77, 5734.76, 7.38%
Test - Best epoch, Loss, MSE, RMSE, MAE, MAPE: 6, 74906176.00, 74906178.00, 8597.38, 6418.53, 7.48%
- Epoch 007, ExpID 75729
Train - Loss: 33306274.40
Val - Loss, MSE, RMSE, MAE, MAPE: 47907320.00, 47907322.00, 6848.61, 5625.72, 7.23%
Test - Best epoch, Loss, MSE, RMSE, MAE, MAPE: 7, 73408720.00, 73408722.00, 8516.39, 6319.53, 7.34%
- Epoch 008, ExpID 75729
Train - Loss: 32818618.00
Val - Loss, MSE, RMSE, MAE, MAPE: 47022492.00, 47022492.00, 6805.85, 5598.82, 7.22%
Test - Best epoch, Loss, MSE, RMSE, MAE, MAPE: 8, 71558888.00, 71558888.00, 8413.96, 6232.72, 7.24%
- Epoch 009, ExpID 75729
Train - Loss: 31473615.90
Val - Loss, MSE, RMSE, MAE, MAPE: 44942004.00, 44942005.00, 6647.86, 5437.20, 7.02%
Test - Best epoch, Loss, MSE, RMSE, MAE, MAPE: 9, 68780392.00, 68780392.00, 8253.79, 6079.22, 7.07%
- Epoch 010, ExpID 75729
Train - Loss: 30860773.60
Val - Loss, MSE, RMSE, MAE, MAPE: 44256640.00, 44256641.00, 6586.97, 5366.05, 6.94%
Test - Best epoch, Loss, MSE, RMSE, MAE, MAPE: 10, 67397680.00, 67397678.00, 8177.09, 6018.18, 6.99%
- Epoch 011, ExpID 75729
Train - Loss: 30488014.70
Val - Loss, MSE, RMSE, MAE, MAPE: 43559256.00, 43559256.00, 6542.01, 5340.91, 6.90%
Test - Best epoch, Loss, MSE, RMSE, MAE, MAPE: 11, 67949632.00, 67949630.00, 8200.06, 6064.99, 7.03%
- Epoch 012, ExpID 75729
Train - Loss: 30040443.80
Val - Loss, MSE, RMSE, MAE, MAPE: 42101696.00, 42101696.00, 6441.67, 5244.31, 6.79%
Test - Best epoch, Loss, MSE, RMSE, MAE, MAPE: 12, 64036332.00, 64036332.00, 7977.03, 5864.22, 6.80%
- Epoch 013, ExpID 75729
Train - Loss: 29288678.40
Val - Loss, MSE, RMSE, MAE, MAPE: 41411204.00, 41411203.00, 6395.32, 5204.80, 6.75%
Test - Best epoch, Loss, MSE, RMSE, MAE, MAPE: 13, 63128432.00, 63128434.00, 7921.41, 5834.26, 6.77%
- Epoch 014, ExpID 75729
Train - Loss: 29019027.80
Val - Loss, MSE, RMSE, MAE, MAPE: 39779496.00, 39779497.00, 6257.43, 5067.51, 6.53%
Test - Best epoch, Loss, MSE, RMSE, MAE, MAPE: 14, 63794552.00, 63794550.00, 7960.83, 5831.50, 6.72%
- Epoch 015, ExpID 75729
Train - Loss: 28476584.40
Val - Loss, MSE, RMSE, MAE, MAPE: 38780976.00, 38780976.00, 6183.02, 4994.23, 6.45%
Test - Best epoch, Loss, MSE, RMSE, MAE, MAPE: 15, 62259832.00, 62259830.00, 7870.05, 5758.23, 6.64%
- Epoch 016, ExpID 75729
Train - Loss: 28036838.00
Val - Loss, MSE, RMSE, MAE, MAPE: 38523580.00, 38523580.00, 6166.92, 4991.66, 6.48%
Test - Best epoch, Loss, MSE, RMSE, MAE, MAPE: 16, 61017580.00, 61017580.00, 7791.65, 5727.18, 6.63%
- Epoch 017, ExpID 75729
Train - Loss: 27832712.10
Val - Loss, MSE, RMSE, MAE, MAPE: 37235568.00, 37235566.00, 6057.78, 4877.22, 6.28%
Test - Best epoch, Loss, MSE, RMSE, MAE, MAPE: 17, 61645944.00, 61645942.00, 7828.86, 5728.60, 6.59%
- Epoch 018, ExpID 75729
Train - Loss: 27374318.20
Val - Loss, MSE, RMSE, MAE, MAPE: 35773140.00, 35773141.00, 5952.91, 4805.11, 6.21%
Test - Best epoch, Loss, MSE, RMSE, MAE, MAPE: 18, 60164968.00, 60164970.00, 7737.13, 5673.35, 6.55%
- Epoch 019, ExpID 75729
Train - Loss: 26854120.90
Val - Loss, MSE, RMSE, MAE, MAPE: 33460314.00, 33460314.00, 5758.10, 4618.22, 5.97%
Test - Best epoch, Loss, MSE, RMSE, MAE, MAPE: 19, 59508776.00, 59508778.00, 7698.77, 5612.53, 6.46%
- Epoch 020, ExpID 75729
Train - Loss: 25978052.00
Val - Loss, MSE, RMSE, MAE, MAPE: 31636872.00, 31636872.00, 5606.70, 4494.54, 5.82%
Test - Best epoch, Loss, MSE, RMSE, MAE, MAPE: 20, 58366052.00, 58366052.00, 7624.35, 5564.08, 6.42%
- Epoch 021, ExpID 75729
Train - Loss: 25265903.50
Val - Loss, MSE, RMSE, MAE, MAPE: 29176720.00, 29176719.00, 5368.78, 4259.92, 5.49%
Test - Best epoch, Loss, MSE, RMSE, MAE, MAPE: 21, 58903480.00, 58903482.00, 7659.59, 5600.19, 6.44%
- Epoch 022, ExpID 75729
Train - Loss: 24980037.90
Val - Loss, MSE, RMSE, MAE, MAPE: 28523368.00, 28523369.00, 5285.71, 4162.79, 5.32%
Test - Best epoch, Loss, MSE, RMSE, MAE, MAPE: 22, 59961764.00, 59961764.00, 7733.26, 5641.73, 6.46%
- Epoch 023, ExpID 75729
Train - Loss: 23858431.20
Val - Loss, MSE, RMSE, MAE, MAPE: 27318164.00, 27318163.00, 5174.13, 4056.44, 5.20%
Test - Best epoch, Loss, MSE, RMSE, MAE, MAPE: 23, 58949264.00, 58949266.00, 7668.23, 5633.06, 6.47%
- Epoch 024, ExpID 75729
Train - Loss: 22931595.60
Val - Loss, MSE, RMSE, MAE, MAPE: 27878144.00, 27878144.00, 5213.84, 4098.36, 5.23%
Test - Best epoch, Loss, MSE, RMSE, MAE, MAPE: 23, 58949264.00, 58949266.00, 7668.23, 5633.06, 6.47%
- Epoch 025, ExpID 75729
Train - Loss: 22222041.00
Val - Loss, MSE, RMSE, MAE, MAPE: 26471984.00, 26471985.00, 5089.47, 3969.96, 5.06%
Test - Best epoch, Loss, MSE, RMSE, MAE, MAPE: 25, 60821980.00, 60821980.00, 7795.46, 5706.97, 6.52%
- Epoch 026, ExpID 75729
Train - Loss: 22095660.10
Val - Loss, MSE, RMSE, MAE, MAPE: 25412282.00, 25412282.00, 4996.65, 3912.46, 5.00%
Test - Best epoch, Loss, MSE, RMSE, MAE, MAPE: 26, 59898296.00, 59898294.00, 7738.16, 5654.92, 6.45%
- Epoch 027, ExpID 75729
Train - Loss: 21074197.90
Val - Loss, MSE, RMSE, MAE, MAPE: 25012886.00, 25012886.00, 4951.58, 3859.90, 4.94%
Test - Best epoch, Loss, MSE, RMSE, MAE, MAPE: 27, 60028592.00, 60028592.00, 7744.13, 5663.90, 6.49%
- Epoch 028, ExpID 75729
Train - Loss: 20851932.80
Val - Loss, MSE, RMSE, MAE, MAPE: 24823048.00, 24823049.00, 4938.70, 3852.21, 4.92%
Test - Best epoch, Loss, MSE, RMSE, MAE, MAPE: 28, 59741072.00, 59741074.00, 7729.23, 5651.96, 6.45%
- Epoch 029, ExpID 75729
Train - Loss: 20495392.70
Val - Loss, MSE, RMSE, MAE, MAPE: 23933740.00, 23933741.00, 4857.39, 3782.02, 4.85%
Test - Best epoch, Loss, MSE, RMSE, MAE, MAPE: 29, 58769992.00, 58769990.00, 7665.81, 5593.07, 6.40%
- Epoch 030, ExpID 75729
Train - Loss: 19846100.10
Val - Loss, MSE, RMSE, MAE, MAPE: 23729228.00, 23729227.00, 4838.85, 3753.32, 4.82%
Test - Best epoch, Loss, MSE, RMSE, MAE, MAPE: 30, 58788548.00, 58788548.00, 7666.42, 5600.84, 6.42%
- Epoch 031, ExpID 75729
Train - Loss: 19727010.10
Val - Loss, MSE, RMSE, MAE, MAPE: 22269056.00, 22269055.00, 4699.73, 3660.86, 4.70%
Test - Best epoch, Loss, MSE, RMSE, MAE, MAPE: 31, 58585448.00, 58585446.00, 7654.11, 5576.87, 6.37%
- Epoch 032, ExpID 75729
Train - Loss: 19226180.60
Val - Loss, MSE, RMSE, MAE, MAPE: 23601832.00, 23601833.00, 4817.98, 3761.58, 4.79%
Test - Best epoch, Loss, MSE, RMSE, MAE, MAPE: 31, 58585448.00, 58585446.00, 7654.11, 5576.87, 6.37%
- Epoch 033, ExpID 75729
Train - Loss: 18951187.70
Val - Loss, MSE, RMSE, MAE, MAPE: 23105230.00, 23105230.00, 4774.96, 3713.56, 4.74%
Test - Best epoch, Loss, MSE, RMSE, MAE, MAPE: 31, 58585448.00, 58585446.00, 7654.11, 5576.87, 6.37%
- Epoch 034, ExpID 75729
Train - Loss: 18533987.00
Val - Loss, MSE, RMSE, MAE, MAPE: 21425980.00, 21425979.00, 4613.41, 3595.40, 4.63%
Test - Best epoch, Loss, MSE, RMSE, MAE, MAPE: 34, 57503000.00, 57502998.00, 7582.94, 5532.47, 6.33%
- Epoch 035, ExpID 75729
Train - Loss: 18008733.35
Val - Loss, MSE, RMSE, MAE, MAPE: 21751788.00, 21751789.00, 4643.52, 3616.01, 4.63%
Test - Best epoch, Loss, MSE, RMSE, MAE, MAPE: 34, 57503000.00, 57502998.00, 7582.94, 5532.47, 6.33%
- Epoch 036, ExpID 75729
Train - Loss: 17644468.95
Val - Loss, MSE, RMSE, MAE, MAPE: 21191858.00, 21191858.00, 4586.96, 3565.67, 4.56%
Test - Best epoch, Loss, MSE, RMSE, MAE, MAPE: 36, 57636840.00, 57636842.00, 7588.65, 5527.40, 6.30%
- Epoch 037, ExpID 75729
Train - Loss: 17622654.10
Val - Loss, MSE, RMSE, MAE, MAPE: 21005044.00, 21005043.00, 4569.08, 3550.40, 4.55%
Test - Best epoch, Loss, MSE, RMSE, MAE, MAPE: 37, 58200488.00, 58200486.00, 7624.06, 5618.18, 6.42%
- Epoch 038, ExpID 75729
Train - Loss: 17189943.50
Val - Loss, MSE, RMSE, MAE, MAPE: 21035814.00, 21035814.00, 4568.52, 3580.06, 4.60%
Test - Best epoch, Loss, MSE, RMSE, MAE, MAPE: 37, 58200488.00, 58200486.00, 7624.06, 5618.18, 6.42%
- Epoch 039, ExpID 75729
Train - Loss: 16900528.50
Val - Loss, MSE, RMSE, MAE, MAPE: 21242920.00, 21242919.00, 4591.32, 3578.16, 4.58%
Test - Best epoch, Loss, MSE, RMSE, MAE, MAPE: 37, 58200488.00, 58200486.00, 7624.06, 5618.18, 6.42%
- Epoch 040, ExpID 75729
Train - Loss: 16636945.35
Val - Loss, MSE, RMSE, MAE, MAPE: 20577488.00, 20577488.00, 4522.59, 3525.61, 4.51%
Test - Best epoch, Loss, MSE, RMSE, MAE, MAPE: 40, 57679720.00, 57679722.00, 7586.42, 5527.65, 6.30%
- Epoch 041, ExpID 75729
Train - Loss: 16585959.80
Val - Loss, MSE, RMSE, MAE, MAPE: 21115704.00, 21115703.00, 4575.70, 3563.27, 4.54%
Test - Best epoch, Loss, MSE, RMSE, MAE, MAPE: 40, 57679720.00, 57679722.00, 7586.42, 5527.65, 6.30%
- Epoch 042, ExpID 75729
Train - Loss: 16363617.75
Val - Loss, MSE, RMSE, MAE, MAPE: 21784444.00, 21784443.00, 4640.92, 3606.06, 4.59%
Test - Best epoch, Loss, MSE, RMSE, MAE, MAPE: 40, 57679720.00, 57679722.00, 7586.42, 5527.65, 6.30%
- Epoch 043, ExpID 75729
Train - Loss: 15743402.25
Val - Loss, MSE, RMSE, MAE, MAPE: 21582080.00, 21582079.00, 4619.24, 3612.97, 4.61%
Test - Best epoch, Loss, MSE, RMSE, MAE, MAPE: 40, 57679720.00, 57679722.00, 7586.42, 5527.65, 6.30%
- Epoch 044, ExpID 75729
Train - Loss: 15336099.35
Val - Loss, MSE, RMSE, MAE, MAPE: 20150850.00, 20150850.00, 4475.30, 3500.39, 4.47%
Test - Best epoch, Loss, MSE, RMSE, MAE, MAPE: 44, 56340420.00, 56340420.00, 7493.76, 5495.91, 6.28%
- Epoch 045, ExpID 75729
Train - Loss: 15034015.00
Val - Loss, MSE, RMSE, MAE, MAPE: 20142416.00, 20142416.00, 4475.49, 3500.14, 4.49%
Test - Best epoch, Loss, MSE, RMSE, MAE, MAPE: 45, 54360176.00, 54360174.00, 7368.32, 5451.22, 6.26%
- Epoch 046, ExpID 75729
Train - Loss: 14827213.35
Val - Loss, MSE, RMSE, MAE, MAPE: 21532092.00, 21532093.00, 4617.05, 3604.43, 4.58%
Test - Best epoch, Loss, MSE, RMSE, MAE, MAPE: 45, 54360176.00, 54360174.00, 7368.32, 5451.22, 6.26%
- Epoch 047, ExpID 75729
Train - Loss: 14562272.90
Val - Loss, MSE, RMSE, MAE, MAPE: 21391956.00, 21391956.00, 4600.59, 3576.96, 4.55%
Test - Best epoch, Loss, MSE, RMSE, MAE, MAPE: 45, 54360176.00, 54360174.00, 7368.32, 5451.22, 6.26%
- Epoch 048, ExpID 75729
Train - Loss: 14429056.30
Val - Loss, MSE, RMSE, MAE, MAPE: 20354616.00, 20354617.00, 4499.05, 3506.08, 4.47%
Test - Best epoch, Loss, MSE, RMSE, MAE, MAPE: 45, 54360176.00, 54360174.00, 7368.32, 5451.22, 6.26%
- Epoch 049, ExpID 75729
Train - Loss: 14252027.10
Val - Loss, MSE, RMSE, MAE, MAPE: 21468940.00, 21468939.00, 4610.02, 3597.34, 4.57%
Test - Best epoch, Loss, MSE, RMSE, MAE, MAPE: 45, 54360176.00, 54360174.00, 7368.32, 5451.22, 6.26%
- Epoch 050, ExpID 75729
Train - Loss: 14237591.00
Val - Loss, MSE, RMSE, MAE, MAPE: 22178760.00, 22178759.00, 4680.70, 3630.27, 4.60%
Test - Best epoch, Loss, MSE, RMSE, MAE, MAPE: 45, 54360176.00, 54360174.00, 7368.32, 5451.22, 6.26%
- Epoch 051, ExpID 75729
Train - Loss: 14267844.00
Val - Loss, MSE, RMSE, MAE, MAPE: 21785112.00, 21785113.00, 4636.08, 3630.34, 4.62%
Test - Best epoch, Loss, MSE, RMSE, MAE, MAPE: 45, 54360176.00, 54360174.00, 7368.32, 5451.22, 6.26%
- Epoch 052, ExpID 75729
Train - Loss: 13630199.05
Val - Loss, MSE, RMSE, MAE, MAPE: 20795960.00, 20795960.00, 4537.38, 3546.35, 4.52%
Test - Best epoch, Loss, MSE, RMSE, MAE, MAPE: 45, 54360176.00, 54360174.00, 7368.32, 5451.22, 6.26%
- Epoch 053, ExpID 75729
Train - Loss: 13547125.95
Val - Loss, MSE, RMSE, MAE, MAPE: 21074944.00, 21074944.00, 4570.44, 3590.45, 4.59%
Test - Best epoch, Loss, MSE, RMSE, MAE, MAPE: 45, 54360176.00, 54360174.00, 7368.32, 5451.22, 6.26%
- Epoch 054, ExpID 75729
Train - Loss: 13425240.50
Val - Loss, MSE, RMSE, MAE, MAPE: 21160584.00, 21160585.00, 4576.24, 3569.76, 4.55%
Test - Best epoch, Loss, MSE, RMSE, MAE, MAPE: 45, 54360176.00, 54360174.00, 7368.32, 5451.22, 6.26%
- Epoch 055, ExpID 75729
Train - Loss: 13024457.15
Val - Loss, MSE, RMSE, MAE, MAPE: 20272920.00, 20272919.00, 4485.93, 3520.01, 4.49%
Test - Best epoch, Loss, MSE, RMSE, MAE, MAPE: 45, 54360176.00, 54360174.00, 7368.32, 5451.22, 6.26%
Early Stopping at Epoch 55
Fold 2017 Best RMSE: 7368.3186

-------------------- [Fold: 2018] ExpID: 72054 --------------------
- Epoch 000, ExpID 72054
Train - Loss: 54119199.62
Val - Loss, MSE, RMSE, MAE, MAPE: 100209776.00, 100209772.00, 9972.34, 7962.20, 9.42%
Test - Best epoch, Loss, MSE, RMSE, MAE, MAPE: 0, 68909072.00, 68909074.00, 8272.35, 6567.38, 7.25%
- Epoch 001, ExpID 72054
Train - Loss: 45172632.19
Val - Loss, MSE, RMSE, MAE, MAPE: 89261328.00, 89261332.00, 9385.33, 7369.16, 8.67%
Test - Best epoch, Loss, MSE, RMSE, MAE, MAPE: 1, 58383192.00, 58383192.00, 7577.41, 5910.44, 6.51%
- Epoch 002, ExpID 72054
Train - Loss: 42266449.90
Val - Loss, MSE, RMSE, MAE, MAPE: 86277520.00, 86277524.00, 9220.85, 7208.63, 8.47%
Test - Best epoch, Loss, MSE, RMSE, MAE, MAPE: 2, 55424672.00, 55424674.00, 7373.17, 5711.39, 6.29%
- Epoch 003, ExpID 72054
Train - Loss: 41222990.48
Val - Loss, MSE, RMSE, MAE, MAPE: 85145824.00, 85145822.00, 9159.55, 7157.19, 8.41%
Test - Best epoch, Loss, MSE, RMSE, MAE, MAPE: 3, 54674600.00, 54674600.00, 7326.24, 5679.03, 6.26%
- Epoch 004, ExpID 72054
Train - Loss: 40117466.10
Val - Loss, MSE, RMSE, MAE, MAPE: 80670352.00, 80670356.00, 8911.85, 6832.57, 8.01%
Test - Best epoch, Loss, MSE, RMSE, MAE, MAPE: 4, 51363060.00, 51363060.00, 7096.86, 5458.23, 6.02%
- Epoch 005, ExpID 72054
Train - Loss: 37840885.24
Val - Loss, MSE, RMSE, MAE, MAPE: 76790864.00, 76790864.00, 8705.08, 6455.47, 7.50%
Test - Best epoch, Loss, MSE, RMSE, MAE, MAPE: 5, 50445932.00, 50445932.00, 7059.21, 5491.42, 6.02%
- Epoch 006, ExpID 72054
Train - Loss: 36381569.33
Val - Loss, MSE, RMSE, MAE, MAPE: 76201728.00, 76201724.00, 8689.88, 6512.01, 7.61%
Test - Best epoch, Loss, MSE, RMSE, MAE, MAPE: 6, 54637816.00, 54637818.00, 7386.40, 5861.47, 6.46%
- Epoch 007, ExpID 72054
Train - Loss: 35543724.67
Val - Loss, MSE, RMSE, MAE, MAPE: 75450432.00, 75450428.00, 8646.35, 6371.02, 7.38%
Test - Best epoch, Loss, MSE, RMSE, MAE, MAPE: 7, 51545728.00, 51545728.00, 7163.53, 5646.87, 6.19%
- Epoch 008, ExpID 72054
Train - Loss: 34869847.33
Val - Loss, MSE, RMSE, MAE, MAPE: 74855632.00, 74855630.00, 8609.36, 6289.05, 7.27%
Test - Best epoch, Loss, MSE, RMSE, MAE, MAPE: 8, 49671836.00, 49671836.00, 7016.95, 5484.85, 6.00%
- Epoch 009, ExpID 72054
Train - Loss: 34174395.43
Val - Loss, MSE, RMSE, MAE, MAPE: 73394096.00, 73394096.00, 8531.88, 6184.66, 7.13%
Test - Best epoch, Loss, MSE, RMSE, MAE, MAPE: 9, 49806824.00, 49806822.00, 7039.14, 5525.32, 6.04%
- Epoch 010, ExpID 72054
Train - Loss: 33178517.14
Val - Loss, MSE, RMSE, MAE, MAPE: 70129872.00, 70129870.00, 8346.87, 6071.12, 7.04%
Test - Best epoch, Loss, MSE, RMSE, MAE, MAPE: 10, 52809824.00, 52809822.00, 7266.17, 5798.91, 6.39%
- Epoch 011, ExpID 72054
Train - Loss: 32490111.62
Val - Loss, MSE, RMSE, MAE, MAPE: 69649648.00, 69649652.00, 8322.52, 6012.51, 6.94%
Test - Best epoch, Loss, MSE, RMSE, MAE, MAPE: 11, 48441788.00, 48441788.00, 6946.79, 5513.11, 6.06%
- Epoch 012, ExpID 72054
Train - Loss: 31874288.86
Val - Loss, MSE, RMSE, MAE, MAPE: 68470912.00, 68470916.00, 8252.38, 5947.20, 6.86%
Test - Best epoch, Loss, MSE, RMSE, MAE, MAPE: 12, 47720240.00, 47720242.00, 6901.78, 5487.45, 6.03%
- Epoch 013, ExpID 72054
Train - Loss: 31301699.33
Val - Loss, MSE, RMSE, MAE, MAPE: 67004216.00, 67004214.00, 8166.52, 5889.41, 6.81%
Test - Best epoch, Loss, MSE, RMSE, MAE, MAPE: 13, 48973056.00, 48973058.00, 6998.03, 5592.90, 6.16%
- Epoch 014, ExpID 72054
Train - Loss: 30900644.57
Val - Loss, MSE, RMSE, MAE, MAPE: 72058352.00, 72058350.00, 8453.43, 6107.33, 6.99%
Test - Best epoch, Loss, MSE, RMSE, MAE, MAPE: 13, 48973056.00, 48973058.00, 6998.03, 5592.90, 6.16%
- Epoch 015, ExpID 72054
Train - Loss: 30809031.33
Val - Loss, MSE, RMSE, MAE, MAPE: 65485668.00, 65485668.00, 8081.03, 5773.31, 6.64%
Test - Best epoch, Loss, MSE, RMSE, MAE, MAPE: 15, 45223140.00, 45223140.00, 6722.47, 5353.10, 5.89%
- Epoch 016, ExpID 72054
Train - Loss: 29860824.00
Val - Loss, MSE, RMSE, MAE, MAPE: 65241660.00, 65241660.00, 8066.16, 5770.35, 6.64%
Test - Best epoch, Loss, MSE, RMSE, MAE, MAPE: 16, 49531096.00, 49531098.00, 7029.52, 5629.21, 6.20%
- Epoch 017, ExpID 72054
Train - Loss: 29230436.38
Val - Loss, MSE, RMSE, MAE, MAPE: 65172888.00, 65172890.00, 8063.17, 5739.77, 6.58%
Test - Best epoch, Loss, MSE, RMSE, MAE, MAPE: 17, 43564136.00, 43564138.00, 6600.31, 5236.74, 5.76%
- Epoch 018, ExpID 72054
Train - Loss: 28549386.76
Val - Loss, MSE, RMSE, MAE, MAPE: 66369136.00, 66369138.00, 8135.47, 5787.22, 6.61%
Test - Best epoch, Loss, MSE, RMSE, MAE, MAPE: 17, 43564136.00, 43564138.00, 6600.31, 5236.74, 5.76%
- Epoch 019, ExpID 72054
Train - Loss: 27933938.76
Val - Loss, MSE, RMSE, MAE, MAPE: 65578352.00, 65578354.00, 8088.30, 5744.71, 6.57%
Test - Best epoch, Loss, MSE, RMSE, MAE, MAPE: 17, 43564136.00, 43564138.00, 6600.31, 5236.74, 5.76%
- Epoch 020, ExpID 72054
Train - Loss: 26866566.67
Val - Loss, MSE, RMSE, MAE, MAPE: 64079744.00, 64079746.00, 8001.54, 5706.51, 6.54%
Test - Best epoch, Loss, MSE, RMSE, MAE, MAPE: 20, 36290584.00, 36290586.00, 6017.36, 4673.05, 5.15%
- Epoch 021, ExpID 72054
Train - Loss: 26013827.14
Val - Loss, MSE, RMSE, MAE, MAPE: 63482480.00, 63482480.00, 7964.99, 5714.37, 6.55%
Test - Best epoch, Loss, MSE, RMSE, MAE, MAPE: 21, 34425216.00, 34425214.00, 5837.43, 4498.78, 4.95%
- Epoch 022, ExpID 72054
Train - Loss: 25191624.67
Val - Loss, MSE, RMSE, MAE, MAPE: 64290284.00, 64290284.00, 8018.09, 5748.99, 6.55%
Test - Best epoch, Loss, MSE, RMSE, MAE, MAPE: 21, 34425216.00, 34425214.00, 5837.43, 4498.78, 4.95%
- Epoch 023, ExpID 72054
Train - Loss: 24501833.14
Val - Loss, MSE, RMSE, MAE, MAPE: 62957368.00, 62957370.00, 7933.21, 5709.02, 6.54%
Test - Best epoch, Loss, MSE, RMSE, MAE, MAPE: 23, 34247632.00, 34247632.00, 5815.33, 4501.85, 4.92%
- Epoch 024, ExpID 72054
Train - Loss: 23969183.90
Val - Loss, MSE, RMSE, MAE, MAPE: 62576468.00, 62576468.00, 7909.64, 5712.47, 6.55%
Test - Best epoch, Loss, MSE, RMSE, MAE, MAPE: 24, 33381880.00, 33381881.00, 5738.78, 4439.39, 4.87%
- Epoch 025, ExpID 72054
Train - Loss: 23241918.38
Val - Loss, MSE, RMSE, MAE, MAPE: 62802820.00, 62802820.00, 7924.80, 5664.44, 6.46%
Test - Best epoch, Loss, MSE, RMSE, MAE, MAPE: 24, 33381880.00, 33381881.00, 5738.78, 4439.39, 4.87%
- Epoch 026, ExpID 72054
Train - Loss: 22944095.90
Val - Loss, MSE, RMSE, MAE, MAPE: 63341676.00, 63341676.00, 7956.78, 5719.47, 6.56%
Test - Best epoch, Loss, MSE, RMSE, MAE, MAPE: 24, 33381880.00, 33381881.00, 5738.78, 4439.39, 4.87%
- Epoch 027, ExpID 72054
Train - Loss: 22792292.57
Val - Loss, MSE, RMSE, MAE, MAPE: 63927492.00, 63927492.00, 7993.31, 5746.94, 6.54%
Test - Best epoch, Loss, MSE, RMSE, MAE, MAPE: 24, 33381880.00, 33381881.00, 5738.78, 4439.39, 4.87%
- Epoch 028, ExpID 72054
Train - Loss: 21825667.05
Val - Loss, MSE, RMSE, MAE, MAPE: 64731128.00, 64731128.00, 8044.15, 5819.83, 6.70%
Test - Best epoch, Loss, MSE, RMSE, MAE, MAPE: 24, 33381880.00, 33381881.00, 5738.78, 4439.39, 4.87%
- Epoch 029, ExpID 72054
Train - Loss: 21264729.90
Val - Loss, MSE, RMSE, MAE, MAPE: 61564784.00, 61564782.00, 7845.19, 5639.28, 6.44%
Test - Best epoch, Loss, MSE, RMSE, MAE, MAPE: 29, 31836748.00, 31836747.00, 5608.58, 4351.93, 4.75%
- Epoch 030, ExpID 72054
Train - Loss: 20716326.10
Val - Loss, MSE, RMSE, MAE, MAPE: 63717012.00, 63717012.00, 7980.78, 5716.70, 6.50%
Test - Best epoch, Loss, MSE, RMSE, MAE, MAPE: 29, 31836748.00, 31836747.00, 5608.58, 4351.93, 4.75%
- Epoch 031, ExpID 72054
Train - Loss: 20743488.19
Val - Loss, MSE, RMSE, MAE, MAPE: 63021900.00, 63021900.00, 7934.31, 5673.34, 6.46%
Test - Best epoch, Loss, MSE, RMSE, MAE, MAPE: 29, 31836748.00, 31836747.00, 5608.58, 4351.93, 4.75%
- Epoch 032, ExpID 72054
Train - Loss: 19946989.71
Val - Loss, MSE, RMSE, MAE, MAPE: 61957064.00, 61957062.00, 7869.11, 5669.48, 6.46%
Test - Best epoch, Loss, MSE, RMSE, MAE, MAPE: 29, 31836748.00, 31836747.00, 5608.58, 4351.93, 4.75%
- Epoch 033, ExpID 72054
Train - Loss: 19535764.76
Val - Loss, MSE, RMSE, MAE, MAPE: 64890216.00, 64890214.00, 8052.25, 5814.90, 6.64%
Test - Best epoch, Loss, MSE, RMSE, MAE, MAPE: 29, 31836748.00, 31836747.00, 5608.58, 4351.93, 4.75%
- Epoch 034, ExpID 72054
Train - Loss: 19046088.76
Val - Loss, MSE, RMSE, MAE, MAPE: 64749748.00, 64749748.00, 8042.52, 5806.79, 6.62%
Test - Best epoch, Loss, MSE, RMSE, MAE, MAPE: 29, 31836748.00, 31836747.00, 5608.58, 4351.93, 4.75%
- Epoch 035, ExpID 72054
Train - Loss: 18665032.76
Val - Loss, MSE, RMSE, MAE, MAPE: 63997048.00, 63997050.00, 7991.76, 5776.52, 6.58%
Test - Best epoch, Loss, MSE, RMSE, MAE, MAPE: 29, 31836748.00, 31836747.00, 5608.58, 4351.93, 4.75%
- Epoch 036, ExpID 72054
Train - Loss: 18197421.90
Val - Loss, MSE, RMSE, MAE, MAPE: 64283288.00, 64283286.00, 8013.02, 5797.74, 6.62%
Test - Best epoch, Loss, MSE, RMSE, MAE, MAPE: 29, 31836748.00, 31836747.00, 5608.58, 4351.93, 4.75%
- Epoch 037, ExpID 72054
Train - Loss: 17751551.10
Val - Loss, MSE, RMSE, MAE, MAPE: 64562660.00, 64562660.00, 8031.07, 5832.14, 6.68%
Test - Best epoch, Loss, MSE, RMSE, MAE, MAPE: 29, 31836748.00, 31836747.00, 5608.58, 4351.93, 4.75%
- Epoch 038, ExpID 72054
Train - Loss: 17354043.48
Val - Loss, MSE, RMSE, MAE, MAPE: 67227376.00, 67227376.00, 8195.78, 6004.21, 6.88%
Test - Best epoch, Loss, MSE, RMSE, MAE, MAPE: 29, 31836748.00, 31836747.00, 5608.58, 4351.93, 4.75%
- Epoch 039, ExpID 72054
Train - Loss: 17037544.19
Val - Loss, MSE, RMSE, MAE, MAPE: 65746320.00, 65746320.00, 8104.13, 5939.90, 6.82%
Test - Best epoch, Loss, MSE, RMSE, MAE, MAPE: 29, 31836748.00, 31836747.00, 5608.58, 4351.93, 4.75%
Early Stopping at Epoch 39
Fold 2018 Best RMSE: 5608.5842

-------------------- [Fold: 2019] ExpID: 66736 --------------------
- Epoch 000, ExpID 66736
Train - Loss: 57284485.57
Val - Loss, MSE, RMSE, MAE, MAPE: 63738956.00, 63738956.00, 7941.73, 6286.86, 6.93%
Test - Best epoch, Loss, MSE, RMSE, MAE, MAPE: 0, 80168888.00, 80168888.00, 8943.31, 7240.08, 7.82%
- Epoch 001, ExpID 66736
Train - Loss: 46930204.17
Val - Loss, MSE, RMSE, MAE, MAPE: 55383152.00, 55383152.00, 7363.61, 5747.12, 6.32%
Test - Best epoch, Loss, MSE, RMSE, MAE, MAPE: 1, 66871280.00, 66871280.00, 8145.16, 6617.44, 7.10%
- Epoch 002, ExpID 66736
Train - Loss: 45017719.30
Val - Loss, MSE, RMSE, MAE, MAPE: 54872204.00, 54872204.00, 7340.65, 5742.01, 6.33%
Test - Best epoch, Loss, MSE, RMSE, MAE, MAPE: 2, 67456320.00, 67456318.00, 8193.58, 6712.46, 7.22%
- Epoch 003, ExpID 66736
Train - Loss: 44110106.78
Val - Loss, MSE, RMSE, MAE, MAPE: 53267168.00, 53267170.00, 7231.87, 5646.62, 6.23%
Test - Best epoch, Loss, MSE, RMSE, MAE, MAPE: 3, 64796444.00, 64796444.00, 8024.53, 6574.14, 7.07%
- Epoch 004, ExpID 66736
Train - Loss: 42210786.26
Val - Loss, MSE, RMSE, MAE, MAPE: 52168128.00, 52168130.00, 7191.42, 5650.32, 6.23%
Test - Best epoch, Loss, MSE, RMSE, MAE, MAPE: 4, 60953840.00, 60953838.00, 7766.15, 6322.54, 6.80%
- Epoch 005, ExpID 66736
Train - Loss: 39833311.30
Val - Loss, MSE, RMSE, MAE, MAPE: 51280136.00, 51280134.00, 7132.80, 5622.61, 6.17%
Test - Best epoch, Loss, MSE, RMSE, MAE, MAPE: 5, 55459376.00, 55459376.00, 7344.28, 5946.18, 6.36%
- Epoch 006, ExpID 66736
Train - Loss: 38367381.39
Val - Loss, MSE, RMSE, MAE, MAPE: 50915684.00, 50915684.00, 7118.74, 5632.58, 6.18%
Test - Best epoch, Loss, MSE, RMSE, MAE, MAPE: 6, 55731656.00, 55731654.00, 7375.96, 5945.27, 6.37%
- Epoch 007, ExpID 66736
Train - Loss: 36892803.39
Val - Loss, MSE, RMSE, MAE, MAPE: 49924936.00, 49924934.00, 7051.06, 5597.38, 6.15%
Test - Best epoch, Loss, MSE, RMSE, MAE, MAPE: 7, 53626520.00, 53626522.00, 7192.44, 5792.01, 6.21%
- Epoch 008, ExpID 66736
Train - Loss: 36429447.13
Val - Loss, MSE, RMSE, MAE, MAPE: 49673896.00, 49673894.00, 7038.59, 5604.58, 6.17%
Test - Best epoch, Loss, MSE, RMSE, MAE, MAPE: 8, 54170776.00, 54170778.00, 7261.29, 5829.96, 6.26%
- Epoch 009, ExpID 66736
Train - Loss: 35808424.61
Val - Loss, MSE, RMSE, MAE, MAPE: 50649916.00, 50649916.00, 7114.23, 5688.90, 6.26%
Test - Best epoch, Loss, MSE, RMSE, MAE, MAPE: 8, 54170776.00, 54170778.00, 7261.29, 5829.96, 6.26%
- Epoch 010, ExpID 66736
Train - Loss: 34893896.70
Val - Loss, MSE, RMSE, MAE, MAPE: 49942744.00, 49942742.00, 7065.99, 5659.28, 6.23%
Test - Best epoch, Loss, MSE, RMSE, MAE, MAPE: 8, 54170776.00, 54170778.00, 7261.29, 5829.96, 6.26%
- Epoch 011, ExpID 66736
Train - Loss: 34294217.13
Val - Loss, MSE, RMSE, MAE, MAPE: 47852168.00, 47852168.00, 6917.49, 5542.75, 6.09%
Test - Best epoch, Loss, MSE, RMSE, MAE, MAPE: 11, 52737048.00, 52737050.00, 7213.98, 5765.98, 6.19%
- Epoch 012, ExpID 66736
Train - Loss: 33333620.09
Val - Loss, MSE, RMSE, MAE, MAPE: 42288552.00, 42288552.00, 6500.95, 5163.08, 5.67%
Test - Best epoch, Loss, MSE, RMSE, MAE, MAPE: 12, 46614488.00, 46614488.00, 6735.74, 5383.03, 5.77%
- Epoch 013, ExpID 66736
Train - Loss: 32457750.87
Val - Loss, MSE, RMSE, MAE, MAPE: 40907056.00, 40907054.00, 6395.15, 5058.88, 5.56%
Test - Best epoch, Loss, MSE, RMSE, MAE, MAPE: 13, 45971328.00, 45971328.00, 6694.56, 5345.21, 5.73%
- Epoch 014, ExpID 66736
Train - Loss: 31426876.70
Val - Loss, MSE, RMSE, MAE, MAPE: 41424396.00, 41424396.00, 6435.79, 5085.98, 5.58%
Test - Best epoch, Loss, MSE, RMSE, MAE, MAPE: 13, 45971328.00, 45971328.00, 6694.56, 5345.21, 5.73%
- Epoch 015, ExpID 66736
Train - Loss: 31104508.70
Val - Loss, MSE, RMSE, MAE, MAPE: 36777680.00, 36777680.00, 6059.60, 4736.27, 5.18%
Test - Best epoch, Loss, MSE, RMSE, MAE, MAPE: 15, 42518508.00, 42518508.00, 6368.10, 5009.74, 5.37%
- Epoch 016, ExpID 66736
Train - Loss: 30590484.43
Val - Loss, MSE, RMSE, MAE, MAPE: 37343144.00, 37343142.00, 6110.89, 4803.05, 5.28%
Test - Best epoch, Loss, MSE, RMSE, MAE, MAPE: 15, 42518508.00, 42518508.00, 6368.10, 5009.74, 5.37%
- Epoch 017, ExpID 66736
Train - Loss: 29513188.17
Val - Loss, MSE, RMSE, MAE, MAPE: 35135648.00, 35135650.00, 5927.06, 4625.12, 5.07%
Test - Best epoch, Loss, MSE, RMSE, MAE, MAPE: 17, 38719452.00, 38719452.00, 6114.73, 4812.77, 5.15%
- Epoch 018, ExpID 66736
Train - Loss: 29137386.35
Val - Loss, MSE, RMSE, MAE, MAPE: 33733708.00, 33733709.00, 5805.77, 4517.42, 4.95%
Test - Best epoch, Loss, MSE, RMSE, MAE, MAPE: 18, 37691292.00, 37691292.00, 6020.07, 4728.61, 5.07%
- Epoch 019, ExpID 66736
Train - Loss: 28357439.48
Val - Loss, MSE, RMSE, MAE, MAPE: 31887768.00, 31887769.00, 5631.21, 4362.09, 4.78%
Test - Best epoch, Loss, MSE, RMSE, MAE, MAPE: 19, 35711356.00, 35711356.00, 5835.21, 4617.91, 4.94%
- Epoch 020, ExpID 66736
Train - Loss: 28160138.96
Val - Loss, MSE, RMSE, MAE, MAPE: 34465880.00, 34465882.00, 5860.26, 4527.67, 4.99%
Test - Best epoch, Loss, MSE, RMSE, MAE, MAPE: 19, 35711356.00, 35711356.00, 5835.21, 4617.91, 4.94%
- Epoch 021, ExpID 66736
Train - Loss: 27728229.91
Val - Loss, MSE, RMSE, MAE, MAPE: 30779316.00, 30779315.00, 5509.78, 4228.20, 4.61%
Test - Best epoch, Loss, MSE, RMSE, MAE, MAPE: 21, 34450008.00, 34450009.00, 5715.87, 4471.34, 4.74%
- Epoch 022, ExpID 66736
Train - Loss: 28356683.74
Val - Loss, MSE, RMSE, MAE, MAPE: 30453388.00, 30453388.00, 5487.74, 4206.62, 4.61%
Test - Best epoch, Loss, MSE, RMSE, MAE, MAPE: 22, 34195972.00, 34195972.00, 5670.98, 4424.61, 4.70%
- Epoch 023, ExpID 66736
Train - Loss: 27560100.26
Val - Loss, MSE, RMSE, MAE, MAPE: 30722462.00, 30722462.00, 5512.05, 4242.28, 4.66%
Test - Best epoch, Loss, MSE, RMSE, MAE, MAPE: 22, 34195972.00, 34195972.00, 5670.98, 4424.61, 4.70%
- Epoch 024, ExpID 66736
Train - Loss: 27376231.22
Val - Loss, MSE, RMSE, MAE, MAPE: 30419492.00, 30419493.00, 5496.91, 4272.73, 4.66%
Test - Best epoch, Loss, MSE, RMSE, MAE, MAPE: 24, 32948978.00, 32948978.00, 5591.09, 4333.99, 4.59%
- Epoch 025, ExpID 66736
Train - Loss: 26626421.04
Val - Loss, MSE, RMSE, MAE, MAPE: 31166432.00, 31166432.00, 5569.95, 4331.93, 4.74%
Test - Best epoch, Loss, MSE, RMSE, MAE, MAPE: 24, 32948978.00, 32948978.00, 5591.09, 4333.99, 4.59%
- Epoch 026, ExpID 66736
Train - Loss: 26030723.39
Val - Loss, MSE, RMSE, MAE, MAPE: 32227436.00, 32227435.00, 5659.99, 4394.68, 4.86%
Test - Best epoch, Loss, MSE, RMSE, MAE, MAPE: 24, 32948978.00, 32948978.00, 5591.09, 4333.99, 4.59%
- Epoch 027, ExpID 66736
Train - Loss: 25549631.30
Val - Loss, MSE, RMSE, MAE, MAPE: 36675340.00, 36675340.00, 6043.33, 4712.67, 5.22%
Test - Best epoch, Loss, MSE, RMSE, MAE, MAPE: 24, 32948978.00, 32948978.00, 5591.09, 4333.99, 4.59%
- Epoch 028, ExpID 66736
Train - Loss: 26324380.70
Val - Loss, MSE, RMSE, MAE, MAPE: 35365740.00, 35365740.00, 5937.55, 4628.38, 5.11%
Test - Best epoch, Loss, MSE, RMSE, MAE, MAPE: 24, 32948978.00, 32948978.00, 5591.09, 4333.99, 4.59%
- Epoch 029, ExpID 66736
Train - Loss: 24875477.83
Val - Loss, MSE, RMSE, MAE, MAPE: 31940018.00, 31940018.00, 5628.66, 4355.81, 4.82%
Test - Best epoch, Loss, MSE, RMSE, MAE, MAPE: 24, 32948978.00, 32948978.00, 5591.09, 4333.99, 4.59%
- Epoch 030, ExpID 66736
Train - Loss: 24142427.65
Val - Loss, MSE, RMSE, MAE, MAPE: 30685644.00, 30685645.00, 5513.04, 4275.74, 4.73%
Test - Best epoch, Loss, MSE, RMSE, MAE, MAPE: 24, 32948978.00, 32948978.00, 5591.09, 4333.99, 4.59%
- Epoch 031, ExpID 66736
Train - Loss: 23786608.43
Val - Loss, MSE, RMSE, MAE, MAPE: 33735096.00, 33735097.00, 5793.17, 4512.69, 5.02%
Test - Best epoch, Loss, MSE, RMSE, MAE, MAPE: 24, 32948978.00, 32948978.00, 5591.09, 4333.99, 4.59%
- Epoch 032, ExpID 66736
Train - Loss: 24243038.17
Val - Loss, MSE, RMSE, MAE, MAPE: 31512856.00, 31512855.00, 5595.15, 4353.59, 4.79%
Test - Best epoch, Loss, MSE, RMSE, MAE, MAPE: 24, 32948978.00, 32948978.00, 5591.09, 4333.99, 4.59%
- Epoch 033, ExpID 66736
Train - Loss: 23318104.70
Val - Loss, MSE, RMSE, MAE, MAPE: 30059588.00, 30059587.00, 5453.78, 4237.50, 4.66%
Test - Best epoch, Loss, MSE, RMSE, MAE, MAPE: 33, 30505524.00, 30505523.00, 5408.88, 4286.96, 4.58%
- Epoch 034, ExpID 66736
Train - Loss: 23444932.35
Val - Loss, MSE, RMSE, MAE, MAPE: 31277548.00, 31277549.00, 5563.44, 4312.44, 4.75%
Test - Best epoch, Loss, MSE, RMSE, MAE, MAPE: 33, 30505524.00, 30505523.00, 5408.88, 4286.96, 4.58%
- Epoch 035, ExpID 66736
Train - Loss: 23590415.30
Val - Loss, MSE, RMSE, MAE, MAPE: 29186476.00, 29186477.00, 5381.51, 4183.45, 4.58%
Test - Best epoch, Loss, MSE, RMSE, MAE, MAPE: 35, 31532248.00, 31532248.00, 5507.36, 4390.32, 4.70%
- Epoch 036, ExpID 66736
Train - Loss: 22811630.17
Val - Loss, MSE, RMSE, MAE, MAPE: 30789178.00, 30789178.00, 5516.99, 4275.53, 4.71%
Test - Best epoch, Loss, MSE, RMSE, MAE, MAPE: 35, 31532248.00, 31532248.00, 5507.36, 4390.32, 4.70%
- Epoch 037, ExpID 66736
Train - Loss: 22469080.17
Val - Loss, MSE, RMSE, MAE, MAPE: 31825768.00, 31825769.00, 5598.41, 4351.05, 4.76%
Test - Best epoch, Loss, MSE, RMSE, MAE, MAPE: 35, 31532248.00, 31532248.00, 5507.36, 4390.32, 4.70%
- Epoch 038, ExpID 66736
Train - Loss: 22213111.04
Val - Loss, MSE, RMSE, MAE, MAPE: 30698264.00, 30698265.00, 5511.55, 4284.01, 4.70%
Test - Best epoch, Loss, MSE, RMSE, MAE, MAPE: 35, 31532248.00, 31532248.00, 5507.36, 4390.32, 4.70%
- Epoch 039, ExpID 66736
Train - Loss: 21524639.30
Val - Loss, MSE, RMSE, MAE, MAPE: 31246498.00, 31246498.00, 5553.05, 4325.97, 4.71%
Test - Best epoch, Loss, MSE, RMSE, MAE, MAPE: 35, 31532248.00, 31532248.00, 5507.36, 4390.32, 4.70%
- Epoch 040, ExpID 66736
Train - Loss: 21460281.83
Val - Loss, MSE, RMSE, MAE, MAPE: 30891044.00, 30891043.00, 5514.76, 4286.06, 4.69%
Test - Best epoch, Loss, MSE, RMSE, MAE, MAPE: 35, 31532248.00, 31532248.00, 5507.36, 4390.32, 4.70%
- Epoch 041, ExpID 66736
Train - Loss: 20824956.26
Val - Loss, MSE, RMSE, MAE, MAPE: 32968894.00, 32968894.00, 5687.40, 4417.82, 4.82%
Test - Best epoch, Loss, MSE, RMSE, MAE, MAPE: 35, 31532248.00, 31532248.00, 5507.36, 4390.32, 4.70%
- Epoch 042, ExpID 66736
Train - Loss: 20634108.09
Val - Loss, MSE, RMSE, MAE, MAPE: 32085808.00, 32085808.00, 5620.13, 4366.60, 4.76%
Test - Best epoch, Loss, MSE, RMSE, MAE, MAPE: 35, 31532248.00, 31532248.00, 5507.36, 4390.32, 4.70%
- Epoch 043, ExpID 66736
Train - Loss: 20662023.74
Val - Loss, MSE, RMSE, MAE, MAPE: 30772400.00, 30772400.00, 5508.04, 4274.09, 4.70%
Test - Best epoch, Loss, MSE, RMSE, MAE, MAPE: 35, 31532248.00, 31532248.00, 5507.36, 4390.32, 4.70%
- Epoch 044, ExpID 66736
Train - Loss: 20503315.04
Val - Loss, MSE, RMSE, MAE, MAPE: 32581204.00, 32581205.00, 5663.30, 4398.75, 4.83%
Test - Best epoch, Loss, MSE, RMSE, MAE, MAPE: 35, 31532248.00, 31532248.00, 5507.36, 4390.32, 4.70%
- Epoch 045, ExpID 66736
Train - Loss: 20284638.35
Val - Loss, MSE, RMSE, MAE, MAPE: 32093426.00, 32093426.00, 5620.45, 4380.15, 4.80%
Test - Best epoch, Loss, MSE, RMSE, MAE, MAPE: 35, 31532248.00, 31532248.00, 5507.36, 4390.32, 4.70%
Early Stopping at Epoch 45
Fold 2019 Best RMSE: 5507.3569
