DETAILED LOG | Model: patchtst | Seed: 1
FULL CONFIG: {'gpu': '2', 'target': 'departure', 'cv_start_year': 2017, 'cv_end_year': 2019, 'test_year': 2024, 'use_corona': False, 'seq_len': 365, 'label_len': 0, 'pred_len': 56, 'batch_size': 256, 'epochs': 1000, 'patience': 10, 'lr': 0.0001, 'model': 'patchtst', 'd_model': 256, 'n_heads': 8, 'n_layers': 4, 'dropout': 0.1, 'activation': 'gelu', 'patch_len': 14, 'factor': 5, 'norm_mode': 'revin', 'use_covar': False, 'use_dbloss': False, 'device': device(type='cuda'), 'stride': 7, 'file_path': 'dataset/airport_flight_with_holiday.csv', 'seed': 1, 'val_year': 2019, 'ndims': 1}

-------------------- [Fold: 2017] ExpID: 55037 --------------------
- Epoch 000, ExpID 55037
Train - Loss: 32603370.11
Val - Loss, MSE, RMSE, MAE, MAPE: 36901960.00, 36901962.00, 5779.83, 4597.59, 5.76%
Test - Best epoch, Loss, MSE, RMSE, MAE, MAPE: 0, 63680136.00, 63680138.00, 7919.86, 5734.66, 6.91%
- Epoch 001, ExpID 55037
Train - Loss: 25452779.26
Val - Loss, MSE, RMSE, MAE, MAPE: 34310652.00, 34310651.00, 5498.65, 4359.76, 5.44%
Test - Best epoch, Loss, MSE, RMSE, MAE, MAPE: 1, 63112312.00, 63112310.00, 7858.46, 5786.81, 6.99%
- Epoch 002, ExpID 55037
Train - Loss: 22978257.79
Val - Loss, MSE, RMSE, MAE, MAPE: 35422552.00, 35422550.00, 5528.61, 4411.47, 5.49%
Test - Best epoch, Loss, MSE, RMSE, MAE, MAPE: 1, 63112312.00, 63112310.00, 7858.46, 5786.81, 6.99%
- Epoch 003, ExpID 55037
Train - Loss: 21758235.05
Val - Loss, MSE, RMSE, MAE, MAPE: 35008416.00, 35008417.00, 5507.29, 4408.45, 5.50%
Test - Best epoch, Loss, MSE, RMSE, MAE, MAPE: 1, 63112312.00, 63112310.00, 7858.46, 5786.81, 6.99%
- Epoch 004, ExpID 55037
Train - Loss: 20930073.79
Val - Loss, MSE, RMSE, MAE, MAPE: 36546208.00, 36546206.00, 5624.30, 4513.89, 5.63%
Test - Best epoch, Loss, MSE, RMSE, MAE, MAPE: 1, 63112312.00, 63112310.00, 7858.46, 5786.81, 6.99%
- Epoch 005, ExpID 55037
Train - Loss: 20349650.95
Val - Loss, MSE, RMSE, MAE, MAPE: 37273672.00, 37273674.00, 5682.97, 4560.98, 5.69%
Test - Best epoch, Loss, MSE, RMSE, MAE, MAPE: 1, 63112312.00, 63112310.00, 7858.46, 5786.81, 6.99%
- Epoch 006, ExpID 55037
Train - Loss: 19741843.58
Val - Loss, MSE, RMSE, MAE, MAPE: 34294040.00, 34294040.00, 5540.55, 4457.85, 5.62%
Test - Best epoch, Loss, MSE, RMSE, MAE, MAPE: 6, 71214744.00, 71214744.00, 8301.52, 6387.89, 7.76%
- Epoch 007, ExpID 55037
Train - Loss: 19292299.47
Val - Loss, MSE, RMSE, MAE, MAPE: 36179348.00, 36179348.00, 5679.41, 4591.31, 5.78%
Test - Best epoch, Loss, MSE, RMSE, MAE, MAPE: 6, 71214744.00, 71214744.00, 8301.52, 6387.89, 7.76%
- Epoch 008, ExpID 55037
Train - Loss: 18723247.26
Val - Loss, MSE, RMSE, MAE, MAPE: 35831092.00, 35831091.50, 5638.74, 4557.31, 5.71%
Test - Best epoch, Loss, MSE, RMSE, MAE, MAPE: 6, 71214744.00, 71214744.00, 8301.52, 6387.89, 7.76%
- Epoch 009, ExpID 55037
Train - Loss: 18265779.16
Val - Loss, MSE, RMSE, MAE, MAPE: 36485052.00, 36485051.50, 5670.15, 4572.41, 5.74%
Test - Best epoch, Loss, MSE, RMSE, MAE, MAPE: 6, 71214744.00, 71214744.00, 8301.52, 6387.89, 7.76%
- Epoch 010, ExpID 55037
Train - Loss: 17777274.21
Val - Loss, MSE, RMSE, MAE, MAPE: 38301536.00, 38301537.00, 5839.58, 4682.41, 5.86%
Test - Best epoch, Loss, MSE, RMSE, MAE, MAPE: 6, 71214744.00, 71214744.00, 8301.52, 6387.89, 7.76%
- Epoch 011, ExpID 55037
Train - Loss: 17301075.11
Val - Loss, MSE, RMSE, MAE, MAPE: 35621872.00, 35621870.50, 5611.81, 4503.39, 5.69%
Test - Best epoch, Loss, MSE, RMSE, MAE, MAPE: 6, 71214744.00, 71214744.00, 8301.52, 6387.89, 7.76%
- Epoch 012, ExpID 55037
Train - Loss: 16994561.63
Val - Loss, MSE, RMSE, MAE, MAPE: 36484416.00, 36484414.00, 5676.59, 4556.05, 5.76%
Test - Best epoch, Loss, MSE, RMSE, MAE, MAPE: 6, 71214744.00, 71214744.00, 8301.52, 6387.89, 7.76%
- Epoch 013, ExpID 55037
Train - Loss: 16614460.95
Val - Loss, MSE, RMSE, MAE, MAPE: 38702160.00, 38702158.00, 5871.71, 4682.86, 5.89%
Test - Best epoch, Loss, MSE, RMSE, MAE, MAPE: 6, 71214744.00, 71214744.00, 8301.52, 6387.89, 7.76%
- Epoch 014, ExpID 55037
Train - Loss: 16323647.89
Val - Loss, MSE, RMSE, MAE, MAPE: 38861868.00, 38861867.00, 5886.83, 4700.49, 5.92%
Test - Best epoch, Loss, MSE, RMSE, MAE, MAPE: 6, 71214744.00, 71214744.00, 8301.52, 6387.89, 7.76%
- Epoch 015, ExpID 55037
Train - Loss: 16002599.74
Val - Loss, MSE, RMSE, MAE, MAPE: 39543432.00, 39543432.50, 5907.54, 4710.52, 5.96%
Test - Best epoch, Loss, MSE, RMSE, MAE, MAPE: 6, 71214744.00, 71214744.00, 8301.52, 6387.89, 7.76%
- Epoch 016, ExpID 55037
Train - Loss: 15617489.84
Val - Loss, MSE, RMSE, MAE, MAPE: 43673852.00, 43673850.50, 6192.18, 4887.05, 6.14%
Test - Best epoch, Loss, MSE, RMSE, MAE, MAPE: 6, 71214744.00, 71214744.00, 8301.52, 6387.89, 7.76%
Early Stopping at Epoch 16
Fold 2017 Best RMSE: 8301.5205

-------------------- [Fold: 2018] ExpID: 93427 --------------------
- Epoch 000, ExpID 93427
Train - Loss: 36159806.60
Val - Loss, MSE, RMSE, MAE, MAPE: 64629672.00, 64629670.00, 7976.40, 5741.73, 6.93%
Test - Best epoch, Loss, MSE, RMSE, MAE, MAPE: 0, 37807680.00, 37807678.00, 6136.71, 4650.29, 5.04%
- Epoch 001, ExpID 93427
Train - Loss: 27684079.70
Val - Loss, MSE, RMSE, MAE, MAPE: 65817176.00, 65817176.00, 8021.38, 5914.97, 7.20%
Test - Best epoch, Loss, MSE, RMSE, MAE, MAPE: 0, 37807680.00, 37807678.00, 6136.71, 4650.29, 5.04%
- Epoch 002, ExpID 93427
Train - Loss: 24915070.70
Val - Loss, MSE, RMSE, MAE, MAPE: 68137376.00, 68137380.00, 8134.36, 6094.53, 7.38%
Test - Best epoch, Loss, MSE, RMSE, MAE, MAPE: 0, 37807680.00, 37807678.00, 6136.71, 4650.29, 5.04%
- Epoch 003, ExpID 93427
Train - Loss: 23412891.40
Val - Loss, MSE, RMSE, MAE, MAPE: 71360672.00, 71360676.00, 8311.62, 6297.21, 7.64%
Test - Best epoch, Loss, MSE, RMSE, MAE, MAPE: 0, 37807680.00, 37807678.00, 6136.71, 4650.29, 5.04%
- Epoch 004, ExpID 93427
Train - Loss: 22580358.20
Val - Loss, MSE, RMSE, MAE, MAPE: 71875536.00, 71875534.00, 8343.68, 6300.23, 7.68%
Test - Best epoch, Loss, MSE, RMSE, MAE, MAPE: 0, 37807680.00, 37807678.00, 6136.71, 4650.29, 5.04%
- Epoch 005, ExpID 93427
Train - Loss: 21956692.10
Val - Loss, MSE, RMSE, MAE, MAPE: 75858304.00, 75858306.00, 8547.10, 6544.31, 7.95%
Test - Best epoch, Loss, MSE, RMSE, MAE, MAPE: 0, 37807680.00, 37807678.00, 6136.71, 4650.29, 5.04%
- Epoch 006, ExpID 93427
Train - Loss: 21113392.50
Val - Loss, MSE, RMSE, MAE, MAPE: 76235160.00, 76235162.00, 8565.25, 6577.20, 7.97%
Test - Best epoch, Loss, MSE, RMSE, MAE, MAPE: 0, 37807680.00, 37807678.00, 6136.71, 4650.29, 5.04%
- Epoch 007, ExpID 93427
Train - Loss: 20529148.00
Val - Loss, MSE, RMSE, MAE, MAPE: 76855056.00, 76855052.00, 8616.46, 6637.35, 8.07%
Test - Best epoch, Loss, MSE, RMSE, MAE, MAPE: 0, 37807680.00, 37807678.00, 6136.71, 4650.29, 5.04%
- Epoch 008, ExpID 93427
Train - Loss: 19925933.80
Val - Loss, MSE, RMSE, MAE, MAPE: 79575608.00, 79575606.00, 8760.97, 6763.52, 8.24%
Test - Best epoch, Loss, MSE, RMSE, MAE, MAPE: 0, 37807680.00, 37807678.00, 6136.71, 4650.29, 5.04%
- Epoch 009, ExpID 93427
Train - Loss: 19576496.90
Val - Loss, MSE, RMSE, MAE, MAPE: 81597336.00, 81597338.00, 8913.02, 6902.05, 8.45%
Test - Best epoch, Loss, MSE, RMSE, MAE, MAPE: 0, 37807680.00, 37807678.00, 6136.71, 4650.29, 5.04%
- Epoch 010, ExpID 93427
Train - Loss: 19040152.20
Val - Loss, MSE, RMSE, MAE, MAPE: 82142304.00, 82142306.00, 8885.66, 6933.24, 8.43%
Test - Best epoch, Loss, MSE, RMSE, MAE, MAPE: 0, 37807680.00, 37807678.00, 6136.71, 4650.29, 5.04%
Early Stopping at Epoch 10
Fold 2018 Best RMSE: 6136.7107

-------------------- [Fold: 2019] ExpID: 84829 --------------------
- Epoch 000, ExpID 84829
Train - Loss: 39154840.45
Val - Loss, MSE, RMSE, MAE, MAPE: 37239696.00, 37239698.00, 6089.91, 4638.73, 5.04%
Test - Best epoch, Loss, MSE, RMSE, MAE, MAPE: 0, 32955946.00, 32955946.00, 5605.03, 4237.66, 4.54%
- Epoch 001, ExpID 84829
Train - Loss: 30070020.64
Val - Loss, MSE, RMSE, MAE, MAPE: 36848680.00, 36848678.00, 6068.07, 4560.07, 4.98%
Test - Best epoch, Loss, MSE, RMSE, MAE, MAPE: 1, 28349490.00, 28349490.50, 5150.67, 3770.93, 4.03%
- Epoch 002, ExpID 84829
Train - Loss: 27555754.55
Val - Loss, MSE, RMSE, MAE, MAPE: 36352236.00, 36352237.00, 6023.86, 4432.34, 4.86%
Test - Best epoch, Loss, MSE, RMSE, MAE, MAPE: 2, 26739610.00, 26739610.00, 4994.58, 3612.49, 3.87%
- Epoch 003, ExpID 84829
Train - Loss: 25877536.91
Val - Loss, MSE, RMSE, MAE, MAPE: 35617020.00, 35617019.00, 5961.56, 4376.50, 4.81%
Test - Best epoch, Loss, MSE, RMSE, MAE, MAPE: 3, 25891614.00, 25891614.50, 4908.96, 3523.36, 3.77%
- Epoch 004, ExpID 84829
Train - Loss: 25057786.45
Val - Loss, MSE, RMSE, MAE, MAPE: 36038680.00, 36038678.00, 5999.52, 4364.62, 4.79%
Test - Best epoch, Loss, MSE, RMSE, MAE, MAPE: 3, 25891614.00, 25891614.50, 4908.96, 3523.36, 3.77%
- Epoch 005, ExpID 84829
Train - Loss: 24297778.91
Val - Loss, MSE, RMSE, MAE, MAPE: 35636184.00, 35636186.00, 5965.89, 4344.58, 4.77%
Test - Best epoch, Loss, MSE, RMSE, MAE, MAPE: 3, 25891614.00, 25891614.50, 4908.96, 3523.36, 3.77%
- Epoch 006, ExpID 84829
Train - Loss: 23578878.36
Val - Loss, MSE, RMSE, MAE, MAPE: 36455788.00, 36455789.00, 6030.54, 4356.38, 4.80%
Test - Best epoch, Loss, MSE, RMSE, MAE, MAPE: 3, 25891614.00, 25891614.50, 4908.96, 3523.36, 3.77%
- Epoch 007, ExpID 84829
Train - Loss: 23142642.73
Val - Loss, MSE, RMSE, MAE, MAPE: 35808556.00, 35808557.00, 5977.39, 4282.66, 4.73%
Test - Best epoch, Loss, MSE, RMSE, MAE, MAPE: 3, 25891614.00, 25891614.50, 4908.96, 3523.36, 3.77%
- Epoch 008, ExpID 84829
Train - Loss: 22628414.91
Val - Loss, MSE, RMSE, MAE, MAPE: 36185768.00, 36185770.00, 6013.76, 4382.56, 4.80%
Test - Best epoch, Loss, MSE, RMSE, MAE, MAPE: 3, 25891614.00, 25891614.50, 4908.96, 3523.36, 3.77%
- Epoch 009, ExpID 84829
Train - Loss: 22173853.55
Val - Loss, MSE, RMSE, MAE, MAPE: 35649780.00, 35649780.00, 5965.59, 4267.48, 4.70%
Test - Best epoch, Loss, MSE, RMSE, MAE, MAPE: 3, 25891614.00, 25891614.50, 4908.96, 3523.36, 3.77%
- Epoch 010, ExpID 84829
Train - Loss: 21474913.18
Val - Loss, MSE, RMSE, MAE, MAPE: 35639980.00, 35639979.00, 5965.35, 4328.88, 4.77%
Test - Best epoch, Loss, MSE, RMSE, MAE, MAPE: 3, 25891614.00, 25891614.50, 4908.96, 3523.36, 3.77%
- Epoch 011, ExpID 84829
Train - Loss: 20932737.45
Val - Loss, MSE, RMSE, MAE, MAPE: 34186488.00, 34186490.00, 5841.70, 4213.10, 4.63%
Test - Best epoch, Loss, MSE, RMSE, MAE, MAPE: 11, 25887220.00, 25887220.00, 4919.03, 3519.66, 3.74%
- Epoch 012, ExpID 84829
Train - Loss: 20549131.18
Val - Loss, MSE, RMSE, MAE, MAPE: 35112696.00, 35112696.00, 5917.37, 4211.26, 4.65%
Test - Best epoch, Loss, MSE, RMSE, MAE, MAPE: 11, 25887220.00, 25887220.00, 4919.03, 3519.66, 3.74%
- Epoch 013, ExpID 84829
Train - Loss: 19937347.91
Val - Loss, MSE, RMSE, MAE, MAPE: 34972976.00, 34972976.00, 5901.37, 4190.46, 4.64%
Test - Best epoch, Loss, MSE, RMSE, MAE, MAPE: 11, 25887220.00, 25887220.00, 4919.03, 3519.66, 3.74%
- Epoch 014, ExpID 84829
Train - Loss: 19798075.18
Val - Loss, MSE, RMSE, MAE, MAPE: 34913264.00, 34913263.00, 5894.40, 4124.49, 4.58%
Test - Best epoch, Loss, MSE, RMSE, MAE, MAPE: 11, 25887220.00, 25887220.00, 4919.03, 3519.66, 3.74%
- Epoch 015, ExpID 84829
Train - Loss: 19445888.00
Val - Loss, MSE, RMSE, MAE, MAPE: 36285840.00, 36285838.00, 6002.55, 4179.64, 4.65%
Test - Best epoch, Loss, MSE, RMSE, MAE, MAPE: 11, 25887220.00, 25887220.00, 4919.03, 3519.66, 3.74%
- Epoch 016, ExpID 84829
Train - Loss: 19032785.00
Val - Loss, MSE, RMSE, MAE, MAPE: 35859456.00, 35859454.00, 5973.37, 4141.08, 4.60%
Test - Best epoch, Loss, MSE, RMSE, MAE, MAPE: 11, 25887220.00, 25887220.00, 4919.03, 3519.66, 3.74%
- Epoch 017, ExpID 84829
Train - Loss: 18496739.18
Val - Loss, MSE, RMSE, MAE, MAPE: 36093024.00, 36093025.00, 5992.06, 4135.09, 4.60%
Test - Best epoch, Loss, MSE, RMSE, MAE, MAPE: 11, 25887220.00, 25887220.00, 4919.03, 3519.66, 3.74%
- Epoch 018, ExpID 84829
Train - Loss: 18078186.18
Val - Loss, MSE, RMSE, MAE, MAPE: 37703752.00, 37703751.00, 6120.81, 4244.03, 4.73%
Test - Best epoch, Loss, MSE, RMSE, MAE, MAPE: 11, 25887220.00, 25887220.00, 4919.03, 3519.66, 3.74%
- Epoch 019, ExpID 84829
Train - Loss: 17957517.36
Val - Loss, MSE, RMSE, MAE, MAPE: 36735680.00, 36735682.00, 6037.82, 4161.86, 4.64%
Test - Best epoch, Loss, MSE, RMSE, MAE, MAPE: 11, 25887220.00, 25887220.00, 4919.03, 3519.66, 3.74%
- Epoch 020, ExpID 84829
Train - Loss: 17534095.86
Val - Loss, MSE, RMSE, MAE, MAPE: 37366256.00, 37366257.00, 6095.43, 4208.21, 4.68%
Test - Best epoch, Loss, MSE, RMSE, MAE, MAPE: 11, 25887220.00, 25887220.00, 4919.03, 3519.66, 3.74%
- Epoch 021, ExpID 84829
Train - Loss: 17277511.86
Val - Loss, MSE, RMSE, MAE, MAPE: 36530724.00, 36530725.00, 6020.57, 4152.83, 4.63%
Test - Best epoch, Loss, MSE, RMSE, MAE, MAPE: 11, 25887220.00, 25887220.00, 4919.03, 3519.66, 3.74%
Early Stopping at Epoch 21
Fold 2019 Best RMSE: 4919.0336
