DETAILED LOG | Model: patchtst | Seed: 1
FULL CONFIG: {'gpu': '2', 'target': 'departure', 'cv_start_year': 2017, 'cv_end_year': 2019, 'test_year': 2024, 'use_corona': False, 'seq_len': 91, 'label_len': 0, 'pred_len': 56, 'batch_size': 256, 'epochs': 1000, 'patience': 10, 'lr': 1e-05, 'model': 'patchtst', 'd_model': 256, 'n_heads': 2, 'n_layers': 4, 'dropout': 0.1, 'activation': 'gelu', 'patch_len': 14, 'factor': 5, 'norm_mode': 'revin', 'use_covar': False, 'use_dbloss': False, 'device': device(type='cuda'), 'stride': 7, 'file_path': 'dataset/airport_flight_with_holiday.csv', 'seed': 1, 'val_year': 2019, 'ndims': 1}

-------------------- [Fold: 2017] ExpID: 24787 --------------------
- Epoch 000, ExpID 24787
Train - Loss: 45509337.00
Val - Loss, MSE, RMSE, MAE, MAPE: 74530576.00, 74530576.00, 8576.80, 6924.78, 8.91%
Test - Best epoch, Loss, MSE, RMSE, MAE, MAPE: 0, 106778736.00, 106778740.00, 10330.65, 8117.18, 9.95%
- Epoch 001, ExpID 24787
Train - Loss: 42783007.40
Val - Loss, MSE, RMSE, MAE, MAPE: 68236112.00, 68236114.00, 8191.75, 6617.83, 8.51%
Test - Best epoch, Loss, MSE, RMSE, MAE, MAPE: 1, 101100032.00, 101100032.00, 10053.03, 7864.07, 9.63%
- Epoch 002, ExpID 24787
Train - Loss: 40826468.00
Val - Loss, MSE, RMSE, MAE, MAPE: 63244240.00, 63244240.00, 7871.54, 6360.63, 8.17%
Test - Best epoch, Loss, MSE, RMSE, MAE, MAPE: 2, 96731400.00, 96731400.00, 9834.11, 7661.84, 9.38%
- Epoch 003, ExpID 24787
Train - Loss: 39474342.40
Val - Loss, MSE, RMSE, MAE, MAPE: 59149900.00, 59149900.00, 7595.68, 6130.58, 7.87%
Test - Best epoch, Loss, MSE, RMSE, MAE, MAPE: 3, 93430560.00, 93430556.00, 9665.46, 7502.31, 9.18%
- Epoch 004, ExpID 24787
Train - Loss: 38271099.00
Val - Loss, MSE, RMSE, MAE, MAPE: 55802008.00, 55802008.00, 7360.82, 5932.87, 7.61%
Test - Best epoch, Loss, MSE, RMSE, MAE, MAPE: 4, 90864592.00, 90864588.00, 9532.18, 7372.01, 9.01%
- Epoch 005, ExpID 24787
Train - Loss: 37188743.80
Val - Loss, MSE, RMSE, MAE, MAPE: 52741688.00, 52741688.00, 7137.60, 5738.45, 7.35%
Test - Best epoch, Loss, MSE, RMSE, MAE, MAPE: 5, 88753968.00, 88753964.00, 9420.91, 7260.83, 8.87%
- Epoch 006, ExpID 24787
Train - Loss: 36500028.40
Val - Loss, MSE, RMSE, MAE, MAPE: 50069128.00, 50069129.00, 6936.34, 5561.65, 7.11%
Test - Best epoch, Loss, MSE, RMSE, MAE, MAPE: 6, 87128640.00, 87128640.00, 9333.83, 7171.80, 8.74%
- Epoch 007, ExpID 24787
Train - Loss: 35656241.50
Val - Loss, MSE, RMSE, MAE, MAPE: 47834396.00, 47834396.00, 6766.20, 5412.14, 6.92%
Test - Best epoch, Loss, MSE, RMSE, MAE, MAPE: 7, 85907224.00, 85907224.00, 9267.13, 7100.19, 8.64%
- Epoch 008, ExpID 24787
Train - Loss: 34990980.00
Val - Loss, MSE, RMSE, MAE, MAPE: 45634616.00, 45634615.00, 6588.19, 5251.22, 6.70%
Test - Best epoch, Loss, MSE, RMSE, MAE, MAPE: 8, 84882568.00, 84882568.00, 9210.16, 7039.14, 8.55%
- Epoch 009, ExpID 24787
Train - Loss: 34384388.80
Val - Loss, MSE, RMSE, MAE, MAPE: 43964604.00, 43964604.00, 6455.47, 5132.80, 6.55%
Test - Best epoch, Loss, MSE, RMSE, MAE, MAPE: 9, 84070584.00, 84070584.00, 9164.26, 6986.17, 8.48%
- Epoch 010, ExpID 24787
Train - Loss: 33899243.40
Val - Loss, MSE, RMSE, MAE, MAPE: 42392792.00, 42392790.00, 6319.93, 5009.62, 6.38%
Test - Best epoch, Loss, MSE, RMSE, MAE, MAPE: 10, 83528688.00, 83528692.00, 9132.92, 6950.84, 8.42%
- Epoch 011, ExpID 24787
Train - Loss: 33432910.60
Val - Loss, MSE, RMSE, MAE, MAPE: 41403336.00, 41403336.00, 6241.06, 4942.65, 6.29%
Test - Best epoch, Loss, MSE, RMSE, MAE, MAPE: 11, 83247552.00, 83247548.00, 9115.90, 6931.75, 8.40%
- Epoch 012, ExpID 24787
Train - Loss: 33183383.50
Val - Loss, MSE, RMSE, MAE, MAPE: 40740496.00, 40740497.00, 6180.83, 4886.42, 6.22%
Test - Best epoch, Loss, MSE, RMSE, MAE, MAPE: 12, 83064480.00, 83064476.00, 9105.17, 6923.20, 8.38%
- Epoch 013, ExpID 24787
Train - Loss: 32569545.40
Val - Loss, MSE, RMSE, MAE, MAPE: 40056332.00, 40056333.00, 6129.58, 4844.11, 6.16%
Test - Best epoch, Loss, MSE, RMSE, MAE, MAPE: 13, 82967984.00, 82967980.00, 9098.48, 6915.01, 8.37%
- Epoch 014, ExpID 24787
Train - Loss: 32220727.70
Val - Loss, MSE, RMSE, MAE, MAPE: 39904560.00, 39904559.00, 6125.78, 4846.34, 6.17%
Test - Best epoch, Loss, MSE, RMSE, MAE, MAPE: 14, 83235584.00, 83235588.00, 9112.42, 6928.57, 8.40%
- Epoch 015, ExpID 24787
Train - Loss: 31875691.30
Val - Loss, MSE, RMSE, MAE, MAPE: 39521032.00, 39521031.00, 6082.26, 4803.09, 6.11%
Test - Best epoch, Loss, MSE, RMSE, MAE, MAPE: 15, 83629904.00, 83629900.00, 9134.25, 6957.56, 8.42%
- Epoch 016, ExpID 24787
Train - Loss: 31567070.20
Val - Loss, MSE, RMSE, MAE, MAPE: 39277592.00, 39277593.00, 6066.77, 4791.51, 6.10%
Test - Best epoch, Loss, MSE, RMSE, MAE, MAPE: 16, 83992312.00, 83992312.00, 9153.51, 6974.86, 8.45%
- Epoch 017, ExpID 24787
Train - Loss: 31249078.20
Val - Loss, MSE, RMSE, MAE, MAPE: 39382996.00, 39382996.00, 6074.74, 4797.71, 6.11%
Test - Best epoch, Loss, MSE, RMSE, MAE, MAPE: 16, 83992312.00, 83992312.00, 9153.51, 6974.86, 8.45%
- Epoch 018, ExpID 24787
Train - Loss: 30944181.20
Val - Loss, MSE, RMSE, MAE, MAPE: 38972224.00, 38972223.00, 6036.33, 4759.70, 6.05%
Test - Best epoch, Loss, MSE, RMSE, MAE, MAPE: 18, 84627536.00, 84627540.00, 9189.00, 7016.26, 8.49%
- Epoch 019, ExpID 24787
Train - Loss: 30857267.30
Val - Loss, MSE, RMSE, MAE, MAPE: 38719220.00, 38719221.00, 6019.92, 4747.61, 6.04%
Test - Best epoch, Loss, MSE, RMSE, MAE, MAPE: 19, 84761392.00, 84761392.00, 9195.88, 7024.31, 8.51%
- Epoch 020, ExpID 24787
Train - Loss: 30550059.30
Val - Loss, MSE, RMSE, MAE, MAPE: 38568624.00, 38568624.00, 6002.25, 4729.33, 6.01%
Test - Best epoch, Loss, MSE, RMSE, MAE, MAPE: 20, 85050720.00, 85050716.00, 9211.61, 7041.46, 8.53%
- Epoch 021, ExpID 24787
Train - Loss: 30322008.80
Val - Loss, MSE, RMSE, MAE, MAPE: 38184228.00, 38184228.00, 5969.44, 4700.30, 5.98%
Test - Best epoch, Loss, MSE, RMSE, MAE, MAPE: 21, 85399504.00, 85399504.00, 9229.21, 7061.72, 8.55%
- Epoch 022, ExpID 24787
Train - Loss: 30241236.30
Val - Loss, MSE, RMSE, MAE, MAPE: 38486888.00, 38486890.00, 5991.42, 4719.13, 6.00%
Test - Best epoch, Loss, MSE, RMSE, MAE, MAPE: 21, 85399504.00, 85399504.00, 9229.21, 7061.72, 8.55%
- Epoch 023, ExpID 24787
Train - Loss: 29899524.60
Val - Loss, MSE, RMSE, MAE, MAPE: 38163608.00, 38163609.00, 5959.48, 4687.90, 5.96%
Test - Best epoch, Loss, MSE, RMSE, MAE, MAPE: 23, 85868760.00, 85868760.00, 9255.61, 7088.48, 8.58%
- Epoch 024, ExpID 24787
Train - Loss: 29993058.20
Val - Loss, MSE, RMSE, MAE, MAPE: 37913384.00, 37913385.00, 5938.68, 4671.82, 5.94%
Test - Best epoch, Loss, MSE, RMSE, MAE, MAPE: 24, 85739680.00, 85739684.00, 9248.02, 7082.21, 8.58%
- Epoch 025, ExpID 24787
Train - Loss: 29436497.20
Val - Loss, MSE, RMSE, MAE, MAPE: 37846712.00, 37846711.00, 5930.38, 4663.23, 5.93%
Test - Best epoch, Loss, MSE, RMSE, MAE, MAPE: 25, 85874096.00, 85874096.00, 9254.93, 7090.35, 8.59%
- Epoch 026, ExpID 24787
Train - Loss: 29554527.20
Val - Loss, MSE, RMSE, MAE, MAPE: 38060680.00, 38060681.00, 5937.90, 4664.70, 5.92%
Test - Best epoch, Loss, MSE, RMSE, MAE, MAPE: 25, 85874096.00, 85874096.00, 9254.93, 7090.35, 8.59%
- Epoch 027, ExpID 24787
Train - Loss: 29426524.80
Val - Loss, MSE, RMSE, MAE, MAPE: 37772144.00, 37772145.00, 5919.67, 4652.94, 5.91%
Test - Best epoch, Loss, MSE, RMSE, MAE, MAPE: 27, 86191600.00, 86191596.00, 9272.07, 7109.12, 8.61%
- Epoch 028, ExpID 24787
Train - Loss: 29149578.90
Val - Loss, MSE, RMSE, MAE, MAPE: 37613264.00, 37613264.00, 5901.42, 4635.70, 5.89%
Test - Best epoch, Loss, MSE, RMSE, MAE, MAPE: 28, 86391056.00, 86391060.00, 9281.88, 7119.36, 8.62%
- Epoch 029, ExpID 24787
Train - Loss: 29052306.80
Val - Loss, MSE, RMSE, MAE, MAPE: 37451132.00, 37451133.00, 5885.00, 4620.40, 5.86%
Test - Best epoch, Loss, MSE, RMSE, MAE, MAPE: 29, 86378848.00, 86378844.00, 9280.45, 7113.43, 8.61%
- Epoch 030, ExpID 24787
Train - Loss: 29189655.30
Val - Loss, MSE, RMSE, MAE, MAPE: 37589472.00, 37589471.00, 5892.24, 4627.36, 5.87%
Test - Best epoch, Loss, MSE, RMSE, MAE, MAPE: 29, 86378848.00, 86378844.00, 9280.45, 7113.43, 8.61%
- Epoch 031, ExpID 24787
Train - Loss: 28776393.40
Val - Loss, MSE, RMSE, MAE, MAPE: 37613456.00, 37613457.00, 5881.85, 4614.66, 5.85%
Test - Best epoch, Loss, MSE, RMSE, MAE, MAPE: 29, 86378848.00, 86378844.00, 9280.45, 7113.43, 8.61%
- Epoch 032, ExpID 24787
Train - Loss: 28651016.10
Val - Loss, MSE, RMSE, MAE, MAPE: 37279348.00, 37279348.00, 5877.41, 4620.89, 5.88%
Test - Best epoch, Loss, MSE, RMSE, MAE, MAPE: 32, 86740512.00, 86740516.00, 9299.59, 7120.84, 8.63%
- Epoch 033, ExpID 24787
Train - Loss: 28596909.30
Val - Loss, MSE, RMSE, MAE, MAPE: 37404820.00, 37404819.00, 5858.91, 4594.13, 5.81%
Test - Best epoch, Loss, MSE, RMSE, MAE, MAPE: 32, 86740512.00, 86740516.00, 9299.59, 7120.84, 8.63%
- Epoch 034, ExpID 24787
Train - Loss: 28481809.90
Val - Loss, MSE, RMSE, MAE, MAPE: 37308540.00, 37308539.00, 5860.67, 4602.21, 5.84%
Test - Best epoch, Loss, MSE, RMSE, MAE, MAPE: 32, 86740512.00, 86740516.00, 9299.59, 7120.84, 8.63%
- Epoch 035, ExpID 24787
Train - Loss: 28399235.70
Val - Loss, MSE, RMSE, MAE, MAPE: 37061600.00, 37061601.00, 5833.59, 4575.15, 5.79%
Test - Best epoch, Loss, MSE, RMSE, MAE, MAPE: 35, 86447968.00, 86447964.00, 9280.78, 7120.66, 8.60%
- Epoch 036, ExpID 24787
Train - Loss: 28181251.30
Val - Loss, MSE, RMSE, MAE, MAPE: 37198172.00, 37198171.00, 5854.69, 4598.52, 5.84%
Test - Best epoch, Loss, MSE, RMSE, MAE, MAPE: 35, 86447968.00, 86447964.00, 9280.78, 7120.66, 8.60%
- Epoch 037, ExpID 24787
Train - Loss: 28084497.90
Val - Loss, MSE, RMSE, MAE, MAPE: 37089136.00, 37089136.50, 5834.37, 4575.81, 5.79%
Test - Best epoch, Loss, MSE, RMSE, MAE, MAPE: 35, 86447968.00, 86447964.00, 9280.78, 7120.66, 8.60%
- Epoch 038, ExpID 24787
Train - Loss: 28045693.00
Val - Loss, MSE, RMSE, MAE, MAPE: 37239540.00, 37239541.00, 5845.36, 4587.41, 5.81%
Test - Best epoch, Loss, MSE, RMSE, MAE, MAPE: 35, 86447968.00, 86447964.00, 9280.78, 7120.66, 8.60%
- Epoch 039, ExpID 24787
Train - Loss: 28105808.60
Val - Loss, MSE, RMSE, MAE, MAPE: 37439472.00, 37439472.50, 5848.36, 4586.57, 5.80%
Test - Best epoch, Loss, MSE, RMSE, MAE, MAPE: 35, 86447968.00, 86447964.00, 9280.78, 7120.66, 8.60%
- Epoch 040, ExpID 24787
Train - Loss: 27948648.90
Val - Loss, MSE, RMSE, MAE, MAPE: 36895744.00, 36895743.00, 5829.39, 4583.72, 5.82%
Test - Best epoch, Loss, MSE, RMSE, MAE, MAPE: 40, 86219008.00, 86219008.00, 9268.21, 7087.51, 8.59%
- Epoch 041, ExpID 24787
Train - Loss: 27867297.30
Val - Loss, MSE, RMSE, MAE, MAPE: 36990988.00, 36990989.50, 5820.61, 4566.05, 5.78%
Test - Best epoch, Loss, MSE, RMSE, MAE, MAPE: 40, 86219008.00, 86219008.00, 9268.21, 7087.51, 8.59%
- Epoch 042, ExpID 24787
Train - Loss: 27621277.10
Val - Loss, MSE, RMSE, MAE, MAPE: 37337788.00, 37337787.50, 5845.24, 4587.39, 5.81%
Test - Best epoch, Loss, MSE, RMSE, MAE, MAPE: 40, 86219008.00, 86219008.00, 9268.21, 7087.51, 8.59%
- Epoch 043, ExpID 24787
Train - Loss: 27664760.90
Val - Loss, MSE, RMSE, MAE, MAPE: 37138340.00, 37138341.50, 5834.02, 4582.21, 5.81%
Test - Best epoch, Loss, MSE, RMSE, MAE, MAPE: 40, 86219008.00, 86219008.00, 9268.21, 7087.51, 8.59%
- Epoch 044, ExpID 24787
Train - Loss: 27558567.50
Val - Loss, MSE, RMSE, MAE, MAPE: 36883516.00, 36883515.50, 5812.44, 4562.38, 5.78%
Test - Best epoch, Loss, MSE, RMSE, MAE, MAPE: 44, 86446168.00, 86446168.00, 9278.66, 7104.84, 8.59%
- Epoch 045, ExpID 24787
Train - Loss: 27472217.90
Val - Loss, MSE, RMSE, MAE, MAPE: 37239776.00, 37239777.50, 5831.39, 4576.08, 5.79%
Test - Best epoch, Loss, MSE, RMSE, MAE, MAPE: 44, 86446168.00, 86446168.00, 9278.66, 7104.84, 8.59%
- Epoch 046, ExpID 24787
Train - Loss: 27497069.90
Val - Loss, MSE, RMSE, MAE, MAPE: 37097672.00, 37097670.50, 5828.96, 4579.92, 5.80%
Test - Best epoch, Loss, MSE, RMSE, MAE, MAPE: 44, 86446168.00, 86446168.00, 9278.66, 7104.84, 8.59%
- Epoch 047, ExpID 24787
Train - Loss: 27283741.90
Val - Loss, MSE, RMSE, MAE, MAPE: 36926772.00, 36926772.50, 5813.81, 4564.50, 5.78%
Test - Best epoch, Loss, MSE, RMSE, MAE, MAPE: 44, 86446168.00, 86446168.00, 9278.66, 7104.84, 8.59%
- Epoch 048, ExpID 24787
Train - Loss: 27183628.10
Val - Loss, MSE, RMSE, MAE, MAPE: 36879752.00, 36879753.50, 5801.86, 4551.19, 5.75%
Test - Best epoch, Loss, MSE, RMSE, MAE, MAPE: 48, 85879656.00, 85879656.00, 9246.54, 7080.46, 8.55%
- Epoch 049, ExpID 24787
Train - Loss: 27060405.60
Val - Loss, MSE, RMSE, MAE, MAPE: 37299028.00, 37299028.00, 5830.82, 4577.81, 5.79%
Test - Best epoch, Loss, MSE, RMSE, MAE, MAPE: 48, 85879656.00, 85879656.00, 9246.54, 7080.46, 8.55%
- Epoch 050, ExpID 24787
Train - Loss: 26924523.50
Val - Loss, MSE, RMSE, MAE, MAPE: 36946912.00, 36946911.00, 5818.69, 4572.63, 5.80%
Test - Best epoch, Loss, MSE, RMSE, MAE, MAPE: 48, 85879656.00, 85879656.00, 9246.54, 7080.46, 8.55%
- Epoch 051, ExpID 24787
Train - Loss: 27145833.20
Val - Loss, MSE, RMSE, MAE, MAPE: 37163640.00, 37163639.00, 5815.11, 4559.58, 5.75%
Test - Best epoch, Loss, MSE, RMSE, MAE, MAPE: 48, 85879656.00, 85879656.00, 9246.54, 7080.46, 8.55%
- Epoch 052, ExpID 24787
Train - Loss: 26868049.80
Val - Loss, MSE, RMSE, MAE, MAPE: 36947768.00, 36947769.50, 5805.83, 4558.27, 5.76%
Test - Best epoch, Loss, MSE, RMSE, MAE, MAPE: 48, 85879656.00, 85879656.00, 9246.54, 7080.46, 8.55%
- Epoch 053, ExpID 24787
Train - Loss: 26977054.20
Val - Loss, MSE, RMSE, MAE, MAPE: 37119284.00, 37119283.50, 5821.13, 4571.67, 5.79%
Test - Best epoch, Loss, MSE, RMSE, MAE, MAPE: 48, 85879656.00, 85879656.00, 9246.54, 7080.46, 8.55%
- Epoch 054, ExpID 24787
Train - Loss: 26882241.60
Val - Loss, MSE, RMSE, MAE, MAPE: 37047872.00, 37047871.00, 5810.45, 4560.73, 5.76%
Test - Best epoch, Loss, MSE, RMSE, MAE, MAPE: 48, 85879656.00, 85879656.00, 9246.54, 7080.46, 8.55%
- Epoch 055, ExpID 24787
Train - Loss: 26620237.60
Val - Loss, MSE, RMSE, MAE, MAPE: 36777368.00, 36777367.50, 5801.11, 4558.74, 5.78%
Test - Best epoch, Loss, MSE, RMSE, MAE, MAPE: 55, 85545296.00, 85545292.00, 9229.28, 7045.97, 8.52%
- Epoch 056, ExpID 24787
Train - Loss: 26838046.20
Val - Loss, MSE, RMSE, MAE, MAPE: 37596144.00, 37596146.00, 5843.13, 4583.61, 5.78%
Test - Best epoch, Loss, MSE, RMSE, MAE, MAPE: 55, 85545296.00, 85545292.00, 9229.28, 7045.97, 8.52%
- Epoch 057, ExpID 24787
Train - Loss: 26588184.60
Val - Loss, MSE, RMSE, MAE, MAPE: 36933508.00, 36933509.00, 5817.32, 4572.61, 5.80%
Test - Best epoch, Loss, MSE, RMSE, MAE, MAPE: 55, 85545296.00, 85545292.00, 9229.28, 7045.97, 8.52%
- Epoch 058, ExpID 24787
Train - Loss: 26534166.60
Val - Loss, MSE, RMSE, MAE, MAPE: 37235868.00, 37235869.50, 5824.40, 4571.99, 5.77%
Test - Best epoch, Loss, MSE, RMSE, MAE, MAPE: 55, 85545296.00, 85545292.00, 9229.28, 7045.97, 8.52%
- Epoch 059, ExpID 24787
Train - Loss: 26535937.70
Val - Loss, MSE, RMSE, MAE, MAPE: 37465096.00, 37465096.50, 5836.99, 4579.56, 5.78%
Test - Best epoch, Loss, MSE, RMSE, MAE, MAPE: 55, 85545296.00, 85545292.00, 9229.28, 7045.97, 8.52%
- Epoch 060, ExpID 24787
Train - Loss: 26422281.10
Val - Loss, MSE, RMSE, MAE, MAPE: 37185552.00, 37185550.50, 5823.78, 4573.35, 5.78%
Test - Best epoch, Loss, MSE, RMSE, MAE, MAPE: 55, 85545296.00, 85545292.00, 9229.28, 7045.97, 8.52%
- Epoch 061, ExpID 24787
Train - Loss: 26443672.50
Val - Loss, MSE, RMSE, MAE, MAPE: 37266440.00, 37266441.50, 5831.74, 4579.98, 5.79%
Test - Best epoch, Loss, MSE, RMSE, MAE, MAPE: 55, 85545296.00, 85545292.00, 9229.28, 7045.97, 8.52%
- Epoch 062, ExpID 24787
Train - Loss: 26316720.40
Val - Loss, MSE, RMSE, MAE, MAPE: 36955056.00, 36955056.50, 5810.59, 4562.06, 5.77%
Test - Best epoch, Loss, MSE, RMSE, MAE, MAPE: 55, 85545296.00, 85545292.00, 9229.28, 7045.97, 8.52%
- Epoch 063, ExpID 24787
Train - Loss: 26226143.80
Val - Loss, MSE, RMSE, MAE, MAPE: 37185672.00, 37185672.50, 5825.18, 4572.24, 5.78%
Test - Best epoch, Loss, MSE, RMSE, MAE, MAPE: 55, 85545296.00, 85545292.00, 9229.28, 7045.97, 8.52%
- Epoch 064, ExpID 24787
Train - Loss: 26192150.90
Val - Loss, MSE, RMSE, MAE, MAPE: 37087660.00, 37087658.50, 5825.86, 4578.64, 5.80%
Test - Best epoch, Loss, MSE, RMSE, MAE, MAPE: 55, 85545296.00, 85545292.00, 9229.28, 7045.97, 8.52%
- Epoch 065, ExpID 24787
Train - Loss: 26273345.40
Val - Loss, MSE, RMSE, MAE, MAPE: 37754008.00, 37754006.00, 5851.46, 4589.52, 5.78%
Test - Best epoch, Loss, MSE, RMSE, MAE, MAPE: 55, 85545296.00, 85545292.00, 9229.28, 7045.97, 8.52%
Early Stopping at Epoch 65
Fold 2017 Best RMSE: 9229.2803

-------------------- [Fold: 2018] ExpID: 66938 --------------------
- Epoch 000, ExpID 66938
Train - Loss: 49307487.62
Val - Loss, MSE, RMSE, MAE, MAPE: 105906056.00, 105906056.00, 10286.16, 8094.56, 9.92%
Test - Best epoch, Loss, MSE, RMSE, MAE, MAPE: 0, 64981896.00, 64981898.00, 8023.12, 6339.79, 6.94%
- Epoch 001, ExpID 66938
Train - Loss: 46234103.43
Val - Loss, MSE, RMSE, MAE, MAPE: 99639168.00, 99639172.00, 9978.34, 7823.21, 9.59%
Test - Best epoch, Loss, MSE, RMSE, MAE, MAPE: 1, 59279192.00, 59279194.00, 7652.32, 6014.34, 6.58%
- Epoch 002, ExpID 66938
Train - Loss: 43973619.05
Val - Loss, MSE, RMSE, MAE, MAPE: 95080432.00, 95080432.00, 9748.54, 7614.23, 9.33%
Test - Best epoch, Loss, MSE, RMSE, MAE, MAPE: 2, 54884024.00, 54884024.00, 7351.88, 5747.75, 6.29%
- Epoch 003, ExpID 66938
Train - Loss: 42339877.33
Val - Loss, MSE, RMSE, MAE, MAPE: 91657600.00, 91657604.00, 9572.50, 7445.29, 9.11%
Test - Best epoch, Loss, MSE, RMSE, MAE, MAPE: 3, 51545352.00, 51545352.00, 7114.09, 5536.41, 6.06%
- Epoch 004, ExpID 66938
Train - Loss: 41009579.62
Val - Loss, MSE, RMSE, MAE, MAPE: 89150608.00, 89150604.00, 9441.54, 7313.62, 8.94%
Test - Best epoch, Loss, MSE, RMSE, MAE, MAPE: 4, 48989056.00, 48989058.00, 6927.00, 5367.35, 5.87%
- Epoch 005, ExpID 66938
Train - Loss: 39842747.43
Val - Loss, MSE, RMSE, MAE, MAPE: 87069136.00, 87069140.00, 9331.07, 7193.34, 8.78%
Test - Best epoch, Loss, MSE, RMSE, MAE, MAPE: 5, 46868192.00, 46868193.00, 6768.61, 5221.66, 5.71%
- Epoch 006, ExpID 66938
Train - Loss: 38711716.76
Val - Loss, MSE, RMSE, MAE, MAPE: 85585064.00, 85585064.00, 9250.98, 7099.17, 8.65%
Test - Best epoch, Loss, MSE, RMSE, MAE, MAPE: 6, 45135144.00, 45135143.00, 6638.26, 5099.61, 5.57%
- Epoch 007, ExpID 66938
Train - Loss: 37894204.00
Val - Loss, MSE, RMSE, MAE, MAPE: 84464688.00, 84464684.00, 9189.25, 7023.00, 8.53%
Test - Best epoch, Loss, MSE, RMSE, MAE, MAPE: 7, 43677244.00, 43677243.00, 6528.04, 4995.67, 5.46%
- Epoch 008, ExpID 66938
Train - Loss: 37071909.33
Val - Loss, MSE, RMSE, MAE, MAPE: 83665696.00, 83665700.00, 9144.16, 6959.99, 8.44%
Test - Best epoch, Loss, MSE, RMSE, MAE, MAPE: 8, 42447320.00, 42447318.00, 6434.10, 4908.41, 5.36%
- Epoch 009, ExpID 66938
Train - Loss: 36341940.48
Val - Loss, MSE, RMSE, MAE, MAPE: 83095920.00, 83095924.00, 9111.20, 6912.68, 8.37%
Test - Best epoch, Loss, MSE, RMSE, MAE, MAPE: 9, 41503328.00, 41503327.00, 6361.99, 4842.51, 5.28%
- Epoch 010, ExpID 66938
Train - Loss: 35883867.05
Val - Loss, MSE, RMSE, MAE, MAPE: 82762648.00, 82762648.00, 9091.17, 6882.31, 8.32%
Test - Best epoch, Loss, MSE, RMSE, MAE, MAPE: 10, 40787300.00, 40787300.00, 6306.68, 4792.22, 5.22%
- Epoch 011, ExpID 66938
Train - Loss: 35282122.86
Val - Loss, MSE, RMSE, MAE, MAPE: 82461920.00, 82461924.00, 9073.76, 6857.40, 8.28%
Test - Best epoch, Loss, MSE, RMSE, MAE, MAPE: 11, 40287616.00, 40287614.00, 6267.35, 4755.56, 5.18%
- Epoch 012, ExpID 66938
Train - Loss: 34956233.52
Val - Loss, MSE, RMSE, MAE, MAPE: 82330672.00, 82330676.00, 9065.09, 6844.62, 8.26%
Test - Best epoch, Loss, MSE, RMSE, MAE, MAPE: 12, 39890948.00, 39890949.00, 6235.34, 4724.95, 5.15%
- Epoch 013, ExpID 66938
Train - Loss: 34688084.00
Val - Loss, MSE, RMSE, MAE, MAPE: 82033408.00, 82033404.00, 9047.15, 6826.92, 8.24%
Test - Best epoch, Loss, MSE, RMSE, MAE, MAPE: 13, 39564512.00, 39564512.00, 6209.23, 4701.06, 5.12%
- Epoch 014, ExpID 66938
Train - Loss: 34384298.19
Val - Loss, MSE, RMSE, MAE, MAPE: 81904608.00, 81904604.00, 9038.84, 6817.88, 8.23%
Test - Best epoch, Loss, MSE, RMSE, MAE, MAPE: 14, 39320972.00, 39320972.00, 6189.11, 4681.88, 5.10%
- Epoch 015, ExpID 66938
Train - Loss: 34157992.95
Val - Loss, MSE, RMSE, MAE, MAPE: 81822704.00, 81822700.00, 9033.37, 6811.63, 8.23%
Test - Best epoch, Loss, MSE, RMSE, MAE, MAPE: 15, 39125716.00, 39125717.00, 6173.20, 4667.11, 5.09%
- Epoch 016, ExpID 66938
Train - Loss: 33951808.10
Val - Loss, MSE, RMSE, MAE, MAPE: 81884232.00, 81884232.00, 9035.97, 6815.63, 8.23%
Test - Best epoch, Loss, MSE, RMSE, MAE, MAPE: 15, 39125716.00, 39125717.00, 6173.20, 4667.11, 5.09%
- Epoch 017, ExpID 66938
Train - Loss: 33647955.90
Val - Loss, MSE, RMSE, MAE, MAPE: 82015536.00, 82015536.00, 9041.27, 6823.20, 8.25%
Test - Best epoch, Loss, MSE, RMSE, MAE, MAPE: 15, 39125716.00, 39125717.00, 6173.20, 4667.11, 5.09%
- Epoch 018, ExpID 66938
Train - Loss: 33366179.62
Val - Loss, MSE, RMSE, MAE, MAPE: 82099120.00, 82099120.00, 9044.72, 6833.06, 8.26%
Test - Best epoch, Loss, MSE, RMSE, MAE, MAPE: 15, 39125716.00, 39125717.00, 6173.20, 4667.11, 5.09%
- Epoch 019, ExpID 66938
Train - Loss: 33169072.29
Val - Loss, MSE, RMSE, MAE, MAPE: 82490784.00, 82490784.00, 9065.76, 6859.81, 8.29%
Test - Best epoch, Loss, MSE, RMSE, MAE, MAPE: 15, 39125716.00, 39125717.00, 6173.20, 4667.11, 5.09%
- Epoch 020, ExpID 66938
Train - Loss: 32833902.86
Val - Loss, MSE, RMSE, MAE, MAPE: 82805088.00, 82805092.00, 9082.35, 6877.47, 8.31%
Test - Best epoch, Loss, MSE, RMSE, MAE, MAPE: 15, 39125716.00, 39125717.00, 6173.20, 4667.11, 5.09%
- Epoch 021, ExpID 66938
Train - Loss: 32621692.38
Val - Loss, MSE, RMSE, MAE, MAPE: 83175952.00, 83175956.00, 9101.55, 6900.59, 8.34%
Test - Best epoch, Loss, MSE, RMSE, MAE, MAPE: 15, 39125716.00, 39125717.00, 6173.20, 4667.11, 5.09%
- Epoch 022, ExpID 66938
Train - Loss: 32487646.19
Val - Loss, MSE, RMSE, MAE, MAPE: 83604064.00, 83604068.00, 9122.83, 6923.05, 8.38%
Test - Best epoch, Loss, MSE, RMSE, MAE, MAPE: 15, 39125716.00, 39125717.00, 6173.20, 4667.11, 5.09%
- Epoch 023, ExpID 66938
Train - Loss: 32218874.76
Val - Loss, MSE, RMSE, MAE, MAPE: 84202208.00, 84202212.00, 9155.10, 6964.52, 8.42%
Test - Best epoch, Loss, MSE, RMSE, MAE, MAPE: 15, 39125716.00, 39125717.00, 6173.20, 4667.11, 5.09%
- Epoch 024, ExpID 66938
Train - Loss: 31950472.76
Val - Loss, MSE, RMSE, MAE, MAPE: 84989072.00, 84989076.00, 9197.94, 7016.98, 8.48%
Test - Best epoch, Loss, MSE, RMSE, MAE, MAPE: 15, 39125716.00, 39125717.00, 6173.20, 4667.11, 5.09%
- Epoch 025, ExpID 66938
Train - Loss: 31736478.00
Val - Loss, MSE, RMSE, MAE, MAPE: 85055600.00, 85055596.00, 9199.77, 7015.46, 8.48%
Test - Best epoch, Loss, MSE, RMSE, MAE, MAPE: 15, 39125716.00, 39125717.00, 6173.20, 4667.11, 5.09%
Early Stopping at Epoch 25
Fold 2018 Best RMSE: 6173.1990

-------------------- [Fold: 2019] ExpID: 10446 --------------------
- Epoch 000, ExpID 10446
Train - Loss: 53588105.04
Val - Loss, MSE, RMSE, MAE, MAPE: 61820992.00, 61820994.00, 7813.84, 6162.48, 6.74%
Test - Best epoch, Loss, MSE, RMSE, MAE, MAPE: 0, 72057200.00, 72057202.00, 8422.97, 6669.43, 7.12%
- Epoch 001, ExpID 10446
Train - Loss: 50335781.74
Val - Loss, MSE, RMSE, MAE, MAPE: 56399328.00, 56399328.00, 7450.41, 5845.32, 6.40%
Test - Best epoch, Loss, MSE, RMSE, MAE, MAPE: 1, 65721596.00, 65721596.00, 8022.67, 6333.43, 6.76%
- Epoch 002, ExpID 10446
Train - Loss: 47566138.96
Val - Loss, MSE, RMSE, MAE, MAPE: 52376304.00, 52376302.00, 7167.17, 5592.93, 6.12%
Test - Best epoch, Loss, MSE, RMSE, MAE, MAPE: 2, 60974592.00, 60974592.00, 7706.54, 6072.71, 6.48%
- Epoch 003, ExpID 10446
Train - Loss: 46012993.57
Val - Loss, MSE, RMSE, MAE, MAPE: 49443680.00, 49443682.00, 6953.43, 5401.44, 5.91%
Test - Best epoch, Loss, MSE, RMSE, MAE, MAPE: 3, 57270808.00, 57270808.00, 7445.23, 5856.63, 6.25%
- Epoch 004, ExpID 10446
Train - Loss: 44774611.48
Val - Loss, MSE, RMSE, MAE, MAPE: 47208136.00, 47208135.00, 6788.06, 5246.67, 5.74%
Test - Best epoch, Loss, MSE, RMSE, MAE, MAPE: 4, 54249364.00, 54249364.00, 7225.35, 5666.28, 6.04%
- Epoch 005, ExpID 10446
Train - Loss: 43024645.22
Val - Loss, MSE, RMSE, MAE, MAPE: 45385980.00, 45385981.00, 6652.66, 5121.68, 5.60%
Test - Best epoch, Loss, MSE, RMSE, MAE, MAPE: 5, 51734096.00, 51734098.00, 7033.26, 5494.72, 5.85%
- Epoch 006, ExpID 10446
Train - Loss: 42036676.17
Val - Loss, MSE, RMSE, MAE, MAPE: 43789388.00, 43789388.00, 6534.18, 5012.34, 5.48%
Test - Best epoch, Loss, MSE, RMSE, MAE, MAPE: 6, 49639448.00, 49639449.00, 6871.88, 5345.33, 5.69%
- Epoch 007, ExpID 10446
Train - Loss: 41010494.96
Val - Loss, MSE, RMSE, MAE, MAPE: 42505744.00, 42505746.00, 6438.73, 4921.97, 5.37%
Test - Best epoch, Loss, MSE, RMSE, MAE, MAPE: 7, 47999392.00, 47999391.00, 6745.45, 5227.58, 5.55%
- Epoch 008, ExpID 10446
Train - Loss: 40028553.04
Val - Loss, MSE, RMSE, MAE, MAPE: 41456896.00, 41456895.00, 6360.58, 4851.46, 5.29%
Test - Best epoch, Loss, MSE, RMSE, MAE, MAPE: 8, 46955640.00, 46955642.00, 6665.59, 5146.64, 5.46%
- Epoch 009, ExpID 10446
Train - Loss: 39247582.61
Val - Loss, MSE, RMSE, MAE, MAPE: 40641944.00, 40641942.00, 6298.69, 4795.23, 5.23%
Test - Best epoch, Loss, MSE, RMSE, MAE, MAPE: 9, 46130800.00, 46130799.00, 6605.64, 5085.04, 5.39%
- Epoch 010, ExpID 10446
Train - Loss: 38580385.57
Val - Loss, MSE, RMSE, MAE, MAPE: 40035916.00, 40035915.00, 6252.54, 4756.27, 5.18%
Test - Best epoch, Loss, MSE, RMSE, MAE, MAPE: 10, 45626732.00, 45626731.00, 6568.23, 5044.85, 5.35%
- Epoch 011, ExpID 10446
Train - Loss: 38021538.96
Val - Loss, MSE, RMSE, MAE, MAPE: 39611136.00, 39611136.00, 6219.72, 4727.78, 5.15%
Test - Best epoch, Loss, MSE, RMSE, MAE, MAPE: 11, 45211116.00, 45211115.00, 6534.25, 5005.17, 5.31%
- Epoch 012, ExpID 10446
Train - Loss: 37641675.83
Val - Loss, MSE, RMSE, MAE, MAPE: 39299476.00, 39299477.00, 6196.47, 4711.79, 5.13%
Test - Best epoch, Loss, MSE, RMSE, MAE, MAPE: 12, 44942964.00, 44942965.00, 6516.98, 4984.24, 5.28%
- Epoch 013, ExpID 10446
Train - Loss: 37133548.52
Val - Loss, MSE, RMSE, MAE, MAPE: 39019100.00, 39019099.00, 6174.48, 4692.42, 5.11%
Test - Best epoch, Loss, MSE, RMSE, MAE, MAPE: 13, 44521748.00, 44521747.00, 6482.00, 4948.01, 5.25%
- Epoch 014, ExpID 10446
Train - Loss: 36853831.13
Val - Loss, MSE, RMSE, MAE, MAPE: 38856300.00, 38856301.00, 6162.58, 4682.16, 5.10%
Test - Best epoch, Loss, MSE, RMSE, MAE, MAPE: 14, 44319916.00, 44319916.00, 6466.93, 4931.53, 5.23%
- Epoch 015, ExpID 10446
Train - Loss: 36355557.91
Val - Loss, MSE, RMSE, MAE, MAPE: 38773200.00, 38773199.00, 6157.48, 4680.10, 5.09%
Test - Best epoch, Loss, MSE, RMSE, MAE, MAPE: 15, 44024420.00, 44024421.00, 6454.45, 4918.27, 5.21%
- Epoch 016, ExpID 10446
Train - Loss: 36118304.43
Val - Loss, MSE, RMSE, MAE, MAPE: 38669776.00, 38669777.00, 6149.60, 4674.89, 5.09%
Test - Best epoch, Loss, MSE, RMSE, MAE, MAPE: 16, 43740460.00, 43740461.00, 6434.19, 4900.40, 5.19%
- Epoch 017, ExpID 10446
Train - Loss: 35839748.00
Val - Loss, MSE, RMSE, MAE, MAPE: 38508440.00, 38508438.00, 6138.27, 4666.34, 5.08%
Test - Best epoch, Loss, MSE, RMSE, MAE, MAPE: 17, 43612088.00, 43612086.00, 6428.35, 4889.14, 5.18%
- Epoch 018, ExpID 10446
Train - Loss: 35650482.35
Val - Loss, MSE, RMSE, MAE, MAPE: 38462048.00, 38462047.00, 6136.03, 4663.46, 5.07%
Test - Best epoch, Loss, MSE, RMSE, MAE, MAPE: 18, 43300752.00, 43300754.00, 6405.65, 4869.02, 5.16%
- Epoch 019, ExpID 10446
Train - Loss: 35231302.09
Val - Loss, MSE, RMSE, MAE, MAPE: 38501248.00, 38501247.00, 6141.13, 4672.71, 5.08%
Test - Best epoch, Loss, MSE, RMSE, MAE, MAPE: 18, 43300752.00, 43300754.00, 6405.65, 4869.02, 5.16%
- Epoch 020, ExpID 10446
Train - Loss: 35014565.91
Val - Loss, MSE, RMSE, MAE, MAPE: 38525252.00, 38525253.00, 6145.90, 4676.73, 5.08%
Test - Best epoch, Loss, MSE, RMSE, MAE, MAPE: 18, 43300752.00, 43300754.00, 6405.65, 4869.02, 5.16%
- Epoch 021, ExpID 10446
Train - Loss: 34568880.00
Val - Loss, MSE, RMSE, MAE, MAPE: 38563616.00, 38563615.00, 6151.38, 4685.87, 5.09%
Test - Best epoch, Loss, MSE, RMSE, MAE, MAPE: 18, 43300752.00, 43300754.00, 6405.65, 4869.02, 5.16%
- Epoch 022, ExpID 10446
Train - Loss: 34484788.43
Val - Loss, MSE, RMSE, MAE, MAPE: 38584488.00, 38584489.00, 6155.58, 4690.31, 5.09%
Test - Best epoch, Loss, MSE, RMSE, MAE, MAPE: 18, 43300752.00, 43300754.00, 6405.65, 4869.02, 5.16%
- Epoch 023, ExpID 10446
Train - Loss: 34412140.78
Val - Loss, MSE, RMSE, MAE, MAPE: 38554096.00, 38554097.00, 6153.16, 4685.60, 5.09%
Test - Best epoch, Loss, MSE, RMSE, MAE, MAPE: 18, 43300752.00, 43300754.00, 6405.65, 4869.02, 5.16%
- Epoch 024, ExpID 10446
Train - Loss: 34493158.61
Val - Loss, MSE, RMSE, MAE, MAPE: 38777752.00, 38777753.00, 6175.99, 4714.27, 5.12%
Test - Best epoch, Loss, MSE, RMSE, MAE, MAPE: 18, 43300752.00, 43300754.00, 6405.65, 4869.02, 5.16%
- Epoch 025, ExpID 10446
Train - Loss: 33875568.35
Val - Loss, MSE, RMSE, MAE, MAPE: 39031288.00, 39031287.00, 6198.92, 4733.12, 5.13%
Test - Best epoch, Loss, MSE, RMSE, MAE, MAPE: 18, 43300752.00, 43300754.00, 6405.65, 4869.02, 5.16%
- Epoch 026, ExpID 10446
Train - Loss: 33843759.39
Val - Loss, MSE, RMSE, MAE, MAPE: 39074436.00, 39074435.00, 6204.46, 4737.11, 5.13%
Test - Best epoch, Loss, MSE, RMSE, MAE, MAPE: 18, 43300752.00, 43300754.00, 6405.65, 4869.02, 5.16%
- Epoch 027, ExpID 10446
Train - Loss: 33629817.74
Val - Loss, MSE, RMSE, MAE, MAPE: 39076752.00, 39076753.00, 6206.08, 4745.10, 5.14%
Test - Best epoch, Loss, MSE, RMSE, MAE, MAPE: 18, 43300752.00, 43300754.00, 6405.65, 4869.02, 5.16%
- Epoch 028, ExpID 10446
Train - Loss: 33351982.43
Val - Loss, MSE, RMSE, MAE, MAPE: 39259620.00, 39259620.00, 6223.49, 4762.41, 5.16%
Test - Best epoch, Loss, MSE, RMSE, MAE, MAPE: 18, 43300752.00, 43300754.00, 6405.65, 4869.02, 5.16%
Early Stopping at Epoch 28
Fold 2019 Best RMSE: 6405.6509
