DETAILED LOG | Model: patchtst | Seed: 1
FULL CONFIG: {'gpu': '2', 'target': 'departure', 'cv_start_year': 2017, 'cv_end_year': 2019, 'test_year': 2024, 'use_corona': False, 'seq_len': 365, 'label_len': 0, 'pred_len': 56, 'batch_size': 256, 'epochs': 1000, 'patience': 10, 'lr': 1e-05, 'model': 'patchtst', 'd_model': 512, 'n_heads': 2, 'n_layers': 6, 'dropout': 0.1, 'activation': 'gelu', 'patch_len': 7, 'factor': 5, 'norm_mode': 'revin', 'use_covar': False, 'use_dbloss': False, 'device': device(type='cuda'), 'stride': 14, 'file_path': 'dataset/airport_flight_with_holiday.csv', 'seed': 1, 'val_year': 2019, 'ndims': 1}

-------------------- [Fold: 2017] ExpID: 4405 --------------------
- Epoch 000, ExpID 4405
Train - Loss: 36814168.42
Val - Loss, MSE, RMSE, MAE, MAPE: 45639172.00, 45639172.00, 6401.29, 5087.60, 6.32%
Test - Best epoch, Loss, MSE, RMSE, MAE, MAPE: 0, 63962208.00, 63962208.00, 7971.44, 5780.72, 6.98%
- Epoch 001, ExpID 4405
Train - Loss: 29468799.79
Val - Loss, MSE, RMSE, MAE, MAPE: 40177004.00, 40177003.50, 6025.68, 4825.04, 6.02%
Test - Best epoch, Loss, MSE, RMSE, MAE, MAPE: 1, 61505468.00, 61505468.00, 7792.38, 5599.93, 6.74%
- Epoch 002, ExpID 4405
Train - Loss: 27440924.74
Val - Loss, MSE, RMSE, MAE, MAPE: 37103172.00, 37103172.50, 5744.35, 4588.44, 5.73%
Test - Best epoch, Loss, MSE, RMSE, MAE, MAPE: 2, 60903732.00, 60903732.00, 7744.02, 5563.97, 6.71%
- Epoch 003, ExpID 4405
Train - Loss: 26069456.84
Val - Loss, MSE, RMSE, MAE, MAPE: 35337372.00, 35337370.50, 5592.22, 4468.95, 5.59%
Test - Best epoch, Loss, MSE, RMSE, MAE, MAPE: 3, 60741632.00, 60741630.00, 7724.64, 5595.26, 6.76%
- Epoch 004, ExpID 4405
Train - Loss: 24844020.42
Val - Loss, MSE, RMSE, MAE, MAPE: 34595304.00, 34595303.50, 5533.82, 4426.32, 5.53%
Test - Best epoch, Loss, MSE, RMSE, MAE, MAPE: 4, 61234148.00, 61234148.00, 7745.26, 5670.34, 6.84%
- Epoch 005, ExpID 4405
Train - Loss: 23856139.26
Val - Loss, MSE, RMSE, MAE, MAPE: 33694144.00, 33694144.50, 5448.35, 4362.10, 5.45%
Test - Best epoch, Loss, MSE, RMSE, MAE, MAPE: 5, 62057448.00, 62057446.00, 7788.69, 5756.69, 6.95%
- Epoch 006, ExpID 4405
Train - Loss: 22985088.00
Val - Loss, MSE, RMSE, MAE, MAPE: 32895346.00, 32895345.50, 5386.64, 4316.90, 5.41%
Test - Best epoch, Loss, MSE, RMSE, MAE, MAPE: 6, 63446520.00, 63446518.00, 7865.14, 5884.79, 7.11%
- Epoch 007, ExpID 4405
Train - Loss: 22611992.32
Val - Loss, MSE, RMSE, MAE, MAPE: 32815724.00, 32815724.00, 5365.33, 4317.03, 5.41%
Test - Best epoch, Loss, MSE, RMSE, MAE, MAPE: 7, 64382700.00, 64382700.00, 7919.07, 5957.82, 7.20%
- Epoch 008, ExpID 4405
Train - Loss: 21947314.95
Val - Loss, MSE, RMSE, MAE, MAPE: 34090640.00, 34090641.50, 5452.86, 4407.09, 5.51%
Test - Best epoch, Loss, MSE, RMSE, MAE, MAPE: 7, 64382700.00, 64382700.00, 7919.07, 5957.82, 7.20%
- Epoch 009, ExpID 4405
Train - Loss: 21524266.74
Val - Loss, MSE, RMSE, MAE, MAPE: 34903236.00, 34903237.00, 5491.55, 4453.52, 5.57%
Test - Best epoch, Loss, MSE, RMSE, MAE, MAPE: 7, 64382700.00, 64382700.00, 7919.07, 5957.82, 7.20%
- Epoch 010, ExpID 4405
Train - Loss: 21076106.63
Val - Loss, MSE, RMSE, MAE, MAPE: 34733856.00, 34733854.00, 5471.67, 4442.56, 5.56%
Test - Best epoch, Loss, MSE, RMSE, MAE, MAPE: 7, 64382700.00, 64382700.00, 7919.07, 5957.82, 7.20%
- Epoch 011, ExpID 4405
Train - Loss: 20755782.74
Val - Loss, MSE, RMSE, MAE, MAPE: 35512852.00, 35512853.00, 5551.26, 4521.21, 5.67%
Test - Best epoch, Loss, MSE, RMSE, MAE, MAPE: 7, 64382700.00, 64382700.00, 7919.07, 5957.82, 7.20%
- Epoch 012, ExpID 4405
Train - Loss: 20506047.16
Val - Loss, MSE, RMSE, MAE, MAPE: 35064184.00, 35064184.50, 5496.73, 4471.79, 5.61%
Test - Best epoch, Loss, MSE, RMSE, MAE, MAPE: 7, 64382700.00, 64382700.00, 7919.07, 5957.82, 7.20%
- Epoch 013, ExpID 4405
Train - Loss: 20109424.84
Val - Loss, MSE, RMSE, MAE, MAPE: 36168912.00, 36168911.00, 5613.05, 4568.71, 5.74%
Test - Best epoch, Loss, MSE, RMSE, MAE, MAPE: 7, 64382700.00, 64382700.00, 7919.07, 5957.82, 7.20%
- Epoch 014, ExpID 4405
Train - Loss: 19825040.74
Val - Loss, MSE, RMSE, MAE, MAPE: 35843904.00, 35843902.50, 5597.18, 4555.52, 5.74%
Test - Best epoch, Loss, MSE, RMSE, MAE, MAPE: 7, 64382700.00, 64382700.00, 7919.07, 5957.82, 7.20%
- Epoch 015, ExpID 4405
Train - Loss: 19518793.05
Val - Loss, MSE, RMSE, MAE, MAPE: 37379288.00, 37379286.00, 5700.98, 4638.30, 5.82%
Test - Best epoch, Loss, MSE, RMSE, MAE, MAPE: 7, 64382700.00, 64382700.00, 7919.07, 5957.82, 7.20%
- Epoch 016, ExpID 4405
Train - Loss: 19429976.53
Val - Loss, MSE, RMSE, MAE, MAPE: 36694740.00, 36694738.50, 5672.85, 4607.33, 5.82%
Test - Best epoch, Loss, MSE, RMSE, MAE, MAPE: 7, 64382700.00, 64382700.00, 7919.07, 5957.82, 7.20%
- Epoch 017, ExpID 4405
Train - Loss: 18956669.47
Val - Loss, MSE, RMSE, MAE, MAPE: 36371728.00, 36371728.50, 5664.61, 4596.89, 5.82%
Test - Best epoch, Loss, MSE, RMSE, MAE, MAPE: 7, 64382700.00, 64382700.00, 7919.07, 5957.82, 7.20%
Early Stopping at Epoch 17
Fold 2017 Best RMSE: 7919.0662

-------------------- [Fold: 2018] ExpID: 52243 --------------------
- Epoch 000, ExpID 52243
Train - Loss: 41457735.00
Val - Loss, MSE, RMSE, MAE, MAPE: 64945292.00, 64945292.00, 8042.85, 5818.28, 7.05%
Test - Best epoch, Loss, MSE, RMSE, MAE, MAPE: 0, 37664264.00, 37664265.00, 6104.15, 4638.35, 5.03%
- Epoch 001, ExpID 52243
Train - Loss: 32785929.00
Val - Loss, MSE, RMSE, MAE, MAPE: 62084632.00, 62084632.00, 7834.53, 5625.31, 6.78%
Test - Best epoch, Loss, MSE, RMSE, MAE, MAPE: 1, 35873704.00, 35873703.00, 5973.05, 4546.46, 4.93%
- Epoch 002, ExpID 52243
Train - Loss: 30374024.00
Val - Loss, MSE, RMSE, MAE, MAPE: 61766444.00, 61766444.00, 7803.32, 5596.01, 6.77%
Test - Best epoch, Loss, MSE, RMSE, MAE, MAPE: 2, 34516004.00, 34516005.00, 5857.10, 4402.33, 4.78%
- Epoch 003, ExpID 52243
Train - Loss: 28484318.10
Val - Loss, MSE, RMSE, MAE, MAPE: 61834384.00, 61834382.00, 7797.48, 5623.36, 6.82%
Test - Best epoch, Loss, MSE, RMSE, MAE, MAPE: 2, 34516004.00, 34516005.00, 5857.10, 4402.33, 4.78%
- Epoch 004, ExpID 52243
Train - Loss: 27292627.80
Val - Loss, MSE, RMSE, MAE, MAPE: 62095252.00, 62095252.00, 7811.13, 5673.71, 6.90%
Test - Best epoch, Loss, MSE, RMSE, MAE, MAPE: 2, 34516004.00, 34516005.00, 5857.10, 4402.33, 4.78%
- Epoch 005, ExpID 52243
Train - Loss: 26103221.90
Val - Loss, MSE, RMSE, MAE, MAPE: 63427960.00, 63427960.00, 7876.51, 5805.25, 7.04%
Test - Best epoch, Loss, MSE, RMSE, MAE, MAPE: 2, 34516004.00, 34516005.00, 5857.10, 4402.33, 4.78%
- Epoch 006, ExpID 52243
Train - Loss: 25428495.90
Val - Loss, MSE, RMSE, MAE, MAPE: 64392876.00, 64392876.00, 7924.91, 5889.23, 7.14%
Test - Best epoch, Loss, MSE, RMSE, MAE, MAPE: 2, 34516004.00, 34516005.00, 5857.10, 4402.33, 4.78%
- Epoch 007, ExpID 52243
Train - Loss: 24591771.70
Val - Loss, MSE, RMSE, MAE, MAPE: 65997224.00, 65997224.00, 8018.35, 6018.56, 7.30%
Test - Best epoch, Loss, MSE, RMSE, MAE, MAPE: 2, 34516004.00, 34516005.00, 5857.10, 4402.33, 4.78%
- Epoch 008, ExpID 52243
Train - Loss: 24133747.70
Val - Loss, MSE, RMSE, MAE, MAPE: 65977400.00, 65977402.00, 8013.00, 6024.33, 7.30%
Test - Best epoch, Loss, MSE, RMSE, MAE, MAPE: 2, 34516004.00, 34516005.00, 5857.10, 4402.33, 4.78%
- Epoch 009, ExpID 52243
Train - Loss: 23547568.00
Val - Loss, MSE, RMSE, MAE, MAPE: 67566032.00, 67566036.00, 8094.32, 6152.69, 7.45%
Test - Best epoch, Loss, MSE, RMSE, MAE, MAPE: 2, 34516004.00, 34516005.00, 5857.10, 4402.33, 4.78%
- Epoch 010, ExpID 52243
Train - Loss: 23168823.50
Val - Loss, MSE, RMSE, MAE, MAPE: 69011280.00, 69011280.00, 8174.07, 6247.28, 7.55%
Test - Best epoch, Loss, MSE, RMSE, MAE, MAPE: 2, 34516004.00, 34516005.00, 5857.10, 4402.33, 4.78%
- Epoch 011, ExpID 52243
Train - Loss: 22820581.50
Val - Loss, MSE, RMSE, MAE, MAPE: 69726480.00, 69726484.00, 8206.50, 6295.89, 7.61%
Test - Best epoch, Loss, MSE, RMSE, MAE, MAPE: 2, 34516004.00, 34516005.00, 5857.10, 4402.33, 4.78%
- Epoch 012, ExpID 52243
Train - Loss: 22493552.40
Val - Loss, MSE, RMSE, MAE, MAPE: 70072872.00, 70072874.00, 8223.91, 6343.21, 7.66%
Test - Best epoch, Loss, MSE, RMSE, MAE, MAPE: 2, 34516004.00, 34516005.00, 5857.10, 4402.33, 4.78%
Early Stopping at Epoch 12
Fold 2018 Best RMSE: 5857.0979

-------------------- [Fold: 2019] ExpID: 15977 --------------------
- Epoch 000, ExpID 15977
Train - Loss: 42730604.00
Val - Loss, MSE, RMSE, MAE, MAPE: 36149748.00, 36149749.00, 5985.44, 4575.41, 4.95%
Test - Best epoch, Loss, MSE, RMSE, MAE, MAPE: 0, 40636520.00, 40636518.00, 6273.44, 4764.53, 5.09%
- Epoch 001, ExpID 15977
Train - Loss: 34036297.73
Val - Loss, MSE, RMSE, MAE, MAPE: 34953148.00, 34953149.00, 5898.58, 4497.07, 4.87%
Test - Best epoch, Loss, MSE, RMSE, MAE, MAPE: 1, 33341484.00, 33341483.00, 5635.61, 4198.79, 4.49%
- Epoch 002, ExpID 15977
Train - Loss: 31885350.09
Val - Loss, MSE, RMSE, MAE, MAPE: 34025756.00, 34025755.00, 5821.49, 4380.72, 4.76%
Test - Best epoch, Loss, MSE, RMSE, MAE, MAPE: 2, 30911580.00, 30911581.00, 5404.55, 3967.98, 4.24%
- Epoch 003, ExpID 15977
Train - Loss: 30040601.18
Val - Loss, MSE, RMSE, MAE, MAPE: 34212148.00, 34212148.00, 5838.84, 4359.33, 4.75%
Test - Best epoch, Loss, MSE, RMSE, MAE, MAPE: 2, 30911580.00, 30911581.00, 5404.55, 3967.98, 4.24%
- Epoch 004, ExpID 15977
Train - Loss: 28783339.00
Val - Loss, MSE, RMSE, MAE, MAPE: 34711504.00, 34711505.00, 5883.82, 4377.83, 4.78%
Test - Best epoch, Loss, MSE, RMSE, MAE, MAPE: 2, 30911580.00, 30911581.00, 5404.55, 3967.98, 4.24%
- Epoch 005, ExpID 15977
Train - Loss: 27731829.82
Val - Loss, MSE, RMSE, MAE, MAPE: 35042360.00, 35042358.00, 5912.07, 4384.83, 4.80%
Test - Best epoch, Loss, MSE, RMSE, MAE, MAPE: 2, 30911580.00, 30911581.00, 5404.55, 3967.98, 4.24%
- Epoch 006, ExpID 15977
Train - Loss: 27270339.09
Val - Loss, MSE, RMSE, MAE, MAPE: 35483308.00, 35483308.00, 5949.63, 4406.21, 4.82%
Test - Best epoch, Loss, MSE, RMSE, MAE, MAPE: 2, 30911580.00, 30911581.00, 5404.55, 3967.98, 4.24%
- Epoch 007, ExpID 15977
Train - Loss: 26470198.00
Val - Loss, MSE, RMSE, MAE, MAPE: 35521612.00, 35521611.00, 5950.91, 4364.16, 4.79%
Test - Best epoch, Loss, MSE, RMSE, MAE, MAPE: 2, 30911580.00, 30911581.00, 5404.55, 3967.98, 4.24%
- Epoch 008, ExpID 15977
Train - Loss: 25757320.36
Val - Loss, MSE, RMSE, MAE, MAPE: 35928512.00, 35928510.00, 5987.88, 4408.55, 4.83%
Test - Best epoch, Loss, MSE, RMSE, MAE, MAPE: 2, 30911580.00, 30911581.00, 5404.55, 3967.98, 4.24%
- Epoch 009, ExpID 15977
Train - Loss: 25569805.55
Val - Loss, MSE, RMSE, MAE, MAPE: 35319000.00, 35319002.00, 5933.19, 4331.97, 4.76%
Test - Best epoch, Loss, MSE, RMSE, MAE, MAPE: 2, 30911580.00, 30911581.00, 5404.55, 3967.98, 4.24%
- Epoch 010, ExpID 15977
Train - Loss: 25036246.27
Val - Loss, MSE, RMSE, MAE, MAPE: 35328308.00, 35328309.00, 5935.01, 4321.91, 4.75%
Test - Best epoch, Loss, MSE, RMSE, MAE, MAPE: 2, 30911580.00, 30911581.00, 5404.55, 3967.98, 4.24%
- Epoch 011, ExpID 15977
Train - Loss: 24671530.82
Val - Loss, MSE, RMSE, MAE, MAPE: 35173540.00, 35173539.00, 5919.64, 4299.91, 4.73%
Test - Best epoch, Loss, MSE, RMSE, MAE, MAPE: 2, 30911580.00, 30911581.00, 5404.55, 3967.98, 4.24%
- Epoch 012, ExpID 15977
Train - Loss: 24354002.82
Val - Loss, MSE, RMSE, MAE, MAPE: 35672048.00, 35672046.00, 5966.85, 4354.06, 4.78%
Test - Best epoch, Loss, MSE, RMSE, MAE, MAPE: 2, 30911580.00, 30911581.00, 5404.55, 3967.98, 4.24%
Early Stopping at Epoch 12
Fold 2019 Best RMSE: 5404.5520
