DETAILED LOG | Model: patchtst | Seed: 1
FULL CONFIG: {'gpu': '2', 'target': 'departure', 'cv_start_year': 2017, 'cv_end_year': 2019, 'test_year': 2024, 'use_corona': False, 'seq_len': 365, 'label_len': 0, 'pred_len': 56, 'batch_size': 256, 'epochs': 1000, 'patience': 10, 'lr': 0.0001, 'model': 'patchtst', 'd_model': 256, 'n_heads': 4, 'n_layers': 6, 'dropout': 0.1, 'activation': 'gelu', 'patch_len': 14, 'factor': 5, 'norm_mode': 'revin', 'use_covar': False, 'use_dbloss': False, 'device': device(type='cuda'), 'stride': 7, 'file_path': 'dataset/airport_flight_with_holiday.csv', 'seed': 1, 'val_year': 2019, 'ndims': 1}

-------------------- [Fold: 2017] ExpID: 46177 --------------------
- Epoch 000, ExpID 46177
Train - Loss: 32705909.47
Val - Loss, MSE, RMSE, MAE, MAPE: 37954708.00, 37954708.00, 5874.43, 4679.18, 5.85%
Test - Best epoch, Loss, MSE, RMSE, MAE, MAPE: 0, 64938624.00, 64938626.00, 7997.14, 5791.31, 6.96%
- Epoch 001, ExpID 46177
Train - Loss: 25289444.53
Val - Loss, MSE, RMSE, MAE, MAPE: 34594016.00, 34594014.00, 5536.87, 4404.58, 5.49%
Test - Best epoch, Loss, MSE, RMSE, MAE, MAPE: 1, 65304344.00, 65304342.00, 7988.50, 5951.51, 7.18%
- Epoch 002, ExpID 46177
Train - Loss: 22858689.26
Val - Loss, MSE, RMSE, MAE, MAPE: 35872916.00, 35872917.50, 5553.68, 4425.66, 5.50%
Test - Best epoch, Loss, MSE, RMSE, MAE, MAPE: 1, 65304344.00, 65304342.00, 7988.50, 5951.51, 7.18%
- Epoch 003, ExpID 46177
Train - Loss: 21544510.32
Val - Loss, MSE, RMSE, MAE, MAPE: 34707528.00, 34707526.00, 5504.52, 4411.35, 5.51%
Test - Best epoch, Loss, MSE, RMSE, MAE, MAPE: 1, 65304344.00, 65304342.00, 7988.50, 5951.51, 7.18%
- Epoch 004, ExpID 46177
Train - Loss: 20604276.42
Val - Loss, MSE, RMSE, MAE, MAPE: 33819856.00, 33819856.00, 5467.13, 4391.76, 5.50%
Test - Best epoch, Loss, MSE, RMSE, MAE, MAPE: 4, 71719264.00, 71719262.00, 8327.31, 6404.67, 7.75%
- Epoch 005, ExpID 46177
Train - Loss: 20044356.95
Val - Loss, MSE, RMSE, MAE, MAPE: 33738316.00, 33738315.50, 5488.34, 4416.79, 5.55%
Test - Best epoch, Loss, MSE, RMSE, MAE, MAPE: 5, 73018216.00, 73018218.00, 8410.59, 6487.50, 7.87%
- Epoch 006, ExpID 46177
Train - Loss: 19255110.53
Val - Loss, MSE, RMSE, MAE, MAPE: 34901956.00, 34901957.00, 5574.11, 4490.53, 5.63%
Test - Best epoch, Loss, MSE, RMSE, MAE, MAPE: 5, 73018216.00, 73018218.00, 8410.59, 6487.50, 7.87%
- Epoch 007, ExpID 46177
Train - Loss: 18692225.89
Val - Loss, MSE, RMSE, MAE, MAPE: 35502576.00, 35502575.50, 5606.74, 4522.26, 5.67%
Test - Best epoch, Loss, MSE, RMSE, MAE, MAPE: 5, 73018216.00, 73018218.00, 8410.59, 6487.50, 7.87%
- Epoch 008, ExpID 46177
Train - Loss: 18109160.16
Val - Loss, MSE, RMSE, MAE, MAPE: 35499132.00, 35499131.50, 5643.06, 4536.04, 5.71%
Test - Best epoch, Loss, MSE, RMSE, MAE, MAPE: 5, 73018216.00, 73018218.00, 8410.59, 6487.50, 7.87%
- Epoch 009, ExpID 46177
Train - Loss: 17625578.95
Val - Loss, MSE, RMSE, MAE, MAPE: 35374012.00, 35374012.00, 5698.75, 4610.19, 5.87%
Test - Best epoch, Loss, MSE, RMSE, MAE, MAPE: 5, 73018216.00, 73018218.00, 8410.59, 6487.50, 7.87%
- Epoch 010, ExpID 46177
Train - Loss: 17147861.47
Val - Loss, MSE, RMSE, MAE, MAPE: 35447632.00, 35447631.00, 5623.59, 4532.27, 5.72%
Test - Best epoch, Loss, MSE, RMSE, MAE, MAPE: 5, 73018216.00, 73018218.00, 8410.59, 6487.50, 7.87%
- Epoch 011, ExpID 46177
Train - Loss: 16685071.21
Val - Loss, MSE, RMSE, MAE, MAPE: 37425900.00, 37425900.00, 5828.93, 4699.83, 5.97%
Test - Best epoch, Loss, MSE, RMSE, MAE, MAPE: 5, 73018216.00, 73018218.00, 8410.59, 6487.50, 7.87%
- Epoch 012, ExpID 46177
Train - Loss: 16365862.95
Val - Loss, MSE, RMSE, MAE, MAPE: 37935492.00, 37935493.00, 5788.84, 4647.57, 5.87%
Test - Best epoch, Loss, MSE, RMSE, MAE, MAPE: 5, 73018216.00, 73018218.00, 8410.59, 6487.50, 7.87%
- Epoch 013, ExpID 46177
Train - Loss: 15878795.05
Val - Loss, MSE, RMSE, MAE, MAPE: 40699112.00, 40699112.50, 5999.55, 4767.05, 5.96%
Test - Best epoch, Loss, MSE, RMSE, MAE, MAPE: 5, 73018216.00, 73018218.00, 8410.59, 6487.50, 7.87%
- Epoch 014, ExpID 46177
Train - Loss: 15730369.11
Val - Loss, MSE, RMSE, MAE, MAPE: 39548472.00, 39548472.50, 5908.87, 4719.53, 5.92%
Test - Best epoch, Loss, MSE, RMSE, MAE, MAPE: 5, 73018216.00, 73018218.00, 8410.59, 6487.50, 7.87%
- Epoch 015, ExpID 46177
Train - Loss: 15380387.84
Val - Loss, MSE, RMSE, MAE, MAPE: 40628544.00, 40628545.00, 5938.64, 4731.60, 5.94%
Test - Best epoch, Loss, MSE, RMSE, MAE, MAPE: 5, 73018216.00, 73018218.00, 8410.59, 6487.50, 7.87%
Early Stopping at Epoch 15
Fold 2017 Best RMSE: 8410.5869

-------------------- [Fold: 2018] ExpID: 66245 --------------------
- Epoch 000, ExpID 66245
Train - Loss: 35612053.90
Val - Loss, MSE, RMSE, MAE, MAPE: 65427672.00, 65427674.00, 8033.54, 5825.64, 7.07%
Test - Best epoch, Loss, MSE, RMSE, MAE, MAPE: 0, 37270032.00, 37270033.00, 6084.68, 4606.61, 5.02%
- Epoch 001, ExpID 66245
Train - Loss: 27039083.30
Val - Loss, MSE, RMSE, MAE, MAPE: 66259696.00, 66259698.00, 8043.28, 6043.05, 7.31%
Test - Best epoch, Loss, MSE, RMSE, MAE, MAPE: 0, 37270032.00, 37270033.00, 6084.68, 4606.61, 5.02%
- Epoch 002, ExpID 66245
Train - Loss: 24576632.00
Val - Loss, MSE, RMSE, MAE, MAPE: 67081936.00, 67081938.00, 8087.55, 6107.66, 7.39%
Test - Best epoch, Loss, MSE, RMSE, MAE, MAPE: 0, 37270032.00, 37270033.00, 6084.68, 4606.61, 5.02%
- Epoch 003, ExpID 66245
Train - Loss: 23235682.20
Val - Loss, MSE, RMSE, MAE, MAPE: 71059688.00, 71059690.00, 8295.67, 6346.03, 7.68%
Test - Best epoch, Loss, MSE, RMSE, MAE, MAPE: 0, 37270032.00, 37270033.00, 6084.68, 4606.61, 5.02%
- Epoch 004, ExpID 66245
Train - Loss: 22434603.70
Val - Loss, MSE, RMSE, MAE, MAPE: 73863240.00, 73863242.00, 8446.56, 6517.63, 7.92%
Test - Best epoch, Loss, MSE, RMSE, MAE, MAPE: 0, 37270032.00, 37270033.00, 6084.68, 4606.61, 5.02%
- Epoch 005, ExpID 66245
Train - Loss: 21516098.00
Val - Loss, MSE, RMSE, MAE, MAPE: 75117840.00, 75117836.00, 8529.64, 6582.56, 7.99%
Test - Best epoch, Loss, MSE, RMSE, MAE, MAPE: 0, 37270032.00, 37270033.00, 6084.68, 4606.61, 5.02%
- Epoch 006, ExpID 66245
Train - Loss: 20845222.90
Val - Loss, MSE, RMSE, MAE, MAPE: 76514808.00, 76514810.00, 8573.61, 6652.83, 8.04%
Test - Best epoch, Loss, MSE, RMSE, MAE, MAPE: 0, 37270032.00, 37270033.00, 6084.68, 4606.61, 5.02%
- Epoch 007, ExpID 66245
Train - Loss: 20133318.60
Val - Loss, MSE, RMSE, MAE, MAPE: 78565600.00, 78565600.00, 8688.04, 6767.36, 8.19%
Test - Best epoch, Loss, MSE, RMSE, MAE, MAPE: 0, 37270032.00, 37270033.00, 6084.68, 4606.61, 5.02%
- Epoch 008, ExpID 66245
Train - Loss: 19621943.20
Val - Loss, MSE, RMSE, MAE, MAPE: 78848016.00, 78848020.00, 8728.38, 6754.63, 8.24%
Test - Best epoch, Loss, MSE, RMSE, MAE, MAPE: 0, 37270032.00, 37270033.00, 6084.68, 4606.61, 5.02%
- Epoch 009, ExpID 66245
Train - Loss: 18986973.20
Val - Loss, MSE, RMSE, MAE, MAPE: 78703312.00, 78703316.00, 8695.78, 6745.34, 8.20%
Test - Best epoch, Loss, MSE, RMSE, MAE, MAPE: 0, 37270032.00, 37270033.00, 6084.68, 4606.61, 5.02%
- Epoch 010, ExpID 66245
Train - Loss: 18664045.00
Val - Loss, MSE, RMSE, MAE, MAPE: 80578544.00, 80578544.00, 8795.14, 6860.81, 8.38%
Test - Best epoch, Loss, MSE, RMSE, MAE, MAPE: 0, 37270032.00, 37270033.00, 6084.68, 4606.61, 5.02%
Early Stopping at Epoch 10
Fold 2018 Best RMSE: 6084.6821

-------------------- [Fold: 2019] ExpID: 97531 --------------------
- Epoch 000, ExpID 97531
Train - Loss: 38427442.64
Val - Loss, MSE, RMSE, MAE, MAPE: 37907336.00, 37907336.00, 6147.40, 4622.21, 5.03%
Test - Best epoch, Loss, MSE, RMSE, MAE, MAPE: 0, 33404840.00, 33404841.00, 5614.71, 4210.04, 4.50%
- Epoch 001, ExpID 97531
Train - Loss: 29268413.45
Val - Loss, MSE, RMSE, MAE, MAPE: 35626196.00, 35626196.00, 5962.23, 4431.62, 4.84%
Test - Best epoch, Loss, MSE, RMSE, MAE, MAPE: 1, 28627444.00, 28627444.50, 5175.08, 3779.62, 4.05%
- Epoch 002, ExpID 97531
Train - Loss: 26723017.82
Val - Loss, MSE, RMSE, MAE, MAPE: 35891916.00, 35891917.00, 5984.65, 4400.19, 4.82%
Test - Best epoch, Loss, MSE, RMSE, MAE, MAPE: 1, 28627444.00, 28627444.50, 5175.08, 3779.62, 4.05%
- Epoch 003, ExpID 97531
Train - Loss: 25613868.91
Val - Loss, MSE, RMSE, MAE, MAPE: 35346464.00, 35346464.00, 5939.20, 4391.70, 4.80%
Test - Best epoch, Loss, MSE, RMSE, MAE, MAPE: 3, 26380812.00, 26380813.00, 4946.64, 3547.40, 3.79%
- Epoch 004, ExpID 97531
Train - Loss: 24626055.64
Val - Loss, MSE, RMSE, MAE, MAPE: 34294192.00, 34294194.00, 5848.48, 4277.62, 4.68%
Test - Best epoch, Loss, MSE, RMSE, MAE, MAPE: 4, 26130822.00, 26130821.50, 4914.40, 3497.16, 3.74%
- Epoch 005, ExpID 97531
Train - Loss: 24134075.18
Val - Loss, MSE, RMSE, MAE, MAPE: 34556912.00, 34556913.00, 5871.54, 4291.57, 4.70%
Test - Best epoch, Loss, MSE, RMSE, MAE, MAPE: 4, 26130822.00, 26130821.50, 4914.40, 3497.16, 3.74%
- Epoch 006, ExpID 97531
Train - Loss: 23382498.73
Val - Loss, MSE, RMSE, MAE, MAPE: 34690152.00, 34690151.00, 5882.68, 4242.91, 4.66%
Test - Best epoch, Loss, MSE, RMSE, MAE, MAPE: 4, 26130822.00, 26130821.50, 4914.40, 3497.16, 3.74%
- Epoch 007, ExpID 97531
Train - Loss: 22653479.91
Val - Loss, MSE, RMSE, MAE, MAPE: 34992048.00, 34992046.00, 5909.39, 4287.85, 4.71%
Test - Best epoch, Loss, MSE, RMSE, MAE, MAPE: 4, 26130822.00, 26130821.50, 4914.40, 3497.16, 3.74%
- Epoch 008, ExpID 97531
Train - Loss: 22005911.45
Val - Loss, MSE, RMSE, MAE, MAPE: 35289732.00, 35289731.00, 5932.28, 4263.78, 4.69%
Test - Best epoch, Loss, MSE, RMSE, MAE, MAPE: 4, 26130822.00, 26130821.50, 4914.40, 3497.16, 3.74%
- Epoch 009, ExpID 97531
Train - Loss: 21805386.64
Val - Loss, MSE, RMSE, MAE, MAPE: 35869528.00, 35869530.00, 5986.32, 4435.90, 4.84%
Test - Best epoch, Loss, MSE, RMSE, MAE, MAPE: 4, 26130822.00, 26130821.50, 4914.40, 3497.16, 3.74%
- Epoch 010, ExpID 97531
Train - Loss: 20881903.18
Val - Loss, MSE, RMSE, MAE, MAPE: 36143176.00, 36143174.00, 6008.82, 4442.30, 4.86%
Test - Best epoch, Loss, MSE, RMSE, MAE, MAPE: 4, 26130822.00, 26130821.50, 4914.40, 3497.16, 3.74%
- Epoch 011, ExpID 97531
Train - Loss: 20254970.55
Val - Loss, MSE, RMSE, MAE, MAPE: 35359492.00, 35359491.00, 5936.25, 4283.37, 4.72%
Test - Best epoch, Loss, MSE, RMSE, MAE, MAPE: 4, 26130822.00, 26130821.50, 4914.40, 3497.16, 3.74%
- Epoch 012, ExpID 97531
Train - Loss: 20002996.64
Val - Loss, MSE, RMSE, MAE, MAPE: 36070308.00, 36070307.00, 5998.92, 4371.51, 4.81%
Test - Best epoch, Loss, MSE, RMSE, MAE, MAPE: 4, 26130822.00, 26130821.50, 4914.40, 3497.16, 3.74%
- Epoch 013, ExpID 97531
Train - Loss: 19650093.64
Val - Loss, MSE, RMSE, MAE, MAPE: 36317352.00, 36317352.00, 6020.74, 4351.22, 4.79%
Test - Best epoch, Loss, MSE, RMSE, MAE, MAPE: 4, 26130822.00, 26130821.50, 4914.40, 3497.16, 3.74%
- Epoch 014, ExpID 97531
Train - Loss: 19365020.36
Val - Loss, MSE, RMSE, MAE, MAPE: 35328512.00, 35328510.00, 5930.41, 4230.74, 4.67%
Test - Best epoch, Loss, MSE, RMSE, MAE, MAPE: 4, 26130822.00, 26130821.50, 4914.40, 3497.16, 3.74%
Early Stopping at Epoch 14
Fold 2019 Best RMSE: 4914.3965
