DETAILED LOG | Model: patchtst | Seed: 1
FULL CONFIG: {'gpu': '2', 'target': 'departure', 'cv_start_year': 2017, 'cv_end_year': 2019, 'test_year': 2024, 'use_corona': False, 'seq_len': 365, 'label_len': 0, 'pred_len': 56, 'batch_size': 256, 'epochs': 1000, 'patience': 10, 'lr': 0.0001, 'model': 'patchtst', 'd_model': 64, 'n_heads': 4, 'n_layers': 2, 'dropout': 0.1, 'activation': 'gelu', 'patch_len': 7, 'factor': 5, 'norm_mode': 'revin', 'use_covar': False, 'use_dbloss': False, 'device': device(type='cuda'), 'stride': 14, 'file_path': 'dataset/airport_flight_with_holiday.csv', 'seed': 1, 'val_year': 2019, 'ndims': 1}

-------------------- [Fold: 2017] ExpID: 17559 --------------------
- Epoch 000, ExpID 17559
Train - Loss: 36911972.00
Val - Loss, MSE, RMSE, MAE, MAPE: 45934752.00, 45934753.00, 6481.85, 5148.80, 6.40%
Test - Best epoch, Loss, MSE, RMSE, MAE, MAPE: 0, 66003576.00, 66003578.00, 8090.07, 5916.65, 7.13%
- Epoch 001, ExpID 17559
Train - Loss: 28928518.00
Val - Loss, MSE, RMSE, MAE, MAPE: 39512544.00, 39512543.50, 5936.81, 4692.28, 5.86%
Test - Best epoch, Loss, MSE, RMSE, MAE, MAPE: 1, 61838464.00, 61838466.00, 7813.04, 5610.25, 6.76%
- Epoch 002, ExpID 17559
Train - Loss: 26731273.05
Val - Loss, MSE, RMSE, MAE, MAPE: 38758036.00, 38758035.50, 5852.98, 4636.80, 5.78%
Test - Best epoch, Loss, MSE, RMSE, MAE, MAPE: 2, 61579280.00, 61579282.00, 7784.25, 5613.66, 6.75%
- Epoch 003, ExpID 17559
Train - Loss: 25479021.05
Val - Loss, MSE, RMSE, MAE, MAPE: 37298404.00, 37298404.50, 5756.46, 4568.51, 5.69%
Test - Best epoch, Loss, MSE, RMSE, MAE, MAPE: 3, 61539996.00, 61539996.00, 7767.90, 5675.80, 6.81%
- Epoch 004, ExpID 17559
Train - Loss: 24285820.74
Val - Loss, MSE, RMSE, MAE, MAPE: 35613300.00, 35613298.50, 5593.11, 4451.38, 5.55%
Test - Best epoch, Loss, MSE, RMSE, MAE, MAPE: 4, 61494680.00, 61494678.00, 7757.52, 5712.09, 6.88%
- Epoch 005, ExpID 17559
Train - Loss: 23143427.58
Val - Loss, MSE, RMSE, MAE, MAPE: 34055372.00, 34055373.00, 5460.61, 4357.14, 5.45%
Test - Best epoch, Loss, MSE, RMSE, MAE, MAPE: 5, 62545936.00, 62545938.00, 7811.51, 5825.68, 7.02%
- Epoch 006, ExpID 17559
Train - Loss: 22557636.11
Val - Loss, MSE, RMSE, MAE, MAPE: 34990016.00, 34990018.00, 5529.56, 4434.86, 5.53%
Test - Best epoch, Loss, MSE, RMSE, MAE, MAPE: 5, 62545936.00, 62545938.00, 7811.51, 5825.68, 7.02%
- Epoch 007, ExpID 17559
Train - Loss: 21928666.95
Val - Loss, MSE, RMSE, MAE, MAPE: 34796140.00, 34796141.50, 5497.01, 4421.02, 5.52%
Test - Best epoch, Loss, MSE, RMSE, MAE, MAPE: 5, 62545936.00, 62545938.00, 7811.51, 5825.68, 7.02%
- Epoch 008, ExpID 17559
Train - Loss: 21379836.21
Val - Loss, MSE, RMSE, MAE, MAPE: 35334720.00, 35334722.00, 5522.69, 4461.67, 5.57%
Test - Best epoch, Loss, MSE, RMSE, MAE, MAPE: 5, 62545936.00, 62545938.00, 7811.51, 5825.68, 7.02%
- Epoch 009, ExpID 17559
Train - Loss: 21184960.53
Val - Loss, MSE, RMSE, MAE, MAPE: 35568860.00, 35568859.50, 5513.77, 4467.04, 5.58%
Test - Best epoch, Loss, MSE, RMSE, MAE, MAPE: 5, 62545936.00, 62545938.00, 7811.51, 5825.68, 7.02%
- Epoch 010, ExpID 17559
Train - Loss: 20872506.00
Val - Loss, MSE, RMSE, MAE, MAPE: 37636152.00, 37636150.50, 5651.28, 4595.27, 5.72%
Test - Best epoch, Loss, MSE, RMSE, MAE, MAPE: 5, 62545936.00, 62545938.00, 7811.51, 5825.68, 7.02%
- Epoch 011, ExpID 17559
Train - Loss: 20435470.74
Val - Loss, MSE, RMSE, MAE, MAPE: 36220292.00, 36220293.00, 5565.64, 4520.31, 5.66%
Test - Best epoch, Loss, MSE, RMSE, MAE, MAPE: 5, 62545936.00, 62545938.00, 7811.51, 5825.68, 7.02%
- Epoch 012, ExpID 17559
Train - Loss: 20151798.95
Val - Loss, MSE, RMSE, MAE, MAPE: 35374388.00, 35374388.00, 5518.19, 4473.87, 5.61%
Test - Best epoch, Loss, MSE, RMSE, MAE, MAPE: 5, 62545936.00, 62545938.00, 7811.51, 5825.68, 7.02%
- Epoch 013, ExpID 17559
Train - Loss: 19938590.63
Val - Loss, MSE, RMSE, MAE, MAPE: 35992404.00, 35992403.00, 5550.53, 4495.34, 5.64%
Test - Best epoch, Loss, MSE, RMSE, MAE, MAPE: 5, 62545936.00, 62545938.00, 7811.51, 5825.68, 7.02%
- Epoch 014, ExpID 17559
Train - Loss: 19777635.16
Val - Loss, MSE, RMSE, MAE, MAPE: 37529956.00, 37529955.00, 5644.48, 4588.48, 5.74%
Test - Best epoch, Loss, MSE, RMSE, MAE, MAPE: 5, 62545936.00, 62545938.00, 7811.51, 5825.68, 7.02%
- Epoch 015, ExpID 17559
Train - Loss: 19634810.32
Val - Loss, MSE, RMSE, MAE, MAPE: 37254040.00, 37254042.00, 5619.51, 4569.19, 5.73%
Test - Best epoch, Loss, MSE, RMSE, MAE, MAPE: 5, 62545936.00, 62545938.00, 7811.51, 5825.68, 7.02%
Early Stopping at Epoch 15
Fold 2017 Best RMSE: 7811.5122

-------------------- [Fold: 2018] ExpID: 50559 --------------------
- Epoch 000, ExpID 50559
Train - Loss: 40838989.10
Val - Loss, MSE, RMSE, MAE, MAPE: 65270992.00, 65270990.00, 8051.75, 5943.88, 7.19%
Test - Best epoch, Loss, MSE, RMSE, MAE, MAPE: 0, 39962192.00, 39962194.00, 6305.73, 4827.34, 5.24%
- Epoch 001, ExpID 50559
Train - Loss: 31874383.90
Val - Loss, MSE, RMSE, MAE, MAPE: 62242472.00, 62242474.00, 7840.31, 5689.17, 6.88%
Test - Best epoch, Loss, MSE, RMSE, MAE, MAPE: 1, 36109804.00, 36109805.00, 5994.98, 4549.53, 4.94%
- Epoch 002, ExpID 50559
Train - Loss: 28951094.00
Val - Loss, MSE, RMSE, MAE, MAPE: 61692152.00, 61692152.00, 7791.26, 5654.84, 6.83%
Test - Best epoch, Loss, MSE, RMSE, MAE, MAPE: 2, 35252272.00, 35252272.00, 5924.54, 4475.40, 4.86%
- Epoch 003, ExpID 50559
Train - Loss: 27291077.70
Val - Loss, MSE, RMSE, MAE, MAPE: 62113496.00, 62113496.00, 7803.89, 5714.10, 6.91%
Test - Best epoch, Loss, MSE, RMSE, MAE, MAPE: 2, 35252272.00, 35252272.00, 5924.54, 4475.40, 4.86%
- Epoch 004, ExpID 50559
Train - Loss: 26081098.60
Val - Loss, MSE, RMSE, MAE, MAPE: 62875608.00, 62875606.00, 7840.99, 5790.81, 7.02%
Test - Best epoch, Loss, MSE, RMSE, MAE, MAPE: 2, 35252272.00, 35252272.00, 5924.54, 4475.40, 4.86%
- Epoch 005, ExpID 50559
Train - Loss: 25096812.40
Val - Loss, MSE, RMSE, MAE, MAPE: 64619656.00, 64619654.00, 7929.37, 5919.88, 7.17%
Test - Best epoch, Loss, MSE, RMSE, MAE, MAPE: 2, 35252272.00, 35252272.00, 5924.54, 4475.40, 4.86%
- Epoch 006, ExpID 50559
Train - Loss: 24414217.00
Val - Loss, MSE, RMSE, MAE, MAPE: 66078072.00, 66078074.00, 8000.21, 6017.96, 7.27%
Test - Best epoch, Loss, MSE, RMSE, MAE, MAPE: 2, 35252272.00, 35252272.00, 5924.54, 4475.40, 4.86%
- Epoch 007, ExpID 50559
Train - Loss: 23991497.00
Val - Loss, MSE, RMSE, MAE, MAPE: 67865072.00, 67865076.00, 8093.02, 6122.07, 7.39%
Test - Best epoch, Loss, MSE, RMSE, MAE, MAPE: 2, 35252272.00, 35252272.00, 5924.54, 4475.40, 4.86%
- Epoch 008, ExpID 50559
Train - Loss: 23400870.30
Val - Loss, MSE, RMSE, MAE, MAPE: 68419848.00, 68419846.00, 8118.47, 6171.22, 7.45%
Test - Best epoch, Loss, MSE, RMSE, MAE, MAPE: 2, 35252272.00, 35252272.00, 5924.54, 4475.40, 4.86%
- Epoch 009, ExpID 50559
Train - Loss: 23105793.20
Val - Loss, MSE, RMSE, MAE, MAPE: 69460288.00, 69460284.00, 8169.21, 6217.26, 7.51%
Test - Best epoch, Loss, MSE, RMSE, MAE, MAPE: 2, 35252272.00, 35252272.00, 5924.54, 4475.40, 4.86%
- Epoch 010, ExpID 50559
Train - Loss: 22928622.20
Val - Loss, MSE, RMSE, MAE, MAPE: 69416496.00, 69416500.00, 8164.71, 6224.19, 7.52%
Test - Best epoch, Loss, MSE, RMSE, MAE, MAPE: 2, 35252272.00, 35252272.00, 5924.54, 4475.40, 4.86%
- Epoch 011, ExpID 50559
Train - Loss: 22574758.40
Val - Loss, MSE, RMSE, MAE, MAPE: 70482672.00, 70482670.00, 8217.90, 6276.37, 7.58%
Test - Best epoch, Loss, MSE, RMSE, MAE, MAPE: 2, 35252272.00, 35252272.00, 5924.54, 4475.40, 4.86%
- Epoch 012, ExpID 50559
Train - Loss: 22354581.00
Val - Loss, MSE, RMSE, MAE, MAPE: 69539648.00, 69539650.00, 8175.83, 6223.69, 7.55%
Test - Best epoch, Loss, MSE, RMSE, MAE, MAPE: 2, 35252272.00, 35252272.00, 5924.54, 4475.40, 4.86%
Early Stopping at Epoch 12
Fold 2018 Best RMSE: 5924.5393

-------------------- [Fold: 2019] ExpID: 58124 --------------------
- Epoch 000, ExpID 58124
Train - Loss: 42464536.73
Val - Loss, MSE, RMSE, MAE, MAPE: 40034652.00, 40034652.00, 6317.39, 4895.78, 5.29%
Test - Best epoch, Loss, MSE, RMSE, MAE, MAPE: 0, 39511624.00, 39511626.00, 6176.16, 4722.44, 5.06%
- Epoch 001, ExpID 58124
Train - Loss: 33399706.27
Val - Loss, MSE, RMSE, MAE, MAPE: 35907536.00, 35907536.00, 5980.31, 4528.68, 4.92%
Test - Best epoch, Loss, MSE, RMSE, MAE, MAPE: 1, 33454672.00, 33454671.00, 5645.25, 4252.60, 4.55%
- Epoch 002, ExpID 58124
Train - Loss: 30600866.09
Val - Loss, MSE, RMSE, MAE, MAPE: 35537640.00, 35537639.00, 5952.23, 4472.33, 4.86%
Test - Best epoch, Loss, MSE, RMSE, MAE, MAPE: 2, 30665372.00, 30665371.50, 5380.07, 3990.45, 4.27%
- Epoch 003, ExpID 58124
Train - Loss: 28972952.82
Val - Loss, MSE, RMSE, MAE, MAPE: 35972000.00, 35971998.00, 5990.80, 4485.28, 4.89%
Test - Best epoch, Loss, MSE, RMSE, MAE, MAPE: 2, 30665372.00, 30665371.50, 5380.07, 3990.45, 4.27%
- Epoch 004, ExpID 58124
Train - Loss: 27868442.18
Val - Loss, MSE, RMSE, MAE, MAPE: 36551960.00, 36551962.00, 6040.80, 4519.92, 4.92%
Test - Best epoch, Loss, MSE, RMSE, MAE, MAPE: 2, 30665372.00, 30665371.50, 5380.07, 3990.45, 4.27%
- Epoch 005, ExpID 58124
Train - Loss: 26957281.91
Val - Loss, MSE, RMSE, MAE, MAPE: 36520668.00, 36520668.00, 6036.84, 4477.27, 4.90%
Test - Best epoch, Loss, MSE, RMSE, MAE, MAPE: 2, 30665372.00, 30665371.50, 5380.07, 3990.45, 4.27%
- Epoch 006, ExpID 58124
Train - Loss: 26058710.09
Val - Loss, MSE, RMSE, MAE, MAPE: 36939176.00, 36939174.00, 6072.56, 4513.71, 4.94%
Test - Best epoch, Loss, MSE, RMSE, MAE, MAPE: 2, 30665372.00, 30665371.50, 5380.07, 3990.45, 4.27%
- Epoch 007, ExpID 58124
Train - Loss: 25876326.00
Val - Loss, MSE, RMSE, MAE, MAPE: 36980864.00, 36980862.00, 6076.67, 4502.55, 4.93%
Test - Best epoch, Loss, MSE, RMSE, MAE, MAPE: 2, 30665372.00, 30665371.50, 5380.07, 3990.45, 4.27%
- Epoch 008, ExpID 58124
Train - Loss: 25519776.64
Val - Loss, MSE, RMSE, MAE, MAPE: 37045540.00, 37045540.00, 6082.60, 4497.50, 4.93%
Test - Best epoch, Loss, MSE, RMSE, MAE, MAPE: 2, 30665372.00, 30665371.50, 5380.07, 3990.45, 4.27%
- Epoch 009, ExpID 58124
Train - Loss: 24982238.45
Val - Loss, MSE, RMSE, MAE, MAPE: 37313964.00, 37313964.00, 6104.37, 4508.30, 4.94%
Test - Best epoch, Loss, MSE, RMSE, MAE, MAPE: 2, 30665372.00, 30665371.50, 5380.07, 3990.45, 4.27%
- Epoch 010, ExpID 58124
Train - Loss: 24434505.91
Val - Loss, MSE, RMSE, MAE, MAPE: 37037208.00, 37037208.00, 6080.78, 4493.22, 4.92%
Test - Best epoch, Loss, MSE, RMSE, MAE, MAPE: 2, 30665372.00, 30665371.50, 5380.07, 3990.45, 4.27%
- Epoch 011, ExpID 58124
Train - Loss: 24385236.64
Val - Loss, MSE, RMSE, MAE, MAPE: 37681356.00, 37681356.00, 6136.42, 4565.60, 4.99%
Test - Best epoch, Loss, MSE, RMSE, MAE, MAPE: 2, 30665372.00, 30665371.50, 5380.07, 3990.45, 4.27%
- Epoch 012, ExpID 58124
Train - Loss: 24222801.09
Val - Loss, MSE, RMSE, MAE, MAPE: 37706612.00, 37706612.00, 6138.05, 4553.00, 4.98%
Test - Best epoch, Loss, MSE, RMSE, MAE, MAPE: 2, 30665372.00, 30665371.50, 5380.07, 3990.45, 4.27%
Early Stopping at Epoch 12
Fold 2019 Best RMSE: 5380.0651
