DETAILED LOG | Model: patchtst | Seed: 1
FULL CONFIG: {'gpu': '2', 'target': 'departure', 'cv_start_year': 2017, 'cv_end_year': 2019, 'test_year': 2024, 'use_corona': False, 'seq_len': 365, 'label_len': 0, 'pred_len': 56, 'batch_size': 256, 'epochs': 1000, 'patience': 10, 'lr': 1e-05, 'model': 'patchtst', 'd_model': 512, 'n_heads': 8, 'n_layers': 6, 'dropout': 0.1, 'activation': 'gelu', 'patch_len': 14, 'factor': 5, 'norm_mode': 'revin', 'use_covar': False, 'use_dbloss': False, 'device': device(type='cuda'), 'stride': 7, 'file_path': 'dataset/airport_flight_with_holiday.csv', 'seed': 1, 'val_year': 2019, 'ndims': 1}

-------------------- [Fold: 2017] ExpID: 15508 --------------------
- Epoch 000, ExpID 15508
Train - Loss: 39134207.89
Val - Loss, MSE, RMSE, MAE, MAPE: 47324976.00, 47324974.00, 6536.99, 5170.80, 6.46%
Test - Best epoch, Loss, MSE, RMSE, MAE, MAPE: 0, 68361632.00, 68361634.00, 8260.95, 6092.03, 7.43%
- Epoch 001, ExpID 15508
Train - Loss: 31479871.58
Val - Loss, MSE, RMSE, MAE, MAPE: 45076972.00, 45076971.00, 6383.05, 5071.64, 6.30%
Test - Best epoch, Loss, MSE, RMSE, MAE, MAPE: 1, 62526696.00, 62526698.00, 7869.31, 5738.46, 6.90%
- Epoch 002, ExpID 15508
Train - Loss: 28879168.00
Val - Loss, MSE, RMSE, MAE, MAPE: 39727520.00, 39727521.00, 5983.48, 4753.22, 5.92%
Test - Best epoch, Loss, MSE, RMSE, MAE, MAPE: 2, 61049272.00, 61049270.00, 7765.28, 5618.73, 6.78%
- Epoch 003, ExpID 15508
Train - Loss: 27336554.84
Val - Loss, MSE, RMSE, MAE, MAPE: 38390728.00, 38390729.50, 5863.18, 4654.80, 5.80%
Test - Best epoch, Loss, MSE, RMSE, MAE, MAPE: 3, 60992248.00, 60992250.00, 7749.51, 5617.18, 6.77%
- Epoch 004, ExpID 15508
Train - Loss: 26207276.42
Val - Loss, MSE, RMSE, MAE, MAPE: 36488840.00, 36488839.50, 5688.74, 4514.31, 5.63%
Test - Best epoch, Loss, MSE, RMSE, MAE, MAPE: 4, 60760784.00, 60760784.00, 7729.78, 5612.99, 6.77%
- Epoch 005, ExpID 15508
Train - Loss: 25289811.37
Val - Loss, MSE, RMSE, MAE, MAPE: 35677648.00, 35677648.50, 5626.64, 4470.79, 5.57%
Test - Best epoch, Loss, MSE, RMSE, MAE, MAPE: 5, 60915968.00, 60915968.00, 7734.24, 5651.65, 6.82%
- Epoch 006, ExpID 15508
Train - Loss: 24429786.00
Val - Loss, MSE, RMSE, MAE, MAPE: 35223084.00, 35223083.00, 5571.87, 4427.25, 5.51%
Test - Best epoch, Loss, MSE, RMSE, MAE, MAPE: 6, 61325384.00, 61325384.00, 7754.19, 5701.17, 6.88%
- Epoch 007, ExpID 15508
Train - Loss: 24035515.79
Val - Loss, MSE, RMSE, MAE, MAPE: 35186512.00, 35186511.00, 5557.85, 4416.03, 5.49%
Test - Best epoch, Loss, MSE, RMSE, MAE, MAPE: 7, 62133640.00, 62133638.00, 7798.19, 5779.96, 6.97%
- Epoch 008, ExpID 15508
Train - Loss: 23337899.89
Val - Loss, MSE, RMSE, MAE, MAPE: 34217956.00, 34217955.00, 5473.29, 4352.31, 5.42%
Test - Best epoch, Loss, MSE, RMSE, MAE, MAPE: 8, 62442300.00, 62442300.00, 7815.64, 5819.57, 7.02%
- Epoch 009, ExpID 15508
Train - Loss: 23034715.68
Val - Loss, MSE, RMSE, MAE, MAPE: 33626072.00, 33626070.50, 5416.94, 4308.71, 5.37%
Test - Best epoch, Loss, MSE, RMSE, MAE, MAPE: 9, 63209780.00, 63209780.00, 7860.08, 5887.80, 7.11%
- Epoch 010, ExpID 15508
Train - Loss: 22519855.58
Val - Loss, MSE, RMSE, MAE, MAPE: 34090044.00, 34090045.50, 5446.39, 4337.64, 5.40%
Test - Best epoch, Loss, MSE, RMSE, MAE, MAPE: 9, 63209780.00, 63209780.00, 7860.08, 5887.80, 7.11%
- Epoch 011, ExpID 15508
Train - Loss: 22107455.37
Val - Loss, MSE, RMSE, MAE, MAPE: 33805360.00, 33805360.50, 5422.36, 4313.20, 5.38%
Test - Best epoch, Loss, MSE, RMSE, MAE, MAPE: 9, 63209780.00, 63209780.00, 7860.08, 5887.80, 7.11%
- Epoch 012, ExpID 15508
Train - Loss: 21874916.21
Val - Loss, MSE, RMSE, MAE, MAPE: 33885168.00, 33885169.50, 5420.47, 4319.90, 5.39%
Test - Best epoch, Loss, MSE, RMSE, MAE, MAPE: 9, 63209780.00, 63209780.00, 7860.08, 5887.80, 7.11%
- Epoch 013, ExpID 15508
Train - Loss: 21547353.05
Val - Loss, MSE, RMSE, MAE, MAPE: 33832612.00, 33832611.00, 5415.28, 4323.67, 5.39%
Test - Best epoch, Loss, MSE, RMSE, MAE, MAPE: 9, 63209780.00, 63209780.00, 7860.08, 5887.80, 7.11%
- Epoch 014, ExpID 15508
Train - Loss: 21247702.95
Val - Loss, MSE, RMSE, MAE, MAPE: 33925752.00, 33925750.00, 5420.85, 4327.84, 5.41%
Test - Best epoch, Loss, MSE, RMSE, MAE, MAPE: 9, 63209780.00, 63209780.00, 7860.08, 5887.80, 7.11%
- Epoch 015, ExpID 15508
Train - Loss: 21094682.00
Val - Loss, MSE, RMSE, MAE, MAPE: 34237132.00, 34237133.50, 5442.24, 4349.31, 5.43%
Test - Best epoch, Loss, MSE, RMSE, MAE, MAPE: 9, 63209780.00, 63209780.00, 7860.08, 5887.80, 7.11%
- Epoch 016, ExpID 15508
Train - Loss: 20836868.74
Val - Loss, MSE, RMSE, MAE, MAPE: 34068676.00, 34068675.50, 5431.37, 4339.13, 5.42%
Test - Best epoch, Loss, MSE, RMSE, MAE, MAPE: 9, 63209780.00, 63209780.00, 7860.08, 5887.80, 7.11%
- Epoch 017, ExpID 15508
Train - Loss: 20586677.16
Val - Loss, MSE, RMSE, MAE, MAPE: 34068012.00, 34068010.50, 5439.77, 4358.24, 5.45%
Test - Best epoch, Loss, MSE, RMSE, MAE, MAPE: 9, 63209780.00, 63209780.00, 7860.08, 5887.80, 7.11%
- Epoch 018, ExpID 15508
Train - Loss: 20431963.05
Val - Loss, MSE, RMSE, MAE, MAPE: 34698616.00, 34698616.00, 5475.94, 4382.48, 5.47%
Test - Best epoch, Loss, MSE, RMSE, MAE, MAPE: 9, 63209780.00, 63209780.00, 7860.08, 5887.80, 7.11%
- Epoch 019, ExpID 15508
Train - Loss: 20181887.89
Val - Loss, MSE, RMSE, MAE, MAPE: 34111660.00, 34111659.50, 5445.25, 4363.08, 5.46%
Test - Best epoch, Loss, MSE, RMSE, MAE, MAPE: 9, 63209780.00, 63209780.00, 7860.08, 5887.80, 7.11%
Early Stopping at Epoch 19
Fold 2017 Best RMSE: 7860.0830

-------------------- [Fold: 2018] ExpID: 56909 --------------------
- Epoch 000, ExpID 56909
Train - Loss: 44273768.00
Val - Loss, MSE, RMSE, MAE, MAPE: 70098320.00, 70098320.00, 8370.05, 6188.88, 7.61%
Test - Best epoch, Loss, MSE, RMSE, MAE, MAPE: 0, 41935988.00, 41935988.00, 6444.17, 4909.22, 5.39%
- Epoch 001, ExpID 56909
Train - Loss: 35126401.90
Val - Loss, MSE, RMSE, MAE, MAPE: 61762812.00, 61762812.00, 7834.33, 5668.40, 6.86%
Test - Best epoch, Loss, MSE, RMSE, MAE, MAPE: 1, 36198880.00, 36198879.00, 5992.92, 4538.36, 4.93%
- Epoch 002, ExpID 56909
Train - Loss: 32057257.10
Val - Loss, MSE, RMSE, MAE, MAPE: 60732248.00, 60732246.00, 7758.06, 5583.39, 6.76%
Test - Best epoch, Loss, MSE, RMSE, MAE, MAPE: 2, 35379188.00, 35379187.00, 5931.92, 4489.34, 4.88%
- Epoch 003, ExpID 56909
Train - Loss: 30060809.80
Val - Loss, MSE, RMSE, MAE, MAPE: 60863712.00, 60863714.00, 7752.79, 5565.67, 6.74%
Test - Best epoch, Loss, MSE, RMSE, MAE, MAPE: 2, 35379188.00, 35379187.00, 5931.92, 4489.34, 4.88%
- Epoch 004, ExpID 56909
Train - Loss: 28827456.50
Val - Loss, MSE, RMSE, MAE, MAPE: 61185968.00, 61185968.00, 7764.74, 5597.82, 6.78%
Test - Best epoch, Loss, MSE, RMSE, MAE, MAPE: 2, 35379188.00, 35379187.00, 5931.92, 4489.34, 4.88%
- Epoch 005, ExpID 56909
Train - Loss: 27669626.10
Val - Loss, MSE, RMSE, MAE, MAPE: 61745216.00, 61745214.00, 7788.90, 5650.29, 6.83%
Test - Best epoch, Loss, MSE, RMSE, MAE, MAPE: 2, 35379188.00, 35379187.00, 5931.92, 4489.34, 4.88%
- Epoch 006, ExpID 56909
Train - Loss: 26723426.60
Val - Loss, MSE, RMSE, MAE, MAPE: 62363072.00, 62363074.00, 7821.18, 5706.27, 6.92%
Test - Best epoch, Loss, MSE, RMSE, MAE, MAPE: 2, 35379188.00, 35379187.00, 5931.92, 4489.34, 4.88%
- Epoch 007, ExpID 56909
Train - Loss: 26060944.70
Val - Loss, MSE, RMSE, MAE, MAPE: 63071176.00, 63071178.00, 7859.33, 5778.18, 7.00%
Test - Best epoch, Loss, MSE, RMSE, MAE, MAPE: 2, 35379188.00, 35379187.00, 5931.92, 4489.34, 4.88%
- Epoch 008, ExpID 56909
Train - Loss: 25485304.50
Val - Loss, MSE, RMSE, MAE, MAPE: 64249244.00, 64249244.00, 7922.58, 5868.06, 7.11%
Test - Best epoch, Loss, MSE, RMSE, MAE, MAPE: 2, 35379188.00, 35379187.00, 5931.92, 4489.34, 4.88%
- Epoch 009, ExpID 56909
Train - Loss: 24821419.50
Val - Loss, MSE, RMSE, MAE, MAPE: 65030416.00, 65030414.00, 7967.44, 5932.49, 7.19%
Test - Best epoch, Loss, MSE, RMSE, MAE, MAPE: 2, 35379188.00, 35379187.00, 5931.92, 4489.34, 4.88%
- Epoch 010, ExpID 56909
Train - Loss: 24440757.20
Val - Loss, MSE, RMSE, MAE, MAPE: 65873736.00, 65873738.00, 8013.49, 6001.27, 7.27%
Test - Best epoch, Loss, MSE, RMSE, MAE, MAPE: 2, 35379188.00, 35379187.00, 5931.92, 4489.34, 4.88%
- Epoch 011, ExpID 56909
Train - Loss: 24017264.20
Val - Loss, MSE, RMSE, MAE, MAPE: 66830880.00, 66830882.00, 8061.96, 6067.83, 7.35%
Test - Best epoch, Loss, MSE, RMSE, MAE, MAPE: 2, 35379188.00, 35379187.00, 5931.92, 4489.34, 4.88%
- Epoch 012, ExpID 56909
Train - Loss: 23646412.20
Val - Loss, MSE, RMSE, MAE, MAPE: 67600424.00, 67600424.00, 8102.43, 6125.88, 7.41%
Test - Best epoch, Loss, MSE, RMSE, MAE, MAPE: 2, 35379188.00, 35379187.00, 5931.92, 4489.34, 4.88%
Early Stopping at Epoch 12
Fold 2018 Best RMSE: 5931.9219

-------------------- [Fold: 2019] ExpID: 84626 --------------------
- Epoch 000, ExpID 84626
Train - Loss: 46302054.00
Val - Loss, MSE, RMSE, MAE, MAPE: 40577252.00, 40577251.00, 6340.88, 4824.42, 5.28%
Test - Best epoch, Loss, MSE, RMSE, MAE, MAPE: 0, 52629352.00, 52629352.00, 7213.68, 5711.32, 6.14%
- Epoch 001, ExpID 84626
Train - Loss: 37056768.55
Val - Loss, MSE, RMSE, MAE, MAPE: 36839872.00, 36839871.00, 6052.47, 4607.73, 5.00%
Test - Best epoch, Loss, MSE, RMSE, MAE, MAPE: 1, 38417060.00, 38417059.00, 6075.65, 4629.54, 4.95%
- Epoch 002, ExpID 84626
Train - Loss: 33880116.18
Val - Loss, MSE, RMSE, MAE, MAPE: 35707984.00, 35707986.00, 5963.10, 4510.60, 4.91%
Test - Best epoch, Loss, MSE, RMSE, MAE, MAPE: 2, 35070672.00, 35070671.00, 5785.98, 4368.16, 4.68%
- Epoch 003, ExpID 84626
Train - Loss: 32243067.91
Val - Loss, MSE, RMSE, MAE, MAPE: 35406504.00, 35406504.00, 5942.68, 4481.42, 4.87%
Test - Best epoch, Loss, MSE, RMSE, MAE, MAPE: 3, 31910240.00, 31910239.00, 5493.97, 4084.65, 4.37%
- Epoch 004, ExpID 84626
Train - Loss: 30675869.64
Val - Loss, MSE, RMSE, MAE, MAPE: 34957940.00, 34957941.00, 5905.53, 4421.58, 4.81%
Test - Best epoch, Loss, MSE, RMSE, MAE, MAPE: 4, 30562834.00, 30562834.50, 5361.92, 3950.29, 4.23%
- Epoch 005, ExpID 84626
Train - Loss: 29354031.73
Val - Loss, MSE, RMSE, MAE, MAPE: 34682752.00, 34682753.00, 5881.80, 4364.61, 4.77%
Test - Best epoch, Loss, MSE, RMSE, MAE, MAPE: 5, 29712316.00, 29712315.50, 5275.15, 3855.74, 4.13%
- Epoch 006, ExpID 84626
Train - Loss: 28562949.45
Val - Loss, MSE, RMSE, MAE, MAPE: 35135952.00, 35135951.00, 5922.83, 4409.49, 4.81%
Test - Best epoch, Loss, MSE, RMSE, MAE, MAPE: 5, 29712316.00, 29712315.50, 5275.15, 3855.74, 4.13%
- Epoch 007, ExpID 84626
Train - Loss: 27905940.73
Val - Loss, MSE, RMSE, MAE, MAPE: 35111024.00, 35111022.00, 5921.18, 4399.46, 4.80%
Test - Best epoch, Loss, MSE, RMSE, MAE, MAPE: 5, 29712316.00, 29712315.50, 5275.15, 3855.74, 4.13%
- Epoch 008, ExpID 84626
Train - Loss: 27619579.91
Val - Loss, MSE, RMSE, MAE, MAPE: 35296568.00, 35296570.00, 5936.55, 4385.38, 4.80%
Test - Best epoch, Loss, MSE, RMSE, MAE, MAPE: 5, 29712316.00, 29712315.50, 5275.15, 3855.74, 4.13%
- Epoch 009, ExpID 84626
Train - Loss: 26666252.27
Val - Loss, MSE, RMSE, MAE, MAPE: 35353208.00, 35353210.00, 5940.84, 4374.45, 4.79%
Test - Best epoch, Loss, MSE, RMSE, MAE, MAPE: 5, 29712316.00, 29712315.50, 5275.15, 3855.74, 4.13%
- Epoch 010, ExpID 84626
Train - Loss: 26352468.91
Val - Loss, MSE, RMSE, MAE, MAPE: 35479716.00, 35479716.00, 5951.51, 4373.69, 4.79%
Test - Best epoch, Loss, MSE, RMSE, MAE, MAPE: 5, 29712316.00, 29712315.50, 5275.15, 3855.74, 4.13%
- Epoch 011, ExpID 84626
Train - Loss: 26018242.00
Val - Loss, MSE, RMSE, MAE, MAPE: 35563684.00, 35563684.00, 5957.99, 4354.81, 4.78%
Test - Best epoch, Loss, MSE, RMSE, MAE, MAPE: 5, 29712316.00, 29712315.50, 5275.15, 3855.74, 4.13%
- Epoch 012, ExpID 84626
Train - Loss: 25652729.82
Val - Loss, MSE, RMSE, MAE, MAPE: 35720972.00, 35720973.00, 5972.25, 4366.77, 4.79%
Test - Best epoch, Loss, MSE, RMSE, MAE, MAPE: 5, 29712316.00, 29712315.50, 5275.15, 3855.74, 4.13%
- Epoch 013, ExpID 84626
Train - Loss: 25465767.91
Val - Loss, MSE, RMSE, MAE, MAPE: 35862152.00, 35862150.00, 5983.12, 4343.53, 4.78%
Test - Best epoch, Loss, MSE, RMSE, MAE, MAPE: 5, 29712316.00, 29712315.50, 5275.15, 3855.74, 4.13%
- Epoch 014, ExpID 84626
Train - Loss: 25048706.36
Val - Loss, MSE, RMSE, MAE, MAPE: 35681164.00, 35681163.00, 5967.36, 4317.16, 4.75%
Test - Best epoch, Loss, MSE, RMSE, MAE, MAPE: 5, 29712316.00, 29712315.50, 5275.15, 3855.74, 4.13%
- Epoch 015, ExpID 84626
Train - Loss: 25017544.82
Val - Loss, MSE, RMSE, MAE, MAPE: 35814856.00, 35814856.00, 5979.94, 4331.97, 4.76%
Test - Best epoch, Loss, MSE, RMSE, MAE, MAPE: 5, 29712316.00, 29712315.50, 5275.15, 3855.74, 4.13%
Early Stopping at Epoch 15
Fold 2019 Best RMSE: 5275.1466
