DETAILED LOG | Model: timexer | Seed: 1
FULL CONFIG: {'gpu': '2', 'target': 'both', 'cv_start_year': 2017, 'cv_end_year': 2019, 'test_year': 2024, 'use_corona': False, 'seq_len': 56, 'label_len': 0, 'pred_len': 56, 'batch_size': 256, 'epochs': 1000, 'patience': 10, 'lr': 0.0001, 'model': 'timexer', 'd_model': 256, 'n_heads': 8, 'n_layers': 6, 'dropout': 0.1, 'activation': 'gelu', 'patch_len': 7, 'factor': 5, 'norm_mode': 'revin', 'use_covar': True, 'use_dbloss': True, 'device': device(type='cuda'), 'stride': 16, 'file_path': 'dataset/airport_flight_with_holiday.csv', 'seed': 1, 'val_year': 2019, 'ndims': 2}

-------------------- [Fold: 2017] ExpID: 59269 --------------------
- Epoch 000, ExpID 59269
Train - Loss: 15276623.40
Val - Loss, MSE, RMSE, MAE, MAPE: 19322974.00, 54115784.00, 7173.24, 5742.44, 7.36%
Test - Best epoch, Loss, MSE, RMSE, MAE, MAPE: 0, 36254156.00, 87490988.00, 9339.96, 7176.04, 8.56%
- Epoch 001, ExpID 59269
Train - Loss: 12623727.00
Val - Loss, MSE, RMSE, MAE, MAPE: 17828024.00, 49809500.00, 6845.60, 5421.68, 6.94%
Test - Best epoch, Loss, MSE, RMSE, MAE, MAPE: 1, 34831280.00, 86484084.00, 9294.62, 7096.29, 8.45%
- Epoch 002, ExpID 59269
Train - Loss: 12296173.55
Val - Loss, MSE, RMSE, MAE, MAPE: 17236870.00, 48597284.00, 6798.76, 5406.57, 6.94%
Test - Best epoch, Loss, MSE, RMSE, MAE, MAPE: 2, 34543864.00, 86722072.00, 9311.66, 7132.87, 8.53%
- Epoch 003, ExpID 59269
Train - Loss: 12142931.25
Val - Loss, MSE, RMSE, MAE, MAPE: 17010792.00, 45473524.00, 6521.80, 5134.45, 6.55%
Test - Best epoch, Loss, MSE, RMSE, MAE, MAPE: 3, 34504808.00, 88272100.00, 9395.05, 7217.13, 8.56%
- Epoch 004, ExpID 59269
Train - Loss: 12064226.90
Val - Loss, MSE, RMSE, MAE, MAPE: 16773515.00, 43086305.00, 6370.96, 4998.22, 6.39%
Test - Best epoch, Loss, MSE, RMSE, MAE, MAPE: 4, 34628012.00, 88754056.00, 9416.91, 7237.99, 8.59%
- Epoch 005, ExpID 59269
Train - Loss: 12014602.05
Val - Loss, MSE, RMSE, MAE, MAPE: 16444774.00, 40349306.00, 6151.19, 4791.48, 6.10%
Test - Best epoch, Loss, MSE, RMSE, MAE, MAPE: 5, 34476472.00, 90417396.00, 9497.60, 7329.81, 8.67%
- Epoch 006, ExpID 59269
Train - Loss: 11954825.85
Val - Loss, MSE, RMSE, MAE, MAPE: 16378481.00, 38712608.00, 6001.32, 4639.16, 5.88%
Test - Best epoch, Loss, MSE, RMSE, MAE, MAPE: 6, 34701360.00, 92642688.00, 9605.41, 7452.50, 8.79%
- Epoch 007, ExpID 59269
Train - Loss: 11911699.30
Val - Loss, MSE, RMSE, MAE, MAPE: 16178048.00, 37119935.00, 5889.13, 4575.00, 5.83%
Test - Best epoch, Loss, MSE, RMSE, MAE, MAPE: 7, 34486720.00, 90436112.00, 9487.80, 7367.75, 8.72%
- Epoch 008, ExpID 59269
Train - Loss: 11851841.45
Val - Loss, MSE, RMSE, MAE, MAPE: 15991286.00, 36674388.00, 5837.37, 4488.37, 5.65%
Test - Best epoch, Loss, MSE, RMSE, MAE, MAPE: 8, 34715468.00, 95263556.00, 9723.80, 7578.54, 8.90%
- Epoch 009, ExpID 59269
Train - Loss: 11834778.35
Val - Loss, MSE, RMSE, MAE, MAPE: 15888682.00, 35248762.00, 5754.15, 4466.51, 5.71%
Test - Best epoch, Loss, MSE, RMSE, MAE, MAPE: 9, 34672408.00, 88205292.00, 9366.42, 7285.38, 8.64%
- Epoch 010, ExpID 59269
Train - Loss: 11740056.75
Val - Loss, MSE, RMSE, MAE, MAPE: 15732353.00, 33835958.00, 5616.77, 4312.09, 5.46%
Test - Best epoch, Loss, MSE, RMSE, MAE, MAPE: 10, 34949232.00, 93034884.00, 9602.11, 7508.26, 8.85%
- Epoch 011, ExpID 59269
Train - Loss: 11680505.35
Val - Loss, MSE, RMSE, MAE, MAPE: 15670038.00, 34483166.00, 5665.65, 4338.47, 5.46%
Test - Best epoch, Loss, MSE, RMSE, MAE, MAPE: 11, 35010568.00, 96034420.00, 9758.91, 7640.39, 8.97%
- Epoch 012, ExpID 59269
Train - Loss: 11666016.15
Val - Loss, MSE, RMSE, MAE, MAPE: 15419108.00, 32176225.50, 5492.30, 4209.48, 5.34%
Test - Best epoch, Loss, MSE, RMSE, MAE, MAPE: 12, 35042320.00, 91489312.00, 9523.81, 7424.05, 8.76%
- Epoch 013, ExpID 59269
Train - Loss: 11637056.45
Val - Loss, MSE, RMSE, MAE, MAPE: 15233300.00, 30523617.00, 5356.97, 4100.00, 5.19%
Test - Best epoch, Loss, MSE, RMSE, MAE, MAPE: 13, 34889512.00, 92200084.00, 9547.14, 7430.61, 8.75%
- Epoch 014, ExpID 59269
Train - Loss: 11587024.70
Val - Loss, MSE, RMSE, MAE, MAPE: 15348905.00, 29992935.50, 5324.17, 4089.99, 5.19%
Test - Best epoch, Loss, MSE, RMSE, MAE, MAPE: 13, 34889512.00, 92200084.00, 9547.14, 7430.61, 8.75%
- Epoch 015, ExpID 59269
Train - Loss: 11561719.00
Val - Loss, MSE, RMSE, MAE, MAPE: 15413488.00, 31665662.00, 5471.13, 4187.04, 5.27%
Test - Best epoch, Loss, MSE, RMSE, MAE, MAPE: 13, 34889512.00, 92200084.00, 9547.14, 7430.61, 8.75%
- Epoch 016, ExpID 59269
Train - Loss: 11504459.90
Val - Loss, MSE, RMSE, MAE, MAPE: 15067036.00, 28647640.50, 5225.55, 4004.73, 5.07%
Test - Best epoch, Loss, MSE, RMSE, MAE, MAPE: 16, 35291112.00, 91060560.00, 9475.67, 7314.52, 8.59%
- Epoch 017, ExpID 59269
Train - Loss: 11425031.95
Val - Loss, MSE, RMSE, MAE, MAPE: 14911578.00, 28233503.50, 5182.69, 3965.69, 5.05%
Test - Best epoch, Loss, MSE, RMSE, MAE, MAPE: 17, 35026072.00, 85950636.00, 9226.16, 7086.56, 8.35%
- Epoch 018, ExpID 59269
Train - Loss: 11408679.95
Val - Loss, MSE, RMSE, MAE, MAPE: 14799930.00, 27585177.50, 5126.84, 3931.41, 4.99%
Test - Best epoch, Loss, MSE, RMSE, MAE, MAPE: 18, 35187092.00, 88281980.00, 9337.09, 7159.99, 8.42%
- Epoch 019, ExpID 59269
Train - Loss: 11338088.35
Val - Loss, MSE, RMSE, MAE, MAPE: 14725400.00, 27403457.50, 5116.38, 3913.73, 4.97%
Test - Best epoch, Loss, MSE, RMSE, MAE, MAPE: 19, 35326368.00, 88155044.00, 9323.48, 7138.41, 8.40%
- Epoch 020, ExpID 59269
Train - Loss: 11341345.00
Val - Loss, MSE, RMSE, MAE, MAPE: 14827762.00, 27327390.50, 5115.75, 3913.42, 4.97%
Test - Best epoch, Loss, MSE, RMSE, MAE, MAPE: 19, 35326368.00, 88155044.00, 9323.48, 7138.41, 8.40%
- Epoch 021, ExpID 59269
Train - Loss: 11344053.00
Val - Loss, MSE, RMSE, MAE, MAPE: 14674898.00, 26182343.50, 5011.30, 3844.05, 4.91%
Test - Best epoch, Loss, MSE, RMSE, MAE, MAPE: 21, 35296000.00, 83140994.00, 9057.30, 6859.50, 8.09%
- Epoch 022, ExpID 59269
Train - Loss: 11281994.75
Val - Loss, MSE, RMSE, MAE, MAPE: 14635360.00, 25957823.00, 4993.56, 3834.27, 4.92%
Test - Best epoch, Loss, MSE, RMSE, MAE, MAPE: 22, 35460936.00, 81569896.00, 8967.43, 6766.71, 8.02%
- Epoch 023, ExpID 59269
Train - Loss: 11239250.75
Val - Loss, MSE, RMSE, MAE, MAPE: 14673968.00, 25762709.50, 4983.43, 3827.06, 4.88%
Test - Best epoch, Loss, MSE, RMSE, MAE, MAPE: 22, 35460936.00, 81569896.00, 8967.43, 6766.71, 8.02%
- Epoch 024, ExpID 59269
Train - Loss: 11216181.05
Val - Loss, MSE, RMSE, MAE, MAPE: 14557940.00, 25128667.50, 4914.94, 3776.06, 4.83%
Test - Best epoch, Loss, MSE, RMSE, MAE, MAPE: 24, 35034236.00, 80501188.00, 8899.64, 6689.17, 7.90%
- Epoch 025, ExpID 59269
Train - Loss: 11182412.85
Val - Loss, MSE, RMSE, MAE, MAPE: 14562611.00, 25434092.50, 4938.36, 3784.11, 4.83%
Test - Best epoch, Loss, MSE, RMSE, MAE, MAPE: 24, 35034236.00, 80501188.00, 8899.64, 6689.17, 7.90%
- Epoch 026, ExpID 59269
Train - Loss: 11177666.20
Val - Loss, MSE, RMSE, MAE, MAPE: 14341812.00, 24536228.00, 4852.90, 3714.60, 4.75%
Test - Best epoch, Loss, MSE, RMSE, MAE, MAPE: 26, 35207404.00, 79062194.00, 8821.41, 6601.64, 7.81%
- Epoch 027, ExpID 59269
Train - Loss: 11083792.10
Val - Loss, MSE, RMSE, MAE, MAPE: 14406812.00, 24684670.50, 4871.99, 3717.71, 4.73%
Test - Best epoch, Loss, MSE, RMSE, MAE, MAPE: 26, 35207404.00, 79062194.00, 8821.41, 6601.64, 7.81%
- Epoch 028, ExpID 59269
Train - Loss: 11113762.50
Val - Loss, MSE, RMSE, MAE, MAPE: 14320764.00, 24269984.00, 4831.88, 3690.06, 4.71%
Test - Best epoch, Loss, MSE, RMSE, MAE, MAPE: 28, 35070172.00, 77527638.00, 8744.79, 6505.64, 7.69%
- Epoch 029, ExpID 59269
Train - Loss: 11074560.30
Val - Loss, MSE, RMSE, MAE, MAPE: 14238768.00, 23910893.50, 4790.05, 3654.77, 4.68%
Test - Best epoch, Loss, MSE, RMSE, MAE, MAPE: 29, 35055312.00, 76831868.00, 8706.18, 6438.31, 7.62%
- Epoch 030, ExpID 59269
Train - Loss: 11071367.00
Val - Loss, MSE, RMSE, MAE, MAPE: 14337836.00, 24060749.50, 4813.52, 3669.86, 4.67%
Test - Best epoch, Loss, MSE, RMSE, MAE, MAPE: 29, 35055312.00, 76831868.00, 8706.18, 6438.31, 7.62%
- Epoch 031, ExpID 59269
Train - Loss: 11046669.60
Val - Loss, MSE, RMSE, MAE, MAPE: 14364701.00, 24390654.50, 4840.62, 3700.28, 4.71%
Test - Best epoch, Loss, MSE, RMSE, MAE, MAPE: 29, 35055312.00, 76831868.00, 8706.18, 6438.31, 7.62%
- Epoch 032, ExpID 59269
Train - Loss: 10985057.80
Val - Loss, MSE, RMSE, MAE, MAPE: 14362326.00, 24662599.00, 4877.36, 3723.76, 4.72%
Test - Best epoch, Loss, MSE, RMSE, MAE, MAPE: 29, 35055312.00, 76831868.00, 8706.18, 6438.31, 7.62%
- Epoch 033, ExpID 59269
Train - Loss: 10945686.85
Val - Loss, MSE, RMSE, MAE, MAPE: 14394092.00, 24254385.50, 4829.15, 3692.55, 4.71%
Test - Best epoch, Loss, MSE, RMSE, MAE, MAPE: 29, 35055312.00, 76831868.00, 8706.18, 6438.31, 7.62%
- Epoch 034, ExpID 59269
Train - Loss: 10934253.00
Val - Loss, MSE, RMSE, MAE, MAPE: 14212154.00, 23465245.50, 4759.86, 3628.43, 4.63%
Test - Best epoch, Loss, MSE, RMSE, MAE, MAPE: 34, 34822376.00, 76619920.00, 8703.55, 6414.90, 7.61%
- Epoch 035, ExpID 59269
Train - Loss: 10869776.40
Val - Loss, MSE, RMSE, MAE, MAPE: 14165392.00, 23446925.00, 4748.78, 3624.38, 4.64%
Test - Best epoch, Loss, MSE, RMSE, MAE, MAPE: 35, 34888940.00, 76110370.00, 8668.24, 6391.34, 7.58%
- Epoch 036, ExpID 59269
Train - Loss: 10888932.75
Val - Loss, MSE, RMSE, MAE, MAPE: 14212818.00, 23526486.50, 4756.95, 3621.64, 4.63%
Test - Best epoch, Loss, MSE, RMSE, MAE, MAPE: 35, 34888940.00, 76110370.00, 8668.24, 6391.34, 7.58%
- Epoch 037, ExpID 59269
Train - Loss: 10839301.55
Val - Loss, MSE, RMSE, MAE, MAPE: 14081358.00, 23405720.50, 4745.53, 3630.18, 4.67%
Test - Best epoch, Loss, MSE, RMSE, MAE, MAPE: 37, 34903584.00, 74689418.00, 8587.38, 6266.24, 7.46%
- Epoch 038, ExpID 59269
Train - Loss: 10824855.25
Val - Loss, MSE, RMSE, MAE, MAPE: 14244572.00, 24229716.50, 4828.72, 3698.14, 4.74%
Test - Best epoch, Loss, MSE, RMSE, MAE, MAPE: 37, 34903584.00, 74689418.00, 8587.38, 6266.24, 7.46%
- Epoch 039, ExpID 59269
Train - Loss: 10798095.55
Val - Loss, MSE, RMSE, MAE, MAPE: 14259404.00, 23793795.50, 4788.34, 3651.55, 4.66%
Test - Best epoch, Loss, MSE, RMSE, MAE, MAPE: 37, 34903584.00, 74689418.00, 8587.38, 6266.24, 7.46%
- Epoch 040, ExpID 59269
Train - Loss: 10791846.50
Val - Loss, MSE, RMSE, MAE, MAPE: 14085172.00, 23429406.00, 4744.55, 3612.82, 4.61%
Test - Best epoch, Loss, MSE, RMSE, MAE, MAPE: 37, 34903584.00, 74689418.00, 8587.38, 6266.24, 7.46%
- Epoch 041, ExpID 59269
Train - Loss: 10740582.95
Val - Loss, MSE, RMSE, MAE, MAPE: 14028787.00, 23577338.00, 4760.98, 3632.77, 4.64%
Test - Best epoch, Loss, MSE, RMSE, MAE, MAPE: 41, 34479604.00, 75343352.00, 8626.85, 6283.70, 7.46%
- Epoch 042, ExpID 59269
Train - Loss: 10715986.90
Val - Loss, MSE, RMSE, MAE, MAPE: 13943562.00, 23429692.00, 4747.90, 3617.48, 4.62%
Test - Best epoch, Loss, MSE, RMSE, MAE, MAPE: 42, 34732600.00, 75127166.00, 8608.30, 6258.64, 7.44%
- Epoch 043, ExpID 59269
Train - Loss: 10698265.10
Val - Loss, MSE, RMSE, MAE, MAPE: 14036207.00, 23804176.00, 4783.77, 3633.96, 4.63%
Test - Best epoch, Loss, MSE, RMSE, MAE, MAPE: 42, 34732600.00, 75127166.00, 8608.30, 6258.64, 7.44%
- Epoch 044, ExpID 59269
Train - Loss: 10651206.90
Val - Loss, MSE, RMSE, MAE, MAPE: 13897788.00, 23888378.50, 4787.08, 3657.37, 4.69%
Test - Best epoch, Loss, MSE, RMSE, MAE, MAPE: 44, 34381952.00, 73896682.00, 8542.64, 6182.17, 7.36%
- Epoch 045, ExpID 59269
Train - Loss: 10662867.05
Val - Loss, MSE, RMSE, MAE, MAPE: 13972213.00, 23716471.50, 4775.55, 3648.72, 4.67%
Test - Best epoch, Loss, MSE, RMSE, MAE, MAPE: 44, 34381952.00, 73896682.00, 8542.64, 6182.17, 7.36%
- Epoch 046, ExpID 59269
Train - Loss: 10597030.95
Val - Loss, MSE, RMSE, MAE, MAPE: 13878634.00, 23671957.00, 4780.14, 3637.31, 4.64%
Test - Best epoch, Loss, MSE, RMSE, MAE, MAPE: 46, 34626580.00, 76081198.00, 8655.45, 6299.21, 7.48%
- Epoch 047, ExpID 59269
Train - Loss: 10587998.50
Val - Loss, MSE, RMSE, MAE, MAPE: 13984134.00, 23727491.00, 4795.00, 3646.94, 4.64%
Test - Best epoch, Loss, MSE, RMSE, MAE, MAPE: 46, 34626580.00, 76081198.00, 8655.45, 6299.21, 7.48%
- Epoch 048, ExpID 59269
Train - Loss: 10579497.30
Val - Loss, MSE, RMSE, MAE, MAPE: 13937496.00, 23882406.50, 4802.83, 3647.70, 4.66%
Test - Best epoch, Loss, MSE, RMSE, MAE, MAPE: 46, 34626580.00, 76081198.00, 8655.45, 6299.21, 7.48%
- Epoch 049, ExpID 59269
Train - Loss: 10561053.60
Val - Loss, MSE, RMSE, MAE, MAPE: 13941631.00, 23687381.00, 4782.54, 3647.82, 4.67%
Test - Best epoch, Loss, MSE, RMSE, MAE, MAPE: 46, 34626580.00, 76081198.00, 8655.45, 6299.21, 7.48%
- Epoch 050, ExpID 59269
Train - Loss: 10527339.35
Val - Loss, MSE, RMSE, MAE, MAPE: 13915524.00, 23553535.50, 4768.42, 3630.42, 4.65%
Test - Best epoch, Loss, MSE, RMSE, MAE, MAPE: 46, 34626580.00, 76081198.00, 8655.45, 6299.21, 7.48%
- Epoch 051, ExpID 59269
Train - Loss: 10520878.85
Val - Loss, MSE, RMSE, MAE, MAPE: 13833168.00, 23540543.00, 4769.45, 3620.54, 4.61%
Test - Best epoch, Loss, MSE, RMSE, MAE, MAPE: 51, 34114096.00, 73614178.00, 8521.24, 6186.53, 7.33%
- Epoch 052, ExpID 59269
Train - Loss: 10511026.50
Val - Loss, MSE, RMSE, MAE, MAPE: 13980472.00, 23842857.50, 4797.52, 3640.56, 4.64%
Test - Best epoch, Loss, MSE, RMSE, MAE, MAPE: 51, 34114096.00, 73614178.00, 8521.24, 6186.53, 7.33%
- Epoch 053, ExpID 59269
Train - Loss: 10467151.10
Val - Loss, MSE, RMSE, MAE, MAPE: 13814354.00, 23316925.00, 4753.02, 3595.75, 4.58%
Test - Best epoch, Loss, MSE, RMSE, MAE, MAPE: 53, 34411796.00, 74731464.00, 8589.34, 6223.83, 7.40%
- Epoch 054, ExpID 59269
Train - Loss: 10459028.50
Val - Loss, MSE, RMSE, MAE, MAPE: 13811738.00, 23402325.00, 4757.70, 3611.89, 4.62%
Test - Best epoch, Loss, MSE, RMSE, MAE, MAPE: 54, 34271596.00, 73589348.00, 8522.53, 6171.59, 7.35%
- Epoch 055, ExpID 59269
Train - Loss: 10399682.40
Val - Loss, MSE, RMSE, MAE, MAPE: 13906170.00, 23637334.50, 4772.51, 3626.88, 4.64%
Test - Best epoch, Loss, MSE, RMSE, MAE, MAPE: 54, 34271596.00, 73589348.00, 8522.53, 6171.59, 7.35%
- Epoch 056, ExpID 59269
Train - Loss: 10429083.00
Val - Loss, MSE, RMSE, MAE, MAPE: 13826385.00, 23356679.00, 4754.54, 3605.46, 4.61%
Test - Best epoch, Loss, MSE, RMSE, MAE, MAPE: 54, 34271596.00, 73589348.00, 8522.53, 6171.59, 7.35%
- Epoch 057, ExpID 59269
Train - Loss: 10362953.30
Val - Loss, MSE, RMSE, MAE, MAPE: 13816606.00, 23368982.50, 4759.73, 3612.20, 4.61%
Test - Best epoch, Loss, MSE, RMSE, MAE, MAPE: 54, 34271596.00, 73589348.00, 8522.53, 6171.59, 7.35%
- Epoch 058, ExpID 59269
Train - Loss: 10402766.65
Val - Loss, MSE, RMSE, MAE, MAPE: 13761048.00, 22941248.50, 4707.45, 3570.85, 4.57%
Test - Best epoch, Loss, MSE, RMSE, MAE, MAPE: 58, 34123720.00, 73811858.00, 8532.14, 6172.24, 7.36%
- Epoch 059, ExpID 59269
Train - Loss: 10346551.65
Val - Loss, MSE, RMSE, MAE, MAPE: 13855420.00, 23847245.50, 4797.04, 3642.28, 4.64%
Test - Best epoch, Loss, MSE, RMSE, MAE, MAPE: 58, 34123720.00, 73811858.00, 8532.14, 6172.24, 7.36%
- Epoch 060, ExpID 59269
Train - Loss: 10344655.15
Val - Loss, MSE, RMSE, MAE, MAPE: 13759992.00, 23245402.00, 4737.78, 3592.45, 4.59%
Test - Best epoch, Loss, MSE, RMSE, MAE, MAPE: 60, 34368048.00, 74874842.00, 8596.34, 6212.27, 7.40%
- Epoch 061, ExpID 59269
Train - Loss: 10328315.25
Val - Loss, MSE, RMSE, MAE, MAPE: 13675286.00, 23078892.50, 4714.86, 3571.03, 4.57%
Test - Best epoch, Loss, MSE, RMSE, MAE, MAPE: 61, 34465696.00, 73220010.00, 8499.02, 6123.71, 7.31%
- Epoch 062, ExpID 59269
Train - Loss: 10298710.20
Val - Loss, MSE, RMSE, MAE, MAPE: 13619824.00, 23158283.50, 4732.02, 3592.85, 4.58%
Test - Best epoch, Loss, MSE, RMSE, MAE, MAPE: 62, 34018324.00, 72765662.00, 8475.31, 6105.46, 7.27%
- Epoch 063, ExpID 59269
Train - Loss: 10283096.85
Val - Loss, MSE, RMSE, MAE, MAPE: 13682116.00, 23414235.50, 4764.01, 3613.64, 4.61%
Test - Best epoch, Loss, MSE, RMSE, MAE, MAPE: 62, 34018324.00, 72765662.00, 8475.31, 6105.46, 7.27%
- Epoch 064, ExpID 59269
Train - Loss: 10245786.85
Val - Loss, MSE, RMSE, MAE, MAPE: 13723766.00, 23264405.50, 4738.25, 3597.37, 4.59%
Test - Best epoch, Loss, MSE, RMSE, MAE, MAPE: 62, 34018324.00, 72765662.00, 8475.31, 6105.46, 7.27%
- Epoch 065, ExpID 59269
Train - Loss: 10241847.90
Val - Loss, MSE, RMSE, MAE, MAPE: 13549271.00, 23078716.00, 4721.75, 3588.09, 4.59%
Test - Best epoch, Loss, MSE, RMSE, MAE, MAPE: 65, 33796404.00, 72891070.00, 8485.31, 6095.75, 7.28%
- Epoch 066, ExpID 59269
Train - Loss: 10240097.30
Val - Loss, MSE, RMSE, MAE, MAPE: 13709022.00, 23436943.50, 4762.55, 3610.21, 4.60%
Test - Best epoch, Loss, MSE, RMSE, MAE, MAPE: 65, 33796404.00, 72891070.00, 8485.31, 6095.75, 7.28%
- Epoch 067, ExpID 59269
Train - Loss: 10218470.55
Val - Loss, MSE, RMSE, MAE, MAPE: 13546498.00, 23208312.50, 4731.66, 3591.27, 4.58%
Test - Best epoch, Loss, MSE, RMSE, MAE, MAPE: 67, 33954328.00, 72909662.00, 8481.07, 6091.43, 7.25%
- Epoch 068, ExpID 59269
Train - Loss: 10205368.15
Val - Loss, MSE, RMSE, MAE, MAPE: 13579010.00, 23337927.50, 4749.17, 3598.58, 4.58%
Test - Best epoch, Loss, MSE, RMSE, MAE, MAPE: 67, 33954328.00, 72909662.00, 8481.07, 6091.43, 7.25%
- Epoch 069, ExpID 59269
Train - Loss: 10178408.40
Val - Loss, MSE, RMSE, MAE, MAPE: 13693161.00, 23470802.00, 4767.04, 3618.77, 4.61%
Test - Best epoch, Loss, MSE, RMSE, MAE, MAPE: 67, 33954328.00, 72909662.00, 8481.07, 6091.43, 7.25%
- Epoch 070, ExpID 59269
Train - Loss: 10133621.70
Val - Loss, MSE, RMSE, MAE, MAPE: 13730979.00, 23621487.50, 4783.02, 3631.52, 4.63%
Test - Best epoch, Loss, MSE, RMSE, MAE, MAPE: 67, 33954328.00, 72909662.00, 8481.07, 6091.43, 7.25%
- Epoch 071, ExpID 59269
Train - Loss: 10124182.95
Val - Loss, MSE, RMSE, MAE, MAPE: 13694882.00, 23325844.50, 4748.37, 3597.66, 4.58%
Test - Best epoch, Loss, MSE, RMSE, MAE, MAPE: 67, 33954328.00, 72909662.00, 8481.07, 6091.43, 7.25%
- Epoch 072, ExpID 59269
Train - Loss: 10128795.25
Val - Loss, MSE, RMSE, MAE, MAPE: 13613863.00, 23189377.50, 4734.98, 3589.96, 4.57%
Test - Best epoch, Loss, MSE, RMSE, MAE, MAPE: 67, 33954328.00, 72909662.00, 8481.07, 6091.43, 7.25%
- Epoch 073, ExpID 59269
Train - Loss: 10106149.60
Val - Loss, MSE, RMSE, MAE, MAPE: 13583266.00, 22850119.50, 4690.96, 3562.07, 4.55%
Test - Best epoch, Loss, MSE, RMSE, MAE, MAPE: 67, 33954328.00, 72909662.00, 8481.07, 6091.43, 7.25%
- Epoch 074, ExpID 59269
Train - Loss: 10100072.60
Val - Loss, MSE, RMSE, MAE, MAPE: 13518810.00, 22925648.50, 4700.72, 3568.39, 4.56%
Test - Best epoch, Loss, MSE, RMSE, MAE, MAPE: 74, 34195704.00, 73103294.00, 8498.78, 6086.63, 7.27%
- Epoch 075, ExpID 59269
Train - Loss: 10100092.60
Val - Loss, MSE, RMSE, MAE, MAPE: 13500736.00, 23016347.50, 4714.70, 3573.40, 4.55%
Test - Best epoch, Loss, MSE, RMSE, MAE, MAPE: 75, 33853864.00, 72728264.00, 8472.87, 6076.87, 7.24%
- Epoch 076, ExpID 59269
Train - Loss: 10047208.85
Val - Loss, MSE, RMSE, MAE, MAPE: 13410994.00, 23087899.50, 4721.15, 3574.50, 4.56%
Test - Best epoch, Loss, MSE, RMSE, MAE, MAPE: 76, 34017612.00, 72619458.00, 8469.97, 6035.26, 7.20%
- Epoch 077, ExpID 59269
Train - Loss: 10045195.55
Val - Loss, MSE, RMSE, MAE, MAPE: 13464939.00, 23628021.00, 4784.44, 3635.87, 4.62%
Test - Best epoch, Loss, MSE, RMSE, MAE, MAPE: 76, 34017612.00, 72619458.00, 8469.97, 6035.26, 7.20%
- Epoch 078, ExpID 59269
Train - Loss: 10045748.95
Val - Loss, MSE, RMSE, MAE, MAPE: 13459369.00, 22882222.00, 4700.71, 3568.53, 4.55%
Test - Best epoch, Loss, MSE, RMSE, MAE, MAPE: 76, 34017612.00, 72619458.00, 8469.97, 6035.26, 7.20%
- Epoch 079, ExpID 59269
Train - Loss: 9996917.40
Val - Loss, MSE, RMSE, MAE, MAPE: 13458349.00, 23200526.00, 4733.44, 3584.11, 4.56%
Test - Best epoch, Loss, MSE, RMSE, MAE, MAPE: 76, 34017612.00, 72619458.00, 8469.97, 6035.26, 7.20%
- Epoch 080, ExpID 59269
Train - Loss: 10001481.65
Val - Loss, MSE, RMSE, MAE, MAPE: 13442888.00, 22654039.00, 4672.43, 3533.35, 4.51%
Test - Best epoch, Loss, MSE, RMSE, MAE, MAPE: 76, 34017612.00, 72619458.00, 8469.97, 6035.26, 7.20%
- Epoch 081, ExpID 59269
Train - Loss: 9990818.35
Val - Loss, MSE, RMSE, MAE, MAPE: 13533195.00, 23058267.00, 4712.36, 3586.74, 4.59%
Test - Best epoch, Loss, MSE, RMSE, MAE, MAPE: 76, 34017612.00, 72619458.00, 8469.97, 6035.26, 7.20%
- Epoch 082, ExpID 59269
Train - Loss: 10000365.00
Val - Loss, MSE, RMSE, MAE, MAPE: 13480564.00, 23043191.00, 4710.26, 3584.19, 4.59%
Test - Best epoch, Loss, MSE, RMSE, MAE, MAPE: 76, 34017612.00, 72619458.00, 8469.97, 6035.26, 7.20%
- Epoch 083, ExpID 59269
Train - Loss: 9941764.30
Val - Loss, MSE, RMSE, MAE, MAPE: 13471144.00, 22562802.00, 4658.66, 3530.63, 4.51%
Test - Best epoch, Loss, MSE, RMSE, MAE, MAPE: 76, 34017612.00, 72619458.00, 8469.97, 6035.26, 7.20%
- Epoch 084, ExpID 59269
Train - Loss: 9957452.45
Val - Loss, MSE, RMSE, MAE, MAPE: 13504895.00, 22678209.50, 4669.12, 3536.05, 4.51%
Test - Best epoch, Loss, MSE, RMSE, MAE, MAPE: 76, 34017612.00, 72619458.00, 8469.97, 6035.26, 7.20%
- Epoch 085, ExpID 59269
Train - Loss: 9937676.95
Val - Loss, MSE, RMSE, MAE, MAPE: 13465391.00, 23233584.00, 4732.95, 3580.39, 4.56%
Test - Best epoch, Loss, MSE, RMSE, MAE, MAPE: 76, 34017612.00, 72619458.00, 8469.97, 6035.26, 7.20%
- Epoch 086, ExpID 59269
Train - Loss: 9919077.40
Val - Loss, MSE, RMSE, MAE, MAPE: 13520214.00, 23118614.00, 4720.58, 3573.72, 4.55%
Test - Best epoch, Loss, MSE, RMSE, MAE, MAPE: 76, 34017612.00, 72619458.00, 8469.97, 6035.26, 7.20%
Early Stopping at Epoch 86
Fold 2017 Best RMSE: 8469.9702

-------------------- [Fold: 2018] ExpID: 88525 --------------------
- Epoch 000, ExpID 88525
Train - Loss: 16009496.14
Val - Loss, MSE, RMSE, MAE, MAPE: 35864668.00, 86739968.00, 9295.96, 7153.99, 8.55%
Test - Best epoch, Loss, MSE, RMSE, MAE, MAPE: 0, 23844572.00, 48543164.00, 6885.15, 5381.99, 5.87%
- Epoch 001, ExpID 88525
Train - Loss: 13336585.81
Val - Loss, MSE, RMSE, MAE, MAPE: 35017176.00, 86391368.00, 9289.26, 7091.39, 8.46%
Test - Best epoch, Loss, MSE, RMSE, MAE, MAPE: 1, 23173292.00, 47011126.00, 6786.56, 5287.91, 5.76%
- Epoch 002, ExpID 88525
Train - Loss: 13001000.33
Val - Loss, MSE, RMSE, MAE, MAPE: 34501968.00, 86883076.00, 9320.36, 7143.54, 8.53%
Test - Best epoch, Loss, MSE, RMSE, MAE, MAPE: 2, 22347946.00, 45209381.00, 6652.55, 5154.54, 5.62%
- Epoch 003, ExpID 88525
Train - Loss: 12877074.71
Val - Loss, MSE, RMSE, MAE, MAPE: 34478784.00, 87445836.00, 9351.02, 7184.07, 8.58%
Test - Best epoch, Loss, MSE, RMSE, MAE, MAPE: 3, 21934662.00, 44234067.00, 6586.23, 5082.31, 5.55%
- Epoch 004, ExpID 88525
Train - Loss: 12775107.05
Val - Loss, MSE, RMSE, MAE, MAPE: 34651572.00, 88586828.00, 9408.46, 7250.42, 8.60%
Test - Best epoch, Loss, MSE, RMSE, MAE, MAPE: 3, 21934662.00, 44234067.00, 6586.23, 5082.31, 5.55%
- Epoch 005, ExpID 88525
Train - Loss: 12800890.81
Val - Loss, MSE, RMSE, MAE, MAPE: 34820724.00, 93392188.00, 9641.76, 7443.92, 8.77%
Test - Best epoch, Loss, MSE, RMSE, MAE, MAPE: 3, 21934662.00, 44234067.00, 6586.23, 5082.31, 5.55%
- Epoch 006, ExpID 88525
Train - Loss: 12736807.57
Val - Loss, MSE, RMSE, MAE, MAPE: 35203680.00, 92993864.00, 9611.54, 7432.95, 8.75%
Test - Best epoch, Loss, MSE, RMSE, MAE, MAPE: 3, 21934662.00, 44234067.00, 6586.23, 5082.31, 5.55%
- Epoch 007, ExpID 88525
Train - Loss: 12682475.62
Val - Loss, MSE, RMSE, MAE, MAPE: 34918176.00, 92855632.00, 9597.92, 7452.01, 8.78%
Test - Best epoch, Loss, MSE, RMSE, MAE, MAPE: 3, 21934662.00, 44234067.00, 6586.23, 5082.31, 5.55%
- Epoch 008, ExpID 88525
Train - Loss: 12623852.62
Val - Loss, MSE, RMSE, MAE, MAPE: 34986156.00, 93670164.00, 9624.70, 7490.44, 8.82%
Test - Best epoch, Loss, MSE, RMSE, MAE, MAPE: 3, 21934662.00, 44234067.00, 6586.23, 5082.31, 5.55%
- Epoch 009, ExpID 88525
Train - Loss: 12570391.76
Val - Loss, MSE, RMSE, MAE, MAPE: 35093672.00, 92508864.00, 9567.27, 7433.51, 8.76%
Test - Best epoch, Loss, MSE, RMSE, MAE, MAPE: 3, 21934662.00, 44234067.00, 6586.23, 5082.31, 5.55%
- Epoch 010, ExpID 88525
Train - Loss: 12479180.05
Val - Loss, MSE, RMSE, MAE, MAPE: 35139684.00, 93937716.00, 9636.86, 7462.84, 8.75%
Test - Best epoch, Loss, MSE, RMSE, MAE, MAPE: 3, 21934662.00, 44234067.00, 6586.23, 5082.31, 5.55%
- Epoch 011, ExpID 88525
Train - Loss: 12474130.86
Val - Loss, MSE, RMSE, MAE, MAPE: 34866800.00, 90828152.00, 9476.10, 7329.72, 8.61%
Test - Best epoch, Loss, MSE, RMSE, MAE, MAPE: 3, 21934662.00, 44234067.00, 6586.23, 5082.31, 5.55%
- Epoch 012, ExpID 88525
Train - Loss: 12426384.95
Val - Loss, MSE, RMSE, MAE, MAPE: 35087304.00, 91694864.00, 9514.95, 7312.14, 8.57%
Test - Best epoch, Loss, MSE, RMSE, MAE, MAPE: 3, 21934662.00, 44234067.00, 6586.23, 5082.31, 5.55%
- Epoch 013, ExpID 88525
Train - Loss: 12347113.48
Val - Loss, MSE, RMSE, MAE, MAPE: 35209456.00, 88052384.00, 9336.05, 7151.37, 8.39%
Test - Best epoch, Loss, MSE, RMSE, MAE, MAPE: 3, 21934662.00, 44234067.00, 6586.23, 5082.31, 5.55%
Early Stopping at Epoch 13
Fold 2018 Best RMSE: 6586.2307

-------------------- [Fold: 2019] ExpID: 16327 --------------------
- Epoch 000, ExpID 16327
Train - Loss: 17637735.17
Val - Loss, MSE, RMSE, MAE, MAPE: 24102312.00, 48584006.00, 6893.66, 5373.81, 5.87%
Test - Best epoch, Loss, MSE, RMSE, MAE, MAPE: 0, 22706912.00, 52728914.00, 7020.58, 5475.42, 5.81%
- Epoch 001, ExpID 16327
Train - Loss: 14654095.91
Val - Loss, MSE, RMSE, MAE, MAPE: 22882768.00, 46604514.00, 6755.93, 5248.78, 5.71%
Test - Best epoch, Loss, MSE, RMSE, MAE, MAPE: 1, 20874510.00, 49007865.00, 6737.74, 5229.81, 5.52%
- Epoch 002, ExpID 16327
Train - Loss: 14249669.13
Val - Loss, MSE, RMSE, MAE, MAPE: 22277798.00, 45208134.00, 6659.26, 5142.34, 5.61%
Test - Best epoch, Loss, MSE, RMSE, MAE, MAPE: 2, 20226028.00, 47562439.00, 6633.13, 5146.69, 5.45%
- Epoch 003, ExpID 16327
Train - Loss: 14089827.70
Val - Loss, MSE, RMSE, MAE, MAPE: 22053168.00, 44405486.00, 6611.38, 5089.71, 5.54%
Test - Best epoch, Loss, MSE, RMSE, MAE, MAPE: 3, 20033572.00, 46049238.00, 6519.66, 5025.93, 5.32%
- Epoch 004, ExpID 16327
Train - Loss: 14033882.74
Val - Loss, MSE, RMSE, MAE, MAPE: 21898330.00, 43837470.00, 6581.75, 5069.97, 5.51%
Test - Best epoch, Loss, MSE, RMSE, MAE, MAPE: 4, 19906276.00, 44896353.00, 6416.91, 4922.50, 5.22%
- Epoch 005, ExpID 16327
Train - Loss: 13997485.09
Val - Loss, MSE, RMSE, MAE, MAPE: 21516656.00, 43870334.00, 6593.41, 5077.01, 5.48%
Test - Best epoch, Loss, MSE, RMSE, MAE, MAPE: 5, 19594536.00, 44195761.00, 6384.08, 4852.97, 5.10%
- Epoch 006, ExpID 16327
Train - Loss: 13928572.96
Val - Loss, MSE, RMSE, MAE, MAPE: 21275082.00, 44628002.00, 6660.99, 5127.93, 5.52%
Test - Best epoch, Loss, MSE, RMSE, MAE, MAPE: 6, 19367368.00, 44925927.00, 6496.01, 4950.91, 5.19%
- Epoch 007, ExpID 16327
Train - Loss: 13842995.78
Val - Loss, MSE, RMSE, MAE, MAPE: 21058510.00, 42333392.00, 6479.61, 4962.06, 5.36%
Test - Best epoch, Loss, MSE, RMSE, MAE, MAPE: 7, 19273764.00, 43286356.00, 6359.40, 4827.82, 5.08%
- Epoch 008, ExpID 16327
Train - Loss: 13866257.13
Val - Loss, MSE, RMSE, MAE, MAPE: 20799508.00, 42402536.00, 6492.36, 4978.55, 5.36%
Test - Best epoch, Loss, MSE, RMSE, MAE, MAPE: 8, 19026862.00, 42916050.00, 6358.93, 4828.49, 5.07%
- Epoch 009, ExpID 16327
Train - Loss: 13731004.57
Val - Loss, MSE, RMSE, MAE, MAPE: 20775608.00, 42087044.00, 6473.02, 4953.58, 5.34%
Test - Best epoch, Loss, MSE, RMSE, MAE, MAPE: 9, 18965488.00, 42402549.00, 6329.56, 4806.40, 5.05%
- Epoch 010, ExpID 16327
Train - Loss: 13717629.35
Val - Loss, MSE, RMSE, MAE, MAPE: 20408084.00, 41790936.00, 6455.74, 4942.10, 5.32%
Test - Best epoch, Loss, MSE, RMSE, MAE, MAPE: 10, 18618872.00, 42200488.00, 6345.02, 4822.30, 5.07%
- Epoch 011, ExpID 16327
Train - Loss: 13700460.87
Val - Loss, MSE, RMSE, MAE, MAPE: 20354694.00, 41875092.00, 6466.38, 4958.52, 5.34%
Test - Best epoch, Loss, MSE, RMSE, MAE, MAPE: 11, 18460576.00, 41698985.00, 6320.94, 4814.63, 5.06%
- Epoch 012, ExpID 16327
Train - Loss: 13608067.74
Val - Loss, MSE, RMSE, MAE, MAPE: 20428462.00, 45466110.00, 6740.29, 5190.10, 5.56%
Test - Best epoch, Loss, MSE, RMSE, MAE, MAPE: 11, 18460576.00, 41698985.00, 6320.94, 4814.63, 5.06%
- Epoch 013, ExpID 16327
Train - Loss: 13532639.83
Val - Loss, MSE, RMSE, MAE, MAPE: 20085538.00, 40902134.00, 6389.46, 4871.38, 5.25%
Test - Best epoch, Loss, MSE, RMSE, MAE, MAPE: 13, 18201022.00, 40234495.00, 6195.34, 4715.21, 4.96%
- Epoch 014, ExpID 16327
Train - Loss: 13499214.22
Val - Loss, MSE, RMSE, MAE, MAPE: 19954484.00, 39058082.00, 6241.86, 4717.77, 5.11%
Test - Best epoch, Loss, MSE, RMSE, MAE, MAPE: 14, 18105488.00, 39299491.00, 6112.53, 4625.50, 4.90%
- Epoch 015, ExpID 16327
Train - Loss: 13453071.22
Val - Loss, MSE, RMSE, MAE, MAPE: 19936314.00, 39818790.00, 6306.22, 4788.40, 5.18%
Test - Best epoch, Loss, MSE, RMSE, MAE, MAPE: 15, 18093062.00, 40523657.00, 6245.77, 4747.56, 5.03%
- Epoch 016, ExpID 16327
Train - Loss: 13350992.17
Val - Loss, MSE, RMSE, MAE, MAPE: 19948802.00, 41817620.00, 6466.39, 4953.52, 5.33%
Test - Best epoch, Loss, MSE, RMSE, MAE, MAPE: 15, 18093062.00, 40523657.00, 6245.77, 4747.56, 5.03%
- Epoch 017, ExpID 16327
Train - Loss: 13325869.09
Val - Loss, MSE, RMSE, MAE, MAPE: 19779122.00, 40898704.00, 6393.46, 4874.14, 5.25%
Test - Best epoch, Loss, MSE, RMSE, MAE, MAPE: 17, 17967004.00, 40608784.00, 6274.19, 4806.47, 5.06%
- Epoch 018, ExpID 16327
Train - Loss: 13253448.22
Val - Loss, MSE, RMSE, MAE, MAPE: 19762276.00, 40216288.00, 6338.84, 4823.83, 5.20%
Test - Best epoch, Loss, MSE, RMSE, MAE, MAPE: 18, 17853702.00, 39780879.00, 6184.18, 4710.59, 4.96%
- Epoch 019, ExpID 16327
Train - Loss: 13245916.74
Val - Loss, MSE, RMSE, MAE, MAPE: 19614932.00, 39344178.00, 6270.54, 4760.36, 5.14%
Test - Best epoch, Loss, MSE, RMSE, MAE, MAPE: 19, 17913616.00, 40003958.00, 6219.11, 4718.73, 4.99%
- Epoch 020, ExpID 16327
Train - Loss: 13211760.57
Val - Loss, MSE, RMSE, MAE, MAPE: 19546844.00, 38557912.00, 6206.21, 4695.52, 5.07%
Test - Best epoch, Loss, MSE, RMSE, MAE, MAPE: 20, 17856154.00, 39945152.00, 6215.24, 4691.02, 4.97%
- Epoch 021, ExpID 16327
Train - Loss: 13188661.35
Val - Loss, MSE, RMSE, MAE, MAPE: 19579384.00, 39157506.00, 6254.67, 4766.98, 5.14%
Test - Best epoch, Loss, MSE, RMSE, MAE, MAPE: 20, 17856154.00, 39945152.00, 6215.24, 4691.02, 4.97%
- Epoch 022, ExpID 16327
Train - Loss: 13119726.96
Val - Loss, MSE, RMSE, MAE, MAPE: 19491858.00, 39697966.00, 6299.15, 4808.08, 5.19%
Test - Best epoch, Loss, MSE, RMSE, MAE, MAPE: 22, 17674822.00, 40444939.00, 6255.32, 4753.00, 5.03%
- Epoch 023, ExpID 16327
Train - Loss: 13178947.26
Val - Loss, MSE, RMSE, MAE, MAPE: 19483222.00, 38323084.00, 6188.46, 4709.93, 5.08%
Test - Best epoch, Loss, MSE, RMSE, MAE, MAPE: 23, 17746884.00, 40329077.00, 6266.23, 4757.57, 5.03%
- Epoch 024, ExpID 16327
Train - Loss: 13043297.04
Val - Loss, MSE, RMSE, MAE, MAPE: 19587048.00, 38254914.00, 6181.65, 4714.11, 5.09%
Test - Best epoch, Loss, MSE, RMSE, MAE, MAPE: 23, 17746884.00, 40329077.00, 6266.23, 4757.57, 5.03%
- Epoch 025, ExpID 16327
Train - Loss: 13071893.00
Val - Loss, MSE, RMSE, MAE, MAPE: 19453482.00, 37964916.00, 6157.69, 4687.21, 5.06%
Test - Best epoch, Loss, MSE, RMSE, MAE, MAPE: 25, 17565244.00, 39206385.00, 6158.09, 4660.90, 4.93%
- Epoch 026, ExpID 16327
Train - Loss: 13013154.22
Val - Loss, MSE, RMSE, MAE, MAPE: 19371798.00, 38543370.00, 6205.53, 4731.17, 5.09%
Test - Best epoch, Loss, MSE, RMSE, MAE, MAPE: 26, 17512160.00, 38748274.00, 6119.26, 4649.54, 4.91%
- Epoch 027, ExpID 16327
Train - Loss: 12925118.91
Val - Loss, MSE, RMSE, MAE, MAPE: 19410810.00, 37859716.00, 6149.73, 4673.02, 5.05%
Test - Best epoch, Loss, MSE, RMSE, MAE, MAPE: 26, 17512160.00, 38748274.00, 6119.26, 4649.54, 4.91%
- Epoch 028, ExpID 16327
Train - Loss: 12901745.91
Val - Loss, MSE, RMSE, MAE, MAPE: 19299542.00, 38287588.00, 6185.19, 4745.05, 5.12%
Test - Best epoch, Loss, MSE, RMSE, MAE, MAPE: 28, 17457308.00, 39983132.00, 6227.12, 4767.85, 5.04%
- Epoch 029, ExpID 16327
Train - Loss: 12892571.39
Val - Loss, MSE, RMSE, MAE, MAPE: 19308568.00, 37055562.00, 6081.19, 4638.88, 5.01%
Test - Best epoch, Loss, MSE, RMSE, MAE, MAPE: 28, 17457308.00, 39983132.00, 6227.12, 4767.85, 5.04%
- Epoch 030, ExpID 16327
Train - Loss: 12876465.57
Val - Loss, MSE, RMSE, MAE, MAPE: 19190956.00, 37194794.00, 6094.57, 4653.26, 5.01%
Test - Best epoch, Loss, MSE, RMSE, MAE, MAPE: 30, 17431752.00, 38705644.00, 6119.75, 4653.70, 4.92%
- Epoch 031, ExpID 16327
Train - Loss: 12789446.35
Val - Loss, MSE, RMSE, MAE, MAPE: 19069038.00, 36140140.00, 6001.03, 4527.87, 4.91%
Test - Best epoch, Loss, MSE, RMSE, MAE, MAPE: 31, 17254508.00, 38201958.00, 6039.25, 4541.39, 4.83%
- Epoch 032, ExpID 16327
Train - Loss: 12785689.22
Val - Loss, MSE, RMSE, MAE, MAPE: 19131952.00, 36504353.00, 6034.15, 4583.12, 4.95%
Test - Best epoch, Loss, MSE, RMSE, MAE, MAPE: 31, 17254508.00, 38201958.00, 6039.25, 4541.39, 4.83%
- Epoch 033, ExpID 16327
Train - Loss: 12713019.43
Val - Loss, MSE, RMSE, MAE, MAPE: 19153168.00, 35816163.00, 5971.59, 4505.23, 4.87%
Test - Best epoch, Loss, MSE, RMSE, MAE, MAPE: 31, 17254508.00, 38201958.00, 6039.25, 4541.39, 4.83%
- Epoch 034, ExpID 16327
Train - Loss: 12727497.78
Val - Loss, MSE, RMSE, MAE, MAPE: 19133818.00, 35627196.00, 5958.02, 4515.06, 4.87%
Test - Best epoch, Loss, MSE, RMSE, MAE, MAPE: 31, 17254508.00, 38201958.00, 6039.25, 4541.39, 4.83%
- Epoch 035, ExpID 16327
Train - Loss: 12709573.61
Val - Loss, MSE, RMSE, MAE, MAPE: 19121296.00, 37144242.00, 6089.79, 4643.58, 5.00%
Test - Best epoch, Loss, MSE, RMSE, MAE, MAPE: 31, 17254508.00, 38201958.00, 6039.25, 4541.39, 4.83%
- Epoch 036, ExpID 16327
Train - Loss: 12607521.35
Val - Loss, MSE, RMSE, MAE, MAPE: 19022940.00, 36563244.00, 6042.31, 4591.43, 4.95%
Test - Best epoch, Loss, MSE, RMSE, MAE, MAPE: 36, 17160820.00, 38351743.00, 6091.31, 4624.61, 4.90%
- Epoch 037, ExpID 16327
Train - Loss: 12682521.78
Val - Loss, MSE, RMSE, MAE, MAPE: 19129048.00, 36051490.00, 5995.04, 4553.82, 4.92%
Test - Best epoch, Loss, MSE, RMSE, MAE, MAPE: 36, 17160820.00, 38351743.00, 6091.31, 4624.61, 4.90%
- Epoch 038, ExpID 16327
Train - Loss: 12645703.52
Val - Loss, MSE, RMSE, MAE, MAPE: 18991796.00, 35993616.00, 5987.68, 4524.59, 4.89%
Test - Best epoch, Loss, MSE, RMSE, MAE, MAPE: 38, 17061662.00, 38101604.00, 6028.79, 4541.93, 4.82%
- Epoch 039, ExpID 16327
Train - Loss: 12575003.04
Val - Loss, MSE, RMSE, MAE, MAPE: 19005704.00, 37457470.00, 6117.61, 4689.78, 5.05%
Test - Best epoch, Loss, MSE, RMSE, MAE, MAPE: 38, 17061662.00, 38101604.00, 6028.79, 4541.93, 4.82%
- Epoch 040, ExpID 16327
Train - Loss: 12520821.87
Val - Loss, MSE, RMSE, MAE, MAPE: 19073026.00, 37330000.00, 6105.45, 4661.73, 5.03%
Test - Best epoch, Loss, MSE, RMSE, MAE, MAPE: 38, 17061662.00, 38101604.00, 6028.79, 4541.93, 4.82%
- Epoch 041, ExpID 16327
Train - Loss: 12548808.17
Val - Loss, MSE, RMSE, MAE, MAPE: 19040704.00, 36273689.00, 6014.45, 4558.33, 4.92%
Test - Best epoch, Loss, MSE, RMSE, MAE, MAPE: 38, 17061662.00, 38101604.00, 6028.79, 4541.93, 4.82%
- Epoch 042, ExpID 16327
Train - Loss: 12463985.30
Val - Loss, MSE, RMSE, MAE, MAPE: 19004936.00, 36289332.00, 6015.99, 4537.53, 4.91%
Test - Best epoch, Loss, MSE, RMSE, MAE, MAPE: 38, 17061662.00, 38101604.00, 6028.79, 4541.93, 4.82%
- Epoch 043, ExpID 16327
Train - Loss: 12464922.22
Val - Loss, MSE, RMSE, MAE, MAPE: 18974052.00, 37068220.00, 6080.93, 4623.78, 4.98%
Test - Best epoch, Loss, MSE, RMSE, MAE, MAPE: 43, 16977080.00, 39016989.00, 6111.35, 4639.23, 4.91%
- Epoch 044, ExpID 16327
Train - Loss: 12437510.00
Val - Loss, MSE, RMSE, MAE, MAPE: 18886130.00, 37475530.00, 6117.56, 4672.65, 5.04%
Test - Best epoch, Loss, MSE, RMSE, MAE, MAPE: 44, 16767740.00, 38679993.00, 6094.44, 4645.14, 4.91%
- Epoch 045, ExpID 16327
Train - Loss: 12357379.00
Val - Loss, MSE, RMSE, MAE, MAPE: 18931174.00, 36043228.00, 5990.75, 4515.08, 4.89%
Test - Best epoch, Loss, MSE, RMSE, MAE, MAPE: 44, 16767740.00, 38679993.00, 6094.44, 4645.14, 4.91%
- Epoch 046, ExpID 16327
Train - Loss: 12373314.04
Val - Loss, MSE, RMSE, MAE, MAPE: 18777856.00, 35786454.00, 5968.53, 4502.85, 4.87%
Test - Best epoch, Loss, MSE, RMSE, MAE, MAPE: 46, 16794352.00, 37478305.00, 5949.36, 4472.50, 4.74%
- Epoch 047, ExpID 16327
Train - Loss: 12322907.17
Val - Loss, MSE, RMSE, MAE, MAPE: 18990346.00, 37029610.00, 6080.83, 4624.42, 4.99%
Test - Best epoch, Loss, MSE, RMSE, MAE, MAPE: 46, 16794352.00, 37478305.00, 5949.36, 4472.50, 4.74%
- Epoch 048, ExpID 16327
Train - Loss: 12287575.09
Val - Loss, MSE, RMSE, MAE, MAPE: 18910236.00, 35186791.00, 5915.54, 4437.12, 4.81%
Test - Best epoch, Loss, MSE, RMSE, MAE, MAPE: 46, 16794352.00, 37478305.00, 5949.36, 4472.50, 4.74%
- Epoch 049, ExpID 16327
Train - Loss: 12241184.39
Val - Loss, MSE, RMSE, MAE, MAPE: 18855150.00, 35212494.00, 5920.12, 4473.68, 4.84%
Test - Best epoch, Loss, MSE, RMSE, MAE, MAPE: 46, 16794352.00, 37478305.00, 5949.36, 4472.50, 4.74%
- Epoch 050, ExpID 16327
Train - Loss: 12299047.91
Val - Loss, MSE, RMSE, MAE, MAPE: 18870982.00, 35034519.00, 5902.59, 4441.40, 4.81%
Test - Best epoch, Loss, MSE, RMSE, MAE, MAPE: 46, 16794352.00, 37478305.00, 5949.36, 4472.50, 4.74%
- Epoch 051, ExpID 16327
Train - Loss: 12201141.09
Val - Loss, MSE, RMSE, MAE, MAPE: 18965690.00, 35296285.00, 5921.91, 4461.00, 4.84%
Test - Best epoch, Loss, MSE, RMSE, MAE, MAPE: 46, 16794352.00, 37478305.00, 5949.36, 4472.50, 4.74%
- Epoch 052, ExpID 16327
Train - Loss: 12231419.26
Val - Loss, MSE, RMSE, MAE, MAPE: 19053262.00, 37016149.00, 6076.13, 4614.19, 4.98%
Test - Best epoch, Loss, MSE, RMSE, MAE, MAPE: 46, 16794352.00, 37478305.00, 5949.36, 4472.50, 4.74%
- Epoch 053, ExpID 16327
Train - Loss: 12192305.04
Val - Loss, MSE, RMSE, MAE, MAPE: 18926248.00, 36797327.00, 6059.30, 4596.62, 4.97%
Test - Best epoch, Loss, MSE, RMSE, MAE, MAPE: 46, 16794352.00, 37478305.00, 5949.36, 4472.50, 4.74%
- Epoch 054, ExpID 16327
Train - Loss: 12101038.39
Val - Loss, MSE, RMSE, MAE, MAPE: 18982492.00, 36857826.00, 6064.97, 4591.84, 4.97%
Test - Best epoch, Loss, MSE, RMSE, MAE, MAPE: 46, 16794352.00, 37478305.00, 5949.36, 4472.50, 4.74%
- Epoch 055, ExpID 16327
Train - Loss: 12070410.83
Val - Loss, MSE, RMSE, MAE, MAPE: 18938426.00, 37403054.00, 6110.26, 4645.07, 5.02%
Test - Best epoch, Loss, MSE, RMSE, MAE, MAPE: 46, 16794352.00, 37478305.00, 5949.36, 4472.50, 4.74%
- Epoch 056, ExpID 16327
Train - Loss: 12076530.78
Val - Loss, MSE, RMSE, MAE, MAPE: 18946564.00, 37665740.00, 6131.08, 4640.80, 5.02%
Test - Best epoch, Loss, MSE, RMSE, MAE, MAPE: 46, 16794352.00, 37478305.00, 5949.36, 4472.50, 4.74%
Early Stopping at Epoch 56
Fold 2019 Best RMSE: 5949.3601
