DETAILED LOG | Model: timexer | Seed: 1
FULL CONFIG: {'gpu': '2', 'target': 'both', 'cv_start_year': 2017, 'cv_end_year': 2019, 'test_year': 2024, 'use_corona': False, 'seq_len': 365, 'label_len': 0, 'pred_len': 56, 'batch_size': 256, 'epochs': 1000, 'patience': 10, 'lr': 0.0001, 'model': 'timexer', 'd_model': 128, 'n_heads': 16, 'n_layers': 6, 'dropout': 0.1, 'activation': 'gelu', 'patch_len': 14, 'factor': 5, 'norm_mode': 'revin', 'use_covar': True, 'use_dbloss': True, 'device': device(type='cuda'), 'stride': 16, 'file_path': 'dataset/airport_flight_with_holiday.csv', 'seed': 1, 'val_year': 2019, 'ndims': 2}

-------------------- [Fold: 2017] ExpID: 13757 --------------------
- Epoch 000, ExpID 13757
Train - Loss: 17950081.95
Val - Loss, MSE, RMSE, MAE, MAPE: 19202526.00, 51347255.00, 6768.20, 5297.81, 6.54%
Test - Best epoch, Loss, MSE, RMSE, MAE, MAPE: 0, 35808880.00, 65552486.00, 8096.45, 5836.32, 6.90%
- Epoch 001, ExpID 13757
Train - Loss: 13565292.68
Val - Loss, MSE, RMSE, MAE, MAPE: 17283826.00, 46717533.00, 6454.63, 5061.82, 6.24%
Test - Best epoch, Loss, MSE, RMSE, MAE, MAPE: 1, 34134248.00, 61603692.00, 7844.67, 5567.25, 6.55%
- Epoch 002, ExpID 13757
Train - Loss: 12892470.42
Val - Loss, MSE, RMSE, MAE, MAPE: 16421992.00, 42009256.00, 6149.57, 4819.37, 5.96%
Test - Best epoch, Loss, MSE, RMSE, MAE, MAPE: 2, 33399246.00, 59608854.00, 7699.19, 5426.48, 6.36%
- Epoch 003, ExpID 13757
Train - Loss: 12437920.26
Val - Loss, MSE, RMSE, MAE, MAPE: 15528428.00, 38611279.50, 5902.32, 4584.12, 5.68%
Test - Best epoch, Loss, MSE, RMSE, MAE, MAPE: 3, 32858832.00, 59022604.00, 7648.25, 5332.61, 6.24%
- Epoch 004, ExpID 13757
Train - Loss: 12091581.79
Val - Loss, MSE, RMSE, MAE, MAPE: 15060336.00, 36650007.50, 5771.58, 4458.28, 5.52%
Test - Best epoch, Loss, MSE, RMSE, MAE, MAPE: 4, 32564036.00, 58942210.00, 7633.88, 5290.82, 6.19%
- Epoch 005, ExpID 13757
Train - Loss: 11849184.47
Val - Loss, MSE, RMSE, MAE, MAPE: 14782468.00, 32097597.00, 5435.95, 4164.91, 5.22%
Test - Best epoch, Loss, MSE, RMSE, MAE, MAPE: 5, 32333260.00, 58395874.00, 7595.39, 5283.88, 6.24%
- Epoch 006, ExpID 13757
Train - Loss: 11759646.95
Val - Loss, MSE, RMSE, MAE, MAPE: 14511350.00, 31995669.50, 5427.33, 4140.66, 5.15%
Test - Best epoch, Loss, MSE, RMSE, MAE, MAPE: 6, 32043098.00, 58843066.00, 7617.17, 5246.88, 6.16%
- Epoch 007, ExpID 13757
Train - Loss: 11570933.68
Val - Loss, MSE, RMSE, MAE, MAPE: 14442113.00, 31025554.50, 5352.40, 4081.67, 5.08%
Test - Best epoch, Loss, MSE, RMSE, MAE, MAPE: 7, 31981558.00, 59329348.00, 7642.34, 5298.69, 6.22%
- Epoch 008, ExpID 13757
Train - Loss: 11428480.21
Val - Loss, MSE, RMSE, MAE, MAPE: 14312779.00, 30974835.00, 5346.17, 4092.51, 5.09%
Test - Best epoch, Loss, MSE, RMSE, MAE, MAPE: 8, 31841540.00, 59359422.00, 7645.33, 5270.30, 6.18%
- Epoch 009, ExpID 13757
Train - Loss: 11365838.11
Val - Loss, MSE, RMSE, MAE, MAPE: 14197720.00, 29156696.00, 5198.54, 3982.75, 4.99%
Test - Best epoch, Loss, MSE, RMSE, MAE, MAPE: 9, 31777398.00, 58556394.00, 7600.46, 5264.40, 6.21%
- Epoch 010, ExpID 13757
Train - Loss: 11258263.95
Val - Loss, MSE, RMSE, MAE, MAPE: 14290063.00, 29531672.50, 5233.31, 4024.12, 5.03%
Test - Best epoch, Loss, MSE, RMSE, MAE, MAPE: 9, 31777398.00, 58556394.00, 7600.46, 5264.40, 6.21%
- Epoch 011, ExpID 13757
Train - Loss: 11157821.26
Val - Loss, MSE, RMSE, MAE, MAPE: 14173010.00, 28490725.50, 5153.75, 3979.75, 5.00%
Test - Best epoch, Loss, MSE, RMSE, MAE, MAPE: 11, 31816208.00, 58964542.00, 7630.86, 5308.73, 6.28%
- Epoch 012, ExpID 13757
Train - Loss: 11138782.53
Val - Loss, MSE, RMSE, MAE, MAPE: 14023760.00, 28461696.50, 5143.77, 3982.37, 5.00%
Test - Best epoch, Loss, MSE, RMSE, MAE, MAPE: 12, 31800134.00, 59322136.00, 7653.62, 5321.61, 6.28%
- Epoch 013, ExpID 13757
Train - Loss: 11093217.32
Val - Loss, MSE, RMSE, MAE, MAPE: 14024207.00, 28088397.00, 5118.93, 3979.96, 5.01%
Test - Best epoch, Loss, MSE, RMSE, MAE, MAPE: 12, 31800134.00, 59322136.00, 7653.62, 5321.61, 6.28%
- Epoch 014, ExpID 13757
Train - Loss: 11081868.37
Val - Loss, MSE, RMSE, MAE, MAPE: 13983626.00, 29076122.00, 5182.95, 4043.19, 5.07%
Test - Best epoch, Loss, MSE, RMSE, MAE, MAPE: 14, 31901290.00, 59515086.00, 7665.59, 5354.74, 6.32%
- Epoch 015, ExpID 13757
Train - Loss: 11004455.74
Val - Loss, MSE, RMSE, MAE, MAPE: 13839992.00, 29224850.00, 5186.91, 4049.49, 5.07%
Test - Best epoch, Loss, MSE, RMSE, MAE, MAPE: 15, 31813772.00, 59392986.00, 7656.45, 5368.18, 6.35%
- Epoch 016, ExpID 13757
Train - Loss: 10989931.53
Val - Loss, MSE, RMSE, MAE, MAPE: 13751179.00, 27996704.50, 5088.44, 3971.43, 5.00%
Test - Best epoch, Loss, MSE, RMSE, MAE, MAPE: 16, 31820998.00, 59263848.00, 7655.81, 5392.01, 6.40%
- Epoch 017, ExpID 13757
Train - Loss: 10880307.21
Val - Loss, MSE, RMSE, MAE, MAPE: 13632518.00, 27204513.50, 5022.02, 3922.26, 4.95%
Test - Best epoch, Loss, MSE, RMSE, MAE, MAPE: 17, 31749158.00, 59218584.00, 7654.76, 5399.43, 6.42%
- Epoch 018, ExpID 13757
Train - Loss: 10862164.42
Val - Loss, MSE, RMSE, MAE, MAPE: 13475468.00, 27966427.50, 5066.98, 3954.96, 4.96%
Test - Best epoch, Loss, MSE, RMSE, MAE, MAPE: 18, 31597418.00, 58876386.00, 7627.93, 5347.40, 6.34%
- Epoch 019, ExpID 13757
Train - Loss: 10781906.16
Val - Loss, MSE, RMSE, MAE, MAPE: 13411344.00, 26784146.00, 4983.76, 3896.76, 4.92%
Test - Best epoch, Loss, MSE, RMSE, MAE, MAPE: 19, 31597314.00, 59020998.00, 7647.11, 5379.08, 6.41%
- Epoch 020, ExpID 13757
Train - Loss: 10769405.26
Val - Loss, MSE, RMSE, MAE, MAPE: 13432778.00, 27213195.00, 5017.31, 3930.89, 4.96%
Test - Best epoch, Loss, MSE, RMSE, MAE, MAPE: 19, 31597314.00, 59020998.00, 7647.11, 5379.08, 6.41%
- Epoch 021, ExpID 13757
Train - Loss: 10713885.47
Val - Loss, MSE, RMSE, MAE, MAPE: 13318376.00, 28818773.00, 5127.16, 4010.43, 5.02%
Test - Best epoch, Loss, MSE, RMSE, MAE, MAPE: 21, 31593380.00, 59068832.00, 7642.44, 5385.77, 6.39%
- Epoch 022, ExpID 13757
Train - Loss: 10702386.89
Val - Loss, MSE, RMSE, MAE, MAPE: 13382807.00, 28701865.00, 5124.73, 4018.39, 5.04%
Test - Best epoch, Loss, MSE, RMSE, MAE, MAPE: 21, 31593380.00, 59068832.00, 7642.44, 5385.77, 6.39%
- Epoch 023, ExpID 13757
Train - Loss: 10683026.58
Val - Loss, MSE, RMSE, MAE, MAPE: 13210355.00, 28473566.50, 5095.20, 3980.48, 4.99%
Test - Best epoch, Loss, MSE, RMSE, MAE, MAPE: 23, 31570816.00, 59013766.00, 7640.40, 5374.32, 6.38%
- Epoch 024, ExpID 13757
Train - Loss: 10616943.74
Val - Loss, MSE, RMSE, MAE, MAPE: 13214319.00, 27344044.50, 5012.15, 3923.13, 4.95%
Test - Best epoch, Loss, MSE, RMSE, MAE, MAPE: 23, 31570816.00, 59013766.00, 7640.40, 5374.32, 6.38%
- Epoch 025, ExpID 13757
Train - Loss: 10599302.95
Val - Loss, MSE, RMSE, MAE, MAPE: 13093643.00, 28440373.50, 5085.62, 3979.11, 5.00%
Test - Best epoch, Loss, MSE, RMSE, MAE, MAPE: 25, 31500936.00, 58751170.00, 7625.94, 5360.14, 6.38%
- Epoch 026, ExpID 13757
Train - Loss: 10523868.16
Val - Loss, MSE, RMSE, MAE, MAPE: 13054938.00, 28318599.00, 5081.21, 3970.10, 4.99%
Test - Best epoch, Loss, MSE, RMSE, MAE, MAPE: 26, 31615908.00, 58913994.00, 7630.30, 5390.57, 6.42%
- Epoch 027, ExpID 13757
Train - Loss: 10506964.32
Val - Loss, MSE, RMSE, MAE, MAPE: 13025148.00, 28632308.50, 5097.55, 3976.64, 4.99%
Test - Best epoch, Loss, MSE, RMSE, MAE, MAPE: 27, 31611762.00, 59194632.00, 7649.18, 5388.59, 6.40%
- Epoch 028, ExpID 13757
Train - Loss: 10488363.63
Val - Loss, MSE, RMSE, MAE, MAPE: 13080137.00, 28028751.00, 5073.87, 3988.34, 5.03%
Test - Best epoch, Loss, MSE, RMSE, MAE, MAPE: 27, 31611762.00, 59194632.00, 7649.18, 5388.59, 6.40%
- Epoch 029, ExpID 13757
Train - Loss: 10458236.00
Val - Loss, MSE, RMSE, MAE, MAPE: 12965230.00, 27692083.50, 5041.12, 3939.30, 4.97%
Test - Best epoch, Loss, MSE, RMSE, MAE, MAPE: 29, 31583236.00, 59472016.00, 7673.04, 5415.42, 6.47%
- Epoch 030, ExpID 13757
Train - Loss: 10413463.89
Val - Loss, MSE, RMSE, MAE, MAPE: 12943330.00, 28705544.00, 5111.55, 3989.39, 5.01%
Test - Best epoch, Loss, MSE, RMSE, MAE, MAPE: 30, 31497744.00, 59282550.00, 7652.42, 5415.11, 6.45%
- Epoch 031, ExpID 13757
Train - Loss: 10467063.00
Val - Loss, MSE, RMSE, MAE, MAPE: 13041262.00, 28748607.00, 5112.23, 4012.37, 5.05%
Test - Best epoch, Loss, MSE, RMSE, MAE, MAPE: 30, 31497744.00, 59282550.00, 7652.42, 5415.11, 6.45%
- Epoch 032, ExpID 13757
Train - Loss: 10426236.47
Val - Loss, MSE, RMSE, MAE, MAPE: 13003500.00, 29143838.50, 5147.24, 4013.88, 5.04%
Test - Best epoch, Loss, MSE, RMSE, MAE, MAPE: 30, 31497744.00, 59282550.00, 7652.42, 5415.11, 6.45%
- Epoch 033, ExpID 13757
Train - Loss: 10362317.37
Val - Loss, MSE, RMSE, MAE, MAPE: 12977709.00, 27983295.50, 5080.43, 4000.72, 5.06%
Test - Best epoch, Loss, MSE, RMSE, MAE, MAPE: 30, 31497744.00, 59282550.00, 7652.42, 5415.11, 6.45%
- Epoch 034, ExpID 13757
Train - Loss: 10339084.84
Val - Loss, MSE, RMSE, MAE, MAPE: 12984298.00, 29296564.00, 5172.81, 4057.37, 5.11%
Test - Best epoch, Loss, MSE, RMSE, MAE, MAPE: 30, 31497744.00, 59282550.00, 7652.42, 5415.11, 6.45%
- Epoch 035, ExpID 13757
Train - Loss: 10351864.37
Val - Loss, MSE, RMSE, MAE, MAPE: 12968235.00, 29863438.50, 5209.26, 4082.01, 5.12%
Test - Best epoch, Loss, MSE, RMSE, MAE, MAPE: 30, 31497744.00, 59282550.00, 7652.42, 5415.11, 6.45%
- Epoch 036, ExpID 13757
Train - Loss: 10247682.89
Val - Loss, MSE, RMSE, MAE, MAPE: 12985469.00, 28792724.00, 5151.98, 4057.76, 5.13%
Test - Best epoch, Loss, MSE, RMSE, MAE, MAPE: 30, 31497744.00, 59282550.00, 7652.42, 5415.11, 6.45%
- Epoch 037, ExpID 13757
Train - Loss: 10255363.58
Val - Loss, MSE, RMSE, MAE, MAPE: 13008124.00, 29581293.50, 5205.74, 4083.63, 5.14%
Test - Best epoch, Loss, MSE, RMSE, MAE, MAPE: 30, 31497744.00, 59282550.00, 7652.42, 5415.11, 6.45%
- Epoch 038, ExpID 13757
Train - Loss: 10261487.74
Val - Loss, MSE, RMSE, MAE, MAPE: 12956668.00, 28837268.00, 5148.21, 4057.52, 5.13%
Test - Best epoch, Loss, MSE, RMSE, MAE, MAPE: 30, 31497744.00, 59282550.00, 7652.42, 5415.11, 6.45%
- Epoch 039, ExpID 13757
Train - Loss: 10179353.53
Val - Loss, MSE, RMSE, MAE, MAPE: 12993007.00, 30343239.50, 5275.31, 4157.11, 5.24%
Test - Best epoch, Loss, MSE, RMSE, MAE, MAPE: 30, 31497744.00, 59282550.00, 7652.42, 5415.11, 6.45%
- Epoch 040, ExpID 13757
Train - Loss: 10199321.47
Val - Loss, MSE, RMSE, MAE, MAPE: 12950150.00, 29187190.50, 5183.50, 4084.86, 5.16%
Test - Best epoch, Loss, MSE, RMSE, MAE, MAPE: 30, 31497744.00, 59282550.00, 7652.42, 5415.11, 6.45%
Early Stopping at Epoch 40
Fold 2017 Best RMSE: 7652.4155

-------------------- [Fold: 2018] ExpID: 23601 --------------------
- Epoch 000, ExpID 23601
Train - Loss: 19310189.60
Val - Loss, MSE, RMSE, MAE, MAPE: 35918932.00, 65042554.00, 8063.92, 5762.23, 6.79%
Test - Best epoch, Loss, MSE, RMSE, MAE, MAPE: 0, 23505764.00, 40296772.00, 6284.59, 4766.78, 5.15%
- Epoch 001, ExpID 23601
Train - Loss: 14310786.40
Val - Loss, MSE, RMSE, MAE, MAPE: 33767664.00, 60199996.00, 7751.49, 5461.76, 6.45%
Test - Best epoch, Loss, MSE, RMSE, MAE, MAPE: 1, 21621792.00, 35179942.00, 5897.90, 4448.97, 4.83%
- Epoch 002, ExpID 23601
Train - Loss: 13549361.20
Val - Loss, MSE, RMSE, MAE, MAPE: 33488564.00, 59209438.00, 7671.13, 5377.02, 6.35%
Test - Best epoch, Loss, MSE, RMSE, MAE, MAPE: 2, 21256060.00, 33334276.00, 5758.20, 4348.66, 4.73%
- Epoch 003, ExpID 23601
Train - Loss: 13110555.05
Val - Loss, MSE, RMSE, MAE, MAPE: 33005020.00, 59046112.00, 7649.03, 5312.35, 6.26%
Test - Best epoch, Loss, MSE, RMSE, MAE, MAPE: 3, 20554980.00, 32156596.00, 5660.11, 4254.07, 4.62%
- Epoch 004, ExpID 23601
Train - Loss: 12838351.70
Val - Loss, MSE, RMSE, MAE, MAPE: 32742180.00, 59759638.00, 7680.86, 5315.59, 6.23%
Test - Best epoch, Loss, MSE, RMSE, MAE, MAPE: 4, 20197100.00, 32217971.00, 5668.53, 4270.56, 4.62%
- Epoch 005, ExpID 23601
Train - Loss: 12561787.50
Val - Loss, MSE, RMSE, MAE, MAPE: 32524144.00, 60162706.00, 7697.75, 5333.68, 6.25%
Test - Best epoch, Loss, MSE, RMSE, MAE, MAPE: 5, 20032688.00, 32164072.00, 5665.51, 4255.17, 4.61%
- Epoch 006, ExpID 23601
Train - Loss: 12401595.20
Val - Loss, MSE, RMSE, MAE, MAPE: 32299242.00, 59508966.00, 7657.60, 5292.15, 6.24%
Test - Best epoch, Loss, MSE, RMSE, MAE, MAPE: 6, 19768630.00, 31210832.00, 5580.73, 4124.63, 4.50%
- Epoch 007, ExpID 23601
Train - Loss: 12346734.00
Val - Loss, MSE, RMSE, MAE, MAPE: 32151566.00, 59413802.00, 7652.35, 5299.74, 6.26%
Test - Best epoch, Loss, MSE, RMSE, MAE, MAPE: 7, 19699410.00, 31255847.00, 5584.98, 4109.32, 4.50%
- Epoch 008, ExpID 23601
Train - Loss: 12241110.35
Val - Loss, MSE, RMSE, MAE, MAPE: 32104494.00, 59562490.00, 7659.43, 5299.60, 6.25%
Test - Best epoch, Loss, MSE, RMSE, MAE, MAPE: 8, 19776388.00, 31502244.00, 5608.56, 4129.62, 4.52%
- Epoch 009, ExpID 23601
Train - Loss: 12119003.95
Val - Loss, MSE, RMSE, MAE, MAPE: 32089704.00, 59596868.00, 7663.49, 5320.50, 6.27%
Test - Best epoch, Loss, MSE, RMSE, MAE, MAPE: 9, 19793020.00, 31447035.00, 5602.71, 4122.80, 4.52%
- Epoch 010, ExpID 23601
Train - Loss: 12030520.80
Val - Loss, MSE, RMSE, MAE, MAPE: 32005924.00, 60281950.00, 7701.34, 5341.46, 6.27%
Test - Best epoch, Loss, MSE, RMSE, MAE, MAPE: 10, 19710280.00, 31550567.00, 5612.49, 4131.31, 4.51%
- Epoch 011, ExpID 23601
Train - Loss: 11996100.25
Val - Loss, MSE, RMSE, MAE, MAPE: 32188014.00, 60265882.00, 7706.03, 5366.85, 6.31%
Test - Best epoch, Loss, MSE, RMSE, MAE, MAPE: 10, 19710280.00, 31550567.00, 5612.49, 4131.31, 4.51%
- Epoch 012, ExpID 23601
Train - Loss: 11941206.25
Val - Loss, MSE, RMSE, MAE, MAPE: 32040232.00, 60607346.00, 7728.36, 5389.12, 6.34%
Test - Best epoch, Loss, MSE, RMSE, MAE, MAPE: 10, 19710280.00, 31550567.00, 5612.49, 4131.31, 4.51%
- Epoch 013, ExpID 23601
Train - Loss: 11857927.75
Val - Loss, MSE, RMSE, MAE, MAPE: 31999144.00, 59959402.00, 7695.03, 5382.85, 6.37%
Test - Best epoch, Loss, MSE, RMSE, MAE, MAPE: 13, 19581192.00, 30719548.00, 5532.13, 4002.10, 4.41%
- Epoch 014, ExpID 23601
Train - Loss: 11772445.45
Val - Loss, MSE, RMSE, MAE, MAPE: 31813604.00, 60121118.00, 7702.71, 5389.84, 6.36%
Test - Best epoch, Loss, MSE, RMSE, MAE, MAPE: 14, 19397356.00, 30501097.00, 5511.97, 3966.88, 4.37%
- Epoch 015, ExpID 23601
Train - Loss: 11754901.80
Val - Loss, MSE, RMSE, MAE, MAPE: 31791172.00, 59987812.00, 7695.89, 5369.60, 6.35%
Test - Best epoch, Loss, MSE, RMSE, MAE, MAPE: 15, 19314562.00, 30130214.00, 5477.60, 3925.30, 4.33%
- Epoch 016, ExpID 23601
Train - Loss: 11687701.50
Val - Loss, MSE, RMSE, MAE, MAPE: 31740226.00, 60286586.00, 7712.87, 5401.23, 6.38%
Test - Best epoch, Loss, MSE, RMSE, MAE, MAPE: 16, 19240208.00, 30192838.00, 5481.65, 3927.00, 4.33%
- Epoch 017, ExpID 23601
Train - Loss: 11652476.60
Val - Loss, MSE, RMSE, MAE, MAPE: 31635000.00, 59688344.00, 7681.02, 5373.20, 6.37%
Test - Best epoch, Loss, MSE, RMSE, MAE, MAPE: 17, 19159716.00, 30215166.00, 5480.55, 3900.98, 4.31%
- Epoch 018, ExpID 23601
Train - Loss: 11620402.50
Val - Loss, MSE, RMSE, MAE, MAPE: 31565920.00, 59972386.00, 7694.51, 5385.08, 6.36%
Test - Best epoch, Loss, MSE, RMSE, MAE, MAPE: 18, 19051520.00, 29599878.00, 5426.42, 3864.16, 4.25%
- Epoch 019, ExpID 23601
Train - Loss: 11554258.90
Val - Loss, MSE, RMSE, MAE, MAPE: 31611676.00, 59591298.00, 7675.79, 5384.64, 6.39%
Test - Best epoch, Loss, MSE, RMSE, MAE, MAPE: 18, 19051520.00, 29599878.00, 5426.42, 3864.16, 4.25%
- Epoch 020, ExpID 23601
Train - Loss: 11501895.90
Val - Loss, MSE, RMSE, MAE, MAPE: 31527682.00, 59497190.00, 7678.93, 5372.57, 6.40%
Test - Best epoch, Loss, MSE, RMSE, MAE, MAPE: 20, 18920850.00, 30719099.00, 5518.96, 3908.50, 4.34%
- Epoch 021, ExpID 23601
Train - Loss: 11493907.00
Val - Loss, MSE, RMSE, MAE, MAPE: 31348640.00, 59007068.00, 7633.22, 5302.04, 6.27%
Test - Best epoch, Loss, MSE, RMSE, MAE, MAPE: 21, 18754864.00, 29106704.00, 5377.46, 3803.42, 4.20%
- Epoch 022, ExpID 23601
Train - Loss: 11390089.75
Val - Loss, MSE, RMSE, MAE, MAPE: 31361330.00, 59341870.00, 7658.81, 5386.04, 6.40%
Test - Best epoch, Loss, MSE, RMSE, MAE, MAPE: 21, 18754864.00, 29106704.00, 5377.46, 3803.42, 4.20%
- Epoch 023, ExpID 23601
Train - Loss: 11364074.90
Val - Loss, MSE, RMSE, MAE, MAPE: 31250478.00, 59103648.00, 7652.84, 5367.23, 6.40%
Test - Best epoch, Loss, MSE, RMSE, MAE, MAPE: 23, 18630670.00, 30436602.00, 5489.49, 3853.60, 4.29%
- Epoch 024, ExpID 23601
Train - Loss: 11377530.35
Val - Loss, MSE, RMSE, MAE, MAPE: 31307984.00, 59295146.00, 7658.56, 5357.29, 6.35%
Test - Best epoch, Loss, MSE, RMSE, MAE, MAPE: 23, 18630670.00, 30436602.00, 5489.49, 3853.60, 4.29%
- Epoch 025, ExpID 23601
Train - Loss: 11294866.75
Val - Loss, MSE, RMSE, MAE, MAPE: 31249662.00, 59115996.00, 7651.84, 5361.56, 6.40%
Test - Best epoch, Loss, MSE, RMSE, MAE, MAPE: 25, 18422720.00, 29710454.00, 5425.31, 3795.19, 4.23%
- Epoch 026, ExpID 23601
Train - Loss: 11248402.20
Val - Loss, MSE, RMSE, MAE, MAPE: 31232836.00, 59724290.00, 7694.49, 5417.64, 6.48%
Test - Best epoch, Loss, MSE, RMSE, MAE, MAPE: 26, 18431316.00, 30836310.00, 5518.21, 3868.04, 4.31%
- Epoch 027, ExpID 23601
Train - Loss: 11282674.30
Val - Loss, MSE, RMSE, MAE, MAPE: 31069292.00, 59059070.00, 7648.37, 5351.66, 6.38%
Test - Best epoch, Loss, MSE, RMSE, MAE, MAPE: 27, 18350214.00, 29459376.00, 5401.40, 3794.87, 4.21%
- Epoch 028, ExpID 23601
Train - Loss: 11210089.65
Val - Loss, MSE, RMSE, MAE, MAPE: 31047734.00, 59069894.00, 7646.68, 5365.03, 6.39%
Test - Best epoch, Loss, MSE, RMSE, MAE, MAPE: 28, 18273388.00, 29398716.00, 5394.69, 3780.85, 4.20%
- Epoch 029, ExpID 23601
Train - Loss: 11180238.75
Val - Loss, MSE, RMSE, MAE, MAPE: 30943430.00, 58915796.00, 7636.61, 5365.55, 6.39%
Test - Best epoch, Loss, MSE, RMSE, MAE, MAPE: 29, 18165774.00, 29029519.00, 5359.68, 3754.02, 4.16%
- Epoch 030, ExpID 23601
Train - Loss: 11224766.75
Val - Loss, MSE, RMSE, MAE, MAPE: 31023044.00, 59486420.00, 7679.12, 5399.06, 6.45%
Test - Best epoch, Loss, MSE, RMSE, MAE, MAPE: 29, 18165774.00, 29029519.00, 5359.68, 3754.02, 4.16%
- Epoch 031, ExpID 23601
Train - Loss: 11143515.10
Val - Loss, MSE, RMSE, MAE, MAPE: 30836788.00, 59300374.00, 7671.07, 5390.82, 6.44%
Test - Best epoch, Loss, MSE, RMSE, MAE, MAPE: 31, 18050414.00, 29984402.00, 5443.19, 3837.13, 4.27%
- Epoch 032, ExpID 23601
Train - Loss: 11100278.85
Val - Loss, MSE, RMSE, MAE, MAPE: 30850304.00, 59565236.00, 7693.76, 5433.64, 6.53%
Test - Best epoch, Loss, MSE, RMSE, MAE, MAPE: 31, 18050414.00, 29984402.00, 5443.19, 3837.13, 4.27%
- Epoch 033, ExpID 23601
Train - Loss: 11105259.60
Val - Loss, MSE, RMSE, MAE, MAPE: 30910462.00, 59521996.00, 7685.81, 5421.71, 6.49%
Test - Best epoch, Loss, MSE, RMSE, MAE, MAPE: 31, 18050414.00, 29984402.00, 5443.19, 3837.13, 4.27%
- Epoch 034, ExpID 23601
Train - Loss: 11037173.20
Val - Loss, MSE, RMSE, MAE, MAPE: 30863344.00, 59407696.00, 7680.25, 5403.16, 6.47%
Test - Best epoch, Loss, MSE, RMSE, MAE, MAPE: 31, 18050414.00, 29984402.00, 5443.19, 3837.13, 4.27%
- Epoch 035, ExpID 23601
Train - Loss: 11058904.80
Val - Loss, MSE, RMSE, MAE, MAPE: 30552360.00, 58668580.00, 7626.64, 5350.49, 6.39%
Test - Best epoch, Loss, MSE, RMSE, MAE, MAPE: 35, 17902562.00, 29433088.00, 5389.64, 3789.90, 4.21%
- Epoch 036, ExpID 23601
Train - Loss: 11026778.90
Val - Loss, MSE, RMSE, MAE, MAPE: 30638888.00, 59126332.00, 7659.29, 5394.45, 6.45%
Test - Best epoch, Loss, MSE, RMSE, MAE, MAPE: 35, 17902562.00, 29433088.00, 5389.64, 3789.90, 4.21%
- Epoch 037, ExpID 23601
Train - Loss: 10984515.10
Val - Loss, MSE, RMSE, MAE, MAPE: 30632568.00, 59339770.00, 7676.93, 5431.34, 6.52%
Test - Best epoch, Loss, MSE, RMSE, MAE, MAPE: 35, 17902562.00, 29433088.00, 5389.64, 3789.90, 4.21%
- Epoch 038, ExpID 23601
Train - Loss: 10996249.25
Val - Loss, MSE, RMSE, MAE, MAPE: 30572720.00, 58975060.00, 7649.22, 5408.25, 6.47%
Test - Best epoch, Loss, MSE, RMSE, MAE, MAPE: 35, 17902562.00, 29433088.00, 5389.64, 3789.90, 4.21%
- Epoch 039, ExpID 23601
Train - Loss: 10959245.65
Val - Loss, MSE, RMSE, MAE, MAPE: 30398684.00, 58690522.00, 7632.05, 5365.99, 6.42%
Test - Best epoch, Loss, MSE, RMSE, MAE, MAPE: 39, 17796382.00, 29773975.00, 5418.67, 3841.52, 4.27%
- Epoch 040, ExpID 23601
Train - Loss: 10934101.50
Val - Loss, MSE, RMSE, MAE, MAPE: 30344600.00, 58547170.00, 7621.19, 5367.42, 6.41%
Test - Best epoch, Loss, MSE, RMSE, MAE, MAPE: 40, 17774504.00, 29620838.00, 5405.22, 3830.63, 4.25%
- Epoch 041, ExpID 23601
Train - Loss: 10866218.90
Val - Loss, MSE, RMSE, MAE, MAPE: 30272800.00, 58216546.00, 7605.13, 5335.03, 6.38%
Test - Best epoch, Loss, MSE, RMSE, MAE, MAPE: 41, 17711764.00, 29436654.00, 5387.63, 3835.81, 4.26%
- Epoch 042, ExpID 23601
Train - Loss: 10893101.30
Val - Loss, MSE, RMSE, MAE, MAPE: 30156952.00, 58166842.00, 7601.13, 5355.54, 6.42%
Test - Best epoch, Loss, MSE, RMSE, MAE, MAPE: 42, 17670912.00, 29818902.00, 5420.67, 3841.26, 4.28%
- Epoch 043, ExpID 23601
Train - Loss: 10851061.95
Val - Loss, MSE, RMSE, MAE, MAPE: 30162608.00, 58555606.00, 7629.30, 5379.22, 6.45%
Test - Best epoch, Loss, MSE, RMSE, MAE, MAPE: 42, 17670912.00, 29818902.00, 5420.67, 3841.26, 4.28%
- Epoch 044, ExpID 23601
Train - Loss: 10859523.45
Val - Loss, MSE, RMSE, MAE, MAPE: 30150040.00, 58160286.00, 7594.97, 5329.19, 6.36%
Test - Best epoch, Loss, MSE, RMSE, MAE, MAPE: 44, 17664554.00, 29101648.00, 5354.13, 3805.84, 4.22%
- Epoch 045, ExpID 23601
Train - Loss: 10746730.00
Val - Loss, MSE, RMSE, MAE, MAPE: 29977204.00, 58121616.00, 7600.34, 5340.44, 6.39%
Test - Best epoch, Loss, MSE, RMSE, MAE, MAPE: 45, 17637948.00, 29910892.00, 5424.08, 3868.61, 4.30%
- Epoch 046, ExpID 23601
Train - Loss: 10755826.45
Val - Loss, MSE, RMSE, MAE, MAPE: 29955484.00, 58177054.00, 7602.79, 5367.99, 6.44%
Test - Best epoch, Loss, MSE, RMSE, MAE, MAPE: 46, 17535406.00, 29828793.00, 5418.39, 3834.93, 4.27%
- Epoch 047, ExpID 23601
Train - Loss: 10769113.15
Val - Loss, MSE, RMSE, MAE, MAPE: 29797822.00, 57790842.00, 7575.62, 5360.65, 6.42%
Test - Best epoch, Loss, MSE, RMSE, MAE, MAPE: 47, 17541992.00, 29464222.00, 5384.81, 3819.27, 4.24%
- Epoch 048, ExpID 23601
Train - Loss: 10730334.85
Val - Loss, MSE, RMSE, MAE, MAPE: 29715980.00, 58176834.00, 7607.49, 5379.91, 6.47%
Test - Best epoch, Loss, MSE, RMSE, MAE, MAPE: 48, 17529630.00, 30574065.00, 5478.50, 3913.70, 4.36%
- Epoch 049, ExpID 23601
Train - Loss: 10745230.35
Val - Loss, MSE, RMSE, MAE, MAPE: 29636574.00, 57217556.00, 7538.26, 5303.54, 6.35%
Test - Best epoch, Loss, MSE, RMSE, MAE, MAPE: 49, 17467950.00, 29513991.00, 5388.67, 3837.13, 4.26%
- Epoch 050, ExpID 23601
Train - Loss: 10700826.35
Val - Loss, MSE, RMSE, MAE, MAPE: 29616416.00, 57321684.00, 7545.70, 5307.63, 6.35%
Test - Best epoch, Loss, MSE, RMSE, MAE, MAPE: 50, 17519012.00, 29035313.00, 5347.30, 3820.37, 4.24%
- Epoch 051, ExpID 23601
Train - Loss: 10658166.55
Val - Loss, MSE, RMSE, MAE, MAPE: 29529100.00, 57056034.00, 7525.74, 5304.30, 6.34%
Test - Best epoch, Loss, MSE, RMSE, MAE, MAPE: 51, 17455392.00, 29321120.00, 5370.68, 3829.48, 4.25%
- Epoch 052, ExpID 23601
Train - Loss: 10631302.15
Val - Loss, MSE, RMSE, MAE, MAPE: 29506060.00, 57139982.00, 7536.52, 5304.42, 6.36%
Test - Best epoch, Loss, MSE, RMSE, MAE, MAPE: 52, 17445122.00, 30045997.00, 5430.70, 3874.41, 4.31%
- Epoch 053, ExpID 23601
Train - Loss: 10650372.00
Val - Loss, MSE, RMSE, MAE, MAPE: 29400904.00, 56595314.00, 7489.82, 5266.26, 6.28%
Test - Best epoch, Loss, MSE, RMSE, MAE, MAPE: 53, 17351588.00, 28451958.00, 5296.11, 3784.88, 4.18%
- Epoch 054, ExpID 23601
Train - Loss: 10644693.20
Val - Loss, MSE, RMSE, MAE, MAPE: 29335404.00, 56818414.00, 7514.28, 5302.04, 6.36%
Test - Best epoch, Loss, MSE, RMSE, MAE, MAPE: 54, 17294176.00, 29284706.00, 5362.15, 3824.58, 4.25%
- Epoch 055, ExpID 23601
Train - Loss: 10631571.00
Val - Loss, MSE, RMSE, MAE, MAPE: 29302904.00, 56614572.00, 7499.33, 5283.10, 6.33%
Test - Best epoch, Loss, MSE, RMSE, MAE, MAPE: 55, 17288328.00, 29046251.00, 5341.77, 3813.67, 4.23%
- Epoch 056, ExpID 23601
Train - Loss: 10499222.25
Val - Loss, MSE, RMSE, MAE, MAPE: 29176312.00, 56745970.00, 7511.70, 5298.83, 6.36%
Test - Best epoch, Loss, MSE, RMSE, MAE, MAPE: 56, 17291886.00, 29858880.00, 5408.00, 3869.32, 4.30%
- Epoch 057, ExpID 23601
Train - Loss: 10576658.85
Val - Loss, MSE, RMSE, MAE, MAPE: 29264964.00, 56421556.00, 7485.63, 5247.87, 6.29%
Test - Best epoch, Loss, MSE, RMSE, MAE, MAPE: 56, 17291886.00, 29858880.00, 5408.00, 3869.32, 4.30%
- Epoch 058, ExpID 23601
Train - Loss: 10520237.70
Val - Loss, MSE, RMSE, MAE, MAPE: 29057158.00, 56524114.00, 7496.11, 5285.31, 6.33%
Test - Best epoch, Loss, MSE, RMSE, MAE, MAPE: 58, 17248764.00, 29824530.00, 5404.85, 3855.31, 4.28%
- Epoch 059, ExpID 23601
Train - Loss: 10501934.45
Val - Loss, MSE, RMSE, MAE, MAPE: 29182480.00, 56255006.00, 7473.70, 5248.02, 6.28%
Test - Best epoch, Loss, MSE, RMSE, MAE, MAPE: 58, 17248764.00, 29824530.00, 5404.85, 3855.31, 4.28%
- Epoch 060, ExpID 23601
Train - Loss: 10517104.60
Val - Loss, MSE, RMSE, MAE, MAPE: 29215088.00, 56731900.00, 7509.40, 5293.68, 6.36%
Test - Best epoch, Loss, MSE, RMSE, MAE, MAPE: 58, 17248764.00, 29824530.00, 5404.85, 3855.31, 4.28%
- Epoch 061, ExpID 23601
Train - Loss: 10481964.55
Val - Loss, MSE, RMSE, MAE, MAPE: 29015670.00, 56311738.00, 7481.59, 5254.39, 6.30%
Test - Best epoch, Loss, MSE, RMSE, MAE, MAPE: 61, 17131024.00, 29215988.00, 5351.77, 3824.92, 4.25%
- Epoch 062, ExpID 23601
Train - Loss: 10483624.45
Val - Loss, MSE, RMSE, MAE, MAPE: 29035782.00, 56495006.00, 7493.44, 5289.47, 6.35%
Test - Best epoch, Loss, MSE, RMSE, MAE, MAPE: 61, 17131024.00, 29215988.00, 5351.77, 3824.92, 4.25%
- Epoch 063, ExpID 23601
Train - Loss: 10433960.60
Val - Loss, MSE, RMSE, MAE, MAPE: 28961368.00, 55817666.00, 7444.30, 5223.71, 6.25%
Test - Best epoch, Loss, MSE, RMSE, MAE, MAPE: 63, 17196576.00, 28728384.00, 5307.40, 3801.91, 4.21%
- Epoch 064, ExpID 23601
Train - Loss: 10374085.65
Val - Loss, MSE, RMSE, MAE, MAPE: 28872590.00, 55632558.00, 7431.41, 5212.09, 6.23%
Test - Best epoch, Loss, MSE, RMSE, MAE, MAPE: 64, 17151336.00, 29446306.00, 5368.91, 3841.13, 4.26%
- Epoch 065, ExpID 23601
Train - Loss: 10340395.80
Val - Loss, MSE, RMSE, MAE, MAPE: 28895912.00, 55720446.00, 7438.40, 5207.93, 6.23%
Test - Best epoch, Loss, MSE, RMSE, MAE, MAPE: 64, 17151336.00, 29446306.00, 5368.91, 3841.13, 4.26%
- Epoch 066, ExpID 23601
Train - Loss: 10329282.40
Val - Loss, MSE, RMSE, MAE, MAPE: 28826420.00, 55582480.00, 7430.39, 5202.13, 6.23%
Test - Best epoch, Loss, MSE, RMSE, MAE, MAPE: 66, 17142022.00, 29320571.00, 5357.81, 3853.24, 4.27%
- Epoch 067, ExpID 23601
Train - Loss: 10392383.00
Val - Loss, MSE, RMSE, MAE, MAPE: 28805380.00, 55044672.00, 7390.03, 5176.67, 6.19%
Test - Best epoch, Loss, MSE, RMSE, MAE, MAPE: 67, 17147872.00, 28582883.00, 5297.48, 3791.16, 4.20%
- Epoch 068, ExpID 23601
Train - Loss: 10386812.50
Val - Loss, MSE, RMSE, MAE, MAPE: 28748336.00, 55566860.00, 7436.77, 5206.60, 6.24%
Test - Best epoch, Loss, MSE, RMSE, MAE, MAPE: 68, 17085372.00, 29530314.00, 5371.33, 3854.72, 4.28%
- Epoch 069, ExpID 23601
Train - Loss: 10308945.20
Val - Loss, MSE, RMSE, MAE, MAPE: 28794800.00, 55364572.00, 7414.26, 5202.76, 6.23%
Test - Best epoch, Loss, MSE, RMSE, MAE, MAPE: 68, 17085372.00, 29530314.00, 5371.33, 3854.72, 4.28%
- Epoch 070, ExpID 23601
Train - Loss: 10296696.05
Val - Loss, MSE, RMSE, MAE, MAPE: 28822612.00, 55637076.00, 7433.87, 5214.28, 6.25%
Test - Best epoch, Loss, MSE, RMSE, MAE, MAPE: 68, 17085372.00, 29530314.00, 5371.33, 3854.72, 4.28%
- Epoch 071, ExpID 23601
Train - Loss: 10260644.20
Val - Loss, MSE, RMSE, MAE, MAPE: 28632504.00, 55422202.00, 7422.29, 5209.88, 6.24%
Test - Best epoch, Loss, MSE, RMSE, MAE, MAPE: 71, 17055840.00, 29689630.00, 5386.07, 3873.73, 4.30%
- Epoch 072, ExpID 23601
Train - Loss: 10280007.60
Val - Loss, MSE, RMSE, MAE, MAPE: 28655884.00, 55337262.00, 7417.85, 5184.29, 6.22%
Test - Best epoch, Loss, MSE, RMSE, MAE, MAPE: 71, 17055840.00, 29689630.00, 5386.07, 3873.73, 4.30%
- Epoch 073, ExpID 23601
Train - Loss: 10234552.80
Val - Loss, MSE, RMSE, MAE, MAPE: 28676450.00, 55292888.00, 7413.53, 5190.32, 6.22%
Test - Best epoch, Loss, MSE, RMSE, MAE, MAPE: 71, 17055840.00, 29689630.00, 5386.07, 3873.73, 4.30%
- Epoch 074, ExpID 23601
Train - Loss: 10228472.80
Val - Loss, MSE, RMSE, MAE, MAPE: 28651108.00, 55166754.00, 7403.91, 5182.81, 6.20%
Test - Best epoch, Loss, MSE, RMSE, MAE, MAPE: 71, 17055840.00, 29689630.00, 5386.07, 3873.73, 4.30%
- Epoch 075, ExpID 23601
Train - Loss: 10154238.85
Val - Loss, MSE, RMSE, MAE, MAPE: 28684436.00, 55352840.00, 7416.24, 5187.30, 6.21%
Test - Best epoch, Loss, MSE, RMSE, MAE, MAPE: 71, 17055840.00, 29689630.00, 5386.07, 3873.73, 4.30%
- Epoch 076, ExpID 23601
Train - Loss: 10176409.30
Val - Loss, MSE, RMSE, MAE, MAPE: 28682160.00, 55596820.00, 7437.16, 5217.04, 6.27%
Test - Best epoch, Loss, MSE, RMSE, MAE, MAPE: 71, 17055840.00, 29689630.00, 5386.07, 3873.73, 4.30%
- Epoch 077, ExpID 23601
Train - Loss: 10157908.90
Val - Loss, MSE, RMSE, MAE, MAPE: 28631662.00, 55352942.00, 7417.97, 5212.39, 6.26%
Test - Best epoch, Loss, MSE, RMSE, MAE, MAPE: 77, 16919332.00, 29206979.00, 5344.49, 3841.08, 4.26%
- Epoch 078, ExpID 23601
Train - Loss: 10145435.20
Val - Loss, MSE, RMSE, MAE, MAPE: 28688932.00, 55068734.00, 7395.69, 5174.12, 6.19%
Test - Best epoch, Loss, MSE, RMSE, MAE, MAPE: 77, 16919332.00, 29206979.00, 5344.49, 3841.08, 4.26%
- Epoch 079, ExpID 23601
Train - Loss: 10119227.30
Val - Loss, MSE, RMSE, MAE, MAPE: 28645592.00, 55103732.00, 7398.74, 5168.87, 6.19%
Test - Best epoch, Loss, MSE, RMSE, MAE, MAPE: 77, 16919332.00, 29206979.00, 5344.49, 3841.08, 4.26%
- Epoch 080, ExpID 23601
Train - Loss: 10084087.30
Val - Loss, MSE, RMSE, MAE, MAPE: 28675548.00, 54989998.00, 7388.48, 5182.17, 6.20%
Test - Best epoch, Loss, MSE, RMSE, MAE, MAPE: 77, 16919332.00, 29206979.00, 5344.49, 3841.08, 4.26%
- Epoch 081, ExpID 23601
Train - Loss: 10053802.95
Val - Loss, MSE, RMSE, MAE, MAPE: 28620384.00, 55159090.00, 7407.09, 5188.53, 6.23%
Test - Best epoch, Loss, MSE, RMSE, MAE, MAPE: 81, 16894396.00, 29555824.00, 5368.42, 3856.29, 4.29%
- Epoch 082, ExpID 23601
Train - Loss: 10068665.80
Val - Loss, MSE, RMSE, MAE, MAPE: 28584424.00, 55166066.00, 7408.01, 5167.67, 6.21%
Test - Best epoch, Loss, MSE, RMSE, MAE, MAPE: 82, 16910776.00, 29222398.00, 5343.79, 3852.62, 4.28%
- Epoch 083, ExpID 23601
Train - Loss: 10059229.70
Val - Loss, MSE, RMSE, MAE, MAPE: 28536724.00, 54984278.00, 7393.53, 5170.52, 6.20%
Test - Best epoch, Loss, MSE, RMSE, MAE, MAPE: 83, 16864236.00, 28764105.00, 5300.85, 3819.64, 4.24%
- Epoch 084, ExpID 23601
Train - Loss: 10030002.45
Val - Loss, MSE, RMSE, MAE, MAPE: 28565326.00, 54833304.00, 7383.05, 5166.88, 6.20%
Test - Best epoch, Loss, MSE, RMSE, MAE, MAPE: 83, 16864236.00, 28764105.00, 5300.85, 3819.64, 4.24%
- Epoch 085, ExpID 23601
Train - Loss: 10021724.70
Val - Loss, MSE, RMSE, MAE, MAPE: 28604684.00, 55231564.00, 7409.92, 5199.93, 6.24%
Test - Best epoch, Loss, MSE, RMSE, MAE, MAPE: 83, 16864236.00, 28764105.00, 5300.85, 3819.64, 4.24%
- Epoch 086, ExpID 23601
Train - Loss: 9986061.20
Val - Loss, MSE, RMSE, MAE, MAPE: 28467186.00, 54666618.00, 7368.32, 5152.31, 6.16%
Test - Best epoch, Loss, MSE, RMSE, MAE, MAPE: 86, 16806786.00, 28204550.00, 5255.63, 3780.97, 4.19%
- Epoch 087, ExpID 23601
Train - Loss: 10002582.00
Val - Loss, MSE, RMSE, MAE, MAPE: 28415268.00, 54776364.00, 7379.87, 5162.91, 6.19%
Test - Best epoch, Loss, MSE, RMSE, MAE, MAPE: 87, 16864060.00, 28767475.00, 5305.77, 3814.72, 4.23%
- Epoch 088, ExpID 23601
Train - Loss: 9943098.65
Val - Loss, MSE, RMSE, MAE, MAPE: 28465536.00, 54889612.00, 7385.93, 5162.97, 6.19%
Test - Best epoch, Loss, MSE, RMSE, MAE, MAPE: 87, 16864060.00, 28767475.00, 5305.77, 3814.72, 4.23%
- Epoch 089, ExpID 23601
Train - Loss: 9911253.45
Val - Loss, MSE, RMSE, MAE, MAPE: 28397942.00, 54616558.00, 7367.55, 5160.78, 6.18%
Test - Best epoch, Loss, MSE, RMSE, MAE, MAPE: 89, 16909502.00, 28805533.00, 5307.32, 3838.49, 4.26%
- Epoch 090, ExpID 23601
Train - Loss: 9947283.55
Val - Loss, MSE, RMSE, MAE, MAPE: 28482074.00, 55064356.00, 7402.19, 5193.69, 6.24%
Test - Best epoch, Loss, MSE, RMSE, MAE, MAPE: 89, 16909502.00, 28805533.00, 5307.32, 3838.49, 4.26%
- Epoch 091, ExpID 23601
Train - Loss: 9896497.75
Val - Loss, MSE, RMSE, MAE, MAPE: 28455972.00, 54977820.00, 7393.75, 5175.24, 6.21%
Test - Best epoch, Loss, MSE, RMSE, MAE, MAPE: 89, 16909502.00, 28805533.00, 5307.32, 3838.49, 4.26%
- Epoch 092, ExpID 23601
Train - Loss: 9908854.80
Val - Loss, MSE, RMSE, MAE, MAPE: 28363140.00, 54722684.00, 7377.88, 5180.80, 6.22%
Test - Best epoch, Loss, MSE, RMSE, MAE, MAPE: 92, 16935884.00, 29542052.00, 5373.72, 3882.41, 4.32%
- Epoch 093, ExpID 23601
Train - Loss: 9884884.60
Val - Loss, MSE, RMSE, MAE, MAPE: 28449100.00, 54695180.00, 7375.56, 5161.35, 6.19%
Test - Best epoch, Loss, MSE, RMSE, MAE, MAPE: 92, 16935884.00, 29542052.00, 5373.72, 3882.41, 4.32%
- Epoch 094, ExpID 23601
Train - Loss: 9868139.45
Val - Loss, MSE, RMSE, MAE, MAPE: 28354252.00, 54101490.00, 7330.91, 5110.09, 6.11%
Test - Best epoch, Loss, MSE, RMSE, MAE, MAPE: 94, 16895168.00, 28392955.00, 5271.40, 3822.53, 4.23%
- Epoch 095, ExpID 23601
Train - Loss: 9851197.20
Val - Loss, MSE, RMSE, MAE, MAPE: 28292080.00, 54334288.00, 7347.02, 5136.23, 6.15%
Test - Best epoch, Loss, MSE, RMSE, MAE, MAPE: 95, 16831210.00, 28101051.00, 5248.41, 3807.05, 4.21%
- Epoch 096, ExpID 23601
Train - Loss: 9796612.65
Val - Loss, MSE, RMSE, MAE, MAPE: 28273542.00, 54373944.00, 7351.62, 5156.56, 6.19%
Test - Best epoch, Loss, MSE, RMSE, MAE, MAPE: 96, 16808684.00, 28614422.00, 5291.68, 3823.89, 4.25%
- Epoch 097, ExpID 23601
Train - Loss: 9791852.80
Val - Loss, MSE, RMSE, MAE, MAPE: 28179162.00, 54371842.00, 7354.62, 5154.16, 6.19%
Test - Best epoch, Loss, MSE, RMSE, MAE, MAPE: 97, 16829884.00, 29092035.00, 5330.91, 3858.52, 4.29%
- Epoch 098, ExpID 23601
Train - Loss: 9752326.50
Val - Loss, MSE, RMSE, MAE, MAPE: 28167788.00, 54274190.00, 7346.02, 5153.08, 6.18%
Test - Best epoch, Loss, MSE, RMSE, MAE, MAPE: 98, 16851572.00, 28864615.00, 5309.95, 3851.61, 4.28%
- Epoch 099, ExpID 23601
Train - Loss: 9789811.80
Val - Loss, MSE, RMSE, MAE, MAPE: 28137036.00, 53731106.00, 7303.90, 5095.86, 6.09%
Test - Best epoch, Loss, MSE, RMSE, MAE, MAPE: 99, 16826014.00, 28017646.00, 5240.10, 3806.19, 4.21%
- Epoch 100, ExpID 23601
Train - Loss: 9790719.10
Val - Loss, MSE, RMSE, MAE, MAPE: 28154348.00, 54432464.00, 7358.92, 5149.53, 6.18%
Test - Best epoch, Loss, MSE, RMSE, MAE, MAPE: 99, 16826014.00, 28017646.00, 5240.10, 3806.19, 4.21%
- Epoch 101, ExpID 23601
Train - Loss: 9725593.60
Val - Loss, MSE, RMSE, MAE, MAPE: 28148192.00, 54355424.00, 7354.51, 5156.05, 6.19%
Test - Best epoch, Loss, MSE, RMSE, MAE, MAPE: 99, 16826014.00, 28017646.00, 5240.10, 3806.19, 4.21%
- Epoch 102, ExpID 23601
Train - Loss: 9770932.15
Val - Loss, MSE, RMSE, MAE, MAPE: 28078026.00, 53945024.00, 7323.04, 5122.25, 6.14%
Test - Best epoch, Loss, MSE, RMSE, MAE, MAPE: 102, 16753458.00, 28274521.00, 5259.92, 3821.84, 4.24%
- Epoch 103, ExpID 23601
Train - Loss: 9715075.80
Val - Loss, MSE, RMSE, MAE, MAPE: 28168308.00, 54229348.00, 7343.60, 5128.13, 6.15%
Test - Best epoch, Loss, MSE, RMSE, MAE, MAPE: 102, 16753458.00, 28274521.00, 5259.92, 3821.84, 4.24%
- Epoch 104, ExpID 23601
Train - Loss: 9719666.20
Val - Loss, MSE, RMSE, MAE, MAPE: 27941392.00, 53481986.00, 7287.92, 5088.04, 6.09%
Test - Best epoch, Loss, MSE, RMSE, MAE, MAPE: 104, 16768010.00, 27792813.00, 5215.23, 3788.63, 4.19%
- Epoch 105, ExpID 23601
Train - Loss: 9675837.10
Val - Loss, MSE, RMSE, MAE, MAPE: 28036840.00, 54094498.00, 7334.13, 5118.26, 6.14%
Test - Best epoch, Loss, MSE, RMSE, MAE, MAPE: 104, 16768010.00, 27792813.00, 5215.23, 3788.63, 4.19%
- Epoch 106, ExpID 23601
Train - Loss: 9648505.55
Val - Loss, MSE, RMSE, MAE, MAPE: 27946532.00, 53760510.00, 7311.80, 5112.39, 6.14%
Test - Best epoch, Loss, MSE, RMSE, MAE, MAPE: 104, 16768010.00, 27792813.00, 5215.23, 3788.63, 4.19%
- Epoch 107, ExpID 23601
Train - Loss: 9643825.35
Val - Loss, MSE, RMSE, MAE, MAPE: 27920924.00, 53731824.00, 7309.55, 5123.18, 6.15%
Test - Best epoch, Loss, MSE, RMSE, MAE, MAPE: 107, 16689238.00, 28267039.00, 5259.80, 3816.03, 4.23%
- Epoch 108, ExpID 23601
Train - Loss: 9658347.00
Val - Loss, MSE, RMSE, MAE, MAPE: 28005104.00, 53873980.00, 7319.88, 5143.30, 6.18%
Test - Best epoch, Loss, MSE, RMSE, MAE, MAPE: 107, 16689238.00, 28267039.00, 5259.80, 3816.03, 4.23%
- Epoch 109, ExpID 23601
Train - Loss: 9642635.25
Val - Loss, MSE, RMSE, MAE, MAPE: 27902046.00, 53570262.00, 7299.04, 5111.07, 6.13%
Test - Best epoch, Loss, MSE, RMSE, MAE, MAPE: 109, 16729600.00, 28200482.00, 5248.79, 3824.58, 4.24%
- Epoch 110, ExpID 23601
Train - Loss: 9640893.15
Val - Loss, MSE, RMSE, MAE, MAPE: 27948052.00, 54214540.00, 7346.75, 5169.32, 6.22%
Test - Best epoch, Loss, MSE, RMSE, MAE, MAPE: 109, 16729600.00, 28200482.00, 5248.79, 3824.58, 4.24%
- Epoch 111, ExpID 23601
Train - Loss: 9583069.05
Val - Loss, MSE, RMSE, MAE, MAPE: 27835592.00, 54041408.00, 7335.87, 5146.85, 6.19%
Test - Best epoch, Loss, MSE, RMSE, MAE, MAPE: 111, 16672314.00, 29008491.00, 5317.16, 3871.11, 4.30%
- Epoch 112, ExpID 23601
Train - Loss: 9556427.85
Val - Loss, MSE, RMSE, MAE, MAPE: 27897888.00, 54000564.00, 7332.23, 5121.78, 6.16%
Test - Best epoch, Loss, MSE, RMSE, MAE, MAPE: 111, 16672314.00, 29008491.00, 5317.16, 3871.11, 4.30%
- Epoch 113, ExpID 23601
Train - Loss: 9518590.20
Val - Loss, MSE, RMSE, MAE, MAPE: 27957932.00, 53765232.00, 7312.33, 5108.62, 6.12%
Test - Best epoch, Loss, MSE, RMSE, MAE, MAPE: 111, 16672314.00, 29008491.00, 5317.16, 3871.11, 4.30%
- Epoch 114, ExpID 23601
Train - Loss: 9598208.95
Val - Loss, MSE, RMSE, MAE, MAPE: 27745040.00, 52964752.00, 7252.81, 5081.91, 6.08%
Test - Best epoch, Loss, MSE, RMSE, MAE, MAPE: 114, 16710759.00, 27519838.00, 5193.70, 3785.64, 4.18%
- Epoch 115, ExpID 23601
Train - Loss: 9556452.55
Val - Loss, MSE, RMSE, MAE, MAPE: 27847734.00, 53662716.00, 7306.09, 5110.41, 6.14%
Test - Best epoch, Loss, MSE, RMSE, MAE, MAPE: 114, 16710759.00, 27519838.00, 5193.70, 3785.64, 4.18%
- Epoch 116, ExpID 23601
Train - Loss: 9497012.05
Val - Loss, MSE, RMSE, MAE, MAPE: 27739150.00, 53565978.00, 7300.44, 5101.46, 6.12%
Test - Best epoch, Loss, MSE, RMSE, MAE, MAPE: 116, 16775116.00, 28516134.00, 5275.06, 3841.58, 4.26%
- Epoch 117, ExpID 23601
Train - Loss: 9539794.85
Val - Loss, MSE, RMSE, MAE, MAPE: 27799806.00, 53164548.00, 7270.36, 5096.80, 6.11%
Test - Best epoch, Loss, MSE, RMSE, MAE, MAPE: 116, 16775116.00, 28516134.00, 5275.06, 3841.58, 4.26%
- Epoch 118, ExpID 23601
Train - Loss: 9459632.00
Val - Loss, MSE, RMSE, MAE, MAPE: 27698624.00, 53041744.00, 7259.68, 5089.04, 6.10%
Test - Best epoch, Loss, MSE, RMSE, MAE, MAPE: 118, 16743078.00, 27782824.00, 5216.43, 3811.85, 4.22%
- Epoch 119, ExpID 23601
Train - Loss: 9400207.35
Val - Loss, MSE, RMSE, MAE, MAPE: 27731714.00, 52957854.00, 7252.88, 5076.02, 6.08%
Test - Best epoch, Loss, MSE, RMSE, MAE, MAPE: 118, 16743078.00, 27782824.00, 5216.43, 3811.85, 4.22%
- Epoch 120, ExpID 23601
Train - Loss: 9436365.05
Val - Loss, MSE, RMSE, MAE, MAPE: 27737520.00, 53103026.00, 7266.74, 5059.75, 6.06%
Test - Best epoch, Loss, MSE, RMSE, MAE, MAPE: 118, 16743078.00, 27782824.00, 5216.43, 3811.85, 4.22%
- Epoch 121, ExpID 23601
Train - Loss: 9420524.40
Val - Loss, MSE, RMSE, MAE, MAPE: 27825546.00, 53864472.00, 7322.10, 5120.20, 6.16%
Test - Best epoch, Loss, MSE, RMSE, MAE, MAPE: 118, 16743078.00, 27782824.00, 5216.43, 3811.85, 4.22%
- Epoch 122, ExpID 23601
Train - Loss: 9419512.75
Val - Loss, MSE, RMSE, MAE, MAPE: 27654332.00, 53245650.00, 7277.04, 5108.60, 6.13%
Test - Best epoch, Loss, MSE, RMSE, MAE, MAPE: 122, 16702822.00, 28000714.00, 5233.00, 3816.08, 4.23%
- Epoch 123, ExpID 23601
Train - Loss: 9355538.65
Val - Loss, MSE, RMSE, MAE, MAPE: 27763544.00, 53730000.00, 7312.77, 5127.42, 6.17%
Test - Best epoch, Loss, MSE, RMSE, MAE, MAPE: 122, 16702822.00, 28000714.00, 5233.00, 3816.08, 4.23%
- Epoch 124, ExpID 23601
Train - Loss: 9389921.85
Val - Loss, MSE, RMSE, MAE, MAPE: 27719876.00, 53161308.00, 7267.18, 5097.65, 6.11%
Test - Best epoch, Loss, MSE, RMSE, MAE, MAPE: 122, 16702822.00, 28000714.00, 5233.00, 3816.08, 4.23%
- Epoch 125, ExpID 23601
Train - Loss: 9345984.50
Val - Loss, MSE, RMSE, MAE, MAPE: 27726526.00, 53251036.00, 7276.18, 5086.87, 6.10%
Test - Best epoch, Loss, MSE, RMSE, MAE, MAPE: 122, 16702822.00, 28000714.00, 5233.00, 3816.08, 4.23%
- Epoch 126, ExpID 23601
Train - Loss: 9363135.05
Val - Loss, MSE, RMSE, MAE, MAPE: 27558072.00, 53131564.00, 7269.39, 5108.30, 6.13%
Test - Best epoch, Loss, MSE, RMSE, MAE, MAPE: 126, 16695936.00, 28045851.00, 5235.03, 3833.55, 4.24%
- Epoch 127, ExpID 23601
Train - Loss: 9352626.60
Val - Loss, MSE, RMSE, MAE, MAPE: 27602940.00, 52974644.00, 7256.18, 5078.11, 6.09%
Test - Best epoch, Loss, MSE, RMSE, MAE, MAPE: 126, 16695936.00, 28045851.00, 5235.03, 3833.55, 4.24%
- Epoch 128, ExpID 23601
Train - Loss: 9379131.10
Val - Loss, MSE, RMSE, MAE, MAPE: 27595940.00, 52888410.00, 7253.92, 5074.50, 6.09%
Test - Best epoch, Loss, MSE, RMSE, MAE, MAPE: 126, 16695936.00, 28045851.00, 5235.03, 3833.55, 4.24%
- Epoch 129, ExpID 23601
Train - Loss: 9323847.10
Val - Loss, MSE, RMSE, MAE, MAPE: 27680748.00, 53343954.00, 7286.20, 5088.87, 6.12%
Test - Best epoch, Loss, MSE, RMSE, MAE, MAPE: 126, 16695936.00, 28045851.00, 5235.03, 3833.55, 4.24%
- Epoch 130, ExpID 23601
Train - Loss: 9273700.40
Val - Loss, MSE, RMSE, MAE, MAPE: 27600616.00, 53185688.00, 7276.01, 5097.32, 6.14%
Test - Best epoch, Loss, MSE, RMSE, MAE, MAPE: 126, 16695936.00, 28045851.00, 5235.03, 3833.55, 4.24%
- Epoch 131, ExpID 23601
Train - Loss: 9294200.25
Val - Loss, MSE, RMSE, MAE, MAPE: 27624056.00, 53424860.00, 7291.45, 5107.56, 6.14%
Test - Best epoch, Loss, MSE, RMSE, MAE, MAPE: 126, 16695936.00, 28045851.00, 5235.03, 3833.55, 4.24%
- Epoch 132, ExpID 23601
Train - Loss: 9242632.15
Val - Loss, MSE, RMSE, MAE, MAPE: 27603652.00, 53250660.00, 7278.67, 5097.97, 6.13%
Test - Best epoch, Loss, MSE, RMSE, MAE, MAPE: 126, 16695936.00, 28045851.00, 5235.03, 3833.55, 4.24%
- Epoch 133, ExpID 23601
Train - Loss: 9232010.35
Val - Loss, MSE, RMSE, MAE, MAPE: 27499920.00, 52868242.00, 7249.87, 5084.85, 6.10%
Test - Best epoch, Loss, MSE, RMSE, MAE, MAPE: 133, 16756070.00, 27904045.00, 5223.85, 3827.20, 4.23%
- Epoch 134, ExpID 23601
Train - Loss: 9206144.03
Val - Loss, MSE, RMSE, MAE, MAPE: 27482424.00, 53042232.00, 7264.04, 5095.42, 6.12%
Test - Best epoch, Loss, MSE, RMSE, MAE, MAPE: 134, 16711872.00, 28103116.00, 5240.21, 3835.32, 4.25%
- Epoch 135, ExpID 23601
Train - Loss: 9171148.25
Val - Loss, MSE, RMSE, MAE, MAPE: 27535936.00, 52916132.00, 7252.75, 5089.52, 6.11%
Test - Best epoch, Loss, MSE, RMSE, MAE, MAPE: 134, 16711872.00, 28103116.00, 5240.21, 3835.32, 4.25%
- Epoch 136, ExpID 23601
Train - Loss: 9214732.65
Val - Loss, MSE, RMSE, MAE, MAPE: 27487774.00, 52660884.00, 7235.03, 5060.22, 6.07%
Test - Best epoch, Loss, MSE, RMSE, MAE, MAPE: 134, 16711872.00, 28103116.00, 5240.21, 3835.32, 4.25%
- Epoch 137, ExpID 23601
Train - Loss: 9174478.35
Val - Loss, MSE, RMSE, MAE, MAPE: 27477778.00, 52928208.00, 7255.95, 5094.43, 6.13%
Test - Best epoch, Loss, MSE, RMSE, MAE, MAPE: 137, 16744678.00, 28311270.00, 5258.83, 3852.51, 4.27%
- Epoch 138, ExpID 23601
Train - Loss: 9191575.55
Val - Loss, MSE, RMSE, MAE, MAPE: 27557656.00, 52858208.00, 7247.48, 5084.98, 6.11%
Test - Best epoch, Loss, MSE, RMSE, MAE, MAPE: 137, 16744678.00, 28311270.00, 5258.83, 3852.51, 4.27%
- Epoch 139, ExpID 23601
Train - Loss: 9138335.15
Val - Loss, MSE, RMSE, MAE, MAPE: 27429856.00, 52762254.00, 7244.83, 5077.19, 6.10%
Test - Best epoch, Loss, MSE, RMSE, MAE, MAPE: 139, 16790600.00, 28071620.00, 5235.12, 3835.24, 4.25%
- Epoch 140, ExpID 23601
Train - Loss: 9117592.70
Val - Loss, MSE, RMSE, MAE, MAPE: 27390360.00, 52641502.00, 7232.27, 5082.22, 6.09%
Test - Best epoch, Loss, MSE, RMSE, MAE, MAPE: 140, 16754401.00, 27626956.00, 5197.44, 3810.26, 4.21%
- Epoch 141, ExpID 23601
Train - Loss: 9107363.35
Val - Loss, MSE, RMSE, MAE, MAPE: 27409646.00, 52654772.00, 7236.05, 5069.22, 6.08%
Test - Best epoch, Loss, MSE, RMSE, MAE, MAPE: 140, 16754401.00, 27626956.00, 5197.44, 3810.26, 4.21%
- Epoch 142, ExpID 23601
Train - Loss: 9138019.85
Val - Loss, MSE, RMSE, MAE, MAPE: 27490006.00, 52385252.00, 7212.86, 5035.76, 6.03%
Test - Best epoch, Loss, MSE, RMSE, MAE, MAPE: 140, 16754401.00, 27626956.00, 5197.44, 3810.26, 4.21%
- Epoch 143, ExpID 23601
Train - Loss: 9117047.95
Val - Loss, MSE, RMSE, MAE, MAPE: 27439782.00, 52922346.00, 7255.51, 5100.73, 6.13%
Test - Best epoch, Loss, MSE, RMSE, MAE, MAPE: 140, 16754401.00, 27626956.00, 5197.44, 3810.26, 4.21%
- Epoch 144, ExpID 23601
Train - Loss: 9093984.00
Val - Loss, MSE, RMSE, MAE, MAPE: 27466802.00, 52960726.00, 7256.80, 5092.77, 6.12%
Test - Best epoch, Loss, MSE, RMSE, MAE, MAPE: 140, 16754401.00, 27626956.00, 5197.44, 3810.26, 4.21%
- Epoch 145, ExpID 23601
Train - Loss: 9073965.00
Val - Loss, MSE, RMSE, MAE, MAPE: 27371342.00, 52792326.00, 7247.30, 5095.54, 6.13%
Test - Best epoch, Loss, MSE, RMSE, MAE, MAPE: 145, 16617164.00, 27934222.00, 5219.50, 3812.37, 4.23%
- Epoch 146, ExpID 23601
Train - Loss: 9060676.30
Val - Loss, MSE, RMSE, MAE, MAPE: 27446488.00, 52767654.00, 7245.01, 5080.50, 6.11%
Test - Best epoch, Loss, MSE, RMSE, MAE, MAPE: 145, 16617164.00, 27934222.00, 5219.50, 3812.37, 4.23%
- Epoch 147, ExpID 23601
Train - Loss: 9061110.15
Val - Loss, MSE, RMSE, MAE, MAPE: 27383760.00, 52493518.00, 7222.95, 5075.54, 6.09%
Test - Best epoch, Loss, MSE, RMSE, MAE, MAPE: 145, 16617164.00, 27934222.00, 5219.50, 3812.37, 4.23%
- Epoch 148, ExpID 23601
Train - Loss: 8990936.20
Val - Loss, MSE, RMSE, MAE, MAPE: 27338054.00, 52320228.00, 7211.86, 5046.25, 6.05%
Test - Best epoch, Loss, MSE, RMSE, MAE, MAPE: 148, 16712480.00, 27312550.00, 5168.25, 3797.16, 4.20%
- Epoch 149, ExpID 23601
Train - Loss: 9001032.80
Val - Loss, MSE, RMSE, MAE, MAPE: 27402228.00, 52417460.00, 7219.21, 5067.72, 6.08%
Test - Best epoch, Loss, MSE, RMSE, MAE, MAPE: 148, 16712480.00, 27312550.00, 5168.25, 3797.16, 4.20%
- Epoch 150, ExpID 23601
Train - Loss: 8973696.35
Val - Loss, MSE, RMSE, MAE, MAPE: 27412674.00, 52688582.00, 7236.81, 5079.18, 6.09%
Test - Best epoch, Loss, MSE, RMSE, MAE, MAPE: 148, 16712480.00, 27312550.00, 5168.25, 3797.16, 4.20%
- Epoch 151, ExpID 23601
Train - Loss: 8996905.90
Val - Loss, MSE, RMSE, MAE, MAPE: 27415600.00, 52472846.00, 7220.82, 5059.87, 6.06%
Test - Best epoch, Loss, MSE, RMSE, MAE, MAPE: 148, 16712480.00, 27312550.00, 5168.25, 3797.16, 4.20%
- Epoch 152, ExpID 23601
Train - Loss: 8956028.20
Val - Loss, MSE, RMSE, MAE, MAPE: 27282644.00, 52296788.00, 7208.10, 5066.52, 6.07%
Test - Best epoch, Loss, MSE, RMSE, MAE, MAPE: 152, 16725240.00, 27439558.00, 5177.81, 3797.25, 4.20%
- Epoch 153, ExpID 23601
Train - Loss: 8957917.60
Val - Loss, MSE, RMSE, MAE, MAPE: 27261424.00, 52323390.00, 7213.20, 5065.17, 6.08%
Test - Best epoch, Loss, MSE, RMSE, MAE, MAPE: 153, 16694884.00, 27469713.00, 5182.40, 3806.14, 4.20%
- Epoch 154, ExpID 23601
Train - Loss: 8931198.68
Val - Loss, MSE, RMSE, MAE, MAPE: 27231730.00, 52360280.00, 7218.13, 5072.22, 6.10%
Test - Best epoch, Loss, MSE, RMSE, MAE, MAPE: 154, 16743291.00, 27961239.00, 5222.04, 3832.77, 4.25%
- Epoch 155, ExpID 23601
Train - Loss: 8931823.80
Val - Loss, MSE, RMSE, MAE, MAPE: 27325050.00, 52367224.00, 7217.31, 5047.67, 6.06%
Test - Best epoch, Loss, MSE, RMSE, MAE, MAPE: 154, 16743291.00, 27961239.00, 5222.04, 3832.77, 4.25%
- Epoch 156, ExpID 23601
Train - Loss: 8886475.70
Val - Loss, MSE, RMSE, MAE, MAPE: 27352048.00, 52550140.00, 7228.46, 5072.47, 6.09%
Test - Best epoch, Loss, MSE, RMSE, MAE, MAPE: 154, 16743291.00, 27961239.00, 5222.04, 3832.77, 4.25%
- Epoch 157, ExpID 23601
Train - Loss: 8885526.60
Val - Loss, MSE, RMSE, MAE, MAPE: 27400316.00, 52687830.00, 7237.16, 5078.46, 6.09%
Test - Best epoch, Loss, MSE, RMSE, MAE, MAPE: 154, 16743291.00, 27961239.00, 5222.04, 3832.77, 4.25%
- Epoch 158, ExpID 23601
Train - Loss: 8886235.68
Val - Loss, MSE, RMSE, MAE, MAPE: 27287772.00, 52779906.00, 7245.59, 5109.04, 6.14%
Test - Best epoch, Loss, MSE, RMSE, MAE, MAPE: 154, 16743291.00, 27961239.00, 5222.04, 3832.77, 4.25%
- Epoch 159, ExpID 23601
Train - Loss: 8870910.80
Val - Loss, MSE, RMSE, MAE, MAPE: 27449342.00, 53316296.00, 7280.50, 5124.20, 6.16%
Test - Best epoch, Loss, MSE, RMSE, MAE, MAPE: 154, 16743291.00, 27961239.00, 5222.04, 3832.77, 4.25%
- Epoch 160, ExpID 23601
Train - Loss: 8871346.28
Val - Loss, MSE, RMSE, MAE, MAPE: 27329818.00, 52557096.00, 7228.61, 5086.27, 6.11%
Test - Best epoch, Loss, MSE, RMSE, MAE, MAPE: 154, 16743291.00, 27961239.00, 5222.04, 3832.77, 4.25%
- Epoch 161, ExpID 23601
Train - Loss: 8797621.82
Val - Loss, MSE, RMSE, MAE, MAPE: 27198820.00, 52276948.00, 7211.51, 5066.78, 6.09%
Test - Best epoch, Loss, MSE, RMSE, MAE, MAPE: 161, 16687169.00, 27540068.00, 5186.29, 3811.46, 4.22%
- Epoch 162, ExpID 23601
Train - Loss: 8839757.60
Val - Loss, MSE, RMSE, MAE, MAPE: 27378336.00, 52344882.00, 7210.48, 5056.36, 6.06%
Test - Best epoch, Loss, MSE, RMSE, MAE, MAPE: 161, 16687169.00, 27540068.00, 5186.29, 3811.46, 4.22%
- Epoch 163, ExpID 23601
Train - Loss: 8797460.78
Val - Loss, MSE, RMSE, MAE, MAPE: 27292534.00, 52221116.00, 7203.50, 5059.04, 6.06%
Test - Best epoch, Loss, MSE, RMSE, MAE, MAPE: 161, 16687169.00, 27540068.00, 5186.29, 3811.46, 4.22%
- Epoch 164, ExpID 23601
Train - Loss: 8783646.62
Val - Loss, MSE, RMSE, MAE, MAPE: 27423262.00, 52734900.00, 7239.27, 5107.24, 6.13%
Test - Best epoch, Loss, MSE, RMSE, MAE, MAPE: 161, 16687169.00, 27540068.00, 5186.29, 3811.46, 4.22%
- Epoch 165, ExpID 23601
Train - Loss: 8816615.80
Val - Loss, MSE, RMSE, MAE, MAPE: 27429154.00, 52611020.00, 7232.62, 5081.70, 6.11%
Test - Best epoch, Loss, MSE, RMSE, MAE, MAPE: 161, 16687169.00, 27540068.00, 5186.29, 3811.46, 4.22%
- Epoch 166, ExpID 23601
Train - Loss: 8739986.25
Val - Loss, MSE, RMSE, MAE, MAPE: 27360024.00, 52361298.00, 7214.10, 5072.52, 6.09%
Test - Best epoch, Loss, MSE, RMSE, MAE, MAPE: 161, 16687169.00, 27540068.00, 5186.29, 3811.46, 4.22%
- Epoch 167, ExpID 23601
Train - Loss: 8759619.70
Val - Loss, MSE, RMSE, MAE, MAPE: 27427712.00, 52550740.00, 7225.78, 5084.73, 6.10%
Test - Best epoch, Loss, MSE, RMSE, MAE, MAPE: 161, 16687169.00, 27540068.00, 5186.29, 3811.46, 4.22%
- Epoch 168, ExpID 23601
Train - Loss: 8790328.35
Val - Loss, MSE, RMSE, MAE, MAPE: 27393998.00, 52641846.00, 7234.88, 5082.74, 6.10%
Test - Best epoch, Loss, MSE, RMSE, MAE, MAPE: 161, 16687169.00, 27540068.00, 5186.29, 3811.46, 4.22%
- Epoch 169, ExpID 23601
Train - Loss: 8725073.47
Val - Loss, MSE, RMSE, MAE, MAPE: 27379388.00, 52261086.00, 7205.01, 5064.46, 6.07%
Test - Best epoch, Loss, MSE, RMSE, MAE, MAPE: 161, 16687169.00, 27540068.00, 5186.29, 3811.46, 4.22%
- Epoch 170, ExpID 23601
Train - Loss: 8689119.07
Val - Loss, MSE, RMSE, MAE, MAPE: 27404264.00, 52901544.00, 7253.31, 5110.74, 6.14%
Test - Best epoch, Loss, MSE, RMSE, MAE, MAPE: 161, 16687169.00, 27540068.00, 5186.29, 3811.46, 4.22%
- Epoch 171, ExpID 23601
Train - Loss: 8685400.90
Val - Loss, MSE, RMSE, MAE, MAPE: 27319612.00, 52469178.00, 7223.17, 5084.26, 6.11%
Test - Best epoch, Loss, MSE, RMSE, MAE, MAPE: 161, 16687169.00, 27540068.00, 5186.29, 3811.46, 4.22%
Early Stopping at Epoch 171
Fold 2018 Best RMSE: 5186.2856

-------------------- [Fold: 2019] ExpID: 13028 --------------------
- Epoch 000, ExpID 13028
Train - Loss: 20032358.86
Val - Loss, MSE, RMSE, MAE, MAPE: 22895684.00, 39348467.00, 6213.48, 4718.29, 5.10%
Test - Best epoch, Loss, MSE, RMSE, MAE, MAPE: 0, 22566618.00, 47821886.00, 6879.02, 5408.53, 5.80%
- Epoch 001, ExpID 13028
Train - Loss: 15399210.64
Val - Loss, MSE, RMSE, MAE, MAPE: 21282384.00, 34261708.00, 5820.94, 4363.01, 4.74%
Test - Best epoch, Loss, MSE, RMSE, MAE, MAPE: 1, 19888310.00, 41368108.00, 6385.91, 4977.81, 5.37%
- Epoch 002, ExpID 13028
Train - Loss: 14835341.50
Val - Loss, MSE, RMSE, MAE, MAPE: 20769312.00, 32438292.00, 5681.45, 4276.05, 4.65%
Test - Best epoch, Loss, MSE, RMSE, MAE, MAPE: 2, 18516154.00, 35461552.00, 5886.41, 4523.40, 4.89%
- Epoch 003, ExpID 13028
Train - Loss: 14394689.95
Val - Loss, MSE, RMSE, MAE, MAPE: 20249738.00, 31612935.00, 5613.95, 4204.48, 4.56%
Test - Best epoch, Loss, MSE, RMSE, MAE, MAPE: 3, 17640096.00, 32000949.00, 5576.30, 4241.80, 4.58%
- Epoch 004, ExpID 13028
Train - Loss: 13959263.55
Val - Loss, MSE, RMSE, MAE, MAPE: 20083680.00, 31177603.00, 5577.27, 4148.08, 4.52%
Test - Best epoch, Loss, MSE, RMSE, MAE, MAPE: 4, 17032820.00, 30161314.00, 5406.99, 4081.69, 4.41%
- Epoch 005, ExpID 13028
Train - Loss: 13652672.45
Val - Loss, MSE, RMSE, MAE, MAPE: 19869200.00, 30953417.00, 5559.24, 4105.27, 4.48%
Test - Best epoch, Loss, MSE, RMSE, MAE, MAPE: 5, 16455094.00, 28638232.00, 5257.24, 3930.01, 4.24%
- Epoch 006, ExpID 13028
Train - Loss: 13654804.23
Val - Loss, MSE, RMSE, MAE, MAPE: 19881380.00, 31096969.00, 5572.28, 4105.76, 4.49%
Test - Best epoch, Loss, MSE, RMSE, MAE, MAPE: 5, 16455094.00, 28638232.00, 5257.24, 3930.01, 4.24%
- Epoch 007, ExpID 13028
Train - Loss: 13444980.68
Val - Loss, MSE, RMSE, MAE, MAPE: 19843520.00, 30870964.00, 5550.33, 4040.87, 4.44%
Test - Best epoch, Loss, MSE, RMSE, MAE, MAPE: 7, 16040345.00, 28246201.00, 5217.72, 3876.77, 4.19%
- Epoch 008, ExpID 13028
Train - Loss: 13396788.41
Val - Loss, MSE, RMSE, MAE, MAPE: 19932098.00, 31201518.00, 5581.41, 4099.83, 4.48%
Test - Best epoch, Loss, MSE, RMSE, MAE, MAPE: 7, 16040345.00, 28246201.00, 5217.72, 3876.77, 4.19%
- Epoch 009, ExpID 13028
Train - Loss: 13275991.14
Val - Loss, MSE, RMSE, MAE, MAPE: 19818354.00, 31502214.00, 5609.50, 4122.32, 4.50%
Test - Best epoch, Loss, MSE, RMSE, MAE, MAPE: 9, 15517325.00, 25817950.50, 4966.24, 3625.37, 3.89%
- Epoch 010, ExpID 13028
Train - Loss: 13165515.36
Val - Loss, MSE, RMSE, MAE, MAPE: 19852702.00, 31426508.00, 5601.66, 4104.16, 4.48%
Test - Best epoch, Loss, MSE, RMSE, MAE, MAPE: 9, 15517325.00, 25817950.50, 4966.24, 3625.37, 3.89%
- Epoch 011, ExpID 13028
Train - Loss: 13079807.18
Val - Loss, MSE, RMSE, MAE, MAPE: 19816644.00, 31061631.00, 5565.28, 4026.30, 4.43%
Test - Best epoch, Loss, MSE, RMSE, MAE, MAPE: 11, 15298762.00, 27257322.00, 5136.88, 3806.17, 4.12%
- Epoch 012, ExpID 13028
Train - Loss: 13050152.14
Val - Loss, MSE, RMSE, MAE, MAPE: 19630496.00, 30980392.00, 5558.69, 4013.86, 4.41%
Test - Best epoch, Loss, MSE, RMSE, MAE, MAPE: 12, 14933350.00, 26024283.00, 4996.59, 3649.38, 3.94%
- Epoch 013, ExpID 13028
Train - Loss: 13032929.82
Val - Loss, MSE, RMSE, MAE, MAPE: 19691968.00, 31212124.00, 5575.88, 3998.39, 4.41%
Test - Best epoch, Loss, MSE, RMSE, MAE, MAPE: 12, 14933350.00, 26024283.00, 4996.59, 3649.38, 3.94%
- Epoch 014, ExpID 13028
Train - Loss: 13001861.91
Val - Loss, MSE, RMSE, MAE, MAPE: 19636206.00, 30841298.00, 5543.12, 3966.56, 4.37%
Test - Best epoch, Loss, MSE, RMSE, MAE, MAPE: 12, 14933350.00, 26024283.00, 4996.59, 3649.38, 3.94%
- Epoch 015, ExpID 13028
Train - Loss: 12767685.27
Val - Loss, MSE, RMSE, MAE, MAPE: 19632906.00, 31332286.00, 5582.44, 3985.94, 4.41%
Test - Best epoch, Loss, MSE, RMSE, MAE, MAPE: 12, 14933350.00, 26024283.00, 4996.59, 3649.38, 3.94%
- Epoch 016, ExpID 13028
Train - Loss: 12777392.50
Val - Loss, MSE, RMSE, MAE, MAPE: 19441296.00, 30505876.00, 5512.89, 3942.36, 4.33%
Test - Best epoch, Loss, MSE, RMSE, MAE, MAPE: 16, 14423049.00, 24715124.00, 4841.74, 3500.24, 3.77%
- Epoch 017, ExpID 13028
Train - Loss: 12664392.55
Val - Loss, MSE, RMSE, MAE, MAPE: 19265178.00, 30327171.00, 5494.11, 3911.84, 4.30%
Test - Best epoch, Loss, MSE, RMSE, MAE, MAPE: 17, 14233464.00, 24597010.00, 4825.79, 3483.14, 3.75%
- Epoch 018, ExpID 13028
Train - Loss: 12676770.91
Val - Loss, MSE, RMSE, MAE, MAPE: 19240556.00, 30227385.00, 5479.32, 3871.83, 4.28%
Test - Best epoch, Loss, MSE, RMSE, MAE, MAPE: 18, 14305739.00, 25928598.00, 4974.74, 3625.13, 3.92%
- Epoch 019, ExpID 13028
Train - Loss: 12646737.18
Val - Loss, MSE, RMSE, MAE, MAPE: 19219692.00, 30600604.00, 5509.69, 3891.79, 4.31%
Test - Best epoch, Loss, MSE, RMSE, MAE, MAPE: 19, 14184852.00, 25789908.00, 4945.48, 3592.47, 3.88%
- Epoch 020, ExpID 13028
Train - Loss: 12556924.64
Val - Loss, MSE, RMSE, MAE, MAPE: 19164968.00, 29885636.00, 5449.00, 3877.91, 4.27%
Test - Best epoch, Loss, MSE, RMSE, MAE, MAPE: 20, 14216934.00, 24984250.50, 4870.16, 3526.90, 3.80%
- Epoch 021, ExpID 13028
Train - Loss: 12507701.27
Val - Loss, MSE, RMSE, MAE, MAPE: 18978232.00, 29842184.00, 5438.27, 3800.89, 4.21%
Test - Best epoch, Loss, MSE, RMSE, MAE, MAPE: 21, 14038763.00, 25956445.50, 4960.32, 3605.53, 3.89%
- Epoch 022, ExpID 13028
Train - Loss: 12437282.55
Val - Loss, MSE, RMSE, MAE, MAPE: 18844858.00, 29514944.00, 5406.60, 3781.46, 4.18%
Test - Best epoch, Loss, MSE, RMSE, MAE, MAPE: 22, 14022474.00, 25524298.50, 4924.29, 3575.58, 3.85%
- Epoch 023, ExpID 13028
Train - Loss: 12366726.18
Val - Loss, MSE, RMSE, MAE, MAPE: 18712766.00, 29279331.00, 5384.87, 3770.22, 4.16%
Test - Best epoch, Loss, MSE, RMSE, MAE, MAPE: 23, 13922250.00, 24816356.00, 4842.32, 3502.24, 3.77%
- Epoch 024, ExpID 13028
Train - Loss: 12386763.32
Val - Loss, MSE, RMSE, MAE, MAPE: 18780506.00, 30495158.00, 5483.00, 3797.96, 4.22%
Test - Best epoch, Loss, MSE, RMSE, MAE, MAPE: 23, 13922250.00, 24816356.00, 4842.32, 3502.24, 3.77%
- Epoch 025, ExpID 13028
Train - Loss: 12465411.45
Val - Loss, MSE, RMSE, MAE, MAPE: 18588956.00, 29682015.00, 5413.44, 3759.94, 4.18%
Test - Best epoch, Loss, MSE, RMSE, MAE, MAPE: 25, 13964841.00, 26766789.00, 5051.43, 3707.10, 4.01%
- Epoch 026, ExpID 13028
Train - Loss: 12425975.18
Val - Loss, MSE, RMSE, MAE, MAPE: 18515152.00, 29453399.00, 5392.45, 3722.22, 4.12%
Test - Best epoch, Loss, MSE, RMSE, MAE, MAPE: 26, 13659018.00, 25143960.00, 4850.02, 3513.42, 3.78%
- Epoch 027, ExpID 13028
Train - Loss: 12268780.45
Val - Loss, MSE, RMSE, MAE, MAPE: 18554192.00, 29086662.00, 5361.00, 3704.01, 4.09%
Test - Best epoch, Loss, MSE, RMSE, MAE, MAPE: 26, 13659018.00, 25143960.00, 4850.02, 3513.42, 3.78%
- Epoch 028, ExpID 13028
Train - Loss: 12379368.50
Val - Loss, MSE, RMSE, MAE, MAPE: 18432588.00, 29350676.00, 5380.55, 3708.69, 4.11%
Test - Best epoch, Loss, MSE, RMSE, MAE, MAPE: 28, 13548290.00, 25466448.00, 4873.40, 3530.17, 3.80%
- Epoch 029, ExpID 13028
Train - Loss: 12223256.55
Val - Loss, MSE, RMSE, MAE, MAPE: 18243990.00, 29152729.00, 5359.60, 3682.10, 4.08%
Test - Best epoch, Loss, MSE, RMSE, MAE, MAPE: 29, 13560794.00, 25574063.50, 4903.09, 3565.97, 3.84%
- Epoch 030, ExpID 13028
Train - Loss: 12200687.55
Val - Loss, MSE, RMSE, MAE, MAPE: 18229974.00, 29854752.00, 5419.14, 3722.98, 4.15%
Test - Best epoch, Loss, MSE, RMSE, MAE, MAPE: 30, 13572926.00, 27031987.00, 5055.75, 3714.17, 4.01%
- Epoch 031, ExpID 13028
Train - Loss: 12243534.77
Val - Loss, MSE, RMSE, MAE, MAPE: 18233076.00, 29963436.00, 5425.52, 3718.70, 4.13%
Test - Best epoch, Loss, MSE, RMSE, MAE, MAPE: 30, 13572926.00, 27031987.00, 5055.75, 3714.17, 4.01%
- Epoch 032, ExpID 13028
Train - Loss: 12097442.95
Val - Loss, MSE, RMSE, MAE, MAPE: 18246234.00, 29194244.00, 5363.19, 3704.87, 4.12%
Test - Best epoch, Loss, MSE, RMSE, MAE, MAPE: 30, 13572926.00, 27031987.00, 5055.75, 3714.17, 4.01%
- Epoch 033, ExpID 13028
Train - Loss: 12068162.45
Val - Loss, MSE, RMSE, MAE, MAPE: 18148522.00, 28889283.00, 5335.51, 3671.38, 4.07%
Test - Best epoch, Loss, MSE, RMSE, MAE, MAPE: 33, 13461313.00, 25506011.50, 4895.04, 3573.52, 3.85%
- Epoch 034, ExpID 13028
Train - Loss: 12069286.27
Val - Loss, MSE, RMSE, MAE, MAPE: 18140602.00, 30449783.00, 5467.21, 3765.44, 4.20%
Test - Best epoch, Loss, MSE, RMSE, MAE, MAPE: 34, 13561632.00, 27806054.50, 5135.49, 3797.48, 4.11%
- Epoch 035, ExpID 13028
Train - Loss: 12027135.27
Val - Loss, MSE, RMSE, MAE, MAPE: 18093904.00, 28079803.00, 5265.41, 3653.39, 4.03%
Test - Best epoch, Loss, MSE, RMSE, MAE, MAPE: 35, 13425299.00, 24605960.50, 4801.30, 3499.06, 3.76%
- Epoch 036, ExpID 13028
Train - Loss: 12021257.41
Val - Loss, MSE, RMSE, MAE, MAPE: 17974372.00, 29627518.00, 5390.44, 3694.81, 4.11%
Test - Best epoch, Loss, MSE, RMSE, MAE, MAPE: 36, 13318156.00, 26516267.00, 4990.29, 3671.23, 3.96%
- Epoch 037, ExpID 13028
Train - Loss: 11952908.95
Val - Loss, MSE, RMSE, MAE, MAPE: 17947376.00, 28282186.00, 5279.08, 3640.07, 4.04%
Test - Best epoch, Loss, MSE, RMSE, MAE, MAPE: 37, 13525706.00, 25998839.50, 4962.23, 3651.90, 3.94%
- Epoch 038, ExpID 13028
Train - Loss: 11834035.14
Val - Loss, MSE, RMSE, MAE, MAPE: 17901148.00, 29088670.00, 5344.77, 3657.81, 4.07%
Test - Best epoch, Loss, MSE, RMSE, MAE, MAPE: 38, 13320564.00, 26810407.00, 5034.29, 3717.08, 4.01%
- Epoch 039, ExpID 13028
Train - Loss: 11872334.00
Val - Loss, MSE, RMSE, MAE, MAPE: 17874708.00, 28301065.00, 5281.82, 3619.03, 4.01%
Test - Best epoch, Loss, MSE, RMSE, MAE, MAPE: 39, 13262634.00, 25408108.50, 4894.05, 3600.24, 3.88%
- Epoch 040, ExpID 13028
Train - Loss: 11846465.91
Val - Loss, MSE, RMSE, MAE, MAPE: 17925746.00, 28631227.00, 5309.35, 3655.25, 4.05%
Test - Best epoch, Loss, MSE, RMSE, MAE, MAPE: 39, 13262634.00, 25408108.50, 4894.05, 3600.24, 3.88%
- Epoch 041, ExpID 13028
Train - Loss: 11850911.32
Val - Loss, MSE, RMSE, MAE, MAPE: 17863916.00, 28669428.00, 5309.14, 3651.32, 4.05%
Test - Best epoch, Loss, MSE, RMSE, MAE, MAPE: 41, 13140421.00, 25558930.50, 4890.77, 3595.00, 3.87%
- Epoch 042, ExpID 13028
Train - Loss: 11747570.45
Val - Loss, MSE, RMSE, MAE, MAPE: 17804524.00, 28117463.00, 5260.63, 3610.72, 4.00%
Test - Best epoch, Loss, MSE, RMSE, MAE, MAPE: 42, 13089563.00, 24921105.50, 4829.04, 3549.02, 3.81%
- Epoch 043, ExpID 13028
Train - Loss: 11726981.82
Val - Loss, MSE, RMSE, MAE, MAPE: 17831992.00, 29011909.00, 5335.53, 3665.15, 4.06%
Test - Best epoch, Loss, MSE, RMSE, MAE, MAPE: 42, 13089563.00, 24921105.50, 4829.04, 3549.02, 3.81%
- Epoch 044, ExpID 13028
Train - Loss: 11735006.32
Val - Loss, MSE, RMSE, MAE, MAPE: 17759276.00, 29634690.00, 5386.59, 3679.04, 4.09%
Test - Best epoch, Loss, MSE, RMSE, MAE, MAPE: 44, 13019712.00, 26483070.00, 4972.74, 3674.03, 3.96%
- Epoch 045, ExpID 13028
Train - Loss: 11591455.23
Val - Loss, MSE, RMSE, MAE, MAPE: 17773756.00, 28584287.00, 5297.71, 3637.39, 4.03%
Test - Best epoch, Loss, MSE, RMSE, MAE, MAPE: 44, 13019712.00, 26483070.00, 4972.74, 3674.03, 3.96%
- Epoch 046, ExpID 13028
Train - Loss: 11669429.18
Val - Loss, MSE, RMSE, MAE, MAPE: 17809774.00, 28345124.00, 5279.35, 3635.67, 4.03%
Test - Best epoch, Loss, MSE, RMSE, MAE, MAPE: 44, 13019712.00, 26483070.00, 4972.74, 3674.03, 3.96%
- Epoch 047, ExpID 13028
Train - Loss: 11637805.59
Val - Loss, MSE, RMSE, MAE, MAPE: 17814392.00, 28461016.00, 5287.93, 3637.54, 4.04%
Test - Best epoch, Loss, MSE, RMSE, MAE, MAPE: 44, 13019712.00, 26483070.00, 4972.74, 3674.03, 3.96%
- Epoch 048, ExpID 13028
Train - Loss: 11505594.09
Val - Loss, MSE, RMSE, MAE, MAPE: 17737846.00, 27979120.00, 5247.97, 3629.49, 4.01%
Test - Best epoch, Loss, MSE, RMSE, MAE, MAPE: 48, 12954710.00, 24426041.50, 4764.32, 3514.21, 3.76%
- Epoch 049, ExpID 13028
Train - Loss: 11536609.23
Val - Loss, MSE, RMSE, MAE, MAPE: 17775378.00, 28352308.00, 5276.92, 3656.22, 4.05%
Test - Best epoch, Loss, MSE, RMSE, MAE, MAPE: 48, 12954710.00, 24426041.50, 4764.32, 3514.21, 3.76%
- Epoch 050, ExpID 13028
Train - Loss: 11605693.77
Val - Loss, MSE, RMSE, MAE, MAPE: 17756562.00, 28881235.00, 5320.62, 3655.77, 4.06%
Test - Best epoch, Loss, MSE, RMSE, MAE, MAPE: 48, 12954710.00, 24426041.50, 4764.32, 3514.21, 3.76%
- Epoch 051, ExpID 13028
Train - Loss: 11510258.23
Val - Loss, MSE, RMSE, MAE, MAPE: 17854972.00, 28776434.00, 5315.18, 3681.24, 4.08%
Test - Best epoch, Loss, MSE, RMSE, MAE, MAPE: 48, 12954710.00, 24426041.50, 4764.32, 3514.21, 3.76%
- Epoch 052, ExpID 13028
Train - Loss: 11468807.86
Val - Loss, MSE, RMSE, MAE, MAPE: 17833970.00, 28365211.00, 5278.48, 3656.76, 4.05%
Test - Best epoch, Loss, MSE, RMSE, MAE, MAPE: 48, 12954710.00, 24426041.50, 4764.32, 3514.21, 3.76%
- Epoch 053, ExpID 13028
Train - Loss: 11340401.05
Val - Loss, MSE, RMSE, MAE, MAPE: 17813348.00, 29694436.00, 5387.55, 3705.92, 4.12%
Test - Best epoch, Loss, MSE, RMSE, MAE, MAPE: 48, 12954710.00, 24426041.50, 4764.32, 3514.21, 3.76%
- Epoch 054, ExpID 13028
Train - Loss: 11338628.95
Val - Loss, MSE, RMSE, MAE, MAPE: 17810548.00, 28926660.00, 5326.04, 3684.82, 4.09%
Test - Best epoch, Loss, MSE, RMSE, MAE, MAPE: 48, 12954710.00, 24426041.50, 4764.32, 3514.21, 3.76%
- Epoch 055, ExpID 13028
Train - Loss: 11397000.41
Val - Loss, MSE, RMSE, MAE, MAPE: 17888586.00, 29378512.00, 5361.20, 3738.60, 4.14%
Test - Best epoch, Loss, MSE, RMSE, MAE, MAPE: 48, 12954710.00, 24426041.50, 4764.32, 3514.21, 3.76%
- Epoch 056, ExpID 13028
Train - Loss: 11476909.41
Val - Loss, MSE, RMSE, MAE, MAPE: 17939128.00, 28855477.00, 5325.01, 3724.85, 4.11%
Test - Best epoch, Loss, MSE, RMSE, MAE, MAPE: 48, 12954710.00, 24426041.50, 4764.32, 3514.21, 3.76%
- Epoch 057, ExpID 13028
Train - Loss: 11324465.68
Val - Loss, MSE, RMSE, MAE, MAPE: 17932752.00, 29024037.00, 5335.07, 3735.55, 4.13%
Test - Best epoch, Loss, MSE, RMSE, MAE, MAPE: 48, 12954710.00, 24426041.50, 4764.32, 3514.21, 3.76%
- Epoch 058, ExpID 13028
Train - Loss: 11304191.77
Val - Loss, MSE, RMSE, MAE, MAPE: 17860150.00, 29441695.00, 5368.78, 3716.76, 4.12%
Test - Best epoch, Loss, MSE, RMSE, MAE, MAPE: 48, 12954710.00, 24426041.50, 4764.32, 3514.21, 3.76%
Early Stopping at Epoch 58
Fold 2019 Best RMSE: 4764.3228
