DETAILED LOG | Model: timexer | Seed: 1
FULL CONFIG: {'gpu': '2', 'target': 'both', 'cv_start_year': 2017, 'cv_end_year': 2019, 'test_year': 2024, 'use_corona': False, 'seq_len': 365, 'label_len': 0, 'pred_len': 56, 'batch_size': 256, 'epochs': 1000, 'patience': 10, 'lr': 0.0001, 'model': 'timexer', 'd_model': 128, 'n_heads': 4, 'n_layers': 6, 'dropout': 0.1, 'activation': 'gelu', 'patch_len': 14, 'factor': 5, 'norm_mode': 'revin', 'use_covar': True, 'use_dbloss': True, 'device': device(type='cuda'), 'stride': 16, 'file_path': 'dataset/airport_flight_with_holiday.csv', 'seed': 1, 'val_year': 2019, 'ndims': 2}

-------------------- [Fold: 2017] ExpID: 163 --------------------
- Epoch 000, ExpID 163
Train - Loss: 17935834.63
Val - Loss, MSE, RMSE, MAE, MAPE: 19214548.00, 51211382.00, 6761.76, 5292.55, 6.54%
Test - Best epoch, Loss, MSE, RMSE, MAE, MAPE: 0, 35830256.00, 65548820.00, 8096.22, 5834.84, 6.90%
- Epoch 001, ExpID 163
Train - Loss: 13576058.68
Val - Loss, MSE, RMSE, MAE, MAPE: 17255214.00, 46673331.00, 6448.75, 5056.55, 6.23%
Test - Best epoch, Loss, MSE, RMSE, MAE, MAPE: 1, 34128548.00, 61576212.00, 7842.87, 5567.25, 6.55%
- Epoch 002, ExpID 163
Train - Loss: 12882589.26
Val - Loss, MSE, RMSE, MAE, MAPE: 16451611.00, 42188878.00, 6162.33, 4831.07, 5.97%
Test - Best epoch, Loss, MSE, RMSE, MAE, MAPE: 2, 33437844.00, 59729238.00, 7706.57, 5435.85, 6.37%
- Epoch 003, ExpID 163
Train - Loss: 12397287.32
Val - Loss, MSE, RMSE, MAE, MAPE: 15586616.00, 38436889.00, 5890.38, 4576.39, 5.67%
Test - Best epoch, Loss, MSE, RMSE, MAE, MAPE: 3, 32893060.00, 58971550.00, 7645.05, 5332.79, 6.25%
- Epoch 004, ExpID 163
Train - Loss: 12082059.79
Val - Loss, MSE, RMSE, MAE, MAPE: 15039476.00, 36617765.00, 5767.30, 4456.17, 5.52%
Test - Best epoch, Loss, MSE, RMSE, MAE, MAPE: 4, 32527544.00, 58900140.00, 7630.72, 5289.57, 6.19%
- Epoch 005, ExpID 163
Train - Loss: 11840951.21
Val - Loss, MSE, RMSE, MAE, MAPE: 14821098.00, 31979083.50, 5428.12, 4162.90, 5.22%
Test - Best epoch, Loss, MSE, RMSE, MAE, MAPE: 5, 32359796.00, 58342826.00, 7592.94, 5281.71, 6.24%
- Epoch 006, ExpID 163
Train - Loss: 11692103.63
Val - Loss, MSE, RMSE, MAE, MAPE: 14602414.00, 31749098.50, 5408.75, 4131.67, 5.15%
Test - Best epoch, Loss, MSE, RMSE, MAE, MAPE: 6, 32121058.00, 58703492.00, 7609.22, 5253.17, 6.18%
- Epoch 007, ExpID 163
Train - Loss: 11609384.05
Val - Loss, MSE, RMSE, MAE, MAPE: 14452249.00, 31028963.00, 5352.15, 4092.60, 5.10%
Test - Best epoch, Loss, MSE, RMSE, MAE, MAPE: 7, 32015776.00, 59165316.00, 7633.40, 5285.22, 6.21%
- Epoch 008, ExpID 163
Train - Loss: 11455898.58
Val - Loss, MSE, RMSE, MAE, MAPE: 14365264.00, 31016222.50, 5347.39, 4106.40, 5.11%
Test - Best epoch, Loss, MSE, RMSE, MAE, MAPE: 8, 31901636.00, 59075072.00, 7629.38, 5247.66, 6.16%
- Epoch 009, ExpID 163
Train - Loss: 11388156.74
Val - Loss, MSE, RMSE, MAE, MAPE: 14302524.00, 29960762.50, 5259.93, 4046.79, 5.06%
Test - Best epoch, Loss, MSE, RMSE, MAE, MAPE: 9, 31887260.00, 58652880.00, 7608.38, 5260.49, 6.20%
- Epoch 010, ExpID 163
Train - Loss: 11291898.32
Val - Loss, MSE, RMSE, MAE, MAPE: 14383512.00, 29735311.00, 5252.24, 4059.14, 5.09%
Test - Best epoch, Loss, MSE, RMSE, MAE, MAPE: 9, 31887260.00, 58652880.00, 7608.38, 5260.49, 6.20%
- Epoch 011, ExpID 163
Train - Loss: 11170475.74
Val - Loss, MSE, RMSE, MAE, MAPE: 14261242.00, 28374027.50, 5164.56, 4009.71, 5.07%
Test - Best epoch, Loss, MSE, RMSE, MAE, MAPE: 11, 31912686.00, 58790722.00, 7627.25, 5318.76, 6.32%
- Epoch 012, ExpID 163
Train - Loss: 11166175.00
Val - Loss, MSE, RMSE, MAE, MAPE: 14090632.00, 28092664.50, 5128.47, 3984.29, 5.03%
Test - Best epoch, Loss, MSE, RMSE, MAE, MAPE: 12, 31878528.00, 58900694.00, 7633.79, 5300.82, 6.29%
- Epoch 013, ExpID 163
Train - Loss: 11153097.42
Val - Loss, MSE, RMSE, MAE, MAPE: 13945403.00, 28264860.00, 5126.60, 3991.02, 5.03%
Test - Best epoch, Loss, MSE, RMSE, MAE, MAPE: 13, 31814652.00, 58999070.00, 7640.04, 5306.62, 6.28%
- Epoch 014, ExpID 163
Train - Loss: 11057100.89
Val - Loss, MSE, RMSE, MAE, MAPE: 13850994.00, 28947390.50, 5163.92, 4027.85, 5.05%
Test - Best epoch, Loss, MSE, RMSE, MAE, MAPE: 14, 31734766.00, 58542394.00, 7613.29, 5306.29, 6.29%
- Epoch 015, ExpID 163
Train - Loss: 10951979.26
Val - Loss, MSE, RMSE, MAE, MAPE: 13577096.00, 28516033.00, 5117.26, 3978.28, 4.99%
Test - Best epoch, Loss, MSE, RMSE, MAE, MAPE: 15, 31624246.00, 58535918.00, 7608.13, 5287.52, 6.26%
- Epoch 016, ExpID 163
Train - Loss: 10946151.00
Val - Loss, MSE, RMSE, MAE, MAPE: 13746356.00, 28086441.00, 5095.12, 3987.38, 5.02%
Test - Best epoch, Loss, MSE, RMSE, MAE, MAPE: 15, 31624246.00, 58535918.00, 7608.13, 5287.52, 6.26%
- Epoch 017, ExpID 163
Train - Loss: 10895039.16
Val - Loss, MSE, RMSE, MAE, MAPE: 13640745.00, 28211942.00, 5091.32, 3978.53, 5.00%
Test - Best epoch, Loss, MSE, RMSE, MAE, MAPE: 15, 31624246.00, 58535918.00, 7608.13, 5287.52, 6.26%
- Epoch 018, ExpID 163
Train - Loss: 10853061.47
Val - Loss, MSE, RMSE, MAE, MAPE: 13409705.00, 27634800.50, 5044.79, 3951.42, 4.98%
Test - Best epoch, Loss, MSE, RMSE, MAE, MAPE: 18, 31633668.00, 58539476.00, 7612.72, 5317.50, 6.33%
- Epoch 019, ExpID 163
Train - Loss: 10778481.74
Val - Loss, MSE, RMSE, MAE, MAPE: 13373520.00, 28262167.00, 5087.98, 3977.59, 5.00%
Test - Best epoch, Loss, MSE, RMSE, MAE, MAPE: 19, 31674916.00, 58478288.00, 7605.12, 5307.14, 6.31%
- Epoch 020, ExpID 163
Train - Loss: 10763856.63
Val - Loss, MSE, RMSE, MAE, MAPE: 13427989.00, 28343735.50, 5085.13, 3980.60, 5.00%
Test - Best epoch, Loss, MSE, RMSE, MAE, MAPE: 19, 31674916.00, 58478288.00, 7605.12, 5307.14, 6.31%
- Epoch 021, ExpID 163
Train - Loss: 10686167.11
Val - Loss, MSE, RMSE, MAE, MAPE: 13386070.00, 27776403.00, 5050.48, 3966.44, 5.00%
Test - Best epoch, Loss, MSE, RMSE, MAE, MAPE: 19, 31674916.00, 58478288.00, 7605.12, 5307.14, 6.31%
- Epoch 022, ExpID 163
Train - Loss: 10712439.89
Val - Loss, MSE, RMSE, MAE, MAPE: 13261950.00, 27985620.50, 5056.31, 3960.34, 4.98%
Test - Best epoch, Loss, MSE, RMSE, MAE, MAPE: 22, 31748764.00, 58548190.00, 7609.72, 5318.01, 6.33%
- Epoch 023, ExpID 163
Train - Loss: 10685040.21
Val - Loss, MSE, RMSE, MAE, MAPE: 13302738.00, 28370538.50, 5088.06, 3989.26, 5.01%
Test - Best epoch, Loss, MSE, RMSE, MAE, MAPE: 22, 31748764.00, 58548190.00, 7609.72, 5318.01, 6.33%
- Epoch 024, ExpID 163
Train - Loss: 10616408.79
Val - Loss, MSE, RMSE, MAE, MAPE: 13182472.00, 28468113.00, 5083.70, 3963.69, 4.96%
Test - Best epoch, Loss, MSE, RMSE, MAE, MAPE: 24, 31727134.00, 58736730.00, 7616.10, 5333.32, 6.33%
- Epoch 025, ExpID 163
Train - Loss: 10584506.16
Val - Loss, MSE, RMSE, MAE, MAPE: 13197470.00, 27479458.50, 5019.47, 3935.70, 4.96%
Test - Best epoch, Loss, MSE, RMSE, MAE, MAPE: 24, 31727134.00, 58736730.00, 7616.10, 5333.32, 6.33%
- Epoch 026, ExpID 163
Train - Loss: 10539732.26
Val - Loss, MSE, RMSE, MAE, MAPE: 13134703.00, 27657781.00, 5023.66, 3930.09, 4.95%
Test - Best epoch, Loss, MSE, RMSE, MAE, MAPE: 26, 31733760.00, 58945122.00, 7637.59, 5323.43, 6.35%
- Epoch 027, ExpID 163
Train - Loss: 10555098.79
Val - Loss, MSE, RMSE, MAE, MAPE: 13050776.00, 28329458.50, 5064.21, 3936.54, 4.93%
Test - Best epoch, Loss, MSE, RMSE, MAE, MAPE: 27, 31678720.00, 58847876.00, 7620.96, 5310.05, 6.30%
- Epoch 028, ExpID 163
Train - Loss: 10578752.05
Val - Loss, MSE, RMSE, MAE, MAPE: 13041304.00, 27585266.00, 5010.27, 3905.20, 4.91%
Test - Best epoch, Loss, MSE, RMSE, MAE, MAPE: 28, 31745448.00, 58931738.00, 7631.96, 5332.44, 6.35%
- Epoch 029, ExpID 163
Train - Loss: 10529020.79
Val - Loss, MSE, RMSE, MAE, MAPE: 12999065.00, 26252974.50, 4917.53, 3829.46, 4.84%
Test - Best epoch, Loss, MSE, RMSE, MAE, MAPE: 29, 31764338.00, 59422542.00, 7666.63, 5396.61, 6.45%
- Epoch 030, ExpID 163
Train - Loss: 10505190.58
Val - Loss, MSE, RMSE, MAE, MAPE: 13112924.00, 27339099.50, 5004.08, 3916.09, 4.94%
Test - Best epoch, Loss, MSE, RMSE, MAE, MAPE: 29, 31764338.00, 59422542.00, 7666.63, 5396.61, 6.45%
- Epoch 031, ExpID 163
Train - Loss: 10422870.68
Val - Loss, MSE, RMSE, MAE, MAPE: 12990078.00, 26820453.50, 4958.33, 3852.18, 4.85%
Test - Best epoch, Loss, MSE, RMSE, MAE, MAPE: 31, 31764566.00, 59348472.00, 7657.64, 5388.99, 6.44%
- Epoch 032, ExpID 163
Train - Loss: 10405619.68
Val - Loss, MSE, RMSE, MAE, MAPE: 13052904.00, 26858363.50, 4976.06, 3887.41, 4.91%
Test - Best epoch, Loss, MSE, RMSE, MAE, MAPE: 31, 31764566.00, 59348472.00, 7657.64, 5388.99, 6.44%
- Epoch 033, ExpID 163
Train - Loss: 10362796.47
Val - Loss, MSE, RMSE, MAE, MAPE: 13022163.00, 27830425.50, 5039.22, 3932.75, 4.94%
Test - Best epoch, Loss, MSE, RMSE, MAE, MAPE: 31, 31764566.00, 59348472.00, 7657.64, 5388.99, 6.44%
- Epoch 034, ExpID 163
Train - Loss: 10358727.42
Val - Loss, MSE, RMSE, MAE, MAPE: 12962717.00, 27435867.50, 5014.19, 3900.62, 4.91%
Test - Best epoch, Loss, MSE, RMSE, MAE, MAPE: 34, 31657742.00, 59241966.00, 7652.22, 5353.24, 6.39%
- Epoch 035, ExpID 163
Train - Loss: 10402347.26
Val - Loss, MSE, RMSE, MAE, MAPE: 13027817.00, 28326431.50, 5074.76, 3948.16, 4.95%
Test - Best epoch, Loss, MSE, RMSE, MAE, MAPE: 34, 31657742.00, 59241966.00, 7652.22, 5353.24, 6.39%
- Epoch 036, ExpID 163
Train - Loss: 10313442.89
Val - Loss, MSE, RMSE, MAE, MAPE: 12974861.00, 26424663.00, 4944.62, 3854.66, 4.88%
Test - Best epoch, Loss, MSE, RMSE, MAE, MAPE: 34, 31657742.00, 59241966.00, 7652.22, 5353.24, 6.39%
- Epoch 037, ExpID 163
Train - Loss: 10277351.84
Val - Loss, MSE, RMSE, MAE, MAPE: 12995138.00, 26068399.00, 4931.47, 3853.09, 4.89%
Test - Best epoch, Loss, MSE, RMSE, MAE, MAPE: 34, 31657742.00, 59241966.00, 7652.22, 5353.24, 6.39%
- Epoch 038, ExpID 163
Train - Loss: 10274090.47
Val - Loss, MSE, RMSE, MAE, MAPE: 12909138.00, 26718205.50, 4963.15, 3866.99, 4.89%
Test - Best epoch, Loss, MSE, RMSE, MAE, MAPE: 38, 31534950.00, 59482364.00, 7673.81, 5377.73, 6.44%
- Epoch 039, ExpID 163
Train - Loss: 10271660.16
Val - Loss, MSE, RMSE, MAE, MAPE: 12909620.00, 26652545.50, 4953.84, 3854.19, 4.87%
Test - Best epoch, Loss, MSE, RMSE, MAE, MAPE: 38, 31534950.00, 59482364.00, 7673.81, 5377.73, 6.44%
- Epoch 040, ExpID 163
Train - Loss: 10213206.26
Val - Loss, MSE, RMSE, MAE, MAPE: 12953167.00, 27144755.50, 5005.25, 3899.90, 4.92%
Test - Best epoch, Loss, MSE, RMSE, MAE, MAPE: 38, 31534950.00, 59482364.00, 7673.81, 5377.73, 6.44%
- Epoch 041, ExpID 163
Train - Loss: 10280856.16
Val - Loss, MSE, RMSE, MAE, MAPE: 12978943.00, 26079176.00, 4931.19, 3852.37, 4.89%
Test - Best epoch, Loss, MSE, RMSE, MAE, MAPE: 38, 31534950.00, 59482364.00, 7673.81, 5377.73, 6.44%
- Epoch 042, ExpID 163
Train - Loss: 10131707.74
Val - Loss, MSE, RMSE, MAE, MAPE: 12947726.00, 28578964.00, 5111.95, 3960.24, 4.97%
Test - Best epoch, Loss, MSE, RMSE, MAE, MAPE: 38, 31534950.00, 59482364.00, 7673.81, 5377.73, 6.44%
- Epoch 043, ExpID 163
Train - Loss: 10159418.58
Val - Loss, MSE, RMSE, MAE, MAPE: 12969502.00, 25931416.00, 4943.74, 3886.90, 4.96%
Test - Best epoch, Loss, MSE, RMSE, MAE, MAPE: 38, 31534950.00, 59482364.00, 7673.81, 5377.73, 6.44%
- Epoch 044, ExpID 163
Train - Loss: 10165444.63
Val - Loss, MSE, RMSE, MAE, MAPE: 12864660.00, 26730019.00, 4976.27, 3873.52, 4.90%
Test - Best epoch, Loss, MSE, RMSE, MAE, MAPE: 44, 31331744.00, 59322808.00, 7664.95, 5372.83, 6.43%
- Epoch 045, ExpID 163
Train - Loss: 10169698.58
Val - Loss, MSE, RMSE, MAE, MAPE: 13038754.00, 26768902.00, 4996.85, 3920.93, 4.97%
Test - Best epoch, Loss, MSE, RMSE, MAE, MAPE: 44, 31331744.00, 59322808.00, 7664.95, 5372.83, 6.43%
- Epoch 046, ExpID 163
Train - Loss: 10108379.11
Val - Loss, MSE, RMSE, MAE, MAPE: 12875347.00, 26630299.50, 4984.40, 3887.74, 4.92%
Test - Best epoch, Loss, MSE, RMSE, MAE, MAPE: 44, 31331744.00, 59322808.00, 7664.95, 5372.83, 6.43%
- Epoch 047, ExpID 163
Train - Loss: 10008817.79
Val - Loss, MSE, RMSE, MAE, MAPE: 12902457.00, 27060730.50, 5014.73, 3921.28, 4.97%
Test - Best epoch, Loss, MSE, RMSE, MAE, MAPE: 44, 31331744.00, 59322808.00, 7664.95, 5372.83, 6.43%
- Epoch 048, ExpID 163
Train - Loss: 10049987.26
Val - Loss, MSE, RMSE, MAE, MAPE: 12916980.00, 26861504.50, 4991.79, 3903.99, 4.94%
Test - Best epoch, Loss, MSE, RMSE, MAE, MAPE: 44, 31331744.00, 59322808.00, 7664.95, 5372.83, 6.43%
- Epoch 049, ExpID 163
Train - Loss: 10019408.05
Val - Loss, MSE, RMSE, MAE, MAPE: 12961428.00, 26968247.50, 5006.56, 3921.34, 4.97%
Test - Best epoch, Loss, MSE, RMSE, MAE, MAPE: 44, 31331744.00, 59322808.00, 7664.95, 5372.83, 6.43%
- Epoch 050, ExpID 163
Train - Loss: 10011519.53
Val - Loss, MSE, RMSE, MAE, MAPE: 12905625.00, 26558775.50, 4985.66, 3912.44, 4.97%
Test - Best epoch, Loss, MSE, RMSE, MAE, MAPE: 44, 31331744.00, 59322808.00, 7664.95, 5372.83, 6.43%
- Epoch 051, ExpID 163
Train - Loss: 9982496.95
Val - Loss, MSE, RMSE, MAE, MAPE: 12877752.00, 27249350.00, 5025.02, 3930.42, 4.97%
Test - Best epoch, Loss, MSE, RMSE, MAE, MAPE: 44, 31331744.00, 59322808.00, 7664.95, 5372.83, 6.43%
- Epoch 052, ExpID 163
Train - Loss: 9970914.63
Val - Loss, MSE, RMSE, MAE, MAPE: 12854761.00, 27200880.50, 5013.83, 3908.62, 4.93%
Test - Best epoch, Loss, MSE, RMSE, MAE, MAPE: 52, 30831488.00, 58498022.00, 7615.99, 5340.15, 6.40%
- Epoch 053, ExpID 163
Train - Loss: 9992499.05
Val - Loss, MSE, RMSE, MAE, MAPE: 12870806.00, 26395248.50, 4975.93, 3891.29, 4.94%
Test - Best epoch, Loss, MSE, RMSE, MAE, MAPE: 52, 30831488.00, 58498022.00, 7615.99, 5340.15, 6.40%
- Epoch 054, ExpID 163
Train - Loss: 9969208.37
Val - Loss, MSE, RMSE, MAE, MAPE: 12883566.00, 27143862.00, 5036.46, 3940.41, 4.99%
Test - Best epoch, Loss, MSE, RMSE, MAE, MAPE: 52, 30831488.00, 58498022.00, 7615.99, 5340.15, 6.40%
- Epoch 055, ExpID 163
Train - Loss: 9912227.11
Val - Loss, MSE, RMSE, MAE, MAPE: 12847947.00, 27372422.50, 5044.32, 3929.67, 4.95%
Test - Best epoch, Loss, MSE, RMSE, MAE, MAPE: 55, 30776368.00, 58332590.00, 7600.37, 5337.33, 6.39%
- Epoch 056, ExpID 163
Train - Loss: 9903635.11
Val - Loss, MSE, RMSE, MAE, MAPE: 12844575.00, 26261893.00, 4972.58, 3901.99, 4.96%
Test - Best epoch, Loss, MSE, RMSE, MAE, MAPE: 56, 30759970.00, 59785234.00, 7708.94, 5455.51, 6.58%
- Epoch 057, ExpID 163
Train - Loss: 9871634.63
Val - Loss, MSE, RMSE, MAE, MAPE: 12915484.00, 27119038.00, 5044.02, 3935.18, 4.98%
Test - Best epoch, Loss, MSE, RMSE, MAE, MAPE: 56, 30759970.00, 59785234.00, 7708.94, 5455.51, 6.58%
- Epoch 058, ExpID 163
Train - Loss: 9863755.37
Val - Loss, MSE, RMSE, MAE, MAPE: 12876495.00, 27677847.00, 5069.87, 3965.02, 5.00%
Test - Best epoch, Loss, MSE, RMSE, MAE, MAPE: 56, 30759970.00, 59785234.00, 7708.94, 5455.51, 6.58%
- Epoch 059, ExpID 163
Train - Loss: 9800637.89
Val - Loss, MSE, RMSE, MAE, MAPE: 12966081.00, 27003587.00, 5052.39, 3986.53, 5.07%
Test - Best epoch, Loss, MSE, RMSE, MAE, MAPE: 56, 30759970.00, 59785234.00, 7708.94, 5455.51, 6.58%
- Epoch 060, ExpID 163
Train - Loss: 9792673.05
Val - Loss, MSE, RMSE, MAE, MAPE: 12824774.00, 26530555.00, 4969.76, 3883.28, 4.91%
Test - Best epoch, Loss, MSE, RMSE, MAE, MAPE: 60, 30392028.00, 57782082.00, 7569.93, 5296.42, 6.35%
- Epoch 061, ExpID 163
Train - Loss: 9763338.63
Val - Loss, MSE, RMSE, MAE, MAPE: 12827105.00, 27261604.50, 5042.32, 3938.11, 4.97%
Test - Best epoch, Loss, MSE, RMSE, MAE, MAPE: 60, 30392028.00, 57782082.00, 7569.93, 5296.42, 6.35%
- Epoch 062, ExpID 163
Train - Loss: 9751974.37
Val - Loss, MSE, RMSE, MAE, MAPE: 12874364.00, 26935271.00, 5031.84, 3953.19, 5.02%
Test - Best epoch, Loss, MSE, RMSE, MAE, MAPE: 60, 30392028.00, 57782082.00, 7569.93, 5296.42, 6.35%
- Epoch 063, ExpID 163
Train - Loss: 9789202.58
Val - Loss, MSE, RMSE, MAE, MAPE: 12904912.00, 27691121.50, 5081.72, 3980.47, 5.02%
Test - Best epoch, Loss, MSE, RMSE, MAE, MAPE: 60, 30392028.00, 57782082.00, 7569.93, 5296.42, 6.35%
- Epoch 064, ExpID 163
Train - Loss: 9702084.00
Val - Loss, MSE, RMSE, MAE, MAPE: 12893638.00, 27319156.00, 5067.35, 3979.18, 5.04%
Test - Best epoch, Loss, MSE, RMSE, MAE, MAPE: 60, 30392028.00, 57782082.00, 7569.93, 5296.42, 6.35%
- Epoch 065, ExpID 163
Train - Loss: 9770527.84
Val - Loss, MSE, RMSE, MAE, MAPE: 12923158.00, 27376709.00, 5071.61, 3986.67, 5.05%
Test - Best epoch, Loss, MSE, RMSE, MAE, MAPE: 60, 30392028.00, 57782082.00, 7569.93, 5296.42, 6.35%
- Epoch 066, ExpID 163
Train - Loss: 9738704.58
Val - Loss, MSE, RMSE, MAE, MAPE: 12971478.00, 27530138.00, 5110.12, 4035.38, 5.13%
Test - Best epoch, Loss, MSE, RMSE, MAE, MAPE: 60, 30392028.00, 57782082.00, 7569.93, 5296.42, 6.35%
- Epoch 067, ExpID 163
Train - Loss: 9682139.26
Val - Loss, MSE, RMSE, MAE, MAPE: 13008008.00, 27617369.00, 5097.84, 4016.58, 5.09%
Test - Best epoch, Loss, MSE, RMSE, MAE, MAPE: 60, 30392028.00, 57782082.00, 7569.93, 5296.42, 6.35%
- Epoch 068, ExpID 163
Train - Loss: 9732944.47
Val - Loss, MSE, RMSE, MAE, MAPE: 12955288.00, 28004181.00, 5122.74, 4027.19, 5.09%
Test - Best epoch, Loss, MSE, RMSE, MAE, MAPE: 60, 30392028.00, 57782082.00, 7569.93, 5296.42, 6.35%
- Epoch 069, ExpID 163
Train - Loss: 9627693.26
Val - Loss, MSE, RMSE, MAE, MAPE: 12961387.00, 27314293.50, 5069.86, 3992.42, 5.06%
Test - Best epoch, Loss, MSE, RMSE, MAE, MAPE: 60, 30392028.00, 57782082.00, 7569.93, 5296.42, 6.35%
- Epoch 070, ExpID 163
Train - Loss: 9657758.05
Val - Loss, MSE, RMSE, MAE, MAPE: 12960794.00, 28064676.50, 5127.46, 4032.75, 5.10%
Test - Best epoch, Loss, MSE, RMSE, MAE, MAPE: 60, 30392028.00, 57782082.00, 7569.93, 5296.42, 6.35%
Early Stopping at Epoch 70
Fold 2017 Best RMSE: 7569.9282

-------------------- [Fold: 2018] ExpID: 84461 --------------------
- Epoch 000, ExpID 84461
Train - Loss: 18996683.55
Val - Loss, MSE, RMSE, MAE, MAPE: 35620952.00, 65116842.00, 8069.26, 5804.86, 6.85%
Test - Best epoch, Loss, MSE, RMSE, MAE, MAPE: 0, 23602468.00, 40618316.00, 6317.32, 4758.13, 5.15%
- Epoch 001, ExpID 84461
Train - Loss: 14246493.95
Val - Loss, MSE, RMSE, MAE, MAPE: 33824344.00, 61071068.00, 7807.64, 5517.66, 6.49%
Test - Best epoch, Loss, MSE, RMSE, MAE, MAPE: 1, 21849112.00, 36302353.00, 5987.74, 4505.06, 4.87%
- Epoch 002, ExpID 84461
Train - Loss: 13482858.60
Val - Loss, MSE, RMSE, MAE, MAPE: 33300660.00, 59937270.00, 7715.23, 5393.34, 6.31%
Test - Best epoch, Loss, MSE, RMSE, MAE, MAPE: 2, 21285338.00, 34673957.00, 5870.95, 4452.88, 4.81%
- Epoch 003, ExpID 84461
Train - Loss: 13009030.40
Val - Loss, MSE, RMSE, MAE, MAPE: 32904962.00, 58986366.00, 7644.67, 5300.11, 6.23%
Test - Best epoch, Loss, MSE, RMSE, MAE, MAPE: 3, 20690272.00, 32703200.00, 5707.95, 4286.27, 4.64%
- Epoch 004, ExpID 84461
Train - Loss: 12744740.30
Val - Loss, MSE, RMSE, MAE, MAPE: 32677164.00, 59097602.00, 7641.60, 5287.85, 6.22%
Test - Best epoch, Loss, MSE, RMSE, MAE, MAPE: 4, 20361330.00, 32073288.00, 5655.11, 4223.75, 4.58%
- Epoch 005, ExpID 84461
Train - Loss: 12525898.15
Val - Loss, MSE, RMSE, MAE, MAPE: 32568848.00, 59370110.00, 7651.65, 5288.34, 6.24%
Test - Best epoch, Loss, MSE, RMSE, MAE, MAPE: 5, 20186808.00, 31541301.00, 5610.89, 4158.92, 4.53%
- Epoch 006, ExpID 84461
Train - Loss: 12389235.15
Val - Loss, MSE, RMSE, MAE, MAPE: 32358088.00, 59474786.00, 7655.96, 5305.49, 6.27%
Test - Best epoch, Loss, MSE, RMSE, MAE, MAPE: 6, 20057434.00, 31397562.00, 5598.65, 4123.28, 4.51%
- Epoch 007, ExpID 84461
Train - Loss: 12289210.00
Val - Loss, MSE, RMSE, MAE, MAPE: 32231532.00, 59758418.00, 7669.68, 5301.88, 6.25%
Test - Best epoch, Loss, MSE, RMSE, MAE, MAPE: 7, 20010290.00, 31515674.00, 5610.56, 4129.06, 4.51%
- Epoch 008, ExpID 84461
Train - Loss: 12173876.15
Val - Loss, MSE, RMSE, MAE, MAPE: 32122880.00, 59707454.00, 7672.16, 5317.82, 6.30%
Test - Best epoch, Loss, MSE, RMSE, MAE, MAPE: 8, 20006480.00, 31443654.00, 5603.40, 4093.74, 4.50%
- Epoch 009, ExpID 84461
Train - Loss: 12164496.75
Val - Loss, MSE, RMSE, MAE, MAPE: 32128152.00, 59969532.00, 7686.03, 5338.32, 6.29%
Test - Best epoch, Loss, MSE, RMSE, MAE, MAPE: 8, 20006480.00, 31443654.00, 5603.40, 4093.74, 4.50%
- Epoch 010, ExpID 84461
Train - Loss: 12096375.10
Val - Loss, MSE, RMSE, MAE, MAPE: 32072398.00, 59734448.00, 7673.63, 5344.11, 6.31%
Test - Best epoch, Loss, MSE, RMSE, MAE, MAPE: 10, 19964000.00, 31140188.00, 5574.46, 4027.22, 4.44%
- Epoch 011, ExpID 84461
Train - Loss: 11993422.75
Val - Loss, MSE, RMSE, MAE, MAPE: 31830024.00, 59546306.00, 7662.30, 5335.36, 6.30%
Test - Best epoch, Loss, MSE, RMSE, MAE, MAPE: 11, 19757604.00, 30789173.00, 5542.20, 3973.41, 4.38%
- Epoch 012, ExpID 84461
Train - Loss: 11905214.50
Val - Loss, MSE, RMSE, MAE, MAPE: 31776556.00, 59992962.00, 7690.10, 5333.40, 6.28%
Test - Best epoch, Loss, MSE, RMSE, MAE, MAPE: 12, 19691892.00, 30661548.00, 5530.91, 3974.34, 4.37%
- Epoch 013, ExpID 84461
Train - Loss: 11855366.35
Val - Loss, MSE, RMSE, MAE, MAPE: 31632764.00, 59676650.00, 7678.83, 5350.05, 6.32%
Test - Best epoch, Loss, MSE, RMSE, MAE, MAPE: 13, 19556828.00, 30678766.00, 5530.97, 3941.97, 4.35%
- Epoch 014, ExpID 84461
Train - Loss: 11820176.90
Val - Loss, MSE, RMSE, MAE, MAPE: 31697860.00, 59891306.00, 7690.35, 5349.09, 6.34%
Test - Best epoch, Loss, MSE, RMSE, MAE, MAPE: 13, 19556828.00, 30678766.00, 5530.97, 3941.97, 4.35%
- Epoch 015, ExpID 84461
Train - Loss: 11771772.40
Val - Loss, MSE, RMSE, MAE, MAPE: 31626680.00, 60313188.00, 7708.21, 5368.20, 6.31%
Test - Best epoch, Loss, MSE, RMSE, MAE, MAPE: 15, 19335224.00, 30184294.00, 5486.62, 3909.11, 4.30%
- Epoch 016, ExpID 84461
Train - Loss: 11703992.85
Val - Loss, MSE, RMSE, MAE, MAPE: 31506162.00, 59795752.00, 7683.14, 5364.18, 6.35%
Test - Best epoch, Loss, MSE, RMSE, MAE, MAPE: 16, 19206184.00, 30457525.00, 5507.95, 3894.22, 4.31%
- Epoch 017, ExpID 84461
Train - Loss: 11635082.65
Val - Loss, MSE, RMSE, MAE, MAPE: 31440380.00, 60128606.00, 7700.32, 5405.66, 6.38%
Test - Best epoch, Loss, MSE, RMSE, MAE, MAPE: 17, 19172378.00, 30482322.00, 5511.00, 3892.25, 4.30%
- Epoch 018, ExpID 84461
Train - Loss: 11601538.60
Val - Loss, MSE, RMSE, MAE, MAPE: 31383870.00, 59895576.00, 7694.30, 5382.18, 6.39%
Test - Best epoch, Loss, MSE, RMSE, MAE, MAPE: 18, 19025162.00, 31112420.00, 5563.26, 3922.02, 4.36%
- Epoch 019, ExpID 84461
Train - Loss: 11549896.45
Val - Loss, MSE, RMSE, MAE, MAPE: 31515250.00, 60883468.00, 7733.54, 5453.77, 6.42%
Test - Best epoch, Loss, MSE, RMSE, MAE, MAPE: 18, 19025162.00, 31112420.00, 5563.26, 3922.02, 4.36%
- Epoch 020, ExpID 84461
Train - Loss: 11532131.35
Val - Loss, MSE, RMSE, MAE, MAPE: 31416274.00, 60223612.00, 7708.76, 5439.01, 6.44%
Test - Best epoch, Loss, MSE, RMSE, MAE, MAPE: 18, 19025162.00, 31112420.00, 5563.26, 3922.02, 4.36%
- Epoch 021, ExpID 84461
Train - Loss: 11482682.85
Val - Loss, MSE, RMSE, MAE, MAPE: 31407580.00, 60587888.00, 7724.42, 5481.79, 6.48%
Test - Best epoch, Loss, MSE, RMSE, MAE, MAPE: 18, 19025162.00, 31112420.00, 5563.26, 3922.02, 4.36%
- Epoch 022, ExpID 84461
Train - Loss: 11433906.35
Val - Loss, MSE, RMSE, MAE, MAPE: 31464818.00, 60665658.00, 7742.52, 5484.71, 6.51%
Test - Best epoch, Loss, MSE, RMSE, MAE, MAPE: 18, 19025162.00, 31112420.00, 5563.26, 3922.02, 4.36%
- Epoch 023, ExpID 84461
Train - Loss: 11445567.50
Val - Loss, MSE, RMSE, MAE, MAPE: 31359424.00, 60721304.00, 7746.04, 5501.86, 6.53%
Test - Best epoch, Loss, MSE, RMSE, MAE, MAPE: 23, 18645368.00, 30568424.00, 5505.79, 3865.26, 4.29%
- Epoch 024, ExpID 84461
Train - Loss: 11408263.90
Val - Loss, MSE, RMSE, MAE, MAPE: 31524098.00, 60486016.00, 7735.40, 5452.38, 6.48%
Test - Best epoch, Loss, MSE, RMSE, MAE, MAPE: 23, 18645368.00, 30568424.00, 5505.79, 3865.26, 4.29%
- Epoch 025, ExpID 84461
Train - Loss: 11317924.55
Val - Loss, MSE, RMSE, MAE, MAPE: 31365884.00, 60730522.00, 7751.91, 5531.11, 6.58%
Test - Best epoch, Loss, MSE, RMSE, MAE, MAPE: 23, 18645368.00, 30568424.00, 5505.79, 3865.26, 4.29%
- Epoch 026, ExpID 84461
Train - Loss: 11332353.10
Val - Loss, MSE, RMSE, MAE, MAPE: 31218522.00, 60464714.00, 7726.17, 5478.97, 6.49%
Test - Best epoch, Loss, MSE, RMSE, MAE, MAPE: 26, 18525204.00, 29527305.00, 5412.13, 3815.12, 4.22%
- Epoch 027, ExpID 84461
Train - Loss: 11286476.50
Val - Loss, MSE, RMSE, MAE, MAPE: 31418692.00, 61408186.00, 7794.54, 5599.88, 6.66%
Test - Best epoch, Loss, MSE, RMSE, MAE, MAPE: 26, 18525204.00, 29527305.00, 5412.13, 3815.12, 4.22%
- Epoch 028, ExpID 84461
Train - Loss: 11236426.30
Val - Loss, MSE, RMSE, MAE, MAPE: 31328772.00, 60588798.00, 7741.26, 5515.18, 6.55%
Test - Best epoch, Loss, MSE, RMSE, MAE, MAPE: 26, 18525204.00, 29527305.00, 5412.13, 3815.12, 4.22%
- Epoch 029, ExpID 84461
Train - Loss: 11223106.00
Val - Loss, MSE, RMSE, MAE, MAPE: 31262912.00, 60765168.00, 7743.41, 5502.38, 6.51%
Test - Best epoch, Loss, MSE, RMSE, MAE, MAPE: 26, 18525204.00, 29527305.00, 5412.13, 3815.12, 4.22%
- Epoch 030, ExpID 84461
Train - Loss: 11172838.00
Val - Loss, MSE, RMSE, MAE, MAPE: 31268928.00, 60851094.00, 7757.28, 5551.00, 6.59%
Test - Best epoch, Loss, MSE, RMSE, MAE, MAPE: 26, 18525204.00, 29527305.00, 5412.13, 3815.12, 4.22%
- Epoch 031, ExpID 84461
Train - Loss: 11174720.85
Val - Loss, MSE, RMSE, MAE, MAPE: 31151712.00, 60735518.00, 7731.32, 5539.73, 6.54%
Test - Best epoch, Loss, MSE, RMSE, MAE, MAPE: 31, 18249674.00, 28534124.00, 5323.82, 3775.16, 4.15%
- Epoch 032, ExpID 84461
Train - Loss: 11190380.65
Val - Loss, MSE, RMSE, MAE, MAPE: 31092692.00, 60793934.00, 7767.91, 5539.84, 6.61%
Test - Best epoch, Loss, MSE, RMSE, MAE, MAPE: 32, 18243538.00, 30456989.00, 5479.31, 3879.07, 4.31%
- Epoch 033, ExpID 84461
Train - Loss: 11132792.15
Val - Loss, MSE, RMSE, MAE, MAPE: 31040016.00, 60165408.00, 7710.55, 5501.28, 6.53%
Test - Best epoch, Loss, MSE, RMSE, MAE, MAPE: 33, 18130476.00, 29366496.00, 5386.45, 3810.61, 4.22%
- Epoch 034, ExpID 84461
Train - Loss: 11083799.40
Val - Loss, MSE, RMSE, MAE, MAPE: 30988002.00, 60461340.00, 7739.33, 5533.97, 6.58%
Test - Best epoch, Loss, MSE, RMSE, MAE, MAPE: 34, 18168164.00, 30344292.00, 5466.35, 3876.48, 4.30%
- Epoch 035, ExpID 84461
Train - Loss: 11082501.80
Val - Loss, MSE, RMSE, MAE, MAPE: 31075740.00, 60740622.00, 7745.45, 5565.77, 6.60%
Test - Best epoch, Loss, MSE, RMSE, MAE, MAPE: 34, 18168164.00, 30344292.00, 5466.35, 3876.48, 4.30%
- Epoch 036, ExpID 84461
Train - Loss: 11050208.10
Val - Loss, MSE, RMSE, MAE, MAPE: 30885118.00, 60256428.00, 7709.35, 5514.12, 6.52%
Test - Best epoch, Loss, MSE, RMSE, MAE, MAPE: 36, 17971682.00, 28668333.00, 5327.22, 3799.45, 4.18%
- Epoch 037, ExpID 84461
Train - Loss: 11019433.95
Val - Loss, MSE, RMSE, MAE, MAPE: 30801762.00, 60072588.00, 7700.60, 5503.18, 6.51%
Test - Best epoch, Loss, MSE, RMSE, MAE, MAPE: 37, 17974904.00, 28957427.00, 5354.44, 3827.34, 4.21%
- Epoch 038, ExpID 84461
Train - Loss: 10993444.55
Val - Loss, MSE, RMSE, MAE, MAPE: 30773148.00, 59783578.00, 7689.94, 5499.31, 6.52%
Test - Best epoch, Loss, MSE, RMSE, MAE, MAPE: 38, 17949492.00, 28892826.00, 5343.15, 3820.06, 4.21%
- Epoch 039, ExpID 84461
Train - Loss: 10942459.75
Val - Loss, MSE, RMSE, MAE, MAPE: 30747388.00, 59580230.00, 7682.18, 5489.66, 6.53%
Test - Best epoch, Loss, MSE, RMSE, MAE, MAPE: 39, 17918920.00, 29451560.00, 5386.49, 3847.19, 4.25%
- Epoch 040, ExpID 84461
Train - Loss: 10990287.35
Val - Loss, MSE, RMSE, MAE, MAPE: 30701592.00, 59279140.00, 7658.95, 5477.46, 6.51%
Test - Best epoch, Loss, MSE, RMSE, MAE, MAPE: 40, 17861108.00, 28889715.00, 5337.69, 3798.23, 4.20%
- Epoch 041, ExpID 84461
Train - Loss: 10923734.90
Val - Loss, MSE, RMSE, MAE, MAPE: 30583952.00, 59396274.00, 7657.72, 5491.18, 6.51%
Test - Best epoch, Loss, MSE, RMSE, MAE, MAPE: 41, 17735896.00, 28294838.00, 5286.24, 3761.47, 4.15%
- Epoch 042, ExpID 84461
Train - Loss: 10907643.15
Val - Loss, MSE, RMSE, MAE, MAPE: 30459528.00, 59231634.00, 7664.27, 5474.68, 6.52%
Test - Best epoch, Loss, MSE, RMSE, MAE, MAPE: 42, 17646362.00, 29190731.00, 5355.23, 3803.21, 4.21%
- Epoch 043, ExpID 84461
Train - Loss: 10850231.15
Val - Loss, MSE, RMSE, MAE, MAPE: 30359880.00, 58781458.00, 7632.58, 5420.64, 6.45%
Test - Best epoch, Loss, MSE, RMSE, MAE, MAPE: 43, 17610892.00, 28803237.00, 5323.56, 3798.14, 4.20%
- Epoch 044, ExpID 84461
Train - Loss: 10828915.20
Val - Loss, MSE, RMSE, MAE, MAPE: 30335670.00, 58669442.00, 7625.33, 5416.27, 6.45%
Test - Best epoch, Loss, MSE, RMSE, MAE, MAPE: 44, 17624904.00, 28556702.00, 5300.19, 3780.84, 4.18%
- Epoch 045, ExpID 84461
Train - Loss: 10783880.25
Val - Loss, MSE, RMSE, MAE, MAPE: 30291772.00, 58617720.00, 7624.12, 5429.86, 6.48%
Test - Best epoch, Loss, MSE, RMSE, MAE, MAPE: 45, 17545146.00, 28517133.00, 5295.61, 3765.26, 4.17%
- Epoch 046, ExpID 84461
Train - Loss: 10778768.45
Val - Loss, MSE, RMSE, MAE, MAPE: 30168308.00, 58867500.00, 7646.15, 5434.70, 6.48%
Test - Best epoch, Loss, MSE, RMSE, MAE, MAPE: 46, 17497928.00, 29061566.00, 5337.01, 3814.63, 4.23%
- Epoch 047, ExpID 84461
Train - Loss: 10791989.20
Val - Loss, MSE, RMSE, MAE, MAPE: 30072136.00, 58331090.00, 7597.83, 5417.23, 6.43%
Test - Best epoch, Loss, MSE, RMSE, MAE, MAPE: 47, 17481040.00, 28716634.00, 5313.63, 3812.57, 4.21%
- Epoch 048, ExpID 84461
Train - Loss: 10769477.70
Val - Loss, MSE, RMSE, MAE, MAPE: 30001832.00, 58317858.00, 7610.24, 5410.39, 6.45%
Test - Best epoch, Loss, MSE, RMSE, MAE, MAPE: 48, 17403184.00, 28769766.00, 5309.52, 3798.03, 4.21%
- Epoch 049, ExpID 84461
Train - Loss: 10714547.15
Val - Loss, MSE, RMSE, MAE, MAPE: 29934248.00, 57957954.00, 7575.72, 5386.60, 6.40%
Test - Best epoch, Loss, MSE, RMSE, MAE, MAPE: 49, 17407972.00, 28438550.00, 5283.16, 3780.95, 4.18%
- Epoch 050, ExpID 84461
Train - Loss: 10736151.25
Val - Loss, MSE, RMSE, MAE, MAPE: 29789948.00, 57855546.00, 7573.81, 5380.88, 6.41%
Test - Best epoch, Loss, MSE, RMSE, MAE, MAPE: 50, 17284076.00, 28301491.00, 5264.57, 3753.62, 4.15%
- Epoch 051, ExpID 84461
Train - Loss: 10664356.80
Val - Loss, MSE, RMSE, MAE, MAPE: 29850810.00, 57797066.00, 7571.26, 5359.44, 6.39%
Test - Best epoch, Loss, MSE, RMSE, MAE, MAPE: 50, 17284076.00, 28301491.00, 5264.57, 3753.62, 4.15%
- Epoch 052, ExpID 84461
Train - Loss: 10661215.15
Val - Loss, MSE, RMSE, MAE, MAPE: 29744612.00, 57369912.00, 7539.25, 5348.75, 6.37%
Test - Best epoch, Loss, MSE, RMSE, MAE, MAPE: 52, 17291770.00, 27887047.00, 5231.01, 3732.57, 4.13%
- Epoch 053, ExpID 84461
Train - Loss: 10626653.60
Val - Loss, MSE, RMSE, MAE, MAPE: 29675314.00, 57384482.00, 7547.13, 5319.60, 6.34%
Test - Best epoch, Loss, MSE, RMSE, MAE, MAPE: 53, 17274774.00, 28090399.00, 5247.47, 3757.34, 4.16%
- Epoch 054, ExpID 84461
Train - Loss: 10587366.90
Val - Loss, MSE, RMSE, MAE, MAPE: 29560972.00, 57032590.00, 7523.09, 5324.72, 6.35%
Test - Best epoch, Loss, MSE, RMSE, MAE, MAPE: 54, 17198404.00, 28260813.00, 5258.63, 3759.13, 4.16%
- Epoch 055, ExpID 84461
Train - Loss: 10558495.55
Val - Loss, MSE, RMSE, MAE, MAPE: 29578586.00, 56883812.00, 7510.13, 5292.41, 6.31%
Test - Best epoch, Loss, MSE, RMSE, MAE, MAPE: 54, 17198404.00, 28260813.00, 5258.63, 3759.13, 4.16%
- Epoch 056, ExpID 84461
Train - Loss: 10572951.05
Val - Loss, MSE, RMSE, MAE, MAPE: 29567124.00, 57014966.00, 7514.86, 5317.86, 6.33%
Test - Best epoch, Loss, MSE, RMSE, MAE, MAPE: 54, 17198404.00, 28260813.00, 5258.63, 3759.13, 4.16%
- Epoch 057, ExpID 84461
Train - Loss: 10533121.75
Val - Loss, MSE, RMSE, MAE, MAPE: 29442876.00, 56780208.00, 7502.95, 5292.24, 6.31%
Test - Best epoch, Loss, MSE, RMSE, MAE, MAPE: 57, 17121114.00, 28057164.00, 5240.88, 3765.18, 4.16%
- Epoch 058, ExpID 84461
Train - Loss: 10567142.40
Val - Loss, MSE, RMSE, MAE, MAPE: 29452130.00, 56845414.00, 7504.72, 5311.97, 6.33%
Test - Best epoch, Loss, MSE, RMSE, MAE, MAPE: 57, 17121114.00, 28057164.00, 5240.88, 3765.18, 4.16%
- Epoch 059, ExpID 84461
Train - Loss: 10502884.85
Val - Loss, MSE, RMSE, MAE, MAPE: 29428720.00, 56904660.00, 7508.33, 5346.79, 6.37%
Test - Best epoch, Loss, MSE, RMSE, MAE, MAPE: 59, 17096400.00, 28078287.00, 5240.84, 3757.87, 4.16%
- Epoch 060, ExpID 84461
Train - Loss: 10476410.85
Val - Loss, MSE, RMSE, MAE, MAPE: 29369796.00, 56718096.00, 7491.87, 5316.89, 6.33%
Test - Best epoch, Loss, MSE, RMSE, MAE, MAPE: 60, 17049668.00, 27574020.00, 5197.82, 3731.13, 4.12%
- Epoch 061, ExpID 84461
Train - Loss: 10472469.05
Val - Loss, MSE, RMSE, MAE, MAPE: 29340652.00, 56931366.00, 7514.39, 5327.56, 6.36%
Test - Best epoch, Loss, MSE, RMSE, MAE, MAPE: 61, 17069222.00, 28201591.00, 5245.52, 3761.43, 4.17%
- Epoch 062, ExpID 84461
Train - Loss: 10435216.20
Val - Loss, MSE, RMSE, MAE, MAPE: 29259944.00, 56433046.00, 7475.47, 5292.02, 6.29%
Test - Best epoch, Loss, MSE, RMSE, MAE, MAPE: 62, 17052780.00, 27440441.00, 5185.51, 3734.79, 4.12%
- Epoch 063, ExpID 84461
Train - Loss: 10418617.50
Val - Loss, MSE, RMSE, MAE, MAPE: 29266854.00, 56543012.00, 7475.58, 5268.98, 6.25%
Test - Best epoch, Loss, MSE, RMSE, MAE, MAPE: 62, 17052780.00, 27440441.00, 5185.51, 3734.79, 4.12%
- Epoch 064, ExpID 84461
Train - Loss: 10401277.65
Val - Loss, MSE, RMSE, MAE, MAPE: 29130412.00, 56595888.00, 7493.53, 5319.50, 6.35%
Test - Best epoch, Loss, MSE, RMSE, MAE, MAPE: 64, 16968210.00, 28247736.00, 5248.54, 3768.29, 4.17%
- Epoch 065, ExpID 84461
Train - Loss: 10342222.70
Val - Loss, MSE, RMSE, MAE, MAPE: 29045338.00, 56262238.00, 7465.54, 5273.33, 6.27%
Test - Best epoch, Loss, MSE, RMSE, MAE, MAPE: 65, 16970340.00, 27716970.00, 5204.72, 3747.06, 4.14%
- Epoch 066, ExpID 84461
Train - Loss: 10377618.90
Val - Loss, MSE, RMSE, MAE, MAPE: 29024060.00, 56555294.00, 7482.78, 5298.70, 6.30%
Test - Best epoch, Loss, MSE, RMSE, MAE, MAPE: 66, 16994602.00, 28001059.00, 5231.49, 3779.47, 4.17%
- Epoch 067, ExpID 84461
Train - Loss: 10314391.45
Val - Loss, MSE, RMSE, MAE, MAPE: 29068740.00, 56838656.00, 7493.79, 5355.18, 6.36%
Test - Best epoch, Loss, MSE, RMSE, MAE, MAPE: 66, 16994602.00, 28001059.00, 5231.49, 3779.47, 4.17%
- Epoch 068, ExpID 84461
Train - Loss: 10313458.85
Val - Loss, MSE, RMSE, MAE, MAPE: 29009644.00, 56581630.00, 7488.10, 5333.59, 6.36%
Test - Best epoch, Loss, MSE, RMSE, MAE, MAPE: 68, 16894752.00, 28097158.00, 5231.82, 3765.91, 4.16%
- Epoch 069, ExpID 84461
Train - Loss: 10319149.75
Val - Loss, MSE, RMSE, MAE, MAPE: 28923484.00, 55941720.00, 7439.59, 5290.61, 6.29%
Test - Best epoch, Loss, MSE, RMSE, MAE, MAPE: 69, 16921072.00, 27430742.00, 5180.74, 3734.43, 4.12%
- Epoch 070, ExpID 84461
Train - Loss: 10262502.65
Val - Loss, MSE, RMSE, MAE, MAPE: 28969654.00, 56317812.00, 7473.49, 5302.51, 6.33%
Test - Best epoch, Loss, MSE, RMSE, MAE, MAPE: 69, 16921072.00, 27430742.00, 5180.74, 3734.43, 4.12%
- Epoch 071, ExpID 84461
Train - Loss: 10265921.40
Val - Loss, MSE, RMSE, MAE, MAPE: 28983752.00, 56114430.00, 7457.01, 5265.42, 6.27%
Test - Best epoch, Loss, MSE, RMSE, MAE, MAPE: 69, 16921072.00, 27430742.00, 5180.74, 3734.43, 4.12%
- Epoch 072, ExpID 84461
Train - Loss: 10251391.50
Val - Loss, MSE, RMSE, MAE, MAPE: 28930062.00, 55967932.00, 7434.57, 5291.37, 6.29%
Test - Best epoch, Loss, MSE, RMSE, MAE, MAPE: 69, 16921072.00, 27430742.00, 5180.74, 3734.43, 4.12%
- Epoch 073, ExpID 84461
Train - Loss: 10249849.00
Val - Loss, MSE, RMSE, MAE, MAPE: 28923924.00, 56031202.00, 7457.16, 5272.02, 6.30%
Test - Best epoch, Loss, MSE, RMSE, MAE, MAPE: 69, 16921072.00, 27430742.00, 5180.74, 3734.43, 4.12%
- Epoch 074, ExpID 84461
Train - Loss: 10194346.70
Val - Loss, MSE, RMSE, MAE, MAPE: 28967628.00, 55986476.00, 7451.29, 5273.96, 6.29%
Test - Best epoch, Loss, MSE, RMSE, MAE, MAPE: 69, 16921072.00, 27430742.00, 5180.74, 3734.43, 4.12%
- Epoch 075, ExpID 84461
Train - Loss: 10155989.45
Val - Loss, MSE, RMSE, MAE, MAPE: 28832372.00, 55685216.00, 7429.25, 5243.85, 6.25%
Test - Best epoch, Loss, MSE, RMSE, MAE, MAPE: 75, 16851830.00, 27892774.00, 5209.88, 3761.29, 4.16%
- Epoch 076, ExpID 84461
Train - Loss: 10172913.70
Val - Loss, MSE, RMSE, MAE, MAPE: 28965696.00, 55955126.00, 7445.30, 5248.40, 6.25%
Test - Best epoch, Loss, MSE, RMSE, MAE, MAPE: 75, 16851830.00, 27892774.00, 5209.88, 3761.29, 4.16%
- Epoch 077, ExpID 84461
Train - Loss: 10190455.40
Val - Loss, MSE, RMSE, MAE, MAPE: 28809052.00, 55638448.00, 7428.67, 5225.53, 6.23%
Test - Best epoch, Loss, MSE, RMSE, MAE, MAPE: 77, 16883408.00, 28105592.00, 5229.38, 3788.88, 4.19%
- Epoch 078, ExpID 84461
Train - Loss: 10142261.20
Val - Loss, MSE, RMSE, MAE, MAPE: 28760466.00, 55915518.00, 7454.67, 5280.83, 6.32%
Test - Best epoch, Loss, MSE, RMSE, MAE, MAPE: 78, 16808776.00, 28814342.00, 5281.51, 3803.84, 4.23%
- Epoch 079, ExpID 84461
Train - Loss: 10116508.05
Val - Loss, MSE, RMSE, MAE, MAPE: 28713172.00, 55520642.00, 7410.10, 5242.47, 6.23%
Test - Best epoch, Loss, MSE, RMSE, MAE, MAPE: 79, 16789500.00, 27409928.00, 5171.33, 3755.38, 4.14%
- Epoch 080, ExpID 84461
Train - Loss: 10096588.60
Val - Loss, MSE, RMSE, MAE, MAPE: 28661278.00, 55419408.00, 7400.55, 5246.53, 6.23%
Test - Best epoch, Loss, MSE, RMSE, MAE, MAPE: 80, 16803720.00, 27397283.00, 5174.40, 3755.67, 4.14%
- Epoch 081, ExpID 84461
Train - Loss: 10107125.15
Val - Loss, MSE, RMSE, MAE, MAPE: 28651254.00, 55676406.00, 7426.08, 5266.10, 6.27%
Test - Best epoch, Loss, MSE, RMSE, MAE, MAPE: 81, 16789708.00, 27908552.00, 5209.82, 3779.32, 4.18%
- Epoch 082, ExpID 84461
Train - Loss: 10092705.25
Val - Loss, MSE, RMSE, MAE, MAPE: 28639036.00, 55229386.00, 7395.30, 5194.02, 6.17%
Test - Best epoch, Loss, MSE, RMSE, MAE, MAPE: 82, 16843908.00, 27433055.00, 5176.19, 3767.70, 4.15%
- Epoch 083, ExpID 84461
Train - Loss: 10058016.70
Val - Loss, MSE, RMSE, MAE, MAPE: 28633124.00, 55643580.00, 7428.40, 5240.48, 6.24%
Test - Best epoch, Loss, MSE, RMSE, MAE, MAPE: 83, 16845532.00, 28062466.00, 5224.28, 3793.23, 4.19%
- Epoch 084, ExpID 84461
Train - Loss: 10078320.50
Val - Loss, MSE, RMSE, MAE, MAPE: 28528854.00, 55468432.00, 7416.40, 5206.74, 6.20%
Test - Best epoch, Loss, MSE, RMSE, MAE, MAPE: 84, 16815276.00, 27908562.00, 5211.02, 3790.85, 4.18%
- Epoch 085, ExpID 84461
Train - Loss: 10050090.15
Val - Loss, MSE, RMSE, MAE, MAPE: 28482404.00, 55394318.00, 7404.93, 5211.02, 6.19%
Test - Best epoch, Loss, MSE, RMSE, MAE, MAPE: 85, 16738457.00, 27642142.00, 5190.72, 3780.65, 4.17%
- Epoch 086, ExpID 84461
Train - Loss: 9996311.90
Val - Loss, MSE, RMSE, MAE, MAPE: 28502576.00, 55014944.00, 7378.38, 5225.04, 6.22%
Test - Best epoch, Loss, MSE, RMSE, MAE, MAPE: 85, 16738457.00, 27642142.00, 5190.72, 3780.65, 4.17%
- Epoch 087, ExpID 84461
Train - Loss: 10015124.65
Val - Loss, MSE, RMSE, MAE, MAPE: 28441362.00, 55225888.00, 7393.03, 5226.56, 6.22%
Test - Best epoch, Loss, MSE, RMSE, MAE, MAPE: 87, 16744188.00, 27556623.00, 5182.35, 3772.64, 4.16%
- Epoch 088, ExpID 84461
Train - Loss: 9940043.65
Val - Loss, MSE, RMSE, MAE, MAPE: 28481054.00, 55349148.00, 7408.10, 5247.75, 6.26%
Test - Best epoch, Loss, MSE, RMSE, MAE, MAPE: 87, 16744188.00, 27556623.00, 5182.35, 3772.64, 4.16%
- Epoch 089, ExpID 84461
Train - Loss: 9975957.95
Val - Loss, MSE, RMSE, MAE, MAPE: 28425452.00, 55581238.00, 7418.54, 5282.20, 6.29%
Test - Best epoch, Loss, MSE, RMSE, MAE, MAPE: 89, 16764872.00, 27870140.00, 5205.05, 3777.45, 4.17%
- Epoch 090, ExpID 84461
Train - Loss: 9914563.00
Val - Loss, MSE, RMSE, MAE, MAPE: 28422146.00, 55072464.00, 7383.95, 5224.97, 6.22%
Test - Best epoch, Loss, MSE, RMSE, MAE, MAPE: 90, 16773828.00, 27410944.00, 5168.55, 3761.91, 4.15%
- Epoch 091, ExpID 84461
Train - Loss: 9941150.40
Val - Loss, MSE, RMSE, MAE, MAPE: 28404936.00, 55126078.00, 7388.40, 5198.92, 6.18%
Test - Best epoch, Loss, MSE, RMSE, MAE, MAPE: 91, 16822652.00, 27917782.00, 5213.94, 3813.17, 4.21%
- Epoch 092, ExpID 84461
Train - Loss: 9897794.65
Val - Loss, MSE, RMSE, MAE, MAPE: 28352920.00, 54943106.00, 7380.20, 5202.74, 6.20%
Test - Best epoch, Loss, MSE, RMSE, MAE, MAPE: 92, 16768708.00, 27656979.00, 5185.41, 3773.98, 4.17%
- Epoch 093, ExpID 84461
Train - Loss: 9915175.35
Val - Loss, MSE, RMSE, MAE, MAPE: 28367344.00, 54979580.00, 7375.49, 5210.57, 6.19%
Test - Best epoch, Loss, MSE, RMSE, MAE, MAPE: 92, 16768708.00, 27656979.00, 5185.41, 3773.98, 4.17%
- Epoch 094, ExpID 84461
Train - Loss: 9908730.75
Val - Loss, MSE, RMSE, MAE, MAPE: 28345708.00, 55153698.00, 7389.88, 5222.70, 6.21%
Test - Best epoch, Loss, MSE, RMSE, MAE, MAPE: 94, 16777528.00, 27631981.00, 5185.73, 3772.86, 4.16%
- Epoch 095, ExpID 84461
Train - Loss: 9868794.05
Val - Loss, MSE, RMSE, MAE, MAPE: 28272332.00, 55154052.00, 7391.12, 5246.17, 6.25%
Test - Best epoch, Loss, MSE, RMSE, MAE, MAPE: 95, 16770230.00, 27978955.00, 5213.05, 3802.14, 4.20%
- Epoch 096, ExpID 84461
Train - Loss: 9843968.40
Val - Loss, MSE, RMSE, MAE, MAPE: 28217910.00, 54881408.00, 7377.03, 5220.78, 6.21%
Test - Best epoch, Loss, MSE, RMSE, MAE, MAPE: 96, 16766032.00, 28032131.00, 5216.58, 3810.63, 4.21%
- Epoch 097, ExpID 84461
Train - Loss: 9811282.85
Val - Loss, MSE, RMSE, MAE, MAPE: 28202848.00, 54769328.00, 7365.84, 5206.06, 6.19%
Test - Best epoch, Loss, MSE, RMSE, MAE, MAPE: 97, 16793732.00, 27567972.00, 5181.24, 3793.48, 4.18%
- Epoch 098, ExpID 84461
Train - Loss: 9790016.50
Val - Loss, MSE, RMSE, MAE, MAPE: 28256930.00, 54981206.00, 7364.69, 5223.33, 6.19%
Test - Best epoch, Loss, MSE, RMSE, MAE, MAPE: 97, 16793732.00, 27567972.00, 5181.24, 3793.48, 4.18%
- Epoch 099, ExpID 84461
Train - Loss: 9814053.70
Val - Loss, MSE, RMSE, MAE, MAPE: 28078316.00, 54747188.00, 7353.32, 5196.52, 6.16%
Test - Best epoch, Loss, MSE, RMSE, MAE, MAPE: 99, 16729980.00, 27290796.00, 5158.75, 3767.54, 4.15%
- Epoch 100, ExpID 84461
Train - Loss: 9797614.00
Val - Loss, MSE, RMSE, MAE, MAPE: 28132208.00, 54766692.00, 7366.71, 5224.86, 6.22%
Test - Best epoch, Loss, MSE, RMSE, MAE, MAPE: 99, 16729980.00, 27290796.00, 5158.75, 3767.54, 4.15%
- Epoch 101, ExpID 84461
Train - Loss: 9780893.50
Val - Loss, MSE, RMSE, MAE, MAPE: 28189184.00, 54749982.00, 7367.72, 5202.29, 6.20%
Test - Best epoch, Loss, MSE, RMSE, MAE, MAPE: 99, 16729980.00, 27290796.00, 5158.75, 3767.54, 4.15%
- Epoch 102, ExpID 84461
Train - Loss: 9746780.25
Val - Loss, MSE, RMSE, MAE, MAPE: 28150580.00, 54724442.00, 7363.71, 5224.51, 6.22%
Test - Best epoch, Loss, MSE, RMSE, MAE, MAPE: 99, 16729980.00, 27290796.00, 5158.75, 3767.54, 4.15%
- Epoch 103, ExpID 84461
Train - Loss: 9803367.30
Val - Loss, MSE, RMSE, MAE, MAPE: 28088224.00, 54486200.00, 7357.17, 5179.35, 6.19%
Test - Best epoch, Loss, MSE, RMSE, MAE, MAPE: 99, 16729980.00, 27290796.00, 5158.75, 3767.54, 4.15%
- Epoch 104, ExpID 84461
Train - Loss: 9749189.80
Val - Loss, MSE, RMSE, MAE, MAPE: 28105000.00, 54942458.00, 7380.80, 5214.52, 6.21%
Test - Best epoch, Loss, MSE, RMSE, MAE, MAPE: 99, 16729980.00, 27290796.00, 5158.75, 3767.54, 4.15%
- Epoch 105, ExpID 84461
Train - Loss: 9756043.25
Val - Loss, MSE, RMSE, MAE, MAPE: 28006660.00, 54442222.00, 7339.08, 5201.60, 6.18%
Test - Best epoch, Loss, MSE, RMSE, MAE, MAPE: 105, 16774159.00, 27398302.00, 5166.56, 3783.29, 4.17%
- Epoch 106, ExpID 84461
Train - Loss: 9709577.00
Val - Loss, MSE, RMSE, MAE, MAPE: 27996932.00, 54409478.00, 7335.99, 5199.28, 6.18%
Test - Best epoch, Loss, MSE, RMSE, MAE, MAPE: 106, 16674728.00, 27560477.00, 5179.48, 3789.81, 4.18%
- Epoch 107, ExpID 84461
Train - Loss: 9696491.30
Val - Loss, MSE, RMSE, MAE, MAPE: 27962680.00, 54291906.00, 7326.59, 5196.42, 6.17%
Test - Best epoch, Loss, MSE, RMSE, MAE, MAPE: 107, 16730218.00, 27229534.00, 5154.55, 3781.86, 4.16%
- Epoch 108, ExpID 84461
Train - Loss: 9672731.50
Val - Loss, MSE, RMSE, MAE, MAPE: 27915568.00, 54398068.00, 7334.58, 5195.78, 6.17%
Test - Best epoch, Loss, MSE, RMSE, MAE, MAPE: 108, 16637227.00, 27232565.00, 5146.68, 3761.20, 4.15%
- Epoch 109, ExpID 84461
Train - Loss: 9662838.90
Val - Loss, MSE, RMSE, MAE, MAPE: 27939538.00, 54254660.00, 7326.14, 5168.78, 6.14%
Test - Best epoch, Loss, MSE, RMSE, MAE, MAPE: 108, 16637227.00, 27232565.00, 5146.68, 3761.20, 4.15%
- Epoch 110, ExpID 84461
Train - Loss: 9652397.15
Val - Loss, MSE, RMSE, MAE, MAPE: 28004730.00, 54389202.00, 7337.53, 5180.61, 6.16%
Test - Best epoch, Loss, MSE, RMSE, MAE, MAPE: 108, 16637227.00, 27232565.00, 5146.68, 3761.20, 4.15%
- Epoch 111, ExpID 84461
Train - Loss: 9604786.85
Val - Loss, MSE, RMSE, MAE, MAPE: 27956340.00, 54535272.00, 7350.31, 5190.47, 6.17%
Test - Best epoch, Loss, MSE, RMSE, MAE, MAPE: 108, 16637227.00, 27232565.00, 5146.68, 3761.20, 4.15%
- Epoch 112, ExpID 84461
Train - Loss: 9554634.95
Val - Loss, MSE, RMSE, MAE, MAPE: 27820462.00, 54050754.00, 7321.43, 5177.69, 6.17%
Test - Best epoch, Loss, MSE, RMSE, MAE, MAPE: 112, 16659305.00, 27553495.00, 5170.67, 3777.22, 4.17%
- Epoch 113, ExpID 84461
Train - Loss: 9572833.85
Val - Loss, MSE, RMSE, MAE, MAPE: 27796220.00, 54073014.00, 7318.26, 5144.80, 6.12%
Test - Best epoch, Loss, MSE, RMSE, MAE, MAPE: 113, 16699614.00, 27755444.00, 5191.24, 3803.46, 4.20%
- Epoch 114, ExpID 84461
Train - Loss: 9543531.85
Val - Loss, MSE, RMSE, MAE, MAPE: 27828416.00, 54397104.00, 7337.74, 5210.58, 6.19%
Test - Best epoch, Loss, MSE, RMSE, MAE, MAPE: 113, 16699614.00, 27755444.00, 5191.24, 3803.46, 4.20%
- Epoch 115, ExpID 84461
Train - Loss: 9557183.60
Val - Loss, MSE, RMSE, MAE, MAPE: 27727440.00, 53993462.00, 7316.33, 5181.34, 6.17%
Test - Best epoch, Loss, MSE, RMSE, MAE, MAPE: 115, 16677988.00, 27451370.00, 5160.18, 3775.26, 4.17%
- Epoch 116, ExpID 84461
Train - Loss: 9564664.15
Val - Loss, MSE, RMSE, MAE, MAPE: 27815762.00, 54037476.00, 7317.43, 5187.04, 6.17%
Test - Best epoch, Loss, MSE, RMSE, MAE, MAPE: 115, 16677988.00, 27451370.00, 5160.18, 3775.26, 4.17%
- Epoch 117, ExpID 84461
Train - Loss: 9537357.70
Val - Loss, MSE, RMSE, MAE, MAPE: 27808840.00, 54241718.00, 7329.43, 5168.39, 6.14%
Test - Best epoch, Loss, MSE, RMSE, MAE, MAPE: 115, 16677988.00, 27451370.00, 5160.18, 3775.26, 4.17%
- Epoch 118, ExpID 84461
Train - Loss: 9537483.30
Val - Loss, MSE, RMSE, MAE, MAPE: 27648356.00, 53659028.00, 7288.73, 5154.00, 6.12%
Test - Best epoch, Loss, MSE, RMSE, MAE, MAPE: 118, 16720128.00, 27628876.00, 5182.81, 3808.65, 4.20%
- Epoch 119, ExpID 84461
Train - Loss: 9508751.10
Val - Loss, MSE, RMSE, MAE, MAPE: 27694510.00, 53949862.00, 7317.20, 5193.39, 6.19%
Test - Best epoch, Loss, MSE, RMSE, MAE, MAPE: 118, 16720128.00, 27628876.00, 5182.81, 3808.65, 4.20%
- Epoch 120, ExpID 84461
Train - Loss: 9532721.45
Val - Loss, MSE, RMSE, MAE, MAPE: 27630444.00, 53635924.00, 7295.10, 5158.12, 6.14%
Test - Best epoch, Loss, MSE, RMSE, MAE, MAPE: 120, 16723281.00, 27736491.00, 5187.17, 3809.51, 4.21%
- Epoch 121, ExpID 84461
Train - Loss: 9462385.95
Val - Loss, MSE, RMSE, MAE, MAPE: 27612518.00, 53864954.00, 7301.79, 5164.97, 6.14%
Test - Best epoch, Loss, MSE, RMSE, MAE, MAPE: 121, 16630698.00, 27256479.00, 5147.02, 3775.93, 4.16%
- Epoch 122, ExpID 84461
Train - Loss: 9488545.00
Val - Loss, MSE, RMSE, MAE, MAPE: 27526580.00, 53829702.00, 7302.05, 5160.11, 6.13%
Test - Best epoch, Loss, MSE, RMSE, MAE, MAPE: 122, 16649676.00, 27598265.00, 5171.85, 3795.99, 4.19%
- Epoch 123, ExpID 84461
Train - Loss: 9429178.30
Val - Loss, MSE, RMSE, MAE, MAPE: 27557084.00, 53802720.00, 7307.35, 5168.52, 6.17%
Test - Best epoch, Loss, MSE, RMSE, MAE, MAPE: 122, 16649676.00, 27598265.00, 5171.85, 3795.99, 4.19%
- Epoch 124, ExpID 84461
Train - Loss: 9447710.50
Val - Loss, MSE, RMSE, MAE, MAPE: 27546432.00, 53543194.00, 7284.23, 5142.67, 6.12%
Test - Best epoch, Loss, MSE, RMSE, MAE, MAPE: 122, 16649676.00, 27598265.00, 5171.85, 3795.99, 4.19%
- Epoch 125, ExpID 84461
Train - Loss: 9407225.45
Val - Loss, MSE, RMSE, MAE, MAPE: 27616182.00, 54031622.00, 7321.29, 5189.90, 6.18%
Test - Best epoch, Loss, MSE, RMSE, MAE, MAPE: 122, 16649676.00, 27598265.00, 5171.85, 3795.99, 4.19%
- Epoch 126, ExpID 84461
Train - Loss: 9439570.50
Val - Loss, MSE, RMSE, MAE, MAPE: 27489306.00, 53715012.00, 7296.32, 5189.17, 6.18%
Test - Best epoch, Loss, MSE, RMSE, MAE, MAPE: 126, 16584502.00, 27460390.00, 5157.42, 3781.93, 4.18%
- Epoch 127, ExpID 84461
Train - Loss: 9377643.15
Val - Loss, MSE, RMSE, MAE, MAPE: 27511004.00, 54103030.00, 7318.94, 5195.44, 6.17%
Test - Best epoch, Loss, MSE, RMSE, MAE, MAPE: 126, 16584502.00, 27460390.00, 5157.42, 3781.93, 4.18%
- Epoch 128, ExpID 84461
Train - Loss: 9378254.25
Val - Loss, MSE, RMSE, MAE, MAPE: 27501582.00, 53758752.00, 7306.33, 5177.98, 6.17%
Test - Best epoch, Loss, MSE, RMSE, MAE, MAPE: 126, 16584502.00, 27460390.00, 5157.42, 3781.93, 4.18%
- Epoch 129, ExpID 84461
Train - Loss: 9366087.40
Val - Loss, MSE, RMSE, MAE, MAPE: 27493288.00, 53671018.00, 7297.67, 5171.69, 6.16%
Test - Best epoch, Loss, MSE, RMSE, MAE, MAPE: 126, 16584502.00, 27460390.00, 5157.42, 3781.93, 4.18%
- Epoch 130, ExpID 84461
Train - Loss: 9388596.80
Val - Loss, MSE, RMSE, MAE, MAPE: 27406486.00, 53529528.00, 7282.99, 5162.19, 6.14%
Test - Best epoch, Loss, MSE, RMSE, MAE, MAPE: 130, 16627816.00, 27342045.00, 5154.06, 3800.66, 4.19%
- Epoch 131, ExpID 84461
Train - Loss: 9315735.70
Val - Loss, MSE, RMSE, MAE, MAPE: 27278408.00, 53205956.00, 7264.16, 5132.30, 6.10%
Test - Best epoch, Loss, MSE, RMSE, MAE, MAPE: 131, 16605428.00, 27408613.00, 5154.65, 3783.15, 4.18%
- Epoch 132, ExpID 84461
Train - Loss: 9314807.15
Val - Loss, MSE, RMSE, MAE, MAPE: 27345592.00, 53427832.00, 7275.51, 5131.15, 6.09%
Test - Best epoch, Loss, MSE, RMSE, MAE, MAPE: 131, 16605428.00, 27408613.00, 5154.65, 3783.15, 4.18%
- Epoch 133, ExpID 84461
Train - Loss: 9303522.05
Val - Loss, MSE, RMSE, MAE, MAPE: 27318372.00, 53299712.00, 7265.87, 5143.12, 6.11%
Test - Best epoch, Loss, MSE, RMSE, MAE, MAPE: 131, 16605428.00, 27408613.00, 5154.65, 3783.15, 4.18%
- Epoch 134, ExpID 84461
Train - Loss: 9311532.75
Val - Loss, MSE, RMSE, MAE, MAPE: 27323548.00, 53208900.00, 7258.97, 5123.35, 6.08%
Test - Best epoch, Loss, MSE, RMSE, MAE, MAPE: 131, 16605428.00, 27408613.00, 5154.65, 3783.15, 4.18%
- Epoch 135, ExpID 84461
Train - Loss: 9294816.80
Val - Loss, MSE, RMSE, MAE, MAPE: 27320400.00, 53393276.00, 7271.89, 5164.19, 6.14%
Test - Best epoch, Loss, MSE, RMSE, MAE, MAPE: 131, 16605428.00, 27408613.00, 5154.65, 3783.15, 4.18%
- Epoch 136, ExpID 84461
Train - Loss: 9345388.55
Val - Loss, MSE, RMSE, MAE, MAPE: 27374028.00, 53769424.00, 7297.16, 5182.98, 6.16%
Test - Best epoch, Loss, MSE, RMSE, MAE, MAPE: 131, 16605428.00, 27408613.00, 5154.65, 3783.15, 4.18%
- Epoch 137, ExpID 84461
Train - Loss: 9275748.65
Val - Loss, MSE, RMSE, MAE, MAPE: 27429274.00, 53078606.00, 7253.37, 5116.92, 6.09%
Test - Best epoch, Loss, MSE, RMSE, MAE, MAPE: 131, 16605428.00, 27408613.00, 5154.65, 3783.15, 4.18%
- Epoch 138, ExpID 84461
Train - Loss: 9241277.75
Val - Loss, MSE, RMSE, MAE, MAPE: 27261490.00, 53316620.00, 7270.86, 5142.91, 6.12%
Test - Best epoch, Loss, MSE, RMSE, MAE, MAPE: 138, 16631771.00, 27573293.00, 5168.78, 3804.35, 4.19%
- Epoch 139, ExpID 84461
Train - Loss: 9220896.80
Val - Loss, MSE, RMSE, MAE, MAPE: 27287026.00, 52809024.00, 7234.07, 5110.23, 6.08%
Test - Best epoch, Loss, MSE, RMSE, MAE, MAPE: 138, 16631771.00, 27573293.00, 5168.78, 3804.35, 4.19%
- Epoch 140, ExpID 84461
Train - Loss: 9254574.60
Val - Loss, MSE, RMSE, MAE, MAPE: 27197856.00, 52885650.00, 7240.62, 5132.12, 6.11%
Test - Best epoch, Loss, MSE, RMSE, MAE, MAPE: 140, 16569640.00, 27326974.00, 5144.83, 3789.87, 4.18%
- Epoch 141, ExpID 84461
Train - Loss: 9180090.40
Val - Loss, MSE, RMSE, MAE, MAPE: 27228828.00, 52787516.00, 7232.22, 5101.38, 6.06%
Test - Best epoch, Loss, MSE, RMSE, MAE, MAPE: 140, 16569640.00, 27326974.00, 5144.83, 3789.87, 4.18%
- Epoch 142, ExpID 84461
Train - Loss: 9241981.85
Val - Loss, MSE, RMSE, MAE, MAPE: 27222744.00, 53205246.00, 7256.74, 5127.13, 6.08%
Test - Best epoch, Loss, MSE, RMSE, MAE, MAPE: 140, 16569640.00, 27326974.00, 5144.83, 3789.87, 4.18%
- Epoch 143, ExpID 84461
Train - Loss: 9166280.00
Val - Loss, MSE, RMSE, MAE, MAPE: 27210268.00, 52678220.00, 7226.71, 5109.07, 6.08%
Test - Best epoch, Loss, MSE, RMSE, MAE, MAPE: 140, 16569640.00, 27326974.00, 5144.83, 3789.87, 4.18%
- Epoch 144, ExpID 84461
Train - Loss: 9195038.90
Val - Loss, MSE, RMSE, MAE, MAPE: 27112102.00, 52597788.00, 7220.59, 5078.06, 6.03%
Test - Best epoch, Loss, MSE, RMSE, MAE, MAPE: 144, 16618427.00, 27213908.00, 5143.83, 3796.03, 4.18%
- Epoch 145, ExpID 84461
Train - Loss: 9151096.30
Val - Loss, MSE, RMSE, MAE, MAPE: 27144350.00, 52894208.00, 7240.65, 5100.10, 6.06%
Test - Best epoch, Loss, MSE, RMSE, MAE, MAPE: 144, 16618427.00, 27213908.00, 5143.83, 3796.03, 4.18%
- Epoch 146, ExpID 84461
Train - Loss: 9159951.60
Val - Loss, MSE, RMSE, MAE, MAPE: 27137060.00, 52900536.00, 7239.39, 5127.81, 6.09%
Test - Best epoch, Loss, MSE, RMSE, MAE, MAPE: 144, 16618427.00, 27213908.00, 5143.83, 3796.03, 4.18%
- Epoch 147, ExpID 84461
Train - Loss: 9186065.60
Val - Loss, MSE, RMSE, MAE, MAPE: 27119528.00, 53041846.00, 7245.67, 5127.16, 6.08%
Test - Best epoch, Loss, MSE, RMSE, MAE, MAPE: 144, 16618427.00, 27213908.00, 5143.83, 3796.03, 4.18%
- Epoch 148, ExpID 84461
Train - Loss: 9098066.25
Val - Loss, MSE, RMSE, MAE, MAPE: 27105638.00, 53203862.00, 7260.08, 5138.85, 6.10%
Test - Best epoch, Loss, MSE, RMSE, MAE, MAPE: 148, 16592990.00, 27531580.00, 5167.44, 3827.90, 4.21%
- Epoch 149, ExpID 84461
Train - Loss: 9084935.90
Val - Loss, MSE, RMSE, MAE, MAPE: 27031512.00, 52565316.00, 7218.00, 5113.51, 6.08%
Test - Best epoch, Loss, MSE, RMSE, MAE, MAPE: 149, 16633256.00, 27406385.00, 5156.75, 3815.09, 4.20%
- Epoch 150, ExpID 84461
Train - Loss: 9107744.70
Val - Loss, MSE, RMSE, MAE, MAPE: 27094316.00, 53167650.00, 7264.85, 5159.46, 6.14%
Test - Best epoch, Loss, MSE, RMSE, MAE, MAPE: 149, 16633256.00, 27406385.00, 5156.75, 3815.09, 4.20%
- Epoch 151, ExpID 84461
Train - Loss: 9053977.28
Val - Loss, MSE, RMSE, MAE, MAPE: 27047736.00, 52834012.00, 7235.63, 5116.91, 6.08%
Test - Best epoch, Loss, MSE, RMSE, MAE, MAPE: 149, 16633256.00, 27406385.00, 5156.75, 3815.09, 4.20%
- Epoch 152, ExpID 84461
Train - Loss: 9043823.75
Val - Loss, MSE, RMSE, MAE, MAPE: 27047016.00, 52953852.00, 7247.83, 5143.84, 6.12%
Test - Best epoch, Loss, MSE, RMSE, MAE, MAPE: 149, 16633256.00, 27406385.00, 5156.75, 3815.09, 4.20%
- Epoch 153, ExpID 84461
Train - Loss: 9036003.90
Val - Loss, MSE, RMSE, MAE, MAPE: 27097184.00, 52945608.00, 7244.43, 5135.31, 6.11%
Test - Best epoch, Loss, MSE, RMSE, MAE, MAPE: 149, 16633256.00, 27406385.00, 5156.75, 3815.09, 4.20%
- Epoch 154, ExpID 84461
Train - Loss: 9071453.95
Val - Loss, MSE, RMSE, MAE, MAPE: 26995276.00, 52607820.00, 7221.07, 5110.72, 6.08%
Test - Best epoch, Loss, MSE, RMSE, MAE, MAPE: 154, 16509182.00, 27177810.00, 5133.26, 3790.28, 4.18%
- Epoch 155, ExpID 84461
Train - Loss: 9031177.30
Val - Loss, MSE, RMSE, MAE, MAPE: 26945328.00, 52689470.00, 7225.07, 5108.82, 6.07%
Test - Best epoch, Loss, MSE, RMSE, MAE, MAPE: 155, 16559711.00, 26991169.00, 5122.31, 3790.63, 4.17%
- Epoch 156, ExpID 84461
Train - Loss: 9047651.90
Val - Loss, MSE, RMSE, MAE, MAPE: 26885388.00, 52492840.00, 7214.58, 5117.38, 6.09%
Test - Best epoch, Loss, MSE, RMSE, MAE, MAPE: 156, 16477107.00, 26833202.00, 5103.39, 3773.93, 4.16%
- Epoch 157, ExpID 84461
Train - Loss: 8993178.45
Val - Loss, MSE, RMSE, MAE, MAPE: 26953844.00, 52851718.00, 7236.39, 5176.39, 6.16%
Test - Best epoch, Loss, MSE, RMSE, MAE, MAPE: 156, 16477107.00, 26833202.00, 5103.39, 3773.93, 4.16%
- Epoch 158, ExpID 84461
Train - Loss: 9011407.10
Val - Loss, MSE, RMSE, MAE, MAPE: 26914788.00, 52625176.00, 7222.85, 5096.46, 6.05%
Test - Best epoch, Loss, MSE, RMSE, MAE, MAPE: 156, 16477107.00, 26833202.00, 5103.39, 3773.93, 4.16%
- Epoch 159, ExpID 84461
Train - Loss: 8990353.32
Val - Loss, MSE, RMSE, MAE, MAPE: 26780844.00, 52667464.00, 7223.67, 5122.75, 6.08%
Test - Best epoch, Loss, MSE, RMSE, MAE, MAPE: 159, 16454340.00, 27107290.00, 5127.65, 3792.59, 4.18%
- Epoch 160, ExpID 84461
Train - Loss: 8970290.05
Val - Loss, MSE, RMSE, MAE, MAPE: 26811728.00, 52508704.00, 7212.61, 5100.21, 6.06%
Test - Best epoch, Loss, MSE, RMSE, MAE, MAPE: 159, 16454340.00, 27107290.00, 5127.65, 3792.59, 4.18%
- Epoch 161, ExpID 84461
Train - Loss: 8930670.55
Val - Loss, MSE, RMSE, MAE, MAPE: 26781144.00, 52351212.00, 7201.75, 5109.93, 6.07%
Test - Best epoch, Loss, MSE, RMSE, MAE, MAPE: 159, 16454340.00, 27107290.00, 5127.65, 3792.59, 4.18%
- Epoch 162, ExpID 84461
Train - Loss: 8914274.75
Val - Loss, MSE, RMSE, MAE, MAPE: 26726976.00, 52169328.00, 7186.02, 5084.21, 6.03%
Test - Best epoch, Loss, MSE, RMSE, MAE, MAPE: 162, 16421622.00, 26328060.00, 5064.64, 3748.13, 4.11%
- Epoch 163, ExpID 84461
Train - Loss: 8878321.10
Val - Loss, MSE, RMSE, MAE, MAPE: 26733008.00, 52424366.00, 7205.91, 5120.26, 6.08%
Test - Best epoch, Loss, MSE, RMSE, MAE, MAPE: 162, 16421622.00, 26328060.00, 5064.64, 3748.13, 4.11%
- Epoch 164, ExpID 84461
Train - Loss: 8898733.25
Val - Loss, MSE, RMSE, MAE, MAPE: 26667792.00, 52432424.00, 7208.41, 5119.30, 6.08%
Test - Best epoch, Loss, MSE, RMSE, MAE, MAPE: 164, 16461890.00, 27081834.00, 5126.92, 3795.71, 4.18%
- Epoch 165, ExpID 84461
Train - Loss: 8897028.05
Val - Loss, MSE, RMSE, MAE, MAPE: 26756812.00, 52378324.00, 7205.84, 5110.82, 6.08%
Test - Best epoch, Loss, MSE, RMSE, MAE, MAPE: 164, 16461890.00, 27081834.00, 5126.92, 3795.71, 4.18%
- Epoch 166, ExpID 84461
Train - Loss: 8873242.70
Val - Loss, MSE, RMSE, MAE, MAPE: 26728500.00, 52444344.00, 7209.80, 5129.90, 6.10%
Test - Best epoch, Loss, MSE, RMSE, MAE, MAPE: 164, 16461890.00, 27081834.00, 5126.92, 3795.71, 4.18%
- Epoch 167, ExpID 84461
Train - Loss: 8846531.68
Val - Loss, MSE, RMSE, MAE, MAPE: 26665048.00, 51696930.00, 7158.49, 5068.69, 6.03%
Test - Best epoch, Loss, MSE, RMSE, MAE, MAPE: 167, 16518574.00, 26855829.00, 5107.56, 3779.91, 4.16%
- Epoch 168, ExpID 84461
Train - Loss: 8847057.80
Val - Loss, MSE, RMSE, MAE, MAPE: 26726352.00, 52140492.00, 7186.90, 5100.33, 6.06%
Test - Best epoch, Loss, MSE, RMSE, MAE, MAPE: 167, 16518574.00, 26855829.00, 5107.56, 3779.91, 4.16%
- Epoch 169, ExpID 84461
Train - Loss: 8887838.00
Val - Loss, MSE, RMSE, MAE, MAPE: 26701708.00, 52047970.00, 7185.31, 5091.62, 6.06%
Test - Best epoch, Loss, MSE, RMSE, MAE, MAPE: 167, 16518574.00, 26855829.00, 5107.56, 3779.91, 4.16%
- Epoch 170, ExpID 84461
Train - Loss: 8848738.05
Val - Loss, MSE, RMSE, MAE, MAPE: 26700930.00, 52086214.00, 7187.88, 5094.62, 6.06%
Test - Best epoch, Loss, MSE, RMSE, MAE, MAPE: 167, 16518574.00, 26855829.00, 5107.56, 3779.91, 4.16%
- Epoch 171, ExpID 84461
Train - Loss: 8850241.55
Val - Loss, MSE, RMSE, MAE, MAPE: 26691276.00, 52448774.00, 7217.29, 5135.74, 6.12%
Test - Best epoch, Loss, MSE, RMSE, MAE, MAPE: 167, 16518574.00, 26855829.00, 5107.56, 3779.91, 4.16%
- Epoch 172, ExpID 84461
Train - Loss: 8832884.95
Val - Loss, MSE, RMSE, MAE, MAPE: 26614866.00, 51835270.00, 7170.70, 5081.93, 6.05%
Test - Best epoch, Loss, MSE, RMSE, MAE, MAPE: 172, 16481418.00, 27063385.00, 5123.48, 3794.63, 4.18%
- Epoch 173, ExpID 84461
Train - Loss: 8769739.70
Val - Loss, MSE, RMSE, MAE, MAPE: 26623696.00, 52125284.00, 7190.78, 5119.17, 6.09%
Test - Best epoch, Loss, MSE, RMSE, MAE, MAPE: 172, 16481418.00, 27063385.00, 5123.48, 3794.63, 4.18%
- Epoch 174, ExpID 84461
Train - Loss: 8794632.20
Val - Loss, MSE, RMSE, MAE, MAPE: 26572452.00, 51843264.00, 7166.99, 5101.54, 6.06%
Test - Best epoch, Loss, MSE, RMSE, MAE, MAPE: 174, 16454691.00, 26791650.00, 5101.65, 3783.80, 4.16%
- Epoch 175, ExpID 84461
Train - Loss: 8744413.25
Val - Loss, MSE, RMSE, MAE, MAPE: 26771444.00, 52350650.00, 7201.72, 5123.81, 6.09%
Test - Best epoch, Loss, MSE, RMSE, MAE, MAPE: 174, 16454691.00, 26791650.00, 5101.65, 3783.80, 4.16%
- Epoch 176, ExpID 84461
Train - Loss: 8739870.85
Val - Loss, MSE, RMSE, MAE, MAPE: 26721166.00, 52212880.00, 7196.99, 5116.10, 6.09%
Test - Best epoch, Loss, MSE, RMSE, MAE, MAPE: 174, 16454691.00, 26791650.00, 5101.65, 3783.80, 4.16%
- Epoch 177, ExpID 84461
Train - Loss: 8767532.97
Val - Loss, MSE, RMSE, MAE, MAPE: 26596332.00, 52060162.00, 7180.97, 5120.12, 6.08%
Test - Best epoch, Loss, MSE, RMSE, MAE, MAPE: 174, 16454691.00, 26791650.00, 5101.65, 3783.80, 4.16%
- Epoch 178, ExpID 84461
Train - Loss: 8729617.62
Val - Loss, MSE, RMSE, MAE, MAPE: 26597244.00, 51947976.00, 7178.69, 5095.23, 6.06%
Test - Best epoch, Loss, MSE, RMSE, MAE, MAPE: 174, 16454691.00, 26791650.00, 5101.65, 3783.80, 4.16%
- Epoch 179, ExpID 84461
Train - Loss: 8702740.60
Val - Loss, MSE, RMSE, MAE, MAPE: 26530380.00, 51953150.00, 7181.59, 5116.57, 6.09%
Test - Best epoch, Loss, MSE, RMSE, MAE, MAPE: 179, 16503470.00, 27122823.00, 5126.51, 3800.85, 4.19%
- Epoch 180, ExpID 84461
Train - Loss: 8757961.18
Val - Loss, MSE, RMSE, MAE, MAPE: 26659024.00, 52429670.00, 7212.29, 5130.17, 6.10%
Test - Best epoch, Loss, MSE, RMSE, MAE, MAPE: 179, 16503470.00, 27122823.00, 5126.51, 3800.85, 4.19%
- Epoch 181, ExpID 84461
Train - Loss: 8726319.40
Val - Loss, MSE, RMSE, MAE, MAPE: 26573990.00, 51868122.00, 7173.77, 5106.23, 6.08%
Test - Best epoch, Loss, MSE, RMSE, MAE, MAPE: 179, 16503470.00, 27122823.00, 5126.51, 3800.85, 4.19%
- Epoch 182, ExpID 84461
Train - Loss: 8681876.75
Val - Loss, MSE, RMSE, MAE, MAPE: 26651174.00, 51948204.00, 7179.61, 5086.27, 6.05%
Test - Best epoch, Loss, MSE, RMSE, MAE, MAPE: 179, 16503470.00, 27122823.00, 5126.51, 3800.85, 4.19%
- Epoch 183, ExpID 84461
Train - Loss: 8686831.97
Val - Loss, MSE, RMSE, MAE, MAPE: 26633882.00, 52143370.00, 7188.15, 5118.43, 6.08%
Test - Best epoch, Loss, MSE, RMSE, MAE, MAPE: 179, 16503470.00, 27122823.00, 5126.51, 3800.85, 4.19%
- Epoch 184, ExpID 84461
Train - Loss: 8674255.18
Val - Loss, MSE, RMSE, MAE, MAPE: 26486552.00, 51657636.00, 7157.19, 5103.10, 6.07%
Test - Best epoch, Loss, MSE, RMSE, MAE, MAPE: 184, 16449526.00, 26789103.00, 5100.98, 3785.92, 4.16%
- Epoch 185, ExpID 84461
Train - Loss: 8639027.57
Val - Loss, MSE, RMSE, MAE, MAPE: 26542680.00, 51849448.00, 7172.73, 5099.24, 6.08%
Test - Best epoch, Loss, MSE, RMSE, MAE, MAPE: 184, 16449526.00, 26789103.00, 5100.98, 3785.92, 4.16%
- Epoch 186, ExpID 84461
Train - Loss: 8670004.32
Val - Loss, MSE, RMSE, MAE, MAPE: 26479780.00, 51772838.00, 7166.53, 5096.78, 6.07%
Test - Best epoch, Loss, MSE, RMSE, MAE, MAPE: 186, 16434460.00, 26961473.00, 5112.70, 3790.81, 4.17%
- Epoch 187, ExpID 84461
Train - Loss: 8613225.57
Val - Loss, MSE, RMSE, MAE, MAPE: 26544654.00, 51784966.00, 7167.49, 5096.55, 6.07%
Test - Best epoch, Loss, MSE, RMSE, MAE, MAPE: 186, 16434460.00, 26961473.00, 5112.70, 3790.81, 4.17%
- Epoch 188, ExpID 84461
Train - Loss: 8598660.15
Val - Loss, MSE, RMSE, MAE, MAPE: 26488104.00, 51727280.00, 7162.32, 5086.71, 6.06%
Test - Best epoch, Loss, MSE, RMSE, MAE, MAPE: 186, 16434460.00, 26961473.00, 5112.70, 3790.81, 4.17%
- Epoch 189, ExpID 84461
Train - Loss: 8612786.43
Val - Loss, MSE, RMSE, MAE, MAPE: 26386024.00, 51840150.00, 7174.64, 5113.90, 6.09%
Test - Best epoch, Loss, MSE, RMSE, MAE, MAPE: 189, 16405412.00, 27163604.00, 5130.13, 3809.12, 4.20%
- Epoch 190, ExpID 84461
Train - Loss: 8586290.78
Val - Loss, MSE, RMSE, MAE, MAPE: 26452536.00, 51632492.00, 7160.75, 5074.05, 6.04%
Test - Best epoch, Loss, MSE, RMSE, MAE, MAPE: 189, 16405412.00, 27163604.00, 5130.13, 3809.12, 4.20%
- Epoch 191, ExpID 84461
Train - Loss: 8563971.45
Val - Loss, MSE, RMSE, MAE, MAPE: 26304302.00, 51691328.00, 7156.77, 5104.32, 6.06%
Test - Best epoch, Loss, MSE, RMSE, MAE, MAPE: 191, 16357254.00, 26548841.00, 5078.23, 3774.03, 4.14%
- Epoch 192, ExpID 84461
Train - Loss: 8543311.10
Val - Loss, MSE, RMSE, MAE, MAPE: 26381564.00, 51336776.00, 7136.67, 5066.19, 6.03%
Test - Best epoch, Loss, MSE, RMSE, MAE, MAPE: 191, 16357254.00, 26548841.00, 5078.23, 3774.03, 4.14%
- Epoch 193, ExpID 84461
Train - Loss: 8570445.32
Val - Loss, MSE, RMSE, MAE, MAPE: 26310114.00, 51479712.00, 7147.49, 5078.58, 6.05%
Test - Best epoch, Loss, MSE, RMSE, MAE, MAPE: 191, 16357254.00, 26548841.00, 5078.23, 3774.03, 4.14%
- Epoch 194, ExpID 84461
Train - Loss: 8552849.60
Val - Loss, MSE, RMSE, MAE, MAPE: 26225428.00, 51343708.00, 7139.02, 5085.00, 6.06%
Test - Best epoch, Loss, MSE, RMSE, MAE, MAPE: 194, 16402384.00, 26983946.00, 5113.80, 3792.99, 4.18%
- Epoch 195, ExpID 84461
Train - Loss: 8522070.50
Val - Loss, MSE, RMSE, MAE, MAPE: 26327584.00, 51548568.00, 7154.55, 5109.39, 6.09%
Test - Best epoch, Loss, MSE, RMSE, MAE, MAPE: 194, 16402384.00, 26983946.00, 5113.80, 3792.99, 4.18%
- Epoch 196, ExpID 84461
Train - Loss: 8526837.68
Val - Loss, MSE, RMSE, MAE, MAPE: 26279352.00, 51282094.00, 7140.59, 5066.90, 6.04%
Test - Best epoch, Loss, MSE, RMSE, MAE, MAPE: 194, 16402384.00, 26983946.00, 5113.80, 3792.99, 4.18%
- Epoch 197, ExpID 84461
Train - Loss: 8500843.22
Val - Loss, MSE, RMSE, MAE, MAPE: 26397504.00, 51490478.00, 7151.99, 5082.55, 6.06%
Test - Best epoch, Loss, MSE, RMSE, MAE, MAPE: 194, 16402384.00, 26983946.00, 5113.80, 3792.99, 4.18%
- Epoch 198, ExpID 84461
Train - Loss: 8486039.50
Val - Loss, MSE, RMSE, MAE, MAPE: 26399232.00, 51343052.00, 7138.81, 5048.12, 6.01%
Test - Best epoch, Loss, MSE, RMSE, MAE, MAPE: 194, 16402384.00, 26983946.00, 5113.80, 3792.99, 4.18%
- Epoch 199, ExpID 84461
Train - Loss: 8495594.20
Val - Loss, MSE, RMSE, MAE, MAPE: 26394932.00, 51430870.00, 7144.12, 5083.65, 6.06%
Test - Best epoch, Loss, MSE, RMSE, MAE, MAPE: 194, 16402384.00, 26983946.00, 5113.80, 3792.99, 4.18%
- Epoch 200, ExpID 84461
Train - Loss: 8496983.53
Val - Loss, MSE, RMSE, MAE, MAPE: 26316632.00, 51082582.00, 7121.53, 5071.92, 6.05%
Test - Best epoch, Loss, MSE, RMSE, MAE, MAPE: 194, 16402384.00, 26983946.00, 5113.80, 3792.99, 4.18%
- Epoch 201, ExpID 84461
Train - Loss: 8467908.53
Val - Loss, MSE, RMSE, MAE, MAPE: 26271228.00, 51522028.00, 7144.95, 5107.97, 6.07%
Test - Best epoch, Loss, MSE, RMSE, MAE, MAPE: 194, 16402384.00, 26983946.00, 5113.80, 3792.99, 4.18%
- Epoch 202, ExpID 84461
Train - Loss: 8480263.45
Val - Loss, MSE, RMSE, MAE, MAPE: 26285424.00, 51332254.00, 7139.61, 5069.60, 6.04%
Test - Best epoch, Loss, MSE, RMSE, MAE, MAPE: 194, 16402384.00, 26983946.00, 5113.80, 3792.99, 4.18%
- Epoch 203, ExpID 84461
Train - Loss: 8479201.35
Val - Loss, MSE, RMSE, MAE, MAPE: 26253510.00, 51400288.00, 7139.82, 5087.55, 6.05%
Test - Best epoch, Loss, MSE, RMSE, MAE, MAPE: 194, 16402384.00, 26983946.00, 5113.80, 3792.99, 4.18%
- Epoch 204, ExpID 84461
Train - Loss: 8443651.05
Val - Loss, MSE, RMSE, MAE, MAPE: 26190408.00, 51175744.00, 7126.42, 5066.59, 6.03%
Test - Best epoch, Loss, MSE, RMSE, MAE, MAPE: 204, 16492642.00, 26898145.00, 5106.49, 3794.17, 4.18%
- Epoch 205, ExpID 84461
Train - Loss: 8395987.95
Val - Loss, MSE, RMSE, MAE, MAPE: 26282266.00, 51648442.00, 7160.55, 5097.35, 6.07%
Test - Best epoch, Loss, MSE, RMSE, MAE, MAPE: 204, 16492642.00, 26898145.00, 5106.49, 3794.17, 4.18%
- Epoch 206, ExpID 84461
Train - Loss: 8432793.45
Val - Loss, MSE, RMSE, MAE, MAPE: 26260036.00, 51275224.00, 7132.14, 5070.52, 6.03%
Test - Best epoch, Loss, MSE, RMSE, MAE, MAPE: 204, 16492642.00, 26898145.00, 5106.49, 3794.17, 4.18%
- Epoch 207, ExpID 84461
Train - Loss: 8367710.35
Val - Loss, MSE, RMSE, MAE, MAPE: 26277580.00, 51483604.00, 7146.31, 5078.64, 6.04%
Test - Best epoch, Loss, MSE, RMSE, MAE, MAPE: 204, 16492642.00, 26898145.00, 5106.49, 3794.17, 4.18%
- Epoch 208, ExpID 84461
Train - Loss: 8439615.88
Val - Loss, MSE, RMSE, MAE, MAPE: 26321552.00, 51401866.00, 7143.12, 5067.02, 6.03%
Test - Best epoch, Loss, MSE, RMSE, MAE, MAPE: 204, 16492642.00, 26898145.00, 5106.49, 3794.17, 4.18%
- Epoch 209, ExpID 84461
Train - Loss: 8369607.72
Val - Loss, MSE, RMSE, MAE, MAPE: 26194862.00, 51284008.00, 7136.85, 5078.60, 6.05%
Test - Best epoch, Loss, MSE, RMSE, MAE, MAPE: 204, 16492642.00, 26898145.00, 5106.49, 3794.17, 4.18%
- Epoch 210, ExpID 84461
Train - Loss: 8386194.60
Val - Loss, MSE, RMSE, MAE, MAPE: 26238696.00, 51615418.00, 7160.69, 5100.80, 6.08%
Test - Best epoch, Loss, MSE, RMSE, MAE, MAPE: 204, 16492642.00, 26898145.00, 5106.49, 3794.17, 4.18%
- Epoch 211, ExpID 84461
Train - Loss: 8375028.28
Val - Loss, MSE, RMSE, MAE, MAPE: 26133962.00, 51188596.00, 7124.50, 5050.57, 6.00%
Test - Best epoch, Loss, MSE, RMSE, MAE, MAPE: 211, 16452205.00, 26800280.00, 5103.20, 3796.12, 4.17%
- Epoch 212, ExpID 84461
Train - Loss: 8356010.95
Val - Loss, MSE, RMSE, MAE, MAPE: 26091384.00, 51126896.00, 7120.05, 5065.39, 6.02%
Test - Best epoch, Loss, MSE, RMSE, MAE, MAPE: 212, 16530802.00, 26702490.00, 5098.60, 3790.35, 4.16%
- Epoch 213, ExpID 84461
Train - Loss: 8324585.50
Val - Loss, MSE, RMSE, MAE, MAPE: 26101020.00, 50756258.00, 7099.86, 5038.49, 6.00%
Test - Best epoch, Loss, MSE, RMSE, MAE, MAPE: 212, 16530802.00, 26702490.00, 5098.60, 3790.35, 4.16%
- Epoch 214, ExpID 84461
Train - Loss: 8312626.62
Val - Loss, MSE, RMSE, MAE, MAPE: 26166764.00, 50926064.00, 7107.72, 5041.92, 5.99%
Test - Best epoch, Loss, MSE, RMSE, MAE, MAPE: 212, 16530802.00, 26702490.00, 5098.60, 3790.35, 4.16%
- Epoch 215, ExpID 84461
Train - Loss: 8355715.12
Val - Loss, MSE, RMSE, MAE, MAPE: 26190578.00, 51025730.00, 7114.57, 5050.35, 6.00%
Test - Best epoch, Loss, MSE, RMSE, MAE, MAPE: 212, 16530802.00, 26702490.00, 5098.60, 3790.35, 4.16%
- Epoch 216, ExpID 84461
Train - Loss: 8273276.65
Val - Loss, MSE, RMSE, MAE, MAPE: 26121816.00, 51016616.00, 7117.74, 5056.64, 6.02%
Test - Best epoch, Loss, MSE, RMSE, MAE, MAPE: 212, 16530802.00, 26702490.00, 5098.60, 3790.35, 4.16%
- Epoch 217, ExpID 84461
Train - Loss: 8294786.22
Val - Loss, MSE, RMSE, MAE, MAPE: 26139404.00, 51029590.00, 7119.19, 5068.23, 6.04%
Test - Best epoch, Loss, MSE, RMSE, MAE, MAPE: 212, 16530802.00, 26702490.00, 5098.60, 3790.35, 4.16%
- Epoch 218, ExpID 84461
Train - Loss: 8271918.53
Val - Loss, MSE, RMSE, MAE, MAPE: 26184504.00, 51212816.00, 7133.77, 5084.58, 6.06%
Test - Best epoch, Loss, MSE, RMSE, MAE, MAPE: 212, 16530802.00, 26702490.00, 5098.60, 3790.35, 4.16%
- Epoch 219, ExpID 84461
Train - Loss: 8284046.90
Val - Loss, MSE, RMSE, MAE, MAPE: 26090492.00, 50959574.00, 7111.25, 5071.40, 6.04%
Test - Best epoch, Loss, MSE, RMSE, MAE, MAPE: 219, 16509332.00, 26863105.00, 5109.70, 3803.03, 4.18%
- Epoch 220, ExpID 84461
Train - Loss: 8271989.97
Val - Loss, MSE, RMSE, MAE, MAPE: 26136500.00, 50671606.00, 7092.59, 5046.86, 6.01%
Test - Best epoch, Loss, MSE, RMSE, MAE, MAPE: 219, 16509332.00, 26863105.00, 5109.70, 3803.03, 4.18%
- Epoch 221, ExpID 84461
Train - Loss: 8261826.67
Val - Loss, MSE, RMSE, MAE, MAPE: 26177352.00, 50943188.00, 7108.72, 5045.81, 6.00%
Test - Best epoch, Loss, MSE, RMSE, MAE, MAPE: 219, 16509332.00, 26863105.00, 5109.70, 3803.03, 4.18%
- Epoch 222, ExpID 84461
Train - Loss: 8250675.08
Val - Loss, MSE, RMSE, MAE, MAPE: 26206044.00, 51197828.00, 7128.59, 5066.92, 6.03%
Test - Best epoch, Loss, MSE, RMSE, MAE, MAPE: 219, 16509332.00, 26863105.00, 5109.70, 3803.03, 4.18%
- Epoch 223, ExpID 84461
Train - Loss: 8240183.67
Val - Loss, MSE, RMSE, MAE, MAPE: 26170372.00, 51030654.00, 7118.37, 5059.46, 6.02%
Test - Best epoch, Loss, MSE, RMSE, MAE, MAPE: 219, 16509332.00, 26863105.00, 5109.70, 3803.03, 4.18%
- Epoch 224, ExpID 84461
Train - Loss: 8229576.88
Val - Loss, MSE, RMSE, MAE, MAPE: 26108400.00, 50532832.00, 7084.25, 5017.13, 5.97%
Test - Best epoch, Loss, MSE, RMSE, MAE, MAPE: 219, 16509332.00, 26863105.00, 5109.70, 3803.03, 4.18%
- Epoch 225, ExpID 84461
Train - Loss: 8247286.55
Val - Loss, MSE, RMSE, MAE, MAPE: 26138514.00, 50747752.00, 7098.09, 5027.16, 5.98%
Test - Best epoch, Loss, MSE, RMSE, MAE, MAPE: 219, 16509332.00, 26863105.00, 5109.70, 3803.03, 4.18%
- Epoch 226, ExpID 84461
Train - Loss: 8220560.62
Val - Loss, MSE, RMSE, MAE, MAPE: 26084840.00, 50833832.00, 7099.99, 5057.57, 6.01%
Test - Best epoch, Loss, MSE, RMSE, MAE, MAPE: 226, 16613058.00, 26733143.00, 5105.14, 3799.42, 4.17%
- Epoch 227, ExpID 84461
Train - Loss: 8222046.58
Val - Loss, MSE, RMSE, MAE, MAPE: 26079008.00, 50902608.00, 7108.71, 5068.63, 6.03%
Test - Best epoch, Loss, MSE, RMSE, MAE, MAPE: 227, 16507280.00, 26790504.00, 5100.71, 3790.10, 4.17%
- Epoch 228, ExpID 84461
Train - Loss: 8137474.30
Val - Loss, MSE, RMSE, MAE, MAPE: 26007260.00, 50854918.00, 7104.31, 5037.45, 5.99%
Test - Best epoch, Loss, MSE, RMSE, MAE, MAPE: 228, 16507986.00, 26802027.00, 5105.78, 3795.27, 4.17%
- Epoch 229, ExpID 84461
Train - Loss: 8161417.50
Val - Loss, MSE, RMSE, MAE, MAPE: 26158582.00, 50878318.00, 7101.51, 5064.35, 6.02%
Test - Best epoch, Loss, MSE, RMSE, MAE, MAPE: 228, 16507986.00, 26802027.00, 5105.78, 3795.27, 4.17%
- Epoch 230, ExpID 84461
Train - Loss: 8208808.62
Val - Loss, MSE, RMSE, MAE, MAPE: 26078366.00, 50849378.00, 7099.75, 5052.97, 6.01%
Test - Best epoch, Loss, MSE, RMSE, MAE, MAPE: 228, 16507986.00, 26802027.00, 5105.78, 3795.27, 4.17%
- Epoch 231, ExpID 84461
Train - Loss: 8198708.78
Val - Loss, MSE, RMSE, MAE, MAPE: 25973000.00, 50602680.00, 7090.38, 5052.01, 6.02%
Test - Best epoch, Loss, MSE, RMSE, MAE, MAPE: 231, 16473000.00, 26815125.00, 5101.26, 3787.88, 4.17%
- Epoch 232, ExpID 84461
Train - Loss: 8168592.58
Val - Loss, MSE, RMSE, MAE, MAPE: 26054168.00, 50918868.00, 7111.78, 5064.04, 6.03%
Test - Best epoch, Loss, MSE, RMSE, MAE, MAPE: 231, 16473000.00, 26815125.00, 5101.26, 3787.88, 4.17%
- Epoch 233, ExpID 84461
Train - Loss: 8161746.55
Val - Loss, MSE, RMSE, MAE, MAPE: 25995138.00, 50822412.00, 7104.72, 5067.50, 6.04%
Test - Best epoch, Loss, MSE, RMSE, MAE, MAPE: 231, 16473000.00, 26815125.00, 5101.26, 3787.88, 4.17%
- Epoch 234, ExpID 84461
Train - Loss: 8143682.20
Val - Loss, MSE, RMSE, MAE, MAPE: 26123006.00, 50783460.00, 7102.40, 5044.25, 6.01%
Test - Best epoch, Loss, MSE, RMSE, MAE, MAPE: 231, 16473000.00, 26815125.00, 5101.26, 3787.88, 4.17%
- Epoch 235, ExpID 84461
Train - Loss: 8118584.30
Val - Loss, MSE, RMSE, MAE, MAPE: 25997854.00, 50764418.00, 7103.26, 5065.56, 6.04%
Test - Best epoch, Loss, MSE, RMSE, MAE, MAPE: 231, 16473000.00, 26815125.00, 5101.26, 3787.88, 4.17%
- Epoch 236, ExpID 84461
Train - Loss: 8124418.58
Val - Loss, MSE, RMSE, MAE, MAPE: 26021712.00, 50690628.00, 7094.63, 5062.85, 6.03%
Test - Best epoch, Loss, MSE, RMSE, MAE, MAPE: 231, 16473000.00, 26815125.00, 5101.26, 3787.88, 4.17%
- Epoch 237, ExpID 84461
Train - Loss: 8103373.20
Val - Loss, MSE, RMSE, MAE, MAPE: 26048924.00, 50898184.00, 7110.13, 5065.77, 6.04%
Test - Best epoch, Loss, MSE, RMSE, MAE, MAPE: 231, 16473000.00, 26815125.00, 5101.26, 3787.88, 4.17%
- Epoch 238, ExpID 84461
Train - Loss: 8096601.40
Val - Loss, MSE, RMSE, MAE, MAPE: 26061740.00, 50835520.00, 7107.82, 5063.63, 6.04%
Test - Best epoch, Loss, MSE, RMSE, MAE, MAPE: 231, 16473000.00, 26815125.00, 5101.26, 3787.88, 4.17%
- Epoch 239, ExpID 84461
Train - Loss: 8111778.47
Val - Loss, MSE, RMSE, MAE, MAPE: 26157136.00, 50994844.00, 7114.63, 5068.46, 6.03%
Test - Best epoch, Loss, MSE, RMSE, MAE, MAPE: 231, 16473000.00, 26815125.00, 5101.26, 3787.88, 4.17%
- Epoch 240, ExpID 84461
Train - Loss: 7992434.83
Val - Loss, MSE, RMSE, MAE, MAPE: 26025370.00, 50771628.00, 7100.35, 5070.06, 6.04%
Test - Best epoch, Loss, MSE, RMSE, MAE, MAPE: 231, 16473000.00, 26815125.00, 5101.26, 3787.88, 4.17%
- Epoch 241, ExpID 84461
Train - Loss: 8042224.55
Val - Loss, MSE, RMSE, MAE, MAPE: 26106656.00, 50876940.00, 7113.58, 5076.74, 6.06%
Test - Best epoch, Loss, MSE, RMSE, MAE, MAPE: 231, 16473000.00, 26815125.00, 5101.26, 3787.88, 4.17%
Early Stopping at Epoch 241
Fold 2018 Best RMSE: 5101.2561

-------------------- [Fold: 2019] ExpID: 31181 --------------------
- Epoch 000, ExpID 31181
Train - Loss: 19916920.18
Val - Loss, MSE, RMSE, MAE, MAPE: 22980424.00, 39537249.00, 6231.43, 4705.27, 5.10%
Test - Best epoch, Loss, MSE, RMSE, MAE, MAPE: 0, 22356792.00, 49213896.00, 6988.99, 5522.49, 5.94%
- Epoch 001, ExpID 31181
Train - Loss: 15434832.09
Val - Loss, MSE, RMSE, MAE, MAPE: 21302860.00, 34880873.00, 5873.11, 4414.50, 4.78%
Test - Best epoch, Loss, MSE, RMSE, MAE, MAPE: 1, 19745178.00, 40450734.00, 6310.16, 4901.21, 5.28%
- Epoch 002, ExpID 31181
Train - Loss: 14578988.23
Val - Loss, MSE, RMSE, MAE, MAPE: 20807488.00, 32773459.00, 5711.83, 4298.50, 4.67%
Test - Best epoch, Loss, MSE, RMSE, MAE, MAPE: 2, 18377364.00, 35309977.00, 5879.22, 4509.47, 4.87%
- Epoch 003, ExpID 31181
Train - Loss: 14316815.23
Val - Loss, MSE, RMSE, MAE, MAPE: 20364636.00, 31648474.00, 5617.60, 4193.56, 4.56%
Test - Best epoch, Loss, MSE, RMSE, MAE, MAPE: 3, 17492804.00, 32459860.00, 5629.23, 4286.69, 4.63%
- Epoch 004, ExpID 31181
Train - Loss: 13939055.64
Val - Loss, MSE, RMSE, MAE, MAPE: 20029512.00, 31524900.00, 5609.33, 4182.72, 4.54%
Test - Best epoch, Loss, MSE, RMSE, MAE, MAPE: 4, 16810546.00, 29346614.00, 5333.09, 4003.61, 4.31%
- Epoch 005, ExpID 31181
Train - Loss: 13687128.59
Val - Loss, MSE, RMSE, MAE, MAPE: 19989864.00, 30927531.00, 5555.37, 4080.55, 4.47%
Test - Best epoch, Loss, MSE, RMSE, MAE, MAPE: 5, 16331297.00, 28707102.00, 5270.99, 3939.07, 4.25%
- Epoch 006, ExpID 31181
Train - Loss: 13552365.68
Val - Loss, MSE, RMSE, MAE, MAPE: 19861142.00, 31256656.00, 5586.97, 4120.09, 4.49%
Test - Best epoch, Loss, MSE, RMSE, MAE, MAPE: 6, 16039850.00, 26921217.00, 5083.89, 3735.92, 4.01%
- Epoch 007, ExpID 31181
Train - Loss: 13544456.68
Val - Loss, MSE, RMSE, MAE, MAPE: 19838164.00, 31148648.00, 5576.56, 4081.72, 4.48%
Test - Best epoch, Loss, MSE, RMSE, MAE, MAPE: 7, 15773259.00, 27131608.50, 5108.90, 3758.23, 4.05%
- Epoch 008, ExpID 31181
Train - Loss: 13339566.36
Val - Loss, MSE, RMSE, MAE, MAPE: 19850450.00, 31768858.00, 5633.76, 4151.50, 4.52%
Test - Best epoch, Loss, MSE, RMSE, MAE, MAPE: 7, 15773259.00, 27131608.50, 5108.90, 3758.23, 4.05%
- Epoch 009, ExpID 31181
Train - Loss: 13273439.09
Val - Loss, MSE, RMSE, MAE, MAPE: 19835678.00, 31207761.00, 5580.31, 4061.74, 4.45%
Test - Best epoch, Loss, MSE, RMSE, MAE, MAPE: 9, 15405606.00, 26059988.50, 4989.30, 3638.56, 3.91%
- Epoch 010, ExpID 31181
Train - Loss: 13178208.36
Val - Loss, MSE, RMSE, MAE, MAPE: 19773908.00, 30946146.00, 5554.94, 4023.12, 4.42%
Test - Best epoch, Loss, MSE, RMSE, MAE, MAPE: 10, 15299880.00, 26165462.00, 5008.03, 3653.47, 3.94%
- Epoch 011, ExpID 31181
Train - Loss: 13098434.64
Val - Loss, MSE, RMSE, MAE, MAPE: 19821854.00, 31325803.00, 5589.26, 4053.64, 4.45%
Test - Best epoch, Loss, MSE, RMSE, MAE, MAPE: 10, 15299880.00, 26165462.00, 5008.03, 3653.47, 3.94%
- Epoch 012, ExpID 31181
Train - Loss: 13100836.82
Val - Loss, MSE, RMSE, MAE, MAPE: 19557458.00, 30841772.00, 5543.62, 3978.22, 4.37%
Test - Best epoch, Loss, MSE, RMSE, MAE, MAPE: 12, 14890913.00, 25250385.50, 4896.19, 3541.51, 3.81%
- Epoch 013, ExpID 31181
Train - Loss: 12968895.59
Val - Loss, MSE, RMSE, MAE, MAPE: 19637696.00, 30963736.00, 5553.47, 3983.02, 4.39%
Test - Best epoch, Loss, MSE, RMSE, MAE, MAPE: 12, 14890913.00, 25250385.50, 4896.19, 3541.51, 3.81%
- Epoch 014, ExpID 31181
Train - Loss: 12875321.09
Val - Loss, MSE, RMSE, MAE, MAPE: 19520166.00, 30976948.00, 5551.72, 3963.43, 4.38%
Test - Best epoch, Loss, MSE, RMSE, MAE, MAPE: 14, 14742080.00, 25855389.50, 4971.54, 3623.77, 3.91%
- Epoch 015, ExpID 31181
Train - Loss: 12870964.77
Val - Loss, MSE, RMSE, MAE, MAPE: 19466982.00, 30656476.00, 5522.56, 3930.22, 4.33%
Test - Best epoch, Loss, MSE, RMSE, MAE, MAPE: 15, 14559390.00, 25070764.00, 4877.96, 3514.13, 3.78%
- Epoch 016, ExpID 31181
Train - Loss: 12826342.91
Val - Loss, MSE, RMSE, MAE, MAPE: 19418298.00, 30971657.00, 5547.91, 3936.58, 4.35%
Test - Best epoch, Loss, MSE, RMSE, MAE, MAPE: 16, 14529219.00, 26052766.00, 4990.95, 3634.80, 3.93%
- Epoch 017, ExpID 31181
Train - Loss: 12749610.18
Val - Loss, MSE, RMSE, MAE, MAPE: 19303136.00, 30471845.00, 5504.76, 3905.84, 4.30%
Test - Best epoch, Loss, MSE, RMSE, MAE, MAPE: 17, 14306382.00, 24272778.00, 4783.73, 3430.49, 3.68%
- Epoch 018, ExpID 31181
Train - Loss: 12673987.82
Val - Loss, MSE, RMSE, MAE, MAPE: 19296832.00, 31563000.00, 5593.36, 3952.52, 4.39%
Test - Best epoch, Loss, MSE, RMSE, MAE, MAPE: 18, 14239273.00, 26827215.50, 5058.37, 3709.09, 4.01%
- Epoch 019, ExpID 31181
Train - Loss: 12591594.41
Val - Loss, MSE, RMSE, MAE, MAPE: 19265352.00, 31315500.00, 5572.39, 3945.37, 4.38%
Test - Best epoch, Loss, MSE, RMSE, MAE, MAPE: 19, 14407819.00, 27102088.50, 5100.53, 3753.65, 4.07%
- Epoch 020, ExpID 31181
Train - Loss: 12575840.55
Val - Loss, MSE, RMSE, MAE, MAPE: 19094762.00, 30493397.00, 5498.02, 3852.64, 4.27%
Test - Best epoch, Loss, MSE, RMSE, MAE, MAPE: 20, 14134548.00, 25392655.50, 4895.78, 3541.96, 3.82%
- Epoch 021, ExpID 31181
Train - Loss: 12504328.32
Val - Loss, MSE, RMSE, MAE, MAPE: 19087760.00, 30307335.00, 5485.64, 3876.63, 4.27%
Test - Best epoch, Loss, MSE, RMSE, MAE, MAPE: 21, 14069260.00, 24514530.50, 4798.24, 3451.46, 3.71%
- Epoch 022, ExpID 31181
Train - Loss: 12528233.00
Val - Loss, MSE, RMSE, MAE, MAPE: 18943908.00, 29868544.00, 5450.10, 3863.80, 4.24%
Test - Best epoch, Loss, MSE, RMSE, MAE, MAPE: 22, 13984213.00, 23924394.00, 4737.49, 3391.57, 3.63%
- Epoch 023, ExpID 31181
Train - Loss: 12424877.91
Val - Loss, MSE, RMSE, MAE, MAPE: 18937186.00, 29566995.00, 5420.42, 3826.69, 4.20%
Test - Best epoch, Loss, MSE, RMSE, MAE, MAPE: 23, 14009359.00, 24164223.00, 4758.26, 3402.15, 3.65%
- Epoch 024, ExpID 31181
Train - Loss: 12365612.36
Val - Loss, MSE, RMSE, MAE, MAPE: 18818908.00, 29890057.00, 5441.73, 3792.04, 4.18%
Test - Best epoch, Loss, MSE, RMSE, MAE, MAPE: 24, 13773090.00, 24572386.00, 4791.30, 3449.64, 3.70%
- Epoch 025, ExpID 31181
Train - Loss: 12409901.00
Val - Loss, MSE, RMSE, MAE, MAPE: 18741668.00, 29794793.00, 5429.97, 3777.83, 4.18%
Test - Best epoch, Loss, MSE, RMSE, MAE, MAPE: 25, 13761900.00, 24908305.00, 4825.55, 3475.41, 3.74%
- Epoch 026, ExpID 31181
Train - Loss: 12392402.59
Val - Loss, MSE, RMSE, MAE, MAPE: 18751642.00, 29962474.00, 5447.43, 3802.46, 4.21%
Test - Best epoch, Loss, MSE, RMSE, MAE, MAPE: 25, 13761900.00, 24908305.00, 4825.55, 3475.41, 3.74%
- Epoch 027, ExpID 31181
Train - Loss: 12219061.86
Val - Loss, MSE, RMSE, MAE, MAPE: 18616586.00, 29894641.00, 5438.83, 3780.97, 4.20%
Test - Best epoch, Loss, MSE, RMSE, MAE, MAPE: 27, 13734438.00, 25678253.00, 4925.60, 3580.52, 3.86%
- Epoch 028, ExpID 31181
Train - Loss: 12247909.41
Val - Loss, MSE, RMSE, MAE, MAPE: 18592408.00, 29361386.00, 5392.02, 3774.36, 4.16%
Test - Best epoch, Loss, MSE, RMSE, MAE, MAPE: 28, 13658168.00, 24416372.50, 4764.41, 3406.78, 3.66%
- Epoch 029, ExpID 31181
Train - Loss: 12268792.23
Val - Loss, MSE, RMSE, MAE, MAPE: 18493480.00, 29275080.00, 5385.01, 3773.30, 4.16%
Test - Best epoch, Loss, MSE, RMSE, MAE, MAPE: 29, 13562614.00, 24337634.00, 4748.44, 3395.38, 3.64%
- Epoch 030, ExpID 31181
Train - Loss: 12308333.18
Val - Loss, MSE, RMSE, MAE, MAPE: 18492062.00, 29404591.00, 5390.78, 3741.69, 4.14%
Test - Best epoch, Loss, MSE, RMSE, MAE, MAPE: 30, 13592545.00, 24971463.00, 4815.13, 3468.75, 3.73%
- Epoch 031, ExpID 31181
Train - Loss: 12116476.00
Val - Loss, MSE, RMSE, MAE, MAPE: 18412406.00, 29899975.00, 5428.40, 3743.49, 4.17%
Test - Best epoch, Loss, MSE, RMSE, MAE, MAPE: 31, 13620653.00, 26299690.00, 4971.34, 3625.69, 3.91%
- Epoch 032, ExpID 31181
Train - Loss: 12052263.09
Val - Loss, MSE, RMSE, MAE, MAPE: 18223684.00, 28602135.00, 5316.56, 3673.16, 4.07%
Test - Best epoch, Loss, MSE, RMSE, MAE, MAPE: 32, 13602099.00, 25183266.00, 4856.95, 3513.08, 3.78%
- Epoch 033, ExpID 31181
Train - Loss: 12068880.86
Val - Loss, MSE, RMSE, MAE, MAPE: 18127024.00, 28636378.00, 5317.66, 3653.84, 4.05%
Test - Best epoch, Loss, MSE, RMSE, MAE, MAPE: 33, 13435832.00, 24707179.50, 4796.75, 3464.26, 3.72%
- Epoch 034, ExpID 31181
Train - Loss: 12027067.64
Val - Loss, MSE, RMSE, MAE, MAPE: 18089898.00, 28117469.00, 5276.41, 3674.76, 4.05%
Test - Best epoch, Loss, MSE, RMSE, MAE, MAPE: 34, 13452250.00, 23817378.50, 4696.89, 3369.63, 3.61%
- Epoch 035, ExpID 31181
Train - Loss: 11957530.32
Val - Loss, MSE, RMSE, MAE, MAPE: 18080446.00, 29413373.00, 5379.30, 3689.25, 4.10%
Test - Best epoch, Loss, MSE, RMSE, MAE, MAPE: 35, 13290313.00, 25388895.00, 4844.20, 3507.69, 3.77%
- Epoch 036, ExpID 31181
Train - Loss: 12026457.91
Val - Loss, MSE, RMSE, MAE, MAPE: 18024912.00, 28451716.00, 5299.90, 3656.42, 4.05%
Test - Best epoch, Loss, MSE, RMSE, MAE, MAPE: 36, 13353985.00, 24710234.00, 4784.58, 3464.84, 3.72%
- Epoch 037, ExpID 31181
Train - Loss: 12012017.18
Val - Loss, MSE, RMSE, MAE, MAPE: 17975220.00, 28823032.00, 5328.78, 3670.52, 4.07%
Test - Best epoch, Loss, MSE, RMSE, MAE, MAPE: 37, 13269697.00, 25164219.50, 4814.00, 3477.50, 3.73%
- Epoch 038, ExpID 31181
Train - Loss: 11918355.32
Val - Loss, MSE, RMSE, MAE, MAPE: 17965874.00, 28397028.00, 5294.76, 3654.56, 4.04%
Test - Best epoch, Loss, MSE, RMSE, MAE, MAPE: 38, 13333288.00, 24762142.50, 4785.46, 3461.57, 3.71%
- Epoch 039, ExpID 31181
Train - Loss: 11915361.64
Val - Loss, MSE, RMSE, MAE, MAPE: 17881028.00, 28527250.00, 5303.00, 3643.07, 4.04%
Test - Best epoch, Loss, MSE, RMSE, MAE, MAPE: 39, 13205790.00, 24938007.50, 4798.67, 3477.50, 3.73%
- Epoch 040, ExpID 31181
Train - Loss: 11831712.82
Val - Loss, MSE, RMSE, MAE, MAPE: 17862442.00, 28402911.00, 5295.31, 3644.87, 4.03%
Test - Best epoch, Loss, MSE, RMSE, MAE, MAPE: 40, 13138850.00, 24610711.50, 4770.30, 3465.51, 3.71%
- Epoch 041, ExpID 31181
Train - Loss: 11839062.45
Val - Loss, MSE, RMSE, MAE, MAPE: 17849254.00, 27963126.00, 5259.78, 3654.25, 4.03%
Test - Best epoch, Loss, MSE, RMSE, MAE, MAPE: 41, 13167671.00, 23979832.50, 4703.55, 3402.16, 3.63%
- Epoch 042, ExpID 31181
Train - Loss: 11710399.91
Val - Loss, MSE, RMSE, MAE, MAPE: 17886444.00, 28450071.00, 5300.37, 3666.01, 4.06%
Test - Best epoch, Loss, MSE, RMSE, MAE, MAPE: 41, 13167671.00, 23979832.50, 4703.55, 3402.16, 3.63%
- Epoch 043, ExpID 31181
Train - Loss: 11719092.27
Val - Loss, MSE, RMSE, MAE, MAPE: 17823440.00, 28992984.00, 5343.83, 3675.92, 4.07%
Test - Best epoch, Loss, MSE, RMSE, MAE, MAPE: 43, 13100604.00, 25351155.50, 4834.00, 3515.31, 3.76%
- Epoch 044, ExpID 31181
Train - Loss: 11708944.73
Val - Loss, MSE, RMSE, MAE, MAPE: 17686948.00, 29008353.00, 5344.53, 3662.07, 4.08%
Test - Best epoch, Loss, MSE, RMSE, MAE, MAPE: 44, 13176420.00, 26122802.00, 4938.66, 3625.95, 3.90%
- Epoch 045, ExpID 31181
Train - Loss: 11719730.55
Val - Loss, MSE, RMSE, MAE, MAPE: 17716388.00, 27674922.00, 5230.42, 3623.81, 4.00%
Test - Best epoch, Loss, MSE, RMSE, MAE, MAPE: 44, 13176420.00, 26122802.00, 4938.66, 3625.95, 3.90%
- Epoch 046, ExpID 31181
Train - Loss: 11739380.14
Val - Loss, MSE, RMSE, MAE, MAPE: 17852244.00, 28320731.00, 5293.09, 3696.95, 4.07%
Test - Best epoch, Loss, MSE, RMSE, MAE, MAPE: 44, 13176420.00, 26122802.00, 4938.66, 3625.95, 3.90%
- Epoch 047, ExpID 31181
Train - Loss: 11613583.77
Val - Loss, MSE, RMSE, MAE, MAPE: 17723560.00, 28190128.00, 5274.52, 3661.75, 4.05%
Test - Best epoch, Loss, MSE, RMSE, MAE, MAPE: 44, 13176420.00, 26122802.00, 4938.66, 3625.95, 3.90%
- Epoch 048, ExpID 31181
Train - Loss: 11572679.09
Val - Loss, MSE, RMSE, MAE, MAPE: 17763434.00, 28314281.00, 5286.46, 3666.02, 4.05%
Test - Best epoch, Loss, MSE, RMSE, MAE, MAPE: 44, 13176420.00, 26122802.00, 4938.66, 3625.95, 3.90%
- Epoch 049, ExpID 31181
Train - Loss: 11575654.41
Val - Loss, MSE, RMSE, MAE, MAPE: 17719618.00, 28574782.00, 5308.96, 3657.48, 4.06%
Test - Best epoch, Loss, MSE, RMSE, MAE, MAPE: 44, 13176420.00, 26122802.00, 4938.66, 3625.95, 3.90%
- Epoch 050, ExpID 31181
Train - Loss: 11525837.82
Val - Loss, MSE, RMSE, MAE, MAPE: 17708968.00, 28641695.00, 5314.46, 3692.68, 4.09%
Test - Best epoch, Loss, MSE, RMSE, MAE, MAPE: 44, 13176420.00, 26122802.00, 4938.66, 3625.95, 3.90%
- Epoch 051, ExpID 31181
Train - Loss: 11565627.41
Val - Loss, MSE, RMSE, MAE, MAPE: 17847192.00, 28503194.00, 5304.02, 3686.58, 4.08%
Test - Best epoch, Loss, MSE, RMSE, MAE, MAPE: 44, 13176420.00, 26122802.00, 4938.66, 3625.95, 3.90%
- Epoch 052, ExpID 31181
Train - Loss: 11480291.95
Val - Loss, MSE, RMSE, MAE, MAPE: 17710408.00, 27757494.00, 5243.76, 3670.62, 4.04%
Test - Best epoch, Loss, MSE, RMSE, MAE, MAPE: 44, 13176420.00, 26122802.00, 4938.66, 3625.95, 3.90%
- Epoch 053, ExpID 31181
Train - Loss: 11454162.32
Val - Loss, MSE, RMSE, MAE, MAPE: 17775756.00, 28451263.00, 5301.46, 3697.49, 4.09%
Test - Best epoch, Loss, MSE, RMSE, MAE, MAPE: 44, 13176420.00, 26122802.00, 4938.66, 3625.95, 3.90%
- Epoch 054, ExpID 31181
Train - Loss: 11496430.18
Val - Loss, MSE, RMSE, MAE, MAPE: 17663430.00, 28530420.00, 5304.39, 3669.21, 4.07%
Test - Best epoch, Loss, MSE, RMSE, MAE, MAPE: 54, 12880527.00, 25667031.50, 4886.92, 3616.47, 3.87%
- Epoch 055, ExpID 31181
Train - Loss: 11451528.73
Val - Loss, MSE, RMSE, MAE, MAPE: 17633806.00, 28590917.00, 5309.61, 3682.16, 4.09%
Test - Best epoch, Loss, MSE, RMSE, MAE, MAPE: 55, 12965975.00, 26025493.50, 4928.91, 3650.95, 3.91%
- Epoch 056, ExpID 31181
Train - Loss: 11424828.68
Val - Loss, MSE, RMSE, MAE, MAPE: 17572926.00, 28284936.00, 5283.94, 3660.22, 4.06%
Test - Best epoch, Loss, MSE, RMSE, MAE, MAPE: 56, 12937378.00, 25455926.00, 4877.77, 3610.44, 3.86%
- Epoch 057, ExpID 31181
Train - Loss: 11371257.23
Val - Loss, MSE, RMSE, MAE, MAPE: 17637164.00, 28129387.00, 5272.08, 3682.18, 4.06%
Test - Best epoch, Loss, MSE, RMSE, MAE, MAPE: 56, 12937378.00, 25455926.00, 4877.77, 3610.44, 3.86%
- Epoch 058, ExpID 31181
Train - Loss: 11385783.32
Val - Loss, MSE, RMSE, MAE, MAPE: 17607800.00, 28444297.00, 5298.40, 3685.84, 4.08%
Test - Best epoch, Loss, MSE, RMSE, MAE, MAPE: 56, 12937378.00, 25455926.00, 4877.77, 3610.44, 3.86%
- Epoch 059, ExpID 31181
Train - Loss: 11319142.82
Val - Loss, MSE, RMSE, MAE, MAPE: 17622668.00, 28492696.00, 5298.63, 3709.04, 4.11%
Test - Best epoch, Loss, MSE, RMSE, MAE, MAPE: 56, 12937378.00, 25455926.00, 4877.77, 3610.44, 3.86%
- Epoch 060, ExpID 31181
Train - Loss: 11260645.64
Val - Loss, MSE, RMSE, MAE, MAPE: 17651916.00, 28325790.00, 5290.32, 3724.80, 4.12%
Test - Best epoch, Loss, MSE, RMSE, MAE, MAPE: 56, 12937378.00, 25455926.00, 4877.77, 3610.44, 3.86%
- Epoch 061, ExpID 31181
Train - Loss: 11187307.41
Val - Loss, MSE, RMSE, MAE, MAPE: 17604894.00, 28673417.00, 5317.91, 3725.15, 4.12%
Test - Best epoch, Loss, MSE, RMSE, MAE, MAPE: 56, 12937378.00, 25455926.00, 4877.77, 3610.44, 3.86%
- Epoch 062, ExpID 31181
Train - Loss: 11231443.86
Val - Loss, MSE, RMSE, MAE, MAPE: 17574218.00, 28430949.00, 5293.48, 3695.90, 4.10%
Test - Best epoch, Loss, MSE, RMSE, MAE, MAPE: 56, 12937378.00, 25455926.00, 4877.77, 3610.44, 3.86%
- Epoch 063, ExpID 31181
Train - Loss: 11194960.50
Val - Loss, MSE, RMSE, MAE, MAPE: 17613572.00, 28384549.00, 5290.26, 3710.14, 4.10%
Test - Best epoch, Loss, MSE, RMSE, MAE, MAPE: 56, 12937378.00, 25455926.00, 4877.77, 3610.44, 3.86%
- Epoch 064, ExpID 31181
Train - Loss: 11239107.09
Val - Loss, MSE, RMSE, MAE, MAPE: 17660432.00, 29151940.00, 5359.05, 3765.35, 4.18%
Test - Best epoch, Loss, MSE, RMSE, MAE, MAPE: 56, 12937378.00, 25455926.00, 4877.77, 3610.44, 3.86%
- Epoch 065, ExpID 31181
Train - Loss: 11125824.09
Val - Loss, MSE, RMSE, MAE, MAPE: 17541276.00, 28070935.00, 5265.06, 3708.17, 4.10%
Test - Best epoch, Loss, MSE, RMSE, MAE, MAPE: 65, 12898948.00, 25528777.50, 4890.34, 3628.85, 3.87%
- Epoch 066, ExpID 31181
Train - Loss: 11164880.68
Val - Loss, MSE, RMSE, MAE, MAPE: 17622772.00, 28436850.00, 5297.23, 3728.16, 4.12%
Test - Best epoch, Loss, MSE, RMSE, MAE, MAPE: 65, 12898948.00, 25528777.50, 4890.34, 3628.85, 3.87%
- Epoch 067, ExpID 31181
Train - Loss: 11048970.05
Val - Loss, MSE, RMSE, MAE, MAPE: 17601208.00, 28927179.00, 5338.07, 3764.36, 4.16%
Test - Best epoch, Loss, MSE, RMSE, MAE, MAPE: 65, 12898948.00, 25528777.50, 4890.34, 3628.85, 3.87%
- Epoch 068, ExpID 31181
Train - Loss: 11156336.36
Val - Loss, MSE, RMSE, MAE, MAPE: 17499890.00, 28722785.00, 5321.76, 3736.05, 4.14%
Test - Best epoch, Loss, MSE, RMSE, MAE, MAPE: 68, 12938460.00, 26770914.50, 5010.76, 3735.90, 3.99%
- Epoch 069, ExpID 31181
Train - Loss: 11075723.50
Val - Loss, MSE, RMSE, MAE, MAPE: 17576654.00, 29119218.00, 5352.69, 3771.59, 4.18%
Test - Best epoch, Loss, MSE, RMSE, MAE, MAPE: 68, 12938460.00, 26770914.50, 5010.76, 3735.90, 3.99%
- Epoch 070, ExpID 31181
Train - Loss: 11041310.64
Val - Loss, MSE, RMSE, MAE, MAPE: 17552630.00, 28607539.00, 5313.19, 3749.14, 4.15%
Test - Best epoch, Loss, MSE, RMSE, MAE, MAPE: 68, 12938460.00, 26770914.50, 5010.76, 3735.90, 3.99%
- Epoch 071, ExpID 31181
Train - Loss: 11059550.18
Val - Loss, MSE, RMSE, MAE, MAPE: 17532406.00, 28195520.00, 5275.52, 3732.22, 4.12%
Test - Best epoch, Loss, MSE, RMSE, MAE, MAPE: 68, 12938460.00, 26770914.50, 5010.76, 3735.90, 3.99%
- Epoch 072, ExpID 31181
Train - Loss: 10973384.68
Val - Loss, MSE, RMSE, MAE, MAPE: 17536098.00, 28758578.00, 5324.16, 3759.87, 4.16%
Test - Best epoch, Loss, MSE, RMSE, MAE, MAPE: 68, 12938460.00, 26770914.50, 5010.76, 3735.90, 3.99%
- Epoch 073, ExpID 31181
Train - Loss: 11073470.73
Val - Loss, MSE, RMSE, MAE, MAPE: 17608668.00, 29127264.00, 5354.61, 3780.62, 4.19%
Test - Best epoch, Loss, MSE, RMSE, MAE, MAPE: 68, 12938460.00, 26770914.50, 5010.76, 3735.90, 3.99%
- Epoch 074, ExpID 31181
Train - Loss: 10988551.14
Val - Loss, MSE, RMSE, MAE, MAPE: 17594052.00, 28534361.00, 5306.59, 3769.26, 4.16%
Test - Best epoch, Loss, MSE, RMSE, MAE, MAPE: 68, 12938460.00, 26770914.50, 5010.76, 3735.90, 3.99%
- Epoch 075, ExpID 31181
Train - Loss: 10962090.05
Val - Loss, MSE, RMSE, MAE, MAPE: 17507914.00, 28913691.00, 5335.23, 3768.60, 4.17%
Test - Best epoch, Loss, MSE, RMSE, MAE, MAPE: 68, 12938460.00, 26770914.50, 5010.76, 3735.90, 3.99%
- Epoch 076, ExpID 31181
Train - Loss: 10920556.68
Val - Loss, MSE, RMSE, MAE, MAPE: 17509180.00, 28669652.00, 5316.80, 3744.63, 4.15%
Test - Best epoch, Loss, MSE, RMSE, MAE, MAPE: 68, 12938460.00, 26770914.50, 5010.76, 3735.90, 3.99%
- Epoch 077, ExpID 31181
Train - Loss: 10921414.82
Val - Loss, MSE, RMSE, MAE, MAPE: 17574016.00, 28813939.00, 5331.80, 3773.65, 4.17%
Test - Best epoch, Loss, MSE, RMSE, MAE, MAPE: 68, 12938460.00, 26770914.50, 5010.76, 3735.90, 3.99%
- Epoch 078, ExpID 31181
Train - Loss: 10879878.95
Val - Loss, MSE, RMSE, MAE, MAPE: 17662880.00, 30074409.00, 5435.53, 3837.51, 4.26%
Test - Best epoch, Loss, MSE, RMSE, MAE, MAPE: 68, 12938460.00, 26770914.50, 5010.76, 3735.90, 3.99%
Early Stopping at Epoch 78
Fold 2019 Best RMSE: 5010.7639
