DETAILED LOG | Model: timexer | Seed: 1
FULL CONFIG: {'gpu': '2', 'target': 'both', 'cv_start_year': 2017, 'cv_end_year': 2019, 'test_year': 2024, 'use_corona': False, 'seq_len': 91, 'label_len': 0, 'pred_len': 56, 'batch_size': 256, 'epochs': 1000, 'patience': 10, 'lr': 0.0001, 'model': 'timexer', 'd_model': 512, 'n_heads': 16, 'n_layers': 4, 'dropout': 0.1, 'activation': 'gelu', 'patch_len': 14, 'factor': 5, 'norm_mode': 'revin', 'use_covar': True, 'use_dbloss': True, 'device': device(type='cuda'), 'stride': 16, 'file_path': 'dataset/airport_flight_with_holiday.csv', 'seed': 1, 'val_year': 2019, 'ndims': 2}

-------------------- [Fold: 2017] ExpID: 68754 --------------------
- Epoch 000, ExpID 68754
Train - Loss: 14952319.40
Val - Loss, MSE, RMSE, MAE, MAPE: 19249648.00, 53077594.00, 7175.68, 5742.06, 7.36%
Test - Best epoch, Loss, MSE, RMSE, MAE, MAPE: 0, 35915016.00, 81858728.00, 9038.66, 6816.82, 8.13%
- Epoch 001, ExpID 68754
Train - Loss: 12448699.65
Val - Loss, MSE, RMSE, MAE, MAPE: 17760726.00, 47026775.00, 6748.77, 5345.40, 6.85%
Test - Best epoch, Loss, MSE, RMSE, MAE, MAPE: 1, 34663404.00, 79980200.00, 8943.04, 6707.42, 7.99%
- Epoch 002, ExpID 68754
Train - Loss: 12266304.70
Val - Loss, MSE, RMSE, MAE, MAPE: 17173518.00, 41250359.00, 6273.54, 4888.15, 6.24%
Test - Best epoch, Loss, MSE, RMSE, MAE, MAPE: 2, 34668628.00, 79055244.00, 8887.82, 6567.08, 7.79%
- Epoch 003, ExpID 68754
Train - Loss: 12109538.95
Val - Loss, MSE, RMSE, MAE, MAPE: 16809476.00, 39061401.00, 6139.41, 4825.31, 6.20%
Test - Best epoch, Loss, MSE, RMSE, MAE, MAPE: 3, 34430444.00, 75055896.00, 8659.95, 6382.23, 7.61%
- Epoch 004, ExpID 68754
Train - Loss: 12108617.95
Val - Loss, MSE, RMSE, MAE, MAPE: 16520526.00, 36826907.00, 5939.60, 4629.61, 5.94%
Test - Best epoch, Loss, MSE, RMSE, MAE, MAPE: 4, 34362916.00, 74249464.00, 8612.10, 6331.16, 7.53%
- Epoch 005, ExpID 68754
Train - Loss: 11981967.65
Val - Loss, MSE, RMSE, MAE, MAPE: 16028082.00, 34491163.00, 5722.92, 4444.62, 5.68%
Test - Best epoch, Loss, MSE, RMSE, MAE, MAPE: 5, 34188740.00, 74319528.00, 8611.23, 6310.62, 7.47%
- Epoch 006, ExpID 68754
Train - Loss: 11864119.40
Val - Loss, MSE, RMSE, MAE, MAPE: 15722473.00, 33302211.00, 5610.28, 4345.37, 5.54%
Test - Best epoch, Loss, MSE, RMSE, MAE, MAPE: 6, 34201716.00, 76363840.00, 8722.82, 6428.65, 7.61%
- Epoch 007, ExpID 68754
Train - Loss: 11785786.55
Val - Loss, MSE, RMSE, MAE, MAPE: 15384072.00, 31578988.50, 5408.94, 4148.81, 5.23%
Test - Best epoch, Loss, MSE, RMSE, MAE, MAPE: 7, 34220428.00, 79426928.00, 8890.56, 6584.62, 7.73%
- Epoch 008, ExpID 68754
Train - Loss: 11744687.10
Val - Loss, MSE, RMSE, MAE, MAPE: 15198347.00, 30454626.00, 5312.69, 4061.90, 5.11%
Test - Best epoch, Loss, MSE, RMSE, MAE, MAPE: 8, 34421440.00, 81976272.00, 9021.99, 6687.81, 7.84%
- Epoch 009, ExpID 68754
Train - Loss: 11675976.25
Val - Loss, MSE, RMSE, MAE, MAPE: 14941164.00, 28935901.00, 5194.83, 3984.94, 5.02%
Test - Best epoch, Loss, MSE, RMSE, MAE, MAPE: 9, 34148352.00, 82192656.00, 9022.71, 6695.14, 7.86%
- Epoch 010, ExpID 68754
Train - Loss: 11596535.60
Val - Loss, MSE, RMSE, MAE, MAPE: 14726276.00, 26608621.50, 5005.78, 3853.31, 4.90%
Test - Best epoch, Loss, MSE, RMSE, MAE, MAPE: 10, 34131356.00, 80282544.00, 8906.53, 6594.50, 7.78%
- Epoch 011, ExpID 68754
Train - Loss: 11464919.25
Val - Loss, MSE, RMSE, MAE, MAPE: 14589824.00, 26903502.00, 5048.85, 3873.19, 4.90%
Test - Best epoch, Loss, MSE, RMSE, MAE, MAPE: 11, 34085280.00, 81628892.00, 8969.52, 6633.02, 7.81%
- Epoch 012, ExpID 68754
Train - Loss: 11399971.20
Val - Loss, MSE, RMSE, MAE, MAPE: 14549724.00, 26473730.50, 5005.38, 3832.56, 4.84%
Test - Best epoch, Loss, MSE, RMSE, MAE, MAPE: 12, 34123296.00, 79272166.00, 8843.63, 6473.16, 7.60%
- Epoch 013, ExpID 68754
Train - Loss: 11292920.40
Val - Loss, MSE, RMSE, MAE, MAPE: 14330802.00, 25525876.00, 4924.77, 3759.72, 4.75%
Test - Best epoch, Loss, MSE, RMSE, MAE, MAPE: 13, 33690432.00, 78457602.00, 8791.75, 6414.67, 7.54%
- Epoch 014, ExpID 68754
Train - Loss: 11268185.75
Val - Loss, MSE, RMSE, MAE, MAPE: 14415896.00, 25648499.00, 4937.45, 3780.48, 4.82%
Test - Best epoch, Loss, MSE, RMSE, MAE, MAPE: 13, 33690432.00, 78457602.00, 8791.75, 6414.67, 7.54%
- Epoch 015, ExpID 68754
Train - Loss: 11162360.30
Val - Loss, MSE, RMSE, MAE, MAPE: 14373054.00, 25157677.00, 4876.60, 3721.39, 4.73%
Test - Best epoch, Loss, MSE, RMSE, MAE, MAPE: 13, 33690432.00, 78457602.00, 8791.75, 6414.67, 7.54%
- Epoch 016, ExpID 68754
Train - Loss: 11074710.30
Val - Loss, MSE, RMSE, MAE, MAPE: 14094207.00, 23933692.00, 4758.96, 3625.55, 4.62%
Test - Best epoch, Loss, MSE, RMSE, MAE, MAPE: 16, 33493456.00, 73623378.00, 8520.59, 6088.03, 7.20%
- Epoch 017, ExpID 68754
Train - Loss: 11042249.45
Val - Loss, MSE, RMSE, MAE, MAPE: 14089090.00, 24600514.00, 4846.75, 3697.93, 4.70%
Test - Best epoch, Loss, MSE, RMSE, MAE, MAPE: 17, 33458360.00, 73935902.00, 8527.97, 6140.72, 7.26%
- Epoch 018, ExpID 68754
Train - Loss: 10991797.90
Val - Loss, MSE, RMSE, MAE, MAPE: 13951458.00, 23919161.50, 4761.03, 3627.65, 4.61%
Test - Best epoch, Loss, MSE, RMSE, MAE, MAPE: 18, 33158532.00, 72261886.00, 8446.91, 6025.93, 7.13%
- Epoch 019, ExpID 68754
Train - Loss: 10901140.05
Val - Loss, MSE, RMSE, MAE, MAPE: 13999984.00, 24084991.00, 4788.37, 3623.69, 4.60%
Test - Best epoch, Loss, MSE, RMSE, MAE, MAPE: 18, 33158532.00, 72261886.00, 8446.91, 6025.93, 7.13%
- Epoch 020, ExpID 68754
Train - Loss: 10750797.45
Val - Loss, MSE, RMSE, MAE, MAPE: 14060378.00, 25237116.50, 4925.29, 3713.56, 4.68%
Test - Best epoch, Loss, MSE, RMSE, MAE, MAPE: 18, 33158532.00, 72261886.00, 8446.91, 6025.93, 7.13%
- Epoch 021, ExpID 68754
Train - Loss: 10791194.15
Val - Loss, MSE, RMSE, MAE, MAPE: 13992400.00, 24048084.50, 4788.02, 3607.13, 4.56%
Test - Best epoch, Loss, MSE, RMSE, MAE, MAPE: 18, 33158532.00, 72261886.00, 8446.91, 6025.93, 7.13%
- Epoch 022, ExpID 68754
Train - Loss: 10716937.00
Val - Loss, MSE, RMSE, MAE, MAPE: 13926616.00, 23337297.00, 4719.46, 3564.07, 4.53%
Test - Best epoch, Loss, MSE, RMSE, MAE, MAPE: 22, 32971954.00, 70353372.00, 8317.88, 5913.16, 7.01%
- Epoch 023, ExpID 68754
Train - Loss: 10711136.15
Val - Loss, MSE, RMSE, MAE, MAPE: 13783361.00, 23738249.50, 4750.24, 3588.55, 4.55%
Test - Best epoch, Loss, MSE, RMSE, MAE, MAPE: 23, 33192488.00, 70972118.00, 8357.88, 5967.32, 7.07%
- Epoch 024, ExpID 68754
Train - Loss: 10622204.65
Val - Loss, MSE, RMSE, MAE, MAPE: 13801991.00, 25489786.00, 4971.52, 3757.76, 4.73%
Test - Best epoch, Loss, MSE, RMSE, MAE, MAPE: 23, 33192488.00, 70972118.00, 8357.88, 5967.32, 7.07%
- Epoch 025, ExpID 68754
Train - Loss: 10557480.80
Val - Loss, MSE, RMSE, MAE, MAPE: 13833880.00, 23883386.00, 4765.46, 3619.60, 4.62%
Test - Best epoch, Loss, MSE, RMSE, MAE, MAPE: 23, 33192488.00, 70972118.00, 8357.88, 5967.32, 7.07%
- Epoch 026, ExpID 68754
Train - Loss: 10476878.35
Val - Loss, MSE, RMSE, MAE, MAPE: 13638908.00, 23015739.00, 4664.08, 3510.65, 4.48%
Test - Best epoch, Loss, MSE, RMSE, MAE, MAPE: 26, 32963180.00, 71984746.00, 8410.91, 6071.54, 7.26%
- Epoch 027, ExpID 68754
Train - Loss: 10467060.85
Val - Loss, MSE, RMSE, MAE, MAPE: 13728989.00, 23555675.00, 4727.21, 3578.91, 4.55%
Test - Best epoch, Loss, MSE, RMSE, MAE, MAPE: 26, 32963180.00, 71984746.00, 8410.91, 6071.54, 7.26%
- Epoch 028, ExpID 68754
Train - Loss: 10368099.85
Val - Loss, MSE, RMSE, MAE, MAPE: 13535158.00, 22898325.00, 4669.44, 3514.75, 4.47%
Test - Best epoch, Loss, MSE, RMSE, MAE, MAPE: 28, 32823988.00, 70533132.00, 8316.09, 5978.75, 7.12%
- Epoch 029, ExpID 68754
Train - Loss: 10331904.10
Val - Loss, MSE, RMSE, MAE, MAPE: 13456192.00, 22975628.00, 4670.79, 3545.26, 4.53%
Test - Best epoch, Loss, MSE, RMSE, MAE, MAPE: 29, 32672932.00, 70423618.00, 8311.93, 5983.46, 7.15%
- Epoch 030, ExpID 68754
Train - Loss: 10378635.40
Val - Loss, MSE, RMSE, MAE, MAPE: 13467362.00, 22389300.00, 4615.49, 3486.67, 4.45%
Test - Best epoch, Loss, MSE, RMSE, MAE, MAPE: 29, 32672932.00, 70423618.00, 8311.93, 5983.46, 7.15%
- Epoch 031, ExpID 68754
Train - Loss: 10296858.00
Val - Loss, MSE, RMSE, MAE, MAPE: 13653267.00, 23604823.50, 4733.10, 3599.71, 4.60%
Test - Best epoch, Loss, MSE, RMSE, MAE, MAPE: 29, 32672932.00, 70423618.00, 8311.93, 5983.46, 7.15%
- Epoch 032, ExpID 68754
Train - Loss: 10278432.65
Val - Loss, MSE, RMSE, MAE, MAPE: 13654515.00, 23547394.00, 4748.19, 3584.91, 4.55%
Test - Best epoch, Loss, MSE, RMSE, MAE, MAPE: 29, 32672932.00, 70423618.00, 8311.93, 5983.46, 7.15%
- Epoch 033, ExpID 68754
Train - Loss: 10212038.40
Val - Loss, MSE, RMSE, MAE, MAPE: 13543376.00, 23183011.00, 4704.35, 3546.45, 4.49%
Test - Best epoch, Loss, MSE, RMSE, MAE, MAPE: 29, 32672932.00, 70423618.00, 8311.93, 5983.46, 7.15%
- Epoch 034, ExpID 68754
Train - Loss: 10164403.75
Val - Loss, MSE, RMSE, MAE, MAPE: 13480796.00, 23439621.00, 4739.39, 3582.74, 4.54%
Test - Best epoch, Loss, MSE, RMSE, MAE, MAPE: 29, 32672932.00, 70423618.00, 8311.93, 5983.46, 7.15%
- Epoch 035, ExpID 68754
Train - Loss: 10093431.45
Val - Loss, MSE, RMSE, MAE, MAPE: 13463353.00, 23535722.00, 4749.34, 3595.52, 4.57%
Test - Best epoch, Loss, MSE, RMSE, MAE, MAPE: 29, 32672932.00, 70423618.00, 8311.93, 5983.46, 7.15%
- Epoch 036, ExpID 68754
Train - Loss: 10053589.15
Val - Loss, MSE, RMSE, MAE, MAPE: 13462316.00, 23013063.00, 4692.19, 3537.19, 4.50%
Test - Best epoch, Loss, MSE, RMSE, MAE, MAPE: 29, 32672932.00, 70423618.00, 8311.93, 5983.46, 7.15%
- Epoch 037, ExpID 68754
Train - Loss: 9996470.40
Val - Loss, MSE, RMSE, MAE, MAPE: 13380830.00, 22641792.50, 4626.60, 3477.95, 4.41%
Test - Best epoch, Loss, MSE, RMSE, MAE, MAPE: 37, 32557262.00, 68722784.00, 8218.41, 5936.85, 7.06%
- Epoch 038, ExpID 68754
Train - Loss: 10018213.55
Val - Loss, MSE, RMSE, MAE, MAPE: 13386976.00, 23792263.50, 4782.29, 3623.81, 4.58%
Test - Best epoch, Loss, MSE, RMSE, MAE, MAPE: 37, 32557262.00, 68722784.00, 8218.41, 5936.85, 7.06%
- Epoch 039, ExpID 68754
Train - Loss: 9948774.75
Val - Loss, MSE, RMSE, MAE, MAPE: 13418994.00, 22875309.50, 4668.09, 3499.92, 4.44%
Test - Best epoch, Loss, MSE, RMSE, MAE, MAPE: 37, 32557262.00, 68722784.00, 8218.41, 5936.85, 7.06%
- Epoch 040, ExpID 68754
Train - Loss: 9885722.10
Val - Loss, MSE, RMSE, MAE, MAPE: 13370200.00, 22656114.50, 4652.69, 3498.43, 4.44%
Test - Best epoch, Loss, MSE, RMSE, MAE, MAPE: 40, 32705312.00, 70335916.00, 8296.48, 5996.76, 7.14%
- Epoch 041, ExpID 68754
Train - Loss: 9854181.20
Val - Loss, MSE, RMSE, MAE, MAPE: 13252630.00, 22402259.50, 4620.75, 3474.39, 4.41%
Test - Best epoch, Loss, MSE, RMSE, MAE, MAPE: 41, 32595740.00, 68771194.00, 8209.41, 5910.01, 7.04%
- Epoch 042, ExpID 68754
Train - Loss: 9795822.35
Val - Loss, MSE, RMSE, MAE, MAPE: 13386713.00, 22999869.50, 4691.18, 3521.31, 4.45%
Test - Best epoch, Loss, MSE, RMSE, MAE, MAPE: 41, 32595740.00, 68771194.00, 8209.41, 5910.01, 7.04%
- Epoch 043, ExpID 68754
Train - Loss: 9787382.95
Val - Loss, MSE, RMSE, MAE, MAPE: 13258276.00, 22669186.50, 4649.84, 3511.44, 4.46%
Test - Best epoch, Loss, MSE, RMSE, MAE, MAPE: 41, 32595740.00, 68771194.00, 8209.41, 5910.01, 7.04%
- Epoch 044, ExpID 68754
Train - Loss: 9761092.05
Val - Loss, MSE, RMSE, MAE, MAPE: 13216478.00, 22175161.00, 4588.92, 3453.28, 4.39%
Test - Best epoch, Loss, MSE, RMSE, MAE, MAPE: 44, 32670882.00, 69537326.00, 8258.22, 5960.94, 7.11%
- Epoch 045, ExpID 68754
Train - Loss: 9688209.55
Val - Loss, MSE, RMSE, MAE, MAPE: 13280210.00, 22549103.00, 4637.14, 3484.24, 4.42%
Test - Best epoch, Loss, MSE, RMSE, MAE, MAPE: 44, 32670882.00, 69537326.00, 8258.22, 5960.94, 7.11%
- Epoch 046, ExpID 68754
Train - Loss: 9697024.65
Val - Loss, MSE, RMSE, MAE, MAPE: 13201871.00, 22271007.50, 4599.95, 3467.43, 4.40%
Test - Best epoch, Loss, MSE, RMSE, MAE, MAPE: 46, 32614814.00, 68777226.00, 8215.31, 5933.80, 7.06%
- Epoch 047, ExpID 68754
Train - Loss: 9615072.85
Val - Loss, MSE, RMSE, MAE, MAPE: 13198599.00, 22307413.50, 4598.01, 3464.44, 4.40%
Test - Best epoch, Loss, MSE, RMSE, MAE, MAPE: 47, 32678640.00, 70650884.00, 8313.73, 6022.99, 7.18%
- Epoch 048, ExpID 68754
Train - Loss: 9645571.65
Val - Loss, MSE, RMSE, MAE, MAPE: 13318488.00, 22497656.50, 4621.05, 3477.20, 4.42%
Test - Best epoch, Loss, MSE, RMSE, MAE, MAPE: 47, 32678640.00, 70650884.00, 8313.73, 6022.99, 7.18%
- Epoch 049, ExpID 68754
Train - Loss: 9554078.90
Val - Loss, MSE, RMSE, MAE, MAPE: 13209755.00, 21708437.00, 4534.16, 3397.39, 4.31%
Test - Best epoch, Loss, MSE, RMSE, MAE, MAPE: 47, 32678640.00, 70650884.00, 8313.73, 6022.99, 7.18%
- Epoch 050, ExpID 68754
Train - Loss: 9576957.80
Val - Loss, MSE, RMSE, MAE, MAPE: 13351982.00, 23598931.00, 4757.82, 3601.69, 4.57%
Test - Best epoch, Loss, MSE, RMSE, MAE, MAPE: 47, 32678640.00, 70650884.00, 8313.73, 6022.99, 7.18%
- Epoch 051, ExpID 68754
Train - Loss: 9517076.20
Val - Loss, MSE, RMSE, MAE, MAPE: 13221409.00, 22871695.50, 4674.21, 3527.79, 4.47%
Test - Best epoch, Loss, MSE, RMSE, MAE, MAPE: 47, 32678640.00, 70650884.00, 8313.73, 6022.99, 7.18%
- Epoch 052, ExpID 68754
Train - Loss: 9427957.85
Val - Loss, MSE, RMSE, MAE, MAPE: 13216340.00, 22244843.00, 4599.10, 3458.50, 4.39%
Test - Best epoch, Loss, MSE, RMSE, MAE, MAPE: 47, 32678640.00, 70650884.00, 8313.73, 6022.99, 7.18%
- Epoch 053, ExpID 68754
Train - Loss: 9384198.30
Val - Loss, MSE, RMSE, MAE, MAPE: 13287801.00, 22661707.00, 4639.34, 3492.70, 4.43%
Test - Best epoch, Loss, MSE, RMSE, MAE, MAPE: 47, 32678640.00, 70650884.00, 8313.73, 6022.99, 7.18%
- Epoch 054, ExpID 68754
Train - Loss: 9432775.55
Val - Loss, MSE, RMSE, MAE, MAPE: 13205288.00, 22000411.00, 4560.73, 3423.22, 4.35%
Test - Best epoch, Loss, MSE, RMSE, MAE, MAPE: 47, 32678640.00, 70650884.00, 8313.73, 6022.99, 7.18%
- Epoch 055, ExpID 68754
Train - Loss: 9349949.40
Val - Loss, MSE, RMSE, MAE, MAPE: 13201899.00, 22456598.00, 4626.91, 3472.12, 4.39%
Test - Best epoch, Loss, MSE, RMSE, MAE, MAPE: 47, 32678640.00, 70650884.00, 8313.73, 6022.99, 7.18%
- Epoch 056, ExpID 68754
Train - Loss: 9327780.80
Val - Loss, MSE, RMSE, MAE, MAPE: 13334482.00, 22979020.50, 4684.88, 3527.31, 4.47%
Test - Best epoch, Loss, MSE, RMSE, MAE, MAPE: 47, 32678640.00, 70650884.00, 8313.73, 6022.99, 7.18%
- Epoch 057, ExpID 68754
Train - Loss: 9309261.55
Val - Loss, MSE, RMSE, MAE, MAPE: 13161115.00, 22528319.50, 4618.02, 3483.13, 4.42%
Test - Best epoch, Loss, MSE, RMSE, MAE, MAPE: 57, 32381282.00, 68570178.00, 8201.17, 5928.75, 7.07%
- Epoch 058, ExpID 68754
Train - Loss: 9281212.85
Val - Loss, MSE, RMSE, MAE, MAPE: 13188448.00, 22755821.00, 4657.25, 3505.70, 4.45%
Test - Best epoch, Loss, MSE, RMSE, MAE, MAPE: 57, 32381282.00, 68570178.00, 8201.17, 5928.75, 7.07%
- Epoch 059, ExpID 68754
Train - Loss: 9246595.80
Val - Loss, MSE, RMSE, MAE, MAPE: 13273868.00, 22370946.00, 4612.71, 3469.54, 4.41%
Test - Best epoch, Loss, MSE, RMSE, MAE, MAPE: 57, 32381282.00, 68570178.00, 8201.17, 5928.75, 7.07%
- Epoch 060, ExpID 68754
Train - Loss: 9181842.05
Val - Loss, MSE, RMSE, MAE, MAPE: 13184191.00, 21794134.50, 4541.21, 3410.04, 4.34%
Test - Best epoch, Loss, MSE, RMSE, MAE, MAPE: 57, 32381282.00, 68570178.00, 8201.17, 5928.75, 7.07%
- Epoch 061, ExpID 68754
Train - Loss: 9082473.78
Val - Loss, MSE, RMSE, MAE, MAPE: 13302556.00, 22114620.50, 4574.99, 3432.92, 4.37%
Test - Best epoch, Loss, MSE, RMSE, MAE, MAPE: 57, 32381282.00, 68570178.00, 8201.17, 5928.75, 7.07%
- Epoch 062, ExpID 68754
Train - Loss: 9112058.30
Val - Loss, MSE, RMSE, MAE, MAPE: 13321916.00, 22379060.50, 4615.46, 3461.22, 4.39%
Test - Best epoch, Loss, MSE, RMSE, MAE, MAPE: 57, 32381282.00, 68570178.00, 8201.17, 5928.75, 7.07%
- Epoch 063, ExpID 68754
Train - Loss: 9047009.50
Val - Loss, MSE, RMSE, MAE, MAPE: 13225560.00, 21793790.50, 4537.37, 3404.33, 4.32%
Test - Best epoch, Loss, MSE, RMSE, MAE, MAPE: 57, 32381282.00, 68570178.00, 8201.17, 5928.75, 7.07%
- Epoch 064, ExpID 68754
Train - Loss: 9034928.90
Val - Loss, MSE, RMSE, MAE, MAPE: 13291724.00, 22053049.00, 4558.62, 3423.56, 4.36%
Test - Best epoch, Loss, MSE, RMSE, MAE, MAPE: 57, 32381282.00, 68570178.00, 8201.17, 5928.75, 7.07%
- Epoch 065, ExpID 68754
Train - Loss: 9003701.75
Val - Loss, MSE, RMSE, MAE, MAPE: 13261352.00, 21872389.50, 4541.34, 3406.69, 4.35%
Test - Best epoch, Loss, MSE, RMSE, MAE, MAPE: 57, 32381282.00, 68570178.00, 8201.17, 5928.75, 7.07%
- Epoch 066, ExpID 68754
Train - Loss: 9026784.00
Val - Loss, MSE, RMSE, MAE, MAPE: 13323170.00, 22332697.00, 4600.38, 3462.65, 4.41%
Test - Best epoch, Loss, MSE, RMSE, MAE, MAPE: 57, 32381282.00, 68570178.00, 8201.17, 5928.75, 7.07%
- Epoch 067, ExpID 68754
Train - Loss: 8952964.65
Val - Loss, MSE, RMSE, MAE, MAPE: 13190698.00, 22162556.50, 4574.65, 3437.38, 4.38%
Test - Best epoch, Loss, MSE, RMSE, MAE, MAPE: 57, 32381282.00, 68570178.00, 8201.17, 5928.75, 7.07%
Early Stopping at Epoch 67
Fold 2017 Best RMSE: 8201.1667

-------------------- [Fold: 2018] ExpID: 4904 --------------------
- Epoch 000, ExpID 4904
Train - Loss: 15758709.38
Val - Loss, MSE, RMSE, MAE, MAPE: 35439116.00, 80520312.00, 8962.83, 6715.68, 7.99%
Test - Best epoch, Loss, MSE, RMSE, MAE, MAPE: 0, 23710852.00, 46792060.00, 6776.44, 5215.79, 5.68%
- Epoch 001, ExpID 4904
Train - Loss: 13202704.10
Val - Loss, MSE, RMSE, MAE, MAPE: 34496032.00, 79093556.00, 8893.01, 6624.34, 7.90%
Test - Best epoch, Loss, MSE, RMSE, MAE, MAPE: 1, 22375932.00, 42271665.00, 6449.46, 4905.60, 5.37%
- Epoch 002, ExpID 4904
Train - Loss: 13054385.86
Val - Loss, MSE, RMSE, MAE, MAPE: 34450232.00, 76382128.00, 8733.61, 6449.48, 7.69%
Test - Best epoch, Loss, MSE, RMSE, MAE, MAPE: 2, 22043480.00, 40090262.00, 6287.40, 4765.37, 5.23%
- Epoch 003, ExpID 4904
Train - Loss: 12943504.19
Val - Loss, MSE, RMSE, MAE, MAPE: 34373936.00, 74896068.00, 8649.88, 6368.27, 7.55%
Test - Best epoch, Loss, MSE, RMSE, MAE, MAPE: 3, 21791196.00, 39414813.00, 6226.81, 4718.65, 5.15%
- Epoch 004, ExpID 4904
Train - Loss: 12831827.24
Val - Loss, MSE, RMSE, MAE, MAPE: 34239472.00, 75657852.00, 8686.41, 6381.75, 7.51%
Test - Best epoch, Loss, MSE, RMSE, MAE, MAPE: 4, 21471492.00, 38547704.00, 6163.44, 4678.01, 5.07%
- Epoch 005, ExpID 4904
Train - Loss: 12735180.14
Val - Loss, MSE, RMSE, MAE, MAPE: 34181636.00, 75337014.00, 8661.15, 6389.57, 7.55%
Test - Best epoch, Loss, MSE, RMSE, MAE, MAPE: 5, 21127498.00, 36807598.00, 6012.62, 4545.69, 4.95%
- Epoch 006, ExpID 4904
Train - Loss: 12596063.29
Val - Loss, MSE, RMSE, MAE, MAPE: 34329480.00, 78837542.00, 8851.37, 6583.02, 7.72%
Test - Best epoch, Loss, MSE, RMSE, MAE, MAPE: 5, 21127498.00, 36807598.00, 6012.62, 4545.69, 4.95%
- Epoch 007, ExpID 4904
Train - Loss: 12505603.67
Val - Loss, MSE, RMSE, MAE, MAPE: 34337728.00, 82152564.00, 9028.32, 6729.84, 7.87%
Test - Best epoch, Loss, MSE, RMSE, MAE, MAPE: 5, 21127498.00, 36807598.00, 6012.62, 4545.69, 4.95%
- Epoch 008, ExpID 4904
Train - Loss: 12402823.81
Val - Loss, MSE, RMSE, MAE, MAPE: 34150076.00, 81968026.00, 8998.90, 6730.47, 7.90%
Test - Best epoch, Loss, MSE, RMSE, MAE, MAPE: 8, 20347524.00, 36896723.00, 6050.44, 4594.97, 4.97%
- Epoch 009, ExpID 4904
Train - Loss: 12339403.05
Val - Loss, MSE, RMSE, MAE, MAPE: 34225400.00, 83602646.00, 9087.63, 6779.40, 7.93%
Test - Best epoch, Loss, MSE, RMSE, MAE, MAPE: 8, 20347524.00, 36896723.00, 6050.44, 4594.97, 4.97%
- Epoch 010, ExpID 4904
Train - Loss: 12231448.33
Val - Loss, MSE, RMSE, MAE, MAPE: 33824924.00, 78587232.00, 8808.75, 6510.97, 7.67%
Test - Best epoch, Loss, MSE, RMSE, MAE, MAPE: 10, 20100760.00, 36375362.00, 6007.75, 4548.72, 4.93%
- Epoch 011, ExpID 4904
Train - Loss: 12164532.67
Val - Loss, MSE, RMSE, MAE, MAPE: 34320720.00, 79115448.00, 8839.20, 6502.22, 7.65%
Test - Best epoch, Loss, MSE, RMSE, MAE, MAPE: 10, 20100760.00, 36375362.00, 6007.75, 4548.72, 4.93%
- Epoch 012, ExpID 4904
Train - Loss: 12086610.71
Val - Loss, MSE, RMSE, MAE, MAPE: 33851552.00, 76470242.00, 8697.00, 6326.45, 7.42%
Test - Best epoch, Loss, MSE, RMSE, MAE, MAPE: 10, 20100760.00, 36375362.00, 6007.75, 4548.72, 4.93%
- Epoch 013, ExpID 4904
Train - Loss: 12018659.19
Val - Loss, MSE, RMSE, MAE, MAPE: 33597300.00, 75350230.00, 8625.97, 6261.43, 7.37%
Test - Best epoch, Loss, MSE, RMSE, MAE, MAPE: 13, 19909298.00, 36656154.00, 6045.96, 4598.77, 4.96%
- Epoch 014, ExpID 4904
Train - Loss: 11961844.67
Val - Loss, MSE, RMSE, MAE, MAPE: 34013552.00, 78435000.00, 8793.09, 6373.79, 7.46%
Test - Best epoch, Loss, MSE, RMSE, MAE, MAPE: 13, 19909298.00, 36656154.00, 6045.96, 4598.77, 4.96%
- Epoch 015, ExpID 4904
Train - Loss: 11872327.81
Val - Loss, MSE, RMSE, MAE, MAPE: 33519564.00, 75961600.00, 8657.05, 6221.39, 7.27%
Test - Best epoch, Loss, MSE, RMSE, MAE, MAPE: 15, 19974766.00, 39287274.00, 6264.33, 4828.26, 5.18%
- Epoch 016, ExpID 4904
Train - Loss: 11781885.43
Val - Loss, MSE, RMSE, MAE, MAPE: 33189060.00, 71159456.00, 8362.74, 5899.99, 6.96%
Test - Best epoch, Loss, MSE, RMSE, MAE, MAPE: 16, 19725462.00, 35964055.00, 5983.27, 4524.55, 4.89%
- Epoch 017, ExpID 4904
Train - Loss: 11689608.24
Val - Loss, MSE, RMSE, MAE, MAPE: 33371328.00, 72221938.00, 8418.03, 5935.92, 6.99%
Test - Best epoch, Loss, MSE, RMSE, MAE, MAPE: 16, 19725462.00, 35964055.00, 5983.27, 4524.55, 4.89%
- Epoch 018, ExpID 4904
Train - Loss: 11671375.95
Val - Loss, MSE, RMSE, MAE, MAPE: 33313542.00, 71588660.00, 8400.31, 5964.87, 7.03%
Test - Best epoch, Loss, MSE, RMSE, MAE, MAPE: 16, 19725462.00, 35964055.00, 5983.27, 4524.55, 4.89%
- Epoch 019, ExpID 4904
Train - Loss: 11586139.81
Val - Loss, MSE, RMSE, MAE, MAPE: 32730082.00, 68705720.00, 8235.20, 5803.45, 6.87%
Test - Best epoch, Loss, MSE, RMSE, MAE, MAPE: 19, 19378408.00, 35652456.00, 5958.52, 4492.78, 4.86%
- Epoch 020, ExpID 4904
Train - Loss: 11543973.76
Val - Loss, MSE, RMSE, MAE, MAPE: 32822582.00, 69663942.00, 8269.16, 5837.69, 6.90%
Test - Best epoch, Loss, MSE, RMSE, MAE, MAPE: 19, 19378408.00, 35652456.00, 5958.52, 4492.78, 4.86%
- Epoch 021, ExpID 4904
Train - Loss: 11459603.10
Val - Loss, MSE, RMSE, MAE, MAPE: 32977952.00, 69483372.00, 8267.15, 5837.36, 6.92%
Test - Best epoch, Loss, MSE, RMSE, MAE, MAPE: 19, 19378408.00, 35652456.00, 5958.52, 4492.78, 4.86%
- Epoch 022, ExpID 4904
Train - Loss: 11444680.24
Val - Loss, MSE, RMSE, MAE, MAPE: 32706538.00, 68617070.00, 8212.62, 5768.19, 6.82%
Test - Best epoch, Loss, MSE, RMSE, MAE, MAPE: 22, 19466936.00, 37125430.00, 6087.80, 4624.59, 4.98%
- Epoch 023, ExpID 4904
Train - Loss: 11333708.33
Val - Loss, MSE, RMSE, MAE, MAPE: 32562532.00, 68133314.00, 8170.93, 5728.72, 6.77%
Test - Best epoch, Loss, MSE, RMSE, MAE, MAPE: 23, 19475652.00, 37389052.00, 6110.53, 4648.74, 5.01%
- Epoch 024, ExpID 4904
Train - Loss: 11299133.62
Val - Loss, MSE, RMSE, MAE, MAPE: 32638498.00, 68674214.00, 8202.26, 5808.37, 6.92%
Test - Best epoch, Loss, MSE, RMSE, MAE, MAPE: 23, 19475652.00, 37389052.00, 6110.53, 4648.74, 5.01%
- Epoch 025, ExpID 4904
Train - Loss: 11235484.90
Val - Loss, MSE, RMSE, MAE, MAPE: 32579178.00, 68351002.00, 8166.15, 5750.47, 6.80%
Test - Best epoch, Loss, MSE, RMSE, MAE, MAPE: 23, 19475652.00, 37389052.00, 6110.53, 4648.74, 5.01%
- Epoch 026, ExpID 4904
Train - Loss: 11228939.00
Val - Loss, MSE, RMSE, MAE, MAPE: 32475904.00, 66350268.00, 8058.00, 5628.68, 6.68%
Test - Best epoch, Loss, MSE, RMSE, MAE, MAPE: 26, 19343058.00, 36428437.00, 6028.58, 4548.13, 4.91%
- Epoch 027, ExpID 4904
Train - Loss: 11177123.00
Val - Loss, MSE, RMSE, MAE, MAPE: 32779550.00, 68571312.00, 8179.33, 5776.96, 6.87%
Test - Best epoch, Loss, MSE, RMSE, MAE, MAPE: 26, 19343058.00, 36428437.00, 6028.58, 4548.13, 4.91%
- Epoch 028, ExpID 4904
Train - Loss: 11091253.43
Val - Loss, MSE, RMSE, MAE, MAPE: 32421952.00, 67940738.00, 8157.18, 5743.57, 6.81%
Test - Best epoch, Loss, MSE, RMSE, MAE, MAPE: 28, 19108628.00, 36696755.00, 6049.22, 4582.21, 4.94%
- Epoch 029, ExpID 4904
Train - Loss: 11032229.00
Val - Loss, MSE, RMSE, MAE, MAPE: 32588200.00, 67633260.00, 8133.31, 5722.84, 6.79%
Test - Best epoch, Loss, MSE, RMSE, MAE, MAPE: 28, 19108628.00, 36696755.00, 6049.22, 4582.21, 4.94%
- Epoch 030, ExpID 4904
Train - Loss: 10980630.43
Val - Loss, MSE, RMSE, MAE, MAPE: 32196652.00, 66862402.00, 8099.19, 5706.37, 6.78%
Test - Best epoch, Loss, MSE, RMSE, MAE, MAPE: 30, 18988254.00, 35922933.00, 5984.29, 4514.14, 4.87%
- Epoch 031, ExpID 4904
Train - Loss: 10940662.86
Val - Loss, MSE, RMSE, MAE, MAPE: 32514056.00, 66965198.00, 8083.20, 5700.02, 6.78%
Test - Best epoch, Loss, MSE, RMSE, MAE, MAPE: 30, 18988254.00, 35922933.00, 5984.29, 4514.14, 4.87%
- Epoch 032, ExpID 4904
Train - Loss: 10917149.71
Val - Loss, MSE, RMSE, MAE, MAPE: 32314904.00, 66006238.00, 8041.87, 5665.70, 6.75%
Test - Best epoch, Loss, MSE, RMSE, MAE, MAPE: 30, 18988254.00, 35922933.00, 5984.29, 4514.14, 4.87%
- Epoch 033, ExpID 4904
Train - Loss: 10843924.05
Val - Loss, MSE, RMSE, MAE, MAPE: 32460224.00, 67017390.00, 8090.39, 5717.13, 6.79%
Test - Best epoch, Loss, MSE, RMSE, MAE, MAPE: 30, 18988254.00, 35922933.00, 5984.29, 4514.14, 4.87%
- Epoch 034, ExpID 4904
Train - Loss: 10790069.05
Val - Loss, MSE, RMSE, MAE, MAPE: 32397510.00, 66731792.00, 8073.04, 5691.59, 6.76%
Test - Best epoch, Loss, MSE, RMSE, MAE, MAPE: 30, 18988254.00, 35922933.00, 5984.29, 4514.14, 4.87%
- Epoch 035, ExpID 4904
Train - Loss: 10793931.90
Val - Loss, MSE, RMSE, MAE, MAPE: 32737740.00, 67969304.00, 8135.32, 5739.65, 6.80%
Test - Best epoch, Loss, MSE, RMSE, MAE, MAPE: 30, 18988254.00, 35922933.00, 5984.29, 4514.14, 4.87%
- Epoch 036, ExpID 4904
Train - Loss: 10727191.57
Val - Loss, MSE, RMSE, MAE, MAPE: 32659334.00, 67419522.00, 8111.26, 5738.20, 6.81%
Test - Best epoch, Loss, MSE, RMSE, MAE, MAPE: 30, 18988254.00, 35922933.00, 5984.29, 4514.14, 4.87%
- Epoch 037, ExpID 4904
Train - Loss: 10621332.24
Val - Loss, MSE, RMSE, MAE, MAPE: 32654416.00, 67660768.00, 8116.92, 5748.86, 6.82%
Test - Best epoch, Loss, MSE, RMSE, MAE, MAPE: 30, 18988254.00, 35922933.00, 5984.29, 4514.14, 4.87%
- Epoch 038, ExpID 4904
Train - Loss: 10614970.38
Val - Loss, MSE, RMSE, MAE, MAPE: 32280906.00, 66255420.00, 8042.39, 5661.01, 6.72%
Test - Best epoch, Loss, MSE, RMSE, MAE, MAPE: 30, 18988254.00, 35922933.00, 5984.29, 4514.14, 4.87%
- Epoch 039, ExpID 4904
Train - Loss: 10573155.19
Val - Loss, MSE, RMSE, MAE, MAPE: 32437576.00, 66767802.00, 8072.74, 5694.30, 6.77%
Test - Best epoch, Loss, MSE, RMSE, MAE, MAPE: 30, 18988254.00, 35922933.00, 5984.29, 4514.14, 4.87%
- Epoch 040, ExpID 4904
Train - Loss: 10552416.19
Val - Loss, MSE, RMSE, MAE, MAPE: 32320320.00, 65890246.00, 8027.78, 5643.31, 6.71%
Test - Best epoch, Loss, MSE, RMSE, MAE, MAPE: 30, 18988254.00, 35922933.00, 5984.29, 4514.14, 4.87%
Early Stopping at Epoch 40
Fold 2018 Best RMSE: 5984.2937

-------------------- [Fold: 2019] ExpID: 51415 --------------------
- Epoch 000, ExpID 51415
Train - Loss: 17285375.65
Val - Loss, MSE, RMSE, MAE, MAPE: 23460020.00, 45990074.00, 6718.93, 5151.25, 5.62%
Test - Best epoch, Loss, MSE, RMSE, MAE, MAPE: 0, 21677244.00, 48715298.00, 6824.79, 5358.77, 5.71%
- Epoch 001, ExpID 51415
Train - Loss: 14556287.91
Val - Loss, MSE, RMSE, MAE, MAPE: 22339754.00, 41575286.00, 6399.73, 4864.46, 5.30%
Test - Best epoch, Loss, MSE, RMSE, MAE, MAPE: 1, 20022080.00, 42381921.00, 6309.66, 4878.34, 5.19%
- Epoch 002, ExpID 51415
Train - Loss: 14338334.57
Val - Loss, MSE, RMSE, MAE, MAPE: 21848538.00, 39458248.00, 6242.06, 4725.87, 5.18%
Test - Best epoch, Loss, MSE, RMSE, MAE, MAPE: 2, 19260920.00, 40891713.00, 6178.69, 4741.29, 5.08%
- Epoch 003, ExpID 51415
Train - Loss: 14186616.96
Val - Loss, MSE, RMSE, MAE, MAPE: 21762016.00, 38957615.00, 6201.48, 4709.41, 5.14%
Test - Best epoch, Loss, MSE, RMSE, MAE, MAPE: 3, 19048388.00, 38864223.00, 5997.69, 4575.22, 4.88%
- Epoch 004, ExpID 51415
Train - Loss: 14043102.65
Val - Loss, MSE, RMSE, MAE, MAPE: 21452680.00, 38405555.00, 6152.41, 4657.89, 5.04%
Test - Best epoch, Loss, MSE, RMSE, MAE, MAPE: 4, 18560838.00, 37024932.00, 5845.98, 4411.04, 4.67%
- Epoch 005, ExpID 51415
Train - Loss: 13944582.04
Val - Loss, MSE, RMSE, MAE, MAPE: 21272236.00, 36807748.00, 6018.95, 4525.68, 4.94%
Test - Best epoch, Loss, MSE, RMSE, MAE, MAPE: 5, 18211792.00, 36257920.50, 5774.70, 4359.85, 4.65%
- Epoch 006, ExpID 51415
Train - Loss: 13892315.91
Val - Loss, MSE, RMSE, MAE, MAPE: 20882558.00, 36818372.00, 6029.09, 4546.02, 4.91%
Test - Best epoch, Loss, MSE, RMSE, MAE, MAPE: 6, 17740310.00, 35434763.00, 5741.02, 4299.58, 4.54%
- Epoch 007, ExpID 51415
Train - Loss: 13642171.70
Val - Loss, MSE, RMSE, MAE, MAPE: 20652092.00, 35455445.00, 5919.63, 4440.05, 4.84%
Test - Best epoch, Loss, MSE, RMSE, MAE, MAPE: 7, 17427840.00, 35692155.00, 5751.64, 4309.38, 4.58%
- Epoch 008, ExpID 51415
Train - Loss: 13623721.22
Val - Loss, MSE, RMSE, MAE, MAPE: 20700764.00, 34871400.00, 5873.98, 4384.79, 4.80%
Test - Best epoch, Loss, MSE, RMSE, MAE, MAPE: 7, 17427840.00, 35692155.00, 5751.64, 4309.38, 4.58%
- Epoch 009, ExpID 51415
Train - Loss: 13442458.61
Val - Loss, MSE, RMSE, MAE, MAPE: 20497898.00, 34864738.00, 5877.96, 4409.39, 4.80%
Test - Best epoch, Loss, MSE, RMSE, MAE, MAPE: 9, 16989872.00, 33506583.50, 5570.09, 4155.41, 4.41%
- Epoch 010, ExpID 51415
Train - Loss: 13337136.48
Val - Loss, MSE, RMSE, MAE, MAPE: 20484058.00, 34844366.00, 5877.36, 4412.65, 4.80%
Test - Best epoch, Loss, MSE, RMSE, MAE, MAPE: 10, 16877294.00, 33203101.00, 5549.21, 4152.06, 4.42%
- Epoch 011, ExpID 51415
Train - Loss: 13320634.13
Val - Loss, MSE, RMSE, MAE, MAPE: 20333048.00, 34467039.00, 5852.37, 4401.41, 4.79%
Test - Best epoch, Loss, MSE, RMSE, MAE, MAPE: 11, 16580350.00, 33255438.50, 5569.16, 4158.20, 4.42%
- Epoch 012, ExpID 51415
Train - Loss: 13192405.83
Val - Loss, MSE, RMSE, MAE, MAPE: 20258874.00, 34354268.00, 5827.63, 4343.40, 4.76%
Test - Best epoch, Loss, MSE, RMSE, MAE, MAPE: 12, 16536440.00, 33440175.50, 5528.21, 4142.86, 4.43%
- Epoch 013, ExpID 51415
Train - Loss: 13033407.30
Val - Loss, MSE, RMSE, MAE, MAPE: 20037752.00, 34468442.00, 5851.11, 4386.89, 4.76%
Test - Best epoch, Loss, MSE, RMSE, MAE, MAPE: 13, 16299986.00, 32072647.50, 5484.89, 4090.14, 4.34%
- Epoch 014, ExpID 51415
Train - Loss: 13025889.13
Val - Loss, MSE, RMSE, MAE, MAPE: 19982488.00, 35364811.00, 5934.58, 4475.15, 4.85%
Test - Best epoch, Loss, MSE, RMSE, MAE, MAPE: 14, 16162733.00, 32688535.00, 5574.10, 4176.89, 4.43%
- Epoch 015, ExpID 51415
Train - Loss: 12915725.26
Val - Loss, MSE, RMSE, MAE, MAPE: 19935932.00, 34714592.00, 5875.28, 4429.53, 4.80%
Test - Best epoch, Loss, MSE, RMSE, MAE, MAPE: 15, 16082430.00, 32382885.00, 5534.07, 4152.08, 4.40%
- Epoch 016, ExpID 51415
Train - Loss: 12778169.70
Val - Loss, MSE, RMSE, MAE, MAPE: 20044818.00, 36214555.00, 6005.10, 4568.16, 4.92%
Test - Best epoch, Loss, MSE, RMSE, MAE, MAPE: 15, 16082430.00, 32382885.00, 5534.07, 4152.08, 4.40%
- Epoch 017, ExpID 51415
Train - Loss: 12768101.35
Val - Loss, MSE, RMSE, MAE, MAPE: 19800162.00, 35564550.00, 5956.58, 4512.86, 4.87%
Test - Best epoch, Loss, MSE, RMSE, MAE, MAPE: 17, 15975718.00, 33419933.00, 5700.70, 4296.26, 4.53%
- Epoch 018, ExpID 51415
Train - Loss: 12686196.35
Val - Loss, MSE, RMSE, MAE, MAPE: 19805326.00, 34779180.00, 5888.74, 4448.81, 4.81%
Test - Best epoch, Loss, MSE, RMSE, MAE, MAPE: 17, 15975718.00, 33419933.00, 5700.70, 4296.26, 4.53%
- Epoch 019, ExpID 51415
Train - Loss: 12720041.17
Val - Loss, MSE, RMSE, MAE, MAPE: 19876956.00, 34426030.00, 5853.46, 4387.49, 4.76%
Test - Best epoch, Loss, MSE, RMSE, MAE, MAPE: 17, 15975718.00, 33419933.00, 5700.70, 4296.26, 4.53%
- Epoch 020, ExpID 51415
Train - Loss: 12560221.70
Val - Loss, MSE, RMSE, MAE, MAPE: 20036372.00, 35206299.00, 5920.39, 4462.78, 4.83%
Test - Best epoch, Loss, MSE, RMSE, MAE, MAPE: 17, 15975718.00, 33419933.00, 5700.70, 4296.26, 4.53%
- Epoch 021, ExpID 51415
Train - Loss: 12440710.87
Val - Loss, MSE, RMSE, MAE, MAPE: 19814544.00, 33744734.00, 5793.99, 4322.52, 4.69%
Test - Best epoch, Loss, MSE, RMSE, MAE, MAPE: 17, 15975718.00, 33419933.00, 5700.70, 4296.26, 4.53%
- Epoch 022, ExpID 51415
Train - Loss: 12358986.48
Val - Loss, MSE, RMSE, MAE, MAPE: 19802848.00, 35222220.00, 5929.15, 4475.51, 4.84%
Test - Best epoch, Loss, MSE, RMSE, MAE, MAPE: 17, 15975718.00, 33419933.00, 5700.70, 4296.26, 4.53%
- Epoch 023, ExpID 51415
Train - Loss: 12261622.96
Val - Loss, MSE, RMSE, MAE, MAPE: 19667020.00, 33579181.00, 5776.42, 4298.98, 4.68%
Test - Best epoch, Loss, MSE, RMSE, MAE, MAPE: 23, 15896042.00, 32124919.00, 5502.60, 4123.47, 4.38%
- Epoch 024, ExpID 51415
Train - Loss: 12323123.61
Val - Loss, MSE, RMSE, MAE, MAPE: 19661224.00, 33453323.00, 5759.01, 4252.31, 4.64%
Test - Best epoch, Loss, MSE, RMSE, MAE, MAPE: 24, 15799389.00, 31975593.50, 5449.57, 4086.28, 4.35%
- Epoch 025, ExpID 51415
Train - Loss: 12229064.26
Val - Loss, MSE, RMSE, MAE, MAPE: 19604832.00, 34113178.00, 5826.51, 4346.79, 4.72%
Test - Best epoch, Loss, MSE, RMSE, MAE, MAPE: 25, 15678730.00, 32724032.00, 5588.33, 4214.25, 4.47%
- Epoch 026, ExpID 51415
Train - Loss: 12138832.74
Val - Loss, MSE, RMSE, MAE, MAPE: 19537550.00, 33516699.00, 5767.06, 4271.89, 4.65%
Test - Best epoch, Loss, MSE, RMSE, MAE, MAPE: 26, 15687278.00, 32500210.50, 5506.01, 4130.14, 4.40%
- Epoch 027, ExpID 51415
Train - Loss: 12131080.78
Val - Loss, MSE, RMSE, MAE, MAPE: 19719132.00, 34871856.00, 5897.11, 4418.32, 4.79%
Test - Best epoch, Loss, MSE, RMSE, MAE, MAPE: 26, 15687278.00, 32500210.50, 5506.01, 4130.14, 4.40%
- Epoch 028, ExpID 51415
Train - Loss: 11994499.22
Val - Loss, MSE, RMSE, MAE, MAPE: 19603804.00, 33586184.00, 5775.50, 4292.65, 4.68%
Test - Best epoch, Loss, MSE, RMSE, MAE, MAPE: 26, 15687278.00, 32500210.50, 5506.01, 4130.14, 4.40%
- Epoch 029, ExpID 51415
Train - Loss: 11958041.74
Val - Loss, MSE, RMSE, MAE, MAPE: 19714014.00, 34580309.00, 5873.39, 4396.53, 4.77%
Test - Best epoch, Loss, MSE, RMSE, MAE, MAPE: 26, 15687278.00, 32500210.50, 5506.01, 4130.14, 4.40%
- Epoch 030, ExpID 51415
Train - Loss: 11883679.00
Val - Loss, MSE, RMSE, MAE, MAPE: 19734734.00, 35218202.00, 5929.91, 4460.03, 4.83%
Test - Best epoch, Loss, MSE, RMSE, MAE, MAPE: 26, 15687278.00, 32500210.50, 5506.01, 4130.14, 4.40%
- Epoch 031, ExpID 51415
Train - Loss: 11859603.91
Val - Loss, MSE, RMSE, MAE, MAPE: 19743722.00, 35988898.00, 5994.33, 4522.40, 4.89%
Test - Best epoch, Loss, MSE, RMSE, MAE, MAPE: 26, 15687278.00, 32500210.50, 5506.01, 4130.14, 4.40%
- Epoch 032, ExpID 51415
Train - Loss: 11794194.43
Val - Loss, MSE, RMSE, MAE, MAPE: 19777852.00, 36404808.00, 6031.44, 4564.48, 4.93%
Test - Best epoch, Loss, MSE, RMSE, MAE, MAPE: 26, 15687278.00, 32500210.50, 5506.01, 4130.14, 4.40%
- Epoch 033, ExpID 51415
Train - Loss: 11715279.87
Val - Loss, MSE, RMSE, MAE, MAPE: 19683772.00, 35258834.00, 5933.61, 4447.84, 4.81%
Test - Best epoch, Loss, MSE, RMSE, MAE, MAPE: 26, 15687278.00, 32500210.50, 5506.01, 4130.14, 4.40%
- Epoch 034, ExpID 51415
Train - Loss: 11672600.57
Val - Loss, MSE, RMSE, MAE, MAPE: 19880828.00, 36984028.00, 6079.69, 4603.49, 4.97%
Test - Best epoch, Loss, MSE, RMSE, MAE, MAPE: 26, 15687278.00, 32500210.50, 5506.01, 4130.14, 4.40%
- Epoch 035, ExpID 51415
Train - Loss: 11671297.57
Val - Loss, MSE, RMSE, MAE, MAPE: 19559468.00, 34619418.00, 5879.58, 4406.32, 4.77%
Test - Best epoch, Loss, MSE, RMSE, MAE, MAPE: 26, 15687278.00, 32500210.50, 5506.01, 4130.14, 4.40%
- Epoch 036, ExpID 51415
Train - Loss: 11542172.43
Val - Loss, MSE, RMSE, MAE, MAPE: 19657074.00, 35883284.00, 5984.91, 4509.62, 4.88%
Test - Best epoch, Loss, MSE, RMSE, MAE, MAPE: 26, 15687278.00, 32500210.50, 5506.01, 4130.14, 4.40%
Early Stopping at Epoch 36
Fold 2019 Best RMSE: 5506.0111
