DETAILED LOG | Model: patchtst | Seed: 1
FULL CONFIG: {'gpu': '0', 'target': 'departure', 'cv_start_year': 2017, 'cv_end_year': 2019, 'test_year': 2024, 'use_corona': False, 'seq_len': 91, 'label_len': 0, 'pred_len': 56, 'batch_size': 256, 'epochs': 1000, 'patience': 10, 'lr': 0.0001, 'model': 'patchtst', 'd_model': 128, 'n_heads': 16, 'n_layers': 2, 'dropout': 0.1, 'activation': 'gelu', 'patch_len': 14, 'factor': 5, 'norm_mode': 'revin', 'use_covar': True, 'use_dbloss': False, 'device': device(type='cuda'), 'stride': 7, 'file_path': 'dataset/airport_flight_with_holiday.csv', 'seed': 1, 'val_year': 2019, 'ndims': 1}

-------------------- [Fold: 2017] ExpID: 38624 --------------------
- Epoch 000, ExpID 38624
Train - Loss: 42283308.40
Val - Loss, MSE, RMSE, MAE, MAPE: 61722856.00, 61722856.00, 7785.11, 6308.79, 8.13%
Test - Best epoch, Loss, MSE, RMSE, MAE, MAPE: 0, 93886728.00, 93886728.00, 9688.60, 7509.38, 9.22%
- Epoch 001, ExpID 38624
Train - Loss: 36980158.80
Val - Loss, MSE, RMSE, MAE, MAPE: 52353232.00, 52353232.00, 7124.14, 5742.24, 7.38%
Test - Best epoch, Loss, MSE, RMSE, MAE, MAPE: 1, 87705456.00, 87705452.00, 9365.09, 7164.05, 8.78%
- Epoch 002, ExpID 38624
Train - Loss: 34593520.20
Val - Loss, MSE, RMSE, MAE, MAPE: 48408728.00, 48408729.00, 6830.06, 5496.23, 7.06%
Test - Best epoch, Loss, MSE, RMSE, MAE, MAPE: 2, 86716584.00, 86716584.00, 9310.41, 7089.11, 8.67%
- Epoch 003, ExpID 38624
Train - Loss: 33500125.30
Val - Loss, MSE, RMSE, MAE, MAPE: 45629676.00, 45629676.00, 6604.84, 5293.78, 6.79%
Test - Best epoch, Loss, MSE, RMSE, MAE, MAPE: 3, 87528344.00, 87528344.00, 9349.10, 7124.73, 8.70%
- Epoch 004, ExpID 38624
Train - Loss: 32695235.40
Val - Loss, MSE, RMSE, MAE, MAPE: 44537668.00, 44537667.00, 6534.10, 5249.73, 6.74%
Test - Best epoch, Loss, MSE, RMSE, MAE, MAPE: 4, 88810544.00, 88810548.00, 9411.02, 7188.14, 8.79%
- Epoch 005, ExpID 38624
Train - Loss: 31908585.00
Val - Loss, MSE, RMSE, MAE, MAPE: 42481300.00, 42481301.00, 6357.47, 5078.26, 6.51%
Test - Best epoch, Loss, MSE, RMSE, MAE, MAPE: 5, 89965600.00, 89965600.00, 9461.64, 7264.27, 8.86%
- Epoch 006, ExpID 38624
Train - Loss: 31225202.10
Val - Loss, MSE, RMSE, MAE, MAPE: 40752680.00, 40752679.00, 6217.88, 4954.03, 6.35%
Test - Best epoch, Loss, MSE, RMSE, MAE, MAPE: 6, 91958672.00, 91958668.00, 9549.44, 7366.44, 8.97%
- Epoch 007, ExpID 38624
Train - Loss: 30621174.90
Val - Loss, MSE, RMSE, MAE, MAPE: 38761936.00, 38761935.00, 6046.64, 4802.20, 6.14%
Test - Best epoch, Loss, MSE, RMSE, MAE, MAPE: 7, 94765928.00, 94765928.00, 9667.55, 7509.88, 9.12%
- Epoch 008, ExpID 38624
Train - Loss: 30360529.70
Val - Loss, MSE, RMSE, MAE, MAPE: 37220300.00, 37220299.00, 5913.99, 4689.95, 5.99%
Test - Best epoch, Loss, MSE, RMSE, MAE, MAPE: 8, 96326488.00, 96326488.00, 9725.16, 7574.73, 9.18%
- Epoch 009, ExpID 38624
Train - Loss: 29796113.60
Val - Loss, MSE, RMSE, MAE, MAPE: 36467868.00, 36467867.00, 5851.27, 4638.51, 5.92%
Test - Best epoch, Loss, MSE, RMSE, MAE, MAPE: 9, 97631216.00, 97631216.00, 9775.85, 7628.10, 9.23%
- Epoch 010, ExpID 38624
Train - Loss: 29650164.40
Val - Loss, MSE, RMSE, MAE, MAPE: 36022160.00, 36022158.00, 5817.79, 4611.64, 5.89%
Test - Best epoch, Loss, MSE, RMSE, MAE, MAPE: 10, 98455744.00, 98455744.00, 9809.00, 7666.26, 9.29%
- Epoch 011, ExpID 38624
Train - Loss: 29263261.70
Val - Loss, MSE, RMSE, MAE, MAPE: 35318648.00, 35318650.00, 5752.83, 4554.28, 5.80%
Test - Best epoch, Loss, MSE, RMSE, MAE, MAPE: 11, 99933296.00, 99933300.00, 9864.91, 7715.83, 9.33%
- Epoch 012, ExpID 38624
Train - Loss: 28903725.50
Val - Loss, MSE, RMSE, MAE, MAPE: 34888696.00, 34888698.00, 5717.50, 4529.43, 5.77%
Test - Best epoch, Loss, MSE, RMSE, MAE, MAPE: 12, 100743448.00, 100743448.00, 9895.75, 7756.31, 9.38%
- Epoch 013, ExpID 38624
Train - Loss: 28789423.90
Val - Loss, MSE, RMSE, MAE, MAPE: 34696288.00, 34696288.00, 5708.71, 4527.93, 5.77%
Test - Best epoch, Loss, MSE, RMSE, MAE, MAPE: 13, 101419112.00, 101419112.00, 9923.17, 7790.18, 9.42%
- Epoch 014, ExpID 38624
Train - Loss: 28494090.50
Val - Loss, MSE, RMSE, MAE, MAPE: 34183816.00, 34183818.00, 5672.95, 4509.38, 5.75%
Test - Best epoch, Loss, MSE, RMSE, MAE, MAPE: 14, 103052672.00, 103052676.00, 9985.03, 7871.76, 9.52%
- Epoch 015, ExpID 38624
Train - Loss: 28000615.20
Val - Loss, MSE, RMSE, MAE, MAPE: 33969476.00, 33969476.00, 5650.58, 4485.25, 5.71%
Test - Best epoch, Loss, MSE, RMSE, MAE, MAPE: 15, 104732864.00, 104732868.00, 10052.43, 7915.44, 9.56%
- Epoch 016, ExpID 38624
Train - Loss: 28022897.00
Val - Loss, MSE, RMSE, MAE, MAPE: 33644300.00, 33644299.00, 5625.55, 4468.45, 5.69%
Test - Best epoch, Loss, MSE, RMSE, MAE, MAPE: 16, 106856784.00, 106856784.00, 10136.51, 7989.33, 9.64%
- Epoch 017, ExpID 38624
Train - Loss: 27667292.60
Val - Loss, MSE, RMSE, MAE, MAPE: 33278344.00, 33278344.00, 5599.06, 4457.37, 5.68%
Test - Best epoch, Loss, MSE, RMSE, MAE, MAPE: 17, 108187640.00, 108187642.00, 10188.79, 8056.64, 9.72%
- Epoch 018, ExpID 38624
Train - Loss: 27523933.10
Val - Loss, MSE, RMSE, MAE, MAPE: 33240766.00, 33240766.00, 5578.07, 4426.23, 5.61%
Test - Best epoch, Loss, MSE, RMSE, MAE, MAPE: 18, 111043928.00, 111043926.00, 10302.49, 8122.11, 9.76%
- Epoch 019, ExpID 38624
Train - Loss: 27158487.20
Val - Loss, MSE, RMSE, MAE, MAPE: 32777342.00, 32777342.00, 5577.67, 4455.72, 5.68%
Test - Best epoch, Loss, MSE, RMSE, MAE, MAPE: 19, 112436000.00, 112435996.00, 10351.44, 8200.81, 9.89%
- Epoch 020, ExpID 38624
Train - Loss: 26947864.80
Val - Loss, MSE, RMSE, MAE, MAPE: 32757088.00, 32757088.00, 5549.86, 4416.84, 5.60%
Test - Best epoch, Loss, MSE, RMSE, MAE, MAPE: 20, 115260096.00, 115260092.00, 10467.39, 8268.36, 9.94%
- Epoch 021, ExpID 38624
Train - Loss: 26641346.70
Val - Loss, MSE, RMSE, MAE, MAPE: 32015190.00, 32015190.00, 5494.96, 4375.50, 5.56%
Test - Best epoch, Loss, MSE, RMSE, MAE, MAPE: 21, 116700784.00, 116700780.00, 10510.65, 8332.22, 10.02%
- Epoch 022, ExpID 38624
Train - Loss: 26458621.70
Val - Loss, MSE, RMSE, MAE, MAPE: 31977068.00, 31977067.00, 5487.31, 4376.72, 5.56%
Test - Best epoch, Loss, MSE, RMSE, MAE, MAPE: 22, 118121184.00, 118121188.00, 10569.56, 8389.38, 10.09%
- Epoch 023, ExpID 38624
Train - Loss: 26149175.70
Val - Loss, MSE, RMSE, MAE, MAPE: 31502254.00, 31502253.50, 5442.73, 4333.72, 5.50%
Test - Best epoch, Loss, MSE, RMSE, MAE, MAPE: 23, 118569232.00, 118569232.00, 10575.11, 8397.32, 10.08%
- Epoch 024, ExpID 38624
Train - Loss: 25854268.10
Val - Loss, MSE, RMSE, MAE, MAPE: 31538792.00, 31538791.00, 5443.45, 4350.76, 5.54%
Test - Best epoch, Loss, MSE, RMSE, MAE, MAPE: 23, 118569232.00, 118569232.00, 10575.11, 8397.32, 10.08%
- Epoch 025, ExpID 38624
Train - Loss: 25505667.00
Val - Loss, MSE, RMSE, MAE, MAPE: 32112400.00, 32112399.00, 5495.09, 4367.35, 5.53%
Test - Best epoch, Loss, MSE, RMSE, MAE, MAPE: 23, 118569232.00, 118569232.00, 10575.11, 8397.32, 10.08%
- Epoch 026, ExpID 38624
Train - Loss: 25304082.70
Val - Loss, MSE, RMSE, MAE, MAPE: 30512668.00, 30512668.50, 5372.44, 4284.12, 5.46%
Test - Best epoch, Loss, MSE, RMSE, MAE, MAPE: 26, 120138688.00, 120138684.00, 10619.26, 8470.44, 10.20%
- Epoch 027, ExpID 38624
Train - Loss: 24848608.90
Val - Loss, MSE, RMSE, MAE, MAPE: 30442942.00, 30442942.50, 5349.26, 4253.22, 5.40%
Test - Best epoch, Loss, MSE, RMSE, MAE, MAPE: 27, 119650632.00, 119650634.00, 10603.17, 8440.13, 10.15%
- Epoch 028, ExpID 38624
Train - Loss: 24771173.40
Val - Loss, MSE, RMSE, MAE, MAPE: 30982680.00, 30982680.50, 5397.08, 4283.34, 5.44%
Test - Best epoch, Loss, MSE, RMSE, MAE, MAPE: 27, 119650632.00, 119650634.00, 10603.17, 8440.13, 10.15%
- Epoch 029, ExpID 38624
Train - Loss: 24455087.10
Val - Loss, MSE, RMSE, MAE, MAPE: 30377000.00, 30377000.50, 5344.46, 4242.67, 5.39%
Test - Best epoch, Loss, MSE, RMSE, MAE, MAPE: 29, 119176888.00, 119176890.00, 10586.31, 8406.88, 10.11%
- Epoch 030, ExpID 38624
Train - Loss: 24424002.80
Val - Loss, MSE, RMSE, MAE, MAPE: 31107088.00, 31107087.50, 5403.69, 4273.81, 5.40%
Test - Best epoch, Loss, MSE, RMSE, MAE, MAPE: 29, 119176888.00, 119176890.00, 10586.31, 8406.88, 10.11%
- Epoch 031, ExpID 38624
Train - Loss: 24207372.30
Val - Loss, MSE, RMSE, MAE, MAPE: 29635800.00, 29635800.50, 5306.18, 4228.37, 5.40%
Test - Best epoch, Loss, MSE, RMSE, MAE, MAPE: 31, 120566408.00, 120566410.00, 10623.90, 8459.50, 10.20%
- Epoch 032, ExpID 38624
Train - Loss: 23814932.70
Val - Loss, MSE, RMSE, MAE, MAPE: 30926122.00, 30926121.50, 5380.64, 4252.03, 5.38%
Test - Best epoch, Loss, MSE, RMSE, MAE, MAPE: 31, 120566408.00, 120566410.00, 10623.90, 8459.50, 10.20%
- Epoch 033, ExpID 38624
Train - Loss: 23715024.50
Val - Loss, MSE, RMSE, MAE, MAPE: 29716736.00, 29716737.00, 5297.78, 4202.37, 5.34%
Test - Best epoch, Loss, MSE, RMSE, MAE, MAPE: 31, 120566408.00, 120566410.00, 10623.90, 8459.50, 10.20%
- Epoch 034, ExpID 38624
Train - Loss: 23423377.80
Val - Loss, MSE, RMSE, MAE, MAPE: 30571218.00, 30571218.00, 5343.76, 4208.89, 5.31%
Test - Best epoch, Loss, MSE, RMSE, MAE, MAPE: 31, 120566408.00, 120566410.00, 10623.90, 8459.50, 10.20%
- Epoch 035, ExpID 38624
Train - Loss: 23416040.20
Val - Loss, MSE, RMSE, MAE, MAPE: 29363658.00, 29363657.50, 5261.04, 4184.41, 5.34%
Test - Best epoch, Loss, MSE, RMSE, MAE, MAPE: 35, 118821760.00, 118821760.00, 10569.83, 8383.84, 10.10%
- Epoch 036, ExpID 38624
Train - Loss: 23414296.30
Val - Loss, MSE, RMSE, MAE, MAPE: 30715988.00, 30715988.50, 5346.52, 4228.46, 5.35%
Test - Best epoch, Loss, MSE, RMSE, MAE, MAPE: 35, 118821760.00, 118821760.00, 10569.83, 8383.84, 10.10%
- Epoch 037, ExpID 38624
Train - Loss: 22849663.90
Val - Loss, MSE, RMSE, MAE, MAPE: 30977708.00, 30977707.00, 5370.36, 4239.72, 5.36%
Test - Best epoch, Loss, MSE, RMSE, MAE, MAPE: 35, 118821760.00, 118821760.00, 10569.83, 8383.84, 10.10%
- Epoch 038, ExpID 38624
Train - Loss: 22919051.50
Val - Loss, MSE, RMSE, MAE, MAPE: 29910586.00, 29910586.50, 5285.04, 4185.54, 5.32%
Test - Best epoch, Loss, MSE, RMSE, MAE, MAPE: 35, 118821760.00, 118821760.00, 10569.83, 8383.84, 10.10%
- Epoch 039, ExpID 38624
Train - Loss: 22903497.60
Val - Loss, MSE, RMSE, MAE, MAPE: 29539646.00, 29539646.00, 5259.30, 4163.45, 5.29%
Test - Best epoch, Loss, MSE, RMSE, MAE, MAPE: 35, 118821760.00, 118821760.00, 10569.83, 8383.84, 10.10%
- Epoch 040, ExpID 38624
Train - Loss: 22658048.70
Val - Loss, MSE, RMSE, MAE, MAPE: 28921722.00, 28921722.00, 5215.27, 4138.49, 5.27%
Test - Best epoch, Loss, MSE, RMSE, MAE, MAPE: 40, 121274656.00, 121274658.00, 10657.02, 8473.00, 10.20%
- Epoch 041, ExpID 38624
Train - Loss: 22552557.50
Val - Loss, MSE, RMSE, MAE, MAPE: 29132316.00, 29132315.00, 5224.20, 4130.21, 5.25%
Test - Best epoch, Loss, MSE, RMSE, MAE, MAPE: 40, 121274656.00, 121274658.00, 10657.02, 8473.00, 10.20%
- Epoch 042, ExpID 38624
Train - Loss: 22371342.90
Val - Loss, MSE, RMSE, MAE, MAPE: 29092848.00, 29092847.50, 5215.14, 4121.18, 5.24%
Test - Best epoch, Loss, MSE, RMSE, MAE, MAPE: 40, 121274656.00, 121274658.00, 10657.02, 8473.00, 10.20%
- Epoch 043, ExpID 38624
Train - Loss: 22228475.60
Val - Loss, MSE, RMSE, MAE, MAPE: 29304240.00, 29304239.50, 5237.54, 4133.98, 5.24%
Test - Best epoch, Loss, MSE, RMSE, MAE, MAPE: 40, 121274656.00, 121274658.00, 10657.02, 8473.00, 10.20%
- Epoch 044, ExpID 38624
Train - Loss: 21994752.80
Val - Loss, MSE, RMSE, MAE, MAPE: 28764720.00, 28764721.00, 5193.40, 4089.22, 5.17%
Test - Best epoch, Loss, MSE, RMSE, MAE, MAPE: 44, 119687664.00, 119687660.00, 10572.50, 8396.46, 10.07%
- Epoch 045, ExpID 38624
Train - Loss: 21955084.80
Val - Loss, MSE, RMSE, MAE, MAPE: 29221440.00, 29221439.50, 5223.31, 4114.85, 5.21%
Test - Best epoch, Loss, MSE, RMSE, MAE, MAPE: 44, 119687664.00, 119687660.00, 10572.50, 8396.46, 10.07%
- Epoch 046, ExpID 38624
Train - Loss: 21935905.40
Val - Loss, MSE, RMSE, MAE, MAPE: 28575160.00, 28575160.00, 5174.17, 4084.61, 5.19%
Test - Best epoch, Loss, MSE, RMSE, MAE, MAPE: 46, 115990632.00, 115990632.00, 10449.52, 8295.01, 9.97%
- Epoch 047, ExpID 38624
Train - Loss: 21643639.00
Val - Loss, MSE, RMSE, MAE, MAPE: 28829960.00, 28829959.50, 5202.36, 4096.47, 5.20%
Test - Best epoch, Loss, MSE, RMSE, MAE, MAPE: 46, 115990632.00, 115990632.00, 10449.52, 8295.01, 9.97%
- Epoch 048, ExpID 38624
Train - Loss: 21438702.60
Val - Loss, MSE, RMSE, MAE, MAPE: 28839392.00, 28839391.00, 5193.16, 4084.33, 5.18%
Test - Best epoch, Loss, MSE, RMSE, MAE, MAPE: 46, 115990632.00, 115990632.00, 10449.52, 8295.01, 9.97%
- Epoch 049, ExpID 38624
Train - Loss: 21380550.30
Val - Loss, MSE, RMSE, MAE, MAPE: 28151508.00, 28151508.50, 5136.09, 4051.19, 5.16%
Test - Best epoch, Loss, MSE, RMSE, MAE, MAPE: 49, 114585784.00, 114585784.00, 10394.78, 8245.80, 9.92%
- Epoch 050, ExpID 38624
Train - Loss: 21331171.80
Val - Loss, MSE, RMSE, MAE, MAPE: 29306926.00, 29306925.50, 5216.05, 4090.13, 5.17%
Test - Best epoch, Loss, MSE, RMSE, MAE, MAPE: 49, 114585784.00, 114585784.00, 10394.78, 8245.80, 9.92%
- Epoch 051, ExpID 38624
Train - Loss: 21220789.40
Val - Loss, MSE, RMSE, MAE, MAPE: 29346458.00, 29346458.00, 5226.97, 4106.85, 5.19%
Test - Best epoch, Loss, MSE, RMSE, MAE, MAPE: 49, 114585784.00, 114585784.00, 10394.78, 8245.80, 9.92%
- Epoch 052, ExpID 38624
Train - Loss: 21128597.80
Val - Loss, MSE, RMSE, MAE, MAPE: 28511088.00, 28511088.50, 5179.14, 4080.88, 5.20%
Test - Best epoch, Loss, MSE, RMSE, MAE, MAPE: 49, 114585784.00, 114585784.00, 10394.78, 8245.80, 9.92%
- Epoch 053, ExpID 38624
Train - Loss: 21099383.50
Val - Loss, MSE, RMSE, MAE, MAPE: 28248164.00, 28248165.00, 5139.70, 4043.12, 5.15%
Test - Best epoch, Loss, MSE, RMSE, MAE, MAPE: 49, 114585784.00, 114585784.00, 10394.78, 8245.80, 9.92%
- Epoch 054, ExpID 38624
Train - Loss: 21046999.30
Val - Loss, MSE, RMSE, MAE, MAPE: 28210084.00, 28210083.00, 5137.66, 4027.75, 5.10%
Test - Best epoch, Loss, MSE, RMSE, MAE, MAPE: 49, 114585784.00, 114585784.00, 10394.78, 8245.80, 9.92%
- Epoch 055, ExpID 38624
Train - Loss: 20722515.00
Val - Loss, MSE, RMSE, MAE, MAPE: 29174226.00, 29174225.50, 5204.94, 4082.66, 5.18%
Test - Best epoch, Loss, MSE, RMSE, MAE, MAPE: 49, 114585784.00, 114585784.00, 10394.78, 8245.80, 9.92%
- Epoch 056, ExpID 38624
Train - Loss: 20772790.60
Val - Loss, MSE, RMSE, MAE, MAPE: 28932928.00, 28932928.50, 5188.80, 4077.91, 5.18%
Test - Best epoch, Loss, MSE, RMSE, MAE, MAPE: 49, 114585784.00, 114585784.00, 10394.78, 8245.80, 9.92%
- Epoch 057, ExpID 38624
Train - Loss: 20603462.30
Val - Loss, MSE, RMSE, MAE, MAPE: 30057452.00, 30057451.50, 5263.12, 4126.29, 5.22%
Test - Best epoch, Loss, MSE, RMSE, MAE, MAPE: 49, 114585784.00, 114585784.00, 10394.78, 8245.80, 9.92%
- Epoch 058, ExpID 38624
Train - Loss: 20614433.90
Val - Loss, MSE, RMSE, MAE, MAPE: 29064922.00, 29064922.00, 5203.15, 4089.57, 5.20%
Test - Best epoch, Loss, MSE, RMSE, MAE, MAPE: 49, 114585784.00, 114585784.00, 10394.78, 8245.80, 9.92%
- Epoch 059, ExpID 38624
Train - Loss: 20604003.30
Val - Loss, MSE, RMSE, MAE, MAPE: 29987160.00, 29987160.50, 5266.77, 4124.08, 5.22%
Test - Best epoch, Loss, MSE, RMSE, MAE, MAPE: 49, 114585784.00, 114585784.00, 10394.78, 8245.80, 9.92%
Early Stopping at Epoch 59
Fold 2017 Best RMSE: 10394.7847

-------------------- [Fold: 2018] ExpID: 71422 --------------------
- Epoch 000, ExpID 71422
Train - Loss: 44526706.86
Val - Loss, MSE, RMSE, MAE, MAPE: 94570840.00, 94570840.00, 9724.74, 7493.20, 9.23%
Test - Best epoch, Loss, MSE, RMSE, MAE, MAPE: 0, 52854560.00, 52854560.00, 7219.63, 5615.54, 6.17%
- Epoch 001, ExpID 71422
Train - Loss: 38993008.95
Val - Loss, MSE, RMSE, MAE, MAPE: 88916560.00, 88916564.00, 9427.49, 7163.40, 8.78%
Test - Best epoch, Loss, MSE, RMSE, MAE, MAPE: 1, 46336896.00, 46336898.00, 6739.55, 5172.68, 5.66%
- Epoch 002, ExpID 71422
Train - Loss: 36741332.95
Val - Loss, MSE, RMSE, MAE, MAPE: 88708128.00, 88708128.00, 9411.18, 7138.58, 8.74%
Test - Best epoch, Loss, MSE, RMSE, MAE, MAPE: 2, 44426468.00, 44426469.00, 6595.82, 5032.42, 5.50%
- Epoch 003, ExpID 71422
Train - Loss: 35371449.43
Val - Loss, MSE, RMSE, MAE, MAPE: 89470360.00, 89470360.00, 9444.15, 7181.16, 8.78%
Test - Best epoch, Loss, MSE, RMSE, MAE, MAPE: 2, 44426468.00, 44426469.00, 6595.82, 5032.42, 5.50%
- Epoch 004, ExpID 71422
Train - Loss: 34458830.38
Val - Loss, MSE, RMSE, MAE, MAPE: 91262736.00, 91262736.00, 9524.69, 7292.78, 8.91%
Test - Best epoch, Loss, MSE, RMSE, MAE, MAPE: 2, 44426468.00, 44426469.00, 6595.82, 5032.42, 5.50%
- Epoch 005, ExpID 71422
Train - Loss: 33632694.10
Val - Loss, MSE, RMSE, MAE, MAPE: 92959040.00, 92959036.00, 9590.85, 7396.12, 9.01%
Test - Best epoch, Loss, MSE, RMSE, MAE, MAPE: 2, 44426468.00, 44426469.00, 6595.82, 5032.42, 5.50%
- Epoch 006, ExpID 71422
Train - Loss: 32793053.90
Val - Loss, MSE, RMSE, MAE, MAPE: 95499232.00, 95499228.00, 9687.54, 7523.51, 9.14%
Test - Best epoch, Loss, MSE, RMSE, MAE, MAPE: 2, 44426468.00, 44426469.00, 6595.82, 5032.42, 5.50%
- Epoch 007, ExpID 71422
Train - Loss: 32147558.57
Val - Loss, MSE, RMSE, MAE, MAPE: 97258880.00, 97258876.00, 9747.87, 7594.77, 9.19%
Test - Best epoch, Loss, MSE, RMSE, MAE, MAPE: 2, 44426468.00, 44426469.00, 6595.82, 5032.42, 5.50%
- Epoch 008, ExpID 71422
Train - Loss: 31760952.48
Val - Loss, MSE, RMSE, MAE, MAPE: 97209088.00, 97209084.00, 9734.71, 7589.66, 9.18%
Test - Best epoch, Loss, MSE, RMSE, MAE, MAPE: 2, 44426468.00, 44426469.00, 6595.82, 5032.42, 5.50%
- Epoch 009, ExpID 71422
Train - Loss: 31188276.38
Val - Loss, MSE, RMSE, MAE, MAPE: 97485672.00, 97485672.00, 9740.02, 7597.87, 9.19%
Test - Best epoch, Loss, MSE, RMSE, MAE, MAPE: 2, 44426468.00, 44426469.00, 6595.82, 5032.42, 5.50%
- Epoch 010, ExpID 71422
Train - Loss: 30784207.71
Val - Loss, MSE, RMSE, MAE, MAPE: 98934136.00, 98934138.00, 9795.31, 7673.86, 9.27%
Test - Best epoch, Loss, MSE, RMSE, MAE, MAPE: 2, 44426468.00, 44426469.00, 6595.82, 5032.42, 5.50%
- Epoch 011, ExpID 71422
Train - Loss: 30564923.14
Val - Loss, MSE, RMSE, MAE, MAPE: 100186184.00, 100186184.00, 9847.27, 7738.66, 9.35%
Test - Best epoch, Loss, MSE, RMSE, MAE, MAPE: 2, 44426468.00, 44426469.00, 6595.82, 5032.42, 5.50%
- Epoch 012, ExpID 71422
Train - Loss: 30094540.76
Val - Loss, MSE, RMSE, MAE, MAPE: 100661648.00, 100661648.00, 9867.20, 7749.18, 9.35%
Test - Best epoch, Loss, MSE, RMSE, MAE, MAPE: 2, 44426468.00, 44426469.00, 6595.82, 5032.42, 5.50%
Early Stopping at Epoch 12
Fold 2018 Best RMSE: 6595.8206

-------------------- [Fold: 2019] ExpID: 22665 --------------------
- Epoch 000, ExpID 22665
Train - Loss: 49150679.48
Val - Loss, MSE, RMSE, MAE, MAPE: 51478624.00, 51478622.00, 7118.09, 5569.85, 6.12%
Test - Best epoch, Loss, MSE, RMSE, MAE, MAPE: 0, 60299160.00, 60299158.00, 7651.55, 6066.00, 6.50%
- Epoch 001, ExpID 22665
Train - Loss: 42345443.65
Val - Loss, MSE, RMSE, MAE, MAPE: 45764940.00, 45764940.00, 6694.75, 5171.25, 5.66%
Test - Best epoch, Loss, MSE, RMSE, MAE, MAPE: 1, 52584912.00, 52584910.00, 7087.75, 5571.90, 5.95%
- Epoch 002, ExpID 22665
Train - Loss: 40349225.91
Val - Loss, MSE, RMSE, MAE, MAPE: 44122888.00, 44122888.00, 6574.93, 5050.02, 5.52%
Test - Best epoch, Loss, MSE, RMSE, MAE, MAPE: 2, 49221720.00, 49221720.00, 6831.21, 5357.53, 5.72%
- Epoch 003, ExpID 22665
Train - Loss: 38639513.57
Val - Loss, MSE, RMSE, MAE, MAPE: 43007000.00, 43007002.00, 6492.20, 4957.25, 5.42%
Test - Best epoch, Loss, MSE, RMSE, MAE, MAPE: 3, 46967176.00, 46967175.00, 6651.23, 5209.22, 5.56%
- Epoch 004, ExpID 22665
Train - Loss: 37608778.96
Val - Loss, MSE, RMSE, MAE, MAPE: 41895396.00, 41895395.00, 6409.03, 4864.44, 5.32%
Test - Best epoch, Loss, MSE, RMSE, MAE, MAPE: 4, 44709520.00, 44709518.00, 6457.10, 5029.11, 5.36%
- Epoch 005, ExpID 22665
Train - Loss: 36552710.52
Val - Loss, MSE, RMSE, MAE, MAPE: 41103940.00, 41103939.00, 6350.72, 4802.14, 5.25%
Test - Best epoch, Loss, MSE, RMSE, MAE, MAPE: 5, 43429760.00, 43429760.00, 6347.62, 4922.06, 5.25%
- Epoch 006, ExpID 22665
Train - Loss: 35704406.00
Val - Loss, MSE, RMSE, MAE, MAPE: 40059908.00, 40059908.00, 6269.63, 4710.20, 5.15%
Test - Best epoch, Loss, MSE, RMSE, MAE, MAPE: 6, 42565432.00, 42565430.00, 6282.13, 4842.54, 5.15%
- Epoch 007, ExpID 22665
Train - Loss: 34994814.09
Val - Loss, MSE, RMSE, MAE, MAPE: 39415796.00, 39415795.00, 6216.04, 4665.56, 5.10%
Test - Best epoch, Loss, MSE, RMSE, MAE, MAPE: 7, 42000924.00, 42000925.00, 6236.63, 4798.68, 5.10%
- Epoch 008, ExpID 22665
Train - Loss: 34426960.96
Val - Loss, MSE, RMSE, MAE, MAPE: 38762756.00, 38762755.00, 6161.85, 4616.79, 5.04%
Test - Best epoch, Loss, MSE, RMSE, MAE, MAPE: 8, 41442752.00, 41442751.00, 6200.65, 4756.78, 5.06%
- Epoch 009, ExpID 22665
Train - Loss: 33997864.35
Val - Loss, MSE, RMSE, MAE, MAPE: 38131172.00, 38131173.00, 6107.90, 4568.02, 4.99%
Test - Best epoch, Loss, MSE, RMSE, MAE, MAPE: 9, 41030192.00, 41030190.00, 6162.55, 4713.24, 5.01%
- Epoch 010, ExpID 22665
Train - Loss: 33431555.65
Val - Loss, MSE, RMSE, MAE, MAPE: 37793152.00, 37793154.00, 6077.88, 4546.59, 4.97%
Test - Best epoch, Loss, MSE, RMSE, MAE, MAPE: 10, 40596784.00, 40596782.00, 6118.96, 4671.62, 4.97%
- Epoch 011, ExpID 22665
Train - Loss: 33215871.74
Val - Loss, MSE, RMSE, MAE, MAPE: 37453388.00, 37453389.00, 6050.49, 4536.62, 4.97%
Test - Best epoch, Loss, MSE, RMSE, MAE, MAPE: 11, 40643536.00, 40643535.00, 6117.57, 4666.77, 4.97%
- Epoch 012, ExpID 22665
Train - Loss: 32774456.70
Val - Loss, MSE, RMSE, MAE, MAPE: 37237376.00, 37237374.00, 6031.65, 4515.34, 4.94%
Test - Best epoch, Loss, MSE, RMSE, MAE, MAPE: 12, 40343216.00, 40343216.00, 6094.92, 4643.63, 4.94%
- Epoch 013, ExpID 22665
Train - Loss: 32587921.04
Val - Loss, MSE, RMSE, MAE, MAPE: 36742768.00, 36742767.00, 5991.70, 4488.26, 4.91%
Test - Best epoch, Loss, MSE, RMSE, MAE, MAPE: 13, 40008768.00, 40008769.00, 6069.08, 4622.68, 4.92%
- Epoch 014, ExpID 22665
Train - Loss: 32099020.09
Val - Loss, MSE, RMSE, MAE, MAPE: 36313484.00, 36313485.00, 5955.61, 4464.58, 4.89%
Test - Best epoch, Loss, MSE, RMSE, MAE, MAPE: 14, 40139904.00, 40139903.00, 6090.63, 4635.79, 4.93%
- Epoch 015, ExpID 22665
Train - Loss: 31787748.35
Val - Loss, MSE, RMSE, MAE, MAPE: 35953472.00, 35953471.00, 5923.48, 4448.37, 4.87%
Test - Best epoch, Loss, MSE, RMSE, MAE, MAPE: 15, 40124264.00, 40124263.00, 6081.75, 4627.62, 4.93%
- Epoch 016, ExpID 22665
Train - Loss: 31452954.87
Val - Loss, MSE, RMSE, MAE, MAPE: 35661048.00, 35661047.00, 5900.05, 4431.95, 4.85%
Test - Best epoch, Loss, MSE, RMSE, MAE, MAPE: 16, 39851928.00, 39851929.00, 6067.79, 4615.69, 4.91%
- Epoch 017, ExpID 22665
Train - Loss: 31170714.78
Val - Loss, MSE, RMSE, MAE, MAPE: 35542172.00, 35542172.00, 5886.06, 4435.63, 4.86%
Test - Best epoch, Loss, MSE, RMSE, MAE, MAPE: 17, 39839008.00, 39839006.00, 6055.75, 4605.77, 4.91%
- Epoch 018, ExpID 22665
Train - Loss: 30844489.30
Val - Loss, MSE, RMSE, MAE, MAPE: 35091068.00, 35091067.00, 5849.00, 4405.78, 4.83%
Test - Best epoch, Loss, MSE, RMSE, MAE, MAPE: 18, 40137532.00, 40137531.00, 6072.46, 4613.66, 4.92%
- Epoch 019, ExpID 22665
Train - Loss: 30542933.13
Val - Loss, MSE, RMSE, MAE, MAPE: 35877628.00, 35877628.00, 5921.86, 4497.71, 4.94%
Test - Best epoch, Loss, MSE, RMSE, MAE, MAPE: 18, 40137532.00, 40137531.00, 6072.46, 4613.66, 4.92%
- Epoch 020, ExpID 22665
Train - Loss: 30214237.22
Val - Loss, MSE, RMSE, MAE, MAPE: 34764304.00, 34764303.00, 5824.33, 4402.59, 4.82%
Test - Best epoch, Loss, MSE, RMSE, MAE, MAPE: 20, 39614776.00, 39614774.00, 6044.94, 4597.14, 4.90%
- Epoch 021, ExpID 22665
Train - Loss: 29826856.35
Val - Loss, MSE, RMSE, MAE, MAPE: 34799308.00, 34799307.00, 5831.39, 4419.62, 4.84%
Test - Best epoch, Loss, MSE, RMSE, MAE, MAPE: 20, 39614776.00, 39614774.00, 6044.94, 4597.14, 4.90%
- Epoch 022, ExpID 22665
Train - Loss: 29654038.52
Val - Loss, MSE, RMSE, MAE, MAPE: 35491084.00, 35491084.00, 5886.74, 4490.92, 4.94%
Test - Best epoch, Loss, MSE, RMSE, MAE, MAPE: 20, 39614776.00, 39614774.00, 6044.94, 4597.14, 4.90%
- Epoch 023, ExpID 22665
Train - Loss: 29252496.52
Val - Loss, MSE, RMSE, MAE, MAPE: 35060732.00, 35060731.00, 5855.72, 4466.91, 4.90%
Test - Best epoch, Loss, MSE, RMSE, MAE, MAPE: 20, 39614776.00, 39614774.00, 6044.94, 4597.14, 4.90%
- Epoch 024, ExpID 22665
Train - Loss: 29064540.00
Val - Loss, MSE, RMSE, MAE, MAPE: 34650812.00, 34650811.00, 5825.32, 4439.31, 4.86%
Test - Best epoch, Loss, MSE, RMSE, MAE, MAPE: 24, 41036420.00, 41036420.00, 6188.91, 4708.20, 5.02%
- Epoch 025, ExpID 22665
Train - Loss: 29040357.74
Val - Loss, MSE, RMSE, MAE, MAPE: 35107232.00, 35107232.00, 5865.98, 4486.98, 4.92%
Test - Best epoch, Loss, MSE, RMSE, MAE, MAPE: 24, 41036420.00, 41036420.00, 6188.91, 4708.20, 5.02%
- Epoch 026, ExpID 22665
Train - Loss: 28443242.52
Val - Loss, MSE, RMSE, MAE, MAPE: 35903372.00, 35903373.00, 5930.44, 4555.69, 5.02%
Test - Best epoch, Loss, MSE, RMSE, MAE, MAPE: 24, 41036420.00, 41036420.00, 6188.91, 4708.20, 5.02%
- Epoch 027, ExpID 22665
Train - Loss: 28096335.04
Val - Loss, MSE, RMSE, MAE, MAPE: 35578828.00, 35578829.00, 5913.51, 4545.92, 4.99%
Test - Best epoch, Loss, MSE, RMSE, MAE, MAPE: 24, 41036420.00, 41036420.00, 6188.91, 4708.20, 5.02%
- Epoch 028, ExpID 22665
Train - Loss: 27846615.74
Val - Loss, MSE, RMSE, MAE, MAPE: 35419512.00, 35419511.00, 5903.29, 4543.68, 4.98%
Test - Best epoch, Loss, MSE, RMSE, MAE, MAPE: 24, 41036420.00, 41036420.00, 6188.91, 4708.20, 5.02%
- Epoch 029, ExpID 22665
Train - Loss: 27957470.78
Val - Loss, MSE, RMSE, MAE, MAPE: 35211956.00, 35211955.00, 5882.54, 4510.06, 4.96%
Test - Best epoch, Loss, MSE, RMSE, MAE, MAPE: 24, 41036420.00, 41036420.00, 6188.91, 4708.20, 5.02%
- Epoch 030, ExpID 22665
Train - Loss: 27226724.00
Val - Loss, MSE, RMSE, MAE, MAPE: 34513120.00, 34513118.00, 5818.65, 4453.75, 4.89%
Test - Best epoch, Loss, MSE, RMSE, MAE, MAPE: 30, 42512712.00, 42512710.00, 6290.15, 4786.64, 5.11%
- Epoch 031, ExpID 22665
Train - Loss: 27354665.39
Val - Loss, MSE, RMSE, MAE, MAPE: 33202188.00, 33202189.00, 5715.05, 4374.51, 4.78%
Test - Best epoch, Loss, MSE, RMSE, MAE, MAPE: 31, 40989548.00, 40989547.00, 6220.45, 4726.46, 5.03%
- Epoch 032, ExpID 22665
Train - Loss: 27282056.09
Val - Loss, MSE, RMSE, MAE, MAPE: 33948924.00, 33948923.00, 5777.50, 4429.63, 4.85%
Test - Best epoch, Loss, MSE, RMSE, MAE, MAPE: 31, 40989548.00, 40989547.00, 6220.45, 4726.46, 5.03%
- Epoch 033, ExpID 22665
Train - Loss: 27219639.22
Val - Loss, MSE, RMSE, MAE, MAPE: 33168366.00, 33168366.00, 5709.54, 4347.31, 4.75%
Test - Best epoch, Loss, MSE, RMSE, MAE, MAPE: 33, 40806960.00, 40806959.00, 6203.61, 4709.85, 5.02%
- Epoch 034, ExpID 22665
Train - Loss: 26587859.48
Val - Loss, MSE, RMSE, MAE, MAPE: 35075348.00, 35075347.00, 5873.03, 4518.43, 4.97%
Test - Best epoch, Loss, MSE, RMSE, MAE, MAPE: 33, 40806960.00, 40806959.00, 6203.61, 4709.85, 5.02%
- Epoch 035, ExpID 22665
Train - Loss: 26461886.09
Val - Loss, MSE, RMSE, MAE, MAPE: 34973780.00, 34973781.00, 5866.29, 4511.46, 4.96%
Test - Best epoch, Loss, MSE, RMSE, MAE, MAPE: 33, 40806960.00, 40806959.00, 6203.61, 4709.85, 5.02%
- Epoch 036, ExpID 22665
Train - Loss: 26454469.13
Val - Loss, MSE, RMSE, MAE, MAPE: 33470308.00, 33470308.00, 5747.75, 4395.85, 4.80%
Test - Best epoch, Loss, MSE, RMSE, MAE, MAPE: 33, 40806960.00, 40806959.00, 6203.61, 4709.85, 5.02%
- Epoch 037, ExpID 22665
Train - Loss: 25923490.17
Val - Loss, MSE, RMSE, MAE, MAPE: 32788772.00, 32788772.00, 5686.60, 4333.54, 4.73%
Test - Best epoch, Loss, MSE, RMSE, MAE, MAPE: 37, 40397400.00, 40397398.00, 6187.03, 4685.93, 4.99%
- Epoch 038, ExpID 22665
Train - Loss: 25986249.48
Val - Loss, MSE, RMSE, MAE, MAPE: 34361840.00, 34361842.00, 5812.39, 4461.99, 4.90%
Test - Best epoch, Loss, MSE, RMSE, MAE, MAPE: 37, 40397400.00, 40397398.00, 6187.03, 4685.93, 4.99%
- Epoch 039, ExpID 22665
Train - Loss: 25768732.09
Val - Loss, MSE, RMSE, MAE, MAPE: 33998872.00, 33998871.00, 5788.15, 4446.08, 4.87%
Test - Best epoch, Loss, MSE, RMSE, MAE, MAPE: 37, 40397400.00, 40397398.00, 6187.03, 4685.93, 4.99%
- Epoch 040, ExpID 22665
Train - Loss: 25410481.04
Val - Loss, MSE, RMSE, MAE, MAPE: 34032568.00, 34032566.00, 5786.70, 4429.08, 4.87%
Test - Best epoch, Loss, MSE, RMSE, MAE, MAPE: 37, 40397400.00, 40397398.00, 6187.03, 4685.93, 4.99%
- Epoch 041, ExpID 22665
Train - Loss: 25480677.39
Val - Loss, MSE, RMSE, MAE, MAPE: 34122176.00, 34122178.00, 5796.54, 4447.15, 4.87%
Test - Best epoch, Loss, MSE, RMSE, MAE, MAPE: 37, 40397400.00, 40397398.00, 6187.03, 4685.93, 4.99%
- Epoch 042, ExpID 22665
Train - Loss: 25389713.13
Val - Loss, MSE, RMSE, MAE, MAPE: 33119164.00, 33119163.00, 5715.41, 4372.40, 4.79%
Test - Best epoch, Loss, MSE, RMSE, MAE, MAPE: 37, 40397400.00, 40397398.00, 6187.03, 4685.93, 4.99%
- Epoch 043, ExpID 22665
Train - Loss: 25127146.61
Val - Loss, MSE, RMSE, MAE, MAPE: 33661352.00, 33661350.00, 5756.33, 4406.33, 4.83%
Test - Best epoch, Loss, MSE, RMSE, MAE, MAPE: 37, 40397400.00, 40397398.00, 6187.03, 4685.93, 4.99%
- Epoch 044, ExpID 22665
Train - Loss: 25027256.70
Val - Loss, MSE, RMSE, MAE, MAPE: 33168148.00, 33168148.00, 5718.44, 4370.00, 4.78%
Test - Best epoch, Loss, MSE, RMSE, MAE, MAPE: 37, 40397400.00, 40397398.00, 6187.03, 4685.93, 4.99%
- Epoch 045, ExpID 22665
Train - Loss: 24863940.43
Val - Loss, MSE, RMSE, MAE, MAPE: 32976544.00, 32976543.00, 5705.67, 4364.91, 4.77%
Test - Best epoch, Loss, MSE, RMSE, MAE, MAPE: 37, 40397400.00, 40397398.00, 6187.03, 4685.93, 4.99%
- Epoch 046, ExpID 22665
Train - Loss: 24769717.57
Val - Loss, MSE, RMSE, MAE, MAPE: 32818252.00, 32818253.00, 5690.11, 4370.16, 4.78%
Test - Best epoch, Loss, MSE, RMSE, MAE, MAPE: 37, 40397400.00, 40397398.00, 6187.03, 4685.93, 4.99%
- Epoch 047, ExpID 22665
Train - Loss: 24675841.04
Val - Loss, MSE, RMSE, MAE, MAPE: 33719836.00, 33719837.00, 5762.44, 4441.81, 4.86%
Test - Best epoch, Loss, MSE, RMSE, MAE, MAPE: 37, 40397400.00, 40397398.00, 6187.03, 4685.93, 4.99%
Early Stopping at Epoch 47
Fold 2019 Best RMSE: 6187.0317
