DETAILED LOG | Model: patchtst | Seed: 1
FULL CONFIG: {'gpu': '0', 'target': 'departure', 'cv_start_year': 2017, 'cv_end_year': 2019, 'test_year': 2024, 'use_corona': False, 'seq_len': 56, 'label_len': 0, 'pred_len': 56, 'batch_size': 256, 'epochs': 1000, 'patience': 10, 'lr': 1e-05, 'model': 'patchtst', 'd_model': 256, 'n_heads': 2, 'n_layers': 4, 'dropout': 0.1, 'activation': 'gelu', 'patch_len': 14, 'factor': 5, 'norm_mode': 'revin', 'use_covar': True, 'use_dbloss': False, 'device': device(type='cuda'), 'stride': 7, 'file_path': 'dataset/airport_flight_with_holiday.csv', 'seed': 1, 'val_year': 2019, 'ndims': 1}

-------------------- [Fold: 2017] ExpID: 27469 --------------------
- Epoch 000, ExpID 27469
Train - Loss: 44197095.40
Val - Loss, MSE, RMSE, MAE, MAPE: 69976760.00, 69976762.00, 8240.61, 6587.60, 8.49%
Test - Best epoch, Loss, MSE, RMSE, MAE, MAPE: 0, 109107480.00, 109107480.00, 10444.79, 8247.02, 10.09%
- Epoch 001, ExpID 27469
Train - Loss: 41922054.40
Val - Loss, MSE, RMSE, MAE, MAPE: 65373912.00, 65373914.00, 7953.53, 6366.35, 8.20%
Test - Best epoch, Loss, MSE, RMSE, MAE, MAPE: 1, 104752560.00, 104752560.00, 10234.68, 8039.40, 9.85%
- Epoch 002, ExpID 27469
Train - Loss: 40227996.20
Val - Loss, MSE, RMSE, MAE, MAPE: 61697000.00, 61697002.00, 7712.85, 6173.38, 7.95%
Test - Best epoch, Loss, MSE, RMSE, MAE, MAPE: 2, 101645264.00, 101645268.00, 10081.92, 7884.42, 9.66%
- Epoch 003, ExpID 27469
Train - Loss: 38980217.40
Val - Loss, MSE, RMSE, MAE, MAPE: 58825880.00, 58825882.00, 7517.45, 6018.73, 7.75%
Test - Best epoch, Loss, MSE, RMSE, MAE, MAPE: 3, 99558528.00, 99558532.00, 9977.81, 7777.84, 9.53%
- Epoch 004, ExpID 27469
Train - Loss: 37980921.00
Val - Loss, MSE, RMSE, MAE, MAPE: 56688560.00, 56688558.00, 7369.22, 5902.17, 7.60%
Test - Best epoch, Loss, MSE, RMSE, MAE, MAPE: 4, 98332064.00, 98332068.00, 9915.72, 7717.70, 9.45%
- Epoch 005, ExpID 27469
Train - Loss: 37180515.80
Val - Loss, MSE, RMSE, MAE, MAPE: 54966200.00, 54966200.00, 7247.07, 5800.91, 7.46%
Test - Best epoch, Loss, MSE, RMSE, MAE, MAPE: 5, 97665216.00, 97665212.00, 9881.15, 7682.67, 9.41%
- Epoch 006, ExpID 27469
Train - Loss: 36525415.00
Val - Loss, MSE, RMSE, MAE, MAPE: 53642352.00, 53642354.00, 7153.33, 5725.29, 7.36%
Test - Best epoch, Loss, MSE, RMSE, MAE, MAPE: 6, 97403568.00, 97403568.00, 9866.56, 7668.66, 9.39%
- Epoch 007, ExpID 27469
Train - Loss: 36088185.80
Val - Loss, MSE, RMSE, MAE, MAPE: 52546876.00, 52546877.00, 7074.62, 5658.66, 7.27%
Test - Best epoch, Loss, MSE, RMSE, MAE, MAPE: 7, 97407872.00, 97407868.00, 9864.99, 7670.05, 9.39%
- Epoch 008, ExpID 27469
Train - Loss: 35509296.70
Val - Loss, MSE, RMSE, MAE, MAPE: 51669908.00, 51669907.00, 7013.33, 5606.21, 7.21%
Test - Best epoch, Loss, MSE, RMSE, MAE, MAPE: 8, 97700752.00, 97700752.00, 9877.47, 7683.53, 9.41%
- Epoch 009, ExpID 27469
Train - Loss: 35193735.90
Val - Loss, MSE, RMSE, MAE, MAPE: 50889220.00, 50889220.00, 6957.54, 5557.40, 7.14%
Test - Best epoch, Loss, MSE, RMSE, MAE, MAPE: 9, 98081552.00, 98081552.00, 9894.03, 7707.38, 9.43%
- Epoch 010, ExpID 27469
Train - Loss: 34884989.30
Val - Loss, MSE, RMSE, MAE, MAPE: 50293840.00, 50293839.00, 6917.72, 5520.56, 7.10%
Test - Best epoch, Loss, MSE, RMSE, MAE, MAPE: 10, 98645104.00, 98645100.00, 9919.31, 7739.31, 9.47%
- Epoch 011, ExpID 27469
Train - Loss: 34422956.40
Val - Loss, MSE, RMSE, MAE, MAPE: 49563048.00, 49563047.00, 6863.12, 5472.09, 7.03%
Test - Best epoch, Loss, MSE, RMSE, MAE, MAPE: 11, 99205488.00, 99205484.00, 9943.93, 7778.03, 9.51%
- Epoch 012, ExpID 27469
Train - Loss: 34129765.90
Val - Loss, MSE, RMSE, MAE, MAPE: 48991928.00, 48991928.00, 6822.46, 5434.38, 6.98%
Test - Best epoch, Loss, MSE, RMSE, MAE, MAPE: 12, 99991912.00, 99991912.00, 9979.14, 7822.41, 9.56%
- Epoch 013, ExpID 27469
Train - Loss: 33930940.20
Val - Loss, MSE, RMSE, MAE, MAPE: 48535216.00, 48535215.00, 6792.98, 5406.97, 6.95%
Test - Best epoch, Loss, MSE, RMSE, MAE, MAPE: 13, 100828512.00, 100828508.00, 10016.33, 7868.57, 9.61%
- Epoch 014, ExpID 27469
Train - Loss: 33460949.80
Val - Loss, MSE, RMSE, MAE, MAPE: 48048344.00, 48048345.00, 6758.71, 5374.15, 6.90%
Test - Best epoch, Loss, MSE, RMSE, MAE, MAPE: 14, 101825096.00, 101825096.00, 10060.66, 7924.26, 9.68%
- Epoch 015, ExpID 27469
Train - Loss: 33227267.20
Val - Loss, MSE, RMSE, MAE, MAPE: 47679648.00, 47679647.00, 6734.43, 5350.59, 6.87%
Test - Best epoch, Loss, MSE, RMSE, MAE, MAPE: 15, 102858832.00, 102858832.00, 10106.56, 7981.58, 9.74%
- Epoch 016, ExpID 27469
Train - Loss: 33047136.70
Val - Loss, MSE, RMSE, MAE, MAPE: 47226540.00, 47226541.00, 6701.58, 5323.24, 6.83%
Test - Best epoch, Loss, MSE, RMSE, MAE, MAPE: 16, 103816800.00, 103816804.00, 10148.42, 8037.00, 9.80%
- Epoch 017, ExpID 27469
Train - Loss: 32850407.20
Val - Loss, MSE, RMSE, MAE, MAPE: 46790596.00, 46790595.00, 6670.16, 5293.51, 6.79%
Test - Best epoch, Loss, MSE, RMSE, MAE, MAPE: 17, 104917296.00, 104917292.00, 10196.18, 8097.92, 9.87%
- Epoch 018, ExpID 27469
Train - Loss: 32648511.90
Val - Loss, MSE, RMSE, MAE, MAPE: 46357076.00, 46357075.00, 6638.41, 5264.69, 6.75%
Test - Best epoch, Loss, MSE, RMSE, MAE, MAPE: 18, 106042304.00, 106042304.00, 10244.56, 8157.32, 9.94%
- Epoch 019, ExpID 27469
Train - Loss: 32493244.60
Val - Loss, MSE, RMSE, MAE, MAPE: 46026900.00, 46026901.00, 6617.00, 5246.13, 6.73%
Test - Best epoch, Loss, MSE, RMSE, MAE, MAPE: 19, 107255976.00, 107255976.00, 10296.65, 8217.90, 10.01%
- Epoch 020, ExpID 27469
Train - Loss: 32249238.50
Val - Loss, MSE, RMSE, MAE, MAPE: 45641640.00, 45641640.00, 6588.98, 5219.59, 6.69%
Test - Best epoch, Loss, MSE, RMSE, MAE, MAPE: 20, 108559344.00, 108559340.00, 10351.89, 8283.60, 10.08%
- Epoch 021, ExpID 27469
Train - Loss: 32059839.60
Val - Loss, MSE, RMSE, MAE, MAPE: 45311844.00, 45311843.00, 6565.09, 5195.95, 6.66%
Test - Best epoch, Loss, MSE, RMSE, MAE, MAPE: 21, 109818608.00, 109818604.00, 10404.84, 8343.65, 10.15%
- Epoch 022, ExpID 27469
Train - Loss: 31895225.90
Val - Loss, MSE, RMSE, MAE, MAPE: 44874324.00, 44874324.00, 6533.27, 5171.83, 6.63%
Test - Best epoch, Loss, MSE, RMSE, MAE, MAPE: 22, 111018896.00, 111018896.00, 10453.96, 8401.55, 10.21%
- Epoch 023, ExpID 27469
Train - Loss: 31669306.90
Val - Loss, MSE, RMSE, MAE, MAPE: 44605792.00, 44605790.00, 6514.78, 5154.05, 6.61%
Test - Best epoch, Loss, MSE, RMSE, MAE, MAPE: 23, 112171016.00, 112171016.00, 10501.32, 8453.76, 10.27%
- Epoch 024, ExpID 27469
Train - Loss: 31591277.30
Val - Loss, MSE, RMSE, MAE, MAPE: 44211800.00, 44211802.00, 6484.47, 5126.89, 6.57%
Test - Best epoch, Loss, MSE, RMSE, MAE, MAPE: 24, 113311968.00, 113311972.00, 10547.21, 8509.65, 10.33%
- Epoch 025, ExpID 27469
Train - Loss: 31314349.70
Val - Loss, MSE, RMSE, MAE, MAPE: 43828576.00, 43828578.00, 6455.01, 5098.07, 6.53%
Test - Best epoch, Loss, MSE, RMSE, MAE, MAPE: 25, 114976808.00, 114976808.00, 10614.28, 8578.25, 10.41%
- Epoch 026, ExpID 27469
Train - Loss: 31259342.60
Val - Loss, MSE, RMSE, MAE, MAPE: 43434208.00, 43434209.00, 6422.58, 5068.61, 6.49%
Test - Best epoch, Loss, MSE, RMSE, MAE, MAPE: 26, 115620912.00, 115620908.00, 10638.38, 8605.88, 10.43%
- Epoch 027, ExpID 27469
Train - Loss: 31032027.30
Val - Loss, MSE, RMSE, MAE, MAPE: 43015864.00, 43015864.00, 6388.77, 5040.99, 6.45%
Test - Best epoch, Loss, MSE, RMSE, MAE, MAPE: 27, 116930344.00, 116930344.00, 10689.79, 8662.35, 10.49%
- Epoch 028, ExpID 27469
Train - Loss: 30947822.40
Val - Loss, MSE, RMSE, MAE, MAPE: 42740336.00, 42740334.00, 6370.21, 5022.50, 6.43%
Test - Best epoch, Loss, MSE, RMSE, MAE, MAPE: 28, 117809104.00, 117809100.00, 10722.82, 8697.49, 10.53%
- Epoch 029, ExpID 27469
Train - Loss: 30905655.00
Val - Loss, MSE, RMSE, MAE, MAPE: 42346912.00, 42346913.00, 6337.50, 4994.83, 6.39%
Test - Best epoch, Loss, MSE, RMSE, MAE, MAPE: 29, 119194176.00, 119194176.00, 10776.62, 8755.56, 10.60%
- Epoch 030, ExpID 27469
Train - Loss: 30722540.90
Val - Loss, MSE, RMSE, MAE, MAPE: 42001240.00, 42001239.00, 6313.26, 4972.14, 6.37%
Test - Best epoch, Loss, MSE, RMSE, MAE, MAPE: 30, 120365184.00, 120365180.00, 10819.98, 8791.48, 10.64%
- Epoch 031, ExpID 27469
Train - Loss: 30487761.30
Val - Loss, MSE, RMSE, MAE, MAPE: 41537384.00, 41537382.00, 6272.75, 4940.33, 6.32%
Test - Best epoch, Loss, MSE, RMSE, MAE, MAPE: 31, 122233464.00, 122233464.00, 10890.66, 8861.31, 10.71%
- Epoch 032, ExpID 27469
Train - Loss: 30433023.20
Val - Loss, MSE, RMSE, MAE, MAPE: 41244172.00, 41244171.00, 6246.05, 4914.27, 6.28%
Test - Best epoch, Loss, MSE, RMSE, MAE, MAPE: 32, 123328832.00, 123328832.00, 10931.80, 8903.22, 10.75%
- Epoch 033, ExpID 27469
Train - Loss: 30230448.30
Val - Loss, MSE, RMSE, MAE, MAPE: 40889544.00, 40889544.00, 6217.71, 4893.28, 6.25%
Test - Best epoch, Loss, MSE, RMSE, MAE, MAPE: 33, 124140384.00, 124140384.00, 10960.83, 8929.37, 10.78%
- Epoch 034, ExpID 27469
Train - Loss: 30187128.30
Val - Loss, MSE, RMSE, MAE, MAPE: 40635280.00, 40635279.00, 6198.05, 4876.57, 6.23%
Test - Best epoch, Loss, MSE, RMSE, MAE, MAPE: 34, 125021424.00, 125021424.00, 10992.39, 8962.31, 10.82%
- Epoch 035, ExpID 27469
Train - Loss: 30091812.90
Val - Loss, MSE, RMSE, MAE, MAPE: 40333856.00, 40333854.00, 6174.74, 4857.56, 6.21%
Test - Best epoch, Loss, MSE, RMSE, MAE, MAPE: 35, 126161464.00, 126161464.00, 11033.20, 8997.43, 10.86%
- Epoch 036, ExpID 27469
Train - Loss: 29883141.30
Val - Loss, MSE, RMSE, MAE, MAPE: 40054936.00, 40054937.00, 6151.50, 4838.61, 6.18%
Test - Best epoch, Loss, MSE, RMSE, MAE, MAPE: 36, 127572768.00, 127572768.00, 11085.07, 9042.75, 10.91%
- Epoch 037, ExpID 27469
Train - Loss: 29893487.70
Val - Loss, MSE, RMSE, MAE, MAPE: 39743296.00, 39743297.00, 6125.60, 4819.83, 6.16%
Test - Best epoch, Loss, MSE, RMSE, MAE, MAPE: 37, 127562536.00, 127562536.00, 11082.34, 9041.12, 10.90%
- Epoch 038, ExpID 27469
Train - Loss: 29801747.20
Val - Loss, MSE, RMSE, MAE, MAPE: 39544584.00, 39544585.00, 6106.39, 4802.20, 6.13%
Test - Best epoch, Loss, MSE, RMSE, MAE, MAPE: 38, 128423144.00, 128423144.00, 11113.65, 9067.00, 10.93%
- Epoch 039, ExpID 27469
Train - Loss: 29756204.10
Val - Loss, MSE, RMSE, MAE, MAPE: 39370216.00, 39370217.00, 6092.48, 4790.56, 6.12%
Test - Best epoch, Loss, MSE, RMSE, MAE, MAPE: 39, 129076976.00, 129076980.00, 11137.09, 9087.11, 10.95%
- Epoch 040, ExpID 27469
Train - Loss: 29823410.20
Val - Loss, MSE, RMSE, MAE, MAPE: 39047584.00, 39047583.00, 6066.63, 4773.15, 6.10%
Test - Best epoch, Loss, MSE, RMSE, MAE, MAPE: 40, 130068080.00, 130068076.00, 11171.13, 9113.88, 10.98%
- Epoch 041, ExpID 27469
Train - Loss: 29620690.20
Val - Loss, MSE, RMSE, MAE, MAPE: 38902536.00, 38902535.00, 6055.50, 4764.70, 6.09%
Test - Best epoch, Loss, MSE, RMSE, MAE, MAPE: 41, 130386288.00, 130386284.00, 11181.12, 9121.64, 10.99%
- Epoch 042, ExpID 27469
Train - Loss: 29517080.10
Val - Loss, MSE, RMSE, MAE, MAPE: 38684272.00, 38684270.00, 6037.26, 4749.73, 6.07%
Test - Best epoch, Loss, MSE, RMSE, MAE, MAPE: 42, 131320608.00, 131320608.00, 11214.65, 9149.42, 11.02%
- Epoch 043, ExpID 27469
Train - Loss: 29291446.00
Val - Loss, MSE, RMSE, MAE, MAPE: 38479856.00, 38479858.00, 6018.97, 4736.21, 6.04%
Test - Best epoch, Loss, MSE, RMSE, MAE, MAPE: 43, 132314480.00, 132314484.00, 11249.88, 9177.39, 11.04%
- Epoch 044, ExpID 27469
Train - Loss: 29281688.40
Val - Loss, MSE, RMSE, MAE, MAPE: 38330728.00, 38330730.00, 6006.60, 4726.14, 6.03%
Test - Best epoch, Loss, MSE, RMSE, MAE, MAPE: 44, 131572272.00, 131572272.00, 11220.72, 9155.57, 11.02%
- Epoch 045, ExpID 27469
Train - Loss: 29321391.40
Val - Loss, MSE, RMSE, MAE, MAPE: 38108912.00, 38108912.00, 5987.65, 4712.78, 6.02%
Test - Best epoch, Loss, MSE, RMSE, MAE, MAPE: 45, 132086360.00, 132086360.00, 11238.58, 9165.64, 11.03%
- Epoch 046, ExpID 27469
Train - Loss: 29029553.50
Val - Loss, MSE, RMSE, MAE, MAPE: 37992576.00, 37992576.00, 5980.37, 4707.25, 6.01%
Test - Best epoch, Loss, MSE, RMSE, MAE, MAPE: 46, 131872112.00, 131872108.00, 11228.65, 9155.50, 11.02%
- Epoch 047, ExpID 27469
Train - Loss: 29043795.00
Val - Loss, MSE, RMSE, MAE, MAPE: 37803396.00, 37803396.00, 5963.94, 4694.84, 5.99%
Test - Best epoch, Loss, MSE, RMSE, MAE, MAPE: 47, 131962568.00, 131962568.00, 11230.34, 9155.01, 11.02%
- Epoch 048, ExpID 27469
Train - Loss: 28955157.20
Val - Loss, MSE, RMSE, MAE, MAPE: 37666584.00, 37666582.00, 5954.86, 4684.51, 5.98%
Test - Best epoch, Loss, MSE, RMSE, MAE, MAPE: 48, 131393120.00, 131393124.00, 11209.16, 9138.56, 11.00%
- Epoch 049, ExpID 27469
Train - Loss: 28974199.80
Val - Loss, MSE, RMSE, MAE, MAPE: 37420072.00, 37420071.00, 5936.02, 4673.50, 5.97%
Test - Best epoch, Loss, MSE, RMSE, MAE, MAPE: 49, 131848192.00, 131848188.00, 11222.59, 9147.35, 11.01%
- Epoch 050, ExpID 27469
Train - Loss: 28827445.80
Val - Loss, MSE, RMSE, MAE, MAPE: 37401168.00, 37401166.00, 5931.19, 4668.35, 5.96%
Test - Best epoch, Loss, MSE, RMSE, MAE, MAPE: 50, 132697616.00, 132697616.00, 11254.67, 9175.47, 11.04%
- Epoch 051, ExpID 27469
Train - Loss: 28672540.70
Val - Loss, MSE, RMSE, MAE, MAPE: 37160616.00, 37160615.00, 5912.72, 4656.98, 5.95%
Test - Best epoch, Loss, MSE, RMSE, MAE, MAPE: 51, 133114992.00, 133114992.00, 11266.86, 9181.71, 11.04%
- Epoch 052, ExpID 27469
Train - Loss: 28765593.20
Val - Loss, MSE, RMSE, MAE, MAPE: 37094056.00, 37094056.00, 5906.61, 4653.91, 5.94%
Test - Best epoch, Loss, MSE, RMSE, MAE, MAPE: 52, 133802864.00, 133802860.00, 11291.44, 9204.14, 11.06%
- Epoch 053, ExpID 27469
Train - Loss: 28594824.10
Val - Loss, MSE, RMSE, MAE, MAPE: 36904240.00, 36904242.00, 5891.59, 4640.93, 5.92%
Test - Best epoch, Loss, MSE, RMSE, MAE, MAPE: 53, 132921824.00, 132921824.00, 11258.54, 9175.24, 11.03%
- Epoch 054, ExpID 27469
Train - Loss: 28545597.70
Val - Loss, MSE, RMSE, MAE, MAPE: 36859216.00, 36859216.00, 5889.61, 4637.02, 5.92%
Test - Best epoch, Loss, MSE, RMSE, MAE, MAPE: 54, 132017584.00, 132017588.00, 11225.54, 9142.49, 10.99%
- Epoch 055, ExpID 27469
Train - Loss: 28585942.50
Val - Loss, MSE, RMSE, MAE, MAPE: 36725376.00, 36725378.00, 5877.88, 4628.05, 5.91%
Test - Best epoch, Loss, MSE, RMSE, MAE, MAPE: 55, 132135344.00, 132135340.00, 11228.83, 9146.34, 11.00%
- Epoch 056, ExpID 27469
Train - Loss: 28378835.80
Val - Loss, MSE, RMSE, MAE, MAPE: 36560688.00, 36560690.00, 5867.53, 4622.21, 5.90%
Test - Best epoch, Loss, MSE, RMSE, MAE, MAPE: 56, 132743600.00, 132743596.00, 11248.27, 9161.07, 11.01%
- Epoch 057, ExpID 27469
Train - Loss: 28468732.70
Val - Loss, MSE, RMSE, MAE, MAPE: 36459888.00, 36459886.00, 5856.45, 4612.21, 5.89%
Test - Best epoch, Loss, MSE, RMSE, MAE, MAPE: 57, 132942512.00, 132942508.00, 11255.65, 9171.48, 11.03%
- Epoch 058, ExpID 27469
Train - Loss: 28185638.00
Val - Loss, MSE, RMSE, MAE, MAPE: 36438096.00, 36438097.00, 5856.96, 4611.44, 5.88%
Test - Best epoch, Loss, MSE, RMSE, MAE, MAPE: 58, 133127296.00, 133127296.00, 11262.68, 9170.51, 11.02%
- Epoch 059, ExpID 27469
Train - Loss: 28274469.60
Val - Loss, MSE, RMSE, MAE, MAPE: 36144952.00, 36144950.00, 5832.65, 4596.36, 5.87%
Test - Best epoch, Loss, MSE, RMSE, MAE, MAPE: 59, 133019136.00, 133019140.00, 11256.25, 9166.91, 11.02%
- Epoch 060, ExpID 27469
Train - Loss: 28210058.70
Val - Loss, MSE, RMSE, MAE, MAPE: 36082668.00, 36082669.00, 5827.86, 4590.71, 5.86%
Test - Best epoch, Loss, MSE, RMSE, MAE, MAPE: 60, 132317776.00, 132317772.00, 11230.94, 9143.39, 10.99%
- Epoch 061, ExpID 27469
Train - Loss: 28161876.50
Val - Loss, MSE, RMSE, MAE, MAPE: 35955924.00, 35955925.00, 5817.36, 4583.04, 5.85%
Test - Best epoch, Loss, MSE, RMSE, MAE, MAPE: 61, 132017760.00, 132017760.00, 11218.87, 9128.50, 10.97%
- Epoch 062, ExpID 27469
Train - Loss: 28087406.60
Val - Loss, MSE, RMSE, MAE, MAPE: 35825824.00, 35825824.00, 5805.43, 4572.63, 5.84%
Test - Best epoch, Loss, MSE, RMSE, MAE, MAPE: 62, 132073360.00, 132073356.00, 11219.85, 9131.67, 10.97%
- Epoch 063, ExpID 27469
Train - Loss: 28121279.30
Val - Loss, MSE, RMSE, MAE, MAPE: 35649656.00, 35649655.00, 5790.73, 4563.88, 5.83%
Test - Best epoch, Loss, MSE, RMSE, MAE, MAPE: 63, 131687736.00, 131687736.00, 11203.25, 9116.19, 10.95%
- Epoch 064, ExpID 27469
Train - Loss: 27993392.50
Val - Loss, MSE, RMSE, MAE, MAPE: 35697560.00, 35697559.00, 5794.12, 4565.18, 5.82%
Test - Best epoch, Loss, MSE, RMSE, MAE, MAPE: 63, 131687736.00, 131687736.00, 11203.25, 9116.19, 10.95%
- Epoch 065, ExpID 27469
Train - Loss: 27931073.70
Val - Loss, MSE, RMSE, MAE, MAPE: 35515188.00, 35515188.00, 5779.22, 4554.45, 5.81%
Test - Best epoch, Loss, MSE, RMSE, MAE, MAPE: 65, 130459056.00, 130459056.00, 11159.13, 9077.67, 10.91%
- Epoch 066, ExpID 27469
Train - Loss: 27767350.60
Val - Loss, MSE, RMSE, MAE, MAPE: 35268288.00, 35268287.00, 5764.87, 4543.01, 5.81%
Test - Best epoch, Loss, MSE, RMSE, MAE, MAPE: 66, 129957360.00, 129957360.00, 11136.74, 9056.32, 10.89%
- Epoch 067, ExpID 27469
Train - Loss: 27720802.20
Val - Loss, MSE, RMSE, MAE, MAPE: 35325412.00, 35325411.00, 5767.60, 4543.44, 5.80%
Test - Best epoch, Loss, MSE, RMSE, MAE, MAPE: 66, 129957360.00, 129957360.00, 11136.74, 9056.32, 10.89%
- Epoch 068, ExpID 27469
Train - Loss: 27709541.20
Val - Loss, MSE, RMSE, MAE, MAPE: 35261544.00, 35261542.00, 5760.23, 4536.52, 5.79%
Test - Best epoch, Loss, MSE, RMSE, MAE, MAPE: 68, 130539760.00, 130539760.00, 11160.30, 9083.62, 10.91%
- Epoch 069, ExpID 27469
Train - Loss: 27640129.70
Val - Loss, MSE, RMSE, MAE, MAPE: 35145664.00, 35145662.00, 5752.94, 4532.70, 5.78%
Test - Best epoch, Loss, MSE, RMSE, MAE, MAPE: 69, 130361456.00, 130361452.00, 11152.70, 9073.23, 10.90%
- Epoch 070, ExpID 27469
Train - Loss: 27538448.50
Val - Loss, MSE, RMSE, MAE, MAPE: 34879532.00, 34879532.00, 5733.19, 4520.53, 5.77%
Test - Best epoch, Loss, MSE, RMSE, MAE, MAPE: 70, 129892184.00, 129892184.00, 11132.85, 9057.87, 10.88%
- Epoch 071, ExpID 27469
Train - Loss: 27503521.30
Val - Loss, MSE, RMSE, MAE, MAPE: 34925084.00, 34925083.00, 5735.99, 4520.19, 5.77%
Test - Best epoch, Loss, MSE, RMSE, MAE, MAPE: 70, 129892184.00, 129892184.00, 11132.85, 9057.87, 10.88%
- Epoch 072, ExpID 27469
Train - Loss: 27547308.80
Val - Loss, MSE, RMSE, MAE, MAPE: 34728412.00, 34728411.00, 5721.64, 4509.97, 5.76%
Test - Best epoch, Loss, MSE, RMSE, MAE, MAPE: 72, 129266784.00, 129266780.00, 11109.88, 9035.40, 10.86%
- Epoch 073, ExpID 27469
Train - Loss: 27277086.70
Val - Loss, MSE, RMSE, MAE, MAPE: 34678072.00, 34678071.00, 5717.16, 4507.26, 5.75%
Test - Best epoch, Loss, MSE, RMSE, MAE, MAPE: 73, 128451840.00, 128451836.00, 11080.99, 9009.43, 10.83%
- Epoch 074, ExpID 27469
Train - Loss: 27291570.70
Val - Loss, MSE, RMSE, MAE, MAPE: 34611860.00, 34611859.00, 5712.11, 4505.15, 5.75%
Test - Best epoch, Loss, MSE, RMSE, MAE, MAPE: 74, 128528032.00, 128528028.00, 11082.58, 9009.09, 10.82%
- Epoch 075, ExpID 27469
Train - Loss: 27137630.90
Val - Loss, MSE, RMSE, MAE, MAPE: 34511624.00, 34511626.00, 5704.63, 4496.07, 5.74%
Test - Best epoch, Loss, MSE, RMSE, MAE, MAPE: 75, 129124720.00, 129124720.00, 11105.12, 9030.70, 10.84%
- Epoch 076, ExpID 27469
Train - Loss: 27199051.30
Val - Loss, MSE, RMSE, MAE, MAPE: 34323848.00, 34323849.00, 5687.39, 4487.72, 5.73%
Test - Best epoch, Loss, MSE, RMSE, MAE, MAPE: 76, 126971168.00, 126971172.00, 11023.68, 8961.16, 10.77%
- Epoch 077, ExpID 27469
Train - Loss: 27117841.60
Val - Loss, MSE, RMSE, MAE, MAPE: 34309024.00, 34309026.00, 5688.20, 4486.99, 5.73%
Test - Best epoch, Loss, MSE, RMSE, MAE, MAPE: 77, 127448800.00, 127448800.00, 11042.06, 8976.62, 10.78%
- Epoch 078, ExpID 27469
Train - Loss: 27060550.90
Val - Loss, MSE, RMSE, MAE, MAPE: 34224312.00, 34224310.00, 5680.70, 4483.70, 5.72%
Test - Best epoch, Loss, MSE, RMSE, MAE, MAPE: 78, 127515504.00, 127515504.00, 11045.00, 8977.74, 10.78%
- Epoch 079, ExpID 27469
Train - Loss: 27009566.40
Val - Loss, MSE, RMSE, MAE, MAPE: 34109728.00, 34109729.00, 5674.54, 4475.29, 5.72%
Test - Best epoch, Loss, MSE, RMSE, MAE, MAPE: 79, 126119136.00, 126119140.00, 10992.16, 8927.03, 10.73%
- Epoch 080, ExpID 27469
Train - Loss: 27020009.20
Val - Loss, MSE, RMSE, MAE, MAPE: 34172576.00, 34172575.00, 5678.86, 4480.56, 5.72%
Test - Best epoch, Loss, MSE, RMSE, MAE, MAPE: 79, 126119136.00, 126119140.00, 10992.16, 8927.03, 10.73%
- Epoch 081, ExpID 27469
Train - Loss: 26783343.30
Val - Loss, MSE, RMSE, MAE, MAPE: 33939968.00, 33939969.00, 5662.47, 4465.04, 5.70%
Test - Best epoch, Loss, MSE, RMSE, MAE, MAPE: 81, 125894688.00, 125894684.00, 10983.25, 8918.32, 10.71%
- Epoch 082, ExpID 27469
Train - Loss: 26856876.10
Val - Loss, MSE, RMSE, MAE, MAPE: 33873072.00, 33873071.00, 5654.92, 4465.19, 5.70%
Test - Best epoch, Loss, MSE, RMSE, MAE, MAPE: 82, 126384800.00, 126384800.00, 11000.55, 8936.63, 10.73%
- Epoch 083, ExpID 27469
Train - Loss: 26686185.60
Val - Loss, MSE, RMSE, MAE, MAPE: 33835196.00, 33835196.00, 5654.49, 4461.21, 5.69%
Test - Best epoch, Loss, MSE, RMSE, MAE, MAPE: 83, 125301952.00, 125301948.00, 10962.63, 8898.51, 10.69%
- Epoch 084, ExpID 27469
Train - Loss: 26562434.90
Val - Loss, MSE, RMSE, MAE, MAPE: 33705408.00, 33705410.00, 5645.34, 4455.24, 5.69%
Test - Best epoch, Loss, MSE, RMSE, MAE, MAPE: 84, 124863624.00, 124863624.00, 10944.92, 8880.19, 10.67%
- Epoch 085, ExpID 27469
Train - Loss: 26638385.90
Val - Loss, MSE, RMSE, MAE, MAPE: 33706464.00, 33706462.00, 5643.25, 4456.10, 5.68%
Test - Best epoch, Loss, MSE, RMSE, MAE, MAPE: 84, 124863624.00, 124863624.00, 10944.92, 8880.19, 10.67%
- Epoch 086, ExpID 27469
Train - Loss: 26610098.50
Val - Loss, MSE, RMSE, MAE, MAPE: 33668984.00, 33668984.00, 5643.41, 4451.10, 5.68%
Test - Best epoch, Loss, MSE, RMSE, MAE, MAPE: 86, 123840432.00, 123840436.00, 10907.72, 8844.27, 10.62%
- Epoch 087, ExpID 27469
Train - Loss: 26395276.40
Val - Loss, MSE, RMSE, MAE, MAPE: 33357992.00, 33357991.00, 5617.00, 4434.74, 5.66%
Test - Best epoch, Loss, MSE, RMSE, MAE, MAPE: 87, 124302256.00, 124302256.00, 10921.68, 8859.91, 10.64%
- Epoch 088, ExpID 27469
Train - Loss: 26424062.40
Val - Loss, MSE, RMSE, MAE, MAPE: 33381158.00, 33381158.00, 5619.42, 4434.07, 5.66%
Test - Best epoch, Loss, MSE, RMSE, MAE, MAPE: 87, 124302256.00, 124302256.00, 10921.68, 8859.91, 10.64%
- Epoch 089, ExpID 27469
Train - Loss: 26454993.10
Val - Loss, MSE, RMSE, MAE, MAPE: 33238300.00, 33238301.00, 5607.96, 4429.41, 5.66%
Test - Best epoch, Loss, MSE, RMSE, MAE, MAPE: 89, 122383120.00, 122383116.00, 10848.67, 8789.82, 10.56%
- Epoch 090, ExpID 27469
Train - Loss: 26364371.50
Val - Loss, MSE, RMSE, MAE, MAPE: 33323748.00, 33323747.00, 5616.26, 4434.13, 5.66%
Test - Best epoch, Loss, MSE, RMSE, MAE, MAPE: 89, 122383120.00, 122383116.00, 10848.67, 8789.82, 10.56%
- Epoch 091, ExpID 27469
Train - Loss: 26237404.20
Val - Loss, MSE, RMSE, MAE, MAPE: 33215162.00, 33215162.00, 5607.54, 4424.98, 5.65%
Test - Best epoch, Loss, MSE, RMSE, MAE, MAPE: 91, 121942720.00, 121942720.00, 10834.55, 8778.68, 10.55%
- Epoch 092, ExpID 27469
Train - Loss: 26251643.70
Val - Loss, MSE, RMSE, MAE, MAPE: 33099590.00, 33099590.00, 5598.01, 4418.26, 5.64%
Test - Best epoch, Loss, MSE, RMSE, MAE, MAPE: 92, 122215144.00, 122215144.00, 10843.09, 8785.68, 10.55%
- Epoch 093, ExpID 27469
Train - Loss: 26172064.60
Val - Loss, MSE, RMSE, MAE, MAPE: 33138624.00, 33138625.00, 5602.85, 4423.36, 5.65%
Test - Best epoch, Loss, MSE, RMSE, MAE, MAPE: 92, 122215144.00, 122215144.00, 10843.09, 8785.68, 10.55%
- Epoch 094, ExpID 27469
Train - Loss: 26087645.90
Val - Loss, MSE, RMSE, MAE, MAPE: 33036594.00, 33036594.00, 5593.81, 4413.13, 5.63%
Test - Best epoch, Loss, MSE, RMSE, MAE, MAPE: 94, 121514464.00, 121514468.00, 10816.76, 8759.35, 10.52%
- Epoch 095, ExpID 27469
Train - Loss: 26016771.00
Val - Loss, MSE, RMSE, MAE, MAPE: 32918152.00, 32918151.00, 5585.47, 4406.07, 5.63%
Test - Best epoch, Loss, MSE, RMSE, MAE, MAPE: 95, 120556448.00, 120556452.00, 10778.03, 8725.98, 10.48%
- Epoch 096, ExpID 27469
Train - Loss: 26127978.10
Val - Loss, MSE, RMSE, MAE, MAPE: 32767228.00, 32767228.00, 5571.74, 4398.16, 5.62%
Test - Best epoch, Loss, MSE, RMSE, MAE, MAPE: 96, 119042944.00, 119042940.00, 10719.42, 8672.06, 10.42%
- Epoch 097, ExpID 27469
Train - Loss: 25866688.70
Val - Loss, MSE, RMSE, MAE, MAPE: 32978386.00, 32978386.00, 5592.44, 4413.47, 5.64%
Test - Best epoch, Loss, MSE, RMSE, MAE, MAPE: 96, 119042944.00, 119042940.00, 10719.42, 8672.06, 10.42%
- Epoch 098, ExpID 27469
Train - Loss: 25910064.00
Val - Loss, MSE, RMSE, MAE, MAPE: 32713188.00, 32713189.00, 5568.56, 4394.65, 5.61%
Test - Best epoch, Loss, MSE, RMSE, MAE, MAPE: 98, 119665312.00, 119665308.00, 10745.57, 8692.38, 10.44%
- Epoch 099, ExpID 27469
Train - Loss: 25859317.80
Val - Loss, MSE, RMSE, MAE, MAPE: 32718160.00, 32718160.00, 5571.31, 4398.66, 5.62%
Test - Best epoch, Loss, MSE, RMSE, MAE, MAPE: 98, 119665312.00, 119665308.00, 10745.57, 8692.38, 10.44%
- Epoch 100, ExpID 27469
Train - Loss: 25816635.50
Val - Loss, MSE, RMSE, MAE, MAPE: 32530866.00, 32530866.00, 5557.46, 4386.89, 5.61%
Test - Best epoch, Loss, MSE, RMSE, MAE, MAPE: 100, 118342896.00, 118342892.00, 10691.31, 8643.40, 10.38%
- Epoch 101, ExpID 27469
Train - Loss: 25754784.30
Val - Loss, MSE, RMSE, MAE, MAPE: 32563700.00, 32563699.00, 5558.09, 4384.92, 5.60%
Test - Best epoch, Loss, MSE, RMSE, MAE, MAPE: 100, 118342896.00, 118342892.00, 10691.31, 8643.40, 10.38%
- Epoch 102, ExpID 27469
Train - Loss: 25710268.50
Val - Loss, MSE, RMSE, MAE, MAPE: 32592214.00, 32592214.00, 5562.00, 4393.63, 5.62%
Test - Best epoch, Loss, MSE, RMSE, MAE, MAPE: 100, 118342896.00, 118342892.00, 10691.31, 8643.40, 10.38%
- Epoch 103, ExpID 27469
Train - Loss: 25621506.30
Val - Loss, MSE, RMSE, MAE, MAPE: 32492944.00, 32492945.00, 5554.59, 4382.50, 5.60%
Test - Best epoch, Loss, MSE, RMSE, MAE, MAPE: 103, 117565744.00, 117565744.00, 10662.10, 8608.84, 10.34%
- Epoch 104, ExpID 27469
Train - Loss: 25532837.80
Val - Loss, MSE, RMSE, MAE, MAPE: 32346268.00, 32346269.00, 5541.79, 4377.58, 5.60%
Test - Best epoch, Loss, MSE, RMSE, MAE, MAPE: 104, 116459864.00, 116459864.00, 10615.53, 8568.81, 10.30%
- Epoch 105, ExpID 27469
Train - Loss: 25532285.00
Val - Loss, MSE, RMSE, MAE, MAPE: 32293890.00, 32293890.00, 5537.77, 4371.54, 5.58%
Test - Best epoch, Loss, MSE, RMSE, MAE, MAPE: 105, 116770368.00, 116770364.00, 10628.01, 8580.17, 10.30%
- Epoch 106, ExpID 27469
Train - Loss: 25422062.10
Val - Loss, MSE, RMSE, MAE, MAPE: 32330936.00, 32330936.00, 5542.24, 4376.92, 5.59%
Test - Best epoch, Loss, MSE, RMSE, MAE, MAPE: 105, 116770368.00, 116770364.00, 10628.01, 8580.17, 10.30%
- Epoch 107, ExpID 27469
Train - Loss: 25499464.30
Val - Loss, MSE, RMSE, MAE, MAPE: 32118676.00, 32118677.00, 5527.03, 4361.74, 5.57%
Test - Best epoch, Loss, MSE, RMSE, MAE, MAPE: 107, 115661024.00, 115661024.00, 10582.69, 8531.13, 10.25%
- Epoch 108, ExpID 27469
Train - Loss: 25268396.70
Val - Loss, MSE, RMSE, MAE, MAPE: 32249308.00, 32249309.00, 5535.04, 4369.95, 5.58%
Test - Best epoch, Loss, MSE, RMSE, MAE, MAPE: 107, 115661024.00, 115661024.00, 10582.69, 8531.13, 10.25%
- Epoch 109, ExpID 27469
Train - Loss: 25306660.50
Val - Loss, MSE, RMSE, MAE, MAPE: 32163726.00, 32163726.00, 5529.54, 4366.48, 5.58%
Test - Best epoch, Loss, MSE, RMSE, MAE, MAPE: 107, 115661024.00, 115661024.00, 10582.69, 8531.13, 10.25%
- Epoch 110, ExpID 27469
Train - Loss: 25180367.20
Val - Loss, MSE, RMSE, MAE, MAPE: 32174996.00, 32174996.00, 5529.97, 4365.35, 5.58%
Test - Best epoch, Loss, MSE, RMSE, MAE, MAPE: 107, 115661024.00, 115661024.00, 10582.69, 8531.13, 10.25%
- Epoch 111, ExpID 27469
Train - Loss: 25295350.70
Val - Loss, MSE, RMSE, MAE, MAPE: 31921036.00, 31921037.00, 5510.70, 4352.95, 5.57%
Test - Best epoch, Loss, MSE, RMSE, MAE, MAPE: 111, 113353136.00, 113353136.00, 10491.43, 8448.23, 10.16%
- Epoch 112, ExpID 27469
Train - Loss: 25079503.00
Val - Loss, MSE, RMSE, MAE, MAPE: 31923326.00, 31923326.00, 5511.98, 4353.08, 5.56%
Test - Best epoch, Loss, MSE, RMSE, MAE, MAPE: 111, 113353136.00, 113353136.00, 10491.43, 8448.23, 10.16%
- Epoch 113, ExpID 27469
Train - Loss: 25041932.90
Val - Loss, MSE, RMSE, MAE, MAPE: 31891642.00, 31891642.00, 5509.60, 4350.71, 5.56%
Test - Best epoch, Loss, MSE, RMSE, MAE, MAPE: 113, 112977728.00, 112977732.00, 10477.19, 8432.23, 10.14%
- Epoch 114, ExpID 27469
Train - Loss: 25232931.50
Val - Loss, MSE, RMSE, MAE, MAPE: 31863524.00, 31863525.00, 5508.07, 4352.56, 5.57%
Test - Best epoch, Loss, MSE, RMSE, MAE, MAPE: 114, 112622752.00, 112622752.00, 10462.57, 8420.05, 10.13%
- Epoch 115, ExpID 27469
Train - Loss: 25001569.70
Val - Loss, MSE, RMSE, MAE, MAPE: 31845896.00, 31845897.00, 5505.07, 4342.24, 5.54%
Test - Best epoch, Loss, MSE, RMSE, MAE, MAPE: 115, 112949576.00, 112949576.00, 10476.00, 8430.04, 10.12%
- Epoch 116, ExpID 27469
Train - Loss: 24934868.80
Val - Loss, MSE, RMSE, MAE, MAPE: 31737172.00, 31737172.00, 5499.58, 4342.61, 5.56%
Test - Best epoch, Loss, MSE, RMSE, MAE, MAPE: 116, 111658752.00, 111658752.00, 10423.71, 8379.43, 10.07%
- Epoch 117, ExpID 27469
Train - Loss: 24852697.80
Val - Loss, MSE, RMSE, MAE, MAPE: 31707360.00, 31707361.00, 5496.38, 4339.99, 5.55%
Test - Best epoch, Loss, MSE, RMSE, MAE, MAPE: 117, 112801776.00, 112801776.00, 10469.88, 8423.91, 10.12%
- Epoch 118, ExpID 27469
Train - Loss: 24840172.60
Val - Loss, MSE, RMSE, MAE, MAPE: 31679900.00, 31679901.00, 5494.35, 4341.63, 5.55%
Test - Best epoch, Loss, MSE, RMSE, MAE, MAPE: 118, 112235040.00, 112235044.00, 10446.78, 8403.01, 10.10%
- Epoch 119, ExpID 27469
Train - Loss: 24922634.80
Val - Loss, MSE, RMSE, MAE, MAPE: 31813136.00, 31813136.00, 5504.83, 4344.79, 5.55%
Test - Best epoch, Loss, MSE, RMSE, MAE, MAPE: 118, 112235040.00, 112235044.00, 10446.78, 8403.01, 10.10%
- Epoch 120, ExpID 27469
Train - Loss: 24648278.90
Val - Loss, MSE, RMSE, MAE, MAPE: 31494856.00, 31494857.00, 5481.06, 4331.16, 5.54%
Test - Best epoch, Loss, MSE, RMSE, MAE, MAPE: 120, 110784560.00, 110784560.00, 10387.47, 8346.76, 10.04%
- Epoch 121, ExpID 27469
Train - Loss: 24744451.40
Val - Loss, MSE, RMSE, MAE, MAPE: 31652004.00, 31652003.00, 5494.98, 4336.10, 5.54%
Test - Best epoch, Loss, MSE, RMSE, MAE, MAPE: 120, 110784560.00, 110784560.00, 10387.47, 8346.76, 10.04%
- Epoch 122, ExpID 27469
Train - Loss: 24658893.70
Val - Loss, MSE, RMSE, MAE, MAPE: 31564434.00, 31564434.00, 5488.18, 4332.63, 5.54%
Test - Best epoch, Loss, MSE, RMSE, MAE, MAPE: 120, 110784560.00, 110784560.00, 10387.47, 8346.76, 10.04%
- Epoch 123, ExpID 27469
Train - Loss: 24642769.70
Val - Loss, MSE, RMSE, MAE, MAPE: 31540708.00, 31540709.00, 5485.33, 4332.73, 5.54%
Test - Best epoch, Loss, MSE, RMSE, MAE, MAPE: 120, 110784560.00, 110784560.00, 10387.47, 8346.76, 10.04%
- Epoch 124, ExpID 27469
Train - Loss: 24553436.40
Val - Loss, MSE, RMSE, MAE, MAPE: 31394420.00, 31394419.00, 5474.47, 4324.35, 5.53%
Test - Best epoch, Loss, MSE, RMSE, MAE, MAPE: 124, 109866128.00, 109866132.00, 10347.14, 8312.87, 9.99%
- Epoch 125, ExpID 27469
Train - Loss: 24653598.30
Val - Loss, MSE, RMSE, MAE, MAPE: 31505836.00, 31505835.00, 5487.18, 4330.80, 5.54%
Test - Best epoch, Loss, MSE, RMSE, MAE, MAPE: 124, 109866128.00, 109866132.00, 10347.14, 8312.87, 9.99%
- Epoch 126, ExpID 27469
Train - Loss: 24338332.80
Val - Loss, MSE, RMSE, MAE, MAPE: 31201886.00, 31201886.00, 5459.80, 4312.45, 5.52%
Test - Best epoch, Loss, MSE, RMSE, MAE, MAPE: 126, 109452544.00, 109452548.00, 10330.65, 8293.73, 9.97%
- Epoch 127, ExpID 27469
Train - Loss: 24367966.90
Val - Loss, MSE, RMSE, MAE, MAPE: 31423400.00, 31423400.00, 5479.09, 4324.69, 5.53%
Test - Best epoch, Loss, MSE, RMSE, MAE, MAPE: 126, 109452544.00, 109452548.00, 10330.65, 8293.73, 9.97%
- Epoch 128, ExpID 27469
Train - Loss: 24233904.60
Val - Loss, MSE, RMSE, MAE, MAPE: 31154908.00, 31154908.00, 5458.81, 4313.10, 5.53%
Test - Best epoch, Loss, MSE, RMSE, MAE, MAPE: 128, 108078808.00, 108078808.00, 10273.08, 8239.33, 9.91%
- Epoch 129, ExpID 27469
Train - Loss: 24438068.10
Val - Loss, MSE, RMSE, MAE, MAPE: 31364478.00, 31364478.00, 5474.99, 4320.69, 5.52%
Test - Best epoch, Loss, MSE, RMSE, MAE, MAPE: 128, 108078808.00, 108078808.00, 10273.08, 8239.33, 9.91%
- Epoch 130, ExpID 27469
Train - Loss: 24390918.50
Val - Loss, MSE, RMSE, MAE, MAPE: 31259520.00, 31259519.00, 5467.88, 4318.26, 5.53%
Test - Best epoch, Loss, MSE, RMSE, MAE, MAPE: 128, 108078808.00, 108078808.00, 10273.08, 8239.33, 9.91%
- Epoch 131, ExpID 27469
Train - Loss: 24254703.70
Val - Loss, MSE, RMSE, MAE, MAPE: 31235692.00, 31235692.00, 5465.95, 4317.26, 5.52%
Test - Best epoch, Loss, MSE, RMSE, MAE, MAPE: 128, 108078808.00, 108078808.00, 10273.08, 8239.33, 9.91%
- Epoch 132, ExpID 27469
Train - Loss: 24321701.40
Val - Loss, MSE, RMSE, MAE, MAPE: 31011168.00, 31011168.00, 5447.28, 4304.36, 5.51%
Test - Best epoch, Loss, MSE, RMSE, MAE, MAPE: 132, 106648600.00, 106648600.00, 10211.38, 8181.05, 9.84%
- Epoch 133, ExpID 27469
Train - Loss: 24205518.80
Val - Loss, MSE, RMSE, MAE, MAPE: 31070662.00, 31070662.00, 5451.75, 4302.47, 5.50%
Test - Best epoch, Loss, MSE, RMSE, MAE, MAPE: 132, 106648600.00, 106648600.00, 10211.38, 8181.05, 9.84%
- Epoch 134, ExpID 27469
Train - Loss: 24204085.30
Val - Loss, MSE, RMSE, MAE, MAPE: 30885564.00, 30885564.00, 5436.49, 4299.08, 5.51%
Test - Best epoch, Loss, MSE, RMSE, MAE, MAPE: 134, 105477608.00, 105477608.00, 10161.59, 8130.91, 9.79%
- Epoch 135, ExpID 27469
Train - Loss: 24154940.60
Val - Loss, MSE, RMSE, MAE, MAPE: 30873572.00, 30873572.00, 5437.44, 4299.85, 5.51%
Test - Best epoch, Loss, MSE, RMSE, MAE, MAPE: 135, 105590128.00, 105590124.00, 10165.68, 8132.57, 9.78%
- Epoch 136, ExpID 27469
Train - Loss: 24144933.30
Val - Loss, MSE, RMSE, MAE, MAPE: 31101096.00, 31101095.00, 5459.03, 4308.06, 5.51%
Test - Best epoch, Loss, MSE, RMSE, MAE, MAPE: 135, 105590128.00, 105590124.00, 10165.68, 8132.57, 9.78%
- Epoch 137, ExpID 27469
Train - Loss: 24226377.90
Val - Loss, MSE, RMSE, MAE, MAPE: 30919706.00, 30919706.00, 5440.42, 4298.33, 5.51%
Test - Best epoch, Loss, MSE, RMSE, MAE, MAPE: 135, 105590128.00, 105590124.00, 10165.68, 8132.57, 9.78%
- Epoch 138, ExpID 27469
Train - Loss: 24105305.10
Val - Loss, MSE, RMSE, MAE, MAPE: 30768392.00, 30768393.00, 5431.53, 4292.46, 5.50%
Test - Best epoch, Loss, MSE, RMSE, MAE, MAPE: 138, 105535320.00, 105535320.00, 10160.99, 8129.64, 9.78%
- Epoch 139, ExpID 27469
Train - Loss: 23973032.70
Val - Loss, MSE, RMSE, MAE, MAPE: 30781076.00, 30781077.00, 5431.24, 4288.35, 5.49%
Test - Best epoch, Loss, MSE, RMSE, MAE, MAPE: 138, 105535320.00, 105535320.00, 10160.99, 8129.64, 9.78%
- Epoch 140, ExpID 27469
Train - Loss: 24014668.80
Val - Loss, MSE, RMSE, MAE, MAPE: 30954404.00, 30954404.00, 5445.46, 4294.34, 5.49%
Test - Best epoch, Loss, MSE, RMSE, MAE, MAPE: 138, 105535320.00, 105535320.00, 10160.99, 8129.64, 9.78%
- Epoch 141, ExpID 27469
Train - Loss: 23915334.60
Val - Loss, MSE, RMSE, MAE, MAPE: 30706608.00, 30706608.00, 5426.02, 4284.82, 5.49%
Test - Best epoch, Loss, MSE, RMSE, MAE, MAPE: 141, 104052776.00, 104052776.00, 10099.58, 8071.33, 9.71%
- Epoch 142, ExpID 27469
Train - Loss: 23924430.50
Val - Loss, MSE, RMSE, MAE, MAPE: 30728224.00, 30728223.00, 5429.50, 4287.53, 5.49%
Test - Best epoch, Loss, MSE, RMSE, MAE, MAPE: 141, 104052776.00, 104052776.00, 10099.58, 8071.33, 9.71%
- Epoch 143, ExpID 27469
Train - Loss: 23699092.00
Val - Loss, MSE, RMSE, MAE, MAPE: 30795682.00, 30795682.00, 5436.57, 4298.44, 5.51%
Test - Best epoch, Loss, MSE, RMSE, MAE, MAPE: 141, 104052776.00, 104052776.00, 10099.58, 8071.33, 9.71%
- Epoch 144, ExpID 27469
Train - Loss: 23827527.90
Val - Loss, MSE, RMSE, MAE, MAPE: 30670484.00, 30670485.00, 5424.49, 4284.65, 5.48%
Test - Best epoch, Loss, MSE, RMSE, MAE, MAPE: 144, 103669104.00, 103669104.00, 10083.13, 8058.28, 9.69%
- Epoch 145, ExpID 27469
Train - Loss: 23611497.40
Val - Loss, MSE, RMSE, MAE, MAPE: 30652052.00, 30652051.00, 5421.50, 4284.16, 5.49%
Test - Best epoch, Loss, MSE, RMSE, MAE, MAPE: 145, 102664944.00, 102664940.00, 10039.04, 8012.29, 9.64%
- Epoch 146, ExpID 27469
Train - Loss: 23622187.30
Val - Loss, MSE, RMSE, MAE, MAPE: 30522056.00, 30522057.00, 5411.70, 4277.89, 5.48%
Test - Best epoch, Loss, MSE, RMSE, MAE, MAPE: 146, 102700920.00, 102700920.00, 10038.13, 8014.56, 9.64%
- Epoch 147, ExpID 27469
Train - Loss: 23635148.90
Val - Loss, MSE, RMSE, MAE, MAPE: 30317544.00, 30317543.00, 5394.58, 4254.96, 5.45%
Test - Best epoch, Loss, MSE, RMSE, MAE, MAPE: 147, 102655584.00, 102655584.00, 10037.00, 8010.77, 9.63%
- Epoch 148, ExpID 27469
Train - Loss: 23670875.80
Val - Loss, MSE, RMSE, MAE, MAPE: 30522116.00, 30522115.00, 5413.14, 4274.20, 5.48%
Test - Best epoch, Loss, MSE, RMSE, MAE, MAPE: 147, 102655584.00, 102655584.00, 10037.00, 8010.77, 9.63%
- Epoch 149, ExpID 27469
Train - Loss: 23399851.50
Val - Loss, MSE, RMSE, MAE, MAPE: 30409480.00, 30409480.00, 5402.63, 4266.88, 5.47%
Test - Best epoch, Loss, MSE, RMSE, MAE, MAPE: 147, 102655584.00, 102655584.00, 10037.00, 8010.77, 9.63%
- Epoch 150, ExpID 27469
Train - Loss: 23472203.40
Val - Loss, MSE, RMSE, MAE, MAPE: 30383158.00, 30383158.00, 5401.11, 4262.96, 5.45%
Test - Best epoch, Loss, MSE, RMSE, MAE, MAPE: 147, 102655584.00, 102655584.00, 10037.00, 8010.77, 9.63%
- Epoch 151, ExpID 27469
Train - Loss: 23608155.40
Val - Loss, MSE, RMSE, MAE, MAPE: 30363776.00, 30363776.00, 5397.49, 4263.93, 5.47%
Test - Best epoch, Loss, MSE, RMSE, MAE, MAPE: 147, 102655584.00, 102655584.00, 10037.00, 8010.77, 9.63%
- Epoch 152, ExpID 27469
Train - Loss: 23563546.50
Val - Loss, MSE, RMSE, MAE, MAPE: 30349984.00, 30349983.00, 5398.50, 4267.70, 5.47%
Test - Best epoch, Loss, MSE, RMSE, MAE, MAPE: 147, 102655584.00, 102655584.00, 10037.00, 8010.77, 9.63%
- Epoch 153, ExpID 27469
Train - Loss: 23381789.20
Val - Loss, MSE, RMSE, MAE, MAPE: 30423106.00, 30423106.00, 5404.44, 4264.30, 5.46%
Test - Best epoch, Loss, MSE, RMSE, MAE, MAPE: 147, 102655584.00, 102655584.00, 10037.00, 8010.77, 9.63%
- Epoch 154, ExpID 27469
Train - Loss: 23297785.20
Val - Loss, MSE, RMSE, MAE, MAPE: 30196632.00, 30196631.00, 5387.25, 4257.95, 5.47%
Test - Best epoch, Loss, MSE, RMSE, MAE, MAPE: 154, 100135008.00, 100135012.00, 9927.17, 7896.17, 9.52%
- Epoch 155, ExpID 27469
Train - Loss: 23302108.20
Val - Loss, MSE, RMSE, MAE, MAPE: 30338152.00, 30338153.00, 5398.95, 4262.01, 5.45%
Test - Best epoch, Loss, MSE, RMSE, MAE, MAPE: 154, 100135008.00, 100135012.00, 9927.17, 7896.17, 9.52%
- Epoch 156, ExpID 27469
Train - Loss: 23213495.70
Val - Loss, MSE, RMSE, MAE, MAPE: 30232942.00, 30232942.00, 5388.36, 4255.01, 5.45%
Test - Best epoch, Loss, MSE, RMSE, MAE, MAPE: 154, 100135008.00, 100135012.00, 9927.17, 7896.17, 9.52%
- Epoch 157, ExpID 27469
Train - Loss: 23336736.70
Val - Loss, MSE, RMSE, MAE, MAPE: 30071640.00, 30071640.00, 5377.60, 4246.62, 5.44%
Test - Best epoch, Loss, MSE, RMSE, MAE, MAPE: 157, 100432056.00, 100432056.00, 9937.20, 7910.48, 9.52%
- Epoch 158, ExpID 27469
Train - Loss: 23335765.20
Val - Loss, MSE, RMSE, MAE, MAPE: 30041640.00, 30041640.00, 5374.28, 4240.99, 5.43%
Test - Best epoch, Loss, MSE, RMSE, MAE, MAPE: 158, 99732504.00, 99732504.00, 9907.53, 7875.64, 9.48%
- Epoch 159, ExpID 27469
Train - Loss: 23245751.50
Val - Loss, MSE, RMSE, MAE, MAPE: 30293088.00, 30293088.00, 5396.87, 4257.75, 5.45%
Test - Best epoch, Loss, MSE, RMSE, MAE, MAPE: 158, 99732504.00, 99732504.00, 9907.53, 7875.64, 9.48%
- Epoch 160, ExpID 27469
Train - Loss: 23370286.40
Val - Loss, MSE, RMSE, MAE, MAPE: 30003838.00, 30003838.00, 5372.01, 4240.48, 5.44%
Test - Best epoch, Loss, MSE, RMSE, MAE, MAPE: 160, 98403720.00, 98403720.00, 9848.34, 7812.65, 9.42%
- Epoch 161, ExpID 27469
Train - Loss: 23203557.10
Val - Loss, MSE, RMSE, MAE, MAPE: 30009988.00, 30009987.00, 5371.21, 4243.95, 5.45%
Test - Best epoch, Loss, MSE, RMSE, MAE, MAPE: 160, 98403720.00, 98403720.00, 9848.34, 7812.65, 9.42%
- Epoch 162, ExpID 27469
Train - Loss: 23238117.30
Val - Loss, MSE, RMSE, MAE, MAPE: 29970590.00, 29970590.00, 5367.66, 4234.43, 5.42%
Test - Best epoch, Loss, MSE, RMSE, MAE, MAPE: 162, 98300656.00, 98300652.00, 9843.05, 7813.12, 9.40%
- Epoch 163, ExpID 27469
Train - Loss: 23038602.00
Val - Loss, MSE, RMSE, MAE, MAPE: 29968720.00, 29968720.00, 5371.39, 4244.60, 5.45%
Test - Best epoch, Loss, MSE, RMSE, MAE, MAPE: 163, 98154216.00, 98154216.00, 9836.11, 7803.84, 9.41%
- Epoch 164, ExpID 27469
Train - Loss: 22879344.10
Val - Loss, MSE, RMSE, MAE, MAPE: 29732292.00, 29732292.00, 5345.09, 4220.55, 5.41%
Test - Best epoch, Loss, MSE, RMSE, MAE, MAPE: 164, 98291968.00, 98291968.00, 9838.12, 7811.08, 9.40%
- Epoch 165, ExpID 27469
Train - Loss: 23024157.30
Val - Loss, MSE, RMSE, MAE, MAPE: 29804794.00, 29804794.00, 5354.44, 4227.37, 5.42%
Test - Best epoch, Loss, MSE, RMSE, MAE, MAPE: 164, 98291968.00, 98291968.00, 9838.12, 7811.08, 9.40%
- Epoch 166, ExpID 27469
Train - Loss: 23072698.50
Val - Loss, MSE, RMSE, MAE, MAPE: 29829962.00, 29829962.00, 5358.29, 4227.27, 5.42%
Test - Best epoch, Loss, MSE, RMSE, MAE, MAPE: 164, 98291968.00, 98291968.00, 9838.12, 7811.08, 9.40%
- Epoch 167, ExpID 27469
Train - Loss: 22865622.80
Val - Loss, MSE, RMSE, MAE, MAPE: 29841736.00, 29841737.00, 5359.36, 4228.53, 5.42%
Test - Best epoch, Loss, MSE, RMSE, MAE, MAPE: 164, 98291968.00, 98291968.00, 9838.12, 7811.08, 9.40%
- Epoch 168, ExpID 27469
Train - Loss: 22966007.30
Val - Loss, MSE, RMSE, MAE, MAPE: 29638668.00, 29638669.00, 5339.64, 4214.76, 5.40%
Test - Best epoch, Loss, MSE, RMSE, MAE, MAPE: 168, 96947184.00, 96947180.00, 9779.85, 7742.92, 9.33%
- Epoch 169, ExpID 27469
Train - Loss: 23011506.70
Val - Loss, MSE, RMSE, MAE, MAPE: 29602428.00, 29602428.00, 5337.67, 4212.12, 5.40%
Test - Best epoch, Loss, MSE, RMSE, MAE, MAPE: 169, 96844096.00, 96844100.00, 9775.66, 7738.51, 9.32%
- Epoch 170, ExpID 27469
Train - Loss: 22837229.90
Val - Loss, MSE, RMSE, MAE, MAPE: 29524716.00, 29524716.00, 5331.94, 4206.14, 5.40%
Test - Best epoch, Loss, MSE, RMSE, MAE, MAPE: 170, 96896432.00, 96896428.00, 9777.29, 7738.56, 9.33%
- Epoch 171, ExpID 27469
Train - Loss: 22827415.90
Val - Loss, MSE, RMSE, MAE, MAPE: 29647624.00, 29647625.00, 5338.29, 4214.64, 5.40%
Test - Best epoch, Loss, MSE, RMSE, MAE, MAPE: 170, 96896432.00, 96896428.00, 9777.29, 7738.56, 9.33%
- Epoch 172, ExpID 27469
Train - Loss: 22680416.00
Val - Loss, MSE, RMSE, MAE, MAPE: 29557924.00, 29557925.00, 5333.61, 4210.47, 5.40%
Test - Best epoch, Loss, MSE, RMSE, MAE, MAPE: 170, 96896432.00, 96896428.00, 9777.29, 7738.56, 9.33%
- Epoch 173, ExpID 27469
Train - Loss: 22707438.40
Val - Loss, MSE, RMSE, MAE, MAPE: 29576624.00, 29576625.00, 5331.49, 4207.40, 5.39%
Test - Best epoch, Loss, MSE, RMSE, MAE, MAPE: 170, 96896432.00, 96896428.00, 9777.29, 7738.56, 9.33%
- Epoch 174, ExpID 27469
Train - Loss: 22855998.30
Val - Loss, MSE, RMSE, MAE, MAPE: 29482496.00, 29482497.00, 5322.12, 4203.80, 5.39%
Test - Best epoch, Loss, MSE, RMSE, MAE, MAPE: 174, 96550640.00, 96550640.00, 9763.80, 7731.53, 9.31%
- Epoch 175, ExpID 27469
Train - Loss: 22690971.50
Val - Loss, MSE, RMSE, MAE, MAPE: 29587356.00, 29587356.00, 5334.06, 4207.00, 5.39%
Test - Best epoch, Loss, MSE, RMSE, MAE, MAPE: 174, 96550640.00, 96550640.00, 9763.80, 7731.53, 9.31%
- Epoch 176, ExpID 27469
Train - Loss: 22651928.20
Val - Loss, MSE, RMSE, MAE, MAPE: 29420966.00, 29420966.00, 5318.96, 4197.83, 5.39%
Test - Best epoch, Loss, MSE, RMSE, MAE, MAPE: 176, 96008480.00, 96008480.00, 9739.05, 7701.89, 9.28%
- Epoch 177, ExpID 27469
Train - Loss: 22620641.50
Val - Loss, MSE, RMSE, MAE, MAPE: 29481584.00, 29481583.00, 5328.74, 4201.09, 5.39%
Test - Best epoch, Loss, MSE, RMSE, MAE, MAPE: 176, 96008480.00, 96008480.00, 9739.05, 7701.89, 9.28%
- Epoch 178, ExpID 27469
Train - Loss: 22607942.80
Val - Loss, MSE, RMSE, MAE, MAPE: 29495824.00, 29495824.00, 5325.75, 4201.42, 5.39%
Test - Best epoch, Loss, MSE, RMSE, MAE, MAPE: 176, 96008480.00, 96008480.00, 9739.05, 7701.89, 9.28%
- Epoch 179, ExpID 27469
Train - Loss: 22603080.80
Val - Loss, MSE, RMSE, MAE, MAPE: 29473202.00, 29473202.00, 5324.58, 4204.91, 5.40%
Test - Best epoch, Loss, MSE, RMSE, MAE, MAPE: 176, 96008480.00, 96008480.00, 9739.05, 7701.89, 9.28%
- Epoch 180, ExpID 27469
Train - Loss: 22519724.50
Val - Loss, MSE, RMSE, MAE, MAPE: 29264628.00, 29264629.00, 5308.90, 4186.96, 5.37%
Test - Best epoch, Loss, MSE, RMSE, MAE, MAPE: 180, 95568976.00, 95568980.00, 9715.52, 7674.25, 9.25%
- Epoch 181, ExpID 27469
Train - Loss: 22739241.90
Val - Loss, MSE, RMSE, MAE, MAPE: 29120020.00, 29120020.00, 5295.57, 4175.23, 5.36%
Test - Best epoch, Loss, MSE, RMSE, MAE, MAPE: 181, 94551392.00, 94551388.00, 9665.57, 7624.84, 9.19%
- Epoch 182, ExpID 27469
Train - Loss: 22437265.70
Val - Loss, MSE, RMSE, MAE, MAPE: 29205448.00, 29205449.00, 5302.10, 4180.49, 5.36%
Test - Best epoch, Loss, MSE, RMSE, MAE, MAPE: 181, 94551392.00, 94551388.00, 9665.57, 7624.84, 9.19%
- Epoch 183, ExpID 27469
Train - Loss: 22555912.50
Val - Loss, MSE, RMSE, MAE, MAPE: 29041124.00, 29041123.00, 5287.16, 4172.37, 5.36%
Test - Best epoch, Loss, MSE, RMSE, MAE, MAPE: 183, 94557696.00, 94557700.00, 9665.50, 7621.07, 9.19%
- Epoch 184, ExpID 27469
Train - Loss: 22594551.00
Val - Loss, MSE, RMSE, MAE, MAPE: 29135274.00, 29135274.00, 5294.46, 4175.68, 5.36%
Test - Best epoch, Loss, MSE, RMSE, MAE, MAPE: 183, 94557696.00, 94557700.00, 9665.50, 7621.07, 9.19%
- Epoch 185, ExpID 27469
Train - Loss: 22522716.60
Val - Loss, MSE, RMSE, MAE, MAPE: 29330728.00, 29330727.00, 5315.69, 4193.08, 5.39%
Test - Best epoch, Loss, MSE, RMSE, MAE, MAPE: 183, 94557696.00, 94557700.00, 9665.50, 7621.07, 9.19%
- Epoch 186, ExpID 27469
Train - Loss: 22464211.50
Val - Loss, MSE, RMSE, MAE, MAPE: 29149734.00, 29149734.00, 5300.47, 4178.17, 5.36%
Test - Best epoch, Loss, MSE, RMSE, MAE, MAPE: 183, 94557696.00, 94557700.00, 9665.50, 7621.07, 9.19%
- Epoch 187, ExpID 27469
Train - Loss: 22316272.40
Val - Loss, MSE, RMSE, MAE, MAPE: 29271402.00, 29271402.00, 5308.18, 4186.57, 5.37%
Test - Best epoch, Loss, MSE, RMSE, MAE, MAPE: 183, 94557696.00, 94557700.00, 9665.50, 7621.07, 9.19%
- Epoch 188, ExpID 27469
Train - Loss: 22395816.70
Val - Loss, MSE, RMSE, MAE, MAPE: 29243680.00, 29243681.00, 5303.98, 4182.53, 5.36%
Test - Best epoch, Loss, MSE, RMSE, MAE, MAPE: 183, 94557696.00, 94557700.00, 9665.50, 7621.07, 9.19%
- Epoch 189, ExpID 27469
Train - Loss: 22232053.60
Val - Loss, MSE, RMSE, MAE, MAPE: 28913868.00, 28913869.00, 5278.09, 4162.98, 5.35%
Test - Best epoch, Loss, MSE, RMSE, MAE, MAPE: 189, 93474784.00, 93474788.00, 9613.93, 7561.93, 9.13%
- Epoch 190, ExpID 27469
Train - Loss: 22379456.80
Val - Loss, MSE, RMSE, MAE, MAPE: 29015662.00, 29015662.00, 5285.43, 4170.91, 5.35%
Test - Best epoch, Loss, MSE, RMSE, MAE, MAPE: 189, 93474784.00, 93474788.00, 9613.93, 7561.93, 9.13%
- Epoch 191, ExpID 27469
Train - Loss: 22439564.20
Val - Loss, MSE, RMSE, MAE, MAPE: 29096344.00, 29096345.00, 5293.67, 4173.42, 5.35%
Test - Best epoch, Loss, MSE, RMSE, MAE, MAPE: 189, 93474784.00, 93474788.00, 9613.93, 7561.93, 9.13%
- Epoch 192, ExpID 27469
Train - Loss: 22293990.80
Val - Loss, MSE, RMSE, MAE, MAPE: 29042472.00, 29042471.00, 5291.90, 4174.37, 5.36%
Test - Best epoch, Loss, MSE, RMSE, MAE, MAPE: 189, 93474784.00, 93474788.00, 9613.93, 7561.93, 9.13%
- Epoch 193, ExpID 27469
Train - Loss: 22174265.60
Val - Loss, MSE, RMSE, MAE, MAPE: 29024528.00, 29024529.00, 5286.47, 4164.68, 5.34%
Test - Best epoch, Loss, MSE, RMSE, MAE, MAPE: 189, 93474784.00, 93474788.00, 9613.93, 7561.93, 9.13%
- Epoch 194, ExpID 27469
Train - Loss: 22163940.80
Val - Loss, MSE, RMSE, MAE, MAPE: 28905892.00, 28905891.00, 5273.95, 4159.55, 5.34%
Test - Best epoch, Loss, MSE, RMSE, MAE, MAPE: 194, 92899952.00, 92899952.00, 9588.97, 7536.75, 9.08%
- Epoch 195, ExpID 27469
Train - Loss: 22052957.20
Val - Loss, MSE, RMSE, MAE, MAPE: 28873320.00, 28873320.00, 5272.30, 4157.27, 5.34%
Test - Best epoch, Loss, MSE, RMSE, MAE, MAPE: 195, 93065968.00, 93065972.00, 9597.17, 7543.14, 9.10%
- Epoch 196, ExpID 27469
Train - Loss: 22143180.50
Val - Loss, MSE, RMSE, MAE, MAPE: 28779898.00, 28779898.00, 5263.90, 4146.74, 5.32%
Test - Best epoch, Loss, MSE, RMSE, MAE, MAPE: 196, 92634000.00, 92633996.00, 9576.76, 7522.93, 9.07%
- Epoch 197, ExpID 27469
Train - Loss: 22047691.70
Val - Loss, MSE, RMSE, MAE, MAPE: 28878172.00, 28878171.00, 5271.80, 4156.13, 5.33%
Test - Best epoch, Loss, MSE, RMSE, MAE, MAPE: 196, 92634000.00, 92633996.00, 9576.76, 7522.93, 9.07%
- Epoch 198, ExpID 27469
Train - Loss: 22020558.40
Val - Loss, MSE, RMSE, MAE, MAPE: 28609916.00, 28609916.00, 5252.12, 4136.20, 5.30%
Test - Best epoch, Loss, MSE, RMSE, MAE, MAPE: 198, 92436888.00, 92436888.00, 9566.06, 7508.00, 9.05%
- Epoch 199, ExpID 27469
Train - Loss: 22050379.40
Val - Loss, MSE, RMSE, MAE, MAPE: 28906992.00, 28906993.00, 5279.95, 4161.90, 5.35%
Test - Best epoch, Loss, MSE, RMSE, MAE, MAPE: 198, 92436888.00, 92436888.00, 9566.06, 7508.00, 9.05%
- Epoch 200, ExpID 27469
Train - Loss: 22028584.20
Val - Loss, MSE, RMSE, MAE, MAPE: 28910556.00, 28910557.00, 5275.31, 4155.11, 5.33%
Test - Best epoch, Loss, MSE, RMSE, MAE, MAPE: 198, 92436888.00, 92436888.00, 9566.06, 7508.00, 9.05%
- Epoch 201, ExpID 27469
Train - Loss: 22125675.90
Val - Loss, MSE, RMSE, MAE, MAPE: 28559660.00, 28559659.00, 5245.92, 4130.81, 5.30%
Test - Best epoch, Loss, MSE, RMSE, MAE, MAPE: 201, 91723744.00, 91723744.00, 9530.22, 7471.15, 9.01%
- Epoch 202, ExpID 27469
Train - Loss: 22055364.20
Val - Loss, MSE, RMSE, MAE, MAPE: 28856304.00, 28856305.00, 5275.59, 4152.14, 5.33%
Test - Best epoch, Loss, MSE, RMSE, MAE, MAPE: 201, 91723744.00, 91723744.00, 9530.22, 7471.15, 9.01%
- Epoch 203, ExpID 27469
Train - Loss: 21861468.90
Val - Loss, MSE, RMSE, MAE, MAPE: 28666828.00, 28666827.00, 5259.07, 4142.95, 5.32%
Test - Best epoch, Loss, MSE, RMSE, MAE, MAPE: 201, 91723744.00, 91723744.00, 9530.22, 7471.15, 9.01%
- Epoch 204, ExpID 27469
Train - Loss: 21936758.00
Val - Loss, MSE, RMSE, MAE, MAPE: 28739328.00, 28739327.00, 5261.49, 4143.93, 5.32%
Test - Best epoch, Loss, MSE, RMSE, MAE, MAPE: 201, 91723744.00, 91723744.00, 9530.22, 7471.15, 9.01%
- Epoch 205, ExpID 27469
Train - Loss: 21802165.20
Val - Loss, MSE, RMSE, MAE, MAPE: 28474868.00, 28474868.00, 5240.77, 4126.06, 5.30%
Test - Best epoch, Loss, MSE, RMSE, MAE, MAPE: 205, 91635344.00, 91635348.00, 9526.12, 7456.43, 9.00%
- Epoch 206, ExpID 27469
Train - Loss: 21858639.70
Val - Loss, MSE, RMSE, MAE, MAPE: 28628640.00, 28628639.00, 5249.05, 4134.77, 5.31%
Test - Best epoch, Loss, MSE, RMSE, MAE, MAPE: 205, 91635344.00, 91635348.00, 9526.12, 7456.43, 9.00%
- Epoch 207, ExpID 27469
Train - Loss: 21745691.30
Val - Loss, MSE, RMSE, MAE, MAPE: 28634036.00, 28634036.00, 5251.28, 4136.62, 5.32%
Test - Best epoch, Loss, MSE, RMSE, MAE, MAPE: 205, 91635344.00, 91635348.00, 9526.12, 7456.43, 9.00%
- Epoch 208, ExpID 27469
Train - Loss: 21882598.00
Val - Loss, MSE, RMSE, MAE, MAPE: 28383368.00, 28383368.00, 5229.39, 4117.46, 5.29%
Test - Best epoch, Loss, MSE, RMSE, MAE, MAPE: 208, 91630368.00, 91630372.00, 9528.17, 7457.01, 8.99%
- Epoch 209, ExpID 27469
Train - Loss: 21693708.20
Val - Loss, MSE, RMSE, MAE, MAPE: 28258268.00, 28258269.00, 5216.99, 4105.30, 5.27%
Test - Best epoch, Loss, MSE, RMSE, MAE, MAPE: 209, 91625360.00, 91625360.00, 9524.59, 7455.28, 8.99%
- Epoch 210, ExpID 27469
Train - Loss: 21612490.40
Val - Loss, MSE, RMSE, MAE, MAPE: 28341048.00, 28341048.00, 5224.94, 4114.45, 5.28%
Test - Best epoch, Loss, MSE, RMSE, MAE, MAPE: 209, 91625360.00, 91625360.00, 9524.59, 7455.28, 8.99%
- Epoch 211, ExpID 27469
Train - Loss: 21751093.30
Val - Loss, MSE, RMSE, MAE, MAPE: 28395632.00, 28395633.00, 5231.02, 4120.75, 5.28%
Test - Best epoch, Loss, MSE, RMSE, MAE, MAPE: 209, 91625360.00, 91625360.00, 9524.59, 7455.28, 8.99%
- Epoch 212, ExpID 27469
Train - Loss: 21843856.30
Val - Loss, MSE, RMSE, MAE, MAPE: 28450232.00, 28450232.00, 5233.33, 4126.04, 5.31%
Test - Best epoch, Loss, MSE, RMSE, MAE, MAPE: 209, 91625360.00, 91625360.00, 9524.59, 7455.28, 8.99%
- Epoch 213, ExpID 27469
Train - Loss: 21503282.80
Val - Loss, MSE, RMSE, MAE, MAPE: 28429816.00, 28429816.00, 5234.15, 4123.32, 5.30%
Test - Best epoch, Loss, MSE, RMSE, MAE, MAPE: 209, 91625360.00, 91625360.00, 9524.59, 7455.28, 8.99%
- Epoch 214, ExpID 27469
Train - Loss: 21757049.30
Val - Loss, MSE, RMSE, MAE, MAPE: 28270464.00, 28270465.00, 5216.97, 4107.71, 5.28%
Test - Best epoch, Loss, MSE, RMSE, MAE, MAPE: 209, 91625360.00, 91625360.00, 9524.59, 7455.28, 8.99%
- Epoch 215, ExpID 27469
Train - Loss: 21679607.30
Val - Loss, MSE, RMSE, MAE, MAPE: 28358056.00, 28358057.00, 5230.15, 4115.38, 5.28%
Test - Best epoch, Loss, MSE, RMSE, MAE, MAPE: 209, 91625360.00, 91625360.00, 9524.59, 7455.28, 8.99%
- Epoch 216, ExpID 27469
Train - Loss: 21557658.50
Val - Loss, MSE, RMSE, MAE, MAPE: 28229562.00, 28229562.00, 5217.39, 4105.56, 5.28%
Test - Best epoch, Loss, MSE, RMSE, MAE, MAPE: 216, 90540720.00, 90540720.00, 9474.25, 7387.23, 8.92%
- Epoch 217, ExpID 27469
Train - Loss: 21543135.50
Val - Loss, MSE, RMSE, MAE, MAPE: 28085164.00, 28085164.00, 5204.28, 4095.57, 5.26%
Test - Best epoch, Loss, MSE, RMSE, MAE, MAPE: 217, 90440200.00, 90440200.00, 9467.22, 7383.68, 8.91%
- Epoch 218, ExpID 27469
Train - Loss: 21699979.60
Val - Loss, MSE, RMSE, MAE, MAPE: 28234782.00, 28234782.00, 5215.85, 4105.77, 5.27%
Test - Best epoch, Loss, MSE, RMSE, MAE, MAPE: 217, 90440200.00, 90440200.00, 9467.22, 7383.68, 8.91%
- Epoch 219, ExpID 27469
Train - Loss: 21564381.20
Val - Loss, MSE, RMSE, MAE, MAPE: 28097208.00, 28097209.00, 5202.32, 4096.76, 5.27%
Test - Best epoch, Loss, MSE, RMSE, MAE, MAPE: 217, 90440200.00, 90440200.00, 9467.22, 7383.68, 8.91%
- Epoch 220, ExpID 27469
Train - Loss: 21478318.00
Val - Loss, MSE, RMSE, MAE, MAPE: 28174552.00, 28174551.00, 5210.07, 4101.33, 5.27%
Test - Best epoch, Loss, MSE, RMSE, MAE, MAPE: 217, 90440200.00, 90440200.00, 9467.22, 7383.68, 8.91%
- Epoch 221, ExpID 27469
Train - Loss: 21449808.60
Val - Loss, MSE, RMSE, MAE, MAPE: 28217480.00, 28217479.00, 5212.36, 4105.24, 5.27%
Test - Best epoch, Loss, MSE, RMSE, MAE, MAPE: 217, 90440200.00, 90440200.00, 9467.22, 7383.68, 8.91%
- Epoch 222, ExpID 27469
Train - Loss: 21411590.10
Val - Loss, MSE, RMSE, MAE, MAPE: 28003560.00, 28003559.00, 5194.53, 4089.46, 5.26%
Test - Best epoch, Loss, MSE, RMSE, MAE, MAPE: 222, 90331792.00, 90331792.00, 9464.12, 7368.69, 8.90%
- Epoch 223, ExpID 27469
Train - Loss: 21399242.50
Val - Loss, MSE, RMSE, MAE, MAPE: 28134990.00, 28134990.00, 5204.05, 4099.17, 5.27%
Test - Best epoch, Loss, MSE, RMSE, MAE, MAPE: 222, 90331792.00, 90331792.00, 9464.12, 7368.69, 8.90%
- Epoch 224, ExpID 27469
Train - Loss: 21524272.80
Val - Loss, MSE, RMSE, MAE, MAPE: 27859228.00, 27859228.00, 5182.94, 4081.29, 5.25%
Test - Best epoch, Loss, MSE, RMSE, MAE, MAPE: 224, 90433488.00, 90433488.00, 9469.54, 7372.98, 8.90%
- Epoch 225, ExpID 27469
Train - Loss: 21360836.00
Val - Loss, MSE, RMSE, MAE, MAPE: 27882778.00, 27882778.00, 5184.73, 4078.46, 5.24%
Test - Best epoch, Loss, MSE, RMSE, MAE, MAPE: 224, 90433488.00, 90433488.00, 9469.54, 7372.98, 8.90%
- Epoch 226, ExpID 27469
Train - Loss: 21451265.90
Val - Loss, MSE, RMSE, MAE, MAPE: 28040540.00, 28040539.00, 5196.63, 4091.61, 5.26%
Test - Best epoch, Loss, MSE, RMSE, MAE, MAPE: 224, 90433488.00, 90433488.00, 9469.54, 7372.98, 8.90%
- Epoch 227, ExpID 27469
Train - Loss: 21387258.10
Val - Loss, MSE, RMSE, MAE, MAPE: 27917838.00, 27917838.00, 5186.28, 4083.57, 5.25%
Test - Best epoch, Loss, MSE, RMSE, MAE, MAPE: 224, 90433488.00, 90433488.00, 9469.54, 7372.98, 8.90%
- Epoch 228, ExpID 27469
Train - Loss: 21440741.90
Val - Loss, MSE, RMSE, MAE, MAPE: 27735110.00, 27735110.00, 5168.48, 4069.96, 5.23%
Test - Best epoch, Loss, MSE, RMSE, MAE, MAPE: 228, 90429152.00, 90429148.00, 9468.58, 7372.15, 8.89%
- Epoch 229, ExpID 27469
Train - Loss: 21370999.90
Val - Loss, MSE, RMSE, MAE, MAPE: 27761348.00, 27761348.00, 5172.96, 4070.29, 5.23%
Test - Best epoch, Loss, MSE, RMSE, MAE, MAPE: 228, 90429152.00, 90429148.00, 9468.58, 7372.15, 8.89%
- Epoch 230, ExpID 27469
Train - Loss: 21305147.90
Val - Loss, MSE, RMSE, MAE, MAPE: 27655256.00, 27655255.00, 5162.54, 4060.53, 5.21%
Test - Best epoch, Loss, MSE, RMSE, MAE, MAPE: 230, 89590248.00, 89590248.00, 9426.77, 7322.15, 8.83%
- Epoch 231, ExpID 27469
Train - Loss: 21209739.10
Val - Loss, MSE, RMSE, MAE, MAPE: 27834772.00, 27834771.00, 5177.15, 4077.11, 5.24%
Test - Best epoch, Loss, MSE, RMSE, MAE, MAPE: 230, 89590248.00, 89590248.00, 9426.77, 7322.15, 8.83%
- Epoch 232, ExpID 27469
Train - Loss: 21301811.00
Val - Loss, MSE, RMSE, MAE, MAPE: 27677608.00, 27677609.00, 5162.24, 4063.42, 5.22%
Test - Best epoch, Loss, MSE, RMSE, MAE, MAPE: 230, 89590248.00, 89590248.00, 9426.77, 7322.15, 8.83%
- Epoch 233, ExpID 27469
Train - Loss: 21301161.20
Val - Loss, MSE, RMSE, MAE, MAPE: 27648838.00, 27648838.00, 5159.20, 4060.84, 5.21%
Test - Best epoch, Loss, MSE, RMSE, MAE, MAPE: 233, 89882920.00, 89882920.00, 9439.78, 7344.14, 8.85%
- Epoch 234, ExpID 27469
Train - Loss: 21259756.50
Val - Loss, MSE, RMSE, MAE, MAPE: 27592772.00, 27592773.00, 5156.94, 4056.91, 5.21%
Test - Best epoch, Loss, MSE, RMSE, MAE, MAPE: 234, 89693408.00, 89693408.00, 9431.43, 7324.10, 8.84%
- Epoch 235, ExpID 27469
Train - Loss: 21285983.00
Val - Loss, MSE, RMSE, MAE, MAPE: 27794778.00, 27794778.00, 5172.94, 4069.10, 5.22%
Test - Best epoch, Loss, MSE, RMSE, MAE, MAPE: 234, 89693408.00, 89693408.00, 9431.43, 7324.10, 8.84%
- Epoch 236, ExpID 27469
Train - Loss: 21092501.80
Val - Loss, MSE, RMSE, MAE, MAPE: 27649544.00, 27649543.00, 5162.00, 4062.79, 5.22%
Test - Best epoch, Loss, MSE, RMSE, MAE, MAPE: 234, 89693408.00, 89693408.00, 9431.43, 7324.10, 8.84%
- Epoch 237, ExpID 27469
Train - Loss: 21155553.30
Val - Loss, MSE, RMSE, MAE, MAPE: 27708460.00, 27708460.00, 5165.44, 4065.72, 5.23%
Test - Best epoch, Loss, MSE, RMSE, MAE, MAPE: 234, 89693408.00, 89693408.00, 9431.43, 7324.10, 8.84%
- Epoch 238, ExpID 27469
Train - Loss: 21063648.80
Val - Loss, MSE, RMSE, MAE, MAPE: 27412474.00, 27412474.00, 5141.13, 4044.13, 5.20%
Test - Best epoch, Loss, MSE, RMSE, MAE, MAPE: 238, 89231824.00, 89231820.00, 9409.28, 7291.04, 8.81%
- Epoch 239, ExpID 27469
Train - Loss: 21064064.60
Val - Loss, MSE, RMSE, MAE, MAPE: 27700076.00, 27700077.00, 5162.64, 4065.85, 5.23%
Test - Best epoch, Loss, MSE, RMSE, MAE, MAPE: 238, 89231824.00, 89231820.00, 9409.28, 7291.04, 8.81%
- Epoch 240, ExpID 27469
Train - Loss: 21030837.30
Val - Loss, MSE, RMSE, MAE, MAPE: 27589014.00, 27589014.00, 5154.04, 4054.27, 5.21%
Test - Best epoch, Loss, MSE, RMSE, MAE, MAPE: 238, 89231824.00, 89231820.00, 9409.28, 7291.04, 8.81%
- Epoch 241, ExpID 27469
Train - Loss: 21082698.20
Val - Loss, MSE, RMSE, MAE, MAPE: 27528200.00, 27528201.00, 5148.06, 4055.05, 5.22%
Test - Best epoch, Loss, MSE, RMSE, MAE, MAPE: 238, 89231824.00, 89231820.00, 9409.28, 7291.04, 8.81%
- Epoch 242, ExpID 27469
Train - Loss: 20867258.00
Val - Loss, MSE, RMSE, MAE, MAPE: 27465224.00, 27465223.00, 5143.03, 4046.95, 5.20%
Test - Best epoch, Loss, MSE, RMSE, MAE, MAPE: 238, 89231824.00, 89231820.00, 9409.28, 7291.04, 8.81%
- Epoch 243, ExpID 27469
Train - Loss: 21044254.50
Val - Loss, MSE, RMSE, MAE, MAPE: 27560332.00, 27560333.00, 5149.08, 4053.16, 5.21%
Test - Best epoch, Loss, MSE, RMSE, MAE, MAPE: 238, 89231824.00, 89231820.00, 9409.28, 7291.04, 8.81%
- Epoch 244, ExpID 27469
Train - Loss: 20953888.20
Val - Loss, MSE, RMSE, MAE, MAPE: 27399128.00, 27399127.00, 5137.44, 4040.84, 5.19%
Test - Best epoch, Loss, MSE, RMSE, MAE, MAPE: 244, 88902064.00, 88902064.00, 9391.89, 7267.69, 8.77%
- Epoch 245, ExpID 27469
Train - Loss: 20938049.20
Val - Loss, MSE, RMSE, MAE, MAPE: 27303208.00, 27303207.00, 5133.29, 4036.32, 5.19%
Test - Best epoch, Loss, MSE, RMSE, MAE, MAPE: 245, 89048736.00, 89048740.00, 9401.30, 7266.67, 8.78%
- Epoch 246, ExpID 27469
Train - Loss: 20889620.20
Val - Loss, MSE, RMSE, MAE, MAPE: 27481354.00, 27481354.00, 5145.31, 4047.37, 5.21%
Test - Best epoch, Loss, MSE, RMSE, MAE, MAPE: 245, 89048736.00, 89048740.00, 9401.30, 7266.67, 8.78%
- Epoch 247, ExpID 27469
Train - Loss: 20999286.30
Val - Loss, MSE, RMSE, MAE, MAPE: 27416730.00, 27416730.00, 5139.65, 4044.60, 5.20%
Test - Best epoch, Loss, MSE, RMSE, MAE, MAPE: 245, 89048736.00, 89048740.00, 9401.30, 7266.67, 8.78%
- Epoch 248, ExpID 27469
Train - Loss: 20969714.90
Val - Loss, MSE, RMSE, MAE, MAPE: 27427464.00, 27427464.00, 5139.23, 4042.15, 5.19%
Test - Best epoch, Loss, MSE, RMSE, MAE, MAPE: 245, 89048736.00, 89048740.00, 9401.30, 7266.67, 8.78%
- Epoch 249, ExpID 27469
Train - Loss: 20888470.30
Val - Loss, MSE, RMSE, MAE, MAPE: 27220148.00, 27220147.00, 5120.18, 4028.28, 5.18%
Test - Best epoch, Loss, MSE, RMSE, MAE, MAPE: 249, 88969168.00, 88969172.00, 9396.83, 7272.32, 8.78%
- Epoch 250, ExpID 27469
Train - Loss: 20730724.10
Val - Loss, MSE, RMSE, MAE, MAPE: 27356332.00, 27356332.00, 5134.60, 4038.96, 5.19%
Test - Best epoch, Loss, MSE, RMSE, MAE, MAPE: 249, 88969168.00, 88969172.00, 9396.83, 7272.32, 8.78%
- Epoch 251, ExpID 27469
Train - Loss: 20793938.30
Val - Loss, MSE, RMSE, MAE, MAPE: 27369238.00, 27369238.00, 5136.83, 4041.37, 5.20%
Test - Best epoch, Loss, MSE, RMSE, MAE, MAPE: 249, 88969168.00, 88969172.00, 9396.83, 7272.32, 8.78%
- Epoch 252, ExpID 27469
Train - Loss: 20897996.60
Val - Loss, MSE, RMSE, MAE, MAPE: 27318236.00, 27318235.00, 5130.79, 4038.11, 5.20%
Test - Best epoch, Loss, MSE, RMSE, MAE, MAPE: 249, 88969168.00, 88969172.00, 9396.83, 7272.32, 8.78%
- Epoch 253, ExpID 27469
Train - Loss: 20845953.90
Val - Loss, MSE, RMSE, MAE, MAPE: 27390340.00, 27390339.00, 5134.33, 4042.09, 5.20%
Test - Best epoch, Loss, MSE, RMSE, MAE, MAPE: 249, 88969168.00, 88969172.00, 9396.83, 7272.32, 8.78%
- Epoch 254, ExpID 27469
Train - Loss: 20885535.10
Val - Loss, MSE, RMSE, MAE, MAPE: 27071358.00, 27071358.00, 5105.82, 4016.12, 5.17%
Test - Best epoch, Loss, MSE, RMSE, MAE, MAPE: 254, 87941120.00, 87941116.00, 9344.44, 7195.84, 8.69%
- Epoch 255, ExpID 27469
Train - Loss: 20829887.60
Val - Loss, MSE, RMSE, MAE, MAPE: 27074164.00, 27074165.00, 5105.69, 4014.84, 5.15%
Test - Best epoch, Loss, MSE, RMSE, MAE, MAPE: 254, 87941120.00, 87941116.00, 9344.44, 7195.84, 8.69%
- Epoch 256, ExpID 27469
Train - Loss: 20735134.40
Val - Loss, MSE, RMSE, MAE, MAPE: 27164320.00, 27164321.00, 5114.44, 4026.54, 5.19%
Test - Best epoch, Loss, MSE, RMSE, MAE, MAPE: 254, 87941120.00, 87941116.00, 9344.44, 7195.84, 8.69%
- Epoch 257, ExpID 27469
Train - Loss: 20679790.10
Val - Loss, MSE, RMSE, MAE, MAPE: 27071356.00, 27071356.00, 5107.45, 4016.92, 5.17%
Test - Best epoch, Loss, MSE, RMSE, MAE, MAPE: 257, 88107064.00, 88107064.00, 9354.15, 7202.78, 8.70%
- Epoch 258, ExpID 27469
Train - Loss: 20786129.60
Val - Loss, MSE, RMSE, MAE, MAPE: 27387352.00, 27387351.50, 5128.34, 4041.13, 5.20%
Test - Best epoch, Loss, MSE, RMSE, MAE, MAPE: 257, 88107064.00, 88107064.00, 9354.15, 7202.78, 8.70%
- Epoch 259, ExpID 27469
Train - Loss: 20719144.40
Val - Loss, MSE, RMSE, MAE, MAPE: 27081514.00, 27081514.50, 5104.29, 4019.17, 5.17%
Test - Best epoch, Loss, MSE, RMSE, MAE, MAPE: 257, 88107064.00, 88107064.00, 9354.15, 7202.78, 8.70%
- Epoch 260, ExpID 27469
Train - Loss: 20659782.80
Val - Loss, MSE, RMSE, MAE, MAPE: 27115302.00, 27115301.50, 5107.08, 4017.83, 5.16%
Test - Best epoch, Loss, MSE, RMSE, MAE, MAPE: 257, 88107064.00, 88107064.00, 9354.15, 7202.78, 8.70%
- Epoch 261, ExpID 27469
Train - Loss: 20643376.60
Val - Loss, MSE, RMSE, MAE, MAPE: 27019554.00, 27019554.00, 5102.11, 4013.92, 5.16%
Test - Best epoch, Loss, MSE, RMSE, MAE, MAPE: 261, 88223128.00, 88223128.00, 9358.65, 7214.77, 8.71%
- Epoch 262, ExpID 27469
Train - Loss: 20601976.20
Val - Loss, MSE, RMSE, MAE, MAPE: 27174800.00, 27174800.00, 5115.02, 4022.96, 5.18%
Test - Best epoch, Loss, MSE, RMSE, MAE, MAPE: 261, 88223128.00, 88223128.00, 9358.65, 7214.77, 8.71%
- Epoch 263, ExpID 27469
Train - Loss: 20600903.00
Val - Loss, MSE, RMSE, MAE, MAPE: 26983328.00, 26983327.00, 5099.68, 4010.75, 5.16%
Test - Best epoch, Loss, MSE, RMSE, MAE, MAPE: 263, 88358320.00, 88358316.00, 9366.32, 7211.32, 8.71%
- Epoch 264, ExpID 27469
Train - Loss: 20575523.60
Val - Loss, MSE, RMSE, MAE, MAPE: 27110952.00, 27110953.00, 5111.02, 4021.23, 5.17%
Test - Best epoch, Loss, MSE, RMSE, MAE, MAPE: 263, 88358320.00, 88358316.00, 9366.32, 7211.32, 8.71%
- Epoch 265, ExpID 27469
Train - Loss: 20464977.40
Val - Loss, MSE, RMSE, MAE, MAPE: 26907860.00, 26907861.00, 5093.60, 4003.69, 5.15%
Test - Best epoch, Loss, MSE, RMSE, MAE, MAPE: 265, 88054688.00, 88054688.00, 9350.88, 7200.34, 8.69%
- Epoch 266, ExpID 27469
Train - Loss: 20555971.40
Val - Loss, MSE, RMSE, MAE, MAPE: 27050160.00, 27050159.00, 5103.39, 4016.46, 5.17%
Test - Best epoch, Loss, MSE, RMSE, MAE, MAPE: 265, 88054688.00, 88054688.00, 9350.88, 7200.34, 8.69%
- Epoch 267, ExpID 27469
Train - Loss: 20349915.00
Val - Loss, MSE, RMSE, MAE, MAPE: 26980852.00, 26980851.00, 5097.48, 4008.33, 5.16%
Test - Best epoch, Loss, MSE, RMSE, MAE, MAPE: 265, 88054688.00, 88054688.00, 9350.88, 7200.34, 8.69%
- Epoch 268, ExpID 27469
Train - Loss: 20551379.80
Val - Loss, MSE, RMSE, MAE, MAPE: 26919344.00, 26919344.00, 5089.64, 4003.41, 5.15%
Test - Best epoch, Loss, MSE, RMSE, MAE, MAPE: 265, 88054688.00, 88054688.00, 9350.88, 7200.34, 8.69%
- Epoch 269, ExpID 27469
Train - Loss: 20401619.10
Val - Loss, MSE, RMSE, MAE, MAPE: 26959076.00, 26959076.00, 5093.52, 4004.85, 5.15%
Test - Best epoch, Loss, MSE, RMSE, MAE, MAPE: 265, 88054688.00, 88054688.00, 9350.88, 7200.34, 8.69%
- Epoch 270, ExpID 27469
Train - Loss: 20574031.30
Val - Loss, MSE, RMSE, MAE, MAPE: 26736756.00, 26736755.50, 5075.16, 3989.82, 5.13%
Test - Best epoch, Loss, MSE, RMSE, MAE, MAPE: 270, 87933776.00, 87933780.00, 9343.19, 7187.25, 8.67%
- Epoch 271, ExpID 27469
Train - Loss: 20444772.30
Val - Loss, MSE, RMSE, MAE, MAPE: 26784472.00, 26784471.00, 5080.64, 3996.21, 5.14%
Test - Best epoch, Loss, MSE, RMSE, MAE, MAPE: 270, 87933776.00, 87933780.00, 9343.19, 7187.25, 8.67%
- Epoch 272, ExpID 27469
Train - Loss: 20326586.00
Val - Loss, MSE, RMSE, MAE, MAPE: 26813134.00, 26813133.50, 5082.99, 3996.42, 5.14%
Test - Best epoch, Loss, MSE, RMSE, MAE, MAPE: 270, 87933776.00, 87933780.00, 9343.19, 7187.25, 8.67%
- Epoch 273, ExpID 27469
Train - Loss: 20420655.80
Val - Loss, MSE, RMSE, MAE, MAPE: 26767914.00, 26767914.50, 5073.51, 3993.47, 5.14%
Test - Best epoch, Loss, MSE, RMSE, MAE, MAPE: 270, 87933776.00, 87933780.00, 9343.19, 7187.25, 8.67%
- Epoch 274, ExpID 27469
Train - Loss: 20420609.50
Val - Loss, MSE, RMSE, MAE, MAPE: 26954118.00, 26954118.00, 5090.12, 4005.56, 5.15%
Test - Best epoch, Loss, MSE, RMSE, MAE, MAPE: 270, 87933776.00, 87933780.00, 9343.19, 7187.25, 8.67%
- Epoch 275, ExpID 27469
Train - Loss: 20329725.90
Val - Loss, MSE, RMSE, MAE, MAPE: 26865440.00, 26865440.00, 5083.88, 3994.58, 5.13%
Test - Best epoch, Loss, MSE, RMSE, MAE, MAPE: 270, 87933776.00, 87933780.00, 9343.19, 7187.25, 8.67%
- Epoch 276, ExpID 27469
Train - Loss: 20290990.20
Val - Loss, MSE, RMSE, MAE, MAPE: 26904394.00, 26904394.50, 5089.12, 4001.52, 5.16%
Test - Best epoch, Loss, MSE, RMSE, MAE, MAPE: 270, 87933776.00, 87933780.00, 9343.19, 7187.25, 8.67%
- Epoch 277, ExpID 27469
Train - Loss: 20385064.30
Val - Loss, MSE, RMSE, MAE, MAPE: 26816844.00, 26816843.00, 5080.57, 3993.63, 5.13%
Test - Best epoch, Loss, MSE, RMSE, MAE, MAPE: 270, 87933776.00, 87933780.00, 9343.19, 7187.25, 8.67%
- Epoch 278, ExpID 27469
Train - Loss: 20190642.80
Val - Loss, MSE, RMSE, MAE, MAPE: 26684476.00, 26684477.00, 5066.91, 3986.56, 5.13%
Test - Best epoch, Loss, MSE, RMSE, MAE, MAPE: 278, 87495600.00, 87495604.00, 9323.22, 7158.25, 8.65%
- Epoch 279, ExpID 27469
Train - Loss: 20370095.30
Val - Loss, MSE, RMSE, MAE, MAPE: 26705432.00, 26705431.50, 5065.00, 3986.42, 5.13%
Test - Best epoch, Loss, MSE, RMSE, MAE, MAPE: 278, 87495600.00, 87495604.00, 9323.22, 7158.25, 8.65%
- Epoch 280, ExpID 27469
Train - Loss: 20248763.80
Val - Loss, MSE, RMSE, MAE, MAPE: 26425320.00, 26425319.00, 5044.67, 3964.28, 5.09%
Test - Best epoch, Loss, MSE, RMSE, MAE, MAPE: 280, 86963432.00, 86963432.00, 9293.66, 7122.85, 8.60%
- Epoch 281, ExpID 27469
Train - Loss: 20288499.90
Val - Loss, MSE, RMSE, MAE, MAPE: 26829338.00, 26829338.00, 5077.08, 3995.21, 5.15%
Test - Best epoch, Loss, MSE, RMSE, MAE, MAPE: 280, 86963432.00, 86963432.00, 9293.66, 7122.85, 8.60%
- Epoch 282, ExpID 27469
Train - Loss: 20168438.60
Val - Loss, MSE, RMSE, MAE, MAPE: 26456170.00, 26456170.50, 5046.20, 3965.85, 5.10%
Test - Best epoch, Loss, MSE, RMSE, MAE, MAPE: 280, 86963432.00, 86963432.00, 9293.66, 7122.85, 8.60%
- Epoch 283, ExpID 27469
Train - Loss: 20202231.40
Val - Loss, MSE, RMSE, MAE, MAPE: 26709512.00, 26709511.50, 5068.66, 3987.13, 5.13%
Test - Best epoch, Loss, MSE, RMSE, MAE, MAPE: 280, 86963432.00, 86963432.00, 9293.66, 7122.85, 8.60%
- Epoch 284, ExpID 27469
Train - Loss: 20174323.20
Val - Loss, MSE, RMSE, MAE, MAPE: 26691540.00, 26691540.00, 5065.19, 3983.57, 5.13%
Test - Best epoch, Loss, MSE, RMSE, MAE, MAPE: 280, 86963432.00, 86963432.00, 9293.66, 7122.85, 8.60%
- Epoch 285, ExpID 27469
Train - Loss: 20082153.90
Val - Loss, MSE, RMSE, MAE, MAPE: 26715118.00, 26715118.00, 5070.01, 3988.28, 5.13%
Test - Best epoch, Loss, MSE, RMSE, MAE, MAPE: 280, 86963432.00, 86963432.00, 9293.66, 7122.85, 8.60%
- Epoch 286, ExpID 27469
Train - Loss: 20165483.50
Val - Loss, MSE, RMSE, MAE, MAPE: 26645382.00, 26645382.50, 5064.36, 3979.55, 5.12%
Test - Best epoch, Loss, MSE, RMSE, MAE, MAPE: 280, 86963432.00, 86963432.00, 9293.66, 7122.85, 8.60%
- Epoch 287, ExpID 27469
Train - Loss: 20155079.60
Val - Loss, MSE, RMSE, MAE, MAPE: 26640206.00, 26640206.00, 5059.20, 3980.66, 5.13%
Test - Best epoch, Loss, MSE, RMSE, MAE, MAPE: 280, 86963432.00, 86963432.00, 9293.66, 7122.85, 8.60%
- Epoch 288, ExpID 27469
Train - Loss: 20105968.70
Val - Loss, MSE, RMSE, MAE, MAPE: 26377496.00, 26377496.50, 5039.70, 3962.94, 5.10%
Test - Best epoch, Loss, MSE, RMSE, MAE, MAPE: 288, 86872224.00, 86872220.00, 9291.32, 7102.72, 8.59%
- Epoch 289, ExpID 27469
Train - Loss: 20062490.30
Val - Loss, MSE, RMSE, MAE, MAPE: 26421044.00, 26421044.00, 5039.48, 3964.83, 5.10%
Test - Best epoch, Loss, MSE, RMSE, MAE, MAPE: 288, 86872224.00, 86872220.00, 9291.32, 7102.72, 8.59%
- Epoch 290, ExpID 27469
Train - Loss: 20274089.00
Val - Loss, MSE, RMSE, MAE, MAPE: 26503204.00, 26503203.50, 5052.74, 3971.59, 5.12%
Test - Best epoch, Loss, MSE, RMSE, MAE, MAPE: 288, 86872224.00, 86872220.00, 9291.32, 7102.72, 8.59%
- Epoch 291, ExpID 27469
Train - Loss: 20106262.50
Val - Loss, MSE, RMSE, MAE, MAPE: 26371362.00, 26371361.50, 5038.57, 3958.14, 5.09%
Test - Best epoch, Loss, MSE, RMSE, MAE, MAPE: 291, 86653104.00, 86653108.00, 9276.08, 7090.80, 8.57%
- Epoch 292, ExpID 27469
Train - Loss: 20080870.10
Val - Loss, MSE, RMSE, MAE, MAPE: 26340440.00, 26340441.00, 5035.26, 3956.53, 5.09%
Test - Best epoch, Loss, MSE, RMSE, MAE, MAPE: 292, 87169400.00, 87169400.00, 9303.81, 7126.96, 8.61%
- Epoch 293, ExpID 27469
Train - Loss: 20147633.60
Val - Loss, MSE, RMSE, MAE, MAPE: 26415578.00, 26415577.50, 5041.82, 3963.97, 5.10%
Test - Best epoch, Loss, MSE, RMSE, MAE, MAPE: 292, 87169400.00, 87169400.00, 9303.81, 7126.96, 8.61%
- Epoch 294, ExpID 27469
Train - Loss: 20050656.00
Val - Loss, MSE, RMSE, MAE, MAPE: 26251518.00, 26251517.50, 5027.78, 3950.93, 5.08%
Test - Best epoch, Loss, MSE, RMSE, MAE, MAPE: 294, 86974128.00, 86974128.00, 9293.83, 7113.48, 8.59%
- Epoch 295, ExpID 27469
Train - Loss: 20073222.20
Val - Loss, MSE, RMSE, MAE, MAPE: 26008124.00, 26008123.50, 5003.45, 3932.36, 5.06%
Test - Best epoch, Loss, MSE, RMSE, MAE, MAPE: 295, 86211376.00, 86211376.00, 9254.48, 7064.70, 8.54%
- Epoch 296, ExpID 27469
Train - Loss: 20137017.50
Val - Loss, MSE, RMSE, MAE, MAPE: 26251194.00, 26251194.50, 5025.88, 3951.96, 5.09%
Test - Best epoch, Loss, MSE, RMSE, MAE, MAPE: 295, 86211376.00, 86211376.00, 9254.48, 7064.70, 8.54%
- Epoch 297, ExpID 27469
Train - Loss: 19942772.80
Val - Loss, MSE, RMSE, MAE, MAPE: 26197414.00, 26197414.50, 5020.22, 3947.90, 5.08%
Test - Best epoch, Loss, MSE, RMSE, MAE, MAPE: 295, 86211376.00, 86211376.00, 9254.48, 7064.70, 8.54%
- Epoch 298, ExpID 27469
Train - Loss: 20167791.10
Val - Loss, MSE, RMSE, MAE, MAPE: 25892410.00, 25892410.00, 4991.77, 3920.75, 5.04%
Test - Best epoch, Loss, MSE, RMSE, MAE, MAPE: 298, 86061104.00, 86061108.00, 9244.92, 7060.74, 8.52%
- Epoch 299, ExpID 27469
Train - Loss: 19999703.40
Val - Loss, MSE, RMSE, MAE, MAPE: 26245396.00, 26245395.00, 5024.81, 3948.35, 5.09%
Test - Best epoch, Loss, MSE, RMSE, MAE, MAPE: 298, 86061104.00, 86061108.00, 9244.92, 7060.74, 8.52%
- Epoch 300, ExpID 27469
Train - Loss: 20022109.30
Val - Loss, MSE, RMSE, MAE, MAPE: 25951348.00, 25951348.50, 4998.73, 3929.17, 5.06%
Test - Best epoch, Loss, MSE, RMSE, MAE, MAPE: 298, 86061104.00, 86061108.00, 9244.92, 7060.74, 8.52%
- Epoch 301, ExpID 27469
Train - Loss: 20029680.40
Val - Loss, MSE, RMSE, MAE, MAPE: 26133424.00, 26133423.50, 5014.15, 3942.85, 5.08%
Test - Best epoch, Loss, MSE, RMSE, MAE, MAPE: 298, 86061104.00, 86061108.00, 9244.92, 7060.74, 8.52%
- Epoch 302, ExpID 27469
Train - Loss: 19926954.50
Val - Loss, MSE, RMSE, MAE, MAPE: 26137504.00, 26137503.50, 5014.79, 3945.53, 5.09%
Test - Best epoch, Loss, MSE, RMSE, MAE, MAPE: 298, 86061104.00, 86061108.00, 9244.92, 7060.74, 8.52%
- Epoch 303, ExpID 27469
Train - Loss: 19871970.90
Val - Loss, MSE, RMSE, MAE, MAPE: 26182700.00, 26182700.50, 5016.62, 3943.29, 5.08%
Test - Best epoch, Loss, MSE, RMSE, MAE, MAPE: 298, 86061104.00, 86061108.00, 9244.92, 7060.74, 8.52%
- Epoch 304, ExpID 27469
Train - Loss: 19994435.20
Val - Loss, MSE, RMSE, MAE, MAPE: 25968502.00, 25968502.50, 5000.71, 3929.39, 5.06%
Test - Best epoch, Loss, MSE, RMSE, MAE, MAPE: 298, 86061104.00, 86061108.00, 9244.92, 7060.74, 8.52%
- Epoch 305, ExpID 27469
Train - Loss: 19744161.50
Val - Loss, MSE, RMSE, MAE, MAPE: 26076142.00, 26076141.50, 5009.14, 3941.10, 5.08%
Test - Best epoch, Loss, MSE, RMSE, MAE, MAPE: 298, 86061104.00, 86061108.00, 9244.92, 7060.74, 8.52%
- Epoch 306, ExpID 27469
Train - Loss: 19871370.70
Val - Loss, MSE, RMSE, MAE, MAPE: 25916970.00, 25916970.50, 4994.53, 3927.94, 5.06%
Test - Best epoch, Loss, MSE, RMSE, MAE, MAPE: 298, 86061104.00, 86061108.00, 9244.92, 7060.74, 8.52%
- Epoch 307, ExpID 27469
Train - Loss: 19736114.20
Val - Loss, MSE, RMSE, MAE, MAPE: 26098058.00, 26098057.50, 5011.97, 3937.26, 5.07%
Test - Best epoch, Loss, MSE, RMSE, MAE, MAPE: 298, 86061104.00, 86061108.00, 9244.92, 7060.74, 8.52%
- Epoch 308, ExpID 27469
Train - Loss: 19818646.80
Val - Loss, MSE, RMSE, MAE, MAPE: 26046812.00, 26046813.00, 5006.12, 3933.45, 5.06%
Test - Best epoch, Loss, MSE, RMSE, MAE, MAPE: 298, 86061104.00, 86061108.00, 9244.92, 7060.74, 8.52%
Early Stopping at Epoch 308
Fold 2017 Best RMSE: 9244.9238

-------------------- [Fold: 2018] ExpID: 83920 --------------------
- Epoch 000, ExpID 83920
Train - Loss: 47716369.90
Val - Loss, MSE, RMSE, MAE, MAPE: 110521488.00, 110521492.00, 10512.92, 8256.84, 10.10%
Test - Best epoch, Loss, MSE, RMSE, MAE, MAPE: 0, 63892784.00, 63892784.00, 7964.85, 6323.29, 6.90%
- Epoch 001, ExpID 83920
Train - Loss: 45463285.33
Val - Loss, MSE, RMSE, MAE, MAPE: 106869792.00, 106869796.00, 10337.55, 8091.66, 9.91%
Test - Best epoch, Loss, MSE, RMSE, MAE, MAPE: 1, 59608536.00, 59608538.00, 7686.58, 6067.46, 6.63%
- Epoch 002, ExpID 83920
Train - Loss: 43547418.67
Val - Loss, MSE, RMSE, MAE, MAPE: 103561032.00, 103561032.00, 10175.91, 7940.51, 9.73%
Test - Best epoch, Loss, MSE, RMSE, MAE, MAPE: 2, 56086672.00, 56086674.00, 7448.45, 5850.91, 6.40%
- Epoch 003, ExpID 83920
Train - Loss: 42187050.67
Val - Loss, MSE, RMSE, MAE, MAPE: 101347984.00, 101347984.00, 10065.94, 7840.22, 9.61%
Test - Best epoch, Loss, MSE, RMSE, MAE, MAPE: 3, 53511928.00, 53511928.00, 7269.35, 5689.76, 6.22%
- Epoch 004, ExpID 83920
Train - Loss: 41025792.00
Val - Loss, MSE, RMSE, MAE, MAPE: 99994528.00, 99994524.00, 9997.37, 7780.16, 9.53%
Test - Best epoch, Loss, MSE, RMSE, MAE, MAPE: 4, 51695632.00, 51695630.00, 7140.98, 5572.41, 6.09%
- Epoch 005, ExpID 83920
Train - Loss: 40130368.19
Val - Loss, MSE, RMSE, MAE, MAPE: 99263072.00, 99263076.00, 9959.06, 7752.08, 9.50%
Test - Best epoch, Loss, MSE, RMSE, MAE, MAPE: 5, 50396528.00, 50396526.00, 7048.19, 5491.80, 6.00%
- Epoch 006, ExpID 83920
Train - Loss: 39367161.71
Val - Loss, MSE, RMSE, MAE, MAPE: 99053056.00, 99053060.00, 9946.05, 7746.37, 9.48%
Test - Best epoch, Loss, MSE, RMSE, MAE, MAPE: 6, 49496232.00, 49496232.00, 6984.62, 5436.88, 5.94%
- Epoch 007, ExpID 83920
Train - Loss: 38727431.05
Val - Loss, MSE, RMSE, MAE, MAPE: 99225272.00, 99225272.00, 9951.63, 7764.30, 9.50%
Test - Best epoch, Loss, MSE, RMSE, MAE, MAPE: 6, 49496232.00, 49496232.00, 6984.62, 5436.88, 5.94%
- Epoch 008, ExpID 83920
Train - Loss: 38139222.67
Val - Loss, MSE, RMSE, MAE, MAPE: 99790592.00, 99790596.00, 9975.96, 7802.14, 9.54%
Test - Best epoch, Loss, MSE, RMSE, MAE, MAPE: 6, 49496232.00, 49496232.00, 6984.62, 5436.88, 5.94%
- Epoch 009, ExpID 83920
Train - Loss: 37654866.48
Val - Loss, MSE, RMSE, MAE, MAPE: 100772272.00, 100772268.00, 10019.31, 7859.82, 9.60%
Test - Best epoch, Loss, MSE, RMSE, MAE, MAPE: 6, 49496232.00, 49496232.00, 6984.62, 5436.88, 5.94%
- Epoch 010, ExpID 83920
Train - Loss: 37217158.67
Val - Loss, MSE, RMSE, MAE, MAPE: 101876088.00, 101876088.00, 10067.90, 7924.58, 9.68%
Test - Best epoch, Loss, MSE, RMSE, MAE, MAPE: 6, 49496232.00, 49496232.00, 6984.62, 5436.88, 5.94%
- Epoch 011, ExpID 83920
Train - Loss: 36805338.29
Val - Loss, MSE, RMSE, MAE, MAPE: 103025392.00, 103025396.00, 10117.98, 7986.56, 9.74%
Test - Best epoch, Loss, MSE, RMSE, MAE, MAPE: 6, 49496232.00, 49496232.00, 6984.62, 5436.88, 5.94%
- Epoch 012, ExpID 83920
Train - Loss: 36339512.10
Val - Loss, MSE, RMSE, MAE, MAPE: 104383888.00, 104383892.00, 10176.95, 8056.49, 9.82%
Test - Best epoch, Loss, MSE, RMSE, MAE, MAPE: 6, 49496232.00, 49496232.00, 6984.62, 5436.88, 5.94%
- Epoch 013, ExpID 83920
Train - Loss: 36037313.33
Val - Loss, MSE, RMSE, MAE, MAPE: 105936232.00, 105936232.00, 10243.88, 8133.48, 9.91%
Test - Best epoch, Loss, MSE, RMSE, MAE, MAPE: 6, 49496232.00, 49496232.00, 6984.62, 5436.88, 5.94%
- Epoch 014, ExpID 83920
Train - Loss: 35756023.24
Val - Loss, MSE, RMSE, MAE, MAPE: 107442048.00, 107442048.00, 10308.04, 8204.58, 9.99%
Test - Best epoch, Loss, MSE, RMSE, MAE, MAPE: 6, 49496232.00, 49496232.00, 6984.62, 5436.88, 5.94%
- Epoch 015, ExpID 83920
Train - Loss: 35494021.24
Val - Loss, MSE, RMSE, MAE, MAPE: 108739208.00, 108739208.00, 10362.62, 8264.35, 10.06%
Test - Best epoch, Loss, MSE, RMSE, MAE, MAPE: 6, 49496232.00, 49496232.00, 6984.62, 5436.88, 5.94%
- Epoch 016, ExpID 83920
Train - Loss: 35124435.05
Val - Loss, MSE, RMSE, MAE, MAPE: 110257976.00, 110257976.00, 10426.13, 8330.65, 10.13%
Test - Best epoch, Loss, MSE, RMSE, MAE, MAPE: 6, 49496232.00, 49496232.00, 6984.62, 5436.88, 5.94%
Early Stopping at Epoch 16
Fold 2018 Best RMSE: 6984.6162

-------------------- [Fold: 2019] ExpID: 91922 --------------------
- Epoch 000, ExpID 91922
Train - Loss: 53283274.96
Val - Loss, MSE, RMSE, MAE, MAPE: 66270024.00, 66270022.00, 8114.09, 6443.50, 7.05%
Test - Best epoch, Loss, MSE, RMSE, MAE, MAPE: 0, 75140328.00, 75140330.00, 8534.51, 6769.18, 7.20%
- Epoch 001, ExpID 91922
Train - Loss: 50393374.78
Val - Loss, MSE, RMSE, MAE, MAPE: 60343704.00, 60343702.00, 7733.83, 6109.65, 6.69%
Test - Best epoch, Loss, MSE, RMSE, MAE, MAPE: 1, 69397760.00, 69397756.00, 8186.39, 6474.48, 6.89%
- Epoch 002, ExpID 91922
Train - Loss: 47916758.61
Val - Loss, MSE, RMSE, MAE, MAPE: 55959880.00, 55959880.00, 7437.85, 5844.19, 6.39%
Test - Best epoch, Loss, MSE, RMSE, MAE, MAPE: 2, 64985644.00, 64985644.00, 7904.51, 6229.24, 6.62%
- Epoch 003, ExpID 91922
Train - Loss: 46398477.04
Val - Loss, MSE, RMSE, MAE, MAPE: 52893920.00, 52893918.00, 7222.47, 5646.90, 6.18%
Test - Best epoch, Loss, MSE, RMSE, MAE, MAPE: 3, 61827848.00, 61827848.00, 7694.74, 6043.33, 6.42%
- Epoch 004, ExpID 91922
Train - Loss: 45043946.61
Val - Loss, MSE, RMSE, MAE, MAPE: 50799908.00, 50799908.00, 7071.73, 5508.03, 6.02%
Test - Best epoch, Loss, MSE, RMSE, MAE, MAPE: 4, 59516000.00, 59515998.00, 7538.03, 5902.73, 6.27%
- Epoch 005, ExpID 91922
Train - Loss: 44175966.78
Val - Loss, MSE, RMSE, MAE, MAPE: 49381404.00, 49381404.00, 6967.95, 5411.00, 5.92%
Test - Best epoch, Loss, MSE, RMSE, MAE, MAPE: 5, 57875988.00, 57875987.00, 7425.33, 5799.07, 6.16%
- Epoch 006, ExpID 91922
Train - Loss: 43223392.70
Val - Loss, MSE, RMSE, MAE, MAPE: 48363108.00, 48363108.00, 6892.87, 5340.03, 5.84%
Test - Best epoch, Loss, MSE, RMSE, MAE, MAPE: 6, 56614776.00, 56614774.00, 7338.62, 5719.63, 6.07%
- Epoch 007, ExpID 91922
Train - Loss: 42739744.00
Val - Loss, MSE, RMSE, MAE, MAPE: 47655448.00, 47655448.00, 6840.99, 5294.56, 5.79%
Test - Best epoch, Loss, MSE, RMSE, MAE, MAPE: 7, 55609712.00, 55609711.00, 7269.33, 5658.10, 6.01%
- Epoch 008, ExpID 91922
Train - Loss: 42165965.91
Val - Loss, MSE, RMSE, MAE, MAPE: 47095256.00, 47095258.00, 6800.35, 5257.99, 5.75%
Test - Best epoch, Loss, MSE, RMSE, MAE, MAPE: 8, 54773720.00, 54773719.00, 7212.46, 5606.79, 5.95%
- Epoch 009, ExpID 91922
Train - Loss: 41735434.78
Val - Loss, MSE, RMSE, MAE, MAPE: 46631552.00, 46631552.00, 6766.23, 5226.98, 5.71%
Test - Best epoch, Loss, MSE, RMSE, MAE, MAPE: 9, 54125920.00, 54125920.00, 7168.25, 5565.66, 5.91%
- Epoch 010, ExpID 91922
Train - Loss: 41194132.52
Val - Loss, MSE, RMSE, MAE, MAPE: 46324956.00, 46324956.00, 6744.72, 5207.89, 5.69%
Test - Best epoch, Loss, MSE, RMSE, MAE, MAPE: 10, 53590732.00, 53590731.00, 7132.22, 5531.08, 5.87%
- Epoch 011, ExpID 91922
Train - Loss: 40809568.35
Val - Loss, MSE, RMSE, MAE, MAPE: 46026824.00, 46026822.00, 6723.60, 5190.50, 5.67%
Test - Best epoch, Loss, MSE, RMSE, MAE, MAPE: 11, 53093040.00, 53093038.00, 7098.99, 5500.98, 5.84%
- Epoch 012, ExpID 91922
Train - Loss: 40456653.22
Val - Loss, MSE, RMSE, MAE, MAPE: 45780312.00, 45780314.00, 6707.18, 5176.88, 5.65%
Test - Best epoch, Loss, MSE, RMSE, MAE, MAPE: 12, 52607336.00, 52607337.00, 7066.64, 5471.51, 5.81%
- Epoch 013, ExpID 91922
Train - Loss: 40205776.70
Val - Loss, MSE, RMSE, MAE, MAPE: 45610272.00, 45610274.00, 6695.22, 5166.30, 5.64%
Test - Best epoch, Loss, MSE, RMSE, MAE, MAPE: 13, 52325968.00, 52325968.00, 7047.26, 5453.29, 5.79%
- Epoch 014, ExpID 91922
Train - Loss: 40052605.74
Val - Loss, MSE, RMSE, MAE, MAPE: 45460628.00, 45460628.00, 6686.26, 5158.51, 5.63%
Test - Best epoch, Loss, MSE, RMSE, MAE, MAPE: 14, 51975868.00, 51975868.00, 7023.41, 5430.99, 5.76%
- Epoch 015, ExpID 91922
Train - Loss: 39522483.65
Val - Loss, MSE, RMSE, MAE, MAPE: 45297752.00, 45297752.00, 6676.86, 5153.12, 5.63%
Test - Best epoch, Loss, MSE, RMSE, MAE, MAPE: 15, 51606636.00, 51606637.00, 6998.67, 5407.77, 5.74%
- Epoch 016, ExpID 91922
Train - Loss: 39272987.83
Val - Loss, MSE, RMSE, MAE, MAPE: 45116524.00, 45116524.00, 6664.25, 5141.01, 5.62%
Test - Best epoch, Loss, MSE, RMSE, MAE, MAPE: 16, 51393172.00, 51393173.00, 6981.91, 5390.75, 5.72%
- Epoch 017, ExpID 91922
Train - Loss: 38978639.13
Val - Loss, MSE, RMSE, MAE, MAPE: 44942208.00, 44942208.00, 6652.96, 5130.48, 5.60%
Test - Best epoch, Loss, MSE, RMSE, MAE, MAPE: 17, 51155252.00, 51155252.00, 6966.35, 5376.22, 5.70%
- Epoch 018, ExpID 91922
Train - Loss: 38783655.48
Val - Loss, MSE, RMSE, MAE, MAPE: 44704480.00, 44704478.00, 6636.43, 5115.59, 5.59%
Test - Best epoch, Loss, MSE, RMSE, MAE, MAPE: 18, 50915556.00, 50915557.00, 6949.55, 5359.06, 5.68%
- Epoch 019, ExpID 91922
Train - Loss: 38616319.30
Val - Loss, MSE, RMSE, MAE, MAPE: 44621632.00, 44621630.00, 6633.34, 5112.23, 5.58%
Test - Best epoch, Loss, MSE, RMSE, MAE, MAPE: 19, 50727916.00, 50727916.00, 6937.70, 5346.04, 5.67%
- Epoch 020, ExpID 91922
Train - Loss: 38477358.78
Val - Loss, MSE, RMSE, MAE, MAPE: 44283080.00, 44283082.00, 6608.05, 5091.94, 5.56%
Test - Best epoch, Loss, MSE, RMSE, MAE, MAPE: 20, 50508868.00, 50508868.00, 6920.87, 5328.32, 5.65%
- Epoch 021, ExpID 91922
Train - Loss: 38455889.91
Val - Loss, MSE, RMSE, MAE, MAPE: 44113752.00, 44113750.00, 6596.85, 5080.83, 5.55%
Test - Best epoch, Loss, MSE, RMSE, MAE, MAPE: 21, 50361032.00, 50361031.00, 6909.14, 5317.92, 5.64%
- Epoch 022, ExpID 91922
Train - Loss: 37802091.48
Val - Loss, MSE, RMSE, MAE, MAPE: 43723232.00, 43723230.00, 6567.69, 5055.58, 5.52%
Test - Best epoch, Loss, MSE, RMSE, MAE, MAPE: 22, 50224364.00, 50224363.00, 6899.19, 5304.59, 5.62%
- Epoch 023, ExpID 91922
Train - Loss: 37665115.83
Val - Loss, MSE, RMSE, MAE, MAPE: 43508504.00, 43508504.00, 6553.71, 5041.79, 5.51%
Test - Best epoch, Loss, MSE, RMSE, MAE, MAPE: 23, 50072092.00, 50072092.00, 6887.33, 5291.80, 5.61%
- Epoch 024, ExpID 91922
Train - Loss: 37553119.22
Val - Loss, MSE, RMSE, MAE, MAPE: 43190508.00, 43190508.00, 6530.52, 5020.48, 5.48%
Test - Best epoch, Loss, MSE, RMSE, MAE, MAPE: 24, 49990996.00, 49990995.00, 6882.62, 5285.51, 5.60%
- Epoch 025, ExpID 91922
Train - Loss: 37288005.39
Val - Loss, MSE, RMSE, MAE, MAPE: 42806080.00, 42806078.00, 6501.39, 4992.45, 5.45%
Test - Best epoch, Loss, MSE, RMSE, MAE, MAPE: 25, 49845100.00, 49845099.00, 6872.84, 5273.43, 5.59%
- Epoch 026, ExpID 91922
Train - Loss: 36963751.39
Val - Loss, MSE, RMSE, MAE, MAPE: 42558316.00, 42558316.00, 6483.33, 4974.17, 5.44%
Test - Best epoch, Loss, MSE, RMSE, MAE, MAPE: 26, 49791548.00, 49791549.00, 6867.90, 5264.18, 5.58%
- Epoch 027, ExpID 91922
Train - Loss: 36872614.70
Val - Loss, MSE, RMSE, MAE, MAPE: 42251200.00, 42251201.00, 6460.68, 4954.54, 5.41%
Test - Best epoch, Loss, MSE, RMSE, MAE, MAPE: 27, 49707312.00, 49707314.00, 6862.75, 5257.09, 5.57%
- Epoch 028, ExpID 91922
Train - Loss: 36918681.04
Val - Loss, MSE, RMSE, MAE, MAPE: 41793544.00, 41793543.00, 6424.10, 4920.08, 5.38%
Test - Best epoch, Loss, MSE, RMSE, MAE, MAPE: 28, 49631200.00, 49631200.00, 6857.95, 5249.54, 5.56%
- Epoch 029, ExpID 91922
Train - Loss: 36532108.17
Val - Loss, MSE, RMSE, MAE, MAPE: 41440480.00, 41440478.00, 6397.82, 4895.95, 5.35%
Test - Best epoch, Loss, MSE, RMSE, MAE, MAPE: 29, 49490192.00, 49490192.00, 6851.93, 5240.03, 5.55%
- Epoch 030, ExpID 91922
Train - Loss: 36245070.78
Val - Loss, MSE, RMSE, MAE, MAPE: 41159768.00, 41159767.00, 6375.10, 4877.65, 5.33%
Test - Best epoch, Loss, MSE, RMSE, MAE, MAPE: 30, 49509204.00, 49509204.00, 6847.53, 5234.83, 5.54%
- Epoch 031, ExpID 91922
Train - Loss: 36143611.57
Val - Loss, MSE, RMSE, MAE, MAPE: 40840544.00, 40840542.00, 6350.18, 4855.00, 5.31%
Test - Best epoch, Loss, MSE, RMSE, MAE, MAPE: 31, 49522800.00, 49522800.00, 6850.66, 5234.74, 5.54%
- Epoch 032, ExpID 91922
Train - Loss: 36017824.52
Val - Loss, MSE, RMSE, MAE, MAPE: 40571532.00, 40571531.00, 6329.83, 4838.31, 5.28%
Test - Best epoch, Loss, MSE, RMSE, MAE, MAPE: 32, 49456776.00, 49456774.00, 6852.14, 5238.55, 5.54%
- Epoch 033, ExpID 91922
Train - Loss: 35676983.04
Val - Loss, MSE, RMSE, MAE, MAPE: 40294444.00, 40294443.00, 6306.74, 4816.92, 5.27%
Test - Best epoch, Loss, MSE, RMSE, MAE, MAPE: 33, 49374768.00, 49374768.00, 6841.00, 5226.49, 5.53%
- Epoch 034, ExpID 91922
Train - Loss: 35691351.13
Val - Loss, MSE, RMSE, MAE, MAPE: 40061856.00, 40061855.00, 6286.97, 4802.77, 5.25%
Test - Best epoch, Loss, MSE, RMSE, MAE, MAPE: 34, 49456768.00, 49456766.00, 6842.39, 5229.47, 5.54%
- Epoch 035, ExpID 91922
Train - Loss: 35709793.39
Val - Loss, MSE, RMSE, MAE, MAPE: 39788624.00, 39788623.00, 6266.29, 4780.47, 5.22%
Test - Best epoch, Loss, MSE, RMSE, MAE, MAPE: 35, 49383604.00, 49383605.00, 6848.86, 5234.33, 5.54%
- Epoch 036, ExpID 91922
Train - Loss: 35473543.30
Val - Loss, MSE, RMSE, MAE, MAPE: 39661584.00, 39661584.00, 6256.37, 4776.21, 5.22%
Test - Best epoch, Loss, MSE, RMSE, MAE, MAPE: 36, 49444992.00, 49444994.00, 6847.41, 5234.00, 5.54%
- Epoch 037, ExpID 91922
Train - Loss: 35206649.22
Val - Loss, MSE, RMSE, MAE, MAPE: 39349668.00, 39349667.00, 6232.36, 4754.58, 5.19%
Test - Best epoch, Loss, MSE, RMSE, MAE, MAPE: 37, 49586744.00, 49586744.00, 6869.16, 5258.49, 5.56%
- Epoch 038, ExpID 91922
Train - Loss: 34928113.83
Val - Loss, MSE, RMSE, MAE, MAPE: 39065712.00, 39065712.00, 6208.04, 4733.47, 5.17%
Test - Best epoch, Loss, MSE, RMSE, MAE, MAPE: 38, 49456892.00, 49456892.00, 6860.93, 5248.78, 5.55%
- Epoch 039, ExpID 91922
Train - Loss: 34938635.57
Val - Loss, MSE, RMSE, MAE, MAPE: 38810428.00, 38810427.00, 6185.52, 4715.69, 5.15%
Test - Best epoch, Loss, MSE, RMSE, MAE, MAPE: 39, 49593724.00, 49593725.00, 6865.44, 5250.71, 5.56%
- Epoch 040, ExpID 91922
Train - Loss: 34754881.65
Val - Loss, MSE, RMSE, MAE, MAPE: 38754248.00, 38754248.00, 6182.18, 4716.60, 5.15%
Test - Best epoch, Loss, MSE, RMSE, MAE, MAPE: 40, 49534600.00, 49534601.00, 6860.73, 5249.69, 5.55%
- Epoch 041, ExpID 91922
Train - Loss: 34769850.78
Val - Loss, MSE, RMSE, MAE, MAPE: 38572752.00, 38572752.00, 6168.12, 4708.17, 5.14%
Test - Best epoch, Loss, MSE, RMSE, MAE, MAPE: 41, 49712964.00, 49712963.00, 6879.41, 5270.79, 5.58%
- Epoch 042, ExpID 91922
Train - Loss: 34444012.17
Val - Loss, MSE, RMSE, MAE, MAPE: 38389500.00, 38389500.00, 6153.81, 4699.10, 5.13%
Test - Best epoch, Loss, MSE, RMSE, MAE, MAPE: 42, 49730192.00, 49730193.00, 6887.76, 5278.37, 5.58%
- Epoch 043, ExpID 91922
Train - Loss: 34321174.87
Val - Loss, MSE, RMSE, MAE, MAPE: 38189748.00, 38189749.00, 6135.67, 4683.20, 5.12%
Test - Best epoch, Loss, MSE, RMSE, MAE, MAPE: 43, 49550892.00, 49550892.00, 6870.12, 5261.85, 5.57%
- Epoch 044, ExpID 91922
Train - Loss: 34144707.04
Val - Loss, MSE, RMSE, MAE, MAPE: 38158004.00, 38158004.00, 6134.78, 4686.76, 5.12%
Test - Best epoch, Loss, MSE, RMSE, MAE, MAPE: 44, 49795556.00, 49795557.00, 6892.91, 5286.95, 5.59%
- Epoch 045, ExpID 91922
Train - Loss: 34058399.39
Val - Loss, MSE, RMSE, MAE, MAPE: 37874236.00, 37874235.00, 6112.42, 4677.76, 5.10%
Test - Best epoch, Loss, MSE, RMSE, MAE, MAPE: 45, 49894688.00, 49894688.00, 6917.53, 5316.20, 5.62%
- Epoch 046, ExpID 91922
Train - Loss: 34041466.09
Val - Loss, MSE, RMSE, MAE, MAPE: 37888536.00, 37888535.00, 6114.52, 4684.78, 5.11%
Test - Best epoch, Loss, MSE, RMSE, MAE, MAPE: 45, 49894688.00, 49894688.00, 6917.53, 5316.20, 5.62%
- Epoch 047, ExpID 91922
Train - Loss: 33750271.74
Val - Loss, MSE, RMSE, MAE, MAPE: 37669412.00, 37669411.00, 6094.87, 4667.67, 5.09%
Test - Best epoch, Loss, MSE, RMSE, MAE, MAPE: 47, 49953448.00, 49953450.00, 6918.80, 5319.39, 5.63%
- Epoch 048, ExpID 91922
Train - Loss: 33693803.57
Val - Loss, MSE, RMSE, MAE, MAPE: 37797012.00, 37797012.00, 6108.81, 4686.76, 5.11%
Test - Best epoch, Loss, MSE, RMSE, MAE, MAPE: 47, 49953448.00, 49953450.00, 6918.80, 5319.39, 5.63%
- Epoch 049, ExpID 91922
Train - Loss: 33489324.52
Val - Loss, MSE, RMSE, MAE, MAPE: 37646208.00, 37646206.00, 6094.07, 4676.91, 5.10%
Test - Best epoch, Loss, MSE, RMSE, MAE, MAPE: 49, 50179660.00, 50179659.00, 6937.65, 5339.02, 5.65%
- Epoch 050, ExpID 91922
Train - Loss: 33379449.57
Val - Loss, MSE, RMSE, MAE, MAPE: 37822048.00, 37822049.00, 6114.31, 4700.82, 5.12%
Test - Best epoch, Loss, MSE, RMSE, MAE, MAPE: 49, 50179660.00, 50179659.00, 6937.65, 5339.02, 5.65%
- Epoch 051, ExpID 91922
Train - Loss: 33407780.78
Val - Loss, MSE, RMSE, MAE, MAPE: 37948596.00, 37948595.00, 6125.78, 4714.79, 5.14%
Test - Best epoch, Loss, MSE, RMSE, MAE, MAPE: 49, 50179660.00, 50179659.00, 6937.65, 5339.02, 5.65%
- Epoch 052, ExpID 91922
Train - Loss: 33192986.78
Val - Loss, MSE, RMSE, MAE, MAPE: 37717448.00, 37717448.00, 6106.01, 4701.35, 5.12%
Test - Best epoch, Loss, MSE, RMSE, MAE, MAPE: 49, 50179660.00, 50179659.00, 6937.65, 5339.02, 5.65%
- Epoch 053, ExpID 91922
Train - Loss: 33232624.17
Val - Loss, MSE, RMSE, MAE, MAPE: 37754232.00, 37754234.00, 6109.59, 4706.27, 5.13%
Test - Best epoch, Loss, MSE, RMSE, MAE, MAPE: 49, 50179660.00, 50179659.00, 6937.65, 5339.02, 5.65%
- Epoch 054, ExpID 91922
Train - Loss: 32926219.83
Val - Loss, MSE, RMSE, MAE, MAPE: 37444340.00, 37444340.00, 6081.09, 4684.77, 5.11%
Test - Best epoch, Loss, MSE, RMSE, MAE, MAPE: 54, 50122284.00, 50122283.00, 6941.29, 5348.96, 5.66%
- Epoch 055, ExpID 91922
Train - Loss: 32795192.43
Val - Loss, MSE, RMSE, MAE, MAPE: 37511728.00, 37511730.00, 6089.31, 4695.60, 5.11%
Test - Best epoch, Loss, MSE, RMSE, MAE, MAPE: 54, 50122284.00, 50122283.00, 6941.29, 5348.96, 5.66%
- Epoch 056, ExpID 91922
Train - Loss: 32796288.26
Val - Loss, MSE, RMSE, MAE, MAPE: 37760684.00, 37760684.00, 6114.40, 4725.02, 5.14%
Test - Best epoch, Loss, MSE, RMSE, MAE, MAPE: 54, 50122284.00, 50122283.00, 6941.29, 5348.96, 5.66%
- Epoch 057, ExpID 91922
Train - Loss: 32665273.74
Val - Loss, MSE, RMSE, MAE, MAPE: 37570348.00, 37570348.00, 6095.22, 4709.19, 5.13%
Test - Best epoch, Loss, MSE, RMSE, MAE, MAPE: 54, 50122284.00, 50122283.00, 6941.29, 5348.96, 5.66%
- Epoch 058, ExpID 91922
Train - Loss: 32350936.78
Val - Loss, MSE, RMSE, MAE, MAPE: 37820608.00, 37820610.00, 6119.77, 4736.13, 5.15%
Test - Best epoch, Loss, MSE, RMSE, MAE, MAPE: 54, 50122284.00, 50122283.00, 6941.29, 5348.96, 5.66%
- Epoch 059, ExpID 91922
Train - Loss: 32377221.04
Val - Loss, MSE, RMSE, MAE, MAPE: 38006032.00, 38006034.00, 6138.07, 4761.35, 5.18%
Test - Best epoch, Loss, MSE, RMSE, MAE, MAPE: 54, 50122284.00, 50122283.00, 6941.29, 5348.96, 5.66%
- Epoch 060, ExpID 91922
Train - Loss: 32311260.17
Val - Loss, MSE, RMSE, MAE, MAPE: 38065840.00, 38065842.00, 6143.01, 4762.87, 5.18%
Test - Best epoch, Loss, MSE, RMSE, MAE, MAPE: 54, 50122284.00, 50122283.00, 6941.29, 5348.96, 5.66%
- Epoch 061, ExpID 91922
Train - Loss: 32387890.26
Val - Loss, MSE, RMSE, MAE, MAPE: 38200716.00, 38200717.00, 6157.53, 4787.27, 5.20%
Test - Best epoch, Loss, MSE, RMSE, MAE, MAPE: 54, 50122284.00, 50122283.00, 6941.29, 5348.96, 5.66%
- Epoch 062, ExpID 91922
Train - Loss: 32154342.52
Val - Loss, MSE, RMSE, MAE, MAPE: 37854564.00, 37854563.00, 6125.15, 4754.63, 5.17%
Test - Best epoch, Loss, MSE, RMSE, MAE, MAPE: 54, 50122284.00, 50122283.00, 6941.29, 5348.96, 5.66%
- Epoch 063, ExpID 91922
Train - Loss: 31894235.48
Val - Loss, MSE, RMSE, MAE, MAPE: 37792048.00, 37792048.00, 6119.57, 4749.02, 5.16%
Test - Best epoch, Loss, MSE, RMSE, MAE, MAPE: 54, 50122284.00, 50122283.00, 6941.29, 5348.96, 5.66%
- Epoch 064, ExpID 91922
Train - Loss: 31985565.22
Val - Loss, MSE, RMSE, MAE, MAPE: 38040064.00, 38040064.00, 6143.37, 4779.77, 5.19%
Test - Best epoch, Loss, MSE, RMSE, MAE, MAPE: 54, 50122284.00, 50122283.00, 6941.29, 5348.96, 5.66%
Early Stopping at Epoch 64
Fold 2019 Best RMSE: 6941.2883
