DETAILED LOG | Model: patchtst | Seed: 1
FULL CONFIG: {'gpu': '0', 'target': 'departure', 'cv_start_year': 2017, 'cv_end_year': 2019, 'test_year': 2024, 'use_corona': False, 'seq_len': 56, 'label_len': 0, 'pred_len': 56, 'batch_size': 256, 'epochs': 1000, 'patience': 10, 'lr': 1e-05, 'model': 'patchtst', 'd_model': 128, 'n_heads': 16, 'n_layers': 6, 'dropout': 0.1, 'activation': 'gelu', 'patch_len': 7, 'factor': 5, 'norm_mode': 'revin', 'use_covar': True, 'use_dbloss': False, 'device': device(type='cuda'), 'stride': 14, 'file_path': 'dataset/airport_flight_with_holiday.csv', 'seed': 1, 'val_year': 2019, 'ndims': 1}

-------------------- [Fold: 2017] ExpID: 28166 --------------------
- Epoch 000, ExpID 28166
Train - Loss: 45217306.80
Val - Loss, MSE, RMSE, MAE, MAPE: 74623280.00, 74623278.00, 8545.68, 6826.60, 8.81%
Test - Best epoch, Loss, MSE, RMSE, MAE, MAPE: 0, 114537568.00, 114537572.00, 10702.21, 8452.92, 10.36%
- Epoch 001, ExpID 28166
Train - Loss: 43483020.80
Val - Loss, MSE, RMSE, MAE, MAPE: 70889616.00, 70889618.00, 8318.82, 6652.52, 8.58%
Test - Best epoch, Loss, MSE, RMSE, MAE, MAPE: 1, 110763008.00, 110763004.00, 10524.40, 8286.35, 10.16%
- Epoch 002, ExpID 28166
Train - Loss: 42122582.60
Val - Loss, MSE, RMSE, MAE, MAPE: 67585976.00, 67585976.00, 8110.35, 6491.37, 8.37%
Test - Best epoch, Loss, MSE, RMSE, MAE, MAPE: 2, 107442248.00, 107442248.00, 10365.43, 8139.57, 9.98%
- Epoch 003, ExpID 28166
Train - Loss: 40917249.40
Val - Loss, MSE, RMSE, MAE, MAPE: 64854832.00, 64854834.00, 7933.76, 6352.54, 8.19%
Test - Best epoch, Loss, MSE, RMSE, MAE, MAPE: 3, 104820576.00, 104820576.00, 10238.19, 8021.33, 9.84%
- Epoch 004, ExpID 28166
Train - Loss: 40113081.80
Val - Loss, MSE, RMSE, MAE, MAPE: 62544276.00, 62544276.00, 7779.90, 6232.15, 8.03%
Test - Best epoch, Loss, MSE, RMSE, MAE, MAPE: 4, 102862736.00, 102862740.00, 10142.08, 7932.34, 9.73%
- Epoch 005, ExpID 28166
Train - Loss: 39169769.20
Val - Loss, MSE, RMSE, MAE, MAPE: 60590032.00, 60590032.00, 7646.63, 6124.83, 7.89%
Test - Best epoch, Loss, MSE, RMSE, MAE, MAPE: 5, 101309584.00, 101309588.00, 10065.12, 7859.97, 9.64%
- Epoch 006, ExpID 28166
Train - Loss: 38611694.40
Val - Loss, MSE, RMSE, MAE, MAPE: 58960040.00, 58960038.00, 7532.82, 6033.14, 7.77%
Test - Best epoch, Loss, MSE, RMSE, MAE, MAPE: 6, 100154928.00, 100154932.00, 10007.43, 7807.34, 9.57%
- Epoch 007, ExpID 28166
Train - Loss: 38045207.20
Val - Loss, MSE, RMSE, MAE, MAPE: 57593776.00, 57593774.00, 7436.62, 5956.62, 7.67%
Test - Best epoch, Loss, MSE, RMSE, MAE, MAPE: 7, 99306560.00, 99306564.00, 9964.67, 7766.60, 9.52%
- Epoch 008, ExpID 28166
Train - Loss: 37498317.60
Val - Loss, MSE, RMSE, MAE, MAPE: 56471772.00, 56471772.00, 7357.11, 5893.82, 7.58%
Test - Best epoch, Loss, MSE, RMSE, MAE, MAPE: 8, 98703552.00, 98703552.00, 9933.97, 7737.49, 9.49%
- Epoch 009, ExpID 28166
Train - Loss: 36999158.00
Val - Loss, MSE, RMSE, MAE, MAPE: 55438432.00, 55438431.00, 7281.73, 5831.89, 7.50%
Test - Best epoch, Loss, MSE, RMSE, MAE, MAPE: 9, 98262408.00, 98262408.00, 9911.23, 7715.45, 9.46%
- Epoch 010, ExpID 28166
Train - Loss: 36673827.00
Val - Loss, MSE, RMSE, MAE, MAPE: 54562148.00, 54562149.00, 7218.17, 5783.35, 7.44%
Test - Best epoch, Loss, MSE, RMSE, MAE, MAPE: 10, 97951896.00, 97951896.00, 9894.93, 7699.72, 9.44%
- Epoch 011, ExpID 28166
Train - Loss: 36222480.70
Val - Loss, MSE, RMSE, MAE, MAPE: 53724680.00, 53724678.00, 7155.88, 5731.14, 7.37%
Test - Best epoch, Loss, MSE, RMSE, MAE, MAPE: 11, 97823264.00, 97823268.00, 9887.58, 7692.57, 9.43%
- Epoch 012, ExpID 28166
Train - Loss: 35866411.50
Val - Loss, MSE, RMSE, MAE, MAPE: 53020600.00, 53020598.00, 7103.37, 5686.16, 7.31%
Test - Best epoch, Loss, MSE, RMSE, MAE, MAPE: 12, 97685472.00, 97685472.00, 9879.77, 7686.01, 9.42%
- Epoch 013, ExpID 28166
Train - Loss: 35650208.00
Val - Loss, MSE, RMSE, MAE, MAPE: 52392072.00, 52392073.00, 7056.57, 5646.44, 7.26%
Test - Best epoch, Loss, MSE, RMSE, MAE, MAPE: 13, 97661424.00, 97661428.00, 9877.57, 7684.38, 9.41%
- Epoch 014, ExpID 28166
Train - Loss: 35411253.70
Val - Loss, MSE, RMSE, MAE, MAPE: 51842260.00, 51842259.00, 7016.04, 5614.16, 7.22%
Test - Best epoch, Loss, MSE, RMSE, MAE, MAPE: 14, 97708808.00, 97708808.00, 9878.84, 7688.33, 9.42%
- Epoch 015, ExpID 28166
Train - Loss: 35174332.50
Val - Loss, MSE, RMSE, MAE, MAPE: 51311988.00, 51311989.00, 6975.92, 5581.44, 7.17%
Test - Best epoch, Loss, MSE, RMSE, MAE, MAPE: 15, 97782592.00, 97782596.00, 9881.40, 7694.39, 9.42%
- Epoch 016, ExpID 28166
Train - Loss: 34819273.20
Val - Loss, MSE, RMSE, MAE, MAPE: 50883940.00, 50883941.00, 6945.01, 5555.36, 7.14%
Test - Best epoch, Loss, MSE, RMSE, MAE, MAPE: 16, 97976896.00, 97976896.00, 9889.77, 7703.66, 9.43%
- Epoch 017, ExpID 28166
Train - Loss: 34686318.20
Val - Loss, MSE, RMSE, MAE, MAPE: 50453368.00, 50453370.00, 6912.77, 5527.89, 7.10%
Test - Best epoch, Loss, MSE, RMSE, MAE, MAPE: 17, 98186624.00, 98186628.00, 9898.87, 7717.93, 9.45%
- Epoch 018, ExpID 28166
Train - Loss: 34500796.50
Val - Loss, MSE, RMSE, MAE, MAPE: 50063664.00, 50063666.00, 6884.17, 5503.18, 7.07%
Test - Best epoch, Loss, MSE, RMSE, MAE, MAPE: 18, 98434272.00, 98434268.00, 9909.70, 7731.58, 9.46%
- Epoch 019, ExpID 28166
Train - Loss: 34431834.20
Val - Loss, MSE, RMSE, MAE, MAPE: 49657880.00, 49657880.00, 6853.25, 5475.74, 7.04%
Test - Best epoch, Loss, MSE, RMSE, MAE, MAPE: 19, 98663072.00, 98663068.00, 9919.57, 7747.71, 9.48%
- Epoch 020, ExpID 28166
Train - Loss: 34090436.60
Val - Loss, MSE, RMSE, MAE, MAPE: 49296712.00, 49296713.00, 6826.15, 5453.07, 7.01%
Test - Best epoch, Loss, MSE, RMSE, MAE, MAPE: 20, 98968648.00, 98968648.00, 9933.06, 7767.31, 9.50%
- Epoch 021, ExpID 28166
Train - Loss: 33850274.00
Val - Loss, MSE, RMSE, MAE, MAPE: 48994856.00, 48994856.00, 6805.30, 5434.92, 6.98%
Test - Best epoch, Loss, MSE, RMSE, MAE, MAPE: 21, 99315440.00, 99315440.00, 9948.45, 7785.47, 9.52%
- Epoch 022, ExpID 28166
Train - Loss: 33639116.20
Val - Loss, MSE, RMSE, MAE, MAPE: 48667504.00, 48667502.00, 6780.61, 5412.16, 6.95%
Test - Best epoch, Loss, MSE, RMSE, MAE, MAPE: 22, 99649824.00, 99649820.00, 9963.11, 7807.32, 9.55%
- Epoch 023, ExpID 28166
Train - Loss: 33521874.70
Val - Loss, MSE, RMSE, MAE, MAPE: 48319512.00, 48319510.00, 6753.58, 5388.23, 6.92%
Test - Best epoch, Loss, MSE, RMSE, MAE, MAPE: 23, 100082584.00, 100082584.00, 9982.36, 7834.45, 9.58%
- Epoch 024, ExpID 28166
Train - Loss: 33434337.50
Val - Loss, MSE, RMSE, MAE, MAPE: 48042076.00, 48042075.00, 6733.55, 5369.46, 6.90%
Test - Best epoch, Loss, MSE, RMSE, MAE, MAPE: 24, 100484280.00, 100484280.00, 10000.04, 7855.75, 9.60%
- Epoch 025, ExpID 28166
Train - Loss: 33337271.90
Val - Loss, MSE, RMSE, MAE, MAPE: 47744216.00, 47744217.00, 6711.18, 5349.56, 6.87%
Test - Best epoch, Loss, MSE, RMSE, MAE, MAPE: 25, 100911104.00, 100911104.00, 10018.82, 7882.65, 9.63%
- Epoch 026, ExpID 28166
Train - Loss: 33204945.40
Val - Loss, MSE, RMSE, MAE, MAPE: 47447792.00, 47447794.00, 6689.38, 5330.60, 6.84%
Test - Best epoch, Loss, MSE, RMSE, MAE, MAPE: 26, 101435432.00, 101435432.00, 10041.97, 7913.69, 9.67%
- Epoch 027, ExpID 28166
Train - Loss: 32985071.80
Val - Loss, MSE, RMSE, MAE, MAPE: 47185920.00, 47185919.00, 6669.84, 5310.14, 6.82%
Test - Best epoch, Loss, MSE, RMSE, MAE, MAPE: 27, 101971728.00, 101971732.00, 10065.44, 7945.34, 9.70%
- Epoch 028, ExpID 28166
Train - Loss: 32677970.80
Val - Loss, MSE, RMSE, MAE, MAPE: 46892212.00, 46892211.00, 6648.13, 5288.62, 6.79%
Test - Best epoch, Loss, MSE, RMSE, MAE, MAPE: 28, 102685600.00, 102685596.00, 10096.80, 7985.43, 9.75%
- Epoch 029, ExpID 28166
Train - Loss: 32569121.40
Val - Loss, MSE, RMSE, MAE, MAPE: 46598392.00, 46598391.00, 6625.54, 5267.07, 6.76%
Test - Best epoch, Loss, MSE, RMSE, MAE, MAPE: 29, 103304464.00, 103304468.00, 10123.71, 8020.72, 9.79%
- Epoch 030, ExpID 28166
Train - Loss: 32374778.90
Val - Loss, MSE, RMSE, MAE, MAPE: 46286188.00, 46286189.00, 6600.66, 5243.55, 6.73%
Test - Best epoch, Loss, MSE, RMSE, MAE, MAPE: 30, 104091472.00, 104091472.00, 10157.89, 8064.97, 9.83%
- Epoch 031, ExpID 28166
Train - Loss: 32501343.60
Val - Loss, MSE, RMSE, MAE, MAPE: 46083256.00, 46083258.00, 6587.35, 5230.28, 6.71%
Test - Best epoch, Loss, MSE, RMSE, MAE, MAPE: 31, 104721760.00, 104721760.00, 10185.25, 8098.52, 9.87%
- Epoch 032, ExpID 28166
Train - Loss: 32411708.50
Val - Loss, MSE, RMSE, MAE, MAPE: 45771536.00, 45771535.00, 6563.32, 5206.69, 6.68%
Test - Best epoch, Loss, MSE, RMSE, MAE, MAPE: 32, 105586168.00, 105586168.00, 10222.34, 8144.76, 9.93%
- Epoch 033, ExpID 28166
Train - Loss: 32210506.10
Val - Loss, MSE, RMSE, MAE, MAPE: 45498092.00, 45498091.00, 6542.78, 5187.45, 6.65%
Test - Best epoch, Loss, MSE, RMSE, MAE, MAPE: 33, 106342112.00, 106342116.00, 10254.46, 8185.68, 9.97%
- Epoch 034, ExpID 28166
Train - Loss: 31990969.10
Val - Loss, MSE, RMSE, MAE, MAPE: 45174376.00, 45174375.00, 6515.31, 5161.20, 6.61%
Test - Best epoch, Loss, MSE, RMSE, MAE, MAPE: 34, 107472288.00, 107472288.00, 10302.67, 8245.07, 10.04%
- Epoch 035, ExpID 28166
Train - Loss: 31843185.20
Val - Loss, MSE, RMSE, MAE, MAPE: 44896968.00, 44896970.00, 6494.90, 5138.95, 6.58%
Test - Best epoch, Loss, MSE, RMSE, MAE, MAPE: 35, 108654352.00, 108654356.00, 10352.31, 8299.43, 10.10%
- Epoch 036, ExpID 28166
Train - Loss: 31720099.70
Val - Loss, MSE, RMSE, MAE, MAPE: 44630784.00, 44630782.00, 6474.63, 5121.38, 6.56%
Test - Best epoch, Loss, MSE, RMSE, MAE, MAPE: 36, 109693296.00, 109693300.00, 10395.97, 8351.62, 10.15%
- Epoch 037, ExpID 28166
Train - Loss: 31627799.60
Val - Loss, MSE, RMSE, MAE, MAPE: 44319616.00, 44319617.00, 6449.40, 5097.28, 6.53%
Test - Best epoch, Loss, MSE, RMSE, MAE, MAPE: 37, 110885200.00, 110885204.00, 10445.48, 8405.21, 10.21%
- Epoch 038, ExpID 28166
Train - Loss: 31478063.10
Val - Loss, MSE, RMSE, MAE, MAPE: 44090328.00, 44090327.00, 6435.20, 5083.73, 6.51%
Test - Best epoch, Loss, MSE, RMSE, MAE, MAPE: 38, 112045472.00, 112045472.00, 10493.06, 8456.04, 10.27%
- Epoch 039, ExpID 28166
Train - Loss: 31298397.30
Val - Loss, MSE, RMSE, MAE, MAPE: 43805896.00, 43805896.00, 6414.40, 5063.58, 6.48%
Test - Best epoch, Loss, MSE, RMSE, MAE, MAPE: 39, 113706392.00, 113706392.00, 10561.12, 8530.86, 10.35%
- Epoch 040, ExpID 28166
Train - Loss: 31255584.70
Val - Loss, MSE, RMSE, MAE, MAPE: 43522608.00, 43522609.00, 6391.71, 5044.85, 6.45%
Test - Best epoch, Loss, MSE, RMSE, MAE, MAPE: 40, 115204080.00, 115204084.00, 10621.97, 8594.27, 10.42%
- Epoch 041, ExpID 28166
Train - Loss: 31233823.20
Val - Loss, MSE, RMSE, MAE, MAPE: 43297512.00, 43297513.00, 6374.88, 5030.08, 6.43%
Test - Best epoch, Loss, MSE, RMSE, MAE, MAPE: 41, 117057272.00, 117057272.00, 10696.74, 8671.79, 10.51%
- Epoch 042, ExpID 28166
Train - Loss: 30981440.10
Val - Loss, MSE, RMSE, MAE, MAPE: 43068032.00, 43068032.00, 6359.56, 5015.51, 6.41%
Test - Best epoch, Loss, MSE, RMSE, MAE, MAPE: 42, 118133576.00, 118133576.00, 10739.25, 8715.63, 10.56%
- Epoch 043, ExpID 28166
Train - Loss: 31103007.60
Val - Loss, MSE, RMSE, MAE, MAPE: 42871116.00, 42871115.00, 6342.64, 5002.22, 6.39%
Test - Best epoch, Loss, MSE, RMSE, MAE, MAPE: 43, 119190000.00, 119190000.00, 10781.37, 8759.71, 10.60%
- Epoch 044, ExpID 28166
Train - Loss: 30853825.00
Val - Loss, MSE, RMSE, MAE, MAPE: 42637708.00, 42637707.00, 6325.50, 4989.08, 6.37%
Test - Best epoch, Loss, MSE, RMSE, MAE, MAPE: 44, 119584704.00, 119584700.00, 10796.52, 8773.46, 10.61%
- Epoch 045, ExpID 28166
Train - Loss: 30833836.70
Val - Loss, MSE, RMSE, MAE, MAPE: 42373736.00, 42373736.00, 6309.02, 4975.10, 6.36%
Test - Best epoch, Loss, MSE, RMSE, MAE, MAPE: 45, 120275168.00, 120275172.00, 10822.83, 8800.26, 10.65%
- Epoch 046, ExpID 28166
Train - Loss: 30742426.80
Val - Loss, MSE, RMSE, MAE, MAPE: 42187176.00, 42187176.00, 6296.10, 4965.11, 6.34%
Test - Best epoch, Loss, MSE, RMSE, MAE, MAPE: 46, 121077208.00, 121077208.00, 10853.86, 8829.66, 10.68%
- Epoch 047, ExpID 28166
Train - Loss: 30626824.50
Val - Loss, MSE, RMSE, MAE, MAPE: 41991628.00, 41991627.00, 6281.08, 4954.15, 6.32%
Test - Best epoch, Loss, MSE, RMSE, MAE, MAPE: 47, 122462240.00, 122462236.00, 10907.52, 8880.67, 10.73%
- Epoch 048, ExpID 28166
Train - Loss: 30309844.50
Val - Loss, MSE, RMSE, MAE, MAPE: 41693816.00, 41693816.00, 6260.40, 4940.42, 6.31%
Test - Best epoch, Loss, MSE, RMSE, MAE, MAPE: 48, 123342720.00, 123342716.00, 10940.83, 8913.28, 10.77%
- Epoch 049, ExpID 28166
Train - Loss: 30266267.40
Val - Loss, MSE, RMSE, MAE, MAPE: 41552132.00, 41552132.00, 6251.65, 4929.92, 6.29%
Test - Best epoch, Loss, MSE, RMSE, MAE, MAPE: 49, 123746920.00, 123746920.00, 10955.86, 8922.81, 10.78%
- Epoch 050, ExpID 28166
Train - Loss: 30200620.70
Val - Loss, MSE, RMSE, MAE, MAPE: 41413252.00, 41413252.00, 6241.39, 4922.32, 6.28%
Test - Best epoch, Loss, MSE, RMSE, MAE, MAPE: 50, 124345656.00, 124345656.00, 10978.72, 8941.65, 10.79%
- Epoch 051, ExpID 28166
Train - Loss: 30155234.60
Val - Loss, MSE, RMSE, MAE, MAPE: 41158500.00, 41158500.00, 6224.04, 4907.52, 6.26%
Test - Best epoch, Loss, MSE, RMSE, MAE, MAPE: 51, 123886872.00, 123886872.00, 10960.41, 8923.82, 10.78%
- Epoch 052, ExpID 28166
Train - Loss: 30029567.10
Val - Loss, MSE, RMSE, MAE, MAPE: 40944412.00, 40944412.00, 6207.88, 4897.48, 6.25%
Test - Best epoch, Loss, MSE, RMSE, MAE, MAPE: 52, 125015352.00, 125015352.00, 11002.89, 8961.54, 10.82%
- Epoch 053, ExpID 28166
Train - Loss: 30037041.10
Val - Loss, MSE, RMSE, MAE, MAPE: 40921284.00, 40921285.00, 6206.85, 4894.46, 6.24%
Test - Best epoch, Loss, MSE, RMSE, MAE, MAPE: 53, 125756568.00, 125756568.00, 11032.53, 8981.04, 10.83%
- Epoch 054, ExpID 28166
Train - Loss: 30078479.70
Val - Loss, MSE, RMSE, MAE, MAPE: 40593120.00, 40593122.00, 6181.25, 4876.07, 6.22%
Test - Best epoch, Loss, MSE, RMSE, MAE, MAPE: 54, 125019048.00, 125019048.00, 11003.08, 8956.57, 10.81%
- Epoch 055, ExpID 28166
Train - Loss: 29831814.80
Val - Loss, MSE, RMSE, MAE, MAPE: 40416256.00, 40416256.00, 6171.31, 4864.31, 6.21%
Test - Best epoch, Loss, MSE, RMSE, MAE, MAPE: 55, 124766656.00, 124766660.00, 10991.77, 8947.29, 10.80%
- Epoch 056, ExpID 28166
Train - Loss: 29792755.40
Val - Loss, MSE, RMSE, MAE, MAPE: 40213352.00, 40213353.00, 6154.39, 4854.51, 6.19%
Test - Best epoch, Loss, MSE, RMSE, MAE, MAPE: 56, 126438584.00, 126438584.00, 11055.31, 9004.42, 10.86%
- Epoch 057, ExpID 28166
Train - Loss: 29711600.50
Val - Loss, MSE, RMSE, MAE, MAPE: 40250428.00, 40250429.00, 6156.68, 4854.72, 6.18%
Test - Best epoch, Loss, MSE, RMSE, MAE, MAPE: 56, 126438584.00, 126438584.00, 11055.31, 9004.42, 10.86%
- Epoch 058, ExpID 28166
Train - Loss: 29605565.80
Val - Loss, MSE, RMSE, MAE, MAPE: 40052760.00, 40052761.00, 6142.12, 4842.50, 6.17%
Test - Best epoch, Loss, MSE, RMSE, MAE, MAPE: 58, 125168152.00, 125168152.00, 11008.63, 8950.10, 10.79%
- Epoch 059, ExpID 28166
Train - Loss: 29693161.70
Val - Loss, MSE, RMSE, MAE, MAPE: 39718552.00, 39718552.00, 6119.56, 4823.89, 6.15%
Test - Best epoch, Loss, MSE, RMSE, MAE, MAPE: 59, 125170168.00, 125170168.00, 11005.42, 8951.61, 10.79%
- Epoch 060, ExpID 28166
Train - Loss: 29528984.40
Val - Loss, MSE, RMSE, MAE, MAPE: 39530400.00, 39530398.00, 6104.00, 4812.54, 6.14%
Test - Best epoch, Loss, MSE, RMSE, MAE, MAPE: 60, 125024632.00, 125024632.00, 10999.72, 8942.17, 10.78%
- Epoch 061, ExpID 28166
Train - Loss: 29405728.90
Val - Loss, MSE, RMSE, MAE, MAPE: 39450288.00, 39450289.00, 6098.12, 4807.80, 6.13%
Test - Best epoch, Loss, MSE, RMSE, MAE, MAPE: 61, 125288896.00, 125288896.00, 11009.44, 8947.41, 10.78%
- Epoch 062, ExpID 28166
Train - Loss: 29514958.50
Val - Loss, MSE, RMSE, MAE, MAPE: 39358888.00, 39358889.00, 6092.32, 4800.87, 6.12%
Test - Best epoch, Loss, MSE, RMSE, MAE, MAPE: 62, 124669992.00, 124669992.00, 10985.48, 8925.99, 10.76%
- Epoch 063, ExpID 28166
Train - Loss: 29478177.80
Val - Loss, MSE, RMSE, MAE, MAPE: 39128768.00, 39128767.00, 6075.14, 4788.04, 6.10%
Test - Best epoch, Loss, MSE, RMSE, MAE, MAPE: 63, 124995872.00, 124995868.00, 10997.06, 8934.31, 10.77%
- Epoch 064, ExpID 28166
Train - Loss: 29251917.40
Val - Loss, MSE, RMSE, MAE, MAPE: 39055580.00, 39055580.00, 6070.12, 4783.35, 6.09%
Test - Best epoch, Loss, MSE, RMSE, MAE, MAPE: 64, 124786248.00, 124786248.00, 10989.28, 8925.01, 10.76%
- Epoch 065, ExpID 28166
Train - Loss: 29161140.90
Val - Loss, MSE, RMSE, MAE, MAPE: 38910440.00, 38910441.00, 6059.91, 4773.47, 6.08%
Test - Best epoch, Loss, MSE, RMSE, MAE, MAPE: 65, 124253264.00, 124253260.00, 10967.88, 8902.68, 10.73%
- Epoch 066, ExpID 28166
Train - Loss: 29207945.30
Val - Loss, MSE, RMSE, MAE, MAPE: 38726920.00, 38726922.00, 6045.50, 4764.81, 6.07%
Test - Best epoch, Loss, MSE, RMSE, MAE, MAPE: 66, 124964976.00, 124964976.00, 10994.27, 8928.39, 10.76%
- Epoch 067, ExpID 28166
Train - Loss: 29159661.50
Val - Loss, MSE, RMSE, MAE, MAPE: 38602716.00, 38602715.00, 6034.97, 4756.06, 6.06%
Test - Best epoch, Loss, MSE, RMSE, MAE, MAPE: 67, 124159760.00, 124159756.00, 10962.80, 8896.18, 10.72%
- Epoch 068, ExpID 28166
Train - Loss: 29009111.40
Val - Loss, MSE, RMSE, MAE, MAPE: 38311648.00, 38311649.00, 6014.30, 4737.91, 6.05%
Test - Best epoch, Loss, MSE, RMSE, MAE, MAPE: 68, 123306192.00, 123306192.00, 10927.54, 8868.37, 10.69%
- Epoch 069, ExpID 28166
Train - Loss: 29060254.40
Val - Loss, MSE, RMSE, MAE, MAPE: 38360096.00, 38360096.00, 6019.19, 4740.83, 6.04%
Test - Best epoch, Loss, MSE, RMSE, MAE, MAPE: 68, 123306192.00, 123306192.00, 10927.54, 8868.37, 10.69%
- Epoch 070, ExpID 28166
Train - Loss: 28981991.20
Val - Loss, MSE, RMSE, MAE, MAPE: 38214796.00, 38214797.00, 6006.08, 4731.62, 6.03%
Test - Best epoch, Loss, MSE, RMSE, MAE, MAPE: 70, 124292464.00, 124292464.00, 10966.06, 8895.52, 10.72%
- Epoch 071, ExpID 28166
Train - Loss: 28834866.50
Val - Loss, MSE, RMSE, MAE, MAPE: 38101448.00, 38101448.00, 5997.30, 4723.88, 6.02%
Test - Best epoch, Loss, MSE, RMSE, MAE, MAPE: 71, 123833984.00, 123833984.00, 10948.50, 8877.68, 10.69%
- Epoch 072, ExpID 28166
Train - Loss: 28700591.60
Val - Loss, MSE, RMSE, MAE, MAPE: 37993368.00, 37993370.00, 5991.27, 4719.01, 6.01%
Test - Best epoch, Loss, MSE, RMSE, MAE, MAPE: 72, 124389952.00, 124389948.00, 10969.31, 8893.70, 10.71%
- Epoch 073, ExpID 28166
Train - Loss: 28824996.50
Val - Loss, MSE, RMSE, MAE, MAPE: 37820896.00, 37820895.00, 5978.32, 4708.72, 6.00%
Test - Best epoch, Loss, MSE, RMSE, MAE, MAPE: 73, 124590256.00, 124590252.00, 10975.47, 8901.19, 10.72%
- Epoch 074, ExpID 28166
Train - Loss: 28854010.40
Val - Loss, MSE, RMSE, MAE, MAPE: 37879044.00, 37879044.00, 5981.17, 4707.54, 6.00%
Test - Best epoch, Loss, MSE, RMSE, MAE, MAPE: 73, 124590256.00, 124590252.00, 10975.47, 8901.19, 10.72%
- Epoch 075, ExpID 28166
Train - Loss: 28663849.50
Val - Loss, MSE, RMSE, MAE, MAPE: 37524268.00, 37524267.00, 5954.76, 4688.60, 5.98%
Test - Best epoch, Loss, MSE, RMSE, MAE, MAPE: 75, 122667408.00, 122667412.00, 10899.98, 8828.72, 10.64%
- Epoch 076, ExpID 28166
Train - Loss: 28635520.20
Val - Loss, MSE, RMSE, MAE, MAPE: 37318888.00, 37318889.00, 5940.02, 4676.96, 5.96%
Test - Best epoch, Loss, MSE, RMSE, MAE, MAPE: 76, 123065936.00, 123065936.00, 10914.07, 8846.04, 10.66%
- Epoch 077, ExpID 28166
Train - Loss: 28659719.90
Val - Loss, MSE, RMSE, MAE, MAPE: 37400320.00, 37400320.00, 5945.71, 4679.38, 5.96%
Test - Best epoch, Loss, MSE, RMSE, MAE, MAPE: 76, 123065936.00, 123065936.00, 10914.07, 8846.04, 10.66%
- Epoch 078, ExpID 28166
Train - Loss: 28674921.30
Val - Loss, MSE, RMSE, MAE, MAPE: 37274708.00, 37274709.00, 5935.72, 4672.36, 5.95%
Test - Best epoch, Loss, MSE, RMSE, MAE, MAPE: 78, 122270056.00, 122270056.00, 10883.93, 8809.53, 10.61%
- Epoch 079, ExpID 28166
Train - Loss: 28501475.70
Val - Loss, MSE, RMSE, MAE, MAPE: 37056504.00, 37056504.00, 5920.65, 4659.53, 5.94%
Test - Best epoch, Loss, MSE, RMSE, MAE, MAPE: 79, 122913184.00, 122913180.00, 10906.05, 8830.80, 10.64%
- Epoch 080, ExpID 28166
Train - Loss: 28511696.10
Val - Loss, MSE, RMSE, MAE, MAPE: 37053936.00, 37053936.00, 5917.09, 4657.03, 5.93%
Test - Best epoch, Loss, MSE, RMSE, MAE, MAPE: 80, 122350816.00, 122350816.00, 10885.37, 8808.98, 10.61%
- Epoch 081, ExpID 28166
Train - Loss: 28430318.10
Val - Loss, MSE, RMSE, MAE, MAPE: 37000728.00, 37000728.00, 5914.19, 4655.97, 5.93%
Test - Best epoch, Loss, MSE, RMSE, MAE, MAPE: 81, 121924152.00, 121924152.00, 10868.56, 8791.17, 10.59%
- Epoch 082, ExpID 28166
Train - Loss: 28368209.10
Val - Loss, MSE, RMSE, MAE, MAPE: 36957600.00, 36957599.00, 5910.30, 4654.05, 5.93%
Test - Best epoch, Loss, MSE, RMSE, MAE, MAPE: 82, 122296216.00, 122296216.00, 10882.88, 8802.62, 10.60%
- Epoch 083, ExpID 28166
Train - Loss: 28321385.50
Val - Loss, MSE, RMSE, MAE, MAPE: 36799632.00, 36799633.00, 5897.65, 4641.05, 5.92%
Test - Best epoch, Loss, MSE, RMSE, MAE, MAPE: 83, 120677568.00, 120677568.00, 10818.74, 8743.28, 10.53%
- Epoch 084, ExpID 28166
Train - Loss: 28320587.70
Val - Loss, MSE, RMSE, MAE, MAPE: 36543468.00, 36543469.00, 5879.54, 4626.88, 5.90%
Test - Best epoch, Loss, MSE, RMSE, MAE, MAPE: 84, 120994928.00, 120994932.00, 10828.88, 8755.31, 10.55%
- Epoch 085, ExpID 28166
Train - Loss: 28295369.50
Val - Loss, MSE, RMSE, MAE, MAPE: 36535680.00, 36535679.00, 5879.83, 4627.31, 5.90%
Test - Best epoch, Loss, MSE, RMSE, MAE, MAPE: 85, 121627840.00, 121627840.00, 10853.02, 8775.08, 10.57%
- Epoch 086, ExpID 28166
Train - Loss: 28155620.20
Val - Loss, MSE, RMSE, MAE, MAPE: 36483664.00, 36483664.00, 5874.29, 4623.24, 5.89%
Test - Best epoch, Loss, MSE, RMSE, MAE, MAPE: 86, 120990608.00, 120990608.00, 10828.33, 8751.37, 10.54%
- Epoch 087, ExpID 28166
Train - Loss: 28248254.50
Val - Loss, MSE, RMSE, MAE, MAPE: 36402924.00, 36402925.00, 5867.50, 4617.74, 5.88%
Test - Best epoch, Loss, MSE, RMSE, MAE, MAPE: 87, 121469264.00, 121469264.00, 10846.28, 8769.84, 10.56%
- Epoch 088, ExpID 28166
Train - Loss: 28139792.10
Val - Loss, MSE, RMSE, MAE, MAPE: 36353792.00, 36353793.00, 5863.77, 4613.69, 5.88%
Test - Best epoch, Loss, MSE, RMSE, MAE, MAPE: 88, 120152208.00, 120152204.00, 10794.68, 8721.01, 10.50%
- Epoch 089, ExpID 28166
Train - Loss: 27953914.80
Val - Loss, MSE, RMSE, MAE, MAPE: 36139436.00, 36139435.00, 5849.94, 4602.26, 5.87%
Test - Best epoch, Loss, MSE, RMSE, MAE, MAPE: 89, 121141888.00, 121141892.00, 10830.60, 8755.14, 10.54%
- Epoch 090, ExpID 28166
Train - Loss: 28054553.70
Val - Loss, MSE, RMSE, MAE, MAPE: 36403844.00, 36403843.00, 5867.04, 4617.89, 5.88%
Test - Best epoch, Loss, MSE, RMSE, MAE, MAPE: 89, 121141888.00, 121141892.00, 10830.60, 8755.14, 10.54%
- Epoch 091, ExpID 28166
Train - Loss: 28092943.40
Val - Loss, MSE, RMSE, MAE, MAPE: 36201396.00, 36201397.00, 5852.46, 4603.48, 5.86%
Test - Best epoch, Loss, MSE, RMSE, MAE, MAPE: 89, 121141888.00, 121141892.00, 10830.60, 8755.14, 10.54%
- Epoch 092, ExpID 28166
Train - Loss: 27816539.30
Val - Loss, MSE, RMSE, MAE, MAPE: 35870408.00, 35870406.00, 5828.22, 4585.09, 5.85%
Test - Best epoch, Loss, MSE, RMSE, MAE, MAPE: 92, 119261136.00, 119261140.00, 10756.92, 8687.69, 10.47%
- Epoch 093, ExpID 28166
Train - Loss: 27778510.00
Val - Loss, MSE, RMSE, MAE, MAPE: 35743828.00, 35743829.00, 5818.99, 4578.69, 5.84%
Test - Best epoch, Loss, MSE, RMSE, MAE, MAPE: 93, 120909544.00, 120909544.00, 10818.69, 8745.28, 10.53%
- Epoch 094, ExpID 28166
Train - Loss: 27986298.00
Val - Loss, MSE, RMSE, MAE, MAPE: 35922808.00, 35922810.00, 5833.02, 4588.60, 5.84%
Test - Best epoch, Loss, MSE, RMSE, MAE, MAPE: 93, 120909544.00, 120909544.00, 10818.69, 8745.28, 10.53%
- Epoch 095, ExpID 28166
Train - Loss: 27823414.80
Val - Loss, MSE, RMSE, MAE, MAPE: 35874560.00, 35874561.00, 5827.00, 4585.69, 5.84%
Test - Best epoch, Loss, MSE, RMSE, MAE, MAPE: 93, 120909544.00, 120909544.00, 10818.69, 8745.28, 10.53%
- Epoch 096, ExpID 28166
Train - Loss: 27771272.30
Val - Loss, MSE, RMSE, MAE, MAPE: 35555556.00, 35555556.00, 5802.80, 4566.17, 5.82%
Test - Best epoch, Loss, MSE, RMSE, MAE, MAPE: 96, 118886768.00, 118886772.00, 10739.15, 8666.38, 10.44%
- Epoch 097, ExpID 28166
Train - Loss: 27918370.00
Val - Loss, MSE, RMSE, MAE, MAPE: 35524664.00, 35524662.00, 5801.80, 4564.66, 5.82%
Test - Best epoch, Loss, MSE, RMSE, MAE, MAPE: 97, 119537280.00, 119537284.00, 10763.82, 8689.41, 10.46%
- Epoch 098, ExpID 28166
Train - Loss: 27904501.40
Val - Loss, MSE, RMSE, MAE, MAPE: 35509448.00, 35509447.00, 5798.63, 4563.43, 5.82%
Test - Best epoch, Loss, MSE, RMSE, MAE, MAPE: 98, 119581232.00, 119581232.00, 10765.44, 8691.74, 10.46%
- Epoch 099, ExpID 28166
Train - Loss: 27766749.30
Val - Loss, MSE, RMSE, MAE, MAPE: 35457616.00, 35457616.00, 5795.54, 4559.54, 5.81%
Test - Best epoch, Loss, MSE, RMSE, MAE, MAPE: 99, 118711040.00, 118711036.00, 10730.86, 8657.46, 10.43%
- Epoch 100, ExpID 28166
Train - Loss: 27708300.90
Val - Loss, MSE, RMSE, MAE, MAPE: 35347932.00, 35347931.00, 5786.89, 4550.66, 5.80%
Test - Best epoch, Loss, MSE, RMSE, MAE, MAPE: 100, 119001520.00, 119001520.00, 10741.65, 8669.14, 10.44%
- Epoch 101, ExpID 28166
Train - Loss: 27637703.20
Val - Loss, MSE, RMSE, MAE, MAPE: 35469532.00, 35469533.00, 5796.97, 4559.98, 5.81%
Test - Best epoch, Loss, MSE, RMSE, MAE, MAPE: 100, 119001520.00, 119001520.00, 10741.65, 8669.14, 10.44%
- Epoch 102, ExpID 28166
Train - Loss: 27548734.40
Val - Loss, MSE, RMSE, MAE, MAPE: 35130072.00, 35130070.00, 5769.26, 4538.43, 5.79%
Test - Best epoch, Loss, MSE, RMSE, MAE, MAPE: 102, 118022568.00, 118022568.00, 10702.54, 8633.90, 10.40%
- Epoch 103, ExpID 28166
Train - Loss: 27650043.90
Val - Loss, MSE, RMSE, MAE, MAPE: 35177680.00, 35177679.00, 5773.84, 4542.11, 5.79%
Test - Best epoch, Loss, MSE, RMSE, MAE, MAPE: 102, 118022568.00, 118022568.00, 10702.54, 8633.90, 10.40%
- Epoch 104, ExpID 28166
Train - Loss: 27444146.30
Val - Loss, MSE, RMSE, MAE, MAPE: 35173716.00, 35173717.00, 5771.24, 4539.62, 5.78%
Test - Best epoch, Loss, MSE, RMSE, MAE, MAPE: 102, 118022568.00, 118022568.00, 10702.54, 8633.90, 10.40%
- Epoch 105, ExpID 28166
Train - Loss: 27528317.40
Val - Loss, MSE, RMSE, MAE, MAPE: 34917468.00, 34917468.00, 5751.75, 4525.40, 5.77%
Test - Best epoch, Loss, MSE, RMSE, MAE, MAPE: 105, 116895104.00, 116895104.00, 10656.75, 8588.21, 10.35%
- Epoch 106, ExpID 28166
Train - Loss: 27297270.70
Val - Loss, MSE, RMSE, MAE, MAPE: 34798968.00, 34798967.00, 5742.97, 4518.01, 5.76%
Test - Best epoch, Loss, MSE, RMSE, MAE, MAPE: 106, 117328608.00, 117328604.00, 10672.94, 8603.90, 10.36%
- Epoch 107, ExpID 28166
Train - Loss: 27547982.60
Val - Loss, MSE, RMSE, MAE, MAPE: 34775992.00, 34775990.00, 5742.80, 4517.86, 5.76%
Test - Best epoch, Loss, MSE, RMSE, MAE, MAPE: 107, 117692464.00, 117692468.00, 10685.99, 8614.49, 10.37%
- Epoch 108, ExpID 28166
Train - Loss: 27320331.30
Val - Loss, MSE, RMSE, MAE, MAPE: 34928992.00, 34928991.00, 5753.29, 4524.10, 5.76%
Test - Best epoch, Loss, MSE, RMSE, MAE, MAPE: 107, 117692464.00, 117692468.00, 10685.99, 8614.49, 10.37%
- Epoch 109, ExpID 28166
Train - Loss: 27408559.70
Val - Loss, MSE, RMSE, MAE, MAPE: 34625764.00, 34625764.00, 5730.43, 4507.70, 5.75%
Test - Best epoch, Loss, MSE, RMSE, MAE, MAPE: 109, 116703712.00, 116703708.00, 10646.71, 8577.44, 10.33%
- Epoch 110, ExpID 28166
Train - Loss: 27260152.30
Val - Loss, MSE, RMSE, MAE, MAPE: 34475016.00, 34475016.00, 5717.23, 4498.84, 5.74%
Test - Best epoch, Loss, MSE, RMSE, MAE, MAPE: 110, 116324456.00, 116324456.00, 10630.48, 8563.69, 10.32%
- Epoch 111, ExpID 28166
Train - Loss: 27331290.20
Val - Loss, MSE, RMSE, MAE, MAPE: 34573192.00, 34573191.00, 5726.96, 4502.67, 5.74%
Test - Best epoch, Loss, MSE, RMSE, MAE, MAPE: 110, 116324456.00, 116324456.00, 10630.48, 8563.69, 10.32%
- Epoch 112, ExpID 28166
Train - Loss: 27080097.50
Val - Loss, MSE, RMSE, MAE, MAPE: 34632416.00, 34632414.00, 5730.78, 4505.95, 5.74%
Test - Best epoch, Loss, MSE, RMSE, MAE, MAPE: 110, 116324456.00, 116324456.00, 10630.48, 8563.69, 10.32%
- Epoch 113, ExpID 28166
Train - Loss: 27417685.10
Val - Loss, MSE, RMSE, MAE, MAPE: 34591180.00, 34591181.00, 5727.12, 4504.32, 5.74%
Test - Best epoch, Loss, MSE, RMSE, MAE, MAPE: 110, 116324456.00, 116324456.00, 10630.48, 8563.69, 10.32%
- Epoch 114, ExpID 28166
Train - Loss: 27153844.80
Val - Loss, MSE, RMSE, MAE, MAPE: 34481176.00, 34481178.00, 5718.61, 4496.84, 5.73%
Test - Best epoch, Loss, MSE, RMSE, MAE, MAPE: 110, 116324456.00, 116324456.00, 10630.48, 8563.69, 10.32%
- Epoch 115, ExpID 28166
Train - Loss: 27264466.20
Val - Loss, MSE, RMSE, MAE, MAPE: 34349200.00, 34349200.00, 5709.13, 4489.27, 5.73%
Test - Best epoch, Loss, MSE, RMSE, MAE, MAPE: 115, 116085472.00, 116085472.00, 10619.35, 8551.99, 10.30%
- Epoch 116, ExpID 28166
Train - Loss: 27217209.50
Val - Loss, MSE, RMSE, MAE, MAPE: 34604140.00, 34604141.00, 5728.80, 4505.00, 5.74%
Test - Best epoch, Loss, MSE, RMSE, MAE, MAPE: 115, 116085472.00, 116085472.00, 10619.35, 8551.99, 10.30%
- Epoch 117, ExpID 28166
Train - Loss: 27086352.30
Val - Loss, MSE, RMSE, MAE, MAPE: 34292572.00, 34292573.00, 5703.39, 4484.62, 5.72%
Test - Best epoch, Loss, MSE, RMSE, MAE, MAPE: 117, 115202656.00, 115202660.00, 10584.89, 8518.45, 10.26%
- Epoch 118, ExpID 28166
Train - Loss: 27176561.80
Val - Loss, MSE, RMSE, MAE, MAPE: 34051232.00, 34051230.00, 5685.85, 4472.06, 5.71%
Test - Best epoch, Loss, MSE, RMSE, MAE, MAPE: 118, 115469432.00, 115469432.00, 10591.92, 8525.96, 10.27%
- Epoch 119, ExpID 28166
Train - Loss: 27062490.30
Val - Loss, MSE, RMSE, MAE, MAPE: 34207272.00, 34207274.00, 5698.34, 4481.10, 5.71%
Test - Best epoch, Loss, MSE, RMSE, MAE, MAPE: 118, 115469432.00, 115469432.00, 10591.92, 8525.96, 10.27%
- Epoch 120, ExpID 28166
Train - Loss: 27040138.90
Val - Loss, MSE, RMSE, MAE, MAPE: 34182272.00, 34182270.00, 5693.96, 4477.43, 5.71%
Test - Best epoch, Loss, MSE, RMSE, MAE, MAPE: 118, 115469432.00, 115469432.00, 10591.92, 8525.96, 10.27%
- Epoch 121, ExpID 28166
Train - Loss: 27051383.20
Val - Loss, MSE, RMSE, MAE, MAPE: 33998912.00, 33998912.00, 5681.33, 4468.53, 5.70%
Test - Best epoch, Loss, MSE, RMSE, MAE, MAPE: 121, 116257096.00, 116257096.00, 10623.63, 8559.04, 10.30%
- Epoch 122, ExpID 28166
Train - Loss: 26838097.30
Val - Loss, MSE, RMSE, MAE, MAPE: 34282368.00, 34282368.00, 5702.80, 4482.91, 5.71%
Test - Best epoch, Loss, MSE, RMSE, MAE, MAPE: 121, 116257096.00, 116257096.00, 10623.63, 8559.04, 10.30%
- Epoch 123, ExpID 28166
Train - Loss: 26919619.80
Val - Loss, MSE, RMSE, MAE, MAPE: 33836696.00, 33836697.00, 5667.59, 4456.45, 5.69%
Test - Best epoch, Loss, MSE, RMSE, MAE, MAPE: 123, 114033120.00, 114033120.00, 10534.61, 8472.17, 10.21%
- Epoch 124, ExpID 28166
Train - Loss: 26851761.50
Val - Loss, MSE, RMSE, MAE, MAPE: 33862580.00, 33862580.00, 5669.68, 4456.92, 5.68%
Test - Best epoch, Loss, MSE, RMSE, MAE, MAPE: 123, 114033120.00, 114033120.00, 10534.61, 8472.17, 10.21%
- Epoch 125, ExpID 28166
Train - Loss: 26843071.30
Val - Loss, MSE, RMSE, MAE, MAPE: 33973536.00, 33973537.00, 5677.95, 4464.16, 5.69%
Test - Best epoch, Loss, MSE, RMSE, MAE, MAPE: 123, 114033120.00, 114033120.00, 10534.61, 8472.17, 10.21%
- Epoch 126, ExpID 28166
Train - Loss: 26764187.60
Val - Loss, MSE, RMSE, MAE, MAPE: 33734540.00, 33734539.00, 5658.36, 4450.14, 5.67%
Test - Best epoch, Loss, MSE, RMSE, MAE, MAPE: 126, 114762864.00, 114762864.00, 10562.60, 8501.48, 10.23%
- Epoch 127, ExpID 28166
Train - Loss: 26838476.40
Val - Loss, MSE, RMSE, MAE, MAPE: 33749060.00, 33749059.00, 5659.83, 4449.06, 5.68%
Test - Best epoch, Loss, MSE, RMSE, MAE, MAPE: 126, 114762864.00, 114762864.00, 10562.60, 8501.48, 10.23%
- Epoch 128, ExpID 28166
Train - Loss: 26583597.70
Val - Loss, MSE, RMSE, MAE, MAPE: 33711804.00, 33711803.00, 5658.64, 4447.97, 5.67%
Test - Best epoch, Loss, MSE, RMSE, MAE, MAPE: 128, 115102480.00, 115102484.00, 10575.99, 8513.41, 10.25%
- Epoch 129, ExpID 28166
Train - Loss: 27011573.80
Val - Loss, MSE, RMSE, MAE, MAPE: 34053216.00, 34053218.00, 5683.58, 4468.17, 5.69%
Test - Best epoch, Loss, MSE, RMSE, MAE, MAPE: 128, 115102480.00, 115102484.00, 10575.99, 8513.41, 10.25%
- Epoch 130, ExpID 28166
Train - Loss: 26759251.90
Val - Loss, MSE, RMSE, MAE, MAPE: 33604052.00, 33604052.00, 5648.39, 4442.65, 5.66%
Test - Best epoch, Loss, MSE, RMSE, MAE, MAPE: 130, 113766704.00, 113766704.00, 10521.91, 8462.85, 10.19%
- Epoch 131, ExpID 28166
Train - Loss: 26562206.30
Val - Loss, MSE, RMSE, MAE, MAPE: 33542598.00, 33542598.00, 5643.75, 4437.43, 5.66%
Test - Best epoch, Loss, MSE, RMSE, MAE, MAPE: 131, 113136464.00, 113136464.00, 10496.39, 8437.17, 10.16%
- Epoch 132, ExpID 28166
Train - Loss: 26494916.80
Val - Loss, MSE, RMSE, MAE, MAPE: 33659056.00, 33659056.00, 5652.91, 4444.19, 5.66%
Test - Best epoch, Loss, MSE, RMSE, MAE, MAPE: 131, 113136464.00, 113136464.00, 10496.39, 8437.17, 10.16%
- Epoch 133, ExpID 28166
Train - Loss: 26558250.20
Val - Loss, MSE, RMSE, MAE, MAPE: 33149956.00, 33149957.00, 5614.86, 4412.20, 5.64%
Test - Best epoch, Loss, MSE, RMSE, MAE, MAPE: 133, 113162096.00, 113162096.00, 10495.20, 8434.76, 10.16%
- Epoch 134, ExpID 28166
Train - Loss: 26681154.00
Val - Loss, MSE, RMSE, MAE, MAPE: 33484124.00, 33484125.00, 5640.90, 4431.78, 5.65%
Test - Best epoch, Loss, MSE, RMSE, MAE, MAPE: 133, 113162096.00, 113162096.00, 10495.20, 8434.76, 10.16%
- Epoch 135, ExpID 28166
Train - Loss: 26445086.30
Val - Loss, MSE, RMSE, MAE, MAPE: 33355512.00, 33355511.00, 5629.96, 4424.49, 5.64%
Test - Best epoch, Loss, MSE, RMSE, MAE, MAPE: 133, 113162096.00, 113162096.00, 10495.20, 8434.76, 10.16%
- Epoch 136, ExpID 28166
Train - Loss: 26542035.40
Val - Loss, MSE, RMSE, MAE, MAPE: 33365824.00, 33365824.00, 5631.33, 4423.91, 5.64%
Test - Best epoch, Loss, MSE, RMSE, MAE, MAPE: 133, 113162096.00, 113162096.00, 10495.20, 8434.76, 10.16%
- Epoch 137, ExpID 28166
Train - Loss: 26665101.70
Val - Loss, MSE, RMSE, MAE, MAPE: 33245254.00, 33245254.00, 5620.90, 4414.98, 5.63%
Test - Best epoch, Loss, MSE, RMSE, MAE, MAPE: 133, 113162096.00, 113162096.00, 10495.20, 8434.76, 10.16%
- Epoch 138, ExpID 28166
Train - Loss: 26507499.10
Val - Loss, MSE, RMSE, MAE, MAPE: 33197084.00, 33197084.00, 5615.46, 4413.45, 5.63%
Test - Best epoch, Loss, MSE, RMSE, MAE, MAPE: 133, 113162096.00, 113162096.00, 10495.20, 8434.76, 10.16%
- Epoch 139, ExpID 28166
Train - Loss: 26356339.10
Val - Loss, MSE, RMSE, MAE, MAPE: 33280916.00, 33280916.00, 5622.95, 4419.64, 5.63%
Test - Best epoch, Loss, MSE, RMSE, MAE, MAPE: 133, 113162096.00, 113162096.00, 10495.20, 8434.76, 10.16%
- Epoch 140, ExpID 28166
Train - Loss: 26444438.80
Val - Loss, MSE, RMSE, MAE, MAPE: 33317664.00, 33317664.00, 5626.69, 4419.59, 5.63%
Test - Best epoch, Loss, MSE, RMSE, MAE, MAPE: 133, 113162096.00, 113162096.00, 10495.20, 8434.76, 10.16%
- Epoch 141, ExpID 28166
Train - Loss: 26443453.50
Val - Loss, MSE, RMSE, MAE, MAPE: 33064156.00, 33064157.00, 5605.78, 4405.40, 5.62%
Test - Best epoch, Loss, MSE, RMSE, MAE, MAPE: 141, 112168688.00, 112168688.00, 10454.86, 8397.06, 10.11%
- Epoch 142, ExpID 28166
Train - Loss: 26406313.60
Val - Loss, MSE, RMSE, MAE, MAPE: 33113304.00, 33113305.00, 5609.00, 4410.40, 5.63%
Test - Best epoch, Loss, MSE, RMSE, MAE, MAPE: 141, 112168688.00, 112168688.00, 10454.86, 8397.06, 10.11%
- Epoch 143, ExpID 28166
Train - Loss: 26379419.90
Val - Loss, MSE, RMSE, MAE, MAPE: 33026316.00, 33026315.00, 5601.93, 4404.33, 5.62%
Test - Best epoch, Loss, MSE, RMSE, MAE, MAPE: 143, 112095120.00, 112095124.00, 10451.83, 8396.60, 10.11%
- Epoch 144, ExpID 28166
Train - Loss: 26458333.80
Val - Loss, MSE, RMSE, MAE, MAPE: 33146468.00, 33146467.00, 5611.89, 4408.76, 5.62%
Test - Best epoch, Loss, MSE, RMSE, MAE, MAPE: 143, 112095120.00, 112095124.00, 10451.83, 8396.60, 10.11%
- Epoch 145, ExpID 28166
Train - Loss: 26298733.40
Val - Loss, MSE, RMSE, MAE, MAPE: 33054970.00, 33054970.00, 5606.19, 4402.22, 5.61%
Test - Best epoch, Loss, MSE, RMSE, MAE, MAPE: 143, 112095120.00, 112095124.00, 10451.83, 8396.60, 10.11%
- Epoch 146, ExpID 28166
Train - Loss: 26440463.60
Val - Loss, MSE, RMSE, MAE, MAPE: 32863566.00, 32863566.00, 5590.30, 4391.55, 5.60%
Test - Best epoch, Loss, MSE, RMSE, MAE, MAPE: 146, 111936384.00, 111936384.00, 10443.34, 8382.76, 10.09%
- Epoch 147, ExpID 28166
Train - Loss: 26306843.60
Val - Loss, MSE, RMSE, MAE, MAPE: 32954456.00, 32954457.00, 5596.50, 4397.30, 5.61%
Test - Best epoch, Loss, MSE, RMSE, MAE, MAPE: 146, 111936384.00, 111936384.00, 10443.34, 8382.76, 10.09%
- Epoch 148, ExpID 28166
Train - Loss: 26218262.30
Val - Loss, MSE, RMSE, MAE, MAPE: 33029684.00, 33029684.00, 5603.55, 4403.49, 5.61%
Test - Best epoch, Loss, MSE, RMSE, MAE, MAPE: 146, 111936384.00, 111936384.00, 10443.34, 8382.76, 10.09%
- Epoch 149, ExpID 28166
Train - Loss: 26158863.00
Val - Loss, MSE, RMSE, MAE, MAPE: 32729980.00, 32729979.00, 5579.54, 4383.80, 5.59%
Test - Best epoch, Loss, MSE, RMSE, MAE, MAPE: 149, 111144600.00, 111144600.00, 10411.39, 8356.16, 10.06%
- Epoch 150, ExpID 28166
Train - Loss: 26138518.90
Val - Loss, MSE, RMSE, MAE, MAPE: 32986182.00, 32986182.00, 5601.76, 4399.82, 5.60%
Test - Best epoch, Loss, MSE, RMSE, MAE, MAPE: 149, 111144600.00, 111144600.00, 10411.39, 8356.16, 10.06%
- Epoch 151, ExpID 28166
Train - Loss: 26110283.00
Val - Loss, MSE, RMSE, MAE, MAPE: 32550852.00, 32550852.00, 5565.03, 4373.13, 5.59%
Test - Best epoch, Loss, MSE, RMSE, MAE, MAPE: 151, 110072752.00, 110072756.00, 10366.65, 8310.52, 10.01%
- Epoch 152, ExpID 28166
Train - Loss: 26237030.00
Val - Loss, MSE, RMSE, MAE, MAPE: 32616036.00, 32616037.00, 5569.48, 4375.53, 5.59%
Test - Best epoch, Loss, MSE, RMSE, MAE, MAPE: 151, 110072752.00, 110072756.00, 10366.65, 8310.52, 10.01%
- Epoch 153, ExpID 28166
Train - Loss: 26205219.10
Val - Loss, MSE, RMSE, MAE, MAPE: 32807256.00, 32807256.00, 5584.16, 4388.15, 5.60%
Test - Best epoch, Loss, MSE, RMSE, MAE, MAPE: 151, 110072752.00, 110072756.00, 10366.65, 8310.52, 10.01%
- Epoch 154, ExpID 28166
Train - Loss: 26122134.90
Val - Loss, MSE, RMSE, MAE, MAPE: 32640104.00, 32640105.00, 5571.56, 4376.62, 5.58%
Test - Best epoch, Loss, MSE, RMSE, MAE, MAPE: 151, 110072752.00, 110072756.00, 10366.65, 8310.52, 10.01%
- Epoch 155, ExpID 28166
Train - Loss: 26061286.90
Val - Loss, MSE, RMSE, MAE, MAPE: 32784010.00, 32784010.00, 5584.76, 4385.68, 5.59%
Test - Best epoch, Loss, MSE, RMSE, MAE, MAPE: 151, 110072752.00, 110072756.00, 10366.65, 8310.52, 10.01%
- Epoch 156, ExpID 28166
Train - Loss: 25913709.40
Val - Loss, MSE, RMSE, MAE, MAPE: 32751148.00, 32751149.00, 5580.84, 4385.25, 5.59%
Test - Best epoch, Loss, MSE, RMSE, MAE, MAPE: 151, 110072752.00, 110072756.00, 10366.65, 8310.52, 10.01%
- Epoch 157, ExpID 28166
Train - Loss: 26009732.10
Val - Loss, MSE, RMSE, MAE, MAPE: 32526044.00, 32526044.00, 5563.19, 4369.90, 5.58%
Test - Best epoch, Loss, MSE, RMSE, MAE, MAPE: 157, 109607184.00, 109607188.00, 10348.39, 8295.50, 9.99%
- Epoch 158, ExpID 28166
Train - Loss: 25890074.70
Val - Loss, MSE, RMSE, MAE, MAPE: 32612944.00, 32612944.00, 5570.65, 4374.53, 5.58%
Test - Best epoch, Loss, MSE, RMSE, MAE, MAPE: 157, 109607184.00, 109607188.00, 10348.39, 8295.50, 9.99%
- Epoch 159, ExpID 28166
Train - Loss: 25957514.00
Val - Loss, MSE, RMSE, MAE, MAPE: 32572912.00, 32572913.00, 5567.21, 4372.94, 5.58%
Test - Best epoch, Loss, MSE, RMSE, MAE, MAPE: 157, 109607184.00, 109607188.00, 10348.39, 8295.50, 9.99%
- Epoch 160, ExpID 28166
Train - Loss: 25806990.50
Val - Loss, MSE, RMSE, MAE, MAPE: 32258560.00, 32258559.00, 5541.57, 4353.55, 5.56%
Test - Best epoch, Loss, MSE, RMSE, MAE, MAPE: 160, 109394352.00, 109394356.00, 10337.42, 8285.24, 9.98%
- Epoch 161, ExpID 28166
Train - Loss: 25854333.50
Val - Loss, MSE, RMSE, MAE, MAPE: 32504804.00, 32504805.00, 5560.14, 4366.07, 5.57%
Test - Best epoch, Loss, MSE, RMSE, MAE, MAPE: 160, 109394352.00, 109394356.00, 10337.42, 8285.24, 9.98%
- Epoch 162, ExpID 28166
Train - Loss: 25846512.20
Val - Loss, MSE, RMSE, MAE, MAPE: 32512678.00, 32512678.00, 5563.01, 4370.36, 5.57%
Test - Best epoch, Loss, MSE, RMSE, MAE, MAPE: 160, 109394352.00, 109394356.00, 10337.42, 8285.24, 9.98%
- Epoch 163, ExpID 28166
Train - Loss: 25757142.10
Val - Loss, MSE, RMSE, MAE, MAPE: 32332382.00, 32332382.00, 5546.34, 4356.75, 5.56%
Test - Best epoch, Loss, MSE, RMSE, MAE, MAPE: 160, 109394352.00, 109394356.00, 10337.42, 8285.24, 9.98%
- Epoch 164, ExpID 28166
Train - Loss: 25740553.90
Val - Loss, MSE, RMSE, MAE, MAPE: 32432894.00, 32432894.00, 5556.15, 4364.31, 5.56%
Test - Best epoch, Loss, MSE, RMSE, MAE, MAPE: 160, 109394352.00, 109394356.00, 10337.42, 8285.24, 9.98%
- Epoch 165, ExpID 28166
Train - Loss: 25881219.20
Val - Loss, MSE, RMSE, MAE, MAPE: 32410036.00, 32410036.00, 5553.18, 4362.28, 5.56%
Test - Best epoch, Loss, MSE, RMSE, MAE, MAPE: 160, 109394352.00, 109394356.00, 10337.42, 8285.24, 9.98%
- Epoch 166, ExpID 28166
Train - Loss: 25691394.20
Val - Loss, MSE, RMSE, MAE, MAPE: 32118908.00, 32118908.00, 5529.41, 4343.52, 5.55%
Test - Best epoch, Loss, MSE, RMSE, MAE, MAPE: 166, 108033384.00, 108033384.00, 10281.66, 8230.29, 9.92%
- Epoch 167, ExpID 28166
Train - Loss: 25635586.70
Val - Loss, MSE, RMSE, MAE, MAPE: 32233678.00, 32233678.00, 5540.45, 4350.56, 5.55%
Test - Best epoch, Loss, MSE, RMSE, MAE, MAPE: 166, 108033384.00, 108033384.00, 10281.66, 8230.29, 9.92%
- Epoch 168, ExpID 28166
Train - Loss: 25720898.60
Val - Loss, MSE, RMSE, MAE, MAPE: 32244240.00, 32244239.00, 5540.01, 4352.32, 5.55%
Test - Best epoch, Loss, MSE, RMSE, MAE, MAPE: 166, 108033384.00, 108033384.00, 10281.66, 8230.29, 9.92%
- Epoch 169, ExpID 28166
Train - Loss: 25745669.50
Val - Loss, MSE, RMSE, MAE, MAPE: 32241092.00, 32241093.00, 5540.77, 4350.89, 5.55%
Test - Best epoch, Loss, MSE, RMSE, MAE, MAPE: 166, 108033384.00, 108033384.00, 10281.66, 8230.29, 9.92%
- Epoch 170, ExpID 28166
Train - Loss: 25701764.80
Val - Loss, MSE, RMSE, MAE, MAPE: 32327338.00, 32327338.00, 5546.42, 4352.69, 5.55%
Test - Best epoch, Loss, MSE, RMSE, MAE, MAPE: 166, 108033384.00, 108033384.00, 10281.66, 8230.29, 9.92%
- Epoch 171, ExpID 28166
Train - Loss: 25667340.00
Val - Loss, MSE, RMSE, MAE, MAPE: 32145936.00, 32145936.00, 5532.56, 4343.93, 5.54%
Test - Best epoch, Loss, MSE, RMSE, MAE, MAPE: 166, 108033384.00, 108033384.00, 10281.66, 8230.29, 9.92%
- Epoch 172, ExpID 28166
Train - Loss: 25609040.30
Val - Loss, MSE, RMSE, MAE, MAPE: 31942572.00, 31942571.00, 5515.05, 4332.92, 5.53%
Test - Best epoch, Loss, MSE, RMSE, MAE, MAPE: 172, 107434976.00, 107434980.00, 10256.38, 8203.95, 9.88%
- Epoch 173, ExpID 28166
Train - Loss: 25451763.30
Val - Loss, MSE, RMSE, MAE, MAPE: 32146460.00, 32146459.00, 5532.69, 4345.49, 5.54%
Test - Best epoch, Loss, MSE, RMSE, MAE, MAPE: 172, 107434976.00, 107434980.00, 10256.38, 8203.95, 9.88%
- Epoch 174, ExpID 28166
Train - Loss: 25559558.50
Val - Loss, MSE, RMSE, MAE, MAPE: 31924972.00, 31924973.00, 5513.62, 4331.02, 5.53%
Test - Best epoch, Loss, MSE, RMSE, MAE, MAPE: 174, 107119664.00, 107119660.00, 10242.98, 8192.94, 9.87%
- Epoch 175, ExpID 28166
Train - Loss: 25649957.50
Val - Loss, MSE, RMSE, MAE, MAPE: 31839008.00, 31839009.00, 5506.97, 4324.10, 5.52%
Test - Best epoch, Loss, MSE, RMSE, MAE, MAPE: 175, 107380376.00, 107380376.00, 10253.26, 8202.38, 9.88%
- Epoch 176, ExpID 28166
Train - Loss: 25438884.80
Val - Loss, MSE, RMSE, MAE, MAPE: 32025866.00, 32025866.00, 5522.24, 4335.73, 5.53%
Test - Best epoch, Loss, MSE, RMSE, MAE, MAPE: 175, 107380376.00, 107380376.00, 10253.26, 8202.38, 9.88%
- Epoch 177, ExpID 28166
Train - Loss: 25590598.90
Val - Loss, MSE, RMSE, MAE, MAPE: 31954736.00, 31954737.00, 5515.08, 4330.03, 5.52%
Test - Best epoch, Loss, MSE, RMSE, MAE, MAPE: 175, 107380376.00, 107380376.00, 10253.26, 8202.38, 9.88%
- Epoch 178, ExpID 28166
Train - Loss: 25536272.30
Val - Loss, MSE, RMSE, MAE, MAPE: 32024740.00, 32024739.00, 5522.51, 4335.14, 5.52%
Test - Best epoch, Loss, MSE, RMSE, MAE, MAPE: 175, 107380376.00, 107380376.00, 10253.26, 8202.38, 9.88%
- Epoch 179, ExpID 28166
Train - Loss: 25437789.20
Val - Loss, MSE, RMSE, MAE, MAPE: 31870602.00, 31870602.00, 5507.92, 4326.93, 5.52%
Test - Best epoch, Loss, MSE, RMSE, MAE, MAPE: 175, 107380376.00, 107380376.00, 10253.26, 8202.38, 9.88%
- Epoch 180, ExpID 28166
Train - Loss: 25399450.50
Val - Loss, MSE, RMSE, MAE, MAPE: 31755142.00, 31755142.00, 5499.86, 4318.77, 5.51%
Test - Best epoch, Loss, MSE, RMSE, MAE, MAPE: 180, 106912032.00, 106912036.00, 10233.66, 8185.94, 9.86%
- Epoch 181, ExpID 28166
Train - Loss: 25448851.40
Val - Loss, MSE, RMSE, MAE, MAPE: 31926574.00, 31926574.00, 5513.61, 4328.87, 5.52%
Test - Best epoch, Loss, MSE, RMSE, MAE, MAPE: 180, 106912032.00, 106912036.00, 10233.66, 8185.94, 9.86%
- Epoch 182, ExpID 28166
Train - Loss: 25506811.10
Val - Loss, MSE, RMSE, MAE, MAPE: 31604974.00, 31604974.00, 5487.80, 4310.87, 5.51%
Test - Best epoch, Loss, MSE, RMSE, MAE, MAPE: 182, 105939792.00, 105939796.00, 10190.86, 8139.27, 9.81%
- Epoch 183, ExpID 28166
Train - Loss: 25493246.10
Val - Loss, MSE, RMSE, MAE, MAPE: 32019058.00, 32019058.00, 5519.56, 4334.59, 5.52%
Test - Best epoch, Loss, MSE, RMSE, MAE, MAPE: 182, 105939792.00, 105939796.00, 10190.86, 8139.27, 9.81%
- Epoch 184, ExpID 28166
Train - Loss: 25518188.00
Val - Loss, MSE, RMSE, MAE, MAPE: 31572340.00, 31572340.00, 5484.02, 4307.28, 5.50%
Test - Best epoch, Loss, MSE, RMSE, MAE, MAPE: 184, 105969664.00, 105969660.00, 10192.83, 8143.75, 9.81%
- Epoch 185, ExpID 28166
Train - Loss: 25349651.10
Val - Loss, MSE, RMSE, MAE, MAPE: 31998726.00, 31998726.00, 5519.65, 4337.02, 5.53%
Test - Best epoch, Loss, MSE, RMSE, MAE, MAPE: 184, 105969664.00, 105969660.00, 10192.83, 8143.75, 9.81%
- Epoch 186, ExpID 28166
Train - Loss: 25293255.40
Val - Loss, MSE, RMSE, MAE, MAPE: 31629696.00, 31629697.00, 5489.06, 4311.90, 5.50%
Test - Best epoch, Loss, MSE, RMSE, MAE, MAPE: 184, 105969664.00, 105969660.00, 10192.83, 8143.75, 9.81%
- Epoch 187, ExpID 28166
Train - Loss: 25326412.80
Val - Loss, MSE, RMSE, MAE, MAPE: 31577588.00, 31577589.00, 5484.03, 4307.01, 5.50%
Test - Best epoch, Loss, MSE, RMSE, MAE, MAPE: 184, 105969664.00, 105969660.00, 10192.83, 8143.75, 9.81%
- Epoch 188, ExpID 28166
Train - Loss: 25105025.70
Val - Loss, MSE, RMSE, MAE, MAPE: 31669708.00, 31669709.00, 5492.64, 4313.03, 5.50%
Test - Best epoch, Loss, MSE, RMSE, MAE, MAPE: 184, 105969664.00, 105969660.00, 10192.83, 8143.75, 9.81%
- Epoch 189, ExpID 28166
Train - Loss: 25273462.90
Val - Loss, MSE, RMSE, MAE, MAPE: 31370742.00, 31370742.00, 5468.16, 4293.91, 5.48%
Test - Best epoch, Loss, MSE, RMSE, MAE, MAPE: 189, 105819136.00, 105819132.00, 10185.57, 8137.14, 9.80%
- Epoch 190, ExpID 28166
Train - Loss: 25284822.10
Val - Loss, MSE, RMSE, MAE, MAPE: 31601712.00, 31601711.00, 5487.37, 4309.12, 5.50%
Test - Best epoch, Loss, MSE, RMSE, MAE, MAPE: 189, 105819136.00, 105819132.00, 10185.57, 8137.14, 9.80%
- Epoch 191, ExpID 28166
Train - Loss: 25101228.20
Val - Loss, MSE, RMSE, MAE, MAPE: 31700818.00, 31700818.00, 5495.86, 4316.15, 5.50%
Test - Best epoch, Loss, MSE, RMSE, MAE, MAPE: 189, 105819136.00, 105819132.00, 10185.57, 8137.14, 9.80%
- Epoch 192, ExpID 28166
Train - Loss: 25055838.50
Val - Loss, MSE, RMSE, MAE, MAPE: 31541768.00, 31541767.00, 5482.97, 4306.05, 5.50%
Test - Best epoch, Loss, MSE, RMSE, MAE, MAPE: 189, 105819136.00, 105819132.00, 10185.57, 8137.14, 9.80%
- Epoch 193, ExpID 28166
Train - Loss: 25106329.10
Val - Loss, MSE, RMSE, MAE, MAPE: 31282864.00, 31282865.00, 5459.24, 4287.60, 5.48%
Test - Best epoch, Loss, MSE, RMSE, MAE, MAPE: 193, 104801856.00, 104801860.00, 10143.63, 8095.21, 9.76%
- Epoch 194, ExpID 28166
Train - Loss: 25087941.60
Val - Loss, MSE, RMSE, MAE, MAPE: 31649720.00, 31649719.00, 5491.52, 4312.73, 5.50%
Test - Best epoch, Loss, MSE, RMSE, MAE, MAPE: 193, 104801856.00, 104801860.00, 10143.63, 8095.21, 9.76%
- Epoch 195, ExpID 28166
Train - Loss: 25080780.50
Val - Loss, MSE, RMSE, MAE, MAPE: 31525744.00, 31525744.00, 5480.27, 4305.59, 5.49%
Test - Best epoch, Loss, MSE, RMSE, MAE, MAPE: 193, 104801856.00, 104801860.00, 10143.63, 8095.21, 9.76%
- Epoch 196, ExpID 28166
Train - Loss: 25018320.30
Val - Loss, MSE, RMSE, MAE, MAPE: 31711882.00, 31711882.00, 5495.91, 4314.09, 5.50%
Test - Best epoch, Loss, MSE, RMSE, MAE, MAPE: 193, 104801856.00, 104801860.00, 10143.63, 8095.21, 9.76%
- Epoch 197, ExpID 28166
Train - Loss: 24897592.00
Val - Loss, MSE, RMSE, MAE, MAPE: 31351644.00, 31351644.00, 5466.09, 4291.34, 5.48%
Test - Best epoch, Loss, MSE, RMSE, MAE, MAPE: 193, 104801856.00, 104801860.00, 10143.63, 8095.21, 9.76%
- Epoch 198, ExpID 28166
Train - Loss: 25054934.40
Val - Loss, MSE, RMSE, MAE, MAPE: 31393936.00, 31393936.00, 5470.10, 4296.51, 5.48%
Test - Best epoch, Loss, MSE, RMSE, MAE, MAPE: 193, 104801856.00, 104801860.00, 10143.63, 8095.21, 9.76%
- Epoch 199, ExpID 28166
Train - Loss: 25131586.70
Val - Loss, MSE, RMSE, MAE, MAPE: 31220000.00, 31220000.00, 5454.67, 4282.66, 5.46%
Test - Best epoch, Loss, MSE, RMSE, MAE, MAPE: 199, 105632176.00, 105632176.00, 10177.69, 8133.19, 9.79%
- Epoch 200, ExpID 28166
Train - Loss: 24980939.80
Val - Loss, MSE, RMSE, MAE, MAPE: 31346620.00, 31346621.00, 5465.32, 4292.84, 5.48%
Test - Best epoch, Loss, MSE, RMSE, MAE, MAPE: 199, 105632176.00, 105632176.00, 10177.69, 8133.19, 9.79%
- Epoch 201, ExpID 28166
Train - Loss: 25007695.90
Val - Loss, MSE, RMSE, MAE, MAPE: 31211066.00, 31211066.00, 5453.29, 4282.94, 5.47%
Test - Best epoch, Loss, MSE, RMSE, MAE, MAPE: 201, 104652600.00, 104652600.00, 10136.71, 8093.27, 9.75%
- Epoch 202, ExpID 28166
Train - Loss: 24957247.70
Val - Loss, MSE, RMSE, MAE, MAPE: 31389682.00, 31389682.00, 5469.03, 4293.89, 5.48%
Test - Best epoch, Loss, MSE, RMSE, MAE, MAPE: 201, 104652600.00, 104652600.00, 10136.71, 8093.27, 9.75%
- Epoch 203, ExpID 28166
Train - Loss: 24880328.40
Val - Loss, MSE, RMSE, MAE, MAPE: 31226066.00, 31226066.00, 5455.77, 4283.08, 5.46%
Test - Best epoch, Loss, MSE, RMSE, MAE, MAPE: 201, 104652600.00, 104652600.00, 10136.71, 8093.27, 9.75%
- Epoch 204, ExpID 28166
Train - Loss: 24855225.70
Val - Loss, MSE, RMSE, MAE, MAPE: 31292688.00, 31292687.00, 5460.03, 4287.12, 5.47%
Test - Best epoch, Loss, MSE, RMSE, MAE, MAPE: 201, 104652600.00, 104652600.00, 10136.71, 8093.27, 9.75%
- Epoch 205, ExpID 28166
Train - Loss: 24872075.10
Val - Loss, MSE, RMSE, MAE, MAPE: 31282952.00, 31282953.00, 5459.32, 4287.46, 5.47%
Test - Best epoch, Loss, MSE, RMSE, MAE, MAPE: 201, 104652600.00, 104652600.00, 10136.71, 8093.27, 9.75%
- Epoch 206, ExpID 28166
Train - Loss: 24745389.70
Val - Loss, MSE, RMSE, MAE, MAPE: 30895486.00, 30895486.00, 5427.43, 4261.86, 5.44%
Test - Best epoch, Loss, MSE, RMSE, MAE, MAPE: 206, 104601592.00, 104601592.00, 10133.21, 8087.08, 9.74%
- Epoch 207, ExpID 28166
Train - Loss: 24749337.20
Val - Loss, MSE, RMSE, MAE, MAPE: 31173896.00, 31173897.00, 5450.93, 4281.27, 5.46%
Test - Best epoch, Loss, MSE, RMSE, MAE, MAPE: 206, 104601592.00, 104601592.00, 10133.21, 8087.08, 9.74%
- Epoch 208, ExpID 28166
Train - Loss: 24763076.00
Val - Loss, MSE, RMSE, MAE, MAPE: 31005880.00, 31005880.00, 5437.31, 4270.22, 5.45%
Test - Best epoch, Loss, MSE, RMSE, MAE, MAPE: 206, 104601592.00, 104601592.00, 10133.21, 8087.08, 9.74%
- Epoch 209, ExpID 28166
Train - Loss: 24697410.90
Val - Loss, MSE, RMSE, MAE, MAPE: 30975284.00, 30975283.00, 5435.04, 4267.11, 5.45%
Test - Best epoch, Loss, MSE, RMSE, MAE, MAPE: 206, 104601592.00, 104601592.00, 10133.21, 8087.08, 9.74%
- Epoch 210, ExpID 28166
Train - Loss: 24898493.30
Val - Loss, MSE, RMSE, MAE, MAPE: 31217352.00, 31217352.00, 5454.39, 4282.12, 5.46%
Test - Best epoch, Loss, MSE, RMSE, MAE, MAPE: 206, 104601592.00, 104601592.00, 10133.21, 8087.08, 9.74%
- Epoch 211, ExpID 28166
Train - Loss: 24649832.10
Val - Loss, MSE, RMSE, MAE, MAPE: 30897972.00, 30897971.00, 5428.83, 4262.96, 5.44%
Test - Best epoch, Loss, MSE, RMSE, MAE, MAPE: 206, 104601592.00, 104601592.00, 10133.21, 8087.08, 9.74%
- Epoch 212, ExpID 28166
Train - Loss: 24745598.60
Val - Loss, MSE, RMSE, MAE, MAPE: 31063152.00, 31063152.00, 5441.09, 4272.54, 5.45%
Test - Best epoch, Loss, MSE, RMSE, MAE, MAPE: 206, 104601592.00, 104601592.00, 10133.21, 8087.08, 9.74%
- Epoch 213, ExpID 28166
Train - Loss: 24780035.70
Val - Loss, MSE, RMSE, MAE, MAPE: 30970656.00, 30970656.00, 5433.51, 4266.17, 5.45%
Test - Best epoch, Loss, MSE, RMSE, MAE, MAPE: 206, 104601592.00, 104601592.00, 10133.21, 8087.08, 9.74%
- Epoch 214, ExpID 28166
Train - Loss: 24623179.10
Val - Loss, MSE, RMSE, MAE, MAPE: 31095670.00, 31095670.00, 5443.63, 4275.69, 5.46%
Test - Best epoch, Loss, MSE, RMSE, MAE, MAPE: 206, 104601592.00, 104601592.00, 10133.21, 8087.08, 9.74%
- Epoch 215, ExpID 28166
Train - Loss: 24579177.90
Val - Loss, MSE, RMSE, MAE, MAPE: 30602682.00, 30602682.00, 5402.88, 4244.33, 5.42%
Test - Best epoch, Loss, MSE, RMSE, MAE, MAPE: 215, 102974016.00, 102974016.00, 10061.97, 8012.68, 9.66%
- Epoch 216, ExpID 28166
Train - Loss: 24482137.30
Val - Loss, MSE, RMSE, MAE, MAPE: 31074132.00, 31074132.00, 5443.26, 4274.09, 5.45%
Test - Best epoch, Loss, MSE, RMSE, MAE, MAPE: 215, 102974016.00, 102974016.00, 10061.97, 8012.68, 9.66%
- Epoch 217, ExpID 28166
Train - Loss: 24620293.10
Val - Loss, MSE, RMSE, MAE, MAPE: 30660604.00, 30660604.00, 5409.05, 4247.68, 5.43%
Test - Best epoch, Loss, MSE, RMSE, MAE, MAPE: 215, 102974016.00, 102974016.00, 10061.97, 8012.68, 9.66%
- Epoch 218, ExpID 28166
Train - Loss: 24509195.30
Val - Loss, MSE, RMSE, MAE, MAPE: 31017062.00, 31017062.00, 5438.84, 4270.20, 5.45%
Test - Best epoch, Loss, MSE, RMSE, MAE, MAPE: 215, 102974016.00, 102974016.00, 10061.97, 8012.68, 9.66%
- Epoch 219, ExpID 28166
Train - Loss: 24521790.30
Val - Loss, MSE, RMSE, MAE, MAPE: 30915828.00, 30915828.00, 5428.85, 4263.77, 5.44%
Test - Best epoch, Loss, MSE, RMSE, MAE, MAPE: 215, 102974016.00, 102974016.00, 10061.97, 8012.68, 9.66%
- Epoch 220, ExpID 28166
Train - Loss: 24474215.20
Val - Loss, MSE, RMSE, MAE, MAPE: 30538268.00, 30538268.00, 5396.53, 4240.43, 5.42%
Test - Best epoch, Loss, MSE, RMSE, MAE, MAPE: 220, 102449040.00, 102449036.00, 10040.71, 7991.52, 9.63%
- Epoch 221, ExpID 28166
Train - Loss: 24506681.40
Val - Loss, MSE, RMSE, MAE, MAPE: 30954074.00, 30954074.00, 5431.85, 4265.26, 5.44%
Test - Best epoch, Loss, MSE, RMSE, MAE, MAPE: 220, 102449040.00, 102449036.00, 10040.71, 7991.52, 9.63%
- Epoch 222, ExpID 28166
Train - Loss: 24518771.40
Val - Loss, MSE, RMSE, MAE, MAPE: 30442832.00, 30442831.00, 5392.26, 4234.40, 5.41%
Test - Best epoch, Loss, MSE, RMSE, MAE, MAPE: 222, 102463728.00, 102463732.00, 10039.47, 7982.89, 9.63%
- Epoch 223, ExpID 28166
Train - Loss: 24396802.30
Val - Loss, MSE, RMSE, MAE, MAPE: 31193852.00, 31193853.00, 5452.75, 4280.95, 5.46%
Test - Best epoch, Loss, MSE, RMSE, MAE, MAPE: 222, 102463728.00, 102463732.00, 10039.47, 7982.89, 9.63%
- Epoch 224, ExpID 28166
Train - Loss: 24469909.60
Val - Loss, MSE, RMSE, MAE, MAPE: 30524580.00, 30524580.00, 5396.94, 4240.64, 5.42%
Test - Best epoch, Loss, MSE, RMSE, MAE, MAPE: 222, 102463728.00, 102463732.00, 10039.47, 7982.89, 9.63%
- Epoch 225, ExpID 28166
Train - Loss: 24482319.00
Val - Loss, MSE, RMSE, MAE, MAPE: 30866796.00, 30866795.00, 5426.47, 4260.54, 5.43%
Test - Best epoch, Loss, MSE, RMSE, MAE, MAPE: 222, 102463728.00, 102463732.00, 10039.47, 7982.89, 9.63%
- Epoch 226, ExpID 28166
Train - Loss: 24337017.60
Val - Loss, MSE, RMSE, MAE, MAPE: 30515640.00, 30515641.00, 5397.70, 4240.56, 5.42%
Test - Best epoch, Loss, MSE, RMSE, MAE, MAPE: 222, 102463728.00, 102463732.00, 10039.47, 7982.89, 9.63%
- Epoch 227, ExpID 28166
Train - Loss: 24423715.70
Val - Loss, MSE, RMSE, MAE, MAPE: 30734256.00, 30734256.00, 5414.43, 4251.70, 5.42%
Test - Best epoch, Loss, MSE, RMSE, MAE, MAPE: 222, 102463728.00, 102463732.00, 10039.47, 7982.89, 9.63%
- Epoch 228, ExpID 28166
Train - Loss: 24442209.30
Val - Loss, MSE, RMSE, MAE, MAPE: 30549848.00, 30549847.00, 5398.42, 4240.60, 5.42%
Test - Best epoch, Loss, MSE, RMSE, MAE, MAPE: 222, 102463728.00, 102463732.00, 10039.47, 7982.89, 9.63%
- Epoch 229, ExpID 28166
Train - Loss: 24306719.80
Val - Loss, MSE, RMSE, MAE, MAPE: 30664416.00, 30664416.00, 5408.83, 4246.50, 5.42%
Test - Best epoch, Loss, MSE, RMSE, MAE, MAPE: 222, 102463728.00, 102463732.00, 10039.47, 7982.89, 9.63%
- Epoch 230, ExpID 28166
Train - Loss: 24233054.10
Val - Loss, MSE, RMSE, MAE, MAPE: 30581384.00, 30581384.00, 5400.07, 4242.01, 5.42%
Test - Best epoch, Loss, MSE, RMSE, MAE, MAPE: 222, 102463728.00, 102463732.00, 10039.47, 7982.89, 9.63%
- Epoch 231, ExpID 28166
Train - Loss: 24318207.30
Val - Loss, MSE, RMSE, MAE, MAPE: 30437236.00, 30437235.00, 5388.41, 4234.47, 5.41%
Test - Best epoch, Loss, MSE, RMSE, MAE, MAPE: 231, 101069920.00, 101069916.00, 9980.74, 7928.64, 9.56%
- Epoch 232, ExpID 28166
Train - Loss: 24278514.90
Val - Loss, MSE, RMSE, MAE, MAPE: 30451620.00, 30451619.00, 5389.04, 4233.48, 5.41%
Test - Best epoch, Loss, MSE, RMSE, MAE, MAPE: 231, 101069920.00, 101069916.00, 9980.74, 7928.64, 9.56%
- Epoch 233, ExpID 28166
Train - Loss: 24285818.20
Val - Loss, MSE, RMSE, MAE, MAPE: 30422086.00, 30422086.00, 5387.15, 4232.82, 5.41%
Test - Best epoch, Loss, MSE, RMSE, MAE, MAPE: 233, 101329616.00, 101329620.00, 9992.53, 7944.94, 9.57%
- Epoch 234, ExpID 28166
Train - Loss: 24106460.10
Val - Loss, MSE, RMSE, MAE, MAPE: 30714916.00, 30714916.00, 5413.06, 4254.44, 5.43%
Test - Best epoch, Loss, MSE, RMSE, MAE, MAPE: 233, 101329616.00, 101329620.00, 9992.53, 7944.94, 9.57%
- Epoch 235, ExpID 28166
Train - Loss: 24332020.90
Val - Loss, MSE, RMSE, MAE, MAPE: 30278594.00, 30278594.00, 5376.24, 4222.35, 5.39%
Test - Best epoch, Loss, MSE, RMSE, MAE, MAPE: 235, 101476408.00, 101476408.00, 9998.44, 7954.50, 9.58%
- Epoch 236, ExpID 28166
Train - Loss: 24151148.90
Val - Loss, MSE, RMSE, MAE, MAPE: 30544758.00, 30544758.00, 5398.18, 4240.79, 5.41%
Test - Best epoch, Loss, MSE, RMSE, MAE, MAPE: 235, 101476408.00, 101476408.00, 9998.44, 7954.50, 9.58%
- Epoch 237, ExpID 28166
Train - Loss: 24175399.00
Val - Loss, MSE, RMSE, MAE, MAPE: 30340432.00, 30340433.00, 5383.07, 4226.52, 5.40%
Test - Best epoch, Loss, MSE, RMSE, MAE, MAPE: 235, 101476408.00, 101476408.00, 9998.44, 7954.50, 9.58%
- Epoch 238, ExpID 28166
Train - Loss: 24150295.00
Val - Loss, MSE, RMSE, MAE, MAPE: 30640042.00, 30640042.00, 5407.24, 4247.64, 5.42%
Test - Best epoch, Loss, MSE, RMSE, MAE, MAPE: 235, 101476408.00, 101476408.00, 9998.44, 7954.50, 9.58%
- Epoch 239, ExpID 28166
Train - Loss: 24287931.10
Val - Loss, MSE, RMSE, MAE, MAPE: 30317762.00, 30317762.00, 5380.42, 4225.71, 5.40%
Test - Best epoch, Loss, MSE, RMSE, MAE, MAPE: 235, 101476408.00, 101476408.00, 9998.44, 7954.50, 9.58%
- Epoch 240, ExpID 28166
Train - Loss: 24019253.60
Val - Loss, MSE, RMSE, MAE, MAPE: 30226350.00, 30226350.00, 5372.49, 4220.72, 5.39%
Test - Best epoch, Loss, MSE, RMSE, MAE, MAPE: 240, 100954544.00, 100954540.00, 9974.92, 7926.46, 9.55%
- Epoch 241, ExpID 28166
Train - Loss: 24112264.70
Val - Loss, MSE, RMSE, MAE, MAPE: 30470904.00, 30470905.00, 5393.25, 4235.72, 5.40%
Test - Best epoch, Loss, MSE, RMSE, MAE, MAPE: 240, 100954544.00, 100954540.00, 9974.92, 7926.46, 9.55%
- Epoch 242, ExpID 28166
Train - Loss: 23987190.80
Val - Loss, MSE, RMSE, MAE, MAPE: 30319316.00, 30319316.00, 5379.38, 4226.02, 5.40%
Test - Best epoch, Loss, MSE, RMSE, MAE, MAPE: 240, 100954544.00, 100954540.00, 9974.92, 7926.46, 9.55%
- Epoch 243, ExpID 28166
Train - Loss: 23982925.30
Val - Loss, MSE, RMSE, MAE, MAPE: 30220158.00, 30220158.00, 5371.88, 4220.61, 5.39%
Test - Best epoch, Loss, MSE, RMSE, MAE, MAPE: 243, 100884192.00, 100884188.00, 9972.70, 7919.92, 9.54%
- Epoch 244, ExpID 28166
Train - Loss: 24171506.40
Val - Loss, MSE, RMSE, MAE, MAPE: 30010312.00, 30010312.00, 5354.17, 4205.70, 5.38%
Test - Best epoch, Loss, MSE, RMSE, MAE, MAPE: 244, 100434928.00, 100434924.00, 9950.93, 7898.24, 9.52%
- Epoch 245, ExpID 28166
Train - Loss: 24115026.40
Val - Loss, MSE, RMSE, MAE, MAPE: 30473888.00, 30473888.00, 5391.30, 4236.42, 5.40%
Test - Best epoch, Loss, MSE, RMSE, MAE, MAPE: 244, 100434928.00, 100434924.00, 9950.93, 7898.24, 9.52%
- Epoch 246, ExpID 28166
Train - Loss: 23974296.60
Val - Loss, MSE, RMSE, MAE, MAPE: 30170338.00, 30170338.00, 5364.57, 4216.22, 5.39%
Test - Best epoch, Loss, MSE, RMSE, MAE, MAPE: 244, 100434928.00, 100434924.00, 9950.93, 7898.24, 9.52%
- Epoch 247, ExpID 28166
Train - Loss: 23897131.40
Val - Loss, MSE, RMSE, MAE, MAPE: 30201556.00, 30201557.00, 5367.14, 4217.83, 5.38%
Test - Best epoch, Loss, MSE, RMSE, MAE, MAPE: 244, 100434928.00, 100434924.00, 9950.93, 7898.24, 9.52%
- Epoch 248, ExpID 28166
Train - Loss: 23948840.10
Val - Loss, MSE, RMSE, MAE, MAPE: 30034496.00, 30034496.00, 5355.75, 4207.84, 5.38%
Test - Best epoch, Loss, MSE, RMSE, MAE, MAPE: 244, 100434928.00, 100434924.00, 9950.93, 7898.24, 9.52%
- Epoch 249, ExpID 28166
Train - Loss: 23822339.70
Val - Loss, MSE, RMSE, MAE, MAPE: 30236688.00, 30236687.00, 5371.39, 4221.34, 5.39%
Test - Best epoch, Loss, MSE, RMSE, MAE, MAPE: 244, 100434928.00, 100434924.00, 9950.93, 7898.24, 9.52%
- Epoch 250, ExpID 28166
Train - Loss: 23900650.00
Val - Loss, MSE, RMSE, MAE, MAPE: 29656512.00, 29656511.00, 5323.94, 4183.01, 5.35%
Test - Best epoch, Loss, MSE, RMSE, MAE, MAPE: 250, 99898272.00, 99898268.00, 9925.90, 7864.59, 9.48%
- Epoch 251, ExpID 28166
Train - Loss: 23980918.80
Val - Loss, MSE, RMSE, MAE, MAPE: 30056300.00, 30056300.00, 5356.16, 4206.96, 5.37%
Test - Best epoch, Loss, MSE, RMSE, MAE, MAPE: 250, 99898272.00, 99898268.00, 9925.90, 7864.59, 9.48%
- Epoch 252, ExpID 28166
Train - Loss: 23974793.90
Val - Loss, MSE, RMSE, MAE, MAPE: 30006108.00, 30006109.00, 5353.48, 4204.77, 5.37%
Test - Best epoch, Loss, MSE, RMSE, MAE, MAPE: 250, 99898272.00, 99898268.00, 9925.90, 7864.59, 9.48%
- Epoch 253, ExpID 28166
Train - Loss: 23930812.10
Val - Loss, MSE, RMSE, MAE, MAPE: 29731708.00, 29731707.00, 5329.10, 4187.66, 5.36%
Test - Best epoch, Loss, MSE, RMSE, MAE, MAPE: 250, 99898272.00, 99898268.00, 9925.90, 7864.59, 9.48%
- Epoch 254, ExpID 28166
Train - Loss: 23825475.60
Val - Loss, MSE, RMSE, MAE, MAPE: 30236028.00, 30236027.00, 5372.61, 4218.93, 5.38%
Test - Best epoch, Loss, MSE, RMSE, MAE, MAPE: 250, 99898272.00, 99898268.00, 9925.90, 7864.59, 9.48%
- Epoch 255, ExpID 28166
Train - Loss: 23881288.30
Val - Loss, MSE, RMSE, MAE, MAPE: 30010974.00, 30010974.00, 5352.40, 4202.90, 5.37%
Test - Best epoch, Loss, MSE, RMSE, MAE, MAPE: 250, 99898272.00, 99898268.00, 9925.90, 7864.59, 9.48%
- Epoch 256, ExpID 28166
Train - Loss: 23777668.10
Val - Loss, MSE, RMSE, MAE, MAPE: 29705184.00, 29705185.00, 5325.74, 4183.52, 5.35%
Test - Best epoch, Loss, MSE, RMSE, MAE, MAPE: 250, 99898272.00, 99898268.00, 9925.90, 7864.59, 9.48%
- Epoch 257, ExpID 28166
Train - Loss: 23841623.80
Val - Loss, MSE, RMSE, MAE, MAPE: 29934192.00, 29934192.00, 5344.64, 4197.36, 5.36%
Test - Best epoch, Loss, MSE, RMSE, MAE, MAPE: 250, 99898272.00, 99898268.00, 9925.90, 7864.59, 9.48%
- Epoch 258, ExpID 28166
Train - Loss: 23746856.50
Val - Loss, MSE, RMSE, MAE, MAPE: 29800932.00, 29800933.00, 5333.78, 4191.45, 5.36%
Test - Best epoch, Loss, MSE, RMSE, MAE, MAPE: 250, 99898272.00, 99898268.00, 9925.90, 7864.59, 9.48%
- Epoch 259, ExpID 28166
Train - Loss: 23814264.60
Val - Loss, MSE, RMSE, MAE, MAPE: 29783694.00, 29783694.00, 5331.95, 4187.06, 5.35%
Test - Best epoch, Loss, MSE, RMSE, MAE, MAPE: 250, 99898272.00, 99898268.00, 9925.90, 7864.59, 9.48%
- Epoch 260, ExpID 28166
Train - Loss: 23671926.80
Val - Loss, MSE, RMSE, MAE, MAPE: 29839896.00, 29839895.00, 5337.73, 4191.97, 5.36%
Test - Best epoch, Loss, MSE, RMSE, MAE, MAPE: 250, 99898272.00, 99898268.00, 9925.90, 7864.59, 9.48%
Early Stopping at Epoch 260
Fold 2017 Best RMSE: 9925.9028

-------------------- [Fold: 2018] ExpID: 89369 --------------------
- Epoch 000, ExpID 89369
Train - Loss: 48769812.00
Val - Loss, MSE, RMSE, MAE, MAPE: 112434024.00, 112434024.00, 10603.24, 8376.50, 10.23%
Test - Best epoch, Loss, MSE, RMSE, MAE, MAPE: 0, 67670584.00, 67670586.00, 8200.88, 6503.45, 7.09%
- Epoch 001, ExpID 89369
Train - Loss: 46757471.62
Val - Loss, MSE, RMSE, MAE, MAPE: 108662712.00, 108662712.00, 10424.08, 8226.61, 10.06%
Test - Best epoch, Loss, MSE, RMSE, MAE, MAPE: 1, 63300156.00, 63300156.00, 7925.16, 6269.35, 6.84%
- Epoch 002, ExpID 89369
Train - Loss: 45188215.05
Val - Loss, MSE, RMSE, MAE, MAPE: 105387440.00, 105387440.00, 10265.82, 8086.04, 9.89%
Test - Best epoch, Loss, MSE, RMSE, MAE, MAPE: 2, 59566064.00, 59566066.00, 7679.79, 6057.43, 6.62%
- Epoch 003, ExpID 89369
Train - Loss: 43829117.90
Val - Loss, MSE, RMSE, MAE, MAPE: 102724720.00, 102724720.00, 10135.32, 7966.49, 9.75%
Test - Best epoch, Loss, MSE, RMSE, MAE, MAPE: 3, 56493780.00, 56493780.00, 7471.00, 5872.56, 6.42%
- Epoch 004, ExpID 89369
Train - Loss: 42755365.71
Val - Loss, MSE, RMSE, MAE, MAPE: 100707144.00, 100707144.00, 10035.26, 7873.34, 9.64%
Test - Best epoch, Loss, MSE, RMSE, MAE, MAPE: 4, 54036048.00, 54036050.00, 7298.88, 5717.93, 6.25%
- Epoch 005, ExpID 89369
Train - Loss: 41777124.76
Val - Loss, MSE, RMSE, MAE, MAPE: 99172976.00, 99172980.00, 9958.43, 7800.96, 9.55%
Test - Best epoch, Loss, MSE, RMSE, MAE, MAPE: 5, 52080584.00, 52080586.00, 7158.41, 5590.57, 6.11%
- Epoch 006, ExpID 89369
Train - Loss: 41025822.48
Val - Loss, MSE, RMSE, MAE, MAPE: 98095624.00, 98095624.00, 9904.01, 7746.82, 9.49%
Test - Best epoch, Loss, MSE, RMSE, MAE, MAPE: 6, 50585616.00, 50585618.00, 7048.77, 5491.38, 6.00%
- Epoch 007, ExpID 89369
Train - Loss: 40422239.81
Val - Loss, MSE, RMSE, MAE, MAPE: 97308624.00, 97308628.00, 9863.90, 7708.86, 9.44%
Test - Best epoch, Loss, MSE, RMSE, MAE, MAPE: 7, 49423656.00, 49423654.00, 6962.29, 5412.17, 5.92%
- Epoch 008, ExpID 89369
Train - Loss: 39881808.76
Val - Loss, MSE, RMSE, MAE, MAPE: 96770672.00, 96770668.00, 9836.20, 7684.58, 9.41%
Test - Best epoch, Loss, MSE, RMSE, MAE, MAPE: 8, 48522048.00, 48522046.00, 6894.83, 5351.14, 5.85%
- Epoch 009, ExpID 89369
Train - Loss: 39429736.38
Val - Loss, MSE, RMSE, MAE, MAPE: 96488864.00, 96488860.00, 9821.28, 7671.12, 9.39%
Test - Best epoch, Loss, MSE, RMSE, MAE, MAPE: 9, 47813200.00, 47813200.00, 6841.53, 5300.62, 5.79%
- Epoch 010, ExpID 89369
Train - Loss: 38965857.52
Val - Loss, MSE, RMSE, MAE, MAPE: 96311488.00, 96311484.00, 9811.56, 7661.86, 9.38%
Test - Best epoch, Loss, MSE, RMSE, MAE, MAPE: 10, 47247536.00, 47247538.00, 6798.44, 5260.28, 5.75%
- Epoch 011, ExpID 89369
Train - Loss: 38589244.57
Val - Loss, MSE, RMSE, MAE, MAPE: 96257512.00, 96257512.00, 9807.95, 7662.64, 9.37%
Test - Best epoch, Loss, MSE, RMSE, MAE, MAPE: 11, 46777296.00, 46777297.00, 6763.25, 5227.34, 5.71%
- Epoch 012, ExpID 89369
Train - Loss: 38286803.24
Val - Loss, MSE, RMSE, MAE, MAPE: 96349488.00, 96349484.00, 9811.59, 7667.14, 9.38%
Test - Best epoch, Loss, MSE, RMSE, MAE, MAPE: 11, 46777296.00, 46777297.00, 6763.25, 5227.34, 5.71%
- Epoch 013, ExpID 89369
Train - Loss: 37897533.33
Val - Loss, MSE, RMSE, MAE, MAPE: 96483528.00, 96483528.00, 9817.24, 7675.70, 9.39%
Test - Best epoch, Loss, MSE, RMSE, MAE, MAPE: 11, 46777296.00, 46777297.00, 6763.25, 5227.34, 5.71%
- Epoch 014, ExpID 89369
Train - Loss: 37631302.67
Val - Loss, MSE, RMSE, MAE, MAPE: 96676992.00, 96676988.00, 9825.77, 7688.16, 9.40%
Test - Best epoch, Loss, MSE, RMSE, MAE, MAPE: 11, 46777296.00, 46777297.00, 6763.25, 5227.34, 5.71%
- Epoch 015, ExpID 89369
Train - Loss: 37355057.33
Val - Loss, MSE, RMSE, MAE, MAPE: 96909240.00, 96909240.00, 9836.14, 7703.11, 9.42%
Test - Best epoch, Loss, MSE, RMSE, MAE, MAPE: 11, 46777296.00, 46777297.00, 6763.25, 5227.34, 5.71%
- Epoch 016, ExpID 89369
Train - Loss: 37169412.48
Val - Loss, MSE, RMSE, MAE, MAPE: 97226352.00, 97226356.00, 9850.54, 7720.48, 9.43%
Test - Best epoch, Loss, MSE, RMSE, MAE, MAPE: 11, 46777296.00, 46777297.00, 6763.25, 5227.34, 5.71%
- Epoch 017, ExpID 89369
Train - Loss: 36894446.29
Val - Loss, MSE, RMSE, MAE, MAPE: 97567648.00, 97567644.00, 9866.12, 7740.25, 9.46%
Test - Best epoch, Loss, MSE, RMSE, MAE, MAPE: 11, 46777296.00, 46777297.00, 6763.25, 5227.34, 5.71%
- Epoch 018, ExpID 89369
Train - Loss: 36671004.38
Val - Loss, MSE, RMSE, MAE, MAPE: 97969912.00, 97969912.00, 9884.46, 7764.71, 9.49%
Test - Best epoch, Loss, MSE, RMSE, MAE, MAPE: 11, 46777296.00, 46777297.00, 6763.25, 5227.34, 5.71%
- Epoch 019, ExpID 89369
Train - Loss: 36434788.86
Val - Loss, MSE, RMSE, MAE, MAPE: 98355296.00, 98355300.00, 9901.91, 7787.21, 9.51%
Test - Best epoch, Loss, MSE, RMSE, MAE, MAPE: 11, 46777296.00, 46777297.00, 6763.25, 5227.34, 5.71%
- Epoch 020, ExpID 89369
Train - Loss: 36270894.19
Val - Loss, MSE, RMSE, MAE, MAPE: 98767944.00, 98767944.00, 9920.50, 7813.45, 9.54%
Test - Best epoch, Loss, MSE, RMSE, MAE, MAPE: 11, 46777296.00, 46777297.00, 6763.25, 5227.34, 5.71%
- Epoch 021, ExpID 89369
Train - Loss: 36099929.90
Val - Loss, MSE, RMSE, MAE, MAPE: 99315648.00, 99315648.00, 9945.39, 7843.95, 9.57%
Test - Best epoch, Loss, MSE, RMSE, MAE, MAPE: 11, 46777296.00, 46777297.00, 6763.25, 5227.34, 5.71%
Early Stopping at Epoch 21
Fold 2018 Best RMSE: 6763.2473

-------------------- [Fold: 2019] ExpID: 55216 --------------------
- Epoch 000, ExpID 55216
Train - Loss: 53622128.52
Val - Loss, MSE, RMSE, MAE, MAPE: 66861344.00, 66861346.00, 8149.37, 6467.42, 7.06%
Test - Best epoch, Loss, MSE, RMSE, MAE, MAPE: 0, 75138952.00, 75138950.00, 8536.20, 6741.17, 7.16%
- Epoch 001, ExpID 55216
Train - Loss: 51402288.00
Val - Loss, MSE, RMSE, MAE, MAPE: 62693560.00, 62693560.00, 7884.73, 6226.61, 6.80%
Test - Best epoch, Loss, MSE, RMSE, MAE, MAPE: 1, 70978416.00, 70978420.00, 8283.26, 6528.53, 6.94%
- Epoch 002, ExpID 55216
Train - Loss: 49732321.91
Val - Loss, MSE, RMSE, MAE, MAPE: 59106420.00, 59106420.00, 7648.03, 6012.81, 6.57%
Test - Best epoch, Loss, MSE, RMSE, MAE, MAPE: 2, 67437776.00, 67437780.00, 8058.81, 6340.76, 6.74%
- Epoch 003, ExpID 55216
Train - Loss: 48172180.35
Val - Loss, MSE, RMSE, MAE, MAPE: 56184152.00, 56184150.00, 7448.88, 5833.30, 6.38%
Test - Best epoch, Loss, MSE, RMSE, MAE, MAPE: 3, 64557772.00, 64557772.00, 7870.63, 6180.09, 6.57%
- Epoch 004, ExpID 55216
Train - Loss: 46949069.57
Val - Loss, MSE, RMSE, MAE, MAPE: 53875512.00, 53875510.00, 7287.22, 5688.01, 6.22%
Test - Best epoch, Loss, MSE, RMSE, MAE, MAPE: 4, 62261912.00, 62261912.00, 7717.08, 6045.33, 6.42%
- Epoch 005, ExpID 55216
Train - Loss: 46035902.78
Val - Loss, MSE, RMSE, MAE, MAPE: 52046948.00, 52046948.00, 7156.71, 5570.28, 6.09%
Test - Best epoch, Loss, MSE, RMSE, MAE, MAPE: 5, 60373560.00, 60373560.00, 7589.13, 5932.28, 6.30%
- Epoch 006, ExpID 55216
Train - Loss: 45308305.91
Val - Loss, MSE, RMSE, MAE, MAPE: 50624128.00, 50624128.00, 7052.87, 5474.75, 5.99%
Test - Best epoch, Loss, MSE, RMSE, MAE, MAPE: 6, 58918304.00, 58918302.00, 7487.05, 5841.63, 6.21%
- Epoch 007, ExpID 55216
Train - Loss: 44508627.30
Val - Loss, MSE, RMSE, MAE, MAPE: 49521092.00, 49521092.00, 6971.72, 5401.15, 5.91%
Test - Best epoch, Loss, MSE, RMSE, MAE, MAPE: 7, 57724224.00, 57724225.00, 7404.78, 5767.81, 6.13%
- Epoch 008, ExpID 55216
Train - Loss: 43741716.35
Val - Loss, MSE, RMSE, MAE, MAPE: 48666428.00, 48666428.00, 6908.32, 5342.42, 5.85%
Test - Best epoch, Loss, MSE, RMSE, MAE, MAPE: 8, 56762924.00, 56762924.00, 7336.88, 5707.18, 6.06%
- Epoch 009, ExpID 55216
Train - Loss: 43310734.09
Val - Loss, MSE, RMSE, MAE, MAPE: 47978520.00, 47978522.00, 6857.87, 5298.64, 5.79%
Test - Best epoch, Loss, MSE, RMSE, MAE, MAPE: 9, 55884032.00, 55884032.00, 7275.31, 5655.54, 6.00%
- Epoch 010, ExpID 55216
Train - Loss: 42742396.17
Val - Loss, MSE, RMSE, MAE, MAPE: 47468120.00, 47468120.00, 6820.21, 5265.15, 5.76%
Test - Best epoch, Loss, MSE, RMSE, MAE, MAPE: 10, 55231428.00, 55231427.00, 7229.83, 5616.03, 5.96%
- Epoch 011, ExpID 55216
Train - Loss: 42363552.70
Val - Loss, MSE, RMSE, MAE, MAPE: 47047528.00, 47047526.00, 6790.04, 5238.55, 5.73%
Test - Best epoch, Loss, MSE, RMSE, MAE, MAPE: 11, 54603484.00, 54603485.00, 7186.90, 5578.88, 5.92%
- Epoch 012, ExpID 55216
Train - Loss: 41976876.70
Val - Loss, MSE, RMSE, MAE, MAPE: 46720696.00, 46720694.00, 6766.47, 5219.46, 5.71%
Test - Best epoch, Loss, MSE, RMSE, MAE, MAPE: 12, 54122704.00, 54122704.00, 7153.44, 5549.59, 5.89%
- Epoch 013, ExpID 55216
Train - Loss: 41682138.78
Val - Loss, MSE, RMSE, MAE, MAPE: 46420724.00, 46420725.00, 6745.08, 5201.20, 5.68%
Test - Best epoch, Loss, MSE, RMSE, MAE, MAPE: 13, 53700108.00, 53700108.00, 7125.47, 5522.84, 5.86%
- Epoch 014, ExpID 55216
Train - Loss: 41285778.43
Val - Loss, MSE, RMSE, MAE, MAPE: 46190248.00, 46190247.00, 6728.96, 5185.09, 5.67%
Test - Best epoch, Loss, MSE, RMSE, MAE, MAPE: 14, 53344240.00, 53344239.00, 7101.94, 5499.38, 5.83%
- Epoch 015, ExpID 55216
Train - Loss: 40980035.48
Val - Loss, MSE, RMSE, MAE, MAPE: 46000416.00, 46000414.00, 6715.77, 5172.76, 5.65%
Test - Best epoch, Loss, MSE, RMSE, MAE, MAPE: 15, 53029104.00, 53029104.00, 7080.55, 5479.71, 5.81%
- Epoch 016, ExpID 55216
Train - Loss: 40556545.91
Val - Loss, MSE, RMSE, MAE, MAPE: 45835496.00, 45835495.00, 6704.74, 5163.17, 5.64%
Test - Best epoch, Loss, MSE, RMSE, MAE, MAPE: 16, 52741800.00, 52741798.00, 7061.52, 5461.45, 5.79%
- Epoch 017, ExpID 55216
Train - Loss: 40439724.17
Val - Loss, MSE, RMSE, MAE, MAPE: 45684392.00, 45684391.00, 6694.85, 5153.76, 5.63%
Test - Best epoch, Loss, MSE, RMSE, MAE, MAPE: 17, 52490368.00, 52490367.00, 7045.41, 5444.27, 5.77%
- Epoch 018, ExpID 55216
Train - Loss: 40079699.83
Val - Loss, MSE, RMSE, MAE, MAPE: 45564836.00, 45564836.00, 6687.60, 5149.71, 5.63%
Test - Best epoch, Loss, MSE, RMSE, MAE, MAPE: 18, 52262960.00, 52262961.00, 7029.71, 5428.39, 5.76%
- Epoch 019, ExpID 55216
Train - Loss: 39874218.78
Val - Loss, MSE, RMSE, MAE, MAPE: 45454956.00, 45454957.00, 6681.31, 5142.71, 5.62%
Test - Best epoch, Loss, MSE, RMSE, MAE, MAPE: 19, 52073496.00, 52073494.00, 7020.07, 5416.34, 5.74%
- Epoch 020, ExpID 55216
Train - Loss: 39685956.17
Val - Loss, MSE, RMSE, MAE, MAPE: 45309932.00, 45309933.00, 6671.89, 5133.28, 5.61%
Test - Best epoch, Loss, MSE, RMSE, MAE, MAPE: 20, 51846516.00, 51846515.00, 7005.42, 5401.37, 5.73%
- Epoch 021, ExpID 55216
Train - Loss: 39412797.74
Val - Loss, MSE, RMSE, MAE, MAPE: 45230664.00, 45230663.00, 6667.77, 5129.60, 5.60%
Test - Best epoch, Loss, MSE, RMSE, MAE, MAPE: 21, 51709660.00, 51709659.00, 6997.50, 5391.38, 5.71%
- Epoch 022, ExpID 55216
Train - Loss: 39034825.74
Val - Loss, MSE, RMSE, MAE, MAPE: 45151776.00, 45151776.00, 6663.63, 5125.61, 5.60%
Test - Best epoch, Loss, MSE, RMSE, MAE, MAPE: 22, 51571896.00, 51571895.00, 6988.49, 5382.37, 5.71%
- Epoch 023, ExpID 55216
Train - Loss: 39069783.13
Val - Loss, MSE, RMSE, MAE, MAPE: 45102752.00, 45102752.00, 6661.96, 5125.72, 5.60%
Test - Best epoch, Loss, MSE, RMSE, MAE, MAPE: 23, 51528456.00, 51528454.00, 6987.86, 5379.65, 5.70%
- Epoch 024, ExpID 55216
Train - Loss: 38882685.39
Val - Loss, MSE, RMSE, MAE, MAPE: 45051264.00, 45051264.00, 6661.39, 5124.31, 5.59%
Test - Best epoch, Loss, MSE, RMSE, MAE, MAPE: 24, 51359268.00, 51359269.00, 6980.06, 5370.22, 5.69%
- Epoch 025, ExpID 55216
Train - Loss: 38618613.22
Val - Loss, MSE, RMSE, MAE, MAPE: 44940312.00, 44940314.00, 6654.10, 5116.41, 5.58%
Test - Best epoch, Loss, MSE, RMSE, MAE, MAPE: 25, 51269296.00, 51269298.00, 6973.94, 5364.75, 5.68%
- Epoch 026, ExpID 55216
Train - Loss: 38294369.22
Val - Loss, MSE, RMSE, MAE, MAPE: 44879336.00, 44879334.00, 6652.02, 5113.95, 5.58%
Test - Best epoch, Loss, MSE, RMSE, MAE, MAPE: 26, 51170560.00, 51170559.00, 6969.62, 5359.11, 5.68%
- Epoch 027, ExpID 55216
Train - Loss: 38093471.13
Val - Loss, MSE, RMSE, MAE, MAPE: 44803008.00, 44803008.00, 6648.78, 5111.74, 5.58%
Test - Best epoch, Loss, MSE, RMSE, MAE, MAPE: 27, 51169708.00, 51169707.00, 6972.92, 5361.38, 5.68%
- Epoch 028, ExpID 55216
Train - Loss: 37866458.43
Val - Loss, MSE, RMSE, MAE, MAPE: 44745200.00, 44745198.00, 6646.87, 5109.46, 5.57%
Test - Best epoch, Loss, MSE, RMSE, MAE, MAPE: 28, 51141284.00, 51141284.00, 6974.58, 5360.18, 5.67%
- Epoch 029, ExpID 55216
Train - Loss: 37798931.48
Val - Loss, MSE, RMSE, MAE, MAPE: 44615168.00, 44615166.00, 6636.94, 5097.50, 5.56%
Test - Best epoch, Loss, MSE, RMSE, MAE, MAPE: 29, 51059072.00, 51059071.00, 6964.73, 5350.34, 5.67%
- Epoch 030, ExpID 55216
Train - Loss: 37555451.30
Val - Loss, MSE, RMSE, MAE, MAPE: 44514648.00, 44514648.00, 6631.89, 5094.01, 5.56%
Test - Best epoch, Loss, MSE, RMSE, MAE, MAPE: 30, 50975020.00, 50975019.00, 6962.25, 5349.73, 5.67%
- Epoch 031, ExpID 55216
Train - Loss: 37454203.83
Val - Loss, MSE, RMSE, MAE, MAPE: 44449668.00, 44449668.00, 6629.09, 5091.41, 5.55%
Test - Best epoch, Loss, MSE, RMSE, MAE, MAPE: 31, 50902288.00, 50902288.00, 6960.87, 5349.18, 5.66%
- Epoch 032, ExpID 55216
Train - Loss: 37269073.04
Val - Loss, MSE, RMSE, MAE, MAPE: 44438640.00, 44438642.00, 6631.65, 5096.18, 5.55%
Test - Best epoch, Loss, MSE, RMSE, MAE, MAPE: 32, 50977428.00, 50977427.00, 6970.79, 5358.33, 5.67%
- Epoch 033, ExpID 55216
Train - Loss: 37100654.09
Val - Loss, MSE, RMSE, MAE, MAPE: 44375536.00, 44375534.00, 6627.92, 5093.38, 5.55%
Test - Best epoch, Loss, MSE, RMSE, MAE, MAPE: 33, 51031024.00, 51031025.00, 6974.51, 5361.71, 5.68%
- Epoch 034, ExpID 55216
Train - Loss: 36901545.91
Val - Loss, MSE, RMSE, MAE, MAPE: 44171256.00, 44171256.00, 6612.86, 5079.68, 5.54%
Test - Best epoch, Loss, MSE, RMSE, MAE, MAPE: 34, 50867312.00, 50867314.00, 6961.03, 5350.19, 5.66%
- Epoch 035, ExpID 55216
Train - Loss: 36818386.17
Val - Loss, MSE, RMSE, MAE, MAPE: 44170536.00, 44170534.00, 6614.32, 5081.35, 5.54%
Test - Best epoch, Loss, MSE, RMSE, MAE, MAPE: 35, 50985448.00, 50985450.00, 6968.52, 5358.70, 5.67%
- Epoch 036, ExpID 55216
Train - Loss: 36528013.04
Val - Loss, MSE, RMSE, MAE, MAPE: 44239384.00, 44239386.00, 6623.77, 5091.86, 5.54%
Test - Best epoch, Loss, MSE, RMSE, MAE, MAPE: 35, 50985448.00, 50985450.00, 6968.52, 5358.70, 5.67%
- Epoch 037, ExpID 55216
Train - Loss: 36536460.61
Val - Loss, MSE, RMSE, MAE, MAPE: 44102640.00, 44102642.00, 6612.75, 5079.78, 5.53%
Test - Best epoch, Loss, MSE, RMSE, MAE, MAPE: 37, 50942328.00, 50942330.00, 6974.50, 5362.98, 5.67%
- Epoch 038, ExpID 55216
Train - Loss: 36337431.30
Val - Loss, MSE, RMSE, MAE, MAPE: 43959968.00, 43959966.00, 6602.29, 5071.19, 5.52%
Test - Best epoch, Loss, MSE, RMSE, MAE, MAPE: 38, 50836388.00, 50836388.00, 6964.49, 5352.19, 5.66%
- Epoch 039, ExpID 55216
Train - Loss: 36289755.30
Val - Loss, MSE, RMSE, MAE, MAPE: 43864768.00, 43864766.00, 6595.19, 5066.16, 5.52%
Test - Best epoch, Loss, MSE, RMSE, MAE, MAPE: 39, 50893336.00, 50893338.00, 6966.08, 5355.26, 5.67%
- Epoch 040, ExpID 55216
Train - Loss: 36130551.13
Val - Loss, MSE, RMSE, MAE, MAPE: 43815504.00, 43815502.00, 6593.26, 5066.16, 5.52%
Test - Best epoch, Loss, MSE, RMSE, MAE, MAPE: 40, 50771536.00, 50771536.00, 6960.99, 5351.16, 5.66%
- Epoch 041, ExpID 55216
Train - Loss: 36113470.87
Val - Loss, MSE, RMSE, MAE, MAPE: 43659572.00, 43659572.00, 6580.49, 5052.88, 5.50%
Test - Best epoch, Loss, MSE, RMSE, MAE, MAPE: 41, 50585208.00, 50585208.00, 6941.87, 5333.79, 5.65%
- Epoch 042, ExpID 55216
Train - Loss: 35892060.00
Val - Loss, MSE, RMSE, MAE, MAPE: 43525280.00, 43525280.00, 6568.44, 5041.91, 5.50%
Test - Best epoch, Loss, MSE, RMSE, MAE, MAPE: 42, 50567680.00, 50567681.00, 6931.03, 5322.20, 5.64%
- Epoch 043, ExpID 55216
Train - Loss: 35931080.35
Val - Loss, MSE, RMSE, MAE, MAPE: 43609844.00, 43609844.00, 6579.15, 5056.71, 5.51%
Test - Best epoch, Loss, MSE, RMSE, MAE, MAPE: 42, 50567680.00, 50567681.00, 6931.03, 5322.20, 5.64%
- Epoch 044, ExpID 55216
Train - Loss: 35800230.09
Val - Loss, MSE, RMSE, MAE, MAPE: 43669576.00, 43669578.00, 6585.74, 5065.04, 5.51%
Test - Best epoch, Loss, MSE, RMSE, MAE, MAPE: 42, 50567680.00, 50567681.00, 6931.03, 5322.20, 5.64%
- Epoch 045, ExpID 55216
Train - Loss: 35654101.22
Val - Loss, MSE, RMSE, MAE, MAPE: 43435968.00, 43435968.00, 6565.87, 5047.00, 5.50%
Test - Best epoch, Loss, MSE, RMSE, MAE, MAPE: 45, 50407280.00, 50407282.00, 6925.10, 5320.11, 5.63%
- Epoch 046, ExpID 55216
Train - Loss: 35558853.39
Val - Loss, MSE, RMSE, MAE, MAPE: 43424948.00, 43424948.00, 6566.10, 5046.98, 5.50%
Test - Best epoch, Loss, MSE, RMSE, MAE, MAPE: 46, 50332812.00, 50332812.00, 6922.30, 5316.26, 5.63%
- Epoch 047, ExpID 55216
Train - Loss: 35367231.48
Val - Loss, MSE, RMSE, MAE, MAPE: 43495416.00, 43495416.00, 6573.72, 5059.30, 5.51%
Test - Best epoch, Loss, MSE, RMSE, MAE, MAPE: 46, 50332812.00, 50332812.00, 6922.30, 5316.26, 5.63%
- Epoch 048, ExpID 55216
Train - Loss: 35187499.57
Val - Loss, MSE, RMSE, MAE, MAPE: 43419472.00, 43419470.00, 6568.60, 5057.18, 5.50%
Test - Best epoch, Loss, MSE, RMSE, MAE, MAPE: 48, 50180696.00, 50180695.00, 6916.15, 5315.48, 5.63%
- Epoch 049, ExpID 55216
Train - Loss: 35077287.30
Val - Loss, MSE, RMSE, MAE, MAPE: 43469820.00, 43469820.00, 6573.89, 5064.52, 5.51%
Test - Best epoch, Loss, MSE, RMSE, MAE, MAPE: 48, 50180696.00, 50180695.00, 6916.15, 5315.48, 5.63%
- Epoch 050, ExpID 55216
Train - Loss: 34907997.57
Val - Loss, MSE, RMSE, MAE, MAPE: 43347280.00, 43347282.00, 6564.11, 5056.48, 5.50%
Test - Best epoch, Loss, MSE, RMSE, MAE, MAPE: 50, 49955156.00, 49955157.00, 6898.32, 5297.12, 5.61%
- Epoch 051, ExpID 55216
Train - Loss: 34850659.13
Val - Loss, MSE, RMSE, MAE, MAPE: 43522104.00, 43522106.00, 6579.24, 5074.57, 5.52%
Test - Best epoch, Loss, MSE, RMSE, MAE, MAPE: 50, 49955156.00, 49955157.00, 6898.32, 5297.12, 5.61%
- Epoch 052, ExpID 55216
Train - Loss: 34811872.87
Val - Loss, MSE, RMSE, MAE, MAPE: 43569392.00, 43569394.00, 6584.76, 5084.81, 5.53%
Test - Best epoch, Loss, MSE, RMSE, MAE, MAPE: 50, 49955156.00, 49955157.00, 6898.32, 5297.12, 5.61%
- Epoch 053, ExpID 55216
Train - Loss: 34827754.26
Val - Loss, MSE, RMSE, MAE, MAPE: 43544172.00, 43544172.00, 6583.38, 5085.51, 5.53%
Test - Best epoch, Loss, MSE, RMSE, MAE, MAPE: 50, 49955156.00, 49955157.00, 6898.32, 5297.12, 5.61%
- Epoch 054, ExpID 55216
Train - Loss: 34736183.04
Val - Loss, MSE, RMSE, MAE, MAPE: 43363336.00, 43363338.00, 6568.19, 5072.57, 5.52%
Test - Best epoch, Loss, MSE, RMSE, MAE, MAPE: 50, 49955156.00, 49955157.00, 6898.32, 5297.12, 5.61%
- Epoch 055, ExpID 55216
Train - Loss: 34738421.74
Val - Loss, MSE, RMSE, MAE, MAPE: 43520552.00, 43520550.00, 6582.28, 5093.04, 5.54%
Test - Best epoch, Loss, MSE, RMSE, MAE, MAPE: 50, 49955156.00, 49955157.00, 6898.32, 5297.12, 5.61%
- Epoch 056, ExpID 55216
Train - Loss: 34683688.87
Val - Loss, MSE, RMSE, MAE, MAPE: 43539680.00, 43539680.00, 6585.22, 5100.03, 5.54%
Test - Best epoch, Loss, MSE, RMSE, MAE, MAPE: 50, 49955156.00, 49955157.00, 6898.32, 5297.12, 5.61%
- Epoch 057, ExpID 55216
Train - Loss: 34528168.26
Val - Loss, MSE, RMSE, MAE, MAPE: 43367700.00, 43367700.00, 6570.42, 5084.28, 5.53%
Test - Best epoch, Loss, MSE, RMSE, MAE, MAPE: 50, 49955156.00, 49955157.00, 6898.32, 5297.12, 5.61%
- Epoch 058, ExpID 55216
Train - Loss: 34545896.87
Val - Loss, MSE, RMSE, MAE, MAPE: 43567584.00, 43567584.00, 6588.58, 5110.56, 5.55%
Test - Best epoch, Loss, MSE, RMSE, MAE, MAPE: 50, 49955156.00, 49955157.00, 6898.32, 5297.12, 5.61%
- Epoch 059, ExpID 55216
Train - Loss: 34419202.61
Val - Loss, MSE, RMSE, MAE, MAPE: 43450480.00, 43450478.00, 6579.37, 5103.29, 5.54%
Test - Best epoch, Loss, MSE, RMSE, MAE, MAPE: 50, 49955156.00, 49955157.00, 6898.32, 5297.12, 5.61%
- Epoch 060, ExpID 55216
Train - Loss: 34284479.65
Val - Loss, MSE, RMSE, MAE, MAPE: 43481776.00, 43481774.00, 6582.50, 5110.62, 5.55%
Test - Best epoch, Loss, MSE, RMSE, MAE, MAPE: 50, 49955156.00, 49955157.00, 6898.32, 5297.12, 5.61%
Early Stopping at Epoch 60
Fold 2019 Best RMSE: 6898.3198
