DETAILED LOG | Model: patchtst | Seed: 1
FULL CONFIG: {'gpu': '0', 'target': 'departure', 'cv_start_year': 2017, 'cv_end_year': 2019, 'test_year': 2024, 'use_corona': False, 'seq_len': 56, 'label_len': 0, 'pred_len': 56, 'batch_size': 256, 'epochs': 1000, 'patience': 10, 'lr': 1e-05, 'model': 'patchtst', 'd_model': 256, 'n_heads': 2, 'n_layers': 2, 'dropout': 0.1, 'activation': 'gelu', 'patch_len': 7, 'factor': 5, 'norm_mode': 'revin', 'use_covar': True, 'use_dbloss': False, 'device': device(type='cuda'), 'stride': 14, 'file_path': 'dataset/airport_flight_with_holiday.csv', 'seed': 1, 'val_year': 2019, 'ndims': 1}

-------------------- [Fold: 2017] ExpID: 52582 --------------------
- Epoch 000, ExpID 52582
Train - Loss: 44448293.20
Val - Loss, MSE, RMSE, MAE, MAPE: 70628440.00, 70628440.00, 8285.42, 6631.32, 8.56%
Test - Best epoch, Loss, MSE, RMSE, MAE, MAPE: 0, 108053584.00, 108053580.00, 10392.88, 8152.84, 9.99%
- Epoch 001, ExpID 52582
Train - Loss: 42180188.40
Val - Loss, MSE, RMSE, MAE, MAPE: 65871816.00, 65871816.00, 7987.25, 6388.70, 8.24%
Test - Best epoch, Loss, MSE, RMSE, MAE, MAPE: 1, 103529112.00, 103529112.00, 10173.69, 7964.32, 9.77%
- Epoch 002, ExpID 52582
Train - Loss: 40291477.00
Val - Loss, MSE, RMSE, MAE, MAPE: 61998008.00, 61998008.00, 7733.22, 6184.11, 7.98%
Test - Best epoch, Loss, MSE, RMSE, MAE, MAPE: 2, 100195472.00, 100195476.00, 10009.17, 7815.57, 9.59%
- Epoch 003, ExpID 52582
Train - Loss: 39057945.60
Val - Loss, MSE, RMSE, MAE, MAPE: 58963744.00, 58963746.00, 7526.22, 6017.30, 7.76%
Test - Best epoch, Loss, MSE, RMSE, MAE, MAPE: 3, 98061840.00, 98061836.00, 9902.49, 7718.66, 9.47%
- Epoch 004, ExpID 52582
Train - Loss: 38106280.00
Val - Loss, MSE, RMSE, MAE, MAPE: 56783616.00, 56783618.00, 7375.89, 5898.79, 7.60%
Test - Best epoch, Loss, MSE, RMSE, MAE, MAPE: 4, 96831528.00, 96831528.00, 9840.29, 7665.77, 9.40%
- Epoch 005, ExpID 52582
Train - Loss: 37192690.20
Val - Loss, MSE, RMSE, MAE, MAPE: 54953520.00, 54953522.00, 7245.89, 5795.07, 7.46%
Test - Best epoch, Loss, MSE, RMSE, MAE, MAPE: 5, 96254776.00, 96254776.00, 9810.52, 7642.86, 9.37%
- Epoch 006, ExpID 52582
Train - Loss: 36548042.20
Val - Loss, MSE, RMSE, MAE, MAPE: 53565488.00, 53565486.00, 7146.99, 5717.40, 7.36%
Test - Best epoch, Loss, MSE, RMSE, MAE, MAPE: 6, 96088392.00, 96088392.00, 9801.08, 7637.67, 9.36%
- Epoch 007, ExpID 52582
Train - Loss: 35997527.90
Val - Loss, MSE, RMSE, MAE, MAPE: 52363840.00, 52363838.00, 7059.82, 5647.62, 7.27%
Test - Best epoch, Loss, MSE, RMSE, MAE, MAPE: 7, 96305088.00, 96305092.00, 9810.47, 7653.65, 9.38%
- Epoch 008, ExpID 52582
Train - Loss: 35592442.90
Val - Loss, MSE, RMSE, MAE, MAPE: 51339728.00, 51339730.00, 6984.97, 5584.96, 7.19%
Test - Best epoch, Loss, MSE, RMSE, MAE, MAPE: 8, 96915368.00, 96915368.00, 9838.94, 7692.01, 9.42%
- Epoch 009, ExpID 52582
Train - Loss: 35182915.70
Val - Loss, MSE, RMSE, MAE, MAPE: 50386896.00, 50386897.00, 6913.51, 5524.19, 7.11%
Test - Best epoch, Loss, MSE, RMSE, MAE, MAPE: 9, 97809232.00, 97809228.00, 9880.58, 7744.70, 9.47%
- Epoch 010, ExpID 52582
Train - Loss: 34726000.40
Val - Loss, MSE, RMSE, MAE, MAPE: 49630640.00, 49630638.00, 6858.41, 5478.37, 7.05%
Test - Best epoch, Loss, MSE, RMSE, MAE, MAPE: 10, 99050416.00, 99050420.00, 9938.25, 7811.81, 9.55%
- Epoch 011, ExpID 52582
Train - Loss: 34426115.30
Val - Loss, MSE, RMSE, MAE, MAPE: 48867208.00, 48867209.00, 6800.61, 5427.82, 6.98%
Test - Best epoch, Loss, MSE, RMSE, MAE, MAPE: 11, 100652896.00, 100652896.00, 10011.84, 7902.19, 9.65%
- Epoch 012, ExpID 52582
Train - Loss: 34129322.70
Val - Loss, MSE, RMSE, MAE, MAPE: 48265152.00, 48265151.00, 6757.22, 5390.46, 6.93%
Test - Best epoch, Loss, MSE, RMSE, MAE, MAPE: 12, 102574504.00, 102574504.00, 10098.99, 8005.88, 9.77%
- Epoch 013, ExpID 52582
Train - Loss: 33867530.50
Val - Loss, MSE, RMSE, MAE, MAPE: 47584008.00, 47584007.00, 6706.28, 5344.57, 6.87%
Test - Best epoch, Loss, MSE, RMSE, MAE, MAPE: 13, 104941648.00, 104941644.00, 10204.15, 8124.42, 9.91%
- Epoch 014, ExpID 52582
Train - Loss: 33535033.90
Val - Loss, MSE, RMSE, MAE, MAPE: 46959400.00, 46959398.00, 6659.78, 5302.32, 6.81%
Test - Best epoch, Loss, MSE, RMSE, MAE, MAPE: 14, 107685920.00, 107685920.00, 10323.59, 8260.37, 10.06%
- Epoch 015, ExpID 52582
Train - Loss: 33405396.50
Val - Loss, MSE, RMSE, MAE, MAPE: 46431400.00, 46431400.00, 6621.40, 5267.45, 6.77%
Test - Best epoch, Loss, MSE, RMSE, MAE, MAPE: 15, 110397504.00, 110397508.00, 10438.84, 8384.36, 10.20%
- Epoch 016, ExpID 52582
Train - Loss: 33057951.70
Val - Loss, MSE, RMSE, MAE, MAPE: 45870008.00, 45870010.00, 6578.56, 5223.99, 6.71%
Test - Best epoch, Loss, MSE, RMSE, MAE, MAPE: 16, 113710952.00, 113710952.00, 10576.56, 8526.27, 10.36%
- Epoch 017, ExpID 52582
Train - Loss: 32824208.60
Val - Loss, MSE, RMSE, MAE, MAPE: 45426736.00, 45426735.00, 6547.83, 5193.91, 6.67%
Test - Best epoch, Loss, MSE, RMSE, MAE, MAPE: 17, 116492832.00, 116492832.00, 10688.75, 8639.68, 10.49%
- Epoch 018, ExpID 52582
Train - Loss: 32546573.90
Val - Loss, MSE, RMSE, MAE, MAPE: 44931380.00, 44931379.00, 6512.06, 5161.40, 6.63%
Test - Best epoch, Loss, MSE, RMSE, MAE, MAPE: 18, 120077808.00, 120077808.00, 10830.98, 8781.03, 10.66%
- Epoch 019, ExpID 52582
Train - Loss: 32411759.50
Val - Loss, MSE, RMSE, MAE, MAPE: 44391688.00, 44391688.00, 6470.16, 5121.04, 6.57%
Test - Best epoch, Loss, MSE, RMSE, MAE, MAPE: 19, 123680608.00, 123680608.00, 10969.64, 8917.19, 10.81%
- Epoch 020, ExpID 52582
Train - Loss: 32113188.40
Val - Loss, MSE, RMSE, MAE, MAPE: 43939152.00, 43939151.00, 6435.62, 5088.95, 6.53%
Test - Best epoch, Loss, MSE, RMSE, MAE, MAPE: 20, 126966248.00, 126966248.00, 11093.32, 9036.32, 10.94%
- Epoch 021, ExpID 52582
Train - Loss: 31994184.60
Val - Loss, MSE, RMSE, MAE, MAPE: 43459860.00, 43459860.00, 6399.32, 5058.10, 6.48%
Test - Best epoch, Loss, MSE, RMSE, MAE, MAPE: 21, 130400112.00, 130400116.00, 11219.23, 9155.25, 11.08%
- Epoch 022, ExpID 52582
Train - Loss: 31820771.50
Val - Loss, MSE, RMSE, MAE, MAPE: 43051676.00, 43051677.00, 6370.02, 5030.06, 6.44%
Test - Best epoch, Loss, MSE, RMSE, MAE, MAPE: 22, 133860328.00, 133860328.00, 11343.66, 9268.67, 11.21%
- Epoch 023, ExpID 52582
Train - Loss: 31641808.40
Val - Loss, MSE, RMSE, MAE, MAPE: 42696480.00, 42696480.00, 6344.83, 5008.43, 6.42%
Test - Best epoch, Loss, MSE, RMSE, MAE, MAPE: 23, 135890608.00, 135890608.00, 11413.11, 9335.15, 11.29%
- Epoch 024, ExpID 52582
Train - Loss: 31497811.40
Val - Loss, MSE, RMSE, MAE, MAPE: 42349008.00, 42349010.00, 6318.15, 4983.84, 6.38%
Test - Best epoch, Loss, MSE, RMSE, MAE, MAPE: 24, 138477728.00, 138477736.00, 11502.25, 9416.68, 11.38%
- Epoch 025, ExpID 52582
Train - Loss: 31285428.70
Val - Loss, MSE, RMSE, MAE, MAPE: 41953392.00, 41953393.00, 6286.22, 4954.93, 6.34%
Test - Best epoch, Loss, MSE, RMSE, MAE, MAPE: 25, 140785536.00, 140785544.00, 11578.70, 9482.33, 11.45%
- Epoch 026, ExpID 52582
Train - Loss: 31291605.30
Val - Loss, MSE, RMSE, MAE, MAPE: 41651480.00, 41651479.00, 6265.45, 4935.47, 6.32%
Test - Best epoch, Loss, MSE, RMSE, MAE, MAPE: 26, 143667552.00, 143667556.00, 11675.63, 9563.33, 11.54%
- Epoch 027, ExpID 52582
Train - Loss: 31078101.00
Val - Loss, MSE, RMSE, MAE, MAPE: 41256328.00, 41256328.00, 6233.23, 4911.30, 6.28%
Test - Best epoch, Loss, MSE, RMSE, MAE, MAPE: 27, 145575488.00, 145575480.00, 11737.10, 9614.85, 11.60%
- Epoch 028, ExpID 52582
Train - Loss: 30915659.20
Val - Loss, MSE, RMSE, MAE, MAPE: 41019292.00, 41019293.00, 6215.75, 4894.30, 6.26%
Test - Best epoch, Loss, MSE, RMSE, MAE, MAPE: 28, 147671552.00, 147671544.00, 11805.33, 9670.96, 11.66%
- Epoch 029, ExpID 52582
Train - Loss: 30769831.90
Val - Loss, MSE, RMSE, MAE, MAPE: 40677920.00, 40677918.00, 6190.70, 4876.59, 6.23%
Test - Best epoch, Loss, MSE, RMSE, MAE, MAPE: 29, 149962512.00, 149962516.00, 11877.46, 9728.74, 11.72%
- Epoch 030, ExpID 52582
Train - Loss: 30463884.20
Val - Loss, MSE, RMSE, MAE, MAPE: 40297960.00, 40297958.00, 6163.41, 4854.41, 6.21%
Test - Best epoch, Loss, MSE, RMSE, MAE, MAPE: 30, 151339328.00, 151339336.00, 11918.05, 9761.00, 11.76%
- Epoch 031, ExpID 52582
Train - Loss: 30533388.80
Val - Loss, MSE, RMSE, MAE, MAPE: 40009796.00, 40009797.00, 6139.70, 4838.47, 6.18%
Test - Best epoch, Loss, MSE, RMSE, MAE, MAPE: 31, 152847408.00, 152847412.00, 11962.98, 9793.40, 11.80%
- Epoch 032, ExpID 52582
Train - Loss: 30290623.80
Val - Loss, MSE, RMSE, MAE, MAPE: 39771816.00, 39771816.00, 6123.95, 4825.54, 6.16%
Test - Best epoch, Loss, MSE, RMSE, MAE, MAPE: 32, 155252176.00, 155252172.00, 12038.72, 9856.12, 11.86%
- Epoch 033, ExpID 52582
Train - Loss: 30329527.20
Val - Loss, MSE, RMSE, MAE, MAPE: 39527056.00, 39527054.00, 6107.59, 4813.06, 6.14%
Test - Best epoch, Loss, MSE, RMSE, MAE, MAPE: 33, 156806048.00, 156806052.00, 12086.44, 9892.17, 11.90%
- Epoch 034, ExpID 52582
Train - Loss: 30152387.40
Val - Loss, MSE, RMSE, MAE, MAPE: 39302720.00, 39302720.00, 6089.68, 4796.00, 6.12%
Test - Best epoch, Loss, MSE, RMSE, MAE, MAPE: 34, 156737472.00, 156737476.00, 12080.36, 9887.23, 11.90%
- Epoch 035, ExpID 52582
Train - Loss: 29965914.40
Val - Loss, MSE, RMSE, MAE, MAPE: 39047160.00, 39047162.00, 6071.21, 4785.59, 6.10%
Test - Best epoch, Loss, MSE, RMSE, MAE, MAPE: 35, 157951312.00, 157951316.00, 12116.59, 9912.31, 11.92%
- Epoch 036, ExpID 52582
Train - Loss: 29854541.20
Val - Loss, MSE, RMSE, MAE, MAPE: 38794112.00, 38794112.00, 6054.02, 4774.55, 6.09%
Test - Best epoch, Loss, MSE, RMSE, MAE, MAPE: 36, 158958304.00, 158958308.00, 12143.75, 9933.48, 11.95%
- Epoch 037, ExpID 52582
Train - Loss: 29705811.10
Val - Loss, MSE, RMSE, MAE, MAPE: 38625028.00, 38625029.00, 6042.28, 4761.64, 6.07%
Test - Best epoch, Loss, MSE, RMSE, MAE, MAPE: 37, 159249248.00, 159249248.00, 12148.81, 9928.96, 11.94%
- Epoch 038, ExpID 52582
Train - Loss: 29506001.50
Val - Loss, MSE, RMSE, MAE, MAPE: 38388520.00, 38388521.00, 6025.89, 4750.23, 6.06%
Test - Best epoch, Loss, MSE, RMSE, MAE, MAPE: 38, 160204800.00, 160204804.00, 12176.59, 9951.22, 11.97%
- Epoch 039, ExpID 52582
Train - Loss: 29635202.60
Val - Loss, MSE, RMSE, MAE, MAPE: 38216608.00, 38216606.00, 6013.81, 4739.90, 6.04%
Test - Best epoch, Loss, MSE, RMSE, MAE, MAPE: 39, 160963200.00, 160963204.00, 12198.65, 9965.99, 11.98%
- Epoch 040, ExpID 52582
Train - Loss: 29499297.10
Val - Loss, MSE, RMSE, MAE, MAPE: 37999940.00, 37999941.00, 5998.93, 4732.18, 6.03%
Test - Best epoch, Loss, MSE, RMSE, MAE, MAPE: 40, 160368800.00, 160368792.00, 12172.81, 9938.97, 11.95%
- Epoch 041, ExpID 52582
Train - Loss: 29289563.90
Val - Loss, MSE, RMSE, MAE, MAPE: 37803276.00, 37803275.00, 5984.74, 4719.80, 6.02%
Test - Best epoch, Loss, MSE, RMSE, MAE, MAPE: 41, 160673504.00, 160673508.00, 12180.43, 9943.29, 11.95%
- Epoch 042, ExpID 52582
Train - Loss: 29250836.00
Val - Loss, MSE, RMSE, MAE, MAPE: 37686584.00, 37686585.00, 5976.95, 4710.86, 6.00%
Test - Best epoch, Loss, MSE, RMSE, MAE, MAPE: 42, 160753760.00, 160753756.00, 12182.56, 9941.28, 11.95%
- Epoch 043, ExpID 52582
Train - Loss: 29166235.30
Val - Loss, MSE, RMSE, MAE, MAPE: 37493136.00, 37493134.00, 5962.71, 4698.92, 5.99%
Test - Best epoch, Loss, MSE, RMSE, MAE, MAPE: 43, 160769312.00, 160769312.00, 12181.80, 9939.50, 11.94%
- Epoch 044, ExpID 52582
Train - Loss: 29079455.50
Val - Loss, MSE, RMSE, MAE, MAPE: 37280920.00, 37280920.00, 5946.93, 4689.85, 5.98%
Test - Best epoch, Loss, MSE, RMSE, MAE, MAPE: 44, 159979824.00, 159979828.00, 12150.79, 9911.13, 11.91%
- Epoch 045, ExpID 52582
Train - Loss: 29048943.20
Val - Loss, MSE, RMSE, MAE, MAPE: 37161740.00, 37161739.00, 5936.75, 4680.08, 5.96%
Test - Best epoch, Loss, MSE, RMSE, MAE, MAPE: 45, 159429824.00, 159429824.00, 12132.60, 9894.13, 11.89%
- Epoch 046, ExpID 52582
Train - Loss: 28948410.40
Val - Loss, MSE, RMSE, MAE, MAPE: 37097128.00, 37097127.00, 5934.03, 4678.50, 5.95%
Test - Best epoch, Loss, MSE, RMSE, MAE, MAPE: 46, 160148624.00, 160148624.00, 12153.75, 9902.15, 11.89%
- Epoch 047, ExpID 52582
Train - Loss: 28756586.90
Val - Loss, MSE, RMSE, MAE, MAPE: 36960472.00, 36960474.00, 5924.17, 4669.12, 5.94%
Test - Best epoch, Loss, MSE, RMSE, MAE, MAPE: 47, 159685392.00, 159685388.00, 12137.48, 9883.47, 11.87%
- Epoch 048, ExpID 52582
Train - Loss: 28904366.20
Val - Loss, MSE, RMSE, MAE, MAPE: 36702632.00, 36702630.00, 5904.25, 4656.06, 5.93%
Test - Best epoch, Loss, MSE, RMSE, MAE, MAPE: 48, 158126784.00, 158126780.00, 12081.08, 9835.41, 11.82%
- Epoch 049, ExpID 52582
Train - Loss: 28680828.90
Val - Loss, MSE, RMSE, MAE, MAPE: 36571480.00, 36571482.00, 5894.48, 4648.19, 5.92%
Test - Best epoch, Loss, MSE, RMSE, MAE, MAPE: 49, 157575872.00, 157575872.00, 12060.19, 9816.48, 11.80%
- Epoch 050, ExpID 52582
Train - Loss: 28658012.70
Val - Loss, MSE, RMSE, MAE, MAPE: 36563316.00, 36563315.00, 5894.73, 4644.25, 5.91%
Test - Best epoch, Loss, MSE, RMSE, MAE, MAPE: 50, 157969856.00, 157969864.00, 12075.10, 9823.21, 11.80%
- Epoch 051, ExpID 52582
Train - Loss: 28603932.40
Val - Loss, MSE, RMSE, MAE, MAPE: 36231436.00, 36231437.00, 5868.92, 4625.01, 5.89%
Test - Best epoch, Loss, MSE, RMSE, MAE, MAPE: 51, 156480352.00, 156480348.00, 12020.40, 9779.02, 11.75%
- Epoch 052, ExpID 52582
Train - Loss: 28463265.70
Val - Loss, MSE, RMSE, MAE, MAPE: 36140848.00, 36140848.00, 5862.52, 4622.72, 5.89%
Test - Best epoch, Loss, MSE, RMSE, MAE, MAPE: 52, 155630848.00, 155630848.00, 11990.21, 9745.12, 11.71%
- Epoch 053, ExpID 52582
Train - Loss: 28354416.20
Val - Loss, MSE, RMSE, MAE, MAPE: 36145104.00, 36145103.00, 5864.81, 4623.08, 5.88%
Test - Best epoch, Loss, MSE, RMSE, MAE, MAPE: 52, 155630848.00, 155630848.00, 11990.21, 9745.12, 11.71%
- Epoch 054, ExpID 52582
Train - Loss: 28300750.30
Val - Loss, MSE, RMSE, MAE, MAPE: 35919068.00, 35919067.00, 5847.23, 4609.64, 5.87%
Test - Best epoch, Loss, MSE, RMSE, MAE, MAPE: 54, 155211200.00, 155211204.00, 11976.23, 9728.14, 11.69%
- Epoch 055, ExpID 52582
Train - Loss: 28210785.30
Val - Loss, MSE, RMSE, MAE, MAPE: 35806932.00, 35806933.00, 5839.36, 4600.73, 5.85%
Test - Best epoch, Loss, MSE, RMSE, MAE, MAPE: 55, 154332704.00, 154332708.00, 11946.48, 9702.47, 11.66%
- Epoch 056, ExpID 52582
Train - Loss: 28140167.70
Val - Loss, MSE, RMSE, MAE, MAPE: 35557384.00, 35557382.00, 5818.29, 4582.54, 5.83%
Test - Best epoch, Loss, MSE, RMSE, MAE, MAPE: 56, 152989696.00, 152989696.00, 11900.65, 9664.73, 11.62%
- Epoch 057, ExpID 52582
Train - Loss: 28092116.20
Val - Loss, MSE, RMSE, MAE, MAPE: 35416052.00, 35416051.00, 5808.94, 4574.81, 5.82%
Test - Best epoch, Loss, MSE, RMSE, MAE, MAPE: 57, 152296000.00, 152296000.00, 11873.90, 9636.88, 11.58%
- Epoch 058, ExpID 52582
Train - Loss: 28077623.70
Val - Loss, MSE, RMSE, MAE, MAPE: 35452404.00, 35452403.00, 5813.46, 4580.41, 5.83%
Test - Best epoch, Loss, MSE, RMSE, MAE, MAPE: 57, 152296000.00, 152296000.00, 11873.90, 9636.88, 11.58%
- Epoch 059, ExpID 52582
Train - Loss: 27971783.90
Val - Loss, MSE, RMSE, MAE, MAPE: 35334760.00, 35334760.00, 5801.31, 4567.46, 5.81%
Test - Best epoch, Loss, MSE, RMSE, MAE, MAPE: 59, 150754464.00, 150754464.00, 11825.23, 9593.28, 11.53%
- Epoch 060, ExpID 52582
Train - Loss: 27961124.60
Val - Loss, MSE, RMSE, MAE, MAPE: 35113748.00, 35113749.00, 5785.56, 4553.78, 5.80%
Test - Best epoch, Loss, MSE, RMSE, MAE, MAPE: 60, 149099312.00, 149099312.00, 11766.31, 9539.38, 11.47%
- Epoch 061, ExpID 52582
Train - Loss: 27857689.60
Val - Loss, MSE, RMSE, MAE, MAPE: 34819848.00, 34819849.00, 5760.85, 4537.02, 5.78%
Test - Best epoch, Loss, MSE, RMSE, MAE, MAPE: 61, 147511088.00, 147511084.00, 11709.64, 9489.64, 11.42%
- Epoch 062, ExpID 52582
Train - Loss: 27814528.70
Val - Loss, MSE, RMSE, MAE, MAPE: 34999544.00, 34999543.00, 5778.91, 4550.97, 5.79%
Test - Best epoch, Loss, MSE, RMSE, MAE, MAPE: 61, 147511088.00, 147511084.00, 11709.64, 9489.64, 11.42%
- Epoch 063, ExpID 52582
Train - Loss: 27722854.10
Val - Loss, MSE, RMSE, MAE, MAPE: 34825152.00, 34825150.00, 5764.68, 4541.52, 5.78%
Test - Best epoch, Loss, MSE, RMSE, MAE, MAPE: 61, 147511088.00, 147511084.00, 11709.64, 9489.64, 11.42%
- Epoch 064, ExpID 52582
Train - Loss: 27841069.60
Val - Loss, MSE, RMSE, MAE, MAPE: 34788368.00, 34788367.00, 5761.15, 4535.94, 5.77%
Test - Best epoch, Loss, MSE, RMSE, MAE, MAPE: 64, 146824736.00, 146824732.00, 11687.42, 9462.01, 11.37%
- Epoch 065, ExpID 52582
Train - Loss: 27643514.30
Val - Loss, MSE, RMSE, MAE, MAPE: 34554900.00, 34554901.00, 5742.41, 4520.33, 5.75%
Test - Best epoch, Loss, MSE, RMSE, MAE, MAPE: 65, 144932624.00, 144932624.00, 11621.47, 9402.29, 11.31%
- Epoch 066, ExpID 52582
Train - Loss: 27566514.70
Val - Loss, MSE, RMSE, MAE, MAPE: 34457272.00, 34457274.00, 5735.11, 4515.38, 5.75%
Test - Best epoch, Loss, MSE, RMSE, MAE, MAPE: 66, 144434880.00, 144434876.00, 11603.37, 9383.15, 11.28%
- Epoch 067, ExpID 52582
Train - Loss: 27572216.50
Val - Loss, MSE, RMSE, MAE, MAPE: 34387432.00, 34387430.00, 5730.28, 4511.99, 5.74%
Test - Best epoch, Loss, MSE, RMSE, MAE, MAPE: 67, 143324016.00, 143324016.00, 11562.36, 9345.34, 11.24%
- Epoch 068, ExpID 52582
Train - Loss: 27563964.90
Val - Loss, MSE, RMSE, MAE, MAPE: 34353560.00, 34353558.00, 5727.36, 4510.47, 5.74%
Test - Best epoch, Loss, MSE, RMSE, MAE, MAPE: 68, 142239952.00, 142239948.00, 11525.84, 9308.98, 11.20%
- Epoch 069, ExpID 52582
Train - Loss: 27356764.70
Val - Loss, MSE, RMSE, MAE, MAPE: 34193184.00, 34193182.00, 5716.71, 4501.00, 5.73%
Test - Best epoch, Loss, MSE, RMSE, MAE, MAPE: 69, 142494240.00, 142494244.00, 11532.92, 9319.77, 11.21%
- Epoch 070, ExpID 52582
Train - Loss: 27354744.90
Val - Loss, MSE, RMSE, MAE, MAPE: 34133472.00, 34133472.00, 5712.15, 4496.07, 5.72%
Test - Best epoch, Loss, MSE, RMSE, MAE, MAPE: 70, 141522144.00, 141522140.00, 11501.10, 9286.48, 11.17%
- Epoch 071, ExpID 52582
Train - Loss: 27225660.90
Val - Loss, MSE, RMSE, MAE, MAPE: 34090036.00, 34090035.00, 5708.24, 4493.77, 5.71%
Test - Best epoch, Loss, MSE, RMSE, MAE, MAPE: 71, 141167328.00, 141167324.00, 11489.58, 9275.28, 11.15%
- Epoch 072, ExpID 52582
Train - Loss: 27182611.10
Val - Loss, MSE, RMSE, MAE, MAPE: 33925588.00, 33925589.00, 5694.87, 4480.83, 5.70%
Test - Best epoch, Loss, MSE, RMSE, MAE, MAPE: 72, 140242032.00, 140242036.00, 11457.24, 9247.15, 11.12%
- Epoch 073, ExpID 52582
Train - Loss: 27167736.90
Val - Loss, MSE, RMSE, MAE, MAPE: 33956872.00, 33956873.00, 5699.54, 4484.88, 5.70%
Test - Best epoch, Loss, MSE, RMSE, MAE, MAPE: 72, 140242032.00, 140242036.00, 11457.24, 9247.15, 11.12%
- Epoch 074, ExpID 52582
Train - Loss: 27290253.50
Val - Loss, MSE, RMSE, MAE, MAPE: 33985472.00, 33985473.00, 5702.64, 4486.88, 5.70%
Test - Best epoch, Loss, MSE, RMSE, MAE, MAPE: 72, 140242032.00, 140242036.00, 11457.24, 9247.15, 11.12%
- Epoch 075, ExpID 52582
Train - Loss: 27285900.20
Val - Loss, MSE, RMSE, MAE, MAPE: 33797704.00, 33797706.00, 5684.44, 4471.58, 5.69%
Test - Best epoch, Loss, MSE, RMSE, MAE, MAPE: 75, 136796944.00, 136796944.00, 11334.89, 9135.49, 10.99%
- Epoch 076, ExpID 52582
Train - Loss: 27035025.50
Val - Loss, MSE, RMSE, MAE, MAPE: 33615088.00, 33615086.00, 5670.19, 4463.09, 5.68%
Test - Best epoch, Loss, MSE, RMSE, MAE, MAPE: 76, 136218176.00, 136218168.00, 11312.46, 9114.01, 10.96%
- Epoch 077, ExpID 52582
Train - Loss: 27021909.80
Val - Loss, MSE, RMSE, MAE, MAPE: 33545400.00, 33545400.00, 5665.39, 4456.41, 5.67%
Test - Best epoch, Loss, MSE, RMSE, MAE, MAPE: 77, 135913584.00, 135913588.00, 11303.34, 9107.79, 10.95%
- Epoch 078, ExpID 52582
Train - Loss: 27019616.90
Val - Loss, MSE, RMSE, MAE, MAPE: 33444224.00, 33444224.00, 5654.04, 4446.37, 5.66%
Test - Best epoch, Loss, MSE, RMSE, MAE, MAPE: 78, 133893528.00, 133893528.00, 11231.70, 9040.15, 10.88%
- Epoch 079, ExpID 52582
Train - Loss: 26911851.80
Val - Loss, MSE, RMSE, MAE, MAPE: 33331234.00, 33331234.00, 5646.75, 4441.76, 5.65%
Test - Best epoch, Loss, MSE, RMSE, MAE, MAPE: 79, 133475952.00, 133475948.00, 11214.08, 9020.02, 10.85%
- Epoch 080, ExpID 52582
Train - Loss: 26921702.10
Val - Loss, MSE, RMSE, MAE, MAPE: 33334988.00, 33334988.00, 5648.97, 4441.24, 5.65%
Test - Best epoch, Loss, MSE, RMSE, MAE, MAPE: 79, 133475952.00, 133475948.00, 11214.08, 9020.02, 10.85%
- Epoch 081, ExpID 52582
Train - Loss: 26790561.50
Val - Loss, MSE, RMSE, MAE, MAPE: 33408710.00, 33408710.00, 5655.79, 4448.97, 5.65%
Test - Best epoch, Loss, MSE, RMSE, MAE, MAPE: 79, 133475952.00, 133475948.00, 11214.08, 9020.02, 10.85%
- Epoch 082, ExpID 52582
Train - Loss: 26933163.80
Val - Loss, MSE, RMSE, MAE, MAPE: 33309362.00, 33309362.00, 5644.35, 4439.31, 5.64%
Test - Best epoch, Loss, MSE, RMSE, MAE, MAPE: 82, 131665648.00, 131665652.00, 11150.37, 8962.73, 10.78%
- Epoch 083, ExpID 52582
Train - Loss: 26541888.60
Val - Loss, MSE, RMSE, MAE, MAPE: 33072184.00, 33072185.00, 5627.64, 4427.35, 5.63%
Test - Best epoch, Loss, MSE, RMSE, MAE, MAPE: 83, 131551336.00, 131551336.00, 11143.06, 8951.60, 10.77%
- Epoch 084, ExpID 52582
Train - Loss: 26685426.00
Val - Loss, MSE, RMSE, MAE, MAPE: 33076454.00, 33076454.00, 5626.64, 4424.75, 5.62%
Test - Best epoch, Loss, MSE, RMSE, MAE, MAPE: 83, 131551336.00, 131551336.00, 11143.06, 8951.60, 10.77%
- Epoch 085, ExpID 52582
Train - Loss: 26697616.70
Val - Loss, MSE, RMSE, MAE, MAPE: 32899572.00, 32899571.00, 5612.39, 4411.78, 5.61%
Test - Best epoch, Loss, MSE, RMSE, MAE, MAPE: 85, 130058240.00, 130058244.00, 11092.12, 8904.51, 10.72%
- Epoch 086, ExpID 52582
Train - Loss: 26643781.20
Val - Loss, MSE, RMSE, MAE, MAPE: 32750152.00, 32750153.00, 5598.85, 4404.24, 5.60%
Test - Best epoch, Loss, MSE, RMSE, MAE, MAPE: 86, 128605424.00, 128605420.00, 11035.88, 8849.03, 10.66%
- Epoch 087, ExpID 52582
Train - Loss: 26567574.10
Val - Loss, MSE, RMSE, MAE, MAPE: 32930640.00, 32930641.00, 5615.19, 4415.57, 5.61%
Test - Best epoch, Loss, MSE, RMSE, MAE, MAPE: 86, 128605424.00, 128605420.00, 11035.88, 8849.03, 10.66%
- Epoch 088, ExpID 52582
Train - Loss: 26429209.30
Val - Loss, MSE, RMSE, MAE, MAPE: 32790912.00, 32790912.00, 5604.42, 4407.85, 5.60%
Test - Best epoch, Loss, MSE, RMSE, MAE, MAPE: 86, 128605424.00, 128605420.00, 11035.88, 8849.03, 10.66%
- Epoch 089, ExpID 52582
Train - Loss: 26555750.70
Val - Loss, MSE, RMSE, MAE, MAPE: 32628528.00, 32628527.00, 5589.85, 4397.57, 5.59%
Test - Best epoch, Loss, MSE, RMSE, MAE, MAPE: 89, 127257520.00, 127257516.00, 10984.84, 8802.67, 10.60%
- Epoch 090, ExpID 52582
Train - Loss: 26450795.50
Val - Loss, MSE, RMSE, MAE, MAPE: 32624266.00, 32624266.00, 5590.34, 4397.01, 5.59%
Test - Best epoch, Loss, MSE, RMSE, MAE, MAPE: 90, 126986640.00, 126986640.00, 10976.61, 8797.89, 10.59%
- Epoch 091, ExpID 52582
Train - Loss: 26421349.40
Val - Loss, MSE, RMSE, MAE, MAPE: 32472476.00, 32472477.00, 5576.86, 4383.30, 5.57%
Test - Best epoch, Loss, MSE, RMSE, MAE, MAPE: 91, 125943464.00, 125943464.00, 10938.28, 8760.94, 10.55%
- Epoch 092, ExpID 52582
Train - Loss: 26370876.40
Val - Loss, MSE, RMSE, MAE, MAPE: 32535224.00, 32535223.00, 5584.03, 4392.05, 5.58%
Test - Best epoch, Loss, MSE, RMSE, MAE, MAPE: 91, 125943464.00, 125943464.00, 10938.28, 8760.94, 10.55%
- Epoch 093, ExpID 52582
Train - Loss: 26234630.60
Val - Loss, MSE, RMSE, MAE, MAPE: 32294744.00, 32294745.00, 5561.33, 4374.89, 5.56%
Test - Best epoch, Loss, MSE, RMSE, MAE, MAPE: 93, 124440096.00, 124440092.00, 10878.62, 8703.90, 10.48%
- Epoch 094, ExpID 52582
Train - Loss: 26359639.60
Val - Loss, MSE, RMSE, MAE, MAPE: 32237686.00, 32237686.00, 5556.94, 4369.29, 5.55%
Test - Best epoch, Loss, MSE, RMSE, MAE, MAPE: 94, 123957648.00, 123957652.00, 10859.99, 8686.22, 10.46%
- Epoch 095, ExpID 52582
Train - Loss: 26159747.20
Val - Loss, MSE, RMSE, MAE, MAPE: 32058704.00, 32058705.00, 5541.65, 4357.14, 5.54%
Test - Best epoch, Loss, MSE, RMSE, MAE, MAPE: 95, 123122376.00, 123122376.00, 10826.82, 8648.36, 10.42%
- Epoch 096, ExpID 52582
Train - Loss: 26337300.60
Val - Loss, MSE, RMSE, MAE, MAPE: 32189968.00, 32189967.00, 5553.10, 4365.22, 5.55%
Test - Best epoch, Loss, MSE, RMSE, MAE, MAPE: 95, 123122376.00, 123122376.00, 10826.82, 8648.36, 10.42%
- Epoch 097, ExpID 52582
Train - Loss: 26253286.20
Val - Loss, MSE, RMSE, MAE, MAPE: 32219222.00, 32219222.00, 5553.61, 4366.95, 5.55%
Test - Best epoch, Loss, MSE, RMSE, MAE, MAPE: 95, 123122376.00, 123122376.00, 10826.82, 8648.36, 10.42%
- Epoch 098, ExpID 52582
Train - Loss: 26136436.50
Val - Loss, MSE, RMSE, MAE, MAPE: 31994056.00, 31994057.00, 5535.03, 4351.34, 5.53%
Test - Best epoch, Loss, MSE, RMSE, MAE, MAPE: 98, 121530128.00, 121530124.00, 10767.95, 8596.73, 10.35%
- Epoch 099, ExpID 52582
Train - Loss: 26002221.90
Val - Loss, MSE, RMSE, MAE, MAPE: 31981488.00, 31981488.00, 5538.93, 4355.60, 5.54%
Test - Best epoch, Loss, MSE, RMSE, MAE, MAPE: 99, 122088056.00, 122088056.00, 10787.93, 8608.79, 10.37%
- Epoch 100, ExpID 52582
Train - Loss: 26055624.10
Val - Loss, MSE, RMSE, MAE, MAPE: 31952264.00, 31952264.00, 5533.47, 4350.66, 5.53%
Test - Best epoch, Loss, MSE, RMSE, MAE, MAPE: 100, 121350384.00, 121350384.00, 10762.20, 8592.44, 10.35%
- Epoch 101, ExpID 52582
Train - Loss: 26092536.80
Val - Loss, MSE, RMSE, MAE, MAPE: 31829772.00, 31829773.00, 5524.35, 4343.30, 5.52%
Test - Best epoch, Loss, MSE, RMSE, MAE, MAPE: 101, 121029024.00, 121029024.00, 10748.70, 8580.63, 10.33%
- Epoch 102, ExpID 52582
Train - Loss: 25990827.50
Val - Loss, MSE, RMSE, MAE, MAPE: 31768732.00, 31768733.00, 5518.18, 4339.18, 5.52%
Test - Best epoch, Loss, MSE, RMSE, MAE, MAPE: 102, 119449240.00, 119449240.00, 10689.50, 8517.45, 10.26%
- Epoch 103, ExpID 52582
Train - Loss: 25937691.20
Val - Loss, MSE, RMSE, MAE, MAPE: 31724356.00, 31724355.00, 5515.62, 4335.38, 5.51%
Test - Best epoch, Loss, MSE, RMSE, MAE, MAPE: 103, 119696536.00, 119696536.00, 10698.36, 8524.61, 10.27%
- Epoch 104, ExpID 52582
Train - Loss: 25760652.40
Val - Loss, MSE, RMSE, MAE, MAPE: 31602996.00, 31602995.00, 5504.79, 4326.23, 5.50%
Test - Best epoch, Loss, MSE, RMSE, MAE, MAPE: 104, 118945536.00, 118945532.00, 10669.42, 8497.48, 10.24%
- Epoch 105, ExpID 52582
Train - Loss: 25812681.40
Val - Loss, MSE, RMSE, MAE, MAPE: 31672476.00, 31672477.00, 5510.51, 4332.28, 5.50%
Test - Best epoch, Loss, MSE, RMSE, MAE, MAPE: 104, 118945536.00, 118945532.00, 10669.42, 8497.48, 10.24%
- Epoch 106, ExpID 52582
Train - Loss: 25755798.20
Val - Loss, MSE, RMSE, MAE, MAPE: 31600140.00, 31600140.00, 5503.33, 4327.36, 5.50%
Test - Best epoch, Loss, MSE, RMSE, MAE, MAPE: 106, 117153096.00, 117153096.00, 10596.37, 8426.91, 10.16%
- Epoch 107, ExpID 52582
Train - Loss: 25834009.80
Val - Loss, MSE, RMSE, MAE, MAPE: 31566744.00, 31566745.00, 5502.42, 4325.81, 5.50%
Test - Best epoch, Loss, MSE, RMSE, MAE, MAPE: 107, 117100808.00, 117100808.00, 10592.91, 8427.10, 10.15%
- Epoch 108, ExpID 52582
Train - Loss: 25716295.70
Val - Loss, MSE, RMSE, MAE, MAPE: 31430652.00, 31430653.00, 5489.23, 4316.36, 5.48%
Test - Best epoch, Loss, MSE, RMSE, MAE, MAPE: 108, 116926048.00, 116926052.00, 10587.58, 8424.94, 10.15%
- Epoch 109, ExpID 52582
Train - Loss: 25774783.50
Val - Loss, MSE, RMSE, MAE, MAPE: 31531772.00, 31531772.00, 5499.15, 4324.72, 5.49%
Test - Best epoch, Loss, MSE, RMSE, MAE, MAPE: 108, 116926048.00, 116926052.00, 10587.58, 8424.94, 10.15%
- Epoch 110, ExpID 52582
Train - Loss: 25809025.50
Val - Loss, MSE, RMSE, MAE, MAPE: 31489218.00, 31489218.00, 5495.98, 4323.02, 5.49%
Test - Best epoch, Loss, MSE, RMSE, MAE, MAPE: 108, 116926048.00, 116926052.00, 10587.58, 8424.94, 10.15%
- Epoch 111, ExpID 52582
Train - Loss: 25609323.30
Val - Loss, MSE, RMSE, MAE, MAPE: 31308260.00, 31308261.00, 5480.08, 4309.94, 5.48%
Test - Best epoch, Loss, MSE, RMSE, MAE, MAPE: 111, 115071296.00, 115071300.00, 10513.18, 8353.73, 10.06%
- Epoch 112, ExpID 52582
Train - Loss: 25567689.70
Val - Loss, MSE, RMSE, MAE, MAPE: 31201188.00, 31201188.00, 5471.28, 4301.95, 5.47%
Test - Best epoch, Loss, MSE, RMSE, MAE, MAPE: 112, 114887824.00, 114887824.00, 10504.89, 8343.91, 10.05%
- Epoch 113, ExpID 52582
Train - Loss: 25554278.70
Val - Loss, MSE, RMSE, MAE, MAPE: 31241876.00, 31241877.00, 5474.20, 4304.42, 5.47%
Test - Best epoch, Loss, MSE, RMSE, MAE, MAPE: 112, 114887824.00, 114887824.00, 10504.89, 8343.91, 10.05%
- Epoch 114, ExpID 52582
Train - Loss: 25610768.70
Val - Loss, MSE, RMSE, MAE, MAPE: 31084412.00, 31084413.00, 5460.09, 4293.01, 5.46%
Test - Best epoch, Loss, MSE, RMSE, MAE, MAPE: 114, 113488504.00, 113488504.00, 10450.22, 8289.42, 9.99%
- Epoch 115, ExpID 52582
Train - Loss: 25525265.30
Val - Loss, MSE, RMSE, MAE, MAPE: 30872446.00, 30872446.00, 5440.03, 4277.02, 5.44%
Test - Best epoch, Loss, MSE, RMSE, MAE, MAPE: 115, 113260464.00, 113260460.00, 10439.81, 8283.11, 9.98%
- Epoch 116, ExpID 52582
Train - Loss: 25502887.30
Val - Loss, MSE, RMSE, MAE, MAPE: 31019696.00, 31019697.00, 5453.61, 4286.11, 5.45%
Test - Best epoch, Loss, MSE, RMSE, MAE, MAPE: 115, 113260464.00, 113260460.00, 10439.81, 8283.11, 9.98%
- Epoch 117, ExpID 52582
Train - Loss: 25578903.80
Val - Loss, MSE, RMSE, MAE, MAPE: 30857212.00, 30857212.00, 5437.19, 4278.26, 5.44%
Test - Best epoch, Loss, MSE, RMSE, MAE, MAPE: 117, 111566960.00, 111566960.00, 10368.78, 8212.03, 9.90%
- Epoch 118, ExpID 52582
Train - Loss: 25459327.20
Val - Loss, MSE, RMSE, MAE, MAPE: 30791486.00, 30791486.00, 5433.92, 4273.58, 5.43%
Test - Best epoch, Loss, MSE, RMSE, MAE, MAPE: 118, 112309440.00, 112309444.00, 10398.89, 8243.91, 9.93%
- Epoch 119, ExpID 52582
Train - Loss: 25375219.50
Val - Loss, MSE, RMSE, MAE, MAPE: 30788702.00, 30788702.00, 5429.26, 4267.87, 5.42%
Test - Best epoch, Loss, MSE, RMSE, MAE, MAPE: 119, 111362992.00, 111362996.00, 10362.78, 8212.84, 9.90%
- Epoch 120, ExpID 52582
Train - Loss: 25459376.70
Val - Loss, MSE, RMSE, MAE, MAPE: 30617804.00, 30617805.00, 5417.61, 4261.50, 5.42%
Test - Best epoch, Loss, MSE, RMSE, MAE, MAPE: 120, 110843448.00, 110843448.00, 10338.51, 8181.74, 9.87%
- Epoch 121, ExpID 52582
Train - Loss: 25334174.10
Val - Loss, MSE, RMSE, MAE, MAPE: 30570146.00, 30570146.00, 5411.76, 4255.79, 5.41%
Test - Best epoch, Loss, MSE, RMSE, MAE, MAPE: 121, 110362384.00, 110362384.00, 10318.38, 8164.76, 9.84%
- Epoch 122, ExpID 52582
Train - Loss: 25318736.70
Val - Loss, MSE, RMSE, MAE, MAPE: 30301606.00, 30301606.00, 5390.30, 4239.52, 5.40%
Test - Best epoch, Loss, MSE, RMSE, MAE, MAPE: 122, 110196280.00, 110196280.00, 10309.98, 8152.59, 9.84%
- Epoch 123, ExpID 52582
Train - Loss: 25317915.50
Val - Loss, MSE, RMSE, MAE, MAPE: 30694022.00, 30694022.00, 5425.69, 4266.24, 5.42%
Test - Best epoch, Loss, MSE, RMSE, MAE, MAPE: 122, 110196280.00, 110196280.00, 10309.98, 8152.59, 9.84%
- Epoch 124, ExpID 52582
Train - Loss: 25351612.60
Val - Loss, MSE, RMSE, MAE, MAPE: 30612096.00, 30612095.00, 5419.03, 4262.86, 5.42%
Test - Best epoch, Loss, MSE, RMSE, MAE, MAPE: 122, 110196280.00, 110196280.00, 10309.98, 8152.59, 9.84%
- Epoch 125, ExpID 52582
Train - Loss: 25268045.90
Val - Loss, MSE, RMSE, MAE, MAPE: 30508246.00, 30508246.00, 5409.46, 4255.94, 5.41%
Test - Best epoch, Loss, MSE, RMSE, MAE, MAPE: 122, 110196280.00, 110196280.00, 10309.98, 8152.59, 9.84%
- Epoch 126, ExpID 52582
Train - Loss: 25201931.50
Val - Loss, MSE, RMSE, MAE, MAPE: 30458048.00, 30458047.00, 5404.84, 4252.69, 5.40%
Test - Best epoch, Loss, MSE, RMSE, MAE, MAPE: 122, 110196280.00, 110196280.00, 10309.98, 8152.59, 9.84%
- Epoch 127, ExpID 52582
Train - Loss: 25042255.80
Val - Loss, MSE, RMSE, MAE, MAPE: 30272806.00, 30272806.00, 5388.76, 4241.57, 5.39%
Test - Best epoch, Loss, MSE, RMSE, MAE, MAPE: 127, 107700112.00, 107700112.00, 10207.48, 8058.67, 9.72%
- Epoch 128, ExpID 52582
Train - Loss: 25119356.70
Val - Loss, MSE, RMSE, MAE, MAPE: 30316404.00, 30316405.00, 5392.69, 4242.23, 5.39%
Test - Best epoch, Loss, MSE, RMSE, MAE, MAPE: 127, 107700112.00, 107700112.00, 10207.48, 8058.67, 9.72%
- Epoch 129, ExpID 52582
Train - Loss: 25164860.70
Val - Loss, MSE, RMSE, MAE, MAPE: 30205484.00, 30205485.00, 5384.15, 4236.76, 5.38%
Test - Best epoch, Loss, MSE, RMSE, MAE, MAPE: 129, 108330992.00, 108330992.00, 10232.43, 8088.60, 9.75%
- Epoch 130, ExpID 52582
Train - Loss: 25103725.50
Val - Loss, MSE, RMSE, MAE, MAPE: 30224672.00, 30224673.00, 5385.78, 4238.39, 5.39%
Test - Best epoch, Loss, MSE, RMSE, MAE, MAPE: 129, 108330992.00, 108330992.00, 10232.43, 8088.60, 9.75%
- Epoch 131, ExpID 52582
Train - Loss: 24996355.50
Val - Loss, MSE, RMSE, MAE, MAPE: 29980868.00, 29980869.00, 5363.39, 4220.82, 5.37%
Test - Best epoch, Loss, MSE, RMSE, MAE, MAPE: 131, 107198160.00, 107198156.00, 10183.16, 8034.58, 9.69%
- Epoch 132, ExpID 52582
Train - Loss: 24991372.30
Val - Loss, MSE, RMSE, MAE, MAPE: 30227228.00, 30227227.00, 5385.82, 4236.68, 5.38%
Test - Best epoch, Loss, MSE, RMSE, MAE, MAPE: 131, 107198160.00, 107198156.00, 10183.16, 8034.58, 9.69%
- Epoch 133, ExpID 52582
Train - Loss: 24945410.80
Val - Loss, MSE, RMSE, MAE, MAPE: 30094416.00, 30094417.00, 5373.62, 4226.27, 5.37%
Test - Best epoch, Loss, MSE, RMSE, MAE, MAPE: 131, 107198160.00, 107198156.00, 10183.16, 8034.58, 9.69%
- Epoch 134, ExpID 52582
Train - Loss: 24896033.00
Val - Loss, MSE, RMSE, MAE, MAPE: 29900816.00, 29900815.00, 5355.38, 4214.21, 5.36%
Test - Best epoch, Loss, MSE, RMSE, MAE, MAPE: 134, 105502928.00, 105502924.00, 10111.37, 7964.80, 9.61%
- Epoch 135, ExpID 52582
Train - Loss: 25003238.30
Val - Loss, MSE, RMSE, MAE, MAPE: 29927236.00, 29927237.00, 5355.89, 4212.65, 5.36%
Test - Best epoch, Loss, MSE, RMSE, MAE, MAPE: 134, 105502928.00, 105502924.00, 10111.37, 7964.80, 9.61%
- Epoch 136, ExpID 52582
Train - Loss: 24848921.30
Val - Loss, MSE, RMSE, MAE, MAPE: 29868558.00, 29868558.00, 5354.03, 4212.88, 5.36%
Test - Best epoch, Loss, MSE, RMSE, MAE, MAPE: 136, 105237960.00, 105237960.00, 10098.78, 7955.96, 9.59%
- Epoch 137, ExpID 52582
Train - Loss: 24728438.90
Val - Loss, MSE, RMSE, MAE, MAPE: 29690996.00, 29690996.00, 5338.48, 4201.42, 5.35%
Test - Best epoch, Loss, MSE, RMSE, MAE, MAPE: 137, 104478872.00, 104478872.00, 10065.25, 7922.72, 9.56%
- Epoch 138, ExpID 52582
Train - Loss: 24767074.80
Val - Loss, MSE, RMSE, MAE, MAPE: 29836904.00, 29836903.00, 5350.72, 4209.16, 5.35%
Test - Best epoch, Loss, MSE, RMSE, MAE, MAPE: 137, 104478872.00, 104478872.00, 10065.25, 7922.72, 9.56%
- Epoch 139, ExpID 52582
Train - Loss: 24726004.90
Val - Loss, MSE, RMSE, MAE, MAPE: 29846552.00, 29846552.00, 5352.71, 4212.66, 5.35%
Test - Best epoch, Loss, MSE, RMSE, MAE, MAPE: 137, 104478872.00, 104478872.00, 10065.25, 7922.72, 9.56%
- Epoch 140, ExpID 52582
Train - Loss: 24696111.70
Val - Loss, MSE, RMSE, MAE, MAPE: 29794304.00, 29794303.00, 5347.86, 4209.04, 5.35%
Test - Best epoch, Loss, MSE, RMSE, MAE, MAPE: 137, 104478872.00, 104478872.00, 10065.25, 7922.72, 9.56%
- Epoch 141, ExpID 52582
Train - Loss: 24671412.20
Val - Loss, MSE, RMSE, MAE, MAPE: 29605396.00, 29605397.00, 5329.75, 4193.55, 5.33%
Test - Best epoch, Loss, MSE, RMSE, MAE, MAPE: 141, 103310424.00, 103310424.00, 10015.23, 7870.62, 9.49%
- Epoch 142, ExpID 52582
Train - Loss: 24725411.10
Val - Loss, MSE, RMSE, MAE, MAPE: 29452374.00, 29452374.00, 5316.03, 4184.35, 5.32%
Test - Best epoch, Loss, MSE, RMSE, MAE, MAPE: 142, 102800896.00, 102800892.00, 9992.32, 7849.06, 9.47%
- Epoch 143, ExpID 52582
Train - Loss: 24655778.90
Val - Loss, MSE, RMSE, MAE, MAPE: 29425812.00, 29425813.00, 5315.62, 4183.24, 5.32%
Test - Best epoch, Loss, MSE, RMSE, MAE, MAPE: 143, 103119264.00, 103119268.00, 10005.48, 7863.19, 9.49%
- Epoch 144, ExpID 52582
Train - Loss: 24675040.80
Val - Loss, MSE, RMSE, MAE, MAPE: 29417850.00, 29417850.00, 5312.06, 4182.29, 5.32%
Test - Best epoch, Loss, MSE, RMSE, MAE, MAPE: 144, 102090856.00, 102090856.00, 9960.65, 7818.17, 9.43%
- Epoch 145, ExpID 52582
Train - Loss: 24621155.70
Val - Loss, MSE, RMSE, MAE, MAPE: 29551578.00, 29551578.00, 5324.32, 4190.13, 5.33%
Test - Best epoch, Loss, MSE, RMSE, MAE, MAPE: 144, 102090856.00, 102090856.00, 9960.65, 7818.17, 9.43%
- Epoch 146, ExpID 52582
Train - Loss: 24553966.50
Val - Loss, MSE, RMSE, MAE, MAPE: 29484500.00, 29484500.00, 5320.16, 4186.52, 5.32%
Test - Best epoch, Loss, MSE, RMSE, MAE, MAPE: 144, 102090856.00, 102090856.00, 9960.65, 7818.17, 9.43%
- Epoch 147, ExpID 52582
Train - Loss: 24513443.70
Val - Loss, MSE, RMSE, MAE, MAPE: 29238628.00, 29238629.00, 5298.70, 4168.88, 5.30%
Test - Best epoch, Loss, MSE, RMSE, MAE, MAPE: 147, 101725728.00, 101725732.00, 9944.75, 7803.28, 9.42%
- Epoch 148, ExpID 52582
Train - Loss: 24449051.90
Val - Loss, MSE, RMSE, MAE, MAPE: 29249404.00, 29249405.00, 5300.10, 4170.27, 5.30%
Test - Best epoch, Loss, MSE, RMSE, MAE, MAPE: 147, 101725728.00, 101725732.00, 9944.75, 7803.28, 9.42%
- Epoch 149, ExpID 52582
Train - Loss: 24288480.80
Val - Loss, MSE, RMSE, MAE, MAPE: 29255344.00, 29255345.00, 5301.51, 4170.47, 5.30%
Test - Best epoch, Loss, MSE, RMSE, MAE, MAPE: 147, 101725728.00, 101725732.00, 9944.75, 7803.28, 9.42%
- Epoch 150, ExpID 52582
Train - Loss: 24374126.90
Val - Loss, MSE, RMSE, MAE, MAPE: 29067610.00, 29067610.00, 5282.47, 4157.88, 5.29%
Test - Best epoch, Loss, MSE, RMSE, MAE, MAPE: 150, 100597816.00, 100597816.00, 9894.21, 7751.65, 9.36%
- Epoch 151, ExpID 52582
Train - Loss: 24414176.90
Val - Loss, MSE, RMSE, MAE, MAPE: 29022748.00, 29022747.00, 5280.20, 4154.36, 5.28%
Test - Best epoch, Loss, MSE, RMSE, MAE, MAPE: 151, 101033608.00, 101033608.00, 9911.85, 7772.60, 9.37%
- Epoch 152, ExpID 52582
Train - Loss: 24428061.20
Val - Loss, MSE, RMSE, MAE, MAPE: 28962676.00, 28962676.00, 5276.00, 4151.13, 5.28%
Test - Best epoch, Loss, MSE, RMSE, MAE, MAPE: 152, 100581360.00, 100581364.00, 9892.68, 7748.68, 9.35%
- Epoch 153, ExpID 52582
Train - Loss: 24315295.80
Val - Loss, MSE, RMSE, MAE, MAPE: 29130552.00, 29130552.00, 5287.54, 4159.38, 5.29%
Test - Best epoch, Loss, MSE, RMSE, MAE, MAPE: 152, 100581360.00, 100581364.00, 9892.68, 7748.68, 9.35%
- Epoch 154, ExpID 52582
Train - Loss: 24231275.00
Val - Loss, MSE, RMSE, MAE, MAPE: 28978342.00, 28978342.00, 5275.43, 4150.99, 5.28%
Test - Best epoch, Loss, MSE, RMSE, MAE, MAPE: 152, 100581360.00, 100581364.00, 9892.68, 7748.68, 9.35%
- Epoch 155, ExpID 52582
Train - Loss: 24382187.60
Val - Loss, MSE, RMSE, MAE, MAPE: 28785220.00, 28785219.00, 5258.88, 4137.83, 5.27%
Test - Best epoch, Loss, MSE, RMSE, MAE, MAPE: 155, 99815312.00, 99815316.00, 9857.14, 7711.48, 9.30%
- Epoch 156, ExpID 52582
Train - Loss: 24361959.70
Val - Loss, MSE, RMSE, MAE, MAPE: 28981244.00, 28981244.00, 5274.84, 4149.66, 5.28%
Test - Best epoch, Loss, MSE, RMSE, MAE, MAPE: 155, 99815312.00, 99815316.00, 9857.14, 7711.48, 9.30%
- Epoch 157, ExpID 52582
Train - Loss: 24211180.20
Val - Loss, MSE, RMSE, MAE, MAPE: 28791000.00, 28790999.00, 5259.41, 4141.00, 5.27%
Test - Best epoch, Loss, MSE, RMSE, MAE, MAPE: 155, 99815312.00, 99815316.00, 9857.14, 7711.48, 9.30%
- Epoch 158, ExpID 52582
Train - Loss: 24166597.50
Val - Loss, MSE, RMSE, MAE, MAPE: 28897438.00, 28897438.00, 5268.70, 4145.91, 5.27%
Test - Best epoch, Loss, MSE, RMSE, MAE, MAPE: 155, 99815312.00, 99815316.00, 9857.14, 7711.48, 9.30%
- Epoch 159, ExpID 52582
Train - Loss: 24275020.40
Val - Loss, MSE, RMSE, MAE, MAPE: 28518792.00, 28518792.00, 5234.78, 4119.85, 5.25%
Test - Best epoch, Loss, MSE, RMSE, MAE, MAPE: 159, 97992656.00, 97992660.00, 9774.44, 7622.75, 9.21%
- Epoch 160, ExpID 52582
Train - Loss: 24139232.60
Val - Loss, MSE, RMSE, MAE, MAPE: 28596304.00, 28596304.00, 5243.64, 4126.44, 5.25%
Test - Best epoch, Loss, MSE, RMSE, MAE, MAPE: 159, 97992656.00, 97992660.00, 9774.44, 7622.75, 9.21%
- Epoch 161, ExpID 52582
Train - Loss: 24270979.30
Val - Loss, MSE, RMSE, MAE, MAPE: 28487798.00, 28487798.00, 5232.03, 4119.15, 5.24%
Test - Best epoch, Loss, MSE, RMSE, MAE, MAPE: 161, 97868032.00, 97868032.00, 9767.13, 7613.17, 9.19%
- Epoch 162, ExpID 52582
Train - Loss: 24069828.50
Val - Loss, MSE, RMSE, MAE, MAPE: 28646422.00, 28646422.00, 5246.71, 4129.49, 5.25%
Test - Best epoch, Loss, MSE, RMSE, MAE, MAPE: 161, 97868032.00, 97868032.00, 9767.13, 7613.17, 9.19%
- Epoch 163, ExpID 52582
Train - Loss: 24160982.30
Val - Loss, MSE, RMSE, MAE, MAPE: 28534480.00, 28534480.00, 5236.24, 4121.46, 5.24%
Test - Best epoch, Loss, MSE, RMSE, MAE, MAPE: 161, 97868032.00, 97868032.00, 9767.13, 7613.17, 9.19%
- Epoch 164, ExpID 52582
Train - Loss: 24044330.20
Val - Loss, MSE, RMSE, MAE, MAPE: 28380096.00, 28380096.00, 5222.76, 4112.25, 5.23%
Test - Best epoch, Loss, MSE, RMSE, MAE, MAPE: 164, 97552512.00, 97552516.00, 9752.79, 7602.77, 9.18%
- Epoch 165, ExpID 52582
Train - Loss: 23925455.50
Val - Loss, MSE, RMSE, MAE, MAPE: 28498568.00, 28498568.00, 5233.90, 4119.67, 5.24%
Test - Best epoch, Loss, MSE, RMSE, MAE, MAPE: 164, 97552512.00, 97552516.00, 9752.79, 7602.77, 9.18%
- Epoch 166, ExpID 52582
Train - Loss: 24033897.50
Val - Loss, MSE, RMSE, MAE, MAPE: 28503828.00, 28503828.00, 5233.04, 4120.14, 5.24%
Test - Best epoch, Loss, MSE, RMSE, MAE, MAPE: 164, 97552512.00, 97552516.00, 9752.79, 7602.77, 9.18%
- Epoch 167, ExpID 52582
Train - Loss: 23995954.80
Val - Loss, MSE, RMSE, MAE, MAPE: 28390024.00, 28390025.00, 5223.75, 4111.56, 5.23%
Test - Best epoch, Loss, MSE, RMSE, MAE, MAPE: 164, 97552512.00, 97552516.00, 9752.79, 7602.77, 9.18%
- Epoch 168, ExpID 52582
Train - Loss: 23891341.20
Val - Loss, MSE, RMSE, MAE, MAPE: 28328140.00, 28328140.00, 5220.81, 4109.14, 5.23%
Test - Best epoch, Loss, MSE, RMSE, MAE, MAPE: 168, 97354432.00, 97354432.00, 9741.14, 7589.30, 9.16%
- Epoch 169, ExpID 52582
Train - Loss: 24010815.00
Val - Loss, MSE, RMSE, MAE, MAPE: 28249572.00, 28249571.00, 5211.03, 4104.62, 5.23%
Test - Best epoch, Loss, MSE, RMSE, MAE, MAPE: 169, 96496112.00, 96496116.00, 9704.69, 7548.50, 9.12%
- Epoch 170, ExpID 52582
Train - Loss: 23926791.60
Val - Loss, MSE, RMSE, MAE, MAPE: 28176320.00, 28176320.00, 5204.93, 4096.31, 5.21%
Test - Best epoch, Loss, MSE, RMSE, MAE, MAPE: 170, 96134864.00, 96134862.00, 9685.95, 7531.66, 9.09%
- Epoch 171, ExpID 52582
Train - Loss: 23855118.50
Val - Loss, MSE, RMSE, MAE, MAPE: 28199134.00, 28199134.00, 5207.84, 4100.12, 5.22%
Test - Best epoch, Loss, MSE, RMSE, MAE, MAPE: 170, 96134864.00, 96134862.00, 9685.95, 7531.66, 9.09%
- Epoch 172, ExpID 52582
Train - Loss: 23844984.40
Val - Loss, MSE, RMSE, MAE, MAPE: 28201552.00, 28201553.00, 5208.08, 4099.68, 5.22%
Test - Best epoch, Loss, MSE, RMSE, MAE, MAPE: 170, 96134864.00, 96134862.00, 9685.95, 7531.66, 9.09%
- Epoch 173, ExpID 52582
Train - Loss: 23833282.20
Val - Loss, MSE, RMSE, MAE, MAPE: 28162140.00, 28162140.00, 5205.71, 4098.20, 5.21%
Test - Best epoch, Loss, MSE, RMSE, MAE, MAPE: 173, 95903232.00, 95903232.00, 9674.54, 7519.16, 9.07%
- Epoch 174, ExpID 52582
Train - Loss: 23770998.90
Val - Loss, MSE, RMSE, MAE, MAPE: 28102764.00, 28102765.00, 5199.56, 4094.02, 5.21%
Test - Best epoch, Loss, MSE, RMSE, MAE, MAPE: 174, 95571920.00, 95571918.00, 9659.34, 7498.96, 9.05%
- Epoch 175, ExpID 52582
Train - Loss: 23815629.60
Val - Loss, MSE, RMSE, MAE, MAPE: 27976148.00, 27976149.00, 5188.34, 4084.77, 5.20%
Test - Best epoch, Loss, MSE, RMSE, MAE, MAPE: 175, 95069144.00, 95069144.00, 9635.88, 7473.11, 9.02%
- Epoch 176, ExpID 52582
Train - Loss: 23727697.60
Val - Loss, MSE, RMSE, MAE, MAPE: 27887184.00, 27887184.00, 5179.45, 4079.27, 5.20%
Test - Best epoch, Loss, MSE, RMSE, MAE, MAPE: 176, 94351712.00, 94351710.00, 9602.74, 7436.14, 8.99%
- Epoch 177, ExpID 52582
Train - Loss: 23808595.80
Val - Loss, MSE, RMSE, MAE, MAPE: 27921644.00, 27921644.00, 5183.54, 4081.07, 5.19%
Test - Best epoch, Loss, MSE, RMSE, MAE, MAPE: 176, 94351712.00, 94351710.00, 9602.74, 7436.14, 8.99%
- Epoch 178, ExpID 52582
Train - Loss: 23790171.00
Val - Loss, MSE, RMSE, MAE, MAPE: 27764580.00, 27764580.00, 5169.23, 4070.46, 5.18%
Test - Best epoch, Loss, MSE, RMSE, MAE, MAPE: 178, 94245832.00, 94245834.00, 9595.45, 7428.05, 8.97%
- Epoch 179, ExpID 52582
Train - Loss: 23668350.30
Val - Loss, MSE, RMSE, MAE, MAPE: 27798958.00, 27798958.00, 5173.46, 4073.87, 5.18%
Test - Best epoch, Loss, MSE, RMSE, MAE, MAPE: 178, 94245832.00, 94245834.00, 9595.45, 7428.05, 8.97%
- Epoch 180, ExpID 52582
Train - Loss: 23611494.50
Val - Loss, MSE, RMSE, MAE, MAPE: 27886774.00, 27886774.00, 5181.07, 4079.68, 5.19%
Test - Best epoch, Loss, MSE, RMSE, MAE, MAPE: 178, 94245832.00, 94245834.00, 9595.45, 7428.05, 8.97%
- Epoch 181, ExpID 52582
Train - Loss: 23556735.30
Val - Loss, MSE, RMSE, MAE, MAPE: 27817420.00, 27817420.00, 5177.87, 4078.78, 5.19%
Test - Best epoch, Loss, MSE, RMSE, MAE, MAPE: 178, 94245832.00, 94245834.00, 9595.45, 7428.05, 8.97%
- Epoch 182, ExpID 52582
Train - Loss: 23701552.00
Val - Loss, MSE, RMSE, MAE, MAPE: 27813688.00, 27813689.00, 5174.76, 4075.60, 5.18%
Test - Best epoch, Loss, MSE, RMSE, MAE, MAPE: 178, 94245832.00, 94245834.00, 9595.45, 7428.05, 8.97%
- Epoch 183, ExpID 52582
Train - Loss: 23612344.30
Val - Loss, MSE, RMSE, MAE, MAPE: 27798340.00, 27798340.00, 5171.85, 4075.27, 5.19%
Test - Best epoch, Loss, MSE, RMSE, MAE, MAPE: 178, 94245832.00, 94245834.00, 9595.45, 7428.05, 8.97%
- Epoch 184, ExpID 52582
Train - Loss: 23620984.40
Val - Loss, MSE, RMSE, MAE, MAPE: 27695900.00, 27695899.00, 5161.85, 4066.20, 5.18%
Test - Best epoch, Loss, MSE, RMSE, MAE, MAPE: 184, 93021984.00, 93021988.00, 9538.94, 7366.31, 8.90%
- Epoch 185, ExpID 52582
Train - Loss: 23604855.90
Val - Loss, MSE, RMSE, MAE, MAPE: 27463022.00, 27463022.00, 5142.11, 4051.92, 5.16%
Test - Best epoch, Loss, MSE, RMSE, MAE, MAPE: 185, 93010392.00, 93010392.00, 9537.53, 7356.66, 8.90%
- Epoch 186, ExpID 52582
Train - Loss: 23383605.20
Val - Loss, MSE, RMSE, MAE, MAPE: 27500992.00, 27500993.00, 5145.90, 4055.50, 5.17%
Test - Best epoch, Loss, MSE, RMSE, MAE, MAPE: 185, 93010392.00, 93010392.00, 9537.53, 7356.66, 8.90%
- Epoch 187, ExpID 52582
Train - Loss: 23491139.00
Val - Loss, MSE, RMSE, MAE, MAPE: 27499568.00, 27499567.00, 5146.20, 4052.48, 5.16%
Test - Best epoch, Loss, MSE, RMSE, MAE, MAPE: 185, 93010392.00, 93010392.00, 9537.53, 7356.66, 8.90%
- Epoch 188, ExpID 52582
Train - Loss: 23518719.80
Val - Loss, MSE, RMSE, MAE, MAPE: 27486582.00, 27486582.00, 5143.04, 4051.38, 5.16%
Test - Best epoch, Loss, MSE, RMSE, MAE, MAPE: 185, 93010392.00, 93010392.00, 9537.53, 7356.66, 8.90%
- Epoch 189, ExpID 52582
Train - Loss: 23452159.00
Val - Loss, MSE, RMSE, MAE, MAPE: 27434446.00, 27434446.00, 5140.01, 4050.48, 5.16%
Test - Best epoch, Loss, MSE, RMSE, MAE, MAPE: 189, 93014200.00, 93014202.00, 9537.26, 7351.21, 8.88%
- Epoch 190, ExpID 52582
Train - Loss: 23479503.70
Val - Loss, MSE, RMSE, MAE, MAPE: 27522576.00, 27522576.00, 5148.97, 4057.52, 5.16%
Test - Best epoch, Loss, MSE, RMSE, MAE, MAPE: 189, 93014200.00, 93014202.00, 9537.26, 7351.21, 8.88%
- Epoch 191, ExpID 52582
Train - Loss: 23455863.00
Val - Loss, MSE, RMSE, MAE, MAPE: 27368414.00, 27368414.00, 5136.26, 4047.91, 5.15%
Test - Best epoch, Loss, MSE, RMSE, MAE, MAPE: 191, 92663824.00, 92663824.00, 9518.73, 7334.10, 8.86%
- Epoch 192, ExpID 52582
Train - Loss: 23382174.20
Val - Loss, MSE, RMSE, MAE, MAPE: 27259524.00, 27259523.00, 5123.76, 4039.86, 5.15%
Test - Best epoch, Loss, MSE, RMSE, MAE, MAPE: 192, 91867864.00, 91867864.00, 9481.07, 7296.71, 8.82%
- Epoch 193, ExpID 52582
Train - Loss: 23409231.30
Val - Loss, MSE, RMSE, MAE, MAPE: 27420220.00, 27420220.00, 5139.83, 4048.43, 5.15%
Test - Best epoch, Loss, MSE, RMSE, MAE, MAPE: 192, 91867864.00, 91867864.00, 9481.07, 7296.71, 8.82%
- Epoch 194, ExpID 52582
Train - Loss: 23200545.40
Val - Loss, MSE, RMSE, MAE, MAPE: 27331832.00, 27331833.00, 5132.73, 4042.91, 5.15%
Test - Best epoch, Loss, MSE, RMSE, MAE, MAPE: 192, 91867864.00, 91867864.00, 9481.07, 7296.71, 8.82%
- Epoch 195, ExpID 52582
Train - Loss: 23281129.90
Val - Loss, MSE, RMSE, MAE, MAPE: 27311104.00, 27311103.00, 5128.90, 4041.28, 5.15%
Test - Best epoch, Loss, MSE, RMSE, MAE, MAPE: 192, 91867864.00, 91867864.00, 9481.07, 7296.71, 8.82%
- Epoch 196, ExpID 52582
Train - Loss: 23292434.50
Val - Loss, MSE, RMSE, MAE, MAPE: 27046124.00, 27046125.00, 5106.70, 4023.87, 5.13%
Test - Best epoch, Loss, MSE, RMSE, MAE, MAPE: 196, 91549048.00, 91549050.00, 9464.55, 7274.64, 8.79%
- Epoch 197, ExpID 52582
Train - Loss: 23331794.90
Val - Loss, MSE, RMSE, MAE, MAPE: 27072972.00, 27072972.00, 5108.05, 4026.91, 5.13%
Test - Best epoch, Loss, MSE, RMSE, MAE, MAPE: 196, 91549048.00, 91549050.00, 9464.55, 7274.64, 8.79%
- Epoch 198, ExpID 52582
Train - Loss: 23190684.60
Val - Loss, MSE, RMSE, MAE, MAPE: 27156512.00, 27156511.00, 5113.64, 4030.36, 5.13%
Test - Best epoch, Loss, MSE, RMSE, MAE, MAPE: 196, 91549048.00, 91549050.00, 9464.55, 7274.64, 8.79%
- Epoch 199, ExpID 52582
Train - Loss: 23080033.40
Val - Loss, MSE, RMSE, MAE, MAPE: 26847272.00, 26847272.00, 5087.09, 4011.45, 5.12%
Test - Best epoch, Loss, MSE, RMSE, MAE, MAPE: 199, 91166912.00, 91166910.00, 9445.09, 7242.90, 8.76%
- Epoch 200, ExpID 52582
Train - Loss: 23190915.70
Val - Loss, MSE, RMSE, MAE, MAPE: 27158444.00, 27158445.00, 5116.77, 4032.60, 5.13%
Test - Best epoch, Loss, MSE, RMSE, MAE, MAPE: 199, 91166912.00, 91166910.00, 9445.09, 7242.90, 8.76%
- Epoch 201, ExpID 52582
Train - Loss: 23185639.60
Val - Loss, MSE, RMSE, MAE, MAPE: 27122500.00, 27122500.00, 5110.70, 4028.39, 5.13%
Test - Best epoch, Loss, MSE, RMSE, MAE, MAPE: 199, 91166912.00, 91166910.00, 9445.09, 7242.90, 8.76%
- Epoch 202, ExpID 52582
Train - Loss: 23149480.70
Val - Loss, MSE, RMSE, MAE, MAPE: 26969536.00, 26969535.00, 5099.55, 4020.03, 5.12%
Test - Best epoch, Loss, MSE, RMSE, MAE, MAPE: 199, 91166912.00, 91166910.00, 9445.09, 7242.90, 8.76%
- Epoch 203, ExpID 52582
Train - Loss: 23215196.00
Val - Loss, MSE, RMSE, MAE, MAPE: 26998170.00, 26998170.00, 5102.38, 4021.30, 5.12%
Test - Best epoch, Loss, MSE, RMSE, MAE, MAPE: 199, 91166912.00, 91166910.00, 9445.09, 7242.90, 8.76%
- Epoch 204, ExpID 52582
Train - Loss: 23090110.40
Val - Loss, MSE, RMSE, MAE, MAPE: 26898236.00, 26898236.00, 5093.40, 4014.91, 5.11%
Test - Best epoch, Loss, MSE, RMSE, MAE, MAPE: 199, 91166912.00, 91166910.00, 9445.09, 7242.90, 8.76%
- Epoch 205, ExpID 52582
Train - Loss: 23047408.50
Val - Loss, MSE, RMSE, MAE, MAPE: 26865832.00, 26865831.00, 5089.05, 4012.17, 5.11%
Test - Best epoch, Loss, MSE, RMSE, MAE, MAPE: 199, 91166912.00, 91166910.00, 9445.09, 7242.90, 8.76%
- Epoch 206, ExpID 52582
Train - Loss: 23002668.60
Val - Loss, MSE, RMSE, MAE, MAPE: 26870046.00, 26870046.00, 5091.09, 4011.64, 5.11%
Test - Best epoch, Loss, MSE, RMSE, MAE, MAPE: 199, 91166912.00, 91166910.00, 9445.09, 7242.90, 8.76%
- Epoch 207, ExpID 52582
Train - Loss: 22983773.00
Val - Loss, MSE, RMSE, MAE, MAPE: 26730172.00, 26730171.00, 5078.06, 4001.55, 5.10%
Test - Best epoch, Loss, MSE, RMSE, MAE, MAPE: 207, 90135168.00, 90135170.00, 9397.76, 7188.39, 8.69%
- Epoch 208, ExpID 52582
Train - Loss: 22931287.20
Val - Loss, MSE, RMSE, MAE, MAPE: 26732132.00, 26732133.00, 5078.17, 4003.29, 5.11%
Test - Best epoch, Loss, MSE, RMSE, MAE, MAPE: 207, 90135168.00, 90135170.00, 9397.76, 7188.39, 8.69%
- Epoch 209, ExpID 52582
Train - Loss: 23069816.80
Val - Loss, MSE, RMSE, MAE, MAPE: 26753018.00, 26753018.00, 5080.16, 4002.94, 5.10%
Test - Best epoch, Loss, MSE, RMSE, MAE, MAPE: 207, 90135168.00, 90135170.00, 9397.76, 7188.39, 8.69%
- Epoch 210, ExpID 52582
Train - Loss: 22852545.30
Val - Loss, MSE, RMSE, MAE, MAPE: 26775832.00, 26775831.00, 5081.87, 4005.28, 5.10%
Test - Best epoch, Loss, MSE, RMSE, MAE, MAPE: 207, 90135168.00, 90135170.00, 9397.76, 7188.39, 8.69%
- Epoch 211, ExpID 52582
Train - Loss: 22893428.10
Val - Loss, MSE, RMSE, MAE, MAPE: 26574708.00, 26574709.00, 5063.88, 3991.34, 5.09%
Test - Best epoch, Loss, MSE, RMSE, MAE, MAPE: 211, 90015160.00, 90015158.00, 9390.98, 7178.29, 8.68%
- Epoch 212, ExpID 52582
Train - Loss: 22826052.20
Val - Loss, MSE, RMSE, MAE, MAPE: 26664828.00, 26664828.00, 5071.40, 3998.82, 5.10%
Test - Best epoch, Loss, MSE, RMSE, MAE, MAPE: 211, 90015160.00, 90015158.00, 9390.98, 7178.29, 8.68%
- Epoch 213, ExpID 52582
Train - Loss: 23065677.10
Val - Loss, MSE, RMSE, MAE, MAPE: 26622082.00, 26622082.50, 5067.06, 3994.39, 5.09%
Test - Best epoch, Loss, MSE, RMSE, MAE, MAPE: 211, 90015160.00, 90015158.00, 9390.98, 7178.29, 8.68%
- Epoch 214, ExpID 52582
Train - Loss: 22816080.80
Val - Loss, MSE, RMSE, MAE, MAPE: 26634828.00, 26634829.00, 5068.26, 3997.89, 5.09%
Test - Best epoch, Loss, MSE, RMSE, MAE, MAPE: 211, 90015160.00, 90015158.00, 9390.98, 7178.29, 8.68%
- Epoch 215, ExpID 52582
Train - Loss: 22926078.90
Val - Loss, MSE, RMSE, MAE, MAPE: 26437306.00, 26437306.00, 5050.15, 3983.48, 5.08%
Test - Best epoch, Loss, MSE, RMSE, MAE, MAPE: 215, 88987272.00, 88987270.00, 9340.36, 7114.79, 8.61%
- Epoch 216, ExpID 52582
Train - Loss: 22924968.30
Val - Loss, MSE, RMSE, MAE, MAPE: 26540150.00, 26540149.50, 5059.45, 3988.69, 5.08%
Test - Best epoch, Loss, MSE, RMSE, MAE, MAPE: 215, 88987272.00, 88987270.00, 9340.36, 7114.79, 8.61%
- Epoch 217, ExpID 52582
Train - Loss: 22664934.40
Val - Loss, MSE, RMSE, MAE, MAPE: 26482132.00, 26482131.00, 5055.99, 3986.68, 5.08%
Test - Best epoch, Loss, MSE, RMSE, MAE, MAPE: 215, 88987272.00, 88987270.00, 9340.36, 7114.79, 8.61%
- Epoch 218, ExpID 52582
Train - Loss: 22801300.00
Val - Loss, MSE, RMSE, MAE, MAPE: 26597618.00, 26597618.00, 5064.28, 3992.79, 5.09%
Test - Best epoch, Loss, MSE, RMSE, MAE, MAPE: 215, 88987272.00, 88987270.00, 9340.36, 7114.79, 8.61%
- Epoch 219, ExpID 52582
Train - Loss: 22708374.60
Val - Loss, MSE, RMSE, MAE, MAPE: 26551764.00, 26551765.00, 5060.06, 3989.20, 5.09%
Test - Best epoch, Loss, MSE, RMSE, MAE, MAPE: 215, 88987272.00, 88987270.00, 9340.36, 7114.79, 8.61%
- Epoch 220, ExpID 52582
Train - Loss: 22708314.50
Val - Loss, MSE, RMSE, MAE, MAPE: 26630970.00, 26630970.00, 5067.73, 3994.35, 5.09%
Test - Best epoch, Loss, MSE, RMSE, MAE, MAPE: 215, 88987272.00, 88987270.00, 9340.36, 7114.79, 8.61%
- Epoch 221, ExpID 52582
Train - Loss: 22931227.60
Val - Loss, MSE, RMSE, MAE, MAPE: 26436122.00, 26436122.50, 5050.37, 3981.06, 5.08%
Test - Best epoch, Loss, MSE, RMSE, MAE, MAPE: 221, 88517296.00, 88517294.00, 9319.38, 7089.59, 8.57%
- Epoch 222, ExpID 52582
Train - Loss: 22744832.10
Val - Loss, MSE, RMSE, MAE, MAPE: 26256162.00, 26256161.50, 5035.74, 3971.54, 5.07%
Test - Best epoch, Loss, MSE, RMSE, MAE, MAPE: 222, 88739384.00, 88739386.00, 9329.38, 7100.64, 8.59%
- Epoch 223, ExpID 52582
Train - Loss: 22645710.70
Val - Loss, MSE, RMSE, MAE, MAPE: 26359030.00, 26359030.00, 5045.67, 3976.58, 5.07%
Test - Best epoch, Loss, MSE, RMSE, MAE, MAPE: 222, 88739384.00, 88739386.00, 9329.38, 7100.64, 8.59%
- Epoch 224, ExpID 52582
Train - Loss: 22646459.90
Val - Loss, MSE, RMSE, MAE, MAPE: 26414016.00, 26414017.00, 5050.65, 3982.26, 5.08%
Test - Best epoch, Loss, MSE, RMSE, MAE, MAPE: 222, 88739384.00, 88739386.00, 9329.38, 7100.64, 8.59%
- Epoch 225, ExpID 52582
Train - Loss: 22601358.00
Val - Loss, MSE, RMSE, MAE, MAPE: 26366722.00, 26366721.50, 5045.50, 3978.00, 5.07%
Test - Best epoch, Loss, MSE, RMSE, MAE, MAPE: 222, 88739384.00, 88739386.00, 9329.38, 7100.64, 8.59%
- Epoch 226, ExpID 52582
Train - Loss: 22667444.70
Val - Loss, MSE, RMSE, MAE, MAPE: 26247114.00, 26247114.50, 5035.99, 3971.28, 5.06%
Test - Best epoch, Loss, MSE, RMSE, MAE, MAPE: 226, 88316592.00, 88316588.00, 9307.78, 7067.90, 8.55%
- Epoch 227, ExpID 52582
Train - Loss: 22759063.10
Val - Loss, MSE, RMSE, MAE, MAPE: 26500374.00, 26500374.00, 5058.79, 3989.14, 5.08%
Test - Best epoch, Loss, MSE, RMSE, MAE, MAPE: 226, 88316592.00, 88316588.00, 9307.78, 7067.90, 8.55%
- Epoch 228, ExpID 52582
Train - Loss: 22616197.50
Val - Loss, MSE, RMSE, MAE, MAPE: 26318018.00, 26318017.50, 5040.74, 3977.76, 5.07%
Test - Best epoch, Loss, MSE, RMSE, MAE, MAPE: 226, 88316592.00, 88316588.00, 9307.78, 7067.90, 8.55%
- Epoch 229, ExpID 52582
Train - Loss: 22546990.40
Val - Loss, MSE, RMSE, MAE, MAPE: 26228696.00, 26228695.50, 5033.21, 3971.08, 5.07%
Test - Best epoch, Loss, MSE, RMSE, MAE, MAPE: 229, 87716928.00, 87716932.00, 9280.50, 7031.40, 8.51%
- Epoch 230, ExpID 52582
Train - Loss: 22545639.60
Val - Loss, MSE, RMSE, MAE, MAPE: 26203024.00, 26203023.50, 5029.34, 3969.97, 5.07%
Test - Best epoch, Loss, MSE, RMSE, MAE, MAPE: 230, 87499032.00, 87499034.00, 9269.37, 7021.27, 8.50%
- Epoch 231, ExpID 52582
Train - Loss: 22511538.10
Val - Loss, MSE, RMSE, MAE, MAPE: 26217448.00, 26217449.00, 5034.48, 3970.80, 5.06%
Test - Best epoch, Loss, MSE, RMSE, MAE, MAPE: 230, 87499032.00, 87499034.00, 9269.37, 7021.27, 8.50%
- Epoch 232, ExpID 52582
Train - Loss: 22597180.90
Val - Loss, MSE, RMSE, MAE, MAPE: 26261162.00, 26261161.50, 5036.85, 3972.11, 5.06%
Test - Best epoch, Loss, MSE, RMSE, MAE, MAPE: 230, 87499032.00, 87499034.00, 9269.37, 7021.27, 8.50%
- Epoch 233, ExpID 52582
Train - Loss: 22467918.90
Val - Loss, MSE, RMSE, MAE, MAPE: 26117464.00, 26117463.00, 5022.11, 3965.34, 5.06%
Test - Best epoch, Loss, MSE, RMSE, MAE, MAPE: 233, 87391824.00, 87391828.00, 9262.29, 7013.44, 8.49%
- Epoch 234, ExpID 52582
Train - Loss: 22401495.60
Val - Loss, MSE, RMSE, MAE, MAPE: 26111426.00, 26111426.00, 5024.37, 3961.72, 5.05%
Test - Best epoch, Loss, MSE, RMSE, MAE, MAPE: 234, 87836960.00, 87836956.00, 9283.50, 7035.34, 8.51%
- Epoch 235, ExpID 52582
Train - Loss: 22369519.30
Val - Loss, MSE, RMSE, MAE, MAPE: 26139912.00, 26139911.50, 5026.04, 3964.41, 5.05%
Test - Best epoch, Loss, MSE, RMSE, MAE, MAPE: 234, 87836960.00, 87836956.00, 9283.50, 7035.34, 8.51%
- Epoch 236, ExpID 52582
Train - Loss: 22397519.40
Val - Loss, MSE, RMSE, MAE, MAPE: 26049392.00, 26049392.00, 5015.86, 3957.85, 5.05%
Test - Best epoch, Loss, MSE, RMSE, MAE, MAPE: 236, 87340824.00, 87340826.00, 9260.69, 7006.88, 8.48%
- Epoch 237, ExpID 52582
Train - Loss: 22457273.70
Val - Loss, MSE, RMSE, MAE, MAPE: 25989754.00, 25989754.00, 5010.24, 3956.12, 5.05%
Test - Best epoch, Loss, MSE, RMSE, MAE, MAPE: 237, 87446736.00, 87446740.00, 9265.68, 7010.33, 8.49%
- Epoch 238, ExpID 52582
Train - Loss: 22350398.10
Val - Loss, MSE, RMSE, MAE, MAPE: 26073574.00, 26073573.50, 5017.90, 3959.63, 5.05%
Test - Best epoch, Loss, MSE, RMSE, MAE, MAPE: 237, 87446736.00, 87446740.00, 9265.68, 7010.33, 8.49%
- Epoch 239, ExpID 52582
Train - Loss: 22445531.60
Val - Loss, MSE, RMSE, MAE, MAPE: 25922918.00, 25922918.00, 5004.37, 3948.56, 5.04%
Test - Best epoch, Loss, MSE, RMSE, MAE, MAPE: 239, 87327792.00, 87327792.00, 9257.35, 7003.46, 8.48%
- Epoch 240, ExpID 52582
Train - Loss: 22363145.30
Val - Loss, MSE, RMSE, MAE, MAPE: 25999154.00, 25999153.50, 5011.09, 3952.78, 5.04%
Test - Best epoch, Loss, MSE, RMSE, MAE, MAPE: 239, 87327792.00, 87327792.00, 9257.35, 7003.46, 8.48%
- Epoch 241, ExpID 52582
Train - Loss: 22310329.60
Val - Loss, MSE, RMSE, MAE, MAPE: 25857988.00, 25857989.00, 5000.51, 3946.17, 5.03%
Test - Best epoch, Loss, MSE, RMSE, MAE, MAPE: 241, 87459152.00, 87459156.00, 9261.70, 7008.31, 8.48%
- Epoch 242, ExpID 52582
Train - Loss: 22381931.70
Val - Loss, MSE, RMSE, MAE, MAPE: 26053906.00, 26053906.50, 5016.15, 3956.55, 5.05%
Test - Best epoch, Loss, MSE, RMSE, MAE, MAPE: 241, 87459152.00, 87459156.00, 9261.70, 7008.31, 8.48%
- Epoch 243, ExpID 52582
Train - Loss: 22323303.30
Val - Loss, MSE, RMSE, MAE, MAPE: 25946092.00, 25946091.50, 5004.82, 3949.85, 5.04%
Test - Best epoch, Loss, MSE, RMSE, MAE, MAPE: 241, 87459152.00, 87459156.00, 9261.70, 7008.31, 8.48%
- Epoch 244, ExpID 52582
Train - Loss: 22186326.20
Val - Loss, MSE, RMSE, MAE, MAPE: 25757430.00, 25757430.50, 4988.77, 3937.32, 5.03%
Test - Best epoch, Loss, MSE, RMSE, MAE, MAPE: 244, 87204344.00, 87204342.00, 9251.06, 6983.41, 8.46%
- Epoch 245, ExpID 52582
Train - Loss: 22226231.40
Val - Loss, MSE, RMSE, MAE, MAPE: 25762982.00, 25762982.00, 4989.65, 3938.30, 5.03%
Test - Best epoch, Loss, MSE, RMSE, MAE, MAPE: 244, 87204344.00, 87204342.00, 9251.06, 6983.41, 8.46%
- Epoch 246, ExpID 52582
Train - Loss: 22271654.00
Val - Loss, MSE, RMSE, MAE, MAPE: 25971178.00, 25971177.50, 5007.45, 3949.89, 5.04%
Test - Best epoch, Loss, MSE, RMSE, MAE, MAPE: 244, 87204344.00, 87204342.00, 9251.06, 6983.41, 8.46%
- Epoch 247, ExpID 52582
Train - Loss: 22184374.80
Val - Loss, MSE, RMSE, MAE, MAPE: 25776366.00, 25776366.50, 4991.87, 3939.62, 5.03%
Test - Best epoch, Loss, MSE, RMSE, MAE, MAPE: 244, 87204344.00, 87204342.00, 9251.06, 6983.41, 8.46%
- Epoch 248, ExpID 52582
Train - Loss: 22232210.10
Val - Loss, MSE, RMSE, MAE, MAPE: 25864472.00, 25864472.50, 4997.64, 3945.20, 5.04%
Test - Best epoch, Loss, MSE, RMSE, MAE, MAPE: 244, 87204344.00, 87204342.00, 9251.06, 6983.41, 8.46%
- Epoch 249, ExpID 52582
Train - Loss: 22215494.50
Val - Loss, MSE, RMSE, MAE, MAPE: 25756616.00, 25756616.50, 4988.82, 3936.53, 5.02%
Test - Best epoch, Loss, MSE, RMSE, MAE, MAPE: 249, 86792304.00, 86792304.00, 9230.27, 6959.15, 8.42%
- Epoch 250, ExpID 52582
Train - Loss: 22247070.20
Val - Loss, MSE, RMSE, MAE, MAPE: 25705910.00, 25705909.50, 4983.81, 3933.13, 5.02%
Test - Best epoch, Loss, MSE, RMSE, MAE, MAPE: 250, 86824128.00, 86824124.00, 9231.51, 6962.68, 8.42%
- Epoch 251, ExpID 52582
Train - Loss: 22113351.10
Val - Loss, MSE, RMSE, MAE, MAPE: 25831266.00, 25831266.50, 4995.31, 3942.03, 5.03%
Test - Best epoch, Loss, MSE, RMSE, MAE, MAPE: 250, 86824128.00, 86824124.00, 9231.51, 6962.68, 8.42%
- Epoch 252, ExpID 52582
Train - Loss: 22197940.60
Val - Loss, MSE, RMSE, MAE, MAPE: 25702670.00, 25702670.00, 4984.79, 3932.78, 5.02%
Test - Best epoch, Loss, MSE, RMSE, MAE, MAPE: 252, 86950400.00, 86950396.00, 9239.10, 6963.89, 8.43%
- Epoch 253, ExpID 52582
Train - Loss: 22017376.90
Val - Loss, MSE, RMSE, MAE, MAPE: 25732340.00, 25732341.00, 4986.23, 3933.69, 5.02%
Test - Best epoch, Loss, MSE, RMSE, MAE, MAPE: 252, 86950400.00, 86950396.00, 9239.10, 6963.89, 8.43%
- Epoch 254, ExpID 52582
Train - Loss: 22168548.30
Val - Loss, MSE, RMSE, MAE, MAPE: 25786556.00, 25786555.00, 4991.61, 3939.08, 5.03%
Test - Best epoch, Loss, MSE, RMSE, MAE, MAPE: 252, 86950400.00, 86950396.00, 9239.10, 6963.89, 8.43%
- Epoch 255, ExpID 52582
Train - Loss: 22075544.20
Val - Loss, MSE, RMSE, MAE, MAPE: 25667570.00, 25667569.50, 4981.54, 3932.52, 5.02%
Test - Best epoch, Loss, MSE, RMSE, MAE, MAPE: 255, 86518080.00, 86518084.00, 9218.70, 6940.60, 8.41%
- Epoch 256, ExpID 52582
Train - Loss: 22164350.40
Val - Loss, MSE, RMSE, MAE, MAPE: 25591540.00, 25591540.50, 4974.96, 3926.64, 5.01%
Test - Best epoch, Loss, MSE, RMSE, MAE, MAPE: 256, 86710960.00, 86710962.00, 9226.82, 6948.64, 8.41%
- Epoch 257, ExpID 52582
Train - Loss: 22191826.20
Val - Loss, MSE, RMSE, MAE, MAPE: 25720540.00, 25720539.50, 4985.83, 3935.93, 5.02%
Test - Best epoch, Loss, MSE, RMSE, MAE, MAPE: 256, 86710960.00, 86710962.00, 9226.82, 6948.64, 8.41%
- Epoch 258, ExpID 52582
Train - Loss: 21977762.80
Val - Loss, MSE, RMSE, MAE, MAPE: 25510822.00, 25510821.50, 4964.37, 3921.54, 5.01%
Test - Best epoch, Loss, MSE, RMSE, MAE, MAPE: 258, 86153968.00, 86153970.00, 9200.63, 6913.52, 8.38%
- Epoch 259, ExpID 52582
Train - Loss: 22083975.40
Val - Loss, MSE, RMSE, MAE, MAPE: 25463126.00, 25463125.50, 4962.71, 3916.29, 5.00%
Test - Best epoch, Loss, MSE, RMSE, MAE, MAPE: 259, 86735200.00, 86735204.00, 9227.27, 6943.36, 8.40%
- Epoch 260, ExpID 52582
Train - Loss: 22049101.80
Val - Loss, MSE, RMSE, MAE, MAPE: 25577712.00, 25577711.50, 4971.53, 3924.08, 5.01%
Test - Best epoch, Loss, MSE, RMSE, MAE, MAPE: 259, 86735200.00, 86735204.00, 9227.27, 6943.36, 8.40%
- Epoch 261, ExpID 52582
Train - Loss: 22011975.40
Val - Loss, MSE, RMSE, MAE, MAPE: 25567730.00, 25567730.50, 4970.24, 3923.84, 5.01%
Test - Best epoch, Loss, MSE, RMSE, MAE, MAPE: 259, 86735200.00, 86735204.00, 9227.27, 6943.36, 8.40%
- Epoch 262, ExpID 52582
Train - Loss: 22111704.60
Val - Loss, MSE, RMSE, MAE, MAPE: 25549570.00, 25549569.50, 4968.37, 3921.41, 5.01%
Test - Best epoch, Loss, MSE, RMSE, MAE, MAPE: 259, 86735200.00, 86735204.00, 9227.27, 6943.36, 8.40%
- Epoch 263, ExpID 52582
Train - Loss: 21928213.80
Val - Loss, MSE, RMSE, MAE, MAPE: 25634504.00, 25634504.50, 4976.68, 3926.96, 5.02%
Test - Best epoch, Loss, MSE, RMSE, MAE, MAPE: 259, 86735200.00, 86735204.00, 9227.27, 6943.36, 8.40%
- Epoch 264, ExpID 52582
Train - Loss: 21995308.40
Val - Loss, MSE, RMSE, MAE, MAPE: 25336186.00, 25336186.00, 4949.15, 3907.37, 4.99%
Test - Best epoch, Loss, MSE, RMSE, MAE, MAPE: 264, 86011680.00, 86011676.00, 9192.36, 6906.45, 8.36%
- Epoch 265, ExpID 52582
Train - Loss: 21924295.40
Val - Loss, MSE, RMSE, MAE, MAPE: 25435772.00, 25435771.50, 4958.83, 3914.15, 5.00%
Test - Best epoch, Loss, MSE, RMSE, MAE, MAPE: 264, 86011680.00, 86011676.00, 9192.36, 6906.45, 8.36%
- Epoch 266, ExpID 52582
Train - Loss: 21887589.60
Val - Loss, MSE, RMSE, MAE, MAPE: 25333510.00, 25333510.50, 4949.68, 3907.90, 4.99%
Test - Best epoch, Loss, MSE, RMSE, MAE, MAPE: 266, 85995056.00, 85995060.00, 9192.17, 6899.44, 8.36%
- Epoch 267, ExpID 52582
Train - Loss: 21839348.20
Val - Loss, MSE, RMSE, MAE, MAPE: 25371318.00, 25371317.50, 4951.55, 3911.24, 5.00%
Test - Best epoch, Loss, MSE, RMSE, MAE, MAPE: 266, 85995056.00, 85995060.00, 9192.17, 6899.44, 8.36%
- Epoch 268, ExpID 52582
Train - Loss: 21850745.50
Val - Loss, MSE, RMSE, MAE, MAPE: 25345902.00, 25345902.00, 4949.22, 3910.32, 5.00%
Test - Best epoch, Loss, MSE, RMSE, MAE, MAPE: 266, 85995056.00, 85995060.00, 9192.17, 6899.44, 8.36%
- Epoch 269, ExpID 52582
Train - Loss: 21903117.60
Val - Loss, MSE, RMSE, MAE, MAPE: 25418944.00, 25418943.00, 4956.38, 3913.16, 5.00%
Test - Best epoch, Loss, MSE, RMSE, MAE, MAPE: 266, 85995056.00, 85995060.00, 9192.17, 6899.44, 8.36%
- Epoch 270, ExpID 52582
Train - Loss: 21829578.60
Val - Loss, MSE, RMSE, MAE, MAPE: 25324044.00, 25324044.50, 4948.70, 3907.74, 5.00%
Test - Best epoch, Loss, MSE, RMSE, MAE, MAPE: 270, 86146720.00, 86146720.00, 9200.00, 6902.52, 8.36%
- Epoch 271, ExpID 52582
Train - Loss: 21824179.10
Val - Loss, MSE, RMSE, MAE, MAPE: 25332708.00, 25332709.00, 4950.14, 3907.78, 4.99%
Test - Best epoch, Loss, MSE, RMSE, MAE, MAPE: 270, 86146720.00, 86146720.00, 9200.00, 6902.52, 8.36%
- Epoch 272, ExpID 52582
Train - Loss: 21834502.50
Val - Loss, MSE, RMSE, MAE, MAPE: 25366090.00, 25366090.50, 4952.91, 3909.61, 5.00%
Test - Best epoch, Loss, MSE, RMSE, MAE, MAPE: 270, 86146720.00, 86146720.00, 9200.00, 6902.52, 8.36%
- Epoch 273, ExpID 52582
Train - Loss: 21751296.20
Val - Loss, MSE, RMSE, MAE, MAPE: 25154628.00, 25154627.00, 4934.40, 3896.90, 4.98%
Test - Best epoch, Loss, MSE, RMSE, MAE, MAPE: 273, 86086064.00, 86086060.00, 9194.95, 6899.78, 8.36%
- Epoch 274, ExpID 52582
Train - Loss: 21797420.20
Val - Loss, MSE, RMSE, MAE, MAPE: 25242102.00, 25242101.50, 4939.21, 3900.13, 4.98%
Test - Best epoch, Loss, MSE, RMSE, MAE, MAPE: 273, 86086064.00, 86086060.00, 9194.95, 6899.78, 8.36%
- Epoch 275, ExpID 52582
Train - Loss: 21746287.10
Val - Loss, MSE, RMSE, MAE, MAPE: 25234532.00, 25234531.50, 4939.24, 3901.69, 4.99%
Test - Best epoch, Loss, MSE, RMSE, MAE, MAPE: 273, 86086064.00, 86086060.00, 9194.95, 6899.78, 8.36%
- Epoch 276, ExpID 52582
Train - Loss: 21910890.10
Val - Loss, MSE, RMSE, MAE, MAPE: 25294244.00, 25294243.00, 4946.02, 3906.72, 5.00%
Test - Best epoch, Loss, MSE, RMSE, MAE, MAPE: 273, 86086064.00, 86086060.00, 9194.95, 6899.78, 8.36%
- Epoch 277, ExpID 52582
Train - Loss: 21722272.20
Val - Loss, MSE, RMSE, MAE, MAPE: 25206404.00, 25206404.00, 4938.82, 3898.51, 4.98%
Test - Best epoch, Loss, MSE, RMSE, MAE, MAPE: 273, 86086064.00, 86086060.00, 9194.95, 6899.78, 8.36%
- Epoch 278, ExpID 52582
Train - Loss: 21725784.00
Val - Loss, MSE, RMSE, MAE, MAPE: 25224184.00, 25224185.00, 4940.78, 3900.19, 4.98%
Test - Best epoch, Loss, MSE, RMSE, MAE, MAPE: 273, 86086064.00, 86086060.00, 9194.95, 6899.78, 8.36%
- Epoch 279, ExpID 52582
Train - Loss: 21694209.10
Val - Loss, MSE, RMSE, MAE, MAPE: 25148048.00, 25148048.50, 4931.08, 3893.91, 4.98%
Test - Best epoch, Loss, MSE, RMSE, MAE, MAPE: 279, 85701480.00, 85701482.00, 9180.01, 6869.85, 8.33%
- Epoch 280, ExpID 52582
Train - Loss: 21651560.10
Val - Loss, MSE, RMSE, MAE, MAPE: 25209346.00, 25209346.50, 4938.40, 3899.02, 4.98%
Test - Best epoch, Loss, MSE, RMSE, MAE, MAPE: 279, 85701480.00, 85701482.00, 9180.01, 6869.85, 8.33%
- Epoch 281, ExpID 52582
Train - Loss: 21685815.70
Val - Loss, MSE, RMSE, MAE, MAPE: 25270024.00, 25270025.00, 4942.90, 3901.36, 4.98%
Test - Best epoch, Loss, MSE, RMSE, MAE, MAPE: 279, 85701480.00, 85701482.00, 9180.01, 6869.85, 8.33%
- Epoch 282, ExpID 52582
Train - Loss: 21696727.50
Val - Loss, MSE, RMSE, MAE, MAPE: 25196308.00, 25196307.00, 4935.30, 3897.36, 4.98%
Test - Best epoch, Loss, MSE, RMSE, MAE, MAPE: 279, 85701480.00, 85701482.00, 9180.01, 6869.85, 8.33%
- Epoch 283, ExpID 52582
Train - Loss: 21661530.90
Val - Loss, MSE, RMSE, MAE, MAPE: 25351396.00, 25351397.00, 4949.31, 3906.31, 4.99%
Test - Best epoch, Loss, MSE, RMSE, MAE, MAPE: 279, 85701480.00, 85701482.00, 9180.01, 6869.85, 8.33%
- Epoch 284, ExpID 52582
Train - Loss: 21579344.30
Val - Loss, MSE, RMSE, MAE, MAPE: 25015260.00, 25015260.00, 4918.94, 3885.14, 4.97%
Test - Best epoch, Loss, MSE, RMSE, MAE, MAPE: 284, 85267176.00, 85267178.00, 9156.18, 6842.59, 8.30%
- Epoch 285, ExpID 52582
Train - Loss: 21677040.60
Val - Loss, MSE, RMSE, MAE, MAPE: 25149084.00, 25149084.00, 4931.10, 3892.90, 4.98%
Test - Best epoch, Loss, MSE, RMSE, MAE, MAPE: 284, 85267176.00, 85267178.00, 9156.18, 6842.59, 8.30%
- Epoch 286, ExpID 52582
Train - Loss: 21576267.30
Val - Loss, MSE, RMSE, MAE, MAPE: 25092564.00, 25092563.50, 4926.27, 3888.52, 4.97%
Test - Best epoch, Loss, MSE, RMSE, MAE, MAPE: 284, 85267176.00, 85267178.00, 9156.18, 6842.59, 8.30%
- Epoch 287, ExpID 52582
Train - Loss: 21558679.40
Val - Loss, MSE, RMSE, MAE, MAPE: 25082318.00, 25082317.50, 4925.43, 3889.51, 4.97%
Test - Best epoch, Loss, MSE, RMSE, MAE, MAPE: 284, 85267176.00, 85267178.00, 9156.18, 6842.59, 8.30%
- Epoch 288, ExpID 52582
Train - Loss: 21314326.70
Val - Loss, MSE, RMSE, MAE, MAPE: 24988622.00, 24988622.00, 4916.97, 3883.58, 4.97%
Test - Best epoch, Loss, MSE, RMSE, MAE, MAPE: 288, 85495568.00, 85495566.00, 9168.36, 6855.58, 8.31%
- Epoch 289, ExpID 52582
Train - Loss: 21466235.80
Val - Loss, MSE, RMSE, MAE, MAPE: 25073420.00, 25073419.50, 4925.34, 3890.09, 4.98%
Test - Best epoch, Loss, MSE, RMSE, MAE, MAPE: 288, 85495568.00, 85495566.00, 9168.36, 6855.58, 8.31%
- Epoch 290, ExpID 52582
Train - Loss: 21511207.30
Val - Loss, MSE, RMSE, MAE, MAPE: 24987782.00, 24987782.00, 4916.38, 3881.03, 4.96%
Test - Best epoch, Loss, MSE, RMSE, MAE, MAPE: 290, 85492904.00, 85492906.00, 9167.94, 6846.60, 8.30%
- Epoch 291, ExpID 52582
Train - Loss: 21525993.10
Val - Loss, MSE, RMSE, MAE, MAPE: 24944890.00, 24944890.00, 4911.00, 3878.38, 4.96%
Test - Best epoch, Loss, MSE, RMSE, MAE, MAPE: 291, 85776496.00, 85776492.00, 9181.77, 6856.88, 8.31%
- Epoch 292, ExpID 52582
Train - Loss: 21564092.70
Val - Loss, MSE, RMSE, MAE, MAPE: 25044528.00, 25044528.00, 4921.45, 3885.17, 4.96%
Test - Best epoch, Loss, MSE, RMSE, MAE, MAPE: 291, 85776496.00, 85776492.00, 9181.77, 6856.88, 8.31%
- Epoch 293, ExpID 52582
Train - Loss: 21374308.50
Val - Loss, MSE, RMSE, MAE, MAPE: 25140068.00, 25140067.50, 4929.58, 3892.54, 4.98%
Test - Best epoch, Loss, MSE, RMSE, MAE, MAPE: 291, 85776496.00, 85776492.00, 9181.77, 6856.88, 8.31%
- Epoch 294, ExpID 52582
Train - Loss: 21431657.50
Val - Loss, MSE, RMSE, MAE, MAPE: 24936498.00, 24936497.50, 4911.94, 3879.86, 4.96%
Test - Best epoch, Loss, MSE, RMSE, MAE, MAPE: 294, 85754704.00, 85754700.00, 9180.90, 6857.75, 8.31%
- Epoch 295, ExpID 52582
Train - Loss: 21388983.90
Val - Loss, MSE, RMSE, MAE, MAPE: 25128736.00, 25128736.00, 4928.22, 3891.57, 4.97%
Test - Best epoch, Loss, MSE, RMSE, MAE, MAPE: 294, 85754704.00, 85754700.00, 9180.90, 6857.75, 8.31%
- Epoch 296, ExpID 52582
Train - Loss: 21527768.60
Val - Loss, MSE, RMSE, MAE, MAPE: 24893184.00, 24893184.50, 4906.21, 3875.62, 4.96%
Test - Best epoch, Loss, MSE, RMSE, MAE, MAPE: 296, 85517984.00, 85517988.00, 9170.09, 6841.71, 8.30%
- Epoch 297, ExpID 52582
Train - Loss: 21297145.20
Val - Loss, MSE, RMSE, MAE, MAPE: 24848810.00, 24848810.50, 4902.84, 3868.44, 4.94%
Test - Best epoch, Loss, MSE, RMSE, MAE, MAPE: 297, 85510224.00, 85510226.00, 9168.21, 6838.80, 8.28%
- Epoch 298, ExpID 52582
Train - Loss: 21373110.70
Val - Loss, MSE, RMSE, MAE, MAPE: 24978972.00, 24978972.50, 4914.44, 3881.01, 4.96%
Test - Best epoch, Loss, MSE, RMSE, MAE, MAPE: 297, 85510224.00, 85510226.00, 9168.21, 6838.80, 8.28%
- Epoch 299, ExpID 52582
Train - Loss: 21369134.20
Val - Loss, MSE, RMSE, MAE, MAPE: 24768130.00, 24768129.50, 4897.12, 3866.93, 4.95%
Test - Best epoch, Loss, MSE, RMSE, MAE, MAPE: 299, 85916384.00, 85916384.00, 9188.43, 6852.82, 8.31%
- Epoch 300, ExpID 52582
Train - Loss: 21177694.30
Val - Loss, MSE, RMSE, MAE, MAPE: 24781748.00, 24781748.50, 4897.01, 3866.29, 4.94%
Test - Best epoch, Loss, MSE, RMSE, MAE, MAPE: 299, 85916384.00, 85916384.00, 9188.43, 6852.82, 8.31%
- Epoch 301, ExpID 52582
Train - Loss: 21384148.50
Val - Loss, MSE, RMSE, MAE, MAPE: 24732262.00, 24732262.00, 4892.25, 3864.27, 4.94%
Test - Best epoch, Loss, MSE, RMSE, MAE, MAPE: 301, 85706360.00, 85706358.00, 9177.67, 6843.41, 8.30%
- Epoch 302, ExpID 52582
Train - Loss: 21350939.10
Val - Loss, MSE, RMSE, MAE, MAPE: 24744700.00, 24744701.00, 4892.60, 3863.85, 4.94%
Test - Best epoch, Loss, MSE, RMSE, MAE, MAPE: 301, 85706360.00, 85706358.00, 9177.67, 6843.41, 8.30%
- Epoch 303, ExpID 52582
Train - Loss: 21377035.50
Val - Loss, MSE, RMSE, MAE, MAPE: 24792430.00, 24792430.50, 4896.69, 3867.18, 4.95%
Test - Best epoch, Loss, MSE, RMSE, MAE, MAPE: 301, 85706360.00, 85706358.00, 9177.67, 6843.41, 8.30%
- Epoch 304, ExpID 52582
Train - Loss: 21330901.80
Val - Loss, MSE, RMSE, MAE, MAPE: 24778980.00, 24778980.50, 4894.43, 3866.23, 4.95%
Test - Best epoch, Loss, MSE, RMSE, MAE, MAPE: 301, 85706360.00, 85706358.00, 9177.67, 6843.41, 8.30%
- Epoch 305, ExpID 52582
Train - Loss: 21302994.00
Val - Loss, MSE, RMSE, MAE, MAPE: 24705480.00, 24705479.00, 4889.67, 3862.87, 4.95%
Test - Best epoch, Loss, MSE, RMSE, MAE, MAPE: 305, 85546752.00, 85546752.00, 9170.21, 6834.44, 8.29%
- Epoch 306, ExpID 52582
Train - Loss: 21307856.80
Val - Loss, MSE, RMSE, MAE, MAPE: 24840348.00, 24840348.50, 4901.05, 3870.06, 4.95%
Test - Best epoch, Loss, MSE, RMSE, MAE, MAPE: 305, 85546752.00, 85546752.00, 9170.21, 6834.44, 8.29%
- Epoch 307, ExpID 52582
Train - Loss: 21208727.50
Val - Loss, MSE, RMSE, MAE, MAPE: 24776716.00, 24776715.50, 4896.17, 3867.37, 4.95%
Test - Best epoch, Loss, MSE, RMSE, MAE, MAPE: 305, 85546752.00, 85546752.00, 9170.21, 6834.44, 8.29%
- Epoch 308, ExpID 52582
Train - Loss: 21310869.70
Val - Loss, MSE, RMSE, MAE, MAPE: 24690676.00, 24690675.00, 4887.15, 3859.11, 4.94%
Test - Best epoch, Loss, MSE, RMSE, MAE, MAPE: 308, 85582560.00, 85582556.00, 9172.12, 6834.90, 8.28%
- Epoch 309, ExpID 52582
Train - Loss: 21183727.90
Val - Loss, MSE, RMSE, MAE, MAPE: 24833864.00, 24833864.00, 4899.75, 3869.95, 4.96%
Test - Best epoch, Loss, MSE, RMSE, MAE, MAPE: 308, 85582560.00, 85582556.00, 9172.12, 6834.90, 8.28%
- Epoch 310, ExpID 52582
Train - Loss: 21231562.40
Val - Loss, MSE, RMSE, MAE, MAPE: 24762444.00, 24762445.00, 4893.84, 3863.61, 4.94%
Test - Best epoch, Loss, MSE, RMSE, MAE, MAPE: 308, 85582560.00, 85582556.00, 9172.12, 6834.90, 8.28%
- Epoch 311, ExpID 52582
Train - Loss: 21167616.30
Val - Loss, MSE, RMSE, MAE, MAPE: 24658070.00, 24658069.50, 4883.90, 3857.16, 4.94%
Test - Best epoch, Loss, MSE, RMSE, MAE, MAPE: 311, 85485200.00, 85485204.00, 9167.75, 6826.91, 8.28%
- Epoch 312, ExpID 52582
Train - Loss: 21209794.90
Val - Loss, MSE, RMSE, MAE, MAPE: 24835332.00, 24835331.50, 4900.95, 3870.97, 4.95%
Test - Best epoch, Loss, MSE, RMSE, MAE, MAPE: 311, 85485200.00, 85485204.00, 9167.75, 6826.91, 8.28%
- Epoch 313, ExpID 52582
Train - Loss: 21257468.20
Val - Loss, MSE, RMSE, MAE, MAPE: 24643138.00, 24643138.00, 4883.77, 3857.22, 4.94%
Test - Best epoch, Loss, MSE, RMSE, MAE, MAPE: 313, 85186872.00, 85186872.00, 9152.26, 6811.28, 8.25%
- Epoch 314, ExpID 52582
Train - Loss: 21112647.90
Val - Loss, MSE, RMSE, MAE, MAPE: 24602324.00, 24602324.50, 4878.91, 3854.51, 4.94%
Test - Best epoch, Loss, MSE, RMSE, MAE, MAPE: 314, 85607128.00, 85607130.00, 9174.35, 6833.54, 8.29%
- Epoch 315, ExpID 52582
Train - Loss: 20991797.50
Val - Loss, MSE, RMSE, MAE, MAPE: 24738196.00, 24738197.00, 4891.42, 3861.38, 4.94%
Test - Best epoch, Loss, MSE, RMSE, MAE, MAPE: 314, 85607128.00, 85607130.00, 9174.35, 6833.54, 8.29%
- Epoch 316, ExpID 52582
Train - Loss: 21157199.00
Val - Loss, MSE, RMSE, MAE, MAPE: 24723494.00, 24723494.50, 4890.00, 3860.68, 4.94%
Test - Best epoch, Loss, MSE, RMSE, MAE, MAPE: 314, 85607128.00, 85607130.00, 9174.35, 6833.54, 8.29%
- Epoch 317, ExpID 52582
Train - Loss: 21046580.90
Val - Loss, MSE, RMSE, MAE, MAPE: 24522634.00, 24522633.50, 4870.07, 3846.17, 4.92%
Test - Best epoch, Loss, MSE, RMSE, MAE, MAPE: 317, 84824800.00, 84824802.00, 9134.32, 6790.86, 8.23%
- Epoch 318, ExpID 52582
Train - Loss: 20964471.60
Val - Loss, MSE, RMSE, MAE, MAPE: 24650724.00, 24650724.50, 4883.03, 3856.00, 4.93%
Test - Best epoch, Loss, MSE, RMSE, MAE, MAPE: 317, 84824800.00, 84824802.00, 9134.32, 6790.86, 8.23%
- Epoch 319, ExpID 52582
Train - Loss: 21117985.70
Val - Loss, MSE, RMSE, MAE, MAPE: 24695768.00, 24695768.50, 4886.03, 3861.04, 4.95%
Test - Best epoch, Loss, MSE, RMSE, MAE, MAPE: 317, 84824800.00, 84824802.00, 9134.32, 6790.86, 8.23%
- Epoch 320, ExpID 52582
Train - Loss: 20993428.60
Val - Loss, MSE, RMSE, MAE, MAPE: 24572180.00, 24572179.50, 4876.10, 3853.25, 4.94%
Test - Best epoch, Loss, MSE, RMSE, MAE, MAPE: 317, 84824800.00, 84824802.00, 9134.32, 6790.86, 8.23%
- Epoch 321, ExpID 52582
Train - Loss: 21155148.70
Val - Loss, MSE, RMSE, MAE, MAPE: 24667756.00, 24667755.50, 4884.77, 3858.46, 4.94%
Test - Best epoch, Loss, MSE, RMSE, MAE, MAPE: 317, 84824800.00, 84824802.00, 9134.32, 6790.86, 8.23%
- Epoch 322, ExpID 52582
Train - Loss: 20934239.10
Val - Loss, MSE, RMSE, MAE, MAPE: 24564646.00, 24564646.50, 4874.27, 3851.11, 4.93%
Test - Best epoch, Loss, MSE, RMSE, MAE, MAPE: 317, 84824800.00, 84824802.00, 9134.32, 6790.86, 8.23%
- Epoch 323, ExpID 52582
Train - Loss: 21095209.40
Val - Loss, MSE, RMSE, MAE, MAPE: 24638810.00, 24638810.00, 4882.72, 3856.87, 4.94%
Test - Best epoch, Loss, MSE, RMSE, MAE, MAPE: 317, 84824800.00, 84824802.00, 9134.32, 6790.86, 8.23%
- Epoch 324, ExpID 52582
Train - Loss: 20899725.10
Val - Loss, MSE, RMSE, MAE, MAPE: 24629012.00, 24629011.00, 4882.49, 3855.80, 4.93%
Test - Best epoch, Loss, MSE, RMSE, MAE, MAPE: 317, 84824800.00, 84824802.00, 9134.32, 6790.86, 8.23%
- Epoch 325, ExpID 52582
Train - Loss: 20968362.30
Val - Loss, MSE, RMSE, MAE, MAPE: 24586218.00, 24586217.50, 4877.47, 3853.42, 4.93%
Test - Best epoch, Loss, MSE, RMSE, MAE, MAPE: 317, 84824800.00, 84824802.00, 9134.32, 6790.86, 8.23%
- Epoch 326, ExpID 52582
Train - Loss: 20990376.60
Val - Loss, MSE, RMSE, MAE, MAPE: 24578464.00, 24578464.50, 4875.13, 3854.41, 4.94%
Test - Best epoch, Loss, MSE, RMSE, MAE, MAPE: 317, 84824800.00, 84824802.00, 9134.32, 6790.86, 8.23%
- Epoch 327, ExpID 52582
Train - Loss: 20889477.20
Val - Loss, MSE, RMSE, MAE, MAPE: 24621234.00, 24621234.00, 4879.61, 3853.34, 4.93%
Test - Best epoch, Loss, MSE, RMSE, MAE, MAPE: 317, 84824800.00, 84824802.00, 9134.32, 6790.86, 8.23%
Early Stopping at Epoch 327
Fold 2017 Best RMSE: 9134.3186

-------------------- [Fold: 2018] ExpID: 46029 --------------------
- Epoch 000, ExpID 46029
Train - Loss: 48669293.52
Val - Loss, MSE, RMSE, MAE, MAPE: 110050272.00, 110050268.00, 10489.67, 8285.30, 10.15%
Test - Best epoch, Loss, MSE, RMSE, MAE, MAPE: 0, 64737856.00, 64737858.00, 8012.17, 6378.84, 6.98%
- Epoch 001, ExpID 46029
Train - Loss: 45840611.81
Val - Loss, MSE, RMSE, MAE, MAPE: 105606080.00, 105606076.00, 10276.29, 8096.26, 9.93%
Test - Best epoch, Loss, MSE, RMSE, MAE, MAPE: 1, 59698128.00, 59698128.00, 7684.04, 6092.44, 6.67%
- Epoch 002, ExpID 46029
Train - Loss: 43771458.86
Val - Loss, MSE, RMSE, MAE, MAPE: 102157648.00, 102157644.00, 10107.30, 7941.87, 9.74%
Test - Best epoch, Loss, MSE, RMSE, MAE, MAPE: 2, 55714376.00, 55714374.00, 7412.88, 5858.46, 6.42%
- Epoch 003, ExpID 46029
Train - Loss: 42280120.38
Val - Loss, MSE, RMSE, MAE, MAPE: 99896448.00, 99896444.00, 9994.67, 7832.29, 9.61%
Test - Best epoch, Loss, MSE, RMSE, MAE, MAPE: 3, 52878832.00, 52878834.00, 7212.85, 5684.97, 6.23%
- Epoch 004, ExpID 46029
Train - Loss: 41077600.57
Val - Loss, MSE, RMSE, MAE, MAPE: 98391096.00, 98391096.00, 9918.55, 7757.08, 9.51%
Test - Best epoch, Loss, MSE, RMSE, MAE, MAPE: 4, 50810084.00, 50810084.00, 7063.07, 5554.82, 6.08%
- Epoch 005, ExpID 46029
Train - Loss: 40155495.81
Val - Loss, MSE, RMSE, MAE, MAPE: 97487120.00, 97487124.00, 9871.90, 7708.52, 9.45%
Test - Best epoch, Loss, MSE, RMSE, MAE, MAPE: 5, 49280736.00, 49280734.00, 6950.24, 5456.73, 5.97%
- Epoch 006, ExpID 46029
Train - Loss: 39513813.90
Val - Loss, MSE, RMSE, MAE, MAPE: 97041984.00, 97041980.00, 9847.94, 7684.61, 9.41%
Test - Best epoch, Loss, MSE, RMSE, MAE, MAPE: 6, 48181848.00, 48181846.00, 6868.28, 5384.93, 5.89%
- Epoch 007, ExpID 46029
Train - Loss: 38805649.71
Val - Loss, MSE, RMSE, MAE, MAPE: 97026968.00, 97026968.00, 9845.21, 7683.34, 9.41%
Test - Best epoch, Loss, MSE, RMSE, MAE, MAPE: 7, 47398340.00, 47398340.00, 6809.85, 5331.91, 5.83%
- Epoch 008, ExpID 46029
Train - Loss: 38273027.62
Val - Loss, MSE, RMSE, MAE, MAPE: 97139424.00, 97139420.00, 9848.65, 7688.92, 9.41%
Test - Best epoch, Loss, MSE, RMSE, MAE, MAPE: 7, 47398340.00, 47398340.00, 6809.85, 5331.91, 5.83%
- Epoch 009, ExpID 46029
Train - Loss: 37787646.29
Val - Loss, MSE, RMSE, MAE, MAPE: 97440000.00, 97440000.00, 9861.14, 7707.72, 9.43%
Test - Best epoch, Loss, MSE, RMSE, MAE, MAPE: 7, 47398340.00, 47398340.00, 6809.85, 5331.91, 5.83%
- Epoch 010, ExpID 46029
Train - Loss: 37385438.76
Val - Loss, MSE, RMSE, MAE, MAPE: 98031568.00, 98031564.00, 9887.81, 7737.13, 9.46%
Test - Best epoch, Loss, MSE, RMSE, MAE, MAPE: 7, 47398340.00, 47398340.00, 6809.85, 5331.91, 5.83%
- Epoch 011, ExpID 46029
Train - Loss: 37021441.43
Val - Loss, MSE, RMSE, MAE, MAPE: 98649552.00, 98649556.00, 9915.31, 7767.68, 9.49%
Test - Best epoch, Loss, MSE, RMSE, MAE, MAPE: 7, 47398340.00, 47398340.00, 6809.85, 5331.91, 5.83%
- Epoch 012, ExpID 46029
Train - Loss: 36671061.90
Val - Loss, MSE, RMSE, MAE, MAPE: 99441664.00, 99441660.00, 9950.92, 7808.16, 9.54%
Test - Best epoch, Loss, MSE, RMSE, MAE, MAPE: 7, 47398340.00, 47398340.00, 6809.85, 5331.91, 5.83%
- Epoch 013, ExpID 46029
Train - Loss: 36442048.86
Val - Loss, MSE, RMSE, MAE, MAPE: 100374288.00, 100374288.00, 9992.76, 7861.03, 9.59%
Test - Best epoch, Loss, MSE, RMSE, MAE, MAPE: 7, 47398340.00, 47398340.00, 6809.85, 5331.91, 5.83%
- Epoch 014, ExpID 46029
Train - Loss: 36125929.90
Val - Loss, MSE, RMSE, MAE, MAPE: 101265760.00, 101265756.00, 10032.46, 7907.10, 9.65%
Test - Best epoch, Loss, MSE, RMSE, MAE, MAPE: 7, 47398340.00, 47398340.00, 6809.85, 5331.91, 5.83%
- Epoch 015, ExpID 46029
Train - Loss: 35864744.95
Val - Loss, MSE, RMSE, MAE, MAPE: 102536792.00, 102536792.00, 10089.21, 7972.55, 9.72%
Test - Best epoch, Loss, MSE, RMSE, MAE, MAPE: 7, 47398340.00, 47398340.00, 6809.85, 5331.91, 5.83%
- Epoch 016, ExpID 46029
Train - Loss: 35658956.67
Val - Loss, MSE, RMSE, MAE, MAPE: 103867248.00, 103867244.00, 10147.78, 8042.50, 9.80%
Test - Best epoch, Loss, MSE, RMSE, MAE, MAPE: 7, 47398340.00, 47398340.00, 6809.85, 5331.91, 5.83%
- Epoch 017, ExpID 46029
Train - Loss: 35342155.90
Val - Loss, MSE, RMSE, MAE, MAPE: 105260880.00, 105260880.00, 10208.29, 8117.73, 9.88%
Test - Best epoch, Loss, MSE, RMSE, MAE, MAPE: 7, 47398340.00, 47398340.00, 6809.85, 5331.91, 5.83%
Early Stopping at Epoch 17
Fold 2018 Best RMSE: 6809.8516

-------------------- [Fold: 2019] ExpID: 48617 --------------------
- Epoch 000, ExpID 48617
Train - Loss: 52785920.00
Val - Loss, MSE, RMSE, MAE, MAPE: 64744304.00, 64744304.00, 8016.45, 6348.38, 6.94%
Test - Best epoch, Loss, MSE, RMSE, MAE, MAPE: 0, 72596624.00, 72596626.00, 8371.44, 6626.20, 7.05%
- Epoch 001, ExpID 48617
Train - Loss: 49763433.39
Val - Loss, MSE, RMSE, MAE, MAPE: 59030236.00, 59030236.00, 7641.98, 6015.91, 6.59%
Test - Best epoch, Loss, MSE, RMSE, MAE, MAPE: 1, 67329176.00, 67329178.00, 8043.35, 6352.69, 6.76%
- Epoch 002, ExpID 48617
Train - Loss: 47489118.61
Val - Loss, MSE, RMSE, MAE, MAPE: 54828784.00, 54828782.00, 7352.11, 5759.64, 6.31%
Test - Best epoch, Loss, MSE, RMSE, MAE, MAPE: 2, 63290584.00, 63290584.00, 7779.29, 6129.74, 6.53%
- Epoch 003, ExpID 48617
Train - Loss: 45858627.30
Val - Loss, MSE, RMSE, MAE, MAPE: 51924576.00, 51924578.00, 7143.59, 5577.88, 6.11%
Test - Best epoch, Loss, MSE, RMSE, MAE, MAPE: 3, 60365040.00, 60365038.00, 7581.70, 5963.10, 6.35%
- Epoch 004, ExpID 48617
Train - Loss: 44639107.65
Val - Loss, MSE, RMSE, MAE, MAPE: 49877528.00, 49877526.00, 6993.00, 5446.16, 5.96%
Test - Best epoch, Loss, MSE, RMSE, MAE, MAPE: 4, 58174360.00, 58174362.00, 7432.93, 5833.51, 6.21%
- Epoch 005, ExpID 48617
Train - Loss: 43948706.26
Val - Loss, MSE, RMSE, MAE, MAPE: 48431728.00, 48431726.00, 6883.90, 5352.06, 5.86%
Test - Best epoch, Loss, MSE, RMSE, MAE, MAPE: 5, 56613468.00, 56613469.00, 7322.48, 5734.49, 6.10%
- Epoch 006, ExpID 48617
Train - Loss: 43143415.65
Val - Loss, MSE, RMSE, MAE, MAPE: 47331128.00, 47331126.00, 6800.63, 5278.93, 5.78%
Test - Best epoch, Loss, MSE, RMSE, MAE, MAPE: 6, 55317976.00, 55317977.00, 7232.85, 5652.29, 6.01%
- Epoch 007, ExpID 48617
Train - Loss: 42579281.39
Val - Loss, MSE, RMSE, MAE, MAPE: 46524528.00, 46524530.00, 6740.14, 5227.57, 5.72%
Test - Best epoch, Loss, MSE, RMSE, MAE, MAPE: 7, 54252680.00, 54252678.00, 7160.91, 5587.62, 5.94%
- Epoch 008, ExpID 48617
Train - Loss: 42073467.83
Val - Loss, MSE, RMSE, MAE, MAPE: 45974636.00, 45974637.00, 6697.49, 5188.22, 5.68%
Test - Best epoch, Loss, MSE, RMSE, MAE, MAPE: 8, 53600804.00, 53600805.00, 7112.88, 5541.45, 5.90%
- Epoch 009, ExpID 48617
Train - Loss: 41388230.09
Val - Loss, MSE, RMSE, MAE, MAPE: 45397488.00, 45397487.00, 6654.28, 5150.00, 5.64%
Test - Best epoch, Loss, MSE, RMSE, MAE, MAPE: 9, 52806824.00, 52806826.00, 7056.92, 5489.31, 5.84%
- Epoch 010, ExpID 48617
Train - Loss: 40896982.78
Val - Loss, MSE, RMSE, MAE, MAPE: 44945072.00, 44945074.00, 6621.63, 5121.73, 5.61%
Test - Best epoch, Loss, MSE, RMSE, MAE, MAPE: 10, 52120496.00, 52120495.00, 7009.27, 5446.80, 5.79%
- Epoch 011, ExpID 48617
Train - Loss: 40575670.78
Val - Loss, MSE, RMSE, MAE, MAPE: 44531608.00, 44531608.00, 6591.77, 5094.09, 5.58%
Test - Best epoch, Loss, MSE, RMSE, MAE, MAPE: 11, 51541916.00, 51541917.00, 6968.14, 5408.52, 5.75%
- Epoch 012, ExpID 48617
Train - Loss: 40419377.91
Val - Loss, MSE, RMSE, MAE, MAPE: 44061448.00, 44061447.00, 6558.06, 5061.28, 5.54%
Test - Best epoch, Loss, MSE, RMSE, MAE, MAPE: 12, 50864608.00, 50864609.00, 6918.84, 5363.25, 5.70%
- Epoch 013, ExpID 48617
Train - Loss: 39588360.52
Val - Loss, MSE, RMSE, MAE, MAPE: 43741844.00, 43741843.00, 6535.90, 5041.92, 5.52%
Test - Best epoch, Loss, MSE, RMSE, MAE, MAPE: 13, 50465960.00, 50465961.00, 6888.62, 5336.81, 5.67%
- Epoch 014, ExpID 48617
Train - Loss: 39350819.65
Val - Loss, MSE, RMSE, MAE, MAPE: 43448428.00, 43448429.00, 6516.14, 5025.13, 5.50%
Test - Best epoch, Loss, MSE, RMSE, MAE, MAPE: 14, 50095104.00, 50095102.00, 6860.76, 5310.57, 5.65%
- Epoch 015, ExpID 48617
Train - Loss: 39122617.22
Val - Loss, MSE, RMSE, MAE, MAPE: 43197704.00, 43197706.00, 6499.26, 5010.62, 5.49%
Test - Best epoch, Loss, MSE, RMSE, MAE, MAPE: 15, 49785568.00, 49785569.00, 6835.16, 5286.62, 5.62%
- Epoch 016, ExpID 48617
Train - Loss: 38958383.65
Val - Loss, MSE, RMSE, MAE, MAPE: 42961132.00, 42961131.00, 6484.35, 4999.11, 5.47%
Test - Best epoch, Loss, MSE, RMSE, MAE, MAPE: 16, 49431800.00, 49431801.00, 6808.59, 5263.56, 5.60%
- Epoch 017, ExpID 48617
Train - Loss: 38364578.09
Val - Loss, MSE, RMSE, MAE, MAPE: 42754464.00, 42754466.00, 6471.01, 4985.28, 5.46%
Test - Best epoch, Loss, MSE, RMSE, MAE, MAPE: 17, 49138868.00, 49138867.00, 6787.22, 5243.06, 5.58%
- Epoch 018, ExpID 48617
Train - Loss: 38354175.13
Val - Loss, MSE, RMSE, MAE, MAPE: 42591144.00, 42591144.00, 6460.84, 4979.25, 5.45%
Test - Best epoch, Loss, MSE, RMSE, MAE, MAPE: 18, 48972884.00, 48972884.00, 6772.58, 5231.03, 5.56%
- Epoch 019, ExpID 48617
Train - Loss: 38050402.96
Val - Loss, MSE, RMSE, MAE, MAPE: 42469060.00, 42469060.00, 6452.90, 4971.57, 5.45%
Test - Best epoch, Loss, MSE, RMSE, MAE, MAPE: 19, 48796812.00, 48796812.00, 6756.69, 5215.82, 5.55%
- Epoch 020, ExpID 48617
Train - Loss: 37840715.13
Val - Loss, MSE, RMSE, MAE, MAPE: 42169476.00, 42169477.00, 6433.55, 4955.93, 5.42%
Test - Best epoch, Loss, MSE, RMSE, MAE, MAPE: 20, 48466872.00, 48466871.00, 6739.06, 5201.00, 5.53%
- Epoch 021, ExpID 48617
Train - Loss: 37770371.65
Val - Loss, MSE, RMSE, MAE, MAPE: 42102932.00, 42102933.00, 6428.76, 4954.23, 5.42%
Test - Best epoch, Loss, MSE, RMSE, MAE, MAPE: 21, 48355376.00, 48355376.00, 6727.92, 5191.15, 5.52%
- Epoch 022, ExpID 48617
Train - Loss: 37474755.13
Val - Loss, MSE, RMSE, MAE, MAPE: 42045012.00, 42045013.00, 6424.76, 4949.73, 5.42%
Test - Best epoch, Loss, MSE, RMSE, MAE, MAPE: 22, 48301136.00, 48301136.00, 6721.83, 5185.55, 5.51%
- Epoch 023, ExpID 48617
Train - Loss: 37184875.57
Val - Loss, MSE, RMSE, MAE, MAPE: 41840360.00, 41840358.00, 6410.51, 4933.75, 5.40%
Test - Best epoch, Loss, MSE, RMSE, MAE, MAPE: 23, 48075964.00, 48075964.00, 6708.15, 5171.68, 5.50%
- Epoch 024, ExpID 48617
Train - Loss: 37148971.91
Val - Loss, MSE, RMSE, MAE, MAPE: 41746764.00, 41746764.00, 6404.25, 4929.25, 5.40%
Test - Best epoch, Loss, MSE, RMSE, MAE, MAPE: 24, 47940980.00, 47940981.00, 6698.52, 5164.10, 5.49%
- Epoch 025, ExpID 48617
Train - Loss: 36961277.04
Val - Loss, MSE, RMSE, MAE, MAPE: 41512056.00, 41512058.00, 6388.49, 4913.58, 5.37%
Test - Best epoch, Loss, MSE, RMSE, MAE, MAPE: 25, 47711612.00, 47711612.00, 6690.32, 5156.57, 5.48%
- Epoch 026, ExpID 48617
Train - Loss: 36766178.17
Val - Loss, MSE, RMSE, MAE, MAPE: 41461736.00, 41461735.00, 6384.90, 4909.97, 5.37%
Test - Best epoch, Loss, MSE, RMSE, MAE, MAPE: 26, 47575228.00, 47575227.00, 6678.31, 5145.25, 5.46%
- Epoch 027, ExpID 48617
Train - Loss: 36498416.17
Val - Loss, MSE, RMSE, MAE, MAPE: 41380032.00, 41380032.00, 6379.23, 4905.06, 5.37%
Test - Best epoch, Loss, MSE, RMSE, MAE, MAPE: 27, 47503216.00, 47503215.00, 6676.47, 5141.92, 5.46%
- Epoch 028, ExpID 48617
Train - Loss: 36502257.65
Val - Loss, MSE, RMSE, MAE, MAPE: 41241020.00, 41241019.00, 6370.13, 4895.16, 5.35%
Test - Best epoch, Loss, MSE, RMSE, MAE, MAPE: 28, 47397784.00, 47397782.00, 6675.31, 5139.21, 5.45%
- Epoch 029, ExpID 48617
Train - Loss: 36311528.52
Val - Loss, MSE, RMSE, MAE, MAPE: 41085424.00, 41085425.00, 6356.91, 4883.84, 5.34%
Test - Best epoch, Loss, MSE, RMSE, MAE, MAPE: 29, 47349716.00, 47349716.00, 6668.72, 5131.54, 5.45%
- Epoch 030, ExpID 48617
Train - Loss: 36149564.87
Val - Loss, MSE, RMSE, MAE, MAPE: 40986988.00, 40986989.00, 6350.89, 4877.03, 5.33%
Test - Best epoch, Loss, MSE, RMSE, MAE, MAPE: 30, 47130740.00, 47130739.00, 6659.46, 5122.97, 5.44%
- Epoch 031, ExpID 48617
Train - Loss: 35842427.39
Val - Loss, MSE, RMSE, MAE, MAPE: 40935248.00, 40935246.00, 6347.32, 4876.02, 5.33%
Test - Best epoch, Loss, MSE, RMSE, MAE, MAPE: 31, 47037844.00, 47037843.00, 6653.95, 5118.34, 5.43%
- Epoch 032, ExpID 48617
Train - Loss: 35907022.87
Val - Loss, MSE, RMSE, MAE, MAPE: 40859804.00, 40859805.00, 6343.01, 4873.83, 5.33%
Test - Best epoch, Loss, MSE, RMSE, MAE, MAPE: 32, 47056616.00, 47056614.00, 6661.69, 5125.62, 5.44%
- Epoch 033, ExpID 48617
Train - Loss: 35571518.35
Val - Loss, MSE, RMSE, MAE, MAPE: 40722128.00, 40722129.00, 6333.38, 4862.72, 5.31%
Test - Best epoch, Loss, MSE, RMSE, MAE, MAPE: 33, 46927048.00, 46927048.00, 6657.23, 5118.14, 5.43%
- Epoch 034, ExpID 48617
Train - Loss: 35379908.78
Val - Loss, MSE, RMSE, MAE, MAPE: 40685132.00, 40685133.00, 6334.59, 4869.82, 5.32%
Test - Best epoch, Loss, MSE, RMSE, MAE, MAPE: 34, 47064016.00, 47064015.00, 6680.69, 5137.93, 5.44%
- Epoch 035, ExpID 48617
Train - Loss: 35431436.35
Val - Loss, MSE, RMSE, MAE, MAPE: 40459392.00, 40459390.00, 6313.68, 4846.17, 5.29%
Test - Best epoch, Loss, MSE, RMSE, MAE, MAPE: 35, 46709560.00, 46709558.00, 6647.44, 5108.43, 5.42%
- Epoch 036, ExpID 48617
Train - Loss: 35324954.96
Val - Loss, MSE, RMSE, MAE, MAPE: 40400384.00, 40400382.00, 6310.40, 4844.97, 5.29%
Test - Best epoch, Loss, MSE, RMSE, MAE, MAPE: 36, 46749300.00, 46749299.00, 6654.01, 5113.39, 5.42%
- Epoch 037, ExpID 48617
Train - Loss: 34949263.74
Val - Loss, MSE, RMSE, MAE, MAPE: 40430868.00, 40430867.00, 6317.25, 4856.07, 5.30%
Test - Best epoch, Loss, MSE, RMSE, MAE, MAPE: 36, 46749300.00, 46749299.00, 6654.01, 5113.39, 5.42%
- Epoch 038, ExpID 48617
Train - Loss: 34877622.78
Val - Loss, MSE, RMSE, MAE, MAPE: 40467800.00, 40467800.00, 6321.97, 4863.26, 5.31%
Test - Best epoch, Loss, MSE, RMSE, MAE, MAPE: 36, 46749300.00, 46749299.00, 6654.01, 5113.39, 5.42%
- Epoch 039, ExpID 48617
Train - Loss: 34792623.48
Val - Loss, MSE, RMSE, MAE, MAPE: 40435212.00, 40435211.00, 6321.22, 4862.89, 5.30%
Test - Best epoch, Loss, MSE, RMSE, MAE, MAPE: 36, 46749300.00, 46749299.00, 6654.01, 5113.39, 5.42%
- Epoch 040, ExpID 48617
Train - Loss: 34585121.83
Val - Loss, MSE, RMSE, MAE, MAPE: 40458296.00, 40458295.00, 6324.95, 4866.47, 5.31%
Test - Best epoch, Loss, MSE, RMSE, MAE, MAPE: 36, 46749300.00, 46749299.00, 6654.01, 5113.39, 5.42%
- Epoch 041, ExpID 48617
Train - Loss: 34361405.91
Val - Loss, MSE, RMSE, MAE, MAPE: 40593996.00, 40593995.00, 6340.83, 4890.10, 5.33%
Test - Best epoch, Loss, MSE, RMSE, MAE, MAPE: 36, 46749300.00, 46749299.00, 6654.01, 5113.39, 5.42%
- Epoch 042, ExpID 48617
Train - Loss: 34404697.04
Val - Loss, MSE, RMSE, MAE, MAPE: 40720504.00, 40720504.00, 6353.46, 4903.70, 5.34%
Test - Best epoch, Loss, MSE, RMSE, MAE, MAPE: 36, 46749300.00, 46749299.00, 6654.01, 5113.39, 5.42%
- Epoch 043, ExpID 48617
Train - Loss: 34110694.70
Val - Loss, MSE, RMSE, MAE, MAPE: 40731976.00, 40731974.00, 6354.44, 4906.27, 5.34%
Test - Best epoch, Loss, MSE, RMSE, MAE, MAPE: 36, 46749300.00, 46749299.00, 6654.01, 5113.39, 5.42%
- Epoch 044, ExpID 48617
Train - Loss: 34018914.96
Val - Loss, MSE, RMSE, MAE, MAPE: 40795416.00, 40795416.00, 6363.01, 4920.57, 5.36%
Test - Best epoch, Loss, MSE, RMSE, MAE, MAPE: 36, 46749300.00, 46749299.00, 6654.01, 5113.39, 5.42%
- Epoch 045, ExpID 48617
Train - Loss: 34002300.87
Val - Loss, MSE, RMSE, MAE, MAPE: 41001816.00, 41001814.00, 6383.21, 4946.15, 5.38%
Test - Best epoch, Loss, MSE, RMSE, MAE, MAPE: 36, 46749300.00, 46749299.00, 6654.01, 5113.39, 5.42%
- Epoch 046, ExpID 48617
Train - Loss: 33698294.43
Val - Loss, MSE, RMSE, MAE, MAPE: 41098624.00, 41098624.00, 6391.98, 4959.80, 5.40%
Test - Best epoch, Loss, MSE, RMSE, MAE, MAPE: 36, 46749300.00, 46749299.00, 6654.01, 5113.39, 5.42%
Early Stopping at Epoch 46
Fold 2019 Best RMSE: 6654.0134
