DETAILED LOG | Model: lstm | Seed: 2
FULL CONFIG: {'gpu': '6', 'target': 'arrival', 'cv_start_year': 2017, 'cv_end_year': 2019, 'test_year': 2024, 'use_corona': False, 'seq_len': 91, 'label_len': 0, 'pred_len': 7, 'batch_size': 64, 'epochs': 1000, 'patience': 10, 'lr': 0.0001, 'model': 'lstm', 'd_model': 64, 'n_heads': 4, 'n_layers': 1, 'dropout': 0.1, 'activation': 'gelu', 'patch_len': 16, 'factor': 5, 'norm_mode': 'revin', 'use_dbloss': False, 'device': device(type='cuda'), 'stride': 16, 'file_path': 'dataset/airport_daily_flight_merged.csv', 'seed': 2, 'val_year': 2019, 'ndims': 1}

-------------------- [Fold: 2017] ExpID: 8824 --------------------
- Epoch 000, ExpID 8824
Train - Loss: 42606819.57
Val - Loss, MSE, RMSE, MAE, MAPE: 78784168.00, 78784158.67, 8756.40, 7276.33, 9.26%
Test - Best epoch, Loss, MSE, RMSE, MAE, MAPE: 0, 99091968.00, 99091961.33, 9828.53, 8181.85, 9.61%
- Epoch 001, ExpID 8824
Train - Loss: 40972447.22
Val - Loss, MSE, RMSE, MAE, MAPE: 74763056.00, 74763050.67, 8548.90, 7063.61, 9.01%
Test - Best epoch, Loss, MSE, RMSE, MAE, MAPE: 1, 94084032.00, 94084037.33, 9578.19, 7971.22, 9.38%
- Epoch 002, ExpID 8824
Train - Loss: 37348562.73
Val - Loss, MSE, RMSE, MAE, MAPE: 64415728.00, 64415731.33, 7976.08, 6528.91, 8.39%
Test - Best epoch, Loss, MSE, RMSE, MAE, MAPE: 2, 83639248.00, 83639248.00, 8999.04, 7404.33, 8.76%
- Epoch 003, ExpID 8824
Train - Loss: 33834892.71
Val - Loss, MSE, RMSE, MAE, MAPE: 61217072.00, 61217072.67, 7788.29, 6387.54, 8.17%
Test - Best epoch, Loss, MSE, RMSE, MAE, MAPE: 3, 79506560.00, 79506553.33, 8753.84, 7139.72, 8.40%
- Epoch 004, ExpID 8824
Train - Loss: 32530685.01
Val - Loss, MSE, RMSE, MAE, MAPE: 59624872.00, 59624869.33, 7691.27, 6302.75, 8.06%
Test - Best epoch, Loss, MSE, RMSE, MAE, MAPE: 4, 77703152.00, 77703148.67, 8636.77, 7011.13, 8.24%
- Epoch 005, ExpID 8824
Train - Loss: 31662166.43
Val - Loss, MSE, RMSE, MAE, MAPE: 58907816.00, 58907816.67, 7644.76, 6255.88, 7.99%
Test - Best epoch, Loss, MSE, RMSE, MAE, MAPE: 5, 76325608.00, 76325604.00, 8550.47, 6922.12, 8.13%
- Epoch 006, ExpID 8824
Train - Loss: 31124999.34
Val - Loss, MSE, RMSE, MAE, MAPE: 58416936.00, 58416936.00, 7610.98, 6214.67, 7.93%
Test - Best epoch, Loss, MSE, RMSE, MAE, MAPE: 6, 75054064.00, 75054060.67, 8468.08, 6830.53, 8.01%
- Epoch 007, ExpID 8824
Train - Loss: 30574228.08
Val - Loss, MSE, RMSE, MAE, MAPE: 58174360.00, 58174358.67, 7589.68, 6183.94, 7.92%
Test - Best epoch, Loss, MSE, RMSE, MAE, MAPE: 7, 73452216.00, 73452218.67, 8364.42, 6746.62, 7.95%
- Epoch 008, ExpID 8824
Train - Loss: 30145418.51
Val - Loss, MSE, RMSE, MAE, MAPE: 58135372.00, 58135373.33, 7584.14, 6168.96, 7.86%
Test - Best epoch, Loss, MSE, RMSE, MAE, MAPE: 8, 73307136.00, 73307134.00, 8359.86, 6703.96, 7.85%
- Epoch 009, ExpID 8824
Train - Loss: 29816385.57
Val - Loss, MSE, RMSE, MAE, MAPE: 57481168.00, 57481167.33, 7535.87, 6113.08, 7.82%
Test - Best epoch, Loss, MSE, RMSE, MAE, MAPE: 9, 71438304.00, 71438301.33, 8230.34, 6589.48, 7.75%
- Epoch 010, ExpID 8824
Train - Loss: 29205307.90
Val - Loss, MSE, RMSE, MAE, MAPE: 57156448.00, 57156442.67, 7507.49, 6070.91, 7.77%
Test - Best epoch, Loss, MSE, RMSE, MAE, MAPE: 10, 69988272.00, 69988273.33, 8132.82, 6493.71, 7.63%
- Epoch 011, ExpID 8824
Train - Loss: 28614182.66
Val - Loss, MSE, RMSE, MAE, MAPE: 56631000.00, 56631000.00, 7467.24, 6032.07, 7.73%
Test - Best epoch, Loss, MSE, RMSE, MAE, MAPE: 11, 69805392.00, 69805386.00, 8118.44, 6469.92, 7.61%
- Epoch 012, ExpID 8824
Train - Loss: 28129694.99
Val - Loss, MSE, RMSE, MAE, MAPE: 56887660.00, 56887658.00, 7479.83, 6047.45, 7.73%
Test - Best epoch, Loss, MSE, RMSE, MAE, MAPE: 11, 69805392.00, 69805386.00, 8118.44, 6469.92, 7.61%
- Epoch 013, ExpID 8824
Train - Loss: 27683955.47
Val - Loss, MSE, RMSE, MAE, MAPE: 56037360.00, 56037356.67, 7414.80, 5979.98, 7.65%
Test - Best epoch, Loss, MSE, RMSE, MAE, MAPE: 13, 68123624.00, 68123623.33, 8001.59, 6330.13, 7.44%
- Epoch 014, ExpID 8824
Train - Loss: 27326770.00
Val - Loss, MSE, RMSE, MAE, MAPE: 55218496.00, 55218497.33, 7358.81, 5937.93, 7.60%
Test - Best epoch, Loss, MSE, RMSE, MAE, MAPE: 14, 67905824.00, 67905820.67, 7987.68, 6317.84, 7.43%
- Epoch 015, ExpID 8824
Train - Loss: 26807886.35
Val - Loss, MSE, RMSE, MAE, MAPE: 54437356.00, 54437351.33, 7300.07, 5877.00, 7.50%
Test - Best epoch, Loss, MSE, RMSE, MAE, MAPE: 15, 67289944.00, 67289944.00, 7946.29, 6259.49, 7.33%
- Epoch 016, ExpID 8824
Train - Loss: 26350996.99
Val - Loss, MSE, RMSE, MAE, MAPE: 53578344.00, 53578338.00, 7222.40, 5759.77, 7.37%
Test - Best epoch, Loss, MSE, RMSE, MAE, MAPE: 16, 65620552.00, 65620551.33, 7819.52, 6124.81, 7.20%
- Epoch 017, ExpID 8824
Train - Loss: 25496955.22
Val - Loss, MSE, RMSE, MAE, MAPE: 52307208.00, 52307204.00, 7138.48, 5700.19, 7.26%
Test - Best epoch, Loss, MSE, RMSE, MAE, MAPE: 17, 64228792.00, 64228792.67, 7739.27, 6038.30, 7.06%
- Epoch 018, ExpID 8824
Train - Loss: 24590832.04
Val - Loss, MSE, RMSE, MAE, MAPE: 50201984.00, 50201984.33, 6976.85, 5513.69, 7.05%
Test - Best epoch, Loss, MSE, RMSE, MAE, MAPE: 18, 62723644.00, 62723643.67, 7625.28, 5888.60, 6.91%
- Epoch 019, ExpID 8824
Train - Loss: 23783125.82
Val - Loss, MSE, RMSE, MAE, MAPE: 48022568.00, 48022569.00, 6823.57, 5377.92, 6.85%
Test - Best epoch, Loss, MSE, RMSE, MAE, MAPE: 19, 60663948.00, 60663944.33, 7498.84, 5760.04, 6.74%
- Epoch 020, ExpID 8824
Train - Loss: 22844679.29
Val - Loss, MSE, RMSE, MAE, MAPE: 46189388.00, 46189382.67, 6682.87, 5208.16, 6.61%
Test - Best epoch, Loss, MSE, RMSE, MAE, MAPE: 20, 59211808.00, 59211808.33, 7399.93, 5625.16, 6.55%
- Epoch 021, ExpID 8824
Train - Loss: 22103099.95
Val - Loss, MSE, RMSE, MAE, MAPE: 44404120.00, 44404116.67, 6541.17, 5065.65, 6.45%
Test - Best epoch, Loss, MSE, RMSE, MAE, MAPE: 21, 57903244.00, 57903245.00, 7299.82, 5505.81, 6.43%
- Epoch 022, ExpID 8824
Train - Loss: 21441463.48
Val - Loss, MSE, RMSE, MAE, MAPE: 43816792.00, 43816789.67, 6489.35, 5014.97, 6.38%
Test - Best epoch, Loss, MSE, RMSE, MAE, MAPE: 22, 55940364.00, 55940358.67, 7171.66, 5384.95, 6.28%
- Epoch 023, ExpID 8824
Train - Loss: 21002886.78
Val - Loss, MSE, RMSE, MAE, MAPE: 42749640.00, 42749638.00, 6405.14, 4891.65, 6.23%
Test - Best epoch, Loss, MSE, RMSE, MAE, MAPE: 23, 55946200.00, 55946194.67, 7149.88, 5315.30, 6.20%
- Epoch 024, ExpID 8824
Train - Loss: 20643761.90
Val - Loss, MSE, RMSE, MAE, MAPE: 42604664.00, 42604665.33, 6397.74, 4873.13, 6.17%
Test - Best epoch, Loss, MSE, RMSE, MAE, MAPE: 24, 54513916.00, 54513914.33, 7069.48, 5260.37, 6.10%
- Epoch 025, ExpID 8824
Train - Loss: 20378506.34
Val - Loss, MSE, RMSE, MAE, MAPE: 41620016.00, 41620015.33, 6325.93, 4848.17, 6.16%
Test - Best epoch, Loss, MSE, RMSE, MAE, MAPE: 25, 53621356.00, 53621351.67, 7021.28, 5207.08, 6.06%
- Epoch 026, ExpID 8824
Train - Loss: 20047812.87
Val - Loss, MSE, RMSE, MAE, MAPE: 40885244.00, 40885244.00, 6279.91, 4826.73, 6.12%
Test - Best epoch, Loss, MSE, RMSE, MAE, MAPE: 26, 53740912.00, 53740915.67, 7060.69, 5243.49, 6.09%
- Epoch 027, ExpID 8824
Train - Loss: 19901700.56
Val - Loss, MSE, RMSE, MAE, MAPE: 39801104.00, 39801104.33, 6181.28, 4691.69, 5.95%
Test - Best epoch, Loss, MSE, RMSE, MAE, MAPE: 27, 52137712.00, 52137713.00, 6915.20, 5112.66, 5.96%
- Epoch 028, ExpID 8824
Train - Loss: 19572536.82
Val - Loss, MSE, RMSE, MAE, MAPE: 40025640.00, 40025639.00, 6198.02, 4723.14, 5.97%
Test - Best epoch, Loss, MSE, RMSE, MAE, MAPE: 27, 52137712.00, 52137713.00, 6915.20, 5112.66, 5.96%
- Epoch 029, ExpID 8824
Train - Loss: 19233441.01
Val - Loss, MSE, RMSE, MAE, MAPE: 39263976.00, 39263971.33, 6142.20, 4665.51, 5.89%
Test - Best epoch, Loss, MSE, RMSE, MAE, MAPE: 29, 51121052.00, 51121049.67, 6860.51, 5083.43, 5.90%
- Epoch 030, ExpID 8824
Train - Loss: 19101733.13
Val - Loss, MSE, RMSE, MAE, MAPE: 39033280.00, 39033277.33, 6123.01, 4664.32, 5.88%
Test - Best epoch, Loss, MSE, RMSE, MAE, MAPE: 30, 50610896.00, 50610896.67, 6833.68, 5067.74, 5.89%
- Epoch 031, ExpID 8824
Train - Loss: 18877718.11
Val - Loss, MSE, RMSE, MAE, MAPE: 38245136.00, 38245134.33, 6061.41, 4618.23, 5.84%
Test - Best epoch, Loss, MSE, RMSE, MAE, MAPE: 31, 50474204.00, 50474204.33, 6827.06, 5077.88, 5.91%
- Epoch 032, ExpID 8824
Train - Loss: 18658700.73
Val - Loss, MSE, RMSE, MAE, MAPE: 38041200.00, 38041202.33, 6050.38, 4587.43, 5.80%
Test - Best epoch, Loss, MSE, RMSE, MAE, MAPE: 32, 50308060.00, 50308059.00, 6808.12, 5054.39, 5.89%
- Epoch 033, ExpID 8824
Train - Loss: 18552554.66
Val - Loss, MSE, RMSE, MAE, MAPE: 38107848.00, 38107848.67, 6053.40, 4552.98, 5.75%
Test - Best epoch, Loss, MSE, RMSE, MAE, MAPE: 32, 50308060.00, 50308059.00, 6808.12, 5054.39, 5.89%
- Epoch 034, ExpID 8824
Train - Loss: 18397271.29
Val - Loss, MSE, RMSE, MAE, MAPE: 37531848.00, 37531848.67, 6008.24, 4537.91, 5.72%
Test - Best epoch, Loss, MSE, RMSE, MAE, MAPE: 34, 49508524.00, 49508523.67, 6743.83, 5031.13, 5.83%
- Epoch 035, ExpID 8824
Train - Loss: 18237389.77
Val - Loss, MSE, RMSE, MAE, MAPE: 36783144.00, 36783141.67, 5948.88, 4529.00, 5.72%
Test - Best epoch, Loss, MSE, RMSE, MAE, MAPE: 35, 48742704.00, 48742702.00, 6696.89, 4968.03, 5.78%
- Epoch 036, ExpID 8824
Train - Loss: 18173502.46
Val - Loss, MSE, RMSE, MAE, MAPE: 37045512.00, 37045512.67, 5977.12, 4523.56, 5.72%
Test - Best epoch, Loss, MSE, RMSE, MAE, MAPE: 35, 48742704.00, 48742702.00, 6696.89, 4968.03, 5.78%
- Epoch 037, ExpID 8824
Train - Loss: 18080414.23
Val - Loss, MSE, RMSE, MAE, MAPE: 36995248.00, 36995246.67, 5967.17, 4526.46, 5.70%
Test - Best epoch, Loss, MSE, RMSE, MAE, MAPE: 35, 48742704.00, 48742702.00, 6696.89, 4968.03, 5.78%
- Epoch 038, ExpID 8824
Train - Loss: 17924031.25
Val - Loss, MSE, RMSE, MAE, MAPE: 35896584.00, 35896584.67, 5887.11, 4419.50, 5.57%
Test - Best epoch, Loss, MSE, RMSE, MAE, MAPE: 38, 48176988.00, 48176984.00, 6640.20, 4921.59, 5.72%
- Epoch 039, ExpID 8824
Train - Loss: 17864826.54
Val - Loss, MSE, RMSE, MAE, MAPE: 36899536.00, 36899533.00, 5958.46, 4533.60, 5.71%
Test - Best epoch, Loss, MSE, RMSE, MAE, MAPE: 38, 48176988.00, 48176984.00, 6640.20, 4921.59, 5.72%
- Epoch 040, ExpID 8824
Train - Loss: 17874641.70
Val - Loss, MSE, RMSE, MAE, MAPE: 35888784.00, 35888780.00, 5887.97, 4403.93, 5.55%
Test - Best epoch, Loss, MSE, RMSE, MAE, MAPE: 40, 48433816.00, 48433816.33, 6661.65, 4909.64, 5.70%
- Epoch 041, ExpID 8824
Train - Loss: 17685388.33
Val - Loss, MSE, RMSE, MAE, MAPE: 36058352.00, 36058352.33, 5897.92, 4440.48, 5.60%
Test - Best epoch, Loss, MSE, RMSE, MAE, MAPE: 40, 48433816.00, 48433816.33, 6661.65, 4909.64, 5.70%
- Epoch 042, ExpID 8824
Train - Loss: 17617173.57
Val - Loss, MSE, RMSE, MAE, MAPE: 35920848.00, 35920844.00, 5891.70, 4411.13, 5.57%
Test - Best epoch, Loss, MSE, RMSE, MAE, MAPE: 40, 48433816.00, 48433816.33, 6661.65, 4909.64, 5.70%
- Epoch 043, ExpID 8824
Train - Loss: 17513976.44
Val - Loss, MSE, RMSE, MAE, MAPE: 36038276.00, 36038276.33, 5893.29, 4446.00, 5.60%
Test - Best epoch, Loss, MSE, RMSE, MAE, MAPE: 40, 48433816.00, 48433816.33, 6661.65, 4909.64, 5.70%
- Epoch 044, ExpID 8824
Train - Loss: 17425933.78
Val - Loss, MSE, RMSE, MAE, MAPE: 34839208.00, 34839206.00, 5802.10, 4335.29, 5.47%
Test - Best epoch, Loss, MSE, RMSE, MAE, MAPE: 44, 47330400.00, 47330397.67, 6573.26, 4856.49, 5.65%
- Epoch 045, ExpID 8824
Train - Loss: 17357549.80
Val - Loss, MSE, RMSE, MAE, MAPE: 34948216.00, 34948212.00, 5809.92, 4338.17, 5.46%
Test - Best epoch, Loss, MSE, RMSE, MAE, MAPE: 44, 47330400.00, 47330397.67, 6573.26, 4856.49, 5.65%
- Epoch 046, ExpID 8824
Train - Loss: 17313987.33
Val - Loss, MSE, RMSE, MAE, MAPE: 34859120.00, 34859116.33, 5799.88, 4348.57, 5.48%
Test - Best epoch, Loss, MSE, RMSE, MAE, MAPE: 44, 47330400.00, 47330397.67, 6573.26, 4856.49, 5.65%
- Epoch 047, ExpID 8824
Train - Loss: 17250334.39
Val - Loss, MSE, RMSE, MAE, MAPE: 34378068.00, 34378070.00, 5763.09, 4304.07, 5.45%
Test - Best epoch, Loss, MSE, RMSE, MAE, MAPE: 47, 46916416.00, 46916418.00, 6532.91, 4831.73, 5.64%
- Epoch 048, ExpID 8824
Train - Loss: 17211482.19
Val - Loss, MSE, RMSE, MAE, MAPE: 34246216.00, 34246215.67, 5754.70, 4285.52, 5.40%
Test - Best epoch, Loss, MSE, RMSE, MAE, MAPE: 48, 46892812.00, 46892810.33, 6534.55, 4842.61, 5.62%
- Epoch 049, ExpID 8824
Train - Loss: 17035526.72
Val - Loss, MSE, RMSE, MAE, MAPE: 33990352.00, 33990351.67, 5728.26, 4273.18, 5.38%
Test - Best epoch, Loss, MSE, RMSE, MAE, MAPE: 49, 46976216.00, 46976211.67, 6547.06, 4839.85, 5.61%
- Epoch 050, ExpID 8824
Train - Loss: 17007605.13
Val - Loss, MSE, RMSE, MAE, MAPE: 33765436.00, 33765432.00, 5711.90, 4229.53, 5.35%
Test - Best epoch, Loss, MSE, RMSE, MAE, MAPE: 50, 46686072.00, 46686068.00, 6508.76, 4810.08, 5.61%
- Epoch 051, ExpID 8824
Train - Loss: 16846042.81
Val - Loss, MSE, RMSE, MAE, MAPE: 34871908.00, 34871907.00, 5801.17, 4325.30, 5.44%
Test - Best epoch, Loss, MSE, RMSE, MAE, MAPE: 50, 46686072.00, 46686068.00, 6508.76, 4810.08, 5.61%
- Epoch 052, ExpID 8824
Train - Loss: 17003601.94
Val - Loss, MSE, RMSE, MAE, MAPE: 34831044.00, 34831040.33, 5798.47, 4316.72, 5.44%
Test - Best epoch, Loss, MSE, RMSE, MAE, MAPE: 50, 46686072.00, 46686068.00, 6508.76, 4810.08, 5.61%
- Epoch 053, ExpID 8824
Train - Loss: 16795652.06
Val - Loss, MSE, RMSE, MAE, MAPE: 34126908.00, 34126907.00, 5734.90, 4277.06, 5.38%
Test - Best epoch, Loss, MSE, RMSE, MAE, MAPE: 50, 46686072.00, 46686068.00, 6508.76, 4810.08, 5.61%
- Epoch 054, ExpID 8824
Train - Loss: 16726189.76
Val - Loss, MSE, RMSE, MAE, MAPE: 33374224.00, 33374225.00, 5673.57, 4193.79, 5.30%
Test - Best epoch, Loss, MSE, RMSE, MAE, MAPE: 54, 45968864.00, 45968866.00, 6427.84, 4768.78, 5.55%
- Epoch 055, ExpID 8824
Train - Loss: 16648943.84
Val - Loss, MSE, RMSE, MAE, MAPE: 33552414.00, 33552414.00, 5690.53, 4203.47, 5.30%
Test - Best epoch, Loss, MSE, RMSE, MAE, MAPE: 54, 45968864.00, 45968866.00, 6427.84, 4768.78, 5.55%
- Epoch 056, ExpID 8824
Train - Loss: 16658285.09
Val - Loss, MSE, RMSE, MAE, MAPE: 33428502.00, 33428503.00, 5681.83, 4236.86, 5.35%
Test - Best epoch, Loss, MSE, RMSE, MAE, MAPE: 54, 45968864.00, 45968866.00, 6427.84, 4768.78, 5.55%
- Epoch 057, ExpID 8824
Train - Loss: 16568593.00
Val - Loss, MSE, RMSE, MAE, MAPE: 32549932.00, 32549933.33, 5607.42, 4143.81, 5.22%
Test - Best epoch, Loss, MSE, RMSE, MAE, MAPE: 57, 45873504.00, 45873503.33, 6448.77, 4771.55, 5.55%
- Epoch 058, ExpID 8824
Train - Loss: 16437040.95
Val - Loss, MSE, RMSE, MAE, MAPE: 33477012.00, 33477012.67, 5689.72, 4201.97, 5.30%
Test - Best epoch, Loss, MSE, RMSE, MAE, MAPE: 57, 45873504.00, 45873503.33, 6448.77, 4771.55, 5.55%
- Epoch 059, ExpID 8824
Train - Loss: 16456656.30
Val - Loss, MSE, RMSE, MAE, MAPE: 32804934.00, 32804933.00, 5630.88, 4180.28, 5.28%
Test - Best epoch, Loss, MSE, RMSE, MAE, MAPE: 57, 45873504.00, 45873503.33, 6448.77, 4771.55, 5.55%
- Epoch 060, ExpID 8824
Train - Loss: 16342276.63
Val - Loss, MSE, RMSE, MAE, MAPE: 32269232.00, 32269232.67, 5581.12, 4119.06, 5.20%
Test - Best epoch, Loss, MSE, RMSE, MAE, MAPE: 60, 45612396.00, 45612395.17, 6423.96, 4768.71, 5.56%
- Epoch 061, ExpID 8824
Train - Loss: 16171100.44
Val - Loss, MSE, RMSE, MAE, MAPE: 32009380.00, 32009377.33, 5557.37, 4105.15, 5.19%
Test - Best epoch, Loss, MSE, RMSE, MAE, MAPE: 61, 45373344.00, 45373343.00, 6386.52, 4732.76, 5.52%
- Epoch 062, ExpID 8824
Train - Loss: 16271141.13
Val - Loss, MSE, RMSE, MAE, MAPE: 32417152.00, 32417151.33, 5588.95, 4130.35, 5.21%
Test - Best epoch, Loss, MSE, RMSE, MAE, MAPE: 61, 45373344.00, 45373343.00, 6386.52, 4732.76, 5.52%
- Epoch 063, ExpID 8824
Train - Loss: 16054776.29
Val - Loss, MSE, RMSE, MAE, MAPE: 32161254.00, 32161256.00, 5571.32, 4105.34, 5.19%
Test - Best epoch, Loss, MSE, RMSE, MAE, MAPE: 61, 45373344.00, 45373343.00, 6386.52, 4732.76, 5.52%
- Epoch 064, ExpID 8824
Train - Loss: 16035238.19
Val - Loss, MSE, RMSE, MAE, MAPE: 31752356.00, 31752355.33, 5533.35, 4066.22, 5.12%
Test - Best epoch, Loss, MSE, RMSE, MAE, MAPE: 64, 45653536.00, 45653536.00, 6432.54, 4778.32, 5.55%
- Epoch 065, ExpID 8824
Train - Loss: 15981343.82
Val - Loss, MSE, RMSE, MAE, MAPE: 32005488.00, 32005486.67, 5553.46, 4082.21, 5.15%
Test - Best epoch, Loss, MSE, RMSE, MAE, MAPE: 64, 45653536.00, 45653536.00, 6432.54, 4778.32, 5.55%
- Epoch 066, ExpID 8824
Train - Loss: 15937656.72
Val - Loss, MSE, RMSE, MAE, MAPE: 31362184.00, 31362183.67, 5499.08, 4050.66, 5.12%
Test - Best epoch, Loss, MSE, RMSE, MAE, MAPE: 66, 44924396.00, 44924390.83, 6365.86, 4727.31, 5.52%
- Epoch 067, ExpID 8824
Train - Loss: 16283257.01
Val - Loss, MSE, RMSE, MAE, MAPE: 32291670.00, 32291673.00, 5585.66, 4130.56, 5.22%
Test - Best epoch, Loss, MSE, RMSE, MAE, MAPE: 66, 44924396.00, 44924390.83, 6365.86, 4727.31, 5.52%
- Epoch 068, ExpID 8824
Train - Loss: 15931615.76
Val - Loss, MSE, RMSE, MAE, MAPE: 32293768.00, 32293766.67, 5581.63, 4108.47, 5.18%
Test - Best epoch, Loss, MSE, RMSE, MAE, MAPE: 66, 44924396.00, 44924390.83, 6365.86, 4727.31, 5.52%
- Epoch 069, ExpID 8824
Train - Loss: 16114332.56
Val - Loss, MSE, RMSE, MAE, MAPE: 31485024.00, 31485023.33, 5509.08, 4055.69, 5.11%
Test - Best epoch, Loss, MSE, RMSE, MAE, MAPE: 66, 44924396.00, 44924390.83, 6365.86, 4727.31, 5.52%
- Epoch 070, ExpID 8824
Train - Loss: 15798775.30
Val - Loss, MSE, RMSE, MAE, MAPE: 31830844.00, 31830845.33, 5534.53, 4072.29, 5.13%
Test - Best epoch, Loss, MSE, RMSE, MAE, MAPE: 66, 44924396.00, 44924390.83, 6365.86, 4727.31, 5.52%
- Epoch 071, ExpID 8824
Train - Loss: 15724786.90
Val - Loss, MSE, RMSE, MAE, MAPE: 32067988.00, 32067986.00, 5551.64, 4100.52, 5.17%
Test - Best epoch, Loss, MSE, RMSE, MAE, MAPE: 66, 44924396.00, 44924390.83, 6365.86, 4727.31, 5.52%
- Epoch 072, ExpID 8824
Train - Loss: 15950201.95
Val - Loss, MSE, RMSE, MAE, MAPE: 33691104.00, 33691104.33, 5687.13, 4234.70, 5.35%
Test - Best epoch, Loss, MSE, RMSE, MAE, MAPE: 66, 44924396.00, 44924390.83, 6365.86, 4727.31, 5.52%
- Epoch 073, ExpID 8824
Train - Loss: 15828505.08
Val - Loss, MSE, RMSE, MAE, MAPE: 32396222.00, 32396219.67, 5595.22, 4128.58, 5.23%
Test - Best epoch, Loss, MSE, RMSE, MAE, MAPE: 66, 44924396.00, 44924390.83, 6365.86, 4727.31, 5.52%
- Epoch 074, ExpID 8824
Train - Loss: 15659870.37
Val - Loss, MSE, RMSE, MAE, MAPE: 31282406.00, 31282405.00, 5493.93, 4030.89, 5.09%
Test - Best epoch, Loss, MSE, RMSE, MAE, MAPE: 74, 45013736.00, 45013735.17, 6379.85, 4762.29, 5.55%
- Epoch 075, ExpID 8824
Train - Loss: 15691613.77
Val - Loss, MSE, RMSE, MAE, MAPE: 32339064.00, 32339064.00, 5584.85, 4110.63, 5.19%
Test - Best epoch, Loss, MSE, RMSE, MAE, MAPE: 74, 45013736.00, 45013735.17, 6379.85, 4762.29, 5.55%
- Epoch 076, ExpID 8824
Train - Loss: 15554846.04
Val - Loss, MSE, RMSE, MAE, MAPE: 31642752.00, 31642754.33, 5525.58, 4062.99, 5.14%
Test - Best epoch, Loss, MSE, RMSE, MAE, MAPE: 74, 45013736.00, 45013735.17, 6379.85, 4762.29, 5.55%
- Epoch 077, ExpID 8824
Train - Loss: 15617986.96
Val - Loss, MSE, RMSE, MAE, MAPE: 31549092.00, 31549094.00, 5509.78, 4053.62, 5.12%
Test - Best epoch, Loss, MSE, RMSE, MAE, MAPE: 74, 45013736.00, 45013735.17, 6379.85, 4762.29, 5.55%
- Epoch 078, ExpID 8824
Train - Loss: 15547326.73
Val - Loss, MSE, RMSE, MAE, MAPE: 31615804.00, 31615803.67, 5528.90, 4065.28, 5.14%
Test - Best epoch, Loss, MSE, RMSE, MAE, MAPE: 74, 45013736.00, 45013735.17, 6379.85, 4762.29, 5.55%
- Epoch 079, ExpID 8824
Train - Loss: 15544928.51
Val - Loss, MSE, RMSE, MAE, MAPE: 31669062.00, 31669064.33, 5530.82, 4072.66, 5.15%
Test - Best epoch, Loss, MSE, RMSE, MAE, MAPE: 74, 45013736.00, 45013735.17, 6379.85, 4762.29, 5.55%
- Epoch 080, ExpID 8824
Train - Loss: 15486181.73
Val - Loss, MSE, RMSE, MAE, MAPE: 33349110.00, 33349108.00, 5674.03, 4175.26, 5.27%
Test - Best epoch, Loss, MSE, RMSE, MAE, MAPE: 74, 45013736.00, 45013735.17, 6379.85, 4762.29, 5.55%
- Epoch 081, ExpID 8824
Train - Loss: 15488403.01
Val - Loss, MSE, RMSE, MAE, MAPE: 31088924.00, 31088925.00, 5472.72, 4002.03, 5.05%
Test - Best epoch, Loss, MSE, RMSE, MAE, MAPE: 81, 45321216.00, 45321214.33, 6421.75, 4784.32, 5.57%
- Epoch 082, ExpID 8824
Train - Loss: 15340601.10
Val - Loss, MSE, RMSE, MAE, MAPE: 32999592.00, 32999592.00, 5637.51, 4130.00, 5.20%
Test - Best epoch, Loss, MSE, RMSE, MAE, MAPE: 81, 45321216.00, 45321214.33, 6421.75, 4784.32, 5.57%
- Epoch 083, ExpID 8824
Train - Loss: 15416325.61
Val - Loss, MSE, RMSE, MAE, MAPE: 32717248.00, 32717248.00, 5605.29, 4093.07, 5.15%
Test - Best epoch, Loss, MSE, RMSE, MAE, MAPE: 81, 45321216.00, 45321214.33, 6421.75, 4784.32, 5.57%
- Epoch 084, ExpID 8824
Train - Loss: 15303022.72
Val - Loss, MSE, RMSE, MAE, MAPE: 31076796.00, 31076795.00, 5476.73, 4025.92, 5.09%
Test - Best epoch, Loss, MSE, RMSE, MAE, MAPE: 84, 46116664.00, 46116661.33, 6488.06, 4860.94, 5.67%
- Epoch 085, ExpID 8824
Train - Loss: 15272829.75
Val - Loss, MSE, RMSE, MAE, MAPE: 31049212.00, 31049211.67, 5467.54, 3998.38, 5.06%
Test - Best epoch, Loss, MSE, RMSE, MAE, MAPE: 85, 44877692.00, 44877691.83, 6371.51, 4745.28, 5.54%
- Epoch 086, ExpID 8824
Train - Loss: 15288045.86
Val - Loss, MSE, RMSE, MAE, MAPE: 30878664.00, 30878663.67, 5458.50, 4006.57, 5.07%
Test - Best epoch, Loss, MSE, RMSE, MAE, MAPE: 86, 45196896.00, 45196891.83, 6393.87, 4778.48, 5.59%
- Epoch 087, ExpID 8824
Train - Loss: 15145521.28
Val - Loss, MSE, RMSE, MAE, MAPE: 31389326.00, 31389325.67, 5503.32, 4019.78, 5.07%
Test - Best epoch, Loss, MSE, RMSE, MAE, MAPE: 86, 45196896.00, 45196891.83, 6393.87, 4778.48, 5.59%
- Epoch 088, ExpID 8824
Train - Loss: 15188111.46
Val - Loss, MSE, RMSE, MAE, MAPE: 31498640.00, 31498640.67, 5511.92, 4023.30, 5.08%
Test - Best epoch, Loss, MSE, RMSE, MAE, MAPE: 86, 45196896.00, 45196891.83, 6393.87, 4778.48, 5.59%
- Epoch 089, ExpID 8824
Train - Loss: 15147386.11
Val - Loss, MSE, RMSE, MAE, MAPE: 31791200.00, 31791199.67, 5541.47, 4043.48, 5.10%
Test - Best epoch, Loss, MSE, RMSE, MAE, MAPE: 86, 45196896.00, 45196891.83, 6393.87, 4778.48, 5.59%
- Epoch 090, ExpID 8824
Train - Loss: 15022778.46
Val - Loss, MSE, RMSE, MAE, MAPE: 32082848.00, 32082846.00, 5571.68, 4099.22, 5.19%
Test - Best epoch, Loss, MSE, RMSE, MAE, MAPE: 86, 45196896.00, 45196891.83, 6393.87, 4778.48, 5.59%
- Epoch 091, ExpID 8824
Train - Loss: 14987601.89
Val - Loss, MSE, RMSE, MAE, MAPE: 32129536.00, 32129534.00, 5561.06, 4047.14, 5.09%
Test - Best epoch, Loss, MSE, RMSE, MAE, MAPE: 86, 45196896.00, 45196891.83, 6393.87, 4778.48, 5.59%
- Epoch 092, ExpID 8824
Train - Loss: 15003488.70
Val - Loss, MSE, RMSE, MAE, MAPE: 31923006.00, 31923005.67, 5559.37, 4066.04, 5.13%
Test - Best epoch, Loss, MSE, RMSE, MAE, MAPE: 86, 45196896.00, 45196891.83, 6393.87, 4778.48, 5.59%
- Epoch 093, ExpID 8824
Train - Loss: 15002996.38
Val - Loss, MSE, RMSE, MAE, MAPE: 31036502.00, 31036501.33, 5477.26, 4005.92, 5.07%
Test - Best epoch, Loss, MSE, RMSE, MAE, MAPE: 86, 45196896.00, 45196891.83, 6393.87, 4778.48, 5.59%
- Epoch 094, ExpID 8824
Train - Loss: 15015993.49
Val - Loss, MSE, RMSE, MAE, MAPE: 30645988.00, 30645990.00, 5444.40, 3973.94, 5.01%
Test - Best epoch, Loss, MSE, RMSE, MAE, MAPE: 94, 45894176.00, 45894176.17, 6455.52, 4835.67, 5.63%
- Epoch 095, ExpID 8824
Train - Loss: 14890567.89
Val - Loss, MSE, RMSE, MAE, MAPE: 30378356.00, 30378357.00, 5419.55, 3953.83, 5.00%
Test - Best epoch, Loss, MSE, RMSE, MAE, MAPE: 95, 45402016.00, 45402019.33, 6438.86, 4827.71, 5.63%
- Epoch 096, ExpID 8824
Train - Loss: 14900536.90
Val - Loss, MSE, RMSE, MAE, MAPE: 30221806.00, 30221803.33, 5407.05, 3967.12, 5.03%
Test - Best epoch, Loss, MSE, RMSE, MAE, MAPE: 96, 45663516.00, 45663515.83, 6424.89, 4819.70, 5.63%
- Epoch 097, ExpID 8824
Train - Loss: 14917078.87
Val - Loss, MSE, RMSE, MAE, MAPE: 31844022.00, 31844022.00, 5526.44, 4020.53, 5.06%
Test - Best epoch, Loss, MSE, RMSE, MAE, MAPE: 96, 45663516.00, 45663515.83, 6424.89, 4819.70, 5.63%
- Epoch 098, ExpID 8824
Train - Loss: 14795431.01
Val - Loss, MSE, RMSE, MAE, MAPE: 30358400.00, 30358398.67, 5422.62, 3954.31, 5.00%
Test - Best epoch, Loss, MSE, RMSE, MAE, MAPE: 96, 45663516.00, 45663515.83, 6424.89, 4819.70, 5.63%
- Epoch 099, ExpID 8824
Train - Loss: 14776158.96
Val - Loss, MSE, RMSE, MAE, MAPE: 30939166.00, 30939163.67, 5477.36, 3996.74, 5.05%
Test - Best epoch, Loss, MSE, RMSE, MAE, MAPE: 96, 45663516.00, 45663515.83, 6424.89, 4819.70, 5.63%
- Epoch 100, ExpID 8824
Train - Loss: 14767157.10
Val - Loss, MSE, RMSE, MAE, MAPE: 30514760.00, 30514760.67, 5426.93, 3929.65, 4.95%
Test - Best epoch, Loss, MSE, RMSE, MAE, MAPE: 96, 45663516.00, 45663515.83, 6424.89, 4819.70, 5.63%
- Epoch 101, ExpID 8824
Train - Loss: 14706860.97
Val - Loss, MSE, RMSE, MAE, MAPE: 31202726.00, 31202722.33, 5496.14, 4014.89, 5.07%
Test - Best epoch, Loss, MSE, RMSE, MAE, MAPE: 96, 45663516.00, 45663515.83, 6424.89, 4819.70, 5.63%
- Epoch 102, ExpID 8824
Train - Loss: 14626299.24
Val - Loss, MSE, RMSE, MAE, MAPE: 30143062.00, 30143061.33, 5409.71, 3947.30, 5.00%
Test - Best epoch, Loss, MSE, RMSE, MAE, MAPE: 102, 45947064.00, 45947060.33, 6464.22, 4869.68, 5.70%
- Epoch 103, ExpID 8824
Train - Loss: 14632260.40
Val - Loss, MSE, RMSE, MAE, MAPE: 30689192.00, 30689192.67, 5439.66, 3945.58, 4.97%
Test - Best epoch, Loss, MSE, RMSE, MAE, MAPE: 102, 45947064.00, 45947060.33, 6464.22, 4869.68, 5.70%
- Epoch 104, ExpID 8824
Train - Loss: 14557429.92
Val - Loss, MSE, RMSE, MAE, MAPE: 30596678.00, 30596677.33, 5430.42, 3926.23, 4.94%
Test - Best epoch, Loss, MSE, RMSE, MAE, MAPE: 102, 45947064.00, 45947060.33, 6464.22, 4869.68, 5.70%
- Epoch 105, ExpID 8824
Train - Loss: 14618640.22
Val - Loss, MSE, RMSE, MAE, MAPE: 30886696.00, 30886696.33, 5480.07, 3995.60, 5.06%
Test - Best epoch, Loss, MSE, RMSE, MAE, MAPE: 102, 45947064.00, 45947060.33, 6464.22, 4869.68, 5.70%
- Epoch 106, ExpID 8824
Train - Loss: 14525031.12
Val - Loss, MSE, RMSE, MAE, MAPE: 30720828.00, 30720828.67, 5448.66, 3974.72, 5.02%
Test - Best epoch, Loss, MSE, RMSE, MAE, MAPE: 102, 45947064.00, 45947060.33, 6464.22, 4869.68, 5.70%
- Epoch 107, ExpID 8824
Train - Loss: 14513048.89
Val - Loss, MSE, RMSE, MAE, MAPE: 30190780.00, 30190778.00, 5413.61, 3924.76, 4.98%
Test - Best epoch, Loss, MSE, RMSE, MAE, MAPE: 102, 45947064.00, 45947060.33, 6464.22, 4869.68, 5.70%
- Epoch 108, ExpID 8824
Train - Loss: 14456233.54
Val - Loss, MSE, RMSE, MAE, MAPE: 29742692.00, 29742690.67, 5377.11, 3921.39, 4.97%
Test - Best epoch, Loss, MSE, RMSE, MAE, MAPE: 108, 46459848.00, 46459842.33, 6503.22, 4885.51, 5.71%
- Epoch 109, ExpID 8824
Train - Loss: 14417609.35
Val - Loss, MSE, RMSE, MAE, MAPE: 30913622.00, 30913620.67, 5486.77, 3997.12, 5.05%
Test - Best epoch, Loss, MSE, RMSE, MAE, MAPE: 108, 46459848.00, 46459842.33, 6503.22, 4885.51, 5.71%
- Epoch 110, ExpID 8824
Train - Loss: 14460252.66
Val - Loss, MSE, RMSE, MAE, MAPE: 30372752.00, 30372753.67, 5438.52, 3949.86, 5.01%
Test - Best epoch, Loss, MSE, RMSE, MAE, MAPE: 108, 46459848.00, 46459842.33, 6503.22, 4885.51, 5.71%
- Epoch 111, ExpID 8824
Train - Loss: 14323050.53
Val - Loss, MSE, RMSE, MAE, MAPE: 29894400.00, 29894399.67, 5393.92, 3920.47, 4.97%
Test - Best epoch, Loss, MSE, RMSE, MAE, MAPE: 108, 46459848.00, 46459842.33, 6503.22, 4885.51, 5.71%
- Epoch 112, ExpID 8824
Train - Loss: 14490107.65
Val - Loss, MSE, RMSE, MAE, MAPE: 30215046.00, 30215045.00, 5422.23, 3939.75, 4.99%
Test - Best epoch, Loss, MSE, RMSE, MAE, MAPE: 108, 46459848.00, 46459842.33, 6503.22, 4885.51, 5.71%
- Epoch 113, ExpID 8824
Train - Loss: 14268490.70
Val - Loss, MSE, RMSE, MAE, MAPE: 29287284.00, 29287284.67, 5328.23, 3862.91, 4.89%
Test - Best epoch, Loss, MSE, RMSE, MAE, MAPE: 113, 47392556.00, 47392553.83, 6543.06, 4937.22, 5.78%
- Epoch 114, ExpID 8824
Train - Loss: 14292528.39
Val - Loss, MSE, RMSE, MAE, MAPE: 31039652.00, 31039652.00, 5495.07, 4002.51, 5.05%
Test - Best epoch, Loss, MSE, RMSE, MAE, MAPE: 113, 47392556.00, 47392553.83, 6543.06, 4937.22, 5.78%
- Epoch 115, ExpID 8824
Train - Loss: 14207288.16
Val - Loss, MSE, RMSE, MAE, MAPE: 29666236.00, 29666234.33, 5365.74, 3890.06, 4.92%
Test - Best epoch, Loss, MSE, RMSE, MAE, MAPE: 113, 47392556.00, 47392553.83, 6543.06, 4937.22, 5.78%
- Epoch 116, ExpID 8824
Train - Loss: 14130555.66
Val - Loss, MSE, RMSE, MAE, MAPE: 31592696.00, 31592696.33, 5538.84, 4019.57, 5.07%
Test - Best epoch, Loss, MSE, RMSE, MAE, MAPE: 113, 47392556.00, 47392553.83, 6543.06, 4937.22, 5.78%
- Epoch 117, ExpID 8824
Train - Loss: 14179603.33
Val - Loss, MSE, RMSE, MAE, MAPE: 31836718.00, 31836718.00, 5568.05, 4043.43, 5.09%
Test - Best epoch, Loss, MSE, RMSE, MAE, MAPE: 113, 47392556.00, 47392553.83, 6543.06, 4937.22, 5.78%
- Epoch 118, ExpID 8824
Train - Loss: 14197341.28
Val - Loss, MSE, RMSE, MAE, MAPE: 30349622.00, 30349620.00, 5436.71, 3948.42, 4.99%
Test - Best epoch, Loss, MSE, RMSE, MAE, MAPE: 113, 47392556.00, 47392553.83, 6543.06, 4937.22, 5.78%
- Epoch 119, ExpID 8824
Train - Loss: 13971230.80
Val - Loss, MSE, RMSE, MAE, MAPE: 29439232.00, 29439232.67, 5354.12, 3887.34, 4.93%
Test - Best epoch, Loss, MSE, RMSE, MAE, MAPE: 113, 47392556.00, 47392553.83, 6543.06, 4937.22, 5.78%
- Epoch 120, ExpID 8824
Train - Loss: 14076186.32
Val - Loss, MSE, RMSE, MAE, MAPE: 29301296.00, 29301294.67, 5333.88, 3852.81, 4.87%
Test - Best epoch, Loss, MSE, RMSE, MAE, MAPE: 113, 47392556.00, 47392553.83, 6543.06, 4937.22, 5.78%
- Epoch 121, ExpID 8824
Train - Loss: 14044613.08
Val - Loss, MSE, RMSE, MAE, MAPE: 29148972.00, 29148974.33, 5334.00, 3899.92, 4.95%
Test - Best epoch, Loss, MSE, RMSE, MAE, MAPE: 121, 49175980.00, 49175980.00, 6681.55, 5065.79, 5.93%
- Epoch 122, ExpID 8824
Train - Loss: 14048722.24
Val - Loss, MSE, RMSE, MAE, MAPE: 29227822.00, 29227819.33, 5336.42, 3863.89, 4.89%
Test - Best epoch, Loss, MSE, RMSE, MAE, MAPE: 121, 49175980.00, 49175980.00, 6681.55, 5065.79, 5.93%
- Epoch 123, ExpID 8824
Train - Loss: 13880815.15
Val - Loss, MSE, RMSE, MAE, MAPE: 30537798.00, 30537798.33, 5453.30, 3961.77, 5.00%
Test - Best epoch, Loss, MSE, RMSE, MAE, MAPE: 121, 49175980.00, 49175980.00, 6681.55, 5065.79, 5.93%
- Epoch 124, ExpID 8824
Train - Loss: 13851957.86
Val - Loss, MSE, RMSE, MAE, MAPE: 29286780.00, 29286779.00, 5339.68, 3882.41, 4.91%
Test - Best epoch, Loss, MSE, RMSE, MAE, MAPE: 121, 49175980.00, 49175980.00, 6681.55, 5065.79, 5.93%
- Epoch 125, ExpID 8824
Train - Loss: 13869209.87
Val - Loss, MSE, RMSE, MAE, MAPE: 30236048.00, 30236047.00, 5425.95, 3944.51, 4.99%
Test - Best epoch, Loss, MSE, RMSE, MAE, MAPE: 121, 49175980.00, 49175980.00, 6681.55, 5065.79, 5.93%
- Epoch 126, ExpID 8824
Train - Loss: 13840840.11
Val - Loss, MSE, RMSE, MAE, MAPE: 28830656.00, 28830655.33, 5299.22, 3849.50, 4.87%
Test - Best epoch, Loss, MSE, RMSE, MAE, MAPE: 126, 48796256.00, 48796252.33, 6640.38, 5059.89, 5.92%
- Epoch 127, ExpID 8824
Train - Loss: 13792146.56
Val - Loss, MSE, RMSE, MAE, MAPE: 31206272.00, 31206272.67, 5509.64, 4029.04, 5.11%
Test - Best epoch, Loss, MSE, RMSE, MAE, MAPE: 126, 48796256.00, 48796252.33, 6640.38, 5059.89, 5.92%
- Epoch 128, ExpID 8824
Train - Loss: 13964319.25
Val - Loss, MSE, RMSE, MAE, MAPE: 31861784.00, 31861784.00, 5569.21, 4044.05, 5.09%
Test - Best epoch, Loss, MSE, RMSE, MAE, MAPE: 126, 48796256.00, 48796252.33, 6640.38, 5059.89, 5.92%
- Epoch 129, ExpID 8824
Train - Loss: 13859517.96
Val - Loss, MSE, RMSE, MAE, MAPE: 29252656.00, 29252655.33, 5336.21, 3868.89, 4.89%
Test - Best epoch, Loss, MSE, RMSE, MAE, MAPE: 126, 48796256.00, 48796252.33, 6640.38, 5059.89, 5.92%
- Epoch 130, ExpID 8824
Train - Loss: 13892449.76
Val - Loss, MSE, RMSE, MAE, MAPE: 29959718.00, 29959716.67, 5400.74, 3921.89, 4.96%
Test - Best epoch, Loss, MSE, RMSE, MAE, MAPE: 126, 48796256.00, 48796252.33, 6640.38, 5059.89, 5.92%
- Epoch 131, ExpID 8824
Train - Loss: 13691599.09
Val - Loss, MSE, RMSE, MAE, MAPE: 31620032.00, 31620031.33, 5547.47, 4040.18, 5.12%
Test - Best epoch, Loss, MSE, RMSE, MAE, MAPE: 126, 48796256.00, 48796252.33, 6640.38, 5059.89, 5.92%
- Epoch 132, ExpID 8824
Train - Loss: 13648676.41
Val - Loss, MSE, RMSE, MAE, MAPE: 29147096.00, 29147097.67, 5333.96, 3881.64, 4.92%
Test - Best epoch, Loss, MSE, RMSE, MAE, MAPE: 126, 48796256.00, 48796252.33, 6640.38, 5059.89, 5.92%
- Epoch 133, ExpID 8824
Train - Loss: 13575125.05
Val - Loss, MSE, RMSE, MAE, MAPE: 31237212.00, 31237211.67, 5512.96, 4031.35, 5.11%
Test - Best epoch, Loss, MSE, RMSE, MAE, MAPE: 126, 48796256.00, 48796252.33, 6640.38, 5059.89, 5.92%
- Epoch 134, ExpID 8824
Train - Loss: 13551415.26
Val - Loss, MSE, RMSE, MAE, MAPE: 29228324.00, 29228321.33, 5338.65, 3863.02, 4.90%
Test - Best epoch, Loss, MSE, RMSE, MAE, MAPE: 126, 48796256.00, 48796252.33, 6640.38, 5059.89, 5.92%
- Epoch 135, ExpID 8824
Train - Loss: 13703348.11
Val - Loss, MSE, RMSE, MAE, MAPE: 30070756.00, 30070753.67, 5411.91, 3918.39, 4.98%
Test - Best epoch, Loss, MSE, RMSE, MAE, MAPE: 126, 48796256.00, 48796252.33, 6640.38, 5059.89, 5.92%
- Epoch 136, ExpID 8824
Train - Loss: 13719701.63
Val - Loss, MSE, RMSE, MAE, MAPE: 31647432.00, 31647432.00, 5547.53, 4022.24, 5.09%
Test - Best epoch, Loss, MSE, RMSE, MAE, MAPE: 126, 48796256.00, 48796252.33, 6640.38, 5059.89, 5.92%
Early Stopping at Epoch 136
Fold 2017 Best RMSE: 6640.3795

-------------------- [Fold: 2018] ExpID: 93078 --------------------
- Epoch 000, ExpID 93078
Train - Loss: 45078399.62
Val - Loss, MSE, RMSE, MAE, MAPE: 98931968.00, 98931970.00, 9822.19, 8174.18, 9.60%
Test - Best epoch, Loss, MSE, RMSE, MAE, MAPE: 0, 74004600.00, 74004591.33, 8521.92, 7030.51, 7.60%
- Epoch 001, ExpID 93078
Train - Loss: 43319397.46
Val - Loss, MSE, RMSE, MAE, MAPE: 93413440.00, 93413448.00, 9547.00, 7934.19, 9.32%
Test - Best epoch, Loss, MSE, RMSE, MAE, MAPE: 1, 70260048.00, 70260048.67, 8316.11, 6850.62, 7.41%
- Epoch 002, ExpID 93078
Train - Loss: 38828351.91
Val - Loss, MSE, RMSE, MAE, MAPE: 82063600.00, 82063594.00, 8910.99, 7283.29, 8.58%
Test - Best epoch, Loss, MSE, RMSE, MAE, MAPE: 2, 63503752.00, 63503746.00, 7920.70, 6521.03, 7.08%
- Epoch 003, ExpID 93078
Train - Loss: 35738024.78
Val - Loss, MSE, RMSE, MAE, MAPE: 79391488.00, 79391480.67, 8753.11, 7128.92, 8.37%
Test - Best epoch, Loss, MSE, RMSE, MAE, MAPE: 3, 61099024.00, 61099029.33, 7772.24, 6408.96, 6.94%
- Epoch 004, ExpID 93078
Train - Loss: 34421221.79
Val - Loss, MSE, RMSE, MAE, MAPE: 78008768.00, 78008765.33, 8661.61, 7029.32, 8.25%
Test - Best epoch, Loss, MSE, RMSE, MAE, MAPE: 4, 59750300.00, 59750297.33, 7688.05, 6333.54, 6.86%
- Epoch 005, ExpID 93078
Train - Loss: 33675940.28
Val - Loss, MSE, RMSE, MAE, MAPE: 77060360.00, 77060354.67, 8599.03, 6969.11, 8.18%
Test - Best epoch, Loss, MSE, RMSE, MAE, MAPE: 5, 58675544.00, 58675546.00, 7621.04, 6263.57, 6.79%
- Epoch 006, ExpID 93078
Train - Loss: 33156037.65
Val - Loss, MSE, RMSE, MAE, MAPE: 76145664.00, 76145660.00, 8535.15, 6897.07, 8.11%
Test - Best epoch, Loss, MSE, RMSE, MAE, MAPE: 6, 57841872.00, 57841868.00, 7567.44, 6208.44, 6.73%
- Epoch 007, ExpID 93078
Train - Loss: 32569503.79
Val - Loss, MSE, RMSE, MAE, MAPE: 75460256.00, 75460256.00, 8481.17, 6813.54, 8.00%
Test - Best epoch, Loss, MSE, RMSE, MAE, MAPE: 7, 57323772.00, 57323769.33, 7533.19, 6176.22, 6.69%
- Epoch 008, ExpID 93078
Train - Loss: 32181115.72
Val - Loss, MSE, RMSE, MAE, MAPE: 74214704.00, 74214706.00, 8409.54, 6752.28, 7.92%
Test - Best epoch, Loss, MSE, RMSE, MAE, MAPE: 8, 56524704.00, 56524705.33, 7479.94, 6122.15, 6.62%
- Epoch 009, ExpID 93078
Train - Loss: 31797714.14
Val - Loss, MSE, RMSE, MAE, MAPE: 72840592.00, 72840584.00, 8324.20, 6683.49, 7.85%
Test - Best epoch, Loss, MSE, RMSE, MAE, MAPE: 9, 55708428.00, 55708422.00, 7423.53, 6059.05, 6.57%
- Epoch 010, ExpID 93078
Train - Loss: 31416745.55
Val - Loss, MSE, RMSE, MAE, MAPE: 71120160.00, 71120148.67, 8207.11, 6581.17, 7.76%
Test - Best epoch, Loss, MSE, RMSE, MAE, MAPE: 10, 54789500.00, 54789497.33, 7356.33, 5988.09, 6.51%
- Epoch 011, ExpID 93078
Train - Loss: 30639423.49
Val - Loss, MSE, RMSE, MAE, MAPE: 69484736.00, 69484728.67, 8095.07, 6440.56, 7.57%
Test - Best epoch, Loss, MSE, RMSE, MAE, MAPE: 11, 53672700.00, 53672698.67, 7275.56, 5922.87, 6.44%
- Epoch 012, ExpID 93078
Train - Loss: 30031512.40
Val - Loss, MSE, RMSE, MAE, MAPE: 68210472.00, 68210466.67, 8021.33, 6371.24, 7.47%
Test - Best epoch, Loss, MSE, RMSE, MAE, MAPE: 12, 52195264.00, 52195264.67, 7171.36, 5827.23, 6.32%
- Epoch 013, ExpID 93078
Train - Loss: 29287735.65
Val - Loss, MSE, RMSE, MAE, MAPE: 66286456.00, 66286454.00, 7895.51, 6253.56, 7.34%
Test - Best epoch, Loss, MSE, RMSE, MAE, MAPE: 13, 50270332.00, 50270331.33, 7025.98, 5676.86, 6.17%
- Epoch 014, ExpID 93078
Train - Loss: 28206607.74
Val - Loss, MSE, RMSE, MAE, MAPE: 63992712.00, 63992709.33, 7738.85, 6068.03, 7.12%
Test - Best epoch, Loss, MSE, RMSE, MAE, MAPE: 14, 47755448.00, 47755447.33, 6833.91, 5493.73, 5.97%
- Epoch 015, ExpID 93078
Train - Loss: 26661388.75
Val - Loss, MSE, RMSE, MAE, MAPE: 61290912.00, 61290910.67, 7562.77, 5884.75, 6.90%
Test - Best epoch, Loss, MSE, RMSE, MAE, MAPE: 15, 44947020.00, 44947017.67, 6613.95, 5275.59, 5.74%
- Epoch 016, ExpID 93078
Train - Loss: 25163050.38
Val - Loss, MSE, RMSE, MAE, MAPE: 58449036.00, 58449037.33, 7353.45, 5643.82, 6.63%
Test - Best epoch, Loss, MSE, RMSE, MAE, MAPE: 16, 43140892.00, 43140891.00, 6458.63, 5117.24, 5.59%
- Epoch 017, ExpID 93078
Train - Loss: 23893142.35
Val - Loss, MSE, RMSE, MAE, MAPE: 56766096.00, 56766094.33, 7244.74, 5523.67, 6.45%
Test - Best epoch, Loss, MSE, RMSE, MAE, MAPE: 17, 41002804.00, 41002802.67, 6290.17, 4945.63, 5.37%
- Epoch 018, ExpID 93078
Train - Loss: 23024999.89
Val - Loss, MSE, RMSE, MAE, MAPE: 56313632.00, 56313626.67, 7209.88, 5486.99, 6.39%
Test - Best epoch, Loss, MSE, RMSE, MAE, MAPE: 18, 40160524.00, 40160522.67, 6221.88, 4858.34, 5.26%
- Epoch 019, ExpID 93078
Train - Loss: 22671187.33
Val - Loss, MSE, RMSE, MAE, MAPE: 55440864.00, 55440862.33, 7166.76, 5444.51, 6.32%
Test - Best epoch, Loss, MSE, RMSE, MAE, MAPE: 19, 39302264.00, 39302262.00, 6158.09, 4779.57, 5.16%
- Epoch 020, ExpID 93078
Train - Loss: 22285318.89
Val - Loss, MSE, RMSE, MAE, MAPE: 54535376.00, 54535374.00, 7080.79, 5347.51, 6.23%
Test - Best epoch, Loss, MSE, RMSE, MAE, MAPE: 20, 38815672.00, 38815673.67, 6109.28, 4754.32, 5.16%
- Epoch 021, ExpID 93078
Train - Loss: 22283675.20
Val - Loss, MSE, RMSE, MAE, MAPE: 53512396.00, 53512390.67, 7040.14, 5331.02, 6.19%
Test - Best epoch, Loss, MSE, RMSE, MAE, MAPE: 21, 38114172.00, 38114172.67, 6063.19, 4705.95, 5.09%
- Epoch 022, ExpID 93078
Train - Loss: 21852065.46
Val - Loss, MSE, RMSE, MAE, MAPE: 53700176.00, 53700179.00, 7036.81, 5329.57, 6.18%
Test - Best epoch, Loss, MSE, RMSE, MAE, MAPE: 21, 38114172.00, 38114172.67, 6063.19, 4705.95, 5.09%
- Epoch 023, ExpID 93078
Train - Loss: 21738946.19
Val - Loss, MSE, RMSE, MAE, MAPE: 52186956.00, 52186953.00, 6929.81, 5214.30, 6.08%
Test - Best epoch, Loss, MSE, RMSE, MAE, MAPE: 23, 37476296.00, 37476294.00, 6006.73, 4670.81, 5.07%
- Epoch 024, ExpID 93078
Train - Loss: 21380425.44
Val - Loss, MSE, RMSE, MAE, MAPE: 51341900.00, 51341896.00, 6895.62, 5195.22, 6.05%
Test - Best epoch, Loss, MSE, RMSE, MAE, MAPE: 24, 37067692.00, 37067690.00, 5979.36, 4642.08, 5.03%
- Epoch 025, ExpID 93078
Train - Loss: 21108789.76
Val - Loss, MSE, RMSE, MAE, MAPE: 50425416.00, 50425416.33, 6813.93, 5112.25, 5.97%
Test - Best epoch, Loss, MSE, RMSE, MAE, MAPE: 25, 37050924.00, 37050923.33, 5972.65, 4661.41, 5.08%
- Epoch 026, ExpID 93078
Train - Loss: 20815112.41
Val - Loss, MSE, RMSE, MAE, MAPE: 50558712.00, 50558710.33, 6815.17, 5112.65, 5.95%
Test - Best epoch, Loss, MSE, RMSE, MAE, MAPE: 25, 37050924.00, 37050923.33, 5972.65, 4661.41, 5.08%
- Epoch 027, ExpID 93078
Train - Loss: 20730162.86
Val - Loss, MSE, RMSE, MAE, MAPE: 49926396.00, 49926395.00, 6766.35, 5080.95, 5.94%
Test - Best epoch, Loss, MSE, RMSE, MAE, MAPE: 27, 37000000.00, 36999998.33, 5967.67, 4658.09, 5.07%
- Epoch 028, ExpID 93078
Train - Loss: 20631745.20
Val - Loss, MSE, RMSE, MAE, MAPE: 50109580.00, 50109580.67, 6806.58, 5096.61, 5.92%
Test - Best epoch, Loss, MSE, RMSE, MAE, MAPE: 27, 37000000.00, 36999998.33, 5967.67, 4658.09, 5.07%
- Epoch 029, ExpID 93078
Train - Loss: 20501340.20
Val - Loss, MSE, RMSE, MAE, MAPE: 48912076.00, 48912071.67, 6711.15, 5029.35, 5.87%
Test - Best epoch, Loss, MSE, RMSE, MAE, MAPE: 29, 36396948.00, 36396946.33, 5918.50, 4610.70, 5.02%
- Epoch 030, ExpID 93078
Train - Loss: 20413284.71
Val - Loss, MSE, RMSE, MAE, MAPE: 49076280.00, 49076276.67, 6716.99, 5035.00, 5.87%
Test - Best epoch, Loss, MSE, RMSE, MAE, MAPE: 29, 36396948.00, 36396946.33, 5918.50, 4610.70, 5.02%
- Epoch 031, ExpID 93078
Train - Loss: 20353002.66
Val - Loss, MSE, RMSE, MAE, MAPE: 48583760.00, 48583760.67, 6682.45, 4988.70, 5.81%
Test - Best epoch, Loss, MSE, RMSE, MAE, MAPE: 31, 36180100.00, 36180098.00, 5907.08, 4590.47, 4.99%
- Epoch 032, ExpID 93078
Train - Loss: 20212897.84
Val - Loss, MSE, RMSE, MAE, MAPE: 48486408.00, 48486406.33, 6670.69, 4976.97, 5.79%
Test - Best epoch, Loss, MSE, RMSE, MAE, MAPE: 32, 36145236.00, 36145234.33, 5905.29, 4584.25, 4.98%
- Epoch 033, ExpID 93078
Train - Loss: 20367314.76
Val - Loss, MSE, RMSE, MAE, MAPE: 48777820.00, 48777817.67, 6729.63, 5045.44, 5.85%
Test - Best epoch, Loss, MSE, RMSE, MAE, MAPE: 32, 36145236.00, 36145234.33, 5905.29, 4584.25, 4.98%
- Epoch 034, ExpID 93078
Train - Loss: 20269971.49
Val - Loss, MSE, RMSE, MAE, MAPE: 48237432.00, 48237427.67, 6649.19, 4945.67, 5.79%
Test - Best epoch, Loss, MSE, RMSE, MAE, MAPE: 34, 36715544.00, 36715545.00, 5942.11, 4626.26, 5.05%
- Epoch 035, ExpID 93078
Train - Loss: 20434938.68
Val - Loss, MSE, RMSE, MAE, MAPE: 48057280.00, 48057281.67, 6653.85, 4958.43, 5.83%
Test - Best epoch, Loss, MSE, RMSE, MAE, MAPE: 35, 37245224.00, 37245221.33, 5979.65, 4689.48, 5.13%
- Epoch 036, ExpID 93078
Train - Loss: 20519369.07
Val - Loss, MSE, RMSE, MAE, MAPE: 47641468.00, 47641464.67, 6618.58, 4945.40, 5.75%
Test - Best epoch, Loss, MSE, RMSE, MAE, MAPE: 36, 35865472.00, 35865469.00, 5883.94, 4544.69, 4.92%
- Epoch 037, ExpID 93078
Train - Loss: 19812867.31
Val - Loss, MSE, RMSE, MAE, MAPE: 47189024.00, 47189023.67, 6587.80, 4923.66, 5.73%
Test - Best epoch, Loss, MSE, RMSE, MAE, MAPE: 37, 35874596.00, 35874595.67, 5882.63, 4549.42, 4.94%
- Epoch 038, ExpID 93078
Train - Loss: 19703300.27
Val - Loss, MSE, RMSE, MAE, MAPE: 47799788.00, 47799785.67, 6640.16, 4965.72, 5.75%
Test - Best epoch, Loss, MSE, RMSE, MAE, MAPE: 37, 35874596.00, 35874595.67, 5882.63, 4549.42, 4.94%
- Epoch 039, ExpID 93078
Train - Loss: 19821433.06
Val - Loss, MSE, RMSE, MAE, MAPE: 47548060.00, 47548061.33, 6605.05, 4919.22, 5.71%
Test - Best epoch, Loss, MSE, RMSE, MAE, MAPE: 37, 35874596.00, 35874595.67, 5882.63, 4549.42, 4.94%
- Epoch 040, ExpID 93078
Train - Loss: 19678314.54
Val - Loss, MSE, RMSE, MAE, MAPE: 47542348.00, 47542347.67, 6613.62, 4928.41, 5.71%
Test - Best epoch, Loss, MSE, RMSE, MAE, MAPE: 37, 35874596.00, 35874595.67, 5882.63, 4549.42, 4.94%
- Epoch 041, ExpID 93078
Train - Loss: 19460080.79
Val - Loss, MSE, RMSE, MAE, MAPE: 46548252.00, 46548252.00, 6538.17, 4865.90, 5.67%
Test - Best epoch, Loss, MSE, RMSE, MAE, MAPE: 41, 35961076.00, 35961075.67, 5884.26, 4554.69, 4.95%
- Epoch 042, ExpID 93078
Train - Loss: 19490762.67
Val - Loss, MSE, RMSE, MAE, MAPE: 46812264.00, 46812263.33, 6564.99, 4904.24, 5.70%
Test - Best epoch, Loss, MSE, RMSE, MAE, MAPE: 41, 35961076.00, 35961075.67, 5884.26, 4554.69, 4.95%
- Epoch 043, ExpID 93078
Train - Loss: 19500908.61
Val - Loss, MSE, RMSE, MAE, MAPE: 47573552.00, 47573550.67, 6617.62, 4945.35, 5.76%
Test - Best epoch, Loss, MSE, RMSE, MAE, MAPE: 41, 35961076.00, 35961075.67, 5884.26, 4554.69, 4.95%
- Epoch 044, ExpID 93078
Train - Loss: 19644257.20
Val - Loss, MSE, RMSE, MAE, MAPE: 46205224.00, 46205220.67, 6519.33, 4869.49, 5.66%
Test - Best epoch, Loss, MSE, RMSE, MAE, MAPE: 44, 35858304.00, 35858305.00, 5881.63, 4532.30, 4.91%
- Epoch 045, ExpID 93078
Train - Loss: 19308719.28
Val - Loss, MSE, RMSE, MAE, MAPE: 46064280.00, 46064278.67, 6505.25, 4864.11, 5.68%
Test - Best epoch, Loss, MSE, RMSE, MAE, MAPE: 45, 36085504.00, 36085503.00, 5896.50, 4562.16, 4.96%
- Epoch 046, ExpID 93078
Train - Loss: 19178189.96
Val - Loss, MSE, RMSE, MAE, MAPE: 46548892.00, 46548891.67, 6543.02, 4898.60, 5.68%
Test - Best epoch, Loss, MSE, RMSE, MAE, MAPE: 45, 36085504.00, 36085503.00, 5896.50, 4562.16, 4.96%
- Epoch 047, ExpID 93078
Train - Loss: 19179745.59
Val - Loss, MSE, RMSE, MAE, MAPE: 46328840.00, 46328832.00, 6514.54, 4851.88, 5.66%
Test - Best epoch, Loss, MSE, RMSE, MAE, MAPE: 45, 36085504.00, 36085503.00, 5896.50, 4562.16, 4.96%
- Epoch 048, ExpID 93078
Train - Loss: 19185900.41
Val - Loss, MSE, RMSE, MAE, MAPE: 46248316.00, 46248318.67, 6522.28, 4874.98, 5.66%
Test - Best epoch, Loss, MSE, RMSE, MAE, MAPE: 45, 36085504.00, 36085503.00, 5896.50, 4562.16, 4.96%
- Epoch 049, ExpID 93078
Train - Loss: 19145328.86
Val - Loss, MSE, RMSE, MAE, MAPE: 46326608.00, 46326609.67, 6526.07, 4870.81, 5.66%
Test - Best epoch, Loss, MSE, RMSE, MAE, MAPE: 45, 36085504.00, 36085503.00, 5896.50, 4562.16, 4.96%
- Epoch 050, ExpID 93078
Train - Loss: 19275047.41
Val - Loss, MSE, RMSE, MAE, MAPE: 45926824.00, 45926824.33, 6488.22, 4850.72, 5.66%
Test - Best epoch, Loss, MSE, RMSE, MAE, MAPE: 50, 36980608.00, 36980608.00, 5967.06, 4615.82, 5.02%
- Epoch 051, ExpID 93078
Train - Loss: 19038881.15
Val - Loss, MSE, RMSE, MAE, MAPE: 45862688.00, 45862689.33, 6482.95, 4817.69, 5.60%
Test - Best epoch, Loss, MSE, RMSE, MAE, MAPE: 51, 36920808.00, 36920810.33, 5968.18, 4593.15, 4.98%
- Epoch 052, ExpID 93078
Train - Loss: 19200805.19
Val - Loss, MSE, RMSE, MAE, MAPE: 46060640.00, 46060637.33, 6519.15, 4862.40, 5.63%
Test - Best epoch, Loss, MSE, RMSE, MAE, MAPE: 51, 36920808.00, 36920810.33, 5968.18, 4593.15, 4.98%
- Epoch 053, ExpID 93078
Train - Loss: 18861005.35
Val - Loss, MSE, RMSE, MAE, MAPE: 46084460.00, 46084457.00, 6502.17, 4836.87, 5.63%
Test - Best epoch, Loss, MSE, RMSE, MAE, MAPE: 51, 36920808.00, 36920810.33, 5968.18, 4593.15, 4.98%
- Epoch 054, ExpID 93078
Train - Loss: 19095738.35
Val - Loss, MSE, RMSE, MAE, MAPE: 45947548.00, 45947545.67, 6500.98, 4833.76, 5.62%
Test - Best epoch, Loss, MSE, RMSE, MAE, MAPE: 51, 36920808.00, 36920810.33, 5968.18, 4593.15, 4.98%
- Epoch 055, ExpID 93078
Train - Loss: 18898911.14
Val - Loss, MSE, RMSE, MAE, MAPE: 45798504.00, 45798501.33, 6493.79, 4851.99, 5.63%
Test - Best epoch, Loss, MSE, RMSE, MAE, MAPE: 55, 37221644.00, 37221642.33, 5997.60, 4600.95, 4.98%
- Epoch 056, ExpID 93078
Train - Loss: 18702806.54
Val - Loss, MSE, RMSE, MAE, MAPE: 45303328.00, 45303330.00, 6453.75, 4806.69, 5.60%
Test - Best epoch, Loss, MSE, RMSE, MAE, MAPE: 56, 37306232.00, 37306229.33, 5996.99, 4607.39, 4.99%
- Epoch 057, ExpID 93078
Train - Loss: 18877594.36
Val - Loss, MSE, RMSE, MAE, MAPE: 45430988.00, 45430986.00, 6460.58, 4816.74, 5.61%
Test - Best epoch, Loss, MSE, RMSE, MAE, MAPE: 56, 37306232.00, 37306229.33, 5996.99, 4607.39, 4.99%
- Epoch 058, ExpID 93078
Train - Loss: 18646395.28
Val - Loss, MSE, RMSE, MAE, MAPE: 45397320.00, 45397315.33, 6464.99, 4811.01, 5.59%
Test - Best epoch, Loss, MSE, RMSE, MAE, MAPE: 56, 37306232.00, 37306229.33, 5996.99, 4607.39, 4.99%
- Epoch 059, ExpID 93078
Train - Loss: 18649976.89
Val - Loss, MSE, RMSE, MAE, MAPE: 45266560.00, 45266560.00, 6441.90, 4786.44, 5.58%
Test - Best epoch, Loss, MSE, RMSE, MAE, MAPE: 59, 38616208.00, 38616203.67, 6093.03, 4700.25, 5.10%
- Epoch 060, ExpID 93078
Train - Loss: 18740880.75
Val - Loss, MSE, RMSE, MAE, MAPE: 45640040.00, 45640041.67, 6487.80, 4837.44, 5.62%
Test - Best epoch, Loss, MSE, RMSE, MAE, MAPE: 59, 38616208.00, 38616203.67, 6093.03, 4700.25, 5.10%
- Epoch 061, ExpID 93078
Train - Loss: 18470936.39
Val - Loss, MSE, RMSE, MAE, MAPE: 45433536.00, 45433535.33, 6469.27, 4803.07, 5.58%
Test - Best epoch, Loss, MSE, RMSE, MAE, MAPE: 59, 38616208.00, 38616203.67, 6093.03, 4700.25, 5.10%
- Epoch 062, ExpID 93078
Train - Loss: 18359401.61
Val - Loss, MSE, RMSE, MAE, MAPE: 44915776.00, 44915776.00, 6431.82, 4770.60, 5.53%
Test - Best epoch, Loss, MSE, RMSE, MAE, MAPE: 62, 38155048.00, 38155043.33, 6057.12, 4640.82, 5.02%
- Epoch 063, ExpID 93078
Train - Loss: 18468649.19
Val - Loss, MSE, RMSE, MAE, MAPE: 44621064.00, 44621060.67, 6412.15, 4757.99, 5.54%
Test - Best epoch, Loss, MSE, RMSE, MAE, MAPE: 63, 38238140.00, 38238138.33, 6060.03, 4639.80, 5.03%
- Epoch 064, ExpID 93078
Train - Loss: 18296849.28
Val - Loss, MSE, RMSE, MAE, MAPE: 44970872.00, 44970869.00, 6455.38, 4798.09, 5.57%
Test - Best epoch, Loss, MSE, RMSE, MAE, MAPE: 63, 38238140.00, 38238138.33, 6060.03, 4639.80, 5.03%
- Epoch 065, ExpID 93078
Train - Loss: 18142890.55
Val - Loss, MSE, RMSE, MAE, MAPE: 45012344.00, 45012341.33, 6453.15, 4795.08, 5.56%
Test - Best epoch, Loss, MSE, RMSE, MAE, MAPE: 63, 38238140.00, 38238138.33, 6060.03, 4639.80, 5.03%
- Epoch 066, ExpID 93078
Train - Loss: 18118929.02
Val - Loss, MSE, RMSE, MAE, MAPE: 44290844.00, 44290841.33, 6402.33, 4753.09, 5.55%
Test - Best epoch, Loss, MSE, RMSE, MAE, MAPE: 66, 39546892.00, 39546890.00, 6145.50, 4735.85, 5.13%
- Epoch 067, ExpID 93078
Train - Loss: 18181510.87
Val - Loss, MSE, RMSE, MAE, MAPE: 44168640.00, 44168639.33, 6388.94, 4735.33, 5.52%
Test - Best epoch, Loss, MSE, RMSE, MAE, MAPE: 67, 40653064.00, 40653064.00, 6223.98, 4804.25, 5.21%
- Epoch 068, ExpID 93078
Train - Loss: 18065446.40
Val - Loss, MSE, RMSE, MAE, MAPE: 43954584.00, 43954583.33, 6383.63, 4715.61, 5.47%
Test - Best epoch, Loss, MSE, RMSE, MAE, MAPE: 68, 38034688.00, 38034683.67, 6039.66, 4616.79, 4.98%
- Epoch 069, ExpID 93078
Train - Loss: 17771187.20
Val - Loss, MSE, RMSE, MAE, MAPE: 44390564.00, 44390562.00, 6420.20, 4757.98, 5.53%
Test - Best epoch, Loss, MSE, RMSE, MAE, MAPE: 68, 38034688.00, 38034683.67, 6039.66, 4616.79, 4.98%
- Epoch 070, ExpID 93078
Train - Loss: 17696127.99
Val - Loss, MSE, RMSE, MAE, MAPE: 43835212.00, 43835209.00, 6369.77, 4714.45, 5.51%
Test - Best epoch, Loss, MSE, RMSE, MAE, MAPE: 70, 39693512.00, 39693509.33, 6133.88, 4717.10, 5.12%
- Epoch 071, ExpID 93078
Train - Loss: 17599154.75
Val - Loss, MSE, RMSE, MAE, MAPE: 43759744.00, 43759743.67, 6362.16, 4720.12, 5.51%
Test - Best epoch, Loss, MSE, RMSE, MAE, MAPE: 71, 39185632.00, 39185632.67, 6101.04, 4678.79, 5.07%
- Epoch 072, ExpID 93078
Train - Loss: 17466434.76
Val - Loss, MSE, RMSE, MAE, MAPE: 43447676.00, 43447673.67, 6339.73, 4687.49, 5.46%
Test - Best epoch, Loss, MSE, RMSE, MAE, MAPE: 72, 40327840.00, 40327837.00, 6183.34, 4744.45, 5.14%
- Epoch 073, ExpID 93078
Train - Loss: 17411695.44
Val - Loss, MSE, RMSE, MAE, MAPE: 43932460.00, 43932459.33, 6382.39, 4706.29, 5.47%
Test - Best epoch, Loss, MSE, RMSE, MAE, MAPE: 72, 40327840.00, 40327837.00, 6183.34, 4744.45, 5.14%
- Epoch 074, ExpID 93078
Train - Loss: 17226152.08
Val - Loss, MSE, RMSE, MAE, MAPE: 44033044.00, 44033043.00, 6383.89, 4727.32, 5.50%
Test - Best epoch, Loss, MSE, RMSE, MAE, MAPE: 72, 40327840.00, 40327837.00, 6183.34, 4744.45, 5.14%
- Epoch 075, ExpID 93078
Train - Loss: 17203322.14
Val - Loss, MSE, RMSE, MAE, MAPE: 43804164.00, 43804164.33, 6365.52, 4708.45, 5.48%
Test - Best epoch, Loss, MSE, RMSE, MAE, MAPE: 72, 40327840.00, 40327837.00, 6183.34, 4744.45, 5.14%
- Epoch 076, ExpID 93078
Train - Loss: 17160759.82
Val - Loss, MSE, RMSE, MAE, MAPE: 43667640.00, 43667642.00, 6337.12, 4693.65, 5.49%
Test - Best epoch, Loss, MSE, RMSE, MAE, MAPE: 72, 40327840.00, 40327837.00, 6183.34, 4744.45, 5.14%
- Epoch 077, ExpID 93078
Train - Loss: 17323123.88
Val - Loss, MSE, RMSE, MAE, MAPE: 43431728.00, 43431728.67, 6335.03, 4698.74, 5.47%
Test - Best epoch, Loss, MSE, RMSE, MAE, MAPE: 77, 38881832.00, 38881828.33, 6072.12, 4647.43, 5.03%
- Epoch 078, ExpID 93078
Train - Loss: 17003495.39
Val - Loss, MSE, RMSE, MAE, MAPE: 43618528.00, 43618525.67, 6344.22, 4707.17, 5.48%
Test - Best epoch, Loss, MSE, RMSE, MAE, MAPE: 77, 38881832.00, 38881828.33, 6072.12, 4647.43, 5.03%
- Epoch 079, ExpID 93078
Train - Loss: 16973742.74
Val - Loss, MSE, RMSE, MAE, MAPE: 44028148.00, 44028146.67, 6367.10, 4725.09, 5.50%
Test - Best epoch, Loss, MSE, RMSE, MAE, MAPE: 77, 38881832.00, 38881828.33, 6072.12, 4647.43, 5.03%
- Epoch 080, ExpID 93078
Train - Loss: 17034580.08
Val - Loss, MSE, RMSE, MAE, MAPE: 43546116.00, 43546115.33, 6343.94, 4713.06, 5.50%
Test - Best epoch, Loss, MSE, RMSE, MAE, MAPE: 77, 38881832.00, 38881828.33, 6072.12, 4647.43, 5.03%
- Epoch 081, ExpID 93078
Train - Loss: 17225441.32
Val - Loss, MSE, RMSE, MAE, MAPE: 44156280.00, 44156274.33, 6394.32, 4760.97, 5.56%
Test - Best epoch, Loss, MSE, RMSE, MAE, MAPE: 77, 38881832.00, 38881828.33, 6072.12, 4647.43, 5.03%
- Epoch 082, ExpID 93078
Train - Loss: 16878482.59
Val - Loss, MSE, RMSE, MAE, MAPE: 43044376.00, 43044375.00, 6303.99, 4675.26, 5.45%
Test - Best epoch, Loss, MSE, RMSE, MAE, MAPE: 82, 40377496.00, 40377491.33, 6168.18, 4741.57, 5.13%
- Epoch 083, ExpID 93078
Train - Loss: 17024929.94
Val - Loss, MSE, RMSE, MAE, MAPE: 44317816.00, 44317812.67, 6397.66, 4754.29, 5.54%
Test - Best epoch, Loss, MSE, RMSE, MAE, MAPE: 82, 40377496.00, 40377491.33, 6168.18, 4741.57, 5.13%
- Epoch 084, ExpID 93078
Train - Loss: 16956801.38
Val - Loss, MSE, RMSE, MAE, MAPE: 43047960.00, 43047958.33, 6293.78, 4689.62, 5.47%
Test - Best epoch, Loss, MSE, RMSE, MAE, MAPE: 82, 40377496.00, 40377491.33, 6168.18, 4741.57, 5.13%
- Epoch 085, ExpID 93078
Train - Loss: 16745576.42
Val - Loss, MSE, RMSE, MAE, MAPE: 43713132.00, 43713130.67, 6358.68, 4731.99, 5.53%
Test - Best epoch, Loss, MSE, RMSE, MAE, MAPE: 82, 40377496.00, 40377491.33, 6168.18, 4741.57, 5.13%
- Epoch 086, ExpID 93078
Train - Loss: 16696833.66
Val - Loss, MSE, RMSE, MAE, MAPE: 42882440.00, 42882435.83, 6268.94, 4678.61, 5.46%
Test - Best epoch, Loss, MSE, RMSE, MAE, MAPE: 86, 42103704.00, 42103704.67, 6263.64, 4815.84, 5.22%
- Epoch 087, ExpID 93078
Train - Loss: 17155410.36
Val - Loss, MSE, RMSE, MAE, MAPE: 43660420.00, 43660417.00, 6357.92, 4716.80, 5.47%
Test - Best epoch, Loss, MSE, RMSE, MAE, MAPE: 86, 42103704.00, 42103704.67, 6263.64, 4815.84, 5.22%
- Epoch 088, ExpID 93078
Train - Loss: 17862391.91
Val - Loss, MSE, RMSE, MAE, MAPE: 42655096.00, 42655092.33, 6264.12, 4655.77, 5.43%
Test - Best epoch, Loss, MSE, RMSE, MAE, MAPE: 88, 38486156.00, 38486152.00, 6036.23, 4609.62, 4.98%
- Epoch 089, ExpID 93078
Train - Loss: 16547007.15
Val - Loss, MSE, RMSE, MAE, MAPE: 42768772.00, 42768772.00, 6265.43, 4687.90, 5.47%
Test - Best epoch, Loss, MSE, RMSE, MAE, MAPE: 88, 38486156.00, 38486152.00, 6036.23, 4609.62, 4.98%
- Epoch 090, ExpID 93078
Train - Loss: 16531802.08
Val - Loss, MSE, RMSE, MAE, MAPE: 44086348.00, 44086343.67, 6353.68, 4759.15, 5.54%
Test - Best epoch, Loss, MSE, RMSE, MAE, MAPE: 88, 38486156.00, 38486152.00, 6036.23, 4609.62, 4.98%
- Epoch 091, ExpID 93078
Train - Loss: 16473024.31
Val - Loss, MSE, RMSE, MAE, MAPE: 43677112.00, 43677113.33, 6344.81, 4728.45, 5.50%
Test - Best epoch, Loss, MSE, RMSE, MAE, MAPE: 88, 38486156.00, 38486152.00, 6036.23, 4609.62, 4.98%
- Epoch 092, ExpID 93078
Train - Loss: 16489091.44
Val - Loss, MSE, RMSE, MAE, MAPE: 43377104.00, 43377105.00, 6312.19, 4700.35, 5.46%
Test - Best epoch, Loss, MSE, RMSE, MAE, MAPE: 88, 38486156.00, 38486152.00, 6036.23, 4609.62, 4.98%
- Epoch 093, ExpID 93078
Train - Loss: 17035181.61
Val - Loss, MSE, RMSE, MAE, MAPE: 42591344.00, 42591344.67, 6251.94, 4685.81, 5.49%
Test - Best epoch, Loss, MSE, RMSE, MAE, MAPE: 93, 43162788.00, 43162784.00, 6325.16, 4864.07, 5.29%
- Epoch 094, ExpID 93078
Train - Loss: 16554535.62
Val - Loss, MSE, RMSE, MAE, MAPE: 43327984.00, 43327979.67, 6315.43, 4718.12, 5.48%
Test - Best epoch, Loss, MSE, RMSE, MAE, MAPE: 93, 43162788.00, 43162784.00, 6325.16, 4864.07, 5.29%
- Epoch 095, ExpID 93078
Train - Loss: 16515225.76
Val - Loss, MSE, RMSE, MAE, MAPE: 43019224.00, 43019220.17, 6281.57, 4720.64, 5.54%
Test - Best epoch, Loss, MSE, RMSE, MAE, MAPE: 93, 43162788.00, 43162784.00, 6325.16, 4864.07, 5.29%
- Epoch 096, ExpID 93078
Train - Loss: 16242049.49
Val - Loss, MSE, RMSE, MAE, MAPE: 43490408.00, 43490407.83, 6309.64, 4709.44, 5.47%
Test - Best epoch, Loss, MSE, RMSE, MAE, MAPE: 93, 43162788.00, 43162784.00, 6325.16, 4864.07, 5.29%
- Epoch 097, ExpID 93078
Train - Loss: 16313061.49
Val - Loss, MSE, RMSE, MAE, MAPE: 43582604.00, 43582601.33, 6320.88, 4715.33, 5.47%
Test - Best epoch, Loss, MSE, RMSE, MAE, MAPE: 93, 43162788.00, 43162784.00, 6325.16, 4864.07, 5.29%
- Epoch 098, ExpID 93078
Train - Loss: 16269006.35
Val - Loss, MSE, RMSE, MAE, MAPE: 43112376.00, 43112372.00, 6286.38, 4699.89, 5.51%
Test - Best epoch, Loss, MSE, RMSE, MAE, MAPE: 93, 43162788.00, 43162784.00, 6325.16, 4864.07, 5.29%
- Epoch 099, ExpID 93078
Train - Loss: 16357346.29
Val - Loss, MSE, RMSE, MAE, MAPE: 43435288.00, 43435287.33, 6309.86, 4722.18, 5.52%
Test - Best epoch, Loss, MSE, RMSE, MAE, MAPE: 93, 43162788.00, 43162784.00, 6325.16, 4864.07, 5.29%
- Epoch 100, ExpID 93078
Train - Loss: 16060508.65
Val - Loss, MSE, RMSE, MAE, MAPE: 42833656.00, 42833654.50, 6251.89, 4671.30, 5.44%
Test - Best epoch, Loss, MSE, RMSE, MAE, MAPE: 93, 43162788.00, 43162784.00, 6325.16, 4864.07, 5.29%
- Epoch 101, ExpID 93078
Train - Loss: 16047510.31
Val - Loss, MSE, RMSE, MAE, MAPE: 43080088.00, 43080085.17, 6290.15, 4688.25, 5.45%
Test - Best epoch, Loss, MSE, RMSE, MAE, MAPE: 93, 43162788.00, 43162784.00, 6325.16, 4864.07, 5.29%
- Epoch 102, ExpID 93078
Train - Loss: 16107403.24
Val - Loss, MSE, RMSE, MAE, MAPE: 43717344.00, 43717343.50, 6313.19, 4742.73, 5.53%
Test - Best epoch, Loss, MSE, RMSE, MAE, MAPE: 93, 43162788.00, 43162784.00, 6325.16, 4864.07, 5.29%
- Epoch 103, ExpID 93078
Train - Loss: 16244330.69
Val - Loss, MSE, RMSE, MAE, MAPE: 42751512.00, 42751507.00, 6256.27, 4665.16, 5.44%
Test - Best epoch, Loss, MSE, RMSE, MAE, MAPE: 93, 43162788.00, 43162784.00, 6325.16, 4864.07, 5.29%
Early Stopping at Epoch 103
Fold 2018 Best RMSE: 6325.1612

-------------------- [Fold: 2019] ExpID: 34372 --------------------
- Epoch 000, ExpID 34372
Train - Loss: 49062576.22
Val - Loss, MSE, RMSE, MAE, MAPE: 74306184.00, 74306185.33, 8541.47, 7034.37, 7.61%
Test - Best epoch, Loss, MSE, RMSE, MAE, MAPE: 0, 91778224.00, 91778219.33, 9437.22, 7728.89, 8.12%
- Epoch 001, ExpID 34372
Train - Loss: 47006034.47
Val - Loss, MSE, RMSE, MAE, MAPE: 69408904.00, 69408896.67, 8276.05, 6768.10, 7.36%
Test - Best epoch, Loss, MSE, RMSE, MAE, MAPE: 1, 87380608.00, 87380609.33, 9230.10, 7518.86, 7.94%
- Epoch 002, ExpID 34372
Train - Loss: 42195834.33
Val - Loss, MSE, RMSE, MAE, MAPE: 63738312.00, 63738308.00, 7941.45, 6511.20, 7.08%
Test - Best epoch, Loss, MSE, RMSE, MAE, MAPE: 2, 81911280.00, 81911280.67, 8938.97, 7276.85, 7.67%
- Epoch 003, ExpID 34372
Train - Loss: 38791293.78
Val - Loss, MSE, RMSE, MAE, MAPE: 60886988.00, 60886987.33, 7761.64, 6388.88, 6.94%
Test - Best epoch, Loss, MSE, RMSE, MAE, MAPE: 3, 79851224.00, 79851218.67, 8835.79, 7194.86, 7.57%
- Epoch 004, ExpID 34372
Train - Loss: 36996516.18
Val - Loss, MSE, RMSE, MAE, MAPE: 59781240.00, 59781235.33, 7692.38, 6338.86, 6.87%
Test - Best epoch, Loss, MSE, RMSE, MAE, MAPE: 4, 79291352.00, 79291350.00, 8817.44, 7183.08, 7.53%
- Epoch 005, ExpID 34372
Train - Loss: 36074307.04
Val - Loss, MSE, RMSE, MAE, MAPE: 58849424.00, 58849425.33, 7633.07, 6264.77, 6.80%
Test - Best epoch, Loss, MSE, RMSE, MAE, MAPE: 5, 78133712.00, 78133701.33, 8751.51, 7122.29, 7.47%
- Epoch 006, ExpID 34372
Train - Loss: 35456008.00
Val - Loss, MSE, RMSE, MAE, MAPE: 58462120.00, 58462118.67, 7608.90, 6239.31, 6.77%
Test - Best epoch, Loss, MSE, RMSE, MAE, MAPE: 6, 78260352.00, 78260357.33, 8757.34, 7127.32, 7.47%
- Epoch 007, ExpID 34372
Train - Loss: 35001573.64
Val - Loss, MSE, RMSE, MAE, MAPE: 57979548.00, 57979548.00, 7577.26, 6209.93, 6.73%
Test - Best epoch, Loss, MSE, RMSE, MAE, MAPE: 7, 77303320.00, 77303319.33, 8702.61, 7085.86, 7.43%
- Epoch 008, ExpID 34372
Train - Loss: 34544578.91
Val - Loss, MSE, RMSE, MAE, MAPE: 57411192.00, 57411190.00, 7538.21, 6179.66, 6.71%
Test - Best epoch, Loss, MSE, RMSE, MAE, MAPE: 8, 76991568.00, 76991558.00, 8685.41, 7065.02, 7.41%
- Epoch 009, ExpID 34372
Train - Loss: 34217381.31
Val - Loss, MSE, RMSE, MAE, MAPE: 56896424.00, 56896423.33, 7500.81, 6125.03, 6.67%
Test - Best epoch, Loss, MSE, RMSE, MAE, MAPE: 9, 76260192.00, 76260196.00, 8639.96, 7011.65, 7.37%
- Epoch 010, ExpID 34372
Train - Loss: 33949177.82
Val - Loss, MSE, RMSE, MAE, MAPE: 56625056.00, 56625055.33, 7483.22, 6114.30, 6.64%
Test - Best epoch, Loss, MSE, RMSE, MAE, MAPE: 10, 75656328.00, 75656329.33, 8603.91, 6991.43, 7.33%
- Epoch 011, ExpID 34372
Train - Loss: 33666903.78
Val - Loss, MSE, RMSE, MAE, MAPE: 56603500.00, 56603499.33, 7479.01, 6120.63, 6.66%
Test - Best epoch, Loss, MSE, RMSE, MAE, MAPE: 11, 75368560.00, 75368565.33, 8583.11, 6959.70, 7.31%
- Epoch 012, ExpID 34372
Train - Loss: 33468623.98
Val - Loss, MSE, RMSE, MAE, MAPE: 56219532.00, 56219526.67, 7451.35, 6063.90, 6.63%
Test - Best epoch, Loss, MSE, RMSE, MAE, MAPE: 12, 75613256.00, 75613255.33, 8596.58, 6957.65, 7.34%
- Epoch 013, ExpID 34372
Train - Loss: 33217577.11
Val - Loss, MSE, RMSE, MAE, MAPE: 55671516.00, 55671514.67, 7417.48, 6049.54, 6.57%
Test - Best epoch, Loss, MSE, RMSE, MAE, MAPE: 13, 74426424.00, 74426422.00, 8529.18, 6920.35, 7.26%
- Epoch 014, ExpID 34372
Train - Loss: 33041115.00
Val - Loss, MSE, RMSE, MAE, MAPE: 55491212.00, 55491210.00, 7405.16, 6038.29, 6.56%
Test - Best epoch, Loss, MSE, RMSE, MAE, MAPE: 14, 73770320.00, 73770308.67, 8486.44, 6882.30, 7.22%
- Epoch 015, ExpID 34372
Train - Loss: 32886676.49
Val - Loss, MSE, RMSE, MAE, MAPE: 55198584.00, 55198582.67, 7379.62, 5999.23, 6.55%
Test - Best epoch, Loss, MSE, RMSE, MAE, MAPE: 15, 73580664.00, 73580664.00, 8472.76, 6848.73, 7.22%
- Epoch 016, ExpID 34372
Train - Loss: 32631258.80
Val - Loss, MSE, RMSE, MAE, MAPE: 54887424.00, 54887426.67, 7362.71, 5996.41, 6.51%
Test - Best epoch, Loss, MSE, RMSE, MAE, MAPE: 16, 72924816.00, 72924807.33, 8432.24, 6832.20, 7.16%
- Epoch 017, ExpID 34372
Train - Loss: 32388069.87
Val - Loss, MSE, RMSE, MAE, MAPE: 54535392.00, 54535389.33, 7338.11, 5965.12, 6.47%
Test - Best epoch, Loss, MSE, RMSE, MAE, MAPE: 17, 72435104.00, 72435104.67, 8402.17, 6800.45, 7.13%
- Epoch 018, ExpID 34372
Train - Loss: 32194885.44
Val - Loss, MSE, RMSE, MAE, MAPE: 54233116.00, 54233112.00, 7310.41, 5933.45, 6.47%
Test - Best epoch, Loss, MSE, RMSE, MAE, MAPE: 18, 71434768.00, 71434760.67, 8335.32, 6722.67, 7.08%
- Epoch 019, ExpID 34372
Train - Loss: 31920945.31
Val - Loss, MSE, RMSE, MAE, MAPE: 53753452.00, 53753452.00, 7276.84, 5903.14, 6.44%
Test - Best epoch, Loss, MSE, RMSE, MAE, MAPE: 19, 71088672.00, 71088666.67, 8310.86, 6692.27, 7.05%
- Epoch 020, ExpID 34372
Train - Loss: 31615692.69
Val - Loss, MSE, RMSE, MAE, MAPE: 53195512.00, 53195508.67, 7236.75, 5868.87, 6.40%
Test - Best epoch, Loss, MSE, RMSE, MAE, MAPE: 20, 69976480.00, 69976478.00, 8239.38, 6626.90, 6.97%
- Epoch 021, ExpID 34372
Train - Loss: 31276971.80
Val - Loss, MSE, RMSE, MAE, MAPE: 52343548.00, 52343542.00, 7178.09, 5815.86, 6.34%
Test - Best epoch, Loss, MSE, RMSE, MAE, MAPE: 21, 68956208.00, 68956206.00, 8174.95, 6558.34, 6.90%
- Epoch 022, ExpID 34372
Train - Loss: 30889981.20
Val - Loss, MSE, RMSE, MAE, MAPE: 51709996.00, 51709995.33, 7128.36, 5754.52, 6.28%
Test - Best epoch, Loss, MSE, RMSE, MAE, MAPE: 22, 67542688.00, 67542683.33, 8081.64, 6472.95, 6.82%
- Epoch 023, ExpID 34372
Train - Loss: 30394639.62
Val - Loss, MSE, RMSE, MAE, MAPE: 50668440.00, 50668437.33, 7050.58, 5693.57, 6.20%
Test - Best epoch, Loss, MSE, RMSE, MAE, MAPE: 23, 65864680.00, 65864680.67, 7967.44, 6365.87, 6.70%
- Epoch 024, ExpID 34372
Train - Loss: 29753066.31
Val - Loss, MSE, RMSE, MAE, MAPE: 49442156.00, 49442156.00, 6957.22, 5589.85, 6.10%
Test - Best epoch, Loss, MSE, RMSE, MAE, MAPE: 24, 63947008.00, 63947009.33, 7839.75, 6239.95, 6.59%
- Epoch 025, ExpID 34372
Train - Loss: 29016411.51
Val - Loss, MSE, RMSE, MAE, MAPE: 48010376.00, 48010378.00, 6850.03, 5479.56, 5.96%
Test - Best epoch, Loss, MSE, RMSE, MAE, MAPE: 25, 61621768.00, 61621768.67, 7674.06, 6086.59, 6.40%
- Epoch 026, ExpID 34372
Train - Loss: 28159563.58
Val - Loss, MSE, RMSE, MAE, MAPE: 47422504.00, 47422503.67, 6792.09, 5414.08, 5.92%
Test - Best epoch, Loss, MSE, RMSE, MAE, MAPE: 26, 60243552.00, 60243552.00, 7552.83, 5952.89, 6.29%
- Epoch 027, ExpID 34372
Train - Loss: 27214612.20
Val - Loss, MSE, RMSE, MAE, MAPE: 46019900.00, 46019899.67, 6673.38, 5283.23, 5.77%
Test - Best epoch, Loss, MSE, RMSE, MAE, MAPE: 27, 57995196.00, 57995194.33, 7383.00, 5792.11, 6.12%
- Epoch 028, ExpID 34372
Train - Loss: 26166097.71
Val - Loss, MSE, RMSE, MAE, MAPE: 45608536.00, 45608534.67, 6625.85, 5227.66, 5.71%
Test - Best epoch, Loss, MSE, RMSE, MAE, MAPE: 28, 56575456.00, 56575458.67, 7241.58, 5635.11, 5.95%
- Epoch 029, ExpID 34372
Train - Loss: 25385852.20
Val - Loss, MSE, RMSE, MAE, MAPE: 45032432.00, 45032431.33, 6571.00, 5164.31, 5.63%
Test - Best epoch, Loss, MSE, RMSE, MAE, MAPE: 29, 55756108.00, 55756108.00, 7157.69, 5551.00, 5.86%
- Epoch 030, ExpID 34372
Train - Loss: 24552564.09
Val - Loss, MSE, RMSE, MAE, MAPE: 42916824.00, 42916819.00, 6402.23, 4969.11, 5.39%
Test - Best epoch, Loss, MSE, RMSE, MAE, MAPE: 30, 54004072.00, 54004071.00, 7004.64, 5390.89, 5.66%
- Epoch 031, ExpID 34372
Train - Loss: 24004271.21
Val - Loss, MSE, RMSE, MAE, MAPE: 44056004.00, 44056001.00, 6477.44, 5055.21, 5.49%
Test - Best epoch, Loss, MSE, RMSE, MAE, MAPE: 30, 54004072.00, 54004071.00, 7004.64, 5390.89, 5.66%
- Epoch 032, ExpID 34372
Train - Loss: 23342180.06
Val - Loss, MSE, RMSE, MAE, MAPE: 46249048.00, 46249049.33, 6593.92, 5179.24, 5.66%
Test - Best epoch, Loss, MSE, RMSE, MAE, MAPE: 30, 54004072.00, 54004071.00, 7004.64, 5390.89, 5.66%
- Epoch 033, ExpID 34372
Train - Loss: 23062580.17
Val - Loss, MSE, RMSE, MAE, MAPE: 43348344.00, 43348340.33, 6399.41, 5006.56, 5.45%
Test - Best epoch, Loss, MSE, RMSE, MAE, MAPE: 30, 54004072.00, 54004071.00, 7004.64, 5390.89, 5.66%
- Epoch 034, ExpID 34372
Train - Loss: 22787500.83
Val - Loss, MSE, RMSE, MAE, MAPE: 45249208.00, 45249206.67, 6508.15, 5114.15, 5.57%
Test - Best epoch, Loss, MSE, RMSE, MAE, MAPE: 30, 54004072.00, 54004071.00, 7004.64, 5390.89, 5.66%
- Epoch 035, ExpID 34372
Train - Loss: 22481534.17
Val - Loss, MSE, RMSE, MAE, MAPE: 43524888.00, 43524884.67, 6411.53, 5026.08, 5.46%
Test - Best epoch, Loss, MSE, RMSE, MAE, MAPE: 30, 54004072.00, 54004071.00, 7004.64, 5390.89, 5.66%
- Epoch 036, ExpID 34372
Train - Loss: 22323796.14
Val - Loss, MSE, RMSE, MAE, MAPE: 42183180.00, 42183179.00, 6318.75, 4931.37, 5.35%
Test - Best epoch, Loss, MSE, RMSE, MAE, MAPE: 36, 50968556.00, 50968552.00, 6735.41, 5187.80, 5.45%
- Epoch 037, ExpID 34372
Train - Loss: 22116471.74
Val - Loss, MSE, RMSE, MAE, MAPE: 43500912.00, 43500909.33, 6405.60, 5025.22, 5.45%
Test - Best epoch, Loss, MSE, RMSE, MAE, MAPE: 36, 50968556.00, 50968552.00, 6735.41, 5187.80, 5.45%
- Epoch 038, ExpID 34372
Train - Loss: 21953467.47
Val - Loss, MSE, RMSE, MAE, MAPE: 43124576.00, 43124575.67, 6381.47, 5002.98, 5.42%
Test - Best epoch, Loss, MSE, RMSE, MAE, MAPE: 36, 50968556.00, 50968552.00, 6735.41, 5187.80, 5.45%
- Epoch 039, ExpID 34372
Train - Loss: 21780587.81
Val - Loss, MSE, RMSE, MAE, MAPE: 43765240.00, 43765237.00, 6420.33, 5024.28, 5.44%
Test - Best epoch, Loss, MSE, RMSE, MAE, MAPE: 36, 50968556.00, 50968552.00, 6735.41, 5187.80, 5.45%
- Epoch 040, ExpID 34372
Train - Loss: 21709849.97
Val - Loss, MSE, RMSE, MAE, MAPE: 42373336.00, 42373335.33, 6317.88, 4926.22, 5.34%
Test - Best epoch, Loss, MSE, RMSE, MAE, MAPE: 36, 50968556.00, 50968552.00, 6735.41, 5187.80, 5.45%
- Epoch 041, ExpID 34372
Train - Loss: 21605157.22
Val - Loss, MSE, RMSE, MAE, MAPE: 42166496.00, 42166498.00, 6305.96, 4916.48, 5.34%
Test - Best epoch, Loss, MSE, RMSE, MAE, MAPE: 41, 50348608.00, 50348605.00, 6667.88, 5120.13, 5.40%
- Epoch 042, ExpID 34372
Train - Loss: 21365515.69
Val - Loss, MSE, RMSE, MAE, MAPE: 41661696.00, 41661696.67, 6279.29, 4901.15, 5.31%
Test - Best epoch, Loss, MSE, RMSE, MAE, MAPE: 42, 49870280.00, 49870273.33, 6642.13, 5107.28, 5.37%
- Epoch 043, ExpID 34372
Train - Loss: 21340313.79
Val - Loss, MSE, RMSE, MAE, MAPE: 39475464.00, 39475458.67, 6117.39, 4750.26, 5.15%
Test - Best epoch, Loss, MSE, RMSE, MAE, MAPE: 43, 49129724.00, 49129722.00, 6593.99, 5052.01, 5.31%
- Epoch 044, ExpID 34372
Train - Loss: 21159186.71
Val - Loss, MSE, RMSE, MAE, MAPE: 40217408.00, 40217409.33, 6198.04, 4799.23, 5.17%
Test - Best epoch, Loss, MSE, RMSE, MAE, MAPE: 43, 49129724.00, 49129722.00, 6593.99, 5052.01, 5.31%
- Epoch 045, ExpID 34372
Train - Loss: 20948688.07
Val - Loss, MSE, RMSE, MAE, MAPE: 40878704.00, 40878703.00, 6236.77, 4838.88, 5.22%
Test - Best epoch, Loss, MSE, RMSE, MAE, MAPE: 43, 49129724.00, 49129722.00, 6593.99, 5052.01, 5.31%
- Epoch 046, ExpID 34372
Train - Loss: 20911676.42
Val - Loss, MSE, RMSE, MAE, MAPE: 39634012.00, 39634014.00, 6143.25, 4743.83, 5.13%
Test - Best epoch, Loss, MSE, RMSE, MAE, MAPE: 43, 49129724.00, 49129722.00, 6593.99, 5052.01, 5.31%
- Epoch 047, ExpID 34372
Train - Loss: 20798751.13
Val - Loss, MSE, RMSE, MAE, MAPE: 40270676.00, 40270675.67, 6203.08, 4793.72, 5.18%
Test - Best epoch, Loss, MSE, RMSE, MAE, MAPE: 43, 49129724.00, 49129722.00, 6593.99, 5052.01, 5.31%
- Epoch 048, ExpID 34372
Train - Loss: 20654438.16
Val - Loss, MSE, RMSE, MAE, MAPE: 40947200.00, 40947195.33, 6238.75, 4852.34, 5.24%
Test - Best epoch, Loss, MSE, RMSE, MAE, MAPE: 43, 49129724.00, 49129722.00, 6593.99, 5052.01, 5.31%
- Epoch 049, ExpID 34372
Train - Loss: 20598804.08
Val - Loss, MSE, RMSE, MAE, MAPE: 42339080.00, 42339082.00, 6351.64, 4927.92, 5.32%
Test - Best epoch, Loss, MSE, RMSE, MAE, MAPE: 43, 49129724.00, 49129722.00, 6593.99, 5052.01, 5.31%
- Epoch 050, ExpID 34372
Train - Loss: 20537857.40
Val - Loss, MSE, RMSE, MAE, MAPE: 39321720.00, 39321716.00, 6122.02, 4723.75, 5.10%
Test - Best epoch, Loss, MSE, RMSE, MAE, MAPE: 50, 48228272.00, 48228270.67, 6527.38, 4983.38, 5.23%
- Epoch 051, ExpID 34372
Train - Loss: 20445400.67
Val - Loss, MSE, RMSE, MAE, MAPE: 41441784.00, 41441782.00, 6280.68, 4872.52, 5.26%
Test - Best epoch, Loss, MSE, RMSE, MAE, MAPE: 50, 48228272.00, 48228270.67, 6527.38, 4983.38, 5.23%
- Epoch 052, ExpID 34372
Train - Loss: 20311117.11
Val - Loss, MSE, RMSE, MAE, MAPE: 40941248.00, 40941243.33, 6251.84, 4830.09, 5.22%
Test - Best epoch, Loss, MSE, RMSE, MAE, MAPE: 50, 48228272.00, 48228270.67, 6527.38, 4983.38, 5.23%
- Epoch 053, ExpID 34372
Train - Loss: 20230833.78
Val - Loss, MSE, RMSE, MAE, MAPE: 40894132.00, 40894134.33, 6209.42, 4820.53, 5.22%
Test - Best epoch, Loss, MSE, RMSE, MAE, MAPE: 50, 48228272.00, 48228270.67, 6527.38, 4983.38, 5.23%
- Epoch 054, ExpID 34372
Train - Loss: 20180732.19
Val - Loss, MSE, RMSE, MAE, MAPE: 40988976.00, 40988974.67, 6230.70, 4821.96, 5.22%
Test - Best epoch, Loss, MSE, RMSE, MAE, MAPE: 50, 48228272.00, 48228270.67, 6527.38, 4983.38, 5.23%
- Epoch 055, ExpID 34372
Train - Loss: 20094219.44
Val - Loss, MSE, RMSE, MAE, MAPE: 39240752.00, 39240748.33, 6113.73, 4708.94, 5.09%
Test - Best epoch, Loss, MSE, RMSE, MAE, MAPE: 55, 47348560.00, 47348562.67, 6464.37, 4907.59, 5.16%
- Epoch 056, ExpID 34372
Train - Loss: 19980678.78
Val - Loss, MSE, RMSE, MAE, MAPE: 39834008.00, 39834003.33, 6143.11, 4736.72, 5.12%
Test - Best epoch, Loss, MSE, RMSE, MAE, MAPE: 55, 47348560.00, 47348562.67, 6464.37, 4907.59, 5.16%
- Epoch 057, ExpID 34372
Train - Loss: 19970742.44
Val - Loss, MSE, RMSE, MAE, MAPE: 39900968.00, 39900961.67, 6169.01, 4764.40, 5.13%
Test - Best epoch, Loss, MSE, RMSE, MAE, MAPE: 55, 47348560.00, 47348562.67, 6464.37, 4907.59, 5.16%
- Epoch 058, ExpID 34372
Train - Loss: 19872415.93
Val - Loss, MSE, RMSE, MAE, MAPE: 42726320.00, 42726314.33, 6368.35, 4970.12, 5.37%
Test - Best epoch, Loss, MSE, RMSE, MAE, MAPE: 55, 47348560.00, 47348562.67, 6464.37, 4907.59, 5.16%
- Epoch 059, ExpID 34372
Train - Loss: 19754132.66
Val - Loss, MSE, RMSE, MAE, MAPE: 39279424.00, 39279423.67, 6103.07, 4721.46, 5.10%
Test - Best epoch, Loss, MSE, RMSE, MAE, MAPE: 55, 47348560.00, 47348562.67, 6464.37, 4907.59, 5.16%
- Epoch 060, ExpID 34372
Train - Loss: 19717939.34
Val - Loss, MSE, RMSE, MAE, MAPE: 40242328.00, 40242329.67, 6191.09, 4787.72, 5.17%
Test - Best epoch, Loss, MSE, RMSE, MAE, MAPE: 55, 47348560.00, 47348562.67, 6464.37, 4907.59, 5.16%
- Epoch 061, ExpID 34372
Train - Loss: 19566804.41
Val - Loss, MSE, RMSE, MAE, MAPE: 38540772.00, 38540771.00, 6042.01, 4667.38, 5.04%
Test - Best epoch, Loss, MSE, RMSE, MAE, MAPE: 61, 46434872.00, 46434867.33, 6385.33, 4788.42, 5.05%
- Epoch 062, ExpID 34372
Train - Loss: 19494008.13
Val - Loss, MSE, RMSE, MAE, MAPE: 38952080.00, 38952077.00, 6066.24, 4685.92, 5.06%
Test - Best epoch, Loss, MSE, RMSE, MAE, MAPE: 61, 46434872.00, 46434867.33, 6385.33, 4788.42, 5.05%
- Epoch 063, ExpID 34372
Train - Loss: 19393596.86
Val - Loss, MSE, RMSE, MAE, MAPE: 41878552.00, 41878550.67, 6284.25, 4893.81, 5.28%
Test - Best epoch, Loss, MSE, RMSE, MAE, MAPE: 61, 46434872.00, 46434867.33, 6385.33, 4788.42, 5.05%
- Epoch 064, ExpID 34372
Train - Loss: 19444010.89
Val - Loss, MSE, RMSE, MAE, MAPE: 42257572.00, 42257568.33, 6325.94, 4917.94, 5.31%
Test - Best epoch, Loss, MSE, RMSE, MAE, MAPE: 61, 46434872.00, 46434867.33, 6385.33, 4788.42, 5.05%
- Epoch 065, ExpID 34372
Train - Loss: 19390825.94
Val - Loss, MSE, RMSE, MAE, MAPE: 39677200.00, 39677199.67, 6128.00, 4754.27, 5.12%
Test - Best epoch, Loss, MSE, RMSE, MAE, MAPE: 61, 46434872.00, 46434867.33, 6385.33, 4788.42, 5.05%
- Epoch 066, ExpID 34372
Train - Loss: 19139776.14
Val - Loss, MSE, RMSE, MAE, MAPE: 40449572.00, 40449571.33, 6171.93, 4807.16, 5.18%
Test - Best epoch, Loss, MSE, RMSE, MAE, MAPE: 61, 46434872.00, 46434867.33, 6385.33, 4788.42, 5.05%
- Epoch 067, ExpID 34372
Train - Loss: 19041617.14
Val - Loss, MSE, RMSE, MAE, MAPE: 39914664.00, 39914659.00, 6143.04, 4770.59, 5.13%
Test - Best epoch, Loss, MSE, RMSE, MAE, MAPE: 61, 46434872.00, 46434867.33, 6385.33, 4788.42, 5.05%
- Epoch 068, ExpID 34372
Train - Loss: 19112562.36
Val - Loss, MSE, RMSE, MAE, MAPE: 41523232.00, 41523228.33, 6240.94, 4879.45, 5.27%
Test - Best epoch, Loss, MSE, RMSE, MAE, MAPE: 61, 46434872.00, 46434867.33, 6385.33, 4788.42, 5.05%
- Epoch 069, ExpID 34372
Train - Loss: 18930066.56
Val - Loss, MSE, RMSE, MAE, MAPE: 41160112.00, 41160111.00, 6234.54, 4858.15, 5.23%
Test - Best epoch, Loss, MSE, RMSE, MAE, MAPE: 61, 46434872.00, 46434867.33, 6385.33, 4788.42, 5.05%
- Epoch 070, ExpID 34372
Train - Loss: 18884726.32
Val - Loss, MSE, RMSE, MAE, MAPE: 40315880.00, 40315882.67, 6161.65, 4788.60, 5.15%
Test - Best epoch, Loss, MSE, RMSE, MAE, MAPE: 61, 46434872.00, 46434867.33, 6385.33, 4788.42, 5.05%
- Epoch 071, ExpID 34372
Train - Loss: 18745037.18
Val - Loss, MSE, RMSE, MAE, MAPE: 40272652.00, 40272649.33, 6144.26, 4794.21, 5.16%
Test - Best epoch, Loss, MSE, RMSE, MAE, MAPE: 61, 46434872.00, 46434867.33, 6385.33, 4788.42, 5.05%
Early Stopping at Epoch 71
Fold 2019 Best RMSE: 6385.3275
