DETAILED LOG | Model: lstm | Seed: 2
FULL CONFIG: {'gpu': '6', 'target': 'arrival', 'cv_start_year': 2017, 'cv_end_year': 2019, 'test_year': 2024, 'use_corona': False, 'seq_len': 365, 'label_len': 0, 'pred_len': 7, 'batch_size': 64, 'epochs': 1000, 'patience': 10, 'lr': 0.001, 'model': 'lstm', 'd_model': 256, 'n_heads': 4, 'n_layers': 4, 'dropout': 0.1, 'activation': 'gelu', 'patch_len': 16, 'factor': 5, 'norm_mode': 'revin', 'use_dbloss': False, 'device': device(type='cuda'), 'stride': 16, 'file_path': 'dataset/airport_daily_flight_merged.csv', 'seed': 2, 'val_year': 2019, 'ndims': 1}

-------------------- [Fold: 2017] ExpID: 46343 --------------------
- Epoch 000, ExpID 46343
Train - Loss: 35920963.47
Val - Loss, MSE, RMSE, MAE, MAPE: 62553464.00, 62553459.33, 7842.55, 6363.66, 8.00%
Test - Best epoch, Loss, MSE, RMSE, MAE, MAPE: 0, 73693800.00, 73693803.33, 8360.90, 6713.67, 7.88%
- Epoch 001, ExpID 46343
Train - Loss: 25863832.24
Val - Loss, MSE, RMSE, MAE, MAPE: 42958204.00, 42958202.67, 6418.55, 4930.51, 6.14%
Test - Best epoch, Loss, MSE, RMSE, MAE, MAPE: 1, 54902248.00, 54902246.67, 7091.18, 5242.91, 6.03%
- Epoch 002, ExpID 46343
Train - Loss: 19477086.91
Val - Loss, MSE, RMSE, MAE, MAPE: 41273248.00, 41273247.33, 6294.11, 4803.65, 6.04%
Test - Best epoch, Loss, MSE, RMSE, MAE, MAPE: 2, 53028536.00, 53028531.33, 6949.34, 5087.41, 5.90%
- Epoch 003, ExpID 46343
Train - Loss: 18260185.78
Val - Loss, MSE, RMSE, MAE, MAPE: 34232400.00, 34232402.33, 5724.52, 4303.06, 5.43%
Test - Best epoch, Loss, MSE, RMSE, MAE, MAPE: 3, 44009936.00, 44009933.33, 6418.84, 4781.17, 5.62%
- Epoch 004, ExpID 46343
Train - Loss: 31658676.04
Val - Loss, MSE, RMSE, MAE, MAPE: 51277584.00, 51277582.00, 7081.10, 5629.38, 7.16%
Test - Best epoch, Loss, MSE, RMSE, MAE, MAPE: 3, 44009936.00, 44009933.33, 6418.84, 4781.17, 5.62%
- Epoch 005, ExpID 46343
Train - Loss: 21359041.76
Val - Loss, MSE, RMSE, MAE, MAPE: 38452356.00, 38452355.33, 6082.11, 4626.17, 5.83%
Test - Best epoch, Loss, MSE, RMSE, MAE, MAPE: 3, 44009936.00, 44009933.33, 6418.84, 4781.17, 5.62%
- Epoch 006, ExpID 46343
Train - Loss: 19662124.17
Val - Loss, MSE, RMSE, MAE, MAPE: 50660104.00, 50660104.00, 6967.78, 5459.39, 6.79%
Test - Best epoch, Loss, MSE, RMSE, MAE, MAPE: 3, 44009936.00, 44009933.33, 6418.84, 4781.17, 5.62%
- Epoch 007, ExpID 46343
Train - Loss: 20089216.37
Val - Loss, MSE, RMSE, MAE, MAPE: 45869328.00, 45869325.33, 6586.58, 5020.49, 6.31%
Test - Best epoch, Loss, MSE, RMSE, MAE, MAPE: 3, 44009936.00, 44009933.33, 6418.84, 4781.17, 5.62%
- Epoch 008, ExpID 46343
Train - Loss: 18235293.57
Val - Loss, MSE, RMSE, MAE, MAPE: 45099352.00, 45099351.33, 6476.98, 4941.17, 6.22%
Test - Best epoch, Loss, MSE, RMSE, MAE, MAPE: 3, 44009936.00, 44009933.33, 6418.84, 4781.17, 5.62%
- Epoch 009, ExpID 46343
Train - Loss: 17047093.49
Val - Loss, MSE, RMSE, MAE, MAPE: 45926768.00, 45926768.67, 6526.88, 4984.09, 6.28%
Test - Best epoch, Loss, MSE, RMSE, MAE, MAPE: 3, 44009936.00, 44009933.33, 6418.84, 4781.17, 5.62%
- Epoch 010, ExpID 46343
Train - Loss: 16388385.27
Val - Loss, MSE, RMSE, MAE, MAPE: 40645436.00, 40645433.00, 6165.56, 4651.82, 5.85%
Test - Best epoch, Loss, MSE, RMSE, MAE, MAPE: 3, 44009936.00, 44009933.33, 6418.84, 4781.17, 5.62%
- Epoch 011, ExpID 46343
Train - Loss: 15856746.08
Val - Loss, MSE, RMSE, MAE, MAPE: 39800284.00, 39800280.33, 6156.53, 4669.82, 5.89%
Test - Best epoch, Loss, MSE, RMSE, MAE, MAPE: 3, 44009936.00, 44009933.33, 6418.84, 4781.17, 5.62%
- Epoch 012, ExpID 46343
Train - Loss: 14716902.63
Val - Loss, MSE, RMSE, MAE, MAPE: 35923776.00, 35923774.00, 5796.26, 4395.77, 5.53%
Test - Best epoch, Loss, MSE, RMSE, MAE, MAPE: 3, 44009936.00, 44009933.33, 6418.84, 4781.17, 5.62%
- Epoch 013, ExpID 46343
Train - Loss: 14035922.55
Val - Loss, MSE, RMSE, MAE, MAPE: 39603024.00, 39603025.00, 6057.08, 4603.93, 5.82%
Test - Best epoch, Loss, MSE, RMSE, MAE, MAPE: 3, 44009936.00, 44009933.33, 6418.84, 4781.17, 5.62%
Early Stopping at Epoch 13
Fold 2017 Best RMSE: 6418.8407

-------------------- [Fold: 2018] ExpID: 68301 --------------------
- Epoch 000, ExpID 68301
Train - Loss: 37819790.88
Val - Loss, MSE, RMSE, MAE, MAPE: 74707728.00, 74707730.67, 8406.18, 6764.56, 8.08%
Test - Best epoch, Loss, MSE, RMSE, MAE, MAPE: 0, 56777688.00, 56777686.67, 7471.26, 6037.60, 6.63%
- Epoch 001, ExpID 68301
Train - Loss: 26312354.21
Val - Loss, MSE, RMSE, MAE, MAPE: 51308208.00, 51308210.33, 6877.66, 5104.90, 5.95%
Test - Best epoch, Loss, MSE, RMSE, MAE, MAPE: 1, 41951808.00, 41951806.33, 6167.59, 4805.36, 5.19%
- Epoch 002, ExpID 68301
Train - Loss: 20809783.15
Val - Loss, MSE, RMSE, MAE, MAPE: 45484208.00, 45484207.00, 6530.66, 4815.81, 5.59%
Test - Best epoch, Loss, MSE, RMSE, MAE, MAPE: 2, 35402624.00, 35402620.00, 5795.26, 4368.84, 4.71%
- Epoch 003, ExpID 68301
Train - Loss: 19235676.10
Val - Loss, MSE, RMSE, MAE, MAPE: 43363460.00, 43363457.33, 6388.66, 4696.37, 5.48%
Test - Best epoch, Loss, MSE, RMSE, MAE, MAPE: 3, 35952384.00, 35952381.83, 5820.34, 4383.68, 4.74%
- Epoch 004, ExpID 68301
Train - Loss: 21136616.59
Val - Loss, MSE, RMSE, MAE, MAPE: 44012616.00, 44012611.33, 6386.05, 4643.30, 5.41%
Test - Best epoch, Loss, MSE, RMSE, MAE, MAPE: 3, 35952384.00, 35952381.83, 5820.34, 4383.68, 4.74%
- Epoch 005, ExpID 68301
Train - Loss: 18194467.90
Val - Loss, MSE, RMSE, MAE, MAPE: 42056440.00, 42056439.67, 6259.66, 4639.55, 5.45%
Test - Best epoch, Loss, MSE, RMSE, MAE, MAPE: 5, 33871436.00, 33871436.00, 5637.36, 4281.07, 4.66%
- Epoch 006, ExpID 68301
Train - Loss: 17674101.29
Val - Loss, MSE, RMSE, MAE, MAPE: 40269204.00, 40269202.00, 6134.63, 4451.62, 5.19%
Test - Best epoch, Loss, MSE, RMSE, MAE, MAPE: 6, 32197652.00, 32197649.17, 5500.36, 4112.57, 4.45%
- Epoch 007, ExpID 68301
Train - Loss: 17151458.16
Val - Loss, MSE, RMSE, MAE, MAPE: 41539032.00, 41539031.00, 6202.20, 4397.92, 5.09%
Test - Best epoch, Loss, MSE, RMSE, MAE, MAPE: 6, 32197652.00, 32197649.17, 5500.36, 4112.57, 4.45%
- Epoch 008, ExpID 68301
Train - Loss: 16690551.24
Val - Loss, MSE, RMSE, MAE, MAPE: 41472712.00, 41472710.00, 6195.41, 4553.50, 5.34%
Test - Best epoch, Loss, MSE, RMSE, MAE, MAPE: 6, 32197652.00, 32197649.17, 5500.36, 4112.57, 4.45%
- Epoch 009, ExpID 68301
Train - Loss: 16060807.50
Val - Loss, MSE, RMSE, MAE, MAPE: 42065088.00, 42065085.67, 6229.66, 4510.43, 5.23%
Test - Best epoch, Loss, MSE, RMSE, MAE, MAPE: 6, 32197652.00, 32197649.17, 5500.36, 4112.57, 4.45%
- Epoch 010, ExpID 68301
Train - Loss: 16168776.36
Val - Loss, MSE, RMSE, MAE, MAPE: 42769752.00, 42769749.00, 6412.72, 4903.23, 5.75%
Test - Best epoch, Loss, MSE, RMSE, MAE, MAPE: 6, 32197652.00, 32197649.17, 5500.36, 4112.57, 4.45%
- Epoch 011, ExpID 68301
Train - Loss: 15715500.94
Val - Loss, MSE, RMSE, MAE, MAPE: 42285912.00, 42285910.67, 6211.96, 4279.79, 4.98%
Test - Best epoch, Loss, MSE, RMSE, MAE, MAPE: 6, 32197652.00, 32197649.17, 5500.36, 4112.57, 4.45%
- Epoch 012, ExpID 68301
Train - Loss: 14399403.96
Val - Loss, MSE, RMSE, MAE, MAPE: 42618004.00, 42618002.67, 6302.81, 4320.81, 4.99%
Test - Best epoch, Loss, MSE, RMSE, MAE, MAPE: 6, 32197652.00, 32197649.17, 5500.36, 4112.57, 4.45%
- Epoch 013, ExpID 68301
Train - Loss: 13218596.86
Val - Loss, MSE, RMSE, MAE, MAPE: 41530616.00, 41530614.67, 6235.80, 4434.63, 5.17%
Test - Best epoch, Loss, MSE, RMSE, MAE, MAPE: 6, 32197652.00, 32197649.17, 5500.36, 4112.57, 4.45%
- Epoch 014, ExpID 68301
Train - Loss: 12048428.34
Val - Loss, MSE, RMSE, MAE, MAPE: 36809272.00, 36809266.67, 5954.28, 4308.03, 5.00%
Test - Best epoch, Loss, MSE, RMSE, MAE, MAPE: 14, 37420920.00, 37420922.00, 5863.93, 4338.61, 4.67%
- Epoch 015, ExpID 68301
Train - Loss: 10998468.04
Val - Loss, MSE, RMSE, MAE, MAPE: 41252344.00, 41252343.00, 6234.48, 4513.31, 5.24%
Test - Best epoch, Loss, MSE, RMSE, MAE, MAPE: 14, 37420920.00, 37420922.00, 5863.93, 4338.61, 4.67%
- Epoch 016, ExpID 68301
Train - Loss: 10144911.41
Val - Loss, MSE, RMSE, MAE, MAPE: 41607232.00, 41607229.00, 6271.40, 4652.42, 5.41%
Test - Best epoch, Loss, MSE, RMSE, MAE, MAPE: 14, 37420920.00, 37420922.00, 5863.93, 4338.61, 4.67%
- Epoch 017, ExpID 68301
Train - Loss: 40847285.41
Val - Loss, MSE, RMSE, MAE, MAPE: 89106296.00, 89106295.33, 9307.72, 7559.98, 8.74%
Test - Best epoch, Loss, MSE, RMSE, MAE, MAPE: 14, 37420920.00, 37420922.00, 5863.93, 4338.61, 4.67%
- Epoch 018, ExpID 68301
Train - Loss: 47226471.33
Val - Loss, MSE, RMSE, MAE, MAPE: 101311800.00, 101311802.00, 9976.80, 8207.26, 9.77%
Test - Best epoch, Loss, MSE, RMSE, MAE, MAPE: 14, 37420920.00, 37420922.00, 5863.93, 4338.61, 4.67%
- Epoch 019, ExpID 68301
Train - Loss: 47022395.00
Val - Loss, MSE, RMSE, MAE, MAPE: 79240416.00, 79240413.33, 8785.24, 7143.66, 8.44%
Test - Best epoch, Loss, MSE, RMSE, MAE, MAPE: 14, 37420920.00, 37420922.00, 5863.93, 4338.61, 4.67%
- Epoch 020, ExpID 68301
Train - Loss: 47912345.25
Val - Loss, MSE, RMSE, MAE, MAPE: 85223464.00, 85223468.67, 9132.18, 7471.49, 8.83%
Test - Best epoch, Loss, MSE, RMSE, MAE, MAPE: 14, 37420920.00, 37420922.00, 5863.93, 4338.61, 4.67%
- Epoch 021, ExpID 68301
Train - Loss: 45175440.92
Val - Loss, MSE, RMSE, MAE, MAPE: 76665552.00, 76665544.67, 8625.51, 7016.16, 8.28%
Test - Best epoch, Loss, MSE, RMSE, MAE, MAPE: 14, 37420920.00, 37420922.00, 5863.93, 4338.61, 4.67%
- Epoch 022, ExpID 68301
Train - Loss: 42021915.35
Val - Loss, MSE, RMSE, MAE, MAPE: 71048624.00, 71048620.00, 8270.09, 6700.41, 7.89%
Test - Best epoch, Loss, MSE, RMSE, MAE, MAPE: 14, 37420920.00, 37420922.00, 5863.93, 4338.61, 4.67%
- Epoch 023, ExpID 68301
Train - Loss: 35766033.65
Val - Loss, MSE, RMSE, MAE, MAPE: 72351296.00, 72351292.67, 8326.06, 6732.39, 7.92%
Test - Best epoch, Loss, MSE, RMSE, MAE, MAPE: 14, 37420920.00, 37420922.00, 5863.93, 4338.61, 4.67%
- Epoch 024, ExpID 68301
Train - Loss: 34471220.52
Val - Loss, MSE, RMSE, MAE, MAPE: 69823784.00, 69823782.00, 8161.97, 6507.28, 7.56%
Test - Best epoch, Loss, MSE, RMSE, MAE, MAPE: 14, 37420920.00, 37420922.00, 5863.93, 4338.61, 4.67%
Early Stopping at Epoch 24
Fold 2018 Best RMSE: 5863.9299

-------------------- [Fold: 2019] ExpID: 70541 --------------------
- Epoch 000, ExpID 70541
Train - Loss: 39851381.37
Val - Loss, MSE, RMSE, MAE, MAPE: 56328992.00, 56328992.67, 7406.80, 5918.47, 6.43%
Test - Best epoch, Loss, MSE, RMSE, MAE, MAPE: 0, 70895920.00, 70895913.33, 8319.27, 6626.32, 6.96%
- Epoch 001, ExpID 70541
Train - Loss: 26400924.05
Val - Loss, MSE, RMSE, MAE, MAPE: 35073528.00, 35073527.33, 5774.55, 4371.26, 4.78%
Test - Best epoch, Loss, MSE, RMSE, MAE, MAPE: 1, 41663684.00, 41663682.33, 6271.66, 4845.38, 5.14%
- Epoch 002, ExpID 70541
Train - Loss: 22357946.29
Val - Loss, MSE, RMSE, MAE, MAPE: 35665732.00, 35665731.67, 5812.07, 4391.38, 4.76%
Test - Best epoch, Loss, MSE, RMSE, MAE, MAPE: 1, 41663684.00, 41663682.33, 6271.66, 4845.38, 5.14%
- Epoch 003, ExpID 70541
Train - Loss: 20257918.76
Val - Loss, MSE, RMSE, MAE, MAPE: 31934406.00, 31934404.50, 5489.07, 4116.09, 4.46%
Test - Best epoch, Loss, MSE, RMSE, MAE, MAPE: 3, 34602004.00, 34602002.50, 5643.25, 4269.77, 4.50%
- Epoch 004, ExpID 70541
Train - Loss: 19494994.47
Val - Loss, MSE, RMSE, MAE, MAPE: 40891904.00, 40891905.00, 6218.41, 4561.29, 4.95%
Test - Best epoch, Loss, MSE, RMSE, MAE, MAPE: 3, 34602004.00, 34602002.50, 5643.25, 4269.77, 4.50%
- Epoch 005, ExpID 70541
Train - Loss: 37764600.83
Val - Loss, MSE, RMSE, MAE, MAPE: 39619452.00, 39619449.67, 6197.08, 4836.64, 5.28%
Test - Best epoch, Loss, MSE, RMSE, MAE, MAPE: 3, 34602004.00, 34602002.50, 5643.25, 4269.77, 4.50%
- Epoch 006, ExpID 70541
Train - Loss: 24305791.71
Val - Loss, MSE, RMSE, MAE, MAPE: 36089812.00, 36089812.00, 5832.33, 4425.24, 4.79%
Test - Best epoch, Loss, MSE, RMSE, MAE, MAPE: 3, 34602004.00, 34602002.50, 5643.25, 4269.77, 4.50%
- Epoch 007, ExpID 70541
Train - Loss: 21369035.95
Val - Loss, MSE, RMSE, MAE, MAPE: 33842372.00, 33842370.33, 5660.32, 4260.93, 4.64%
Test - Best epoch, Loss, MSE, RMSE, MAE, MAPE: 3, 34602004.00, 34602002.50, 5643.25, 4269.77, 4.50%
- Epoch 008, ExpID 70541
Train - Loss: 20168374.02
Val - Loss, MSE, RMSE, MAE, MAPE: 32585894.00, 32585893.67, 5554.64, 4191.76, 4.57%
Test - Best epoch, Loss, MSE, RMSE, MAE, MAPE: 3, 34602004.00, 34602002.50, 5643.25, 4269.77, 4.50%
- Epoch 009, ExpID 70541
Train - Loss: 19525395.67
Val - Loss, MSE, RMSE, MAE, MAPE: 32508076.00, 32508075.00, 5553.68, 4212.55, 4.59%
Test - Best epoch, Loss, MSE, RMSE, MAE, MAPE: 3, 34602004.00, 34602002.50, 5643.25, 4269.77, 4.50%
- Epoch 010, ExpID 70541
Train - Loss: 18774419.44
Val - Loss, MSE, RMSE, MAE, MAPE: 33387558.00, 33387560.33, 5634.59, 4247.26, 4.62%
Test - Best epoch, Loss, MSE, RMSE, MAE, MAPE: 3, 34602004.00, 34602002.50, 5643.25, 4269.77, 4.50%
- Epoch 011, ExpID 70541
Train - Loss: 18379455.41
Val - Loss, MSE, RMSE, MAE, MAPE: 32226614.00, 32226613.33, 5530.04, 4161.25, 4.52%
Test - Best epoch, Loss, MSE, RMSE, MAE, MAPE: 3, 34602004.00, 34602002.50, 5643.25, 4269.77, 4.50%
- Epoch 012, ExpID 70541
Train - Loss: 17882532.92
Val - Loss, MSE, RMSE, MAE, MAPE: 34539604.00, 34539604.17, 5711.70, 4314.39, 4.64%
Test - Best epoch, Loss, MSE, RMSE, MAE, MAPE: 3, 34602004.00, 34602002.50, 5643.25, 4269.77, 4.50%
- Epoch 013, ExpID 70541
Train - Loss: 19670835.69
Val - Loss, MSE, RMSE, MAE, MAPE: 34887912.00, 34887912.33, 5749.86, 4360.29, 4.74%
Test - Best epoch, Loss, MSE, RMSE, MAE, MAPE: 3, 34602004.00, 34602002.50, 5643.25, 4269.77, 4.50%
Early Stopping at Epoch 13
Fold 2019 Best RMSE: 5643.2544
