DETAILED LOG | Model: tsmixer | Seed: 1
FULL CONFIG: {'gpu': '0', 'target': 'departure', 'cv_start_year': 2017, 'cv_end_year': 2019, 'test_year': 2024, 'use_corona': False, 'seq_len': 365, 'label_len': 0, 'pred_len': 7, 'batch_size': 64, 'epochs': 1000, 'patience': 10, 'lr': 1e-05, 'model': 'tsmixer', 'd_model': 128, 'n_heads': 4, 'n_layers': 3, 'dropout': 0.1, 'activation': 'gelu', 'patch_len': 16, 'factor': 5, 'norm_mode': 'revin', 'use_dbloss': False, 'device': device(type='cuda'), 'stride': 16, 'file_path': 'dataset/airport_daily_flight_merged.csv', 'seed': 1, 'val_year': 2019, 'ndims': 1}

-------------------- [Fold: 2017] ExpID: 42846 --------------------
- Epoch 000, ExpID 42846
Train - Loss: 45250970.83
Val - Loss, MSE, RMSE, MAE, MAPE: 87696952.00, 87696951.33, 8998.41, 7476.49, 9.32%
Test - Best epoch, Loss, MSE, RMSE, MAE, MAPE: 0, 100699728.00, 100699721.33, 9923.95, 8013.28, 9.53%
- Epoch 001, ExpID 42846
Train - Loss: 38828356.35
Val - Loss, MSE, RMSE, MAE, MAPE: 74119056.00, 74119058.00, 8305.55, 6866.33, 8.59%
Test - Best epoch, Loss, MSE, RMSE, MAE, MAPE: 1, 86147240.00, 86147234.67, 9130.96, 7336.32, 8.75%
- Epoch 002, ExpID 42846
Train - Loss: 33710398.35
Val - Loss, MSE, RMSE, MAE, MAPE: 64924648.00, 64924649.33, 7810.85, 6417.50, 8.05%
Test - Best epoch, Loss, MSE, RMSE, MAE, MAPE: 2, 76445744.00, 76445737.33, 8537.17, 6819.68, 8.15%
- Epoch 003, ExpID 42846
Train - Loss: 30993813.09
Val - Loss, MSE, RMSE, MAE, MAPE: 58429064.00, 58429062.67, 7442.88, 6073.85, 7.64%
Test - Best epoch, Loss, MSE, RMSE, MAE, MAPE: 3, 69862504.00, 69862496.00, 8093.90, 6431.90, 7.70%
- Epoch 004, ExpID 42846
Train - Loss: 27735285.64
Val - Loss, MSE, RMSE, MAE, MAPE: 53733832.00, 53733833.00, 7164.99, 5809.43, 7.32%
Test - Best epoch, Loss, MSE, RMSE, MAE, MAPE: 4, 65308796.00, 65308798.67, 7763.32, 6142.18, 7.35%
- Epoch 005, ExpID 42846
Train - Loss: 25931471.23
Val - Loss, MSE, RMSE, MAE, MAPE: 50762700.00, 50762697.67, 6977.52, 5631.09, 7.10%
Test - Best epoch, Loss, MSE, RMSE, MAE, MAPE: 5, 62324920.00, 62324918.00, 7535.01, 5934.07, 7.10%
- Epoch 006, ExpID 42846
Train - Loss: 24337790.25
Val - Loss, MSE, RMSE, MAE, MAPE: 48198092.00, 48198089.00, 6811.09, 5467.74, 6.91%
Test - Best epoch, Loss, MSE, RMSE, MAE, MAPE: 6, 60116684.00, 60116680.00, 7362.60, 5769.90, 6.91%
- Epoch 007, ExpID 42846
Train - Loss: 23363445.87
Val - Loss, MSE, RMSE, MAE, MAPE: 46654024.00, 46654018.67, 6702.49, 5369.73, 6.79%
Test - Best epoch, Loss, MSE, RMSE, MAE, MAPE: 7, 58537504.00, 58537504.67, 7236.95, 5645.49, 6.76%
- Epoch 008, ExpID 42846
Train - Loss: 22309585.13
Val - Loss, MSE, RMSE, MAE, MAPE: 45523612.00, 45523609.67, 6619.56, 5293.19, 6.69%
Test - Best epoch, Loss, MSE, RMSE, MAE, MAPE: 8, 57219736.00, 57219738.33, 7133.01, 5541.85, 6.63%
- Epoch 009, ExpID 42846
Train - Loss: 21434386.92
Val - Loss, MSE, RMSE, MAE, MAPE: 44271680.00, 44271675.00, 6527.21, 5206.39, 6.59%
Test - Best epoch, Loss, MSE, RMSE, MAE, MAPE: 9, 56091640.00, 56091640.67, 7043.11, 5452.13, 6.53%
- Epoch 010, ExpID 42846
Train - Loss: 20753538.93
Val - Loss, MSE, RMSE, MAE, MAPE: 43477148.00, 43477144.00, 6465.34, 5152.82, 6.52%
Test - Best epoch, Loss, MSE, RMSE, MAE, MAPE: 10, 55219964.00, 55219963.67, 6972.67, 5380.75, 6.45%
- Epoch 011, ExpID 42846
Train - Loss: 20103886.09
Val - Loss, MSE, RMSE, MAE, MAPE: 42539376.00, 42539374.33, 6393.28, 5090.23, 6.44%
Test - Best epoch, Loss, MSE, RMSE, MAE, MAPE: 11, 54361360.00, 54361365.67, 6903.97, 5307.51, 6.36%
- Epoch 012, ExpID 42846
Train - Loss: 19621670.21
Val - Loss, MSE, RMSE, MAE, MAPE: 41760320.00, 41760316.33, 6333.02, 5040.53, 6.38%
Test - Best epoch, Loss, MSE, RMSE, MAE, MAPE: 12, 53673152.00, 53673156.00, 6847.82, 5249.02, 6.29%
- Epoch 013, ExpID 42846
Train - Loss: 19070600.52
Val - Loss, MSE, RMSE, MAE, MAPE: 41033168.00, 41033169.00, 6275.40, 4988.50, 6.32%
Test - Best epoch, Loss, MSE, RMSE, MAE, MAPE: 13, 52922024.00, 52922026.67, 6788.05, 5188.87, 6.23%
- Epoch 014, ExpID 42846
Train - Loss: 18645664.57
Val - Loss, MSE, RMSE, MAE, MAPE: 40400156.00, 40400156.67, 6222.89, 4947.04, 6.26%
Test - Best epoch, Loss, MSE, RMSE, MAE, MAPE: 14, 52294044.00, 52294042.00, 6736.81, 5135.94, 6.16%
- Epoch 015, ExpID 42846
Train - Loss: 18381818.49
Val - Loss, MSE, RMSE, MAE, MAPE: 39993044.00, 39993042.00, 6185.54, 4921.60, 6.23%
Test - Best epoch, Loss, MSE, RMSE, MAE, MAPE: 15, 51802992.00, 51802991.33, 6696.73, 5094.27, 6.11%
- Epoch 016, ExpID 42846
Train - Loss: 17864751.25
Val - Loss, MSE, RMSE, MAE, MAPE: 39241200.00, 39241197.33, 6127.53, 4875.17, 6.18%
Test - Best epoch, Loss, MSE, RMSE, MAE, MAPE: 16, 51320088.00, 51320085.33, 6656.66, 5048.28, 6.06%
- Epoch 017, ExpID 42846
Train - Loss: 17447729.32
Val - Loss, MSE, RMSE, MAE, MAPE: 38875688.00, 38875687.67, 6097.57, 4851.36, 6.15%
Test - Best epoch, Loss, MSE, RMSE, MAE, MAPE: 17, 50785756.00, 50785754.00, 6614.10, 5001.75, 6.01%
- Epoch 018, ExpID 42846
Train - Loss: 17098798.47
Val - Loss, MSE, RMSE, MAE, MAPE: 38597336.00, 38597331.67, 6071.56, 4833.31, 6.12%
Test - Best epoch, Loss, MSE, RMSE, MAE, MAPE: 18, 50448812.00, 50448814.00, 6585.28, 4970.01, 5.97%
- Epoch 019, ExpID 42846
Train - Loss: 17348074.16
Val - Loss, MSE, RMSE, MAE, MAPE: 38072884.00, 38072883.00, 6026.29, 4793.11, 6.07%
Test - Best epoch, Loss, MSE, RMSE, MAE, MAPE: 19, 49972360.00, 49972357.00, 6547.84, 4930.15, 5.93%
- Epoch 020, ExpID 42846
Train - Loss: 16552959.59
Val - Loss, MSE, RMSE, MAE, MAPE: 38060272.00, 38060269.67, 6022.98, 4792.61, 6.06%
Test - Best epoch, Loss, MSE, RMSE, MAE, MAPE: 20, 49705312.00, 49705313.83, 6527.56, 4914.75, 5.91%
- Epoch 021, ExpID 42846
Train - Loss: 16283136.81
Val - Loss, MSE, RMSE, MAE, MAPE: 37363452.00, 37363449.17, 5967.11, 4742.37, 6.01%
Test - Best epoch, Loss, MSE, RMSE, MAE, MAPE: 21, 49177932.00, 49177932.33, 6484.96, 4863.63, 5.85%
- Epoch 022, ExpID 42846
Train - Loss: 16163472.43
Val - Loss, MSE, RMSE, MAE, MAPE: 37296952.00, 37296954.17, 5953.25, 4736.15, 5.99%
Test - Best epoch, Loss, MSE, RMSE, MAE, MAPE: 22, 48951408.00, 48951407.00, 6466.92, 4843.34, 5.83%
- Epoch 023, ExpID 42846
Train - Loss: 15851051.59
Val - Loss, MSE, RMSE, MAE, MAPE: 36658152.00, 36658153.17, 5907.53, 4689.45, 5.94%
Test - Best epoch, Loss, MSE, RMSE, MAE, MAPE: 23, 48584200.00, 48584200.33, 6436.11, 4808.00, 5.79%
- Epoch 024, ExpID 42846
Train - Loss: 15504733.24
Val - Loss, MSE, RMSE, MAE, MAPE: 36853860.00, 36853860.67, 5917.01, 4699.29, 5.94%
Test - Best epoch, Loss, MSE, RMSE, MAE, MAPE: 23, 48584200.00, 48584200.33, 6436.11, 4808.00, 5.79%
- Epoch 025, ExpID 42846
Train - Loss: 15346166.35
Val - Loss, MSE, RMSE, MAE, MAPE: 36194280.00, 36194274.00, 5865.87, 4653.54, 5.89%
Test - Best epoch, Loss, MSE, RMSE, MAE, MAPE: 25, 48056812.00, 48056812.00, 6394.20, 4761.53, 5.74%
- Epoch 026, ExpID 42846
Train - Loss: 15301621.85
Val - Loss, MSE, RMSE, MAE, MAPE: 36319504.00, 36319504.33, 5868.95, 4656.37, 5.89%
Test - Best epoch, Loss, MSE, RMSE, MAE, MAPE: 25, 48056812.00, 48056812.00, 6394.20, 4761.53, 5.74%
- Epoch 027, ExpID 42846
Train - Loss: 14932966.21
Val - Loss, MSE, RMSE, MAE, MAPE: 35977932.00, 35977930.83, 5841.11, 4625.82, 5.85%
Test - Best epoch, Loss, MSE, RMSE, MAE, MAPE: 27, 47586872.00, 47586871.00, 6360.40, 4724.69, 5.69%
- Epoch 028, ExpID 42846
Train - Loss: 14792121.75
Val - Loss, MSE, RMSE, MAE, MAPE: 35465728.00, 35465725.83, 5800.72, 4588.45, 5.81%
Test - Best epoch, Loss, MSE, RMSE, MAE, MAPE: 28, 47321904.00, 47321902.50, 6339.90, 4703.84, 5.67%
- Epoch 029, ExpID 42846
Train - Loss: 14499345.15
Val - Loss, MSE, RMSE, MAE, MAPE: 35171532.00, 35171530.33, 5777.32, 4563.59, 5.78%
Test - Best epoch, Loss, MSE, RMSE, MAE, MAPE: 29, 47161724.00, 47161723.33, 6325.83, 4689.20, 5.66%
- Epoch 030, ExpID 42846
Train - Loss: 14338679.72
Val - Loss, MSE, RMSE, MAE, MAPE: 35279952.00, 35279950.83, 5779.49, 4569.26, 5.78%
Test - Best epoch, Loss, MSE, RMSE, MAE, MAPE: 29, 47161724.00, 47161723.33, 6325.83, 4689.20, 5.66%
- Epoch 031, ExpID 42846
Train - Loss: 14243002.16
Val - Loss, MSE, RMSE, MAE, MAPE: 35174928.00, 35174928.83, 5771.29, 4557.55, 5.76%
Test - Best epoch, Loss, MSE, RMSE, MAE, MAPE: 29, 47161724.00, 47161723.33, 6325.83, 4689.20, 5.66%
- Epoch 032, ExpID 42846
Train - Loss: 14059567.27
Val - Loss, MSE, RMSE, MAE, MAPE: 34780248.00, 34780245.50, 5739.07, 4526.02, 5.73%
Test - Best epoch, Loss, MSE, RMSE, MAE, MAPE: 32, 46536124.00, 46536118.83, 6282.53, 4649.54, 5.61%
- Epoch 033, ExpID 42846
Train - Loss: 13915453.25
Val - Loss, MSE, RMSE, MAE, MAPE: 34423432.00, 34423431.00, 5711.83, 4496.27, 5.69%
Test - Best epoch, Loss, MSE, RMSE, MAE, MAPE: 33, 46383472.00, 46383469.83, 6268.53, 4637.18, 5.60%
- Epoch 034, ExpID 42846
Train - Loss: 13724927.55
Val - Loss, MSE, RMSE, MAE, MAPE: 34609100.00, 34609100.67, 5721.32, 4507.56, 5.70%
Test - Best epoch, Loss, MSE, RMSE, MAE, MAPE: 33, 46383472.00, 46383469.83, 6268.53, 4637.18, 5.60%
- Epoch 035, ExpID 42846
Train - Loss: 13480366.15
Val - Loss, MSE, RMSE, MAE, MAPE: 34516728.00, 34516726.00, 5711.39, 4496.63, 5.69%
Test - Best epoch, Loss, MSE, RMSE, MAE, MAPE: 33, 46383472.00, 46383469.83, 6268.53, 4637.18, 5.60%
- Epoch 036, ExpID 42846
Train - Loss: 13313332.85
Val - Loss, MSE, RMSE, MAE, MAPE: 33876352.00, 33876349.50, 5659.85, 4444.88, 5.63%
Test - Best epoch, Loss, MSE, RMSE, MAE, MAPE: 36, 45834592.00, 45834591.33, 6230.30, 4601.39, 5.56%
- Epoch 037, ExpID 42846
Train - Loss: 13272545.77
Val - Loss, MSE, RMSE, MAE, MAPE: 33922304.00, 33922302.50, 5657.44, 4446.73, 5.63%
Test - Best epoch, Loss, MSE, RMSE, MAE, MAPE: 36, 45834592.00, 45834591.33, 6230.30, 4601.39, 5.56%
- Epoch 038, ExpID 42846
Train - Loss: 13051681.43
Val - Loss, MSE, RMSE, MAE, MAPE: 33725848.00, 33725846.00, 5643.10, 4431.37, 5.61%
Test - Best epoch, Loss, MSE, RMSE, MAE, MAPE: 38, 45455664.00, 45455664.33, 6205.22, 4579.61, 5.53%
- Epoch 039, ExpID 42846
Train - Loss: 12912275.89
Val - Loss, MSE, RMSE, MAE, MAPE: 33717264.00, 33717261.50, 5641.04, 4429.11, 5.61%
Test - Best epoch, Loss, MSE, RMSE, MAE, MAPE: 39, 45368028.00, 45368027.00, 6201.19, 4580.04, 5.53%
- Epoch 040, ExpID 42846
Train - Loss: 12772424.14
Val - Loss, MSE, RMSE, MAE, MAPE: 33779784.00, 33779783.33, 5642.81, 4431.09, 5.60%
Test - Best epoch, Loss, MSE, RMSE, MAE, MAPE: 39, 45368028.00, 45368027.00, 6201.19, 4580.04, 5.53%
- Epoch 041, ExpID 42846
Train - Loss: 12618710.25
Val - Loss, MSE, RMSE, MAE, MAPE: 33301896.00, 33301895.83, 5604.77, 4393.49, 5.57%
Test - Best epoch, Loss, MSE, RMSE, MAE, MAPE: 41, 45054760.00, 45054755.67, 6178.82, 4559.50, 5.51%
- Epoch 042, ExpID 42846
Train - Loss: 12486947.65
Val - Loss, MSE, RMSE, MAE, MAPE: 33371902.00, 33371901.00, 5604.48, 4393.62, 5.56%
Test - Best epoch, Loss, MSE, RMSE, MAE, MAPE: 41, 45054760.00, 45054755.67, 6178.82, 4559.50, 5.51%
- Epoch 043, ExpID 42846
Train - Loss: 12349499.60
Val - Loss, MSE, RMSE, MAE, MAPE: 33362640.00, 33362640.33, 5603.13, 4390.45, 5.55%
Test - Best epoch, Loss, MSE, RMSE, MAE, MAPE: 41, 45054760.00, 45054755.67, 6178.82, 4559.50, 5.51%
- Epoch 044, ExpID 42846
Train - Loss: 12403201.88
Val - Loss, MSE, RMSE, MAE, MAPE: 32765796.00, 32765794.50, 5556.73, 4341.59, 5.50%
Test - Best epoch, Loss, MSE, RMSE, MAE, MAPE: 44, 44648660.00, 44648658.00, 6152.38, 4537.56, 5.49%
- Epoch 045, ExpID 42846
Train - Loss: 12224350.17
Val - Loss, MSE, RMSE, MAE, MAPE: 33013564.00, 33013560.17, 5572.98, 4359.85, 5.52%
Test - Best epoch, Loss, MSE, RMSE, MAE, MAPE: 44, 44648660.00, 44648658.00, 6152.38, 4537.56, 5.49%
- Epoch 046, ExpID 42846
Train - Loss: 12129026.21
Val - Loss, MSE, RMSE, MAE, MAPE: 32682012.00, 32682010.67, 5547.67, 4337.19, 5.49%
Test - Best epoch, Loss, MSE, RMSE, MAE, MAPE: 46, 44560532.00, 44560530.17, 6145.73, 4540.85, 5.49%
- Epoch 047, ExpID 42846
Train - Loss: 11876479.93
Val - Loss, MSE, RMSE, MAE, MAPE: 32749616.00, 32749617.00, 5549.52, 4341.78, 5.49%
Test - Best epoch, Loss, MSE, RMSE, MAE, MAPE: 46, 44560532.00, 44560530.17, 6145.73, 4540.85, 5.49%
- Epoch 048, ExpID 42846
Train - Loss: 11798791.54
Val - Loss, MSE, RMSE, MAE, MAPE: 32646964.00, 32646964.50, 5538.65, 4328.71, 5.48%
Test - Best epoch, Loss, MSE, RMSE, MAE, MAPE: 48, 44292616.00, 44292615.00, 6131.65, 4530.24, 5.47%
- Epoch 049, ExpID 42846
Train - Loss: 11717095.97
Val - Loss, MSE, RMSE, MAE, MAPE: 32385494.00, 32385491.83, 5518.83, 4311.41, 5.46%
Test - Best epoch, Loss, MSE, RMSE, MAE, MAPE: 49, 44167980.00, 44167980.83, 6123.67, 4521.83, 5.47%
- Epoch 050, ExpID 42846
Train - Loss: 11520188.67
Val - Loss, MSE, RMSE, MAE, MAPE: 32319886.00, 32319883.50, 5513.32, 4303.67, 5.45%
Test - Best epoch, Loss, MSE, RMSE, MAE, MAPE: 50, 44062056.00, 44062055.67, 6115.87, 4519.75, 5.47%
- Epoch 051, ExpID 42846
Train - Loss: 11474357.61
Val - Loss, MSE, RMSE, MAE, MAPE: 32216246.00, 32216243.33, 5505.00, 4290.55, 5.44%
Test - Best epoch, Loss, MSE, RMSE, MAE, MAPE: 51, 43965904.00, 43965905.00, 6107.83, 4515.71, 5.46%
- Epoch 052, ExpID 42846
Train - Loss: 11459355.49
Val - Loss, MSE, RMSE, MAE, MAPE: 32326056.00, 32326056.00, 5507.33, 4300.89, 5.45%
Test - Best epoch, Loss, MSE, RMSE, MAE, MAPE: 51, 43965904.00, 43965905.00, 6107.83, 4515.71, 5.46%
- Epoch 053, ExpID 42846
Train - Loss: 11266194.03
Val - Loss, MSE, RMSE, MAE, MAPE: 32154600.00, 32154600.83, 5496.66, 4284.86, 5.43%
Test - Best epoch, Loss, MSE, RMSE, MAE, MAPE: 53, 43737888.00, 43737886.33, 6093.96, 4505.92, 5.45%
- Epoch 054, ExpID 42846
Train - Loss: 11292573.36
Val - Loss, MSE, RMSE, MAE, MAPE: 32064060.00, 32064056.83, 5486.52, 4273.93, 5.41%
Test - Best epoch, Loss, MSE, RMSE, MAE, MAPE: 54, 43653004.00, 43653001.83, 6087.73, 4502.04, 5.44%
- Epoch 055, ExpID 42846
Train - Loss: 11158766.52
Val - Loss, MSE, RMSE, MAE, MAPE: 32052724.00, 32052721.67, 5481.84, 4271.11, 5.41%
Test - Best epoch, Loss, MSE, RMSE, MAE, MAPE: 55, 43554552.00, 43554554.00, 6080.65, 4499.94, 5.44%
- Epoch 056, ExpID 42846
Train - Loss: 10968922.99
Val - Loss, MSE, RMSE, MAE, MAPE: 32066896.00, 32066897.33, 5483.81, 4271.22, 5.41%
Test - Best epoch, Loss, MSE, RMSE, MAE, MAPE: 55, 43554552.00, 43554554.00, 6080.65, 4499.94, 5.44%
- Epoch 057, ExpID 42846
Train - Loss: 10893005.26
Val - Loss, MSE, RMSE, MAE, MAPE: 31908884.00, 31908886.67, 5469.79, 4257.04, 5.39%
Test - Best epoch, Loss, MSE, RMSE, MAE, MAPE: 57, 43422824.00, 43422822.17, 6073.60, 4496.88, 5.43%
- Epoch 058, ExpID 42846
Train - Loss: 10836403.18
Val - Loss, MSE, RMSE, MAE, MAPE: 31563392.00, 31563392.33, 5445.95, 4232.29, 5.37%
Test - Best epoch, Loss, MSE, RMSE, MAE, MAPE: 58, 43317696.00, 43317690.83, 6063.69, 4492.44, 5.43%
- Epoch 059, ExpID 42846
Train - Loss: 10709841.93
Val - Loss, MSE, RMSE, MAE, MAPE: 31649872.00, 31649873.50, 5450.42, 4234.25, 5.37%
Test - Best epoch, Loss, MSE, RMSE, MAE, MAPE: 58, 43317696.00, 43317690.83, 6063.69, 4492.44, 5.43%
- Epoch 060, ExpID 42846
Train - Loss: 10611076.27
Val - Loss, MSE, RMSE, MAE, MAPE: 31634830.00, 31634828.83, 5448.54, 4229.94, 5.36%
Test - Best epoch, Loss, MSE, RMSE, MAE, MAPE: 58, 43317696.00, 43317690.83, 6063.69, 4492.44, 5.43%
- Epoch 061, ExpID 42846
Train - Loss: 10577352.95
Val - Loss, MSE, RMSE, MAE, MAPE: 31731726.00, 31731725.00, 5454.14, 4237.42, 5.37%
Test - Best epoch, Loss, MSE, RMSE, MAE, MAPE: 58, 43317696.00, 43317690.83, 6063.69, 4492.44, 5.43%
- Epoch 062, ExpID 42846
Train - Loss: 10520016.74
Val - Loss, MSE, RMSE, MAE, MAPE: 31877308.00, 31877308.50, 5461.92, 4253.15, 5.38%
Test - Best epoch, Loss, MSE, RMSE, MAE, MAPE: 58, 43317696.00, 43317690.83, 6063.69, 4492.44, 5.43%
- Epoch 063, ExpID 42846
Train - Loss: 10372981.63
Val - Loss, MSE, RMSE, MAE, MAPE: 31771248.00, 31771245.67, 5452.48, 4243.01, 5.37%
Test - Best epoch, Loss, MSE, RMSE, MAE, MAPE: 58, 43317696.00, 43317690.83, 6063.69, 4492.44, 5.43%
- Epoch 064, ExpID 42846
Train - Loss: 10370346.69
Val - Loss, MSE, RMSE, MAE, MAPE: 31187900.00, 31187896.33, 5408.85, 4189.66, 5.32%
Test - Best epoch, Loss, MSE, RMSE, MAE, MAPE: 64, 42876440.00, 42876440.50, 6032.47, 4462.04, 5.40%
- Epoch 065, ExpID 42846
Train - Loss: 10226686.65
Val - Loss, MSE, RMSE, MAE, MAPE: 31424864.00, 31424863.33, 5424.13, 4209.06, 5.33%
Test - Best epoch, Loss, MSE, RMSE, MAE, MAPE: 64, 42876440.00, 42876440.50, 6032.47, 4462.04, 5.40%
- Epoch 066, ExpID 42846
Train - Loss: 10145970.23
Val - Loss, MSE, RMSE, MAE, MAPE: 31164640.00, 31164639.67, 5406.93, 4189.29, 5.31%
Test - Best epoch, Loss, MSE, RMSE, MAE, MAPE: 66, 42811044.00, 42811042.17, 6023.72, 4459.53, 5.39%
- Epoch 067, ExpID 42846
Train - Loss: 10228682.95
Val - Loss, MSE, RMSE, MAE, MAPE: 31174100.00, 31174100.50, 5409.20, 4191.51, 5.31%
Test - Best epoch, Loss, MSE, RMSE, MAE, MAPE: 66, 42811044.00, 42811042.17, 6023.72, 4459.53, 5.39%
- Epoch 068, ExpID 42846
Train - Loss: 10020659.62
Val - Loss, MSE, RMSE, MAE, MAPE: 31041014.00, 31041012.17, 5392.92, 4173.96, 5.29%
Test - Best epoch, Loss, MSE, RMSE, MAE, MAPE: 68, 42673352.00, 42673352.17, 6014.46, 4452.14, 5.39%
- Epoch 069, ExpID 42846
Train - Loss: 9887842.10
Val - Loss, MSE, RMSE, MAE, MAPE: 31414640.00, 31414641.17, 5421.56, 4205.89, 5.33%
Test - Best epoch, Loss, MSE, RMSE, MAE, MAPE: 68, 42673352.00, 42673352.17, 6014.46, 4452.14, 5.39%
- Epoch 070, ExpID 42846
Train - Loss: 9829898.52
Val - Loss, MSE, RMSE, MAE, MAPE: 31083886.00, 31083884.17, 5398.21, 4179.47, 5.30%
Test - Best epoch, Loss, MSE, RMSE, MAE, MAPE: 68, 42673352.00, 42673352.17, 6014.46, 4452.14, 5.39%
- Epoch 071, ExpID 42846
Train - Loss: 9825317.48
Val - Loss, MSE, RMSE, MAE, MAPE: 31137948.00, 31137946.00, 5399.81, 4180.43, 5.30%
Test - Best epoch, Loss, MSE, RMSE, MAE, MAPE: 68, 42673352.00, 42673352.17, 6014.46, 4452.14, 5.39%
- Epoch 072, ExpID 42846
Train - Loss: 9836050.11
Val - Loss, MSE, RMSE, MAE, MAPE: 30885894.00, 30885896.67, 5383.68, 4159.85, 5.28%
Test - Best epoch, Loss, MSE, RMSE, MAE, MAPE: 72, 42336544.00, 42336540.17, 5985.27, 4432.66, 5.36%
- Epoch 073, ExpID 42846
Train - Loss: 9671197.64
Val - Loss, MSE, RMSE, MAE, MAPE: 31217312.00, 31217309.67, 5408.04, 4190.67, 5.31%
Test - Best epoch, Loss, MSE, RMSE, MAE, MAPE: 72, 42336544.00, 42336540.17, 5985.27, 4432.66, 5.36%
- Epoch 074, ExpID 42846
Train - Loss: 9558311.41
Val - Loss, MSE, RMSE, MAE, MAPE: 30574588.00, 30574587.33, 5353.56, 4125.84, 5.24%
Test - Best epoch, Loss, MSE, RMSE, MAE, MAPE: 74, 42221796.00, 42221795.17, 5976.07, 4423.25, 5.36%
- Epoch 075, ExpID 42846
Train - Loss: 9470692.87
Val - Loss, MSE, RMSE, MAE, MAPE: 30925576.00, 30925576.50, 5378.89, 4154.31, 5.27%
Test - Best epoch, Loss, MSE, RMSE, MAE, MAPE: 74, 42221796.00, 42221795.17, 5976.07, 4423.25, 5.36%
- Epoch 076, ExpID 42846
Train - Loss: 9478763.60
Val - Loss, MSE, RMSE, MAE, MAPE: 30663252.00, 30663248.83, 5364.33, 4139.19, 5.25%
Test - Best epoch, Loss, MSE, RMSE, MAE, MAPE: 74, 42221796.00, 42221795.17, 5976.07, 4423.25, 5.36%
- Epoch 077, ExpID 42846
Train - Loss: 9362763.48
Val - Loss, MSE, RMSE, MAE, MAPE: 31108560.00, 31108560.83, 5397.08, 4176.07, 5.29%
Test - Best epoch, Loss, MSE, RMSE, MAE, MAPE: 74, 42221796.00, 42221795.17, 5976.07, 4423.25, 5.36%
- Epoch 078, ExpID 42846
Train - Loss: 9277994.51
Val - Loss, MSE, RMSE, MAE, MAPE: 31306368.00, 31306369.17, 5408.12, 4192.21, 5.31%
Test - Best epoch, Loss, MSE, RMSE, MAE, MAPE: 74, 42221796.00, 42221795.17, 5976.07, 4423.25, 5.36%
- Epoch 079, ExpID 42846
Train - Loss: 9208166.13
Val - Loss, MSE, RMSE, MAE, MAPE: 30764718.00, 30764717.50, 5371.14, 4142.04, 5.25%
Test - Best epoch, Loss, MSE, RMSE, MAE, MAPE: 74, 42221796.00, 42221795.17, 5976.07, 4423.25, 5.36%
- Epoch 080, ExpID 42846
Train - Loss: 9133231.45
Val - Loss, MSE, RMSE, MAE, MAPE: 31026036.00, 31026036.33, 5384.69, 4165.31, 5.28%
Test - Best epoch, Loss, MSE, RMSE, MAE, MAPE: 74, 42221796.00, 42221795.17, 5976.07, 4423.25, 5.36%
- Epoch 081, ExpID 42846
Train - Loss: 9147376.21
Val - Loss, MSE, RMSE, MAE, MAPE: 31003420.00, 31003419.67, 5381.55, 4162.68, 5.27%
Test - Best epoch, Loss, MSE, RMSE, MAE, MAPE: 74, 42221796.00, 42221795.17, 5976.07, 4423.25, 5.36%
- Epoch 082, ExpID 42846
Train - Loss: 9021173.37
Val - Loss, MSE, RMSE, MAE, MAPE: 31057544.00, 31057542.67, 5392.41, 4168.45, 5.28%
Test - Best epoch, Loss, MSE, RMSE, MAE, MAPE: 74, 42221796.00, 42221795.17, 5976.07, 4423.25, 5.36%
- Epoch 083, ExpID 42846
Train - Loss: 9015318.42
Val - Loss, MSE, RMSE, MAE, MAPE: 31212468.00, 31212467.67, 5398.09, 4184.50, 5.30%
Test - Best epoch, Loss, MSE, RMSE, MAE, MAPE: 74, 42221796.00, 42221795.17, 5976.07, 4423.25, 5.36%
- Epoch 084, ExpID 42846
Train - Loss: 8883025.71
Val - Loss, MSE, RMSE, MAE, MAPE: 30893488.00, 30893488.33, 5375.56, 4149.20, 5.26%
Test - Best epoch, Loss, MSE, RMSE, MAE, MAPE: 74, 42221796.00, 42221795.17, 5976.07, 4423.25, 5.36%
Early Stopping at Epoch 84
Fold 2017 Best RMSE: 5976.0658

-------------------- [Fold: 2018] ExpID: 47259 --------------------
- Epoch 000, ExpID 47259
Train - Loss: 42971417.45
Val - Loss, MSE, RMSE, MAE, MAPE: 86450272.00, 86450270.00, 9132.31, 7302.56, 8.65%
Test - Best epoch, Loss, MSE, RMSE, MAE, MAPE: 0, 72692328.00, 72692330.67, 8480.46, 6798.47, 7.27%
- Epoch 001, ExpID 47259
Train - Loss: 36622638.52
Val - Loss, MSE, RMSE, MAE, MAPE: 76168152.00, 76168146.00, 8532.20, 6790.85, 8.09%
Test - Best epoch, Loss, MSE, RMSE, MAE, MAPE: 1, 62525852.00, 62525848.67, 7874.26, 6279.49, 6.74%
- Epoch 002, ExpID 47259
Train - Loss: 32688701.20
Val - Loss, MSE, RMSE, MAE, MAPE: 69291640.00, 69291643.67, 8086.32, 6400.69, 7.65%
Test - Best epoch, Loss, MSE, RMSE, MAE, MAPE: 2, 56302188.00, 56302186.00, 7471.06, 5942.41, 6.39%
- Epoch 003, ExpID 47259
Train - Loss: 29853754.52
Val - Loss, MSE, RMSE, MAE, MAPE: 64547052.00, 64547050.00, 7755.64, 6106.95, 7.30%
Test - Best epoch, Loss, MSE, RMSE, MAE, MAPE: 3, 52097100.00, 52097098.00, 7181.95, 5701.33, 6.14%
- Epoch 004, ExpID 47259
Train - Loss: 27803055.90
Val - Loss, MSE, RMSE, MAE, MAPE: 61260632.00, 61260629.67, 7513.18, 5897.37, 7.05%
Test - Best epoch, Loss, MSE, RMSE, MAE, MAPE: 4, 49151968.00, 49151970.00, 6969.57, 5524.32, 5.95%
- Epoch 005, ExpID 47259
Train - Loss: 26047751.23
Val - Loss, MSE, RMSE, MAE, MAPE: 58860360.00, 58860356.33, 7329.83, 5731.31, 6.86%
Test - Best epoch, Loss, MSE, RMSE, MAE, MAPE: 5, 46978560.00, 46978560.00, 6807.01, 5392.01, 5.80%
- Epoch 006, ExpID 47259
Train - Loss: 24719412.15
Val - Loss, MSE, RMSE, MAE, MAPE: 57016216.00, 57016209.33, 7187.99, 5592.12, 6.70%
Test - Best epoch, Loss, MSE, RMSE, MAE, MAPE: 6, 45218636.00, 45218633.33, 6672.17, 5280.28, 5.69%
- Epoch 007, ExpID 47259
Train - Loss: 23726464.50
Val - Loss, MSE, RMSE, MAE, MAPE: 55559580.00, 55559577.00, 7071.93, 5476.04, 6.56%
Test - Best epoch, Loss, MSE, RMSE, MAE, MAPE: 7, 43902912.00, 43902909.33, 6567.94, 5190.07, 5.59%
- Epoch 008, ExpID 47259
Train - Loss: 22764235.24
Val - Loss, MSE, RMSE, MAE, MAPE: 54407948.00, 54407945.67, 6978.90, 5380.39, 6.44%
Test - Best epoch, Loss, MSE, RMSE, MAE, MAPE: 8, 42826000.00, 42826003.00, 6481.24, 5112.03, 5.50%
- Epoch 009, ExpID 47259
Train - Loss: 21910121.16
Val - Loss, MSE, RMSE, MAE, MAPE: 53436312.00, 53436309.67, 6900.46, 5298.83, 6.35%
Test - Best epoch, Loss, MSE, RMSE, MAE, MAPE: 9, 41910632.00, 41910630.33, 6407.41, 5043.20, 5.43%
- Epoch 010, ExpID 47259
Train - Loss: 21292253.50
Val - Loss, MSE, RMSE, MAE, MAPE: 52586392.00, 52586388.67, 6830.81, 5223.84, 6.26%
Test - Best epoch, Loss, MSE, RMSE, MAE, MAPE: 10, 41172448.00, 41172446.00, 6346.79, 4987.86, 5.36%
- Epoch 011, ExpID 47259
Train - Loss: 20574896.20
Val - Loss, MSE, RMSE, MAE, MAPE: 51771564.00, 51771565.33, 6765.58, 5152.12, 6.18%
Test - Best epoch, Loss, MSE, RMSE, MAE, MAPE: 11, 40471400.00, 40471397.67, 6289.64, 4938.05, 5.31%
- Epoch 012, ExpID 47259
Train - Loss: 20056664.93
Val - Loss, MSE, RMSE, MAE, MAPE: 51023776.00, 51023775.00, 6704.49, 5083.71, 6.10%
Test - Best epoch, Loss, MSE, RMSE, MAE, MAPE: 12, 39913848.00, 39913847.33, 6244.09, 4900.17, 5.27%
- Epoch 013, ExpID 47259
Train - Loss: 19543527.41
Val - Loss, MSE, RMSE, MAE, MAPE: 50480280.00, 50480276.67, 6658.18, 5033.74, 6.05%
Test - Best epoch, Loss, MSE, RMSE, MAE, MAPE: 13, 39414928.00, 39414925.00, 6204.21, 4865.63, 5.24%
- Epoch 014, ExpID 47259
Train - Loss: 19002773.15
Val - Loss, MSE, RMSE, MAE, MAPE: 49880716.00, 49880716.33, 6607.75, 4979.96, 5.98%
Test - Best epoch, Loss, MSE, RMSE, MAE, MAPE: 14, 38971524.00, 38971521.67, 6168.20, 4833.62, 5.20%
- Epoch 015, ExpID 47259
Train - Loss: 18602501.45
Val - Loss, MSE, RMSE, MAE, MAPE: 49355264.00, 49355268.00, 6564.78, 4927.89, 5.93%
Test - Best epoch, Loss, MSE, RMSE, MAE, MAPE: 15, 38576080.00, 38576082.00, 6136.66, 4806.65, 5.18%
- Epoch 016, ExpID 47259
Train - Loss: 18170596.46
Val - Loss, MSE, RMSE, MAE, MAPE: 48823244.00, 48823242.33, 6520.33, 4883.70, 5.88%
Test - Best epoch, Loss, MSE, RMSE, MAE, MAPE: 16, 38186792.00, 38186795.67, 6105.39, 4780.20, 5.15%
- Epoch 017, ExpID 47259
Train - Loss: 17790235.81
Val - Loss, MSE, RMSE, MAE, MAPE: 48382392.00, 48382390.67, 6483.92, 4838.66, 5.83%
Test - Best epoch, Loss, MSE, RMSE, MAE, MAPE: 17, 37872124.00, 37872121.67, 6080.67, 4760.56, 5.13%
- Epoch 018, ExpID 47259
Train - Loss: 17460647.01
Val - Loss, MSE, RMSE, MAE, MAPE: 48011324.00, 48011322.33, 6451.22, 4808.18, 5.79%
Test - Best epoch, Loss, MSE, RMSE, MAE, MAPE: 18, 37579976.00, 37579973.00, 6057.23, 4742.61, 5.11%
- Epoch 019, ExpID 47259
Train - Loss: 17185822.39
Val - Loss, MSE, RMSE, MAE, MAPE: 47769144.00, 47769140.00, 6428.65, 4786.73, 5.77%
Test - Best epoch, Loss, MSE, RMSE, MAE, MAPE: 19, 37366376.00, 37366371.67, 6041.06, 4730.21, 5.10%
- Epoch 020, ExpID 47259
Train - Loss: 16822081.16
Val - Loss, MSE, RMSE, MAE, MAPE: 47358988.00, 47358984.67, 6395.17, 4748.67, 5.73%
Test - Best epoch, Loss, MSE, RMSE, MAE, MAPE: 20, 37057564.00, 37057561.00, 6016.76, 4710.66, 5.08%
- Epoch 021, ExpID 47259
Train - Loss: 16588699.50
Val - Loss, MSE, RMSE, MAE, MAPE: 47120348.00, 47120344.33, 6373.88, 4724.24, 5.70%
Test - Best epoch, Loss, MSE, RMSE, MAE, MAPE: 21, 36836264.00, 36836261.67, 5999.87, 4698.92, 5.07%
- Epoch 022, ExpID 47259
Train - Loss: 16284617.28
Val - Loss, MSE, RMSE, MAE, MAPE: 46841272.00, 46841272.00, 6351.46, 4702.62, 5.68%
Test - Best epoch, Loss, MSE, RMSE, MAE, MAPE: 22, 36620900.00, 36620900.33, 5983.63, 4685.00, 5.06%
- Epoch 023, ExpID 47259
Train - Loss: 16052189.57
Val - Loss, MSE, RMSE, MAE, MAPE: 46594512.00, 46594510.67, 6329.78, 4681.42, 5.65%
Test - Best epoch, Loss, MSE, RMSE, MAE, MAPE: 23, 36422836.00, 36422834.67, 5968.17, 4673.63, 5.04%
- Epoch 024, ExpID 47259
Train - Loss: 15818858.68
Val - Loss, MSE, RMSE, MAE, MAPE: 46388204.00, 46388201.67, 6311.60, 4658.62, 5.63%
Test - Best epoch, Loss, MSE, RMSE, MAE, MAPE: 24, 36180472.00, 36180471.67, 5949.05, 4658.25, 5.03%
- Epoch 025, ExpID 47259
Train - Loss: 15529365.82
Val - Loss, MSE, RMSE, MAE, MAPE: 46207368.00, 46207364.33, 6296.57, 4644.06, 5.61%
Test - Best epoch, Loss, MSE, RMSE, MAE, MAPE: 25, 36005648.00, 36005645.33, 5936.31, 4648.41, 5.02%
- Epoch 026, ExpID 47259
Train - Loss: 15354575.99
Val - Loss, MSE, RMSE, MAE, MAPE: 46023672.00, 46023672.67, 6281.50, 4629.04, 5.59%
Test - Best epoch, Loss, MSE, RMSE, MAE, MAPE: 26, 35851336.00, 35851333.00, 5924.68, 4637.49, 5.01%
- Epoch 027, ExpID 47259
Train - Loss: 15169905.15
Val - Loss, MSE, RMSE, MAE, MAPE: 45845240.00, 45845237.67, 6265.88, 4618.31, 5.58%
Test - Best epoch, Loss, MSE, RMSE, MAE, MAPE: 27, 35628936.00, 35628936.00, 5907.23, 4622.98, 4.99%
- Epoch 028, ExpID 47259
Train - Loss: 14939035.05
Val - Loss, MSE, RMSE, MAE, MAPE: 45724832.00, 45724833.00, 6255.33, 4615.09, 5.57%
Test - Best epoch, Loss, MSE, RMSE, MAE, MAPE: 28, 35508760.00, 35508758.00, 5897.90, 4614.52, 4.98%
- Epoch 029, ExpID 47259
Train - Loss: 14772955.68
Val - Loss, MSE, RMSE, MAE, MAPE: 45517724.00, 45517722.00, 6238.69, 4590.82, 5.55%
Test - Best epoch, Loss, MSE, RMSE, MAE, MAPE: 29, 35291848.00, 35291848.33, 5880.72, 4601.22, 4.97%
- Epoch 030, ExpID 47259
Train - Loss: 14603219.05
Val - Loss, MSE, RMSE, MAE, MAPE: 45400624.00, 45400622.67, 6227.55, 4580.64, 5.54%
Test - Best epoch, Loss, MSE, RMSE, MAE, MAPE: 30, 35182984.00, 35182981.67, 5872.82, 4592.14, 4.96%
- Epoch 031, ExpID 47259
Train - Loss: 14413305.78
Val - Loss, MSE, RMSE, MAE, MAPE: 45188328.00, 45188323.00, 6209.60, 4568.63, 5.52%
Test - Best epoch, Loss, MSE, RMSE, MAE, MAPE: 31, 34978360.00, 34978360.00, 5855.91, 4578.56, 4.94%
- Epoch 032, ExpID 47259
Train - Loss: 14279338.68
Val - Loss, MSE, RMSE, MAE, MAPE: 45123912.00, 45123906.33, 6204.20, 4566.86, 5.53%
Test - Best epoch, Loss, MSE, RMSE, MAE, MAPE: 32, 34884484.00, 34884482.33, 5849.86, 4572.46, 4.94%
- Epoch 033, ExpID 47259
Train - Loss: 14130759.41
Val - Loss, MSE, RMSE, MAE, MAPE: 44949464.00, 44949458.67, 6189.08, 4557.29, 5.51%
Test - Best epoch, Loss, MSE, RMSE, MAE, MAPE: 33, 34690956.00, 34690956.33, 5833.97, 4559.35, 4.92%
- Epoch 034, ExpID 47259
Train - Loss: 13973318.31
Val - Loss, MSE, RMSE, MAE, MAPE: 44772876.00, 44772875.33, 6175.78, 4541.38, 5.49%
Test - Best epoch, Loss, MSE, RMSE, MAE, MAPE: 34, 34560520.00, 34560520.67, 5824.44, 4549.33, 4.91%
- Epoch 035, ExpID 47259
Train - Loss: 13749722.07
Val - Loss, MSE, RMSE, MAE, MAPE: 44599008.00, 44599005.33, 6158.96, 4531.49, 5.48%
Test - Best epoch, Loss, MSE, RMSE, MAE, MAPE: 35, 34363420.00, 34363416.67, 5807.69, 4533.49, 4.90%
- Epoch 036, ExpID 47259
Train - Loss: 13652901.00
Val - Loss, MSE, RMSE, MAE, MAPE: 44499592.00, 44499592.33, 6152.48, 4527.37, 5.47%
Test - Best epoch, Loss, MSE, RMSE, MAE, MAPE: 36, 34241476.00, 34241472.33, 5798.89, 4525.30, 4.89%
- Epoch 037, ExpID 47259
Train - Loss: 13495505.14
Val - Loss, MSE, RMSE, MAE, MAPE: 44362096.00, 44362092.33, 6141.13, 4511.91, 5.47%
Test - Best epoch, Loss, MSE, RMSE, MAE, MAPE: 37, 34126464.00, 34126461.33, 5790.31, 4519.28, 4.89%
- Epoch 038, ExpID 47259
Train - Loss: 13341061.39
Val - Loss, MSE, RMSE, MAE, MAPE: 44240896.00, 44240895.67, 6130.36, 4513.90, 5.46%
Test - Best epoch, Loss, MSE, RMSE, MAE, MAPE: 38, 34028840.00, 34028838.67, 5782.64, 4510.70, 4.87%
- Epoch 039, ExpID 47259
Train - Loss: 13218257.50
Val - Loss, MSE, RMSE, MAE, MAPE: 44128664.00, 44128662.33, 6120.64, 4510.81, 5.45%
Test - Best epoch, Loss, MSE, RMSE, MAE, MAPE: 39, 33911048.00, 33911047.67, 5773.23, 4503.64, 4.86%
- Epoch 040, ExpID 47259
Train - Loss: 13070906.22
Val - Loss, MSE, RMSE, MAE, MAPE: 43981532.00, 43981529.50, 6108.04, 4498.20, 5.44%
Test - Best epoch, Loss, MSE, RMSE, MAE, MAPE: 40, 33805200.00, 33805200.67, 5765.07, 4494.60, 4.86%
- Epoch 041, ExpID 47259
Train - Loss: 12932833.55
Val - Loss, MSE, RMSE, MAE, MAPE: 43795480.00, 43795474.50, 6095.15, 4479.07, 5.42%
Test - Best epoch, Loss, MSE, RMSE, MAE, MAPE: 41, 33659792.00, 33659789.00, 5753.40, 4485.21, 4.85%
- Epoch 042, ExpID 47259
Train - Loss: 12852563.22
Val - Loss, MSE, RMSE, MAE, MAPE: 43694700.00, 43694696.67, 6085.54, 4482.48, 5.42%
Test - Best epoch, Loss, MSE, RMSE, MAE, MAPE: 42, 33595036.00, 33595033.67, 5748.57, 4478.96, 4.84%
- Epoch 043, ExpID 47259
Train - Loss: 12702667.03
Val - Loss, MSE, RMSE, MAE, MAPE: 43553400.00, 43553401.83, 6074.61, 4470.77, 5.41%
Test - Best epoch, Loss, MSE, RMSE, MAE, MAPE: 43, 33508296.00, 33508297.67, 5742.31, 4472.08, 4.83%
- Epoch 044, ExpID 47259
Train - Loss: 12561991.10
Val - Loss, MSE, RMSE, MAE, MAPE: 43425896.00, 43425896.67, 6063.90, 4466.28, 5.40%
Test - Best epoch, Loss, MSE, RMSE, MAE, MAPE: 44, 33365446.00, 33365445.33, 5729.83, 4461.97, 4.82%
- Epoch 045, ExpID 47259
Train - Loss: 12433233.99
Val - Loss, MSE, RMSE, MAE, MAPE: 43319752.00, 43319751.00, 6055.27, 4457.62, 5.39%
Test - Best epoch, Loss, MSE, RMSE, MAE, MAPE: 45, 33305712.00, 33305712.33, 5725.62, 4458.94, 4.82%
- Epoch 046, ExpID 47259
Train - Loss: 12331503.18
Val - Loss, MSE, RMSE, MAE, MAPE: 43224576.00, 43224575.00, 6046.26, 4451.95, 5.39%
Test - Best epoch, Loss, MSE, RMSE, MAE, MAPE: 46, 33236942.00, 33236941.00, 5720.49, 4454.54, 4.81%
- Epoch 047, ExpID 47259
Train - Loss: 12256476.97
Val - Loss, MSE, RMSE, MAE, MAPE: 43070860.00, 43070862.67, 6033.57, 4442.13, 5.38%
Test - Best epoch, Loss, MSE, RMSE, MAE, MAPE: 47, 33102800.00, 33102798.67, 5708.95, 4444.36, 4.80%
- Epoch 048, ExpID 47259
Train - Loss: 12124657.96
Val - Loss, MSE, RMSE, MAE, MAPE: 42999792.00, 42999790.67, 6025.97, 4437.96, 5.37%
Test - Best epoch, Loss, MSE, RMSE, MAE, MAPE: 48, 33061848.00, 33061849.67, 5706.24, 4442.01, 4.80%
- Epoch 049, ExpID 47259
Train - Loss: 11996503.84
Val - Loss, MSE, RMSE, MAE, MAPE: 42850904.00, 42850904.17, 6015.73, 4429.75, 5.36%
Test - Best epoch, Loss, MSE, RMSE, MAE, MAPE: 49, 32985342.00, 32985342.67, 5700.61, 4437.83, 4.80%
- Epoch 050, ExpID 47259
Train - Loss: 11925353.17
Val - Loss, MSE, RMSE, MAE, MAPE: 42746952.00, 42746949.00, 6005.67, 4425.89, 5.36%
Test - Best epoch, Loss, MSE, RMSE, MAE, MAPE: 50, 32870964.00, 32870964.33, 5690.95, 4428.01, 4.79%
- Epoch 051, ExpID 47259
Train - Loss: 11761946.31
Val - Loss, MSE, RMSE, MAE, MAPE: 42663692.00, 42663689.67, 5998.46, 4425.82, 5.36%
Test - Best epoch, Loss, MSE, RMSE, MAE, MAPE: 51, 32813836.00, 32813834.67, 5686.73, 4422.78, 4.78%
- Epoch 052, ExpID 47259
Train - Loss: 11644479.48
Val - Loss, MSE, RMSE, MAE, MAPE: 42529200.00, 42529198.50, 5986.72, 4417.95, 5.34%
Test - Best epoch, Loss, MSE, RMSE, MAE, MAPE: 52, 32691248.00, 32691248.33, 5675.73, 4414.74, 4.77%
- Epoch 053, ExpID 47259
Train - Loss: 11572002.60
Val - Loss, MSE, RMSE, MAE, MAPE: 42456560.00, 42456560.33, 5978.97, 4401.63, 5.33%
Test - Best epoch, Loss, MSE, RMSE, MAE, MAPE: 53, 32691526.00, 32691524.00, 5675.80, 4415.30, 4.77%
- Epoch 054, ExpID 47259
Train - Loss: 11504064.23
Val - Loss, MSE, RMSE, MAE, MAPE: 42367028.00, 42367025.67, 5972.17, 4412.64, 5.33%
Test - Best epoch, Loss, MSE, RMSE, MAE, MAPE: 54, 32578464.00, 32578464.00, 5666.76, 4405.34, 4.76%
- Epoch 055, ExpID 47259
Train - Loss: 11418740.10
Val - Loss, MSE, RMSE, MAE, MAPE: 42280680.00, 42280679.50, 5965.69, 4403.28, 5.33%
Test - Best epoch, Loss, MSE, RMSE, MAE, MAPE: 55, 32573518.00, 32573518.00, 5667.23, 4407.09, 4.76%
- Epoch 056, ExpID 47259
Train - Loss: 11310388.71
Val - Loss, MSE, RMSE, MAE, MAPE: 42137720.00, 42137715.83, 5954.13, 4391.58, 5.31%
Test - Best epoch, Loss, MSE, RMSE, MAE, MAPE: 56, 32468080.00, 32468081.00, 5657.68, 4399.06, 4.75%
- Epoch 057, ExpID 47259
Train - Loss: 11201343.76
Val - Loss, MSE, RMSE, MAE, MAPE: 42113500.00, 42113497.33, 5949.56, 4397.54, 5.32%
Test - Best epoch, Loss, MSE, RMSE, MAE, MAPE: 57, 32483350.00, 32483350.33, 5659.99, 4399.79, 4.75%
- Epoch 058, ExpID 47259
Train - Loss: 11137126.66
Val - Loss, MSE, RMSE, MAE, MAPE: 42025812.00, 42025809.67, 5942.46, 4392.87, 5.31%
Test - Best epoch, Loss, MSE, RMSE, MAE, MAPE: 58, 32367660.00, 32367659.67, 5649.77, 4390.61, 4.74%
- Epoch 059, ExpID 47259
Train - Loss: 11048122.49
Val - Loss, MSE, RMSE, MAE, MAPE: 41999472.00, 41999473.00, 5940.80, 4397.81, 5.32%
Test - Best epoch, Loss, MSE, RMSE, MAE, MAPE: 59, 32351004.00, 32351001.33, 5649.89, 4389.03, 4.74%
- Epoch 060, ExpID 47259
Train - Loss: 10911930.02
Val - Loss, MSE, RMSE, MAE, MAPE: 41851056.00, 41851051.33, 5929.45, 4380.78, 5.30%
Test - Best epoch, Loss, MSE, RMSE, MAE, MAPE: 60, 32307572.00, 32307568.67, 5645.82, 4387.77, 4.74%
- Epoch 061, ExpID 47259
Train - Loss: 10835104.46
Val - Loss, MSE, RMSE, MAE, MAPE: 41801760.00, 41801757.50, 5922.97, 4383.71, 5.30%
Test - Best epoch, Loss, MSE, RMSE, MAE, MAPE: 61, 32259968.00, 32259968.33, 5642.43, 4384.64, 4.74%
- Epoch 062, ExpID 47259
Train - Loss: 10784462.79
Val - Loss, MSE, RMSE, MAE, MAPE: 41718832.00, 41718832.00, 5916.26, 4376.60, 5.29%
Test - Best epoch, Loss, MSE, RMSE, MAE, MAPE: 62, 32219700.00, 32219700.33, 5638.62, 4381.81, 4.73%
- Epoch 063, ExpID 47259
Train - Loss: 10663259.76
Val - Loss, MSE, RMSE, MAE, MAPE: 41574408.00, 41574404.83, 5906.27, 4362.12, 5.28%
Test - Best epoch, Loss, MSE, RMSE, MAE, MAPE: 63, 32118844.00, 32118841.33, 5630.07, 4374.49, 4.73%
- Epoch 064, ExpID 47259
Train - Loss: 10608045.96
Val - Loss, MSE, RMSE, MAE, MAPE: 41632048.00, 41632046.67, 5906.03, 4372.42, 5.29%
Test - Best epoch, Loss, MSE, RMSE, MAE, MAPE: 63, 32118844.00, 32118841.33, 5630.07, 4374.49, 4.73%
- Epoch 065, ExpID 47259
Train - Loss: 10517482.47
Val - Loss, MSE, RMSE, MAE, MAPE: 41496648.00, 41496646.17, 5896.68, 4361.44, 5.28%
Test - Best epoch, Loss, MSE, RMSE, MAE, MAPE: 65, 32065628.00, 32065626.00, 5626.01, 4371.47, 4.73%
- Epoch 066, ExpID 47259
Train - Loss: 10418709.18
Val - Loss, MSE, RMSE, MAE, MAPE: 41457964.00, 41457963.83, 5893.85, 4361.19, 5.28%
Test - Best epoch, Loss, MSE, RMSE, MAE, MAPE: 66, 32120550.00, 32120549.67, 5630.85, 4375.12, 4.73%
- Epoch 067, ExpID 47259
Train - Loss: 10333473.11
Val - Loss, MSE, RMSE, MAE, MAPE: 41437212.00, 41437209.50, 5890.96, 4366.31, 5.28%
Test - Best epoch, Loss, MSE, RMSE, MAE, MAPE: 67, 32016998.00, 32016993.67, 5621.74, 4365.85, 4.72%
- Epoch 068, ExpID 47259
Train - Loss: 10324262.18
Val - Loss, MSE, RMSE, MAE, MAPE: 41339472.00, 41339469.67, 5883.05, 4362.86, 5.27%
Test - Best epoch, Loss, MSE, RMSE, MAE, MAPE: 68, 32040260.00, 32040259.33, 5624.22, 4367.96, 4.72%
- Epoch 069, ExpID 47259
Train - Loss: 10191686.40
Val - Loss, MSE, RMSE, MAE, MAPE: 41350384.00, 41350382.83, 5881.62, 4358.67, 5.28%
Test - Best epoch, Loss, MSE, RMSE, MAE, MAPE: 68, 32040260.00, 32040259.33, 5624.22, 4367.96, 4.72%
- Epoch 070, ExpID 47259
Train - Loss: 10147115.78
Val - Loss, MSE, RMSE, MAE, MAPE: 41227000.00, 41226999.83, 5873.14, 4359.70, 5.26%
Test - Best epoch, Loss, MSE, RMSE, MAE, MAPE: 70, 31927070.00, 31927070.33, 5613.99, 4358.70, 4.71%
- Epoch 071, ExpID 47259
Train - Loss: 10059442.21
Val - Loss, MSE, RMSE, MAE, MAPE: 41157312.00, 41157309.33, 5867.41, 4345.77, 5.26%
Test - Best epoch, Loss, MSE, RMSE, MAE, MAPE: 71, 31972496.00, 31972494.33, 5618.65, 4363.54, 4.72%
- Epoch 072, ExpID 47259
Train - Loss: 9962513.82
Val - Loss, MSE, RMSE, MAE, MAPE: 41051264.00, 41051262.00, 5860.47, 4338.06, 5.25%
Test - Best epoch, Loss, MSE, RMSE, MAE, MAPE: 72, 31950694.00, 31950696.33, 5616.29, 4361.59, 4.71%
- Epoch 073, ExpID 47259
Train - Loss: 9905301.32
Val - Loss, MSE, RMSE, MAE, MAPE: 41034152.00, 41034149.83, 5858.10, 4340.12, 5.25%
Test - Best epoch, Loss, MSE, RMSE, MAE, MAPE: 73, 31911996.00, 31911994.00, 5612.98, 4358.55, 4.71%
- Epoch 074, ExpID 47259
Train - Loss: 9854205.82
Val - Loss, MSE, RMSE, MAE, MAPE: 41074944.00, 41074940.67, 5859.63, 4354.39, 5.26%
Test - Best epoch, Loss, MSE, RMSE, MAE, MAPE: 73, 31911996.00, 31911994.00, 5612.98, 4358.55, 4.71%
- Epoch 075, ExpID 47259
Train - Loss: 9798233.01
Val - Loss, MSE, RMSE, MAE, MAPE: 41023180.00, 41023179.00, 5854.91, 4354.61, 5.26%
Test - Best epoch, Loss, MSE, RMSE, MAE, MAPE: 75, 31854168.00, 31854166.67, 5608.45, 4352.15, 4.70%
- Epoch 076, ExpID 47259
Train - Loss: 9715970.41
Val - Loss, MSE, RMSE, MAE, MAPE: 40939120.00, 40939120.50, 5849.00, 4342.08, 5.25%
Test - Best epoch, Loss, MSE, RMSE, MAE, MAPE: 76, 31883276.00, 31883277.00, 5611.50, 4358.65, 4.71%
- Epoch 077, ExpID 47259
Train - Loss: 9563446.16
Val - Loss, MSE, RMSE, MAE, MAPE: 40892632.00, 40892629.33, 5844.32, 4341.70, 5.24%
Test - Best epoch, Loss, MSE, RMSE, MAE, MAPE: 77, 31818176.00, 31818175.33, 5604.65, 4350.84, 4.70%
- Epoch 078, ExpID 47259
Train - Loss: 9583976.47
Val - Loss, MSE, RMSE, MAE, MAPE: 40810848.00, 40810848.33, 5839.35, 4332.44, 5.24%
Test - Best epoch, Loss, MSE, RMSE, MAE, MAPE: 78, 31820700.00, 31820699.33, 5605.24, 4353.63, 4.71%
- Epoch 079, ExpID 47259
Train - Loss: 9495721.93
Val - Loss, MSE, RMSE, MAE, MAPE: 40840856.00, 40840853.00, 5840.36, 4340.72, 5.25%
Test - Best epoch, Loss, MSE, RMSE, MAE, MAPE: 78, 31820700.00, 31820699.33, 5605.24, 4353.63, 4.71%
- Epoch 080, ExpID 47259
Train - Loss: 9410322.04
Val - Loss, MSE, RMSE, MAE, MAPE: 40794060.00, 40794060.17, 5836.26, 4335.53, 5.24%
Test - Best epoch, Loss, MSE, RMSE, MAE, MAPE: 80, 31816308.00, 31816307.67, 5604.78, 4350.50, 4.70%
- Epoch 081, ExpID 47259
Train - Loss: 9348065.46
Val - Loss, MSE, RMSE, MAE, MAPE: 40742972.00, 40742971.00, 5834.99, 4331.97, 5.24%
Test - Best epoch, Loss, MSE, RMSE, MAE, MAPE: 81, 31873888.00, 31873889.67, 5609.92, 4357.61, 4.71%
- Epoch 082, ExpID 47259
Train - Loss: 9308441.74
Val - Loss, MSE, RMSE, MAE, MAPE: 40746104.00, 40746097.50, 5833.34, 4344.46, 5.25%
Test - Best epoch, Loss, MSE, RMSE, MAE, MAPE: 81, 31873888.00, 31873889.67, 5609.92, 4357.61, 4.71%
- Epoch 083, ExpID 47259
Train - Loss: 9276191.83
Val - Loss, MSE, RMSE, MAE, MAPE: 40682576.00, 40682577.33, 5827.49, 4330.91, 5.23%
Test - Best epoch, Loss, MSE, RMSE, MAE, MAPE: 83, 31751638.00, 31751636.67, 5598.77, 4346.22, 4.70%
- Epoch 084, ExpID 47259
Train - Loss: 9157014.40
Val - Loss, MSE, RMSE, MAE, MAPE: 40590944.00, 40590943.67, 5821.14, 4322.56, 5.22%
Test - Best epoch, Loss, MSE, RMSE, MAE, MAPE: 84, 31755656.00, 31755657.33, 5598.37, 4343.66, 4.69%
- Epoch 085, ExpID 47259
Train - Loss: 9136486.54
Val - Loss, MSE, RMSE, MAE, MAPE: 40595804.00, 40595805.17, 5822.52, 4327.72, 5.23%
Test - Best epoch, Loss, MSE, RMSE, MAE, MAPE: 84, 31755656.00, 31755657.33, 5598.37, 4343.66, 4.69%
- Epoch 086, ExpID 47259
Train - Loss: 9082413.45
Val - Loss, MSE, RMSE, MAE, MAPE: 40635056.00, 40635053.83, 5825.08, 4335.48, 5.25%
Test - Best epoch, Loss, MSE, RMSE, MAE, MAPE: 84, 31755656.00, 31755657.33, 5598.37, 4343.66, 4.69%
- Epoch 087, ExpID 47259
Train - Loss: 8965272.93
Val - Loss, MSE, RMSE, MAE, MAPE: 40559152.00, 40559151.83, 5818.17, 4330.49, 5.24%
Test - Best epoch, Loss, MSE, RMSE, MAE, MAPE: 87, 31850604.00, 31850603.00, 5607.19, 4356.02, 4.71%
- Epoch 088, ExpID 47259
Train - Loss: 8887552.93
Val - Loss, MSE, RMSE, MAE, MAPE: 40531512.00, 40531511.00, 5817.12, 4332.90, 5.23%
Test - Best epoch, Loss, MSE, RMSE, MAE, MAPE: 88, 31754240.00, 31754238.67, 5598.38, 4345.95, 4.69%
- Epoch 089, ExpID 47259
Train - Loss: 8847107.03
Val - Loss, MSE, RMSE, MAE, MAPE: 40484792.00, 40484791.50, 5809.86, 4322.54, 5.22%
Test - Best epoch, Loss, MSE, RMSE, MAE, MAPE: 89, 31822444.00, 31822443.00, 5603.41, 4350.90, 4.70%
- Epoch 090, ExpID 47259
Train - Loss: 8828690.72
Val - Loss, MSE, RMSE, MAE, MAPE: 40457456.00, 40457458.00, 5811.12, 4323.95, 5.22%
Test - Best epoch, Loss, MSE, RMSE, MAE, MAPE: 90, 31783540.00, 31783537.00, 5600.58, 4346.01, 4.70%
- Epoch 091, ExpID 47259
Train - Loss: 8760296.20
Val - Loss, MSE, RMSE, MAE, MAPE: 40486460.00, 40486457.83, 5811.67, 4326.25, 5.23%
Test - Best epoch, Loss, MSE, RMSE, MAE, MAPE: 90, 31783540.00, 31783537.00, 5600.58, 4346.01, 4.70%
- Epoch 092, ExpID 47259
Train - Loss: 8707558.16
Val - Loss, MSE, RMSE, MAE, MAPE: 40428692.00, 40428689.00, 5806.16, 4328.08, 5.22%
Test - Best epoch, Loss, MSE, RMSE, MAE, MAPE: 92, 31809542.00, 31809542.33, 5602.38, 4349.89, 4.70%
- Epoch 093, ExpID 47259
Train - Loss: 8649416.07
Val - Loss, MSE, RMSE, MAE, MAPE: 40487460.00, 40487459.00, 5809.85, 4338.80, 5.23%
Test - Best epoch, Loss, MSE, RMSE, MAE, MAPE: 92, 31809542.00, 31809542.33, 5602.38, 4349.89, 4.70%
- Epoch 094, ExpID 47259
Train - Loss: 8584347.41
Val - Loss, MSE, RMSE, MAE, MAPE: 40409944.00, 40409943.00, 5806.75, 4328.83, 5.23%
Test - Best epoch, Loss, MSE, RMSE, MAE, MAPE: 94, 31812222.00, 31812219.67, 5603.38, 4349.77, 4.70%
- Epoch 095, ExpID 47259
Train - Loss: 8519304.50
Val - Loss, MSE, RMSE, MAE, MAPE: 40519164.00, 40519165.50, 5812.63, 4346.93, 5.25%
Test - Best epoch, Loss, MSE, RMSE, MAE, MAPE: 94, 31812222.00, 31812219.67, 5603.38, 4349.77, 4.70%
- Epoch 096, ExpID 47259
Train - Loss: 8521187.97
Val - Loss, MSE, RMSE, MAE, MAPE: 40391556.00, 40391555.17, 5803.77, 4324.85, 5.22%
Test - Best epoch, Loss, MSE, RMSE, MAE, MAPE: 96, 31820896.00, 31820898.67, 5603.40, 4351.47, 4.70%
- Epoch 097, ExpID 47259
Train - Loss: 8423889.84
Val - Loss, MSE, RMSE, MAE, MAPE: 40515528.00, 40515527.00, 5812.87, 4335.84, 5.24%
Test - Best epoch, Loss, MSE, RMSE, MAE, MAPE: 96, 31820896.00, 31820898.67, 5603.40, 4351.47, 4.70%
- Epoch 098, ExpID 47259
Train - Loss: 8396355.36
Val - Loss, MSE, RMSE, MAE, MAPE: 40396732.00, 40396731.00, 5802.06, 4325.80, 5.22%
Test - Best epoch, Loss, MSE, RMSE, MAE, MAPE: 96, 31820896.00, 31820898.67, 5603.40, 4351.47, 4.70%
- Epoch 099, ExpID 47259
Train - Loss: 8351048.01
Val - Loss, MSE, RMSE, MAE, MAPE: 40517200.00, 40517196.33, 5809.11, 4343.02, 5.24%
Test - Best epoch, Loss, MSE, RMSE, MAE, MAPE: 96, 31820896.00, 31820898.67, 5603.40, 4351.47, 4.70%
- Epoch 100, ExpID 47259
Train - Loss: 8274962.49
Val - Loss, MSE, RMSE, MAE, MAPE: 40395804.00, 40395802.50, 5802.31, 4332.57, 5.23%
Test - Best epoch, Loss, MSE, RMSE, MAE, MAPE: 96, 31820896.00, 31820898.67, 5603.40, 4351.47, 4.70%
- Epoch 101, ExpID 47259
Train - Loss: 8217708.28
Val - Loss, MSE, RMSE, MAE, MAPE: 40431736.00, 40431734.33, 5806.76, 4341.19, 5.24%
Test - Best epoch, Loss, MSE, RMSE, MAE, MAPE: 96, 31820896.00, 31820898.67, 5603.40, 4351.47, 4.70%
- Epoch 102, ExpID 47259
Train - Loss: 8155750.69
Val - Loss, MSE, RMSE, MAE, MAPE: 40303520.00, 40303521.17, 5800.12, 4325.28, 5.22%
Test - Best epoch, Loss, MSE, RMSE, MAE, MAPE: 102, 31989004.00, 31989003.33, 5617.46, 4360.95, 4.71%
- Epoch 103, ExpID 47259
Train - Loss: 8147229.07
Val - Loss, MSE, RMSE, MAE, MAPE: 40377056.00, 40377054.00, 5800.84, 4332.28, 5.23%
Test - Best epoch, Loss, MSE, RMSE, MAE, MAPE: 102, 31989004.00, 31989003.33, 5617.46, 4360.95, 4.71%
- Epoch 104, ExpID 47259
Train - Loss: 8109654.93
Val - Loss, MSE, RMSE, MAE, MAPE: 40510604.00, 40510603.00, 5810.00, 4352.09, 5.26%
Test - Best epoch, Loss, MSE, RMSE, MAE, MAPE: 102, 31989004.00, 31989003.33, 5617.46, 4360.95, 4.71%
- Epoch 105, ExpID 47259
Train - Loss: 8029542.79
Val - Loss, MSE, RMSE, MAE, MAPE: 40524220.00, 40524218.67, 5808.42, 4344.34, 5.25%
Test - Best epoch, Loss, MSE, RMSE, MAE, MAPE: 102, 31989004.00, 31989003.33, 5617.46, 4360.95, 4.71%
- Epoch 106, ExpID 47259
Train - Loss: 7993772.93
Val - Loss, MSE, RMSE, MAE, MAPE: 40399464.00, 40399461.83, 5803.66, 4336.12, 5.23%
Test - Best epoch, Loss, MSE, RMSE, MAE, MAPE: 102, 31989004.00, 31989003.33, 5617.46, 4360.95, 4.71%
- Epoch 107, ExpID 47259
Train - Loss: 7947737.71
Val - Loss, MSE, RMSE, MAE, MAPE: 40526240.00, 40526240.67, 5807.49, 4352.33, 5.25%
Test - Best epoch, Loss, MSE, RMSE, MAE, MAPE: 102, 31989004.00, 31989003.33, 5617.46, 4360.95, 4.71%
- Epoch 108, ExpID 47259
Train - Loss: 7864528.37
Val - Loss, MSE, RMSE, MAE, MAPE: 40476396.00, 40476394.67, 5806.58, 4348.84, 5.25%
Test - Best epoch, Loss, MSE, RMSE, MAE, MAPE: 102, 31989004.00, 31989003.33, 5617.46, 4360.95, 4.71%
- Epoch 109, ExpID 47259
Train - Loss: 7819553.17
Val - Loss, MSE, RMSE, MAE, MAPE: 40574196.00, 40574195.00, 5814.48, 4362.94, 5.27%
Test - Best epoch, Loss, MSE, RMSE, MAE, MAPE: 102, 31989004.00, 31989003.33, 5617.46, 4360.95, 4.71%
- Epoch 110, ExpID 47259
Train - Loss: 7801013.71
Val - Loss, MSE, RMSE, MAE, MAPE: 40468948.00, 40468945.33, 5802.02, 4341.16, 5.24%
Test - Best epoch, Loss, MSE, RMSE, MAE, MAPE: 102, 31989004.00, 31989003.33, 5617.46, 4360.95, 4.71%
- Epoch 111, ExpID 47259
Train - Loss: 7737155.62
Val - Loss, MSE, RMSE, MAE, MAPE: 40369176.00, 40369171.00, 5797.16, 4335.06, 5.23%
Test - Best epoch, Loss, MSE, RMSE, MAE, MAPE: 102, 31989004.00, 31989003.33, 5617.46, 4360.95, 4.71%
- Epoch 112, ExpID 47259
Train - Loss: 7737074.76
Val - Loss, MSE, RMSE, MAE, MAPE: 40410408.00, 40410408.83, 5802.93, 4343.30, 5.24%
Test - Best epoch, Loss, MSE, RMSE, MAE, MAPE: 102, 31989004.00, 31989003.33, 5617.46, 4360.95, 4.71%
Early Stopping at Epoch 112
Fold 2018 Best RMSE: 5617.4561

-------------------- [Fold: 2019] ExpID: 39124 --------------------
- Epoch 000, ExpID 39124
Train - Loss: 51010245.26
Val - Loss, MSE, RMSE, MAE, MAPE: 76656864.00, 76656868.67, 8615.29, 6928.08, 7.41%
Test - Best epoch, Loss, MSE, RMSE, MAE, MAPE: 0, 82889640.00, 82889630.67, 9005.87, 7223.96, 7.56%
- Epoch 001, ExpID 39124
Train - Loss: 42404625.77
Val - Loss, MSE, RMSE, MAE, MAPE: 64393728.00, 64393734.67, 7935.64, 6347.76, 6.83%
Test - Best epoch, Loss, MSE, RMSE, MAE, MAPE: 1, 71402784.00, 71402776.67, 8365.80, 6627.36, 6.98%
- Epoch 002, ExpID 39124
Train - Loss: 37088956.53
Val - Loss, MSE, RMSE, MAE, MAPE: 57127144.00, 57127135.33, 7483.92, 5971.64, 6.44%
Test - Best epoch, Loss, MSE, RMSE, MAE, MAPE: 2, 62775192.00, 62775191.33, 7840.75, 6148.18, 6.49%
- Epoch 003, ExpID 39124
Train - Loss: 33194986.21
Val - Loss, MSE, RMSE, MAE, MAPE: 52657564.00, 52657564.00, 7180.82, 5718.78, 6.17%
Test - Best epoch, Loss, MSE, RMSE, MAE, MAPE: 3, 56253032.00, 56253028.67, 7415.09, 5760.66, 6.09%
- Epoch 004, ExpID 39124
Train - Loss: 30489268.60
Val - Loss, MSE, RMSE, MAE, MAPE: 49648632.00, 49648630.67, 6963.81, 5537.08, 5.97%
Test - Best epoch, Loss, MSE, RMSE, MAE, MAPE: 4, 51748896.00, 51748894.00, 7103.79, 5482.36, 5.79%
- Epoch 005, ExpID 39124
Train - Loss: 28407234.19
Val - Loss, MSE, RMSE, MAE, MAPE: 47556120.00, 47556117.33, 6804.53, 5399.82, 5.82%
Test - Best epoch, Loss, MSE, RMSE, MAE, MAPE: 5, 48295160.00, 48295155.33, 6855.23, 5261.39, 5.56%
- Epoch 006, ExpID 39124
Train - Loss: 26866838.12
Val - Loss, MSE, RMSE, MAE, MAPE: 45947000.00, 45946995.33, 6677.92, 5283.89, 5.70%
Test - Best epoch, Loss, MSE, RMSE, MAE, MAPE: 6, 45816652.00, 45816650.67, 6668.97, 5094.31, 5.38%
- Epoch 007, ExpID 39124
Train - Loss: 25534774.50
Val - Loss, MSE, RMSE, MAE, MAPE: 44718868.00, 44718865.67, 6579.44, 5190.95, 5.60%
Test - Best epoch, Loss, MSE, RMSE, MAE, MAPE: 7, 43971808.00, 43971805.33, 6525.82, 4966.14, 5.24%
- Epoch 008, ExpID 39124
Train - Loss: 24610881.33
Val - Loss, MSE, RMSE, MAE, MAPE: 43715512.00, 43715511.00, 6499.80, 5121.22, 5.52%
Test - Best epoch, Loss, MSE, RMSE, MAE, MAPE: 8, 42304328.00, 42304327.00, 6396.46, 4858.63, 5.12%
- Epoch 009, ExpID 39124
Train - Loss: 23608430.45
Val - Loss, MSE, RMSE, MAE, MAPE: 42945576.00, 42945577.00, 6437.15, 5065.92, 5.46%
Test - Best epoch, Loss, MSE, RMSE, MAE, MAPE: 9, 40978636.00, 40978635.33, 6290.09, 4769.07, 5.02%
- Epoch 010, ExpID 39124
Train - Loss: 22891761.15
Val - Loss, MSE, RMSE, MAE, MAPE: 42300520.00, 42300520.33, 6385.64, 5018.30, 5.42%
Test - Best epoch, Loss, MSE, RMSE, MAE, MAPE: 10, 40171564.00, 40171563.00, 6220.16, 4708.75, 4.96%
- Epoch 011, ExpID 39124
Train - Loss: 22220332.07
Val - Loss, MSE, RMSE, MAE, MAPE: 41718876.00, 41718876.00, 6338.74, 4978.61, 5.37%
Test - Best epoch, Loss, MSE, RMSE, MAE, MAPE: 11, 39138192.00, 39138192.00, 6135.89, 4639.09, 4.88%
- Epoch 012, ExpID 39124
Train - Loss: 21655593.70
Val - Loss, MSE, RMSE, MAE, MAPE: 41252364.00, 41252359.33, 6302.15, 4940.38, 5.33%
Test - Best epoch, Loss, MSE, RMSE, MAE, MAPE: 12, 38468296.00, 38468294.00, 6077.65, 4588.78, 4.83%
- Epoch 013, ExpID 39124
Train - Loss: 21217933.83
Val - Loss, MSE, RMSE, MAE, MAPE: 40840424.00, 40840419.33, 6267.98, 4905.07, 5.30%
Test - Best epoch, Loss, MSE, RMSE, MAE, MAPE: 13, 37864792.00, 37864790.33, 6023.97, 4539.61, 4.78%
- Epoch 014, ExpID 39124
Train - Loss: 20614935.48
Val - Loss, MSE, RMSE, MAE, MAPE: 40512176.00, 40512170.67, 6242.84, 4880.66, 5.27%
Test - Best epoch, Loss, MSE, RMSE, MAE, MAPE: 14, 37237476.00, 37237473.67, 5971.42, 4492.50, 4.73%
- Epoch 015, ExpID 39124
Train - Loss: 20223232.67
Val - Loss, MSE, RMSE, MAE, MAPE: 40104924.00, 40104925.00, 6212.07, 4851.76, 5.24%
Test - Best epoch, Loss, MSE, RMSE, MAE, MAPE: 15, 36621416.00, 36621413.33, 5919.88, 4450.53, 4.68%
- Epoch 016, ExpID 39124
Train - Loss: 19911711.83
Val - Loss, MSE, RMSE, MAE, MAPE: 39797372.00, 39797372.67, 6188.02, 4826.87, 5.22%
Test - Best epoch, Loss, MSE, RMSE, MAE, MAPE: 16, 36203172.00, 36203173.67, 5882.56, 4419.61, 4.65%
- Epoch 017, ExpID 39124
Train - Loss: 19428774.20
Val - Loss, MSE, RMSE, MAE, MAPE: 39469436.00, 39469432.00, 6163.37, 4801.32, 5.19%
Test - Best epoch, Loss, MSE, RMSE, MAE, MAPE: 17, 35795040.00, 35795036.67, 5846.13, 4387.64, 4.61%
- Epoch 018, ExpID 39124
Train - Loss: 19054596.85
Val - Loss, MSE, RMSE, MAE, MAPE: 39158216.00, 39158216.33, 6138.85, 4777.44, 5.17%
Test - Best epoch, Loss, MSE, RMSE, MAE, MAPE: 18, 35513672.00, 35513671.33, 5818.52, 4365.24, 4.59%
- Epoch 019, ExpID 39124
Train - Loss: 18806668.05
Val - Loss, MSE, RMSE, MAE, MAPE: 38885740.00, 38885737.00, 6117.08, 4756.88, 5.15%
Test - Best epoch, Loss, MSE, RMSE, MAE, MAPE: 19, 35138252.00, 35138252.67, 5785.11, 4334.56, 4.56%
- Epoch 020, ExpID 39124
Train - Loss: 18581476.69
Val - Loss, MSE, RMSE, MAE, MAPE: 38580236.00, 38580234.33, 6093.71, 4735.26, 5.12%
Test - Best epoch, Loss, MSE, RMSE, MAE, MAPE: 20, 34781932.00, 34781931.33, 5754.01, 4308.50, 4.53%
- Epoch 021, ExpID 39124
Train - Loss: 18250323.59
Val - Loss, MSE, RMSE, MAE, MAPE: 38261644.00, 38261641.67, 6068.47, 4711.64, 5.10%
Test - Best epoch, Loss, MSE, RMSE, MAE, MAPE: 21, 34448848.00, 34448848.67, 5724.10, 4279.57, 4.50%
- Epoch 022, ExpID 39124
Train - Loss: 17947211.63
Val - Loss, MSE, RMSE, MAE, MAPE: 37924132.00, 37924130.33, 6042.23, 4688.55, 5.08%
Test - Best epoch, Loss, MSE, RMSE, MAE, MAPE: 22, 34247976.00, 34247973.33, 5704.15, 4263.62, 4.48%
- Epoch 023, ExpID 39124
Train - Loss: 17696999.52
Val - Loss, MSE, RMSE, MAE, MAPE: 37696304.00, 37696303.33, 6026.42, 4672.40, 5.06%
Test - Best epoch, Loss, MSE, RMSE, MAE, MAPE: 23, 34037724.00, 34037721.67, 5684.44, 4247.81, 4.47%
- Epoch 024, ExpID 39124
Train - Loss: 17441505.70
Val - Loss, MSE, RMSE, MAE, MAPE: 37375196.00, 37375195.33, 6001.57, 4650.43, 5.04%
Test - Best epoch, Loss, MSE, RMSE, MAE, MAPE: 24, 33622920.00, 33622917.33, 5649.59, 4218.21, 4.43%
- Epoch 025, ExpID 39124
Train - Loss: 17260627.87
Val - Loss, MSE, RMSE, MAE, MAPE: 37135624.00, 37135620.00, 5981.76, 4632.09, 5.02%
Test - Best epoch, Loss, MSE, RMSE, MAE, MAPE: 25, 33381492.00, 33381490.67, 5628.36, 4195.52, 4.41%
- Epoch 026, ExpID 39124
Train - Loss: 17075691.94
Val - Loss, MSE, RMSE, MAE, MAPE: 36873092.00, 36873092.00, 5961.81, 4615.88, 5.00%
Test - Best epoch, Loss, MSE, RMSE, MAE, MAPE: 26, 33221744.00, 33221741.67, 5612.66, 4178.67, 4.39%
- Epoch 027, ExpID 39124
Train - Loss: 16807981.40
Val - Loss, MSE, RMSE, MAE, MAPE: 36598340.00, 36598339.33, 5939.99, 4595.35, 4.98%
Test - Best epoch, Loss, MSE, RMSE, MAE, MAPE: 27, 33063966.00, 33063967.00, 5596.30, 4166.22, 4.38%
- Epoch 028, ExpID 39124
Train - Loss: 16671991.03
Val - Loss, MSE, RMSE, MAE, MAPE: 36373960.00, 36373962.00, 5922.66, 4579.82, 4.96%
Test - Best epoch, Loss, MSE, RMSE, MAE, MAPE: 28, 32847204.00, 32847203.00, 5576.35, 4146.71, 4.36%
- Epoch 029, ExpID 39124
Train - Loss: 16356127.80
Val - Loss, MSE, RMSE, MAE, MAPE: 36061060.00, 36061058.67, 5899.01, 4559.21, 4.94%
Test - Best epoch, Loss, MSE, RMSE, MAE, MAPE: 29, 32530108.00, 32530103.67, 5549.81, 4122.32, 4.34%
- Epoch 030, ExpID 39124
Train - Loss: 16257924.72
Val - Loss, MSE, RMSE, MAE, MAPE: 35875272.00, 35875269.00, 5884.61, 4547.54, 4.93%
Test - Best epoch, Loss, MSE, RMSE, MAE, MAPE: 30, 32406500.00, 32406496.67, 5537.49, 4110.80, 4.32%
- Epoch 031, ExpID 39124
Train - Loss: 15976834.51
Val - Loss, MSE, RMSE, MAE, MAPE: 35699224.00, 35699220.00, 5871.80, 4534.11, 4.92%
Test - Best epoch, Loss, MSE, RMSE, MAE, MAPE: 31, 32299500.00, 32299498.33, 5526.77, 4101.11, 4.32%
- Epoch 032, ExpID 39124
Train - Loss: 15814973.19
Val - Loss, MSE, RMSE, MAE, MAPE: 35425200.00, 35425201.00, 5849.59, 4515.02, 4.90%
Test - Best epoch, Loss, MSE, RMSE, MAE, MAPE: 32, 32041832.00, 32041831.33, 5504.83, 4079.20, 4.29%
- Epoch 033, ExpID 39124
Train - Loss: 15637539.49
Val - Loss, MSE, RMSE, MAE, MAPE: 35161440.00, 35161440.67, 5829.00, 4498.75, 4.88%
Test - Best epoch, Loss, MSE, RMSE, MAE, MAPE: 33, 31774558.00, 31774556.83, 5481.77, 4059.43, 4.27%
- Epoch 034, ExpID 39124
Train - Loss: 15485301.85
Val - Loss, MSE, RMSE, MAE, MAPE: 34907788.00, 34907785.00, 5809.81, 4482.55, 4.86%
Test - Best epoch, Loss, MSE, RMSE, MAE, MAPE: 34, 31570262.00, 31570264.00, 5464.35, 4043.18, 4.25%
- Epoch 035, ExpID 39124
Train - Loss: 15292822.41
Val - Loss, MSE, RMSE, MAE, MAPE: 34698280.00, 34698280.00, 5793.49, 4471.15, 4.85%
Test - Best epoch, Loss, MSE, RMSE, MAE, MAPE: 35, 31418872.00, 31418871.17, 5451.18, 4029.74, 4.24%
- Epoch 036, ExpID 39124
Train - Loss: 15140388.31
Val - Loss, MSE, RMSE, MAE, MAPE: 34527004.00, 34527003.00, 5781.50, 4455.79, 4.83%
Test - Best epoch, Loss, MSE, RMSE, MAE, MAPE: 36, 31249908.00, 31249906.17, 5435.70, 4016.46, 4.22%
- Epoch 037, ExpID 39124
Train - Loss: 14936862.41
Val - Loss, MSE, RMSE, MAE, MAPE: 34448088.00, 34448085.67, 5774.32, 4450.44, 4.83%
Test - Best epoch, Loss, MSE, RMSE, MAE, MAPE: 37, 31278500.00, 31278498.50, 5434.68, 4016.65, 4.23%
- Epoch 038, ExpID 39124
Train - Loss: 14744309.52
Val - Loss, MSE, RMSE, MAE, MAPE: 34147712.00, 34147713.67, 5751.91, 4431.34, 4.81%
Test - Best epoch, Loss, MSE, RMSE, MAE, MAPE: 38, 30894958.00, 30894959.00, 5403.66, 3988.53, 4.19%
- Epoch 039, ExpID 39124
Train - Loss: 14636992.78
Val - Loss, MSE, RMSE, MAE, MAPE: 34223864.00, 34223861.33, 5759.41, 4433.55, 4.82%
Test - Best epoch, Loss, MSE, RMSE, MAE, MAPE: 38, 30894958.00, 30894959.00, 5403.66, 3988.53, 4.19%
- Epoch 040, ExpID 39124
Train - Loss: 14466146.15
Val - Loss, MSE, RMSE, MAE, MAPE: 33866836.00, 33866836.00, 5730.20, 4414.41, 4.79%
Test - Best epoch, Loss, MSE, RMSE, MAE, MAPE: 40, 30606502.00, 30606501.33, 5378.42, 3964.67, 4.17%
- Epoch 041, ExpID 39124
Train - Loss: 14384241.07
Val - Loss, MSE, RMSE, MAE, MAPE: 33720964.00, 33720961.33, 5718.86, 4401.29, 4.78%
Test - Best epoch, Loss, MSE, RMSE, MAE, MAPE: 41, 30607462.00, 30607461.33, 5375.02, 3965.94, 4.17%
- Epoch 042, ExpID 39124
Train - Loss: 14185575.20
Val - Loss, MSE, RMSE, MAE, MAPE: 33505232.00, 33505232.33, 5702.83, 4391.70, 4.76%
Test - Best epoch, Loss, MSE, RMSE, MAE, MAPE: 42, 30331948.00, 30331946.83, 5353.07, 3943.39, 4.15%
- Epoch 043, ExpID 39124
Train - Loss: 13998994.15
Val - Loss, MSE, RMSE, MAE, MAPE: 33469372.00, 33469370.00, 5700.98, 4388.15, 4.76%
Test - Best epoch, Loss, MSE, RMSE, MAE, MAPE: 43, 30315140.00, 30315137.83, 5349.80, 3942.11, 4.15%
- Epoch 044, ExpID 39124
Train - Loss: 13905750.77
Val - Loss, MSE, RMSE, MAE, MAPE: 33366816.00, 33366816.00, 5692.89, 4379.24, 4.76%
Test - Best epoch, Loss, MSE, RMSE, MAE, MAPE: 44, 30230628.00, 30230628.00, 5342.24, 3936.17, 4.14%
- Epoch 045, ExpID 39124
Train - Loss: 13750707.29
Val - Loss, MSE, RMSE, MAE, MAPE: 33216132.00, 33216131.67, 5680.65, 4371.88, 4.75%
Test - Best epoch, Loss, MSE, RMSE, MAE, MAPE: 45, 30080216.00, 30080214.67, 5329.12, 3926.58, 4.13%
- Epoch 046, ExpID 39124
Train - Loss: 13586968.08
Val - Loss, MSE, RMSE, MAE, MAPE: 33040420.00, 33040420.00, 5666.72, 4361.88, 4.74%
Test - Best epoch, Loss, MSE, RMSE, MAE, MAPE: 46, 29916244.00, 29916241.33, 5316.24, 3916.04, 4.12%
- Epoch 047, ExpID 39124
Train - Loss: 13478769.44
Val - Loss, MSE, RMSE, MAE, MAPE: 32963080.00, 32963078.33, 5662.91, 4354.88, 4.73%
Test - Best epoch, Loss, MSE, RMSE, MAE, MAPE: 47, 29881760.00, 29881760.00, 5310.81, 3913.77, 4.12%
- Epoch 048, ExpID 39124
Train - Loss: 13330450.60
Val - Loss, MSE, RMSE, MAE, MAPE: 32925284.00, 32925281.67, 5658.67, 4355.49, 4.73%
Test - Best epoch, Loss, MSE, RMSE, MAE, MAPE: 48, 29739526.00, 29739522.67, 5298.83, 3903.38, 4.11%
- Epoch 049, ExpID 39124
Train - Loss: 13242765.94
Val - Loss, MSE, RMSE, MAE, MAPE: 32957600.00, 32957601.33, 5662.92, 4351.89, 4.73%
Test - Best epoch, Loss, MSE, RMSE, MAE, MAPE: 48, 29739526.00, 29739522.67, 5298.83, 3903.38, 4.11%
- Epoch 050, ExpID 39124
Train - Loss: 13118408.51
Val - Loss, MSE, RMSE, MAE, MAPE: 32715668.00, 32715667.33, 5643.56, 4339.57, 4.72%
Test - Best epoch, Loss, MSE, RMSE, MAE, MAPE: 50, 29501838.00, 29501836.00, 5278.17, 3887.54, 4.09%
- Epoch 051, ExpID 39124
Train - Loss: 12975849.27
Val - Loss, MSE, RMSE, MAE, MAPE: 32621606.00, 32621604.00, 5637.22, 4331.83, 4.71%
Test - Best epoch, Loss, MSE, RMSE, MAE, MAPE: 51, 29470838.00, 29470839.50, 5274.15, 3888.25, 4.09%
- Epoch 052, ExpID 39124
Train - Loss: 12829582.97
Val - Loss, MSE, RMSE, MAE, MAPE: 32540940.00, 32540937.33, 5629.86, 4328.92, 4.71%
Test - Best epoch, Loss, MSE, RMSE, MAE, MAPE: 52, 29379512.00, 29379511.67, 5266.34, 3883.15, 4.09%
- Epoch 053, ExpID 39124
Train - Loss: 12730840.61
Val - Loss, MSE, RMSE, MAE, MAPE: 32307670.00, 32307669.67, 5612.52, 4315.65, 4.69%
Test - Best epoch, Loss, MSE, RMSE, MAE, MAPE: 53, 29022720.00, 29022719.00, 5237.56, 3854.64, 4.05%
- Epoch 054, ExpID 39124
Train - Loss: 12605378.45
Val - Loss, MSE, RMSE, MAE, MAPE: 32350480.00, 32350480.67, 5615.62, 4318.18, 4.69%
Test - Best epoch, Loss, MSE, RMSE, MAE, MAPE: 53, 29022720.00, 29022719.00, 5237.56, 3854.64, 4.05%
- Epoch 055, ExpID 39124
Train - Loss: 12528588.73
Val - Loss, MSE, RMSE, MAE, MAPE: 32295832.00, 32295832.33, 5612.02, 4314.32, 4.69%
Test - Best epoch, Loss, MSE, RMSE, MAE, MAPE: 55, 29058830.00, 29058827.17, 5238.66, 3861.30, 4.06%
- Epoch 056, ExpID 39124
Train - Loss: 12370675.91
Val - Loss, MSE, RMSE, MAE, MAPE: 32208640.00, 32208640.00, 5605.83, 4308.30, 4.68%
Test - Best epoch, Loss, MSE, RMSE, MAE, MAPE: 56, 28959424.00, 28959423.33, 5230.13, 3855.20, 4.06%
- Epoch 057, ExpID 39124
Train - Loss: 12224898.67
Val - Loss, MSE, RMSE, MAE, MAPE: 32121636.00, 32121635.33, 5599.81, 4302.44, 4.68%
Test - Best epoch, Loss, MSE, RMSE, MAE, MAPE: 57, 28805742.00, 28805741.83, 5217.38, 3846.22, 4.05%
- Epoch 058, ExpID 39124
Train - Loss: 12110716.98
Val - Loss, MSE, RMSE, MAE, MAPE: 32007980.00, 32007980.33, 5590.54, 4294.82, 4.67%
Test - Best epoch, Loss, MSE, RMSE, MAE, MAPE: 58, 28636232.00, 28636231.67, 5203.62, 3829.95, 4.03%
- Epoch 059, ExpID 39124
Train - Loss: 12026268.95
Val - Loss, MSE, RMSE, MAE, MAPE: 31999024.00, 31999023.00, 5590.42, 4292.28, 4.67%
Test - Best epoch, Loss, MSE, RMSE, MAE, MAPE: 59, 28668468.00, 28668465.67, 5204.51, 3837.69, 4.04%
- Epoch 060, ExpID 39124
Train - Loss: 11956814.70
Val - Loss, MSE, RMSE, MAE, MAPE: 31892912.00, 31892911.00, 5582.48, 4287.27, 4.66%
Test - Best epoch, Loss, MSE, RMSE, MAE, MAPE: 60, 28537612.00, 28537611.67, 5194.17, 3829.27, 4.03%
- Epoch 061, ExpID 39124
Train - Loss: 11803703.90
Val - Loss, MSE, RMSE, MAE, MAPE: 31883400.00, 31883401.00, 5580.56, 4290.81, 4.67%
Test - Best epoch, Loss, MSE, RMSE, MAE, MAPE: 61, 28536326.00, 28536322.83, 5195.49, 3829.49, 4.03%
- Epoch 062, ExpID 39124
Train - Loss: 11715880.67
Val - Loss, MSE, RMSE, MAE, MAPE: 31813764.00, 31813762.00, 5575.96, 4281.68, 4.66%
Test - Best epoch, Loss, MSE, RMSE, MAE, MAPE: 62, 28518582.00, 28518581.83, 5192.16, 3830.77, 4.03%
- Epoch 063, ExpID 39124
Train - Loss: 11680401.58
Val - Loss, MSE, RMSE, MAE, MAPE: 31600774.00, 31600775.33, 5558.64, 4270.42, 4.64%
Test - Best epoch, Loss, MSE, RMSE, MAE, MAPE: 63, 28250904.00, 28250905.33, 5171.73, 3808.52, 4.00%
- Epoch 064, ExpID 39124
Train - Loss: 11561366.82
Val - Loss, MSE, RMSE, MAE, MAPE: 31604734.00, 31604734.00, 5559.07, 4271.09, 4.64%
Test - Best epoch, Loss, MSE, RMSE, MAE, MAPE: 63, 28250904.00, 28250905.33, 5171.73, 3808.52, 4.00%
- Epoch 065, ExpID 39124
Train - Loss: 11505256.56
Val - Loss, MSE, RMSE, MAE, MAPE: 31684406.00, 31684407.00, 5566.23, 4275.83, 4.65%
Test - Best epoch, Loss, MSE, RMSE, MAE, MAPE: 63, 28250904.00, 28250905.33, 5171.73, 3808.52, 4.00%
- Epoch 066, ExpID 39124
Train - Loss: 11345714.45
Val - Loss, MSE, RMSE, MAE, MAPE: 31713800.00, 31713799.67, 5568.54, 4278.23, 4.65%
Test - Best epoch, Loss, MSE, RMSE, MAE, MAPE: 63, 28250904.00, 28250905.33, 5171.73, 3808.52, 4.00%
- Epoch 067, ExpID 39124
Train - Loss: 11312848.77
Val - Loss, MSE, RMSE, MAE, MAPE: 31594896.00, 31594896.67, 5559.84, 4268.95, 4.64%
Test - Best epoch, Loss, MSE, RMSE, MAE, MAPE: 67, 28160468.00, 28160468.33, 5162.32, 3811.01, 4.01%
- Epoch 068, ExpID 39124
Train - Loss: 11209512.25
Val - Loss, MSE, RMSE, MAE, MAPE: 31383262.00, 31383262.00, 5540.75, 4258.24, 4.63%
Test - Best epoch, Loss, MSE, RMSE, MAE, MAPE: 68, 27982088.00, 27982086.50, 5150.88, 3795.54, 3.99%
- Epoch 069, ExpID 39124
Train - Loss: 11102588.14
Val - Loss, MSE, RMSE, MAE, MAPE: 31336926.00, 31336926.00, 5538.26, 4252.10, 4.62%
Test - Best epoch, Loss, MSE, RMSE, MAE, MAPE: 69, 27886230.00, 27886228.00, 5140.81, 3790.95, 3.99%
- Epoch 070, ExpID 39124
Train - Loss: 11019813.21
Val - Loss, MSE, RMSE, MAE, MAPE: 31555606.00, 31555602.67, 5556.85, 4266.40, 4.64%
Test - Best epoch, Loss, MSE, RMSE, MAE, MAPE: 69, 27886230.00, 27886228.00, 5140.81, 3790.95, 3.99%
- Epoch 071, ExpID 39124
Train - Loss: 10876399.14
Val - Loss, MSE, RMSE, MAE, MAPE: 31468894.00, 31468893.67, 5551.27, 4258.78, 4.63%
Test - Best epoch, Loss, MSE, RMSE, MAE, MAPE: 69, 27886230.00, 27886228.00, 5140.81, 3790.95, 3.99%
- Epoch 072, ExpID 39124
Train - Loss: 10871182.86
Val - Loss, MSE, RMSE, MAE, MAPE: 31410664.00, 31410663.67, 5545.39, 4257.99, 4.63%
Test - Best epoch, Loss, MSE, RMSE, MAE, MAPE: 69, 27886230.00, 27886228.00, 5140.81, 3790.95, 3.99%
- Epoch 073, ExpID 39124
Train - Loss: 10763342.63
Val - Loss, MSE, RMSE, MAE, MAPE: 31259760.00, 31259759.67, 5533.80, 4244.10, 4.61%
Test - Best epoch, Loss, MSE, RMSE, MAE, MAPE: 73, 27635414.00, 27635413.17, 5120.62, 3774.29, 3.97%
- Epoch 074, ExpID 39124
Train - Loss: 10612390.24
Val - Loss, MSE, RMSE, MAE, MAPE: 31313196.00, 31313195.00, 5537.81, 4249.65, 4.62%
Test - Best epoch, Loss, MSE, RMSE, MAE, MAPE: 73, 27635414.00, 27635413.17, 5120.62, 3774.29, 3.97%
- Epoch 075, ExpID 39124
Train - Loss: 10574118.98
Val - Loss, MSE, RMSE, MAE, MAPE: 31175228.00, 31175225.00, 5526.74, 4240.96, 4.61%
Test - Best epoch, Loss, MSE, RMSE, MAE, MAPE: 75, 27531880.00, 27531878.50, 5113.35, 3769.59, 3.96%
- Epoch 076, ExpID 39124
Train - Loss: 10495395.67
Val - Loss, MSE, RMSE, MAE, MAPE: 31430308.00, 31430306.33, 5546.85, 4260.44, 4.64%
Test - Best epoch, Loss, MSE, RMSE, MAE, MAPE: 75, 27531880.00, 27531878.50, 5113.35, 3769.59, 3.96%
- Epoch 077, ExpID 39124
Train - Loss: 10439366.29
Val - Loss, MSE, RMSE, MAE, MAPE: 31487232.00, 31487232.33, 5551.05, 4265.15, 4.64%
Test - Best epoch, Loss, MSE, RMSE, MAE, MAPE: 75, 27531880.00, 27531878.50, 5113.35, 3769.59, 3.96%
- Epoch 078, ExpID 39124
Train - Loss: 10336120.78
Val - Loss, MSE, RMSE, MAE, MAPE: 31165192.00, 31165190.33, 5525.86, 4240.33, 4.61%
Test - Best epoch, Loss, MSE, RMSE, MAE, MAPE: 78, 27353644.00, 27353643.00, 5098.05, 3759.29, 3.95%
- Epoch 079, ExpID 39124
Train - Loss: 10212540.42
Val - Loss, MSE, RMSE, MAE, MAPE: 31229486.00, 31229485.33, 5531.08, 4245.87, 4.62%
Test - Best epoch, Loss, MSE, RMSE, MAE, MAPE: 78, 27353644.00, 27353643.00, 5098.05, 3759.29, 3.95%
- Epoch 080, ExpID 39124
Train - Loss: 10198332.94
Val - Loss, MSE, RMSE, MAE, MAPE: 31349190.00, 31349189.67, 5543.16, 4246.62, 4.62%
Test - Best epoch, Loss, MSE, RMSE, MAE, MAPE: 78, 27353644.00, 27353643.00, 5098.05, 3759.29, 3.95%
- Epoch 081, ExpID 39124
Train - Loss: 10133459.52
Val - Loss, MSE, RMSE, MAE, MAPE: 31244980.00, 31244980.33, 5531.90, 4242.71, 4.62%
Test - Best epoch, Loss, MSE, RMSE, MAE, MAPE: 78, 27353644.00, 27353643.00, 5098.05, 3759.29, 3.95%
- Epoch 082, ExpID 39124
Train - Loss: 10050490.87
Val - Loss, MSE, RMSE, MAE, MAPE: 31406176.00, 31406173.00, 5545.80, 4250.80, 4.63%
Test - Best epoch, Loss, MSE, RMSE, MAE, MAPE: 78, 27353644.00, 27353643.00, 5098.05, 3759.29, 3.95%
- Epoch 083, ExpID 39124
Train - Loss: 9950547.92
Val - Loss, MSE, RMSE, MAE, MAPE: 31186308.00, 31186305.00, 5527.33, 4235.90, 4.61%
Test - Best epoch, Loss, MSE, RMSE, MAE, MAPE: 78, 27353644.00, 27353643.00, 5098.05, 3759.29, 3.95%
- Epoch 084, ExpID 39124
Train - Loss: 9881853.63
Val - Loss, MSE, RMSE, MAE, MAPE: 31103916.00, 31103914.00, 5519.95, 4231.72, 4.60%
Test - Best epoch, Loss, MSE, RMSE, MAE, MAPE: 84, 27184400.00, 27184402.17, 5083.04, 3748.77, 3.94%
- Epoch 085, ExpID 39124
Train - Loss: 9771679.42
Val - Loss, MSE, RMSE, MAE, MAPE: 31391704.00, 31391706.00, 5543.93, 4253.13, 4.63%
Test - Best epoch, Loss, MSE, RMSE, MAE, MAPE: 84, 27184400.00, 27184402.17, 5083.04, 3748.77, 3.94%
- Epoch 086, ExpID 39124
Train - Loss: 9786321.68
Val - Loss, MSE, RMSE, MAE, MAPE: 31189190.00, 31189188.33, 5527.75, 4236.22, 4.61%
Test - Best epoch, Loss, MSE, RMSE, MAE, MAPE: 84, 27184400.00, 27184402.17, 5083.04, 3748.77, 3.94%
- Epoch 087, ExpID 39124
Train - Loss: 9719739.08
Val - Loss, MSE, RMSE, MAE, MAPE: 31194568.00, 31194568.00, 5526.25, 4242.37, 4.62%
Test - Best epoch, Loss, MSE, RMSE, MAE, MAPE: 84, 27184400.00, 27184402.17, 5083.04, 3748.77, 3.94%
- Epoch 088, ExpID 39124
Train - Loss: 9644228.52
Val - Loss, MSE, RMSE, MAE, MAPE: 31085344.00, 31085343.67, 5517.06, 4230.71, 4.60%
Test - Best epoch, Loss, MSE, RMSE, MAE, MAPE: 88, 27217102.00, 27217102.33, 5085.38, 3756.45, 3.95%
- Epoch 089, ExpID 39124
Train - Loss: 9573415.99
Val - Loss, MSE, RMSE, MAE, MAPE: 31001220.00, 31001216.33, 5510.57, 4222.45, 4.60%
Test - Best epoch, Loss, MSE, RMSE, MAE, MAPE: 89, 27122444.00, 27122442.33, 5076.55, 3746.04, 3.94%
- Epoch 090, ExpID 39124
Train - Loss: 9498772.20
Val - Loss, MSE, RMSE, MAE, MAPE: 31075476.00, 31075474.67, 5518.63, 4224.80, 4.60%
Test - Best epoch, Loss, MSE, RMSE, MAE, MAPE: 89, 27122444.00, 27122442.33, 5076.55, 3746.04, 3.94%
- Epoch 091, ExpID 39124
Train - Loss: 9406874.92
Val - Loss, MSE, RMSE, MAE, MAPE: 31036672.00, 31036673.00, 5512.89, 4232.99, 4.60%
Test - Best epoch, Loss, MSE, RMSE, MAE, MAPE: 89, 27122444.00, 27122442.33, 5076.55, 3746.04, 3.94%
- Epoch 092, ExpID 39124
Train - Loss: 9368365.60
Val - Loss, MSE, RMSE, MAE, MAPE: 31198630.00, 31198628.67, 5526.13, 4240.17, 4.62%
Test - Best epoch, Loss, MSE, RMSE, MAE, MAPE: 89, 27122444.00, 27122442.33, 5076.55, 3746.04, 3.94%
- Epoch 093, ExpID 39124
Train - Loss: 9327369.03
Val - Loss, MSE, RMSE, MAE, MAPE: 30924598.00, 30924598.67, 5503.05, 4222.31, 4.59%
Test - Best epoch, Loss, MSE, RMSE, MAE, MAPE: 93, 26961408.00, 26961407.50, 5065.22, 3738.04, 3.93%
- Epoch 094, ExpID 39124
Train - Loss: 9258686.65
Val - Loss, MSE, RMSE, MAE, MAPE: 31025454.00, 31025453.00, 5513.03, 4225.48, 4.60%
Test - Best epoch, Loss, MSE, RMSE, MAE, MAPE: 93, 26961408.00, 26961407.50, 5065.22, 3738.04, 3.93%
- Epoch 095, ExpID 39124
Train - Loss: 9206964.60
Val - Loss, MSE, RMSE, MAE, MAPE: 31215864.00, 31215863.67, 5526.62, 4247.69, 4.63%
Test - Best epoch, Loss, MSE, RMSE, MAE, MAPE: 93, 26961408.00, 26961407.50, 5065.22, 3738.04, 3.93%
- Epoch 096, ExpID 39124
Train - Loss: 9126798.78
Val - Loss, MSE, RMSE, MAE, MAPE: 31324030.00, 31324031.67, 5537.08, 4246.34, 4.63%
Test - Best epoch, Loss, MSE, RMSE, MAE, MAPE: 93, 26961408.00, 26961407.50, 5065.22, 3738.04, 3.93%
- Epoch 097, ExpID 39124
Train - Loss: 9064841.21
Val - Loss, MSE, RMSE, MAE, MAPE: 31013228.00, 31013225.33, 5511.51, 4225.62, 4.60%
Test - Best epoch, Loss, MSE, RMSE, MAE, MAPE: 93, 26961408.00, 26961407.50, 5065.22, 3738.04, 3.93%
- Epoch 098, ExpID 39124
Train - Loss: 8982000.20
Val - Loss, MSE, RMSE, MAE, MAPE: 31390896.00, 31390896.00, 5543.51, 4248.79, 4.63%
Test - Best epoch, Loss, MSE, RMSE, MAE, MAPE: 93, 26961408.00, 26961407.50, 5065.22, 3738.04, 3.93%
- Epoch 099, ExpID 39124
Train - Loss: 8940906.26
Val - Loss, MSE, RMSE, MAE, MAPE: 31216820.00, 31216819.67, 5527.92, 4241.86, 4.62%
Test - Best epoch, Loss, MSE, RMSE, MAE, MAPE: 93, 26961408.00, 26961407.50, 5065.22, 3738.04, 3.93%
- Epoch 100, ExpID 39124
Train - Loss: 8912120.55
Val - Loss, MSE, RMSE, MAE, MAPE: 31044982.00, 31044981.33, 5513.35, 4228.20, 4.61%
Test - Best epoch, Loss, MSE, RMSE, MAE, MAPE: 93, 26961408.00, 26961407.50, 5065.22, 3738.04, 3.93%
- Epoch 101, ExpID 39124
Train - Loss: 8856301.37
Val - Loss, MSE, RMSE, MAE, MAPE: 30966624.00, 30966625.00, 5506.29, 4222.62, 4.59%
Test - Best epoch, Loss, MSE, RMSE, MAE, MAPE: 93, 26961408.00, 26961407.50, 5065.22, 3738.04, 3.93%
- Epoch 102, ExpID 39124
Train - Loss: 8780623.98
Val - Loss, MSE, RMSE, MAE, MAPE: 30981878.00, 30981878.00, 5507.81, 4215.27, 4.59%
Test - Best epoch, Loss, MSE, RMSE, MAE, MAPE: 93, 26961408.00, 26961407.50, 5065.22, 3738.04, 3.93%
- Epoch 103, ExpID 39124
Train - Loss: 8762893.42
Val - Loss, MSE, RMSE, MAE, MAPE: 31188944.00, 31188942.67, 5524.37, 4236.86, 4.61%
Test - Best epoch, Loss, MSE, RMSE, MAE, MAPE: 93, 26961408.00, 26961407.50, 5065.22, 3738.04, 3.93%
Early Stopping at Epoch 103
Fold 2019 Best RMSE: 5065.2172
