DETAILED LOG | Model: tsmixer | Seed: 1
FULL CONFIG: {'gpu': '0', 'target': 'departure', 'cv_start_year': 2017, 'cv_end_year': 2019, 'test_year': 2024, 'use_corona': False, 'seq_len': 91, 'label_len': 0, 'pred_len': 7, 'batch_size': 64, 'epochs': 1000, 'patience': 10, 'lr': 0.001, 'model': 'tsmixer', 'd_model': 512, 'n_heads': 4, 'n_layers': 4, 'dropout': 0.1, 'activation': 'gelu', 'patch_len': 16, 'factor': 5, 'norm_mode': 'revin', 'use_dbloss': False, 'device': device(type='cuda'), 'stride': 16, 'file_path': 'dataset/airport_daily_flight_merged.csv', 'seed': 1, 'val_year': 2019, 'ndims': 1}

-------------------- [Fold: 2017] ExpID: 581 --------------------
- Epoch 000, ExpID 581
Train - Loss: 18663833.54
Val - Loss, MSE, RMSE, MAE, MAPE: 28059440.00, 28059439.67, 5266.22, 3934.80, 4.98%
Test - Best epoch, Loss, MSE, RMSE, MAE, MAPE: 0, 50760524.00, 50760521.67, 6724.60, 5044.59, 6.04%
- Epoch 001, ExpID 581
Train - Loss: 14923097.46
Val - Loss, MSE, RMSE, MAE, MAPE: 26669182.00, 26669183.33, 5119.16, 3853.79, 4.95%
Test - Best epoch, Loss, MSE, RMSE, MAE, MAPE: 1, 53921728.00, 53921725.50, 6845.70, 5110.12, 6.18%
- Epoch 002, ExpID 581
Train - Loss: 13342106.14
Val - Loss, MSE, RMSE, MAE, MAPE: 23958764.00, 23958764.00, 4874.37, 3589.83, 4.59%
Test - Best epoch, Loss, MSE, RMSE, MAE, MAPE: 2, 50109180.00, 50109177.50, 6678.92, 5038.12, 6.05%
- Epoch 003, ExpID 581
Train - Loss: 11878896.23
Val - Loss, MSE, RMSE, MAE, MAPE: 24483504.00, 24483503.67, 4923.01, 3659.61, 4.70%
Test - Best epoch, Loss, MSE, RMSE, MAE, MAPE: 2, 50109180.00, 50109177.50, 6678.92, 5038.12, 6.05%
- Epoch 004, ExpID 581
Train - Loss: 10755032.78
Val - Loss, MSE, RMSE, MAE, MAPE: 23489440.00, 23489442.33, 4825.45, 3534.28, 4.51%
Test - Best epoch, Loss, MSE, RMSE, MAE, MAPE: 4, 48199720.00, 48199715.00, 6636.93, 5089.70, 6.07%
- Epoch 005, ExpID 581
Train - Loss: 9438378.40
Val - Loss, MSE, RMSE, MAE, MAPE: 22871476.00, 22871474.83, 4757.19, 3517.57, 4.49%
Test - Best epoch, Loss, MSE, RMSE, MAE, MAPE: 5, 47604344.00, 47604341.17, 6605.27, 5063.70, 5.99%
- Epoch 006, ExpID 581
Train - Loss: 8668279.84
Val - Loss, MSE, RMSE, MAE, MAPE: 23289886.00, 23289885.33, 4797.08, 3566.16, 4.55%
Test - Best epoch, Loss, MSE, RMSE, MAE, MAPE: 5, 47604344.00, 47604341.17, 6605.27, 5063.70, 5.99%
- Epoch 007, ExpID 581
Train - Loss: 7531230.82
Val - Loss, MSE, RMSE, MAE, MAPE: 22416414.00, 22416415.00, 4694.13, 3453.57, 4.41%
Test - Best epoch, Loss, MSE, RMSE, MAE, MAPE: 7, 48378872.00, 48378871.67, 6596.48, 5017.52, 5.98%
- Epoch 008, ExpID 581
Train - Loss: 6988943.23
Val - Loss, MSE, RMSE, MAE, MAPE: 23389972.00, 23389971.50, 4787.27, 3564.33, 4.57%
Test - Best epoch, Loss, MSE, RMSE, MAE, MAPE: 7, 48378872.00, 48378871.67, 6596.48, 5017.52, 5.98%
- Epoch 009, ExpID 581
Train - Loss: 6285257.30
Val - Loss, MSE, RMSE, MAE, MAPE: 24695500.00, 24695497.67, 4937.72, 3667.04, 4.69%
Test - Best epoch, Loss, MSE, RMSE, MAE, MAPE: 7, 48378872.00, 48378871.67, 6596.48, 5017.52, 5.98%
- Epoch 010, ExpID 581
Train - Loss: 5740641.66
Val - Loss, MSE, RMSE, MAE, MAPE: 23991236.00, 23991234.00, 4876.53, 3582.40, 4.59%
Test - Best epoch, Loss, MSE, RMSE, MAE, MAPE: 7, 48378872.00, 48378871.67, 6596.48, 5017.52, 5.98%
- Epoch 011, ExpID 581
Train - Loss: 5105422.74
Val - Loss, MSE, RMSE, MAE, MAPE: 23376956.00, 23376954.67, 4809.13, 3573.16, 4.59%
Test - Best epoch, Loss, MSE, RMSE, MAE, MAPE: 7, 48378872.00, 48378871.67, 6596.48, 5017.52, 5.98%
- Epoch 012, ExpID 581
Train - Loss: 4925794.60
Val - Loss, MSE, RMSE, MAE, MAPE: 24126440.00, 24126439.67, 4872.29, 3590.95, 4.62%
Test - Best epoch, Loss, MSE, RMSE, MAE, MAPE: 7, 48378872.00, 48378871.67, 6596.48, 5017.52, 5.98%
- Epoch 013, ExpID 581
Train - Loss: 4478584.10
Val - Loss, MSE, RMSE, MAE, MAPE: 24061788.00, 24061786.67, 4870.23, 3613.99, 4.61%
Test - Best epoch, Loss, MSE, RMSE, MAE, MAPE: 7, 48378872.00, 48378871.67, 6596.48, 5017.52, 5.98%
- Epoch 014, ExpID 581
Train - Loss: 4157660.60
Val - Loss, MSE, RMSE, MAE, MAPE: 24127102.00, 24127102.17, 4877.06, 3570.48, 4.58%
Test - Best epoch, Loss, MSE, RMSE, MAE, MAPE: 7, 48378872.00, 48378871.67, 6596.48, 5017.52, 5.98%
- Epoch 015, ExpID 581
Train - Loss: 3868723.89
Val - Loss, MSE, RMSE, MAE, MAPE: 23365024.00, 23365022.33, 4811.78, 3513.53, 4.50%
Test - Best epoch, Loss, MSE, RMSE, MAE, MAPE: 7, 48378872.00, 48378871.67, 6596.48, 5017.52, 5.98%
- Epoch 016, ExpID 581
Train - Loss: 3674411.27
Val - Loss, MSE, RMSE, MAE, MAPE: 23418006.00, 23418004.67, 4819.11, 3536.98, 4.55%
Test - Best epoch, Loss, MSE, RMSE, MAE, MAPE: 7, 48378872.00, 48378871.67, 6596.48, 5017.52, 5.98%
- Epoch 017, ExpID 581
Train - Loss: 3547184.18
Val - Loss, MSE, RMSE, MAE, MAPE: 25125380.00, 25125377.33, 4986.08, 3678.82, 4.69%
Test - Best epoch, Loss, MSE, RMSE, MAE, MAPE: 7, 48378872.00, 48378871.67, 6596.48, 5017.52, 5.98%
Early Stopping at Epoch 17
Fold 2017 Best RMSE: 6596.4803

-------------------- [Fold: 2018] ExpID: 45351 --------------------
- Epoch 000, ExpID 45351
Train - Loss: 19937601.09
Val - Loss, MSE, RMSE, MAE, MAPE: 50542732.00, 50542732.50, 6642.65, 4802.24, 5.86%
Test - Best epoch, Loss, MSE, RMSE, MAE, MAPE: 0, 36016688.00, 36016685.00, 5893.94, 4575.49, 4.98%
- Epoch 001, ExpID 45351
Train - Loss: 16033510.45
Val - Loss, MSE, RMSE, MAE, MAPE: 46897004.00, 46897001.33, 6427.27, 4813.69, 5.77%
Test - Best epoch, Loss, MSE, RMSE, MAE, MAPE: 1, 35169264.00, 35169265.33, 5811.18, 4560.14, 4.91%
- Epoch 002, ExpID 45351
Train - Loss: 14205190.86
Val - Loss, MSE, RMSE, MAE, MAPE: 42277888.00, 42277885.50, 6187.00, 4673.19, 5.60%
Test - Best epoch, Loss, MSE, RMSE, MAE, MAPE: 2, 32741856.00, 32741856.67, 5624.94, 4371.77, 4.75%
- Epoch 003, ExpID 45351
Train - Loss: 12689703.64
Val - Loss, MSE, RMSE, MAE, MAPE: 46328000.00, 46328000.00, 6542.16, 4979.20, 5.91%
Test - Best epoch, Loss, MSE, RMSE, MAE, MAPE: 2, 32741856.00, 32741856.67, 5624.94, 4371.77, 4.75%
- Epoch 004, ExpID 45351
Train - Loss: 11063064.91
Val - Loss, MSE, RMSE, MAE, MAPE: 47906288.00, 47906289.33, 6570.64, 4980.83, 5.89%
Test - Best epoch, Loss, MSE, RMSE, MAE, MAPE: 2, 32741856.00, 32741856.67, 5624.94, 4371.77, 4.75%
- Epoch 005, ExpID 45351
Train - Loss: 10192981.37
Val - Loss, MSE, RMSE, MAE, MAPE: 43869460.00, 43869458.67, 6262.74, 4730.30, 5.64%
Test - Best epoch, Loss, MSE, RMSE, MAE, MAPE: 2, 32741856.00, 32741856.67, 5624.94, 4371.77, 4.75%
- Epoch 006, ExpID 45351
Train - Loss: 9472143.76
Val - Loss, MSE, RMSE, MAE, MAPE: 44208728.00, 44208725.83, 6292.79, 4773.31, 5.71%
Test - Best epoch, Loss, MSE, RMSE, MAE, MAPE: 2, 32741856.00, 32741856.67, 5624.94, 4371.77, 4.75%
- Epoch 007, ExpID 45351
Train - Loss: 8430860.22
Val - Loss, MSE, RMSE, MAE, MAPE: 43104080.00, 43104080.00, 6209.04, 4713.75, 5.68%
Test - Best epoch, Loss, MSE, RMSE, MAE, MAPE: 2, 32741856.00, 32741856.67, 5624.94, 4371.77, 4.75%
- Epoch 008, ExpID 45351
Train - Loss: 7625594.28
Val - Loss, MSE, RMSE, MAE, MAPE: 42386580.00, 42386578.33, 6197.34, 4663.99, 5.55%
Test - Best epoch, Loss, MSE, RMSE, MAE, MAPE: 2, 32741856.00, 32741856.67, 5624.94, 4371.77, 4.75%
- Epoch 009, ExpID 45351
Train - Loss: 6962006.06
Val - Loss, MSE, RMSE, MAE, MAPE: 45101328.00, 45101325.67, 6372.74, 4801.03, 5.69%
Test - Best epoch, Loss, MSE, RMSE, MAE, MAPE: 2, 32741856.00, 32741856.67, 5624.94, 4371.77, 4.75%
- Epoch 010, ExpID 45351
Train - Loss: 6604585.72
Val - Loss, MSE, RMSE, MAE, MAPE: 46297304.00, 46297304.33, 6424.51, 4849.41, 5.75%
Test - Best epoch, Loss, MSE, RMSE, MAE, MAPE: 2, 32741856.00, 32741856.67, 5624.94, 4371.77, 4.75%
- Epoch 011, ExpID 45351
Train - Loss: 6014064.57
Val - Loss, MSE, RMSE, MAE, MAPE: 42257900.00, 42257897.67, 6176.44, 4632.91, 5.50%
Test - Best epoch, Loss, MSE, RMSE, MAE, MAPE: 11, 34916604.00, 34916602.67, 5762.64, 4415.82, 4.77%
- Epoch 012, ExpID 45351
Train - Loss: 5405458.82
Val - Loss, MSE, RMSE, MAE, MAPE: 45476216.00, 45476209.67, 6356.05, 4768.81, 5.66%
Test - Best epoch, Loss, MSE, RMSE, MAE, MAPE: 11, 34916604.00, 34916602.67, 5762.64, 4415.82, 4.77%
- Epoch 013, ExpID 45351
Train - Loss: 4884780.02
Val - Loss, MSE, RMSE, MAE, MAPE: 44769952.00, 44769955.33, 6393.96, 4841.74, 5.76%
Test - Best epoch, Loss, MSE, RMSE, MAE, MAPE: 11, 34916604.00, 34916602.67, 5762.64, 4415.82, 4.77%
- Epoch 014, ExpID 45351
Train - Loss: 4396429.95
Val - Loss, MSE, RMSE, MAE, MAPE: 45364608.00, 45364604.17, 6390.46, 4810.03, 5.74%
Test - Best epoch, Loss, MSE, RMSE, MAE, MAPE: 11, 34916604.00, 34916602.67, 5762.64, 4415.82, 4.77%
- Epoch 015, ExpID 45351
Train - Loss: 4472704.06
Val - Loss, MSE, RMSE, MAE, MAPE: 47422824.00, 47422820.33, 6563.46, 5028.63, 5.93%
Test - Best epoch, Loss, MSE, RMSE, MAE, MAPE: 11, 34916604.00, 34916602.67, 5762.64, 4415.82, 4.77%
- Epoch 016, ExpID 45351
Train - Loss: 4322038.12
Val - Loss, MSE, RMSE, MAE, MAPE: 44010832.00, 44010831.83, 6263.09, 4707.99, 5.63%
Test - Best epoch, Loss, MSE, RMSE, MAE, MAPE: 11, 34916604.00, 34916602.67, 5762.64, 4415.82, 4.77%
- Epoch 017, ExpID 45351
Train - Loss: 4243969.01
Val - Loss, MSE, RMSE, MAE, MAPE: 42044328.00, 42044330.33, 6167.94, 4663.28, 5.59%
Test - Best epoch, Loss, MSE, RMSE, MAE, MAPE: 17, 36838080.00, 36838077.67, 5933.74, 4553.24, 4.94%
- Epoch 018, ExpID 45351
Train - Loss: 3695163.66
Val - Loss, MSE, RMSE, MAE, MAPE: 44402720.00, 44402721.33, 6346.78, 4841.02, 5.76%
Test - Best epoch, Loss, MSE, RMSE, MAE, MAPE: 17, 36838080.00, 36838077.67, 5933.74, 4553.24, 4.94%
- Epoch 019, ExpID 45351
Train - Loss: 3371064.03
Val - Loss, MSE, RMSE, MAE, MAPE: 43210520.00, 43210519.00, 6273.56, 4797.59, 5.69%
Test - Best epoch, Loss, MSE, RMSE, MAE, MAPE: 17, 36838080.00, 36838077.67, 5933.74, 4553.24, 4.94%
- Epoch 020, ExpID 45351
Train - Loss: 3357414.34
Val - Loss, MSE, RMSE, MAE, MAPE: 44653580.00, 44653580.33, 6357.09, 4840.91, 5.74%
Test - Best epoch, Loss, MSE, RMSE, MAE, MAPE: 17, 36838080.00, 36838077.67, 5933.74, 4553.24, 4.94%
- Epoch 021, ExpID 45351
Train - Loss: 3194777.16
Val - Loss, MSE, RMSE, MAE, MAPE: 45479192.00, 45479187.83, 6407.56, 4830.17, 5.76%
Test - Best epoch, Loss, MSE, RMSE, MAE, MAPE: 17, 36838080.00, 36838077.67, 5933.74, 4553.24, 4.94%
- Epoch 022, ExpID 45351
Train - Loss: 3055407.03
Val - Loss, MSE, RMSE, MAE, MAPE: 44991928.00, 44991927.00, 6375.34, 4893.28, 5.80%
Test - Best epoch, Loss, MSE, RMSE, MAE, MAPE: 17, 36838080.00, 36838077.67, 5933.74, 4553.24, 4.94%
- Epoch 023, ExpID 45351
Train - Loss: 3151885.78
Val - Loss, MSE, RMSE, MAE, MAPE: 45899416.00, 45899409.83, 6436.03, 4915.75, 5.84%
Test - Best epoch, Loss, MSE, RMSE, MAE, MAPE: 17, 36838080.00, 36838077.67, 5933.74, 4553.24, 4.94%
- Epoch 024, ExpID 45351
Train - Loss: 3365912.56
Val - Loss, MSE, RMSE, MAE, MAPE: 44801136.00, 44801139.00, 6430.46, 4884.08, 5.78%
Test - Best epoch, Loss, MSE, RMSE, MAE, MAPE: 17, 36838080.00, 36838077.67, 5933.74, 4553.24, 4.94%
- Epoch 025, ExpID 45351
Train - Loss: 2775003.82
Val - Loss, MSE, RMSE, MAE, MAPE: 45332668.00, 45332666.50, 6392.70, 4775.13, 5.71%
Test - Best epoch, Loss, MSE, RMSE, MAE, MAPE: 17, 36838080.00, 36838077.67, 5933.74, 4553.24, 4.94%
- Epoch 026, ExpID 45351
Train - Loss: 2690965.79
Val - Loss, MSE, RMSE, MAE, MAPE: 43378400.00, 43378397.67, 6251.61, 4745.98, 5.68%
Test - Best epoch, Loss, MSE, RMSE, MAE, MAPE: 17, 36838080.00, 36838077.67, 5933.74, 4553.24, 4.94%
- Epoch 027, ExpID 45351
Train - Loss: 2567924.03
Val - Loss, MSE, RMSE, MAE, MAPE: 43424532.00, 43424530.00, 6276.53, 4754.64, 5.66%
Test - Best epoch, Loss, MSE, RMSE, MAE, MAPE: 17, 36838080.00, 36838077.67, 5933.74, 4553.24, 4.94%
Early Stopping at Epoch 27
Fold 2018 Best RMSE: 5933.7429

-------------------- [Fold: 2019] ExpID: 7358 --------------------
- Epoch 000, ExpID 7358
Train - Loss: 21796802.64
Val - Loss, MSE, RMSE, MAE, MAPE: 38278808.00, 38278808.33, 6081.15, 4725.26, 5.06%
Test - Best epoch, Loss, MSE, RMSE, MAE, MAPE: 0, 41456036.00, 41456035.00, 6326.04, 4756.79, 4.96%
- Epoch 001, ExpID 7358
Train - Loss: 16920076.69
Val - Loss, MSE, RMSE, MAE, MAPE: 36051968.00, 36051966.00, 5848.47, 4490.88, 4.85%
Test - Best epoch, Loss, MSE, RMSE, MAE, MAPE: 1, 39419752.00, 39419750.33, 6134.91, 4687.18, 4.90%
- Epoch 002, ExpID 7358
Train - Loss: 14809323.37
Val - Loss, MSE, RMSE, MAE, MAPE: 36087088.00, 36087086.67, 5892.74, 4549.87, 4.91%
Test - Best epoch, Loss, MSE, RMSE, MAE, MAPE: 1, 39419752.00, 39419750.33, 6134.91, 4687.18, 4.90%
- Epoch 003, ExpID 7358
Train - Loss: 13437676.36
Val - Loss, MSE, RMSE, MAE, MAPE: 33797436.00, 33797435.33, 5716.99, 4419.69, 4.79%
Test - Best epoch, Loss, MSE, RMSE, MAE, MAPE: 3, 36924412.00, 36924408.00, 5953.22, 4340.14, 4.57%
- Epoch 004, ExpID 7358
Train - Loss: 11945489.98
Val - Loss, MSE, RMSE, MAE, MAPE: 37162936.00, 37162934.33, 5975.11, 4564.11, 4.99%
Test - Best epoch, Loss, MSE, RMSE, MAE, MAPE: 3, 36924412.00, 36924408.00, 5953.22, 4340.14, 4.57%
- Epoch 005, ExpID 7358
Train - Loss: 10993878.51
Val - Loss, MSE, RMSE, MAE, MAPE: 38095496.00, 38095494.33, 6028.81, 4675.91, 5.02%
Test - Best epoch, Loss, MSE, RMSE, MAE, MAPE: 3, 36924412.00, 36924408.00, 5953.22, 4340.14, 4.57%
- Epoch 006, ExpID 7358
Train - Loss: 10245707.65
Val - Loss, MSE, RMSE, MAE, MAPE: 34698200.00, 34698196.00, 5739.07, 4370.30, 4.72%
Test - Best epoch, Loss, MSE, RMSE, MAE, MAPE: 3, 36924412.00, 36924408.00, 5953.22, 4340.14, 4.57%
- Epoch 007, ExpID 7358
Train - Loss: 8950772.20
Val - Loss, MSE, RMSE, MAE, MAPE: 34121936.00, 34121932.33, 5702.96, 4373.96, 4.73%
Test - Best epoch, Loss, MSE, RMSE, MAE, MAPE: 3, 36924412.00, 36924408.00, 5953.22, 4340.14, 4.57%
- Epoch 008, ExpID 7358
Train - Loss: 8064468.07
Val - Loss, MSE, RMSE, MAE, MAPE: 32976232.00, 32976232.67, 5608.44, 4331.89, 4.68%
Test - Best epoch, Loss, MSE, RMSE, MAE, MAPE: 8, 38084428.00, 38084424.67, 6011.99, 4389.07, 4.60%
- Epoch 009, ExpID 7358
Train - Loss: 7573483.14
Val - Loss, MSE, RMSE, MAE, MAPE: 35139024.00, 35139021.67, 5794.34, 4402.75, 4.77%
Test - Best epoch, Loss, MSE, RMSE, MAE, MAPE: 8, 38084428.00, 38084424.67, 6011.99, 4389.07, 4.60%
- Epoch 010, ExpID 7358
Train - Loss: 6840220.62
Val - Loss, MSE, RMSE, MAE, MAPE: 34791608.00, 34791609.00, 5776.30, 4420.83, 4.79%
Test - Best epoch, Loss, MSE, RMSE, MAE, MAPE: 8, 38084428.00, 38084424.67, 6011.99, 4389.07, 4.60%
- Epoch 011, ExpID 7358
Train - Loss: 6340577.49
Val - Loss, MSE, RMSE, MAE, MAPE: 35203992.00, 35203988.00, 5755.28, 4366.08, 4.73%
Test - Best epoch, Loss, MSE, RMSE, MAE, MAPE: 8, 38084428.00, 38084424.67, 6011.99, 4389.07, 4.60%
- Epoch 012, ExpID 7358
Train - Loss: 6022127.17
Val - Loss, MSE, RMSE, MAE, MAPE: 33941184.00, 33941183.00, 5665.76, 4304.41, 4.66%
Test - Best epoch, Loss, MSE, RMSE, MAE, MAPE: 8, 38084428.00, 38084424.67, 6011.99, 4389.07, 4.60%
- Epoch 013, ExpID 7358
Train - Loss: 5515250.69
Val - Loss, MSE, RMSE, MAE, MAPE: 36409096.00, 36409091.00, 5867.74, 4457.33, 4.83%
Test - Best epoch, Loss, MSE, RMSE, MAE, MAPE: 8, 38084428.00, 38084424.67, 6011.99, 4389.07, 4.60%
- Epoch 014, ExpID 7358
Train - Loss: 5120519.32
Val - Loss, MSE, RMSE, MAE, MAPE: 33935640.00, 33935637.33, 5710.72, 4389.54, 4.74%
Test - Best epoch, Loss, MSE, RMSE, MAE, MAPE: 8, 38084428.00, 38084424.67, 6011.99, 4389.07, 4.60%
- Epoch 015, ExpID 7358
Train - Loss: 5062516.44
Val - Loss, MSE, RMSE, MAE, MAPE: 32883342.00, 32883339.00, 5587.12, 4213.68, 4.57%
Test - Best epoch, Loss, MSE, RMSE, MAE, MAPE: 15, 39091488.00, 39091486.00, 6070.65, 4448.78, 4.67%
- Epoch 016, ExpID 7358
Train - Loss: 4656198.67
Val - Loss, MSE, RMSE, MAE, MAPE: 33172302.00, 33172303.33, 5620.18, 4278.58, 4.63%
Test - Best epoch, Loss, MSE, RMSE, MAE, MAPE: 15, 39091488.00, 39091486.00, 6070.65, 4448.78, 4.67%
- Epoch 017, ExpID 7358
Train - Loss: 4453161.89
Val - Loss, MSE, RMSE, MAE, MAPE: 33444068.00, 33444067.67, 5644.29, 4292.36, 4.65%
Test - Best epoch, Loss, MSE, RMSE, MAE, MAPE: 15, 39091488.00, 39091486.00, 6070.65, 4448.78, 4.67%
- Epoch 018, ExpID 7358
Train - Loss: 4324841.08
Val - Loss, MSE, RMSE, MAE, MAPE: 33579320.00, 33579319.00, 5672.78, 4333.04, 4.70%
Test - Best epoch, Loss, MSE, RMSE, MAE, MAPE: 15, 39091488.00, 39091486.00, 6070.65, 4448.78, 4.67%
- Epoch 019, ExpID 7358
Train - Loss: 3887361.03
Val - Loss, MSE, RMSE, MAE, MAPE: 32339126.00, 32339128.33, 5568.34, 4272.50, 4.63%
Test - Best epoch, Loss, MSE, RMSE, MAE, MAPE: 19, 39014028.00, 39014024.67, 6024.40, 4353.33, 4.58%
- Epoch 020, ExpID 7358
Train - Loss: 3612220.67
Val - Loss, MSE, RMSE, MAE, MAPE: 33582368.00, 33582369.33, 5671.90, 4352.50, 4.70%
Test - Best epoch, Loss, MSE, RMSE, MAE, MAPE: 19, 39014028.00, 39014024.67, 6024.40, 4353.33, 4.58%
- Epoch 021, ExpID 7358
Train - Loss: 3567627.29
Val - Loss, MSE, RMSE, MAE, MAPE: 34366372.00, 34366369.33, 5752.43, 4425.94, 4.79%
Test - Best epoch, Loss, MSE, RMSE, MAE, MAPE: 19, 39014028.00, 39014024.67, 6024.40, 4353.33, 4.58%
- Epoch 022, ExpID 7358
Train - Loss: 3453677.29
Val - Loss, MSE, RMSE, MAE, MAPE: 34386636.00, 34386636.00, 5721.59, 4341.65, 4.70%
Test - Best epoch, Loss, MSE, RMSE, MAE, MAPE: 19, 39014028.00, 39014024.67, 6024.40, 4353.33, 4.58%
- Epoch 023, ExpID 7358
Train - Loss: 3410225.70
Val - Loss, MSE, RMSE, MAE, MAPE: 34193776.00, 34193777.00, 5712.87, 4379.26, 4.73%
Test - Best epoch, Loss, MSE, RMSE, MAE, MAPE: 19, 39014028.00, 39014024.67, 6024.40, 4353.33, 4.58%
- Epoch 024, ExpID 7358
Train - Loss: 3138469.67
Val - Loss, MSE, RMSE, MAE, MAPE: 35320320.00, 35320318.00, 5821.51, 4421.00, 4.81%
Test - Best epoch, Loss, MSE, RMSE, MAE, MAPE: 19, 39014028.00, 39014024.67, 6024.40, 4353.33, 4.58%
- Epoch 025, ExpID 7358
Train - Loss: 3112911.62
Val - Loss, MSE, RMSE, MAE, MAPE: 33115916.00, 33115914.33, 5632.32, 4291.78, 4.64%
Test - Best epoch, Loss, MSE, RMSE, MAE, MAPE: 19, 39014028.00, 39014024.67, 6024.40, 4353.33, 4.58%
- Epoch 026, ExpID 7358
Train - Loss: 2972989.66
Val - Loss, MSE, RMSE, MAE, MAPE: 33865056.00, 33865053.00, 5706.25, 4368.79, 4.74%
Test - Best epoch, Loss, MSE, RMSE, MAE, MAPE: 19, 39014028.00, 39014024.67, 6024.40, 4353.33, 4.58%
- Epoch 027, ExpID 7358
Train - Loss: 2890787.02
Val - Loss, MSE, RMSE, MAE, MAPE: 33921276.00, 33921274.33, 5689.29, 4364.25, 4.71%
Test - Best epoch, Loss, MSE, RMSE, MAE, MAPE: 19, 39014028.00, 39014024.67, 6024.40, 4353.33, 4.58%
- Epoch 028, ExpID 7358
Train - Loss: 2830804.46
Val - Loss, MSE, RMSE, MAE, MAPE: 33365462.00, 33365460.00, 5638.70, 4304.29, 4.68%
Test - Best epoch, Loss, MSE, RMSE, MAE, MAPE: 19, 39014028.00, 39014024.67, 6024.40, 4353.33, 4.58%
- Epoch 029, ExpID 7358
Train - Loss: 2707528.76
Val - Loss, MSE, RMSE, MAE, MAPE: 32123166.00, 32123164.00, 5540.50, 4219.62, 4.57%
Test - Best epoch, Loss, MSE, RMSE, MAE, MAPE: 29, 39018128.00, 39018127.00, 6033.73, 4382.89, 4.61%
- Epoch 030, ExpID 7358
Train - Loss: 2578547.45
Val - Loss, MSE, RMSE, MAE, MAPE: 34134400.00, 34134400.67, 5711.92, 4375.41, 4.74%
Test - Best epoch, Loss, MSE, RMSE, MAE, MAPE: 29, 39018128.00, 39018127.00, 6033.73, 4382.89, 4.61%
- Epoch 031, ExpID 7358
Train - Loss: 2627263.87
Val - Loss, MSE, RMSE, MAE, MAPE: 33882888.00, 33882889.00, 5716.60, 4386.87, 4.75%
Test - Best epoch, Loss, MSE, RMSE, MAE, MAPE: 29, 39018128.00, 39018127.00, 6033.73, 4382.89, 4.61%
- Epoch 032, ExpID 7358
Train - Loss: 2500884.61
Val - Loss, MSE, RMSE, MAE, MAPE: 33972620.00, 33972617.00, 5692.75, 4314.79, 4.65%
Test - Best epoch, Loss, MSE, RMSE, MAE, MAPE: 29, 39018128.00, 39018127.00, 6033.73, 4382.89, 4.61%
- Epoch 033, ExpID 7358
Train - Loss: 2368713.03
Val - Loss, MSE, RMSE, MAE, MAPE: 33164286.00, 33164286.00, 5639.45, 4309.72, 4.66%
Test - Best epoch, Loss, MSE, RMSE, MAE, MAPE: 29, 39018128.00, 39018127.00, 6033.73, 4382.89, 4.61%
- Epoch 034, ExpID 7358
Train - Loss: 2338090.62
Val - Loss, MSE, RMSE, MAE, MAPE: 33061388.00, 33061387.00, 5646.69, 4335.52, 4.68%
Test - Best epoch, Loss, MSE, RMSE, MAE, MAPE: 29, 39018128.00, 39018127.00, 6033.73, 4382.89, 4.61%
- Epoch 035, ExpID 7358
Train - Loss: 2318371.08
Val - Loss, MSE, RMSE, MAE, MAPE: 33821172.00, 33821170.67, 5681.88, 4346.12, 4.71%
Test - Best epoch, Loss, MSE, RMSE, MAE, MAPE: 29, 39018128.00, 39018127.00, 6033.73, 4382.89, 4.61%
- Epoch 036, ExpID 7358
Train - Loss: 2166353.75
Val - Loss, MSE, RMSE, MAE, MAPE: 34279516.00, 34279516.00, 5733.87, 4356.94, 4.71%
Test - Best epoch, Loss, MSE, RMSE, MAE, MAPE: 29, 39018128.00, 39018127.00, 6033.73, 4382.89, 4.61%
- Epoch 037, ExpID 7358
Train - Loss: 2245284.87
Val - Loss, MSE, RMSE, MAE, MAPE: 33012884.00, 33012883.00, 5623.26, 4307.56, 4.66%
Test - Best epoch, Loss, MSE, RMSE, MAE, MAPE: 29, 39018128.00, 39018127.00, 6033.73, 4382.89, 4.61%
- Epoch 038, ExpID 7358
Train - Loss: 2183639.80
Val - Loss, MSE, RMSE, MAE, MAPE: 32539424.00, 32539423.67, 5598.57, 4284.05, 4.63%
Test - Best epoch, Loss, MSE, RMSE, MAE, MAPE: 29, 39018128.00, 39018127.00, 6033.73, 4382.89, 4.61%
- Epoch 039, ExpID 7358
Train - Loss: 2084677.10
Val - Loss, MSE, RMSE, MAE, MAPE: 32281094.00, 32281093.00, 5567.55, 4265.80, 4.62%
Test - Best epoch, Loss, MSE, RMSE, MAE, MAPE: 29, 39018128.00, 39018127.00, 6033.73, 4382.89, 4.61%
Early Stopping at Epoch 39
Fold 2019 Best RMSE: 6033.7278
