DETAILED LOG | Model: tsmixer | Seed: 3
FULL CONFIG: {'gpu': '0', 'target': 'departure', 'cv_start_year': 2017, 'cv_end_year': 2019, 'test_year': 2024, 'use_corona': False, 'seq_len': 91, 'label_len': 0, 'pred_len': 7, 'batch_size': 64, 'epochs': 1000, 'patience': 10, 'lr': 0.0001, 'model': 'tsmixer', 'd_model': 64, 'n_heads': 4, 'n_layers': 3, 'dropout': 0.1, 'activation': 'gelu', 'patch_len': 16, 'factor': 5, 'norm_mode': 'revin', 'use_dbloss': False, 'device': device(type='cuda'), 'stride': 16, 'file_path': 'dataset/airport_daily_flight_merged.csv', 'seed': 3, 'val_year': 2019, 'ndims': 1}

-------------------- [Fold: 2017] ExpID: 79792 --------------------
- Epoch 000, ExpID 79792
Train - Loss: 34279594.99
Val - Loss, MSE, RMSE, MAE, MAPE: 54976392.00, 54976391.33, 7373.00, 5857.77, 7.54%
Test - Best epoch, Loss, MSE, RMSE, MAE, MAPE: 0, 86463080.00, 86463078.00, 9088.74, 7135.26, 8.58%
- Epoch 001, ExpID 79792
Train - Loss: 26133893.13
Val - Loss, MSE, RMSE, MAE, MAPE: 44247024.00, 44247020.33, 6607.45, 5211.53, 6.69%
Test - Best epoch, Loss, MSE, RMSE, MAE, MAPE: 1, 74479312.00, 74479310.33, 8326.75, 6390.48, 7.70%
- Epoch 002, ExpID 79792
Train - Loss: 22543494.92
Val - Loss, MSE, RMSE, MAE, MAPE: 38998572.00, 38998571.33, 6190.80, 4839.06, 6.21%
Test - Best epoch, Loss, MSE, RMSE, MAE, MAPE: 2, 68094728.00, 68094726.33, 7884.10, 5948.72, 7.18%
- Epoch 003, ExpID 79792
Train - Loss: 20490237.08
Val - Loss, MSE, RMSE, MAE, MAPE: 36008776.00, 36008776.33, 5940.50, 4591.17, 5.87%
Test - Best epoch, Loss, MSE, RMSE, MAE, MAPE: 3, 63828264.00, 63828257.33, 7584.83, 5658.66, 6.82%
- Epoch 004, ExpID 79792
Train - Loss: 19190272.15
Val - Loss, MSE, RMSE, MAE, MAPE: 33852088.00, 33852086.00, 5757.88, 4421.53, 5.66%
Test - Best epoch, Loss, MSE, RMSE, MAE, MAPE: 4, 60246216.00, 60246213.67, 7322.33, 5411.44, 6.54%
- Epoch 005, ExpID 79792
Train - Loss: 18333041.43
Val - Loss, MSE, RMSE, MAE, MAPE: 32479996.00, 32479993.67, 5639.42, 4299.87, 5.50%
Test - Best epoch, Loss, MSE, RMSE, MAE, MAPE: 5, 57745512.00, 57745511.67, 7141.32, 5250.49, 6.34%
- Epoch 006, ExpID 79792
Train - Loss: 17620261.66
Val - Loss, MSE, RMSE, MAE, MAPE: 31557332.00, 31557331.67, 5558.40, 4216.15, 5.39%
Test - Best epoch, Loss, MSE, RMSE, MAE, MAPE: 6, 56411356.00, 56411354.00, 7041.54, 5165.00, 6.23%
- Epoch 007, ExpID 79792
Train - Loss: 17090758.98
Val - Loss, MSE, RMSE, MAE, MAPE: 30717926.00, 30717924.67, 5487.03, 4149.15, 5.31%
Test - Best epoch, Loss, MSE, RMSE, MAE, MAPE: 7, 54896632.00, 54896635.33, 6923.68, 5051.84, 6.10%
- Epoch 008, ExpID 79792
Train - Loss: 16817746.97
Val - Loss, MSE, RMSE, MAE, MAPE: 30124116.00, 30124113.33, 5435.15, 4101.83, 5.25%
Test - Best epoch, Loss, MSE, RMSE, MAE, MAPE: 8, 53747304.00, 53747301.00, 6843.86, 4985.70, 6.02%
- Epoch 009, ExpID 79792
Train - Loss: 16461160.52
Val - Loss, MSE, RMSE, MAE, MAPE: 29669998.00, 29669997.00, 5394.89, 4061.53, 5.20%
Test - Best epoch, Loss, MSE, RMSE, MAE, MAPE: 9, 52979864.00, 52979861.33, 6791.09, 4942.53, 5.96%
- Epoch 010, ExpID 79792
Train - Loss: 16254363.41
Val - Loss, MSE, RMSE, MAE, MAPE: 29289526.00, 29289524.67, 5362.90, 4035.67, 5.16%
Test - Best epoch, Loss, MSE, RMSE, MAE, MAPE: 10, 52450716.00, 52450716.00, 6757.00, 4920.43, 5.93%
- Epoch 011, ExpID 79792
Train - Loss: 15952877.56
Val - Loss, MSE, RMSE, MAE, MAPE: 28971262.00, 28971261.00, 5335.79, 4014.02, 5.13%
Test - Best epoch, Loss, MSE, RMSE, MAE, MAPE: 11, 51682572.00, 51682572.50, 6711.99, 4888.05, 5.88%
- Epoch 012, ExpID 79792
Train - Loss: 15805615.47
Val - Loss, MSE, RMSE, MAE, MAPE: 28458400.00, 28458402.67, 5290.53, 3975.73, 5.09%
Test - Best epoch, Loss, MSE, RMSE, MAE, MAPE: 12, 51382200.00, 51382195.17, 6668.33, 4854.28, 5.85%
- Epoch 013, ExpID 79792
Train - Loss: 15511935.20
Val - Loss, MSE, RMSE, MAE, MAPE: 28306832.00, 28306831.67, 5282.91, 3969.55, 5.07%
Test - Best epoch, Loss, MSE, RMSE, MAE, MAPE: 13, 51353200.00, 51353198.50, 6672.57, 4865.29, 5.85%
- Epoch 014, ExpID 79792
Train - Loss: 15339895.49
Val - Loss, MSE, RMSE, MAE, MAPE: 28060752.00, 28060752.67, 5256.68, 3940.76, 5.04%
Test - Best epoch, Loss, MSE, RMSE, MAE, MAPE: 14, 51048800.00, 51048796.50, 6650.72, 4852.85, 5.84%
- Epoch 015, ExpID 79792
Train - Loss: 15146989.38
Val - Loss, MSE, RMSE, MAE, MAPE: 27736526.00, 27736525.33, 5224.84, 3904.51, 5.00%
Test - Best epoch, Loss, MSE, RMSE, MAE, MAPE: 15, 50533084.00, 50533083.00, 6601.49, 4811.44, 5.80%
- Epoch 016, ExpID 79792
Train - Loss: 15086897.90
Val - Loss, MSE, RMSE, MAE, MAPE: 27542364.00, 27542362.33, 5209.22, 3896.44, 4.99%
Test - Best epoch, Loss, MSE, RMSE, MAE, MAPE: 16, 50198284.00, 50198283.83, 6577.66, 4812.85, 5.80%
- Epoch 017, ExpID 79792
Train - Loss: 14831784.18
Val - Loss, MSE, RMSE, MAE, MAPE: 27417502.00, 27417503.00, 5198.57, 3883.43, 4.97%
Test - Best epoch, Loss, MSE, RMSE, MAE, MAPE: 17, 50300192.00, 50300189.50, 6593.01, 4845.28, 5.83%
- Epoch 018, ExpID 79792
Train - Loss: 14675387.86
Val - Loss, MSE, RMSE, MAE, MAPE: 27169390.00, 27169389.33, 5178.51, 3876.47, 4.96%
Test - Best epoch, Loss, MSE, RMSE, MAE, MAPE: 18, 50383344.00, 50383342.67, 6587.73, 4833.17, 5.81%
- Epoch 019, ExpID 79792
Train - Loss: 14579667.62
Val - Loss, MSE, RMSE, MAE, MAPE: 27092396.00, 27092395.67, 5173.74, 3870.21, 4.95%
Test - Best epoch, Loss, MSE, RMSE, MAE, MAPE: 19, 50022632.00, 50022630.67, 6574.43, 4834.36, 5.81%
- Epoch 020, ExpID 79792
Train - Loss: 14444012.04
Val - Loss, MSE, RMSE, MAE, MAPE: 26906348.00, 26906347.33, 5149.85, 3841.20, 4.92%
Test - Best epoch, Loss, MSE, RMSE, MAE, MAPE: 20, 49613624.00, 49613621.67, 6546.22, 4815.26, 5.79%
- Epoch 021, ExpID 79792
Train - Loss: 14301244.04
Val - Loss, MSE, RMSE, MAE, MAPE: 26748104.00, 26748102.67, 5138.57, 3842.42, 4.93%
Test - Best epoch, Loss, MSE, RMSE, MAE, MAPE: 21, 50102840.00, 50102835.33, 6561.41, 4815.16, 5.80%
- Epoch 022, ExpID 79792
Train - Loss: 14140522.54
Val - Loss, MSE, RMSE, MAE, MAPE: 26595718.00, 26595717.00, 5124.80, 3827.43, 4.91%
Test - Best epoch, Loss, MSE, RMSE, MAE, MAPE: 22, 49845784.00, 49845782.83, 6547.23, 4832.62, 5.82%
- Epoch 023, ExpID 79792
Train - Loss: 14025523.48
Val - Loss, MSE, RMSE, MAE, MAPE: 26579300.00, 26579296.33, 5121.98, 3825.49, 4.92%
Test - Best epoch, Loss, MSE, RMSE, MAE, MAPE: 23, 49874572.00, 49874570.83, 6535.59, 4801.03, 5.80%
- Epoch 024, ExpID 79792
Train - Loss: 13906741.58
Val - Loss, MSE, RMSE, MAE, MAPE: 26480528.00, 26480529.67, 5112.38, 3804.22, 4.88%
Test - Best epoch, Loss, MSE, RMSE, MAE, MAPE: 24, 50065088.00, 50065085.50, 6566.58, 4871.79, 5.86%
- Epoch 025, ExpID 79792
Train - Loss: 13732055.60
Val - Loss, MSE, RMSE, MAE, MAPE: 26423694.00, 26423692.00, 5109.71, 3812.12, 4.88%
Test - Best epoch, Loss, MSE, RMSE, MAE, MAPE: 25, 50110940.00, 50110938.33, 6580.90, 4901.20, 5.88%
- Epoch 026, ExpID 79792
Train - Loss: 13546271.59
Val - Loss, MSE, RMSE, MAE, MAPE: 26241444.00, 26241444.00, 5086.15, 3776.88, 4.85%
Test - Best epoch, Loss, MSE, RMSE, MAE, MAPE: 26, 49678632.00, 49678625.83, 6541.12, 4845.61, 5.84%
- Epoch 027, ExpID 79792
Train - Loss: 13522336.46
Val - Loss, MSE, RMSE, MAE, MAPE: 26114326.00, 26114325.00, 5079.30, 3781.62, 4.86%
Test - Best epoch, Loss, MSE, RMSE, MAE, MAPE: 27, 49581360.00, 49581360.33, 6534.38, 4839.93, 5.82%
- Epoch 028, ExpID 79792
Train - Loss: 13361229.10
Val - Loss, MSE, RMSE, MAE, MAPE: 26113608.00, 26113607.00, 5077.51, 3769.17, 4.83%
Test - Best epoch, Loss, MSE, RMSE, MAE, MAPE: 28, 50192336.00, 50192333.67, 6591.61, 4907.45, 5.89%
- Epoch 029, ExpID 79792
Train - Loss: 13264269.51
Val - Loss, MSE, RMSE, MAE, MAPE: 25846636.00, 25846632.33, 5050.10, 3749.12, 4.81%
Test - Best epoch, Loss, MSE, RMSE, MAE, MAPE: 29, 49941052.00, 49941051.00, 6560.70, 4872.68, 5.86%
- Epoch 030, ExpID 79792
Train - Loss: 13136276.61
Val - Loss, MSE, RMSE, MAE, MAPE: 25828116.00, 25828114.67, 5048.08, 3751.33, 4.82%
Test - Best epoch, Loss, MSE, RMSE, MAE, MAPE: 30, 49145704.00, 49145700.67, 6510.87, 4843.04, 5.83%
- Epoch 031, ExpID 79792
Train - Loss: 13052938.09
Val - Loss, MSE, RMSE, MAE, MAPE: 25865960.00, 25865958.33, 5052.42, 3740.15, 4.79%
Test - Best epoch, Loss, MSE, RMSE, MAE, MAPE: 30, 49145704.00, 49145700.67, 6510.87, 4843.04, 5.83%
- Epoch 032, ExpID 79792
Train - Loss: 13033973.09
Val - Loss, MSE, RMSE, MAE, MAPE: 25762286.00, 25762288.33, 5044.20, 3743.93, 4.80%
Test - Best epoch, Loss, MSE, RMSE, MAE, MAPE: 32, 49594200.00, 49594201.17, 6554.39, 4911.29, 5.89%
- Epoch 033, ExpID 79792
Train - Loss: 12804146.03
Val - Loss, MSE, RMSE, MAE, MAPE: 25627214.00, 25627213.67, 5028.37, 3732.40, 4.79%
Test - Best epoch, Loss, MSE, RMSE, MAE, MAPE: 33, 48934524.00, 48934521.33, 6514.24, 4868.12, 5.84%
- Epoch 034, ExpID 79792
Train - Loss: 12682890.61
Val - Loss, MSE, RMSE, MAE, MAPE: 25661950.00, 25661947.33, 5027.83, 3706.94, 4.76%
Test - Best epoch, Loss, MSE, RMSE, MAE, MAPE: 33, 48934524.00, 48934521.33, 6514.24, 4868.12, 5.84%
- Epoch 035, ExpID 79792
Train - Loss: 12560295.71
Val - Loss, MSE, RMSE, MAE, MAPE: 25505244.00, 25505241.67, 5013.38, 3717.86, 4.78%
Test - Best epoch, Loss, MSE, RMSE, MAE, MAPE: 35, 49682392.00, 49682387.50, 6549.68, 4884.32, 5.88%
- Epoch 036, ExpID 79792
Train - Loss: 12522277.48
Val - Loss, MSE, RMSE, MAE, MAPE: 25476516.00, 25476514.00, 5016.66, 3723.59, 4.77%
Test - Best epoch, Loss, MSE, RMSE, MAE, MAPE: 36, 50187192.00, 50187186.33, 6601.25, 4964.23, 5.95%
- Epoch 037, ExpID 79792
Train - Loss: 12441095.29
Val - Loss, MSE, RMSE, MAE, MAPE: 25292684.00, 25292682.00, 4993.10, 3695.60, 4.75%
Test - Best epoch, Loss, MSE, RMSE, MAE, MAPE: 37, 49026704.00, 49026701.50, 6514.08, 4867.58, 5.85%
- Epoch 038, ExpID 79792
Train - Loss: 12304304.27
Val - Loss, MSE, RMSE, MAE, MAPE: 25331560.00, 25331559.67, 4999.34, 3717.36, 4.78%
Test - Best epoch, Loss, MSE, RMSE, MAE, MAPE: 37, 49026704.00, 49026701.50, 6514.08, 4867.58, 5.85%
- Epoch 039, ExpID 79792
Train - Loss: 12198725.68
Val - Loss, MSE, RMSE, MAE, MAPE: 25314582.00, 25314581.00, 4995.09, 3692.85, 4.74%
Test - Best epoch, Loss, MSE, RMSE, MAE, MAPE: 37, 49026704.00, 49026701.50, 6514.08, 4867.58, 5.85%
- Epoch 040, ExpID 79792
Train - Loss: 12126875.52
Val - Loss, MSE, RMSE, MAE, MAPE: 25114904.00, 25114903.67, 4974.66, 3676.71, 4.72%
Test - Best epoch, Loss, MSE, RMSE, MAE, MAPE: 40, 49434704.00, 49434704.83, 6548.55, 4905.47, 5.89%
- Epoch 041, ExpID 79792
Train - Loss: 11954388.86
Val - Loss, MSE, RMSE, MAE, MAPE: 25379708.00, 25379707.00, 5003.73, 3694.21, 4.72%
Test - Best epoch, Loss, MSE, RMSE, MAE, MAPE: 40, 49434704.00, 49434704.83, 6548.55, 4905.47, 5.89%
- Epoch 042, ExpID 79792
Train - Loss: 11837238.26
Val - Loss, MSE, RMSE, MAE, MAPE: 25151060.00, 25151058.00, 4977.91, 3673.89, 4.71%
Test - Best epoch, Loss, MSE, RMSE, MAE, MAPE: 40, 49434704.00, 49434704.83, 6548.55, 4905.47, 5.89%
- Epoch 043, ExpID 79792
Train - Loss: 11690456.43
Val - Loss, MSE, RMSE, MAE, MAPE: 25137596.00, 25137594.67, 4976.10, 3659.28, 4.70%
Test - Best epoch, Loss, MSE, RMSE, MAE, MAPE: 40, 49434704.00, 49434704.83, 6548.55, 4905.47, 5.89%
- Epoch 044, ExpID 79792
Train - Loss: 11671650.87
Val - Loss, MSE, RMSE, MAE, MAPE: 25132332.00, 25132330.33, 4978.86, 3680.75, 4.72%
Test - Best epoch, Loss, MSE, RMSE, MAE, MAPE: 40, 49434704.00, 49434704.83, 6548.55, 4905.47, 5.89%
- Epoch 045, ExpID 79792
Train - Loss: 11607520.94
Val - Loss, MSE, RMSE, MAE, MAPE: 24997150.00, 24997149.67, 4964.22, 3670.57, 4.71%
Test - Best epoch, Loss, MSE, RMSE, MAE, MAPE: 45, 49322336.00, 49322335.17, 6567.40, 4936.74, 5.91%
- Epoch 046, ExpID 79792
Train - Loss: 11496600.34
Val - Loss, MSE, RMSE, MAE, MAPE: 25191998.00, 25191998.00, 4981.47, 3682.67, 4.73%
Test - Best epoch, Loss, MSE, RMSE, MAE, MAPE: 45, 49322336.00, 49322335.17, 6567.40, 4936.74, 5.91%
- Epoch 047, ExpID 79792
Train - Loss: 11389638.95
Val - Loss, MSE, RMSE, MAE, MAPE: 24888340.00, 24888336.67, 4950.62, 3658.85, 4.70%
Test - Best epoch, Loss, MSE, RMSE, MAE, MAPE: 47, 49666408.00, 49666407.67, 6594.09, 4952.21, 5.93%
- Epoch 048, ExpID 79792
Train - Loss: 11372479.09
Val - Loss, MSE, RMSE, MAE, MAPE: 24827094.00, 24827094.50, 4945.91, 3663.13, 4.71%
Test - Best epoch, Loss, MSE, RMSE, MAE, MAPE: 48, 49557404.00, 49557402.00, 6585.29, 4950.02, 5.93%
- Epoch 049, ExpID 79792
Train - Loss: 11232750.33
Val - Loss, MSE, RMSE, MAE, MAPE: 25047804.00, 25047803.00, 4966.08, 3673.50, 4.71%
Test - Best epoch, Loss, MSE, RMSE, MAE, MAPE: 48, 49557404.00, 49557402.00, 6585.29, 4950.02, 5.93%
- Epoch 050, ExpID 79792
Train - Loss: 11113100.91
Val - Loss, MSE, RMSE, MAE, MAPE: 24923024.00, 24923023.00, 4954.38, 3673.15, 4.72%
Test - Best epoch, Loss, MSE, RMSE, MAE, MAPE: 48, 49557404.00, 49557402.00, 6585.29, 4950.02, 5.93%
- Epoch 051, ExpID 79792
Train - Loss: 11035795.11
Val - Loss, MSE, RMSE, MAE, MAPE: 25074892.00, 25074891.33, 4966.87, 3648.35, 4.68%
Test - Best epoch, Loss, MSE, RMSE, MAE, MAPE: 48, 49557404.00, 49557402.00, 6585.29, 4950.02, 5.93%
- Epoch 052, ExpID 79792
Train - Loss: 10985385.61
Val - Loss, MSE, RMSE, MAE, MAPE: 25029742.00, 25029740.17, 4963.89, 3668.30, 4.71%
Test - Best epoch, Loss, MSE, RMSE, MAE, MAPE: 48, 49557404.00, 49557402.00, 6585.29, 4950.02, 5.93%
- Epoch 053, ExpID 79792
Train - Loss: 10910514.66
Val - Loss, MSE, RMSE, MAE, MAPE: 24718576.00, 24718575.50, 4934.36, 3641.89, 4.68%
Test - Best epoch, Loss, MSE, RMSE, MAE, MAPE: 53, 49981056.00, 49981057.33, 6625.72, 4984.29, 5.96%
- Epoch 054, ExpID 79792
Train - Loss: 10819030.75
Val - Loss, MSE, RMSE, MAE, MAPE: 24847832.00, 24847833.33, 4949.43, 3658.00, 4.69%
Test - Best epoch, Loss, MSE, RMSE, MAE, MAPE: 53, 49981056.00, 49981057.33, 6625.72, 4984.29, 5.96%
- Epoch 055, ExpID 79792
Train - Loss: 10716688.37
Val - Loss, MSE, RMSE, MAE, MAPE: 24680936.00, 24680936.17, 4932.70, 3633.99, 4.65%
Test - Best epoch, Loss, MSE, RMSE, MAE, MAPE: 55, 50937160.00, 50937158.67, 6717.35, 5069.62, 6.05%
- Epoch 056, ExpID 79792
Train - Loss: 10681017.36
Val - Loss, MSE, RMSE, MAE, MAPE: 24733334.00, 24733334.33, 4933.57, 3640.11, 4.67%
Test - Best epoch, Loss, MSE, RMSE, MAE, MAPE: 55, 50937160.00, 50937158.67, 6717.35, 5069.62, 6.05%
- Epoch 057, ExpID 79792
Train - Loss: 10563666.11
Val - Loss, MSE, RMSE, MAE, MAPE: 24835302.00, 24835300.83, 4948.39, 3651.30, 4.68%
Test - Best epoch, Loss, MSE, RMSE, MAE, MAPE: 55, 50937160.00, 50937158.67, 6717.35, 5069.62, 6.05%
- Epoch 058, ExpID 79792
Train - Loss: 10473884.82
Val - Loss, MSE, RMSE, MAE, MAPE: 24731608.00, 24731608.50, 4934.76, 3636.56, 4.67%
Test - Best epoch, Loss, MSE, RMSE, MAE, MAPE: 55, 50937160.00, 50937158.67, 6717.35, 5069.62, 6.05%
- Epoch 059, ExpID 79792
Train - Loss: 10454455.66
Val - Loss, MSE, RMSE, MAE, MAPE: 25065238.00, 25065237.67, 4970.84, 3657.60, 4.68%
Test - Best epoch, Loss, MSE, RMSE, MAE, MAPE: 55, 50937160.00, 50937158.67, 6717.35, 5069.62, 6.05%
- Epoch 060, ExpID 79792
Train - Loss: 10322582.40
Val - Loss, MSE, RMSE, MAE, MAPE: 24838572.00, 24838571.17, 4946.00, 3635.29, 4.66%
Test - Best epoch, Loss, MSE, RMSE, MAE, MAPE: 55, 50937160.00, 50937158.67, 6717.35, 5069.62, 6.05%
- Epoch 061, ExpID 79792
Train - Loss: 10249413.16
Val - Loss, MSE, RMSE, MAE, MAPE: 24645064.00, 24645063.33, 4927.94, 3650.90, 4.70%
Test - Best epoch, Loss, MSE, RMSE, MAE, MAPE: 61, 49552524.00, 49552525.00, 6614.49, 4969.77, 5.95%
- Epoch 062, ExpID 79792
Train - Loss: 10178525.73
Val - Loss, MSE, RMSE, MAE, MAPE: 24715900.00, 24715898.67, 4936.19, 3649.42, 4.69%
Test - Best epoch, Loss, MSE, RMSE, MAE, MAPE: 61, 49552524.00, 49552525.00, 6614.49, 4969.77, 5.95%
- Epoch 063, ExpID 79792
Train - Loss: 10191385.68
Val - Loss, MSE, RMSE, MAE, MAPE: 24592228.00, 24592226.17, 4925.41, 3647.21, 4.68%
Test - Best epoch, Loss, MSE, RMSE, MAE, MAPE: 63, 50256888.00, 50256886.67, 6682.67, 5045.62, 6.02%
- Epoch 064, ExpID 79792
Train - Loss: 10099835.53
Val - Loss, MSE, RMSE, MAE, MAPE: 24689964.00, 24689962.33, 4933.85, 3640.21, 4.67%
Test - Best epoch, Loss, MSE, RMSE, MAE, MAPE: 63, 50256888.00, 50256886.67, 6682.67, 5045.62, 6.02%
- Epoch 065, ExpID 79792
Train - Loss: 10038803.36
Val - Loss, MSE, RMSE, MAE, MAPE: 24443750.00, 24443748.50, 4912.42, 3645.78, 4.67%
Test - Best epoch, Loss, MSE, RMSE, MAE, MAPE: 65, 50085896.00, 50085893.00, 6677.22, 5062.27, 6.03%
- Epoch 066, ExpID 79792
Train - Loss: 9972549.70
Val - Loss, MSE, RMSE, MAE, MAPE: 24964484.00, 24964483.50, 4960.98, 3688.80, 4.72%
Test - Best epoch, Loss, MSE, RMSE, MAE, MAPE: 65, 50085896.00, 50085893.00, 6677.22, 5062.27, 6.03%
- Epoch 067, ExpID 79792
Train - Loss: 9903351.02
Val - Loss, MSE, RMSE, MAE, MAPE: 24740432.00, 24740433.50, 4936.90, 3656.22, 4.70%
Test - Best epoch, Loss, MSE, RMSE, MAE, MAPE: 65, 50085896.00, 50085893.00, 6677.22, 5062.27, 6.03%
- Epoch 068, ExpID 79792
Train - Loss: 9821610.09
Val - Loss, MSE, RMSE, MAE, MAPE: 24707292.00, 24707290.83, 4934.48, 3626.71, 4.65%
Test - Best epoch, Loss, MSE, RMSE, MAE, MAPE: 65, 50085896.00, 50085893.00, 6677.22, 5062.27, 6.03%
- Epoch 069, ExpID 79792
Train - Loss: 9817123.91
Val - Loss, MSE, RMSE, MAE, MAPE: 24771046.00, 24771044.00, 4943.44, 3652.82, 4.69%
Test - Best epoch, Loss, MSE, RMSE, MAE, MAPE: 65, 50085896.00, 50085893.00, 6677.22, 5062.27, 6.03%
- Epoch 070, ExpID 79792
Train - Loss: 9673752.31
Val - Loss, MSE, RMSE, MAE, MAPE: 24423270.00, 24423268.33, 4906.64, 3629.88, 4.67%
Test - Best epoch, Loss, MSE, RMSE, MAE, MAPE: 70, 49678296.00, 49678294.33, 6658.22, 5041.61, 6.02%
- Epoch 071, ExpID 79792
Train - Loss: 9649796.00
Val - Loss, MSE, RMSE, MAE, MAPE: 24720344.00, 24720342.33, 4938.83, 3643.30, 4.68%
Test - Best epoch, Loss, MSE, RMSE, MAE, MAPE: 70, 49678296.00, 49678294.33, 6658.22, 5041.61, 6.02%
- Epoch 072, ExpID 79792
Train - Loss: 9578971.94
Val - Loss, MSE, RMSE, MAE, MAPE: 24725692.00, 24725688.33, 4937.65, 3637.35, 4.66%
Test - Best epoch, Loss, MSE, RMSE, MAE, MAPE: 70, 49678296.00, 49678294.33, 6658.22, 5041.61, 6.02%
- Epoch 073, ExpID 79792
Train - Loss: 9556460.92
Val - Loss, MSE, RMSE, MAE, MAPE: 25177638.00, 25177636.83, 4977.85, 3683.96, 4.74%
Test - Best epoch, Loss, MSE, RMSE, MAE, MAPE: 70, 49678296.00, 49678294.33, 6658.22, 5041.61, 6.02%
- Epoch 074, ExpID 79792
Train - Loss: 9483943.98
Val - Loss, MSE, RMSE, MAE, MAPE: 24826198.00, 24826195.33, 4945.48, 3666.60, 4.71%
Test - Best epoch, Loss, MSE, RMSE, MAE, MAPE: 70, 49678296.00, 49678294.33, 6658.22, 5041.61, 6.02%
- Epoch 075, ExpID 79792
Train - Loss: 9508747.23
Val - Loss, MSE, RMSE, MAE, MAPE: 25048812.00, 25048810.67, 4968.31, 3680.79, 4.73%
Test - Best epoch, Loss, MSE, RMSE, MAE, MAPE: 70, 49678296.00, 49678294.33, 6658.22, 5041.61, 6.02%
- Epoch 076, ExpID 79792
Train - Loss: 9492491.73
Val - Loss, MSE, RMSE, MAE, MAPE: 25005200.00, 25005199.33, 4966.77, 3662.23, 4.69%
Test - Best epoch, Loss, MSE, RMSE, MAE, MAPE: 70, 49678296.00, 49678294.33, 6658.22, 5041.61, 6.02%
- Epoch 077, ExpID 79792
Train - Loss: 9365951.10
Val - Loss, MSE, RMSE, MAE, MAPE: 24802430.00, 24802431.33, 4944.31, 3642.52, 4.68%
Test - Best epoch, Loss, MSE, RMSE, MAE, MAPE: 70, 49678296.00, 49678294.33, 6658.22, 5041.61, 6.02%
- Epoch 078, ExpID 79792
Train - Loss: 9312796.45
Val - Loss, MSE, RMSE, MAE, MAPE: 24534372.00, 24534370.17, 4922.30, 3651.18, 4.69%
Test - Best epoch, Loss, MSE, RMSE, MAE, MAPE: 70, 49678296.00, 49678294.33, 6658.22, 5041.61, 6.02%
- Epoch 079, ExpID 79792
Train - Loss: 9274022.80
Val - Loss, MSE, RMSE, MAE, MAPE: 24875884.00, 24875883.00, 4951.66, 3667.15, 4.71%
Test - Best epoch, Loss, MSE, RMSE, MAE, MAPE: 70, 49678296.00, 49678294.33, 6658.22, 5041.61, 6.02%
- Epoch 080, ExpID 79792
Train - Loss: 9218073.80
Val - Loss, MSE, RMSE, MAE, MAPE: 25117790.00, 25117789.00, 4977.39, 3666.22, 4.70%
Test - Best epoch, Loss, MSE, RMSE, MAE, MAPE: 70, 49678296.00, 49678294.33, 6658.22, 5041.61, 6.02%
Early Stopping at Epoch 80
Fold 2017 Best RMSE: 6658.2195

-------------------- [Fold: 2018] ExpID: 46380 --------------------
- Epoch 000, ExpID 46380
Train - Loss: 35392000.61
Val - Loss, MSE, RMSE, MAE, MAPE: 86269536.00, 86269532.00, 9042.94, 7171.76, 8.62%
Test - Best epoch, Loss, MSE, RMSE, MAE, MAPE: 0, 59199120.00, 59199116.00, 7651.65, 6132.09, 6.61%
- Epoch 001, ExpID 46380
Train - Loss: 26869178.66
Val - Loss, MSE, RMSE, MAE, MAPE: 73452248.00, 73452250.00, 8226.96, 6366.22, 7.70%
Test - Best epoch, Loss, MSE, RMSE, MAE, MAPE: 1, 50733288.00, 50733287.33, 7072.21, 5619.09, 6.06%
- Epoch 002, ExpID 46380
Train - Loss: 23024899.72
Val - Loss, MSE, RMSE, MAE, MAPE: 66072064.00, 66072066.00, 7728.94, 5889.40, 7.13%
Test - Best epoch, Loss, MSE, RMSE, MAE, MAPE: 2, 46301072.00, 46301072.67, 6736.77, 5318.38, 5.73%
- Epoch 003, ExpID 46380
Train - Loss: 20949670.16
Val - Loss, MSE, RMSE, MAE, MAPE: 60970924.00, 60970920.33, 7377.24, 5541.17, 6.71%
Test - Best epoch, Loss, MSE, RMSE, MAE, MAPE: 3, 43457632.00, 43457630.67, 6513.50, 5114.84, 5.52%
- Epoch 004, ExpID 46380
Train - Loss: 19882028.59
Val - Loss, MSE, RMSE, MAE, MAPE: 57612332.00, 57612327.67, 7136.88, 5296.94, 6.41%
Test - Best epoch, Loss, MSE, RMSE, MAE, MAPE: 4, 41731016.00, 41731014.33, 6371.40, 4983.29, 5.38%
- Epoch 005, ExpID 46380
Train - Loss: 19157627.87
Val - Loss, MSE, RMSE, MAE, MAPE: 55508000.00, 55507995.00, 6980.79, 5140.52, 6.23%
Test - Best epoch, Loss, MSE, RMSE, MAE, MAPE: 5, 40708804.00, 40708802.00, 6281.56, 4899.51, 5.29%
- Epoch 006, ExpID 46380
Train - Loss: 18236152.28
Val - Loss, MSE, RMSE, MAE, MAPE: 53841448.00, 53841447.00, 6847.43, 5011.48, 6.08%
Test - Best epoch, Loss, MSE, RMSE, MAE, MAPE: 6, 39843028.00, 39843026.33, 6210.06, 4847.77, 5.24%
- Epoch 007, ExpID 46380
Train - Loss: 17866561.68
Val - Loss, MSE, RMSE, MAE, MAPE: 52943008.00, 52943008.00, 6781.49, 4953.14, 6.00%
Test - Best epoch, Loss, MSE, RMSE, MAE, MAPE: 7, 39213368.00, 39213365.67, 6157.48, 4802.03, 5.18%
- Epoch 008, ExpID 46380
Train - Loss: 17482955.07
Val - Loss, MSE, RMSE, MAE, MAPE: 52279408.00, 52279409.00, 6735.87, 4916.31, 5.94%
Test - Best epoch, Loss, MSE, RMSE, MAE, MAPE: 8, 38732200.00, 38732202.33, 6114.57, 4759.54, 5.13%
- Epoch 009, ExpID 46380
Train - Loss: 17464002.94
Val - Loss, MSE, RMSE, MAE, MAPE: 51591276.00, 51591274.00, 6701.35, 4881.17, 5.89%
Test - Best epoch, Loss, MSE, RMSE, MAE, MAPE: 9, 38375072.00, 38375073.00, 6082.92, 4716.89, 5.08%
- Epoch 010, ExpID 46380
Train - Loss: 16853613.93
Val - Loss, MSE, RMSE, MAE, MAPE: 50846072.00, 50846068.00, 6626.64, 4811.36, 5.83%
Test - Best epoch, Loss, MSE, RMSE, MAE, MAPE: 10, 37707424.00, 37707426.00, 6030.26, 4685.86, 5.07%
- Epoch 011, ExpID 46380
Train - Loss: 16632334.81
Val - Loss, MSE, RMSE, MAE, MAPE: 50740904.00, 50740901.33, 6629.37, 4820.32, 5.82%
Test - Best epoch, Loss, MSE, RMSE, MAE, MAPE: 11, 37478860.00, 37478861.67, 6006.79, 4654.10, 5.02%
- Epoch 012, ExpID 46380
Train - Loss: 16483581.96
Val - Loss, MSE, RMSE, MAE, MAPE: 49971448.00, 49971445.33, 6578.78, 4796.27, 5.79%
Test - Best epoch, Loss, MSE, RMSE, MAE, MAPE: 12, 36905212.00, 36905209.67, 5960.60, 4619.53, 4.98%
- Epoch 013, ExpID 46380
Train - Loss: 16291604.93
Val - Loss, MSE, RMSE, MAE, MAPE: 49637244.00, 49637243.83, 6534.79, 4751.45, 5.75%
Test - Best epoch, Loss, MSE, RMSE, MAE, MAPE: 13, 36512780.00, 36512778.67, 5930.37, 4605.59, 4.98%
- Epoch 014, ExpID 46380
Train - Loss: 16168410.95
Val - Loss, MSE, RMSE, MAE, MAPE: 49586216.00, 49586213.67, 6553.68, 4771.65, 5.75%
Test - Best epoch, Loss, MSE, RMSE, MAE, MAPE: 14, 36472488.00, 36472488.00, 5923.05, 4572.33, 4.93%
- Epoch 015, ExpID 46380
Train - Loss: 15972328.91
Val - Loss, MSE, RMSE, MAE, MAPE: 49139768.00, 49139768.17, 6507.47, 4741.62, 5.73%
Test - Best epoch, Loss, MSE, RMSE, MAE, MAPE: 15, 35894344.00, 35894340.00, 5878.93, 4548.13, 4.92%
- Epoch 016, ExpID 46380
Train - Loss: 15917024.86
Val - Loss, MSE, RMSE, MAE, MAPE: 49168408.00, 49168408.33, 6514.39, 4740.41, 5.72%
Test - Best epoch, Loss, MSE, RMSE, MAE, MAPE: 15, 35894344.00, 35894340.00, 5878.93, 4548.13, 4.92%
- Epoch 017, ExpID 46380
Train - Loss: 15906021.33
Val - Loss, MSE, RMSE, MAE, MAPE: 48859420.00, 48859419.00, 6494.42, 4741.91, 5.72%
Test - Best epoch, Loss, MSE, RMSE, MAE, MAPE: 17, 35361520.00, 35361516.00, 5835.32, 4508.33, 4.87%
- Epoch 018, ExpID 46380
Train - Loss: 15498701.44
Val - Loss, MSE, RMSE, MAE, MAPE: 48376704.00, 48376702.17, 6458.91, 4718.69, 5.70%
Test - Best epoch, Loss, MSE, RMSE, MAE, MAPE: 18, 35067900.00, 35067899.00, 5809.73, 4495.54, 4.86%
- Epoch 019, ExpID 46380
Train - Loss: 15326014.39
Val - Loss, MSE, RMSE, MAE, MAPE: 48510748.00, 48510746.83, 6473.70, 4735.80, 5.71%
Test - Best epoch, Loss, MSE, RMSE, MAE, MAPE: 18, 35067900.00, 35067899.00, 5809.73, 4495.54, 4.86%
- Epoch 020, ExpID 46380
Train - Loss: 15251585.76
Val - Loss, MSE, RMSE, MAE, MAPE: 48480828.00, 48480826.83, 6470.15, 4737.83, 5.71%
Test - Best epoch, Loss, MSE, RMSE, MAE, MAPE: 18, 35067900.00, 35067899.00, 5809.73, 4495.54, 4.86%
- Epoch 021, ExpID 46380
Train - Loss: 15075469.37
Val - Loss, MSE, RMSE, MAE, MAPE: 48944556.00, 48944555.83, 6514.75, 4799.66, 5.77%
Test - Best epoch, Loss, MSE, RMSE, MAE, MAPE: 18, 35067900.00, 35067899.00, 5809.73, 4495.54, 4.86%
- Epoch 022, ExpID 46380
Train - Loss: 14991735.45
Val - Loss, MSE, RMSE, MAE, MAPE: 48673544.00, 48673542.83, 6485.79, 4774.77, 5.75%
Test - Best epoch, Loss, MSE, RMSE, MAE, MAPE: 18, 35067900.00, 35067899.00, 5809.73, 4495.54, 4.86%
- Epoch 023, ExpID 46380
Train - Loss: 14917396.69
Val - Loss, MSE, RMSE, MAE, MAPE: 48535980.00, 48535978.83, 6489.10, 4779.07, 5.74%
Test - Best epoch, Loss, MSE, RMSE, MAE, MAPE: 18, 35067900.00, 35067899.00, 5809.73, 4495.54, 4.86%
- Epoch 024, ExpID 46380
Train - Loss: 14728286.05
Val - Loss, MSE, RMSE, MAE, MAPE: 48416620.00, 48416621.33, 6469.32, 4750.51, 5.72%
Test - Best epoch, Loss, MSE, RMSE, MAE, MAPE: 18, 35067900.00, 35067899.00, 5809.73, 4495.54, 4.86%
- Epoch 025, ExpID 46380
Train - Loss: 14737587.01
Val - Loss, MSE, RMSE, MAE, MAPE: 48666560.00, 48666558.33, 6482.81, 4760.87, 5.73%
Test - Best epoch, Loss, MSE, RMSE, MAE, MAPE: 18, 35067900.00, 35067899.00, 5809.73, 4495.54, 4.86%
- Epoch 026, ExpID 46380
Train - Loss: 14425998.02
Val - Loss, MSE, RMSE, MAE, MAPE: 48176008.00, 48176006.17, 6445.59, 4727.16, 5.70%
Test - Best epoch, Loss, MSE, RMSE, MAE, MAPE: 26, 33656304.00, 33656303.00, 5687.08, 4385.66, 4.74%
- Epoch 027, ExpID 46380
Train - Loss: 14399001.09
Val - Loss, MSE, RMSE, MAE, MAPE: 48625224.00, 48625218.67, 6479.05, 4762.47, 5.73%
Test - Best epoch, Loss, MSE, RMSE, MAE, MAPE: 26, 33656304.00, 33656303.00, 5687.08, 4385.66, 4.74%
- Epoch 028, ExpID 46380
Train - Loss: 14197641.58
Val - Loss, MSE, RMSE, MAE, MAPE: 48247288.00, 48247280.83, 6456.05, 4753.71, 5.72%
Test - Best epoch, Loss, MSE, RMSE, MAE, MAPE: 26, 33656304.00, 33656303.00, 5687.08, 4385.66, 4.74%
- Epoch 029, ExpID 46380
Train - Loss: 14038633.93
Val - Loss, MSE, RMSE, MAE, MAPE: 48034072.00, 48034068.00, 6446.92, 4765.31, 5.73%
Test - Best epoch, Loss, MSE, RMSE, MAE, MAPE: 29, 33062678.00, 33062678.00, 5640.46, 4347.19, 4.70%
- Epoch 030, ExpID 46380
Train - Loss: 14011254.32
Val - Loss, MSE, RMSE, MAE, MAPE: 48085064.00, 48085059.33, 6448.52, 4750.43, 5.72%
Test - Best epoch, Loss, MSE, RMSE, MAE, MAPE: 29, 33062678.00, 33062678.00, 5640.46, 4347.19, 4.70%
- Epoch 031, ExpID 46380
Train - Loss: 13980063.08
Val - Loss, MSE, RMSE, MAE, MAPE: 48781224.00, 48781218.67, 6507.88, 4804.56, 5.77%
Test - Best epoch, Loss, MSE, RMSE, MAE, MAPE: 29, 33062678.00, 33062678.00, 5640.46, 4347.19, 4.70%
- Epoch 032, ExpID 46380
Train - Loss: 13869897.60
Val - Loss, MSE, RMSE, MAE, MAPE: 48921192.00, 48921189.50, 6516.32, 4808.89, 5.77%
Test - Best epoch, Loss, MSE, RMSE, MAE, MAPE: 29, 33062678.00, 33062678.00, 5640.46, 4347.19, 4.70%
- Epoch 033, ExpID 46380
Train - Loss: 13590755.88
Val - Loss, MSE, RMSE, MAE, MAPE: 48959576.00, 48959569.83, 6517.04, 4825.61, 5.80%
Test - Best epoch, Loss, MSE, RMSE, MAE, MAPE: 29, 33062678.00, 33062678.00, 5640.46, 4347.19, 4.70%
- Epoch 034, ExpID 46380
Train - Loss: 13666256.51
Val - Loss, MSE, RMSE, MAE, MAPE: 49609880.00, 49609875.17, 6568.19, 4884.10, 5.86%
Test - Best epoch, Loss, MSE, RMSE, MAE, MAPE: 29, 33062678.00, 33062678.00, 5640.46, 4347.19, 4.70%
- Epoch 035, ExpID 46380
Train - Loss: 13393283.89
Val - Loss, MSE, RMSE, MAE, MAPE: 49879504.00, 49879504.50, 6590.16, 4898.81, 5.87%
Test - Best epoch, Loss, MSE, RMSE, MAE, MAPE: 29, 33062678.00, 33062678.00, 5640.46, 4347.19, 4.70%
- Epoch 036, ExpID 46380
Train - Loss: 13278812.39
Val - Loss, MSE, RMSE, MAE, MAPE: 49203976.00, 49203971.50, 6538.21, 4858.12, 5.83%
Test - Best epoch, Loss, MSE, RMSE, MAE, MAPE: 29, 33062678.00, 33062678.00, 5640.46, 4347.19, 4.70%
- Epoch 037, ExpID 46380
Train - Loss: 13253014.46
Val - Loss, MSE, RMSE, MAE, MAPE: 49955208.00, 49955205.33, 6604.90, 4926.25, 5.89%
Test - Best epoch, Loss, MSE, RMSE, MAE, MAPE: 29, 33062678.00, 33062678.00, 5640.46, 4347.19, 4.70%
- Epoch 038, ExpID 46380
Train - Loss: 13050245.94
Val - Loss, MSE, RMSE, MAE, MAPE: 49932536.00, 49932535.83, 6593.86, 4906.05, 5.88%
Test - Best epoch, Loss, MSE, RMSE, MAE, MAPE: 29, 33062678.00, 33062678.00, 5640.46, 4347.19, 4.70%
- Epoch 039, ExpID 46380
Train - Loss: 12916384.29
Val - Loss, MSE, RMSE, MAE, MAPE: 49646144.00, 49646144.83, 6584.36, 4922.14, 5.89%
Test - Best epoch, Loss, MSE, RMSE, MAE, MAPE: 29, 33062678.00, 33062678.00, 5640.46, 4347.19, 4.70%
Early Stopping at Epoch 39
Fold 2018 Best RMSE: 5640.4565

-------------------- [Fold: 2019] ExpID: 36315 --------------------
- Epoch 000, ExpID 36315
Train - Loss: 39300132.04
Val - Loss, MSE, RMSE, MAE, MAPE: 61579184.00, 61579186.00, 7805.75, 6256.54, 6.75%
Test - Best epoch, Loss, MSE, RMSE, MAE, MAPE: 0, 68079136.00, 68079132.67, 8179.55, 6490.60, 6.80%
- Epoch 001, ExpID 36315
Train - Loss: 29363621.87
Val - Loss, MSE, RMSE, MAE, MAPE: 51821868.00, 51821866.67, 7133.17, 5642.67, 6.09%
Test - Best epoch, Loss, MSE, RMSE, MAE, MAPE: 1, 56180444.00, 56180442.00, 7421.08, 5830.95, 6.12%
- Epoch 002, ExpID 36315
Train - Loss: 25393691.24
Val - Loss, MSE, RMSE, MAE, MAPE: 47051148.00, 47051147.33, 6765.98, 5306.69, 5.72%
Test - Best epoch, Loss, MSE, RMSE, MAE, MAPE: 2, 50481664.00, 50481663.33, 7015.98, 5472.40, 5.74%
- Epoch 003, ExpID 36315
Train - Loss: 23380946.80
Val - Loss, MSE, RMSE, MAE, MAPE: 44254440.00, 44254436.00, 6541.46, 5104.25, 5.51%
Test - Best epoch, Loss, MSE, RMSE, MAE, MAPE: 3, 47548376.00, 47548370.67, 6791.65, 5256.67, 5.51%
- Epoch 004, ExpID 36315
Train - Loss: 22030360.06
Val - Loss, MSE, RMSE, MAE, MAPE: 42635240.00, 42635241.00, 6404.95, 4969.19, 5.37%
Test - Best epoch, Loss, MSE, RMSE, MAE, MAPE: 4, 45509256.00, 45509251.00, 6632.89, 5102.87, 5.35%
- Epoch 005, ExpID 36315
Train - Loss: 21202206.11
Val - Loss, MSE, RMSE, MAE, MAPE: 41517068.00, 41517063.67, 6310.80, 4893.46, 5.28%
Test - Best epoch, Loss, MSE, RMSE, MAE, MAPE: 5, 44317172.00, 44317169.00, 6542.06, 5012.46, 5.25%
- Epoch 006, ExpID 36315
Train - Loss: 20458043.79
Val - Loss, MSE, RMSE, MAE, MAPE: 40675568.00, 40675567.33, 6241.85, 4831.31, 5.21%
Test - Best epoch, Loss, MSE, RMSE, MAE, MAPE: 6, 43307504.00, 43307500.00, 6463.95, 4927.13, 5.17%
- Epoch 007, ExpID 36315
Train - Loss: 20021488.13
Val - Loss, MSE, RMSE, MAE, MAPE: 39623824.00, 39623825.00, 6163.09, 4770.84, 5.16%
Test - Best epoch, Loss, MSE, RMSE, MAE, MAPE: 7, 42702044.00, 42702043.00, 6407.29, 4858.68, 5.11%
- Epoch 008, ExpID 36315
Train - Loss: 19554891.16
Val - Loss, MSE, RMSE, MAE, MAPE: 39037360.00, 39037355.33, 6115.11, 4730.01, 5.12%
Test - Best epoch, Loss, MSE, RMSE, MAE, MAPE: 8, 42090084.00, 42090082.33, 6357.09, 4802.48, 5.05%
- Epoch 009, ExpID 36315
Train - Loss: 19148743.18
Val - Loss, MSE, RMSE, MAE, MAPE: 38796664.00, 38796659.67, 6089.11, 4691.97, 5.07%
Test - Best epoch, Loss, MSE, RMSE, MAE, MAPE: 9, 41403784.00, 41403782.33, 6306.41, 4750.92, 4.99%
- Epoch 010, ExpID 36315
Train - Loss: 18814829.72
Val - Loss, MSE, RMSE, MAE, MAPE: 38047416.00, 38047413.00, 6031.59, 4646.63, 5.03%
Test - Best epoch, Loss, MSE, RMSE, MAE, MAPE: 10, 41116312.00, 41116307.67, 6277.14, 4719.31, 4.96%
- Epoch 011, ExpID 36315
Train - Loss: 18502386.77
Val - Loss, MSE, RMSE, MAE, MAPE: 37772608.00, 37772605.33, 6010.70, 4633.57, 5.01%
Test - Best epoch, Loss, MSE, RMSE, MAE, MAPE: 11, 40743904.00, 40743905.00, 6250.66, 4688.62, 4.93%
- Epoch 012, ExpID 36315
Train - Loss: 18252807.41
Val - Loss, MSE, RMSE, MAE, MAPE: 37362880.00, 37362883.00, 5981.18, 4614.03, 4.99%
Test - Best epoch, Loss, MSE, RMSE, MAE, MAPE: 12, 40488592.00, 40488592.67, 6225.01, 4663.59, 4.91%
- Epoch 013, ExpID 36315
Train - Loss: 18025585.97
Val - Loss, MSE, RMSE, MAE, MAPE: 37187540.00, 37187536.33, 5963.35, 4592.35, 4.96%
Test - Best epoch, Loss, MSE, RMSE, MAE, MAPE: 13, 40119776.00, 40119773.67, 6199.30, 4642.14, 4.88%
- Epoch 014, ExpID 36315
Train - Loss: 17682074.78
Val - Loss, MSE, RMSE, MAE, MAPE: 36925904.00, 36925902.00, 5939.72, 4569.58, 4.93%
Test - Best epoch, Loss, MSE, RMSE, MAE, MAPE: 14, 39851728.00, 39851725.67, 6179.21, 4625.93, 4.86%
- Epoch 015, ExpID 36315
Train - Loss: 17572749.11
Val - Loss, MSE, RMSE, MAE, MAPE: 36552688.00, 36552686.00, 5911.42, 4539.39, 4.91%
Test - Best epoch, Loss, MSE, RMSE, MAE, MAPE: 15, 39496348.00, 39496344.67, 6146.63, 4592.41, 4.83%
- Epoch 016, ExpID 36315
Train - Loss: 17348283.43
Val - Loss, MSE, RMSE, MAE, MAPE: 36280328.00, 36280325.33, 5891.04, 4523.19, 4.89%
Test - Best epoch, Loss, MSE, RMSE, MAE, MAPE: 16, 39396736.00, 39396739.00, 6135.68, 4582.19, 4.82%
- Epoch 017, ExpID 36315
Train - Loss: 17131985.82
Val - Loss, MSE, RMSE, MAE, MAPE: 35951428.00, 35951426.67, 5869.17, 4500.59, 4.87%
Test - Best epoch, Loss, MSE, RMSE, MAE, MAPE: 17, 39254596.00, 39254595.67, 6118.13, 4559.82, 4.80%
- Epoch 018, ExpID 36315
Train - Loss: 16968652.80
Val - Loss, MSE, RMSE, MAE, MAPE: 35971704.00, 35971701.00, 5868.16, 4533.60, 4.91%
Test - Best epoch, Loss, MSE, RMSE, MAE, MAPE: 17, 39254596.00, 39254595.67, 6118.13, 4559.82, 4.80%
- Epoch 019, ExpID 36315
Train - Loss: 16832366.39
Val - Loss, MSE, RMSE, MAE, MAPE: 35735032.00, 35735030.33, 5849.65, 4499.77, 4.87%
Test - Best epoch, Loss, MSE, RMSE, MAE, MAPE: 19, 38851372.00, 38851372.33, 6093.66, 4530.55, 4.77%
- Epoch 020, ExpID 36315
Train - Loss: 16645918.43
Val - Loss, MSE, RMSE, MAE, MAPE: 35798212.00, 35798209.67, 5850.36, 4492.97, 4.85%
Test - Best epoch, Loss, MSE, RMSE, MAE, MAPE: 19, 38851372.00, 38851372.33, 6093.66, 4530.55, 4.77%
- Epoch 021, ExpID 36315
Train - Loss: 16499143.53
Val - Loss, MSE, RMSE, MAE, MAPE: 35613272.00, 35613272.00, 5837.92, 4466.94, 4.83%
Test - Best epoch, Loss, MSE, RMSE, MAE, MAPE: 21, 38390120.00, 38390120.67, 6056.19, 4510.54, 4.74%
- Epoch 022, ExpID 36315
Train - Loss: 16243667.48
Val - Loss, MSE, RMSE, MAE, MAPE: 35373772.00, 35373768.00, 5823.87, 4482.61, 4.86%
Test - Best epoch, Loss, MSE, RMSE, MAE, MAPE: 22, 38634868.00, 38634865.00, 6071.89, 4510.39, 4.76%
- Epoch 023, ExpID 36315
Train - Loss: 16083236.72
Val - Loss, MSE, RMSE, MAE, MAPE: 35368080.00, 35368077.67, 5817.60, 4475.30, 4.84%
Test - Best epoch, Loss, MSE, RMSE, MAE, MAPE: 23, 38092844.00, 38092844.00, 6038.59, 4488.88, 4.72%
- Epoch 024, ExpID 36315
Train - Loss: 15993798.31
Val - Loss, MSE, RMSE, MAE, MAPE: 34965104.00, 34965101.67, 5787.93, 4435.04, 4.80%
Test - Best epoch, Loss, MSE, RMSE, MAE, MAPE: 24, 38001356.00, 38001357.67, 6023.85, 4479.72, 4.71%
- Epoch 025, ExpID 36315
Train - Loss: 15794180.31
Val - Loss, MSE, RMSE, MAE, MAPE: 34965560.00, 34965555.33, 5787.48, 4444.59, 4.81%
Test - Best epoch, Loss, MSE, RMSE, MAE, MAPE: 24, 38001356.00, 38001357.67, 6023.85, 4479.72, 4.71%
- Epoch 026, ExpID 36315
Train - Loss: 15648551.11
Val - Loss, MSE, RMSE, MAE, MAPE: 34985344.00, 34985341.00, 5789.71, 4451.77, 4.81%
Test - Best epoch, Loss, MSE, RMSE, MAE, MAPE: 24, 38001356.00, 38001357.67, 6023.85, 4479.72, 4.71%
- Epoch 027, ExpID 36315
Train - Loss: 15461108.48
Val - Loss, MSE, RMSE, MAE, MAPE: 34636844.00, 34636843.67, 5765.48, 4430.82, 4.80%
Test - Best epoch, Loss, MSE, RMSE, MAE, MAPE: 27, 37654108.00, 37654104.33, 5994.20, 4432.00, 4.67%
- Epoch 028, ExpID 36315
Train - Loss: 15350206.59
Val - Loss, MSE, RMSE, MAE, MAPE: 34535436.00, 34535434.33, 5761.04, 4423.76, 4.80%
Test - Best epoch, Loss, MSE, RMSE, MAE, MAPE: 28, 37617068.00, 37617065.67, 5988.17, 4428.00, 4.66%
- Epoch 029, ExpID 36315
Train - Loss: 15180473.76
Val - Loss, MSE, RMSE, MAE, MAPE: 34723848.00, 34723845.00, 5772.70, 4438.19, 4.81%
Test - Best epoch, Loss, MSE, RMSE, MAE, MAPE: 28, 37617068.00, 37617065.67, 5988.17, 4428.00, 4.66%
- Epoch 030, ExpID 36315
Train - Loss: 15055980.12
Val - Loss, MSE, RMSE, MAE, MAPE: 34564396.00, 34564396.67, 5760.79, 4448.94, 4.82%
Test - Best epoch, Loss, MSE, RMSE, MAE, MAPE: 28, 37617068.00, 37617065.67, 5988.17, 4428.00, 4.66%
- Epoch 031, ExpID 36315
Train - Loss: 14924608.90
Val - Loss, MSE, RMSE, MAE, MAPE: 34478028.00, 34478026.67, 5752.43, 4434.23, 4.80%
Test - Best epoch, Loss, MSE, RMSE, MAE, MAPE: 31, 37558400.00, 37558399.00, 5992.76, 4432.74, 4.66%
- Epoch 032, ExpID 36315
Train - Loss: 14730523.73
Val - Loss, MSE, RMSE, MAE, MAPE: 34694584.00, 34694580.33, 5762.65, 4423.25, 4.79%
Test - Best epoch, Loss, MSE, RMSE, MAE, MAPE: 31, 37558400.00, 37558399.00, 5992.76, 4432.74, 4.66%
- Epoch 033, ExpID 36315
Train - Loss: 14652430.64
Val - Loss, MSE, RMSE, MAE, MAPE: 34326644.00, 34326644.67, 5743.28, 4425.21, 4.79%
Test - Best epoch, Loss, MSE, RMSE, MAE, MAPE: 33, 37427164.00, 37427162.67, 5983.30, 4430.33, 4.66%
- Epoch 034, ExpID 36315
Train - Loss: 14498870.19
Val - Loss, MSE, RMSE, MAE, MAPE: 34537264.00, 34537262.00, 5756.41, 4433.34, 4.80%
Test - Best epoch, Loss, MSE, RMSE, MAE, MAPE: 33, 37427164.00, 37427162.67, 5983.30, 4430.33, 4.66%
- Epoch 035, ExpID 36315
Train - Loss: 14271108.66
Val - Loss, MSE, RMSE, MAE, MAPE: 34483140.00, 34483139.33, 5754.58, 4433.67, 4.80%
Test - Best epoch, Loss, MSE, RMSE, MAE, MAPE: 33, 37427164.00, 37427162.67, 5983.30, 4430.33, 4.66%
- Epoch 036, ExpID 36315
Train - Loss: 14199005.24
Val - Loss, MSE, RMSE, MAE, MAPE: 34444056.00, 34444055.67, 5756.26, 4445.06, 4.83%
Test - Best epoch, Loss, MSE, RMSE, MAE, MAPE: 33, 37427164.00, 37427162.67, 5983.30, 4430.33, 4.66%
- Epoch 037, ExpID 36315
Train - Loss: 14057142.36
Val - Loss, MSE, RMSE, MAE, MAPE: 34330912.00, 34330909.67, 5744.07, 4439.84, 4.82%
Test - Best epoch, Loss, MSE, RMSE, MAE, MAPE: 33, 37427164.00, 37427162.67, 5983.30, 4430.33, 4.66%
- Epoch 038, ExpID 36315
Train - Loss: 13931845.42
Val - Loss, MSE, RMSE, MAE, MAPE: 34419676.00, 34419674.67, 5748.30, 4419.76, 4.80%
Test - Best epoch, Loss, MSE, RMSE, MAE, MAPE: 33, 37427164.00, 37427162.67, 5983.30, 4430.33, 4.66%
- Epoch 039, ExpID 36315
Train - Loss: 13781160.97
Val - Loss, MSE, RMSE, MAE, MAPE: 34424316.00, 34424313.67, 5750.88, 4418.68, 4.78%
Test - Best epoch, Loss, MSE, RMSE, MAE, MAPE: 33, 37427164.00, 37427162.67, 5983.30, 4430.33, 4.66%
- Epoch 040, ExpID 36315
Train - Loss: 13639961.47
Val - Loss, MSE, RMSE, MAE, MAPE: 34205580.00, 34205578.67, 5733.36, 4419.87, 4.79%
Test - Best epoch, Loss, MSE, RMSE, MAE, MAPE: 40, 37122344.00, 37122342.67, 5961.27, 4416.73, 4.64%
- Epoch 041, ExpID 36315
Train - Loss: 13616163.36
Val - Loss, MSE, RMSE, MAE, MAPE: 34442264.00, 34442263.67, 5751.02, 4428.38, 4.81%
Test - Best epoch, Loss, MSE, RMSE, MAE, MAPE: 40, 37122344.00, 37122342.67, 5961.27, 4416.73, 4.64%
- Epoch 042, ExpID 36315
Train - Loss: 13424464.56
Val - Loss, MSE, RMSE, MAE, MAPE: 34406628.00, 34406626.67, 5749.94, 4440.05, 4.82%
Test - Best epoch, Loss, MSE, RMSE, MAE, MAPE: 40, 37122344.00, 37122342.67, 5961.27, 4416.73, 4.64%
- Epoch 043, ExpID 36315
Train - Loss: 13273552.41
Val - Loss, MSE, RMSE, MAE, MAPE: 34589108.00, 34589109.00, 5763.79, 4430.38, 4.82%
Test - Best epoch, Loss, MSE, RMSE, MAE, MAPE: 40, 37122344.00, 37122342.67, 5961.27, 4416.73, 4.64%
- Epoch 044, ExpID 36315
Train - Loss: 13158799.23
Val - Loss, MSE, RMSE, MAE, MAPE: 34644392.00, 34644389.33, 5761.65, 4452.95, 4.83%
Test - Best epoch, Loss, MSE, RMSE, MAE, MAPE: 40, 37122344.00, 37122342.67, 5961.27, 4416.73, 4.64%
- Epoch 045, ExpID 36315
Train - Loss: 13065121.99
Val - Loss, MSE, RMSE, MAE, MAPE: 34342120.00, 34342119.33, 5744.13, 4419.50, 4.80%
Test - Best epoch, Loss, MSE, RMSE, MAE, MAPE: 40, 37122344.00, 37122342.67, 5961.27, 4416.73, 4.64%
- Epoch 046, ExpID 36315
Train - Loss: 12965772.52
Val - Loss, MSE, RMSE, MAE, MAPE: 34972960.00, 34972958.33, 5792.09, 4473.89, 4.85%
Test - Best epoch, Loss, MSE, RMSE, MAE, MAPE: 40, 37122344.00, 37122342.67, 5961.27, 4416.73, 4.64%
- Epoch 047, ExpID 36315
Train - Loss: 12756969.73
Val - Loss, MSE, RMSE, MAE, MAPE: 35117744.00, 35117742.67, 5803.61, 4480.53, 4.87%
Test - Best epoch, Loss, MSE, RMSE, MAE, MAPE: 40, 37122344.00, 37122342.67, 5961.27, 4416.73, 4.64%
- Epoch 048, ExpID 36315
Train - Loss: 12697736.03
Val - Loss, MSE, RMSE, MAE, MAPE: 35298720.00, 35298717.00, 5816.74, 4481.07, 4.86%
Test - Best epoch, Loss, MSE, RMSE, MAE, MAPE: 40, 37122344.00, 37122342.67, 5961.27, 4416.73, 4.64%
- Epoch 049, ExpID 36315
Train - Loss: 12605369.31
Val - Loss, MSE, RMSE, MAE, MAPE: 34925980.00, 34925978.33, 5788.07, 4465.70, 4.84%
Test - Best epoch, Loss, MSE, RMSE, MAE, MAPE: 40, 37122344.00, 37122342.67, 5961.27, 4416.73, 4.64%
- Epoch 050, ExpID 36315
Train - Loss: 12523715.64
Val - Loss, MSE, RMSE, MAE, MAPE: 35258836.00, 35258833.67, 5811.12, 4467.57, 4.85%
Test - Best epoch, Loss, MSE, RMSE, MAE, MAPE: 40, 37122344.00, 37122342.67, 5961.27, 4416.73, 4.64%
Early Stopping at Epoch 50
Fold 2019 Best RMSE: 5961.2743
