DETAILED LOG | Model: patchtst | Seed: 1
FULL CONFIG: {'gpu': '6', 'target': 'arrival', 'cv_start_year': 2017, 'cv_end_year': 2019, 'test_year': 2024, 'use_corona': False, 'seq_len': 56, 'label_len': 0, 'pred_len': 56, 'batch_size': 256, 'epochs': 1000, 'patience': 10, 'lr': 0.0001, 'model': 'patchtst', 'd_model': 128, 'n_heads': 8, 'n_layers': 2, 'dropout': 0.1, 'activation': 'gelu', 'patch_len': 14, 'factor': 5, 'norm_mode': 'revin', 'use_covar': False, 'use_dbloss': False, 'device': device(type='cuda'), 'stride': 7, 'file_path': 'dataset/airport_flight_with_holiday.csv', 'seed': 1, 'val_year': 2019, 'ndims': 1}

-------------------- [Fold: 2017] ExpID: 95811 --------------------
- Epoch 000, ExpID 95811
Train - Loss: 55080562.60
Val - Loss, MSE, RMSE, MAE, MAPE: 76732696.00, 76732694.00, 8727.03, 7195.04, 9.28%
Test - Best epoch, Loss, MSE, RMSE, MAE, MAPE: 0, 100902448.00, 100902444.00, 10018.75, 7976.67, 9.41%
- Epoch 001, ExpID 95811
Train - Loss: 45175752.00
Val - Loss, MSE, RMSE, MAE, MAPE: 63305848.00, 63305850.00, 7880.34, 6445.62, 8.28%
Test - Best epoch, Loss, MSE, RMSE, MAE, MAPE: 1, 89198216.00, 89198216.00, 9411.95, 7327.96, 8.59%
- Epoch 002, ExpID 95811
Train - Loss: 41609988.40
Val - Loss, MSE, RMSE, MAE, MAPE: 58194052.00, 58194052.00, 7533.72, 6129.10, 7.86%
Test - Best epoch, Loss, MSE, RMSE, MAE, MAPE: 2, 85751432.00, 85751432.00, 9233.92, 7101.02, 8.29%
- Epoch 003, ExpID 95811
Train - Loss: 39702280.40
Val - Loss, MSE, RMSE, MAE, MAPE: 55420504.00, 55420504.00, 7346.76, 5947.90, 7.62%
Test - Best epoch, Loss, MSE, RMSE, MAE, MAPE: 3, 84398040.00, 84398040.00, 9168.80, 6998.45, 8.15%
- Epoch 004, ExpID 95811
Train - Loss: 38419080.80
Val - Loss, MSE, RMSE, MAE, MAPE: 52744956.00, 52744956.00, 7161.06, 5766.52, 7.38%
Test - Best epoch, Loss, MSE, RMSE, MAE, MAPE: 4, 83264376.00, 83264376.00, 9113.42, 6907.91, 8.02%
- Epoch 005, ExpID 95811
Train - Loss: 37165951.50
Val - Loss, MSE, RMSE, MAE, MAPE: 50680672.00, 50680674.00, 7019.58, 5626.03, 7.19%
Test - Best epoch, Loss, MSE, RMSE, MAE, MAPE: 5, 82702240.00, 82702244.00, 9087.71, 6853.08, 7.94%
- Epoch 006, ExpID 95811
Train - Loss: 36363520.40
Val - Loss, MSE, RMSE, MAE, MAPE: 48653004.00, 48653005.00, 6878.06, 5483.93, 7.01%
Test - Best epoch, Loss, MSE, RMSE, MAE, MAPE: 6, 82418672.00, 82418676.00, 9075.89, 6811.12, 7.87%
- Epoch 007, ExpID 95811
Train - Loss: 35722525.30
Val - Loss, MSE, RMSE, MAE, MAPE: 47053280.00, 47053282.00, 6762.90, 5370.93, 6.86%
Test - Best epoch, Loss, MSE, RMSE, MAE, MAPE: 7, 82151144.00, 82151144.00, 9062.63, 6791.64, 7.84%
- Epoch 008, ExpID 95811
Train - Loss: 35506020.70
Val - Loss, MSE, RMSE, MAE, MAPE: 45973220.00, 45973220.00, 6681.83, 5289.49, 6.76%
Test - Best epoch, Loss, MSE, RMSE, MAE, MAPE: 8, 81949400.00, 81949400.00, 9051.92, 6780.27, 7.81%
- Epoch 009, ExpID 95811
Train - Loss: 34972531.60
Val - Loss, MSE, RMSE, MAE, MAPE: 45031216.00, 45031214.00, 6610.29, 5212.03, 6.65%
Test - Best epoch, Loss, MSE, RMSE, MAE, MAPE: 9, 82132624.00, 82132628.00, 9062.54, 6780.59, 7.81%
- Epoch 010, ExpID 95811
Train - Loss: 34776165.50
Val - Loss, MSE, RMSE, MAE, MAPE: 44905936.00, 44905936.00, 6603.17, 5204.65, 6.65%
Test - Best epoch, Loss, MSE, RMSE, MAE, MAPE: 10, 82174360.00, 82174360.00, 9064.78, 6801.74, 7.84%
- Epoch 011, ExpID 95811
Train - Loss: 34660958.90
Val - Loss, MSE, RMSE, MAE, MAPE: 44162680.00, 44162680.00, 6548.16, 5148.61, 6.57%
Test - Best epoch, Loss, MSE, RMSE, MAE, MAPE: 11, 81909552.00, 81909552.00, 9050.33, 6777.94, 7.81%
- Epoch 012, ExpID 95811
Train - Loss: 34245612.70
Val - Loss, MSE, RMSE, MAE, MAPE: 43865072.00, 43865072.00, 6525.12, 5132.97, 6.56%
Test - Best epoch, Loss, MSE, RMSE, MAE, MAPE: 12, 81637184.00, 81637180.00, 9035.21, 6784.58, 7.82%
- Epoch 013, ExpID 95811
Train - Loss: 34058663.10
Val - Loss, MSE, RMSE, MAE, MAPE: 43149296.00, 43149294.00, 6469.81, 5072.03, 6.48%
Test - Best epoch, Loss, MSE, RMSE, MAE, MAPE: 13, 81626560.00, 81626556.00, 9034.74, 6777.25, 7.80%
- Epoch 014, ExpID 95811
Train - Loss: 33992881.30
Val - Loss, MSE, RMSE, MAE, MAPE: 42665508.00, 42665508.00, 6432.76, 5036.68, 6.43%
Test - Best epoch, Loss, MSE, RMSE, MAE, MAPE: 14, 81489856.00, 81489852.00, 9027.17, 6776.85, 7.81%
- Epoch 015, ExpID 95811
Train - Loss: 33714506.50
Val - Loss, MSE, RMSE, MAE, MAPE: 42311624.00, 42311624.00, 6403.09, 5011.96, 6.40%
Test - Best epoch, Loss, MSE, RMSE, MAE, MAPE: 15, 81746880.00, 81746880.00, 9041.40, 6792.27, 7.82%
- Epoch 016, ExpID 95811
Train - Loss: 33479213.10
Val - Loss, MSE, RMSE, MAE, MAPE: 42154488.00, 42154486.00, 6396.02, 5005.47, 6.40%
Test - Best epoch, Loss, MSE, RMSE, MAE, MAPE: 16, 81652992.00, 81652988.00, 9036.20, 6798.56, 7.84%
- Epoch 017, ExpID 95811
Train - Loss: 33340975.30
Val - Loss, MSE, RMSE, MAE, MAPE: 41455216.00, 41455216.00, 6338.06, 4948.52, 6.32%
Test - Best epoch, Loss, MSE, RMSE, MAE, MAPE: 17, 81606280.00, 81606280.00, 9033.55, 6788.14, 7.82%
- Epoch 018, ExpID 95811
Train - Loss: 33278798.60
Val - Loss, MSE, RMSE, MAE, MAPE: 41552536.00, 41552535.00, 6346.49, 4955.54, 6.32%
Test - Best epoch, Loss, MSE, RMSE, MAE, MAPE: 17, 81606280.00, 81606280.00, 9033.55, 6788.14, 7.82%
- Epoch 019, ExpID 95811
Train - Loss: 33065096.80
Val - Loss, MSE, RMSE, MAE, MAPE: 41120872.00, 41120872.00, 6312.70, 4918.51, 6.28%
Test - Best epoch, Loss, MSE, RMSE, MAE, MAPE: 19, 82407168.00, 82407172.00, 9077.69, 6838.96, 7.88%
- Epoch 020, ExpID 95811
Train - Loss: 33025979.60
Val - Loss, MSE, RMSE, MAE, MAPE: 40660640.00, 40660640.00, 6271.63, 4875.38, 6.22%
Test - Best epoch, Loss, MSE, RMSE, MAE, MAPE: 20, 83062400.00, 83062404.00, 9113.38, 6865.12, 7.90%
- Epoch 021, ExpID 95811
Train - Loss: 32806229.60
Val - Loss, MSE, RMSE, MAE, MAPE: 40938064.00, 40938062.00, 6301.36, 4912.38, 6.27%
Test - Best epoch, Loss, MSE, RMSE, MAE, MAPE: 20, 83062400.00, 83062404.00, 9113.38, 6865.12, 7.90%
- Epoch 022, ExpID 95811
Train - Loss: 32682229.90
Val - Loss, MSE, RMSE, MAE, MAPE: 40454416.00, 40454416.00, 6260.63, 4877.48, 6.23%
Test - Best epoch, Loss, MSE, RMSE, MAE, MAPE: 22, 82571856.00, 82571860.00, 9086.52, 6855.85, 7.90%
- Epoch 023, ExpID 95811
Train - Loss: 32663430.50
Val - Loss, MSE, RMSE, MAE, MAPE: 40100924.00, 40100924.00, 6222.90, 4833.49, 6.16%
Test - Best epoch, Loss, MSE, RMSE, MAE, MAPE: 23, 83831560.00, 83831560.00, 9155.10, 6915.64, 7.95%
- Epoch 024, ExpID 95811
Train - Loss: 32397802.50
Val - Loss, MSE, RMSE, MAE, MAPE: 40226532.00, 40226532.00, 6242.50, 4854.05, 6.20%
Test - Best epoch, Loss, MSE, RMSE, MAE, MAPE: 23, 83831560.00, 83831560.00, 9155.10, 6915.64, 7.95%
- Epoch 025, ExpID 95811
Train - Loss: 32301891.40
Val - Loss, MSE, RMSE, MAE, MAPE: 40081032.00, 40081032.00, 6233.22, 4841.45, 6.18%
Test - Best epoch, Loss, MSE, RMSE, MAE, MAPE: 25, 83844832.00, 83844828.00, 9155.30, 6910.58, 7.95%
- Epoch 026, ExpID 95811
Train - Loss: 32218592.20
Val - Loss, MSE, RMSE, MAE, MAPE: 39759244.00, 39759245.00, 6195.67, 4803.52, 6.12%
Test - Best epoch, Loss, MSE, RMSE, MAE, MAPE: 26, 84842592.00, 84842596.00, 9209.21, 6964.13, 8.00%
- Epoch 027, ExpID 95811
Train - Loss: 32244399.70
Val - Loss, MSE, RMSE, MAE, MAPE: 39797572.00, 39797572.00, 6204.93, 4813.51, 6.13%
Test - Best epoch, Loss, MSE, RMSE, MAE, MAPE: 26, 84842592.00, 84842596.00, 9209.21, 6964.13, 8.00%
- Epoch 028, ExpID 95811
Train - Loss: 32059919.40
Val - Loss, MSE, RMSE, MAE, MAPE: 39579636.00, 39579637.00, 6191.57, 4810.89, 6.14%
Test - Best epoch, Loss, MSE, RMSE, MAE, MAPE: 28, 84258616.00, 84258616.00, 9177.54, 6945.76, 7.99%
- Epoch 029, ExpID 95811
Train - Loss: 31788067.50
Val - Loss, MSE, RMSE, MAE, MAPE: 39397972.00, 39397971.00, 6172.47, 4797.69, 6.12%
Test - Best epoch, Loss, MSE, RMSE, MAE, MAPE: 29, 84840000.00, 84840004.00, 9208.76, 6981.62, 8.03%
- Epoch 030, ExpID 95811
Train - Loss: 31786281.80
Val - Loss, MSE, RMSE, MAE, MAPE: 39571200.00, 39571198.00, 6186.93, 4798.61, 6.11%
Test - Best epoch, Loss, MSE, RMSE, MAE, MAPE: 29, 84840000.00, 84840004.00, 9208.76, 6981.62, 8.03%
- Epoch 031, ExpID 95811
Train - Loss: 31623059.20
Val - Loss, MSE, RMSE, MAE, MAPE: 39004528.00, 39004526.00, 6139.15, 4756.16, 6.06%
Test - Best epoch, Loss, MSE, RMSE, MAE, MAPE: 31, 85127728.00, 85127724.00, 9223.21, 6962.32, 8.00%
- Epoch 032, ExpID 95811
Train - Loss: 31565729.60
Val - Loss, MSE, RMSE, MAE, MAPE: 39183168.00, 39183170.00, 6161.18, 4772.56, 6.08%
Test - Best epoch, Loss, MSE, RMSE, MAE, MAPE: 31, 85127728.00, 85127724.00, 9223.21, 6962.32, 8.00%
- Epoch 033, ExpID 95811
Train - Loss: 31586772.40
Val - Loss, MSE, RMSE, MAE, MAPE: 39117352.00, 39117352.00, 6142.66, 4764.86, 6.06%
Test - Best epoch, Loss, MSE, RMSE, MAE, MAPE: 31, 85127728.00, 85127724.00, 9223.21, 6962.32, 8.00%
- Epoch 034, ExpID 95811
Train - Loss: 31290817.30
Val - Loss, MSE, RMSE, MAE, MAPE: 39308728.00, 39308726.00, 6168.55, 4778.41, 6.08%
Test - Best epoch, Loss, MSE, RMSE, MAE, MAPE: 31, 85127728.00, 85127724.00, 9223.21, 6962.32, 8.00%
- Epoch 035, ExpID 95811
Train - Loss: 31318887.60
Val - Loss, MSE, RMSE, MAE, MAPE: 39081680.00, 39081681.00, 6155.67, 4778.56, 6.09%
Test - Best epoch, Loss, MSE, RMSE, MAE, MAPE: 31, 85127728.00, 85127724.00, 9223.21, 6962.32, 8.00%
- Epoch 036, ExpID 95811
Train - Loss: 31261964.30
Val - Loss, MSE, RMSE, MAE, MAPE: 39128808.00, 39128808.00, 6158.60, 4776.39, 6.08%
Test - Best epoch, Loss, MSE, RMSE, MAE, MAPE: 31, 85127728.00, 85127724.00, 9223.21, 6962.32, 8.00%
- Epoch 037, ExpID 95811
Train - Loss: 30974471.20
Val - Loss, MSE, RMSE, MAE, MAPE: 38783072.00, 38783070.00, 6121.34, 4738.03, 6.02%
Test - Best epoch, Loss, MSE, RMSE, MAE, MAPE: 37, 88004048.00, 88004044.00, 9375.44, 7119.76, 8.17%
- Epoch 038, ExpID 95811
Train - Loss: 31021251.40
Val - Loss, MSE, RMSE, MAE, MAPE: 38885264.00, 38885264.00, 6139.64, 4759.15, 6.07%
Test - Best epoch, Loss, MSE, RMSE, MAE, MAPE: 37, 88004048.00, 88004044.00, 9375.44, 7119.76, 8.17%
- Epoch 039, ExpID 95811
Train - Loss: 30690546.50
Val - Loss, MSE, RMSE, MAE, MAPE: 38849984.00, 38849984.00, 6138.60, 4756.17, 6.06%
Test - Best epoch, Loss, MSE, RMSE, MAE, MAPE: 37, 88004048.00, 88004044.00, 9375.44, 7119.76, 8.17%
- Epoch 040, ExpID 95811
Train - Loss: 30745295.20
Val - Loss, MSE, RMSE, MAE, MAPE: 38472052.00, 38472053.00, 6098.00, 4713.84, 5.98%
Test - Best epoch, Loss, MSE, RMSE, MAE, MAPE: 40, 89161032.00, 89161032.00, 9435.67, 7187.51, 8.24%
- Epoch 041, ExpID 95811
Train - Loss: 30567761.00
Val - Loss, MSE, RMSE, MAE, MAPE: 38684552.00, 38684551.00, 6120.12, 4739.29, 6.02%
Test - Best epoch, Loss, MSE, RMSE, MAE, MAPE: 40, 89161032.00, 89161032.00, 9435.67, 7187.51, 8.24%
- Epoch 042, ExpID 95811
Train - Loss: 30732165.10
Val - Loss, MSE, RMSE, MAE, MAPE: 38699592.00, 38699591.00, 6127.37, 4751.36, 6.05%
Test - Best epoch, Loss, MSE, RMSE, MAE, MAPE: 40, 89161032.00, 89161032.00, 9435.67, 7187.51, 8.24%
- Epoch 043, ExpID 95811
Train - Loss: 30642159.80
Val - Loss, MSE, RMSE, MAE, MAPE: 38174640.00, 38174641.00, 6073.18, 4701.17, 5.97%
Test - Best epoch, Loss, MSE, RMSE, MAE, MAPE: 43, 88424936.00, 88424936.00, 9397.36, 7150.13, 8.20%
- Epoch 044, ExpID 95811
Train - Loss: 30388826.40
Val - Loss, MSE, RMSE, MAE, MAPE: 38665540.00, 38665540.00, 6118.27, 4738.20, 6.01%
Test - Best epoch, Loss, MSE, RMSE, MAE, MAPE: 43, 88424936.00, 88424936.00, 9397.36, 7150.13, 8.20%
- Epoch 045, ExpID 95811
Train - Loss: 30302995.30
Val - Loss, MSE, RMSE, MAE, MAPE: 38829064.00, 38829066.00, 6144.63, 4755.16, 6.04%
Test - Best epoch, Loss, MSE, RMSE, MAE, MAPE: 43, 88424936.00, 88424936.00, 9397.36, 7150.13, 8.20%
- Epoch 046, ExpID 95811
Train - Loss: 30079845.70
Val - Loss, MSE, RMSE, MAE, MAPE: 38430284.00, 38430283.00, 6108.25, 4728.84, 6.01%
Test - Best epoch, Loss, MSE, RMSE, MAE, MAPE: 43, 88424936.00, 88424936.00, 9397.36, 7150.13, 8.20%
- Epoch 047, ExpID 95811
Train - Loss: 30067877.30
Val - Loss, MSE, RMSE, MAE, MAPE: 38848320.00, 38848318.00, 6142.49, 4757.08, 6.04%
Test - Best epoch, Loss, MSE, RMSE, MAE, MAPE: 43, 88424936.00, 88424936.00, 9397.36, 7150.13, 8.20%
- Epoch 048, ExpID 95811
Train - Loss: 30005376.60
Val - Loss, MSE, RMSE, MAE, MAPE: 38951608.00, 38951609.00, 6152.96, 4765.43, 6.05%
Test - Best epoch, Loss, MSE, RMSE, MAE, MAPE: 43, 88424936.00, 88424936.00, 9397.36, 7150.13, 8.20%
- Epoch 049, ExpID 95811
Train - Loss: 29842856.70
Val - Loss, MSE, RMSE, MAE, MAPE: 38299720.00, 38299722.00, 6098.05, 4718.04, 5.99%
Test - Best epoch, Loss, MSE, RMSE, MAE, MAPE: 43, 88424936.00, 88424936.00, 9397.36, 7150.13, 8.20%
- Epoch 050, ExpID 95811
Train - Loss: 29752701.00
Val - Loss, MSE, RMSE, MAE, MAPE: 38241408.00, 38241407.00, 6110.13, 4736.16, 6.03%
Test - Best epoch, Loss, MSE, RMSE, MAE, MAPE: 43, 88424936.00, 88424936.00, 9397.36, 7150.13, 8.20%
- Epoch 051, ExpID 95811
Train - Loss: 29696329.20
Val - Loss, MSE, RMSE, MAE, MAPE: 38115588.00, 38115589.00, 6086.80, 4711.12, 5.98%
Test - Best epoch, Loss, MSE, RMSE, MAE, MAPE: 51, 91147280.00, 91147280.00, 9537.46, 7294.98, 8.36%
- Epoch 052, ExpID 95811
Train - Loss: 29651229.60
Val - Loss, MSE, RMSE, MAE, MAPE: 38250360.00, 38250361.00, 6088.08, 4706.86, 5.96%
Test - Best epoch, Loss, MSE, RMSE, MAE, MAPE: 51, 91147280.00, 91147280.00, 9537.46, 7294.98, 8.36%
- Epoch 053, ExpID 95811
Train - Loss: 29542195.00
Val - Loss, MSE, RMSE, MAE, MAPE: 38676464.00, 38676465.00, 6123.26, 4738.37, 5.99%
Test - Best epoch, Loss, MSE, RMSE, MAE, MAPE: 51, 91147280.00, 91147280.00, 9537.46, 7294.98, 8.36%
- Epoch 054, ExpID 95811
Train - Loss: 29481934.70
Val - Loss, MSE, RMSE, MAE, MAPE: 38202740.00, 38202740.00, 6094.30, 4703.53, 5.96%
Test - Best epoch, Loss, MSE, RMSE, MAE, MAPE: 51, 91147280.00, 91147280.00, 9537.46, 7294.98, 8.36%
- Epoch 055, ExpID 95811
Train - Loss: 29426450.90
Val - Loss, MSE, RMSE, MAE, MAPE: 38294768.00, 38294770.00, 6114.03, 4735.10, 6.02%
Test - Best epoch, Loss, MSE, RMSE, MAE, MAPE: 51, 91147280.00, 91147280.00, 9537.46, 7294.98, 8.36%
- Epoch 056, ExpID 95811
Train - Loss: 29396401.40
Val - Loss, MSE, RMSE, MAE, MAPE: 38490824.00, 38490826.00, 6113.62, 4735.38, 5.99%
Test - Best epoch, Loss, MSE, RMSE, MAE, MAPE: 51, 91147280.00, 91147280.00, 9537.46, 7294.98, 8.36%
- Epoch 057, ExpID 95811
Train - Loss: 29317113.00
Val - Loss, MSE, RMSE, MAE, MAPE: 38459816.00, 38459814.00, 6120.06, 4727.31, 5.98%
Test - Best epoch, Loss, MSE, RMSE, MAE, MAPE: 51, 91147280.00, 91147280.00, 9537.46, 7294.98, 8.36%
- Epoch 058, ExpID 95811
Train - Loss: 29126615.00
Val - Loss, MSE, RMSE, MAE, MAPE: 37981060.00, 37981059.00, 6079.09, 4703.26, 5.95%
Test - Best epoch, Loss, MSE, RMSE, MAE, MAPE: 58, 92641344.00, 92641344.00, 9613.25, 7393.83, 8.46%
- Epoch 059, ExpID 95811
Train - Loss: 29137982.40
Val - Loss, MSE, RMSE, MAE, MAPE: 38335056.00, 38335055.00, 6107.89, 4729.86, 5.99%
Test - Best epoch, Loss, MSE, RMSE, MAE, MAPE: 58, 92641344.00, 92641344.00, 9613.25, 7393.83, 8.46%
- Epoch 060, ExpID 95811
Train - Loss: 29075340.10
Val - Loss, MSE, RMSE, MAE, MAPE: 37381844.00, 37381845.00, 6038.74, 4665.79, 5.92%
Test - Best epoch, Loss, MSE, RMSE, MAE, MAPE: 60, 91710384.00, 91710384.00, 9562.71, 7345.72, 8.42%
- Epoch 061, ExpID 95811
Train - Loss: 28941331.40
Val - Loss, MSE, RMSE, MAE, MAPE: 37798852.00, 37798852.00, 6068.54, 4703.50, 5.97%
Test - Best epoch, Loss, MSE, RMSE, MAE, MAPE: 60, 91710384.00, 91710384.00, 9562.71, 7345.72, 8.42%
- Epoch 062, ExpID 95811
Train - Loss: 28848099.00
Val - Loss, MSE, RMSE, MAE, MAPE: 37321548.00, 37321549.00, 6031.11, 4663.53, 5.91%
Test - Best epoch, Loss, MSE, RMSE, MAE, MAPE: 62, 91656632.00, 91656632.00, 9559.90, 7320.53, 8.39%
- Epoch 063, ExpID 95811
Train - Loss: 28818594.40
Val - Loss, MSE, RMSE, MAE, MAPE: 38434804.00, 38434804.00, 6126.15, 4744.84, 6.02%
Test - Best epoch, Loss, MSE, RMSE, MAE, MAPE: 62, 91656632.00, 91656632.00, 9559.90, 7320.53, 8.39%
- Epoch 064, ExpID 95811
Train - Loss: 28564653.10
Val - Loss, MSE, RMSE, MAE, MAPE: 38105972.00, 38105973.00, 6093.65, 4711.25, 5.95%
Test - Best epoch, Loss, MSE, RMSE, MAE, MAPE: 62, 91656632.00, 91656632.00, 9559.90, 7320.53, 8.39%
- Epoch 065, ExpID 95811
Train - Loss: 28587326.80
Val - Loss, MSE, RMSE, MAE, MAPE: 37741208.00, 37741210.00, 6066.52, 4703.16, 5.96%
Test - Best epoch, Loss, MSE, RMSE, MAE, MAPE: 62, 91656632.00, 91656632.00, 9559.90, 7320.53, 8.39%
- Epoch 066, ExpID 95811
Train - Loss: 28758463.40
Val - Loss, MSE, RMSE, MAE, MAPE: 37849596.00, 37849597.00, 6076.07, 4694.22, 5.94%
Test - Best epoch, Loss, MSE, RMSE, MAE, MAPE: 62, 91656632.00, 91656632.00, 9559.90, 7320.53, 8.39%
- Epoch 067, ExpID 95811
Train - Loss: 28487919.10
Val - Loss, MSE, RMSE, MAE, MAPE: 37646512.00, 37646512.00, 6054.72, 4679.59, 5.91%
Test - Best epoch, Loss, MSE, RMSE, MAE, MAPE: 62, 91656632.00, 91656632.00, 9559.90, 7320.53, 8.39%
- Epoch 068, ExpID 95811
Train - Loss: 28540994.50
Val - Loss, MSE, RMSE, MAE, MAPE: 38204500.00, 38204501.00, 6097.36, 4727.52, 5.98%
Test - Best epoch, Loss, MSE, RMSE, MAE, MAPE: 62, 91656632.00, 91656632.00, 9559.90, 7320.53, 8.39%
- Epoch 069, ExpID 95811
Train - Loss: 28326705.50
Val - Loss, MSE, RMSE, MAE, MAPE: 37819472.00, 37819471.00, 6072.94, 4717.33, 5.98%
Test - Best epoch, Loss, MSE, RMSE, MAE, MAPE: 62, 91656632.00, 91656632.00, 9559.90, 7320.53, 8.39%
- Epoch 070, ExpID 95811
Train - Loss: 27936291.80
Val - Loss, MSE, RMSE, MAE, MAPE: 37851160.00, 37851160.00, 6082.70, 4708.45, 5.96%
Test - Best epoch, Loss, MSE, RMSE, MAE, MAPE: 62, 91656632.00, 91656632.00, 9559.90, 7320.53, 8.39%
- Epoch 071, ExpID 95811
Train - Loss: 28301830.60
Val - Loss, MSE, RMSE, MAE, MAPE: 37936384.00, 37936386.00, 6082.08, 4715.68, 5.97%
Test - Best epoch, Loss, MSE, RMSE, MAE, MAPE: 62, 91656632.00, 91656632.00, 9559.90, 7320.53, 8.39%
- Epoch 072, ExpID 95811
Train - Loss: 27971762.90
Val - Loss, MSE, RMSE, MAE, MAPE: 38127376.00, 38127377.00, 6103.28, 4733.73, 6.00%
Test - Best epoch, Loss, MSE, RMSE, MAE, MAPE: 62, 91656632.00, 91656632.00, 9559.90, 7320.53, 8.39%
Early Stopping at Epoch 72
Fold 2017 Best RMSE: 9559.8950

-------------------- [Fold: 2018] ExpID: 42367 --------------------
- Epoch 000, ExpID 42367
Train - Loss: 55660930.67
Val - Loss, MSE, RMSE, MAE, MAPE: 98248648.00, 98248648.00, 9888.39, 7812.91, 9.18%
Test - Best epoch, Loss, MSE, RMSE, MAE, MAPE: 0, 65048364.00, 65048364.00, 8043.92, 6436.18, 7.04%
- Epoch 001, ExpID 42367
Train - Loss: 46306328.57
Val - Loss, MSE, RMSE, MAE, MAPE: 88583568.00, 88583572.00, 9387.47, 7288.98, 8.52%
Test - Best epoch, Loss, MSE, RMSE, MAE, MAPE: 1, 57637644.00, 57637644.00, 7559.92, 5996.00, 6.55%
- Epoch 002, ExpID 42367
Train - Loss: 42979178.29
Val - Loss, MSE, RMSE, MAE, MAPE: 86084432.00, 86084436.00, 9261.83, 7121.93, 8.30%
Test - Best epoch, Loss, MSE, RMSE, MAE, MAPE: 2, 56189084.00, 56189084.00, 7468.51, 5927.79, 6.47%
- Epoch 003, ExpID 42367
Train - Loss: 41097420.38
Val - Loss, MSE, RMSE, MAE, MAPE: 84822328.00, 84822328.00, 9199.97, 7031.21, 8.18%
Test - Best epoch, Loss, MSE, RMSE, MAE, MAPE: 3, 55131616.00, 55131618.00, 7399.60, 5872.03, 6.40%
- Epoch 004, ExpID 42367
Train - Loss: 39730338.10
Val - Loss, MSE, RMSE, MAE, MAPE: 83676296.00, 83676296.00, 9142.15, 6940.05, 8.05%
Test - Best epoch, Loss, MSE, RMSE, MAE, MAPE: 4, 54180964.00, 54180964.00, 7335.55, 5817.56, 6.33%
- Epoch 005, ExpID 42367
Train - Loss: 38687303.05
Val - Loss, MSE, RMSE, MAE, MAPE: 82731248.00, 82731252.00, 9093.53, 6851.17, 7.91%
Test - Best epoch, Loss, MSE, RMSE, MAE, MAPE: 5, 53605092.00, 53605092.00, 7298.05, 5791.89, 6.29%
- Epoch 006, ExpID 42367
Train - Loss: 37839971.43
Val - Loss, MSE, RMSE, MAE, MAPE: 82312944.00, 82312940.00, 9072.12, 6813.59, 7.86%
Test - Best epoch, Loss, MSE, RMSE, MAE, MAPE: 6, 53081664.00, 53081662.00, 7261.86, 5762.89, 6.25%
- Epoch 007, ExpID 42367
Train - Loss: 37207370.67
Val - Loss, MSE, RMSE, MAE, MAPE: 81837936.00, 81837936.00, 9046.35, 6781.41, 7.82%
Test - Best epoch, Loss, MSE, RMSE, MAE, MAPE: 7, 52815216.00, 52815214.00, 7243.66, 5753.00, 6.24%
- Epoch 008, ExpID 42367
Train - Loss: 36860461.33
Val - Loss, MSE, RMSE, MAE, MAPE: 81991280.00, 81991276.00, 9054.90, 6790.64, 7.82%
Test - Best epoch, Loss, MSE, RMSE, MAE, MAPE: 7, 52815216.00, 52815214.00, 7243.66, 5753.00, 6.24%
- Epoch 009, ExpID 42367
Train - Loss: 36378972.48
Val - Loss, MSE, RMSE, MAE, MAPE: 82631888.00, 82631884.00, 9090.10, 6827.54, 7.85%
Test - Best epoch, Loss, MSE, RMSE, MAE, MAPE: 7, 52815216.00, 52815214.00, 7243.66, 5753.00, 6.24%
- Epoch 010, ExpID 42367
Train - Loss: 36034494.38
Val - Loss, MSE, RMSE, MAE, MAPE: 82199360.00, 82199364.00, 9066.04, 6810.19, 7.84%
Test - Best epoch, Loss, MSE, RMSE, MAE, MAPE: 7, 52815216.00, 52815214.00, 7243.66, 5753.00, 6.24%
- Epoch 011, ExpID 42367
Train - Loss: 35875098.86
Val - Loss, MSE, RMSE, MAE, MAPE: 83059384.00, 83059384.00, 9113.09, 6864.67, 7.90%
Test - Best epoch, Loss, MSE, RMSE, MAE, MAPE: 7, 52815216.00, 52815214.00, 7243.66, 5753.00, 6.24%
- Epoch 012, ExpID 42367
Train - Loss: 35646089.90
Val - Loss, MSE, RMSE, MAE, MAPE: 83563496.00, 83563496.00, 9140.20, 6878.32, 7.91%
Test - Best epoch, Loss, MSE, RMSE, MAE, MAPE: 7, 52815216.00, 52815214.00, 7243.66, 5753.00, 6.24%
- Epoch 013, ExpID 42367
Train - Loss: 35297988.57
Val - Loss, MSE, RMSE, MAE, MAPE: 83457552.00, 83457556.00, 9134.08, 6883.62, 7.91%
Test - Best epoch, Loss, MSE, RMSE, MAE, MAPE: 7, 52815216.00, 52815214.00, 7243.66, 5753.00, 6.24%
- Epoch 014, ExpID 42367
Train - Loss: 35203878.29
Val - Loss, MSE, RMSE, MAE, MAPE: 83616288.00, 83616292.00, 9142.31, 6903.87, 7.94%
Test - Best epoch, Loss, MSE, RMSE, MAE, MAPE: 7, 52815216.00, 52815214.00, 7243.66, 5753.00, 6.24%
- Epoch 015, ExpID 42367
Train - Loss: 35111289.71
Val - Loss, MSE, RMSE, MAE, MAPE: 84496912.00, 84496916.00, 9190.20, 6948.64, 7.99%
Test - Best epoch, Loss, MSE, RMSE, MAE, MAPE: 7, 52815216.00, 52815214.00, 7243.66, 5753.00, 6.24%
- Epoch 016, ExpID 42367
Train - Loss: 34852276.67
Val - Loss, MSE, RMSE, MAE, MAPE: 84690624.00, 84690628.00, 9199.12, 6947.20, 7.98%
Test - Best epoch, Loss, MSE, RMSE, MAE, MAPE: 7, 52815216.00, 52815214.00, 7243.66, 5753.00, 6.24%
- Epoch 017, ExpID 42367
Train - Loss: 34829096.86
Val - Loss, MSE, RMSE, MAE, MAPE: 85464176.00, 85464180.00, 9240.72, 6995.00, 8.04%
Test - Best epoch, Loss, MSE, RMSE, MAE, MAPE: 7, 52815216.00, 52815214.00, 7243.66, 5753.00, 6.24%
Early Stopping at Epoch 17
Fold 2018 Best RMSE: 7243.6570

-------------------- [Fold: 2019] ExpID: 75890 --------------------
- Epoch 000, ExpID 75890
Train - Loss: 61219224.70
Val - Loss, MSE, RMSE, MAE, MAPE: 65908824.00, 65908824.00, 8098.27, 6463.63, 7.06%
Test - Best epoch, Loss, MSE, RMSE, MAE, MAPE: 0, 69525112.00, 69525110.00, 8240.27, 6534.28, 6.95%
- Epoch 001, ExpID 75890
Train - Loss: 50486347.48
Val - Loss, MSE, RMSE, MAE, MAPE: 58861864.00, 58861866.00, 7644.50, 6053.28, 6.61%
Test - Best epoch, Loss, MSE, RMSE, MAE, MAPE: 1, 58064920.00, 58064920.00, 7445.84, 5910.80, 6.27%
- Epoch 002, ExpID 75890
Train - Loss: 46873790.78
Val - Loss, MSE, RMSE, MAE, MAPE: 56870656.00, 56870654.00, 7516.72, 5957.06, 6.50%
Test - Best epoch, Loss, MSE, RMSE, MAE, MAPE: 2, 54623092.00, 54623093.00, 7187.82, 5716.94, 6.08%
- Epoch 003, ExpID 75890
Train - Loss: 44964823.13
Val - Loss, MSE, RMSE, MAE, MAPE: 55521268.00, 55521268.00, 7427.21, 5880.52, 6.42%
Test - Best epoch, Loss, MSE, RMSE, MAE, MAPE: 3, 52658192.00, 52658194.00, 7042.44, 5588.27, 5.94%
- Epoch 004, ExpID 75890
Train - Loss: 43090509.91
Val - Loss, MSE, RMSE, MAE, MAPE: 54423244.00, 54423244.00, 7354.18, 5820.29, 6.34%
Test - Best epoch, Loss, MSE, RMSE, MAE, MAPE: 4, 50970968.00, 50970968.00, 6915.49, 5462.10, 5.81%
- Epoch 005, ExpID 75890
Train - Loss: 41746592.70
Val - Loss, MSE, RMSE, MAE, MAPE: 53515988.00, 53515988.00, 7292.87, 5771.76, 6.27%
Test - Best epoch, Loss, MSE, RMSE, MAE, MAPE: 5, 49774320.00, 49774318.00, 6825.88, 5356.42, 5.70%
- Epoch 006, ExpID 75890
Train - Loss: 40990982.61
Val - Loss, MSE, RMSE, MAE, MAPE: 53382016.00, 53382016.00, 7286.86, 5768.74, 6.26%
Test - Best epoch, Loss, MSE, RMSE, MAE, MAPE: 6, 49550064.00, 49550065.00, 6816.37, 5321.91, 5.67%
- Epoch 007, ExpID 75890
Train - Loss: 39903186.43
Val - Loss, MSE, RMSE, MAE, MAPE: 53081784.00, 53081786.00, 7265.11, 5741.09, 6.23%
Test - Best epoch, Loss, MSE, RMSE, MAE, MAPE: 7, 49575816.00, 49575817.00, 6829.09, 5318.96, 5.67%
- Epoch 008, ExpID 75890
Train - Loss: 39729158.61
Val - Loss, MSE, RMSE, MAE, MAPE: 52608620.00, 52608620.00, 7230.62, 5718.24, 6.21%
Test - Best epoch, Loss, MSE, RMSE, MAE, MAPE: 8, 49400348.00, 49400347.00, 6814.64, 5302.81, 5.66%
- Epoch 009, ExpID 75890
Train - Loss: 39291608.17
Val - Loss, MSE, RMSE, MAE, MAPE: 52158028.00, 52158028.00, 7196.18, 5690.33, 6.19%
Test - Best epoch, Loss, MSE, RMSE, MAE, MAPE: 9, 49427876.00, 49427877.00, 6818.76, 5305.97, 5.67%
- Epoch 010, ExpID 75890
Train - Loss: 39111707.13
Val - Loss, MSE, RMSE, MAE, MAPE: 52304712.00, 52304714.00, 7208.80, 5696.13, 6.19%
Test - Best epoch, Loss, MSE, RMSE, MAE, MAPE: 9, 49427876.00, 49427877.00, 6818.76, 5305.97, 5.67%
- Epoch 011, ExpID 75890
Train - Loss: 38700393.39
Val - Loss, MSE, RMSE, MAE, MAPE: 52057256.00, 52057258.00, 7190.71, 5686.69, 6.18%
Test - Best epoch, Loss, MSE, RMSE, MAE, MAPE: 11, 49130672.00, 49130673.00, 6798.07, 5275.77, 5.64%
- Epoch 012, ExpID 75890
Train - Loss: 38376553.13
Val - Loss, MSE, RMSE, MAE, MAPE: 52079832.00, 52079834.00, 7192.34, 5687.95, 6.17%
Test - Best epoch, Loss, MSE, RMSE, MAE, MAPE: 11, 49130672.00, 49130673.00, 6798.07, 5275.77, 5.64%
- Epoch 013, ExpID 75890
Train - Loss: 38352597.39
Val - Loss, MSE, RMSE, MAE, MAPE: 51850060.00, 51850060.00, 7175.12, 5670.54, 6.16%
Test - Best epoch, Loss, MSE, RMSE, MAE, MAPE: 13, 49210820.00, 49210819.00, 6809.18, 5287.29, 5.65%
- Epoch 014, ExpID 75890
Train - Loss: 38251402.61
Val - Loss, MSE, RMSE, MAE, MAPE: 51698216.00, 51698214.00, 7164.46, 5664.63, 6.15%
Test - Best epoch, Loss, MSE, RMSE, MAE, MAPE: 14, 49280404.00, 49280404.00, 6817.82, 5292.52, 5.66%
- Epoch 015, ExpID 75890
Train - Loss: 37944993.57
Val - Loss, MSE, RMSE, MAE, MAPE: 51617760.00, 51617762.00, 7159.03, 5658.00, 6.14%
Test - Best epoch, Loss, MSE, RMSE, MAE, MAPE: 15, 48987008.00, 48987010.00, 6792.97, 5265.27, 5.63%
- Epoch 016, ExpID 75890
Train - Loss: 37708551.48
Val - Loss, MSE, RMSE, MAE, MAPE: 51617516.00, 51617516.00, 7159.83, 5650.90, 6.14%
Test - Best epoch, Loss, MSE, RMSE, MAE, MAPE: 16, 49343680.00, 49343679.00, 6825.79, 5291.33, 5.66%
- Epoch 017, ExpID 75890
Train - Loss: 37519241.04
Val - Loss, MSE, RMSE, MAE, MAPE: 51585256.00, 51585254.00, 7156.12, 5652.35, 6.13%
Test - Best epoch, Loss, MSE, RMSE, MAE, MAPE: 17, 48970936.00, 48970937.00, 6793.11, 5276.02, 5.64%
- Epoch 018, ExpID 75890
Train - Loss: 37309208.17
Val - Loss, MSE, RMSE, MAE, MAPE: 51935984.00, 51935982.00, 7185.03, 5670.95, 6.15%
Test - Best epoch, Loss, MSE, RMSE, MAE, MAPE: 17, 48970936.00, 48970937.00, 6793.11, 5276.02, 5.64%
- Epoch 019, ExpID 75890
Train - Loss: 37194109.39
Val - Loss, MSE, RMSE, MAE, MAPE: 51478964.00, 51478964.00, 7150.89, 5648.85, 6.12%
Test - Best epoch, Loss, MSE, RMSE, MAE, MAPE: 19, 48985032.00, 48985032.00, 6796.96, 5267.26, 5.62%
- Epoch 020, ExpID 75890
Train - Loss: 37129809.30
Val - Loss, MSE, RMSE, MAE, MAPE: 51961940.00, 51961940.00, 7189.97, 5672.32, 6.15%
Test - Best epoch, Loss, MSE, RMSE, MAE, MAPE: 19, 48985032.00, 48985032.00, 6796.96, 5267.26, 5.62%
- Epoch 021, ExpID 75890
Train - Loss: 37143261.91
Val - Loss, MSE, RMSE, MAE, MAPE: 51382568.00, 51382566.00, 7146.98, 5635.47, 6.10%
Test - Best epoch, Loss, MSE, RMSE, MAE, MAPE: 21, 49052044.00, 49052044.00, 6802.99, 5269.91, 5.62%
- Epoch 022, ExpID 75890
Train - Loss: 36793591.91
Val - Loss, MSE, RMSE, MAE, MAPE: 51397096.00, 51397098.00, 7147.60, 5634.60, 6.10%
Test - Best epoch, Loss, MSE, RMSE, MAE, MAPE: 21, 49052044.00, 49052044.00, 6802.99, 5269.91, 5.62%
- Epoch 023, ExpID 75890
Train - Loss: 36661431.48
Val - Loss, MSE, RMSE, MAE, MAPE: 51730272.00, 51730270.00, 7172.67, 5652.93, 6.12%
Test - Best epoch, Loss, MSE, RMSE, MAE, MAPE: 21, 49052044.00, 49052044.00, 6802.99, 5269.91, 5.62%
- Epoch 024, ExpID 75890
Train - Loss: 36424469.48
Val - Loss, MSE, RMSE, MAE, MAPE: 51324176.00, 51324176.00, 7142.95, 5624.40, 6.09%
Test - Best epoch, Loss, MSE, RMSE, MAE, MAPE: 24, 49212148.00, 49212149.00, 6818.44, 5270.63, 5.62%
- Epoch 025, ExpID 75890
Train - Loss: 36422511.91
Val - Loss, MSE, RMSE, MAE, MAPE: 51413960.00, 51413960.00, 7150.27, 5631.80, 6.10%
Test - Best epoch, Loss, MSE, RMSE, MAE, MAPE: 24, 49212148.00, 49212149.00, 6818.44, 5270.63, 5.62%
- Epoch 026, ExpID 75890
Train - Loss: 36373695.39
Val - Loss, MSE, RMSE, MAE, MAPE: 51394408.00, 51394406.00, 7148.96, 5624.40, 6.09%
Test - Best epoch, Loss, MSE, RMSE, MAE, MAPE: 24, 49212148.00, 49212149.00, 6818.44, 5270.63, 5.62%
- Epoch 027, ExpID 75890
Train - Loss: 36009046.52
Val - Loss, MSE, RMSE, MAE, MAPE: 51770388.00, 51770388.00, 7177.98, 5643.68, 6.10%
Test - Best epoch, Loss, MSE, RMSE, MAE, MAPE: 24, 49212148.00, 49212149.00, 6818.44, 5270.63, 5.62%
- Epoch 028, ExpID 75890
Train - Loss: 35920106.43
Val - Loss, MSE, RMSE, MAE, MAPE: 50938356.00, 50938356.00, 7112.20, 5584.39, 6.05%
Test - Best epoch, Loss, MSE, RMSE, MAE, MAPE: 28, 49241412.00, 49241412.00, 6822.86, 5284.76, 5.63%
- Epoch 029, ExpID 75890
Train - Loss: 36116751.65
Val - Loss, MSE, RMSE, MAE, MAPE: 51812432.00, 51812430.00, 7181.29, 5643.08, 6.09%
Test - Best epoch, Loss, MSE, RMSE, MAE, MAPE: 28, 49241412.00, 49241412.00, 6822.86, 5284.76, 5.63%
- Epoch 030, ExpID 75890
Train - Loss: 35759708.35
Val - Loss, MSE, RMSE, MAE, MAPE: 51045728.00, 51045726.00, 7123.28, 5596.96, 6.06%
Test - Best epoch, Loss, MSE, RMSE, MAE, MAPE: 28, 49241412.00, 49241412.00, 6822.86, 5284.76, 5.63%
- Epoch 031, ExpID 75890
Train - Loss: 35556516.35
Val - Loss, MSE, RMSE, MAE, MAPE: 51102168.00, 51102168.00, 7126.49, 5595.99, 6.06%
Test - Best epoch, Loss, MSE, RMSE, MAE, MAPE: 28, 49241412.00, 49241412.00, 6822.86, 5284.76, 5.63%
- Epoch 032, ExpID 75890
Train - Loss: 35386028.78
Val - Loss, MSE, RMSE, MAE, MAPE: 51253336.00, 51253338.00, 7139.20, 5600.92, 6.05%
Test - Best epoch, Loss, MSE, RMSE, MAE, MAPE: 28, 49241412.00, 49241412.00, 6822.86, 5284.76, 5.63%
- Epoch 033, ExpID 75890
Train - Loss: 35421085.57
Val - Loss, MSE, RMSE, MAE, MAPE: 51267344.00, 51267346.00, 7141.01, 5601.77, 6.06%
Test - Best epoch, Loss, MSE, RMSE, MAE, MAPE: 28, 49241412.00, 49241412.00, 6822.86, 5284.76, 5.63%
- Epoch 034, ExpID 75890
Train - Loss: 35562664.70
Val - Loss, MSE, RMSE, MAE, MAPE: 51325324.00, 51325324.00, 7144.50, 5605.86, 6.06%
Test - Best epoch, Loss, MSE, RMSE, MAE, MAPE: 28, 49241412.00, 49241412.00, 6822.86, 5284.76, 5.63%
- Epoch 035, ExpID 75890
Train - Loss: 35286937.22
Val - Loss, MSE, RMSE, MAE, MAPE: 51324344.00, 51324342.00, 7144.17, 5599.87, 6.05%
Test - Best epoch, Loss, MSE, RMSE, MAE, MAPE: 28, 49241412.00, 49241412.00, 6822.86, 5284.76, 5.63%
- Epoch 036, ExpID 75890
Train - Loss: 35080722.00
Val - Loss, MSE, RMSE, MAE, MAPE: 51657356.00, 51657356.00, 7171.22, 5623.68, 6.08%
Test - Best epoch, Loss, MSE, RMSE, MAE, MAPE: 28, 49241412.00, 49241412.00, 6822.86, 5284.76, 5.63%
- Epoch 037, ExpID 75890
Train - Loss: 35113750.70
Val - Loss, MSE, RMSE, MAE, MAPE: 51265136.00, 51265136.00, 7139.30, 5592.56, 6.04%
Test - Best epoch, Loss, MSE, RMSE, MAE, MAPE: 28, 49241412.00, 49241412.00, 6822.86, 5284.76, 5.63%
- Epoch 038, ExpID 75890
Train - Loss: 34972071.74
Val - Loss, MSE, RMSE, MAE, MAPE: 52247012.00, 52247012.00, 7212.05, 5649.85, 6.10%
Test - Best epoch, Loss, MSE, RMSE, MAE, MAPE: 28, 49241412.00, 49241412.00, 6822.86, 5284.76, 5.63%
Early Stopping at Epoch 38
Fold 2019 Best RMSE: 6822.8623
