DETAILED LOG | Model: patchtst | Seed: 1
FULL CONFIG: {'gpu': '6', 'target': 'arrival', 'cv_start_year': 2017, 'cv_end_year': 2019, 'test_year': 2024, 'use_corona': False, 'seq_len': 91, 'label_len': 0, 'pred_len': 56, 'batch_size': 256, 'epochs': 1000, 'patience': 10, 'lr': 0.0001, 'model': 'patchtst', 'd_model': 64, 'n_heads': 8, 'n_layers': 2, 'dropout': 0.1, 'activation': 'gelu', 'patch_len': 14, 'factor': 5, 'norm_mode': 'revin', 'use_covar': False, 'use_dbloss': False, 'device': device(type='cuda'), 'stride': 7, 'file_path': 'dataset/airport_flight_with_holiday.csv', 'seed': 1, 'val_year': 2019, 'ndims': 1}

-------------------- [Fold: 2017] ExpID: 99307 --------------------
- Epoch 000, ExpID 99307
Train - Loss: 56239852.20
Val - Loss, MSE, RMSE, MAE, MAPE: 87404176.00, 87404176.00, 9326.08, 7654.43, 9.84%
Test - Best epoch, Loss, MSE, RMSE, MAE, MAPE: 0, 108214416.00, 108214416.00, 10369.67, 8239.15, 9.65%
- Epoch 001, ExpID 99307
Train - Loss: 48903279.20
Val - Loss, MSE, RMSE, MAE, MAPE: 75203344.00, 75203340.00, 8639.38, 7087.86, 9.12%
Test - Best epoch, Loss, MSE, RMSE, MAE, MAPE: 1, 95072736.00, 95072736.00, 9711.11, 7609.08, 8.91%
- Epoch 002, ExpID 99307
Train - Loss: 44951165.00
Val - Loss, MSE, RMSE, MAE, MAPE: 68283176.00, 68283174.00, 8219.59, 6740.37, 8.67%
Test - Best epoch, Loss, MSE, RMSE, MAE, MAPE: 2, 88273280.00, 88273280.00, 9353.13, 7246.38, 8.48%
- Epoch 003, ExpID 99307
Train - Loss: 42797677.20
Val - Loss, MSE, RMSE, MAE, MAPE: 64198732.00, 64198732.00, 7960.06, 6516.28, 8.38%
Test - Best epoch, Loss, MSE, RMSE, MAE, MAPE: 3, 84764608.00, 84764608.00, 9166.24, 7042.27, 8.23%
- Epoch 004, ExpID 99307
Train - Loss: 41212786.10
Val - Loss, MSE, RMSE, MAE, MAPE: 61109028.00, 61109028.00, 7756.13, 6333.82, 8.14%
Test - Best epoch, Loss, MSE, RMSE, MAE, MAPE: 4, 82319120.00, 82319116.00, 9035.14, 6890.91, 8.04%
- Epoch 005, ExpID 99307
Train - Loss: 40392371.80
Val - Loss, MSE, RMSE, MAE, MAPE: 58773584.00, 58773586.00, 7601.14, 6193.47, 7.96%
Test - Best epoch, Loss, MSE, RMSE, MAE, MAPE: 5, 80494624.00, 80494626.00, 8938.64, 6772.37, 7.89%
- Epoch 006, ExpID 99307
Train - Loss: 39457183.60
Val - Loss, MSE, RMSE, MAE, MAPE: 56090712.00, 56090714.00, 7415.83, 6019.25, 7.72%
Test - Best epoch, Loss, MSE, RMSE, MAE, MAPE: 6, 78607600.00, 78607598.00, 8838.21, 6632.32, 7.70%
- Epoch 007, ExpID 99307
Train - Loss: 38680630.60
Val - Loss, MSE, RMSE, MAE, MAPE: 53253096.00, 53253094.00, 7216.19, 5830.61, 7.47%
Test - Best epoch, Loss, MSE, RMSE, MAE, MAPE: 7, 76729456.00, 76729458.00, 8738.16, 6490.57, 7.51%
- Epoch 008, ExpID 99307
Train - Loss: 37952823.00
Val - Loss, MSE, RMSE, MAE, MAPE: 50591788.00, 50591788.00, 7031.37, 5655.25, 7.23%
Test - Best epoch, Loss, MSE, RMSE, MAE, MAPE: 8, 75069120.00, 75069120.00, 8650.14, 6361.26, 7.34%
- Epoch 009, ExpID 99307
Train - Loss: 37067535.80
Val - Loss, MSE, RMSE, MAE, MAPE: 47390788.00, 47390789.00, 6799.42, 5436.52, 6.94%
Test - Best epoch, Loss, MSE, RMSE, MAE, MAPE: 9, 73513960.00, 73513960.00, 8566.27, 6246.07, 7.18%
- Epoch 010, ExpID 99307
Train - Loss: 36369749.60
Val - Loss, MSE, RMSE, MAE, MAPE: 45834416.00, 45834416.00, 6696.32, 5332.72, 6.81%
Test - Best epoch, Loss, MSE, RMSE, MAE, MAPE: 10, 72573824.00, 72573824.00, 8514.66, 6179.59, 7.09%
- Epoch 011, ExpID 99307
Train - Loss: 35857215.50
Val - Loss, MSE, RMSE, MAE, MAPE: 44425644.00, 44425643.00, 6592.88, 5231.32, 6.68%
Test - Best epoch, Loss, MSE, RMSE, MAE, MAPE: 11, 72042032.00, 72042036.00, 8485.09, 6134.75, 7.03%
- Epoch 012, ExpID 99307
Train - Loss: 35344577.60
Val - Loss, MSE, RMSE, MAE, MAPE: 43749964.00, 43749963.00, 6548.81, 5192.48, 6.64%
Test - Best epoch, Loss, MSE, RMSE, MAE, MAPE: 12, 71609992.00, 71609992.00, 8460.43, 6125.75, 7.03%
- Epoch 013, ExpID 99307
Train - Loss: 35043205.50
Val - Loss, MSE, RMSE, MAE, MAPE: 43590480.00, 43590478.00, 6536.39, 5175.87, 6.62%
Test - Best epoch, Loss, MSE, RMSE, MAE, MAPE: 13, 71574304.00, 71574308.00, 8458.11, 6124.53, 7.03%
- Epoch 014, ExpID 99307
Train - Loss: 34837054.00
Val - Loss, MSE, RMSE, MAE, MAPE: 43626064.00, 43626064.00, 6545.37, 5181.61, 6.63%
Test - Best epoch, Loss, MSE, RMSE, MAE, MAPE: 13, 71574304.00, 71574308.00, 8458.11, 6124.53, 7.03%
- Epoch 015, ExpID 99307
Train - Loss: 34417731.80
Val - Loss, MSE, RMSE, MAE, MAPE: 43464692.00, 43464691.00, 6535.42, 5175.59, 6.63%
Test - Best epoch, Loss, MSE, RMSE, MAE, MAPE: 15, 71262568.00, 71262568.00, 8439.67, 6126.37, 7.05%
- Epoch 016, ExpID 99307
Train - Loss: 34359791.40
Val - Loss, MSE, RMSE, MAE, MAPE: 43426588.00, 43426589.00, 6535.03, 5169.46, 6.62%
Test - Best epoch, Loss, MSE, RMSE, MAE, MAPE: 16, 71305984.00, 71305980.00, 8442.21, 6129.68, 7.05%
- Epoch 017, ExpID 99307
Train - Loss: 34077741.00
Val - Loss, MSE, RMSE, MAE, MAPE: 42988744.00, 42988744.00, 6502.31, 5136.61, 6.58%
Test - Best epoch, Loss, MSE, RMSE, MAE, MAPE: 17, 71155672.00, 71155672.00, 8433.44, 6124.31, 7.05%
- Epoch 018, ExpID 99307
Train - Loss: 33996830.10
Val - Loss, MSE, RMSE, MAE, MAPE: 42988120.00, 42988121.00, 6502.27, 5133.89, 6.57%
Test - Best epoch, Loss, MSE, RMSE, MAE, MAPE: 18, 71379264.00, 71379268.00, 8446.57, 6138.85, 7.07%
- Epoch 019, ExpID 99307
Train - Loss: 33862811.90
Val - Loss, MSE, RMSE, MAE, MAPE: 42862760.00, 42862759.00, 6490.99, 5117.64, 6.55%
Test - Best epoch, Loss, MSE, RMSE, MAE, MAPE: 19, 71561072.00, 71561072.00, 8457.08, 6146.99, 7.08%
- Epoch 020, ExpID 99307
Train - Loss: 33473160.30
Val - Loss, MSE, RMSE, MAE, MAPE: 42814176.00, 42814175.00, 6488.19, 5114.38, 6.54%
Test - Best epoch, Loss, MSE, RMSE, MAE, MAPE: 20, 71688144.00, 71688144.00, 8464.36, 6153.33, 7.09%
- Epoch 021, ExpID 99307
Train - Loss: 33189016.80
Val - Loss, MSE, RMSE, MAE, MAPE: 42509536.00, 42509537.00, 6468.47, 5096.34, 6.53%
Test - Best epoch, Loss, MSE, RMSE, MAE, MAPE: 21, 71577544.00, 71577544.00, 8458.04, 6158.96, 7.10%
- Epoch 022, ExpID 99307
Train - Loss: 33108704.00
Val - Loss, MSE, RMSE, MAE, MAPE: 42188716.00, 42188716.00, 6438.50, 5057.42, 6.46%
Test - Best epoch, Loss, MSE, RMSE, MAE, MAPE: 22, 71787408.00, 71787404.00, 8470.37, 6151.16, 7.08%
- Epoch 023, ExpID 99307
Train - Loss: 32931641.20
Val - Loss, MSE, RMSE, MAE, MAPE: 42636704.00, 42636702.00, 6480.59, 5104.86, 6.54%
Test - Best epoch, Loss, MSE, RMSE, MAE, MAPE: 22, 71787408.00, 71787404.00, 8470.37, 6151.16, 7.08%
- Epoch 024, ExpID 99307
Train - Loss: 32647839.40
Val - Loss, MSE, RMSE, MAE, MAPE: 42059108.00, 42059108.00, 6430.56, 5051.59, 6.46%
Test - Best epoch, Loss, MSE, RMSE, MAE, MAPE: 24, 71852816.00, 71852816.00, 8473.56, 6160.54, 7.10%
- Epoch 025, ExpID 99307
Train - Loss: 32742819.40
Val - Loss, MSE, RMSE, MAE, MAPE: 41726152.00, 41726150.00, 6405.15, 5027.72, 6.43%
Test - Best epoch, Loss, MSE, RMSE, MAE, MAPE: 25, 71645968.00, 71645972.00, 8461.14, 6160.45, 7.10%
- Epoch 026, ExpID 99307
Train - Loss: 32562704.90
Val - Loss, MSE, RMSE, MAE, MAPE: 41839824.00, 41839826.00, 6411.88, 5029.64, 6.42%
Test - Best epoch, Loss, MSE, RMSE, MAE, MAPE: 25, 71645968.00, 71645972.00, 8461.14, 6160.45, 7.10%
- Epoch 027, ExpID 99307
Train - Loss: 32278935.80
Val - Loss, MSE, RMSE, MAE, MAPE: 41437312.00, 41437311.00, 6379.08, 4990.90, 6.37%
Test - Best epoch, Loss, MSE, RMSE, MAE, MAPE: 27, 71937728.00, 71937724.00, 8478.19, 6157.24, 7.09%
- Epoch 028, ExpID 99307
Train - Loss: 32349296.70
Val - Loss, MSE, RMSE, MAE, MAPE: 40976160.00, 40976159.00, 6341.28, 4956.00, 6.32%
Test - Best epoch, Loss, MSE, RMSE, MAE, MAPE: 28, 71832144.00, 71832144.00, 8471.95, 6151.15, 7.08%
- Epoch 029, ExpID 99307
Train - Loss: 31936760.20
Val - Loss, MSE, RMSE, MAE, MAPE: 40993080.00, 40993080.00, 6341.92, 4947.92, 6.31%
Test - Best epoch, Loss, MSE, RMSE, MAE, MAPE: 28, 71832144.00, 71832144.00, 8471.95, 6151.15, 7.08%
- Epoch 030, ExpID 99307
Train - Loss: 31821999.80
Val - Loss, MSE, RMSE, MAE, MAPE: 40909348.00, 40909347.00, 6338.10, 4951.54, 6.32%
Test - Best epoch, Loss, MSE, RMSE, MAE, MAPE: 30, 72150584.00, 72150584.00, 8490.13, 6180.28, 7.12%
- Epoch 031, ExpID 99307
Train - Loss: 31810818.70
Val - Loss, MSE, RMSE, MAE, MAPE: 40509768.00, 40509769.00, 6302.64, 4907.95, 6.25%
Test - Best epoch, Loss, MSE, RMSE, MAE, MAPE: 31, 72219680.00, 72219676.00, 8494.50, 6184.01, 7.11%
- Epoch 032, ExpID 99307
Train - Loss: 31540976.40
Val - Loss, MSE, RMSE, MAE, MAPE: 40177444.00, 40177443.00, 6275.91, 4884.49, 6.22%
Test - Best epoch, Loss, MSE, RMSE, MAE, MAPE: 32, 72391240.00, 72391240.00, 8504.96, 6195.49, 7.12%
- Epoch 033, ExpID 99307
Train - Loss: 31395829.80
Val - Loss, MSE, RMSE, MAE, MAPE: 39824320.00, 39824322.00, 6243.42, 4845.96, 6.16%
Test - Best epoch, Loss, MSE, RMSE, MAE, MAPE: 33, 72333248.00, 72333244.00, 8501.82, 6183.10, 7.10%
- Epoch 034, ExpID 99307
Train - Loss: 31591552.90
Val - Loss, MSE, RMSE, MAE, MAPE: 39897132.00, 39897131.00, 6250.10, 4855.43, 6.18%
Test - Best epoch, Loss, MSE, RMSE, MAE, MAPE: 33, 72333248.00, 72333244.00, 8501.82, 6183.10, 7.10%
- Epoch 035, ExpID 99307
Train - Loss: 31252711.30
Val - Loss, MSE, RMSE, MAE, MAPE: 39179584.00, 39179585.00, 6193.42, 4803.18, 6.11%
Test - Best epoch, Loss, MSE, RMSE, MAE, MAPE: 35, 72224752.00, 72224756.00, 8495.81, 6188.37, 7.10%
- Epoch 036, ExpID 99307
Train - Loss: 31086695.60
Val - Loss, MSE, RMSE, MAE, MAPE: 39454656.00, 39454656.00, 6215.85, 4820.60, 6.13%
Test - Best epoch, Loss, MSE, RMSE, MAE, MAPE: 35, 72224752.00, 72224756.00, 8495.81, 6188.37, 7.10%
- Epoch 037, ExpID 99307
Train - Loss: 30969302.90
Val - Loss, MSE, RMSE, MAE, MAPE: 39298624.00, 39298623.00, 6201.69, 4802.76, 6.10%
Test - Best epoch, Loss, MSE, RMSE, MAE, MAPE: 35, 72224752.00, 72224756.00, 8495.81, 6188.37, 7.10%
- Epoch 038, ExpID 99307
Train - Loss: 31047078.80
Val - Loss, MSE, RMSE, MAE, MAPE: 38757984.00, 38757985.00, 6155.81, 4760.43, 6.05%
Test - Best epoch, Loss, MSE, RMSE, MAE, MAPE: 38, 73369376.00, 73369380.00, 8564.02, 6256.59, 7.16%
- Epoch 039, ExpID 99307
Train - Loss: 30730398.30
Val - Loss, MSE, RMSE, MAE, MAPE: 38814028.00, 38814027.00, 6166.65, 4778.21, 6.08%
Test - Best epoch, Loss, MSE, RMSE, MAE, MAPE: 38, 73369376.00, 73369380.00, 8564.02, 6256.59, 7.16%
- Epoch 040, ExpID 99307
Train - Loss: 30958992.00
Val - Loss, MSE, RMSE, MAE, MAPE: 38747476.00, 38747477.00, 6154.21, 4756.43, 6.04%
Test - Best epoch, Loss, MSE, RMSE, MAE, MAPE: 40, 73666984.00, 73666984.00, 8581.04, 6271.77, 7.18%
- Epoch 041, ExpID 99307
Train - Loss: 30639500.40
Val - Loss, MSE, RMSE, MAE, MAPE: 38680448.00, 38680450.00, 6150.55, 4752.72, 6.04%
Test - Best epoch, Loss, MSE, RMSE, MAE, MAPE: 41, 73895472.00, 73895468.00, 8594.86, 6289.73, 7.20%
- Epoch 042, ExpID 99307
Train - Loss: 30470811.70
Val - Loss, MSE, RMSE, MAE, MAPE: 38212168.00, 38212167.00, 6107.46, 4706.65, 5.97%
Test - Best epoch, Loss, MSE, RMSE, MAE, MAPE: 42, 74296032.00, 74296032.00, 8618.80, 6301.84, 7.20%
- Epoch 043, ExpID 99307
Train - Loss: 30532964.50
Val - Loss, MSE, RMSE, MAE, MAPE: 38139436.00, 38139436.00, 6101.08, 4697.26, 5.95%
Test - Best epoch, Loss, MSE, RMSE, MAE, MAPE: 43, 74463000.00, 74463000.00, 8628.60, 6305.13, 7.20%
- Epoch 044, ExpID 99307
Train - Loss: 30668759.80
Val - Loss, MSE, RMSE, MAE, MAPE: 38059924.00, 38059923.00, 6094.04, 4686.98, 5.94%
Test - Best epoch, Loss, MSE, RMSE, MAE, MAPE: 44, 74704688.00, 74704688.00, 8642.72, 6316.68, 7.21%
- Epoch 045, ExpID 99307
Train - Loss: 30190944.90
Val - Loss, MSE, RMSE, MAE, MAPE: 37814108.00, 37814108.00, 6075.56, 4669.05, 5.91%
Test - Best epoch, Loss, MSE, RMSE, MAE, MAPE: 45, 74928496.00, 74928500.00, 8656.04, 6335.11, 7.23%
- Epoch 046, ExpID 99307
Train - Loss: 30197467.80
Val - Loss, MSE, RMSE, MAE, MAPE: 37820364.00, 37820364.00, 6074.12, 4661.95, 5.90%
Test - Best epoch, Loss, MSE, RMSE, MAE, MAPE: 45, 74928496.00, 74928500.00, 8656.04, 6335.11, 7.23%
- Epoch 047, ExpID 99307
Train - Loss: 30265127.30
Val - Loss, MSE, RMSE, MAE, MAPE: 37991072.00, 37991073.00, 6093.27, 4687.22, 5.94%
Test - Best epoch, Loss, MSE, RMSE, MAE, MAPE: 45, 74928496.00, 74928500.00, 8656.04, 6335.11, 7.23%
- Epoch 048, ExpID 99307
Train - Loss: 30258922.70
Val - Loss, MSE, RMSE, MAE, MAPE: 37545664.00, 37545665.00, 6051.80, 4642.28, 5.87%
Test - Best epoch, Loss, MSE, RMSE, MAE, MAPE: 48, 75463528.00, 75463528.00, 8686.96, 6354.94, 7.25%
- Epoch 049, ExpID 99307
Train - Loss: 30352411.40
Val - Loss, MSE, RMSE, MAE, MAPE: 37430744.00, 37430742.00, 6042.08, 4634.72, 5.86%
Test - Best epoch, Loss, MSE, RMSE, MAE, MAPE: 49, 75913880.00, 75913880.00, 8712.86, 6389.19, 7.28%
- Epoch 050, ExpID 99307
Train - Loss: 29928225.20
Val - Loss, MSE, RMSE, MAE, MAPE: 37172872.00, 37172873.00, 6027.33, 4620.06, 5.85%
Test - Best epoch, Loss, MSE, RMSE, MAE, MAPE: 50, 75484688.00, 75484692.00, 8688.15, 6355.37, 7.25%
- Epoch 051, ExpID 99307
Train - Loss: 29989117.20
Val - Loss, MSE, RMSE, MAE, MAPE: 37450416.00, 37450416.00, 6049.82, 4646.57, 5.88%
Test - Best epoch, Loss, MSE, RMSE, MAE, MAPE: 50, 75484688.00, 75484692.00, 8688.15, 6355.37, 7.25%
- Epoch 052, ExpID 99307
Train - Loss: 29943994.60
Val - Loss, MSE, RMSE, MAE, MAPE: 37384632.00, 37384631.00, 6045.52, 4640.75, 5.87%
Test - Best epoch, Loss, MSE, RMSE, MAE, MAPE: 50, 75484688.00, 75484692.00, 8688.15, 6355.37, 7.25%
- Epoch 053, ExpID 99307
Train - Loss: 29816996.60
Val - Loss, MSE, RMSE, MAE, MAPE: 36995136.00, 36995137.00, 6011.96, 4606.83, 5.83%
Test - Best epoch, Loss, MSE, RMSE, MAE, MAPE: 53, 75985000.00, 75985000.00, 8716.88, 6372.73, 7.26%
- Epoch 054, ExpID 99307
Train - Loss: 29826027.60
Val - Loss, MSE, RMSE, MAE, MAPE: 37066108.00, 37066108.00, 6020.61, 4619.75, 5.85%
Test - Best epoch, Loss, MSE, RMSE, MAE, MAPE: 53, 75985000.00, 75985000.00, 8716.88, 6372.73, 7.26%
- Epoch 055, ExpID 99307
Train - Loss: 29733855.20
Val - Loss, MSE, RMSE, MAE, MAPE: 37565664.00, 37565664.00, 6064.87, 4655.79, 5.90%
Test - Best epoch, Loss, MSE, RMSE, MAE, MAPE: 53, 75985000.00, 75985000.00, 8716.88, 6372.73, 7.26%
- Epoch 056, ExpID 99307
Train - Loss: 29832016.40
Val - Loss, MSE, RMSE, MAE, MAPE: 36833320.00, 36833320.00, 6000.11, 4595.55, 5.81%
Test - Best epoch, Loss, MSE, RMSE, MAE, MAPE: 56, 76595416.00, 76595416.00, 8751.73, 6412.06, 7.30%
- Epoch 057, ExpID 99307
Train - Loss: 29641889.70
Val - Loss, MSE, RMSE, MAE, MAPE: 36779780.00, 36779781.00, 5997.21, 4595.52, 5.82%
Test - Best epoch, Loss, MSE, RMSE, MAE, MAPE: 57, 75766944.00, 75766948.00, 8704.42, 6369.75, 7.26%
- Epoch 058, ExpID 99307
Train - Loss: 29502260.50
Val - Loss, MSE, RMSE, MAE, MAPE: 36789284.00, 36789285.00, 6000.79, 4598.05, 5.82%
Test - Best epoch, Loss, MSE, RMSE, MAE, MAPE: 57, 75766944.00, 75766948.00, 8704.42, 6369.75, 7.26%
- Epoch 059, ExpID 99307
Train - Loss: 29424427.30
Val - Loss, MSE, RMSE, MAE, MAPE: 37223848.00, 37223850.00, 6039.81, 4626.86, 5.86%
Test - Best epoch, Loss, MSE, RMSE, MAE, MAPE: 57, 75766944.00, 75766948.00, 8704.42, 6369.75, 7.26%
- Epoch 060, ExpID 99307
Train - Loss: 29447594.70
Val - Loss, MSE, RMSE, MAE, MAPE: 36649192.00, 36649191.00, 5981.08, 4571.56, 5.77%
Test - Best epoch, Loss, MSE, RMSE, MAE, MAPE: 60, 77282816.00, 77282816.00, 8790.69, 6443.59, 7.32%
- Epoch 061, ExpID 99307
Train - Loss: 29434795.40
Val - Loss, MSE, RMSE, MAE, MAPE: 36697772.00, 36697771.00, 5990.48, 4588.83, 5.81%
Test - Best epoch, Loss, MSE, RMSE, MAE, MAPE: 60, 77282816.00, 77282816.00, 8790.69, 6443.59, 7.32%
- Epoch 062, ExpID 99307
Train - Loss: 29403141.60
Val - Loss, MSE, RMSE, MAE, MAPE: 36455344.00, 36455343.00, 5974.57, 4569.98, 5.78%
Test - Best epoch, Loss, MSE, RMSE, MAE, MAPE: 62, 76212496.00, 76212492.00, 8729.76, 6390.42, 7.28%
- Epoch 063, ExpID 99307
Train - Loss: 29208271.70
Val - Loss, MSE, RMSE, MAE, MAPE: 36248816.00, 36248816.00, 5954.64, 4551.95, 5.76%
Test - Best epoch, Loss, MSE, RMSE, MAE, MAPE: 63, 76459296.00, 76459300.00, 8743.80, 6403.07, 7.29%
- Epoch 064, ExpID 99307
Train - Loss: 29440307.00
Val - Loss, MSE, RMSE, MAE, MAPE: 36337040.00, 36337040.00, 5964.93, 4559.85, 5.77%
Test - Best epoch, Loss, MSE, RMSE, MAE, MAPE: 63, 76459296.00, 76459300.00, 8743.80, 6403.07, 7.29%
- Epoch 065, ExpID 99307
Train - Loss: 29286526.20
Val - Loss, MSE, RMSE, MAE, MAPE: 36009560.00, 36009560.00, 5937.60, 4536.93, 5.74%
Test - Best epoch, Loss, MSE, RMSE, MAE, MAPE: 65, 76354920.00, 76354920.00, 8737.63, 6399.90, 7.28%
- Epoch 066, ExpID 99307
Train - Loss: 28976484.00
Val - Loss, MSE, RMSE, MAE, MAPE: 36357308.00, 36357309.00, 5959.75, 4548.36, 5.74%
Test - Best epoch, Loss, MSE, RMSE, MAE, MAPE: 65, 76354920.00, 76354920.00, 8737.63, 6399.90, 7.28%
- Epoch 067, ExpID 99307
Train - Loss: 29120227.00
Val - Loss, MSE, RMSE, MAE, MAPE: 36567680.00, 36567678.00, 5982.18, 4573.64, 5.78%
Test - Best epoch, Loss, MSE, RMSE, MAE, MAPE: 65, 76354920.00, 76354920.00, 8737.63, 6399.90, 7.28%
- Epoch 068, ExpID 99307
Train - Loss: 28980511.30
Val - Loss, MSE, RMSE, MAE, MAPE: 35714392.00, 35714392.00, 5913.57, 4515.09, 5.71%
Test - Best epoch, Loss, MSE, RMSE, MAE, MAPE: 68, 76277176.00, 76277176.00, 8733.07, 6384.99, 7.26%
- Epoch 069, ExpID 99307
Train - Loss: 28866529.40
Val - Loss, MSE, RMSE, MAE, MAPE: 36017608.00, 36017610.00, 5936.69, 4536.91, 5.74%
Test - Best epoch, Loss, MSE, RMSE, MAE, MAPE: 68, 76277176.00, 76277176.00, 8733.07, 6384.99, 7.26%
- Epoch 070, ExpID 99307
Train - Loss: 28760598.90
Val - Loss, MSE, RMSE, MAE, MAPE: 35753984.00, 35753983.00, 5911.18, 4504.50, 5.68%
Test - Best epoch, Loss, MSE, RMSE, MAE, MAPE: 68, 76277176.00, 76277176.00, 8733.07, 6384.99, 7.26%
- Epoch 071, ExpID 99307
Train - Loss: 28612950.20
Val - Loss, MSE, RMSE, MAE, MAPE: 35847432.00, 35847430.00, 5925.03, 4523.12, 5.72%
Test - Best epoch, Loss, MSE, RMSE, MAE, MAPE: 68, 76277176.00, 76277176.00, 8733.07, 6384.99, 7.26%
- Epoch 072, ExpID 99307
Train - Loss: 28770540.00
Val - Loss, MSE, RMSE, MAE, MAPE: 35759120.00, 35759119.00, 5917.96, 4514.94, 5.71%
Test - Best epoch, Loss, MSE, RMSE, MAE, MAPE: 68, 76277176.00, 76277176.00, 8733.07, 6384.99, 7.26%
- Epoch 073, ExpID 99307
Train - Loss: 28576229.40
Val - Loss, MSE, RMSE, MAE, MAPE: 35917376.00, 35917376.00, 5924.52, 4513.79, 5.69%
Test - Best epoch, Loss, MSE, RMSE, MAE, MAPE: 68, 76277176.00, 76277176.00, 8733.07, 6384.99, 7.26%
- Epoch 074, ExpID 99307
Train - Loss: 28688375.40
Val - Loss, MSE, RMSE, MAE, MAPE: 35919064.00, 35919065.00, 5927.87, 4521.68, 5.71%
Test - Best epoch, Loss, MSE, RMSE, MAE, MAPE: 68, 76277176.00, 76277176.00, 8733.07, 6384.99, 7.26%
- Epoch 075, ExpID 99307
Train - Loss: 28675685.30
Val - Loss, MSE, RMSE, MAE, MAPE: 35655044.00, 35655043.00, 5908.13, 4501.37, 5.68%
Test - Best epoch, Loss, MSE, RMSE, MAE, MAPE: 75, 77080304.00, 77080308.00, 8778.48, 6426.85, 7.30%
- Epoch 076, ExpID 99307
Train - Loss: 28827899.90
Val - Loss, MSE, RMSE, MAE, MAPE: 35469336.00, 35469337.00, 5894.66, 4500.10, 5.69%
Test - Best epoch, Loss, MSE, RMSE, MAE, MAPE: 76, 76655296.00, 76655300.00, 8754.96, 6411.94, 7.30%
- Epoch 077, ExpID 99307
Train - Loss: 28452614.40
Val - Loss, MSE, RMSE, MAE, MAPE: 35744840.00, 35744838.00, 5919.18, 4512.76, 5.70%
Test - Best epoch, Loss, MSE, RMSE, MAE, MAPE: 76, 76655296.00, 76655300.00, 8754.96, 6411.94, 7.30%
- Epoch 078, ExpID 99307
Train - Loss: 28625536.80
Val - Loss, MSE, RMSE, MAE, MAPE: 35713344.00, 35713345.00, 5907.06, 4492.42, 5.66%
Test - Best epoch, Loss, MSE, RMSE, MAE, MAPE: 76, 76655296.00, 76655300.00, 8754.96, 6411.94, 7.30%
- Epoch 079, ExpID 99307
Train - Loss: 28481815.20
Val - Loss, MSE, RMSE, MAE, MAPE: 35367112.00, 35367111.00, 5880.79, 4471.34, 5.64%
Test - Best epoch, Loss, MSE, RMSE, MAE, MAPE: 79, 77312408.00, 77312408.00, 8792.03, 6426.40, 7.29%
- Epoch 080, ExpID 99307
Train - Loss: 28434849.20
Val - Loss, MSE, RMSE, MAE, MAPE: 35336656.00, 35336655.00, 5883.59, 4475.36, 5.65%
Test - Best epoch, Loss, MSE, RMSE, MAE, MAPE: 80, 77415392.00, 77415392.00, 8797.59, 6439.95, 7.32%
- Epoch 081, ExpID 99307
Train - Loss: 28288575.70
Val - Loss, MSE, RMSE, MAE, MAPE: 35702792.00, 35702792.00, 5912.12, 4491.99, 5.66%
Test - Best epoch, Loss, MSE, RMSE, MAE, MAPE: 80, 77415392.00, 77415392.00, 8797.59, 6439.95, 7.32%
- Epoch 082, ExpID 99307
Train - Loss: 28179174.90
Val - Loss, MSE, RMSE, MAE, MAPE: 35467424.00, 35467423.00, 5894.98, 4487.88, 5.66%
Test - Best epoch, Loss, MSE, RMSE, MAE, MAPE: 80, 77415392.00, 77415392.00, 8797.59, 6439.95, 7.32%
- Epoch 083, ExpID 99307
Train - Loss: 28158340.50
Val - Loss, MSE, RMSE, MAE, MAPE: 34898392.00, 34898391.00, 5841.89, 4438.28, 5.59%
Test - Best epoch, Loss, MSE, RMSE, MAE, MAPE: 83, 78155152.00, 78155156.00, 8838.54, 6472.70, 7.35%
- Epoch 084, ExpID 99307
Train - Loss: 28117783.90
Val - Loss, MSE, RMSE, MAE, MAPE: 35668584.00, 35668586.00, 5907.13, 4492.16, 5.66%
Test - Best epoch, Loss, MSE, RMSE, MAE, MAPE: 83, 78155152.00, 78155156.00, 8838.54, 6472.70, 7.35%
- Epoch 085, ExpID 99307
Train - Loss: 28104901.30
Val - Loss, MSE, RMSE, MAE, MAPE: 35160780.00, 35160780.00, 5867.86, 4464.19, 5.63%
Test - Best epoch, Loss, MSE, RMSE, MAE, MAPE: 83, 78155152.00, 78155156.00, 8838.54, 6472.70, 7.35%
- Epoch 086, ExpID 99307
Train - Loss: 27939983.10
Val - Loss, MSE, RMSE, MAE, MAPE: 35309596.00, 35309597.00, 5871.86, 4464.27, 5.62%
Test - Best epoch, Loss, MSE, RMSE, MAE, MAPE: 83, 78155152.00, 78155156.00, 8838.54, 6472.70, 7.35%
- Epoch 087, ExpID 99307
Train - Loss: 28115184.50
Val - Loss, MSE, RMSE, MAE, MAPE: 34903388.00, 34903387.00, 5845.33, 4450.05, 5.62%
Test - Best epoch, Loss, MSE, RMSE, MAE, MAPE: 83, 78155152.00, 78155156.00, 8838.54, 6472.70, 7.35%
- Epoch 088, ExpID 99307
Train - Loss: 27974255.70
Val - Loss, MSE, RMSE, MAE, MAPE: 35375556.00, 35375557.00, 5884.82, 4475.81, 5.64%
Test - Best epoch, Loss, MSE, RMSE, MAE, MAPE: 83, 78155152.00, 78155156.00, 8838.54, 6472.70, 7.35%
- Epoch 089, ExpID 99307
Train - Loss: 27766335.30
Val - Loss, MSE, RMSE, MAE, MAPE: 35297768.00, 35297769.00, 5878.00, 4466.73, 5.63%
Test - Best epoch, Loss, MSE, RMSE, MAE, MAPE: 83, 78155152.00, 78155156.00, 8838.54, 6472.70, 7.35%
- Epoch 090, ExpID 99307
Train - Loss: 28016411.60
Val - Loss, MSE, RMSE, MAE, MAPE: 34816284.00, 34816285.00, 5834.37, 4434.43, 5.59%
Test - Best epoch, Loss, MSE, RMSE, MAE, MAPE: 90, 78595872.00, 78595872.00, 8864.28, 6493.49, 7.37%
- Epoch 091, ExpID 99307
Train - Loss: 27736476.10
Val - Loss, MSE, RMSE, MAE, MAPE: 35609592.00, 35609590.00, 5899.45, 4480.93, 5.63%
Test - Best epoch, Loss, MSE, RMSE, MAE, MAPE: 90, 78595872.00, 78595872.00, 8864.28, 6493.49, 7.37%
- Epoch 092, ExpID 99307
Train - Loss: 27729268.50
Val - Loss, MSE, RMSE, MAE, MAPE: 34394164.00, 34394163.00, 5805.06, 4407.85, 5.56%
Test - Best epoch, Loss, MSE, RMSE, MAE, MAPE: 92, 77710024.00, 77710024.00, 8813.66, 6443.59, 7.32%
- Epoch 093, ExpID 99307
Train - Loss: 27820248.00
Val - Loss, MSE, RMSE, MAE, MAPE: 34660104.00, 34660104.00, 5826.82, 4425.06, 5.58%
Test - Best epoch, Loss, MSE, RMSE, MAE, MAPE: 92, 77710024.00, 77710024.00, 8813.66, 6443.59, 7.32%
- Epoch 094, ExpID 99307
Train - Loss: 27787635.60
Val - Loss, MSE, RMSE, MAE, MAPE: 35052884.00, 35052883.00, 5855.94, 4448.76, 5.60%
Test - Best epoch, Loss, MSE, RMSE, MAE, MAPE: 92, 77710024.00, 77710024.00, 8813.66, 6443.59, 7.32%
- Epoch 095, ExpID 99307
Train - Loss: 27514078.20
Val - Loss, MSE, RMSE, MAE, MAPE: 34903264.00, 34903265.00, 5843.37, 4432.43, 5.58%
Test - Best epoch, Loss, MSE, RMSE, MAE, MAPE: 92, 77710024.00, 77710024.00, 8813.66, 6443.59, 7.32%
- Epoch 096, ExpID 99307
Train - Loss: 27770275.10
Val - Loss, MSE, RMSE, MAE, MAPE: 34733916.00, 34733915.00, 5829.71, 4421.49, 5.56%
Test - Best epoch, Loss, MSE, RMSE, MAE, MAPE: 92, 77710024.00, 77710024.00, 8813.66, 6443.59, 7.32%
- Epoch 097, ExpID 99307
Train - Loss: 27430482.80
Val - Loss, MSE, RMSE, MAE, MAPE: 34805700.00, 34805699.00, 5834.80, 4436.50, 5.59%
Test - Best epoch, Loss, MSE, RMSE, MAE, MAPE: 92, 77710024.00, 77710024.00, 8813.66, 6443.59, 7.32%
- Epoch 098, ExpID 99307
Train - Loss: 27253702.00
Val - Loss, MSE, RMSE, MAE, MAPE: 34300280.00, 34300279.00, 5792.86, 4393.92, 5.53%
Test - Best epoch, Loss, MSE, RMSE, MAE, MAPE: 98, 79221552.00, 79221556.00, 8898.38, 6517.78, 7.39%
- Epoch 099, ExpID 99307
Train - Loss: 27314799.10
Val - Loss, MSE, RMSE, MAE, MAPE: 34648748.00, 34648748.00, 5819.52, 4420.20, 5.57%
Test - Best epoch, Loss, MSE, RMSE, MAE, MAPE: 98, 79221552.00, 79221556.00, 8898.38, 6517.78, 7.39%
- Epoch 100, ExpID 99307
Train - Loss: 27228087.10
Val - Loss, MSE, RMSE, MAE, MAPE: 34548304.00, 34548305.00, 5808.97, 4403.43, 5.53%
Test - Best epoch, Loss, MSE, RMSE, MAE, MAPE: 98, 79221552.00, 79221556.00, 8898.38, 6517.78, 7.39%
- Epoch 101, ExpID 99307
Train - Loss: 27187523.40
Val - Loss, MSE, RMSE, MAE, MAPE: 34366440.00, 34366440.00, 5797.90, 4399.90, 5.54%
Test - Best epoch, Loss, MSE, RMSE, MAE, MAPE: 98, 79221552.00, 79221556.00, 8898.38, 6517.78, 7.39%
- Epoch 102, ExpID 99307
Train - Loss: 27216214.50
Val - Loss, MSE, RMSE, MAE, MAPE: 34484672.00, 34484671.00, 5805.91, 4398.64, 5.53%
Test - Best epoch, Loss, MSE, RMSE, MAE, MAPE: 98, 79221552.00, 79221556.00, 8898.38, 6517.78, 7.39%
- Epoch 103, ExpID 99307
Train - Loss: 27288050.40
Val - Loss, MSE, RMSE, MAE, MAPE: 34659400.00, 34659398.00, 5823.49, 4427.52, 5.58%
Test - Best epoch, Loss, MSE, RMSE, MAE, MAPE: 98, 79221552.00, 79221556.00, 8898.38, 6517.78, 7.39%
- Epoch 104, ExpID 99307
Train - Loss: 27219912.50
Val - Loss, MSE, RMSE, MAE, MAPE: 34341368.00, 34341366.00, 5796.11, 4395.85, 5.53%
Test - Best epoch, Loss, MSE, RMSE, MAE, MAPE: 98, 79221552.00, 79221556.00, 8898.38, 6517.78, 7.39%
- Epoch 105, ExpID 99307
Train - Loss: 27019791.20
Val - Loss, MSE, RMSE, MAE, MAPE: 34105644.00, 34105644.00, 5773.92, 4381.79, 5.52%
Test - Best epoch, Loss, MSE, RMSE, MAE, MAPE: 105, 78717704.00, 78717704.00, 8870.97, 6504.08, 7.39%
- Epoch 106, ExpID 99307
Train - Loss: 27034371.70
Val - Loss, MSE, RMSE, MAE, MAPE: 34587200.00, 34587200.00, 5816.41, 4405.61, 5.54%
Test - Best epoch, Loss, MSE, RMSE, MAE, MAPE: 105, 78717704.00, 78717704.00, 8870.97, 6504.08, 7.39%
- Epoch 107, ExpID 99307
Train - Loss: 26948444.90
Val - Loss, MSE, RMSE, MAE, MAPE: 34371756.00, 34371755.00, 5799.90, 4404.92, 5.55%
Test - Best epoch, Loss, MSE, RMSE, MAE, MAPE: 105, 78717704.00, 78717704.00, 8870.97, 6504.08, 7.39%
- Epoch 108, ExpID 99307
Train - Loss: 27136096.80
Val - Loss, MSE, RMSE, MAE, MAPE: 34688856.00, 34688858.00, 5818.83, 4405.98, 5.53%
Test - Best epoch, Loss, MSE, RMSE, MAE, MAPE: 105, 78717704.00, 78717704.00, 8870.97, 6504.08, 7.39%
- Epoch 109, ExpID 99307
Train - Loss: 26958608.90
Val - Loss, MSE, RMSE, MAE, MAPE: 34040344.00, 34040346.00, 5767.83, 4374.71, 5.51%
Test - Best epoch, Loss, MSE, RMSE, MAE, MAPE: 109, 78299088.00, 78299092.00, 8847.52, 6472.30, 7.35%
- Epoch 110, ExpID 99307
Train - Loss: 26908353.20
Val - Loss, MSE, RMSE, MAE, MAPE: 34500952.00, 34500951.00, 5806.10, 4402.48, 5.53%
Test - Best epoch, Loss, MSE, RMSE, MAE, MAPE: 109, 78299088.00, 78299092.00, 8847.52, 6472.30, 7.35%
- Epoch 111, ExpID 99307
Train - Loss: 26719975.50
Val - Loss, MSE, RMSE, MAE, MAPE: 34317264.00, 34317263.00, 5794.97, 4394.93, 5.52%
Test - Best epoch, Loss, MSE, RMSE, MAE, MAPE: 109, 78299088.00, 78299092.00, 8847.52, 6472.30, 7.35%
- Epoch 112, ExpID 99307
Train - Loss: 26678935.40
Val - Loss, MSE, RMSE, MAE, MAPE: 34401780.00, 34401779.00, 5797.01, 4394.24, 5.52%
Test - Best epoch, Loss, MSE, RMSE, MAE, MAPE: 109, 78299088.00, 78299092.00, 8847.52, 6472.30, 7.35%
- Epoch 113, ExpID 99307
Train - Loss: 26747256.30
Val - Loss, MSE, RMSE, MAE, MAPE: 34559188.00, 34559189.00, 5816.90, 4406.91, 5.54%
Test - Best epoch, Loss, MSE, RMSE, MAE, MAPE: 109, 78299088.00, 78299092.00, 8847.52, 6472.30, 7.35%
- Epoch 114, ExpID 99307
Train - Loss: 26531304.60
Val - Loss, MSE, RMSE, MAE, MAPE: 34421236.00, 34421235.00, 5797.71, 4396.57, 5.52%
Test - Best epoch, Loss, MSE, RMSE, MAE, MAPE: 109, 78299088.00, 78299092.00, 8847.52, 6472.30, 7.35%
- Epoch 115, ExpID 99307
Train - Loss: 26613170.30
Val - Loss, MSE, RMSE, MAE, MAPE: 34180892.00, 34180892.00, 5780.66, 4378.04, 5.50%
Test - Best epoch, Loss, MSE, RMSE, MAE, MAPE: 109, 78299088.00, 78299092.00, 8847.52, 6472.30, 7.35%
- Epoch 116, ExpID 99307
Train - Loss: 26545792.30
Val - Loss, MSE, RMSE, MAE, MAPE: 34106260.00, 34106259.00, 5779.29, 4392.14, 5.54%
Test - Best epoch, Loss, MSE, RMSE, MAE, MAPE: 109, 78299088.00, 78299092.00, 8847.52, 6472.30, 7.35%
- Epoch 117, ExpID 99307
Train - Loss: 26586982.50
Val - Loss, MSE, RMSE, MAE, MAPE: 34301344.00, 34301343.00, 5783.76, 4380.06, 5.49%
Test - Best epoch, Loss, MSE, RMSE, MAE, MAPE: 109, 78299088.00, 78299092.00, 8847.52, 6472.30, 7.35%
- Epoch 118, ExpID 99307
Train - Loss: 26574703.20
Val - Loss, MSE, RMSE, MAE, MAPE: 34178992.00, 34178994.00, 5778.87, 4385.19, 5.51%
Test - Best epoch, Loss, MSE, RMSE, MAE, MAPE: 109, 78299088.00, 78299092.00, 8847.52, 6472.30, 7.35%
- Epoch 119, ExpID 99307
Train - Loss: 26548197.60
Val - Loss, MSE, RMSE, MAE, MAPE: 34331560.00, 34331558.00, 5798.18, 4403.83, 5.54%
Test - Best epoch, Loss, MSE, RMSE, MAE, MAPE: 109, 78299088.00, 78299092.00, 8847.52, 6472.30, 7.35%
Early Stopping at Epoch 119
Fold 2017 Best RMSE: 8847.5229

-------------------- [Fold: 2018] ExpID: 7514 --------------------
- Epoch 000, ExpID 7514
Train - Loss: 58820281.52
Val - Loss, MSE, RMSE, MAE, MAPE: 104864944.00, 104864944.00, 10213.69, 8116.94, 9.57%
Test - Best epoch, Loss, MSE, RMSE, MAE, MAPE: 0, 74411696.00, 74411692.00, 8615.69, 6882.31, 7.55%
- Epoch 001, ExpID 7514
Train - Loss: 50734309.71
Val - Loss, MSE, RMSE, MAE, MAPE: 91716480.00, 91716484.00, 9539.49, 7467.54, 8.77%
Test - Best epoch, Loss, MSE, RMSE, MAE, MAPE: 1, 63539352.00, 63539350.00, 7951.26, 6296.80, 6.91%
- Epoch 002, ExpID 7514
Train - Loss: 46567408.95
Val - Loss, MSE, RMSE, MAE, MAPE: 85854864.00, 85854860.00, 9224.27, 7137.44, 8.36%
Test - Best epoch, Loss, MSE, RMSE, MAE, MAPE: 2, 58991796.00, 58991796.00, 7654.95, 6025.96, 6.61%
- Epoch 003, ExpID 7514
Train - Loss: 44667695.05
Val - Loss, MSE, RMSE, MAE, MAPE: 83048840.00, 83048840.00, 9073.62, 6960.65, 8.14%
Test - Best epoch, Loss, MSE, RMSE, MAE, MAPE: 3, 56937680.00, 56937682.00, 7518.54, 5907.57, 6.47%
- Epoch 004, ExpID 7514
Train - Loss: 43282677.90
Val - Loss, MSE, RMSE, MAE, MAPE: 81345520.00, 81345518.00, 8983.69, 6853.72, 8.01%
Test - Best epoch, Loss, MSE, RMSE, MAE, MAPE: 4, 55786856.00, 55786854.00, 7442.59, 5849.90, 6.41%
- Epoch 005, ExpID 7514
Train - Loss: 42400099.43
Val - Loss, MSE, RMSE, MAE, MAPE: 79899752.00, 79899752.00, 8906.12, 6760.82, 7.89%
Test - Best epoch, Loss, MSE, RMSE, MAE, MAPE: 5, 54768136.00, 54768136.00, 7373.54, 5796.61, 6.35%
- Epoch 006, ExpID 7514
Train - Loss: 41569568.57
Val - Loss, MSE, RMSE, MAE, MAPE: 78558680.00, 78558682.00, 8834.48, 6670.73, 7.77%
Test - Best epoch, Loss, MSE, RMSE, MAE, MAPE: 6, 53947364.00, 53947364.00, 7317.79, 5751.02, 6.30%
- Epoch 007, ExpID 7514
Train - Loss: 40707599.43
Val - Loss, MSE, RMSE, MAE, MAPE: 76978536.00, 76978536.00, 8748.89, 6562.95, 7.63%
Test - Best epoch, Loss, MSE, RMSE, MAE, MAPE: 7, 52917760.00, 52917760.00, 7246.75, 5690.44, 6.23%
- Epoch 008, ExpID 7514
Train - Loss: 40020980.57
Val - Loss, MSE, RMSE, MAE, MAPE: 75429000.00, 75428998.00, 8665.91, 6448.61, 7.47%
Test - Best epoch, Loss, MSE, RMSE, MAE, MAPE: 8, 51979128.00, 51979130.00, 7183.08, 5642.91, 6.17%
- Epoch 009, ExpID 7514
Train - Loss: 39192902.86
Val - Loss, MSE, RMSE, MAE, MAPE: 73842000.00, 73842000.00, 8580.55, 6329.42, 7.30%
Test - Best epoch, Loss, MSE, RMSE, MAE, MAPE: 9, 50860048.00, 50860048.00, 7107.16, 5591.05, 6.11%
- Epoch 010, ExpID 7514
Train - Loss: 38304440.57
Val - Loss, MSE, RMSE, MAE, MAPE: 72424576.00, 72424580.00, 8503.13, 6215.87, 7.14%
Test - Best epoch, Loss, MSE, RMSE, MAE, MAPE: 10, 49820632.00, 49820632.00, 7036.75, 5546.76, 6.05%
- Epoch 011, ExpID 7514
Train - Loss: 37643131.62
Val - Loss, MSE, RMSE, MAE, MAPE: 71524888.00, 71524888.00, 8454.02, 6145.70, 7.04%
Test - Best epoch, Loss, MSE, RMSE, MAE, MAPE: 11, 49196688.00, 49196686.00, 6996.23, 5528.48, 6.02%
- Epoch 012, ExpID 7514
Train - Loss: 36900670.38
Val - Loss, MSE, RMSE, MAE, MAPE: 70757384.00, 70757384.00, 8410.04, 6107.83, 7.00%
Test - Best epoch, Loss, MSE, RMSE, MAE, MAPE: 12, 48744816.00, 48744816.00, 6966.07, 5514.89, 6.01%
- Epoch 013, ExpID 7514
Train - Loss: 36713052.00
Val - Loss, MSE, RMSE, MAE, MAPE: 70340368.00, 70340368.00, 8385.86, 6089.64, 6.98%
Test - Best epoch, Loss, MSE, RMSE, MAE, MAPE: 13, 48655968.00, 48655970.00, 6960.99, 5519.15, 6.02%
- Epoch 014, ExpID 7514
Train - Loss: 36125811.90
Val - Loss, MSE, RMSE, MAE, MAPE: 70285024.00, 70285024.00, 8383.06, 6094.12, 6.99%
Test - Best epoch, Loss, MSE, RMSE, MAE, MAPE: 14, 48797456.00, 48797458.00, 6972.96, 5535.99, 6.04%
- Epoch 015, ExpID 7514
Train - Loss: 35765238.76
Val - Loss, MSE, RMSE, MAE, MAPE: 70354744.00, 70354744.00, 8387.29, 6095.50, 6.99%
Test - Best epoch, Loss, MSE, RMSE, MAE, MAPE: 14, 48797456.00, 48797458.00, 6972.96, 5535.99, 6.04%
- Epoch 016, ExpID 7514
Train - Loss: 35538261.33
Val - Loss, MSE, RMSE, MAE, MAPE: 70240944.00, 70240948.00, 8380.37, 6097.10, 7.00%
Test - Best epoch, Loss, MSE, RMSE, MAE, MAPE: 16, 49014192.00, 49014190.00, 6988.97, 5557.85, 6.07%
- Epoch 017, ExpID 7514
Train - Loss: 35291139.62
Val - Loss, MSE, RMSE, MAE, MAPE: 70161392.00, 70161396.00, 8375.50, 6102.92, 7.02%
Test - Best epoch, Loss, MSE, RMSE, MAE, MAPE: 17, 49229936.00, 49229936.00, 7004.43, 5569.42, 6.09%
- Epoch 018, ExpID 7514
Train - Loss: 35053364.38
Val - Loss, MSE, RMSE, MAE, MAPE: 70362096.00, 70362096.00, 8387.34, 6116.86, 7.04%
Test - Best epoch, Loss, MSE, RMSE, MAE, MAPE: 17, 49229936.00, 49229936.00, 7004.43, 5569.42, 6.09%
- Epoch 019, ExpID 7514
Train - Loss: 34830918.29
Val - Loss, MSE, RMSE, MAE, MAPE: 70461360.00, 70461360.00, 8393.23, 6106.24, 7.02%
Test - Best epoch, Loss, MSE, RMSE, MAE, MAPE: 17, 49229936.00, 49229936.00, 7004.43, 5569.42, 6.09%
- Epoch 020, ExpID 7514
Train - Loss: 34554987.81
Val - Loss, MSE, RMSE, MAE, MAPE: 70471000.00, 70471000.00, 8393.59, 6108.92, 7.02%
Test - Best epoch, Loss, MSE, RMSE, MAE, MAPE: 17, 49229936.00, 49229936.00, 7004.43, 5569.42, 6.09%
- Epoch 021, ExpID 7514
Train - Loss: 34421026.00
Val - Loss, MSE, RMSE, MAE, MAPE: 70371824.00, 70371828.00, 8387.71, 6118.59, 7.04%
Test - Best epoch, Loss, MSE, RMSE, MAE, MAPE: 17, 49229936.00, 49229936.00, 7004.43, 5569.42, 6.09%
- Epoch 022, ExpID 7514
Train - Loss: 34228344.10
Val - Loss, MSE, RMSE, MAE, MAPE: 70908784.00, 70908784.00, 8419.78, 6133.28, 7.04%
Test - Best epoch, Loss, MSE, RMSE, MAE, MAPE: 17, 49229936.00, 49229936.00, 7004.43, 5569.42, 6.09%
- Epoch 023, ExpID 7514
Train - Loss: 34070611.52
Val - Loss, MSE, RMSE, MAE, MAPE: 71309536.00, 71309536.00, 8443.67, 6153.82, 7.06%
Test - Best epoch, Loss, MSE, RMSE, MAE, MAPE: 17, 49229936.00, 49229936.00, 7004.43, 5569.42, 6.09%
- Epoch 024, ExpID 7514
Train - Loss: 33922830.95
Val - Loss, MSE, RMSE, MAE, MAPE: 71220784.00, 71220788.00, 8438.49, 6154.69, 7.06%
Test - Best epoch, Loss, MSE, RMSE, MAE, MAPE: 17, 49229936.00, 49229936.00, 7004.43, 5569.42, 6.09%
- Epoch 025, ExpID 7514
Train - Loss: 33446311.24
Val - Loss, MSE, RMSE, MAE, MAPE: 71999984.00, 71999980.00, 8484.58, 6201.71, 7.11%
Test - Best epoch, Loss, MSE, RMSE, MAE, MAPE: 17, 49229936.00, 49229936.00, 7004.43, 5569.42, 6.09%
- Epoch 026, ExpID 7514
Train - Loss: 33415738.00
Val - Loss, MSE, RMSE, MAE, MAPE: 72308032.00, 72308028.00, 8502.60, 6216.31, 7.13%
Test - Best epoch, Loss, MSE, RMSE, MAE, MAPE: 17, 49229936.00, 49229936.00, 7004.43, 5569.42, 6.09%
- Epoch 027, ExpID 7514
Train - Loss: 33330436.48
Val - Loss, MSE, RMSE, MAE, MAPE: 72423840.00, 72423836.00, 8509.76, 6223.86, 7.13%
Test - Best epoch, Loss, MSE, RMSE, MAE, MAPE: 17, 49229936.00, 49229936.00, 7004.43, 5569.42, 6.09%
Early Stopping at Epoch 27
Fold 2018 Best RMSE: 7004.4255

-------------------- [Fold: 2019] ExpID: 9620 --------------------
- Epoch 000, ExpID 9620
Train - Loss: 63992672.00
Val - Loss, MSE, RMSE, MAE, MAPE: 73220888.00, 73220888.00, 8538.20, 6816.17, 7.46%
Test - Best epoch, Loss, MSE, RMSE, MAE, MAPE: 0, 85656496.00, 85656492.00, 9234.97, 7409.50, 7.94%
- Epoch 001, ExpID 9620
Train - Loss: 54993365.04
Val - Loss, MSE, RMSE, MAE, MAPE: 63337640.00, 63337642.00, 7931.62, 6284.14, 6.88%
Test - Best epoch, Loss, MSE, RMSE, MAE, MAPE: 1, 69722128.00, 69722132.00, 8301.55, 6652.27, 7.12%
- Epoch 002, ExpID 9620
Train - Loss: 50505769.91
Val - Loss, MSE, RMSE, MAE, MAPE: 58814700.00, 58814700.00, 7637.17, 6013.78, 6.58%
Test - Best epoch, Loss, MSE, RMSE, MAE, MAPE: 2, 62422168.00, 62422168.00, 7824.85, 6261.20, 6.70%
- Epoch 003, ExpID 9620
Train - Loss: 48219305.74
Val - Loss, MSE, RMSE, MAE, MAPE: 56453360.00, 56453362.00, 7480.07, 5878.86, 6.43%
Test - Best epoch, Loss, MSE, RMSE, MAE, MAPE: 3, 58452376.00, 58452374.00, 7547.23, 6026.91, 6.44%
- Epoch 004, ExpID 9620
Train - Loss: 46709297.22
Val - Loss, MSE, RMSE, MAE, MAPE: 55003448.00, 55003448.00, 7383.19, 5802.40, 6.35%
Test - Best epoch, Loss, MSE, RMSE, MAE, MAPE: 4, 56512612.00, 56512612.00, 7413.80, 5914.51, 6.33%
- Epoch 005, ExpID 9620
Train - Loss: 45305195.13
Val - Loss, MSE, RMSE, MAE, MAPE: 53599560.00, 53599562.00, 7289.07, 5728.07, 6.26%
Test - Best epoch, Loss, MSE, RMSE, MAE, MAPE: 5, 54496920.00, 54496922.00, 7268.64, 5783.18, 6.19%
- Epoch 006, ExpID 9620
Train - Loss: 44055558.61
Val - Loss, MSE, RMSE, MAE, MAPE: 52288888.00, 52288888.00, 7200.16, 5655.85, 6.18%
Test - Best epoch, Loss, MSE, RMSE, MAE, MAPE: 6, 52503136.00, 52503138.00, 7123.71, 5648.31, 6.04%
- Epoch 007, ExpID 9620
Train - Loss: 42935016.00
Val - Loss, MSE, RMSE, MAE, MAPE: 50942928.00, 50942926.00, 7109.55, 5585.54, 6.10%
Test - Best epoch, Loss, MSE, RMSE, MAE, MAPE: 7, 50758264.00, 50758265.00, 6994.98, 5518.32, 5.91%
- Epoch 008, ExpID 9620
Train - Loss: 41482637.57
Val - Loss, MSE, RMSE, MAE, MAPE: 49922832.00, 49922832.00, 7043.08, 5544.44, 6.04%
Test - Best epoch, Loss, MSE, RMSE, MAE, MAPE: 8, 49196724.00, 49196725.00, 6874.52, 5393.74, 5.78%
- Epoch 009, ExpID 9620
Train - Loss: 40721704.52
Val - Loss, MSE, RMSE, MAE, MAPE: 49300008.00, 49300010.00, 7003.32, 5523.94, 6.02%
Test - Best epoch, Loss, MSE, RMSE, MAE, MAPE: 9, 48253320.00, 48253321.00, 6796.41, 5306.61, 5.69%
- Epoch 010, ExpID 9620
Train - Loss: 39778883.74
Val - Loss, MSE, RMSE, MAE, MAPE: 48731184.00, 48731186.00, 6964.21, 5499.56, 6.00%
Test - Best epoch, Loss, MSE, RMSE, MAE, MAPE: 10, 48031216.00, 48031218.00, 6780.59, 5284.04, 5.67%
- Epoch 011, ExpID 9620
Train - Loss: 39674333.57
Val - Loss, MSE, RMSE, MAE, MAPE: 48447044.00, 48447044.00, 6945.61, 5495.05, 5.99%
Test - Best epoch, Loss, MSE, RMSE, MAE, MAPE: 11, 47378272.00, 47378272.00, 6727.74, 5234.23, 5.62%
- Epoch 012, ExpID 9620
Train - Loss: 38902170.09
Val - Loss, MSE, RMSE, MAE, MAPE: 48384640.00, 48384642.00, 6941.05, 5493.25, 6.00%
Test - Best epoch, Loss, MSE, RMSE, MAE, MAPE: 12, 47754364.00, 47754363.00, 6759.66, 5262.48, 5.66%
- Epoch 013, ExpID 9620
Train - Loss: 38739826.96
Val - Loss, MSE, RMSE, MAE, MAPE: 48001596.00, 48001596.00, 6913.10, 5470.98, 5.98%
Test - Best epoch, Loss, MSE, RMSE, MAE, MAPE: 13, 47728568.00, 47728569.00, 6760.40, 5264.15, 5.66%
- Epoch 014, ExpID 9620
Train - Loss: 38455314.09
Val - Loss, MSE, RMSE, MAE, MAPE: 48125124.00, 48125124.00, 6922.86, 5481.67, 5.99%
Test - Best epoch, Loss, MSE, RMSE, MAE, MAPE: 13, 47728568.00, 47728569.00, 6760.40, 5264.15, 5.66%
- Epoch 015, ExpID 9620
Train - Loss: 38128605.57
Val - Loss, MSE, RMSE, MAE, MAPE: 48079240.00, 48079242.00, 6919.63, 5483.56, 5.99%
Test - Best epoch, Loss, MSE, RMSE, MAE, MAPE: 13, 47728568.00, 47728569.00, 6760.40, 5264.15, 5.66%
- Epoch 016, ExpID 9620
Train - Loss: 38304015.65
Val - Loss, MSE, RMSE, MAE, MAPE: 48044088.00, 48044090.00, 6918.04, 5485.50, 5.99%
Test - Best epoch, Loss, MSE, RMSE, MAE, MAPE: 13, 47728568.00, 47728569.00, 6760.40, 5264.15, 5.66%
- Epoch 017, ExpID 9620
Train - Loss: 37902271.83
Val - Loss, MSE, RMSE, MAE, MAPE: 48012792.00, 48012790.00, 6915.56, 5484.93, 5.99%
Test - Best epoch, Loss, MSE, RMSE, MAE, MAPE: 13, 47728568.00, 47728569.00, 6760.40, 5264.15, 5.66%
- Epoch 018, ExpID 9620
Train - Loss: 37600209.04
Val - Loss, MSE, RMSE, MAE, MAPE: 48063264.00, 48063266.00, 6918.99, 5484.89, 5.99%
Test - Best epoch, Loss, MSE, RMSE, MAE, MAPE: 13, 47728568.00, 47728569.00, 6760.40, 5264.15, 5.66%
- Epoch 019, ExpID 9620
Train - Loss: 37264982.26
Val - Loss, MSE, RMSE, MAE, MAPE: 48049044.00, 48049044.00, 6918.05, 5482.48, 5.99%
Test - Best epoch, Loss, MSE, RMSE, MAE, MAPE: 13, 47728568.00, 47728569.00, 6760.40, 5264.15, 5.66%
- Epoch 020, ExpID 9620
Train - Loss: 37358775.13
Val - Loss, MSE, RMSE, MAE, MAPE: 48036160.00, 48036162.00, 6916.57, 5484.49, 5.99%
Test - Best epoch, Loss, MSE, RMSE, MAE, MAPE: 13, 47728568.00, 47728569.00, 6760.40, 5264.15, 5.66%
- Epoch 021, ExpID 9620
Train - Loss: 36983019.48
Val - Loss, MSE, RMSE, MAE, MAPE: 48318296.00, 48318298.00, 6937.74, 5502.85, 6.01%
Test - Best epoch, Loss, MSE, RMSE, MAE, MAPE: 13, 47728568.00, 47728569.00, 6760.40, 5264.15, 5.66%
- Epoch 022, ExpID 9620
Train - Loss: 36781874.96
Val - Loss, MSE, RMSE, MAE, MAPE: 48290768.00, 48290770.00, 6935.19, 5495.82, 6.00%
Test - Best epoch, Loss, MSE, RMSE, MAE, MAPE: 13, 47728568.00, 47728569.00, 6760.40, 5264.15, 5.66%
- Epoch 023, ExpID 9620
Train - Loss: 36594254.61
Val - Loss, MSE, RMSE, MAE, MAPE: 48497620.00, 48497620.00, 6949.22, 5510.89, 6.02%
Test - Best epoch, Loss, MSE, RMSE, MAE, MAPE: 13, 47728568.00, 47728569.00, 6760.40, 5264.15, 5.66%
Early Stopping at Epoch 23
Fold 2019 Best RMSE: 6760.3955
