DETAILED LOG | Model: patchtst | Seed: 1
FULL CONFIG: {'gpu': '6', 'target': 'arrival', 'cv_start_year': 2017, 'cv_end_year': 2019, 'test_year': 2024, 'use_corona': False, 'seq_len': 56, 'label_len': 0, 'pred_len': 56, 'batch_size': 256, 'epochs': 1000, 'patience': 10, 'lr': 1e-05, 'model': 'patchtst', 'd_model': 512, 'n_heads': 8, 'n_layers': 6, 'dropout': 0.1, 'activation': 'gelu', 'patch_len': 14, 'factor': 5, 'norm_mode': 'revin', 'use_covar': False, 'use_dbloss': False, 'device': device(type='cuda'), 'stride': 7, 'file_path': 'dataset/airport_flight_with_holiday.csv', 'seed': 1, 'val_year': 2019, 'ndims': 1}

-------------------- [Fold: 2017] ExpID: 17048 --------------------
- Epoch 000, ExpID 17048
Train - Loss: 51741694.00
Val - Loss, MSE, RMSE, MAE, MAPE: 67280264.00, 67280262.00, 8121.08, 6626.89, 8.49%
Test - Best epoch, Loss, MSE, RMSE, MAE, MAPE: 0, 94538584.00, 94538584.00, 9685.77, 7643.70, 8.95%
- Epoch 001, ExpID 17048
Train - Loss: 43846122.20
Val - Loss, MSE, RMSE, MAE, MAPE: 57060248.00, 57060248.00, 7413.56, 5963.37, 7.60%
Test - Best epoch, Loss, MSE, RMSE, MAE, MAPE: 1, 86353488.00, 86353484.00, 9255.87, 7116.74, 8.28%
- Epoch 002, ExpID 17048
Train - Loss: 40933917.20
Val - Loss, MSE, RMSE, MAE, MAPE: 52812120.00, 52812122.00, 7111.29, 5678.53, 7.22%
Test - Best epoch, Loss, MSE, RMSE, MAE, MAPE: 2, 83680544.00, 83680548.00, 9121.71, 6929.27, 8.03%
- Epoch 003, ExpID 17048
Train - Loss: 39038135.60
Val - Loss, MSE, RMSE, MAE, MAPE: 50302468.00, 50302467.00, 6939.03, 5518.19, 7.01%
Test - Best epoch, Loss, MSE, RMSE, MAE, MAPE: 3, 82208144.00, 82208144.00, 9049.49, 6836.12, 7.90%
- Epoch 004, ExpID 17048
Train - Loss: 38027258.80
Val - Loss, MSE, RMSE, MAE, MAPE: 48446064.00, 48446062.00, 6812.81, 5396.95, 6.86%
Test - Best epoch, Loss, MSE, RMSE, MAE, MAPE: 4, 80959392.00, 80959396.00, 8985.62, 6754.32, 7.80%
- Epoch 005, ExpID 17048
Train - Loss: 37048282.60
Val - Loss, MSE, RMSE, MAE, MAPE: 46879708.00, 46879707.00, 6701.79, 5291.40, 6.72%
Test - Best epoch, Loss, MSE, RMSE, MAE, MAPE: 5, 80278128.00, 80278124.00, 8952.16, 6705.65, 7.73%
- Epoch 006, ExpID 17048
Train - Loss: 36460430.10
Val - Loss, MSE, RMSE, MAE, MAPE: 45671684.00, 45671684.00, 6614.72, 5194.87, 6.59%
Test - Best epoch, Loss, MSE, RMSE, MAE, MAPE: 6, 80072192.00, 80072196.00, 8943.71, 6684.62, 7.69%
- Epoch 007, ExpID 17048
Train - Loss: 36232034.60
Val - Loss, MSE, RMSE, MAE, MAPE: 44768148.00, 44768148.00, 6554.11, 5142.91, 6.53%
Test - Best epoch, Loss, MSE, RMSE, MAE, MAPE: 7, 79555704.00, 79555704.00, 8916.38, 6654.68, 7.66%
- Epoch 008, ExpID 17048
Train - Loss: 35734193.10
Val - Loss, MSE, RMSE, MAE, MAPE: 44238608.00, 44238608.00, 6519.36, 5105.82, 6.49%
Test - Best epoch, Loss, MSE, RMSE, MAE, MAPE: 8, 79676968.00, 79676968.00, 8924.52, 6654.42, 7.65%
- Epoch 009, ExpID 17048
Train - Loss: 35562446.80
Val - Loss, MSE, RMSE, MAE, MAPE: 43580344.00, 43580344.00, 6468.04, 5050.63, 6.41%
Test - Best epoch, Loss, MSE, RMSE, MAE, MAPE: 9, 79911920.00, 79911920.00, 8938.53, 6662.75, 7.66%
- Epoch 010, ExpID 17048
Train - Loss: 35222304.80
Val - Loss, MSE, RMSE, MAE, MAPE: 43052644.00, 43052645.00, 6429.63, 5022.45, 6.38%
Test - Best epoch, Loss, MSE, RMSE, MAE, MAPE: 10, 79713248.00, 79713248.00, 8927.64, 6659.67, 7.65%
- Epoch 011, ExpID 17048
Train - Loss: 34954932.70
Val - Loss, MSE, RMSE, MAE, MAPE: 42894436.00, 42894436.00, 6419.05, 5007.78, 6.36%
Test - Best epoch, Loss, MSE, RMSE, MAE, MAPE: 11, 80161472.00, 80161476.00, 8952.97, 6684.11, 7.68%
- Epoch 012, ExpID 17048
Train - Loss: 34740678.50
Val - Loss, MSE, RMSE, MAE, MAPE: 42381892.00, 42381893.00, 6380.45, 4971.60, 6.32%
Test - Best epoch, Loss, MSE, RMSE, MAE, MAPE: 12, 80345976.00, 80345976.00, 8963.51, 6691.03, 7.68%
- Epoch 013, ExpID 17048
Train - Loss: 34592184.50
Val - Loss, MSE, RMSE, MAE, MAPE: 42250856.00, 42250855.00, 6371.91, 4957.86, 6.30%
Test - Best epoch, Loss, MSE, RMSE, MAE, MAPE: 13, 80720992.00, 80720996.00, 8984.47, 6708.31, 7.70%
- Epoch 014, ExpID 17048
Train - Loss: 34326291.50
Val - Loss, MSE, RMSE, MAE, MAPE: 42002452.00, 42002452.00, 6357.26, 4956.20, 6.31%
Test - Best epoch, Loss, MSE, RMSE, MAE, MAPE: 14, 80457120.00, 80457120.00, 8969.76, 6711.67, 7.71%
- Epoch 015, ExpID 17048
Train - Loss: 34029525.40
Val - Loss, MSE, RMSE, MAE, MAPE: 41701608.00, 41701607.00, 6334.74, 4930.55, 6.27%
Test - Best epoch, Loss, MSE, RMSE, MAE, MAPE: 15, 80603408.00, 80603404.00, 8977.94, 6712.64, 7.71%
- Epoch 016, ExpID 17048
Train - Loss: 34171936.70
Val - Loss, MSE, RMSE, MAE, MAPE: 41421456.00, 41421456.00, 6311.80, 4909.38, 6.24%
Test - Best epoch, Loss, MSE, RMSE, MAE, MAPE: 16, 80806088.00, 80806088.00, 8989.21, 6724.89, 7.72%
- Epoch 017, ExpID 17048
Train - Loss: 33917448.70
Val - Loss, MSE, RMSE, MAE, MAPE: 41078148.00, 41078149.00, 6283.94, 4882.26, 6.21%
Test - Best epoch, Loss, MSE, RMSE, MAE, MAPE: 17, 81176480.00, 81176476.00, 9009.72, 6744.05, 7.74%
- Epoch 018, ExpID 17048
Train - Loss: 33696677.60
Val - Loss, MSE, RMSE, MAE, MAPE: 40900640.00, 40900641.00, 6271.76, 4870.63, 6.19%
Test - Best epoch, Loss, MSE, RMSE, MAE, MAPE: 18, 81458656.00, 81458656.00, 9025.31, 6759.99, 7.76%
- Epoch 019, ExpID 17048
Train - Loss: 33580894.90
Val - Loss, MSE, RMSE, MAE, MAPE: 40794096.00, 40794097.00, 6265.24, 4868.16, 6.19%
Test - Best epoch, Loss, MSE, RMSE, MAE, MAPE: 19, 81566272.00, 81566268.00, 9031.23, 6771.68, 7.77%
- Epoch 020, ExpID 17048
Train - Loss: 33523281.70
Val - Loss, MSE, RMSE, MAE, MAPE: 40508812.00, 40508812.00, 6244.18, 4846.55, 6.16%
Test - Best epoch, Loss, MSE, RMSE, MAE, MAPE: 20, 81857200.00, 81857196.00, 9047.15, 6785.04, 7.79%
- Epoch 021, ExpID 17048
Train - Loss: 33254306.40
Val - Loss, MSE, RMSE, MAE, MAPE: 40270144.00, 40270144.00, 6223.39, 4825.33, 6.13%
Test - Best epoch, Loss, MSE, RMSE, MAE, MAPE: 21, 82698096.00, 82698100.00, 9093.17, 6829.13, 7.83%
- Epoch 022, ExpID 17048
Train - Loss: 33244989.60
Val - Loss, MSE, RMSE, MAE, MAPE: 40395320.00, 40395321.00, 6239.87, 4840.11, 6.15%
Test - Best epoch, Loss, MSE, RMSE, MAE, MAPE: 21, 82698096.00, 82698100.00, 9093.17, 6829.13, 7.83%
- Epoch 023, ExpID 17048
Train - Loss: 33109945.60
Val - Loss, MSE, RMSE, MAE, MAPE: 40040880.00, 40040879.00, 6210.44, 4822.47, 6.14%
Test - Best epoch, Loss, MSE, RMSE, MAE, MAPE: 23, 82590424.00, 82590424.00, 9087.37, 6841.42, 7.85%
- Epoch 024, ExpID 17048
Train - Loss: 32832695.80
Val - Loss, MSE, RMSE, MAE, MAPE: 39785228.00, 39785227.00, 6189.70, 4796.12, 6.10%
Test - Best epoch, Loss, MSE, RMSE, MAE, MAPE: 24, 83284224.00, 83284220.00, 9125.04, 6869.41, 7.88%
- Epoch 025, ExpID 17048
Train - Loss: 32791015.20
Val - Loss, MSE, RMSE, MAE, MAPE: 39649064.00, 39649066.00, 6177.75, 4784.62, 6.08%
Test - Best epoch, Loss, MSE, RMSE, MAE, MAPE: 25, 83756224.00, 83756228.00, 9150.46, 6898.28, 7.91%
- Epoch 026, ExpID 17048
Train - Loss: 32692043.80
Val - Loss, MSE, RMSE, MAE, MAPE: 39566648.00, 39566648.00, 6169.69, 4781.34, 6.08%
Test - Best epoch, Loss, MSE, RMSE, MAE, MAPE: 26, 83773808.00, 83773804.00, 9151.59, 6912.07, 7.93%
- Epoch 027, ExpID 17048
Train - Loss: 32527824.80
Val - Loss, MSE, RMSE, MAE, MAPE: 39443240.00, 39443239.00, 6159.15, 4770.33, 6.06%
Test - Best epoch, Loss, MSE, RMSE, MAE, MAPE: 27, 85027464.00, 85027464.00, 9219.20, 6974.19, 7.99%
- Epoch 028, ExpID 17048
Train - Loss: 32377322.40
Val - Loss, MSE, RMSE, MAE, MAPE: 39268028.00, 39268027.00, 6148.87, 4764.86, 6.05%
Test - Best epoch, Loss, MSE, RMSE, MAE, MAPE: 28, 84809528.00, 84809528.00, 9207.23, 6968.09, 7.99%
- Epoch 029, ExpID 17048
Train - Loss: 32300571.60
Val - Loss, MSE, RMSE, MAE, MAPE: 39072452.00, 39072451.00, 6131.37, 4741.05, 6.02%
Test - Best epoch, Loss, MSE, RMSE, MAE, MAPE: 29, 85782320.00, 85782316.00, 9258.64, 7007.94, 8.03%
- Epoch 030, ExpID 17048
Train - Loss: 32054634.00
Val - Loss, MSE, RMSE, MAE, MAPE: 39056160.00, 39056158.00, 6138.08, 4762.55, 6.06%
Test - Best epoch, Loss, MSE, RMSE, MAE, MAPE: 30, 85128224.00, 85128228.00, 9224.11, 6996.55, 8.03%
- Epoch 031, ExpID 17048
Train - Loss: 32147389.90
Val - Loss, MSE, RMSE, MAE, MAPE: 38676008.00, 38676009.00, 6101.57, 4725.53, 6.00%
Test - Best epoch, Loss, MSE, RMSE, MAE, MAPE: 31, 85904368.00, 85904368.00, 9264.83, 7026.15, 8.05%
- Epoch 032, ExpID 17048
Train - Loss: 31864228.10
Val - Loss, MSE, RMSE, MAE, MAPE: 38977312.00, 38977311.00, 6129.20, 4750.13, 6.03%
Test - Best epoch, Loss, MSE, RMSE, MAE, MAPE: 31, 85904368.00, 85904368.00, 9264.83, 7026.15, 8.05%
- Epoch 033, ExpID 17048
Train - Loss: 31945472.00
Val - Loss, MSE, RMSE, MAE, MAPE: 38723064.00, 38723063.00, 6107.53, 4729.84, 6.00%
Test - Best epoch, Loss, MSE, RMSE, MAE, MAPE: 31, 85904368.00, 85904368.00, 9264.83, 7026.15, 8.05%
- Epoch 034, ExpID 17048
Train - Loss: 31619261.30
Val - Loss, MSE, RMSE, MAE, MAPE: 39020988.00, 39020989.00, 6132.13, 4760.98, 6.04%
Test - Best epoch, Loss, MSE, RMSE, MAE, MAPE: 31, 85904368.00, 85904368.00, 9264.83, 7026.15, 8.05%
- Epoch 035, ExpID 17048
Train - Loss: 31629904.10
Val - Loss, MSE, RMSE, MAE, MAPE: 38485336.00, 38485336.00, 6088.94, 4721.48, 5.99%
Test - Best epoch, Loss, MSE, RMSE, MAE, MAPE: 35, 87178760.00, 87178760.00, 9332.48, 7107.67, 8.15%
- Epoch 036, ExpID 17048
Train - Loss: 31566399.40
Val - Loss, MSE, RMSE, MAE, MAPE: 38520416.00, 38520417.00, 6094.14, 4723.01, 6.00%
Test - Best epoch, Loss, MSE, RMSE, MAE, MAPE: 35, 87178760.00, 87178760.00, 9332.48, 7107.67, 8.15%
- Epoch 037, ExpID 17048
Train - Loss: 31280298.30
Val - Loss, MSE, RMSE, MAE, MAPE: 38734648.00, 38734648.00, 6110.41, 4735.44, 6.01%
Test - Best epoch, Loss, MSE, RMSE, MAE, MAPE: 35, 87178760.00, 87178760.00, 9332.48, 7107.67, 8.15%
- Epoch 038, ExpID 17048
Train - Loss: 31230030.70
Val - Loss, MSE, RMSE, MAE, MAPE: 38318720.00, 38318721.00, 6078.00, 4708.19, 5.97%
Test - Best epoch, Loss, MSE, RMSE, MAE, MAPE: 38, 88439872.00, 88439868.00, 9398.03, 7168.03, 8.22%
- Epoch 039, ExpID 17048
Train - Loss: 31295930.10
Val - Loss, MSE, RMSE, MAE, MAPE: 38330488.00, 38330488.00, 6076.17, 4707.33, 5.97%
Test - Best epoch, Loss, MSE, RMSE, MAE, MAPE: 38, 88439872.00, 88439868.00, 9398.03, 7168.03, 8.22%
- Epoch 040, ExpID 17048
Train - Loss: 31131554.10
Val - Loss, MSE, RMSE, MAE, MAPE: 38404504.00, 38404505.00, 6082.67, 4707.28, 5.96%
Test - Best epoch, Loss, MSE, RMSE, MAE, MAPE: 38, 88439872.00, 88439868.00, 9398.03, 7168.03, 8.22%
- Epoch 041, ExpID 17048
Train - Loss: 31151616.70
Val - Loss, MSE, RMSE, MAE, MAPE: 38206088.00, 38206086.00, 6072.18, 4710.58, 5.98%
Test - Best epoch, Loss, MSE, RMSE, MAE, MAPE: 41, 88656064.00, 88656060.00, 9410.22, 7196.82, 8.26%
- Epoch 042, ExpID 17048
Train - Loss: 30877407.90
Val - Loss, MSE, RMSE, MAE, MAPE: 38571636.00, 38571636.00, 6097.18, 4723.75, 5.98%
Test - Best epoch, Loss, MSE, RMSE, MAE, MAPE: 41, 88656064.00, 88656060.00, 9410.22, 7196.82, 8.26%
- Epoch 043, ExpID 17048
Train - Loss: 30641128.70
Val - Loss, MSE, RMSE, MAE, MAPE: 38800500.00, 38800501.00, 6116.12, 4737.49, 5.99%
Test - Best epoch, Loss, MSE, RMSE, MAE, MAPE: 41, 88656064.00, 88656060.00, 9410.22, 7196.82, 8.26%
- Epoch 044, ExpID 17048
Train - Loss: 30803308.70
Val - Loss, MSE, RMSE, MAE, MAPE: 38460012.00, 38460011.00, 6091.33, 4716.86, 5.98%
Test - Best epoch, Loss, MSE, RMSE, MAE, MAPE: 41, 88656064.00, 88656060.00, 9410.22, 7196.82, 8.26%
- Epoch 045, ExpID 17048
Train - Loss: 30541883.40
Val - Loss, MSE, RMSE, MAE, MAPE: 38424060.00, 38424061.00, 6088.66, 4716.92, 5.97%
Test - Best epoch, Loss, MSE, RMSE, MAE, MAPE: 41, 88656064.00, 88656060.00, 9410.22, 7196.82, 8.26%
- Epoch 046, ExpID 17048
Train - Loss: 30434855.20
Val - Loss, MSE, RMSE, MAE, MAPE: 38244136.00, 38244136.00, 6068.82, 4701.44, 5.95%
Test - Best epoch, Loss, MSE, RMSE, MAE, MAPE: 41, 88656064.00, 88656060.00, 9410.22, 7196.82, 8.26%
- Epoch 047, ExpID 17048
Train - Loss: 30498262.10
Val - Loss, MSE, RMSE, MAE, MAPE: 38731536.00, 38731537.00, 6115.34, 4743.17, 6.00%
Test - Best epoch, Loss, MSE, RMSE, MAE, MAPE: 41, 88656064.00, 88656060.00, 9410.22, 7196.82, 8.26%
- Epoch 048, ExpID 17048
Train - Loss: 30201608.80
Val - Loss, MSE, RMSE, MAE, MAPE: 38417432.00, 38417434.00, 6092.96, 4724.79, 5.98%
Test - Best epoch, Loss, MSE, RMSE, MAE, MAPE: 41, 88656064.00, 88656060.00, 9410.22, 7196.82, 8.26%
- Epoch 049, ExpID 17048
Train - Loss: 30334909.90
Val - Loss, MSE, RMSE, MAE, MAPE: 38529216.00, 38529216.00, 6091.53, 4707.79, 5.94%
Test - Best epoch, Loss, MSE, RMSE, MAE, MAPE: 41, 88656064.00, 88656060.00, 9410.22, 7196.82, 8.26%
- Epoch 050, ExpID 17048
Train - Loss: 29965375.80
Val - Loss, MSE, RMSE, MAE, MAPE: 38449128.00, 38449128.00, 6095.46, 4721.58, 5.97%
Test - Best epoch, Loss, MSE, RMSE, MAE, MAPE: 41, 88656064.00, 88656060.00, 9410.22, 7196.82, 8.26%
- Epoch 051, ExpID 17048
Train - Loss: 29881675.50
Val - Loss, MSE, RMSE, MAE, MAPE: 38348496.00, 38348495.00, 6083.36, 4711.78, 5.95%
Test - Best epoch, Loss, MSE, RMSE, MAE, MAPE: 41, 88656064.00, 88656060.00, 9410.22, 7196.82, 8.26%
Early Stopping at Epoch 51
Fold 2017 Best RMSE: 9410.2236

-------------------- [Fold: 2018] ExpID: 95062 --------------------
- Epoch 000, ExpID 95062
Train - Loss: 54489428.76
Val - Loss, MSE, RMSE, MAE, MAPE: 92827048.00, 92827048.00, 9600.63, 7502.39, 8.79%
Test - Best epoch, Loss, MSE, RMSE, MAE, MAPE: 0, 62035252.00, 62035252.00, 7847.11, 6248.70, 6.82%
- Epoch 001, ExpID 95062
Train - Loss: 45830347.62
Val - Loss, MSE, RMSE, MAE, MAPE: 85835824.00, 85835828.00, 9235.69, 7013.43, 8.15%
Test - Best epoch, Loss, MSE, RMSE, MAE, MAPE: 1, 56468016.00, 56468014.00, 7475.66, 5890.85, 6.40%
- Epoch 002, ExpID 95062
Train - Loss: 42836410.67
Val - Loss, MSE, RMSE, MAE, MAPE: 83648168.00, 83648168.00, 9128.38, 6858.19, 7.93%
Test - Best epoch, Loss, MSE, RMSE, MAE, MAPE: 2, 55018860.00, 55018860.00, 7383.74, 5822.45, 6.32%
- Epoch 003, ExpID 95062
Train - Loss: 40991118.67
Val - Loss, MSE, RMSE, MAE, MAPE: 81780480.00, 81780480.00, 9032.06, 6744.72, 7.78%
Test - Best epoch, Loss, MSE, RMSE, MAE, MAPE: 3, 53804840.00, 53804838.00, 7302.38, 5756.30, 6.24%
- Epoch 004, ExpID 95062
Train - Loss: 39520394.86
Val - Loss, MSE, RMSE, MAE, MAPE: 80700496.00, 80700500.00, 8976.85, 6676.70, 7.68%
Test - Best epoch, Loss, MSE, RMSE, MAE, MAPE: 4, 52964636.00, 52964636.00, 7244.99, 5704.95, 6.18%
- Epoch 005, ExpID 95062
Train - Loss: 38588608.57
Val - Loss, MSE, RMSE, MAE, MAPE: 80262720.00, 80262716.00, 8955.83, 6643.09, 7.62%
Test - Best epoch, Loss, MSE, RMSE, MAE, MAPE: 5, 52600748.00, 52600748.00, 7221.69, 5685.68, 6.15%
- Epoch 006, ExpID 95062
Train - Loss: 37831184.57
Val - Loss, MSE, RMSE, MAE, MAPE: 80065704.00, 80065704.00, 8946.69, 6626.43, 7.59%
Test - Best epoch, Loss, MSE, RMSE, MAE, MAPE: 6, 52248820.00, 52248820.00, 7197.18, 5663.18, 6.12%
- Epoch 007, ExpID 95062
Train - Loss: 37365263.43
Val - Loss, MSE, RMSE, MAE, MAPE: 79952864.00, 79952864.00, 8941.14, 6630.54, 7.60%
Test - Best epoch, Loss, MSE, RMSE, MAE, MAPE: 7, 51863252.00, 51863252.00, 7169.01, 5639.32, 6.10%
- Epoch 008, ExpID 95062
Train - Loss: 37017905.62
Val - Loss, MSE, RMSE, MAE, MAPE: 80196480.00, 80196484.00, 8955.07, 6652.25, 7.62%
Test - Best epoch, Loss, MSE, RMSE, MAE, MAPE: 7, 51863252.00, 51863252.00, 7169.01, 5639.32, 6.10%
- Epoch 009, ExpID 95062
Train - Loss: 36593369.52
Val - Loss, MSE, RMSE, MAE, MAPE: 80578872.00, 80578872.00, 8976.57, 6677.32, 7.65%
Test - Best epoch, Loss, MSE, RMSE, MAE, MAPE: 7, 51863252.00, 51863252.00, 7169.01, 5639.32, 6.10%
- Epoch 010, ExpID 95062
Train - Loss: 36382636.57
Val - Loss, MSE, RMSE, MAE, MAPE: 80896608.00, 80896604.00, 8994.21, 6701.02, 7.67%
Test - Best epoch, Loss, MSE, RMSE, MAE, MAPE: 7, 51863252.00, 51863252.00, 7169.01, 5639.32, 6.10%
- Epoch 011, ExpID 95062
Train - Loss: 35982160.57
Val - Loss, MSE, RMSE, MAE, MAPE: 80743992.00, 80743992.00, 8985.67, 6701.10, 7.68%
Test - Best epoch, Loss, MSE, RMSE, MAE, MAPE: 7, 51863252.00, 51863252.00, 7169.01, 5639.32, 6.10%
- Epoch 012, ExpID 95062
Train - Loss: 35888968.48
Val - Loss, MSE, RMSE, MAE, MAPE: 80966768.00, 80966768.00, 8997.92, 6727.06, 7.71%
Test - Best epoch, Loss, MSE, RMSE, MAE, MAPE: 7, 51863252.00, 51863252.00, 7169.01, 5639.32, 6.10%
- Epoch 013, ExpID 95062
Train - Loss: 35579446.86
Val - Loss, MSE, RMSE, MAE, MAPE: 81512816.00, 81512816.00, 9027.96, 6753.51, 7.74%
Test - Best epoch, Loss, MSE, RMSE, MAE, MAPE: 7, 51863252.00, 51863252.00, 7169.01, 5639.32, 6.10%
- Epoch 014, ExpID 95062
Train - Loss: 35479408.67
Val - Loss, MSE, RMSE, MAE, MAPE: 82158368.00, 82158368.00, 9063.23, 6792.61, 7.78%
Test - Best epoch, Loss, MSE, RMSE, MAE, MAPE: 7, 51863252.00, 51863252.00, 7169.01, 5639.32, 6.10%
- Epoch 015, ExpID 95062
Train - Loss: 35197706.86
Val - Loss, MSE, RMSE, MAE, MAPE: 82433864.00, 82433864.00, 9078.26, 6815.73, 7.81%
Test - Best epoch, Loss, MSE, RMSE, MAE, MAPE: 7, 51863252.00, 51863252.00, 7169.01, 5639.32, 6.10%
- Epoch 016, ExpID 95062
Train - Loss: 35215234.76
Val - Loss, MSE, RMSE, MAE, MAPE: 82907104.00, 82907100.00, 9103.70, 6845.12, 7.84%
Test - Best epoch, Loss, MSE, RMSE, MAE, MAPE: 7, 51863252.00, 51863252.00, 7169.01, 5639.32, 6.10%
- Epoch 017, ExpID 95062
Train - Loss: 35024789.81
Val - Loss, MSE, RMSE, MAE, MAPE: 83373088.00, 83373084.00, 9129.38, 6874.00, 7.88%
Test - Best epoch, Loss, MSE, RMSE, MAE, MAPE: 7, 51863252.00, 51863252.00, 7169.01, 5639.32, 6.10%
Early Stopping at Epoch 17
Fold 2018 Best RMSE: 7169.0095

-------------------- [Fold: 2019] ExpID: 4560 --------------------
- Epoch 000, ExpID 4560
Train - Loss: 59646082.96
Val - Loss, MSE, RMSE, MAE, MAPE: 61306928.00, 61306928.00, 7794.79, 6202.00, 6.75%
Test - Best epoch, Loss, MSE, RMSE, MAE, MAPE: 0, 62995340.00, 62995340.00, 7797.42, 6171.60, 6.54%
- Epoch 001, ExpID 4560
Train - Loss: 49771557.57
Val - Loss, MSE, RMSE, MAE, MAPE: 55777496.00, 55777494.00, 7426.16, 5850.83, 6.35%
Test - Best epoch, Loss, MSE, RMSE, MAE, MAPE: 1, 53892240.00, 53892241.00, 7122.48, 5597.29, 5.91%
- Epoch 002, ExpID 4560
Train - Loss: 46382020.17
Val - Loss, MSE, RMSE, MAE, MAPE: 54022648.00, 54022650.00, 7313.48, 5767.68, 6.26%
Test - Best epoch, Loss, MSE, RMSE, MAE, MAPE: 2, 50579556.00, 50579555.00, 6864.75, 5381.34, 5.69%
- Epoch 003, ExpID 4560
Train - Loss: 44168304.17
Val - Loss, MSE, RMSE, MAE, MAPE: 53155344.00, 53155346.00, 7258.50, 5725.02, 6.21%
Test - Best epoch, Loss, MSE, RMSE, MAE, MAPE: 3, 48923928.00, 48923927.00, 6739.08, 5268.68, 5.57%
- Epoch 004, ExpID 4560
Train - Loss: 42657615.13
Val - Loss, MSE, RMSE, MAE, MAPE: 52645816.00, 52645814.00, 7226.86, 5705.47, 6.18%
Test - Best epoch, Loss, MSE, RMSE, MAE, MAPE: 4, 48104104.00, 48104106.00, 6682.73, 5209.95, 5.52%
- Epoch 005, ExpID 4560
Train - Loss: 41496829.57
Val - Loss, MSE, RMSE, MAE, MAPE: 52459420.00, 52459420.00, 7215.96, 5694.24, 6.16%
Test - Best epoch, Loss, MSE, RMSE, MAE, MAPE: 5, 47920540.00, 47920539.00, 6676.15, 5203.96, 5.52%
- Epoch 006, ExpID 4560
Train - Loss: 40888412.87
Val - Loss, MSE, RMSE, MAE, MAPE: 52331872.00, 52331872.00, 7208.67, 5684.65, 6.15%
Test - Best epoch, Loss, MSE, RMSE, MAE, MAPE: 6, 47966176.00, 47966174.00, 6689.42, 5205.10, 5.53%
- Epoch 007, ExpID 4560
Train - Loss: 40240346.96
Val - Loss, MSE, RMSE, MAE, MAPE: 52008504.00, 52008506.00, 7184.49, 5666.27, 6.13%
Test - Best epoch, Loss, MSE, RMSE, MAE, MAPE: 7, 47822344.00, 47822344.00, 6679.23, 5190.81, 5.52%
- Epoch 008, ExpID 4560
Train - Loss: 39786268.52
Val - Loss, MSE, RMSE, MAE, MAPE: 52234080.00, 52234082.00, 7201.89, 5672.66, 6.14%
Test - Best epoch, Loss, MSE, RMSE, MAE, MAPE: 7, 47822344.00, 47822344.00, 6679.23, 5190.81, 5.52%
- Epoch 009, ExpID 4560
Train - Loss: 39488347.13
Val - Loss, MSE, RMSE, MAE, MAPE: 51697152.00, 51697154.00, 7161.55, 5642.14, 6.11%
Test - Best epoch, Loss, MSE, RMSE, MAE, MAPE: 9, 48291064.00, 48291064.00, 6729.31, 5228.83, 5.57%
- Epoch 010, ExpID 4560
Train - Loss: 39590255.48
Val - Loss, MSE, RMSE, MAE, MAPE: 51535612.00, 51535612.00, 7150.32, 5626.77, 6.09%
Test - Best epoch, Loss, MSE, RMSE, MAE, MAPE: 10, 48130688.00, 48130689.00, 6715.46, 5214.32, 5.56%
- Epoch 011, ExpID 4560
Train - Loss: 39396621.57
Val - Loss, MSE, RMSE, MAE, MAPE: 51692196.00, 51692196.00, 7162.51, 5640.75, 6.10%
Test - Best epoch, Loss, MSE, RMSE, MAE, MAPE: 10, 48130688.00, 48130689.00, 6715.46, 5214.32, 5.56%
- Epoch 012, ExpID 4560
Train - Loss: 38800331.13
Val - Loss, MSE, RMSE, MAE, MAPE: 51204872.00, 51204870.00, 7124.22, 5603.01, 6.07%
Test - Best epoch, Loss, MSE, RMSE, MAE, MAPE: 12, 48451092.00, 48451091.00, 6747.23, 5242.74, 5.60%
- Epoch 013, ExpID 4560
Train - Loss: 38606507.65
Val - Loss, MSE, RMSE, MAE, MAPE: 51268896.00, 51268894.00, 7130.20, 5607.67, 6.07%
Test - Best epoch, Loss, MSE, RMSE, MAE, MAPE: 12, 48451092.00, 48451091.00, 6747.23, 5242.74, 5.60%
- Epoch 014, ExpID 4560
Train - Loss: 38297766.43
Val - Loss, MSE, RMSE, MAE, MAPE: 51182152.00, 51182154.00, 7123.24, 5602.88, 6.07%
Test - Best epoch, Loss, MSE, RMSE, MAE, MAPE: 14, 48393900.00, 48393901.00, 6742.75, 5230.54, 5.58%
- Epoch 015, ExpID 4560
Train - Loss: 38152233.04
Val - Loss, MSE, RMSE, MAE, MAPE: 51018920.00, 51018920.00, 7111.62, 5592.07, 6.06%
Test - Best epoch, Loss, MSE, RMSE, MAE, MAPE: 15, 48836524.00, 48836525.00, 6787.60, 5267.11, 5.63%
- Epoch 016, ExpID 4560
Train - Loss: 38013782.96
Val - Loss, MSE, RMSE, MAE, MAPE: 51156272.00, 51156270.00, 7121.64, 5602.36, 6.07%
Test - Best epoch, Loss, MSE, RMSE, MAE, MAPE: 15, 48836524.00, 48836525.00, 6787.60, 5267.11, 5.63%
- Epoch 017, ExpID 4560
Train - Loss: 37842542.00
Val - Loss, MSE, RMSE, MAE, MAPE: 50951208.00, 50951208.00, 7107.10, 5590.35, 6.05%
Test - Best epoch, Loss, MSE, RMSE, MAE, MAPE: 17, 48654636.00, 48654636.00, 6772.36, 5243.97, 5.60%
- Epoch 018, ExpID 4560
Train - Loss: 37847333.39
Val - Loss, MSE, RMSE, MAE, MAPE: 50947736.00, 50947734.00, 7108.09, 5590.76, 6.05%
Test - Best epoch, Loss, MSE, RMSE, MAE, MAPE: 18, 48807656.00, 48807656.00, 6785.63, 5251.10, 5.61%
- Epoch 019, ExpID 4560
Train - Loss: 37372538.52
Val - Loss, MSE, RMSE, MAE, MAPE: 50983872.00, 50983872.00, 7109.81, 5593.48, 6.06%
Test - Best epoch, Loss, MSE, RMSE, MAE, MAPE: 18, 48807656.00, 48807656.00, 6785.63, 5251.10, 5.61%
- Epoch 020, ExpID 4560
Train - Loss: 37479535.04
Val - Loss, MSE, RMSE, MAE, MAPE: 51004256.00, 51004254.00, 7113.94, 5597.73, 6.06%
Test - Best epoch, Loss, MSE, RMSE, MAE, MAPE: 18, 48807656.00, 48807656.00, 6785.63, 5251.10, 5.61%
- Epoch 021, ExpID 4560
Train - Loss: 37513658.09
Val - Loss, MSE, RMSE, MAE, MAPE: 50770304.00, 50770304.00, 7096.13, 5582.76, 6.05%
Test - Best epoch, Loss, MSE, RMSE, MAE, MAPE: 21, 49186364.00, 49186365.00, 6819.08, 5271.50, 5.63%
- Epoch 022, ExpID 4560
Train - Loss: 36991083.74
Val - Loss, MSE, RMSE, MAE, MAPE: 50993876.00, 50993876.00, 7114.14, 5598.68, 6.06%
Test - Best epoch, Loss, MSE, RMSE, MAE, MAPE: 21, 49186364.00, 49186365.00, 6819.08, 5271.50, 5.63%
- Epoch 023, ExpID 4560
Train - Loss: 37010604.70
Val - Loss, MSE, RMSE, MAE, MAPE: 50999420.00, 50999420.00, 7115.90, 5600.02, 6.05%
Test - Best epoch, Loss, MSE, RMSE, MAE, MAPE: 21, 49186364.00, 49186365.00, 6819.08, 5271.50, 5.63%
- Epoch 024, ExpID 4560
Train - Loss: 36859461.57
Val - Loss, MSE, RMSE, MAE, MAPE: 50964112.00, 50964110.00, 7113.37, 5598.36, 6.05%
Test - Best epoch, Loss, MSE, RMSE, MAE, MAPE: 21, 49186364.00, 49186365.00, 6819.08, 5271.50, 5.63%
- Epoch 025, ExpID 4560
Train - Loss: 36691476.43
Val - Loss, MSE, RMSE, MAE, MAPE: 50683556.00, 50683556.00, 7093.80, 5582.90, 6.04%
Test - Best epoch, Loss, MSE, RMSE, MAE, MAPE: 25, 49297116.00, 49297116.00, 6828.84, 5258.28, 5.61%
- Epoch 026, ExpID 4560
Train - Loss: 36412275.91
Val - Loss, MSE, RMSE, MAE, MAPE: 50852072.00, 50852070.00, 7106.61, 5590.25, 6.04%
Test - Best epoch, Loss, MSE, RMSE, MAE, MAPE: 25, 49297116.00, 49297116.00, 6828.84, 5258.28, 5.61%
- Epoch 027, ExpID 4560
Train - Loss: 36660495.04
Val - Loss, MSE, RMSE, MAE, MAPE: 50877584.00, 50877586.00, 7108.04, 5587.45, 6.04%
Test - Best epoch, Loss, MSE, RMSE, MAE, MAPE: 25, 49297116.00, 49297116.00, 6828.84, 5258.28, 5.61%
- Epoch 028, ExpID 4560
Train - Loss: 36366740.00
Val - Loss, MSE, RMSE, MAE, MAPE: 51318960.00, 51318960.00, 7143.79, 5624.55, 6.07%
Test - Best epoch, Loss, MSE, RMSE, MAE, MAPE: 25, 49297116.00, 49297116.00, 6828.84, 5258.28, 5.61%
- Epoch 029, ExpID 4560
Train - Loss: 36246364.70
Val - Loss, MSE, RMSE, MAE, MAPE: 50797776.00, 50797776.00, 7102.35, 5583.74, 6.04%
Test - Best epoch, Loss, MSE, RMSE, MAE, MAPE: 25, 49297116.00, 49297116.00, 6828.84, 5258.28, 5.61%
- Epoch 030, ExpID 4560
Train - Loss: 36136718.61
Val - Loss, MSE, RMSE, MAE, MAPE: 50739584.00, 50739584.00, 7099.75, 5581.83, 6.04%
Test - Best epoch, Loss, MSE, RMSE, MAE, MAPE: 25, 49297116.00, 49297116.00, 6828.84, 5258.28, 5.61%
- Epoch 031, ExpID 4560
Train - Loss: 36019192.70
Val - Loss, MSE, RMSE, MAE, MAPE: 51180732.00, 51180732.00, 7133.65, 5611.38, 6.06%
Test - Best epoch, Loss, MSE, RMSE, MAE, MAPE: 25, 49297116.00, 49297116.00, 6828.84, 5258.28, 5.61%
- Epoch 032, ExpID 4560
Train - Loss: 35992984.87
Val - Loss, MSE, RMSE, MAE, MAPE: 50801220.00, 50801220.00, 7106.40, 5584.63, 6.04%
Test - Best epoch, Loss, MSE, RMSE, MAE, MAPE: 25, 49297116.00, 49297116.00, 6828.84, 5258.28, 5.61%
- Epoch 033, ExpID 4560
Train - Loss: 35934923.04
Val - Loss, MSE, RMSE, MAE, MAPE: 51386264.00, 51386264.00, 7149.14, 5614.89, 6.05%
Test - Best epoch, Loss, MSE, RMSE, MAE, MAPE: 25, 49297116.00, 49297116.00, 6828.84, 5258.28, 5.61%
- Epoch 034, ExpID 4560
Train - Loss: 35662707.39
Val - Loss, MSE, RMSE, MAE, MAPE: 51112480.00, 51112480.00, 7128.91, 5599.99, 6.04%
Test - Best epoch, Loss, MSE, RMSE, MAE, MAPE: 25, 49297116.00, 49297116.00, 6828.84, 5258.28, 5.61%
- Epoch 035, ExpID 4560
Train - Loss: 35776028.96
Val - Loss, MSE, RMSE, MAE, MAPE: 51482712.00, 51482714.00, 7156.30, 5620.73, 6.06%
Test - Best epoch, Loss, MSE, RMSE, MAE, MAPE: 25, 49297116.00, 49297116.00, 6828.84, 5258.28, 5.61%
Early Stopping at Epoch 35
Fold 2019 Best RMSE: 6828.8435
