DETAILED LOG | Model: patchtst | Seed: 1
FULL CONFIG: {'gpu': '6', 'target': 'arrival', 'cv_start_year': 2017, 'cv_end_year': 2019, 'test_year': 2024, 'use_corona': False, 'seq_len': 91, 'label_len': 0, 'pred_len': 56, 'batch_size': 256, 'epochs': 1000, 'patience': 10, 'lr': 1e-05, 'model': 'patchtst', 'd_model': 256, 'n_heads': 4, 'n_layers': 6, 'dropout': 0.1, 'activation': 'gelu', 'patch_len': 14, 'factor': 5, 'norm_mode': 'revin', 'use_covar': False, 'use_dbloss': False, 'device': device(type='cuda'), 'stride': 7, 'file_path': 'dataset/airport_flight_with_holiday.csv', 'seed': 1, 'val_year': 2019, 'ndims': 1}

-------------------- [Fold: 2017] ExpID: 16634 --------------------
- Epoch 000, ExpID 16634
Train - Loss: 56759590.80
Val - Loss, MSE, RMSE, MAE, MAPE: 88419352.00, 88419352.00, 9392.24, 7725.96, 9.95%
Test - Best epoch, Loss, MSE, RMSE, MAE, MAPE: 0, 106105360.00, 106105360.00, 10272.08, 8184.71, 9.60%
- Epoch 001, ExpID 16634
Train - Loss: 49923018.20
Val - Loss, MSE, RMSE, MAE, MAPE: 76019328.00, 76019330.00, 8694.27, 7141.40, 9.18%
Test - Best epoch, Loss, MSE, RMSE, MAE, MAPE: 1, 94001720.00, 94001720.00, 9657.39, 7592.81, 8.88%
- Epoch 002, ExpID 16634
Train - Loss: 46074530.80
Val - Loss, MSE, RMSE, MAE, MAPE: 68700672.00, 68700672.00, 8247.47, 6755.21, 8.67%
Test - Best epoch, Loss, MSE, RMSE, MAE, MAPE: 2, 87474448.00, 87474444.00, 9309.40, 7206.17, 8.41%
- Epoch 003, ExpID 16634
Train - Loss: 43872289.60
Val - Loss, MSE, RMSE, MAE, MAPE: 63956064.00, 63956066.00, 7942.06, 6483.53, 8.31%
Test - Best epoch, Loss, MSE, RMSE, MAE, MAPE: 3, 83596656.00, 83596656.00, 9099.52, 6962.69, 8.10%
- Epoch 004, ExpID 16634
Train - Loss: 42235230.20
Val - Loss, MSE, RMSE, MAE, MAPE: 60240880.00, 60240882.00, 7692.79, 6257.33, 8.01%
Test - Best epoch, Loss, MSE, RMSE, MAE, MAPE: 4, 80794272.00, 80794274.00, 8947.46, 6777.80, 7.87%
- Epoch 005, ExpID 16634
Train - Loss: 41075949.80
Val - Loss, MSE, RMSE, MAE, MAPE: 57319400.00, 57319398.00, 7492.21, 6074.08, 7.77%
Test - Best epoch, Loss, MSE, RMSE, MAE, MAPE: 5, 78604064.00, 78604062.00, 8828.73, 6624.29, 7.68%
- Epoch 006, ExpID 16634
Train - Loss: 40154979.80
Val - Loss, MSE, RMSE, MAE, MAPE: 54667096.00, 54667094.00, 7307.53, 5906.93, 7.55%
Test - Best epoch, Loss, MSE, RMSE, MAE, MAPE: 6, 76722128.00, 76722124.00, 8727.59, 6488.32, 7.50%
- Epoch 007, ExpID 16634
Train - Loss: 39422615.60
Val - Loss, MSE, RMSE, MAE, MAPE: 52184592.00, 52184590.00, 7127.27, 5738.92, 7.33%
Test - Best epoch, Loss, MSE, RMSE, MAE, MAPE: 7, 75153696.00, 75153692.00, 8643.11, 6363.92, 7.34%
- Epoch 008, ExpID 16634
Train - Loss: 38831577.80
Val - Loss, MSE, RMSE, MAE, MAPE: 50136112.00, 50136111.00, 6978.95, 5597.59, 7.14%
Test - Best epoch, Loss, MSE, RMSE, MAE, MAPE: 8, 73838544.00, 73838542.00, 8572.18, 6254.17, 7.19%
- Epoch 009, ExpID 16634
Train - Loss: 38109777.40
Val - Loss, MSE, RMSE, MAE, MAPE: 48064616.00, 48064614.00, 6826.13, 5455.98, 6.95%
Test - Best epoch, Loss, MSE, RMSE, MAE, MAPE: 9, 72691680.00, 72691682.00, 8510.76, 6166.43, 7.07%
- Epoch 010, ExpID 16634
Train - Loss: 37585861.80
Val - Loss, MSE, RMSE, MAE, MAPE: 46261964.00, 46261965.00, 6690.00, 5328.45, 6.77%
Test - Best epoch, Loss, MSE, RMSE, MAE, MAPE: 10, 71884000.00, 71883996.00, 8467.81, 6093.74, 6.97%
- Epoch 011, ExpID 16634
Train - Loss: 36929554.40
Val - Loss, MSE, RMSE, MAE, MAPE: 44962880.00, 44962878.00, 6595.42, 5239.54, 6.65%
Test - Best epoch, Loss, MSE, RMSE, MAE, MAPE: 11, 71277800.00, 71277798.00, 8435.19, 6041.34, 6.90%
- Epoch 012, ExpID 16634
Train - Loss: 36463661.10
Val - Loss, MSE, RMSE, MAE, MAPE: 43742260.00, 43742261.00, 6507.26, 5156.11, 6.55%
Test - Best epoch, Loss, MSE, RMSE, MAE, MAPE: 12, 70566760.00, 70566760.00, 8395.19, 5993.39, 6.83%
- Epoch 013, ExpID 16634
Train - Loss: 36439998.20
Val - Loss, MSE, RMSE, MAE, MAPE: 42779428.00, 42779429.00, 6436.26, 5087.63, 6.46%
Test - Best epoch, Loss, MSE, RMSE, MAE, MAPE: 13, 70251856.00, 70251854.00, 8378.16, 5968.71, 6.80%
- Epoch 014, ExpID 16634
Train - Loss: 35949143.00
Val - Loss, MSE, RMSE, MAE, MAPE: 42260192.00, 42260194.00, 6399.88, 5053.52, 6.41%
Test - Best epoch, Loss, MSE, RMSE, MAE, MAPE: 14, 69975016.00, 69975016.00, 8362.31, 5955.90, 6.78%
- Epoch 015, ExpID 16634
Train - Loss: 35699593.20
Val - Loss, MSE, RMSE, MAE, MAPE: 41884424.00, 41884425.00, 6373.34, 5025.50, 6.38%
Test - Best epoch, Loss, MSE, RMSE, MAE, MAPE: 15, 69752224.00, 69752224.00, 8349.22, 5946.67, 6.78%
- Epoch 016, ExpID 16634
Train - Loss: 35428813.40
Val - Loss, MSE, RMSE, MAE, MAPE: 41628360.00, 41628360.00, 6360.51, 5011.77, 6.37%
Test - Best epoch, Loss, MSE, RMSE, MAE, MAPE: 16, 69517896.00, 69517896.00, 8335.37, 5942.02, 6.78%
- Epoch 017, ExpID 16634
Train - Loss: 34744949.00
Val - Loss, MSE, RMSE, MAE, MAPE: 41439888.00, 41439890.00, 6348.65, 4997.03, 6.35%
Test - Best epoch, Loss, MSE, RMSE, MAE, MAPE: 17, 69559768.00, 69559766.00, 8338.13, 5946.95, 6.79%
- Epoch 018, ExpID 16634
Train - Loss: 34600372.80
Val - Loss, MSE, RMSE, MAE, MAPE: 41201296.00, 41201296.00, 6335.53, 4980.83, 6.34%
Test - Best epoch, Loss, MSE, RMSE, MAE, MAPE: 18, 69280048.00, 69280044.00, 8321.27, 5936.55, 6.78%
- Epoch 019, ExpID 16634
Train - Loss: 34209236.50
Val - Loss, MSE, RMSE, MAE, MAPE: 41126604.00, 41126603.00, 6333.99, 4976.33, 6.34%
Test - Best epoch, Loss, MSE, RMSE, MAE, MAPE: 19, 69374928.00, 69374926.00, 8326.99, 5946.51, 6.80%
- Epoch 020, ExpID 16634
Train - Loss: 34124895.40
Val - Loss, MSE, RMSE, MAE, MAPE: 41011676.00, 41011677.00, 6326.10, 4965.96, 6.32%
Test - Best epoch, Loss, MSE, RMSE, MAE, MAPE: 20, 69673376.00, 69673380.00, 8345.05, 5966.25, 6.82%
- Epoch 021, ExpID 16634
Train - Loss: 33901916.70
Val - Loss, MSE, RMSE, MAE, MAPE: 41483444.00, 41483444.00, 6367.52, 5000.82, 6.37%
Test - Best epoch, Loss, MSE, RMSE, MAE, MAPE: 20, 69673376.00, 69673380.00, 8345.05, 5966.25, 6.82%
- Epoch 022, ExpID 16634
Train - Loss: 33454978.00
Val - Loss, MSE, RMSE, MAE, MAPE: 41590312.00, 41590311.00, 6377.55, 5004.36, 6.37%
Test - Best epoch, Loss, MSE, RMSE, MAE, MAPE: 20, 69673376.00, 69673380.00, 8345.05, 5966.25, 6.82%
- Epoch 023, ExpID 16634
Train - Loss: 33151276.00
Val - Loss, MSE, RMSE, MAE, MAPE: 41467800.00, 41467800.00, 6371.34, 4996.04, 6.36%
Test - Best epoch, Loss, MSE, RMSE, MAE, MAPE: 20, 69673376.00, 69673380.00, 8345.05, 5966.25, 6.82%
- Epoch 024, ExpID 16634
Train - Loss: 33064814.90
Val - Loss, MSE, RMSE, MAE, MAPE: 41539644.00, 41539645.00, 6379.81, 5003.34, 6.37%
Test - Best epoch, Loss, MSE, RMSE, MAE, MAPE: 20, 69673376.00, 69673380.00, 8345.05, 5966.25, 6.82%
- Epoch 025, ExpID 16634
Train - Loss: 33003137.70
Val - Loss, MSE, RMSE, MAE, MAPE: 41394452.00, 41394453.00, 6373.01, 4996.62, 6.36%
Test - Best epoch, Loss, MSE, RMSE, MAE, MAPE: 20, 69673376.00, 69673380.00, 8345.05, 5966.25, 6.82%
- Epoch 026, ExpID 16634
Train - Loss: 32997855.80
Val - Loss, MSE, RMSE, MAE, MAPE: 41350356.00, 41350355.00, 6365.79, 4988.18, 6.35%
Test - Best epoch, Loss, MSE, RMSE, MAE, MAPE: 20, 69673376.00, 69673380.00, 8345.05, 5966.25, 6.82%
- Epoch 027, ExpID 16634
Train - Loss: 32554169.70
Val - Loss, MSE, RMSE, MAE, MAPE: 41101356.00, 41101357.00, 6345.41, 4963.18, 6.30%
Test - Best epoch, Loss, MSE, RMSE, MAE, MAPE: 20, 69673376.00, 69673380.00, 8345.05, 5966.25, 6.82%
- Epoch 028, ExpID 16634
Train - Loss: 32508666.90
Val - Loss, MSE, RMSE, MAE, MAPE: 40916608.00, 40916609.00, 6329.86, 4948.24, 6.28%
Test - Best epoch, Loss, MSE, RMSE, MAE, MAPE: 28, 72135392.00, 72135392.00, 8490.80, 6107.96, 6.98%
- Epoch 029, ExpID 16634
Train - Loss: 32226314.70
Val - Loss, MSE, RMSE, MAE, MAPE: 40947932.00, 40947931.00, 6335.16, 4954.08, 6.29%
Test - Best epoch, Loss, MSE, RMSE, MAE, MAPE: 28, 72135392.00, 72135392.00, 8490.80, 6107.96, 6.98%
- Epoch 030, ExpID 16634
Train - Loss: 32297224.80
Val - Loss, MSE, RMSE, MAE, MAPE: 40518964.00, 40518964.00, 6301.93, 4919.65, 6.25%
Test - Best epoch, Loss, MSE, RMSE, MAE, MAPE: 30, 72122032.00, 72122028.00, 8490.31, 6115.64, 6.99%
- Epoch 031, ExpID 16634
Train - Loss: 32166269.00
Val - Loss, MSE, RMSE, MAE, MAPE: 40612112.00, 40612112.00, 6308.10, 4922.05, 6.25%
Test - Best epoch, Loss, MSE, RMSE, MAE, MAPE: 30, 72122032.00, 72122028.00, 8490.31, 6115.64, 6.99%
- Epoch 032, ExpID 16634
Train - Loss: 31839547.70
Val - Loss, MSE, RMSE, MAE, MAPE: 40693280.00, 40693282.00, 6315.90, 4929.95, 6.25%
Test - Best epoch, Loss, MSE, RMSE, MAE, MAPE: 30, 72122032.00, 72122028.00, 8490.31, 6115.64, 6.99%
- Epoch 033, ExpID 16634
Train - Loss: 31938128.30
Val - Loss, MSE, RMSE, MAE, MAPE: 40295632.00, 40295633.00, 6281.09, 4891.08, 6.19%
Test - Best epoch, Loss, MSE, RMSE, MAE, MAPE: 33, 73353872.00, 73353868.00, 8562.84, 6175.41, 7.04%
- Epoch 034, ExpID 16634
Train - Loss: 31573115.30
Val - Loss, MSE, RMSE, MAE, MAPE: 40366612.00, 40366611.00, 6288.95, 4899.06, 6.21%
Test - Best epoch, Loss, MSE, RMSE, MAE, MAPE: 33, 73353872.00, 73353868.00, 8562.84, 6175.41, 7.04%
- Epoch 035, ExpID 16634
Train - Loss: 31633344.80
Val - Loss, MSE, RMSE, MAE, MAPE: 40064764.00, 40064763.00, 6270.69, 4887.97, 6.20%
Test - Best epoch, Loss, MSE, RMSE, MAE, MAPE: 35, 73070944.00, 73070944.00, 8545.99, 6172.72, 7.05%
- Epoch 036, ExpID 16634
Train - Loss: 31418447.50
Val - Loss, MSE, RMSE, MAE, MAPE: 40000072.00, 40000074.00, 6266.26, 4884.05, 6.20%
Test - Best epoch, Loss, MSE, RMSE, MAE, MAPE: 36, 73334048.00, 73334048.00, 8561.39, 6195.88, 7.07%
- Epoch 037, ExpID 16634
Train - Loss: 31654397.00
Val - Loss, MSE, RMSE, MAE, MAPE: 40156664.00, 40156665.00, 6275.55, 4887.30, 6.19%
Test - Best epoch, Loss, MSE, RMSE, MAE, MAPE: 36, 73334048.00, 73334048.00, 8561.39, 6195.88, 7.07%
- Epoch 038, ExpID 16634
Train - Loss: 31443777.00
Val - Loss, MSE, RMSE, MAE, MAPE: 39860888.00, 39860888.00, 6251.51, 4865.11, 6.16%
Test - Best epoch, Loss, MSE, RMSE, MAE, MAPE: 38, 74266176.00, 74266180.00, 8615.75, 6240.91, 7.11%
- Epoch 039, ExpID 16634
Train - Loss: 31123094.60
Val - Loss, MSE, RMSE, MAE, MAPE: 39805224.00, 39805225.00, 6253.40, 4867.60, 6.17%
Test - Best epoch, Loss, MSE, RMSE, MAE, MAPE: 39, 74026832.00, 74026828.00, 8601.95, 6232.65, 7.11%
- Epoch 040, ExpID 16634
Train - Loss: 31150466.10
Val - Loss, MSE, RMSE, MAE, MAPE: 39822820.00, 39822820.00, 6256.18, 4872.06, 6.18%
Test - Best epoch, Loss, MSE, RMSE, MAE, MAPE: 39, 74026832.00, 74026828.00, 8601.95, 6232.65, 7.11%
- Epoch 041, ExpID 16634
Train - Loss: 31078871.80
Val - Loss, MSE, RMSE, MAE, MAPE: 39629056.00, 39629055.00, 6232.78, 4839.31, 6.12%
Test - Best epoch, Loss, MSE, RMSE, MAE, MAPE: 41, 74996568.00, 74996568.00, 8658.64, 6276.96, 7.15%
- Epoch 042, ExpID 16634
Train - Loss: 30923239.90
Val - Loss, MSE, RMSE, MAE, MAPE: 39233464.00, 39233462.00, 6203.61, 4814.07, 6.10%
Test - Best epoch, Loss, MSE, RMSE, MAE, MAPE: 42, 74463968.00, 74463964.00, 8627.80, 6248.84, 7.12%
- Epoch 043, ExpID 16634
Train - Loss: 30878442.10
Val - Loss, MSE, RMSE, MAE, MAPE: 39759384.00, 39759386.00, 6247.27, 4850.55, 6.14%
Test - Best epoch, Loss, MSE, RMSE, MAE, MAPE: 42, 74463968.00, 74463964.00, 8627.80, 6248.84, 7.12%
- Epoch 044, ExpID 16634
Train - Loss: 30928163.00
Val - Loss, MSE, RMSE, MAE, MAPE: 39293116.00, 39293117.00, 6207.83, 4817.24, 6.09%
Test - Best epoch, Loss, MSE, RMSE, MAE, MAPE: 42, 74463968.00, 74463964.00, 8627.80, 6248.84, 7.12%
- Epoch 045, ExpID 16634
Train - Loss: 30597305.00
Val - Loss, MSE, RMSE, MAE, MAPE: 39555680.00, 39555679.00, 6235.45, 4837.52, 6.13%
Test - Best epoch, Loss, MSE, RMSE, MAE, MAPE: 42, 74463968.00, 74463964.00, 8627.80, 6248.84, 7.12%
- Epoch 046, ExpID 16634
Train - Loss: 30833047.90
Val - Loss, MSE, RMSE, MAE, MAPE: 39065720.00, 39065721.00, 6191.29, 4797.63, 6.07%
Test - Best epoch, Loss, MSE, RMSE, MAE, MAPE: 46, 75040432.00, 75040428.00, 8660.96, 6283.71, 7.15%
- Epoch 047, ExpID 16634
Train - Loss: 30569765.80
Val - Loss, MSE, RMSE, MAE, MAPE: 39335024.00, 39335026.00, 6218.76, 4824.93, 6.11%
Test - Best epoch, Loss, MSE, RMSE, MAE, MAPE: 46, 75040432.00, 75040428.00, 8660.96, 6283.71, 7.15%
- Epoch 048, ExpID 16634
Train - Loss: 30489019.70
Val - Loss, MSE, RMSE, MAE, MAPE: 39146224.00, 39146223.00, 6191.43, 4784.35, 6.04%
Test - Best epoch, Loss, MSE, RMSE, MAE, MAPE: 46, 75040432.00, 75040428.00, 8660.96, 6283.71, 7.15%
- Epoch 049, ExpID 16634
Train - Loss: 30597904.00
Val - Loss, MSE, RMSE, MAE, MAPE: 39115440.00, 39115442.00, 6201.82, 4810.48, 6.10%
Test - Best epoch, Loss, MSE, RMSE, MAE, MAPE: 46, 75040432.00, 75040428.00, 8660.96, 6283.71, 7.15%
- Epoch 050, ExpID 16634
Train - Loss: 30647827.80
Val - Loss, MSE, RMSE, MAE, MAPE: 38888992.00, 38888991.00, 6175.60, 4773.31, 6.03%
Test - Best epoch, Loss, MSE, RMSE, MAE, MAPE: 50, 75946896.00, 75946896.00, 8713.44, 6329.72, 7.20%
- Epoch 051, ExpID 16634
Train - Loss: 30564649.00
Val - Loss, MSE, RMSE, MAE, MAPE: 38534692.00, 38534693.00, 6144.71, 4747.45, 6.00%
Test - Best epoch, Loss, MSE, RMSE, MAE, MAPE: 51, 75664784.00, 75664780.00, 8697.22, 6314.86, 7.18%
- Epoch 052, ExpID 16634
Train - Loss: 30194293.80
Val - Loss, MSE, RMSE, MAE, MAPE: 38901508.00, 38901507.00, 6180.58, 4785.16, 6.06%
Test - Best epoch, Loss, MSE, RMSE, MAE, MAPE: 51, 75664784.00, 75664780.00, 8697.22, 6314.86, 7.18%
- Epoch 053, ExpID 16634
Train - Loss: 30199226.20
Val - Loss, MSE, RMSE, MAE, MAPE: 38219020.00, 38219020.00, 6125.96, 4730.81, 5.99%
Test - Best epoch, Loss, MSE, RMSE, MAE, MAPE: 53, 75050304.00, 75050308.00, 8661.98, 6286.43, 7.15%
- Epoch 054, ExpID 16634
Train - Loss: 29962339.90
Val - Loss, MSE, RMSE, MAE, MAPE: 38476752.00, 38476751.00, 6147.11, 4748.17, 6.01%
Test - Best epoch, Loss, MSE, RMSE, MAE, MAPE: 53, 75050304.00, 75050308.00, 8661.98, 6286.43, 7.15%
- Epoch 055, ExpID 16634
Train - Loss: 29945827.20
Val - Loss, MSE, RMSE, MAE, MAPE: 38287040.00, 38287040.00, 6126.88, 4725.88, 5.97%
Test - Best epoch, Loss, MSE, RMSE, MAE, MAPE: 53, 75050304.00, 75050308.00, 8661.98, 6286.43, 7.15%
- Epoch 056, ExpID 16634
Train - Loss: 30072323.90
Val - Loss, MSE, RMSE, MAE, MAPE: 38305660.00, 38305659.00, 6126.63, 4723.18, 5.96%
Test - Best epoch, Loss, MSE, RMSE, MAE, MAPE: 53, 75050304.00, 75050308.00, 8661.98, 6286.43, 7.15%
- Epoch 057, ExpID 16634
Train - Loss: 29839882.60
Val - Loss, MSE, RMSE, MAE, MAPE: 38495164.00, 38495165.00, 6143.73, 4740.86, 5.99%
Test - Best epoch, Loss, MSE, RMSE, MAE, MAPE: 53, 75050304.00, 75050308.00, 8661.98, 6286.43, 7.15%
- Epoch 058, ExpID 16634
Train - Loss: 29668356.00
Val - Loss, MSE, RMSE, MAE, MAPE: 38330576.00, 38330575.00, 6135.18, 4731.29, 5.98%
Test - Best epoch, Loss, MSE, RMSE, MAE, MAPE: 53, 75050304.00, 75050308.00, 8661.98, 6286.43, 7.15%
- Epoch 059, ExpID 16634
Train - Loss: 29722224.80
Val - Loss, MSE, RMSE, MAE, MAPE: 38176384.00, 38176384.00, 6126.23, 4726.71, 5.98%
Test - Best epoch, Loss, MSE, RMSE, MAE, MAPE: 59, 75513648.00, 75513652.00, 8688.21, 6310.41, 7.18%
- Epoch 060, ExpID 16634
Train - Loss: 29752174.00
Val - Loss, MSE, RMSE, MAE, MAPE: 38384864.00, 38384863.00, 6141.53, 4734.36, 5.99%
Test - Best epoch, Loss, MSE, RMSE, MAE, MAPE: 59, 75513648.00, 75513652.00, 8688.21, 6310.41, 7.18%
- Epoch 061, ExpID 16634
Train - Loss: 29692393.60
Val - Loss, MSE, RMSE, MAE, MAPE: 38399224.00, 38399222.00, 6136.70, 4723.93, 5.96%
Test - Best epoch, Loss, MSE, RMSE, MAE, MAPE: 59, 75513648.00, 75513652.00, 8688.21, 6310.41, 7.18%
- Epoch 062, ExpID 16634
Train - Loss: 29563431.50
Val - Loss, MSE, RMSE, MAE, MAPE: 38418652.00, 38418651.00, 6144.72, 4736.26, 5.99%
Test - Best epoch, Loss, MSE, RMSE, MAE, MAPE: 59, 75513648.00, 75513652.00, 8688.21, 6310.41, 7.18%
- Epoch 063, ExpID 16634
Train - Loss: 29430889.90
Val - Loss, MSE, RMSE, MAE, MAPE: 37687088.00, 37687090.00, 6082.90, 4681.79, 5.92%
Test - Best epoch, Loss, MSE, RMSE, MAE, MAPE: 63, 76010480.00, 76010476.00, 8717.08, 6332.96, 7.19%
- Epoch 064, ExpID 16634
Train - Loss: 29460900.70
Val - Loss, MSE, RMSE, MAE, MAPE: 37796188.00, 37796188.00, 6090.55, 4684.12, 5.92%
Test - Best epoch, Loss, MSE, RMSE, MAE, MAPE: 63, 76010480.00, 76010476.00, 8717.08, 6332.96, 7.19%
- Epoch 065, ExpID 16634
Train - Loss: 29289521.20
Val - Loss, MSE, RMSE, MAE, MAPE: 37768020.00, 37768021.00, 6085.77, 4677.08, 5.90%
Test - Best epoch, Loss, MSE, RMSE, MAE, MAPE: 63, 76010480.00, 76010476.00, 8717.08, 6332.96, 7.19%
- Epoch 066, ExpID 16634
Train - Loss: 29245807.50
Val - Loss, MSE, RMSE, MAE, MAPE: 37720496.00, 37720498.00, 6080.31, 4672.03, 5.89%
Test - Best epoch, Loss, MSE, RMSE, MAE, MAPE: 63, 76010480.00, 76010476.00, 8717.08, 6332.96, 7.19%
- Epoch 067, ExpID 16634
Train - Loss: 29247156.40
Val - Loss, MSE, RMSE, MAE, MAPE: 37071036.00, 37071035.00, 6028.53, 4631.48, 5.85%
Test - Best epoch, Loss, MSE, RMSE, MAE, MAPE: 67, 75892688.00, 75892692.00, 8710.54, 6333.48, 7.19%
- Epoch 068, ExpID 16634
Train - Loss: 29157246.10
Val - Loss, MSE, RMSE, MAE, MAPE: 37683248.00, 37683246.00, 6080.23, 4668.73, 5.89%
Test - Best epoch, Loss, MSE, RMSE, MAE, MAPE: 67, 75892688.00, 75892692.00, 8710.54, 6333.48, 7.19%
- Epoch 069, ExpID 16634
Train - Loss: 29172075.20
Val - Loss, MSE, RMSE, MAE, MAPE: 37670496.00, 37670497.00, 6074.44, 4660.79, 5.87%
Test - Best epoch, Loss, MSE, RMSE, MAE, MAPE: 67, 75892688.00, 75892692.00, 8710.54, 6333.48, 7.19%
- Epoch 070, ExpID 16634
Train - Loss: 29136609.80
Val - Loss, MSE, RMSE, MAE, MAPE: 37178120.00, 37178121.00, 6032.16, 4625.14, 5.83%
Test - Best epoch, Loss, MSE, RMSE, MAE, MAPE: 67, 75892688.00, 75892692.00, 8710.54, 6333.48, 7.19%
- Epoch 071, ExpID 16634
Train - Loss: 29177004.50
Val - Loss, MSE, RMSE, MAE, MAPE: 37172332.00, 37172332.00, 6040.96, 4642.54, 5.87%
Test - Best epoch, Loss, MSE, RMSE, MAE, MAPE: 67, 75892688.00, 75892692.00, 8710.54, 6333.48, 7.19%
- Epoch 072, ExpID 16634
Train - Loss: 28915601.50
Val - Loss, MSE, RMSE, MAE, MAPE: 37446332.00, 37446333.00, 6061.37, 4651.83, 5.87%
Test - Best epoch, Loss, MSE, RMSE, MAE, MAPE: 67, 75892688.00, 75892692.00, 8710.54, 6333.48, 7.19%
- Epoch 073, ExpID 16634
Train - Loss: 28786065.50
Val - Loss, MSE, RMSE, MAE, MAPE: 36906572.00, 36906573.00, 6010.73, 4606.50, 5.81%
Test - Best epoch, Loss, MSE, RMSE, MAE, MAPE: 73, 76807224.00, 76807224.00, 8762.84, 6374.16, 7.23%
- Epoch 074, ExpID 16634
Train - Loss: 28991119.70
Val - Loss, MSE, RMSE, MAE, MAPE: 37250512.00, 37250511.00, 6052.02, 4648.76, 5.88%
Test - Best epoch, Loss, MSE, RMSE, MAE, MAPE: 73, 76807224.00, 76807224.00, 8762.84, 6374.16, 7.23%
- Epoch 075, ExpID 16634
Train - Loss: 28767502.20
Val - Loss, MSE, RMSE, MAE, MAPE: 37378936.00, 37378937.00, 6050.51, 4635.63, 5.84%
Test - Best epoch, Loss, MSE, RMSE, MAE, MAPE: 73, 76807224.00, 76807224.00, 8762.84, 6374.16, 7.23%
- Epoch 076, ExpID 16634
Train - Loss: 28819371.20
Val - Loss, MSE, RMSE, MAE, MAPE: 37050504.00, 37050503.00, 6038.62, 4636.45, 5.87%
Test - Best epoch, Loss, MSE, RMSE, MAE, MAPE: 73, 76807224.00, 76807224.00, 8762.84, 6374.16, 7.23%
- Epoch 077, ExpID 16634
Train - Loss: 28732781.40
Val - Loss, MSE, RMSE, MAE, MAPE: 36769052.00, 36769053.00, 5999.32, 4593.28, 5.79%
Test - Best epoch, Loss, MSE, RMSE, MAE, MAPE: 77, 76510784.00, 76510780.00, 8745.67, 6355.28, 7.20%
- Epoch 078, ExpID 16634
Train - Loss: 28729539.10
Val - Loss, MSE, RMSE, MAE, MAPE: 36533304.00, 36533305.00, 5982.88, 4581.06, 5.78%
Test - Best epoch, Loss, MSE, RMSE, MAE, MAPE: 78, 76171824.00, 76171824.00, 8726.46, 6340.88, 7.19%
- Epoch 079, ExpID 16634
Train - Loss: 28562997.30
Val - Loss, MSE, RMSE, MAE, MAPE: 36761208.00, 36761210.00, 6002.13, 4599.07, 5.80%
Test - Best epoch, Loss, MSE, RMSE, MAE, MAPE: 78, 76171824.00, 76171824.00, 8726.46, 6340.88, 7.19%
- Epoch 080, ExpID 16634
Train - Loss: 28468524.70
Val - Loss, MSE, RMSE, MAE, MAPE: 36563672.00, 36563673.00, 5984.29, 4583.63, 5.78%
Test - Best epoch, Loss, MSE, RMSE, MAE, MAPE: 78, 76171824.00, 76171824.00, 8726.46, 6340.88, 7.19%
- Epoch 081, ExpID 16634
Train - Loss: 28657924.80
Val - Loss, MSE, RMSE, MAE, MAPE: 36655280.00, 36655278.00, 5994.79, 4588.66, 5.79%
Test - Best epoch, Loss, MSE, RMSE, MAE, MAPE: 78, 76171824.00, 76171824.00, 8726.46, 6340.88, 7.19%
- Epoch 082, ExpID 16634
Train - Loss: 28498700.40
Val - Loss, MSE, RMSE, MAE, MAPE: 36678564.00, 36678563.00, 5994.36, 4585.02, 5.78%
Test - Best epoch, Loss, MSE, RMSE, MAE, MAPE: 78, 76171824.00, 76171824.00, 8726.46, 6340.88, 7.19%
- Epoch 083, ExpID 16634
Train - Loss: 28533714.60
Val - Loss, MSE, RMSE, MAE, MAPE: 36640060.00, 36640059.00, 5988.43, 4578.18, 5.76%
Test - Best epoch, Loss, MSE, RMSE, MAE, MAPE: 78, 76171824.00, 76171824.00, 8726.46, 6340.88, 7.19%
- Epoch 084, ExpID 16634
Train - Loss: 28489644.70
Val - Loss, MSE, RMSE, MAE, MAPE: 36448788.00, 36448788.00, 5972.28, 4564.77, 5.75%
Test - Best epoch, Loss, MSE, RMSE, MAE, MAPE: 84, 77198576.00, 77198580.00, 8785.25, 6404.46, 7.26%
- Epoch 085, ExpID 16634
Train - Loss: 28302518.70
Val - Loss, MSE, RMSE, MAE, MAPE: 36473024.00, 36473023.00, 5968.19, 4553.66, 5.72%
Test - Best epoch, Loss, MSE, RMSE, MAE, MAPE: 84, 77198576.00, 77198580.00, 8785.25, 6404.46, 7.26%
- Epoch 086, ExpID 16634
Train - Loss: 28078216.90
Val - Loss, MSE, RMSE, MAE, MAPE: 36323344.00, 36323346.00, 5970.32, 4569.82, 5.77%
Test - Best epoch, Loss, MSE, RMSE, MAE, MAPE: 86, 76184272.00, 76184268.00, 8726.84, 6359.46, 7.22%
- Epoch 087, ExpID 16634
Train - Loss: 28304818.90
Val - Loss, MSE, RMSE, MAE, MAPE: 36548600.00, 36548602.00, 5980.17, 4571.55, 5.75%
Test - Best epoch, Loss, MSE, RMSE, MAE, MAPE: 86, 76184272.00, 76184268.00, 8726.84, 6359.46, 7.22%
- Epoch 088, ExpID 16634
Train - Loss: 28225747.40
Val - Loss, MSE, RMSE, MAE, MAPE: 36515792.00, 36515792.00, 5977.33, 4563.95, 5.74%
Test - Best epoch, Loss, MSE, RMSE, MAE, MAPE: 86, 76184272.00, 76184268.00, 8726.84, 6359.46, 7.22%
- Epoch 089, ExpID 16634
Train - Loss: 28196945.80
Val - Loss, MSE, RMSE, MAE, MAPE: 36368320.00, 36368319.00, 5960.47, 4552.61, 5.72%
Test - Best epoch, Loss, MSE, RMSE, MAE, MAPE: 86, 76184272.00, 76184268.00, 8726.84, 6359.46, 7.22%
- Epoch 090, ExpID 16634
Train - Loss: 28186396.30
Val - Loss, MSE, RMSE, MAE, MAPE: 35910496.00, 35910495.00, 5927.98, 4528.23, 5.70%
Test - Best epoch, Loss, MSE, RMSE, MAE, MAPE: 90, 77013232.00, 77013236.00, 8775.07, 6404.07, 7.26%
- Epoch 091, ExpID 16634
Train - Loss: 27997821.30
Val - Loss, MSE, RMSE, MAE, MAPE: 36002056.00, 36002056.00, 5937.47, 4538.63, 5.72%
Test - Best epoch, Loss, MSE, RMSE, MAE, MAPE: 90, 77013232.00, 77013236.00, 8775.07, 6404.07, 7.26%
- Epoch 092, ExpID 16634
Train - Loss: 28030641.10
Val - Loss, MSE, RMSE, MAE, MAPE: 36220132.00, 36220131.00, 5951.08, 4537.49, 5.70%
Test - Best epoch, Loss, MSE, RMSE, MAE, MAPE: 90, 77013232.00, 77013236.00, 8775.07, 6404.07, 7.26%
- Epoch 093, ExpID 16634
Train - Loss: 27871867.30
Val - Loss, MSE, RMSE, MAE, MAPE: 36483028.00, 36483029.00, 5982.07, 4575.82, 5.76%
Test - Best epoch, Loss, MSE, RMSE, MAE, MAPE: 90, 77013232.00, 77013236.00, 8775.07, 6404.07, 7.26%
- Epoch 094, ExpID 16634
Train - Loss: 27961446.20
Val - Loss, MSE, RMSE, MAE, MAPE: 36187424.00, 36187424.00, 5952.29, 4546.34, 5.72%
Test - Best epoch, Loss, MSE, RMSE, MAE, MAPE: 90, 77013232.00, 77013236.00, 8775.07, 6404.07, 7.26%
- Epoch 095, ExpID 16634
Train - Loss: 27859410.70
Val - Loss, MSE, RMSE, MAE, MAPE: 36061112.00, 36061112.00, 5934.00, 4524.79, 5.68%
Test - Best epoch, Loss, MSE, RMSE, MAE, MAPE: 90, 77013232.00, 77013236.00, 8775.07, 6404.07, 7.26%
- Epoch 096, ExpID 16634
Train - Loss: 27894529.60
Val - Loss, MSE, RMSE, MAE, MAPE: 35747992.00, 35747994.00, 5913.48, 4516.70, 5.69%
Test - Best epoch, Loss, MSE, RMSE, MAE, MAPE: 96, 77075600.00, 77075596.00, 8778.42, 6409.82, 7.27%
- Epoch 097, ExpID 16634
Train - Loss: 28010535.10
Val - Loss, MSE, RMSE, MAE, MAPE: 36221460.00, 36221459.00, 5946.01, 4531.60, 5.68%
Test - Best epoch, Loss, MSE, RMSE, MAE, MAPE: 96, 77075600.00, 77075596.00, 8778.42, 6409.82, 7.27%
- Epoch 098, ExpID 16634
Train - Loss: 27651681.90
Val - Loss, MSE, RMSE, MAE, MAPE: 35875440.00, 35875440.00, 5924.28, 4518.09, 5.68%
Test - Best epoch, Loss, MSE, RMSE, MAE, MAPE: 96, 77075600.00, 77075596.00, 8778.42, 6409.82, 7.27%
- Epoch 099, ExpID 16634
Train - Loss: 27940666.00
Val - Loss, MSE, RMSE, MAE, MAPE: 36224736.00, 36224738.00, 5950.64, 4541.28, 5.70%
Test - Best epoch, Loss, MSE, RMSE, MAE, MAPE: 96, 77075600.00, 77075596.00, 8778.42, 6409.82, 7.27%
- Epoch 100, ExpID 16634
Train - Loss: 27911626.10
Val - Loss, MSE, RMSE, MAE, MAPE: 35640016.00, 35640016.00, 5901.90, 4503.69, 5.66%
Test - Best epoch, Loss, MSE, RMSE, MAE, MAPE: 100, 77660448.00, 77660452.00, 8812.13, 6438.87, 7.29%
- Epoch 101, ExpID 16634
Train - Loss: 27502238.50
Val - Loss, MSE, RMSE, MAE, MAPE: 35787644.00, 35787644.00, 5915.20, 4512.05, 5.67%
Test - Best epoch, Loss, MSE, RMSE, MAE, MAPE: 100, 77660448.00, 77660452.00, 8812.13, 6438.87, 7.29%
- Epoch 102, ExpID 16634
Train - Loss: 27488232.50
Val - Loss, MSE, RMSE, MAE, MAPE: 35437064.00, 35437065.00, 5886.58, 4484.97, 5.64%
Test - Best epoch, Loss, MSE, RMSE, MAE, MAPE: 102, 77764096.00, 77764100.00, 8818.05, 6447.35, 7.30%
- Epoch 103, ExpID 16634
Train - Loss: 27537436.70
Val - Loss, MSE, RMSE, MAE, MAPE: 35550088.00, 35550087.00, 5894.04, 4492.58, 5.65%
Test - Best epoch, Loss, MSE, RMSE, MAE, MAPE: 102, 77764096.00, 77764100.00, 8818.05, 6447.35, 7.30%
- Epoch 104, ExpID 16634
Train - Loss: 27337595.00
Val - Loss, MSE, RMSE, MAE, MAPE: 35973940.00, 35973939.00, 5918.10, 4502.74, 5.64%
Test - Best epoch, Loss, MSE, RMSE, MAE, MAPE: 102, 77764096.00, 77764100.00, 8818.05, 6447.35, 7.30%
- Epoch 105, ExpID 16634
Train - Loss: 27415176.10
Val - Loss, MSE, RMSE, MAE, MAPE: 35611324.00, 35611325.00, 5898.83, 4498.60, 5.65%
Test - Best epoch, Loss, MSE, RMSE, MAE, MAPE: 102, 77764096.00, 77764100.00, 8818.05, 6447.35, 7.30%
- Epoch 106, ExpID 16634
Train - Loss: 27212697.50
Val - Loss, MSE, RMSE, MAE, MAPE: 35591688.00, 35591687.00, 5894.42, 4488.49, 5.63%
Test - Best epoch, Loss, MSE, RMSE, MAE, MAPE: 102, 77764096.00, 77764100.00, 8818.05, 6447.35, 7.30%
- Epoch 107, ExpID 16634
Train - Loss: 27338680.60
Val - Loss, MSE, RMSE, MAE, MAPE: 35773872.00, 35773870.00, 5914.77, 4508.77, 5.66%
Test - Best epoch, Loss, MSE, RMSE, MAE, MAPE: 102, 77764096.00, 77764100.00, 8818.05, 6447.35, 7.30%
- Epoch 108, ExpID 16634
Train - Loss: 27417755.20
Val - Loss, MSE, RMSE, MAE, MAPE: 35684892.00, 35684893.00, 5893.89, 4481.41, 5.61%
Test - Best epoch, Loss, MSE, RMSE, MAE, MAPE: 102, 77764096.00, 77764100.00, 8818.05, 6447.35, 7.30%
- Epoch 109, ExpID 16634
Train - Loss: 27209026.60
Val - Loss, MSE, RMSE, MAE, MAPE: 35863352.00, 35863351.00, 5912.95, 4501.42, 5.64%
Test - Best epoch, Loss, MSE, RMSE, MAE, MAPE: 102, 77764096.00, 77764100.00, 8818.05, 6447.35, 7.30%
- Epoch 110, ExpID 16634
Train - Loss: 27156399.40
Val - Loss, MSE, RMSE, MAE, MAPE: 35377416.00, 35377417.00, 5876.94, 4476.20, 5.62%
Test - Best epoch, Loss, MSE, RMSE, MAE, MAPE: 110, 78806672.00, 78806668.00, 8877.05, 6505.81, 7.37%
- Epoch 111, ExpID 16634
Train - Loss: 27027294.20
Val - Loss, MSE, RMSE, MAE, MAPE: 35539536.00, 35539535.00, 5889.04, 4481.44, 5.62%
Test - Best epoch, Loss, MSE, RMSE, MAE, MAPE: 110, 78806672.00, 78806668.00, 8877.05, 6505.81, 7.37%
- Epoch 112, ExpID 16634
Train - Loss: 27035068.80
Val - Loss, MSE, RMSE, MAE, MAPE: 35821504.00, 35821504.00, 5921.41, 4518.84, 5.68%
Test - Best epoch, Loss, MSE, RMSE, MAE, MAPE: 110, 78806672.00, 78806668.00, 8877.05, 6505.81, 7.37%
- Epoch 113, ExpID 16634
Train - Loss: 26981355.90
Val - Loss, MSE, RMSE, MAE, MAPE: 35702912.00, 35702910.00, 5897.82, 4485.63, 5.62%
Test - Best epoch, Loss, MSE, RMSE, MAE, MAPE: 110, 78806672.00, 78806668.00, 8877.05, 6505.81, 7.37%
- Epoch 114, ExpID 16634
Train - Loss: 26742391.30
Val - Loss, MSE, RMSE, MAE, MAPE: 35659988.00, 35659988.00, 5898.50, 4486.47, 5.62%
Test - Best epoch, Loss, MSE, RMSE, MAE, MAPE: 110, 78806672.00, 78806668.00, 8877.05, 6505.81, 7.37%
- Epoch 115, ExpID 16634
Train - Loss: 26948491.50
Val - Loss, MSE, RMSE, MAE, MAPE: 35744364.00, 35744363.00, 5905.65, 4496.63, 5.64%
Test - Best epoch, Loss, MSE, RMSE, MAE, MAPE: 110, 78806672.00, 78806668.00, 8877.05, 6505.81, 7.37%
- Epoch 116, ExpID 16634
Train - Loss: 27016932.70
Val - Loss, MSE, RMSE, MAE, MAPE: 35613364.00, 35613363.00, 5893.42, 4484.16, 5.62%
Test - Best epoch, Loss, MSE, RMSE, MAE, MAPE: 110, 78806672.00, 78806668.00, 8877.05, 6505.81, 7.37%
- Epoch 117, ExpID 16634
Train - Loss: 26846112.20
Val - Loss, MSE, RMSE, MAE, MAPE: 35712800.00, 35712800.00, 5896.20, 4484.76, 5.61%
Test - Best epoch, Loss, MSE, RMSE, MAE, MAPE: 110, 78806672.00, 78806668.00, 8877.05, 6505.81, 7.37%
- Epoch 118, ExpID 16634
Train - Loss: 26962873.60
Val - Loss, MSE, RMSE, MAE, MAPE: 35437736.00, 35437734.00, 5873.41, 4465.03, 5.59%
Test - Best epoch, Loss, MSE, RMSE, MAE, MAPE: 110, 78806672.00, 78806668.00, 8877.05, 6505.81, 7.37%
- Epoch 119, ExpID 16634
Train - Loss: 26860728.30
Val - Loss, MSE, RMSE, MAE, MAPE: 36083864.00, 36083866.00, 5920.48, 4498.25, 5.61%
Test - Best epoch, Loss, MSE, RMSE, MAE, MAPE: 110, 78806672.00, 78806668.00, 8877.05, 6505.81, 7.37%
- Epoch 120, ExpID 16634
Train - Loss: 26741930.00
Val - Loss, MSE, RMSE, MAE, MAPE: 35580104.00, 35580104.00, 5903.27, 4501.05, 5.66%
Test - Best epoch, Loss, MSE, RMSE, MAE, MAPE: 110, 78806672.00, 78806668.00, 8877.05, 6505.81, 7.37%
Early Stopping at Epoch 120
Fold 2017 Best RMSE: 8877.0474

-------------------- [Fold: 2018] ExpID: 57984 --------------------
- Epoch 000, ExpID 57984
Train - Loss: 63191990.67
Val - Loss, MSE, RMSE, MAE, MAPE: 112228464.00, 112228464.00, 10567.97, 8423.19, 9.90%
Test - Best epoch, Loss, MSE, RMSE, MAE, MAPE: 0, 78994408.00, 78994408.00, 8871.79, 7140.55, 7.81%
- Epoch 001, ExpID 57984
Train - Loss: 54647652.19
Val - Loss, MSE, RMSE, MAE, MAPE: 97969160.00, 97969160.00, 9862.64, 7754.52, 9.08%
Test - Best epoch, Loss, MSE, RMSE, MAE, MAPE: 1, 67099712.00, 67099714.00, 8163.89, 6510.01, 7.12%
- Epoch 002, ExpID 57984
Train - Loss: 49836362.86
Val - Loss, MSE, RMSE, MAE, MAPE: 90020216.00, 90020216.00, 9447.29, 7323.50, 8.55%
Test - Best epoch, Loss, MSE, RMSE, MAE, MAPE: 2, 60762232.00, 60762230.00, 7757.00, 6117.83, 6.68%
- Epoch 003, ExpID 57984
Train - Loss: 47086064.19
Val - Loss, MSE, RMSE, MAE, MAPE: 85377520.00, 85377520.00, 9199.81, 7042.11, 8.20%
Test - Best epoch, Loss, MSE, RMSE, MAE, MAPE: 3, 57304544.00, 57304542.00, 7526.26, 5902.04, 6.44%
- Epoch 004, ExpID 57984
Train - Loss: 45219928.00
Val - Loss, MSE, RMSE, MAE, MAPE: 81963888.00, 81963888.00, 9016.77, 6819.13, 7.91%
Test - Best epoch, Loss, MSE, RMSE, MAE, MAPE: 4, 54938576.00, 54938576.00, 7365.71, 5762.24, 6.29%
- Epoch 005, ExpID 57984
Train - Loss: 43838879.81
Val - Loss, MSE, RMSE, MAE, MAPE: 79315320.00, 79315320.00, 8875.34, 6637.55, 7.68%
Test - Best epoch, Loss, MSE, RMSE, MAE, MAPE: 5, 53179864.00, 53179864.00, 7246.78, 5668.51, 6.18%
- Epoch 006, ExpID 57984
Train - Loss: 42465785.14
Val - Loss, MSE, RMSE, MAE, MAPE: 77114520.00, 77114522.00, 8757.66, 6487.69, 7.48%
Test - Best epoch, Loss, MSE, RMSE, MAE, MAPE: 6, 51712124.00, 51712124.00, 7147.68, 5589.68, 6.09%
- Epoch 007, ExpID 57984
Train - Loss: 41497709.33
Val - Loss, MSE, RMSE, MAE, MAPE: 75278576.00, 75278572.00, 8659.59, 6350.75, 7.30%
Test - Best epoch, Loss, MSE, RMSE, MAE, MAPE: 7, 50439056.00, 50439056.00, 7062.33, 5522.22, 6.02%
- Epoch 008, ExpID 57984
Train - Loss: 40451516.38
Val - Loss, MSE, RMSE, MAE, MAPE: 73940592.00, 73940588.00, 8588.27, 6236.35, 7.14%
Test - Best epoch, Loss, MSE, RMSE, MAE, MAPE: 8, 49426596.00, 49426596.00, 6995.21, 5473.84, 5.96%
- Epoch 009, ExpID 57984
Train - Loss: 39713364.00
Val - Loss, MSE, RMSE, MAE, MAPE: 72989384.00, 72989384.00, 8537.56, 6157.96, 7.03%
Test - Best epoch, Loss, MSE, RMSE, MAE, MAPE: 9, 48548336.00, 48548336.00, 6937.20, 5436.96, 5.91%
- Epoch 010, ExpID 57984
Train - Loss: 39116253.71
Val - Loss, MSE, RMSE, MAE, MAPE: 72223248.00, 72223244.00, 8495.18, 6093.74, 6.94%
Test - Best epoch, Loss, MSE, RMSE, MAE, MAPE: 10, 47939096.00, 47939098.00, 6897.10, 5408.60, 5.88%
- Epoch 011, ExpID 57984
Train - Loss: 38574661.90
Val - Loss, MSE, RMSE, MAE, MAPE: 71471040.00, 71471044.00, 8452.19, 6050.47, 6.89%
Test - Best epoch, Loss, MSE, RMSE, MAE, MAPE: 11, 47283156.00, 47283156.00, 6851.31, 5378.72, 5.85%
- Epoch 012, ExpID 57984
Train - Loss: 38098570.10
Val - Loss, MSE, RMSE, MAE, MAPE: 71010352.00, 71010348.00, 8425.68, 6024.25, 6.85%
Test - Best epoch, Loss, MSE, RMSE, MAE, MAPE: 12, 46896272.00, 46896272.00, 6825.27, 5361.74, 5.83%
- Epoch 013, ExpID 57984
Train - Loss: 37788794.67
Val - Loss, MSE, RMSE, MAE, MAPE: 71067992.00, 71067992.00, 8429.51, 6022.80, 6.84%
Test - Best epoch, Loss, MSE, RMSE, MAE, MAPE: 12, 46896272.00, 46896272.00, 6825.27, 5361.74, 5.83%
- Epoch 014, ExpID 57984
Train - Loss: 37269056.67
Val - Loss, MSE, RMSE, MAE, MAPE: 70428744.00, 70428744.00, 8391.62, 6000.07, 6.82%
Test - Best epoch, Loss, MSE, RMSE, MAE, MAPE: 14, 46462384.00, 46462386.00, 6795.44, 5347.37, 5.81%
- Epoch 015, ExpID 57984
Train - Loss: 36998250.00
Val - Loss, MSE, RMSE, MAE, MAPE: 69868336.00, 69868340.00, 8358.14, 5976.65, 6.81%
Test - Best epoch, Loss, MSE, RMSE, MAE, MAPE: 15, 46290356.00, 46290356.00, 6782.89, 5339.41, 5.81%
- Epoch 016, ExpID 57984
Train - Loss: 36624604.76
Val - Loss, MSE, RMSE, MAE, MAPE: 69775200.00, 69775204.00, 8352.70, 5980.80, 6.81%
Test - Best epoch, Loss, MSE, RMSE, MAE, MAPE: 16, 46270484.00, 46270484.00, 6782.45, 5345.21, 5.82%
- Epoch 017, ExpID 57984
Train - Loss: 36315888.86
Val - Loss, MSE, RMSE, MAE, MAPE: 69339464.00, 69339464.00, 8326.55, 5971.48, 6.81%
Test - Best epoch, Loss, MSE, RMSE, MAE, MAPE: 17, 46200388.00, 46200388.00, 6777.20, 5339.71, 5.82%
- Epoch 018, ExpID 57984
Train - Loss: 36064764.95
Val - Loss, MSE, RMSE, MAE, MAPE: 69519360.00, 69519364.00, 8337.28, 5987.84, 6.84%
Test - Best epoch, Loss, MSE, RMSE, MAE, MAPE: 17, 46200388.00, 46200388.00, 6777.20, 5339.71, 5.82%
- Epoch 019, ExpID 57984
Train - Loss: 35571202.86
Val - Loss, MSE, RMSE, MAE, MAPE: 69774864.00, 69774868.00, 8352.53, 6004.09, 6.86%
Test - Best epoch, Loss, MSE, RMSE, MAE, MAPE: 17, 46200388.00, 46200388.00, 6777.20, 5339.71, 5.82%
- Epoch 020, ExpID 57984
Train - Loss: 35331886.00
Val - Loss, MSE, RMSE, MAE, MAPE: 70448776.00, 70448776.00, 8392.90, 6046.70, 6.90%
Test - Best epoch, Loss, MSE, RMSE, MAE, MAPE: 17, 46200388.00, 46200388.00, 6777.20, 5339.71, 5.82%
- Epoch 021, ExpID 57984
Train - Loss: 35144395.14
Val - Loss, MSE, RMSE, MAE, MAPE: 71302976.00, 71302980.00, 8443.47, 6097.96, 6.97%
Test - Best epoch, Loss, MSE, RMSE, MAE, MAPE: 17, 46200388.00, 46200388.00, 6777.20, 5339.71, 5.82%
- Epoch 022, ExpID 57984
Train - Loss: 34810112.48
Val - Loss, MSE, RMSE, MAE, MAPE: 71817232.00, 71817228.00, 8474.11, 6138.36, 7.01%
Test - Best epoch, Loss, MSE, RMSE, MAE, MAPE: 17, 46200388.00, 46200388.00, 6777.20, 5339.71, 5.82%
- Epoch 023, ExpID 57984
Train - Loss: 34638936.95
Val - Loss, MSE, RMSE, MAE, MAPE: 72270600.00, 72270600.00, 8500.76, 6181.74, 7.07%
Test - Best epoch, Loss, MSE, RMSE, MAE, MAPE: 17, 46200388.00, 46200388.00, 6777.20, 5339.71, 5.82%
- Epoch 024, ExpID 57984
Train - Loss: 34520160.48
Val - Loss, MSE, RMSE, MAE, MAPE: 73283688.00, 73283688.00, 8560.36, 6230.73, 7.12%
Test - Best epoch, Loss, MSE, RMSE, MAE, MAPE: 17, 46200388.00, 46200388.00, 6777.20, 5339.71, 5.82%
- Epoch 025, ExpID 57984
Train - Loss: 34183677.71
Val - Loss, MSE, RMSE, MAE, MAPE: 74113752.00, 74113752.00, 8608.81, 6274.94, 7.16%
Test - Best epoch, Loss, MSE, RMSE, MAE, MAPE: 17, 46200388.00, 46200388.00, 6777.20, 5339.71, 5.82%
- Epoch 026, ExpID 57984
Train - Loss: 33970153.24
Val - Loss, MSE, RMSE, MAE, MAPE: 74420064.00, 74420064.00, 8626.60, 6303.91, 7.20%
Test - Best epoch, Loss, MSE, RMSE, MAE, MAPE: 17, 46200388.00, 46200388.00, 6777.20, 5339.71, 5.82%
- Epoch 027, ExpID 57984
Train - Loss: 33822787.81
Val - Loss, MSE, RMSE, MAE, MAPE: 75020368.00, 75020372.00, 8661.36, 6337.99, 7.24%
Test - Best epoch, Loss, MSE, RMSE, MAE, MAPE: 17, 46200388.00, 46200388.00, 6777.20, 5339.71, 5.82%
Early Stopping at Epoch 27
Fold 2018 Best RMSE: 6777.2000

-------------------- [Fold: 2019] ExpID: 82635 --------------------
- Epoch 000, ExpID 82635
Train - Loss: 63787383.65
Val - Loss, MSE, RMSE, MAE, MAPE: 73928720.00, 73928724.00, 8583.62, 6865.64, 7.53%
Test - Best epoch, Loss, MSE, RMSE, MAE, MAPE: 0, 86281832.00, 86281832.00, 9274.11, 7456.35, 8.01%
- Epoch 001, ExpID 82635
Train - Loss: 56486429.04
Val - Loss, MSE, RMSE, MAE, MAPE: 64205744.00, 64205746.00, 7987.69, 6325.17, 6.92%
Test - Best epoch, Loss, MSE, RMSE, MAE, MAPE: 1, 70279136.00, 70279132.00, 8338.28, 6663.26, 7.14%
- Epoch 002, ExpID 82635
Train - Loss: 52255850.26
Val - Loss, MSE, RMSE, MAE, MAPE: 59177016.00, 59177014.00, 7659.39, 6023.47, 6.59%
Test - Best epoch, Loss, MSE, RMSE, MAE, MAPE: 2, 62458440.00, 62458442.00, 7828.98, 6247.50, 6.68%
- Epoch 003, ExpID 82635
Train - Loss: 49746110.43
Val - Loss, MSE, RMSE, MAE, MAPE: 56230084.00, 56230084.00, 7459.85, 5847.10, 6.39%
Test - Best epoch, Loss, MSE, RMSE, MAE, MAPE: 3, 58115040.00, 58115038.00, 7526.06, 5999.84, 6.41%
- Epoch 004, ExpID 82635
Train - Loss: 48007429.04
Val - Loss, MSE, RMSE, MAE, MAPE: 54202564.00, 54202564.00, 7321.09, 5731.45, 6.26%
Test - Best epoch, Loss, MSE, RMSE, MAE, MAPE: 4, 55168400.00, 55168398.00, 7310.98, 5822.57, 6.21%
- Epoch 005, ExpID 82635
Train - Loss: 46548345.91
Val - Loss, MSE, RMSE, MAE, MAPE: 52698608.00, 52698608.00, 7218.10, 5645.64, 6.16%
Test - Best epoch, Loss, MSE, RMSE, MAE, MAPE: 5, 53158976.00, 53158974.00, 7163.44, 5697.67, 6.08%
- Epoch 006, ExpID 82635
Train - Loss: 45014610.26
Val - Loss, MSE, RMSE, MAE, MAPE: 51353744.00, 51353742.00, 7126.03, 5572.04, 6.08%
Test - Best epoch, Loss, MSE, RMSE, MAE, MAPE: 6, 51428276.00, 51428275.00, 7033.46, 5585.46, 5.96%
- Epoch 007, ExpID 82635
Train - Loss: 44026325.22
Val - Loss, MSE, RMSE, MAE, MAPE: 50224016.00, 50224018.00, 7050.56, 5517.20, 6.02%
Test - Best epoch, Loss, MSE, RMSE, MAE, MAPE: 7, 49829348.00, 49829349.00, 6910.63, 5472.20, 5.84%
- Epoch 008, ExpID 82635
Train - Loss: 42838153.39
Val - Loss, MSE, RMSE, MAE, MAPE: 49156484.00, 49156484.00, 6978.87, 5464.96, 5.96%
Test - Best epoch, Loss, MSE, RMSE, MAE, MAPE: 8, 48472244.00, 48472245.00, 6803.36, 5370.41, 5.74%
- Epoch 009, ExpID 82635
Train - Loss: 42140251.65
Val - Loss, MSE, RMSE, MAE, MAPE: 48247952.00, 48247950.00, 6918.06, 5424.40, 5.91%
Test - Best epoch, Loss, MSE, RMSE, MAE, MAPE: 9, 47337592.00, 47337594.00, 6711.36, 5283.08, 5.65%
- Epoch 010, ExpID 82635
Train - Loss: 41499778.43
Val - Loss, MSE, RMSE, MAE, MAPE: 47527864.00, 47527866.00, 6869.54, 5389.92, 5.87%
Test - Best epoch, Loss, MSE, RMSE, MAE, MAPE: 10, 46460696.00, 46460695.00, 6638.66, 5208.45, 5.57%
- Epoch 011, ExpID 82635
Train - Loss: 40831936.70
Val - Loss, MSE, RMSE, MAE, MAPE: 47183976.00, 47183974.00, 6848.59, 5386.22, 5.86%
Test - Best epoch, Loss, MSE, RMSE, MAE, MAPE: 11, 45534480.00, 45534482.00, 6557.04, 5129.62, 5.48%
- Epoch 012, ExpID 82635
Train - Loss: 40374698.09
Val - Loss, MSE, RMSE, MAE, MAPE: 46803592.00, 46803590.00, 6823.60, 5377.17, 5.85%
Test - Best epoch, Loss, MSE, RMSE, MAE, MAPE: 12, 45233304.00, 45233304.00, 6530.04, 5096.10, 5.45%
- Epoch 013, ExpID 82635
Train - Loss: 39761758.78
Val - Loss, MSE, RMSE, MAE, MAPE: 46437376.00, 46437374.00, 6796.71, 5355.97, 5.83%
Test - Best epoch, Loss, MSE, RMSE, MAE, MAPE: 13, 45150688.00, 45150688.00, 6526.25, 5097.87, 5.46%
- Epoch 014, ExpID 82635
Train - Loss: 39450157.39
Val - Loss, MSE, RMSE, MAE, MAPE: 46253400.00, 46253400.00, 6784.85, 5350.66, 5.82%
Test - Best epoch, Loss, MSE, RMSE, MAE, MAPE: 14, 44900192.00, 44900190.00, 6502.60, 5070.64, 5.43%
- Epoch 015, ExpID 82635
Train - Loss: 39182204.87
Val - Loss, MSE, RMSE, MAE, MAPE: 46157104.00, 46157106.00, 6777.72, 5348.73, 5.82%
Test - Best epoch, Loss, MSE, RMSE, MAE, MAPE: 15, 44922712.00, 44922710.00, 6507.14, 5075.36, 5.43%
- Epoch 016, ExpID 82635
Train - Loss: 38740068.35
Val - Loss, MSE, RMSE, MAE, MAPE: 45856856.00, 45856858.00, 6755.09, 5328.87, 5.82%
Test - Best epoch, Loss, MSE, RMSE, MAE, MAPE: 16, 45416336.00, 45416338.00, 6552.16, 5117.45, 5.49%
- Epoch 017, ExpID 82635
Train - Loss: 38698231.13
Val - Loss, MSE, RMSE, MAE, MAPE: 45945528.00, 45945530.00, 6762.53, 5337.51, 5.82%
Test - Best epoch, Loss, MSE, RMSE, MAE, MAPE: 16, 45416336.00, 45416338.00, 6552.16, 5117.45, 5.49%
- Epoch 018, ExpID 82635
Train - Loss: 38412826.26
Val - Loss, MSE, RMSE, MAE, MAPE: 45984308.00, 45984308.00, 6764.83, 5336.99, 5.82%
Test - Best epoch, Loss, MSE, RMSE, MAE, MAPE: 16, 45416336.00, 45416338.00, 6552.16, 5117.45, 5.49%
- Epoch 019, ExpID 82635
Train - Loss: 38187726.61
Val - Loss, MSE, RMSE, MAE, MAPE: 45995756.00, 45995756.00, 6766.39, 5338.76, 5.82%
Test - Best epoch, Loss, MSE, RMSE, MAE, MAPE: 16, 45416336.00, 45416338.00, 6552.16, 5117.45, 5.49%
- Epoch 020, ExpID 82635
Train - Loss: 37973880.35
Val - Loss, MSE, RMSE, MAE, MAPE: 46165816.00, 46165818.00, 6778.39, 5351.46, 5.84%
Test - Best epoch, Loss, MSE, RMSE, MAE, MAPE: 16, 45416336.00, 45416338.00, 6552.16, 5117.45, 5.49%
- Epoch 021, ExpID 82635
Train - Loss: 37467334.96
Val - Loss, MSE, RMSE, MAE, MAPE: 46278216.00, 46278214.00, 6786.65, 5355.41, 5.84%
Test - Best epoch, Loss, MSE, RMSE, MAE, MAPE: 16, 45416336.00, 45416338.00, 6552.16, 5117.45, 5.49%
- Epoch 022, ExpID 82635
Train - Loss: 37568071.30
Val - Loss, MSE, RMSE, MAE, MAPE: 46390752.00, 46390752.00, 6794.26, 5360.08, 5.84%
Test - Best epoch, Loss, MSE, RMSE, MAE, MAPE: 16, 45416336.00, 45416338.00, 6552.16, 5117.45, 5.49%
- Epoch 023, ExpID 82635
Train - Loss: 36910281.57
Val - Loss, MSE, RMSE, MAE, MAPE: 46426776.00, 46426774.00, 6796.65, 5363.12, 5.85%
Test - Best epoch, Loss, MSE, RMSE, MAE, MAPE: 16, 45416336.00, 45416338.00, 6552.16, 5117.45, 5.49%
- Epoch 024, ExpID 82635
Train - Loss: 37290456.00
Val - Loss, MSE, RMSE, MAE, MAPE: 46616528.00, 46616528.00, 6810.37, 5374.85, 5.86%
Test - Best epoch, Loss, MSE, RMSE, MAE, MAPE: 16, 45416336.00, 45416338.00, 6552.16, 5117.45, 5.49%
- Epoch 025, ExpID 82635
Train - Loss: 36827888.70
Val - Loss, MSE, RMSE, MAE, MAPE: 46878220.00, 46878220.00, 6830.05, 5390.59, 5.87%
Test - Best epoch, Loss, MSE, RMSE, MAE, MAPE: 16, 45416336.00, 45416338.00, 6552.16, 5117.45, 5.49%
- Epoch 026, ExpID 82635
Train - Loss: 36431971.57
Val - Loss, MSE, RMSE, MAE, MAPE: 46705848.00, 46705848.00, 6817.33, 5381.31, 5.86%
Test - Best epoch, Loss, MSE, RMSE, MAE, MAPE: 16, 45416336.00, 45416338.00, 6552.16, 5117.45, 5.49%
Early Stopping at Epoch 26
Fold 2019 Best RMSE: 6552.1636
