DETAILED LOG | Model: lstm | Seed: 1
FULL CONFIG: {'gpu': '1', 'target': 'departure', 'cv_start_year': 2017, 'cv_end_year': 2019, 'test_year': 2024, 'use_corona': False, 'seq_len': 28, 'label_len': 0, 'pred_len': 7, 'batch_size': 64, 'epochs': 1000, 'patience': 10, 'lr': 0.001, 'model': 'lstm', 'd_model': 256, 'n_heads': 4, 'n_layers': 3, 'dropout': 0.1, 'activation': 'gelu', 'patch_len': 16, 'factor': 5, 'norm_mode': 'revin', 'use_dbloss': False, 'device': device(type='cuda'), 'stride': 16, 'file_path': 'dataset/airport_daily_flight_merged.csv', 'seed': 1, 'val_year': 2019, 'ndims': 1}

-------------------- [Fold: 2017] ExpID: 2745 --------------------
- Epoch 000, ExpID 2745
Train - Loss: 22338444.65
Val - Loss, MSE, RMSE, MAE, MAPE: 39681056.00, 39681053.00, 6223.86, 4861.58, 6.31%
Test - Best epoch, Loss, MSE, RMSE, MAE, MAPE: 0, 61079580.00, 61079576.67, 7517.30, 5540.80, 6.75%
- Epoch 001, ExpID 2745
Train - Loss: 19721855.91
Val - Loss, MSE, RMSE, MAE, MAPE: 35161228.00, 35161225.00, 5859.50, 4491.32, 5.76%
Test - Best epoch, Loss, MSE, RMSE, MAE, MAPE: 1, 55572188.00, 55572191.67, 7103.88, 5287.67, 6.37%
- Epoch 002, ExpID 2745
Train - Loss: 17264007.90
Val - Loss, MSE, RMSE, MAE, MAPE: 29239564.00, 29239564.33, 5330.89, 3985.54, 5.12%
Test - Best epoch, Loss, MSE, RMSE, MAE, MAPE: 2, 52290432.00, 52290435.00, 6866.75, 4909.46, 5.96%
- Epoch 003, ExpID 2745
Train - Loss: 15475435.78
Val - Loss, MSE, RMSE, MAE, MAPE: 26959284.00, 26959281.17, 5092.72, 3829.51, 4.88%
Test - Best epoch, Loss, MSE, RMSE, MAE, MAPE: 3, 41606464.00, 41606464.67, 6261.81, 4526.12, 5.41%
- Epoch 004, ExpID 2745
Train - Loss: 14920475.11
Val - Loss, MSE, RMSE, MAE, MAPE: 27723220.00, 27723220.00, 5175.96, 3836.95, 4.91%
Test - Best epoch, Loss, MSE, RMSE, MAE, MAPE: 3, 41606464.00, 41606464.67, 6261.81, 4526.12, 5.41%
- Epoch 005, ExpID 2745
Train - Loss: 13942900.44
Val - Loss, MSE, RMSE, MAE, MAPE: 27365888.00, 27365889.67, 5147.28, 3854.48, 4.90%
Test - Best epoch, Loss, MSE, RMSE, MAE, MAPE: 3, 41606464.00, 41606464.67, 6261.81, 4526.12, 5.41%
- Epoch 006, ExpID 2745
Train - Loss: 13017003.09
Val - Loss, MSE, RMSE, MAE, MAPE: 26035324.00, 26035322.17, 4989.61, 3679.48, 4.71%
Test - Best epoch, Loss, MSE, RMSE, MAE, MAPE: 6, 42543408.00, 42543406.67, 6259.53, 4501.11, 5.45%
- Epoch 007, ExpID 2745
Train - Loss: 12075882.03
Val - Loss, MSE, RMSE, MAE, MAPE: 24244420.00, 24244420.50, 4832.82, 3569.45, 4.57%
Test - Best epoch, Loss, MSE, RMSE, MAE, MAPE: 7, 42941092.00, 42941089.67, 6294.24, 4508.51, 5.45%
- Epoch 008, ExpID 2745
Train - Loss: 11421236.24
Val - Loss, MSE, RMSE, MAE, MAPE: 25152904.00, 25152907.00, 4930.60, 3652.72, 4.67%
Test - Best epoch, Loss, MSE, RMSE, MAE, MAPE: 7, 42941092.00, 42941089.67, 6294.24, 4508.51, 5.45%
- Epoch 009, ExpID 2745
Train - Loss: 10087367.04
Val - Loss, MSE, RMSE, MAE, MAPE: 26705838.00, 26705836.50, 5108.34, 3808.08, 4.84%
Test - Best epoch, Loss, MSE, RMSE, MAE, MAPE: 7, 42941092.00, 42941089.67, 6294.24, 4508.51, 5.45%
- Epoch 010, ExpID 2745
Train - Loss: 9084366.58
Val - Loss, MSE, RMSE, MAE, MAPE: 25772940.00, 25772939.67, 5009.01, 3719.79, 4.70%
Test - Best epoch, Loss, MSE, RMSE, MAE, MAPE: 7, 42941092.00, 42941089.67, 6294.24, 4508.51, 5.45%
- Epoch 011, ExpID 2745
Train - Loss: 8122590.16
Val - Loss, MSE, RMSE, MAE, MAPE: 24564976.00, 24564977.50, 4884.30, 3689.43, 4.68%
Test - Best epoch, Loss, MSE, RMSE, MAE, MAPE: 7, 42941092.00, 42941089.67, 6294.24, 4508.51, 5.45%
- Epoch 012, ExpID 2745
Train - Loss: 7052373.62
Val - Loss, MSE, RMSE, MAE, MAPE: 25476916.00, 25476915.50, 4978.97, 3725.14, 4.75%
Test - Best epoch, Loss, MSE, RMSE, MAE, MAPE: 7, 42941092.00, 42941089.67, 6294.24, 4508.51, 5.45%
- Epoch 013, ExpID 2745
Train - Loss: 6257872.96
Val - Loss, MSE, RMSE, MAE, MAPE: 26239494.00, 26239493.33, 5057.66, 3892.15, 4.95%
Test - Best epoch, Loss, MSE, RMSE, MAE, MAPE: 7, 42941092.00, 42941089.67, 6294.24, 4508.51, 5.45%
- Epoch 014, ExpID 2745
Train - Loss: 5261422.81
Val - Loss, MSE, RMSE, MAE, MAPE: 26883830.00, 26883829.83, 5109.08, 3974.64, 5.03%
Test - Best epoch, Loss, MSE, RMSE, MAE, MAPE: 7, 42941092.00, 42941089.67, 6294.24, 4508.51, 5.45%
- Epoch 015, ExpID 2745
Train - Loss: 4511959.62
Val - Loss, MSE, RMSE, MAE, MAPE: 28159494.00, 28159492.67, 5234.70, 4052.89, 5.15%
Test - Best epoch, Loss, MSE, RMSE, MAE, MAPE: 7, 42941092.00, 42941089.67, 6294.24, 4508.51, 5.45%
- Epoch 016, ExpID 2745
Train - Loss: 3948530.58
Val - Loss, MSE, RMSE, MAE, MAPE: 28494774.00, 28494776.00, 5269.18, 4116.25, 5.22%
Test - Best epoch, Loss, MSE, RMSE, MAE, MAPE: 7, 42941092.00, 42941089.67, 6294.24, 4508.51, 5.45%
- Epoch 017, ExpID 2745
Train - Loss: 3423610.54
Val - Loss, MSE, RMSE, MAE, MAPE: 28525868.00, 28525864.33, 5281.03, 4120.07, 5.23%
Test - Best epoch, Loss, MSE, RMSE, MAE, MAPE: 7, 42941092.00, 42941089.67, 6294.24, 4508.51, 5.45%
Early Stopping at Epoch 17
Fold 2017 Best RMSE: 6294.2362

-------------------- [Fold: 2018] ExpID: 50093 --------------------
- Epoch 000, ExpID 50093
Train - Loss: 23417207.95
Val - Loss, MSE, RMSE, MAE, MAPE: 59846256.00, 59846257.00, 7471.48, 5551.73, 6.73%
Test - Best epoch, Loss, MSE, RMSE, MAE, MAPE: 0, 49252060.00, 49252060.00, 6949.05, 5423.52, 5.89%
- Epoch 001, ExpID 50093
Train - Loss: 21003614.77
Val - Loss, MSE, RMSE, MAE, MAPE: 55619832.00, 55619830.33, 7094.59, 5234.15, 6.34%
Test - Best epoch, Loss, MSE, RMSE, MAE, MAPE: 1, 45326352.00, 45326350.33, 6607.20, 5065.84, 5.50%
- Epoch 002, ExpID 50093
Train - Loss: 18621938.42
Val - Loss, MSE, RMSE, MAE, MAPE: 47904592.00, 47904590.67, 6614.67, 4768.31, 5.79%
Test - Best epoch, Loss, MSE, RMSE, MAE, MAPE: 2, 38871028.00, 38871027.00, 6141.96, 4758.24, 5.16%
- Epoch 003, ExpID 50093
Train - Loss: 16612107.28
Val - Loss, MSE, RMSE, MAE, MAPE: 43634936.00, 43634934.67, 6374.36, 4602.57, 5.51%
Test - Best epoch, Loss, MSE, RMSE, MAE, MAPE: 3, 35579068.00, 35579067.00, 5885.45, 4583.22, 4.92%
- Epoch 004, ExpID 50093
Train - Loss: 15233140.95
Val - Loss, MSE, RMSE, MAE, MAPE: 40702776.00, 40702773.33, 6162.68, 4418.79, 5.32%
Test - Best epoch, Loss, MSE, RMSE, MAE, MAPE: 4, 35324056.00, 35324057.67, 5860.69, 4570.11, 4.92%
- Epoch 005, ExpID 50093
Train - Loss: 14622013.74
Val - Loss, MSE, RMSE, MAE, MAPE: 42124472.00, 42124467.67, 6262.12, 4542.04, 5.48%
Test - Best epoch, Loss, MSE, RMSE, MAE, MAPE: 4, 35324056.00, 35324057.67, 5860.69, 4570.11, 4.92%
- Epoch 006, ExpID 50093
Train - Loss: 14089617.90
Val - Loss, MSE, RMSE, MAE, MAPE: 40379168.00, 40379168.67, 6101.06, 4438.76, 5.32%
Test - Best epoch, Loss, MSE, RMSE, MAE, MAPE: 6, 36484312.00, 36484310.00, 5942.16, 4652.90, 5.02%
- Epoch 007, ExpID 50093
Train - Loss: 13491556.62
Val - Loss, MSE, RMSE, MAE, MAPE: 43941000.00, 43940998.33, 6314.70, 4584.69, 5.48%
Test - Best epoch, Loss, MSE, RMSE, MAE, MAPE: 6, 36484312.00, 36484310.00, 5942.16, 4652.90, 5.02%
- Epoch 008, ExpID 50093
Train - Loss: 12129226.76
Val - Loss, MSE, RMSE, MAE, MAPE: 41718828.00, 41718824.67, 6101.95, 4493.10, 5.44%
Test - Best epoch, Loss, MSE, RMSE, MAE, MAPE: 6, 36484312.00, 36484310.00, 5942.16, 4652.90, 5.02%
- Epoch 009, ExpID 50093
Train - Loss: 10832155.21
Val - Loss, MSE, RMSE, MAE, MAPE: 43441840.00, 43441841.67, 6222.62, 4507.89, 5.41%
Test - Best epoch, Loss, MSE, RMSE, MAE, MAPE: 6, 36484312.00, 36484310.00, 5942.16, 4652.90, 5.02%
- Epoch 010, ExpID 50093
Train - Loss: 9729257.98
Val - Loss, MSE, RMSE, MAE, MAPE: 47311608.00, 47311606.33, 6498.93, 4712.00, 5.64%
Test - Best epoch, Loss, MSE, RMSE, MAE, MAPE: 6, 36484312.00, 36484310.00, 5942.16, 4652.90, 5.02%
- Epoch 011, ExpID 50093
Train - Loss: 8637300.07
Val - Loss, MSE, RMSE, MAE, MAPE: 44575692.00, 44575691.67, 6333.52, 4640.29, 5.59%
Test - Best epoch, Loss, MSE, RMSE, MAE, MAPE: 6, 36484312.00, 36484310.00, 5942.16, 4652.90, 5.02%
- Epoch 012, ExpID 50093
Train - Loss: 7706450.43
Val - Loss, MSE, RMSE, MAE, MAPE: 46739248.00, 46739251.00, 6492.37, 4838.59, 5.85%
Test - Best epoch, Loss, MSE, RMSE, MAE, MAPE: 6, 36484312.00, 36484310.00, 5942.16, 4652.90, 5.02%
- Epoch 013, ExpID 50093
Train - Loss: 6817445.92
Val - Loss, MSE, RMSE, MAE, MAPE: 45238552.00, 45238547.67, 6356.68, 4640.04, 5.60%
Test - Best epoch, Loss, MSE, RMSE, MAE, MAPE: 6, 36484312.00, 36484310.00, 5942.16, 4652.90, 5.02%
- Epoch 014, ExpID 50093
Train - Loss: 6398500.13
Val - Loss, MSE, RMSE, MAE, MAPE: 50284028.00, 50284026.00, 6826.00, 5006.31, 6.00%
Test - Best epoch, Loss, MSE, RMSE, MAE, MAPE: 6, 36484312.00, 36484310.00, 5942.16, 4652.90, 5.02%
- Epoch 015, ExpID 50093
Train - Loss: 5970217.61
Val - Loss, MSE, RMSE, MAE, MAPE: 50287052.00, 50287049.67, 6686.40, 4980.72, 6.04%
Test - Best epoch, Loss, MSE, RMSE, MAE, MAPE: 6, 36484312.00, 36484310.00, 5942.16, 4652.90, 5.02%
- Epoch 016, ExpID 50093
Train - Loss: 4893842.67
Val - Loss, MSE, RMSE, MAE, MAPE: 46637504.00, 46637505.67, 6504.94, 4819.50, 5.83%
Test - Best epoch, Loss, MSE, RMSE, MAE, MAPE: 6, 36484312.00, 36484310.00, 5942.16, 4652.90, 5.02%
Early Stopping at Epoch 16
Fold 2018 Best RMSE: 5942.1567

-------------------- [Fold: 2019] ExpID: 90504 --------------------
- Epoch 000, ExpID 90504
Train - Loss: 26631143.30
Val - Loss, MSE, RMSE, MAE, MAPE: 48930168.00, 48930164.00, 6948.81, 5463.93, 5.92%
Test - Best epoch, Loss, MSE, RMSE, MAE, MAPE: 0, 54514044.00, 54514042.33, 7270.55, 5662.99, 5.96%
- Epoch 001, ExpID 90504
Train - Loss: 23192659.14
Val - Loss, MSE, RMSE, MAE, MAPE: 45040608.00, 45040607.67, 6551.05, 5018.68, 5.43%
Test - Best epoch, Loss, MSE, RMSE, MAE, MAPE: 1, 47257192.00, 47257188.67, 6760.77, 5117.47, 5.39%
- Epoch 002, ExpID 90504
Train - Loss: 20981185.78
Val - Loss, MSE, RMSE, MAE, MAPE: 39577296.00, 39577296.67, 6223.72, 4822.15, 5.21%
Test - Best epoch, Loss, MSE, RMSE, MAE, MAPE: 2, 43092084.00, 43092082.00, 6419.86, 4826.57, 5.08%
- Epoch 003, ExpID 90504
Train - Loss: 18591577.37
Val - Loss, MSE, RMSE, MAE, MAPE: 35619280.00, 35619275.00, 5864.48, 4563.72, 4.91%
Test - Best epoch, Loss, MSE, RMSE, MAE, MAPE: 3, 39670648.00, 39670645.67, 6141.88, 4575.71, 4.80%
- Epoch 004, ExpID 90504
Train - Loss: 17124581.77
Val - Loss, MSE, RMSE, MAE, MAPE: 34879672.00, 34879669.67, 5841.41, 4535.27, 4.91%
Test - Best epoch, Loss, MSE, RMSE, MAE, MAPE: 4, 40121288.00, 40121283.00, 6158.88, 4576.13, 4.84%
- Epoch 005, ExpID 90504
Train - Loss: 15857981.01
Val - Loss, MSE, RMSE, MAE, MAPE: 35112048.00, 35112047.00, 5833.86, 4547.93, 4.88%
Test - Best epoch, Loss, MSE, RMSE, MAE, MAPE: 4, 40121288.00, 40121283.00, 6158.88, 4576.13, 4.84%
- Epoch 006, ExpID 90504
Train - Loss: 14660313.34
Val - Loss, MSE, RMSE, MAE, MAPE: 36286132.00, 36286130.67, 5954.58, 4592.27, 4.99%
Test - Best epoch, Loss, MSE, RMSE, MAE, MAPE: 4, 40121288.00, 40121283.00, 6158.88, 4576.13, 4.84%
- Epoch 007, ExpID 90504
Train - Loss: 13833943.76
Val - Loss, MSE, RMSE, MAE, MAPE: 35281752.00, 35281753.33, 5872.67, 4612.20, 4.96%
Test - Best epoch, Loss, MSE, RMSE, MAE, MAPE: 4, 40121288.00, 40121283.00, 6158.88, 4576.13, 4.84%
- Epoch 008, ExpID 90504
Train - Loss: 13104131.82
Val - Loss, MSE, RMSE, MAE, MAPE: 37242544.00, 37242543.33, 5990.15, 4630.41, 4.98%
Test - Best epoch, Loss, MSE, RMSE, MAE, MAPE: 4, 40121288.00, 40121283.00, 6158.88, 4576.13, 4.84%
- Epoch 009, ExpID 90504
Train - Loss: 11395290.01
Val - Loss, MSE, RMSE, MAE, MAPE: 36704640.00, 36704638.00, 5900.30, 4579.65, 4.97%
Test - Best epoch, Loss, MSE, RMSE, MAE, MAPE: 4, 40121288.00, 40121283.00, 6158.88, 4576.13, 4.84%
- Epoch 010, ExpID 90504
Train - Loss: 10168512.62
Val - Loss, MSE, RMSE, MAE, MAPE: 36155968.00, 36155968.00, 5910.51, 4583.31, 4.95%
Test - Best epoch, Loss, MSE, RMSE, MAE, MAPE: 4, 40121288.00, 40121283.00, 6158.88, 4576.13, 4.84%
- Epoch 011, ExpID 90504
Train - Loss: 9329601.63
Val - Loss, MSE, RMSE, MAE, MAPE: 36745320.00, 36745322.33, 5961.41, 4664.91, 5.02%
Test - Best epoch, Loss, MSE, RMSE, MAE, MAPE: 4, 40121288.00, 40121283.00, 6158.88, 4576.13, 4.84%
- Epoch 012, ExpID 90504
Train - Loss: 7992364.48
Val - Loss, MSE, RMSE, MAE, MAPE: 37649688.00, 37649686.00, 5946.69, 4618.57, 5.00%
Test - Best epoch, Loss, MSE, RMSE, MAE, MAPE: 4, 40121288.00, 40121283.00, 6158.88, 4576.13, 4.84%
- Epoch 013, ExpID 90504
Train - Loss: 7150066.19
Val - Loss, MSE, RMSE, MAE, MAPE: 40158928.00, 40158929.00, 6168.77, 4833.01, 5.23%
Test - Best epoch, Loss, MSE, RMSE, MAE, MAPE: 4, 40121288.00, 40121283.00, 6158.88, 4576.13, 4.84%
- Epoch 014, ExpID 90504
Train - Loss: 6152260.14
Val - Loss, MSE, RMSE, MAE, MAPE: 43518608.00, 43518608.00, 6415.34, 5006.51, 5.40%
Test - Best epoch, Loss, MSE, RMSE, MAE, MAPE: 4, 40121288.00, 40121283.00, 6158.88, 4576.13, 4.84%
Early Stopping at Epoch 14
Fold 2019 Best RMSE: 6158.8819
