DETAILED LOG | Model: lstm | Seed: 3
FULL CONFIG: {'gpu': '3', 'target': 'departure', 'cv_start_year': 2017, 'cv_end_year': 2019, 'test_year': 2024, 'use_corona': False, 'seq_len': 91, 'label_len': 0, 'pred_len': 7, 'batch_size': 64, 'epochs': 1000, 'patience': 10, 'lr': 1e-05, 'model': 'lstm', 'd_model': 128, 'n_heads': 4, 'n_layers': 4, 'dropout': 0.1, 'activation': 'gelu', 'patch_len': 16, 'factor': 5, 'norm_mode': 'revin', 'use_dbloss': False, 'device': device(type='cuda'), 'stride': 16, 'file_path': 'dataset/airport_daily_flight_merged.csv', 'seed': 3, 'val_year': 2019, 'ndims': 1}

-------------------- [Fold: 2017] ExpID: 16281 --------------------
- Epoch 000, ExpID 16281
Train - Loss: 32284073.54
Val - Loss, MSE, RMSE, MAE, MAPE: 66090048.00, 66090053.33, 7970.97, 6555.17, 8.37%
Test - Best epoch, Loss, MSE, RMSE, MAE, MAPE: 0, 92703040.00, 92703047.33, 9469.57, 7782.77, 9.32%
- Epoch 001, ExpID 16281
Train - Loss: 32403472.86
Val - Loss, MSE, RMSE, MAE, MAPE: 65986176.00, 65986178.00, 7966.17, 6549.79, 8.36%
Test - Best epoch, Loss, MSE, RMSE, MAE, MAPE: 1, 92592280.00, 92592280.67, 9462.63, 7776.27, 9.32%
- Epoch 002, ExpID 16281
Train - Loss: 32215548.63
Val - Loss, MSE, RMSE, MAE, MAPE: 65854544.00, 65854542.00, 7959.46, 6542.95, 8.36%
Test - Best epoch, Loss, MSE, RMSE, MAE, MAPE: 2, 92452160.00, 92452154.67, 9454.40, 7768.05, 9.31%
- Epoch 003, ExpID 16281
Train - Loss: 32143681.37
Val - Loss, MSE, RMSE, MAE, MAPE: 65603820.00, 65603822.67, 7946.15, 6529.57, 8.34%
Test - Best epoch, Loss, MSE, RMSE, MAE, MAPE: 3, 92196000.00, 92195994.67, 9439.71, 7752.64, 9.29%
- Epoch 004, ExpID 16281
Train - Loss: 32027827.70
Val - Loss, MSE, RMSE, MAE, MAPE: 64906732.00, 64906732.00, 7908.15, 6491.16, 8.30%
Test - Best epoch, Loss, MSE, RMSE, MAE, MAPE: 4, 91532864.00, 91532865.33, 9402.26, 7711.68, 9.25%
- Epoch 005, ExpID 16281
Train - Loss: 31404804.20
Val - Loss, MSE, RMSE, MAE, MAPE: 61573888.00, 61573891.33, 7725.57, 6297.58, 8.08%
Test - Best epoch, Loss, MSE, RMSE, MAE, MAPE: 5, 88868576.00, 88868574.67, 9247.26, 7531.49, 9.07%
- Epoch 006, ExpID 16281
Train - Loss: 29159067.77
Val - Loss, MSE, RMSE, MAE, MAPE: 54440664.00, 54440660.00, 7310.81, 5833.31, 7.57%
Test - Best epoch, Loss, MSE, RMSE, MAE, MAPE: 6, 85232872.00, 85232869.33, 9010.48, 7168.95, 8.72%
- Epoch 007, ExpID 16281
Train - Loss: 27858299.47
Val - Loss, MSE, RMSE, MAE, MAPE: 52411336.00, 52411337.33, 7175.83, 5708.85, 7.39%
Test - Best epoch, Loss, MSE, RMSE, MAE, MAPE: 7, 84004520.00, 84004518.00, 8947.80, 7073.55, 8.58%
- Epoch 008, ExpID 16281
Train - Loss: 26982925.49
Val - Loss, MSE, RMSE, MAE, MAPE: 51086684.00, 51086683.33, 7083.45, 5634.18, 7.28%
Test - Best epoch, Loss, MSE, RMSE, MAE, MAPE: 8, 83267984.00, 83267982.00, 8904.60, 7011.92, 8.48%
- Epoch 009, ExpID 16281
Train - Loss: 26460551.85
Val - Loss, MSE, RMSE, MAE, MAPE: 50102668.00, 50102667.33, 7012.90, 5580.28, 7.20%
Test - Best epoch, Loss, MSE, RMSE, MAE, MAPE: 9, 82894064.00, 82894054.67, 8870.96, 6956.84, 8.40%
- Epoch 010, ExpID 16281
Train - Loss: 25987316.78
Val - Loss, MSE, RMSE, MAE, MAPE: 49364588.00, 49364582.00, 6959.40, 5531.84, 7.14%
Test - Best epoch, Loss, MSE, RMSE, MAE, MAPE: 10, 82600608.00, 82600610.67, 8836.85, 6897.24, 8.34%
- Epoch 011, ExpID 16281
Train - Loss: 25648606.91
Val - Loss, MSE, RMSE, MAE, MAPE: 48677132.00, 48677127.33, 6909.24, 5490.78, 7.08%
Test - Best epoch, Loss, MSE, RMSE, MAE, MAPE: 11, 82485632.00, 82485620.67, 8813.45, 6848.03, 8.28%
- Epoch 012, ExpID 16281
Train - Loss: 25334503.90
Val - Loss, MSE, RMSE, MAE, MAPE: 48155244.00, 48155244.00, 6870.74, 5448.45, 7.03%
Test - Best epoch, Loss, MSE, RMSE, MAE, MAPE: 12, 82147504.00, 82147496.00, 8778.35, 6790.28, 8.22%
- Epoch 013, ExpID 16281
Train - Loss: 25102182.10
Val - Loss, MSE, RMSE, MAE, MAPE: 47711484.00, 47711481.67, 6837.34, 5423.71, 6.99%
Test - Best epoch, Loss, MSE, RMSE, MAE, MAPE: 13, 81920376.00, 81920370.00, 8755.23, 6760.54, 8.18%
- Epoch 014, ExpID 16281
Train - Loss: 24797591.04
Val - Loss, MSE, RMSE, MAE, MAPE: 47197648.00, 47197652.00, 6799.35, 5392.23, 6.95%
Test - Best epoch, Loss, MSE, RMSE, MAE, MAPE: 14, 81916592.00, 81916585.33, 8739.14, 6726.11, 8.14%
- Epoch 015, ExpID 16281
Train - Loss: 24527742.24
Val - Loss, MSE, RMSE, MAE, MAPE: 46748480.00, 46748478.33, 6765.86, 5353.38, 6.91%
Test - Best epoch, Loss, MSE, RMSE, MAE, MAPE: 15, 81686016.00, 81686018.67, 8710.07, 6673.01, 8.09%
- Epoch 016, ExpID 16281
Train - Loss: 24321916.28
Val - Loss, MSE, RMSE, MAE, MAPE: 46315980.00, 46315976.67, 6733.50, 5323.86, 6.87%
Test - Best epoch, Loss, MSE, RMSE, MAE, MAPE: 16, 81736176.00, 81736170.00, 8696.54, 6637.96, 8.05%
- Epoch 017, ExpID 16281
Train - Loss: 24145574.51
Val - Loss, MSE, RMSE, MAE, MAPE: 46136432.00, 46136431.67, 6718.64, 5307.52, 6.84%
Test - Best epoch, Loss, MSE, RMSE, MAE, MAPE: 17, 81035664.00, 81035654.00, 8656.31, 6606.98, 8.00%
- Epoch 018, ExpID 16281
Train - Loss: 23962105.24
Val - Loss, MSE, RMSE, MAE, MAPE: 45688800.00, 45688801.33, 6685.44, 5268.35, 6.80%
Test - Best epoch, Loss, MSE, RMSE, MAE, MAPE: 18, 81124032.00, 81124031.33, 8640.87, 6554.50, 7.96%
- Epoch 019, ExpID 16281
Train - Loss: 23848484.48
Val - Loss, MSE, RMSE, MAE, MAPE: 45425836.00, 45425833.00, 6665.18, 5251.67, 6.77%
Test - Best epoch, Loss, MSE, RMSE, MAE, MAPE: 19, 80973664.00, 80973658.00, 8623.77, 6531.81, 7.93%
- Epoch 020, ExpID 16281
Train - Loss: 23700152.53
Val - Loss, MSE, RMSE, MAE, MAPE: 45114648.00, 45114649.00, 6641.32, 5224.25, 6.74%
Test - Best epoch, Loss, MSE, RMSE, MAE, MAPE: 20, 80985712.00, 80985706.00, 8609.05, 6489.55, 7.89%
- Epoch 021, ExpID 16281
Train - Loss: 23591997.09
Val - Loss, MSE, RMSE, MAE, MAPE: 44940792.00, 44940791.67, 6627.40, 5207.19, 6.71%
Test - Best epoch, Loss, MSE, RMSE, MAE, MAPE: 21, 80435488.00, 80435478.67, 8576.11, 6458.33, 7.85%
- Epoch 022, ExpID 16281
Train - Loss: 23440597.32
Val - Loss, MSE, RMSE, MAE, MAPE: 44702752.00, 44702746.33, 6609.10, 5189.93, 6.69%
Test - Best epoch, Loss, MSE, RMSE, MAE, MAPE: 22, 80534096.00, 80534096.00, 8569.61, 6432.67, 7.82%
- Epoch 023, ExpID 16281
Train - Loss: 23373984.72
Val - Loss, MSE, RMSE, MAE, MAPE: 44695236.00, 44695233.67, 6607.33, 5192.58, 6.68%
Test - Best epoch, Loss, MSE, RMSE, MAE, MAPE: 23, 79682736.00, 79682734.00, 8531.19, 6423.92, 7.79%
- Epoch 024, ExpID 16281
Train - Loss: 23344324.54
Val - Loss, MSE, RMSE, MAE, MAPE: 44437876.00, 44437874.33, 6587.62, 5163.43, 6.66%
Test - Best epoch, Loss, MSE, RMSE, MAE, MAPE: 24, 79563600.00, 79563592.67, 8513.10, 6378.81, 7.75%
- Epoch 025, ExpID 16281
Train - Loss: 23249246.33
Val - Loss, MSE, RMSE, MAE, MAPE: 44327424.00, 44327424.33, 6578.68, 5156.14, 6.64%
Test - Best epoch, Loss, MSE, RMSE, MAE, MAPE: 25, 79222032.00, 79222033.33, 8493.10, 6360.91, 7.73%
- Epoch 026, ExpID 16281
Train - Loss: 23163683.53
Val - Loss, MSE, RMSE, MAE, MAPE: 44124288.00, 44124284.67, 6562.74, 5135.90, 6.62%
Test - Best epoch, Loss, MSE, RMSE, MAE, MAPE: 26, 79207192.00, 79207188.00, 8481.71, 6326.90, 7.70%
- Epoch 027, ExpID 16281
Train - Loss: 23076721.85
Val - Loss, MSE, RMSE, MAE, MAPE: 44038404.00, 44038402.00, 6555.78, 5127.89, 6.61%
Test - Best epoch, Loss, MSE, RMSE, MAE, MAPE: 27, 78785056.00, 78785055.33, 8459.64, 6308.80, 7.67%
- Epoch 028, ExpID 16281
Train - Loss: 23033980.61
Val - Loss, MSE, RMSE, MAE, MAPE: 43897072.00, 43897068.67, 6544.83, 5119.34, 6.60%
Test - Best epoch, Loss, MSE, RMSE, MAE, MAPE: 28, 78805128.00, 78805124.67, 8452.97, 6290.37, 7.65%
- Epoch 029, ExpID 16281
Train - Loss: 22977466.35
Val - Loss, MSE, RMSE, MAE, MAPE: 43869640.00, 43869642.33, 6542.44, 5117.76, 6.59%
Test - Best epoch, Loss, MSE, RMSE, MAE, MAPE: 29, 78131536.00, 78131528.00, 8423.66, 6282.03, 7.63%
- Epoch 030, ExpID 16281
Train - Loss: 22916713.61
Val - Loss, MSE, RMSE, MAE, MAPE: 43805008.00, 43805007.33, 6537.05, 5111.74, 6.58%
Test - Best epoch, Loss, MSE, RMSE, MAE, MAPE: 30, 77709568.00, 77709561.33, 8401.96, 6265.32, 7.61%
- Epoch 031, ExpID 16281
Train - Loss: 22877142.43
Val - Loss, MSE, RMSE, MAE, MAPE: 43726144.00, 43726142.00, 6530.64, 5103.99, 6.57%
Test - Best epoch, Loss, MSE, RMSE, MAE, MAPE: 31, 77383528.00, 77383526.00, 8384.67, 6248.48, 7.59%
- Epoch 032, ExpID 16281
Train - Loss: 22864760.68
Val - Loss, MSE, RMSE, MAE, MAPE: 43627716.00, 43627711.67, 6522.72, 5093.89, 6.56%
Test - Best epoch, Loss, MSE, RMSE, MAE, MAPE: 32, 77134432.00, 77134430.00, 8368.98, 6227.62, 7.57%
- Epoch 033, ExpID 16281
Train - Loss: 22857435.95
Val - Loss, MSE, RMSE, MAE, MAPE: 43546280.00, 43546275.67, 6516.10, 5085.47, 6.55%
Test - Best epoch, Loss, MSE, RMSE, MAE, MAPE: 33, 76799416.00, 76799414.00, 8351.24, 6209.83, 7.55%
- Epoch 034, ExpID 16281
Train - Loss: 22740921.90
Val - Loss, MSE, RMSE, MAE, MAPE: 43465068.00, 43465067.00, 6510.14, 5084.26, 6.55%
Test - Best epoch, Loss, MSE, RMSE, MAE, MAPE: 34, 76707264.00, 76707260.67, 8344.20, 6203.99, 7.54%
- Epoch 035, ExpID 16281
Train - Loss: 22701582.58
Val - Loss, MSE, RMSE, MAE, MAPE: 43440772.00, 43440772.33, 6507.80, 5080.89, 6.54%
Test - Best epoch, Loss, MSE, RMSE, MAE, MAPE: 35, 76145296.00, 76145295.33, 8318.27, 6190.64, 7.52%
- Epoch 036, ExpID 16281
Train - Loss: 22730754.94
Val - Loss, MSE, RMSE, MAE, MAPE: 43345052.00, 43345049.00, 6500.14, 5070.83, 6.53%
Test - Best epoch, Loss, MSE, RMSE, MAE, MAPE: 36, 75901528.00, 75901524.00, 8303.82, 6171.16, 7.50%
- Epoch 037, ExpID 16281
Train - Loss: 22639013.95
Val - Loss, MSE, RMSE, MAE, MAPE: 43320056.00, 43320054.00, 6497.87, 5068.41, 6.53%
Test - Best epoch, Loss, MSE, RMSE, MAE, MAPE: 37, 75430544.00, 75430545.33, 8282.03, 6159.50, 7.49%
- Epoch 038, ExpID 16281
Train - Loss: 22636408.99
Val - Loss, MSE, RMSE, MAE, MAPE: 43248488.00, 43248488.67, 6492.33, 5063.87, 6.52%
Test - Best epoch, Loss, MSE, RMSE, MAE, MAPE: 38, 75196456.00, 75196446.67, 8269.02, 6148.29, 7.47%
- Epoch 039, ExpID 16281
Train - Loss: 22587901.65
Val - Loss, MSE, RMSE, MAE, MAPE: 43157824.00, 43157823.00, 6484.99, 5054.87, 6.51%
Test - Best epoch, Loss, MSE, RMSE, MAE, MAPE: 39, 75000920.00, 75000915.33, 8255.62, 6127.60, 7.45%
- Epoch 040, ExpID 16281
Train - Loss: 22594481.94
Val - Loss, MSE, RMSE, MAE, MAPE: 43107356.00, 43107353.00, 6481.33, 5053.44, 6.51%
Test - Best epoch, Loss, MSE, RMSE, MAE, MAPE: 40, 74716952.00, 74716949.33, 8241.97, 6122.79, 7.44%
- Epoch 041, ExpID 16281
Train - Loss: 22537399.42
Val - Loss, MSE, RMSE, MAE, MAPE: 43049024.00, 43049019.00, 6476.05, 5043.64, 6.50%
Test - Best epoch, Loss, MSE, RMSE, MAE, MAPE: 41, 74337264.00, 74337266.00, 8221.97, 6099.45, 7.42%
- Epoch 042, ExpID 16281
Train - Loss: 22485942.66
Val - Loss, MSE, RMSE, MAE, MAPE: 42997600.00, 42997597.00, 6472.54, 5043.18, 6.50%
Test - Best epoch, Loss, MSE, RMSE, MAE, MAPE: 42, 74092608.00, 74092606.67, 8210.92, 6099.49, 7.41%
- Epoch 043, ExpID 16281
Train - Loss: 22400637.65
Val - Loss, MSE, RMSE, MAE, MAPE: 42986976.00, 42986975.00, 6472.27, 5046.70, 6.49%
Test - Best epoch, Loss, MSE, RMSE, MAE, MAPE: 43, 73802464.00, 73802453.33, 8198.72, 6101.16, 7.41%
- Epoch 044, ExpID 16281
Train - Loss: 22364633.04
Val - Loss, MSE, RMSE, MAE, MAPE: 42858632.00, 42858632.33, 6461.44, 5033.15, 6.49%
Test - Best epoch, Loss, MSE, RMSE, MAE, MAPE: 44, 73731600.00, 73731598.67, 8186.76, 6065.95, 7.38%
- Epoch 045, ExpID 16281
Train - Loss: 22394353.75
Val - Loss, MSE, RMSE, MAE, MAPE: 42906940.00, 42906936.33, 6466.16, 5041.22, 6.48%
Test - Best epoch, Loss, MSE, RMSE, MAE, MAPE: 44, 73731600.00, 73731598.67, 8186.76, 6065.95, 7.38%
- Epoch 046, ExpID 16281
Train - Loss: 22300360.84
Val - Loss, MSE, RMSE, MAE, MAPE: 42829164.00, 42829165.67, 6459.50, 5030.53, 6.48%
Test - Best epoch, Loss, MSE, RMSE, MAE, MAPE: 46, 72773520.00, 72773518.00, 8145.34, 6054.76, 7.36%
- Epoch 047, ExpID 16281
Train - Loss: 22237008.78
Val - Loss, MSE, RMSE, MAE, MAPE: 42775816.00, 42775819.33, 6455.80, 5029.38, 6.47%
Test - Best epoch, Loss, MSE, RMSE, MAE, MAPE: 47, 72609520.00, 72609513.33, 8137.57, 6053.23, 7.35%
- Epoch 048, ExpID 16281
Train - Loss: 22315085.68
Val - Loss, MSE, RMSE, MAE, MAPE: 42807256.00, 42807256.67, 6458.53, 5033.11, 6.47%
Test - Best epoch, Loss, MSE, RMSE, MAE, MAPE: 47, 72609520.00, 72609513.33, 8137.57, 6053.23, 7.35%
- Epoch 049, ExpID 16281
Train - Loss: 22327884.29
Val - Loss, MSE, RMSE, MAE, MAPE: 42650672.00, 42650674.67, 6445.89, 5018.01, 6.46%
Test - Best epoch, Loss, MSE, RMSE, MAE, MAPE: 49, 72104608.00, 72104606.00, 8109.72, 6024.27, 7.32%
- Epoch 050, ExpID 16281
Train - Loss: 22152090.71
Val - Loss, MSE, RMSE, MAE, MAPE: 42641728.00, 42641727.67, 6445.83, 5020.80, 6.46%
Test - Best epoch, Loss, MSE, RMSE, MAE, MAPE: 50, 71822520.00, 71822519.67, 8098.49, 6026.67, 7.31%
- Epoch 051, ExpID 16281
Train - Loss: 22242041.97
Val - Loss, MSE, RMSE, MAE, MAPE: 42599644.00, 42599643.33, 6442.43, 5015.06, 6.46%
Test - Best epoch, Loss, MSE, RMSE, MAE, MAPE: 51, 71456144.00, 71456145.00, 8080.55, 6012.75, 7.30%
- Epoch 052, ExpID 16281
Train - Loss: 22138009.85
Val - Loss, MSE, RMSE, MAE, MAPE: 42507812.00, 42507811.00, 6435.35, 5009.74, 6.45%
Test - Best epoch, Loss, MSE, RMSE, MAE, MAPE: 52, 71404512.00, 71404501.33, 8073.97, 5998.36, 7.28%
- Epoch 053, ExpID 16281
Train - Loss: 22119489.25
Val - Loss, MSE, RMSE, MAE, MAPE: 42475824.00, 42475819.67, 6433.56, 5010.83, 6.45%
Test - Best epoch, Loss, MSE, RMSE, MAE, MAPE: 53, 71239840.00, 71239833.33, 8066.76, 5999.39, 7.28%
- Epoch 054, ExpID 16281
Train - Loss: 22149457.16
Val - Loss, MSE, RMSE, MAE, MAPE: 42412152.00, 42412150.67, 6427.64, 4998.41, 6.45%
Test - Best epoch, Loss, MSE, RMSE, MAE, MAPE: 54, 70831768.00, 70831762.67, 8044.97, 5971.48, 7.26%
- Epoch 055, ExpID 16281
Train - Loss: 22032653.77
Val - Loss, MSE, RMSE, MAE, MAPE: 42344428.00, 42344429.00, 6422.31, 4998.49, 6.44%
Test - Best epoch, Loss, MSE, RMSE, MAE, MAPE: 55, 70985656.00, 70985656.00, 8046.85, 5960.17, 7.25%
- Epoch 056, ExpID 16281
Train - Loss: 22117302.00
Val - Loss, MSE, RMSE, MAE, MAPE: 42310964.00, 42310961.67, 6419.93, 4995.04, 6.44%
Test - Best epoch, Loss, MSE, RMSE, MAE, MAPE: 56, 70616712.00, 70616711.33, 8029.31, 5950.99, 7.23%
- Epoch 057, ExpID 16281
Train - Loss: 22054957.90
Val - Loss, MSE, RMSE, MAE, MAPE: 42283552.00, 42283549.67, 6418.58, 4995.50, 6.43%
Test - Best epoch, Loss, MSE, RMSE, MAE, MAPE: 57, 70289792.00, 70289797.00, 8016.18, 5951.95, 7.23%
- Epoch 058, ExpID 16281
Train - Loss: 21943648.28
Val - Loss, MSE, RMSE, MAE, MAPE: 42257664.00, 42257663.67, 6416.40, 4989.51, 6.43%
Test - Best epoch, Loss, MSE, RMSE, MAE, MAPE: 58, 69835736.00, 69835732.00, 7994.23, 5936.90, 7.21%
- Epoch 059, ExpID 16281
Train - Loss: 21943675.32
Val - Loss, MSE, RMSE, MAE, MAPE: 42370284.00, 42370284.67, 6426.77, 5004.69, 6.43%
Test - Best epoch, Loss, MSE, RMSE, MAE, MAPE: 58, 69835736.00, 69835732.00, 7994.23, 5936.90, 7.21%
- Epoch 060, ExpID 16281
Train - Loss: 21977015.63
Val - Loss, MSE, RMSE, MAE, MAPE: 42239440.00, 42239438.00, 6416.13, 4991.75, 6.42%
Test - Best epoch, Loss, MSE, RMSE, MAE, MAPE: 60, 69320792.00, 69320793.33, 7972.37, 5936.32, 7.20%
- Epoch 061, ExpID 16281
Train - Loss: 21870582.97
Val - Loss, MSE, RMSE, MAE, MAPE: 42157032.00, 42157030.33, 6410.32, 4991.94, 6.42%
Test - Best epoch, Loss, MSE, RMSE, MAE, MAPE: 61, 69465248.00, 69465241.67, 7975.70, 5929.55, 7.19%
- Epoch 062, ExpID 16281
Train - Loss: 21829759.72
Val - Loss, MSE, RMSE, MAE, MAPE: 42131608.00, 42131602.00, 6408.41, 4987.03, 6.42%
Test - Best epoch, Loss, MSE, RMSE, MAE, MAPE: 62, 69016672.00, 69016669.67, 7956.14, 5922.27, 7.18%
- Epoch 063, ExpID 16281
Train - Loss: 21861300.11
Val - Loss, MSE, RMSE, MAE, MAPE: 42245864.00, 42245864.33, 6418.10, 4997.02, 6.42%
Test - Best epoch, Loss, MSE, RMSE, MAE, MAPE: 62, 69016672.00, 69016669.67, 7956.14, 5922.27, 7.18%
- Epoch 064, ExpID 16281
Train - Loss: 21783691.73
Val - Loss, MSE, RMSE, MAE, MAPE: 42029260.00, 42029259.33, 6400.38, 4979.64, 6.41%
Test - Best epoch, Loss, MSE, RMSE, MAE, MAPE: 64, 68780544.00, 68780538.67, 7939.77, 5898.55, 7.16%
- Epoch 065, ExpID 16281
Train - Loss: 21835961.06
Val - Loss, MSE, RMSE, MAE, MAPE: 42031144.00, 42031142.33, 6401.22, 4979.37, 6.41%
Test - Best epoch, Loss, MSE, RMSE, MAE, MAPE: 64, 68780544.00, 68780538.67, 7939.77, 5898.55, 7.16%
- Epoch 066, ExpID 16281
Train - Loss: 21802366.19
Val - Loss, MSE, RMSE, MAE, MAPE: 41974992.00, 41974988.33, 6396.82, 4974.90, 6.41%
Test - Best epoch, Loss, MSE, RMSE, MAE, MAPE: 66, 68192064.00, 68192053.67, 7912.62, 5887.51, 7.14%
- Epoch 067, ExpID 16281
Train - Loss: 21713695.95
Val - Loss, MSE, RMSE, MAE, MAPE: 41971248.00, 41971248.67, 6397.36, 4976.92, 6.40%
Test - Best epoch, Loss, MSE, RMSE, MAE, MAPE: 67, 68096696.00, 68096693.33, 7909.52, 5892.33, 7.14%
- Epoch 068, ExpID 16281
Train - Loss: 21671367.92
Val - Loss, MSE, RMSE, MAE, MAPE: 41978200.00, 41978201.67, 6398.28, 4976.81, 6.40%
Test - Best epoch, Loss, MSE, RMSE, MAE, MAPE: 67, 68096696.00, 68096693.33, 7909.52, 5892.33, 7.14%
- Epoch 069, ExpID 16281
Train - Loss: 21670694.19
Val - Loss, MSE, RMSE, MAE, MAPE: 41901288.00, 41901286.67, 6392.06, 4970.14, 6.40%
Test - Best epoch, Loss, MSE, RMSE, MAE, MAPE: 69, 67597824.00, 67597819.00, 7883.24, 5871.52, 7.12%
- Epoch 070, ExpID 16281
Train - Loss: 21604236.54
Val - Loss, MSE, RMSE, MAE, MAPE: 41793968.00, 41793967.00, 6382.61, 4962.86, 6.40%
Test - Best epoch, Loss, MSE, RMSE, MAE, MAPE: 70, 67618352.00, 67618346.67, 7876.56, 5839.46, 7.09%
- Epoch 071, ExpID 16281
Train - Loss: 21587379.81
Val - Loss, MSE, RMSE, MAE, MAPE: 41900000.00, 41900000.33, 6392.80, 4968.59, 6.39%
Test - Best epoch, Loss, MSE, RMSE, MAE, MAPE: 70, 67618352.00, 67618346.67, 7876.56, 5839.46, 7.09%
- Epoch 072, ExpID 16281
Train - Loss: 21650832.27
Val - Loss, MSE, RMSE, MAE, MAPE: 41760112.00, 41760112.33, 6381.56, 4959.26, 6.39%
Test - Best epoch, Loss, MSE, RMSE, MAE, MAPE: 72, 66987052.00, 66987051.33, 7849.33, 5839.18, 7.08%
- Epoch 073, ExpID 16281
Train - Loss: 21646180.62
Val - Loss, MSE, RMSE, MAE, MAPE: 41817880.00, 41817882.00, 6387.22, 4965.01, 6.38%
Test - Best epoch, Loss, MSE, RMSE, MAE, MAPE: 72, 66987052.00, 66987051.33, 7849.33, 5839.18, 7.08%
- Epoch 074, ExpID 16281
Train - Loss: 21502475.99
Val - Loss, MSE, RMSE, MAE, MAPE: 41761404.00, 41761401.33, 6382.69, 4959.19, 6.38%
Test - Best epoch, Loss, MSE, RMSE, MAE, MAPE: 72, 66987052.00, 66987051.33, 7849.33, 5839.18, 7.08%
- Epoch 075, ExpID 16281
Train - Loss: 21494998.43
Val - Loss, MSE, RMSE, MAE, MAPE: 41695308.00, 41695305.00, 6377.69, 4955.85, 6.38%
Test - Best epoch, Loss, MSE, RMSE, MAE, MAPE: 75, 66600776.00, 66600773.33, 7827.81, 5825.56, 7.06%
- Epoch 076, ExpID 16281
Train - Loss: 21443627.68
Val - Loss, MSE, RMSE, MAE, MAPE: 41621080.00, 41621074.00, 6371.02, 4948.03, 6.38%
Test - Best epoch, Loss, MSE, RMSE, MAE, MAPE: 76, 66470200.00, 66470199.67, 7814.23, 5795.96, 7.04%
- Epoch 077, ExpID 16281
Train - Loss: 21383482.33
Val - Loss, MSE, RMSE, MAE, MAPE: 41589244.00, 41589242.67, 6368.37, 4943.15, 6.38%
Test - Best epoch, Loss, MSE, RMSE, MAE, MAPE: 77, 66134396.00, 66134392.00, 7797.11, 5783.24, 7.03%
- Epoch 078, ExpID 16281
Train - Loss: 21377473.05
Val - Loss, MSE, RMSE, MAE, MAPE: 41600368.00, 41600365.33, 6370.63, 4946.70, 6.37%
Test - Best epoch, Loss, MSE, RMSE, MAE, MAPE: 77, 66134396.00, 66134392.00, 7797.11, 5783.24, 7.03%
- Epoch 079, ExpID 16281
Train - Loss: 21333741.81
Val - Loss, MSE, RMSE, MAE, MAPE: 41518216.00, 41518215.67, 6363.29, 4942.08, 6.37%
Test - Best epoch, Loss, MSE, RMSE, MAE, MAPE: 79, 66033824.00, 66033827.33, 7786.48, 5769.05, 7.01%
- Epoch 080, ExpID 16281
Train - Loss: 21326941.81
Val - Loss, MSE, RMSE, MAE, MAPE: 41533736.00, 41533738.00, 6366.48, 4947.11, 6.37%
Test - Best epoch, Loss, MSE, RMSE, MAE, MAPE: 79, 66033824.00, 66033827.33, 7786.48, 5769.05, 7.01%
- Epoch 081, ExpID 16281
Train - Loss: 21279687.28
Val - Loss, MSE, RMSE, MAE, MAPE: 41442660.00, 41442658.00, 6356.84, 4934.73, 6.37%
Test - Best epoch, Loss, MSE, RMSE, MAE, MAPE: 81, 65776124.00, 65776125.33, 7770.09, 5748.14, 6.99%
- Epoch 082, ExpID 16281
Train - Loss: 21173860.66
Val - Loss, MSE, RMSE, MAE, MAPE: 41415880.00, 41415880.00, 6356.90, 4935.12, 6.36%
Test - Best epoch, Loss, MSE, RMSE, MAE, MAPE: 82, 65454920.00, 65454918.00, 7758.33, 5759.37, 6.99%
- Epoch 083, ExpID 16281
Train - Loss: 21277539.34
Val - Loss, MSE, RMSE, MAE, MAPE: 41376672.00, 41376670.33, 6353.78, 4930.13, 6.36%
Test - Best epoch, Loss, MSE, RMSE, MAE, MAPE: 83, 65249624.00, 65249619.33, 7745.90, 5747.80, 6.98%
- Epoch 084, ExpID 16281
Train - Loss: 21215333.04
Val - Loss, MSE, RMSE, MAE, MAPE: 41317312.00, 41317310.33, 6348.59, 4927.39, 6.37%
Test - Best epoch, Loss, MSE, RMSE, MAE, MAPE: 84, 65354392.00, 65354389.33, 7748.41, 5738.75, 6.98%
- Epoch 085, ExpID 16281
Train - Loss: 21159855.78
Val - Loss, MSE, RMSE, MAE, MAPE: 41286032.00, 41286029.67, 6346.68, 4923.33, 6.36%
Test - Best epoch, Loss, MSE, RMSE, MAE, MAPE: 85, 65147852.00, 65147848.67, 7736.89, 5733.09, 6.97%
- Epoch 086, ExpID 16281
Train - Loss: 21062338.46
Val - Loss, MSE, RMSE, MAE, MAPE: 41415424.00, 41415421.33, 6358.02, 4936.21, 6.36%
Test - Best epoch, Loss, MSE, RMSE, MAE, MAPE: 85, 65147852.00, 65147848.67, 7736.89, 5733.09, 6.97%
- Epoch 087, ExpID 16281
Train - Loss: 21138386.51
Val - Loss, MSE, RMSE, MAE, MAPE: 41282976.00, 41282973.67, 6347.40, 4928.53, 6.36%
Test - Best epoch, Loss, MSE, RMSE, MAE, MAPE: 87, 65022392.00, 65022391.67, 7730.80, 5741.92, 6.97%
- Epoch 088, ExpID 16281
Train - Loss: 21122463.71
Val - Loss, MSE, RMSE, MAE, MAPE: 41188828.00, 41188825.00, 6341.51, 4925.09, 6.35%
Test - Best epoch, Loss, MSE, RMSE, MAE, MAPE: 88, 64788336.00, 64788334.00, 7723.20, 5746.64, 6.97%
- Epoch 089, ExpID 16281
Train - Loss: 21104023.95
Val - Loss, MSE, RMSE, MAE, MAPE: 41310120.00, 41310115.67, 6348.62, 4929.30, 6.36%
Test - Best epoch, Loss, MSE, RMSE, MAE, MAPE: 88, 64788336.00, 64788334.00, 7723.20, 5746.64, 6.97%
- Epoch 090, ExpID 16281
Train - Loss: 20992656.01
Val - Loss, MSE, RMSE, MAE, MAPE: 41300168.00, 41300168.67, 6350.65, 4938.56, 6.36%
Test - Best epoch, Loss, MSE, RMSE, MAE, MAPE: 88, 64788336.00, 64788334.00, 7723.20, 5746.64, 6.97%
- Epoch 091, ExpID 16281
Train - Loss: 21023612.48
Val - Loss, MSE, RMSE, MAE, MAPE: 41247868.00, 41247865.67, 6347.02, 4938.52, 6.36%
Test - Best epoch, Loss, MSE, RMSE, MAE, MAPE: 88, 64788336.00, 64788334.00, 7723.20, 5746.64, 6.97%
- Epoch 092, ExpID 16281
Train - Loss: 20912554.78
Val - Loss, MSE, RMSE, MAE, MAPE: 41224904.00, 41224902.00, 6343.80, 4927.42, 6.36%
Test - Best epoch, Loss, MSE, RMSE, MAE, MAPE: 88, 64788336.00, 64788334.00, 7723.20, 5746.64, 6.97%
- Epoch 093, ExpID 16281
Train - Loss: 20954975.52
Val - Loss, MSE, RMSE, MAE, MAPE: 41309172.00, 41309170.00, 6350.68, 4940.96, 6.36%
Test - Best epoch, Loss, MSE, RMSE, MAE, MAPE: 88, 64788336.00, 64788334.00, 7723.20, 5746.64, 6.97%
- Epoch 094, ExpID 16281
Train - Loss: 20861364.01
Val - Loss, MSE, RMSE, MAE, MAPE: 41272696.00, 41272697.00, 6347.38, 4937.42, 6.36%
Test - Best epoch, Loss, MSE, RMSE, MAE, MAPE: 88, 64788336.00, 64788334.00, 7723.20, 5746.64, 6.97%
- Epoch 095, ExpID 16281
Train - Loss: 20869183.49
Val - Loss, MSE, RMSE, MAE, MAPE: 41301672.00, 41301669.00, 6350.94, 4947.76, 6.37%
Test - Best epoch, Loss, MSE, RMSE, MAE, MAPE: 88, 64788336.00, 64788334.00, 7723.20, 5746.64, 6.97%
- Epoch 096, ExpID 16281
Train - Loss: 20821120.46
Val - Loss, MSE, RMSE, MAE, MAPE: 41321148.00, 41321148.33, 6350.62, 4938.14, 6.36%
Test - Best epoch, Loss, MSE, RMSE, MAE, MAPE: 88, 64788336.00, 64788334.00, 7723.20, 5746.64, 6.97%
- Epoch 097, ExpID 16281
Train - Loss: 20785245.53
Val - Loss, MSE, RMSE, MAE, MAPE: 41163340.00, 41163338.67, 6336.46, 4929.23, 6.37%
Test - Best epoch, Loss, MSE, RMSE, MAE, MAPE: 97, 64224032.00, 64224033.33, 7687.70, 5709.18, 6.94%
- Epoch 098, ExpID 16281
Train - Loss: 20783475.33
Val - Loss, MSE, RMSE, MAE, MAPE: 41620448.00, 41620446.67, 6372.73, 4968.91, 6.39%
Test - Best epoch, Loss, MSE, RMSE, MAE, MAPE: 97, 64224032.00, 64224033.33, 7687.70, 5709.18, 6.94%
- Epoch 099, ExpID 16281
Train - Loss: 20755623.14
Val - Loss, MSE, RMSE, MAE, MAPE: 41258840.00, 41258837.00, 6342.33, 4933.21, 6.37%
Test - Best epoch, Loss, MSE, RMSE, MAE, MAPE: 97, 64224032.00, 64224033.33, 7687.70, 5709.18, 6.94%
- Epoch 100, ExpID 16281
Train - Loss: 20736269.73
Val - Loss, MSE, RMSE, MAE, MAPE: 41269896.00, 41269895.67, 6340.80, 4926.26, 6.38%
Test - Best epoch, Loss, MSE, RMSE, MAE, MAPE: 97, 64224032.00, 64224033.33, 7687.70, 5709.18, 6.94%
- Epoch 101, ExpID 16281
Train - Loss: 20703520.71
Val - Loss, MSE, RMSE, MAE, MAPE: 41168072.00, 41168067.33, 6340.31, 4943.06, 6.36%
Test - Best epoch, Loss, MSE, RMSE, MAE, MAPE: 97, 64224032.00, 64224033.33, 7687.70, 5709.18, 6.94%
- Epoch 102, ExpID 16281
Train - Loss: 20632280.47
Val - Loss, MSE, RMSE, MAE, MAPE: 40967208.00, 40967202.67, 6319.06, 4923.43, 6.37%
Test - Best epoch, Loss, MSE, RMSE, MAE, MAPE: 102, 63873824.00, 63873820.33, 7670.54, 5694.48, 6.93%
- Epoch 103, ExpID 16281
Train - Loss: 20740507.09
Val - Loss, MSE, RMSE, MAE, MAPE: 41456356.00, 41456353.67, 6360.29, 4962.02, 6.38%
Test - Best epoch, Loss, MSE, RMSE, MAE, MAPE: 102, 63873824.00, 63873820.33, 7670.54, 5694.48, 6.93%
- Epoch 104, ExpID 16281
Train - Loss: 20717749.29
Val - Loss, MSE, RMSE, MAE, MAPE: 41321480.00, 41321478.33, 6350.39, 4953.02, 6.37%
Test - Best epoch, Loss, MSE, RMSE, MAE, MAPE: 102, 63873824.00, 63873820.33, 7670.54, 5694.48, 6.93%
- Epoch 105, ExpID 16281
Train - Loss: 20548576.54
Val - Loss, MSE, RMSE, MAE, MAPE: 41425676.00, 41425675.67, 6356.36, 4956.07, 6.37%
Test - Best epoch, Loss, MSE, RMSE, MAE, MAPE: 102, 63873824.00, 63873820.33, 7670.54, 5694.48, 6.93%
- Epoch 106, ExpID 16281
Train - Loss: 20605577.32
Val - Loss, MSE, RMSE, MAE, MAPE: 41573288.00, 41573288.00, 6366.09, 4965.01, 6.38%
Test - Best epoch, Loss, MSE, RMSE, MAE, MAPE: 102, 63873824.00, 63873820.33, 7670.54, 5694.48, 6.93%
- Epoch 107, ExpID 16281
Train - Loss: 20527570.49
Val - Loss, MSE, RMSE, MAE, MAPE: 41052088.00, 41052083.67, 6330.90, 4941.51, 6.35%
Test - Best epoch, Loss, MSE, RMSE, MAE, MAPE: 102, 63873824.00, 63873820.33, 7670.54, 5694.48, 6.93%
- Epoch 108, ExpID 16281
Train - Loss: 20551375.57
Val - Loss, MSE, RMSE, MAE, MAPE: 41692040.00, 41692036.33, 6376.92, 4986.44, 6.40%
Test - Best epoch, Loss, MSE, RMSE, MAE, MAPE: 102, 63873824.00, 63873820.33, 7670.54, 5694.48, 6.93%
- Epoch 109, ExpID 16281
Train - Loss: 20502559.67
Val - Loss, MSE, RMSE, MAE, MAPE: 41020516.00, 41020515.00, 6326.18, 4936.85, 6.35%
Test - Best epoch, Loss, MSE, RMSE, MAE, MAPE: 102, 63873824.00, 63873820.33, 7670.54, 5694.48, 6.93%
- Epoch 110, ExpID 16281
Train - Loss: 20427816.05
Val - Loss, MSE, RMSE, MAE, MAPE: 40993492.00, 40993491.67, 6319.81, 4919.01, 6.35%
Test - Best epoch, Loss, MSE, RMSE, MAE, MAPE: 102, 63873824.00, 63873820.33, 7670.54, 5694.48, 6.93%
- Epoch 111, ExpID 16281
Train - Loss: 20392569.41
Val - Loss, MSE, RMSE, MAE, MAPE: 40941092.00, 40941091.67, 6313.44, 4912.11, 6.35%
Test - Best epoch, Loss, MSE, RMSE, MAE, MAPE: 111, 62350032.00, 62350035.00, 7591.86, 5654.61, 6.87%
- Epoch 112, ExpID 16281
Train - Loss: 20337884.78
Val - Loss, MSE, RMSE, MAE, MAPE: 41418144.00, 41418143.00, 6349.63, 4951.51, 6.38%
Test - Best epoch, Loss, MSE, RMSE, MAE, MAPE: 111, 62350032.00, 62350035.00, 7591.86, 5654.61, 6.87%
- Epoch 113, ExpID 16281
Train - Loss: 20266032.77
Val - Loss, MSE, RMSE, MAE, MAPE: 41510432.00, 41510431.67, 6357.91, 4961.44, 6.38%
Test - Best epoch, Loss, MSE, RMSE, MAE, MAPE: 111, 62350032.00, 62350035.00, 7591.86, 5654.61, 6.87%
- Epoch 114, ExpID 16281
Train - Loss: 20296218.90
Val - Loss, MSE, RMSE, MAE, MAPE: 41144400.00, 41144396.33, 6333.78, 4940.63, 6.35%
Test - Best epoch, Loss, MSE, RMSE, MAE, MAPE: 111, 62350032.00, 62350035.00, 7591.86, 5654.61, 6.87%
- Epoch 115, ExpID 16281
Train - Loss: 20280065.86
Val - Loss, MSE, RMSE, MAE, MAPE: 41503976.00, 41503975.67, 6363.71, 4971.59, 6.37%
Test - Best epoch, Loss, MSE, RMSE, MAE, MAPE: 111, 62350032.00, 62350035.00, 7591.86, 5654.61, 6.87%
- Epoch 116, ExpID 16281
Train - Loss: 20181493.19
Val - Loss, MSE, RMSE, MAE, MAPE: 40847136.00, 40847131.00, 6311.22, 4918.30, 6.33%
Test - Best epoch, Loss, MSE, RMSE, MAE, MAPE: 116, 60850168.00, 60850166.67, 7495.22, 5607.11, 6.80%
- Epoch 117, ExpID 16281
Train - Loss: 20093921.18
Val - Loss, MSE, RMSE, MAE, MAPE: 40389264.00, 40389267.00, 6277.72, 4892.32, 6.30%
Test - Best epoch, Loss, MSE, RMSE, MAE, MAPE: 117, 60691440.00, 60691441.33, 7481.78, 5606.84, 6.79%
- Epoch 118, ExpID 16281
Train - Loss: 20029669.51
Val - Loss, MSE, RMSE, MAE, MAPE: 39792968.00, 39792963.33, 6238.84, 4865.65, 6.26%
Test - Best epoch, Loss, MSE, RMSE, MAE, MAPE: 118, 60596008.00, 60596001.00, 7473.71, 5591.06, 6.78%
- Epoch 119, ExpID 16281
Train - Loss: 20010424.39
Val - Loss, MSE, RMSE, MAE, MAPE: 39580216.00, 39580212.67, 6217.79, 4831.27, 6.23%
Test - Best epoch, Loss, MSE, RMSE, MAE, MAPE: 119, 60507916.00, 60507916.33, 7464.05, 5575.86, 6.77%
- Epoch 120, ExpID 16281
Train - Loss: 19978980.67
Val - Loss, MSE, RMSE, MAE, MAPE: 39277516.00, 39277514.33, 6203.22, 4835.45, 6.23%
Test - Best epoch, Loss, MSE, RMSE, MAE, MAPE: 120, 60598552.00, 60598549.67, 7466.60, 5564.59, 6.77%
- Epoch 121, ExpID 16281
Train - Loss: 19950792.54
Val - Loss, MSE, RMSE, MAE, MAPE: 38883440.00, 38883441.67, 6174.02, 4805.78, 6.20%
Test - Best epoch, Loss, MSE, RMSE, MAE, MAPE: 121, 60440204.00, 60440208.00, 7453.48, 5554.28, 6.76%
- Epoch 122, ExpID 16281
Train - Loss: 19919949.29
Val - Loss, MSE, RMSE, MAE, MAPE: 38980660.00, 38980661.67, 6182.63, 4824.31, 6.19%
Test - Best epoch, Loss, MSE, RMSE, MAE, MAPE: 121, 60440204.00, 60440208.00, 7453.48, 5554.28, 6.76%
- Epoch 123, ExpID 16281
Train - Loss: 19890877.53
Val - Loss, MSE, RMSE, MAE, MAPE: 38457512.00, 38457508.67, 6139.03, 4779.36, 6.16%
Test - Best epoch, Loss, MSE, RMSE, MAE, MAPE: 123, 60495036.00, 60495035.33, 7454.69, 5562.40, 6.75%
- Epoch 124, ExpID 16281
Train - Loss: 19828257.35
Val - Loss, MSE, RMSE, MAE, MAPE: 38521204.00, 38521201.00, 6146.07, 4784.85, 6.17%
Test - Best epoch, Loss, MSE, RMSE, MAE, MAPE: 123, 60495036.00, 60495035.33, 7454.69, 5562.40, 6.75%
- Epoch 125, ExpID 16281
Train - Loss: 19878029.84
Val - Loss, MSE, RMSE, MAE, MAPE: 38740440.00, 38740438.67, 6161.00, 4799.20, 6.18%
Test - Best epoch, Loss, MSE, RMSE, MAE, MAPE: 123, 60495036.00, 60495035.33, 7454.69, 5562.40, 6.75%
- Epoch 126, ExpID 16281
Train - Loss: 19829897.10
Val - Loss, MSE, RMSE, MAE, MAPE: 38813808.00, 38813804.67, 6167.89, 4810.60, 6.17%
Test - Best epoch, Loss, MSE, RMSE, MAE, MAPE: 123, 60495036.00, 60495035.33, 7454.69, 5562.40, 6.75%
- Epoch 127, ExpID 16281
Train - Loss: 19757387.85
Val - Loss, MSE, RMSE, MAE, MAPE: 38645644.00, 38645643.33, 6152.86, 4789.41, 6.15%
Test - Best epoch, Loss, MSE, RMSE, MAE, MAPE: 123, 60495036.00, 60495035.33, 7454.69, 5562.40, 6.75%
- Epoch 128, ExpID 16281
Train - Loss: 19716347.24
Val - Loss, MSE, RMSE, MAE, MAPE: 38672568.00, 38672567.67, 6155.05, 4795.20, 6.17%
Test - Best epoch, Loss, MSE, RMSE, MAE, MAPE: 123, 60495036.00, 60495035.33, 7454.69, 5562.40, 6.75%
- Epoch 129, ExpID 16281
Train - Loss: 19655374.34
Val - Loss, MSE, RMSE, MAE, MAPE: 39674248.00, 39674249.33, 6233.36, 4853.02, 6.25%
Test - Best epoch, Loss, MSE, RMSE, MAE, MAPE: 123, 60495036.00, 60495035.33, 7454.69, 5562.40, 6.75%
- Epoch 130, ExpID 16281
Train - Loss: 19666895.92
Val - Loss, MSE, RMSE, MAE, MAPE: 38302336.00, 38302333.33, 6124.31, 4767.02, 6.13%
Test - Best epoch, Loss, MSE, RMSE, MAE, MAPE: 130, 60497384.00, 60497380.67, 7448.53, 5551.18, 6.74%
- Epoch 131, ExpID 16281
Train - Loss: 19694912.30
Val - Loss, MSE, RMSE, MAE, MAPE: 39582832.00, 39582833.00, 6218.32, 4837.68, 6.21%
Test - Best epoch, Loss, MSE, RMSE, MAE, MAPE: 130, 60497384.00, 60497380.67, 7448.53, 5551.18, 6.74%
- Epoch 132, ExpID 16281
Train - Loss: 19624349.86
Val - Loss, MSE, RMSE, MAE, MAPE: 38731664.00, 38731668.00, 6158.60, 4797.22, 6.15%
Test - Best epoch, Loss, MSE, RMSE, MAE, MAPE: 130, 60497384.00, 60497380.67, 7448.53, 5551.18, 6.74%
- Epoch 133, ExpID 16281
Train - Loss: 19626756.29
Val - Loss, MSE, RMSE, MAE, MAPE: 39768392.00, 39768391.00, 6231.19, 4843.92, 6.22%
Test - Best epoch, Loss, MSE, RMSE, MAE, MAPE: 130, 60497384.00, 60497380.67, 7448.53, 5551.18, 6.74%
- Epoch 134, ExpID 16281
Train - Loss: 19591417.52
Val - Loss, MSE, RMSE, MAE, MAPE: 38703944.00, 38703943.33, 6152.91, 4779.20, 6.14%
Test - Best epoch, Loss, MSE, RMSE, MAE, MAPE: 130, 60497384.00, 60497380.67, 7448.53, 5551.18, 6.74%
- Epoch 135, ExpID 16281
Train - Loss: 19484868.61
Val - Loss, MSE, RMSE, MAE, MAPE: 37827412.00, 37827409.00, 6086.60, 4728.32, 6.08%
Test - Best epoch, Loss, MSE, RMSE, MAE, MAPE: 135, 60611708.00, 60611701.67, 7453.55, 5563.76, 6.74%
- Epoch 136, ExpID 16281
Train - Loss: 19586526.78
Val - Loss, MSE, RMSE, MAE, MAPE: 40223800.00, 40223799.00, 6261.24, 4868.41, 6.24%
Test - Best epoch, Loss, MSE, RMSE, MAE, MAPE: 135, 60611708.00, 60611701.67, 7453.55, 5563.76, 6.74%
- Epoch 137, ExpID 16281
Train - Loss: 19521046.49
Val - Loss, MSE, RMSE, MAE, MAPE: 38877976.00, 38877971.00, 6169.37, 4802.68, 6.14%
Test - Best epoch, Loss, MSE, RMSE, MAE, MAPE: 135, 60611708.00, 60611701.67, 7453.55, 5563.76, 6.74%
- Epoch 138, ExpID 16281
Train - Loss: 19491562.30
Val - Loss, MSE, RMSE, MAE, MAPE: 39106592.00, 39106590.33, 6179.65, 4794.99, 6.15%
Test - Best epoch, Loss, MSE, RMSE, MAE, MAPE: 135, 60611708.00, 60611701.67, 7453.55, 5563.76, 6.74%
- Epoch 139, ExpID 16281
Train - Loss: 19352609.44
Val - Loss, MSE, RMSE, MAE, MAPE: 39389044.00, 39389042.33, 6203.53, 4825.69, 6.17%
Test - Best epoch, Loss, MSE, RMSE, MAE, MAPE: 135, 60611708.00, 60611701.67, 7453.55, 5563.76, 6.74%
- Epoch 140, ExpID 16281
Train - Loss: 19346449.62
Val - Loss, MSE, RMSE, MAE, MAPE: 38607000.00, 38606999.33, 6145.15, 4779.87, 6.13%
Test - Best epoch, Loss, MSE, RMSE, MAE, MAPE: 135, 60611708.00, 60611701.67, 7453.55, 5563.76, 6.74%
- Epoch 141, ExpID 16281
Train - Loss: 19456047.16
Val - Loss, MSE, RMSE, MAE, MAPE: 39178452.00, 39178450.67, 6184.80, 4797.10, 6.16%
Test - Best epoch, Loss, MSE, RMSE, MAE, MAPE: 135, 60611708.00, 60611701.67, 7453.55, 5563.76, 6.74%
- Epoch 142, ExpID 16281
Train - Loss: 19280515.75
Val - Loss, MSE, RMSE, MAE, MAPE: 39259864.00, 39259863.33, 6190.19, 4801.86, 6.15%
Test - Best epoch, Loss, MSE, RMSE, MAE, MAPE: 135, 60611708.00, 60611701.67, 7453.55, 5563.76, 6.74%
- Epoch 143, ExpID 16281
Train - Loss: 19303603.46
Val - Loss, MSE, RMSE, MAE, MAPE: 38437260.00, 38437259.33, 6128.32, 4754.29, 6.11%
Test - Best epoch, Loss, MSE, RMSE, MAE, MAPE: 135, 60611708.00, 60611701.67, 7453.55, 5563.76, 6.74%
- Epoch 144, ExpID 16281
Train - Loss: 19281086.58
Val - Loss, MSE, RMSE, MAE, MAPE: 38873520.00, 38873518.67, 6158.65, 4778.18, 6.14%
Test - Best epoch, Loss, MSE, RMSE, MAE, MAPE: 135, 60611708.00, 60611701.67, 7453.55, 5563.76, 6.74%
- Epoch 145, ExpID 16281
Train - Loss: 19262462.39
Val - Loss, MSE, RMSE, MAE, MAPE: 37954176.00, 37954172.33, 6090.93, 4718.72, 6.06%
Test - Best epoch, Loss, MSE, RMSE, MAE, MAPE: 135, 60611708.00, 60611701.67, 7453.55, 5563.76, 6.74%
Early Stopping at Epoch 145
Fold 2017 Best RMSE: 7453.5468

-------------------- [Fold: 2018] ExpID: 99759 --------------------
- Epoch 000, ExpID 99759
Train - Loss: 34948968.82
Val - Loss, MSE, RMSE, MAE, MAPE: 93084248.00, 93084243.33, 9501.89, 7808.71, 9.32%
Test - Best epoch, Loss, MSE, RMSE, MAE, MAPE: 0, 66233312.00, 66233311.33, 8053.95, 6538.40, 7.03%
- Epoch 001, ExpID 99759
Train - Loss: 34668827.89
Val - Loss, MSE, RMSE, MAE, MAPE: 92905760.00, 92905757.33, 9490.37, 7798.34, 9.31%
Test - Best epoch, Loss, MSE, RMSE, MAE, MAPE: 1, 66069632.00, 66069632.67, 8046.02, 6530.17, 7.02%
- Epoch 002, ExpID 99759
Train - Loss: 35002600.02
Val - Loss, MSE, RMSE, MAE, MAPE: 92674112.00, 92674112.00, 9475.89, 7784.38, 9.30%
Test - Best epoch, Loss, MSE, RMSE, MAE, MAPE: 2, 65876848.00, 65876852.67, 8036.46, 6520.27, 7.02%
- Epoch 003, ExpID 99759
Train - Loss: 34604040.66
Val - Loss, MSE, RMSE, MAE, MAPE: 92174584.00, 92174580.00, 9445.34, 7753.35, 9.28%
Test - Best epoch, Loss, MSE, RMSE, MAE, MAPE: 3, 65486112.00, 65486112.00, 8016.62, 6500.04, 7.00%
- Epoch 004, ExpID 99759
Train - Loss: 34422063.27
Val - Loss, MSE, RMSE, MAE, MAPE: 90393712.00, 90393712.00, 9337.05, 7636.62, 9.18%
Test - Best epoch, Loss, MSE, RMSE, MAE, MAPE: 4, 64069772.00, 64069768.00, 7942.41, 6428.45, 6.95%
- Epoch 005, ExpID 99759
Train - Loss: 32147065.79
Val - Loss, MSE, RMSE, MAE, MAPE: 86845264.00, 86845264.00, 9081.05, 7258.66, 8.86%
Test - Best epoch, Loss, MSE, RMSE, MAE, MAPE: 5, 60296572.00, 60296567.33, 7734.61, 6229.90, 6.80%
- Epoch 006, ExpID 99759
Train - Loss: 30228982.59
Val - Loss, MSE, RMSE, MAE, MAPE: 85711520.00, 85711518.67, 9027.96, 7190.69, 8.75%
Test - Best epoch, Loss, MSE, RMSE, MAE, MAPE: 6, 59431768.00, 59431762.67, 7680.10, 6190.22, 6.73%
- Epoch 007, ExpID 99759
Train - Loss: 29831123.93
Val - Loss, MSE, RMSE, MAE, MAPE: 85426144.00, 85426138.00, 8997.16, 7108.81, 8.66%
Test - Best epoch, Loss, MSE, RMSE, MAE, MAPE: 7, 58779160.00, 58779158.00, 7640.78, 6156.43, 6.70%
- Epoch 008, ExpID 99759
Train - Loss: 28864191.04
Val - Loss, MSE, RMSE, MAE, MAPE: 85218480.00, 85218476.67, 8978.83, 7062.02, 8.60%
Test - Best epoch, Loss, MSE, RMSE, MAE, MAPE: 8, 58371680.00, 58371679.33, 7615.39, 6134.66, 6.67%
- Epoch 009, ExpID 99759
Train - Loss: 28643794.94
Val - Loss, MSE, RMSE, MAE, MAPE: 85090704.00, 85090701.33, 8962.32, 7021.39, 8.55%
Test - Best epoch, Loss, MSE, RMSE, MAE, MAPE: 9, 58018712.00, 58018712.67, 7593.25, 6113.38, 6.64%
- Epoch 010, ExpID 99759
Train - Loss: 27840963.18
Val - Loss, MSE, RMSE, MAE, MAPE: 84786376.00, 84786371.33, 8940.03, 6996.17, 8.51%
Test - Best epoch, Loss, MSE, RMSE, MAE, MAPE: 10, 57689912.00, 57689912.00, 7571.80, 6089.21, 6.60%
- Epoch 011, ExpID 99759
Train - Loss: 27430429.06
Val - Loss, MSE, RMSE, MAE, MAPE: 85179176.00, 85179170.67, 8940.60, 6955.49, 8.47%
Test - Best epoch, Loss, MSE, RMSE, MAE, MAPE: 10, 57689912.00, 57689912.00, 7571.80, 6089.21, 6.60%
- Epoch 012, ExpID 99759
Train - Loss: 27010296.08
Val - Loss, MSE, RMSE, MAE, MAPE: 85100688.00, 85100684.00, 8924.79, 6928.50, 8.43%
Test - Best epoch, Loss, MSE, RMSE, MAE, MAPE: 10, 57689912.00, 57689912.00, 7571.80, 6089.21, 6.60%
- Epoch 013, ExpID 99759
Train - Loss: 26779678.56
Val - Loss, MSE, RMSE, MAE, MAPE: 85091200.00, 85091202.00, 8910.31, 6899.06, 8.39%
Test - Best epoch, Loss, MSE, RMSE, MAE, MAPE: 10, 57689912.00, 57689912.00, 7571.80, 6089.21, 6.60%
- Epoch 014, ExpID 99759
Train - Loss: 26502698.92
Val - Loss, MSE, RMSE, MAE, MAPE: 84969272.00, 84969264.67, 8891.24, 6867.57, 8.34%
Test - Best epoch, Loss, MSE, RMSE, MAE, MAPE: 10, 57689912.00, 57689912.00, 7571.80, 6089.21, 6.60%
- Epoch 015, ExpID 99759
Train - Loss: 26134578.12
Val - Loss, MSE, RMSE, MAE, MAPE: 84919096.00, 84919093.33, 8871.85, 6827.41, 8.30%
Test - Best epoch, Loss, MSE, RMSE, MAE, MAPE: 10, 57689912.00, 57689912.00, 7571.80, 6089.21, 6.60%
- Epoch 016, ExpID 99759
Train - Loss: 25836844.08
Val - Loss, MSE, RMSE, MAE, MAPE: 84746336.00, 84746332.00, 8847.44, 6784.77, 8.25%
Test - Best epoch, Loss, MSE, RMSE, MAE, MAPE: 16, 57261824.00, 57261826.00, 7539.06, 6014.50, 6.50%
- Epoch 017, ExpID 99759
Train - Loss: 25711470.12
Val - Loss, MSE, RMSE, MAE, MAPE: 84264640.00, 84264644.67, 8809.71, 6735.29, 8.19%
Test - Best epoch, Loss, MSE, RMSE, MAE, MAPE: 17, 57186032.00, 57186028.67, 7531.75, 5999.77, 6.48%
- Epoch 018, ExpID 99759
Train - Loss: 25714462.82
Val - Loss, MSE, RMSE, MAE, MAPE: 83619952.00, 83619953.33, 8770.71, 6700.03, 8.13%
Test - Best epoch, Loss, MSE, RMSE, MAE, MAPE: 18, 57126048.00, 57126048.00, 7524.38, 5987.94, 6.47%
- Epoch 019, ExpID 99759
Train - Loss: 25294549.54
Val - Loss, MSE, RMSE, MAE, MAPE: 83733680.00, 83733675.33, 8758.10, 6651.89, 8.09%
Test - Best epoch, Loss, MSE, RMSE, MAE, MAPE: 18, 57126048.00, 57126048.00, 7524.38, 5987.94, 6.47%
- Epoch 020, ExpID 99759
Train - Loss: 25199555.78
Val - Loss, MSE, RMSE, MAE, MAPE: 83249008.00, 83249004.00, 8722.18, 6601.33, 8.03%
Test - Best epoch, Loss, MSE, RMSE, MAE, MAPE: 20, 57162296.00, 57162293.33, 7523.05, 5967.55, 6.45%
- Epoch 021, ExpID 99759
Train - Loss: 25272853.31
Val - Loss, MSE, RMSE, MAE, MAPE: 82408304.00, 82408304.67, 8678.11, 6570.45, 7.99%
Test - Best epoch, Loss, MSE, RMSE, MAE, MAPE: 21, 57064424.00, 57064420.67, 7512.69, 5957.87, 6.44%
- Epoch 022, ExpID 99759
Train - Loss: 25010166.66
Val - Loss, MSE, RMSE, MAE, MAPE: 82132144.00, 82132142.67, 8650.67, 6516.31, 7.93%
Test - Best epoch, Loss, MSE, RMSE, MAE, MAPE: 22, 57081312.00, 57081310.00, 7511.97, 5947.58, 6.44%
- Epoch 023, ExpID 99759
Train - Loss: 24983760.47
Val - Loss, MSE, RMSE, MAE, MAPE: 81397048.00, 81397046.67, 8614.14, 6493.91, 7.90%
Test - Best epoch, Loss, MSE, RMSE, MAE, MAPE: 23, 57003936.00, 57003942.00, 7503.50, 5940.68, 6.42%
- Epoch 024, ExpID 99759
Train - Loss: 24807935.24
Val - Loss, MSE, RMSE, MAE, MAPE: 81013496.00, 81013490.00, 8588.94, 6461.57, 7.86%
Test - Best epoch, Loss, MSE, RMSE, MAE, MAPE: 24, 57024904.00, 57024901.33, 7502.20, 5934.83, 6.42%
- Epoch 025, ExpID 99759
Train - Loss: 24785857.60
Val - Loss, MSE, RMSE, MAE, MAPE: 80983856.00, 80983855.33, 8573.75, 6411.97, 7.81%
Test - Best epoch, Loss, MSE, RMSE, MAE, MAPE: 25, 57138440.00, 57138438.00, 7508.23, 5928.35, 6.42%
- Epoch 026, ExpID 99759
Train - Loss: 24594562.52
Val - Loss, MSE, RMSE, MAE, MAPE: 80062752.00, 80062748.67, 8532.20, 6396.51, 7.78%
Test - Best epoch, Loss, MSE, RMSE, MAE, MAPE: 26, 56980536.00, 56980532.67, 7494.40, 5920.09, 6.40%
- Epoch 027, ExpID 99759
Train - Loss: 24560594.35
Val - Loss, MSE, RMSE, MAE, MAPE: 79702280.00, 79702280.67, 8510.93, 6372.17, 7.75%
Test - Best epoch, Loss, MSE, RMSE, MAE, MAPE: 27, 56973676.00, 56973675.33, 7491.99, 5915.42, 6.40%
- Epoch 028, ExpID 99759
Train - Loss: 24428432.42
Val - Loss, MSE, RMSE, MAE, MAPE: 79321320.00, 79321315.33, 8486.17, 6336.69, 7.71%
Test - Best epoch, Loss, MSE, RMSE, MAE, MAPE: 28, 56976232.00, 56976227.33, 7490.36, 5908.08, 6.40%
- Epoch 029, ExpID 99759
Train - Loss: 24823830.68
Val - Loss, MSE, RMSE, MAE, MAPE: 78834912.00, 78834907.33, 8458.87, 6309.53, 7.68%
Test - Best epoch, Loss, MSE, RMSE, MAE, MAPE: 29, 56949576.00, 56949572.67, 7486.32, 5901.27, 6.39%
- Epoch 030, ExpID 99759
Train - Loss: 24423995.54
Val - Loss, MSE, RMSE, MAE, MAPE: 78379888.00, 78379887.33, 8433.81, 6283.63, 7.65%
Test - Best epoch, Loss, MSE, RMSE, MAE, MAPE: 30, 56907592.00, 56907592.00, 7481.94, 5894.29, 6.38%
- Epoch 031, ExpID 99759
Train - Loss: 24620519.48
Val - Loss, MSE, RMSE, MAE, MAPE: 77662696.00, 77662689.33, 8402.21, 6273.33, 7.63%
Test - Best epoch, Loss, MSE, RMSE, MAE, MAPE: 31, 56761336.00, 56761332.67, 7470.44, 5888.41, 6.37%
- Epoch 032, ExpID 99759
Train - Loss: 24223540.16
Val - Loss, MSE, RMSE, MAE, MAPE: 77377792.00, 77377785.33, 8384.61, 6251.60, 7.61%
Test - Best epoch, Loss, MSE, RMSE, MAE, MAPE: 32, 56756508.00, 56756508.00, 7468.62, 5882.90, 6.37%
- Epoch 033, ExpID 99759
Train - Loss: 24199557.72
Val - Loss, MSE, RMSE, MAE, MAPE: 77041176.00, 77041178.00, 8371.03, 6253.31, 7.60%
Test - Best epoch, Loss, MSE, RMSE, MAE, MAPE: 33, 56769968.00, 56769969.33, 7467.11, 5884.90, 6.37%
- Epoch 034, ExpID 99759
Train - Loss: 24383635.46
Val - Loss, MSE, RMSE, MAE, MAPE: 76857808.00, 76857805.33, 8353.20, 6216.28, 7.56%
Test - Best epoch, Loss, MSE, RMSE, MAE, MAPE: 34, 56798076.00, 56798072.67, 7467.72, 5875.64, 6.36%
- Epoch 035, ExpID 99759
Train - Loss: 24267117.14
Val - Loss, MSE, RMSE, MAE, MAPE: 76636784.00, 76636780.00, 8340.35, 6203.53, 7.55%
Test - Best epoch, Loss, MSE, RMSE, MAE, MAPE: 35, 56768144.00, 56768146.00, 7464.74, 5871.52, 6.36%
- Epoch 036, ExpID 99759
Train - Loss: 24120377.52
Val - Loss, MSE, RMSE, MAE, MAPE: 76157984.00, 76157974.67, 8317.96, 6190.56, 7.53%
Test - Best epoch, Loss, MSE, RMSE, MAE, MAPE: 36, 56652552.00, 56652546.00, 7456.20, 5864.63, 6.35%
- Epoch 037, ExpID 99759
Train - Loss: 24125848.74
Val - Loss, MSE, RMSE, MAE, MAPE: 75490992.00, 75490986.67, 8290.47, 6187.70, 7.52%
Test - Best epoch, Loss, MSE, RMSE, MAE, MAPE: 37, 56497180.00, 56497176.67, 7444.84, 5860.39, 6.34%
- Epoch 038, ExpID 99759
Train - Loss: 23950265.29
Val - Loss, MSE, RMSE, MAE, MAPE: 75268376.00, 75268376.00, 8275.23, 6165.40, 7.49%
Test - Best epoch, Loss, MSE, RMSE, MAE, MAPE: 38, 56512620.00, 56512621.33, 7444.34, 5855.30, 6.34%
- Epoch 039, ExpID 99759
Train - Loss: 23990700.59
Val - Loss, MSE, RMSE, MAE, MAPE: 75095232.00, 75095232.67, 8260.36, 6135.54, 7.47%
Test - Best epoch, Loss, MSE, RMSE, MAE, MAPE: 39, 56535376.00, 56535375.33, 7444.71, 5847.99, 6.34%
- Epoch 040, ExpID 99759
Train - Loss: 23823974.28
Val - Loss, MSE, RMSE, MAE, MAPE: 74724440.00, 74724438.00, 8244.23, 6135.91, 7.46%
Test - Best epoch, Loss, MSE, RMSE, MAE, MAPE: 40, 56464480.00, 56464484.00, 7438.69, 5845.42, 6.33%
- Epoch 041, ExpID 99759
Train - Loss: 24095134.51
Val - Loss, MSE, RMSE, MAE, MAPE: 74627528.00, 74627522.00, 8233.30, 6108.48, 7.43%
Test - Best epoch, Loss, MSE, RMSE, MAE, MAPE: 41, 56530076.00, 56530073.33, 7441.62, 5841.29, 6.33%
- Epoch 042, ExpID 99759
Train - Loss: 23906590.00
Val - Loss, MSE, RMSE, MAE, MAPE: 74090800.00, 74090799.33, 8210.15, 6102.24, 7.42%
Test - Best epoch, Loss, MSE, RMSE, MAE, MAPE: 42, 56360672.00, 56360670.67, 7430.10, 5834.33, 6.32%
- Epoch 043, ExpID 99759
Train - Loss: 23789717.16
Val - Loss, MSE, RMSE, MAE, MAPE: 73809376.00, 73809369.33, 8197.41, 6099.75, 7.41%
Test - Best epoch, Loss, MSE, RMSE, MAE, MAPE: 43, 56320764.00, 56320758.67, 7426.34, 5832.21, 6.31%
- Epoch 044, ExpID 99759
Train - Loss: 23783916.73
Val - Loss, MSE, RMSE, MAE, MAPE: 73496672.00, 73496670.00, 8178.90, 6076.75, 7.39%
Test - Best epoch, Loss, MSE, RMSE, MAE, MAPE: 44, 56260492.00, 56260489.33, 7421.65, 5824.04, 6.31%
- Epoch 045, ExpID 99759
Train - Loss: 23947037.36
Val - Loss, MSE, RMSE, MAE, MAPE: 73333560.00, 73333556.67, 8168.85, 6063.56, 7.38%
Test - Best epoch, Loss, MSE, RMSE, MAE, MAPE: 45, 56262768.00, 56262762.67, 7420.84, 5820.97, 6.31%
- Epoch 046, ExpID 99759
Train - Loss: 23688741.32
Val - Loss, MSE, RMSE, MAE, MAPE: 73101336.00, 73101332.00, 8159.74, 6066.47, 7.37%
Test - Best epoch, Loss, MSE, RMSE, MAE, MAPE: 46, 56227488.00, 56227486.00, 7417.45, 5820.88, 6.30%
- Epoch 047, ExpID 99759
Train - Loss: 23728210.42
Val - Loss, MSE, RMSE, MAE, MAPE: 72805192.00, 72805190.67, 8141.82, 6042.95, 7.35%
Test - Best epoch, Loss, MSE, RMSE, MAE, MAPE: 47, 56164748.00, 56164746.67, 7412.78, 5812.43, 6.30%
- Epoch 048, ExpID 99759
Train - Loss: 23668267.74
Val - Loss, MSE, RMSE, MAE, MAPE: 72169920.00, 72169914.33, 8120.08, 6056.78, 7.35%
Test - Best epoch, Loss, MSE, RMSE, MAE, MAPE: 48, 55925760.00, 55925761.33, 7397.36, 5808.68, 6.28%
- Epoch 049, ExpID 99759
Train - Loss: 23674403.71
Val - Loss, MSE, RMSE, MAE, MAPE: 72064392.00, 72064388.67, 8109.74, 6036.68, 7.33%
Test - Best epoch, Loss, MSE, RMSE, MAE, MAPE: 49, 55957624.00, 55957617.33, 7398.14, 5803.72, 6.28%
- Epoch 050, ExpID 99759
Train - Loss: 23446337.13
Val - Loss, MSE, RMSE, MAE, MAPE: 71863280.00, 71863280.00, 8095.62, 6015.34, 7.31%
Test - Best epoch, Loss, MSE, RMSE, MAE, MAPE: 50, 55928508.00, 55928505.33, 7395.48, 5796.03, 6.28%
- Epoch 051, ExpID 99759
Train - Loss: 23478659.33
Val - Loss, MSE, RMSE, MAE, MAPE: 71762208.00, 71762199.67, 8090.35, 6012.84, 7.30%
Test - Best epoch, Loss, MSE, RMSE, MAE, MAPE: 51, 55959628.00, 55959629.00, 7396.15, 5796.13, 6.27%
- Epoch 052, ExpID 99759
Train - Loss: 23546494.88
Val - Loss, MSE, RMSE, MAE, MAPE: 71347760.00, 71347751.67, 8071.47, 6006.37, 7.29%
Test - Best epoch, Loss, MSE, RMSE, MAE, MAPE: 52, 55839468.00, 55839468.00, 7387.77, 5790.46, 6.27%
- Epoch 053, ExpID 99759
Train - Loss: 23840020.78
Val - Loss, MSE, RMSE, MAE, MAPE: 71447120.00, 71447115.00, 8068.03, 5973.57, 7.27%
Test - Best epoch, Loss, MSE, RMSE, MAE, MAPE: 52, 55839468.00, 55839468.00, 7387.77, 5790.46, 6.27%
- Epoch 054, ExpID 99759
Train - Loss: 23377450.01
Val - Loss, MSE, RMSE, MAE, MAPE: 70872304.00, 70872295.33, 8043.73, 5972.88, 7.26%
Test - Best epoch, Loss, MSE, RMSE, MAE, MAPE: 54, 55668264.00, 55668262.67, 7376.52, 5775.33, 6.26%
- Epoch 055, ExpID 99759
Train - Loss: 23441432.64
Val - Loss, MSE, RMSE, MAE, MAPE: 70462264.00, 70462260.67, 8033.56, 5997.77, 7.27%
Test - Best epoch, Loss, MSE, RMSE, MAE, MAPE: 55, 55538128.00, 55538129.00, 7367.53, 5777.43, 6.25%
- Epoch 056, ExpID 99759
Train - Loss: 23431071.79
Val - Loss, MSE, RMSE, MAE, MAPE: 70180064.00, 70180066.00, 8018.94, 5985.17, 7.25%
Test - Best epoch, Loss, MSE, RMSE, MAE, MAPE: 56, 55445676.00, 55445678.67, 7361.41, 5770.93, 6.24%
- Epoch 057, ExpID 99759
Train - Loss: 23365832.34
Val - Loss, MSE, RMSE, MAE, MAPE: 70201496.00, 70201495.67, 8010.03, 5949.32, 7.23%
Test - Best epoch, Loss, MSE, RMSE, MAE, MAPE: 56, 55445676.00, 55445678.67, 7361.41, 5770.93, 6.24%
- Epoch 058, ExpID 99759
Train - Loss: 23659548.28
Val - Loss, MSE, RMSE, MAE, MAPE: 69899600.00, 69899596.33, 7998.02, 5953.41, 7.22%
Test - Best epoch, Loss, MSE, RMSE, MAE, MAPE: 58, 55404496.00, 55404497.67, 7357.22, 5759.55, 6.23%
- Epoch 059, ExpID 99759
Train - Loss: 23595282.09
Val - Loss, MSE, RMSE, MAE, MAPE: 69634296.00, 69634298.00, 7986.49, 5948.61, 7.22%
Test - Best epoch, Loss, MSE, RMSE, MAE, MAPE: 59, 55314412.00, 55314412.33, 7351.28, 5754.94, 6.23%
- Epoch 060, ExpID 99759
Train - Loss: 23644755.22
Val - Loss, MSE, RMSE, MAE, MAPE: 69799040.00, 69799040.67, 7984.42, 5912.41, 7.19%
Test - Best epoch, Loss, MSE, RMSE, MAE, MAPE: 59, 55314412.00, 55314412.33, 7351.28, 5754.94, 6.23%
- Epoch 061, ExpID 99759
Train - Loss: 23327025.14
Val - Loss, MSE, RMSE, MAE, MAPE: 69114768.00, 69114769.00, 7960.03, 5930.99, 7.19%
Test - Best epoch, Loss, MSE, RMSE, MAE, MAPE: 61, 55092456.00, 55092451.67, 7336.68, 5740.78, 6.21%
- Epoch 062, ExpID 99759
Train - Loss: 23235735.65
Val - Loss, MSE, RMSE, MAE, MAPE: 69096552.00, 69096550.00, 7956.03, 5920.37, 7.18%
Test - Best epoch, Loss, MSE, RMSE, MAE, MAPE: 62, 55182000.00, 55182000.00, 7340.91, 5741.41, 6.21%
- Epoch 063, ExpID 99759
Train - Loss: 23408058.09
Val - Loss, MSE, RMSE, MAE, MAPE: 68925624.00, 68925618.33, 7947.38, 5914.02, 7.17%
Test - Best epoch, Loss, MSE, RMSE, MAE, MAPE: 63, 55147128.00, 55147125.33, 7338.13, 5738.22, 6.21%
- Epoch 064, ExpID 99759
Train - Loss: 23232075.20
Val - Loss, MSE, RMSE, MAE, MAPE: 68664176.00, 68664174.00, 7941.27, 5931.35, 7.18%
Test - Best epoch, Loss, MSE, RMSE, MAE, MAPE: 64, 54993496.00, 54993494.33, 7328.76, 5736.59, 6.20%
- Epoch 065, ExpID 99759
Train - Loss: 23168507.06
Val - Loss, MSE, RMSE, MAE, MAPE: 68529912.00, 68529911.67, 7926.71, 5899.13, 7.16%
Test - Best epoch, Loss, MSE, RMSE, MAE, MAPE: 65, 54930384.00, 54930384.00, 7324.44, 5725.70, 6.20%
- Epoch 066, ExpID 99759
Train - Loss: 23132047.46
Val - Loss, MSE, RMSE, MAE, MAPE: 68243752.00, 68243754.67, 7919.76, 5917.29, 7.16%
Test - Best epoch, Loss, MSE, RMSE, MAE, MAPE: 66, 54814616.00, 54814612.00, 7317.05, 5725.95, 6.19%
- Epoch 067, ExpID 99759
Train - Loss: 23030480.82
Val - Loss, MSE, RMSE, MAE, MAPE: 68080144.00, 68080145.33, 7903.96, 5882.17, 7.14%
Test - Best epoch, Loss, MSE, RMSE, MAE, MAPE: 67, 54745932.00, 54745933.33, 7312.47, 5714.41, 6.19%
- Epoch 068, ExpID 99759
Train - Loss: 23191196.54
Val - Loss, MSE, RMSE, MAE, MAPE: 67938496.00, 67938491.00, 7898.65, 5886.72, 7.13%
Test - Best epoch, Loss, MSE, RMSE, MAE, MAPE: 68, 54755756.00, 54755755.00, 7311.94, 5715.06, 6.18%
- Epoch 069, ExpID 99759
Train - Loss: 22995145.32
Val - Loss, MSE, RMSE, MAE, MAPE: 67791696.00, 67791685.67, 7886.05, 5863.12, 7.11%
Test - Best epoch, Loss, MSE, RMSE, MAE, MAPE: 69, 54711064.00, 54711062.00, 7308.67, 5707.06, 6.18%
- Epoch 070, ExpID 99759
Train - Loss: 23042572.35
Val - Loss, MSE, RMSE, MAE, MAPE: 67834640.00, 67834636.67, 7883.55, 5843.23, 7.10%
Test - Best epoch, Loss, MSE, RMSE, MAE, MAPE: 69, 54711064.00, 54711062.00, 7308.67, 5707.06, 6.18%
- Epoch 071, ExpID 99759
Train - Loss: 23007443.82
Val - Loss, MSE, RMSE, MAE, MAPE: 67490128.00, 67490126.33, 7869.26, 5845.41, 7.10%
Test - Best epoch, Loss, MSE, RMSE, MAE, MAPE: 71, 54581032.00, 54581033.33, 7300.08, 5696.94, 6.17%
- Epoch 072, ExpID 99759
Train - Loss: 22874680.94
Val - Loss, MSE, RMSE, MAE, MAPE: 67096216.00, 67096217.33, 7862.22, 5881.25, 7.11%
Test - Best epoch, Loss, MSE, RMSE, MAE, MAPE: 72, 54405680.00, 54405677.33, 7289.25, 5699.79, 6.16%
- Epoch 073, ExpID 99759
Train - Loss: 22929167.20
Val - Loss, MSE, RMSE, MAE, MAPE: 67068840.00, 67068833.67, 7851.47, 5844.69, 7.09%
Test - Best epoch, Loss, MSE, RMSE, MAE, MAPE: 73, 54395216.00, 54395219.00, 7287.95, 5689.05, 6.16%
- Epoch 074, ExpID 99759
Train - Loss: 22911378.45
Val - Loss, MSE, RMSE, MAE, MAPE: 66910588.00, 66910587.00, 7849.30, 5865.28, 7.10%
Test - Best epoch, Loss, MSE, RMSE, MAE, MAPE: 74, 54366264.00, 54366259.67, 7285.53, 5693.09, 6.15%
- Epoch 075, ExpID 99759
Train - Loss: 23088104.99
Val - Loss, MSE, RMSE, MAE, MAPE: 66673624.00, 66673617.33, 7825.83, 5809.23, 7.06%
Test - Best epoch, Loss, MSE, RMSE, MAE, MAPE: 75, 54145168.00, 54145170.67, 7272.54, 5669.99, 6.15%
- Epoch 076, ExpID 99759
Train - Loss: 22827838.56
Val - Loss, MSE, RMSE, MAE, MAPE: 66423008.00, 66423004.00, 7821.04, 5833.32, 7.07%
Test - Best epoch, Loss, MSE, RMSE, MAE, MAPE: 76, 54035836.00, 54035836.00, 7265.25, 5672.63, 6.14%
- Epoch 077, ExpID 99759
Train - Loss: 22767066.49
Val - Loss, MSE, RMSE, MAE, MAPE: 66530136.00, 66530132.33, 7816.41, 5797.35, 7.04%
Test - Best epoch, Loss, MSE, RMSE, MAE, MAPE: 76, 54035836.00, 54035836.00, 7265.25, 5672.63, 6.14%
- Epoch 078, ExpID 99759
Train - Loss: 22870364.92
Val - Loss, MSE, RMSE, MAE, MAPE: 66443472.00, 66443477.00, 7815.01, 5812.98, 7.05%
Test - Best epoch, Loss, MSE, RMSE, MAE, MAPE: 76, 54035836.00, 54035836.00, 7265.25, 5672.63, 6.14%
- Epoch 079, ExpID 99759
Train - Loss: 23509332.72
Val - Loss, MSE, RMSE, MAE, MAPE: 66099404.00, 66099400.67, 7790.44, 5770.74, 7.02%
Test - Best epoch, Loss, MSE, RMSE, MAE, MAPE: 79, 53896152.00, 53896148.67, 7255.67, 5649.67, 6.13%
- Epoch 080, ExpID 99759
Train - Loss: 22947928.86
Val - Loss, MSE, RMSE, MAE, MAPE: 66016860.00, 66016863.33, 7793.13, 5795.29, 7.03%
Test - Best epoch, Loss, MSE, RMSE, MAE, MAPE: 80, 53784236.00, 53784230.00, 7248.19, 5650.05, 6.12%
- Epoch 081, ExpID 99759
Train - Loss: 22649321.61
Val - Loss, MSE, RMSE, MAE, MAPE: 66041928.00, 66041922.67, 7786.89, 5764.89, 7.02%
Test - Best epoch, Loss, MSE, RMSE, MAE, MAPE: 80, 53784236.00, 53784230.00, 7248.19, 5650.05, 6.12%
- Epoch 082, ExpID 99759
Train - Loss: 22580097.08
Val - Loss, MSE, RMSE, MAE, MAPE: 65865528.00, 65865523.00, 7789.95, 5808.41, 7.03%
Test - Best epoch, Loss, MSE, RMSE, MAE, MAPE: 82, 53666572.00, 53666573.33, 7240.77, 5648.05, 6.11%
- Epoch 083, ExpID 99759
Train - Loss: 22821343.71
Val - Loss, MSE, RMSE, MAE, MAPE: 65664828.00, 65664825.00, 7779.02, 5798.47, 7.02%
Test - Best epoch, Loss, MSE, RMSE, MAE, MAPE: 83, 53532156.00, 53532154.67, 7232.13, 5638.03, 6.10%
- Epoch 084, ExpID 99759
Train - Loss: 22507053.95
Val - Loss, MSE, RMSE, MAE, MAPE: 65575152.00, 65575150.67, 7777.29, 5805.17, 7.03%
Test - Best epoch, Loss, MSE, RMSE, MAE, MAPE: 84, 53473384.00, 53473385.00, 7228.26, 5637.67, 6.10%
- Epoch 085, ExpID 99759
Train - Loss: 22510742.56
Val - Loss, MSE, RMSE, MAE, MAPE: 65378256.00, 65378259.00, 7759.36, 5770.01, 7.00%
Test - Best epoch, Loss, MSE, RMSE, MAE, MAPE: 85, 53279724.00, 53279723.33, 7216.84, 5619.44, 6.09%
- Epoch 086, ExpID 99759
Train - Loss: 22612040.81
Val - Loss, MSE, RMSE, MAE, MAPE: 65299392.00, 65299390.33, 7759.04, 5782.50, 7.01%
Test - Best epoch, Loss, MSE, RMSE, MAE, MAPE: 86, 53282252.00, 53282250.67, 7216.43, 5622.42, 6.09%
- Epoch 087, ExpID 99759
Train - Loss: 22473052.31
Val - Loss, MSE, RMSE, MAE, MAPE: 65263200.00, 65263195.67, 7765.19, 5805.51, 7.02%
Test - Best epoch, Loss, MSE, RMSE, MAE, MAPE: 87, 53185420.00, 53185418.67, 7210.76, 5622.73, 6.08%
- Epoch 088, ExpID 99759
Train - Loss: 22359386.73
Val - Loss, MSE, RMSE, MAE, MAPE: 65151772.00, 65151765.67, 7751.37, 5770.59, 7.00%
Test - Best epoch, Loss, MSE, RMSE, MAE, MAPE: 88, 53062104.00, 53062096.67, 7202.78, 5606.07, 6.07%
- Epoch 089, ExpID 99759
Train - Loss: 22539204.62
Val - Loss, MSE, RMSE, MAE, MAPE: 65195528.00, 65195527.67, 7755.68, 5782.31, 7.01%
Test - Best epoch, Loss, MSE, RMSE, MAE, MAPE: 88, 53062104.00, 53062096.67, 7202.78, 5606.07, 6.07%
- Epoch 090, ExpID 99759
Train - Loss: 22270610.80
Val - Loss, MSE, RMSE, MAE, MAPE: 64949388.00, 64949387.67, 7746.72, 5788.13, 7.01%
Test - Best epoch, Loss, MSE, RMSE, MAE, MAPE: 90, 52899640.00, 52899635.33, 7193.28, 5603.07, 6.06%
- Epoch 091, ExpID 99759
Train - Loss: 22290730.04
Val - Loss, MSE, RMSE, MAE, MAPE: 65191704.00, 65191698.33, 7754.33, 5771.82, 7.00%
Test - Best epoch, Loss, MSE, RMSE, MAE, MAPE: 90, 52899640.00, 52899635.33, 7193.28, 5603.07, 6.06%
- Epoch 092, ExpID 99759
Train - Loss: 22243386.89
Val - Loss, MSE, RMSE, MAE, MAPE: 64820192.00, 64820189.67, 7730.70, 5744.30, 6.98%
Test - Best epoch, Loss, MSE, RMSE, MAE, MAPE: 92, 52727168.00, 52727169.33, 7183.00, 5584.21, 6.06%
- Epoch 093, ExpID 99759
Train - Loss: 22166938.58
Val - Loss, MSE, RMSE, MAE, MAPE: 64897948.00, 64897943.67, 7737.33, 5759.49, 6.99%
Test - Best epoch, Loss, MSE, RMSE, MAE, MAPE: 92, 52727168.00, 52727169.33, 7183.00, 5584.21, 6.06%
- Epoch 094, ExpID 99759
Train - Loss: 22320814.44
Val - Loss, MSE, RMSE, MAE, MAPE: 64625344.00, 64625348.00, 7722.16, 5745.04, 6.97%
Test - Best epoch, Loss, MSE, RMSE, MAE, MAPE: 94, 52595696.00, 52595696.00, 7173.89, 5577.05, 6.05%
- Epoch 095, ExpID 99759
Train - Loss: 22531206.09
Val - Loss, MSE, RMSE, MAE, MAPE: 64783504.00, 64783503.67, 7736.64, 5779.33, 6.99%
Test - Best epoch, Loss, MSE, RMSE, MAE, MAPE: 94, 52595696.00, 52595696.00, 7173.89, 5577.05, 6.05%
- Epoch 096, ExpID 99759
Train - Loss: 22032799.10
Val - Loss, MSE, RMSE, MAE, MAPE: 64604880.00, 64604882.67, 7719.69, 5733.75, 6.97%
Test - Best epoch, Loss, MSE, RMSE, MAE, MAPE: 96, 52511004.00, 52510998.67, 7169.42, 5570.70, 6.05%
- Epoch 097, ExpID 99759
Train - Loss: 22217865.48
Val - Loss, MSE, RMSE, MAE, MAPE: 64280504.00, 64280498.33, 7715.54, 5771.15, 6.98%
Test - Best epoch, Loss, MSE, RMSE, MAE, MAPE: 97, 52241324.00, 52241322.00, 7151.47, 5564.97, 6.02%
- Epoch 098, ExpID 99759
Train - Loss: 22064162.09
Val - Loss, MSE, RMSE, MAE, MAPE: 64279024.00, 64279025.67, 7702.45, 5734.22, 6.96%
Test - Best epoch, Loss, MSE, RMSE, MAE, MAPE: 98, 52312504.00, 52312504.67, 7155.77, 5559.64, 6.03%
- Epoch 099, ExpID 99759
Train - Loss: 22148867.22
Val - Loss, MSE, RMSE, MAE, MAPE: 64464744.00, 64464742.33, 7709.87, 5730.57, 6.96%
Test - Best epoch, Loss, MSE, RMSE, MAE, MAPE: 98, 52312504.00, 52312504.67, 7155.77, 5559.64, 6.03%
- Epoch 100, ExpID 99759
Train - Loss: 22020075.11
Val - Loss, MSE, RMSE, MAE, MAPE: 64398176.00, 64398169.00, 7707.13, 5726.65, 6.95%
Test - Best epoch, Loss, MSE, RMSE, MAE, MAPE: 98, 52312504.00, 52312504.67, 7155.77, 5559.64, 6.03%
- Epoch 101, ExpID 99759
Train - Loss: 22109774.69
Val - Loss, MSE, RMSE, MAE, MAPE: 63971208.00, 63971205.33, 7688.56, 5732.21, 6.95%
Test - Best epoch, Loss, MSE, RMSE, MAE, MAPE: 101, 52128320.00, 52128319.33, 7142.37, 5546.91, 6.01%
- Epoch 102, ExpID 99759
Train - Loss: 22034714.25
Val - Loss, MSE, RMSE, MAE, MAPE: 63841320.00, 63841319.33, 7681.04, 5730.18, 6.94%
Test - Best epoch, Loss, MSE, RMSE, MAE, MAPE: 102, 52064956.00, 52064951.33, 7137.69, 5544.65, 6.01%
- Epoch 103, ExpID 99759
Train - Loss: 21873134.79
Val - Loss, MSE, RMSE, MAE, MAPE: 64355936.00, 64355940.33, 7698.59, 5704.65, 6.94%
Test - Best epoch, Loss, MSE, RMSE, MAE, MAPE: 102, 52064956.00, 52064951.33, 7137.69, 5544.65, 6.01%
- Epoch 104, ExpID 99759
Train - Loss: 21945048.81
Val - Loss, MSE, RMSE, MAE, MAPE: 63638016.00, 63638017.67, 7674.89, 5731.68, 6.94%
Test - Best epoch, Loss, MSE, RMSE, MAE, MAPE: 104, 51851632.00, 51851631.33, 7124.00, 5532.65, 5.99%
- Epoch 105, ExpID 99759
Train - Loss: 21840067.20
Val - Loss, MSE, RMSE, MAE, MAPE: 63496092.00, 63496091.33, 7662.04, 5707.11, 6.92%
Test - Best epoch, Loss, MSE, RMSE, MAE, MAPE: 105, 51692024.00, 51692018.67, 7114.51, 5522.42, 5.99%
- Epoch 106, ExpID 99759
Train - Loss: 21919003.21
Val - Loss, MSE, RMSE, MAE, MAPE: 63530684.00, 63530683.33, 7665.05, 5706.32, 6.92%
Test - Best epoch, Loss, MSE, RMSE, MAE, MAPE: 105, 51692024.00, 51692018.67, 7114.51, 5522.42, 5.99%
- Epoch 107, ExpID 99759
Train - Loss: 21892390.44
Val - Loss, MSE, RMSE, MAE, MAPE: 63248672.00, 63248671.00, 7663.97, 5747.22, 6.94%
Test - Best epoch, Loss, MSE, RMSE, MAE, MAPE: 107, 51497040.00, 51497037.00, 7100.82, 5521.36, 5.97%
- Epoch 108, ExpID 99759
Train - Loss: 21871045.32
Val - Loss, MSE, RMSE, MAE, MAPE: 63565868.00, 63565868.33, 7673.46, 5733.88, 6.93%
Test - Best epoch, Loss, MSE, RMSE, MAE, MAPE: 107, 51497040.00, 51497037.00, 7100.82, 5521.36, 5.97%
- Epoch 109, ExpID 99759
Train - Loss: 21949572.41
Val - Loss, MSE, RMSE, MAE, MAPE: 63244040.00, 63244035.00, 7650.06, 5697.81, 6.91%
Test - Best epoch, Loss, MSE, RMSE, MAE, MAPE: 109, 51456104.00, 51456099.33, 7097.91, 5505.01, 5.97%
- Epoch 110, ExpID 99759
Train - Loss: 21766491.59
Val - Loss, MSE, RMSE, MAE, MAPE: 63243392.00, 63243396.00, 7648.64, 5691.14, 6.90%
Test - Best epoch, Loss, MSE, RMSE, MAE, MAPE: 110, 51477456.00, 51477456.00, 7098.42, 5504.49, 5.97%
- Epoch 111, ExpID 99759
Train - Loss: 22138221.24
Val - Loss, MSE, RMSE, MAE, MAPE: 63149116.00, 63149112.33, 7645.12, 5702.97, 6.91%
Test - Best epoch, Loss, MSE, RMSE, MAE, MAPE: 111, 51398928.00, 51398925.33, 7092.31, 5503.67, 5.96%
- Epoch 112, ExpID 99759
Train - Loss: 21689110.75
Val - Loss, MSE, RMSE, MAE, MAPE: 63477528.00, 63477530.67, 7653.89, 5672.77, 6.90%
Test - Best epoch, Loss, MSE, RMSE, MAE, MAPE: 111, 51398928.00, 51398925.33, 7092.31, 5503.67, 5.96%
- Epoch 113, ExpID 99759
Train - Loss: 21819341.67
Val - Loss, MSE, RMSE, MAE, MAPE: 62987224.00, 62987216.33, 7632.44, 5679.61, 6.89%
Test - Best epoch, Loss, MSE, RMSE, MAE, MAPE: 113, 51259836.00, 51259834.00, 7083.18, 5489.44, 5.95%
- Epoch 114, ExpID 99759
Train - Loss: 21694730.88
Val - Loss, MSE, RMSE, MAE, MAPE: 62913224.00, 62913220.00, 7634.72, 5699.63, 6.90%
Test - Best epoch, Loss, MSE, RMSE, MAE, MAPE: 114, 51205948.00, 51205945.67, 7078.59, 5489.62, 5.94%
- Epoch 115, ExpID 99759
Train - Loss: 21579622.74
Val - Loss, MSE, RMSE, MAE, MAPE: 63041244.00, 63041249.00, 7632.90, 5677.89, 6.89%
Test - Best epoch, Loss, MSE, RMSE, MAE, MAPE: 114, 51205948.00, 51205945.67, 7078.59, 5489.62, 5.94%
- Epoch 116, ExpID 99759
Train - Loss: 21698980.32
Val - Loss, MSE, RMSE, MAE, MAPE: 62878432.00, 62878429.33, 7626.90, 5671.47, 6.87%
Test - Best epoch, Loss, MSE, RMSE, MAE, MAPE: 116, 51223552.00, 51223549.33, 7079.04, 5484.01, 5.95%
- Epoch 117, ExpID 99759
Train - Loss: 21577763.00
Val - Loss, MSE, RMSE, MAE, MAPE: 62843032.00, 62843026.67, 7626.45, 5684.29, 6.88%
Test - Best epoch, Loss, MSE, RMSE, MAE, MAPE: 117, 51135200.00, 51135202.67, 7072.25, 5480.04, 5.94%
- Epoch 118, ExpID 99759
Train - Loss: 21707859.36
Val - Loss, MSE, RMSE, MAE, MAPE: 62719180.00, 62719182.00, 7612.77, 5646.12, 6.86%
Test - Best epoch, Loss, MSE, RMSE, MAE, MAPE: 118, 51010720.00, 51010720.00, 7065.67, 5465.67, 5.94%
- Epoch 119, ExpID 99759
Train - Loss: 21632498.75
Val - Loss, MSE, RMSE, MAE, MAPE: 62542892.00, 62542886.67, 7609.82, 5669.03, 6.86%
Test - Best epoch, Loss, MSE, RMSE, MAE, MAPE: 119, 50900624.00, 50900624.00, 7056.59, 5466.38, 5.92%
- Epoch 120, ExpID 99759
Train - Loss: 21603132.71
Val - Loss, MSE, RMSE, MAE, MAPE: 62348776.00, 62348773.00, 7613.72, 5703.25, 6.88%
Test - Best epoch, Loss, MSE, RMSE, MAE, MAPE: 120, 50756700.00, 50756699.00, 7046.77, 5469.86, 5.91%
- Epoch 121, ExpID 99759
Train - Loss: 21393052.69
Val - Loss, MSE, RMSE, MAE, MAPE: 62423504.00, 62423504.33, 7598.59, 5637.27, 6.84%
Test - Best epoch, Loss, MSE, RMSE, MAE, MAPE: 120, 50756700.00, 50756699.00, 7046.77, 5469.86, 5.91%
- Epoch 122, ExpID 99759
Train - Loss: 21382218.45
Val - Loss, MSE, RMSE, MAE, MAPE: 62532748.00, 62532747.00, 7606.70, 5650.76, 6.85%
Test - Best epoch, Loss, MSE, RMSE, MAE, MAPE: 120, 50756700.00, 50756699.00, 7046.77, 5469.86, 5.91%
- Epoch 123, ExpID 99759
Train - Loss: 21388971.20
Val - Loss, MSE, RMSE, MAE, MAPE: 61945088.00, 61945088.33, 7577.50, 5637.96, 6.83%
Test - Best epoch, Loss, MSE, RMSE, MAE, MAPE: 123, 50361676.00, 50361677.33, 7021.10, 5432.48, 5.89%
- Epoch 124, ExpID 99759
Train - Loss: 21304726.45
Val - Loss, MSE, RMSE, MAE, MAPE: 62558988.00, 62558989.00, 7601.35, 5617.77, 6.84%
Test - Best epoch, Loss, MSE, RMSE, MAE, MAPE: 123, 50361676.00, 50361677.33, 7021.10, 5432.48, 5.89%
- Epoch 125, ExpID 99759
Train - Loss: 21286044.08
Val - Loss, MSE, RMSE, MAE, MAPE: 61879064.00, 61879061.33, 7569.03, 5626.08, 6.82%
Test - Best epoch, Loss, MSE, RMSE, MAE, MAPE: 125, 50287992.00, 50287988.00, 7014.79, 5423.85, 5.88%
- Epoch 126, ExpID 99759
Train - Loss: 21563502.24
Val - Loss, MSE, RMSE, MAE, MAPE: 62049568.00, 62049563.67, 7582.55, 5644.77, 6.83%
Test - Best epoch, Loss, MSE, RMSE, MAE, MAPE: 125, 50287992.00, 50287988.00, 7014.79, 5423.85, 5.88%
- Epoch 127, ExpID 99759
Train - Loss: 21379737.91
Val - Loss, MSE, RMSE, MAE, MAPE: 61778316.00, 61778316.33, 7575.69, 5655.50, 6.83%
Test - Best epoch, Loss, MSE, RMSE, MAE, MAPE: 127, 50167032.00, 50167029.33, 7005.38, 5426.25, 5.87%
- Epoch 128, ExpID 99759
Train - Loss: 21270701.38
Val - Loss, MSE, RMSE, MAE, MAPE: 61665112.00, 61665110.67, 7564.69, 5645.02, 6.82%
Test - Best epoch, Loss, MSE, RMSE, MAE, MAPE: 128, 50039752.00, 50039747.67, 6996.48, 5416.25, 5.86%
- Epoch 129, ExpID 99759
Train - Loss: 21389962.74
Val - Loss, MSE, RMSE, MAE, MAPE: 61590316.00, 61590313.67, 7563.82, 5635.89, 6.81%
Test - Best epoch, Loss, MSE, RMSE, MAE, MAPE: 129, 50120360.00, 50120355.00, 7001.23, 5421.45, 5.87%
- Epoch 130, ExpID 99759
Train - Loss: 21240349.46
Val - Loss, MSE, RMSE, MAE, MAPE: 61630536.00, 61630538.67, 7564.98, 5651.66, 6.82%
Test - Best epoch, Loss, MSE, RMSE, MAE, MAPE: 129, 50120360.00, 50120355.00, 7001.23, 5421.45, 5.87%
- Epoch 131, ExpID 99759
Train - Loss: 21176790.19
Val - Loss, MSE, RMSE, MAE, MAPE: 61518880.00, 61518877.00, 7552.47, 5616.12, 6.80%
Test - Best epoch, Loss, MSE, RMSE, MAE, MAPE: 131, 49894380.00, 49894376.67, 6985.89, 5399.90, 5.85%
- Epoch 132, ExpID 99759
Train - Loss: 21226560.72
Val - Loss, MSE, RMSE, MAE, MAPE: 62017128.00, 62017126.67, 7568.80, 5600.04, 6.80%
Test - Best epoch, Loss, MSE, RMSE, MAE, MAPE: 131, 49894380.00, 49894376.67, 6985.89, 5399.90, 5.85%
- Epoch 133, ExpID 99759
Train - Loss: 21276099.80
Val - Loss, MSE, RMSE, MAE, MAPE: 61338040.00, 61338036.00, 7551.40, 5631.54, 6.80%
Test - Best epoch, Loss, MSE, RMSE, MAE, MAPE: 133, 49799304.00, 49799302.00, 6978.01, 5399.67, 5.84%
- Epoch 134, ExpID 99759
Train - Loss: 21385136.87
Val - Loss, MSE, RMSE, MAE, MAPE: 61507480.00, 61507477.00, 7542.88, 5595.56, 6.78%
Test - Best epoch, Loss, MSE, RMSE, MAE, MAPE: 133, 49799304.00, 49799302.00, 6978.01, 5399.67, 5.84%
- Epoch 135, ExpID 99759
Train - Loss: 21091624.92
Val - Loss, MSE, RMSE, MAE, MAPE: 61162540.00, 61162538.33, 7530.16, 5602.06, 6.78%
Test - Best epoch, Loss, MSE, RMSE, MAE, MAPE: 135, 49499248.00, 49499247.33, 6957.25, 5375.54, 5.82%
- Epoch 136, ExpID 99759
Train - Loss: 21070837.19
Val - Loss, MSE, RMSE, MAE, MAPE: 61020604.00, 61020604.33, 7528.37, 5601.83, 6.77%
Test - Best epoch, Loss, MSE, RMSE, MAE, MAPE: 136, 49423584.00, 49423585.33, 6952.60, 5372.72, 5.82%
- Epoch 137, ExpID 99759
Train - Loss: 21071388.93
Val - Loss, MSE, RMSE, MAE, MAPE: 61063904.00, 61063907.67, 7531.10, 5613.31, 6.78%
Test - Best epoch, Loss, MSE, RMSE, MAE, MAPE: 136, 49423584.00, 49423585.33, 6952.60, 5372.72, 5.82%
- Epoch 138, ExpID 99759
Train - Loss: 21053145.94
Val - Loss, MSE, RMSE, MAE, MAPE: 60917004.00, 60917005.00, 7511.58, 5581.03, 6.76%
Test - Best epoch, Loss, MSE, RMSE, MAE, MAPE: 138, 49194360.00, 49194360.67, 6935.05, 5353.97, 5.80%
- Epoch 139, ExpID 99759
Train - Loss: 21086626.92
Val - Loss, MSE, RMSE, MAE, MAPE: 61214056.00, 61214051.33, 7532.82, 5589.98, 6.76%
Test - Best epoch, Loss, MSE, RMSE, MAE, MAPE: 138, 49194360.00, 49194360.67, 6935.05, 5353.97, 5.80%
- Epoch 140, ExpID 99759
Train - Loss: 21072223.01
Val - Loss, MSE, RMSE, MAE, MAPE: 60831072.00, 60831070.33, 7516.25, 5591.70, 6.76%
Test - Best epoch, Loss, MSE, RMSE, MAE, MAPE: 140, 49134444.00, 49134444.33, 6930.43, 5353.00, 5.79%
- Epoch 141, ExpID 99759
Train - Loss: 20851016.75
Val - Loss, MSE, RMSE, MAE, MAPE: 61428592.00, 61428589.67, 7530.84, 5556.16, 6.76%
Test - Best epoch, Loss, MSE, RMSE, MAE, MAPE: 140, 49134444.00, 49134444.33, 6930.43, 5353.00, 5.79%
- Epoch 142, ExpID 99759
Train - Loss: 20945264.51
Val - Loss, MSE, RMSE, MAE, MAPE: 60609128.00, 60609129.00, 7489.56, 5545.66, 6.73%
Test - Best epoch, Loss, MSE, RMSE, MAE, MAPE: 142, 48821696.00, 48821697.33, 6908.99, 5323.15, 5.78%
- Epoch 143, ExpID 99759
Train - Loss: 20777895.32
Val - Loss, MSE, RMSE, MAE, MAPE: 60665448.00, 60665446.00, 7500.25, 5565.04, 6.73%
Test - Best epoch, Loss, MSE, RMSE, MAE, MAPE: 142, 48821696.00, 48821697.33, 6908.99, 5323.15, 5.78%
- Epoch 144, ExpID 99759
Train - Loss: 20946837.04
Val - Loss, MSE, RMSE, MAE, MAPE: 60714396.00, 60714398.00, 7493.27, 5543.93, 6.72%
Test - Best epoch, Loss, MSE, RMSE, MAE, MAPE: 142, 48821696.00, 48821697.33, 6908.99, 5323.15, 5.78%
- Epoch 145, ExpID 99759
Train - Loss: 20790900.61
Val - Loss, MSE, RMSE, MAE, MAPE: 60687776.00, 60687778.67, 7501.10, 5566.35, 6.73%
Test - Best epoch, Loss, MSE, RMSE, MAE, MAPE: 142, 48821696.00, 48821697.33, 6908.99, 5323.15, 5.78%
- Epoch 146, ExpID 99759
Train - Loss: 20729281.41
Val - Loss, MSE, RMSE, MAE, MAPE: 60494384.00, 60494384.67, 7491.64, 5564.19, 6.72%
Test - Best epoch, Loss, MSE, RMSE, MAE, MAPE: 146, 48662848.00, 48662845.67, 6894.70, 5320.53, 5.76%
- Epoch 147, ExpID 99759
Train - Loss: 20681785.84
Val - Loss, MSE, RMSE, MAE, MAPE: 60467552.00, 60467551.00, 7473.89, 5503.22, 6.70%
Test - Best epoch, Loss, MSE, RMSE, MAE, MAPE: 147, 48470428.00, 48470425.00, 6884.58, 5293.80, 5.76%
- Epoch 148, ExpID 99759
Train - Loss: 21012271.85
Val - Loss, MSE, RMSE, MAE, MAPE: 59953000.00, 59953001.33, 7447.64, 5505.01, 6.68%
Test - Best epoch, Loss, MSE, RMSE, MAE, MAPE: 148, 48168472.00, 48168466.33, 6861.64, 5279.89, 5.73%
- Epoch 149, ExpID 99759
Train - Loss: 20680165.78
Val - Loss, MSE, RMSE, MAE, MAPE: 60066604.00, 60066606.33, 7458.49, 5545.58, 6.70%
Test - Best epoch, Loss, MSE, RMSE, MAE, MAPE: 148, 48168472.00, 48168466.33, 6861.64, 5279.89, 5.73%
- Epoch 150, ExpID 99759
Train - Loss: 20518669.98
Val - Loss, MSE, RMSE, MAE, MAPE: 59281232.00, 59281233.67, 7397.11, 5455.40, 6.63%
Test - Best epoch, Loss, MSE, RMSE, MAE, MAPE: 150, 47799564.00, 47799563.67, 6836.20, 5256.48, 5.71%
- Epoch 151, ExpID 99759
Train - Loss: 20540578.21
Val - Loss, MSE, RMSE, MAE, MAPE: 59073520.00, 59073521.33, 7381.23, 5443.26, 6.61%
Test - Best epoch, Loss, MSE, RMSE, MAE, MAPE: 151, 47656672.00, 47656674.67, 6824.82, 5246.12, 5.70%
- Epoch 152, ExpID 99759
Train - Loss: 20585084.46
Val - Loss, MSE, RMSE, MAE, MAPE: 58887072.00, 58887072.00, 7369.84, 5434.33, 6.60%
Test - Best epoch, Loss, MSE, RMSE, MAE, MAPE: 152, 47518236.00, 47518236.67, 6815.07, 5239.62, 5.69%
- Epoch 153, ExpID 99759
Train - Loss: 20762295.74
Val - Loss, MSE, RMSE, MAE, MAPE: 58767184.00, 58767185.00, 7366.26, 5450.51, 6.60%
Test - Best epoch, Loss, MSE, RMSE, MAE, MAPE: 153, 47280508.00, 47280508.67, 6797.28, 5232.32, 5.68%
- Epoch 154, ExpID 99759
Train - Loss: 20728546.32
Val - Loss, MSE, RMSE, MAE, MAPE: 57886152.00, 57886147.00, 7286.12, 5357.56, 6.53%
Test - Best epoch, Loss, MSE, RMSE, MAE, MAPE: 154, 47345056.00, 47345053.33, 6802.88, 5232.79, 5.70%
- Epoch 155, ExpID 99759
Train - Loss: 20354089.48
Val - Loss, MSE, RMSE, MAE, MAPE: 58226784.00, 58226784.00, 7332.86, 5467.61, 6.60%
Test - Best epoch, Loss, MSE, RMSE, MAE, MAPE: 154, 47345056.00, 47345053.33, 6802.88, 5232.79, 5.70%
- Epoch 156, ExpID 99759
Train - Loss: 20372558.28
Val - Loss, MSE, RMSE, MAE, MAPE: 59017176.00, 59017173.67, 7374.48, 5446.53, 6.59%
Test - Best epoch, Loss, MSE, RMSE, MAE, MAPE: 154, 47345056.00, 47345053.33, 6802.88, 5232.79, 5.70%
- Epoch 157, ExpID 99759
Train - Loss: 20104263.68
Val - Loss, MSE, RMSE, MAE, MAPE: 57702600.00, 57702597.33, 7277.80, 5363.59, 6.51%
Test - Best epoch, Loss, MSE, RMSE, MAE, MAPE: 157, 46857820.00, 46857820.33, 6766.69, 5203.79, 5.66%
- Epoch 158, ExpID 99759
Train - Loss: 20120981.27
Val - Loss, MSE, RMSE, MAE, MAPE: 57603792.00, 57603794.33, 7280.86, 5368.81, 6.51%
Test - Best epoch, Loss, MSE, RMSE, MAE, MAPE: 158, 46652288.00, 46652289.33, 6753.40, 5197.13, 5.65%
- Epoch 159, ExpID 99759
Train - Loss: 20130209.49
Val - Loss, MSE, RMSE, MAE, MAPE: 57558928.00, 57558930.33, 7256.13, 5349.00, 6.50%
Test - Best epoch, Loss, MSE, RMSE, MAE, MAPE: 159, 46732432.00, 46732432.00, 6756.55, 5200.17, 5.66%
- Epoch 160, ExpID 99759
Train - Loss: 19987110.19
Val - Loss, MSE, RMSE, MAE, MAPE: 57366456.00, 57366454.67, 7262.16, 5395.34, 6.53%
Test - Best epoch, Loss, MSE, RMSE, MAE, MAPE: 160, 46197912.00, 46197906.33, 6721.06, 5181.52, 5.62%
- Epoch 161, ExpID 99759
Train - Loss: 19998248.73
Val - Loss, MSE, RMSE, MAE, MAPE: 57045296.00, 57045289.67, 7233.73, 5311.39, 6.46%
Test - Best epoch, Loss, MSE, RMSE, MAE, MAPE: 161, 46310360.00, 46310354.33, 6729.12, 5170.76, 5.63%
- Epoch 162, ExpID 99759
Train - Loss: 19808991.34
Val - Loss, MSE, RMSE, MAE, MAPE: 56923816.00, 56923813.00, 7217.30, 5318.25, 6.47%
Test - Best epoch, Loss, MSE, RMSE, MAE, MAPE: 162, 46116016.00, 46116016.67, 6714.39, 5158.91, 5.62%
- Epoch 163, ExpID 99759
Train - Loss: 19784551.56
Val - Loss, MSE, RMSE, MAE, MAPE: 57010616.00, 57010614.00, 7224.08, 5320.19, 6.46%
Test - Best epoch, Loss, MSE, RMSE, MAE, MAPE: 162, 46116016.00, 46116016.67, 6714.39, 5158.91, 5.62%
- Epoch 164, ExpID 99759
Train - Loss: 19760879.46
Val - Loss, MSE, RMSE, MAE, MAPE: 56848588.00, 56848584.67, 7214.35, 5349.33, 6.48%
Test - Best epoch, Loss, MSE, RMSE, MAE, MAPE: 164, 45636672.00, 45636669.67, 6679.61, 5143.21, 5.59%
- Epoch 165, ExpID 99759
Train - Loss: 19844831.13
Val - Loss, MSE, RMSE, MAE, MAPE: 56556344.00, 56556336.33, 7199.08, 5321.49, 6.45%
Test - Best epoch, Loss, MSE, RMSE, MAE, MAPE: 165, 45637756.00, 45637754.33, 6679.43, 5135.54, 5.58%
- Epoch 166, ExpID 99759
Train - Loss: 19892031.42
Val - Loss, MSE, RMSE, MAE, MAPE: 56726208.00, 56726210.00, 7200.15, 5325.26, 6.46%
Test - Best epoch, Loss, MSE, RMSE, MAE, MAPE: 165, 45637756.00, 45637754.33, 6679.43, 5135.54, 5.58%
- Epoch 167, ExpID 99759
Train - Loss: 19748696.64
Val - Loss, MSE, RMSE, MAE, MAPE: 57194648.00, 57194648.00, 7238.42, 5356.60, 6.48%
Test - Best epoch, Loss, MSE, RMSE, MAE, MAPE: 165, 45637756.00, 45637754.33, 6679.43, 5135.54, 5.58%
- Epoch 168, ExpID 99759
Train - Loss: 19778507.31
Val - Loss, MSE, RMSE, MAE, MAPE: 57173164.00, 57173161.67, 7245.04, 5398.68, 6.51%
Test - Best epoch, Loss, MSE, RMSE, MAE, MAPE: 165, 45637756.00, 45637754.33, 6679.43, 5135.54, 5.58%
- Epoch 169, ExpID 99759
Train - Loss: 19533646.61
Val - Loss, MSE, RMSE, MAE, MAPE: 56521932.00, 56521931.33, 7193.52, 5328.33, 6.45%
Test - Best epoch, Loss, MSE, RMSE, MAE, MAPE: 169, 45219160.00, 45219158.33, 6648.17, 5118.10, 5.56%
- Epoch 170, ExpID 99759
Train - Loss: 19554628.96
Val - Loss, MSE, RMSE, MAE, MAPE: 56853720.00, 56853721.33, 7225.01, 5381.98, 6.49%
Test - Best epoch, Loss, MSE, RMSE, MAE, MAPE: 169, 45219160.00, 45219158.33, 6648.17, 5118.10, 5.56%
- Epoch 171, ExpID 99759
Train - Loss: 19460270.65
Val - Loss, MSE, RMSE, MAE, MAPE: 56064892.00, 56064892.00, 7161.82, 5301.93, 6.42%
Test - Best epoch, Loss, MSE, RMSE, MAE, MAPE: 171, 44971784.00, 44971781.00, 6628.59, 5097.52, 5.54%
- Epoch 172, ExpID 99759
Train - Loss: 19439857.01
Val - Loss, MSE, RMSE, MAE, MAPE: 56799592.00, 56799592.67, 7204.08, 5354.79, 6.46%
Test - Best epoch, Loss, MSE, RMSE, MAE, MAPE: 171, 44971784.00, 44971781.00, 6628.59, 5097.52, 5.54%
- Epoch 173, ExpID 99759
Train - Loss: 19461365.69
Val - Loss, MSE, RMSE, MAE, MAPE: 56927496.00, 56927496.67, 7232.71, 5414.22, 6.51%
Test - Best epoch, Loss, MSE, RMSE, MAE, MAPE: 171, 44971784.00, 44971781.00, 6628.59, 5097.52, 5.54%
- Epoch 174, ExpID 99759
Train - Loss: 19478824.22
Val - Loss, MSE, RMSE, MAE, MAPE: 56263356.00, 56263352.00, 7166.23, 5311.66, 6.42%
Test - Best epoch, Loss, MSE, RMSE, MAE, MAPE: 171, 44971784.00, 44971781.00, 6628.59, 5097.52, 5.54%
- Epoch 175, ExpID 99759
Train - Loss: 19475469.05
Val - Loss, MSE, RMSE, MAE, MAPE: 55476704.00, 55476705.33, 7115.43, 5244.28, 6.37%
Test - Best epoch, Loss, MSE, RMSE, MAE, MAPE: 175, 44633776.00, 44633776.33, 6604.52, 5074.99, 5.53%
- Epoch 176, ExpID 99759
Train - Loss: 19399414.33
Val - Loss, MSE, RMSE, MAE, MAPE: 57090400.00, 57090398.67, 7234.92, 5424.58, 6.52%
Test - Best epoch, Loss, MSE, RMSE, MAE, MAPE: 175, 44633776.00, 44633776.33, 6604.52, 5074.99, 5.53%
- Epoch 177, ExpID 99759
Train - Loss: 19274102.55
Val - Loss, MSE, RMSE, MAE, MAPE: 55451020.00, 55451022.33, 7114.45, 5256.96, 6.37%
Test - Best epoch, Loss, MSE, RMSE, MAE, MAPE: 177, 44335120.00, 44335115.00, 6581.66, 5065.97, 5.51%
- Epoch 178, ExpID 99759
Train - Loss: 19776159.74
Val - Loss, MSE, RMSE, MAE, MAPE: 55908712.00, 55908706.67, 7147.03, 5305.81, 6.41%
Test - Best epoch, Loss, MSE, RMSE, MAE, MAPE: 177, 44335120.00, 44335115.00, 6581.66, 5065.97, 5.51%
- Epoch 179, ExpID 99759
Train - Loss: 19333992.46
Val - Loss, MSE, RMSE, MAE, MAPE: 55676956.00, 55676954.33, 7122.77, 5261.94, 6.38%
Test - Best epoch, Loss, MSE, RMSE, MAE, MAPE: 177, 44335120.00, 44335115.00, 6581.66, 5065.97, 5.51%
- Epoch 180, ExpID 99759
Train - Loss: 19087801.36
Val - Loss, MSE, RMSE, MAE, MAPE: 55744368.00, 55744368.00, 7125.15, 5273.15, 6.38%
Test - Best epoch, Loss, MSE, RMSE, MAE, MAPE: 177, 44335120.00, 44335115.00, 6581.66, 5065.97, 5.51%
- Epoch 181, ExpID 99759
Train - Loss: 18998746.55
Val - Loss, MSE, RMSE, MAE, MAPE: 55765116.00, 55765111.00, 7130.66, 5282.97, 6.38%
Test - Best epoch, Loss, MSE, RMSE, MAE, MAPE: 177, 44335120.00, 44335115.00, 6581.66, 5065.97, 5.51%
- Epoch 182, ExpID 99759
Train - Loss: 19006967.84
Val - Loss, MSE, RMSE, MAE, MAPE: 55596048.00, 55596049.33, 7114.90, 5266.26, 6.36%
Test - Best epoch, Loss, MSE, RMSE, MAE, MAPE: 177, 44335120.00, 44335115.00, 6581.66, 5065.97, 5.51%
- Epoch 183, ExpID 99759
Train - Loss: 19051763.14
Val - Loss, MSE, RMSE, MAE, MAPE: 55690268.00, 55690268.33, 7120.39, 5286.98, 6.38%
Test - Best epoch, Loss, MSE, RMSE, MAE, MAPE: 177, 44335120.00, 44335115.00, 6581.66, 5065.97, 5.51%
- Epoch 184, ExpID 99759
Train - Loss: 19073970.46
Val - Loss, MSE, RMSE, MAE, MAPE: 54946096.00, 54946097.67, 7071.12, 5216.14, 6.31%
Test - Best epoch, Loss, MSE, RMSE, MAE, MAPE: 184, 43951348.00, 43951345.67, 6551.25, 5048.96, 5.49%
- Epoch 185, ExpID 99759
Train - Loss: 18992208.15
Val - Loss, MSE, RMSE, MAE, MAPE: 55904908.00, 55904902.67, 7150.41, 5316.82, 6.40%
Test - Best epoch, Loss, MSE, RMSE, MAE, MAPE: 184, 43951348.00, 43951345.67, 6551.25, 5048.96, 5.49%
- Epoch 186, ExpID 99759
Train - Loss: 18869079.16
Val - Loss, MSE, RMSE, MAE, MAPE: 54648352.00, 54648353.00, 7045.93, 5190.06, 6.29%
Test - Best epoch, Loss, MSE, RMSE, MAE, MAPE: 186, 43650088.00, 43650087.00, 6528.67, 5032.34, 5.48%
- Epoch 187, ExpID 99759
Train - Loss: 18812353.53
Val - Loss, MSE, RMSE, MAE, MAPE: 54634268.00, 54634269.33, 7042.43, 5186.14, 6.29%
Test - Best epoch, Loss, MSE, RMSE, MAE, MAPE: 187, 43437764.00, 43437761.67, 6512.98, 5023.18, 5.47%
- Epoch 188, ExpID 99759
Train - Loss: 18912922.12
Val - Loss, MSE, RMSE, MAE, MAPE: 55234032.00, 55234033.00, 7081.77, 5242.15, 6.33%
Test - Best epoch, Loss, MSE, RMSE, MAE, MAPE: 187, 43437764.00, 43437761.67, 6512.98, 5023.18, 5.47%
- Epoch 189, ExpID 99759
Train - Loss: 18989988.51
Val - Loss, MSE, RMSE, MAE, MAPE: 55079712.00, 55079708.00, 7069.54, 5224.44, 6.31%
Test - Best epoch, Loss, MSE, RMSE, MAE, MAPE: 187, 43437764.00, 43437761.67, 6512.98, 5023.18, 5.47%
- Epoch 190, ExpID 99759
Train - Loss: 18657014.93
Val - Loss, MSE, RMSE, MAE, MAPE: 54942696.00, 54942694.33, 7063.62, 5220.45, 6.31%
Test - Best epoch, Loss, MSE, RMSE, MAE, MAPE: 187, 43437764.00, 43437761.67, 6512.98, 5023.18, 5.47%
- Epoch 191, ExpID 99759
Train - Loss: 18633460.68
Val - Loss, MSE, RMSE, MAE, MAPE: 54120476.00, 54120479.33, 7004.30, 5158.21, 6.25%
Test - Best epoch, Loss, MSE, RMSE, MAE, MAPE: 191, 43017752.00, 43017748.00, 6482.54, 5005.22, 5.44%
- Epoch 192, ExpID 99759
Train - Loss: 18648605.54
Val - Loss, MSE, RMSE, MAE, MAPE: 54159704.00, 54159701.33, 7009.82, 5158.98, 6.25%
Test - Best epoch, Loss, MSE, RMSE, MAE, MAPE: 191, 43017752.00, 43017748.00, 6482.54, 5005.22, 5.44%
- Epoch 193, ExpID 99759
Train - Loss: 18534329.83
Val - Loss, MSE, RMSE, MAE, MAPE: 54590188.00, 54590185.00, 7036.13, 5182.57, 6.27%
Test - Best epoch, Loss, MSE, RMSE, MAE, MAPE: 191, 43017752.00, 43017748.00, 6482.54, 5005.22, 5.44%
- Epoch 194, ExpID 99759
Train - Loss: 18663019.13
Val - Loss, MSE, RMSE, MAE, MAPE: 53924328.00, 53924323.00, 6989.22, 5118.76, 6.22%
Test - Best epoch, Loss, MSE, RMSE, MAE, MAPE: 194, 42594872.00, 42594873.33, 6447.65, 4984.63, 5.43%
- Epoch 195, ExpID 99759
Train - Loss: 18538200.65
Val - Loss, MSE, RMSE, MAE, MAPE: 54272648.00, 54272645.33, 7013.26, 5189.47, 6.27%
Test - Best epoch, Loss, MSE, RMSE, MAE, MAPE: 194, 42594872.00, 42594873.33, 6447.65, 4984.63, 5.43%
- Epoch 196, ExpID 99759
Train - Loss: 18398665.19
Val - Loss, MSE, RMSE, MAE, MAPE: 53479376.00, 53479379.33, 6952.19, 5107.13, 6.19%
Test - Best epoch, Loss, MSE, RMSE, MAE, MAPE: 196, 42298920.00, 42298918.00, 6425.64, 4971.01, 5.41%
- Epoch 197, ExpID 99759
Train - Loss: 18423038.80
Val - Loss, MSE, RMSE, MAE, MAPE: 53659640.00, 53659635.00, 6967.22, 5110.41, 6.19%
Test - Best epoch, Loss, MSE, RMSE, MAE, MAPE: 196, 42298920.00, 42298918.00, 6425.64, 4971.01, 5.41%
- Epoch 198, ExpID 99759
Train - Loss: 18375946.09
Val - Loss, MSE, RMSE, MAE, MAPE: 54428936.00, 54428932.67, 7018.94, 5187.74, 6.26%
Test - Best epoch, Loss, MSE, RMSE, MAE, MAPE: 196, 42298920.00, 42298918.00, 6425.64, 4971.01, 5.41%
- Epoch 199, ExpID 99759
Train - Loss: 18236765.41
Val - Loss, MSE, RMSE, MAE, MAPE: 54775536.00, 54775533.33, 7051.97, 5213.25, 6.28%
Test - Best epoch, Loss, MSE, RMSE, MAE, MAPE: 196, 42298920.00, 42298918.00, 6425.64, 4971.01, 5.41%
- Epoch 200, ExpID 99759
Train - Loss: 18319782.51
Val - Loss, MSE, RMSE, MAE, MAPE: 53543660.00, 53543654.67, 6962.13, 5104.28, 6.19%
Test - Best epoch, Loss, MSE, RMSE, MAE, MAPE: 196, 42298920.00, 42298918.00, 6425.64, 4971.01, 5.41%
- Epoch 201, ExpID 99759
Train - Loss: 18382937.22
Val - Loss, MSE, RMSE, MAE, MAPE: 53427120.00, 53427121.33, 6941.54, 5070.45, 6.16%
Test - Best epoch, Loss, MSE, RMSE, MAE, MAPE: 201, 41530160.00, 41530158.33, 6366.99, 4930.91, 5.37%
- Epoch 202, ExpID 99759
Train - Loss: 18195881.49
Val - Loss, MSE, RMSE, MAE, MAPE: 53683344.00, 53683339.67, 6957.93, 5114.27, 6.18%
Test - Best epoch, Loss, MSE, RMSE, MAE, MAPE: 201, 41530160.00, 41530158.33, 6366.99, 4930.91, 5.37%
- Epoch 203, ExpID 99759
Train - Loss: 18152471.62
Val - Loss, MSE, RMSE, MAE, MAPE: 53587016.00, 53587019.00, 6956.61, 5066.93, 6.15%
Test - Best epoch, Loss, MSE, RMSE, MAE, MAPE: 201, 41530160.00, 41530158.33, 6366.99, 4930.91, 5.37%
- Epoch 204, ExpID 99759
Train - Loss: 18096659.59
Val - Loss, MSE, RMSE, MAE, MAPE: 53269468.00, 53269464.33, 6931.18, 5075.94, 6.15%
Test - Best epoch, Loss, MSE, RMSE, MAE, MAPE: 204, 41114652.00, 41114654.00, 6334.25, 4913.83, 5.35%
- Epoch 205, ExpID 99759
Train - Loss: 18050506.82
Val - Loss, MSE, RMSE, MAE, MAPE: 53220248.00, 53220243.00, 6926.77, 5046.73, 6.13%
Test - Best epoch, Loss, MSE, RMSE, MAE, MAPE: 205, 41050636.00, 41050634.00, 6327.56, 4905.53, 5.35%
- Epoch 206, ExpID 99759
Train - Loss: 18446572.94
Val - Loss, MSE, RMSE, MAE, MAPE: 53411856.00, 53411858.00, 6943.10, 5101.17, 6.16%
Test - Best epoch, Loss, MSE, RMSE, MAE, MAPE: 205, 41050636.00, 41050634.00, 6327.56, 4905.53, 5.35%
- Epoch 207, ExpID 99759
Train - Loss: 17963397.47
Val - Loss, MSE, RMSE, MAE, MAPE: 52757856.00, 52757858.67, 6895.42, 5021.36, 6.10%
Test - Best epoch, Loss, MSE, RMSE, MAE, MAPE: 207, 40778512.00, 40778506.00, 6309.60, 4889.47, 5.34%
- Epoch 208, ExpID 99759
Train - Loss: 17904280.25
Val - Loss, MSE, RMSE, MAE, MAPE: 53603212.00, 53603211.33, 6956.11, 5115.57, 6.17%
Test - Best epoch, Loss, MSE, RMSE, MAE, MAPE: 207, 40778512.00, 40778506.00, 6309.60, 4889.47, 5.34%
- Epoch 209, ExpID 99759
Train - Loss: 17811514.72
Val - Loss, MSE, RMSE, MAE, MAPE: 53129388.00, 53129384.67, 6930.39, 5022.27, 6.10%
Test - Best epoch, Loss, MSE, RMSE, MAE, MAPE: 207, 40778512.00, 40778506.00, 6309.60, 4889.47, 5.34%
- Epoch 210, ExpID 99759
Train - Loss: 17891175.06
Val - Loss, MSE, RMSE, MAE, MAPE: 52797372.00, 52797373.67, 6896.52, 5061.37, 6.12%
Test - Best epoch, Loss, MSE, RMSE, MAE, MAPE: 207, 40778512.00, 40778506.00, 6309.60, 4889.47, 5.34%
- Epoch 211, ExpID 99759
Train - Loss: 17673489.68
Val - Loss, MSE, RMSE, MAE, MAPE: 53030344.00, 53030339.67, 6922.05, 5047.65, 6.12%
Test - Best epoch, Loss, MSE, RMSE, MAE, MAPE: 207, 40778512.00, 40778506.00, 6309.60, 4889.47, 5.34%
- Epoch 212, ExpID 99759
Train - Loss: 17863287.14
Val - Loss, MSE, RMSE, MAE, MAPE: 52581184.00, 52581181.00, 6867.54, 5008.61, 6.07%
Test - Best epoch, Loss, MSE, RMSE, MAE, MAPE: 212, 40062300.00, 40062298.00, 6251.39, 4843.01, 5.28%
- Epoch 213, ExpID 99759
Train - Loss: 17852573.02
Val - Loss, MSE, RMSE, MAE, MAPE: 52873264.00, 52873264.00, 6907.09, 5053.18, 6.12%
Test - Best epoch, Loss, MSE, RMSE, MAE, MAPE: 212, 40062300.00, 40062298.00, 6251.39, 4843.01, 5.28%
- Epoch 214, ExpID 99759
Train - Loss: 17808587.39
Val - Loss, MSE, RMSE, MAE, MAPE: 52409260.00, 52409258.33, 6856.77, 5022.92, 6.08%
Test - Best epoch, Loss, MSE, RMSE, MAE, MAPE: 214, 39228416.00, 39228412.33, 6186.90, 4776.88, 5.20%
- Epoch 215, ExpID 99759
Train - Loss: 17491350.49
Val - Loss, MSE, RMSE, MAE, MAPE: 52678896.00, 52678897.00, 6866.09, 5003.22, 6.06%
Test - Best epoch, Loss, MSE, RMSE, MAE, MAPE: 214, 39228416.00, 39228412.33, 6186.90, 4776.88, 5.20%
- Epoch 216, ExpID 99759
Train - Loss: 17725453.33
Val - Loss, MSE, RMSE, MAE, MAPE: 53118860.00, 53118862.00, 6905.10, 5067.33, 6.13%
Test - Best epoch, Loss, MSE, RMSE, MAE, MAPE: 214, 39228416.00, 39228412.33, 6186.90, 4776.88, 5.20%
- Epoch 217, ExpID 99759
Train - Loss: 17621654.55
Val - Loss, MSE, RMSE, MAE, MAPE: 52672348.00, 52672346.33, 6873.90, 5011.44, 6.08%
Test - Best epoch, Loss, MSE, RMSE, MAE, MAPE: 214, 39228416.00, 39228412.33, 6186.90, 4776.88, 5.20%
- Epoch 218, ExpID 99759
Train - Loss: 17421279.47
Val - Loss, MSE, RMSE, MAE, MAPE: 52463112.00, 52463108.67, 6861.89, 5005.87, 6.06%
Test - Best epoch, Loss, MSE, RMSE, MAE, MAPE: 214, 39228416.00, 39228412.33, 6186.90, 4776.88, 5.20%
- Epoch 219, ExpID 99759
Train - Loss: 17545681.75
Val - Loss, MSE, RMSE, MAE, MAPE: 52382124.00, 52382121.33, 6865.40, 4997.98, 6.07%
Test - Best epoch, Loss, MSE, RMSE, MAE, MAPE: 219, 39118680.00, 39118679.00, 6177.29, 4780.82, 5.23%
- Epoch 220, ExpID 99759
Train - Loss: 17315252.05
Val - Loss, MSE, RMSE, MAE, MAPE: 52522700.00, 52522698.33, 6867.42, 5015.28, 6.07%
Test - Best epoch, Loss, MSE, RMSE, MAE, MAPE: 219, 39118680.00, 39118679.00, 6177.29, 4780.82, 5.23%
- Epoch 221, ExpID 99759
Train - Loss: 17565374.04
Val - Loss, MSE, RMSE, MAE, MAPE: 53314560.00, 53314559.67, 6925.59, 5076.03, 6.14%
Test - Best epoch, Loss, MSE, RMSE, MAE, MAPE: 219, 39118680.00, 39118679.00, 6177.29, 4780.82, 5.23%
- Epoch 222, ExpID 99759
Train - Loss: 17323984.39
Val - Loss, MSE, RMSE, MAE, MAPE: 52356300.00, 52356299.00, 6851.22, 4977.18, 6.04%
Test - Best epoch, Loss, MSE, RMSE, MAE, MAPE: 222, 39179208.00, 39179205.33, 6175.98, 4767.81, 5.22%
- Epoch 223, ExpID 99759
Train - Loss: 17174499.68
Val - Loss, MSE, RMSE, MAE, MAPE: 53042636.00, 53042633.67, 6904.92, 5048.41, 6.10%
Test - Best epoch, Loss, MSE, RMSE, MAE, MAPE: 222, 39179208.00, 39179205.33, 6175.98, 4767.81, 5.22%
- Epoch 224, ExpID 99759
Train - Loss: 17223253.12
Val - Loss, MSE, RMSE, MAE, MAPE: 52371088.00, 52371086.00, 6860.04, 4976.49, 6.05%
Test - Best epoch, Loss, MSE, RMSE, MAE, MAPE: 222, 39179208.00, 39179205.33, 6175.98, 4767.81, 5.22%
- Epoch 225, ExpID 99759
Train - Loss: 17209399.62
Val - Loss, MSE, RMSE, MAE, MAPE: 53025400.00, 53025399.33, 6900.23, 5054.76, 6.11%
Test - Best epoch, Loss, MSE, RMSE, MAE, MAPE: 222, 39179208.00, 39179205.33, 6175.98, 4767.81, 5.22%
- Epoch 226, ExpID 99759
Train - Loss: 17171484.96
Val - Loss, MSE, RMSE, MAE, MAPE: 52698944.00, 52698943.00, 6877.16, 4992.67, 6.06%
Test - Best epoch, Loss, MSE, RMSE, MAE, MAPE: 222, 39179208.00, 39179205.33, 6175.98, 4767.81, 5.22%
- Epoch 227, ExpID 99759
Train - Loss: 17030682.45
Val - Loss, MSE, RMSE, MAE, MAPE: 53993728.00, 53993727.67, 6986.18, 5156.98, 6.21%
Test - Best epoch, Loss, MSE, RMSE, MAE, MAPE: 222, 39179208.00, 39179205.33, 6175.98, 4767.81, 5.22%
- Epoch 228, ExpID 99759
Train - Loss: 17096596.59
Val - Loss, MSE, RMSE, MAE, MAPE: 53115404.00, 53115401.33, 6904.09, 5062.70, 6.11%
Test - Best epoch, Loss, MSE, RMSE, MAE, MAPE: 222, 39179208.00, 39179205.33, 6175.98, 4767.81, 5.22%
- Epoch 229, ExpID 99759
Train - Loss: 16984360.89
Val - Loss, MSE, RMSE, MAE, MAPE: 52847560.00, 52847559.00, 6888.20, 4981.44, 6.06%
Test - Best epoch, Loss, MSE, RMSE, MAE, MAPE: 222, 39179208.00, 39179205.33, 6175.98, 4767.81, 5.22%
- Epoch 230, ExpID 99759
Train - Loss: 17051060.61
Val - Loss, MSE, RMSE, MAE, MAPE: 53073868.00, 53073870.00, 6902.63, 5015.35, 6.08%
Test - Best epoch, Loss, MSE, RMSE, MAE, MAPE: 222, 39179208.00, 39179205.33, 6175.98, 4767.81, 5.22%
- Epoch 231, ExpID 99759
Train - Loss: 17112872.28
Val - Loss, MSE, RMSE, MAE, MAPE: 53451752.00, 53451750.67, 6925.55, 5075.43, 6.13%
Test - Best epoch, Loss, MSE, RMSE, MAE, MAPE: 222, 39179208.00, 39179205.33, 6175.98, 4767.81, 5.22%
- Epoch 232, ExpID 99759
Train - Loss: 16894049.93
Val - Loss, MSE, RMSE, MAE, MAPE: 53768000.00, 53768000.33, 6949.08, 5105.25, 6.15%
Test - Best epoch, Loss, MSE, RMSE, MAE, MAPE: 222, 39179208.00, 39179205.33, 6175.98, 4767.81, 5.22%
Early Stopping at Epoch 232
Fold 2018 Best RMSE: 6175.9800

-------------------- [Fold: 2019] ExpID: 94512 --------------------
- Epoch 000, ExpID 94512
Train - Loss: 38702780.60
Val - Loss, MSE, RMSE, MAE, MAPE: 66004400.00, 66004395.33, 8045.91, 6527.13, 7.03%
Test - Best epoch, Loss, MSE, RMSE, MAE, MAPE: 0, 75559792.00, 75559796.00, 8534.44, 6850.78, 7.17%
- Epoch 001, ExpID 94512
Train - Loss: 38674624.18
Val - Loss, MSE, RMSE, MAE, MAPE: 65845644.00, 65845642.67, 8037.75, 6519.02, 7.02%
Test - Best epoch, Loss, MSE, RMSE, MAE, MAPE: 1, 75497776.00, 75497774.67, 8532.01, 6846.04, 7.17%
- Epoch 002, ExpID 94512
Train - Loss: 38575329.09
Val - Loss, MSE, RMSE, MAE, MAPE: 65650888.00, 65650881.33, 8027.58, 6509.20, 7.02%
Test - Best epoch, Loss, MSE, RMSE, MAE, MAPE: 2, 75386304.00, 75386301.33, 8526.83, 6839.19, 7.16%
- Epoch 003, ExpID 94512
Train - Loss: 38384596.62
Val - Loss, MSE, RMSE, MAE, MAPE: 65261752.00, 65261745.33, 8007.03, 6489.19, 7.00%
Test - Best epoch, Loss, MSE, RMSE, MAE, MAPE: 3, 75089712.00, 75089707.33, 8511.96, 6822.66, 7.15%
- Epoch 004, ExpID 94512
Train - Loss: 37865455.49
Val - Loss, MSE, RMSE, MAE, MAPE: 63818048.00, 63818048.67, 7929.11, 6414.57, 6.93%
Test - Best epoch, Loss, MSE, RMSE, MAE, MAPE: 4, 73829152.00, 73829146.00, 8445.51, 6751.52, 7.10%
- Epoch 005, ExpID 94512
Train - Loss: 35485079.64
Val - Loss, MSE, RMSE, MAE, MAPE: 59976684.00, 59976683.33, 7715.67, 6211.61, 6.77%
Test - Best epoch, Loss, MSE, RMSE, MAE, MAPE: 5, 70849856.00, 70849858.67, 8283.37, 6512.86, 6.91%
- Epoch 006, ExpID 94512
Train - Loss: 33544134.40
Val - Loss, MSE, RMSE, MAE, MAPE: 58796428.00, 58796425.33, 7640.83, 6161.28, 6.68%
Test - Best epoch, Loss, MSE, RMSE, MAE, MAPE: 6, 68676368.00, 68676366.00, 8147.74, 6442.31, 6.80%
- Epoch 007, ExpID 94512
Train - Loss: 32565348.20
Val - Loss, MSE, RMSE, MAE, MAPE: 58216816.00, 58216815.33, 7604.47, 6133.87, 6.64%
Test - Best epoch, Loss, MSE, RMSE, MAE, MAPE: 7, 67522072.00, 67522067.33, 8073.40, 6394.19, 6.74%
- Epoch 008, ExpID 94512
Train - Loss: 31854975.38
Val - Loss, MSE, RMSE, MAE, MAPE: 57871884.00, 57871883.33, 7580.27, 6115.01, 6.60%
Test - Best epoch, Loss, MSE, RMSE, MAE, MAPE: 8, 66518144.00, 66518145.67, 8008.93, 6376.85, 6.70%
- Epoch 009, ExpID 94512
Train - Loss: 31325618.49
Val - Loss, MSE, RMSE, MAE, MAPE: 57553976.00, 57553977.33, 7558.68, 6092.19, 6.57%
Test - Best epoch, Loss, MSE, RMSE, MAE, MAPE: 9, 65763064.00, 65763064.33, 7961.88, 6354.31, 6.67%
- Epoch 010, ExpID 94512
Train - Loss: 30912495.60
Val - Loss, MSE, RMSE, MAE, MAPE: 57302624.00, 57302622.00, 7541.80, 6071.82, 6.55%
Test - Best epoch, Loss, MSE, RMSE, MAE, MAPE: 10, 65156040.00, 65156040.33, 7924.58, 6329.38, 6.64%
- Epoch 011, ExpID 94512
Train - Loss: 30544533.67
Val - Loss, MSE, RMSE, MAE, MAPE: 57045016.00, 57045014.67, 7524.20, 6047.99, 6.53%
Test - Best epoch, Loss, MSE, RMSE, MAE, MAPE: 11, 64612760.00, 64612750.33, 7891.57, 6302.67, 6.61%
- Epoch 012, ExpID 94512
Train - Loss: 30214608.22
Val - Loss, MSE, RMSE, MAE, MAPE: 56803660.00, 56803658.00, 7507.87, 6023.51, 6.51%
Test - Best epoch, Loss, MSE, RMSE, MAE, MAPE: 12, 64122216.00, 64122208.67, 7862.07, 6270.75, 6.58%
- Epoch 013, ExpID 94512
Train - Loss: 29920869.51
Val - Loss, MSE, RMSE, MAE, MAPE: 56639968.00, 56639968.67, 7494.71, 6003.84, 6.48%
Test - Best epoch, Loss, MSE, RMSE, MAE, MAPE: 13, 63647248.00, 63647253.67, 7833.23, 6257.78, 6.56%
- Epoch 014, ExpID 94512
Train - Loss: 29654889.40
Val - Loss, MSE, RMSE, MAE, MAPE: 56498584.00, 56498580.67, 7484.20, 5986.00, 6.46%
Test - Best epoch, Loss, MSE, RMSE, MAE, MAPE: 14, 63279864.00, 63279861.00, 7811.17, 6234.79, 6.54%
- Epoch 015, ExpID 94512
Train - Loss: 29393442.64
Val - Loss, MSE, RMSE, MAE, MAPE: 56370264.00, 56370257.33, 7473.57, 5966.98, 6.44%
Test - Best epoch, Loss, MSE, RMSE, MAE, MAPE: 15, 62877676.00, 62877668.00, 7787.14, 6214.24, 6.52%
- Epoch 016, ExpID 94512
Train - Loss: 29166064.02
Val - Loss, MSE, RMSE, MAE, MAPE: 56369644.00, 56369646.67, 7472.27, 5952.37, 6.43%
Test - Best epoch, Loss, MSE, RMSE, MAE, MAPE: 16, 62660864.00, 62660863.33, 7774.41, 6194.15, 6.50%
- Epoch 017, ExpID 94512
Train - Loss: 28943587.93
Val - Loss, MSE, RMSE, MAE, MAPE: 56214876.00, 56214878.00, 7458.33, 5934.95, 6.41%
Test - Best epoch, Loss, MSE, RMSE, MAE, MAPE: 17, 62235420.00, 62235419.67, 7748.65, 6179.43, 6.48%
- Epoch 018, ExpID 94512
Train - Loss: 28692189.82
Val - Loss, MSE, RMSE, MAE, MAPE: 56243932.00, 56243932.67, 7457.75, 5922.71, 6.40%
Test - Best epoch, Loss, MSE, RMSE, MAE, MAPE: 17, 62235420.00, 62235419.67, 7748.65, 6179.43, 6.48%
- Epoch 019, ExpID 94512
Train - Loss: 28509061.09
Val - Loss, MSE, RMSE, MAE, MAPE: 56268236.00, 56268239.33, 7457.00, 5910.28, 6.39%
Test - Best epoch, Loss, MSE, RMSE, MAE, MAPE: 17, 62235420.00, 62235419.67, 7748.65, 6179.43, 6.48%
- Epoch 020, ExpID 94512
Train - Loss: 28353675.60
Val - Loss, MSE, RMSE, MAE, MAPE: 56302368.00, 56302363.33, 7454.69, 5904.38, 6.38%
Test - Best epoch, Loss, MSE, RMSE, MAE, MAPE: 17, 62235420.00, 62235419.67, 7748.65, 6179.43, 6.48%
- Epoch 021, ExpID 94512
Train - Loss: 28193951.64
Val - Loss, MSE, RMSE, MAE, MAPE: 56298364.00, 56298364.67, 7452.34, 5892.45, 6.37%
Test - Best epoch, Loss, MSE, RMSE, MAE, MAPE: 17, 62235420.00, 62235419.67, 7748.65, 6179.43, 6.48%
- Epoch 022, ExpID 94512
Train - Loss: 28055722.18
Val - Loss, MSE, RMSE, MAE, MAPE: 56390204.00, 56390203.33, 7455.27, 5885.94, 6.37%
Test - Best epoch, Loss, MSE, RMSE, MAE, MAPE: 17, 62235420.00, 62235419.67, 7748.65, 6179.43, 6.48%
- Epoch 023, ExpID 94512
Train - Loss: 27935725.11
Val - Loss, MSE, RMSE, MAE, MAPE: 56361100.00, 56361099.33, 7449.34, 5883.13, 6.36%
Test - Best epoch, Loss, MSE, RMSE, MAE, MAPE: 17, 62235420.00, 62235419.67, 7748.65, 6179.43, 6.48%
- Epoch 024, ExpID 94512
Train - Loss: 27804468.36
Val - Loss, MSE, RMSE, MAE, MAPE: 56403392.00, 56403392.00, 7449.68, 5874.51, 6.36%
Test - Best epoch, Loss, MSE, RMSE, MAE, MAPE: 17, 62235420.00, 62235419.67, 7748.65, 6179.43, 6.48%
- Epoch 025, ExpID 94512
Train - Loss: 27692243.16
Val - Loss, MSE, RMSE, MAE, MAPE: 56474952.00, 56474950.00, 7451.88, 5869.34, 6.36%
Test - Best epoch, Loss, MSE, RMSE, MAE, MAPE: 17, 62235420.00, 62235419.67, 7748.65, 6179.43, 6.48%
- Epoch 026, ExpID 94512
Train - Loss: 27607931.20
Val - Loss, MSE, RMSE, MAE, MAPE: 56555432.00, 56555430.00, 7453.78, 5866.32, 6.35%
Test - Best epoch, Loss, MSE, RMSE, MAE, MAPE: 17, 62235420.00, 62235419.67, 7748.65, 6179.43, 6.48%
- Epoch 027, ExpID 94512
Train - Loss: 27490204.44
Val - Loss, MSE, RMSE, MAE, MAPE: 56363724.00, 56363716.67, 7439.68, 5859.42, 6.34%
Test - Best epoch, Loss, MSE, RMSE, MAE, MAPE: 17, 62235420.00, 62235419.67, 7748.65, 6179.43, 6.48%
Early Stopping at Epoch 27
Fold 2019 Best RMSE: 7748.6538
