DETAILED LOG | Model: lstm | Seed: 3
FULL CONFIG: {'gpu': '3', 'target': 'departure', 'cv_start_year': 2017, 'cv_end_year': 2019, 'test_year': 2024, 'use_corona': False, 'seq_len': 365, 'label_len': 0, 'pred_len': 7, 'batch_size': 64, 'epochs': 1000, 'patience': 10, 'lr': 0.001, 'model': 'lstm', 'd_model': 256, 'n_heads': 4, 'n_layers': 4, 'dropout': 0.1, 'activation': 'gelu', 'patch_len': 16, 'factor': 5, 'norm_mode': 'revin', 'use_dbloss': False, 'device': device(type='cuda'), 'stride': 16, 'file_path': 'dataset/airport_daily_flight_merged.csv', 'seed': 3, 'val_year': 2019, 'ndims': 1}

-------------------- [Fold: 2017] ExpID: 13300 --------------------
- Epoch 000, ExpID 13300
Train - Loss: 25042418.25
Val - Loss, MSE, RMSE, MAE, MAPE: 40546448.00, 40546451.00, 6285.24, 4898.16, 6.31%
Test - Best epoch, Loss, MSE, RMSE, MAE, MAPE: 0, 63373632.00, 63373636.33, 7654.80, 5681.73, 6.98%
- Epoch 001, ExpID 13300
Train - Loss: 21261150.33
Val - Loss, MSE, RMSE, MAE, MAPE: 37901976.00, 37901974.67, 6088.35, 4718.00, 6.06%
Test - Best epoch, Loss, MSE, RMSE, MAE, MAPE: 1, 59212924.00, 59212918.33, 7388.21, 5464.06, 6.66%
- Epoch 002, ExpID 13300
Train - Loss: 20363796.97
Val - Loss, MSE, RMSE, MAE, MAPE: 35673784.00, 35673782.00, 5872.99, 4511.06, 5.72%
Test - Best epoch, Loss, MSE, RMSE, MAE, MAPE: 2, 54459768.00, 54459768.33, 7059.05, 5140.39, 6.22%
- Epoch 003, ExpID 13300
Train - Loss: 18612981.95
Val - Loss, MSE, RMSE, MAE, MAPE: 33599076.00, 33599074.33, 5691.17, 4336.34, 5.48%
Test - Best epoch, Loss, MSE, RMSE, MAE, MAPE: 3, 50131352.00, 50131349.67, 6777.13, 4954.41, 5.98%
- Epoch 004, ExpID 13300
Train - Loss: 16778200.57
Val - Loss, MSE, RMSE, MAE, MAPE: 31404872.00, 31404872.67, 5457.69, 4089.70, 5.15%
Test - Best epoch, Loss, MSE, RMSE, MAE, MAPE: 4, 49941008.00, 49941007.00, 6766.45, 4886.59, 5.88%
- Epoch 005, ExpID 13300
Train - Loss: 16454805.32
Val - Loss, MSE, RMSE, MAE, MAPE: 27832564.00, 27832563.33, 5135.64, 3791.37, 4.83%
Test - Best epoch, Loss, MSE, RMSE, MAE, MAPE: 5, 44826144.00, 44826147.33, 6421.48, 4552.38, 5.51%
- Epoch 006, ExpID 13300
Train - Loss: 14792981.24
Val - Loss, MSE, RMSE, MAE, MAPE: 28504652.00, 28504650.17, 5115.20, 3773.39, 4.77%
Test - Best epoch, Loss, MSE, RMSE, MAE, MAPE: 5, 44826144.00, 44826147.33, 6421.48, 4552.38, 5.51%
- Epoch 007, ExpID 13300
Train - Loss: 13585226.44
Val - Loss, MSE, RMSE, MAE, MAPE: 30130040.00, 30130036.67, 5255.94, 3882.13, 4.92%
Test - Best epoch, Loss, MSE, RMSE, MAE, MAPE: 5, 44826144.00, 44826147.33, 6421.48, 4552.38, 5.51%
- Epoch 008, ExpID 13300
Train - Loss: 12948227.41
Val - Loss, MSE, RMSE, MAE, MAPE: 28353964.00, 28353964.67, 5147.94, 3799.96, 4.79%
Test - Best epoch, Loss, MSE, RMSE, MAE, MAPE: 5, 44826144.00, 44826147.33, 6421.48, 4552.38, 5.51%
- Epoch 009, ExpID 13300
Train - Loss: 12397319.63
Val - Loss, MSE, RMSE, MAE, MAPE: 32704488.00, 32704486.83, 5431.07, 4098.35, 5.12%
Test - Best epoch, Loss, MSE, RMSE, MAE, MAPE: 5, 44826144.00, 44826147.33, 6421.48, 4552.38, 5.51%
- Epoch 010, ExpID 13300
Train - Loss: 12167913.07
Val - Loss, MSE, RMSE, MAE, MAPE: 29505152.00, 29505154.33, 5172.06, 3866.56, 4.89%
Test - Best epoch, Loss, MSE, RMSE, MAE, MAPE: 5, 44826144.00, 44826147.33, 6421.48, 4552.38, 5.51%
- Epoch 011, ExpID 13300
Train - Loss: 11142062.88
Val - Loss, MSE, RMSE, MAE, MAPE: 30319014.00, 30319009.50, 5305.52, 3950.96, 4.97%
Test - Best epoch, Loss, MSE, RMSE, MAE, MAPE: 5, 44826144.00, 44826147.33, 6421.48, 4552.38, 5.51%
- Epoch 012, ExpID 13300
Train - Loss: 10171632.28
Val - Loss, MSE, RMSE, MAE, MAPE: 33756136.00, 33756132.33, 5466.22, 4022.03, 5.10%
Test - Best epoch, Loss, MSE, RMSE, MAE, MAPE: 5, 44826144.00, 44826147.33, 6421.48, 4552.38, 5.51%
- Epoch 013, ExpID 13300
Train - Loss: 9097433.19
Val - Loss, MSE, RMSE, MAE, MAPE: 30079110.00, 30079108.83, 5333.87, 3954.25, 5.03%
Test - Best epoch, Loss, MSE, RMSE, MAE, MAPE: 5, 44826144.00, 44826147.33, 6421.48, 4552.38, 5.51%
- Epoch 014, ExpID 13300
Train - Loss: 8000327.44
Val - Loss, MSE, RMSE, MAE, MAPE: 35950228.00, 35950226.50, 5723.93, 4412.70, 5.57%
Test - Best epoch, Loss, MSE, RMSE, MAE, MAPE: 5, 44826144.00, 44826147.33, 6421.48, 4552.38, 5.51%
- Epoch 015, ExpID 13300
Train - Loss: 7257830.99
Val - Loss, MSE, RMSE, MAE, MAPE: 38548432.00, 38548427.17, 5973.34, 4707.04, 5.94%
Test - Best epoch, Loss, MSE, RMSE, MAE, MAPE: 5, 44826144.00, 44826147.33, 6421.48, 4552.38, 5.51%
Early Stopping at Epoch 15
Fold 2017 Best RMSE: 6421.4775

-------------------- [Fold: 2018] ExpID: 5260 --------------------
- Epoch 000, ExpID 5260
Train - Loss: 27494451.55
Val - Loss, MSE, RMSE, MAE, MAPE: 63376040.00, 63376041.00, 7636.53, 5762.68, 6.97%
Test - Best epoch, Loss, MSE, RMSE, MAE, MAPE: 0, 52640840.00, 52640839.67, 7150.05, 5630.30, 6.08%
- Epoch 001, ExpID 5260
Train - Loss: 22639014.15
Val - Loss, MSE, RMSE, MAE, MAPE: 58571192.00, 58571193.33, 7433.50, 5607.03, 6.77%
Test - Best epoch, Loss, MSE, RMSE, MAE, MAPE: 1, 48408812.00, 48408812.00, 6873.04, 5423.95, 5.85%
- Epoch 002, ExpID 5260
Train - Loss: 21467240.18
Val - Loss, MSE, RMSE, MAE, MAPE: 52561712.00, 52561711.00, 6957.74, 5096.64, 6.14%
Test - Best epoch, Loss, MSE, RMSE, MAE, MAPE: 2, 41478340.00, 41478337.33, 6276.80, 4857.92, 5.23%
- Epoch 003, ExpID 5260
Train - Loss: 19709830.30
Val - Loss, MSE, RMSE, MAE, MAPE: 51562252.00, 51562250.00, 6929.83, 5168.00, 6.14%
Test - Best epoch, Loss, MSE, RMSE, MAE, MAPE: 3, 42597268.00, 42597269.67, 6357.57, 4941.50, 5.28%
- Epoch 004, ExpID 5260
Train - Loss: 19296329.26
Val - Loss, MSE, RMSE, MAE, MAPE: 60071184.00, 60071184.33, 7536.14, 5736.25, 7.00%
Test - Best epoch, Loss, MSE, RMSE, MAE, MAPE: 3, 42597268.00, 42597269.67, 6357.57, 4941.50, 5.28%
- Epoch 005, ExpID 5260
Train - Loss: 20246992.50
Val - Loss, MSE, RMSE, MAE, MAPE: 52485916.00, 52485919.33, 6932.44, 5080.54, 6.16%
Test - Best epoch, Loss, MSE, RMSE, MAE, MAPE: 3, 42597268.00, 42597269.67, 6357.57, 4941.50, 5.28%
- Epoch 006, ExpID 5260
Train - Loss: 18157058.55
Val - Loss, MSE, RMSE, MAE, MAPE: 49748800.00, 49748803.00, 6798.73, 4963.65, 6.00%
Test - Best epoch, Loss, MSE, RMSE, MAE, MAPE: 6, 41522564.00, 41522562.00, 6277.60, 4760.08, 5.14%
- Epoch 007, ExpID 5260
Train - Loss: 16637843.82
Val - Loss, MSE, RMSE, MAE, MAPE: 45492624.00, 45492626.33, 6534.74, 4716.17, 5.71%
Test - Best epoch, Loss, MSE, RMSE, MAE, MAPE: 7, 37099788.00, 37099786.00, 5980.17, 4505.15, 4.88%
- Epoch 008, ExpID 5260
Train - Loss: 15536703.88
Val - Loss, MSE, RMSE, MAE, MAPE: 46244104.00, 46244106.33, 6601.18, 4780.14, 5.71%
Test - Best epoch, Loss, MSE, RMSE, MAE, MAPE: 7, 37099788.00, 37099786.00, 5980.17, 4505.15, 4.88%
- Epoch 009, ExpID 5260
Train - Loss: 14502655.05
Val - Loss, MSE, RMSE, MAE, MAPE: 44133792.00, 44133790.33, 6453.78, 4660.78, 5.63%
Test - Best epoch, Loss, MSE, RMSE, MAE, MAPE: 9, 36112160.00, 36112157.33, 5946.86, 4470.94, 4.86%
- Epoch 010, ExpID 5260
Train - Loss: 13515356.75
Val - Loss, MSE, RMSE, MAE, MAPE: 43544184.00, 43544182.33, 6395.33, 4653.98, 5.57%
Test - Best epoch, Loss, MSE, RMSE, MAE, MAPE: 10, 33182876.00, 33182874.33, 5697.95, 4333.15, 4.67%
- Epoch 011, ExpID 5260
Train - Loss: 12401039.82
Val - Loss, MSE, RMSE, MAE, MAPE: 45620220.00, 45620218.00, 6580.74, 4786.88, 5.69%
Test - Best epoch, Loss, MSE, RMSE, MAE, MAPE: 10, 33182876.00, 33182874.33, 5697.95, 4333.15, 4.67%
- Epoch 012, ExpID 5260
Train - Loss: 11055478.19
Val - Loss, MSE, RMSE, MAE, MAPE: 48950488.00, 48950484.33, 6834.67, 5026.92, 5.95%
Test - Best epoch, Loss, MSE, RMSE, MAE, MAPE: 10, 33182876.00, 33182874.33, 5697.95, 4333.15, 4.67%
- Epoch 013, ExpID 5260
Train - Loss: 9851749.22
Val - Loss, MSE, RMSE, MAE, MAPE: 45681872.00, 45681873.67, 6590.49, 4857.81, 5.78%
Test - Best epoch, Loss, MSE, RMSE, MAE, MAPE: 10, 33182876.00, 33182874.33, 5697.95, 4333.15, 4.67%
- Epoch 014, ExpID 5260
Train - Loss: 8715052.11
Val - Loss, MSE, RMSE, MAE, MAPE: 48720108.00, 48720104.67, 6783.02, 5047.30, 6.01%
Test - Best epoch, Loss, MSE, RMSE, MAE, MAPE: 10, 33182876.00, 33182874.33, 5697.95, 4333.15, 4.67%
- Epoch 015, ExpID 5260
Train - Loss: 7244375.79
Val - Loss, MSE, RMSE, MAE, MAPE: 54347728.00, 54347727.00, 7144.46, 5219.55, 6.13%
Test - Best epoch, Loss, MSE, RMSE, MAE, MAPE: 10, 33182876.00, 33182874.33, 5697.95, 4333.15, 4.67%
- Epoch 016, ExpID 5260
Train - Loss: 6183038.23
Val - Loss, MSE, RMSE, MAE, MAPE: 56066104.00, 56066100.00, 7241.75, 5489.85, 6.45%
Test - Best epoch, Loss, MSE, RMSE, MAE, MAPE: 10, 33182876.00, 33182874.33, 5697.95, 4333.15, 4.67%
- Epoch 017, ExpID 5260
Train - Loss: 4989302.19
Val - Loss, MSE, RMSE, MAE, MAPE: 57429744.00, 57429747.00, 7279.21, 5431.56, 6.41%
Test - Best epoch, Loss, MSE, RMSE, MAE, MAPE: 10, 33182876.00, 33182874.33, 5697.95, 4333.15, 4.67%
- Epoch 018, ExpID 5260
Train - Loss: 4111170.97
Val - Loss, MSE, RMSE, MAE, MAPE: 59125756.00, 59125752.00, 7392.37, 5483.28, 6.44%
Test - Best epoch, Loss, MSE, RMSE, MAE, MAPE: 10, 33182876.00, 33182874.33, 5697.95, 4333.15, 4.67%
- Epoch 019, ExpID 5260
Train - Loss: 3446076.38
Val - Loss, MSE, RMSE, MAE, MAPE: 56487864.00, 56487863.33, 7219.39, 5395.54, 6.38%
Test - Best epoch, Loss, MSE, RMSE, MAE, MAPE: 10, 33182876.00, 33182874.33, 5697.95, 4333.15, 4.67%
- Epoch 020, ExpID 5260
Train - Loss: 2811339.87
Val - Loss, MSE, RMSE, MAE, MAPE: 60090984.00, 60090981.00, 7373.01, 5557.72, 6.56%
Test - Best epoch, Loss, MSE, RMSE, MAE, MAPE: 10, 33182876.00, 33182874.33, 5697.95, 4333.15, 4.67%
Early Stopping at Epoch 20
Fold 2018 Best RMSE: 5697.9478

-------------------- [Fold: 2019] ExpID: 80387 --------------------
- Epoch 000, ExpID 80387
Train - Loss: 30424879.53
Val - Loss, MSE, RMSE, MAE, MAPE: 52215144.00, 52215142.00, 7128.49, 5583.76, 6.07%
Test - Best epoch, Loss, MSE, RMSE, MAE, MAPE: 0, 54430288.00, 54430290.67, 7291.74, 5682.26, 6.02%
- Epoch 001, ExpID 80387
Train - Loss: 25139152.26
Val - Loss, MSE, RMSE, MAE, MAPE: 47197932.00, 47197929.00, 6784.92, 5318.39, 5.75%
Test - Best epoch, Loss, MSE, RMSE, MAE, MAPE: 1, 51528216.00, 51528213.67, 7072.37, 5496.94, 5.81%
- Epoch 002, ExpID 80387
Train - Loss: 23065710.97
Val - Loss, MSE, RMSE, MAE, MAPE: 40494912.00, 40494912.33, 6232.60, 4791.39, 5.21%
Test - Best epoch, Loss, MSE, RMSE, MAE, MAPE: 2, 46279064.00, 46279058.00, 6682.39, 5098.08, 5.42%
- Epoch 003, ExpID 80387
Train - Loss: 21120801.83
Val - Loss, MSE, RMSE, MAE, MAPE: 38684488.00, 38684488.00, 6063.07, 4658.75, 5.03%
Test - Best epoch, Loss, MSE, RMSE, MAE, MAPE: 3, 41611752.00, 41611752.67, 6325.25, 4786.75, 5.06%
- Epoch 004, ExpID 80387
Train - Loss: 19262853.50
Val - Loss, MSE, RMSE, MAE, MAPE: 37656276.00, 37656274.33, 5981.41, 4566.02, 4.91%
Test - Best epoch, Loss, MSE, RMSE, MAE, MAPE: 4, 39848792.00, 39848793.00, 6144.03, 4615.62, 4.88%
- Epoch 005, ExpID 80387
Train - Loss: 17948595.24
Val - Loss, MSE, RMSE, MAE, MAPE: 33730820.00, 33730820.50, 5690.68, 4332.43, 4.67%
Test - Best epoch, Loss, MSE, RMSE, MAE, MAPE: 5, 38262576.00, 38262576.33, 6057.91, 4539.07, 4.80%
- Epoch 006, ExpID 80387
Train - Loss: 16766906.52
Val - Loss, MSE, RMSE, MAE, MAPE: 32246532.00, 32246531.33, 5573.38, 4246.56, 4.58%
Test - Best epoch, Loss, MSE, RMSE, MAE, MAPE: 6, 38104032.00, 38104031.33, 6051.00, 4526.70, 4.79%
- Epoch 007, ExpID 80387
Train - Loss: 16177356.69
Val - Loss, MSE, RMSE, MAE, MAPE: 31332022.00, 31332021.83, 5496.36, 4198.32, 4.51%
Test - Best epoch, Loss, MSE, RMSE, MAE, MAPE: 7, 36510368.00, 36510367.67, 5922.32, 4493.60, 4.74%
- Epoch 008, ExpID 80387
Train - Loss: 21005603.40
Val - Loss, MSE, RMSE, MAE, MAPE: 34471840.00, 34471842.33, 5772.92, 4373.62, 4.72%
Test - Best epoch, Loss, MSE, RMSE, MAE, MAPE: 7, 36510368.00, 36510367.67, 5922.32, 4493.60, 4.74%
- Epoch 009, ExpID 80387
Train - Loss: 16337640.94
Val - Loss, MSE, RMSE, MAE, MAPE: 31887768.00, 31887768.00, 5571.44, 4289.08, 4.62%
Test - Best epoch, Loss, MSE, RMSE, MAE, MAPE: 7, 36510368.00, 36510367.67, 5922.32, 4493.60, 4.74%
- Epoch 010, ExpID 80387
Train - Loss: 14439099.36
Val - Loss, MSE, RMSE, MAE, MAPE: 32516648.00, 32516648.33, 5660.46, 4361.83, 4.73%
Test - Best epoch, Loss, MSE, RMSE, MAE, MAPE: 7, 36510368.00, 36510367.67, 5922.32, 4493.60, 4.74%
- Epoch 011, ExpID 80387
Train - Loss: 13484283.23
Val - Loss, MSE, RMSE, MAE, MAPE: 32743336.00, 32743335.00, 5659.53, 4353.16, 4.64%
Test - Best epoch, Loss, MSE, RMSE, MAE, MAPE: 7, 36510368.00, 36510367.67, 5922.32, 4493.60, 4.74%
- Epoch 012, ExpID 80387
Train - Loss: 12617833.69
Val - Loss, MSE, RMSE, MAE, MAPE: 31274184.00, 31274183.33, 5516.86, 4259.08, 4.60%
Test - Best epoch, Loss, MSE, RMSE, MAE, MAPE: 12, 38804352.00, 38804349.00, 6093.19, 4574.51, 4.83%
- Epoch 013, ExpID 80387
Train - Loss: 11434934.24
Val - Loss, MSE, RMSE, MAE, MAPE: 36105904.00, 36105904.00, 5930.26, 4566.43, 4.90%
Test - Best epoch, Loss, MSE, RMSE, MAE, MAPE: 12, 38804352.00, 38804349.00, 6093.19, 4574.51, 4.83%
- Epoch 014, ExpID 80387
Train - Loss: 10145057.31
Val - Loss, MSE, RMSE, MAE, MAPE: 35397816.00, 35397814.00, 5888.29, 4509.68, 4.84%
Test - Best epoch, Loss, MSE, RMSE, MAE, MAPE: 12, 38804352.00, 38804349.00, 6093.19, 4574.51, 4.83%
- Epoch 015, ExpID 80387
Train - Loss: 9090908.33
Val - Loss, MSE, RMSE, MAE, MAPE: 37394888.00, 37394883.67, 5962.17, 4507.10, 4.89%
Test - Best epoch, Loss, MSE, RMSE, MAE, MAPE: 12, 38804352.00, 38804349.00, 6093.19, 4574.51, 4.83%
- Epoch 016, ExpID 80387
Train - Loss: 7859781.84
Val - Loss, MSE, RMSE, MAE, MAPE: 44631656.00, 44631655.33, 6509.44, 4985.83, 5.40%
Test - Best epoch, Loss, MSE, RMSE, MAE, MAPE: 12, 38804352.00, 38804349.00, 6093.19, 4574.51, 4.83%
- Epoch 017, ExpID 80387
Train - Loss: 6868720.21
Val - Loss, MSE, RMSE, MAE, MAPE: 47767736.00, 47767729.67, 6715.99, 5101.39, 5.54%
Test - Best epoch, Loss, MSE, RMSE, MAE, MAPE: 12, 38804352.00, 38804349.00, 6093.19, 4574.51, 4.83%
- Epoch 018, ExpID 80387
Train - Loss: 6056773.89
Val - Loss, MSE, RMSE, MAE, MAPE: 48189536.00, 48189540.00, 6731.85, 5085.74, 5.54%
Test - Best epoch, Loss, MSE, RMSE, MAE, MAPE: 12, 38804352.00, 38804349.00, 6093.19, 4574.51, 4.83%
- Epoch 019, ExpID 80387
Train - Loss: 5465945.08
Val - Loss, MSE, RMSE, MAE, MAPE: 47872608.00, 47872609.17, 6730.56, 5090.24, 5.49%
Test - Best epoch, Loss, MSE, RMSE, MAE, MAPE: 12, 38804352.00, 38804349.00, 6093.19, 4574.51, 4.83%
- Epoch 020, ExpID 80387
Train - Loss: 4919527.15
Val - Loss, MSE, RMSE, MAE, MAPE: 47229744.00, 47229746.33, 6652.68, 5032.45, 5.48%
Test - Best epoch, Loss, MSE, RMSE, MAE, MAPE: 12, 38804352.00, 38804349.00, 6093.19, 4574.51, 4.83%
- Epoch 021, ExpID 80387
Train - Loss: 4225125.61
Val - Loss, MSE, RMSE, MAE, MAPE: 53054152.00, 53054151.50, 7051.35, 5220.04, 5.66%
Test - Best epoch, Loss, MSE, RMSE, MAE, MAPE: 12, 38804352.00, 38804349.00, 6093.19, 4574.51, 4.83%
- Epoch 022, ExpID 80387
Train - Loss: 3619977.28
Val - Loss, MSE, RMSE, MAE, MAPE: 50668600.00, 50668597.00, 6924.86, 5175.51, 5.59%
Test - Best epoch, Loss, MSE, RMSE, MAE, MAPE: 12, 38804352.00, 38804349.00, 6093.19, 4574.51, 4.83%
Early Stopping at Epoch 22
Fold 2019 Best RMSE: 6093.1901
