DETAILED LOG | Model: lstm | Seed: 3
FULL CONFIG: {'gpu': '1', 'target': 'departure', 'cv_start_year': 2017, 'cv_end_year': 2019, 'test_year': 2024, 'use_corona': False, 'seq_len': 91, 'label_len': 0, 'pred_len': 1, 'batch_size': 64, 'epochs': 1000, 'patience': 10, 'lr': 0.0001, 'model': 'lstm', 'd_model': 512, 'n_heads': 4, 'n_layers': 5, 'dropout': 0.1, 'activation': 'gelu', 'patch_len': 16, 'factor': 5, 'norm_mode': 'revin', 'use_dbloss': False, 'device': device(type='cuda'), 'stride': 16, 'file_path': 'dataset/airport_daily_flight_merged.csv', 'seed': 3, 'val_year': 2019, 'ndims': 1}

-------------------- [Fold: 2017] ExpID: 11071 --------------------
- Epoch 000, ExpID 11071
Train - Loss: 25202028.96
Val - Loss, MSE, RMSE, MAE, MAPE: 43554264.00, 43554264.33, 6528.91, 5209.83, 6.59%
Test - Best epoch, Loss, MSE, RMSE, MAE, MAPE: 0, 67088240.00, 67088241.33, 7956.63, 6154.11, 7.30%
- Epoch 001, ExpID 11071
Train - Loss: 20540334.28
Val - Loss, MSE, RMSE, MAE, MAPE: 38382684.00, 38382684.33, 6109.28, 4745.54, 6.12%
Test - Best epoch, Loss, MSE, RMSE, MAE, MAPE: 1, 53664096.00, 53664098.67, 7129.99, 5336.59, 6.46%
- Epoch 002, ExpID 11071
Train - Loss: 19717188.00
Val - Loss, MSE, RMSE, MAE, MAPE: 37189772.00, 37189770.67, 6021.27, 4678.93, 6.04%
Test - Best epoch, Loss, MSE, RMSE, MAE, MAPE: 2, 50139436.00, 50139432.33, 6913.60, 5200.70, 6.28%
- Epoch 003, ExpID 11071
Train - Loss: 18773606.75
Val - Loss, MSE, RMSE, MAE, MAPE: 34432272.00, 34432274.00, 5806.22, 4445.00, 5.79%
Test - Best epoch, Loss, MSE, RMSE, MAE, MAPE: 3, 45670880.00, 45670883.67, 6626.57, 4968.39, 6.06%
- Epoch 004, ExpID 11071
Train - Loss: 16323861.66
Val - Loss, MSE, RMSE, MAE, MAPE: 26880620.00, 26880619.00, 5165.28, 4128.19, 5.27%
Test - Best epoch, Loss, MSE, RMSE, MAE, MAPE: 4, 36411944.00, 36411941.00, 5926.42, 4660.11, 5.54%
- Epoch 005, ExpID 11071
Train - Loss: 14100217.54
Val - Loss, MSE, RMSE, MAE, MAPE: 24717108.00, 24717106.67, 4952.72, 3959.99, 5.09%
Test - Best epoch, Loss, MSE, RMSE, MAE, MAPE: 5, 35006644.00, 35006645.33, 5793.52, 4463.15, 5.35%
- Epoch 006, ExpID 11071
Train - Loss: 13950407.86
Val - Loss, MSE, RMSE, MAE, MAPE: 24383028.00, 24383025.67, 4913.49, 3844.34, 4.96%
Test - Best epoch, Loss, MSE, RMSE, MAE, MAPE: 6, 34926848.00, 34926849.33, 5804.95, 4387.05, 5.30%
- Epoch 007, ExpID 11071
Train - Loss: 13761572.89
Val - Loss, MSE, RMSE, MAE, MAPE: 23814116.00, 23814115.33, 4855.77, 3836.69, 4.93%
Test - Best epoch, Loss, MSE, RMSE, MAE, MAPE: 7, 34210224.00, 34210221.33, 5738.31, 4354.00, 5.24%
- Epoch 008, ExpID 11071
Train - Loss: 13596774.89
Val - Loss, MSE, RMSE, MAE, MAPE: 23968152.00, 23968151.67, 4866.91, 3810.40, 4.91%
Test - Best epoch, Loss, MSE, RMSE, MAE, MAPE: 7, 34210224.00, 34210221.33, 5738.31, 4354.00, 5.24%
- Epoch 009, ExpID 11071
Train - Loss: 13533066.61
Val - Loss, MSE, RMSE, MAE, MAPE: 24330400.00, 24330398.00, 4896.07, 3788.97, 4.89%
Test - Best epoch, Loss, MSE, RMSE, MAE, MAPE: 7, 34210224.00, 34210221.33, 5738.31, 4354.00, 5.24%
- Epoch 010, ExpID 11071
Train - Loss: 13368920.75
Val - Loss, MSE, RMSE, MAE, MAPE: 23492358.00, 23492359.00, 4808.98, 3795.07, 4.89%
Test - Best epoch, Loss, MSE, RMSE, MAE, MAPE: 10, 32827012.00, 32827010.00, 5624.32, 4277.92, 5.14%
- Epoch 011, ExpID 11071
Train - Loss: 13241379.92
Val - Loss, MSE, RMSE, MAE, MAPE: 23248916.00, 23248914.00, 4783.81, 3724.09, 4.78%
Test - Best epoch, Loss, MSE, RMSE, MAE, MAPE: 11, 32442630.00, 32442628.33, 5600.55, 4241.91, 5.08%
- Epoch 012, ExpID 11071
Train - Loss: 13034331.49
Val - Loss, MSE, RMSE, MAE, MAPE: 22109760.00, 22109759.33, 4653.69, 3644.27, 4.70%
Test - Best epoch, Loss, MSE, RMSE, MAE, MAPE: 12, 31489168.00, 31489165.00, 5494.33, 4074.35, 4.90%
- Epoch 013, ExpID 11071
Train - Loss: 12542431.62
Val - Loss, MSE, RMSE, MAE, MAPE: 21234220.00, 21234218.67, 4571.27, 3549.04, 4.54%
Test - Best epoch, Loss, MSE, RMSE, MAE, MAPE: 13, 31184702.00, 31184700.17, 5472.43, 4038.77, 4.81%
- Epoch 014, ExpID 11071
Train - Loss: 12106551.59
Val - Loss, MSE, RMSE, MAE, MAPE: 20404490.00, 20404489.67, 4471.93, 3458.44, 4.47%
Test - Best epoch, Loss, MSE, RMSE, MAE, MAPE: 14, 29382624.00, 29382622.83, 5294.70, 3928.69, 4.74%
- Epoch 015, ExpID 11071
Train - Loss: 11686625.03
Val - Loss, MSE, RMSE, MAE, MAPE: 19022516.00, 19022514.83, 4322.76, 3249.96, 4.12%
Test - Best epoch, Loss, MSE, RMSE, MAE, MAPE: 15, 28250940.00, 28250940.00, 5201.83, 3882.67, 4.60%
- Epoch 016, ExpID 11071
Train - Loss: 11264464.96
Val - Loss, MSE, RMSE, MAE, MAPE: 18938868.00, 18938866.67, 4314.27, 3257.41, 4.12%
Test - Best epoch, Loss, MSE, RMSE, MAE, MAPE: 16, 30120096.00, 30120096.67, 5375.82, 3995.42, 4.73%
- Epoch 017, ExpID 11071
Train - Loss: 10755270.70
Val - Loss, MSE, RMSE, MAE, MAPE: 17629146.00, 17629145.33, 4155.38, 3211.50, 4.09%
Test - Best epoch, Loss, MSE, RMSE, MAE, MAPE: 17, 30584064.00, 30584065.33, 5410.56, 4004.93, 4.79%
- Epoch 018, ExpID 11071
Train - Loss: 10040273.70
Val - Loss, MSE, RMSE, MAE, MAPE: 16375004.00, 16375003.83, 4006.73, 3063.50, 3.87%
Test - Best epoch, Loss, MSE, RMSE, MAE, MAPE: 18, 29851688.00, 29851687.33, 5319.63, 3922.34, 4.67%
- Epoch 019, ExpID 11071
Train - Loss: 9609185.62
Val - Loss, MSE, RMSE, MAE, MAPE: 15187580.00, 15187581.17, 3852.67, 2912.72, 3.67%
Test - Best epoch, Loss, MSE, RMSE, MAE, MAPE: 19, 27618390.00, 27618389.00, 5122.48, 3745.01, 4.46%
- Epoch 020, ExpID 11071
Train - Loss: 9309262.50
Val - Loss, MSE, RMSE, MAE, MAPE: 15801062.00, 15801062.67, 3932.67, 2996.27, 3.78%
Test - Best epoch, Loss, MSE, RMSE, MAE, MAPE: 19, 27618390.00, 27618389.00, 5122.48, 3745.01, 4.46%
- Epoch 021, ExpID 11071
Train - Loss: 8993994.62
Val - Loss, MSE, RMSE, MAE, MAPE: 13466590.00, 13466589.08, 3609.73, 2685.36, 3.41%
Test - Best epoch, Loss, MSE, RMSE, MAE, MAPE: 21, 25604768.00, 25604769.67, 4914.52, 3532.08, 4.22%
- Epoch 022, ExpID 11071
Train - Loss: 8879610.27
Val - Loss, MSE, RMSE, MAE, MAPE: 13339099.00, 13339098.83, 3600.94, 2677.86, 3.38%
Test - Best epoch, Loss, MSE, RMSE, MAE, MAPE: 22, 25904476.00, 25904474.50, 4931.29, 3545.33, 4.23%
- Epoch 023, ExpID 11071
Train - Loss: 8560243.02
Val - Loss, MSE, RMSE, MAE, MAPE: 12757848.00, 12757847.92, 3507.23, 2598.45, 3.31%
Test - Best epoch, Loss, MSE, RMSE, MAE, MAPE: 23, 24794974.00, 24794974.50, 4830.93, 3522.99, 4.22%
- Epoch 024, ExpID 11071
Train - Loss: 8673788.86
Val - Loss, MSE, RMSE, MAE, MAPE: 12674150.00, 12674147.33, 3508.93, 2616.51, 3.29%
Test - Best epoch, Loss, MSE, RMSE, MAE, MAPE: 24, 24706128.00, 24706128.67, 4807.64, 3475.76, 4.12%
- Epoch 025, ExpID 11071
Train - Loss: 8435587.46
Val - Loss, MSE, RMSE, MAE, MAPE: 14069703.00, 14069702.17, 3706.26, 2758.06, 3.50%
Test - Best epoch, Loss, MSE, RMSE, MAE, MAPE: 24, 24706128.00, 24706128.67, 4807.64, 3475.76, 4.12%
- Epoch 026, ExpID 11071
Train - Loss: 9126762.73
Val - Loss, MSE, RMSE, MAE, MAPE: 12512747.00, 12512746.67, 3503.59, 2609.03, 3.29%
Test - Best epoch, Loss, MSE, RMSE, MAE, MAPE: 26, 24550102.00, 24550103.17, 4775.10, 3361.35, 3.99%
- Epoch 027, ExpID 11071
Train - Loss: 8622032.21
Val - Loss, MSE, RMSE, MAE, MAPE: 12954464.00, 12954463.83, 3549.30, 2677.60, 3.38%
Test - Best epoch, Loss, MSE, RMSE, MAE, MAPE: 26, 24550102.00, 24550103.17, 4775.10, 3361.35, 3.99%
- Epoch 028, ExpID 11071
Train - Loss: 11113259.41
Val - Loss, MSE, RMSE, MAE, MAPE: 26713548.00, 26713545.00, 5129.82, 3976.04, 5.13%
Test - Best epoch, Loss, MSE, RMSE, MAE, MAPE: 26, 24550102.00, 24550103.17, 4775.10, 3361.35, 3.99%
- Epoch 029, ExpID 11071
Train - Loss: 13671703.76
Val - Loss, MSE, RMSE, MAE, MAPE: 23300560.00, 23300559.17, 4767.79, 3655.34, 4.74%
Test - Best epoch, Loss, MSE, RMSE, MAE, MAPE: 26, 24550102.00, 24550103.17, 4775.10, 3361.35, 3.99%
- Epoch 030, ExpID 11071
Train - Loss: 12619543.47
Val - Loss, MSE, RMSE, MAE, MAPE: 22075244.00, 22075243.33, 4641.33, 3563.95, 4.62%
Test - Best epoch, Loss, MSE, RMSE, MAE, MAPE: 26, 24550102.00, 24550103.17, 4775.10, 3361.35, 3.99%
- Epoch 031, ExpID 11071
Train - Loss: 12286771.41
Val - Loss, MSE, RMSE, MAE, MAPE: 21281778.00, 21281778.50, 4564.73, 3561.39, 4.59%
Test - Best epoch, Loss, MSE, RMSE, MAE, MAPE: 26, 24550102.00, 24550103.17, 4775.10, 3361.35, 3.99%
- Epoch 032, ExpID 11071
Train - Loss: 12004727.22
Val - Loss, MSE, RMSE, MAE, MAPE: 20456216.00, 20456216.50, 4471.17, 3461.92, 4.46%
Test - Best epoch, Loss, MSE, RMSE, MAE, MAPE: 26, 24550102.00, 24550103.17, 4775.10, 3361.35, 3.99%
- Epoch 033, ExpID 11071
Train - Loss: 11723576.82
Val - Loss, MSE, RMSE, MAE, MAPE: 19578276.00, 19578274.33, 4370.94, 3386.02, 4.36%
Test - Best epoch, Loss, MSE, RMSE, MAE, MAPE: 26, 24550102.00, 24550103.17, 4775.10, 3361.35, 3.99%
- Epoch 034, ExpID 11071
Train - Loss: 11391015.91
Val - Loss, MSE, RMSE, MAE, MAPE: 19088276.00, 19088274.83, 4322.81, 3329.23, 4.25%
Test - Best epoch, Loss, MSE, RMSE, MAE, MAPE: 26, 24550102.00, 24550103.17, 4775.10, 3361.35, 3.99%
- Epoch 035, ExpID 11071
Train - Loss: 11025098.41
Val - Loss, MSE, RMSE, MAE, MAPE: 18318914.00, 18318913.83, 4224.08, 3211.47, 4.13%
Test - Best epoch, Loss, MSE, RMSE, MAE, MAPE: 26, 24550102.00, 24550103.17, 4775.10, 3361.35, 3.99%
- Epoch 036, ExpID 11071
Train - Loss: 10720109.83
Val - Loss, MSE, RMSE, MAE, MAPE: 17101312.00, 17101312.50, 4080.21, 3068.68, 3.93%
Test - Best epoch, Loss, MSE, RMSE, MAE, MAPE: 26, 24550102.00, 24550103.17, 4775.10, 3361.35, 3.99%
Early Stopping at Epoch 36
Fold 2017 Best RMSE: 4775.0958

-------------------- [Fold: 2018] ExpID: 89390 --------------------
- Epoch 000, ExpID 89390
Train - Loss: 28237611.18
Val - Loss, MSE, RMSE, MAE, MAPE: 71476704.00, 71476700.00, 8096.11, 5933.50, 7.24%
Test - Best epoch, Loss, MSE, RMSE, MAE, MAPE: 0, 53685072.00, 53685074.00, 7285.34, 5706.50, 6.19%
- Epoch 001, ExpID 89390
Train - Loss: 21932048.42
Val - Loss, MSE, RMSE, MAE, MAPE: 62364760.00, 62364756.67, 7562.31, 5583.90, 6.79%
Test - Best epoch, Loss, MSE, RMSE, MAE, MAPE: 1, 54452400.00, 54452398.67, 7280.86, 5655.42, 6.13%
- Epoch 002, ExpID 89390
Train - Loss: 21401691.41
Val - Loss, MSE, RMSE, MAE, MAPE: 53293932.00, 53293930.33, 7108.04, 5360.48, 6.45%
Test - Best epoch, Loss, MSE, RMSE, MAE, MAPE: 2, 49600012.00, 49600010.67, 6974.55, 5491.84, 5.94%
- Epoch 003, ExpID 89390
Train - Loss: 20574218.24
Val - Loss, MSE, RMSE, MAE, MAPE: 48377516.00, 48377514.00, 6801.37, 5140.94, 6.21%
Test - Best epoch, Loss, MSE, RMSE, MAE, MAPE: 3, 46885560.00, 46885554.67, 6794.46, 5367.34, 5.82%
- Epoch 004, ExpID 89390
Train - Loss: 18692729.40
Val - Loss, MSE, RMSE, MAE, MAPE: 36660444.00, 36660443.00, 5959.85, 4460.35, 5.37%
Test - Best epoch, Loss, MSE, RMSE, MAE, MAPE: 4, 34523936.00, 34523933.67, 5843.80, 4580.80, 4.98%
- Epoch 005, ExpID 89390
Train - Loss: 15298250.61
Val - Loss, MSE, RMSE, MAE, MAPE: 35107692.00, 35107691.00, 5812.57, 4334.96, 5.25%
Test - Best epoch, Loss, MSE, RMSE, MAE, MAPE: 5, 28824376.00, 28824375.00, 5347.62, 4211.42, 4.60%
- Epoch 006, ExpID 89390
Train - Loss: 14824564.68
Val - Loss, MSE, RMSE, MAE, MAPE: 34998384.00, 34998381.33, 5807.66, 4485.34, 5.34%
Test - Best epoch, Loss, MSE, RMSE, MAE, MAPE: 6, 29300438.00, 29300436.67, 5388.02, 4329.31, 4.67%
- Epoch 007, ExpID 89390
Train - Loss: 14539291.32
Val - Loss, MSE, RMSE, MAE, MAPE: 34470436.00, 34470434.00, 5755.91, 4332.05, 5.21%
Test - Best epoch, Loss, MSE, RMSE, MAE, MAPE: 7, 27927206.00, 27927205.00, 5256.37, 4158.32, 4.52%
- Epoch 008, ExpID 89390
Train - Loss: 14478559.00
Val - Loss, MSE, RMSE, MAE, MAPE: 33772072.00, 33772071.00, 5708.28, 4353.25, 5.22%
Test - Best epoch, Loss, MSE, RMSE, MAE, MAPE: 8, 27291400.00, 27291399.00, 5201.84, 4180.21, 4.54%
- Epoch 009, ExpID 89390
Train - Loss: 14383194.75
Val - Loss, MSE, RMSE, MAE, MAPE: 34366652.00, 34366648.00, 5759.83, 4359.67, 5.25%
Test - Best epoch, Loss, MSE, RMSE, MAE, MAPE: 8, 27291400.00, 27291399.00, 5201.84, 4180.21, 4.54%
- Epoch 010, ExpID 89390
Train - Loss: 14354298.69
Val - Loss, MSE, RMSE, MAE, MAPE: 34241096.00, 34241093.67, 5734.73, 4327.76, 5.19%
Test - Best epoch, Loss, MSE, RMSE, MAE, MAPE: 8, 27291400.00, 27291399.00, 5201.84, 4180.21, 4.54%
- Epoch 011, ExpID 89390
Train - Loss: 14101180.99
Val - Loss, MSE, RMSE, MAE, MAPE: 33128814.00, 33128813.33, 5636.83, 4200.35, 5.05%
Test - Best epoch, Loss, MSE, RMSE, MAE, MAPE: 11, 26130918.00, 26130917.67, 5073.10, 3992.49, 4.34%
- Epoch 012, ExpID 89390
Train - Loss: 13689422.62
Val - Loss, MSE, RMSE, MAE, MAPE: 30341420.00, 30341419.67, 5385.34, 4054.31, 4.83%
Test - Best epoch, Loss, MSE, RMSE, MAE, MAPE: 12, 24208112.00, 24208113.33, 4877.14, 3848.39, 4.17%
- Epoch 013, ExpID 89390
Train - Loss: 13458996.44
Val - Loss, MSE, RMSE, MAE, MAPE: 29038702.00, 29038702.33, 5251.21, 3863.39, 4.62%
Test - Best epoch, Loss, MSE, RMSE, MAE, MAPE: 13, 23144000.00, 23143999.50, 4766.46, 3720.27, 4.04%
- Epoch 014, ExpID 89390
Train - Loss: 12836394.03
Val - Loss, MSE, RMSE, MAE, MAPE: 27704564.00, 27704561.50, 5128.28, 3851.76, 4.57%
Test - Best epoch, Loss, MSE, RMSE, MAE, MAPE: 14, 23217742.00, 23217739.67, 4770.29, 3776.51, 4.08%
- Epoch 015, ExpID 89390
Train - Loss: 12894645.84
Val - Loss, MSE, RMSE, MAE, MAPE: 35757436.00, 35757435.33, 5882.03, 4469.25, 5.40%
Test - Best epoch, Loss, MSE, RMSE, MAE, MAPE: 14, 23217742.00, 23217739.67, 4770.29, 3776.51, 4.08%
- Epoch 016, ExpID 89390
Train - Loss: 13910754.87
Val - Loss, MSE, RMSE, MAE, MAPE: 31126558.00, 31126558.83, 5444.06, 4041.78, 4.84%
Test - Best epoch, Loss, MSE, RMSE, MAE, MAPE: 14, 23217742.00, 23217739.67, 4770.29, 3776.51, 4.08%
- Epoch 017, ExpID 89390
Train - Loss: 12664049.26
Val - Loss, MSE, RMSE, MAE, MAPE: 28297064.00, 28297065.00, 5170.33, 3764.14, 4.48%
Test - Best epoch, Loss, MSE, RMSE, MAE, MAPE: 14, 23217742.00, 23217739.67, 4770.29, 3776.51, 4.08%
- Epoch 018, ExpID 89390
Train - Loss: 12137924.12
Val - Loss, MSE, RMSE, MAE, MAPE: 29064572.00, 29064572.33, 5218.54, 3817.51, 4.51%
Test - Best epoch, Loss, MSE, RMSE, MAE, MAPE: 14, 23217742.00, 23217739.67, 4770.29, 3776.51, 4.08%
- Epoch 019, ExpID 89390
Train - Loss: 11739328.99
Val - Loss, MSE, RMSE, MAE, MAPE: 29544470.00, 29544467.83, 5236.73, 3815.52, 4.54%
Test - Best epoch, Loss, MSE, RMSE, MAE, MAPE: 14, 23217742.00, 23217739.67, 4770.29, 3776.51, 4.08%
- Epoch 020, ExpID 89390
Train - Loss: 11481667.54
Val - Loss, MSE, RMSE, MAE, MAPE: 27802416.00, 27802415.17, 5082.04, 3730.28, 4.43%
Test - Best epoch, Loss, MSE, RMSE, MAE, MAPE: 14, 23217742.00, 23217739.67, 4770.29, 3776.51, 4.08%
- Epoch 021, ExpID 89390
Train - Loss: 11233869.38
Val - Loss, MSE, RMSE, MAE, MAPE: 27976324.00, 27976322.33, 5067.79, 3689.69, 4.39%
Test - Best epoch, Loss, MSE, RMSE, MAE, MAPE: 14, 23217742.00, 23217739.67, 4770.29, 3776.51, 4.08%
- Epoch 022, ExpID 89390
Train - Loss: 10552779.40
Val - Loss, MSE, RMSE, MAE, MAPE: 27219880.00, 27219880.00, 5011.47, 3617.33, 4.28%
Test - Best epoch, Loss, MSE, RMSE, MAE, MAPE: 22, 18859770.00, 18859769.33, 4260.78, 3252.80, 3.49%
- Epoch 023, ExpID 89390
Train - Loss: 10171308.71
Val - Loss, MSE, RMSE, MAE, MAPE: 25635366.00, 25635363.33, 4870.83, 3504.45, 4.19%
Test - Best epoch, Loss, MSE, RMSE, MAE, MAPE: 23, 18377308.00, 18377307.83, 4208.82, 3178.89, 3.43%
- Epoch 024, ExpID 89390
Train - Loss: 9244403.54
Val - Loss, MSE, RMSE, MAE, MAPE: 28645006.00, 28645005.83, 5137.58, 3867.79, 4.57%
Test - Best epoch, Loss, MSE, RMSE, MAE, MAPE: 23, 18377308.00, 18377307.83, 4208.82, 3178.89, 3.43%
- Epoch 025, ExpID 89390
Train - Loss: 9554106.01
Val - Loss, MSE, RMSE, MAE, MAPE: 28652998.00, 28652998.17, 5275.87, 3842.02, 4.61%
Test - Best epoch, Loss, MSE, RMSE, MAE, MAPE: 23, 18377308.00, 18377307.83, 4208.82, 3178.89, 3.43%
- Epoch 026, ExpID 89390
Train - Loss: 10776779.01
Val - Loss, MSE, RMSE, MAE, MAPE: 24801844.00, 24801842.50, 4818.64, 3407.34, 4.07%
Test - Best epoch, Loss, MSE, RMSE, MAE, MAPE: 26, 16865482.00, 16865480.83, 4046.13, 3065.79, 3.32%
- Epoch 027, ExpID 89390
Train - Loss: 10024974.42
Val - Loss, MSE, RMSE, MAE, MAPE: 28242030.00, 28242029.17, 5111.45, 3740.78, 4.43%
Test - Best epoch, Loss, MSE, RMSE, MAE, MAPE: 26, 16865482.00, 16865480.83, 4046.13, 3065.79, 3.32%
- Epoch 028, ExpID 89390
Train - Loss: 9298292.39
Val - Loss, MSE, RMSE, MAE, MAPE: 24040624.00, 24040624.67, 4728.85, 3360.41, 4.01%
Test - Best epoch, Loss, MSE, RMSE, MAE, MAPE: 28, 18302116.00, 18302116.17, 4171.97, 3086.51, 3.34%
- Epoch 029, ExpID 89390
Train - Loss: 8923318.99
Val - Loss, MSE, RMSE, MAE, MAPE: 26604246.00, 26604243.67, 4976.07, 3634.01, 4.31%
Test - Best epoch, Loss, MSE, RMSE, MAE, MAPE: 28, 18302116.00, 18302116.17, 4171.97, 3086.51, 3.34%
- Epoch 030, ExpID 89390
Train - Loss: 8664629.36
Val - Loss, MSE, RMSE, MAE, MAPE: 23490668.00, 23490668.50, 4648.04, 3217.76, 3.84%
Test - Best epoch, Loss, MSE, RMSE, MAE, MAPE: 30, 17936432.00, 17936432.83, 4129.04, 3093.03, 3.35%
- Epoch 031, ExpID 89390
Train - Loss: 8256744.21
Val - Loss, MSE, RMSE, MAE, MAPE: 25681248.00, 25681246.83, 4854.58, 3508.45, 4.19%
Test - Best epoch, Loss, MSE, RMSE, MAE, MAPE: 30, 17936432.00, 17936432.83, 4129.04, 3093.03, 3.35%
- Epoch 032, ExpID 89390
Train - Loss: 8345381.42
Val - Loss, MSE, RMSE, MAE, MAPE: 24346992.00, 24346990.17, 4736.99, 3364.37, 3.99%
Test - Best epoch, Loss, MSE, RMSE, MAE, MAPE: 30, 17936432.00, 17936432.83, 4129.04, 3093.03, 3.35%
- Epoch 033, ExpID 89390
Train - Loss: 8167577.74
Val - Loss, MSE, RMSE, MAE, MAPE: 23677824.00, 23677823.50, 4680.05, 3350.45, 3.99%
Test - Best epoch, Loss, MSE, RMSE, MAE, MAPE: 30, 17936432.00, 17936432.83, 4129.04, 3093.03, 3.35%
- Epoch 034, ExpID 89390
Train - Loss: 8168587.43
Val - Loss, MSE, RMSE, MAE, MAPE: 25212960.00, 25212960.00, 4813.60, 3436.76, 4.11%
Test - Best epoch, Loss, MSE, RMSE, MAE, MAPE: 30, 17936432.00, 17936432.83, 4129.04, 3093.03, 3.35%
- Epoch 035, ExpID 89390
Train - Loss: 8025152.38
Val - Loss, MSE, RMSE, MAE, MAPE: 24740998.00, 24740998.00, 4776.70, 3365.11, 4.02%
Test - Best epoch, Loss, MSE, RMSE, MAE, MAPE: 30, 17936432.00, 17936432.83, 4129.04, 3093.03, 3.35%
- Epoch 036, ExpID 89390
Train - Loss: 7886087.40
Val - Loss, MSE, RMSE, MAE, MAPE: 25589232.00, 25589229.83, 4835.34, 3456.35, 4.11%
Test - Best epoch, Loss, MSE, RMSE, MAE, MAPE: 30, 17936432.00, 17936432.83, 4129.04, 3093.03, 3.35%
- Epoch 037, ExpID 89390
Train - Loss: 7964339.41
Val - Loss, MSE, RMSE, MAE, MAPE: 23961072.00, 23961072.67, 4679.46, 3318.70, 3.97%
Test - Best epoch, Loss, MSE, RMSE, MAE, MAPE: 30, 17936432.00, 17936432.83, 4129.04, 3093.03, 3.35%
- Epoch 038, ExpID 89390
Train - Loss: 7754657.47
Val - Loss, MSE, RMSE, MAE, MAPE: 24379790.00, 24379790.50, 4729.41, 3307.62, 3.94%
Test - Best epoch, Loss, MSE, RMSE, MAE, MAPE: 30, 17936432.00, 17936432.83, 4129.04, 3093.03, 3.35%
- Epoch 039, ExpID 89390
Train - Loss: 7578808.60
Val - Loss, MSE, RMSE, MAE, MAPE: 23737492.00, 23737489.83, 4655.35, 3262.96, 3.89%
Test - Best epoch, Loss, MSE, RMSE, MAE, MAPE: 30, 17936432.00, 17936432.83, 4129.04, 3093.03, 3.35%
- Epoch 040, ExpID 89390
Train - Loss: 7682862.91
Val - Loss, MSE, RMSE, MAE, MAPE: 24570792.00, 24570791.00, 4740.36, 3356.57, 4.00%
Test - Best epoch, Loss, MSE, RMSE, MAE, MAPE: 30, 17936432.00, 17936432.83, 4129.04, 3093.03, 3.35%
Early Stopping at Epoch 40
Fold 2018 Best RMSE: 4129.0384

-------------------- [Fold: 2019] ExpID: 70306 --------------------
- Epoch 000, ExpID 70306
Train - Loss: 30609266.42
Val - Loss, MSE, RMSE, MAE, MAPE: 53629200.00, 53629200.00, 7258.63, 5663.39, 6.12%
Test - Best epoch, Loss, MSE, RMSE, MAE, MAPE: 0, 54987384.00, 54987380.00, 7364.06, 5768.58, 6.05%
- Epoch 001, ExpID 70306
Train - Loss: 24117678.68
Val - Loss, MSE, RMSE, MAE, MAPE: 50579260.00, 50579257.33, 7023.73, 5483.11, 5.97%
Test - Best epoch, Loss, MSE, RMSE, MAE, MAPE: 1, 52774352.00, 52774351.33, 7220.84, 5522.84, 5.86%
- Epoch 002, ExpID 70306
Train - Loss: 22791589.59
Val - Loss, MSE, RMSE, MAE, MAPE: 48189072.00, 48189073.33, 6878.09, 5433.66, 5.91%
Test - Best epoch, Loss, MSE, RMSE, MAE, MAPE: 2, 51092096.00, 51092094.00, 7113.33, 5465.75, 5.79%
- Epoch 003, ExpID 70306
Train - Loss: 20636690.00
Val - Loss, MSE, RMSE, MAE, MAPE: 37179184.00, 37179187.00, 6058.23, 4734.36, 5.17%
Test - Best epoch, Loss, MSE, RMSE, MAE, MAPE: 3, 39249960.00, 39249961.33, 6250.08, 4681.31, 5.00%
- Epoch 004, ExpID 70306
Train - Loss: 17215970.67
Val - Loss, MSE, RMSE, MAE, MAPE: 31190780.00, 31190779.33, 5567.56, 4319.04, 4.74%
Test - Best epoch, Loss, MSE, RMSE, MAE, MAPE: 4, 37020064.00, 37020066.33, 6054.33, 4416.05, 4.73%
- Epoch 005, ExpID 70306
Train - Loss: 16173920.38
Val - Loss, MSE, RMSE, MAE, MAPE: 28308900.00, 28308900.00, 5297.64, 4196.43, 4.56%
Test - Best epoch, Loss, MSE, RMSE, MAE, MAPE: 5, 34372800.00, 34372800.00, 5827.67, 4384.48, 4.64%
- Epoch 006, ExpID 70306
Train - Loss: 15835462.39
Val - Loss, MSE, RMSE, MAE, MAPE: 26520356.00, 26520352.67, 5120.31, 4061.48, 4.41%
Test - Best epoch, Loss, MSE, RMSE, MAE, MAPE: 6, 32839742.00, 32839745.00, 5689.52, 4361.40, 4.61%
- Epoch 007, ExpID 70306
Train - Loss: 15348820.43
Val - Loss, MSE, RMSE, MAE, MAPE: 23175398.00, 23175399.83, 4764.88, 3691.57, 4.00%
Test - Best epoch, Loss, MSE, RMSE, MAE, MAPE: 7, 30601084.00, 30601081.33, 5460.62, 4043.79, 4.28%
- Epoch 008, ExpID 70306
Train - Loss: 14131983.62
Val - Loss, MSE, RMSE, MAE, MAPE: 21490960.00, 21490957.50, 4564.47, 3584.02, 3.85%
Test - Best epoch, Loss, MSE, RMSE, MAE, MAPE: 8, 27563558.00, 27563556.17, 5146.75, 3819.91, 4.00%
- Epoch 009, ExpID 70306
Train - Loss: 13528765.58
Val - Loss, MSE, RMSE, MAE, MAPE: 20555064.00, 20555061.50, 4476.79, 3531.77, 3.84%
Test - Best epoch, Loss, MSE, RMSE, MAE, MAPE: 9, 27114774.00, 27114775.00, 5055.37, 3701.10, 3.93%
- Epoch 010, ExpID 70306
Train - Loss: 12602772.57
Val - Loss, MSE, RMSE, MAE, MAPE: 19546044.00, 19546043.50, 4337.23, 3331.81, 3.57%
Test - Best epoch, Loss, MSE, RMSE, MAE, MAPE: 10, 25256438.00, 25256437.33, 4870.39, 3532.90, 3.70%
- Epoch 011, ExpID 70306
Train - Loss: 11266243.99
Val - Loss, MSE, RMSE, MAE, MAPE: 21282962.00, 21282960.67, 4537.63, 3556.48, 3.82%
Test - Best epoch, Loss, MSE, RMSE, MAE, MAPE: 10, 25256438.00, 25256437.33, 4870.39, 3532.90, 3.70%
- Epoch 012, ExpID 70306
Train - Loss: 11591462.34
Val - Loss, MSE, RMSE, MAE, MAPE: 18071572.00, 18071571.83, 4188.24, 3184.58, 3.45%
Test - Best epoch, Loss, MSE, RMSE, MAE, MAPE: 12, 23831936.00, 23831934.83, 4730.15, 3424.85, 3.62%
- Epoch 013, ExpID 70306
Train - Loss: 10918341.97
Val - Loss, MSE, RMSE, MAE, MAPE: 16810680.00, 16810679.83, 4018.90, 2983.63, 3.24%
Test - Best epoch, Loss, MSE, RMSE, MAE, MAPE: 13, 22097760.00, 22097759.50, 4550.75, 3247.44, 3.44%
- Epoch 014, ExpID 70306
Train - Loss: 10782612.82
Val - Loss, MSE, RMSE, MAE, MAPE: 18096540.00, 18096540.50, 4163.68, 3144.50, 3.36%
Test - Best epoch, Loss, MSE, RMSE, MAE, MAPE: 13, 22097760.00, 22097759.50, 4550.75, 3247.44, 3.44%
- Epoch 015, ExpID 70306
Train - Loss: 11276012.76
Val - Loss, MSE, RMSE, MAE, MAPE: 17997334.00, 17997332.83, 4164.56, 3136.24, 3.39%
Test - Best epoch, Loss, MSE, RMSE, MAE, MAPE: 13, 22097760.00, 22097759.50, 4550.75, 3247.44, 3.44%
- Epoch 016, ExpID 70306
Train - Loss: 10753201.41
Val - Loss, MSE, RMSE, MAE, MAPE: 19698720.00, 19698718.83, 4349.15, 3318.54, 3.55%
Test - Best epoch, Loss, MSE, RMSE, MAE, MAPE: 13, 22097760.00, 22097759.50, 4550.75, 3247.44, 3.44%
- Epoch 017, ExpID 70306
Train - Loss: 15753883.63
Val - Loss, MSE, RMSE, MAE, MAPE: 29083452.00, 29083451.33, 5360.78, 4327.70, 4.69%
Test - Best epoch, Loss, MSE, RMSE, MAE, MAPE: 13, 22097760.00, 22097759.50, 4550.75, 3247.44, 3.44%
- Epoch 018, ExpID 70306
Train - Loss: 15275159.33
Val - Loss, MSE, RMSE, MAE, MAPE: 28275624.00, 28275625.33, 5282.04, 4289.19, 4.61%
Test - Best epoch, Loss, MSE, RMSE, MAE, MAPE: 13, 22097760.00, 22097759.50, 4550.75, 3247.44, 3.44%
- Epoch 019, ExpID 70306
Train - Loss: 14639336.87
Val - Loss, MSE, RMSE, MAE, MAPE: 26773088.00, 26773088.67, 5141.06, 4087.60, 4.43%
Test - Best epoch, Loss, MSE, RMSE, MAE, MAPE: 13, 22097760.00, 22097759.50, 4550.75, 3247.44, 3.44%
- Epoch 020, ExpID 70306
Train - Loss: 14144374.79
Val - Loss, MSE, RMSE, MAE, MAPE: 27654768.00, 27654767.67, 5228.68, 4100.15, 4.44%
Test - Best epoch, Loss, MSE, RMSE, MAE, MAPE: 13, 22097760.00, 22097759.50, 4550.75, 3247.44, 3.44%
- Epoch 021, ExpID 70306
Train - Loss: 14760230.19
Val - Loss, MSE, RMSE, MAE, MAPE: 27063152.00, 27063150.67, 5159.80, 4086.44, 4.41%
Test - Best epoch, Loss, MSE, RMSE, MAE, MAPE: 13, 22097760.00, 22097759.50, 4550.75, 3247.44, 3.44%
- Epoch 022, ExpID 70306
Train - Loss: 13792629.16
Val - Loss, MSE, RMSE, MAE, MAPE: 25939496.00, 25939494.00, 5053.50, 4013.84, 4.37%
Test - Best epoch, Loss, MSE, RMSE, MAE, MAPE: 13, 22097760.00, 22097759.50, 4550.75, 3247.44, 3.44%
- Epoch 023, ExpID 70306
Train - Loss: 13532980.84
Val - Loss, MSE, RMSE, MAE, MAPE: 24272992.00, 24272990.33, 4881.35, 3843.46, 4.16%
Test - Best epoch, Loss, MSE, RMSE, MAE, MAPE: 13, 22097760.00, 22097759.50, 4550.75, 3247.44, 3.44%
Early Stopping at Epoch 23
Fold 2019 Best RMSE: 4550.7532
