DETAILED LOG | Model: lstm | Seed: 3
FULL CONFIG: {'gpu': '3', 'target': 'departure', 'cv_start_year': 2017, 'cv_end_year': 2019, 'test_year': 2024, 'use_corona': False, 'seq_len': 91, 'label_len': 0, 'pred_len': 1, 'batch_size': 64, 'epochs': 1000, 'patience': 10, 'lr': 0.0001, 'model': 'lstm', 'd_model': 64, 'n_heads': 4, 'n_layers': 5, 'dropout': 0.1, 'activation': 'gelu', 'patch_len': 16, 'factor': 5, 'norm_mode': 'revin', 'use_dbloss': False, 'device': device(type='cuda'), 'stride': 16, 'file_path': 'dataset/airport_daily_flight_merged.csv', 'seed': 3, 'val_year': 2019, 'ndims': 1}

-------------------- [Fold: 2017] ExpID: 85884 --------------------
- Epoch 000, ExpID 85884
Train - Loss: 31057324.63
Val - Loss, MSE, RMSE, MAE, MAPE: 63177948.00, 63177944.67, 7835.77, 6398.37, 8.17%
Test - Best epoch, Loss, MSE, RMSE, MAE, MAPE: 0, 88807264.00, 88807260.67, 9304.42, 7599.20, 9.10%
- Epoch 001, ExpID 85884
Train - Loss: 27511491.82
Val - Loss, MSE, RMSE, MAE, MAPE: 46504364.00, 46504362.00, 6788.92, 5361.45, 6.95%
Test - Best epoch, Loss, MSE, RMSE, MAE, MAPE: 1, 79989656.00, 79989657.33, 8700.14, 6715.23, 8.17%
- Epoch 002, ExpID 85884
Train - Loss: 23400776.28
Val - Loss, MSE, RMSE, MAE, MAPE: 42123032.00, 42123029.33, 6454.52, 5067.20, 6.54%
Test - Best epoch, Loss, MSE, RMSE, MAE, MAPE: 2, 74055528.00, 74055527.33, 8298.15, 6285.90, 7.63%
- Epoch 003, ExpID 85884
Train - Loss: 21838181.51
Val - Loss, MSE, RMSE, MAE, MAPE: 39919472.00, 39919469.33, 6269.53, 4864.04, 6.29%
Test - Best epoch, Loss, MSE, RMSE, MAE, MAPE: 3, 69120912.00, 69120915.33, 7970.25, 5901.76, 7.19%
- Epoch 004, ExpID 85884
Train - Loss: 20965438.05
Val - Loss, MSE, RMSE, MAE, MAPE: 39237632.00, 39237630.00, 6200.46, 4778.01, 6.18%
Test - Best epoch, Loss, MSE, RMSE, MAE, MAPE: 4, 63552448.00, 63552448.00, 7669.27, 5649.04, 6.88%
- Epoch 005, ExpID 85884
Train - Loss: 20873658.05
Val - Loss, MSE, RMSE, MAE, MAPE: 38487808.00, 38487806.33, 6130.18, 4713.68, 6.10%
Test - Best epoch, Loss, MSE, RMSE, MAE, MAPE: 5, 61181536.00, 61181535.33, 7520.32, 5525.97, 6.73%
- Epoch 006, ExpID 85884
Train - Loss: 20204277.00
Val - Loss, MSE, RMSE, MAE, MAPE: 39366924.00, 39366922.00, 6203.11, 4842.34, 6.19%
Test - Best epoch, Loss, MSE, RMSE, MAE, MAPE: 5, 61181536.00, 61181535.33, 7520.32, 5525.97, 6.73%
- Epoch 007, ExpID 85884
Train - Loss: 20115748.00
Val - Loss, MSE, RMSE, MAE, MAPE: 38132376.00, 38132374.67, 6095.38, 4708.34, 6.07%
Test - Best epoch, Loss, MSE, RMSE, MAE, MAPE: 7, 56207920.00, 56207917.67, 7265.04, 5416.10, 6.56%
- Epoch 008, ExpID 85884
Train - Loss: 19848877.59
Val - Loss, MSE, RMSE, MAE, MAPE: 37901576.00, 37901571.33, 6076.36, 4702.85, 6.06%
Test - Best epoch, Loss, MSE, RMSE, MAE, MAPE: 8, 54763232.00, 54763231.33, 7186.47, 5379.98, 6.51%
- Epoch 009, ExpID 85884
Train - Loss: 19733132.67
Val - Loss, MSE, RMSE, MAE, MAPE: 37556980.00, 37556980.67, 6046.56, 4686.73, 6.05%
Test - Best epoch, Loss, MSE, RMSE, MAE, MAPE: 9, 53738172.00, 53738166.33, 7121.48, 5332.13, 6.45%
- Epoch 010, ExpID 85884
Train - Loss: 19572227.97
Val - Loss, MSE, RMSE, MAE, MAPE: 37418224.00, 37418221.67, 6038.38, 4680.84, 6.03%
Test - Best epoch, Loss, MSE, RMSE, MAE, MAPE: 10, 52264672.00, 52264674.00, 7046.93, 5313.25, 6.41%
- Epoch 011, ExpID 85884
Train - Loss: 19366839.20
Val - Loss, MSE, RMSE, MAE, MAPE: 37155032.00, 37155027.00, 6020.66, 4674.08, 6.01%
Test - Best epoch, Loss, MSE, RMSE, MAE, MAPE: 11, 51423756.00, 51423756.00, 6999.31, 5307.14, 6.39%
- Epoch 012, ExpID 85884
Train - Loss: 19312343.43
Val - Loss, MSE, RMSE, MAE, MAPE: 36698532.00, 36698527.00, 5980.61, 4632.37, 5.99%
Test - Best epoch, Loss, MSE, RMSE, MAE, MAPE: 12, 50122428.00, 50122426.33, 6914.72, 5219.29, 6.31%
- Epoch 013, ExpID 85884
Train - Loss: 19006534.13
Val - Loss, MSE, RMSE, MAE, MAPE: 36243696.00, 36243692.33, 5948.27, 4599.11, 5.95%
Test - Best epoch, Loss, MSE, RMSE, MAE, MAPE: 13, 48958860.00, 48958857.00, 6847.03, 5187.75, 6.28%
- Epoch 014, ExpID 85884
Train - Loss: 18793690.54
Val - Loss, MSE, RMSE, MAE, MAPE: 35655228.00, 35655225.00, 5901.93, 4555.58, 5.90%
Test - Best epoch, Loss, MSE, RMSE, MAE, MAPE: 14, 47468124.00, 47468123.33, 6747.27, 5100.92, 6.18%
- Epoch 015, ExpID 85884
Train - Loss: 18328891.01
Val - Loss, MSE, RMSE, MAE, MAPE: 34917280.00, 34917278.33, 5859.87, 4558.02, 5.84%
Test - Best epoch, Loss, MSE, RMSE, MAE, MAPE: 15, 45774712.00, 45774711.67, 6652.46, 5171.53, 6.18%
- Epoch 016, ExpID 85884
Train - Loss: 17436729.99
Val - Loss, MSE, RMSE, MAE, MAPE: 31300160.00, 31300160.33, 5552.67, 4262.99, 5.51%
Test - Best epoch, Loss, MSE, RMSE, MAE, MAPE: 16, 41040792.00, 41040790.67, 6293.73, 4772.89, 5.76%
- Epoch 017, ExpID 85884
Train - Loss: 16012704.53
Val - Loss, MSE, RMSE, MAE, MAPE: 27150784.00, 27150784.00, 5183.82, 4070.81, 5.24%
Test - Best epoch, Loss, MSE, RMSE, MAE, MAPE: 17, 36554200.00, 36554198.67, 5924.29, 4460.23, 5.36%
- Epoch 018, ExpID 85884
Train - Loss: 14642222.85
Val - Loss, MSE, RMSE, MAE, MAPE: 25440614.00, 25440613.33, 5021.47, 3962.98, 5.11%
Test - Best epoch, Loss, MSE, RMSE, MAE, MAPE: 18, 34919608.00, 34919604.67, 5782.06, 4335.49, 5.23%
- Epoch 019, ExpID 85884
Train - Loss: 14587278.11
Val - Loss, MSE, RMSE, MAE, MAPE: 25298390.00, 25298388.67, 5008.85, 3959.32, 5.09%
Test - Best epoch, Loss, MSE, RMSE, MAE, MAPE: 19, 35394728.00, 35394724.00, 5826.08, 4407.23, 5.30%
- Epoch 020, ExpID 85884
Train - Loss: 14249537.20
Val - Loss, MSE, RMSE, MAE, MAPE: 25259976.00, 25259974.67, 5000.92, 3929.10, 5.10%
Test - Best epoch, Loss, MSE, RMSE, MAE, MAPE: 20, 35661108.00, 35661107.33, 5851.64, 4393.37, 5.34%
- Epoch 021, ExpID 85884
Train - Loss: 14290788.47
Val - Loss, MSE, RMSE, MAE, MAPE: 25148096.00, 25148095.67, 4987.44, 3898.16, 5.06%
Test - Best epoch, Loss, MSE, RMSE, MAE, MAPE: 21, 35527080.00, 35527077.33, 5838.50, 4368.92, 5.31%
- Epoch 022, ExpID 85884
Train - Loss: 14148951.11
Val - Loss, MSE, RMSE, MAE, MAPE: 24915998.00, 24915996.67, 4964.30, 3879.67, 5.03%
Test - Best epoch, Loss, MSE, RMSE, MAE, MAPE: 22, 35272368.00, 35272366.00, 5819.58, 4363.80, 5.30%
- Epoch 023, ExpID 85884
Train - Loss: 13980511.68
Val - Loss, MSE, RMSE, MAE, MAPE: 24662622.00, 24662621.33, 4941.36, 3879.12, 5.01%
Test - Best epoch, Loss, MSE, RMSE, MAE, MAPE: 23, 35070460.00, 35070460.33, 5803.16, 4379.87, 5.30%
- Epoch 024, ExpID 85884
Train - Loss: 13991620.87
Val - Loss, MSE, RMSE, MAE, MAPE: 24814748.00, 24814747.67, 4953.39, 3899.46, 5.06%
Test - Best epoch, Loss, MSE, RMSE, MAE, MAPE: 23, 35070460.00, 35070460.33, 5803.16, 4379.87, 5.30%
- Epoch 025, ExpID 85884
Train - Loss: 13847159.67
Val - Loss, MSE, RMSE, MAE, MAPE: 24697892.00, 24697889.33, 4941.73, 3913.43, 5.08%
Test - Best epoch, Loss, MSE, RMSE, MAE, MAPE: 23, 35070460.00, 35070460.33, 5803.16, 4379.87, 5.30%
- Epoch 026, ExpID 85884
Train - Loss: 13786166.72
Val - Loss, MSE, RMSE, MAE, MAPE: 24320510.00, 24320509.00, 4903.99, 3865.33, 5.00%
Test - Best epoch, Loss, MSE, RMSE, MAE, MAPE: 26, 34998340.00, 34998339.33, 5796.18, 4374.25, 5.30%
- Epoch 027, ExpID 85884
Train - Loss: 13703157.30
Val - Loss, MSE, RMSE, MAE, MAPE: 24383124.00, 24383123.00, 4914.29, 3898.79, 5.00%
Test - Best epoch, Loss, MSE, RMSE, MAE, MAPE: 26, 34998340.00, 34998339.33, 5796.18, 4374.25, 5.30%
- Epoch 028, ExpID 85884
Train - Loss: 13763410.34
Val - Loss, MSE, RMSE, MAE, MAPE: 24218584.00, 24218584.33, 4888.68, 3846.11, 4.98%
Test - Best epoch, Loss, MSE, RMSE, MAE, MAPE: 28, 34595412.00, 34595410.67, 5761.43, 4329.25, 5.26%
- Epoch 029, ExpID 85884
Train - Loss: 13613293.08
Val - Loss, MSE, RMSE, MAE, MAPE: 23905216.00, 23905215.33, 4859.51, 3839.07, 4.95%
Test - Best epoch, Loss, MSE, RMSE, MAE, MAPE: 29, 34316304.00, 34316304.67, 5738.98, 4357.56, 5.26%
- Epoch 030, ExpID 85884
Train - Loss: 13741563.05
Val - Loss, MSE, RMSE, MAE, MAPE: 25516628.00, 25516627.00, 5013.63, 3957.38, 5.16%
Test - Best epoch, Loss, MSE, RMSE, MAE, MAPE: 29, 34316304.00, 34316304.67, 5738.98, 4357.56, 5.26%
- Epoch 031, ExpID 85884
Train - Loss: 13599650.32
Val - Loss, MSE, RMSE, MAE, MAPE: 23736278.00, 23736275.67, 4836.84, 3819.36, 4.95%
Test - Best epoch, Loss, MSE, RMSE, MAE, MAPE: 31, 34168356.00, 34168354.00, 5728.02, 4299.38, 5.22%
- Epoch 032, ExpID 85884
Train - Loss: 13448228.27
Val - Loss, MSE, RMSE, MAE, MAPE: 23423486.00, 23423485.00, 4810.16, 3844.27, 4.94%
Test - Best epoch, Loss, MSE, RMSE, MAE, MAPE: 32, 33845040.00, 33845037.33, 5695.19, 4328.88, 5.21%
- Epoch 033, ExpID 85884
Train - Loss: 13380115.65
Val - Loss, MSE, RMSE, MAE, MAPE: 24554116.00, 24554116.67, 4931.39, 3917.50, 4.99%
Test - Best epoch, Loss, MSE, RMSE, MAE, MAPE: 32, 33845040.00, 33845037.33, 5695.19, 4328.88, 5.21%
- Epoch 034, ExpID 85884
Train - Loss: 13219597.95
Val - Loss, MSE, RMSE, MAE, MAPE: 23378900.00, 23378898.33, 4806.66, 3807.85, 4.88%
Test - Best epoch, Loss, MSE, RMSE, MAE, MAPE: 34, 33932368.00, 33932365.33, 5712.07, 4311.07, 5.17%
- Epoch 035, ExpID 85884
Train - Loss: 13199691.52
Val - Loss, MSE, RMSE, MAE, MAPE: 23090088.00, 23090087.33, 4773.32, 3778.73, 4.84%
Test - Best epoch, Loss, MSE, RMSE, MAE, MAPE: 35, 33340488.00, 33340489.33, 5652.97, 4279.13, 5.13%
- Epoch 036, ExpID 85884
Train - Loss: 12997069.59
Val - Loss, MSE, RMSE, MAE, MAPE: 22728158.00, 22728156.33, 4731.84, 3717.64, 4.78%
Test - Best epoch, Loss, MSE, RMSE, MAE, MAPE: 36, 32586112.00, 32586113.00, 5595.59, 4179.50, 5.03%
- Epoch 037, ExpID 85884
Train - Loss: 13100157.14
Val - Loss, MSE, RMSE, MAE, MAPE: 22426592.00, 22426593.00, 4703.79, 3732.43, 4.78%
Test - Best epoch, Loss, MSE, RMSE, MAE, MAPE: 37, 32208992.00, 32208991.00, 5556.75, 4194.24, 5.02%
- Epoch 038, ExpID 85884
Train - Loss: 12672594.93
Val - Loss, MSE, RMSE, MAE, MAPE: 22345668.00, 22345666.67, 4693.55, 3694.53, 4.73%
Test - Best epoch, Loss, MSE, RMSE, MAE, MAPE: 38, 32001422.00, 32001423.33, 5538.98, 4163.42, 4.98%
- Epoch 039, ExpID 85884
Train - Loss: 12592704.92
Val - Loss, MSE, RMSE, MAE, MAPE: 22101070.00, 22101069.00, 4670.17, 3707.14, 4.73%
Test - Best epoch, Loss, MSE, RMSE, MAE, MAPE: 39, 32223438.00, 32223438.00, 5544.77, 4177.57, 4.97%
- Epoch 040, ExpID 85884
Train - Loss: 12452340.15
Val - Loss, MSE, RMSE, MAE, MAPE: 21796556.00, 21796556.33, 4634.58, 3629.85, 4.64%
Test - Best epoch, Loss, MSE, RMSE, MAE, MAPE: 40, 31303390.00, 31303390.67, 5474.08, 4129.11, 4.93%
- Epoch 041, ExpID 85884
Train - Loss: 12417898.87
Val - Loss, MSE, RMSE, MAE, MAPE: 20638876.00, 20638876.00, 4499.57, 3536.91, 4.56%
Test - Best epoch, Loss, MSE, RMSE, MAE, MAPE: 41, 30334736.00, 30334735.33, 5362.70, 3928.24, 4.74%
- Epoch 042, ExpID 85884
Train - Loss: 12116864.48
Val - Loss, MSE, RMSE, MAE, MAPE: 20144954.00, 20144953.00, 4446.35, 3471.31, 4.45%
Test - Best epoch, Loss, MSE, RMSE, MAE, MAPE: 42, 29789472.00, 29789470.67, 5305.65, 3907.66, 4.68%
- Epoch 043, ExpID 85884
Train - Loss: 12024118.47
Val - Loss, MSE, RMSE, MAE, MAPE: 19973820.00, 19973817.50, 4425.93, 3448.66, 4.42%
Test - Best epoch, Loss, MSE, RMSE, MAE, MAPE: 43, 30026112.00, 30026112.00, 5320.01, 3873.96, 4.64%
- Epoch 044, ExpID 85884
Train - Loss: 11969826.81
Val - Loss, MSE, RMSE, MAE, MAPE: 20153088.00, 20153089.83, 4440.60, 3466.95, 4.48%
Test - Best epoch, Loss, MSE, RMSE, MAE, MAPE: 43, 30026112.00, 30026112.00, 5320.01, 3873.96, 4.64%
- Epoch 045, ExpID 85884
Train - Loss: 11919105.25
Val - Loss, MSE, RMSE, MAE, MAPE: 19789006.00, 19789004.33, 4405.17, 3430.53, 4.40%
Test - Best epoch, Loss, MSE, RMSE, MAE, MAPE: 45, 29643868.00, 29643869.00, 5281.63, 3862.53, 4.63%
- Epoch 046, ExpID 85884
Train - Loss: 11850375.61
Val - Loss, MSE, RMSE, MAE, MAPE: 19843740.00, 19843737.50, 4409.48, 3431.45, 4.40%
Test - Best epoch, Loss, MSE, RMSE, MAE, MAPE: 45, 29643868.00, 29643869.00, 5281.63, 3862.53, 4.63%
- Epoch 047, ExpID 85884
Train - Loss: 11798762.30
Val - Loss, MSE, RMSE, MAE, MAPE: 20017106.00, 20017103.50, 4432.58, 3432.19, 4.39%
Test - Best epoch, Loss, MSE, RMSE, MAE, MAPE: 45, 29643868.00, 29643869.00, 5281.63, 3862.53, 4.63%
- Epoch 048, ExpID 85884
Train - Loss: 11873343.63
Val - Loss, MSE, RMSE, MAE, MAPE: 20825472.00, 20825472.67, 4507.99, 3518.66, 4.57%
Test - Best epoch, Loss, MSE, RMSE, MAE, MAPE: 45, 29643868.00, 29643869.00, 5281.63, 3862.53, 4.63%
- Epoch 049, ExpID 85884
Train - Loss: 11868840.86
Val - Loss, MSE, RMSE, MAE, MAPE: 19535446.00, 19535445.83, 4379.58, 3422.38, 4.38%
Test - Best epoch, Loss, MSE, RMSE, MAE, MAPE: 49, 29651604.00, 29651601.83, 5272.98, 3872.72, 4.63%
- Epoch 050, ExpID 85884
Train - Loss: 11703396.87
Val - Loss, MSE, RMSE, MAE, MAPE: 19962658.00, 19962657.17, 4415.57, 3445.56, 4.45%
Test - Best epoch, Loss, MSE, RMSE, MAE, MAPE: 49, 29651604.00, 29651601.83, 5272.98, 3872.72, 4.63%
- Epoch 051, ExpID 85884
Train - Loss: 11667174.86
Val - Loss, MSE, RMSE, MAE, MAPE: 19507604.00, 19507601.50, 4371.55, 3425.10, 4.41%
Test - Best epoch, Loss, MSE, RMSE, MAE, MAPE: 51, 30228478.00, 30228479.33, 5322.58, 3831.42, 4.61%
- Epoch 052, ExpID 85884
Train - Loss: 11600239.18
Val - Loss, MSE, RMSE, MAE, MAPE: 19312774.00, 19312772.67, 4352.12, 3383.36, 4.33%
Test - Best epoch, Loss, MSE, RMSE, MAE, MAPE: 52, 29637240.00, 29637239.83, 5261.70, 3824.95, 4.57%
- Epoch 053, ExpID 85884
Train - Loss: 11510003.67
Val - Loss, MSE, RMSE, MAE, MAPE: 19795796.00, 19795795.17, 4414.12, 3433.41, 4.37%
Test - Best epoch, Loss, MSE, RMSE, MAE, MAPE: 52, 29637240.00, 29637239.83, 5261.70, 3824.95, 4.57%
- Epoch 054, ExpID 85884
Train - Loss: 11480714.76
Val - Loss, MSE, RMSE, MAE, MAPE: 19828988.00, 19828987.33, 4420.36, 3430.00, 4.36%
Test - Best epoch, Loss, MSE, RMSE, MAE, MAPE: 52, 29637240.00, 29637239.83, 5261.70, 3824.95, 4.57%
- Epoch 055, ExpID 85884
Train - Loss: 11458098.75
Val - Loss, MSE, RMSE, MAE, MAPE: 19517510.00, 19517509.50, 4367.26, 3409.53, 4.40%
Test - Best epoch, Loss, MSE, RMSE, MAE, MAPE: 52, 29637240.00, 29637239.83, 5261.70, 3824.95, 4.57%
- Epoch 056, ExpID 85884
Train - Loss: 11435035.72
Val - Loss, MSE, RMSE, MAE, MAPE: 19293918.00, 19293916.67, 4343.55, 3398.58, 4.39%
Test - Best epoch, Loss, MSE, RMSE, MAE, MAPE: 56, 29581832.00, 29581833.00, 5266.54, 3810.88, 4.60%
- Epoch 057, ExpID 85884
Train - Loss: 11408481.16
Val - Loss, MSE, RMSE, MAE, MAPE: 18951726.00, 18951726.83, 4307.42, 3363.19, 4.32%
Test - Best epoch, Loss, MSE, RMSE, MAE, MAPE: 57, 28743536.00, 28743536.00, 5176.92, 3749.92, 4.51%
- Epoch 058, ExpID 85884
Train - Loss: 11219906.79
Val - Loss, MSE, RMSE, MAE, MAPE: 18556280.00, 18556279.83, 4272.26, 3294.25, 4.20%
Test - Best epoch, Loss, MSE, RMSE, MAE, MAPE: 58, 29180284.00, 29180284.17, 5217.54, 3801.16, 4.52%
- Epoch 059, ExpID 85884
Train - Loss: 11168277.41
Val - Loss, MSE, RMSE, MAE, MAPE: 18615830.00, 18615829.83, 4277.32, 3311.73, 4.23%
Test - Best epoch, Loss, MSE, RMSE, MAE, MAPE: 58, 29180284.00, 29180284.17, 5217.54, 3801.16, 4.52%
- Epoch 060, ExpID 85884
Train - Loss: 11127646.94
Val - Loss, MSE, RMSE, MAE, MAPE: 18782524.00, 18782524.33, 4284.45, 3362.69, 4.34%
Test - Best epoch, Loss, MSE, RMSE, MAE, MAPE: 58, 29180284.00, 29180284.17, 5217.54, 3801.16, 4.52%
- Epoch 061, ExpID 85884
Train - Loss: 11060776.65
Val - Loss, MSE, RMSE, MAE, MAPE: 18336060.00, 18336060.00, 4244.57, 3247.51, 4.13%
Test - Best epoch, Loss, MSE, RMSE, MAE, MAPE: 61, 29510524.00, 29510524.00, 5245.17, 3795.82, 4.51%
- Epoch 062, ExpID 85884
Train - Loss: 10908337.10
Val - Loss, MSE, RMSE, MAE, MAPE: 18378336.00, 18378334.50, 4240.53, 3300.85, 4.24%
Test - Best epoch, Loss, MSE, RMSE, MAE, MAPE: 61, 29510524.00, 29510524.00, 5245.17, 3795.82, 4.51%
- Epoch 063, ExpID 85884
Train - Loss: 10875549.48
Val - Loss, MSE, RMSE, MAE, MAPE: 18152124.00, 18152123.17, 4218.13, 3246.41, 4.15%
Test - Best epoch, Loss, MSE, RMSE, MAE, MAPE: 63, 28646336.00, 28646335.17, 5176.01, 3762.53, 4.51%
- Epoch 064, ExpID 85884
Train - Loss: 10817109.11
Val - Loss, MSE, RMSE, MAE, MAPE: 18203236.00, 18203234.83, 4215.98, 3278.79, 4.22%
Test - Best epoch, Loss, MSE, RMSE, MAE, MAPE: 63, 28646336.00, 28646335.17, 5176.01, 3762.53, 4.51%
- Epoch 065, ExpID 85884
Train - Loss: 10744170.14
Val - Loss, MSE, RMSE, MAE, MAPE: 17840948.00, 17840947.83, 4176.67, 3215.57, 4.12%
Test - Best epoch, Loss, MSE, RMSE, MAE, MAPE: 65, 28580336.00, 28580335.50, 5156.01, 3735.71, 4.49%
- Epoch 066, ExpID 85884
Train - Loss: 10661364.27
Val - Loss, MSE, RMSE, MAE, MAPE: 17732864.00, 17732863.67, 4160.02, 3196.47, 4.10%
Test - Best epoch, Loss, MSE, RMSE, MAE, MAPE: 66, 28041392.00, 28041392.00, 5111.47, 3672.45, 4.41%
- Epoch 067, ExpID 85884
Train - Loss: 10585972.22
Val - Loss, MSE, RMSE, MAE, MAPE: 17346826.00, 17346826.83, 4121.38, 3169.21, 4.05%
Test - Best epoch, Loss, MSE, RMSE, MAE, MAPE: 67, 28652046.00, 28652044.33, 5162.36, 3752.86, 4.50%
- Epoch 068, ExpID 85884
Train - Loss: 10586075.63
Val - Loss, MSE, RMSE, MAE, MAPE: 17617528.00, 17617526.67, 4148.41, 3191.51, 4.09%
Test - Best epoch, Loss, MSE, RMSE, MAE, MAPE: 67, 28652046.00, 28652044.33, 5162.36, 3752.86, 4.50%
- Epoch 069, ExpID 85884
Train - Loss: 10455807.98
Val - Loss, MSE, RMSE, MAE, MAPE: 17103756.00, 17103756.17, 4085.58, 3152.62, 4.03%
Test - Best epoch, Loss, MSE, RMSE, MAE, MAPE: 69, 28258928.00, 28258926.50, 5117.14, 3687.11, 4.42%
- Epoch 070, ExpID 85884
Train - Loss: 10435798.44
Val - Loss, MSE, RMSE, MAE, MAPE: 17016126.00, 17016126.00, 4070.80, 3128.79, 4.01%
Test - Best epoch, Loss, MSE, RMSE, MAE, MAPE: 70, 27843908.00, 27843906.33, 5093.46, 3640.44, 4.38%
- Epoch 071, ExpID 85884
Train - Loss: 10254923.88
Val - Loss, MSE, RMSE, MAE, MAPE: 16663498.00, 16663498.00, 4033.77, 3149.76, 4.04%
Test - Best epoch, Loss, MSE, RMSE, MAE, MAPE: 71, 28745292.00, 28745291.50, 5164.41, 3683.43, 4.43%
- Epoch 072, ExpID 85884
Train - Loss: 10140492.03
Val - Loss, MSE, RMSE, MAE, MAPE: 16693108.00, 16693107.33, 4037.24, 3086.33, 3.93%
Test - Best epoch, Loss, MSE, RMSE, MAE, MAPE: 71, 28745292.00, 28745291.50, 5164.41, 3683.43, 4.43%
- Epoch 073, ExpID 85884
Train - Loss: 10129790.48
Val - Loss, MSE, RMSE, MAE, MAPE: 16817352.00, 16817352.67, 4044.04, 3101.37, 3.96%
Test - Best epoch, Loss, MSE, RMSE, MAE, MAPE: 71, 28745292.00, 28745291.50, 5164.41, 3683.43, 4.43%
- Epoch 074, ExpID 85884
Train - Loss: 10082483.93
Val - Loss, MSE, RMSE, MAE, MAPE: 16849496.00, 16849495.17, 4049.51, 3110.08, 3.99%
Test - Best epoch, Loss, MSE, RMSE, MAE, MAPE: 71, 28745292.00, 28745291.50, 5164.41, 3683.43, 4.43%
- Epoch 075, ExpID 85884
Train - Loss: 9917343.35
Val - Loss, MSE, RMSE, MAE, MAPE: 16554923.00, 16554922.67, 4018.54, 3096.88, 3.97%
Test - Best epoch, Loss, MSE, RMSE, MAE, MAPE: 75, 29149574.00, 29149572.67, 5191.11, 3792.44, 4.56%
- Epoch 076, ExpID 85884
Train - Loss: 9774803.73
Val - Loss, MSE, RMSE, MAE, MAPE: 16282684.00, 16282683.33, 3990.42, 3055.05, 3.90%
Test - Best epoch, Loss, MSE, RMSE, MAE, MAPE: 76, 29210836.00, 29210833.33, 5182.59, 3792.40, 4.54%
- Epoch 077, ExpID 85884
Train - Loss: 9695077.22
Val - Loss, MSE, RMSE, MAE, MAPE: 15926506.00, 15926504.33, 3938.27, 3024.27, 3.85%
Test - Best epoch, Loss, MSE, RMSE, MAE, MAPE: 77, 28474752.00, 28474753.50, 5129.00, 3684.23, 4.42%
- Epoch 078, ExpID 85884
Train - Loss: 9628996.32
Val - Loss, MSE, RMSE, MAE, MAPE: 15940851.00, 15940850.83, 3935.91, 3028.10, 3.87%
Test - Best epoch, Loss, MSE, RMSE, MAE, MAPE: 77, 28474752.00, 28474753.50, 5129.00, 3684.23, 4.42%
- Epoch 079, ExpID 85884
Train - Loss: 9955482.47
Val - Loss, MSE, RMSE, MAE, MAPE: 17136976.00, 17136976.17, 4073.84, 3092.56, 3.94%
Test - Best epoch, Loss, MSE, RMSE, MAE, MAPE: 77, 28474752.00, 28474753.50, 5129.00, 3684.23, 4.42%
- Epoch 080, ExpID 85884
Train - Loss: 10093062.61
Val - Loss, MSE, RMSE, MAE, MAPE: 16500080.00, 16500079.17, 4019.44, 3084.39, 3.93%
Test - Best epoch, Loss, MSE, RMSE, MAE, MAPE: 77, 28474752.00, 28474753.50, 5129.00, 3684.23, 4.42%
- Epoch 081, ExpID 85884
Train - Loss: 9678488.87
Val - Loss, MSE, RMSE, MAE, MAPE: 15574278.00, 15574277.67, 3902.65, 2993.95, 3.81%
Test - Best epoch, Loss, MSE, RMSE, MAE, MAPE: 81, 27663414.00, 27663412.00, 5081.89, 3679.74, 4.40%
- Epoch 082, ExpID 85884
Train - Loss: 9553547.84
Val - Loss, MSE, RMSE, MAE, MAPE: 15725099.00, 15725099.33, 3902.00, 2997.90, 3.84%
Test - Best epoch, Loss, MSE, RMSE, MAE, MAPE: 81, 27663414.00, 27663412.00, 5081.89, 3679.74, 4.40%
- Epoch 083, ExpID 85884
Train - Loss: 9462205.72
Val - Loss, MSE, RMSE, MAE, MAPE: 16326214.00, 16326213.67, 4000.10, 3063.52, 3.90%
Test - Best epoch, Loss, MSE, RMSE, MAE, MAPE: 81, 27663414.00, 27663412.00, 5081.89, 3679.74, 4.40%
- Epoch 084, ExpID 85884
Train - Loss: 9533901.93
Val - Loss, MSE, RMSE, MAE, MAPE: 15680738.00, 15680737.67, 3904.60, 3004.32, 3.84%
Test - Best epoch, Loss, MSE, RMSE, MAE, MAPE: 81, 27663414.00, 27663412.00, 5081.89, 3679.74, 4.40%
- Epoch 085, ExpID 85884
Train - Loss: 9224533.22
Val - Loss, MSE, RMSE, MAE, MAPE: 15089899.00, 15089898.17, 3841.41, 2935.18, 3.72%
Test - Best epoch, Loss, MSE, RMSE, MAE, MAPE: 85, 27522878.00, 27522877.00, 5063.50, 3657.31, 4.36%
- Epoch 086, ExpID 85884
Train - Loss: 9185535.99
Val - Loss, MSE, RMSE, MAE, MAPE: 15758922.00, 15758919.50, 3915.87, 3001.99, 3.83%
Test - Best epoch, Loss, MSE, RMSE, MAE, MAPE: 85, 27522878.00, 27522877.00, 5063.50, 3657.31, 4.36%
- Epoch 087, ExpID 85884
Train - Loss: 8988431.53
Val - Loss, MSE, RMSE, MAE, MAPE: 15364699.00, 15364698.67, 3878.85, 2963.55, 3.77%
Test - Best epoch, Loss, MSE, RMSE, MAE, MAPE: 85, 27522878.00, 27522877.00, 5063.50, 3657.31, 4.36%
- Epoch 088, ExpID 85884
Train - Loss: 8934237.40
Val - Loss, MSE, RMSE, MAE, MAPE: 14816774.00, 14816773.00, 3789.05, 2897.68, 3.70%
Test - Best epoch, Loss, MSE, RMSE, MAE, MAPE: 88, 28257908.00, 28257905.50, 5126.75, 3636.71, 4.38%
- Epoch 089, ExpID 85884
Train - Loss: 8951338.22
Val - Loss, MSE, RMSE, MAE, MAPE: 14963638.00, 14963638.00, 3820.13, 2907.38, 3.69%
Test - Best epoch, Loss, MSE, RMSE, MAE, MAPE: 88, 28257908.00, 28257905.50, 5126.75, 3636.71, 4.38%
- Epoch 090, ExpID 85884
Train - Loss: 8733386.38
Val - Loss, MSE, RMSE, MAE, MAPE: 15132362.00, 15132362.50, 3833.56, 2918.74, 3.73%
Test - Best epoch, Loss, MSE, RMSE, MAE, MAPE: 88, 28257908.00, 28257905.50, 5126.75, 3636.71, 4.38%
- Epoch 091, ExpID 85884
Train - Loss: 8723937.54
Val - Loss, MSE, RMSE, MAE, MAPE: 14652367.00, 14652366.50, 3776.69, 2862.13, 3.64%
Test - Best epoch, Loss, MSE, RMSE, MAE, MAPE: 91, 27723404.00, 27723401.67, 5073.40, 3622.71, 4.34%
- Epoch 092, ExpID 85884
Train - Loss: 8725310.42
Val - Loss, MSE, RMSE, MAE, MAPE: 15211779.00, 15211778.83, 3851.04, 2927.41, 3.72%
Test - Best epoch, Loss, MSE, RMSE, MAE, MAPE: 91, 27723404.00, 27723401.67, 5073.40, 3622.71, 4.34%
- Epoch 093, ExpID 85884
Train - Loss: 8646502.95
Val - Loss, MSE, RMSE, MAE, MAPE: 14297823.00, 14297822.33, 3726.27, 2811.62, 3.57%
Test - Best epoch, Loss, MSE, RMSE, MAE, MAPE: 93, 28391840.00, 28391839.00, 5138.58, 3626.69, 4.36%
- Epoch 094, ExpID 85884
Train - Loss: 8808879.86
Val - Loss, MSE, RMSE, MAE, MAPE: 14740250.00, 14740250.00, 3794.55, 2857.89, 3.61%
Test - Best epoch, Loss, MSE, RMSE, MAE, MAPE: 93, 28391840.00, 28391839.00, 5138.58, 3626.69, 4.36%
- Epoch 095, ExpID 85884
Train - Loss: 8490924.77
Val - Loss, MSE, RMSE, MAE, MAPE: 14693392.00, 14693392.00, 3787.93, 2853.21, 3.62%
Test - Best epoch, Loss, MSE, RMSE, MAE, MAPE: 93, 28391840.00, 28391839.00, 5138.58, 3626.69, 4.36%
- Epoch 096, ExpID 85884
Train - Loss: 8511722.79
Val - Loss, MSE, RMSE, MAE, MAPE: 14329235.00, 14329235.50, 3733.38, 2781.12, 3.52%
Test - Best epoch, Loss, MSE, RMSE, MAE, MAPE: 93, 28391840.00, 28391839.00, 5138.58, 3626.69, 4.36%
- Epoch 097, ExpID 85884
Train - Loss: 8408405.54
Val - Loss, MSE, RMSE, MAE, MAPE: 14224960.00, 14224959.33, 3715.86, 2786.88, 3.54%
Test - Best epoch, Loss, MSE, RMSE, MAE, MAPE: 97, 26552150.00, 26552148.83, 4984.30, 3574.10, 4.29%
- Epoch 098, ExpID 85884
Train - Loss: 8588700.77
Val - Loss, MSE, RMSE, MAE, MAPE: 14295168.00, 14295167.83, 3717.42, 2839.84, 3.64%
Test - Best epoch, Loss, MSE, RMSE, MAE, MAPE: 97, 26552150.00, 26552148.83, 4984.30, 3574.10, 4.29%
- Epoch 099, ExpID 85884
Train - Loss: 8262737.56
Val - Loss, MSE, RMSE, MAE, MAPE: 14468974.00, 14468972.83, 3767.91, 2861.10, 3.61%
Test - Best epoch, Loss, MSE, RMSE, MAE, MAPE: 97, 26552150.00, 26552148.83, 4984.30, 3574.10, 4.29%
- Epoch 100, ExpID 85884
Train - Loss: 9461287.42
Val - Loss, MSE, RMSE, MAE, MAPE: 14764015.00, 14764013.83, 3772.02, 2845.29, 3.63%
Test - Best epoch, Loss, MSE, RMSE, MAE, MAPE: 97, 26552150.00, 26552148.83, 4984.30, 3574.10, 4.29%
- Epoch 101, ExpID 85884
Train - Loss: 8452708.09
Val - Loss, MSE, RMSE, MAE, MAPE: 14632700.00, 14632699.17, 3771.63, 2811.06, 3.56%
Test - Best epoch, Loss, MSE, RMSE, MAE, MAPE: 97, 26552150.00, 26552148.83, 4984.30, 3574.10, 4.29%
- Epoch 102, ExpID 85884
Train - Loss: 8268595.67
Val - Loss, MSE, RMSE, MAE, MAPE: 13786479.00, 13786479.00, 3655.36, 2711.86, 3.44%
Test - Best epoch, Loss, MSE, RMSE, MAE, MAPE: 102, 26768246.00, 26768246.33, 4998.89, 3577.38, 4.28%
- Epoch 103, ExpID 85884
Train - Loss: 8165837.44
Val - Loss, MSE, RMSE, MAE, MAPE: 13776490.00, 13776488.50, 3650.69, 2737.36, 3.49%
Test - Best epoch, Loss, MSE, RMSE, MAE, MAPE: 103, 28007216.00, 28007215.83, 5101.61, 3647.12, 4.39%
- Epoch 104, ExpID 85884
Train - Loss: 8150799.58
Val - Loss, MSE, RMSE, MAE, MAPE: 13539652.00, 13539651.67, 3624.20, 2698.10, 3.42%
Test - Best epoch, Loss, MSE, RMSE, MAE, MAPE: 104, 27135838.00, 27135837.50, 5028.71, 3572.51, 4.27%
- Epoch 105, ExpID 85884
Train - Loss: 8283052.56
Val - Loss, MSE, RMSE, MAE, MAPE: 14129223.00, 14129222.83, 3706.68, 2780.34, 3.52%
Test - Best epoch, Loss, MSE, RMSE, MAE, MAPE: 104, 27135838.00, 27135837.50, 5028.71, 3572.51, 4.27%
- Epoch 106, ExpID 85884
Train - Loss: 8049117.39
Val - Loss, MSE, RMSE, MAE, MAPE: 13935563.00, 13935562.17, 3676.80, 2707.36, 3.42%
Test - Best epoch, Loss, MSE, RMSE, MAE, MAPE: 104, 27135838.00, 27135837.50, 5028.71, 3572.51, 4.27%
- Epoch 107, ExpID 85884
Train - Loss: 8025254.13
Val - Loss, MSE, RMSE, MAE, MAPE: 13774926.00, 13774925.33, 3658.11, 2719.88, 3.44%
Test - Best epoch, Loss, MSE, RMSE, MAE, MAPE: 104, 27135838.00, 27135837.50, 5028.71, 3572.51, 4.27%
- Epoch 108, ExpID 85884
Train - Loss: 8743941.32
Val - Loss, MSE, RMSE, MAE, MAPE: 13908240.00, 13908239.67, 3671.49, 2745.56, 3.49%
Test - Best epoch, Loss, MSE, RMSE, MAE, MAPE: 104, 27135838.00, 27135837.50, 5028.71, 3572.51, 4.27%
- Epoch 109, ExpID 85884
Train - Loss: 8548389.07
Val - Loss, MSE, RMSE, MAE, MAPE: 14779920.00, 14779920.33, 3789.45, 2813.48, 3.55%
Test - Best epoch, Loss, MSE, RMSE, MAE, MAPE: 104, 27135838.00, 27135837.50, 5028.71, 3572.51, 4.27%
- Epoch 110, ExpID 85884
Train - Loss: 8924097.20
Val - Loss, MSE, RMSE, MAE, MAPE: 13790455.00, 13790453.83, 3660.10, 2744.11, 3.48%
Test - Best epoch, Loss, MSE, RMSE, MAE, MAPE: 104, 27135838.00, 27135837.50, 5028.71, 3572.51, 4.27%
- Epoch 111, ExpID 85884
Train - Loss: 8664696.18
Val - Loss, MSE, RMSE, MAE, MAPE: 14326426.00, 14326426.42, 3729.94, 2802.72, 3.57%
Test - Best epoch, Loss, MSE, RMSE, MAE, MAPE: 104, 27135838.00, 27135837.50, 5028.71, 3572.51, 4.27%
- Epoch 112, ExpID 85884
Train - Loss: 8407970.37
Val - Loss, MSE, RMSE, MAE, MAPE: 13987912.00, 13987912.33, 3684.85, 2736.28, 3.47%
Test - Best epoch, Loss, MSE, RMSE, MAE, MAPE: 104, 27135838.00, 27135837.50, 5028.71, 3572.51, 4.27%
- Epoch 113, ExpID 85884
Train - Loss: 8188182.21
Val - Loss, MSE, RMSE, MAE, MAPE: 13710490.00, 13710490.08, 3642.26, 2710.26, 3.45%
Test - Best epoch, Loss, MSE, RMSE, MAE, MAPE: 104, 27135838.00, 27135837.50, 5028.71, 3572.51, 4.27%
- Epoch 114, ExpID 85884
Train - Loss: 8081929.66
Val - Loss, MSE, RMSE, MAE, MAPE: 13566328.00, 13566328.08, 3626.30, 2681.73, 3.42%
Test - Best epoch, Loss, MSE, RMSE, MAE, MAPE: 104, 27135838.00, 27135837.50, 5028.71, 3572.51, 4.27%
Early Stopping at Epoch 114
Fold 2017 Best RMSE: 5028.7084

-------------------- [Fold: 2018] ExpID: 23965 --------------------
- Epoch 000, ExpID 23965
Train - Loss: 33224990.47
Val - Loss, MSE, RMSE, MAE, MAPE: 86709824.00, 86709826.67, 9170.30, 7451.99, 8.97%
Test - Best epoch, Loss, MSE, RMSE, MAE, MAPE: 0, 61764704.00, 61764706.67, 7821.05, 6322.41, 6.85%
- Epoch 001, ExpID 23965
Train - Loss: 27999843.00
Val - Loss, MSE, RMSE, MAE, MAPE: 78480992.00, 78480990.00, 8598.50, 6629.24, 8.05%
Test - Best epoch, Loss, MSE, RMSE, MAE, MAPE: 1, 54263312.00, 54263314.00, 7352.14, 5898.70, 6.38%
- Epoch 002, ExpID 23965
Train - Loss: 24122198.32
Val - Loss, MSE, RMSE, MAE, MAPE: 75131064.00, 75131057.33, 8330.83, 6325.38, 7.65%
Test - Best epoch, Loss, MSE, RMSE, MAE, MAPE: 2, 53855632.00, 53855632.00, 7311.40, 5790.98, 6.23%
- Epoch 003, ExpID 23965
Train - Loss: 22972916.36
Val - Loss, MSE, RMSE, MAE, MAPE: 69150592.00, 69150596.00, 7948.43, 5857.89, 7.16%
Test - Best epoch, Loss, MSE, RMSE, MAE, MAPE: 3, 52812768.00, 52812766.67, 7217.53, 5630.19, 6.12%
- Epoch 004, ExpID 23965
Train - Loss: 22474985.41
Val - Loss, MSE, RMSE, MAE, MAPE: 65200396.00, 65200398.00, 7777.64, 5822.27, 7.03%
Test - Best epoch, Loss, MSE, RMSE, MAE, MAPE: 4, 52433072.00, 52433071.33, 7179.80, 5646.74, 6.09%
- Epoch 005, ExpID 23965
Train - Loss: 22003156.25
Val - Loss, MSE, RMSE, MAE, MAPE: 63447692.00, 63447691.67, 7623.64, 5564.19, 6.80%
Test - Best epoch, Loss, MSE, RMSE, MAE, MAPE: 5, 53038080.00, 53038077.33, 7203.79, 5564.35, 6.05%
- Epoch 006, ExpID 23965
Train - Loss: 21534334.80
Val - Loss, MSE, RMSE, MAE, MAPE: 59824416.00, 59824415.33, 7448.08, 5512.53, 6.69%
Test - Best epoch, Loss, MSE, RMSE, MAE, MAPE: 6, 51857432.00, 51857428.67, 7119.30, 5533.30, 5.99%
- Epoch 007, ExpID 23965
Train - Loss: 21410110.92
Val - Loss, MSE, RMSE, MAE, MAPE: 57906472.00, 57906469.67, 7346.04, 5437.60, 6.62%
Test - Best epoch, Loss, MSE, RMSE, MAE, MAPE: 7, 51177176.00, 51177174.67, 7074.81, 5499.72, 5.98%
- Epoch 008, ExpID 23965
Train - Loss: 21074191.86
Val - Loss, MSE, RMSE, MAE, MAPE: 55825296.00, 55825299.33, 7237.67, 5393.19, 6.54%
Test - Best epoch, Loss, MSE, RMSE, MAE, MAPE: 8, 50723064.00, 50723064.00, 7041.91, 5495.21, 5.96%
- Epoch 009, ExpID 23965
Train - Loss: 20885969.26
Val - Loss, MSE, RMSE, MAE, MAPE: 54868520.00, 54868519.33, 7195.05, 5441.24, 6.54%
Test - Best epoch, Loss, MSE, RMSE, MAE, MAPE: 9, 51030956.00, 51030957.33, 7060.10, 5538.62, 5.97%
- Epoch 010, ExpID 23965
Train - Loss: 20805809.82
Val - Loss, MSE, RMSE, MAE, MAPE: 53132736.00, 53132737.00, 7093.26, 5354.04, 6.45%
Test - Best epoch, Loss, MSE, RMSE, MAE, MAPE: 10, 50088064.00, 50088065.33, 7000.12, 5497.05, 5.94%
- Epoch 011, ExpID 23965
Train - Loss: 20697796.24
Val - Loss, MSE, RMSE, MAE, MAPE: 51965440.00, 51965441.33, 7024.70, 5275.95, 6.41%
Test - Best epoch, Loss, MSE, RMSE, MAE, MAPE: 11, 49172876.00, 49172870.00, 6946.74, 5447.71, 5.93%
- Epoch 012, ExpID 23965
Train - Loss: 20471534.94
Val - Loss, MSE, RMSE, MAE, MAPE: 50602304.00, 50602299.33, 6941.09, 5256.85, 6.34%
Test - Best epoch, Loss, MSE, RMSE, MAE, MAPE: 12, 49242928.00, 49242930.67, 6946.85, 5467.91, 5.92%
- Epoch 013, ExpID 23965
Train - Loss: 20206880.58
Val - Loss, MSE, RMSE, MAE, MAPE: 49015224.00, 49015217.67, 6856.36, 5227.73, 6.30%
Test - Best epoch, Loss, MSE, RMSE, MAE, MAPE: 13, 47697404.00, 47697402.67, 6848.90, 5413.96, 5.87%
- Epoch 014, ExpID 23965
Train - Loss: 20139750.11
Val - Loss, MSE, RMSE, MAE, MAPE: 47405272.00, 47405270.00, 6744.92, 5122.65, 6.20%
Test - Best epoch, Loss, MSE, RMSE, MAE, MAPE: 14, 46652172.00, 46652172.00, 6777.75, 5356.23, 5.82%
- Epoch 015, ExpID 23965
Train - Loss: 19428528.26
Val - Loss, MSE, RMSE, MAE, MAPE: 44720644.00, 44720644.67, 6554.85, 4935.53, 5.99%
Test - Best epoch, Loss, MSE, RMSE, MAE, MAPE: 15, 44467584.00, 44467586.00, 6620.97, 5230.10, 5.69%
- Epoch 016, ExpID 23965
Train - Loss: 18071048.62
Val - Loss, MSE, RMSE, MAE, MAPE: 39549328.00, 39549324.67, 6170.16, 4657.64, 5.63%
Test - Best epoch, Loss, MSE, RMSE, MAE, MAPE: 16, 37736760.00, 37736756.00, 6109.14, 4850.78, 5.27%
- Epoch 017, ExpID 23965
Train - Loss: 16217242.16
Val - Loss, MSE, RMSE, MAE, MAPE: 36816264.00, 36816261.00, 5946.99, 4427.76, 5.41%
Test - Best epoch, Loss, MSE, RMSE, MAE, MAPE: 17, 30019508.00, 30019505.00, 5461.40, 4271.79, 4.69%
- Epoch 018, ExpID 23965
Train - Loss: 15284458.35
Val - Loss, MSE, RMSE, MAE, MAPE: 37365564.00, 37365559.33, 5990.96, 4630.53, 5.50%
Test - Best epoch, Loss, MSE, RMSE, MAE, MAPE: 17, 30019508.00, 30019505.00, 5461.40, 4271.79, 4.69%
- Epoch 019, ExpID 23965
Train - Loss: 15132410.24
Val - Loss, MSE, RMSE, MAE, MAPE: 35566024.00, 35566024.33, 5841.18, 4383.14, 5.33%
Test - Best epoch, Loss, MSE, RMSE, MAE, MAPE: 19, 28172916.00, 28172916.00, 5292.32, 4188.79, 4.58%
- Epoch 020, ExpID 23965
Train - Loss: 14880206.89
Val - Loss, MSE, RMSE, MAE, MAPE: 35144340.00, 35144338.00, 5802.06, 4373.59, 5.29%
Test - Best epoch, Loss, MSE, RMSE, MAE, MAPE: 20, 27793486.00, 27793484.67, 5254.50, 4182.20, 4.56%
- Epoch 021, ExpID 23965
Train - Loss: 14718799.52
Val - Loss, MSE, RMSE, MAE, MAPE: 35300392.00, 35300391.00, 5815.08, 4383.86, 5.31%
Test - Best epoch, Loss, MSE, RMSE, MAE, MAPE: 20, 27793486.00, 27793484.67, 5254.50, 4182.20, 4.56%
- Epoch 022, ExpID 23965
Train - Loss: 14735080.36
Val - Loss, MSE, RMSE, MAE, MAPE: 35818240.00, 35818238.33, 5865.95, 4430.24, 5.37%
Test - Best epoch, Loss, MSE, RMSE, MAE, MAPE: 20, 27793486.00, 27793484.67, 5254.50, 4182.20, 4.56%
- Epoch 023, ExpID 23965
Train - Loss: 14635031.37
Val - Loss, MSE, RMSE, MAE, MAPE: 34828424.00, 34828421.00, 5778.58, 4387.14, 5.30%
Test - Best epoch, Loss, MSE, RMSE, MAE, MAPE: 23, 27925348.00, 27925348.33, 5266.78, 4205.77, 4.58%
- Epoch 024, ExpID 23965
Train - Loss: 14615051.31
Val - Loss, MSE, RMSE, MAE, MAPE: 35578944.00, 35578943.67, 5843.11, 4494.80, 5.38%
Test - Best epoch, Loss, MSE, RMSE, MAE, MAPE: 23, 27925348.00, 27925348.33, 5266.78, 4205.77, 4.58%
- Epoch 025, ExpID 23965
Train - Loss: 14762538.42
Val - Loss, MSE, RMSE, MAE, MAPE: 39054280.00, 39054281.67, 6131.82, 4849.96, 5.72%
Test - Best epoch, Loss, MSE, RMSE, MAE, MAPE: 23, 27925348.00, 27925348.33, 5266.78, 4205.77, 4.58%
- Epoch 026, ExpID 23965
Train - Loss: 14696100.18
Val - Loss, MSE, RMSE, MAE, MAPE: 34936220.00, 34936218.67, 5788.08, 4373.45, 5.30%
Test - Best epoch, Loss, MSE, RMSE, MAE, MAPE: 23, 27925348.00, 27925348.33, 5266.78, 4205.77, 4.58%
- Epoch 027, ExpID 23965
Train - Loss: 14456893.44
Val - Loss, MSE, RMSE, MAE, MAPE: 36604448.00, 36604448.00, 5919.55, 4615.05, 5.48%
Test - Best epoch, Loss, MSE, RMSE, MAE, MAPE: 23, 27925348.00, 27925348.33, 5266.78, 4205.77, 4.58%
- Epoch 028, ExpID 23965
Train - Loss: 14365377.74
Val - Loss, MSE, RMSE, MAE, MAPE: 35393832.00, 35393828.67, 5822.32, 4489.02, 5.36%
Test - Best epoch, Loss, MSE, RMSE, MAE, MAPE: 23, 27925348.00, 27925348.33, 5266.78, 4205.77, 4.58%
- Epoch 029, ExpID 23965
Train - Loss: 14467000.96
Val - Loss, MSE, RMSE, MAE, MAPE: 36531452.00, 36531452.67, 5928.49, 4632.12, 5.50%
Test - Best epoch, Loss, MSE, RMSE, MAE, MAPE: 23, 27925348.00, 27925348.33, 5266.78, 4205.77, 4.58%
- Epoch 030, ExpID 23965
Train - Loss: 14371639.42
Val - Loss, MSE, RMSE, MAE, MAPE: 34669472.00, 34669473.67, 5771.85, 4382.57, 5.29%
Test - Best epoch, Loss, MSE, RMSE, MAE, MAPE: 30, 27174630.00, 27174631.33, 5193.30, 4115.14, 4.48%
- Epoch 031, ExpID 23965
Train - Loss: 14282798.62
Val - Loss, MSE, RMSE, MAE, MAPE: 34621396.00, 34621396.00, 5761.07, 4388.01, 5.27%
Test - Best epoch, Loss, MSE, RMSE, MAE, MAPE: 31, 27501948.00, 27501949.00, 5220.45, 4159.63, 4.51%
- Epoch 032, ExpID 23965
Train - Loss: 14291413.34
Val - Loss, MSE, RMSE, MAE, MAPE: 34360420.00, 34360419.67, 5737.94, 4338.11, 5.23%
Test - Best epoch, Loss, MSE, RMSE, MAE, MAPE: 32, 27459368.00, 27459367.67, 5215.09, 4107.47, 4.47%
- Epoch 033, ExpID 23965
Train - Loss: 14174217.55
Val - Loss, MSE, RMSE, MAE, MAPE: 34265172.00, 34265171.67, 5730.31, 4348.25, 5.25%
Test - Best epoch, Loss, MSE, RMSE, MAE, MAPE: 33, 26563444.00, 26563444.00, 5130.18, 4042.61, 4.41%
- Epoch 034, ExpID 23965
Train - Loss: 14115064.54
Val - Loss, MSE, RMSE, MAE, MAPE: 34059820.00, 34059816.33, 5717.14, 4356.86, 5.23%
Test - Best epoch, Loss, MSE, RMSE, MAE, MAPE: 34, 27042982.00, 27042979.67, 5175.62, 4123.71, 4.47%
- Epoch 035, ExpID 23965
Train - Loss: 14093954.90
Val - Loss, MSE, RMSE, MAE, MAPE: 34734180.00, 34734178.67, 5785.66, 4414.45, 5.28%
Test - Best epoch, Loss, MSE, RMSE, MAE, MAPE: 34, 27042982.00, 27042979.67, 5175.62, 4123.71, 4.47%
- Epoch 036, ExpID 23965
Train - Loss: 14177617.49
Val - Loss, MSE, RMSE, MAE, MAPE: 34036568.00, 34036565.00, 5730.01, 4350.33, 5.24%
Test - Best epoch, Loss, MSE, RMSE, MAE, MAPE: 36, 26575648.00, 26575646.33, 5134.78, 4051.26, 4.41%
- Epoch 037, ExpID 23965
Train - Loss: 14148421.67
Val - Loss, MSE, RMSE, MAE, MAPE: 33447756.00, 33447756.33, 5669.31, 4295.17, 5.16%
Test - Best epoch, Loss, MSE, RMSE, MAE, MAPE: 37, 26762918.00, 26762918.33, 5148.43, 4067.69, 4.42%
- Epoch 038, ExpID 23965
Train - Loss: 13956738.02
Val - Loss, MSE, RMSE, MAE, MAPE: 33020756.00, 33020756.33, 5629.18, 4284.41, 5.15%
Test - Best epoch, Loss, MSE, RMSE, MAE, MAPE: 38, 26639556.00, 26639552.67, 5135.39, 4059.69, 4.41%
- Epoch 039, ExpID 23965
Train - Loss: 13964758.28
Val - Loss, MSE, RMSE, MAE, MAPE: 33912848.00, 33912849.33, 5696.76, 4379.76, 5.23%
Test - Best epoch, Loss, MSE, RMSE, MAE, MAPE: 38, 26639556.00, 26639552.67, 5135.39, 4059.69, 4.41%
- Epoch 040, ExpID 23965
Train - Loss: 13858198.61
Val - Loss, MSE, RMSE, MAE, MAPE: 33050448.00, 33050447.00, 5638.24, 4219.40, 5.10%
Test - Best epoch, Loss, MSE, RMSE, MAE, MAPE: 38, 26639556.00, 26639552.67, 5135.39, 4059.69, 4.41%
- Epoch 041, ExpID 23965
Train - Loss: 13816840.30
Val - Loss, MSE, RMSE, MAE, MAPE: 33009270.00, 33009270.33, 5628.23, 4248.05, 5.09%
Test - Best epoch, Loss, MSE, RMSE, MAE, MAPE: 41, 26143400.00, 26143400.00, 5083.11, 4005.33, 4.34%
- Epoch 042, ExpID 23965
Train - Loss: 13831924.43
Val - Loss, MSE, RMSE, MAE, MAPE: 32427886.00, 32427884.17, 5567.56, 4180.78, 5.03%
Test - Best epoch, Loss, MSE, RMSE, MAE, MAPE: 42, 25074710.00, 25074709.67, 4974.69, 3892.45, 4.23%
- Epoch 043, ExpID 23965
Train - Loss: 13596041.24
Val - Loss, MSE, RMSE, MAE, MAPE: 32147990.00, 32147988.00, 5554.61, 4163.01, 4.99%
Test - Best epoch, Loss, MSE, RMSE, MAE, MAPE: 43, 24948806.00, 24948804.67, 4964.10, 3872.42, 4.21%
- Epoch 044, ExpID 23965
Train - Loss: 13676908.52
Val - Loss, MSE, RMSE, MAE, MAPE: 32077632.00, 32077633.00, 5542.80, 4206.70, 5.01%
Test - Best epoch, Loss, MSE, RMSE, MAE, MAPE: 44, 24279412.00, 24279409.00, 4890.59, 3864.17, 4.18%
- Epoch 045, ExpID 23965
Train - Loss: 13560266.25
Val - Loss, MSE, RMSE, MAE, MAPE: 32933598.00, 32933597.33, 5617.76, 4291.65, 5.08%
Test - Best epoch, Loss, MSE, RMSE, MAE, MAPE: 44, 24279412.00, 24279409.00, 4890.59, 3864.17, 4.18%
- Epoch 046, ExpID 23965
Train - Loss: 13484313.16
Val - Loss, MSE, RMSE, MAE, MAPE: 31054646.00, 31054647.33, 5436.28, 4001.48, 4.82%
Test - Best epoch, Loss, MSE, RMSE, MAE, MAPE: 46, 24051094.00, 24051093.00, 4869.60, 3777.47, 4.12%
- Epoch 047, ExpID 23965
Train - Loss: 13154762.78
Val - Loss, MSE, RMSE, MAE, MAPE: 30755928.00, 30755927.33, 5403.84, 4048.08, 4.84%
Test - Best epoch, Loss, MSE, RMSE, MAE, MAPE: 47, 23531624.00, 23531622.67, 4814.53, 3779.54, 4.10%
- Epoch 048, ExpID 23965
Train - Loss: 13033150.02
Val - Loss, MSE, RMSE, MAE, MAPE: 30476220.00, 30476219.67, 5396.34, 4052.45, 4.83%
Test - Best epoch, Loss, MSE, RMSE, MAE, MAPE: 48, 23886740.00, 23886737.33, 4856.99, 3792.24, 4.11%
- Epoch 049, ExpID 23965
Train - Loss: 12922969.57
Val - Loss, MSE, RMSE, MAE, MAPE: 29792808.00, 29792807.00, 5315.20, 3950.33, 4.72%
Test - Best epoch, Loss, MSE, RMSE, MAE, MAPE: 49, 23049158.00, 23049157.67, 4768.29, 3698.85, 4.01%
- Epoch 050, ExpID 23965
Train - Loss: 12834413.34
Val - Loss, MSE, RMSE, MAE, MAPE: 29812192.00, 29812191.33, 5312.10, 3933.66, 4.72%
Test - Best epoch, Loss, MSE, RMSE, MAE, MAPE: 49, 23049158.00, 23049157.67, 4768.29, 3698.85, 4.01%
- Epoch 051, ExpID 23965
Train - Loss: 12622413.91
Val - Loss, MSE, RMSE, MAE, MAPE: 29542718.00, 29542717.67, 5280.28, 3927.44, 4.69%
Test - Best epoch, Loss, MSE, RMSE, MAE, MAPE: 51, 23662694.00, 23662694.33, 4831.03, 3781.02, 4.09%
- Epoch 052, ExpID 23965
Train - Loss: 12564179.16
Val - Loss, MSE, RMSE, MAE, MAPE: 29667100.00, 29667098.50, 5291.70, 3921.23, 4.68%
Test - Best epoch, Loss, MSE, RMSE, MAE, MAPE: 51, 23662694.00, 23662694.33, 4831.03, 3781.02, 4.09%
- Epoch 053, ExpID 23965
Train - Loss: 12507378.46
Val - Loss, MSE, RMSE, MAE, MAPE: 30494016.00, 30494014.67, 5358.25, 3965.13, 4.72%
Test - Best epoch, Loss, MSE, RMSE, MAE, MAPE: 51, 23662694.00, 23662694.33, 4831.03, 3781.02, 4.09%
- Epoch 054, ExpID 23965
Train - Loss: 12645849.94
Val - Loss, MSE, RMSE, MAE, MAPE: 29903040.00, 29903041.67, 5295.59, 3902.33, 4.64%
Test - Best epoch, Loss, MSE, RMSE, MAE, MAPE: 51, 23662694.00, 23662694.33, 4831.03, 3781.02, 4.09%
- Epoch 055, ExpID 23965
Train - Loss: 12588973.30
Val - Loss, MSE, RMSE, MAE, MAPE: 28718776.00, 28718777.33, 5199.12, 3832.38, 4.59%
Test - Best epoch, Loss, MSE, RMSE, MAE, MAPE: 55, 22285302.00, 22285300.33, 4688.32, 3636.50, 3.95%
- Epoch 056, ExpID 23965
Train - Loss: 12406067.40
Val - Loss, MSE, RMSE, MAE, MAPE: 29681128.00, 29681129.17, 5280.89, 3864.42, 4.62%
Test - Best epoch, Loss, MSE, RMSE, MAE, MAPE: 55, 22285302.00, 22285300.33, 4688.32, 3636.50, 3.95%
- Epoch 057, ExpID 23965
Train - Loss: 12313002.05
Val - Loss, MSE, RMSE, MAE, MAPE: 29157232.00, 29157233.00, 5242.42, 3830.88, 4.61%
Test - Best epoch, Loss, MSE, RMSE, MAE, MAPE: 55, 22285302.00, 22285300.33, 4688.32, 3636.50, 3.95%
- Epoch 058, ExpID 23965
Train - Loss: 12188502.24
Val - Loss, MSE, RMSE, MAE, MAPE: 28547992.00, 28547992.67, 5173.02, 3796.56, 4.54%
Test - Best epoch, Loss, MSE, RMSE, MAE, MAPE: 58, 22164376.00, 22164375.67, 4673.00, 3635.06, 3.94%
- Epoch 059, ExpID 23965
Train - Loss: 12009232.28
Val - Loss, MSE, RMSE, MAE, MAPE: 28304182.00, 28304183.50, 5136.10, 3750.21, 4.50%
Test - Best epoch, Loss, MSE, RMSE, MAE, MAPE: 59, 21492782.00, 21492780.17, 4596.50, 3590.25, 3.90%
- Epoch 060, ExpID 23965
Train - Loss: 11981684.59
Val - Loss, MSE, RMSE, MAE, MAPE: 28343928.00, 28343928.50, 5148.55, 3740.84, 4.49%
Test - Best epoch, Loss, MSE, RMSE, MAE, MAPE: 59, 21492782.00, 21492780.17, 4596.50, 3590.25, 3.90%
- Epoch 061, ExpID 23965
Train - Loss: 11953383.11
Val - Loss, MSE, RMSE, MAE, MAPE: 28496260.00, 28496258.17, 5158.27, 3742.48, 4.50%
Test - Best epoch, Loss, MSE, RMSE, MAE, MAPE: 59, 21492782.00, 21492780.17, 4596.50, 3590.25, 3.90%
- Epoch 062, ExpID 23965
Train - Loss: 11701447.41
Val - Loss, MSE, RMSE, MAE, MAPE: 28376656.00, 28376657.33, 5137.93, 3752.88, 4.46%
Test - Best epoch, Loss, MSE, RMSE, MAE, MAPE: 59, 21492782.00, 21492780.17, 4596.50, 3590.25, 3.90%
- Epoch 063, ExpID 23965
Train - Loss: 11458457.32
Val - Loss, MSE, RMSE, MAE, MAPE: 27882592.00, 27882592.33, 5084.76, 3679.81, 4.41%
Test - Best epoch, Loss, MSE, RMSE, MAE, MAPE: 63, 21028680.00, 21028680.00, 4539.06, 3530.00, 3.83%
- Epoch 064, ExpID 23965
Train - Loss: 11332354.15
Val - Loss, MSE, RMSE, MAE, MAPE: 28004608.00, 28004608.50, 5115.39, 3713.05, 4.44%
Test - Best epoch, Loss, MSE, RMSE, MAE, MAPE: 63, 21028680.00, 21028680.00, 4539.06, 3530.00, 3.83%
- Epoch 065, ExpID 23965
Train - Loss: 11206450.45
Val - Loss, MSE, RMSE, MAE, MAPE: 27837734.00, 27837733.17, 5083.81, 3655.51, 4.41%
Test - Best epoch, Loss, MSE, RMSE, MAE, MAPE: 65, 20276704.00, 20276701.83, 4454.79, 3441.28, 3.74%
- Epoch 066, ExpID 23965
Train - Loss: 11190452.13
Val - Loss, MSE, RMSE, MAE, MAPE: 27782310.00, 27782309.17, 5077.11, 3707.90, 4.41%
Test - Best epoch, Loss, MSE, RMSE, MAE, MAPE: 66, 20810860.00, 20810861.50, 4501.79, 3472.02, 3.73%
- Epoch 067, ExpID 23965
Train - Loss: 10776204.29
Val - Loss, MSE, RMSE, MAE, MAPE: 27674800.00, 27674800.00, 5063.30, 3650.77, 4.38%
Test - Best epoch, Loss, MSE, RMSE, MAE, MAPE: 67, 20557564.00, 20557565.67, 4478.32, 3463.60, 3.75%
- Epoch 068, ExpID 23965
Train - Loss: 10581014.59
Val - Loss, MSE, RMSE, MAE, MAPE: 27054750.00, 27054750.00, 5010.21, 3577.31, 4.29%
Test - Best epoch, Loss, MSE, RMSE, MAE, MAPE: 68, 19543884.00, 19543883.50, 4363.03, 3332.23, 3.60%
- Epoch 069, ExpID 23965
Train - Loss: 10194706.85
Val - Loss, MSE, RMSE, MAE, MAPE: 27622764.00, 27622762.33, 5070.69, 3639.71, 4.33%
Test - Best epoch, Loss, MSE, RMSE, MAE, MAPE: 68, 19543884.00, 19543883.50, 4363.03, 3332.23, 3.60%
- Epoch 070, ExpID 23965
Train - Loss: 10125816.19
Val - Loss, MSE, RMSE, MAE, MAPE: 27302160.00, 27302158.67, 5021.68, 3605.61, 4.30%
Test - Best epoch, Loss, MSE, RMSE, MAE, MAPE: 68, 19543884.00, 19543883.50, 4363.03, 3332.23, 3.60%
- Epoch 071, ExpID 23965
Train - Loss: 10168010.32
Val - Loss, MSE, RMSE, MAE, MAPE: 27898582.00, 27898581.33, 5097.54, 3706.00, 4.38%
Test - Best epoch, Loss, MSE, RMSE, MAE, MAPE: 68, 19543884.00, 19543883.50, 4363.03, 3332.23, 3.60%
- Epoch 072, ExpID 23965
Train - Loss: 9763875.00
Val - Loss, MSE, RMSE, MAE, MAPE: 26857036.00, 26857035.00, 4983.07, 3518.80, 4.21%
Test - Best epoch, Loss, MSE, RMSE, MAE, MAPE: 72, 19151988.00, 19151988.50, 4313.63, 3288.62, 3.54%
- Epoch 073, ExpID 23965
Train - Loss: 9536301.32
Val - Loss, MSE, RMSE, MAE, MAPE: 26914212.00, 26914210.67, 4997.01, 3495.72, 4.21%
Test - Best epoch, Loss, MSE, RMSE, MAE, MAPE: 72, 19151988.00, 19151988.50, 4313.63, 3288.62, 3.54%
- Epoch 074, ExpID 23965
Train - Loss: 9419861.74
Val - Loss, MSE, RMSE, MAE, MAPE: 26125716.00, 26125713.17, 4917.94, 3480.02, 4.16%
Test - Best epoch, Loss, MSE, RMSE, MAE, MAPE: 74, 18611794.00, 18611792.67, 4251.06, 3256.53, 3.50%
- Epoch 075, ExpID 23965
Train - Loss: 9491862.62
Val - Loss, MSE, RMSE, MAE, MAPE: 26907048.00, 26907048.33, 4995.64, 3613.16, 4.33%
Test - Best epoch, Loss, MSE, RMSE, MAE, MAPE: 74, 18611794.00, 18611792.67, 4251.06, 3256.53, 3.50%
- Epoch 076, ExpID 23965
Train - Loss: 9374148.07
Val - Loss, MSE, RMSE, MAE, MAPE: 26227656.00, 26227654.67, 4929.03, 3502.36, 4.22%
Test - Best epoch, Loss, MSE, RMSE, MAE, MAPE: 74, 18611794.00, 18611792.67, 4251.06, 3256.53, 3.50%
- Epoch 077, ExpID 23965
Train - Loss: 9101151.64
Val - Loss, MSE, RMSE, MAE, MAPE: 26262726.00, 26262724.67, 4943.74, 3517.75, 4.17%
Test - Best epoch, Loss, MSE, RMSE, MAE, MAPE: 74, 18611794.00, 18611792.67, 4251.06, 3256.53, 3.50%
- Epoch 078, ExpID 23965
Train - Loss: 9094427.71
Val - Loss, MSE, RMSE, MAE, MAPE: 26364428.00, 26364427.17, 4931.45, 3474.75, 4.17%
Test - Best epoch, Loss, MSE, RMSE, MAE, MAPE: 74, 18611794.00, 18611792.67, 4251.06, 3256.53, 3.50%
- Epoch 079, ExpID 23965
Train - Loss: 8864343.91
Val - Loss, MSE, RMSE, MAE, MAPE: 25079948.00, 25079946.17, 4818.92, 3405.59, 4.07%
Test - Best epoch, Loss, MSE, RMSE, MAE, MAPE: 79, 18611572.00, 18611569.67, 4249.19, 3224.91, 3.47%
- Epoch 080, ExpID 23965
Train - Loss: 8772644.97
Val - Loss, MSE, RMSE, MAE, MAPE: 26191182.00, 26191181.00, 4928.98, 3508.77, 4.16%
Test - Best epoch, Loss, MSE, RMSE, MAE, MAPE: 79, 18611572.00, 18611569.67, 4249.19, 3224.91, 3.47%
- Epoch 081, ExpID 23965
Train - Loss: 8846592.04
Val - Loss, MSE, RMSE, MAE, MAPE: 26397336.00, 26397335.33, 4950.07, 3484.77, 4.16%
Test - Best epoch, Loss, MSE, RMSE, MAE, MAPE: 79, 18611572.00, 18611569.67, 4249.19, 3224.91, 3.47%
- Epoch 082, ExpID 23965
Train - Loss: 8570051.45
Val - Loss, MSE, RMSE, MAE, MAPE: 25261654.00, 25261650.67, 4828.22, 3368.24, 4.02%
Test - Best epoch, Loss, MSE, RMSE, MAE, MAPE: 79, 18611572.00, 18611569.67, 4249.19, 3224.91, 3.47%
- Epoch 083, ExpID 23965
Train - Loss: 8780193.46
Val - Loss, MSE, RMSE, MAE, MAPE: 26480900.00, 26480897.00, 4947.30, 3477.71, 4.21%
Test - Best epoch, Loss, MSE, RMSE, MAE, MAPE: 79, 18611572.00, 18611569.67, 4249.19, 3224.91, 3.47%
- Epoch 084, ExpID 23965
Train - Loss: 8583515.84
Val - Loss, MSE, RMSE, MAE, MAPE: 25306500.00, 25306498.17, 4842.53, 3442.24, 4.09%
Test - Best epoch, Loss, MSE, RMSE, MAE, MAPE: 79, 18611572.00, 18611569.67, 4249.19, 3224.91, 3.47%
- Epoch 085, ExpID 23965
Train - Loss: 9462733.72
Val - Loss, MSE, RMSE, MAE, MAPE: 26083808.00, 26083807.67, 4919.28, 3484.85, 4.12%
Test - Best epoch, Loss, MSE, RMSE, MAE, MAPE: 79, 18611572.00, 18611569.67, 4249.19, 3224.91, 3.47%
- Epoch 086, ExpID 23965
Train - Loss: 8728048.48
Val - Loss, MSE, RMSE, MAE, MAPE: 24524100.00, 24524098.50, 4753.45, 3282.66, 3.92%
Test - Best epoch, Loss, MSE, RMSE, MAE, MAPE: 86, 17975876.00, 17975874.67, 4171.07, 3149.44, 3.39%
- Epoch 087, ExpID 23965
Train - Loss: 8335326.18
Val - Loss, MSE, RMSE, MAE, MAPE: 24626950.00, 24626949.17, 4767.14, 3354.24, 4.02%
Test - Best epoch, Loss, MSE, RMSE, MAE, MAPE: 86, 17975876.00, 17975874.67, 4171.07, 3149.44, 3.39%
- Epoch 088, ExpID 23965
Train - Loss: 8249669.16
Val - Loss, MSE, RMSE, MAE, MAPE: 24552324.00, 24552321.33, 4773.13, 3359.19, 3.99%
Test - Best epoch, Loss, MSE, RMSE, MAE, MAPE: 86, 17975876.00, 17975874.67, 4171.07, 3149.44, 3.39%
- Epoch 089, ExpID 23965
Train - Loss: 8289515.85
Val - Loss, MSE, RMSE, MAE, MAPE: 24927692.00, 24927689.33, 4780.33, 3294.77, 3.94%
Test - Best epoch, Loss, MSE, RMSE, MAE, MAPE: 86, 17975876.00, 17975874.67, 4171.07, 3149.44, 3.39%
- Epoch 090, ExpID 23965
Train - Loss: 8155052.56
Val - Loss, MSE, RMSE, MAE, MAPE: 24848488.00, 24848488.00, 4772.02, 3335.61, 3.99%
Test - Best epoch, Loss, MSE, RMSE, MAE, MAPE: 86, 17975876.00, 17975874.67, 4171.07, 3149.44, 3.39%
- Epoch 091, ExpID 23965
Train - Loss: 8770896.70
Val - Loss, MSE, RMSE, MAE, MAPE: 25197494.00, 25197494.00, 4825.83, 3385.29, 4.04%
Test - Best epoch, Loss, MSE, RMSE, MAE, MAPE: 86, 17975876.00, 17975874.67, 4171.07, 3149.44, 3.39%
- Epoch 092, ExpID 23965
Train - Loss: 8434021.66
Val - Loss, MSE, RMSE, MAE, MAPE: 24426912.00, 24426911.67, 4769.31, 3386.06, 4.02%
Test - Best epoch, Loss, MSE, RMSE, MAE, MAPE: 92, 17919778.00, 17919777.33, 4180.72, 3151.68, 3.39%
- Epoch 093, ExpID 23965
Train - Loss: 8259024.66
Val - Loss, MSE, RMSE, MAE, MAPE: 23808508.00, 23808508.00, 4684.54, 3237.66, 3.87%
Test - Best epoch, Loss, MSE, RMSE, MAE, MAPE: 93, 17154294.00, 17154294.17, 4077.58, 3051.76, 3.29%
- Epoch 094, ExpID 23965
Train - Loss: 8093539.74
Val - Loss, MSE, RMSE, MAE, MAPE: 23796390.00, 23796387.83, 4670.73, 3238.21, 3.86%
Test - Best epoch, Loss, MSE, RMSE, MAE, MAPE: 94, 16958928.00, 16958927.83, 4058.16, 3050.57, 3.29%
- Epoch 095, ExpID 23965
Train - Loss: 8144058.18
Val - Loss, MSE, RMSE, MAE, MAPE: 24079398.00, 24079395.17, 4703.52, 3261.01, 3.89%
Test - Best epoch, Loss, MSE, RMSE, MAE, MAPE: 94, 16958928.00, 16958927.83, 4058.16, 3050.57, 3.29%
- Epoch 096, ExpID 23965
Train - Loss: 7994006.80
Val - Loss, MSE, RMSE, MAE, MAPE: 23733478.00, 23733476.33, 4656.35, 3209.00, 3.83%
Test - Best epoch, Loss, MSE, RMSE, MAE, MAPE: 96, 16900684.00, 16900682.33, 4042.47, 3050.67, 3.29%
- Epoch 097, ExpID 23965
Train - Loss: 7859779.46
Val - Loss, MSE, RMSE, MAE, MAPE: 24537494.00, 24537493.83, 4730.74, 3261.95, 3.90%
Test - Best epoch, Loss, MSE, RMSE, MAE, MAPE: 96, 16900684.00, 16900682.33, 4042.47, 3050.67, 3.29%
- Epoch 098, ExpID 23965
Train - Loss: 7989403.15
Val - Loss, MSE, RMSE, MAE, MAPE: 23858864.00, 23858864.17, 4673.14, 3182.62, 3.81%
Test - Best epoch, Loss, MSE, RMSE, MAE, MAPE: 96, 16900684.00, 16900682.33, 4042.47, 3050.67, 3.29%
- Epoch 099, ExpID 23965
Train - Loss: 7924273.29
Val - Loss, MSE, RMSE, MAE, MAPE: 23995888.00, 23995886.67, 4687.39, 3228.59, 3.88%
Test - Best epoch, Loss, MSE, RMSE, MAE, MAPE: 96, 16900684.00, 16900682.33, 4042.47, 3050.67, 3.29%
- Epoch 100, ExpID 23965
Train - Loss: 8033507.63
Val - Loss, MSE, RMSE, MAE, MAPE: 24863796.00, 24863795.50, 4783.04, 3353.56, 3.98%
Test - Best epoch, Loss, MSE, RMSE, MAE, MAPE: 96, 16900684.00, 16900682.33, 4042.47, 3050.67, 3.29%
- Epoch 101, ExpID 23965
Train - Loss: 7799348.71
Val - Loss, MSE, RMSE, MAE, MAPE: 24284430.00, 24284430.33, 4701.57, 3199.77, 3.82%
Test - Best epoch, Loss, MSE, RMSE, MAE, MAPE: 96, 16900684.00, 16900682.33, 4042.47, 3050.67, 3.29%
- Epoch 102, ExpID 23965
Train - Loss: 7694044.46
Val - Loss, MSE, RMSE, MAE, MAPE: 23616276.00, 23616276.00, 4641.62, 3179.56, 3.80%
Test - Best epoch, Loss, MSE, RMSE, MAE, MAPE: 102, 17138330.00, 17138330.00, 4072.17, 3093.04, 3.34%
- Epoch 103, ExpID 23965
Train - Loss: 7640356.21
Val - Loss, MSE, RMSE, MAE, MAPE: 24367332.00, 24367330.33, 4719.98, 3252.63, 3.89%
Test - Best epoch, Loss, MSE, RMSE, MAE, MAPE: 102, 17138330.00, 17138330.00, 4072.17, 3093.04, 3.34%
- Epoch 104, ExpID 23965
Train - Loss: 7645118.45
Val - Loss, MSE, RMSE, MAE, MAPE: 23757206.00, 23757206.00, 4657.41, 3215.27, 3.83%
Test - Best epoch, Loss, MSE, RMSE, MAE, MAPE: 102, 17138330.00, 17138330.00, 4072.17, 3093.04, 3.34%
- Epoch 105, ExpID 23965
Train - Loss: 8089558.66
Val - Loss, MSE, RMSE, MAE, MAPE: 23579542.00, 23579541.83, 4654.13, 3195.55, 3.82%
Test - Best epoch, Loss, MSE, RMSE, MAE, MAPE: 105, 20051364.00, 20051364.00, 4391.45, 3392.31, 3.66%
- Epoch 106, ExpID 23965
Train - Loss: 7735898.81
Val - Loss, MSE, RMSE, MAE, MAPE: 23994752.00, 23994751.83, 4694.74, 3231.84, 3.89%
Test - Best epoch, Loss, MSE, RMSE, MAE, MAPE: 105, 20051364.00, 20051364.00, 4391.45, 3392.31, 3.66%
- Epoch 107, ExpID 23965
Train - Loss: 7694537.79
Val - Loss, MSE, RMSE, MAE, MAPE: 23174040.00, 23174040.50, 4602.69, 3167.12, 3.77%
Test - Best epoch, Loss, MSE, RMSE, MAE, MAPE: 107, 16709114.00, 16709113.50, 4026.32, 2998.09, 3.23%
- Epoch 108, ExpID 23965
Train - Loss: 7728645.36
Val - Loss, MSE, RMSE, MAE, MAPE: 23874774.00, 23874772.17, 4663.45, 3153.41, 3.77%
Test - Best epoch, Loss, MSE, RMSE, MAE, MAPE: 107, 16709114.00, 16709113.50, 4026.32, 2998.09, 3.23%
- Epoch 109, ExpID 23965
Train - Loss: 7632705.52
Val - Loss, MSE, RMSE, MAE, MAPE: 23693796.00, 23693793.67, 4645.12, 3171.47, 3.79%
Test - Best epoch, Loss, MSE, RMSE, MAE, MAPE: 107, 16709114.00, 16709113.50, 4026.32, 2998.09, 3.23%
- Epoch 110, ExpID 23965
Train - Loss: 7550718.51
Val - Loss, MSE, RMSE, MAE, MAPE: 23143760.00, 23143761.50, 4594.45, 3154.14, 3.77%
Test - Best epoch, Loss, MSE, RMSE, MAE, MAPE: 110, 16956596.00, 16956594.83, 4044.04, 3035.55, 3.28%
- Epoch 111, ExpID 23965
Train - Loss: 7462816.31
Val - Loss, MSE, RMSE, MAE, MAPE: 24155934.00, 24155933.67, 4699.90, 3229.97, 3.87%
Test - Best epoch, Loss, MSE, RMSE, MAE, MAPE: 110, 16956596.00, 16956594.83, 4044.04, 3035.55, 3.28%
- Epoch 112, ExpID 23965
Train - Loss: 7613313.69
Val - Loss, MSE, RMSE, MAE, MAPE: 24075068.00, 24075065.33, 4685.16, 3231.74, 3.85%
Test - Best epoch, Loss, MSE, RMSE, MAE, MAPE: 110, 16956596.00, 16956594.83, 4044.04, 3035.55, 3.28%
- Epoch 113, ExpID 23965
Train - Loss: 7473033.34
Val - Loss, MSE, RMSE, MAE, MAPE: 23586358.00, 23586357.33, 4636.69, 3157.46, 3.78%
Test - Best epoch, Loss, MSE, RMSE, MAE, MAPE: 110, 16956596.00, 16956594.83, 4044.04, 3035.55, 3.28%
- Epoch 114, ExpID 23965
Train - Loss: 8270978.90
Val - Loss, MSE, RMSE, MAE, MAPE: 23452046.00, 23452044.33, 4659.21, 3223.82, 3.85%
Test - Best epoch, Loss, MSE, RMSE, MAE, MAPE: 110, 16956596.00, 16956594.83, 4044.04, 3035.55, 3.28%
- Epoch 115, ExpID 23965
Train - Loss: 7661759.43
Val - Loss, MSE, RMSE, MAE, MAPE: 23523758.00, 23523759.00, 4638.65, 3166.22, 3.79%
Test - Best epoch, Loss, MSE, RMSE, MAE, MAPE: 110, 16956596.00, 16956594.83, 4044.04, 3035.55, 3.28%
- Epoch 116, ExpID 23965
Train - Loss: 7656403.94
Val - Loss, MSE, RMSE, MAE, MAPE: 23657788.00, 23657786.00, 4652.48, 3178.08, 3.81%
Test - Best epoch, Loss, MSE, RMSE, MAE, MAPE: 110, 16956596.00, 16956594.83, 4044.04, 3035.55, 3.28%
- Epoch 117, ExpID 23965
Train - Loss: 7409447.41
Val - Loss, MSE, RMSE, MAE, MAPE: 23906950.00, 23906949.33, 4682.16, 3244.26, 3.87%
Test - Best epoch, Loss, MSE, RMSE, MAE, MAPE: 110, 16956596.00, 16956594.83, 4044.04, 3035.55, 3.28%
- Epoch 118, ExpID 23965
Train - Loss: 7766731.15
Val - Loss, MSE, RMSE, MAE, MAPE: 24159904.00, 24159904.83, 4691.47, 3243.43, 3.88%
Test - Best epoch, Loss, MSE, RMSE, MAE, MAPE: 110, 16956596.00, 16956594.83, 4044.04, 3035.55, 3.28%
- Epoch 119, ExpID 23965
Train - Loss: 7338388.64
Val - Loss, MSE, RMSE, MAE, MAPE: 23832016.00, 23832017.33, 4666.33, 3227.15, 3.83%
Test - Best epoch, Loss, MSE, RMSE, MAE, MAPE: 110, 16956596.00, 16956594.83, 4044.04, 3035.55, 3.28%
- Epoch 120, ExpID 23965
Train - Loss: 7267495.23
Val - Loss, MSE, RMSE, MAE, MAPE: 23307976.00, 23307976.00, 4598.41, 3118.20, 3.73%
Test - Best epoch, Loss, MSE, RMSE, MAE, MAPE: 110, 16956596.00, 16956594.83, 4044.04, 3035.55, 3.28%
Early Stopping at Epoch 120
Fold 2018 Best RMSE: 4044.0436

-------------------- [Fold: 2019] ExpID: 62908 --------------------
- Epoch 000, ExpID 62908
Train - Loss: 36820910.98
Val - Loss, MSE, RMSE, MAE, MAPE: 62688044.00, 62688040.67, 7872.71, 6370.63, 6.88%
Test - Best epoch, Loss, MSE, RMSE, MAE, MAPE: 0, 72611536.00, 72611539.33, 8458.04, 6697.48, 7.03%
- Epoch 001, ExpID 62908
Train - Loss: 30888679.51
Val - Loss, MSE, RMSE, MAE, MAPE: 53981372.00, 53981364.00, 7326.76, 5840.61, 6.32%
Test - Best epoch, Loss, MSE, RMSE, MAE, MAPE: 1, 59510976.00, 59510978.67, 7665.85, 6017.90, 6.34%
- Epoch 002, ExpID 62908
Train - Loss: 26840170.14
Val - Loss, MSE, RMSE, MAE, MAPE: 52791772.00, 52791770.00, 7219.56, 5673.95, 6.13%
Test - Best epoch, Loss, MSE, RMSE, MAE, MAPE: 2, 55721272.00, 55721272.00, 7413.29, 5846.44, 6.13%
- Epoch 003, ExpID 62908
Train - Loss: 25044143.56
Val - Loss, MSE, RMSE, MAE, MAPE: 52551056.00, 52551055.33, 7175.49, 5627.03, 6.06%
Test - Best epoch, Loss, MSE, RMSE, MAE, MAPE: 3, 54217968.00, 54217969.33, 7310.23, 5746.58, 6.01%
- Epoch 004, ExpID 62908
Train - Loss: 24046602.71
Val - Loss, MSE, RMSE, MAE, MAPE: 52455328.00, 52455330.00, 7154.04, 5533.63, 6.02%
Test - Best epoch, Loss, MSE, RMSE, MAE, MAPE: 4, 54204352.00, 54204353.33, 7306.26, 5646.61, 5.96%
- Epoch 005, ExpID 62908
Train - Loss: 23533236.29
Val - Loss, MSE, RMSE, MAE, MAPE: 50439788.00, 50439788.67, 7023.32, 5503.53, 5.97%
Test - Best epoch, Loss, MSE, RMSE, MAE, MAPE: 5, 52982412.00, 52982406.67, 7232.99, 5575.04, 5.89%
- Epoch 006, ExpID 62908
Train - Loss: 23082864.86
Val - Loss, MSE, RMSE, MAE, MAPE: 49584072.00, 49584070.67, 6974.02, 5486.48, 5.95%
Test - Best epoch, Loss, MSE, RMSE, MAE, MAPE: 6, 52917388.00, 52917387.33, 7232.20, 5583.36, 5.90%
- Epoch 007, ExpID 62908
Train - Loss: 22813832.88
Val - Loss, MSE, RMSE, MAE, MAPE: 49408632.00, 49408628.67, 6960.35, 5475.74, 5.92%
Test - Best epoch, Loss, MSE, RMSE, MAE, MAPE: 7, 52450204.00, 52450202.00, 7201.48, 5586.79, 5.89%
- Epoch 008, ExpID 62908
Train - Loss: 22465582.70
Val - Loss, MSE, RMSE, MAE, MAPE: 49624600.00, 49624596.67, 6983.11, 5482.04, 5.98%
Test - Best epoch, Loss, MSE, RMSE, MAE, MAPE: 7, 52450204.00, 52450202.00, 7201.48, 5586.79, 5.89%
- Epoch 009, ExpID 62908
Train - Loss: 22273707.53
Val - Loss, MSE, RMSE, MAE, MAPE: 48929528.00, 48929524.00, 6932.45, 5494.14, 5.93%
Test - Best epoch, Loss, MSE, RMSE, MAE, MAPE: 9, 52119960.00, 52119958.67, 7183.57, 5609.97, 5.90%
- Epoch 010, ExpID 62908
Train - Loss: 22027210.41
Val - Loss, MSE, RMSE, MAE, MAPE: 48119884.00, 48119881.33, 6878.36, 5463.74, 5.91%
Test - Best epoch, Loss, MSE, RMSE, MAE, MAPE: 10, 51333368.00, 51333366.00, 7132.71, 5534.06, 5.84%
- Epoch 011, ExpID 62908
Train - Loss: 21560418.31
Val - Loss, MSE, RMSE, MAE, MAPE: 47236784.00, 47236782.00, 6822.69, 5477.86, 5.90%
Test - Best epoch, Loss, MSE, RMSE, MAE, MAPE: 11, 50646780.00, 50646778.67, 7087.89, 5592.09, 5.86%
- Epoch 012, ExpID 62908
Train - Loss: 20682318.27
Val - Loss, MSE, RMSE, MAE, MAPE: 43170432.00, 43170430.67, 6532.56, 5122.25, 5.61%
Test - Best epoch, Loss, MSE, RMSE, MAE, MAPE: 12, 47268888.00, 47268883.33, 6853.94, 5076.73, 5.42%
- Epoch 013, ExpID 62908
Train - Loss: 19111224.00
Val - Loss, MSE, RMSE, MAE, MAPE: 35113628.00, 35113628.67, 5899.11, 4563.71, 5.00%
Test - Best epoch, Loss, MSE, RMSE, MAE, MAPE: 13, 40504940.00, 40504940.00, 6344.96, 4589.00, 4.91%
- Epoch 014, ExpID 62908
Train - Loss: 16976104.12
Val - Loss, MSE, RMSE, MAE, MAPE: 28963976.00, 28963976.33, 5363.53, 4252.80, 4.64%
Test - Best epoch, Loss, MSE, RMSE, MAE, MAPE: 14, 35572808.00, 35572811.00, 5937.16, 4424.84, 4.70%
- Epoch 015, ExpID 62908
Train - Loss: 16565544.03
Val - Loss, MSE, RMSE, MAE, MAPE: 28198716.00, 28198712.00, 5292.04, 4269.04, 4.63%
Test - Best epoch, Loss, MSE, RMSE, MAE, MAPE: 15, 34934676.00, 34934676.00, 5883.94, 4513.36, 4.77%
- Epoch 016, ExpID 62908
Train - Loss: 16106029.63
Val - Loss, MSE, RMSE, MAE, MAPE: 28509830.00, 28509827.33, 5322.44, 4289.10, 4.64%
Test - Best epoch, Loss, MSE, RMSE, MAE, MAPE: 15, 34934676.00, 34934676.00, 5883.94, 4513.36, 4.77%
- Epoch 017, ExpID 62908
Train - Loss: 16036542.87
Val - Loss, MSE, RMSE, MAE, MAPE: 28839132.00, 28839130.67, 5351.61, 4312.10, 4.65%
Test - Best epoch, Loss, MSE, RMSE, MAE, MAPE: 15, 34934676.00, 34934676.00, 5883.94, 4513.36, 4.77%
- Epoch 018, ExpID 62908
Train - Loss: 15967622.88
Val - Loss, MSE, RMSE, MAE, MAPE: 27526064.00, 27526063.67, 5228.73, 4184.91, 4.55%
Test - Best epoch, Loss, MSE, RMSE, MAE, MAPE: 18, 34470800.00, 34470798.00, 5840.66, 4438.93, 4.70%
- Epoch 019, ExpID 62908
Train - Loss: 15866527.94
Val - Loss, MSE, RMSE, MAE, MAPE: 28077680.00, 28077680.33, 5283.60, 4123.60, 4.53%
Test - Best epoch, Loss, MSE, RMSE, MAE, MAPE: 18, 34470800.00, 34470798.00, 5840.66, 4438.93, 4.70%
- Epoch 020, ExpID 62908
Train - Loss: 15912507.17
Val - Loss, MSE, RMSE, MAE, MAPE: 27553508.00, 27553503.67, 5227.90, 4153.28, 4.51%
Test - Best epoch, Loss, MSE, RMSE, MAE, MAPE: 18, 34470800.00, 34470798.00, 5840.66, 4438.93, 4.70%
- Epoch 021, ExpID 62908
Train - Loss: 15661133.41
Val - Loss, MSE, RMSE, MAE, MAPE: 27353182.00, 27353182.67, 5209.18, 4165.64, 4.51%
Test - Best epoch, Loss, MSE, RMSE, MAE, MAPE: 21, 34260556.00, 34260554.67, 5818.87, 4462.65, 4.71%
- Epoch 022, ExpID 62908
Train - Loss: 15592791.38
Val - Loss, MSE, RMSE, MAE, MAPE: 27740232.00, 27740232.33, 5244.45, 4199.89, 4.55%
Test - Best epoch, Loss, MSE, RMSE, MAE, MAPE: 21, 34260556.00, 34260554.67, 5818.87, 4462.65, 4.71%
- Epoch 023, ExpID 62908
Train - Loss: 15529854.47
Val - Loss, MSE, RMSE, MAE, MAPE: 28487046.00, 28487046.00, 5312.78, 4262.92, 4.59%
Test - Best epoch, Loss, MSE, RMSE, MAE, MAPE: 21, 34260556.00, 34260554.67, 5818.87, 4462.65, 4.71%
- Epoch 024, ExpID 62908
Train - Loss: 15568806.46
Val - Loss, MSE, RMSE, MAE, MAPE: 26868592.00, 26868589.00, 5161.80, 4057.71, 4.44%
Test - Best epoch, Loss, MSE, RMSE, MAE, MAPE: 24, 34245336.00, 34245332.00, 5813.11, 4367.11, 4.65%
- Epoch 025, ExpID 62908
Train - Loss: 15486787.86
Val - Loss, MSE, RMSE, MAE, MAPE: 27164492.00, 27164489.67, 5186.84, 4048.94, 4.43%
Test - Best epoch, Loss, MSE, RMSE, MAE, MAPE: 24, 34245336.00, 34245332.00, 5813.11, 4367.11, 4.65%
- Epoch 026, ExpID 62908
Train - Loss: 15327678.51
Val - Loss, MSE, RMSE, MAE, MAPE: 26423158.00, 26423157.67, 5115.40, 4002.51, 4.37%
Test - Best epoch, Loss, MSE, RMSE, MAE, MAPE: 26, 33718300.00, 33718296.67, 5764.24, 4314.79, 4.59%
- Epoch 027, ExpID 62908
Train - Loss: 15316996.47
Val - Loss, MSE, RMSE, MAE, MAPE: 26002636.00, 26002633.67, 5071.97, 4001.63, 4.34%
Test - Best epoch, Loss, MSE, RMSE, MAE, MAPE: 27, 33355860.00, 33355859.33, 5733.96, 4362.95, 4.61%
- Epoch 028, ExpID 62908
Train - Loss: 15215895.51
Val - Loss, MSE, RMSE, MAE, MAPE: 25754046.00, 25754045.67, 5044.89, 3990.97, 4.33%
Test - Best epoch, Loss, MSE, RMSE, MAE, MAPE: 28, 33155812.00, 33155810.33, 5715.74, 4355.99, 4.60%
- Epoch 029, ExpID 62908
Train - Loss: 15114786.24
Val - Loss, MSE, RMSE, MAE, MAPE: 27110864.00, 27110864.33, 5170.17, 4124.63, 4.44%
Test - Best epoch, Loss, MSE, RMSE, MAE, MAPE: 28, 33155812.00, 33155810.33, 5715.74, 4355.99, 4.60%
- Epoch 030, ExpID 62908
Train - Loss: 14975342.73
Val - Loss, MSE, RMSE, MAE, MAPE: 24872456.00, 24872455.67, 4954.66, 3858.21, 4.20%
Test - Best epoch, Loss, MSE, RMSE, MAE, MAPE: 30, 32507084.00, 32507083.00, 5653.57, 4210.72, 4.47%
- Epoch 031, ExpID 62908
Train - Loss: 14621150.42
Val - Loss, MSE, RMSE, MAE, MAPE: 25122886.00, 25122884.67, 4976.64, 3836.54, 4.19%
Test - Best epoch, Loss, MSE, RMSE, MAE, MAPE: 30, 32507084.00, 32507083.00, 5653.57, 4210.72, 4.47%
- Epoch 032, ExpID 62908
Train - Loss: 14432867.67
Val - Loss, MSE, RMSE, MAE, MAPE: 23899760.00, 23899759.33, 4848.84, 3827.19, 4.16%
Test - Best epoch, Loss, MSE, RMSE, MAE, MAPE: 32, 32144668.00, 32144665.33, 5616.53, 4204.29, 4.46%
- Epoch 033, ExpID 62908
Train - Loss: 14262600.81
Val - Loss, MSE, RMSE, MAE, MAPE: 23043070.00, 23043068.00, 4763.98, 3673.94, 3.99%
Test - Best epoch, Loss, MSE, RMSE, MAE, MAPE: 33, 30722918.00, 30722916.00, 5486.15, 4034.03, 4.28%
- Epoch 034, ExpID 62908
Train - Loss: 14072661.14
Val - Loss, MSE, RMSE, MAE, MAPE: 24065580.00, 24065580.67, 4875.29, 3761.17, 4.11%
Test - Best epoch, Loss, MSE, RMSE, MAE, MAPE: 33, 30722918.00, 30722916.00, 5486.15, 4034.03, 4.28%
- Epoch 035, ExpID 62908
Train - Loss: 14125370.54
Val - Loss, MSE, RMSE, MAE, MAPE: 23250960.00, 23250959.67, 4790.79, 3725.98, 4.04%
Test - Best epoch, Loss, MSE, RMSE, MAE, MAPE: 33, 30722918.00, 30722916.00, 5486.15, 4034.03, 4.28%
- Epoch 036, ExpID 62908
Train - Loss: 13836523.02
Val - Loss, MSE, RMSE, MAE, MAPE: 22756772.00, 22756769.33, 4741.71, 3695.76, 4.03%
Test - Best epoch, Loss, MSE, RMSE, MAE, MAPE: 36, 30217056.00, 30217059.33, 5429.28, 3929.68, 4.19%
- Epoch 037, ExpID 62908
Train - Loss: 13864118.11
Val - Loss, MSE, RMSE, MAE, MAPE: 22333292.00, 22333290.33, 4689.39, 3655.07, 3.99%
Test - Best epoch, Loss, MSE, RMSE, MAE, MAPE: 37, 29748030.00, 29748028.00, 5387.20, 3890.11, 4.15%
- Epoch 038, ExpID 62908
Train - Loss: 13730700.72
Val - Loss, MSE, RMSE, MAE, MAPE: 22434844.00, 22434843.67, 4710.30, 3643.13, 3.97%
Test - Best epoch, Loss, MSE, RMSE, MAE, MAPE: 37, 29748030.00, 29748028.00, 5387.20, 3890.11, 4.15%
- Epoch 039, ExpID 62908
Train - Loss: 13476139.78
Val - Loss, MSE, RMSE, MAE, MAPE: 22637136.00, 22637136.67, 4729.32, 3717.19, 4.04%
Test - Best epoch, Loss, MSE, RMSE, MAE, MAPE: 37, 29748030.00, 29748028.00, 5387.20, 3890.11, 4.15%
- Epoch 040, ExpID 62908
Train - Loss: 13585880.38
Val - Loss, MSE, RMSE, MAE, MAPE: 22589670.00, 22589668.00, 4720.82, 3693.00, 4.03%
Test - Best epoch, Loss, MSE, RMSE, MAE, MAPE: 37, 29748030.00, 29748028.00, 5387.20, 3890.11, 4.15%
- Epoch 041, ExpID 62908
Train - Loss: 13308794.64
Val - Loss, MSE, RMSE, MAE, MAPE: 21741808.00, 21741807.67, 4635.91, 3608.74, 3.93%
Test - Best epoch, Loss, MSE, RMSE, MAE, MAPE: 41, 28430392.00, 28430392.67, 5250.55, 3813.87, 4.05%
- Epoch 042, ExpID 62908
Train - Loss: 13190836.41
Val - Loss, MSE, RMSE, MAE, MAPE: 21648328.00, 21648326.83, 4622.02, 3633.27, 3.93%
Test - Best epoch, Loss, MSE, RMSE, MAE, MAPE: 42, 28299360.00, 28299360.67, 5235.59, 3857.66, 4.07%
- Epoch 043, ExpID 62908
Train - Loss: 13288733.52
Val - Loss, MSE, RMSE, MAE, MAPE: 21747038.00, 21747038.00, 4629.52, 3615.88, 3.95%
Test - Best epoch, Loss, MSE, RMSE, MAE, MAPE: 42, 28299360.00, 28299360.67, 5235.59, 3857.66, 4.07%
- Epoch 044, ExpID 62908
Train - Loss: 13070418.14
Val - Loss, MSE, RMSE, MAE, MAPE: 21662660.00, 21662659.33, 4625.47, 3608.80, 3.89%
Test - Best epoch, Loss, MSE, RMSE, MAE, MAPE: 42, 28299360.00, 28299360.67, 5235.59, 3857.66, 4.07%
- Epoch 045, ExpID 62908
Train - Loss: 12839142.18
Val - Loss, MSE, RMSE, MAE, MAPE: 20633150.00, 20633150.67, 4509.10, 3532.17, 3.82%
Test - Best epoch, Loss, MSE, RMSE, MAE, MAPE: 45, 26525540.00, 26525539.50, 5061.97, 3726.35, 3.93%
- Epoch 046, ExpID 62908
Train - Loss: 12639817.57
Val - Loss, MSE, RMSE, MAE, MAPE: 20369564.00, 20369563.33, 4470.34, 3516.35, 3.79%
Test - Best epoch, Loss, MSE, RMSE, MAE, MAPE: 46, 26450988.00, 26450986.33, 5044.20, 3707.42, 3.90%
- Epoch 047, ExpID 62908
Train - Loss: 12466279.83
Val - Loss, MSE, RMSE, MAE, MAPE: 21391120.00, 21391121.33, 4597.65, 3587.97, 3.92%
Test - Best epoch, Loss, MSE, RMSE, MAE, MAPE: 46, 26450988.00, 26450986.33, 5044.20, 3707.42, 3.90%
- Epoch 048, ExpID 62908
Train - Loss: 12299740.11
Val - Loss, MSE, RMSE, MAE, MAPE: 19748648.00, 19748650.00, 4400.31, 3471.43, 3.76%
Test - Best epoch, Loss, MSE, RMSE, MAE, MAPE: 48, 25708318.00, 25708316.33, 4955.98, 3626.06, 3.84%
- Epoch 049, ExpID 62908
Train - Loss: 11994625.79
Val - Loss, MSE, RMSE, MAE, MAPE: 20065870.00, 20065868.33, 4434.07, 3474.73, 3.76%
Test - Best epoch, Loss, MSE, RMSE, MAE, MAPE: 48, 25708318.00, 25708316.33, 4955.98, 3626.06, 3.84%
- Epoch 050, ExpID 62908
Train - Loss: 11922953.66
Val - Loss, MSE, RMSE, MAE, MAPE: 20238820.00, 20238819.00, 4453.61, 3469.99, 3.74%
Test - Best epoch, Loss, MSE, RMSE, MAE, MAPE: 48, 25708318.00, 25708316.33, 4955.98, 3626.06, 3.84%
- Epoch 051, ExpID 62908
Train - Loss: 11756849.50
Val - Loss, MSE, RMSE, MAE, MAPE: 23771430.00, 23771428.17, 4826.98, 3809.62, 4.08%
Test - Best epoch, Loss, MSE, RMSE, MAE, MAPE: 48, 25708318.00, 25708316.33, 4955.98, 3626.06, 3.84%
- Epoch 052, ExpID 62908
Train - Loss: 11665685.54
Val - Loss, MSE, RMSE, MAE, MAPE: 18594542.00, 18594541.67, 4260.82, 3281.55, 3.53%
Test - Best epoch, Loss, MSE, RMSE, MAE, MAPE: 52, 25103900.00, 25103897.67, 4915.48, 3580.80, 3.77%
- Epoch 053, ExpID 62908
Train - Loss: 11413436.52
Val - Loss, MSE, RMSE, MAE, MAPE: 17829216.00, 17829214.17, 4185.52, 3200.71, 3.45%
Test - Best epoch, Loss, MSE, RMSE, MAE, MAPE: 53, 24157052.00, 24157050.67, 4830.13, 3523.10, 3.71%
- Epoch 054, ExpID 62908
Train - Loss: 11421606.96
Val - Loss, MSE, RMSE, MAE, MAPE: 18855844.00, 18855844.67, 4290.40, 3313.99, 3.57%
Test - Best epoch, Loss, MSE, RMSE, MAE, MAPE: 53, 24157052.00, 24157050.67, 4830.13, 3523.10, 3.71%
- Epoch 055, ExpID 62908
Train - Loss: 11153099.38
Val - Loss, MSE, RMSE, MAE, MAPE: 18338768.00, 18338768.83, 4241.30, 3255.86, 3.55%
Test - Best epoch, Loss, MSE, RMSE, MAE, MAPE: 53, 24157052.00, 24157050.67, 4830.13, 3523.10, 3.71%
- Epoch 056, ExpID 62908
Train - Loss: 11016909.97
Val - Loss, MSE, RMSE, MAE, MAPE: 16817490.00, 16817489.00, 4056.02, 3075.02, 3.32%
Test - Best epoch, Loss, MSE, RMSE, MAE, MAPE: 56, 23435072.00, 23435072.33, 4748.05, 3407.71, 3.60%
- Epoch 057, ExpID 62908
Train - Loss: 10972157.43
Val - Loss, MSE, RMSE, MAE, MAPE: 18495908.00, 18495907.00, 4244.31, 3285.14, 3.54%
Test - Best epoch, Loss, MSE, RMSE, MAE, MAPE: 56, 23435072.00, 23435072.33, 4748.05, 3407.71, 3.60%
- Epoch 058, ExpID 62908
Train - Loss: 10713970.83
Val - Loss, MSE, RMSE, MAE, MAPE: 17871576.00, 17871575.50, 4172.61, 3216.66, 3.46%
Test - Best epoch, Loss, MSE, RMSE, MAE, MAPE: 56, 23435072.00, 23435072.33, 4748.05, 3407.71, 3.60%
- Epoch 059, ExpID 62908
Train - Loss: 10865475.02
Val - Loss, MSE, RMSE, MAE, MAPE: 19206698.00, 19206698.33, 4339.03, 3340.02, 3.58%
Test - Best epoch, Loss, MSE, RMSE, MAE, MAPE: 56, 23435072.00, 23435072.33, 4748.05, 3407.71, 3.60%
- Epoch 060, ExpID 62908
Train - Loss: 10717350.89
Val - Loss, MSE, RMSE, MAE, MAPE: 16600798.00, 16600798.00, 4013.84, 3046.29, 3.29%
Test - Best epoch, Loss, MSE, RMSE, MAE, MAPE: 60, 23113016.00, 23113016.00, 4708.11, 3359.50, 3.55%
- Epoch 061, ExpID 62908
Train - Loss: 10516866.94
Val - Loss, MSE, RMSE, MAE, MAPE: 18024068.00, 18024067.00, 4190.75, 3256.77, 3.50%
Test - Best epoch, Loss, MSE, RMSE, MAE, MAPE: 60, 23113016.00, 23113016.00, 4708.11, 3359.50, 3.55%
- Epoch 062, ExpID 62908
Train - Loss: 10336359.22
Val - Loss, MSE, RMSE, MAE, MAPE: 17421628.00, 17421624.83, 4118.52, 3165.00, 3.42%
Test - Best epoch, Loss, MSE, RMSE, MAE, MAPE: 60, 23113016.00, 23113016.00, 4708.11, 3359.50, 3.55%
- Epoch 063, ExpID 62908
Train - Loss: 10238170.09
Val - Loss, MSE, RMSE, MAE, MAPE: 17332064.00, 17332062.67, 4115.98, 3157.42, 3.41%
Test - Best epoch, Loss, MSE, RMSE, MAE, MAPE: 60, 23113016.00, 23113016.00, 4708.11, 3359.50, 3.55%
- Epoch 064, ExpID 62908
Train - Loss: 10495183.43
Val - Loss, MSE, RMSE, MAE, MAPE: 17001632.00, 17001631.50, 4082.16, 3107.76, 3.35%
Test - Best epoch, Loss, MSE, RMSE, MAE, MAPE: 60, 23113016.00, 23113016.00, 4708.11, 3359.50, 3.55%
- Epoch 065, ExpID 62908
Train - Loss: 10034414.79
Val - Loss, MSE, RMSE, MAE, MAPE: 19034212.00, 19034212.83, 4319.59, 3343.11, 3.64%
Test - Best epoch, Loss, MSE, RMSE, MAE, MAPE: 60, 23113016.00, 23113016.00, 4708.11, 3359.50, 3.55%
- Epoch 066, ExpID 62908
Train - Loss: 9923468.32
Val - Loss, MSE, RMSE, MAE, MAPE: 17781950.00, 17781949.67, 4153.71, 3153.93, 3.39%
Test - Best epoch, Loss, MSE, RMSE, MAE, MAPE: 60, 23113016.00, 23113016.00, 4708.11, 3359.50, 3.55%
- Epoch 067, ExpID 62908
Train - Loss: 10018370.40
Val - Loss, MSE, RMSE, MAE, MAPE: 17808240.00, 17808238.67, 4160.28, 3193.78, 3.45%
Test - Best epoch, Loss, MSE, RMSE, MAE, MAPE: 60, 23113016.00, 23113016.00, 4708.11, 3359.50, 3.55%
- Epoch 068, ExpID 62908
Train - Loss: 9827515.78
Val - Loss, MSE, RMSE, MAE, MAPE: 16550707.00, 16550705.67, 4019.40, 3008.37, 3.26%
Test - Best epoch, Loss, MSE, RMSE, MAE, MAPE: 68, 21795308.00, 21795307.00, 4558.25, 3262.47, 3.45%
- Epoch 069, ExpID 62908
Train - Loss: 9682285.19
Val - Loss, MSE, RMSE, MAE, MAPE: 17244644.00, 17244642.67, 4098.42, 3116.37, 3.37%
Test - Best epoch, Loss, MSE, RMSE, MAE, MAPE: 68, 21795308.00, 21795307.00, 4558.25, 3262.47, 3.45%
- Epoch 070, ExpID 62908
Train - Loss: 9770931.08
Val - Loss, MSE, RMSE, MAE, MAPE: 16972132.00, 16972131.67, 4070.96, 3098.70, 3.36%
Test - Best epoch, Loss, MSE, RMSE, MAE, MAPE: 68, 21795308.00, 21795307.00, 4558.25, 3262.47, 3.45%
- Epoch 071, ExpID 62908
Train - Loss: 9599038.84
Val - Loss, MSE, RMSE, MAE, MAPE: 17087538.00, 17087536.67, 4073.80, 3093.50, 3.36%
Test - Best epoch, Loss, MSE, RMSE, MAE, MAPE: 68, 21795308.00, 21795307.00, 4558.25, 3262.47, 3.45%
- Epoch 072, ExpID 62908
Train - Loss: 9788505.28
Val - Loss, MSE, RMSE, MAE, MAPE: 17719562.00, 17719561.17, 4136.05, 3177.95, 3.43%
Test - Best epoch, Loss, MSE, RMSE, MAE, MAPE: 68, 21795308.00, 21795307.00, 4558.25, 3262.47, 3.45%
- Epoch 073, ExpID 62908
Train - Loss: 9588828.11
Val - Loss, MSE, RMSE, MAE, MAPE: 16768346.00, 16768344.83, 4030.12, 3025.95, 3.26%
Test - Best epoch, Loss, MSE, RMSE, MAE, MAPE: 68, 21795308.00, 21795307.00, 4558.25, 3262.47, 3.45%
- Epoch 074, ExpID 62908
Train - Loss: 9531440.68
Val - Loss, MSE, RMSE, MAE, MAPE: 16634240.00, 16634241.00, 4021.18, 3054.85, 3.31%
Test - Best epoch, Loss, MSE, RMSE, MAE, MAPE: 68, 21795308.00, 21795307.00, 4558.25, 3262.47, 3.45%
- Epoch 075, ExpID 62908
Train - Loss: 9506623.67
Val - Loss, MSE, RMSE, MAE, MAPE: 17314036.00, 17314035.67, 4090.75, 3105.62, 3.36%
Test - Best epoch, Loss, MSE, RMSE, MAE, MAPE: 68, 21795308.00, 21795307.00, 4558.25, 3262.47, 3.45%
- Epoch 076, ExpID 62908
Train - Loss: 9567688.52
Val - Loss, MSE, RMSE, MAE, MAPE: 16844580.00, 16844579.17, 4055.47, 3073.19, 3.33%
Test - Best epoch, Loss, MSE, RMSE, MAE, MAPE: 68, 21795308.00, 21795307.00, 4558.25, 3262.47, 3.45%
- Epoch 077, ExpID 62908
Train - Loss: 9685783.29
Val - Loss, MSE, RMSE, MAE, MAPE: 21608494.00, 21608491.67, 4574.01, 3616.71, 3.91%
Test - Best epoch, Loss, MSE, RMSE, MAE, MAPE: 68, 21795308.00, 21795307.00, 4558.25, 3262.47, 3.45%
- Epoch 078, ExpID 62908
Train - Loss: 9713121.64
Val - Loss, MSE, RMSE, MAE, MAPE: 19482184.00, 19482184.50, 4336.75, 3351.43, 3.60%
Test - Best epoch, Loss, MSE, RMSE, MAE, MAPE: 68, 21795308.00, 21795307.00, 4558.25, 3262.47, 3.45%
Early Stopping at Epoch 78
Fold 2019 Best RMSE: 4558.2474
