DETAILED LOG | Model: lstm | Seed: 3
FULL CONFIG: {'gpu': '0', 'target': 'arrival', 'cv_start_year': 2017, 'cv_end_year': 2019, 'test_year': 2024, 'use_corona': False, 'seq_len': 28, 'label_len': 0, 'pred_len': 1, 'batch_size': 64, 'epochs': 1000, 'patience': 10, 'lr': 0.0001, 'model': 'lstm', 'd_model': 256, 'n_heads': 4, 'n_layers': 3, 'dropout': 0.1, 'activation': 'gelu', 'patch_len': 16, 'factor': 5, 'norm_mode': 'revin', 'use_dbloss': False, 'device': device(type='cuda'), 'stride': 16, 'file_path': 'dataset/airport_daily_flight_merged.csv', 'seed': 3, 'val_year': 2019, 'ndims': 1}

-------------------- [Fold: 2017] ExpID: 64335 --------------------
- Epoch 000, ExpID 64335
Train - Loss: 32006374.10
Val - Loss, MSE, RMSE, MAE, MAPE: 58233120.00, 58233121.33, 7592.23, 6172.50, 7.94%
Test - Best epoch, Loss, MSE, RMSE, MAE, MAPE: 0, 72190112.00, 72190107.33, 8316.84, 6685.58, 7.90%
- Epoch 001, ExpID 64335
Train - Loss: 29554537.95
Val - Loss, MSE, RMSE, MAE, MAPE: 57831816.00, 57831819.33, 7549.16, 6146.02, 7.86%
Test - Best epoch, Loss, MSE, RMSE, MAE, MAPE: 1, 67655288.00, 67655286.67, 8040.17, 6500.30, 7.66%
- Epoch 002, ExpID 64335
Train - Loss: 29142502.70
Val - Loss, MSE, RMSE, MAE, MAPE: 57277640.00, 57277638.00, 7512.09, 6104.82, 7.85%
Test - Best epoch, Loss, MSE, RMSE, MAE, MAPE: 2, 68171888.00, 68171888.00, 8041.28, 6507.33, 7.71%
- Epoch 003, ExpID 64335
Train - Loss: 28908510.27
Val - Loss, MSE, RMSE, MAE, MAPE: 55567600.00, 55567601.33, 7388.61, 5985.03, 7.65%
Test - Best epoch, Loss, MSE, RMSE, MAE, MAPE: 3, 66896336.00, 66896339.33, 7955.43, 6397.73, 7.53%
- Epoch 004, ExpID 64335
Train - Loss: 28103721.88
Val - Loss, MSE, RMSE, MAE, MAPE: 54047256.00, 54047250.67, 7301.29, 5922.05, 7.54%
Test - Best epoch, Loss, MSE, RMSE, MAE, MAPE: 4, 64949768.00, 64949766.00, 7869.91, 6342.77, 7.43%
- Epoch 005, ExpID 64335
Train - Loss: 27583594.85
Val - Loss, MSE, RMSE, MAE, MAPE: 52585116.00, 52585111.33, 7206.90, 5830.88, 7.47%
Test - Best epoch, Loss, MSE, RMSE, MAE, MAPE: 5, 63559340.00, 63559344.00, 7772.20, 6284.76, 7.42%
- Epoch 006, ExpID 64335
Train - Loss: 27355971.40
Val - Loss, MSE, RMSE, MAE, MAPE: 52451292.00, 52451295.33, 7176.39, 5770.43, 7.34%
Test - Best epoch, Loss, MSE, RMSE, MAE, MAPE: 6, 63682812.00, 63682813.33, 7764.68, 6251.87, 7.32%
- Epoch 007, ExpID 64335
Train - Loss: 26821523.70
Val - Loss, MSE, RMSE, MAE, MAPE: 51114264.00, 51114258.00, 7085.26, 5667.55, 7.21%
Test - Best epoch, Loss, MSE, RMSE, MAE, MAPE: 7, 61736160.00, 61736164.00, 7633.83, 6145.38, 7.20%
- Epoch 008, ExpID 64335
Train - Loss: 26492226.20
Val - Loss, MSE, RMSE, MAE, MAPE: 50069176.00, 50069172.67, 6996.44, 5531.87, 7.06%
Test - Best epoch, Loss, MSE, RMSE, MAE, MAPE: 8, 60436124.00, 60436123.33, 7530.65, 6073.34, 7.12%
- Epoch 009, ExpID 64335
Train - Loss: 25261004.66
Val - Loss, MSE, RMSE, MAE, MAPE: 46526424.00, 46526420.67, 6761.90, 5314.35, 6.83%
Test - Best epoch, Loss, MSE, RMSE, MAE, MAPE: 9, 56482604.00, 56482598.67, 7280.82, 5881.70, 6.94%
- Epoch 010, ExpID 64335
Train - Loss: 22945275.11
Val - Loss, MSE, RMSE, MAE, MAPE: 38566784.00, 38566782.67, 6116.92, 4735.94, 6.09%
Test - Best epoch, Loss, MSE, RMSE, MAE, MAPE: 10, 49522352.00, 49522353.33, 6719.17, 5391.40, 6.35%
- Epoch 011, ExpID 64335
Train - Loss: 16773766.11
Val - Loss, MSE, RMSE, MAE, MAPE: 28242622.00, 28242620.33, 5240.99, 4042.52, 5.21%
Test - Best epoch, Loss, MSE, RMSE, MAE, MAPE: 11, 37241388.00, 37241385.00, 5864.18, 4559.75, 5.40%
- Epoch 012, ExpID 64335
Train - Loss: 14037648.36
Val - Loss, MSE, RMSE, MAE, MAPE: 23537472.00, 23537471.33, 4799.17, 3689.49, 4.64%
Test - Best epoch, Loss, MSE, RMSE, MAE, MAPE: 12, 29014782.00, 29014781.33, 5276.25, 3962.21, 4.58%
- Epoch 013, ExpID 64335
Train - Loss: 12301403.53
Val - Loss, MSE, RMSE, MAE, MAPE: 22981864.00, 22981864.33, 4732.46, 3671.39, 4.63%
Test - Best epoch, Loss, MSE, RMSE, MAE, MAPE: 13, 25242220.00, 25242218.67, 4938.71, 3718.88, 4.31%
- Epoch 014, ExpID 64335
Train - Loss: 11637608.76
Val - Loss, MSE, RMSE, MAE, MAPE: 21181200.00, 21181199.67, 4534.90, 3494.01, 4.43%
Test - Best epoch, Loss, MSE, RMSE, MAE, MAPE: 14, 25611720.00, 25611720.00, 4965.37, 3667.20, 4.30%
- Epoch 015, ExpID 64335
Train - Loss: 11313455.91
Val - Loss, MSE, RMSE, MAE, MAPE: 21685604.00, 21685605.50, 4617.41, 3602.88, 4.60%
Test - Best epoch, Loss, MSE, RMSE, MAE, MAPE: 14, 25611720.00, 25611720.00, 4965.37, 3667.20, 4.30%
- Epoch 016, ExpID 64335
Train - Loss: 10843816.83
Val - Loss, MSE, RMSE, MAE, MAPE: 19344460.00, 19344457.17, 4355.72, 3396.72, 4.32%
Test - Best epoch, Loss, MSE, RMSE, MAE, MAPE: 16, 23375540.00, 23375539.33, 4764.97, 3542.42, 4.18%
- Epoch 017, ExpID 64335
Train - Loss: 10477550.71
Val - Loss, MSE, RMSE, MAE, MAPE: 18084582.00, 18084580.67, 4204.48, 3199.73, 4.03%
Test - Best epoch, Loss, MSE, RMSE, MAE, MAPE: 17, 21647324.00, 21647322.67, 4574.23, 3364.28, 3.93%
- Epoch 018, ExpID 64335
Train - Loss: 10279926.18
Val - Loss, MSE, RMSE, MAE, MAPE: 18595460.00, 18595458.00, 4254.66, 3193.67, 4.00%
Test - Best epoch, Loss, MSE, RMSE, MAE, MAPE: 17, 21647324.00, 21647322.67, 4574.23, 3364.28, 3.93%
- Epoch 019, ExpID 64335
Train - Loss: 10262695.61
Val - Loss, MSE, RMSE, MAE, MAPE: 17003270.00, 17003267.83, 4075.24, 3133.14, 3.96%
Test - Best epoch, Loss, MSE, RMSE, MAE, MAPE: 19, 20915878.00, 20915877.83, 4500.02, 3311.02, 3.88%
- Epoch 020, ExpID 64335
Train - Loss: 9938235.12
Val - Loss, MSE, RMSE, MAE, MAPE: 17388932.00, 17388930.50, 4112.64, 3140.55, 3.95%
Test - Best epoch, Loss, MSE, RMSE, MAE, MAPE: 19, 20915878.00, 20915877.83, 4500.02, 3311.02, 3.88%
- Epoch 021, ExpID 64335
Train - Loss: 9796409.71
Val - Loss, MSE, RMSE, MAE, MAPE: 16870924.00, 16870924.17, 4054.89, 3078.86, 3.89%
Test - Best epoch, Loss, MSE, RMSE, MAE, MAPE: 21, 20574854.00, 20574853.17, 4460.23, 3266.99, 3.81%
- Epoch 022, ExpID 64335
Train - Loss: 9746316.17
Val - Loss, MSE, RMSE, MAE, MAPE: 16885238.00, 16885236.83, 4062.27, 3112.68, 3.94%
Test - Best epoch, Loss, MSE, RMSE, MAE, MAPE: 21, 20574854.00, 20574853.17, 4460.23, 3266.99, 3.81%
- Epoch 023, ExpID 64335
Train - Loss: 9553087.35
Val - Loss, MSE, RMSE, MAE, MAPE: 16471315.00, 16471314.00, 4013.77, 3077.69, 3.90%
Test - Best epoch, Loss, MSE, RMSE, MAE, MAPE: 23, 20112592.00, 20112591.67, 4421.63, 3242.73, 3.80%
- Epoch 024, ExpID 64335
Train - Loss: 9386869.62
Val - Loss, MSE, RMSE, MAE, MAPE: 15108618.00, 15108618.00, 3846.20, 2940.39, 3.72%
Test - Best epoch, Loss, MSE, RMSE, MAE, MAPE: 24, 20041356.00, 20041354.50, 4412.24, 3184.86, 3.72%
- Epoch 025, ExpID 64335
Train - Loss: 9163110.48
Val - Loss, MSE, RMSE, MAE, MAPE: 15125995.00, 15125995.00, 3839.21, 2881.79, 3.63%
Test - Best epoch, Loss, MSE, RMSE, MAE, MAPE: 24, 20041356.00, 20041354.50, 4412.24, 3184.86, 3.72%
- Epoch 026, ExpID 64335
Train - Loss: 9022522.63
Val - Loss, MSE, RMSE, MAE, MAPE: 15156791.00, 15156790.00, 3856.16, 2980.58, 3.79%
Test - Best epoch, Loss, MSE, RMSE, MAE, MAPE: 24, 20041356.00, 20041354.50, 4412.24, 3184.86, 3.72%
- Epoch 027, ExpID 64335
Train - Loss: 8982977.15
Val - Loss, MSE, RMSE, MAE, MAPE: 15045692.00, 15045693.33, 3826.53, 2852.17, 3.62%
Test - Best epoch, Loss, MSE, RMSE, MAE, MAPE: 27, 20387222.00, 20387221.00, 4443.72, 3202.99, 3.75%
- Epoch 028, ExpID 64335
Train - Loss: 8840017.97
Val - Loss, MSE, RMSE, MAE, MAPE: 15362479.00, 15362479.67, 3864.41, 2866.49, 3.64%
Test - Best epoch, Loss, MSE, RMSE, MAE, MAPE: 27, 20387222.00, 20387221.00, 4443.72, 3202.99, 3.75%
- Epoch 029, ExpID 64335
Train - Loss: 8822421.95
Val - Loss, MSE, RMSE, MAE, MAPE: 14073232.00, 14073231.50, 3702.50, 2774.74, 3.52%
Test - Best epoch, Loss, MSE, RMSE, MAE, MAPE: 29, 18962696.00, 18962696.50, 4272.62, 3049.29, 3.56%
- Epoch 030, ExpID 64335
Train - Loss: 8710351.72
Val - Loss, MSE, RMSE, MAE, MAPE: 14589724.00, 14589724.67, 3788.25, 2924.78, 3.71%
Test - Best epoch, Loss, MSE, RMSE, MAE, MAPE: 29, 18962696.00, 18962696.50, 4272.62, 3049.29, 3.56%
- Epoch 031, ExpID 64335
Train - Loss: 8794316.29
Val - Loss, MSE, RMSE, MAE, MAPE: 14004466.00, 14004465.33, 3705.37, 2835.88, 3.61%
Test - Best epoch, Loss, MSE, RMSE, MAE, MAPE: 31, 19140118.00, 19140117.83, 4313.90, 3084.62, 3.61%
- Epoch 032, ExpID 64335
Train - Loss: 8688955.34
Val - Loss, MSE, RMSE, MAE, MAPE: 14450966.00, 14450964.50, 3731.64, 2719.25, 3.44%
Test - Best epoch, Loss, MSE, RMSE, MAE, MAPE: 31, 19140118.00, 19140117.83, 4313.90, 3084.62, 3.61%
- Epoch 033, ExpID 64335
Train - Loss: 8475221.23
Val - Loss, MSE, RMSE, MAE, MAPE: 14066119.00, 14066118.00, 3706.94, 2796.46, 3.54%
Test - Best epoch, Loss, MSE, RMSE, MAE, MAPE: 31, 19140118.00, 19140117.83, 4313.90, 3084.62, 3.61%
- Epoch 034, ExpID 64335
Train - Loss: 8425989.95
Val - Loss, MSE, RMSE, MAE, MAPE: 15042711.00, 15042711.17, 3829.60, 2873.41, 3.59%
Test - Best epoch, Loss, MSE, RMSE, MAE, MAPE: 31, 19140118.00, 19140117.83, 4313.90, 3084.62, 3.61%
- Epoch 035, ExpID 64335
Train - Loss: 8357274.37
Val - Loss, MSE, RMSE, MAE, MAPE: 13548378.00, 13548377.17, 3645.78, 2743.12, 3.47%
Test - Best epoch, Loss, MSE, RMSE, MAE, MAPE: 35, 18939756.00, 18939754.17, 4282.64, 3071.48, 3.57%
- Epoch 036, ExpID 64335
Train - Loss: 8237279.05
Val - Loss, MSE, RMSE, MAE, MAPE: 14212827.00, 14212827.33, 3714.99, 2714.56, 3.42%
Test - Best epoch, Loss, MSE, RMSE, MAE, MAPE: 35, 18939756.00, 18939754.17, 4282.64, 3071.48, 3.57%
- Epoch 037, ExpID 64335
Train - Loss: 8223190.71
Val - Loss, MSE, RMSE, MAE, MAPE: 13457140.00, 13457140.67, 3626.70, 2728.30, 3.45%
Test - Best epoch, Loss, MSE, RMSE, MAE, MAPE: 37, 18953286.00, 18953286.17, 4293.98, 3042.71, 3.52%
- Epoch 038, ExpID 64335
Train - Loss: 8154492.02
Val - Loss, MSE, RMSE, MAE, MAPE: 13183828.00, 13183828.67, 3597.80, 2711.03, 3.46%
Test - Best epoch, Loss, MSE, RMSE, MAE, MAPE: 38, 18802746.00, 18802745.33, 4273.54, 3031.20, 3.56%
- Epoch 039, ExpID 64335
Train - Loss: 8115857.70
Val - Loss, MSE, RMSE, MAE, MAPE: 13613619.00, 13613618.17, 3648.24, 2767.03, 3.52%
Test - Best epoch, Loss, MSE, RMSE, MAE, MAPE: 38, 18802746.00, 18802745.33, 4273.54, 3031.20, 3.56%
- Epoch 040, ExpID 64335
Train - Loss: 8010098.64
Val - Loss, MSE, RMSE, MAE, MAPE: 13295851.00, 13295851.00, 3599.39, 2626.77, 3.33%
Test - Best epoch, Loss, MSE, RMSE, MAE, MAPE: 38, 18802746.00, 18802745.33, 4273.54, 3031.20, 3.56%
- Epoch 041, ExpID 64335
Train - Loss: 8099596.08
Val - Loss, MSE, RMSE, MAE, MAPE: 12986859.00, 12986858.67, 3561.63, 2621.31, 3.33%
Test - Best epoch, Loss, MSE, RMSE, MAE, MAPE: 41, 18081724.00, 18081723.50, 4176.91, 2903.26, 3.39%
- Epoch 042, ExpID 64335
Train - Loss: 8012583.04
Val - Loss, MSE, RMSE, MAE, MAPE: 13215792.00, 13215790.83, 3598.41, 2702.95, 3.43%
Test - Best epoch, Loss, MSE, RMSE, MAE, MAPE: 41, 18081724.00, 18081723.50, 4176.91, 2903.26, 3.39%
- Epoch 043, ExpID 64335
Train - Loss: 8137890.95
Val - Loss, MSE, RMSE, MAE, MAPE: 13192914.00, 13192912.83, 3596.63, 2735.69, 3.48%
Test - Best epoch, Loss, MSE, RMSE, MAE, MAPE: 41, 18081724.00, 18081723.50, 4176.91, 2903.26, 3.39%
- Epoch 044, ExpID 64335
Train - Loss: 7947171.99
Val - Loss, MSE, RMSE, MAE, MAPE: 13484334.00, 13484334.50, 3629.10, 2715.28, 3.42%
Test - Best epoch, Loss, MSE, RMSE, MAE, MAPE: 41, 18081724.00, 18081723.50, 4176.91, 2903.26, 3.39%
- Epoch 045, ExpID 64335
Train - Loss: 7844463.77
Val - Loss, MSE, RMSE, MAE, MAPE: 13821518.00, 13821517.00, 3673.43, 2710.03, 3.45%
Test - Best epoch, Loss, MSE, RMSE, MAE, MAPE: 41, 18081724.00, 18081723.50, 4176.91, 2903.26, 3.39%
- Epoch 046, ExpID 64335
Train - Loss: 7841105.98
Val - Loss, MSE, RMSE, MAE, MAPE: 12831663.00, 12831662.17, 3553.90, 2676.06, 3.38%
Test - Best epoch, Loss, MSE, RMSE, MAE, MAPE: 46, 17600406.00, 17600405.17, 4141.68, 2896.72, 3.37%
- Epoch 047, ExpID 64335
Train - Loss: 7711800.24
Val - Loss, MSE, RMSE, MAE, MAPE: 12818131.00, 12818131.00, 3546.71, 2668.87, 3.40%
Test - Best epoch, Loss, MSE, RMSE, MAE, MAPE: 47, 18252772.00, 18252772.00, 4208.48, 2917.69, 3.41%
- Epoch 048, ExpID 64335
Train - Loss: 7655357.03
Val - Loss, MSE, RMSE, MAE, MAPE: 13296464.00, 13296464.17, 3610.74, 2681.31, 3.41%
Test - Best epoch, Loss, MSE, RMSE, MAE, MAPE: 47, 18252772.00, 18252772.00, 4208.48, 2917.69, 3.41%
- Epoch 049, ExpID 64335
Train - Loss: 7759800.57
Val - Loss, MSE, RMSE, MAE, MAPE: 12937259.00, 12937259.83, 3560.89, 2661.68, 3.37%
Test - Best epoch, Loss, MSE, RMSE, MAE, MAPE: 47, 18252772.00, 18252772.00, 4208.48, 2917.69, 3.41%
- Epoch 050, ExpID 64335
Train - Loss: 7586016.47
Val - Loss, MSE, RMSE, MAE, MAPE: 12936066.00, 12936064.50, 3563.10, 2652.70, 3.38%
Test - Best epoch, Loss, MSE, RMSE, MAE, MAPE: 47, 18252772.00, 18252772.00, 4208.48, 2917.69, 3.41%
- Epoch 051, ExpID 64335
Train - Loss: 7545916.13
Val - Loss, MSE, RMSE, MAE, MAPE: 12965064.00, 12965064.50, 3554.79, 2630.73, 3.35%
Test - Best epoch, Loss, MSE, RMSE, MAE, MAPE: 47, 18252772.00, 18252772.00, 4208.48, 2917.69, 3.41%
- Epoch 052, ExpID 64335
Train - Loss: 7458776.97
Val - Loss, MSE, RMSE, MAE, MAPE: 13475520.00, 13475519.50, 3628.10, 2681.57, 3.40%
Test - Best epoch, Loss, MSE, RMSE, MAE, MAPE: 47, 18252772.00, 18252772.00, 4208.48, 2917.69, 3.41%
- Epoch 053, ExpID 64335
Train - Loss: 7491554.71
Val - Loss, MSE, RMSE, MAE, MAPE: 13821199.00, 13821198.33, 3679.56, 2737.50, 3.47%
Test - Best epoch, Loss, MSE, RMSE, MAE, MAPE: 47, 18252772.00, 18252772.00, 4208.48, 2917.69, 3.41%
- Epoch 054, ExpID 64335
Train - Loss: 7473896.29
Val - Loss, MSE, RMSE, MAE, MAPE: 13102303.00, 13102302.00, 3576.25, 2650.06, 3.35%
Test - Best epoch, Loss, MSE, RMSE, MAE, MAPE: 47, 18252772.00, 18252772.00, 4208.48, 2917.69, 3.41%
- Epoch 055, ExpID 64335
Train - Loss: 7436214.94
Val - Loss, MSE, RMSE, MAE, MAPE: 12905311.00, 12905310.50, 3561.20, 2633.46, 3.36%
Test - Best epoch, Loss, MSE, RMSE, MAE, MAPE: 47, 18252772.00, 18252772.00, 4208.48, 2917.69, 3.41%
- Epoch 056, ExpID 64335
Train - Loss: 7389869.29
Val - Loss, MSE, RMSE, MAE, MAPE: 12736063.00, 12736063.50, 3538.02, 2633.63, 3.33%
Test - Best epoch, Loss, MSE, RMSE, MAE, MAPE: 56, 17922262.00, 17922261.83, 4165.84, 2917.90, 3.39%
- Epoch 057, ExpID 64335
Train - Loss: 7384564.44
Val - Loss, MSE, RMSE, MAE, MAPE: 13247407.00, 13247406.83, 3597.22, 2656.62, 3.38%
Test - Best epoch, Loss, MSE, RMSE, MAE, MAPE: 56, 17922262.00, 17922261.83, 4165.84, 2917.90, 3.39%
- Epoch 058, ExpID 64335
Train - Loss: 7232879.35
Val - Loss, MSE, RMSE, MAE, MAPE: 13618138.00, 13618137.33, 3642.26, 2691.65, 3.42%
Test - Best epoch, Loss, MSE, RMSE, MAE, MAPE: 56, 17922262.00, 17922261.83, 4165.84, 2917.90, 3.39%
- Epoch 059, ExpID 64335
Train - Loss: 7168300.66
Val - Loss, MSE, RMSE, MAE, MAPE: 12781495.00, 12781494.50, 3547.42, 2684.30, 3.41%
Test - Best epoch, Loss, MSE, RMSE, MAE, MAPE: 56, 17922262.00, 17922261.83, 4165.84, 2917.90, 3.39%
- Epoch 060, ExpID 64335
Train - Loss: 7323067.74
Val - Loss, MSE, RMSE, MAE, MAPE: 13155130.00, 13155129.33, 3598.51, 2723.01, 3.45%
Test - Best epoch, Loss, MSE, RMSE, MAE, MAPE: 56, 17922262.00, 17922261.83, 4165.84, 2917.90, 3.39%
- Epoch 061, ExpID 64335
Train - Loss: 7237681.24
Val - Loss, MSE, RMSE, MAE, MAPE: 12667079.00, 12667078.17, 3532.27, 2643.23, 3.36%
Test - Best epoch, Loss, MSE, RMSE, MAE, MAPE: 61, 17621056.00, 17621054.00, 4125.97, 2952.96, 3.46%
- Epoch 062, ExpID 64335
Train - Loss: 7077005.73
Val - Loss, MSE, RMSE, MAE, MAPE: 12974862.00, 12974862.67, 3568.95, 2652.68, 3.36%
Test - Best epoch, Loss, MSE, RMSE, MAE, MAPE: 61, 17621056.00, 17621054.00, 4125.97, 2952.96, 3.46%
- Epoch 063, ExpID 64335
Train - Loss: 6991254.46
Val - Loss, MSE, RMSE, MAE, MAPE: 13554852.00, 13554851.00, 3654.12, 2740.80, 3.47%
Test - Best epoch, Loss, MSE, RMSE, MAE, MAPE: 61, 17621056.00, 17621054.00, 4125.97, 2952.96, 3.46%
- Epoch 064, ExpID 64335
Train - Loss: 6974402.70
Val - Loss, MSE, RMSE, MAE, MAPE: 12748652.00, 12748652.33, 3535.87, 2630.17, 3.33%
Test - Best epoch, Loss, MSE, RMSE, MAE, MAPE: 61, 17621056.00, 17621054.00, 4125.97, 2952.96, 3.46%
- Epoch 065, ExpID 64335
Train - Loss: 6962804.89
Val - Loss, MSE, RMSE, MAE, MAPE: 13173878.00, 13173877.17, 3581.94, 2666.80, 3.39%
Test - Best epoch, Loss, MSE, RMSE, MAE, MAPE: 61, 17621056.00, 17621054.00, 4125.97, 2952.96, 3.46%
- Epoch 066, ExpID 64335
Train - Loss: 6927448.60
Val - Loss, MSE, RMSE, MAE, MAPE: 13245444.00, 13245444.17, 3601.29, 2694.31, 3.43%
Test - Best epoch, Loss, MSE, RMSE, MAE, MAPE: 61, 17621056.00, 17621054.00, 4125.97, 2952.96, 3.46%
- Epoch 067, ExpID 64335
Train - Loss: 6878136.47
Val - Loss, MSE, RMSE, MAE, MAPE: 13031080.00, 13031080.17, 3590.69, 2725.45, 3.45%
Test - Best epoch, Loss, MSE, RMSE, MAE, MAPE: 61, 17621056.00, 17621054.00, 4125.97, 2952.96, 3.46%
- Epoch 068, ExpID 64335
Train - Loss: 6804231.02
Val - Loss, MSE, RMSE, MAE, MAPE: 13128190.00, 13128188.67, 3582.82, 2667.76, 3.39%
Test - Best epoch, Loss, MSE, RMSE, MAE, MAPE: 61, 17621056.00, 17621054.00, 4125.97, 2952.96, 3.46%
- Epoch 069, ExpID 64335
Train - Loss: 6883563.08
Val - Loss, MSE, RMSE, MAE, MAPE: 13314563.00, 13314562.67, 3612.03, 2708.46, 3.43%
Test - Best epoch, Loss, MSE, RMSE, MAE, MAPE: 61, 17621056.00, 17621054.00, 4125.97, 2952.96, 3.46%
- Epoch 070, ExpID 64335
Train - Loss: 6887341.86
Val - Loss, MSE, RMSE, MAE, MAPE: 12781086.00, 12781085.17, 3546.78, 2653.21, 3.37%
Test - Best epoch, Loss, MSE, RMSE, MAE, MAPE: 61, 17621056.00, 17621054.00, 4125.97, 2952.96, 3.46%
- Epoch 071, ExpID 64335
Train - Loss: 6686123.72
Val - Loss, MSE, RMSE, MAE, MAPE: 13061452.00, 13061452.67, 3564.27, 2684.47, 3.40%
Test - Best epoch, Loss, MSE, RMSE, MAE, MAPE: 61, 17621056.00, 17621054.00, 4125.97, 2952.96, 3.46%
Early Stopping at Epoch 71
Fold 2017 Best RMSE: 4125.9716

-------------------- [Fold: 2018] ExpID: 39521 --------------------
- Epoch 000, ExpID 39521
Train - Loss: 34180653.12
Val - Loss, MSE, RMSE, MAE, MAPE: 72585752.00, 72585749.33, 8350.37, 6738.68, 7.97%
Test - Best epoch, Loss, MSE, RMSE, MAE, MAPE: 0, 57339784.00, 57339779.33, 7517.02, 6142.58, 6.69%
- Epoch 001, ExpID 39521
Train - Loss: 31543561.65
Val - Loss, MSE, RMSE, MAE, MAPE: 68280376.00, 68280374.00, 8081.58, 6548.23, 7.78%
Test - Best epoch, Loss, MSE, RMSE, MAE, MAPE: 1, 56250424.00, 56250420.67, 7434.26, 6072.74, 6.62%
- Epoch 002, ExpID 39521
Train - Loss: 31268631.42
Val - Loss, MSE, RMSE, MAE, MAPE: 67420736.00, 67420738.67, 8013.90, 6465.54, 7.62%
Test - Best epoch, Loss, MSE, RMSE, MAE, MAPE: 2, 55490300.00, 55490298.00, 7386.70, 6044.21, 6.55%
- Epoch 003, ExpID 39521
Train - Loss: 30187424.84
Val - Loss, MSE, RMSE, MAE, MAPE: 64941800.00, 64941797.33, 7873.16, 6350.61, 7.46%
Test - Best epoch, Loss, MSE, RMSE, MAE, MAPE: 3, 53917376.00, 53917382.00, 7287.02, 5979.09, 6.46%
- Epoch 004, ExpID 39521
Train - Loss: 29538324.26
Val - Loss, MSE, RMSE, MAE, MAPE: 62909100.00, 62909098.00, 7743.66, 6267.30, 7.38%
Test - Best epoch, Loss, MSE, RMSE, MAE, MAPE: 4, 52643868.00, 52643866.67, 7197.52, 5900.67, 6.39%
- Epoch 005, ExpID 39521
Train - Loss: 28811571.88
Val - Loss, MSE, RMSE, MAE, MAPE: 61904348.00, 61904348.67, 7697.20, 6229.82, 7.37%
Test - Best epoch, Loss, MSE, RMSE, MAE, MAPE: 5, 51402576.00, 51402578.00, 7112.35, 5830.55, 6.34%
- Epoch 006, ExpID 39521
Train - Loss: 28090656.26
Val - Loss, MSE, RMSE, MAE, MAPE: 63944732.00, 63944734.33, 7732.16, 6281.69, 7.39%
Test - Best epoch, Loss, MSE, RMSE, MAE, MAPE: 5, 51402576.00, 51402578.00, 7112.35, 5830.55, 6.34%
- Epoch 007, ExpID 39521
Train - Loss: 26543221.37
Val - Loss, MSE, RMSE, MAE, MAPE: 52767000.00, 52766996.67, 7106.76, 5702.06, 6.70%
Test - Best epoch, Loss, MSE, RMSE, MAE, MAPE: 7, 43781704.00, 43781703.33, 6561.58, 5405.73, 5.85%
- Epoch 008, ExpID 39521
Train - Loss: 19917051.74
Val - Loss, MSE, RMSE, MAE, MAPE: 36465932.00, 36465931.67, 5846.66, 4444.35, 5.11%
Test - Best epoch, Loss, MSE, RMSE, MAE, MAPE: 8, 26545862.00, 26545862.17, 5057.93, 3961.41, 4.23%
- Epoch 009, ExpID 39521
Train - Loss: 14899223.45
Val - Loss, MSE, RMSE, MAE, MAPE: 29084672.00, 29084672.33, 5261.94, 4029.46, 4.70%
Test - Best epoch, Loss, MSE, RMSE, MAE, MAPE: 9, 23009180.00, 23009179.83, 4692.82, 3704.16, 4.00%
- Epoch 010, ExpID 39521
Train - Loss: 13237199.26
Val - Loss, MSE, RMSE, MAE, MAPE: 25980604.00, 25980601.33, 4975.43, 3756.81, 4.39%
Test - Best epoch, Loss, MSE, RMSE, MAE, MAPE: 10, 21049156.00, 21049154.83, 4495.99, 3519.30, 3.80%
- Epoch 011, ExpID 39521
Train - Loss: 12309038.66
Val - Loss, MSE, RMSE, MAE, MAPE: 25660836.00, 25660835.17, 4953.90, 3584.02, 4.17%
Test - Best epoch, Loss, MSE, RMSE, MAE, MAPE: 11, 19678780.00, 19678780.67, 4320.47, 3342.52, 3.62%
- Epoch 012, ExpID 39521
Train - Loss: 11640142.31
Val - Loss, MSE, RMSE, MAE, MAPE: 24260424.00, 24260422.67, 4848.14, 3541.43, 4.17%
Test - Best epoch, Loss, MSE, RMSE, MAE, MAPE: 12, 20092982.00, 20092981.17, 4355.37, 3452.55, 3.76%
- Epoch 013, ExpID 39521
Train - Loss: 11135432.51
Val - Loss, MSE, RMSE, MAE, MAPE: 21844858.00, 21844858.17, 4593.24, 3377.78, 3.94%
Test - Best epoch, Loss, MSE, RMSE, MAE, MAPE: 13, 18745584.00, 18745583.83, 4222.52, 3302.02, 3.57%
- Epoch 014, ExpID 39521
Train - Loss: 10903994.12
Val - Loss, MSE, RMSE, MAE, MAPE: 21443442.00, 21443442.33, 4563.24, 3381.25, 3.95%
Test - Best epoch, Loss, MSE, RMSE, MAE, MAPE: 14, 18401450.00, 18401449.00, 4197.56, 3297.18, 3.56%
- Epoch 015, ExpID 39521
Train - Loss: 10498074.03
Val - Loss, MSE, RMSE, MAE, MAPE: 20523576.00, 20523577.17, 4457.61, 3237.19, 3.78%
Test - Best epoch, Loss, MSE, RMSE, MAE, MAPE: 15, 17590718.00, 17590717.33, 4063.93, 3169.01, 3.43%
- Epoch 016, ExpID 39521
Train - Loss: 10315969.49
Val - Loss, MSE, RMSE, MAE, MAPE: 21705810.00, 21705809.33, 4582.30, 3286.39, 3.79%
Test - Best epoch, Loss, MSE, RMSE, MAE, MAPE: 15, 17590718.00, 17590717.33, 4063.93, 3169.01, 3.43%
- Epoch 017, ExpID 39521
Train - Loss: 10423917.81
Val - Loss, MSE, RMSE, MAE, MAPE: 20280396.00, 20280395.33, 4432.79, 3174.63, 3.69%
Test - Best epoch, Loss, MSE, RMSE, MAE, MAPE: 17, 16847920.00, 16847918.67, 3988.32, 3091.90, 3.35%
- Epoch 018, ExpID 39521
Train - Loss: 9986227.34
Val - Loss, MSE, RMSE, MAE, MAPE: 19619686.00, 19619686.33, 4353.38, 3139.50, 3.66%
Test - Best epoch, Loss, MSE, RMSE, MAE, MAPE: 18, 16483412.00, 16483411.67, 3935.52, 3038.01, 3.29%
- Epoch 019, ExpID 39521
Train - Loss: 9860295.19
Val - Loss, MSE, RMSE, MAE, MAPE: 20015748.00, 20015747.67, 4395.97, 3167.61, 3.69%
Test - Best epoch, Loss, MSE, RMSE, MAE, MAPE: 18, 16483412.00, 16483411.67, 3935.52, 3038.01, 3.29%
- Epoch 020, ExpID 39521
Train - Loss: 9693183.67
Val - Loss, MSE, RMSE, MAE, MAPE: 19821124.00, 19821124.00, 4361.02, 3141.23, 3.67%
Test - Best epoch, Loss, MSE, RMSE, MAE, MAPE: 18, 16483412.00, 16483411.67, 3935.52, 3038.01, 3.29%
- Epoch 021, ExpID 39521
Train - Loss: 9729585.86
Val - Loss, MSE, RMSE, MAE, MAPE: 20447326.00, 20447324.50, 4446.03, 3132.75, 3.64%
Test - Best epoch, Loss, MSE, RMSE, MAE, MAPE: 18, 16483412.00, 16483411.67, 3935.52, 3038.01, 3.29%
- Epoch 022, ExpID 39521
Train - Loss: 9462172.58
Val - Loss, MSE, RMSE, MAE, MAPE: 18683026.00, 18683025.50, 4250.09, 3034.84, 3.54%
Test - Best epoch, Loss, MSE, RMSE, MAE, MAPE: 22, 15775011.00, 15775010.33, 3869.08, 3006.55, 3.25%
- Epoch 023, ExpID 39521
Train - Loss: 9242150.05
Val - Loss, MSE, RMSE, MAE, MAPE: 19782334.00, 19782334.67, 4367.94, 3143.64, 3.66%
Test - Best epoch, Loss, MSE, RMSE, MAE, MAPE: 22, 15775011.00, 15775010.33, 3869.08, 3006.55, 3.25%
- Epoch 024, ExpID 39521
Train - Loss: 9390935.53
Val - Loss, MSE, RMSE, MAE, MAPE: 19240548.00, 19240547.17, 4301.88, 3066.61, 3.57%
Test - Best epoch, Loss, MSE, RMSE, MAE, MAPE: 22, 15775011.00, 15775010.33, 3869.08, 3006.55, 3.25%
- Epoch 025, ExpID 39521
Train - Loss: 9095582.35
Val - Loss, MSE, RMSE, MAE, MAPE: 19691588.00, 19691588.00, 4350.79, 3035.48, 3.53%
Test - Best epoch, Loss, MSE, RMSE, MAE, MAPE: 22, 15775011.00, 15775010.33, 3869.08, 3006.55, 3.25%
- Epoch 026, ExpID 39521
Train - Loss: 9150029.86
Val - Loss, MSE, RMSE, MAE, MAPE: 18657158.00, 18657157.33, 4242.02, 2986.22, 3.46%
Test - Best epoch, Loss, MSE, RMSE, MAE, MAPE: 26, 15405468.00, 15405468.83, 3799.65, 2907.19, 3.13%
- Epoch 027, ExpID 39521
Train - Loss: 8958778.28
Val - Loss, MSE, RMSE, MAE, MAPE: 18258208.00, 18258207.50, 4205.29, 2991.15, 3.49%
Test - Best epoch, Loss, MSE, RMSE, MAE, MAPE: 27, 15754915.00, 15754914.67, 3851.01, 2980.96, 3.22%
- Epoch 028, ExpID 39521
Train - Loss: 8928398.05
Val - Loss, MSE, RMSE, MAE, MAPE: 18625040.00, 18625039.00, 4247.42, 2998.05, 3.49%
Test - Best epoch, Loss, MSE, RMSE, MAE, MAPE: 27, 15754915.00, 15754914.67, 3851.01, 2980.96, 3.22%
- Epoch 029, ExpID 39521
Train - Loss: 8799609.22
Val - Loss, MSE, RMSE, MAE, MAPE: 18315520.00, 18315518.33, 4194.83, 2942.50, 3.43%
Test - Best epoch, Loss, MSE, RMSE, MAE, MAPE: 27, 15754915.00, 15754914.67, 3851.01, 2980.96, 3.22%
- Epoch 030, ExpID 39521
Train - Loss: 8726588.12
Val - Loss, MSE, RMSE, MAE, MAPE: 18833686.00, 18833684.17, 4278.86, 2996.31, 3.48%
Test - Best epoch, Loss, MSE, RMSE, MAE, MAPE: 27, 15754915.00, 15754914.67, 3851.01, 2980.96, 3.22%
- Epoch 031, ExpID 39521
Train - Loss: 8710971.15
Val - Loss, MSE, RMSE, MAE, MAPE: 17231124.00, 17231122.00, 4097.05, 2881.01, 3.35%
Test - Best epoch, Loss, MSE, RMSE, MAE, MAPE: 31, 15318128.00, 15318126.58, 3811.06, 2942.96, 3.18%
- Epoch 032, ExpID 39521
Train - Loss: 8646583.36
Val - Loss, MSE, RMSE, MAE, MAPE: 18905996.00, 18905994.17, 4257.75, 2963.70, 3.43%
Test - Best epoch, Loss, MSE, RMSE, MAE, MAPE: 31, 15318128.00, 15318126.58, 3811.06, 2942.96, 3.18%
- Epoch 033, ExpID 39521
Train - Loss: 8637207.42
Val - Loss, MSE, RMSE, MAE, MAPE: 18939882.00, 18939880.33, 4263.08, 2971.65, 3.47%
Test - Best epoch, Loss, MSE, RMSE, MAE, MAPE: 31, 15318128.00, 15318126.58, 3811.06, 2942.96, 3.18%
- Epoch 034, ExpID 39521
Train - Loss: 8465311.81
Val - Loss, MSE, RMSE, MAE, MAPE: 18166562.00, 18166561.33, 4186.54, 2887.13, 3.34%
Test - Best epoch, Loss, MSE, RMSE, MAE, MAPE: 31, 15318128.00, 15318126.58, 3811.06, 2942.96, 3.18%
- Epoch 035, ExpID 39521
Train - Loss: 8467282.97
Val - Loss, MSE, RMSE, MAE, MAPE: 18261950.00, 18261949.67, 4191.11, 2922.00, 3.39%
Test - Best epoch, Loss, MSE, RMSE, MAE, MAPE: 31, 15318128.00, 15318126.58, 3811.06, 2942.96, 3.18%
- Epoch 036, ExpID 39521
Train - Loss: 8372969.32
Val - Loss, MSE, RMSE, MAE, MAPE: 18985924.00, 18985923.67, 4277.85, 3015.36, 3.56%
Test - Best epoch, Loss, MSE, RMSE, MAE, MAPE: 31, 15318128.00, 15318126.58, 3811.06, 2942.96, 3.18%
- Epoch 037, ExpID 39521
Train - Loss: 8272741.88
Val - Loss, MSE, RMSE, MAE, MAPE: 17359330.00, 17359329.17, 4091.37, 2869.72, 3.37%
Test - Best epoch, Loss, MSE, RMSE, MAE, MAPE: 31, 15318128.00, 15318126.58, 3811.06, 2942.96, 3.18%
- Epoch 038, ExpID 39521
Train - Loss: 8296651.82
Val - Loss, MSE, RMSE, MAE, MAPE: 18547236.00, 18547237.33, 4227.46, 2952.21, 3.44%
Test - Best epoch, Loss, MSE, RMSE, MAE, MAPE: 31, 15318128.00, 15318126.58, 3811.06, 2942.96, 3.18%
- Epoch 039, ExpID 39521
Train - Loss: 8181166.25
Val - Loss, MSE, RMSE, MAE, MAPE: 17044694.00, 17044693.67, 4042.90, 2824.56, 3.32%
Test - Best epoch, Loss, MSE, RMSE, MAE, MAPE: 39, 13938170.00, 13938169.75, 3654.73, 2817.54, 3.06%
- Epoch 040, ExpID 39521
Train - Loss: 8214794.12
Val - Loss, MSE, RMSE, MAE, MAPE: 17721350.00, 17721349.67, 4126.96, 2867.20, 3.38%
Test - Best epoch, Loss, MSE, RMSE, MAE, MAPE: 39, 13938170.00, 13938169.75, 3654.73, 2817.54, 3.06%
- Epoch 041, ExpID 39521
Train - Loss: 8076824.35
Val - Loss, MSE, RMSE, MAE, MAPE: 17839888.00, 17839886.33, 4130.70, 2875.10, 3.36%
Test - Best epoch, Loss, MSE, RMSE, MAE, MAPE: 39, 13938170.00, 13938169.75, 3654.73, 2817.54, 3.06%
- Epoch 042, ExpID 39521
Train - Loss: 7974122.53
Val - Loss, MSE, RMSE, MAE, MAPE: 17517848.00, 17517848.00, 4111.24, 2891.45, 3.37%
Test - Best epoch, Loss, MSE, RMSE, MAE, MAPE: 39, 13938170.00, 13938169.75, 3654.73, 2817.54, 3.06%
- Epoch 043, ExpID 39521
Train - Loss: 8044487.98
Val - Loss, MSE, RMSE, MAE, MAPE: 17159296.00, 17159295.83, 4056.42, 2828.93, 3.32%
Test - Best epoch, Loss, MSE, RMSE, MAE, MAPE: 39, 13938170.00, 13938169.75, 3654.73, 2817.54, 3.06%
- Epoch 044, ExpID 39521
Train - Loss: 8059516.85
Val - Loss, MSE, RMSE, MAE, MAPE: 18354324.00, 18354324.00, 4188.25, 2914.38, 3.41%
Test - Best epoch, Loss, MSE, RMSE, MAE, MAPE: 39, 13938170.00, 13938169.75, 3654.73, 2817.54, 3.06%
- Epoch 045, ExpID 39521
Train - Loss: 8013808.10
Val - Loss, MSE, RMSE, MAE, MAPE: 17412918.00, 17412918.33, 4097.01, 2836.95, 3.31%
Test - Best epoch, Loss, MSE, RMSE, MAE, MAPE: 39, 13938170.00, 13938169.75, 3654.73, 2817.54, 3.06%
- Epoch 046, ExpID 39521
Train - Loss: 7844890.88
Val - Loss, MSE, RMSE, MAE, MAPE: 17431230.00, 17431229.17, 4091.57, 2848.13, 3.31%
Test - Best epoch, Loss, MSE, RMSE, MAE, MAPE: 39, 13938170.00, 13938169.75, 3654.73, 2817.54, 3.06%
- Epoch 047, ExpID 39521
Train - Loss: 7809680.09
Val - Loss, MSE, RMSE, MAE, MAPE: 17771608.00, 17771608.92, 4112.58, 2845.77, 3.35%
Test - Best epoch, Loss, MSE, RMSE, MAE, MAPE: 39, 13938170.00, 13938169.75, 3654.73, 2817.54, 3.06%
- Epoch 048, ExpID 39521
Train - Loss: 7750952.50
Val - Loss, MSE, RMSE, MAE, MAPE: 17887964.00, 17887962.67, 4140.03, 2882.39, 3.36%
Test - Best epoch, Loss, MSE, RMSE, MAE, MAPE: 39, 13938170.00, 13938169.75, 3654.73, 2817.54, 3.06%
- Epoch 049, ExpID 39521
Train - Loss: 7707793.34
Val - Loss, MSE, RMSE, MAE, MAPE: 17827336.00, 17827337.67, 4142.50, 2857.29, 3.36%
Test - Best epoch, Loss, MSE, RMSE, MAE, MAPE: 39, 13938170.00, 13938169.75, 3654.73, 2817.54, 3.06%
Early Stopping at Epoch 49
Fold 2018 Best RMSE: 3654.7306

-------------------- [Fold: 2019] ExpID: 86989 --------------------
- Epoch 000, ExpID 86989
Train - Loss: 36504345.12
Val - Loss, MSE, RMSE, MAE, MAPE: 57937064.00, 57937064.00, 7559.41, 6227.64, 6.71%
Test - Best epoch, Loss, MSE, RMSE, MAE, MAPE: 0, 74588144.00, 74588132.67, 8606.12, 7008.98, 7.29%
- Epoch 001, ExpID 86989
Train - Loss: 33902995.52
Val - Loss, MSE, RMSE, MAE, MAPE: 56550764.00, 56550762.00, 7456.62, 6097.68, 6.64%
Test - Best epoch, Loss, MSE, RMSE, MAE, MAPE: 1, 71553384.00, 71553380.00, 8422.28, 6872.16, 7.23%
- Epoch 002, ExpID 86989
Train - Loss: 33499536.73
Val - Loss, MSE, RMSE, MAE, MAPE: 56052696.00, 56052694.67, 7421.69, 6079.39, 6.61%
Test - Best epoch, Loss, MSE, RMSE, MAE, MAPE: 2, 70479552.00, 70479549.33, 8361.84, 6822.09, 7.15%
- Epoch 003, ExpID 86989
Train - Loss: 32981687.78
Val - Loss, MSE, RMSE, MAE, MAPE: 54078540.00, 54078538.00, 7290.22, 5997.26, 6.51%
Test - Best epoch, Loss, MSE, RMSE, MAE, MAPE: 3, 68753056.00, 68753056.00, 8257.38, 6718.72, 7.02%
- Epoch 004, ExpID 86989
Train - Loss: 31136646.84
Val - Loss, MSE, RMSE, MAE, MAPE: 49169352.00, 49169347.33, 6954.13, 5744.92, 6.27%
Test - Best epoch, Loss, MSE, RMSE, MAE, MAPE: 4, 62819984.00, 62819981.33, 7892.77, 6425.66, 6.77%
- Epoch 005, ExpID 86989
Train - Loss: 25245302.14
Val - Loss, MSE, RMSE, MAE, MAPE: 29724004.00, 29724003.33, 5387.28, 4399.32, 4.77%
Test - Best epoch, Loss, MSE, RMSE, MAE, MAPE: 5, 35885816.00, 35885816.00, 5919.62, 4742.55, 4.98%
- Epoch 006, ExpID 86989
Train - Loss: 15870040.84
Val - Loss, MSE, RMSE, MAE, MAPE: 20684472.00, 20684471.67, 4453.71, 3472.20, 3.75%
Test - Best epoch, Loss, MSE, RMSE, MAE, MAPE: 6, 24277182.00, 24277181.17, 4835.10, 3685.64, 3.85%
- Epoch 007, ExpID 86989
Train - Loss: 13430502.34
Val - Loss, MSE, RMSE, MAE, MAPE: 19727576.00, 19727575.67, 4347.89, 3331.04, 3.58%
Test - Best epoch, Loss, MSE, RMSE, MAE, MAPE: 7, 23098990.00, 23098989.83, 4713.73, 3559.69, 3.69%
- Epoch 008, ExpID 86989
Train - Loss: 12354877.81
Val - Loss, MSE, RMSE, MAE, MAPE: 18693100.00, 18693099.17, 4225.46, 3245.49, 3.50%
Test - Best epoch, Loss, MSE, RMSE, MAE, MAPE: 8, 21349438.00, 21349437.67, 4517.56, 3323.20, 3.46%
- Epoch 009, ExpID 86989
Train - Loss: 11936953.23
Val - Loss, MSE, RMSE, MAE, MAPE: 18797536.00, 18797534.17, 4244.42, 3309.15, 3.56%
Test - Best epoch, Loss, MSE, RMSE, MAE, MAPE: 8, 21349438.00, 21349437.67, 4517.56, 3323.20, 3.46%
- Epoch 010, ExpID 86989
Train - Loss: 11449518.35
Val - Loss, MSE, RMSE, MAE, MAPE: 17888178.00, 17888176.00, 4101.86, 3130.87, 3.39%
Test - Best epoch, Loss, MSE, RMSE, MAE, MAPE: 10, 19698282.00, 19698281.67, 4338.61, 3092.49, 3.23%
- Epoch 011, ExpID 86989
Train - Loss: 11143032.82
Val - Loss, MSE, RMSE, MAE, MAPE: 17216516.00, 17216515.83, 4027.80, 3097.98, 3.35%
Test - Best epoch, Loss, MSE, RMSE, MAE, MAPE: 11, 19486524.00, 19486522.00, 4287.05, 3115.46, 3.25%
- Epoch 012, ExpID 86989
Train - Loss: 10979636.66
Val - Loss, MSE, RMSE, MAE, MAPE: 17382668.00, 17382666.00, 4054.73, 3071.92, 3.30%
Test - Best epoch, Loss, MSE, RMSE, MAE, MAPE: 11, 19486524.00, 19486522.00, 4287.05, 3115.46, 3.25%
- Epoch 013, ExpID 86989
Train - Loss: 10662088.04
Val - Loss, MSE, RMSE, MAE, MAPE: 16029027.00, 16029026.58, 3892.38, 2965.03, 3.21%
Test - Best epoch, Loss, MSE, RMSE, MAE, MAPE: 13, 18053724.00, 18053724.42, 4129.29, 2917.98, 3.06%
- Epoch 014, ExpID 86989
Train - Loss: 10420118.45
Val - Loss, MSE, RMSE, MAE, MAPE: 15979262.00, 15979261.33, 3873.46, 2957.41, 3.20%
Test - Best epoch, Loss, MSE, RMSE, MAE, MAPE: 14, 17806424.00, 17806423.75, 4107.86, 2912.86, 3.05%
- Epoch 015, ExpID 86989
Train - Loss: 10320325.10
Val - Loss, MSE, RMSE, MAE, MAPE: 16582912.00, 16582912.17, 3942.17, 3007.15, 3.28%
Test - Best epoch, Loss, MSE, RMSE, MAE, MAPE: 14, 17806424.00, 17806423.75, 4107.86, 2912.86, 3.05%
- Epoch 016, ExpID 86989
Train - Loss: 10100890.53
Val - Loss, MSE, RMSE, MAE, MAPE: 16366234.00, 16366233.17, 3925.19, 3007.50, 3.28%
Test - Best epoch, Loss, MSE, RMSE, MAE, MAPE: 14, 17806424.00, 17806423.75, 4107.86, 2912.86, 3.05%
- Epoch 017, ExpID 86989
Train - Loss: 10052300.01
Val - Loss, MSE, RMSE, MAE, MAPE: 15357607.00, 15357606.83, 3820.66, 2892.25, 3.12%
Test - Best epoch, Loss, MSE, RMSE, MAE, MAPE: 17, 17790428.00, 17790428.00, 4080.17, 2850.29, 2.99%
- Epoch 018, ExpID 86989
Train - Loss: 9875512.77
Val - Loss, MSE, RMSE, MAE, MAPE: 15607114.00, 15607113.58, 3836.37, 2919.47, 3.16%
Test - Best epoch, Loss, MSE, RMSE, MAE, MAPE: 17, 17790428.00, 17790428.00, 4080.17, 2850.29, 2.99%
- Epoch 019, ExpID 86989
Train - Loss: 9766824.93
Val - Loss, MSE, RMSE, MAE, MAPE: 15373456.00, 15373456.00, 3831.45, 2919.37, 3.14%
Test - Best epoch, Loss, MSE, RMSE, MAE, MAPE: 17, 17790428.00, 17790428.00, 4080.17, 2850.29, 2.99%
- Epoch 020, ExpID 86989
Train - Loss: 9611623.76
Val - Loss, MSE, RMSE, MAE, MAPE: 16133919.00, 16133918.00, 3894.31, 2980.67, 3.21%
Test - Best epoch, Loss, MSE, RMSE, MAE, MAPE: 17, 17790428.00, 17790428.00, 4080.17, 2850.29, 2.99%
- Epoch 021, ExpID 86989
Train - Loss: 9582691.03
Val - Loss, MSE, RMSE, MAE, MAPE: 15178014.00, 15178013.42, 3786.94, 2897.08, 3.15%
Test - Best epoch, Loss, MSE, RMSE, MAE, MAPE: 21, 17140736.00, 17140736.83, 4021.57, 2877.81, 3.05%
- Epoch 022, ExpID 86989
Train - Loss: 9546398.54
Val - Loss, MSE, RMSE, MAE, MAPE: 15001856.00, 15001857.00, 3779.91, 2874.39, 3.11%
Test - Best epoch, Loss, MSE, RMSE, MAE, MAPE: 22, 17143374.00, 17143373.67, 4032.83, 2834.87, 2.99%
- Epoch 023, ExpID 86989
Train - Loss: 9478102.34
Val - Loss, MSE, RMSE, MAE, MAPE: 14839172.00, 14839171.50, 3768.89, 2885.12, 3.14%
Test - Best epoch, Loss, MSE, RMSE, MAE, MAPE: 23, 17404250.00, 17404248.75, 4043.76, 2950.39, 3.12%
- Epoch 024, ExpID 86989
Train - Loss: 9486508.18
Val - Loss, MSE, RMSE, MAE, MAPE: 14487784.00, 14487784.42, 3718.78, 2828.43, 3.06%
Test - Best epoch, Loss, MSE, RMSE, MAE, MAPE: 24, 16684043.00, 16684043.58, 3966.74, 2774.93, 2.92%
- Epoch 025, ExpID 86989
Train - Loss: 9274435.60
Val - Loss, MSE, RMSE, MAE, MAPE: 14567002.00, 14567002.67, 3735.66, 2857.25, 3.11%
Test - Best epoch, Loss, MSE, RMSE, MAE, MAPE: 24, 16684043.00, 16684043.58, 3966.74, 2774.93, 2.92%
- Epoch 026, ExpID 86989
Train - Loss: 9134755.04
Val - Loss, MSE, RMSE, MAE, MAPE: 13978112.00, 13978111.67, 3673.40, 2846.83, 3.10%
Test - Best epoch, Loss, MSE, RMSE, MAE, MAPE: 26, 16775160.00, 16775160.08, 3973.41, 2884.42, 3.06%
- Epoch 027, ExpID 86989
Train - Loss: 9022282.71
Val - Loss, MSE, RMSE, MAE, MAPE: 14690732.00, 14690732.17, 3741.41, 2868.58, 3.12%
Test - Best epoch, Loss, MSE, RMSE, MAE, MAPE: 26, 16775160.00, 16775160.08, 3973.41, 2884.42, 3.06%
- Epoch 028, ExpID 86989
Train - Loss: 9020197.64
Val - Loss, MSE, RMSE, MAE, MAPE: 13784971.00, 13784971.00, 3645.23, 2802.47, 3.04%
Test - Best epoch, Loss, MSE, RMSE, MAE, MAPE: 28, 16613056.00, 16613054.67, 3954.94, 2835.72, 3.00%
- Epoch 029, ExpID 86989
Train - Loss: 8877350.54
Val - Loss, MSE, RMSE, MAE, MAPE: 13641379.00, 13641379.67, 3627.86, 2767.63, 3.00%
Test - Best epoch, Loss, MSE, RMSE, MAE, MAPE: 29, 16278215.00, 16278215.33, 3917.76, 2790.68, 2.93%
- Epoch 030, ExpID 86989
Train - Loss: 8819316.22
Val - Loss, MSE, RMSE, MAE, MAPE: 13925071.00, 13925070.83, 3671.31, 2809.28, 3.02%
Test - Best epoch, Loss, MSE, RMSE, MAE, MAPE: 29, 16278215.00, 16278215.33, 3917.76, 2790.68, 2.93%
- Epoch 031, ExpID 86989
Train - Loss: 8797036.92
Val - Loss, MSE, RMSE, MAE, MAPE: 13187322.00, 13187320.75, 3569.05, 2735.58, 2.97%
Test - Best epoch, Loss, MSE, RMSE, MAE, MAPE: 31, 16347588.00, 16347587.17, 3905.46, 2775.98, 2.93%
- Epoch 032, ExpID 86989
Train - Loss: 8642143.31
Val - Loss, MSE, RMSE, MAE, MAPE: 13909000.00, 13909000.58, 3665.92, 2826.41, 3.05%
Test - Best epoch, Loss, MSE, RMSE, MAE, MAPE: 31, 16347588.00, 16347587.17, 3905.46, 2775.98, 2.93%
- Epoch 033, ExpID 86989
Train - Loss: 8626783.95
Val - Loss, MSE, RMSE, MAE, MAPE: 13568175.00, 13568173.33, 3614.07, 2751.66, 2.98%
Test - Best epoch, Loss, MSE, RMSE, MAE, MAPE: 31, 16347588.00, 16347587.17, 3905.46, 2775.98, 2.93%
- Epoch 034, ExpID 86989
Train - Loss: 8550214.99
Val - Loss, MSE, RMSE, MAE, MAPE: 13491668.00, 13491668.67, 3622.56, 2760.04, 2.99%
Test - Best epoch, Loss, MSE, RMSE, MAE, MAPE: 31, 16347588.00, 16347587.17, 3905.46, 2775.98, 2.93%
- Epoch 035, ExpID 86989
Train - Loss: 8451282.51
Val - Loss, MSE, RMSE, MAE, MAPE: 13850427.00, 13850427.33, 3663.02, 2768.53, 3.00%
Test - Best epoch, Loss, MSE, RMSE, MAE, MAPE: 31, 16347588.00, 16347587.17, 3905.46, 2775.98, 2.93%
- Epoch 036, ExpID 86989
Train - Loss: 8515375.85
Val - Loss, MSE, RMSE, MAE, MAPE: 13917775.00, 13917774.50, 3658.04, 2775.24, 3.00%
Test - Best epoch, Loss, MSE, RMSE, MAE, MAPE: 31, 16347588.00, 16347587.17, 3905.46, 2775.98, 2.93%
- Epoch 037, ExpID 86989
Train - Loss: 8317951.40
Val - Loss, MSE, RMSE, MAE, MAPE: 13426455.00, 13426453.50, 3612.14, 2726.04, 2.95%
Test - Best epoch, Loss, MSE, RMSE, MAE, MAPE: 31, 16347588.00, 16347587.17, 3905.46, 2775.98, 2.93%
- Epoch 038, ExpID 86989
Train - Loss: 8362667.80
Val - Loss, MSE, RMSE, MAE, MAPE: 13870042.00, 13870041.50, 3654.66, 2749.17, 2.98%
Test - Best epoch, Loss, MSE, RMSE, MAE, MAPE: 31, 16347588.00, 16347587.17, 3905.46, 2775.98, 2.93%
- Epoch 039, ExpID 86989
Train - Loss: 8145858.69
Val - Loss, MSE, RMSE, MAE, MAPE: 13193048.00, 13193047.17, 3572.60, 2727.24, 2.96%
Test - Best epoch, Loss, MSE, RMSE, MAE, MAPE: 31, 16347588.00, 16347587.17, 3905.46, 2775.98, 2.93%
- Epoch 040, ExpID 86989
Train - Loss: 8172439.24
Val - Loss, MSE, RMSE, MAE, MAPE: 13573484.00, 13573484.67, 3626.58, 2760.33, 3.01%
Test - Best epoch, Loss, MSE, RMSE, MAE, MAPE: 31, 16347588.00, 16347587.17, 3905.46, 2775.98, 2.93%
- Epoch 041, ExpID 86989
Train - Loss: 8197651.38
Val - Loss, MSE, RMSE, MAE, MAPE: 13877539.00, 13877539.00, 3664.75, 2754.83, 2.98%
Test - Best epoch, Loss, MSE, RMSE, MAE, MAPE: 31, 16347588.00, 16347587.17, 3905.46, 2775.98, 2.93%
Early Stopping at Epoch 41
Fold 2019 Best RMSE: 3905.4569
