DETAILED LOG | Model: tsmixer | Seed: 2
FULL CONFIG: {'gpu': '3', 'target': 'departure', 'cv_start_year': 2017, 'cv_end_year': 2019, 'test_year': 2024, 'use_corona': False, 'seq_len': 365, 'label_len': 0, 'pred_len': 1, 'batch_size': 64, 'epochs': 1000, 'patience': 10, 'lr': 0.001, 'model': 'tsmixer', 'd_model': 256, 'n_heads': 4, 'n_layers': 3, 'dropout': 0.1, 'activation': 'gelu', 'patch_len': 16, 'factor': 5, 'norm_mode': 'revin', 'use_dbloss': False, 'device': device(type='cuda'), 'stride': 16, 'file_path': 'dataset/airport_daily_flight_merged.csv', 'seed': 2, 'val_year': 2019, 'ndims': 1}

-------------------- [Fold: 2017] ExpID: 53171 --------------------
- Epoch 000, ExpID 53171
Train - Loss: 17289414.07
Val - Loss, MSE, RMSE, MAE, MAPE: 26176824.00, 26176824.83, 5036.56, 4000.11, 5.02%
Test - Best epoch, Loss, MSE, RMSE, MAE, MAPE: 0, 30122892.00, 30122891.17, 5201.75, 3872.66, 4.58%
- Epoch 001, ExpID 53171
Train - Loss: 8152638.13
Val - Loss, MSE, RMSE, MAE, MAPE: 18008560.00, 18008561.17, 4151.04, 3102.08, 3.89%
Test - Best epoch, Loss, MSE, RMSE, MAE, MAPE: 1, 23687636.00, 23687634.50, 4640.57, 3248.85, 3.92%
- Epoch 002, ExpID 53171
Train - Loss: 6480530.92
Val - Loss, MSE, RMSE, MAE, MAPE: 18477556.00, 18477555.00, 4191.98, 3166.12, 3.96%
Test - Best epoch, Loss, MSE, RMSE, MAE, MAPE: 1, 23687636.00, 23687634.50, 4640.57, 3248.85, 3.92%
- Epoch 003, ExpID 53171
Train - Loss: 4972308.10
Val - Loss, MSE, RMSE, MAE, MAPE: 20189988.00, 20189987.92, 4370.30, 3367.88, 4.22%
Test - Best epoch, Loss, MSE, RMSE, MAE, MAPE: 1, 23687636.00, 23687634.50, 4640.57, 3248.85, 3.92%
- Epoch 004, ExpID 53171
Train - Loss: 4055661.62
Val - Loss, MSE, RMSE, MAE, MAPE: 16709887.00, 16709885.83, 4039.50, 3015.77, 3.86%
Test - Best epoch, Loss, MSE, RMSE, MAE, MAPE: 4, 23625110.00, 23625109.50, 4655.13, 3452.63, 4.21%
- Epoch 005, ExpID 53171
Train - Loss: 3252488.33
Val - Loss, MSE, RMSE, MAE, MAPE: 16711911.00, 16711910.92, 4024.35, 3054.09, 3.90%
Test - Best epoch, Loss, MSE, RMSE, MAE, MAPE: 4, 23625110.00, 23625109.50, 4655.13, 3452.63, 4.21%
- Epoch 006, ExpID 53171
Train - Loss: 2755917.24
Val - Loss, MSE, RMSE, MAE, MAPE: 17324704.00, 17324703.33, 4075.10, 3145.23, 3.96%
Test - Best epoch, Loss, MSE, RMSE, MAE, MAPE: 4, 23625110.00, 23625109.50, 4655.13, 3452.63, 4.21%
- Epoch 007, ExpID 53171
Train - Loss: 2226565.90
Val - Loss, MSE, RMSE, MAE, MAPE: 19572278.00, 19572277.83, 4310.12, 3306.07, 4.13%
Test - Best epoch, Loss, MSE, RMSE, MAE, MAPE: 4, 23625110.00, 23625109.50, 4655.13, 3452.63, 4.21%
- Epoch 008, ExpID 53171
Train - Loss: 1973890.85
Val - Loss, MSE, RMSE, MAE, MAPE: 17648564.00, 17648565.50, 4119.83, 3114.30, 3.96%
Test - Best epoch, Loss, MSE, RMSE, MAE, MAPE: 4, 23625110.00, 23625109.50, 4655.13, 3452.63, 4.21%
- Epoch 009, ExpID 53171
Train - Loss: 1733052.23
Val - Loss, MSE, RMSE, MAE, MAPE: 18228644.00, 18228643.00, 4195.63, 3140.01, 4.00%
Test - Best epoch, Loss, MSE, RMSE, MAE, MAPE: 4, 23625110.00, 23625109.50, 4655.13, 3452.63, 4.21%
- Epoch 010, ExpID 53171
Train - Loss: 1733424.62
Val - Loss, MSE, RMSE, MAE, MAPE: 17864900.00, 17864898.25, 4135.65, 3047.32, 3.85%
Test - Best epoch, Loss, MSE, RMSE, MAE, MAPE: 4, 23625110.00, 23625109.50, 4655.13, 3452.63, 4.21%
- Epoch 011, ExpID 53171
Train - Loss: 1350850.57
Val - Loss, MSE, RMSE, MAE, MAPE: 19617616.00, 19617616.58, 4327.98, 3244.17, 4.08%
Test - Best epoch, Loss, MSE, RMSE, MAE, MAPE: 4, 23625110.00, 23625109.50, 4655.13, 3452.63, 4.21%
- Epoch 012, ExpID 53171
Train - Loss: 1368206.74
Val - Loss, MSE, RMSE, MAE, MAPE: 17117384.00, 17117384.17, 4083.49, 3027.92, 3.86%
Test - Best epoch, Loss, MSE, RMSE, MAE, MAPE: 4, 23625110.00, 23625109.50, 4655.13, 3452.63, 4.21%
- Epoch 013, ExpID 53171
Train - Loss: 1082794.13
Val - Loss, MSE, RMSE, MAE, MAPE: 18769920.00, 18769918.92, 4224.11, 3173.21, 4.02%
Test - Best epoch, Loss, MSE, RMSE, MAE, MAPE: 4, 23625110.00, 23625109.50, 4655.13, 3452.63, 4.21%
- Epoch 014, ExpID 53171
Train - Loss: 985592.43
Val - Loss, MSE, RMSE, MAE, MAPE: 19309220.00, 19309220.75, 4306.71, 3259.30, 4.12%
Test - Best epoch, Loss, MSE, RMSE, MAE, MAPE: 4, 23625110.00, 23625109.50, 4655.13, 3452.63, 4.21%
Early Stopping at Epoch 14
Fold 2017 Best RMSE: 4655.1348

-------------------- [Fold: 2018] ExpID: 70795 --------------------
- Epoch 000, ExpID 70795
Train - Loss: 16558923.82
Val - Loss, MSE, RMSE, MAE, MAPE: 29878364.00, 29878363.00, 5243.54, 3971.92, 4.74%
Test - Best epoch, Loss, MSE, RMSE, MAE, MAPE: 0, 22715776.00, 22715773.83, 4724.90, 3707.10, 4.01%
- Epoch 001, ExpID 70795
Train - Loss: 8606748.67
Val - Loss, MSE, RMSE, MAE, MAPE: 25079910.00, 25079911.17, 4792.15, 3724.43, 4.47%
Test - Best epoch, Loss, MSE, RMSE, MAE, MAPE: 1, 19932046.00, 19932044.50, 4440.03, 3472.69, 3.75%
- Epoch 002, ExpID 70795
Train - Loss: 6270021.50
Val - Loss, MSE, RMSE, MAE, MAPE: 26238732.00, 26238731.00, 4941.16, 3618.40, 4.40%
Test - Best epoch, Loss, MSE, RMSE, MAE, MAPE: 1, 19932046.00, 19932044.50, 4440.03, 3472.69, 3.75%
- Epoch 003, ExpID 70795
Train - Loss: 5107190.85
Val - Loss, MSE, RMSE, MAE, MAPE: 28695686.00, 28695685.33, 5104.39, 3915.19, 4.77%
Test - Best epoch, Loss, MSE, RMSE, MAE, MAPE: 1, 19932046.00, 19932044.50, 4440.03, 3472.69, 3.75%
- Epoch 004, ExpID 70795
Train - Loss: 3947336.32
Val - Loss, MSE, RMSE, MAE, MAPE: 23750412.00, 23750411.33, 4667.78, 3527.63, 4.18%
Test - Best epoch, Loss, MSE, RMSE, MAE, MAPE: 4, 19523992.00, 19523992.67, 4370.05, 3378.66, 3.62%
- Epoch 005, ExpID 70795
Train - Loss: 3535148.90
Val - Loss, MSE, RMSE, MAE, MAPE: 24433944.00, 24433944.50, 4678.54, 3397.14, 4.14%
Test - Best epoch, Loss, MSE, RMSE, MAE, MAPE: 4, 19523992.00, 19523992.67, 4370.05, 3378.66, 3.62%
- Epoch 006, ExpID 70795
Train - Loss: 2786216.63
Val - Loss, MSE, RMSE, MAE, MAPE: 23020396.00, 23020394.33, 4614.55, 3364.25, 4.07%
Test - Best epoch, Loss, MSE, RMSE, MAE, MAPE: 6, 18946420.00, 18946417.83, 4317.31, 3216.93, 3.51%
- Epoch 007, ExpID 70795
Train - Loss: 2190035.93
Val - Loss, MSE, RMSE, MAE, MAPE: 24591264.00, 24591264.50, 4674.55, 3376.12, 4.12%
Test - Best epoch, Loss, MSE, RMSE, MAE, MAPE: 6, 18946420.00, 18946417.83, 4317.31, 3216.93, 3.51%
- Epoch 008, ExpID 70795
Train - Loss: 1750442.33
Val - Loss, MSE, RMSE, MAE, MAPE: 25456648.00, 25456646.92, 4773.20, 3465.15, 4.22%
Test - Best epoch, Loss, MSE, RMSE, MAE, MAPE: 6, 18946420.00, 18946417.83, 4317.31, 3216.93, 3.51%
- Epoch 009, ExpID 70795
Train - Loss: 1645950.65
Val - Loss, MSE, RMSE, MAE, MAPE: 23677680.00, 23677679.17, 4634.17, 3344.88, 4.10%
Test - Best epoch, Loss, MSE, RMSE, MAE, MAPE: 6, 18946420.00, 18946417.83, 4317.31, 3216.93, 3.51%
- Epoch 010, ExpID 70795
Train - Loss: 1697751.35
Val - Loss, MSE, RMSE, MAE, MAPE: 24337112.00, 24337112.42, 4660.66, 3344.83, 4.04%
Test - Best epoch, Loss, MSE, RMSE, MAE, MAPE: 6, 18946420.00, 18946417.83, 4317.31, 3216.93, 3.51%
- Epoch 011, ExpID 70795
Train - Loss: 1552375.47
Val - Loss, MSE, RMSE, MAE, MAPE: 24749364.00, 24749361.83, 4699.78, 3424.64, 4.14%
Test - Best epoch, Loss, MSE, RMSE, MAE, MAPE: 6, 18946420.00, 18946417.83, 4317.31, 3216.93, 3.51%
- Epoch 012, ExpID 70795
Train - Loss: 1426412.96
Val - Loss, MSE, RMSE, MAE, MAPE: 24508796.00, 24508794.50, 4718.18, 3336.19, 4.02%
Test - Best epoch, Loss, MSE, RMSE, MAE, MAPE: 6, 18946420.00, 18946417.83, 4317.31, 3216.93, 3.51%
- Epoch 013, ExpID 70795
Train - Loss: 1188014.57
Val - Loss, MSE, RMSE, MAE, MAPE: 24409820.00, 24409819.33, 4696.81, 3460.20, 4.19%
Test - Best epoch, Loss, MSE, RMSE, MAE, MAPE: 6, 18946420.00, 18946417.83, 4317.31, 3216.93, 3.51%
- Epoch 014, ExpID 70795
Train - Loss: 1242992.77
Val - Loss, MSE, RMSE, MAE, MAPE: 24830664.00, 24830665.17, 4761.25, 3478.23, 4.22%
Test - Best epoch, Loss, MSE, RMSE, MAE, MAPE: 6, 18946420.00, 18946417.83, 4317.31, 3216.93, 3.51%
- Epoch 015, ExpID 70795
Train - Loss: 1098575.61
Val - Loss, MSE, RMSE, MAE, MAPE: 22617734.00, 22617732.67, 4448.87, 3197.39, 3.86%
Test - Best epoch, Loss, MSE, RMSE, MAE, MAPE: 15, 18285868.00, 18285866.67, 4221.72, 3240.41, 3.52%
- Epoch 016, ExpID 70795
Train - Loss: 993378.26
Val - Loss, MSE, RMSE, MAE, MAPE: 23566404.00, 23566404.00, 4622.89, 3479.48, 4.21%
Test - Best epoch, Loss, MSE, RMSE, MAE, MAPE: 15, 18285868.00, 18285866.67, 4221.72, 3240.41, 3.52%
- Epoch 017, ExpID 70795
Train - Loss: 927635.60
Val - Loss, MSE, RMSE, MAE, MAPE: 23709798.00, 23709798.33, 4608.59, 3363.58, 4.07%
Test - Best epoch, Loss, MSE, RMSE, MAE, MAPE: 15, 18285868.00, 18285866.67, 4221.72, 3240.41, 3.52%
- Epoch 018, ExpID 70795
Train - Loss: 1083009.75
Val - Loss, MSE, RMSE, MAE, MAPE: 24707564.00, 24707563.17, 4696.02, 3512.05, 4.26%
Test - Best epoch, Loss, MSE, RMSE, MAE, MAPE: 15, 18285868.00, 18285866.67, 4221.72, 3240.41, 3.52%
- Epoch 019, ExpID 70795
Train - Loss: 966758.15
Val - Loss, MSE, RMSE, MAE, MAPE: 23450472.00, 23450471.00, 4511.22, 3279.34, 3.98%
Test - Best epoch, Loss, MSE, RMSE, MAE, MAPE: 15, 18285868.00, 18285866.67, 4221.72, 3240.41, 3.52%
- Epoch 020, ExpID 70795
Train - Loss: 835576.55
Val - Loss, MSE, RMSE, MAE, MAPE: 23366000.00, 23365998.25, 4562.21, 3398.62, 4.10%
Test - Best epoch, Loss, MSE, RMSE, MAE, MAPE: 15, 18285868.00, 18285866.67, 4221.72, 3240.41, 3.52%
- Epoch 021, ExpID 70795
Train - Loss: 912167.23
Val - Loss, MSE, RMSE, MAE, MAPE: 22652310.00, 22652309.67, 4563.62, 3366.22, 4.06%
Test - Best epoch, Loss, MSE, RMSE, MAE, MAPE: 15, 18285868.00, 18285866.67, 4221.72, 3240.41, 3.52%
- Epoch 022, ExpID 70795
Train - Loss: 889894.08
Val - Loss, MSE, RMSE, MAE, MAPE: 23286056.00, 23286054.67, 4591.30, 3393.29, 4.11%
Test - Best epoch, Loss, MSE, RMSE, MAE, MAPE: 15, 18285868.00, 18285866.67, 4221.72, 3240.41, 3.52%
- Epoch 023, ExpID 70795
Train - Loss: 925162.63
Val - Loss, MSE, RMSE, MAE, MAPE: 22259836.00, 22259835.33, 4459.76, 3214.54, 3.88%
Test - Best epoch, Loss, MSE, RMSE, MAE, MAPE: 23, 18307570.00, 18307569.50, 4213.82, 3280.60, 3.59%
- Epoch 024, ExpID 70795
Train - Loss: 811079.38
Val - Loss, MSE, RMSE, MAE, MAPE: 24065604.00, 24065602.67, 4647.46, 3384.85, 4.12%
Test - Best epoch, Loss, MSE, RMSE, MAE, MAPE: 23, 18307570.00, 18307569.50, 4213.82, 3280.60, 3.59%
- Epoch 025, ExpID 70795
Train - Loss: 833843.54
Val - Loss, MSE, RMSE, MAE, MAPE: 22572214.00, 22572213.00, 4526.82, 3242.63, 3.91%
Test - Best epoch, Loss, MSE, RMSE, MAE, MAPE: 23, 18307570.00, 18307569.50, 4213.82, 3280.60, 3.59%
- Epoch 026, ExpID 70795
Train - Loss: 835372.88
Val - Loss, MSE, RMSE, MAE, MAPE: 23309748.00, 23309748.50, 4556.22, 3367.08, 4.05%
Test - Best epoch, Loss, MSE, RMSE, MAE, MAPE: 23, 18307570.00, 18307569.50, 4213.82, 3280.60, 3.59%
- Epoch 027, ExpID 70795
Train - Loss: 806238.85
Val - Loss, MSE, RMSE, MAE, MAPE: 21647332.00, 21647331.83, 4404.94, 3250.73, 3.93%
Test - Best epoch, Loss, MSE, RMSE, MAE, MAPE: 27, 17335638.00, 17335637.67, 4104.66, 3150.57, 3.44%
- Epoch 028, ExpID 70795
Train - Loss: 807965.43
Val - Loss, MSE, RMSE, MAE, MAPE: 22743360.00, 22743360.17, 4496.65, 3326.48, 4.02%
Test - Best epoch, Loss, MSE, RMSE, MAE, MAPE: 27, 17335638.00, 17335637.67, 4104.66, 3150.57, 3.44%
- Epoch 029, ExpID 70795
Train - Loss: 691433.86
Val - Loss, MSE, RMSE, MAE, MAPE: 21204756.00, 21204754.83, 4375.01, 3134.63, 3.82%
Test - Best epoch, Loss, MSE, RMSE, MAE, MAPE: 29, 18940412.00, 18940411.67, 4289.76, 3345.15, 3.66%
- Epoch 030, ExpID 70795
Train - Loss: 709693.10
Val - Loss, MSE, RMSE, MAE, MAPE: 22501598.00, 22501598.83, 4504.25, 3318.70, 4.01%
Test - Best epoch, Loss, MSE, RMSE, MAE, MAPE: 29, 18940412.00, 18940411.67, 4289.76, 3345.15, 3.66%
- Epoch 031, ExpID 70795
Train - Loss: 680515.29
Val - Loss, MSE, RMSE, MAE, MAPE: 21066548.00, 21066546.58, 4363.67, 3155.36, 3.79%
Test - Best epoch, Loss, MSE, RMSE, MAE, MAPE: 31, 17475080.00, 17475079.67, 4118.90, 3113.85, 3.37%
- Epoch 032, ExpID 70795
Train - Loss: 949448.80
Val - Loss, MSE, RMSE, MAE, MAPE: 20952472.00, 20952471.50, 4340.66, 3200.91, 3.87%
Test - Best epoch, Loss, MSE, RMSE, MAE, MAPE: 32, 17346814.00, 17346814.67, 4090.19, 3101.50, 3.38%
- Epoch 033, ExpID 70795
Train - Loss: 815324.68
Val - Loss, MSE, RMSE, MAE, MAPE: 21634852.00, 21634852.33, 4373.80, 3157.79, 3.82%
Test - Best epoch, Loss, MSE, RMSE, MAE, MAPE: 32, 17346814.00, 17346814.67, 4090.19, 3101.50, 3.38%
- Epoch 034, ExpID 70795
Train - Loss: 773684.43
Val - Loss, MSE, RMSE, MAE, MAPE: 22528150.00, 22528147.67, 4461.80, 3296.98, 3.97%
Test - Best epoch, Loss, MSE, RMSE, MAE, MAPE: 32, 17346814.00, 17346814.67, 4090.19, 3101.50, 3.38%
- Epoch 035, ExpID 70795
Train - Loss: 818082.18
Val - Loss, MSE, RMSE, MAE, MAPE: 21780604.00, 21780602.00, 4476.55, 3254.78, 3.94%
Test - Best epoch, Loss, MSE, RMSE, MAE, MAPE: 32, 17346814.00, 17346814.67, 4090.19, 3101.50, 3.38%
- Epoch 036, ExpID 70795
Train - Loss: 746924.05
Val - Loss, MSE, RMSE, MAE, MAPE: 22840904.00, 22840903.67, 4496.73, 3277.43, 3.93%
Test - Best epoch, Loss, MSE, RMSE, MAE, MAPE: 32, 17346814.00, 17346814.67, 4090.19, 3101.50, 3.38%
- Epoch 037, ExpID 70795
Train - Loss: 1088248.35
Val - Loss, MSE, RMSE, MAE, MAPE: 21043060.00, 21043060.00, 4427.39, 3249.66, 3.94%
Test - Best epoch, Loss, MSE, RMSE, MAE, MAPE: 32, 17346814.00, 17346814.67, 4090.19, 3101.50, 3.38%
- Epoch 038, ExpID 70795
Train - Loss: 1002743.54
Val - Loss, MSE, RMSE, MAE, MAPE: 22760988.00, 22760986.00, 4512.74, 3323.96, 3.97%
Test - Best epoch, Loss, MSE, RMSE, MAE, MAPE: 32, 17346814.00, 17346814.67, 4090.19, 3101.50, 3.38%
- Epoch 039, ExpID 70795
Train - Loss: 1079040.47
Val - Loss, MSE, RMSE, MAE, MAPE: 22052468.00, 22052468.50, 4483.45, 3227.93, 3.92%
Test - Best epoch, Loss, MSE, RMSE, MAE, MAPE: 32, 17346814.00, 17346814.67, 4090.19, 3101.50, 3.38%
- Epoch 040, ExpID 70795
Train - Loss: 843982.03
Val - Loss, MSE, RMSE, MAE, MAPE: 21311776.00, 21311777.50, 4392.68, 3212.18, 3.90%
Test - Best epoch, Loss, MSE, RMSE, MAE, MAPE: 32, 17346814.00, 17346814.67, 4090.19, 3101.50, 3.38%
- Epoch 041, ExpID 70795
Train - Loss: 869173.61
Val - Loss, MSE, RMSE, MAE, MAPE: 22187660.00, 22187660.67, 4485.85, 3280.71, 3.93%
Test - Best epoch, Loss, MSE, RMSE, MAE, MAPE: 32, 17346814.00, 17346814.67, 4090.19, 3101.50, 3.38%
- Epoch 042, ExpID 70795
Train - Loss: 933065.77
Val - Loss, MSE, RMSE, MAE, MAPE: 21946080.00, 21946078.42, 4473.13, 3334.16, 4.02%
Test - Best epoch, Loss, MSE, RMSE, MAE, MAPE: 32, 17346814.00, 17346814.67, 4090.19, 3101.50, 3.38%
Early Stopping at Epoch 42
Fold 2018 Best RMSE: 4090.1932

-------------------- [Fold: 2019] ExpID: 92093 --------------------
- Epoch 000, ExpID 92093
Train - Loss: 21640468.64
Val - Loss, MSE, RMSE, MAE, MAPE: 21240936.00, 21240933.33, 4537.92, 3472.36, 3.77%
Test - Best epoch, Loss, MSE, RMSE, MAE, MAPE: 0, 21051332.00, 21051331.75, 4446.33, 3059.59, 3.24%
- Epoch 001, ExpID 92093
Train - Loss: 9110886.56
Val - Loss, MSE, RMSE, MAE, MAPE: 20652930.00, 20652929.17, 4501.90, 3435.95, 3.73%
Test - Best epoch, Loss, MSE, RMSE, MAE, MAPE: 1, 22059136.00, 22059136.67, 4536.14, 3286.68, 3.45%
- Epoch 002, ExpID 92093
Train - Loss: 7141914.10
Val - Loss, MSE, RMSE, MAE, MAPE: 19343700.00, 19343699.33, 4310.86, 3292.22, 3.59%
Test - Best epoch, Loss, MSE, RMSE, MAE, MAPE: 2, 21340658.00, 21340658.08, 4464.50, 3249.50, 3.44%
- Epoch 003, ExpID 92093
Train - Loss: 5760232.78
Val - Loss, MSE, RMSE, MAE, MAPE: 19539900.00, 19539901.17, 4364.75, 3288.34, 3.57%
Test - Best epoch, Loss, MSE, RMSE, MAE, MAPE: 2, 21340658.00, 21340658.08, 4464.50, 3249.50, 3.44%
- Epoch 004, ExpID 92093
Train - Loss: 4474629.77
Val - Loss, MSE, RMSE, MAE, MAPE: 20342680.00, 20342681.00, 4410.70, 3319.99, 3.60%
Test - Best epoch, Loss, MSE, RMSE, MAE, MAPE: 2, 21340658.00, 21340658.08, 4464.50, 3249.50, 3.44%
- Epoch 005, ExpID 92093
Train - Loss: 3703775.59
Val - Loss, MSE, RMSE, MAE, MAPE: 19747088.00, 19747085.83, 4372.56, 3283.00, 3.60%
Test - Best epoch, Loss, MSE, RMSE, MAE, MAPE: 2, 21340658.00, 21340658.08, 4464.50, 3249.50, 3.44%
- Epoch 006, ExpID 92093
Train - Loss: 3105199.03
Val - Loss, MSE, RMSE, MAE, MAPE: 19746216.00, 19746214.33, 4374.03, 3322.27, 3.61%
Test - Best epoch, Loss, MSE, RMSE, MAE, MAPE: 2, 21340658.00, 21340658.08, 4464.50, 3249.50, 3.44%
- Epoch 007, ExpID 92093
Train - Loss: 2785953.68
Val - Loss, MSE, RMSE, MAE, MAPE: 18239118.00, 18239118.00, 4199.31, 3187.16, 3.48%
Test - Best epoch, Loss, MSE, RMSE, MAE, MAPE: 7, 19915568.00, 19915567.83, 4319.27, 3054.28, 3.22%
- Epoch 008, ExpID 92093
Train - Loss: 2164203.01
Val - Loss, MSE, RMSE, MAE, MAPE: 18612826.00, 18612825.25, 4209.45, 3131.69, 3.40%
Test - Best epoch, Loss, MSE, RMSE, MAE, MAPE: 7, 19915568.00, 19915567.83, 4319.27, 3054.28, 3.22%
- Epoch 009, ExpID 92093
Train - Loss: 2090083.75
Val - Loss, MSE, RMSE, MAE, MAPE: 22394688.00, 22394688.00, 4653.31, 3521.54, 3.84%
Test - Best epoch, Loss, MSE, RMSE, MAE, MAPE: 7, 19915568.00, 19915567.83, 4319.27, 3054.28, 3.22%
- Epoch 010, ExpID 92093
Train - Loss: 1886335.74
Val - Loss, MSE, RMSE, MAE, MAPE: 18731068.00, 18731068.00, 4252.07, 3274.28, 3.55%
Test - Best epoch, Loss, MSE, RMSE, MAE, MAPE: 7, 19915568.00, 19915567.83, 4319.27, 3054.28, 3.22%
- Epoch 011, ExpID 92093
Train - Loss: 1683222.94
Val - Loss, MSE, RMSE, MAE, MAPE: 23313580.00, 23313579.17, 4718.57, 3610.17, 3.94%
Test - Best epoch, Loss, MSE, RMSE, MAE, MAPE: 7, 19915568.00, 19915567.83, 4319.27, 3054.28, 3.22%
- Epoch 012, ExpID 92093
Train - Loss: 1802135.87
Val - Loss, MSE, RMSE, MAE, MAPE: 19176684.00, 19176684.50, 4304.12, 3308.10, 3.59%
Test - Best epoch, Loss, MSE, RMSE, MAE, MAPE: 7, 19915568.00, 19915567.83, 4319.27, 3054.28, 3.22%
- Epoch 013, ExpID 92093
Train - Loss: 1443189.23
Val - Loss, MSE, RMSE, MAE, MAPE: 18322040.00, 18322040.33, 4205.34, 3175.53, 3.44%
Test - Best epoch, Loss, MSE, RMSE, MAE, MAPE: 7, 19915568.00, 19915567.83, 4319.27, 3054.28, 3.22%
- Epoch 014, ExpID 92093
Train - Loss: 1228833.40
Val - Loss, MSE, RMSE, MAE, MAPE: 19277752.00, 19277753.00, 4295.34, 3249.42, 3.53%
Test - Best epoch, Loss, MSE, RMSE, MAE, MAPE: 7, 19915568.00, 19915567.83, 4319.27, 3054.28, 3.22%
- Epoch 015, ExpID 92093
Train - Loss: 1012200.23
Val - Loss, MSE, RMSE, MAE, MAPE: 18315466.00, 18315465.00, 4197.83, 3185.99, 3.46%
Test - Best epoch, Loss, MSE, RMSE, MAE, MAPE: 7, 19915568.00, 19915567.83, 4319.27, 3054.28, 3.22%
- Epoch 016, ExpID 92093
Train - Loss: 953772.07
Val - Loss, MSE, RMSE, MAE, MAPE: 19168064.00, 19168064.00, 4309.35, 3294.26, 3.57%
Test - Best epoch, Loss, MSE, RMSE, MAE, MAPE: 7, 19915568.00, 19915567.83, 4319.27, 3054.28, 3.22%
- Epoch 017, ExpID 92093
Train - Loss: 1009109.07
Val - Loss, MSE, RMSE, MAE, MAPE: 18246536.00, 18246535.17, 4201.61, 3176.23, 3.46%
Test - Best epoch, Loss, MSE, RMSE, MAE, MAPE: 7, 19915568.00, 19915567.83, 4319.27, 3054.28, 3.22%
Early Stopping at Epoch 17
Fold 2019 Best RMSE: 4319.2684
