DETAILED LOG | Model: tsmixer | Seed: 2
FULL CONFIG: {'gpu': '3', 'target': 'departure', 'cv_start_year': 2017, 'cv_end_year': 2019, 'test_year': 2024, 'use_corona': False, 'seq_len': 365, 'label_len': 0, 'pred_len': 1, 'batch_size': 64, 'epochs': 1000, 'patience': 10, 'lr': 1e-05, 'model': 'tsmixer', 'd_model': 512, 'n_heads': 4, 'n_layers': 5, 'dropout': 0.1, 'activation': 'gelu', 'patch_len': 16, 'factor': 5, 'norm_mode': 'revin', 'use_dbloss': False, 'device': device(type='cuda'), 'stride': 16, 'file_path': 'dataset/airport_daily_flight_merged.csv', 'seed': 2, 'val_year': 2019, 'ndims': 1}

-------------------- [Fold: 2017] ExpID: 57518 --------------------
- Epoch 000, ExpID 57518
Train - Loss: 31800411.47
Val - Loss, MSE, RMSE, MAE, MAPE: 44695192.00, 44695190.00, 6569.67, 5354.23, 6.80%
Test - Best epoch, Loss, MSE, RMSE, MAE, MAPE: 0, 59457176.00, 59457177.00, 7391.68, 5757.59, 6.88%
- Epoch 001, ExpID 57518
Train - Loss: 19891260.45
Val - Loss, MSE, RMSE, MAE, MAPE: 37479296.00, 37479297.67, 6026.57, 4846.96, 6.13%
Test - Best epoch, Loss, MSE, RMSE, MAE, MAPE: 1, 47918348.00, 47918346.67, 6540.77, 4983.90, 5.95%
- Epoch 002, ExpID 57518
Train - Loss: 16184831.25
Val - Loss, MSE, RMSE, MAE, MAPE: 32443336.00, 32443336.67, 5602.44, 4469.72, 5.66%
Test - Best epoch, Loss, MSE, RMSE, MAE, MAPE: 2, 41446004.00, 41446002.33, 6071.28, 4554.12, 5.44%
- Epoch 003, ExpID 57518
Train - Loss: 14304873.13
Val - Loss, MSE, RMSE, MAE, MAPE: 31433220.00, 31433219.50, 5511.65, 4379.34, 5.51%
Test - Best epoch, Loss, MSE, RMSE, MAE, MAPE: 3, 37999492.00, 37999492.33, 5810.85, 4362.42, 5.18%
- Epoch 004, ExpID 57518
Train - Loss: 12664413.18
Val - Loss, MSE, RMSE, MAE, MAPE: 27026324.00, 27026321.17, 5106.63, 3991.78, 5.06%
Test - Best epoch, Loss, MSE, RMSE, MAE, MAPE: 4, 33902888.00, 33902888.00, 5487.46, 3999.56, 4.79%
- Epoch 005, ExpID 57518
Train - Loss: 11621299.37
Val - Loss, MSE, RMSE, MAE, MAPE: 25203188.00, 25203186.83, 4934.11, 3819.78, 4.85%
Test - Best epoch, Loss, MSE, RMSE, MAE, MAPE: 5, 31685822.00, 31685819.33, 5313.50, 3820.45, 4.59%
- Epoch 006, ExpID 57518
Train - Loss: 10840258.07
Val - Loss, MSE, RMSE, MAE, MAPE: 24451496.00, 24451495.50, 4850.42, 3735.04, 4.74%
Test - Best epoch, Loss, MSE, RMSE, MAE, MAPE: 6, 30683548.00, 30683546.67, 5240.62, 3765.15, 4.54%
- Epoch 007, ExpID 57518
Train - Loss: 10118808.93
Val - Loss, MSE, RMSE, MAE, MAPE: 23911478.00, 23911478.33, 4813.87, 3711.32, 4.69%
Test - Best epoch, Loss, MSE, RMSE, MAE, MAPE: 7, 29124118.00, 29124116.83, 5103.93, 3685.51, 4.40%
- Epoch 008, ExpID 57518
Train - Loss: 9533506.37
Val - Loss, MSE, RMSE, MAE, MAPE: 21817412.00, 21817411.50, 4591.94, 3479.35, 4.44%
Test - Best epoch, Loss, MSE, RMSE, MAE, MAPE: 8, 27556310.00, 27556310.17, 4980.16, 3542.92, 4.27%
- Epoch 009, ExpID 57518
Train - Loss: 9119555.99
Val - Loss, MSE, RMSE, MAE, MAPE: 21905494.00, 21905493.50, 4600.03, 3499.39, 4.44%
Test - Best epoch, Loss, MSE, RMSE, MAE, MAPE: 8, 27556310.00, 27556310.17, 4980.16, 3542.92, 4.27%
- Epoch 010, ExpID 57518
Train - Loss: 8666938.59
Val - Loss, MSE, RMSE, MAE, MAPE: 20396856.00, 20396855.75, 4444.88, 3358.79, 4.28%
Test - Best epoch, Loss, MSE, RMSE, MAE, MAPE: 10, 26063548.00, 26063546.67, 4856.98, 3464.52, 4.18%
- Epoch 011, ExpID 57518
Train - Loss: 8239088.59
Val - Loss, MSE, RMSE, MAE, MAPE: 20426810.00, 20426809.42, 4453.24, 3380.81, 4.29%
Test - Best epoch, Loss, MSE, RMSE, MAE, MAPE: 10, 26063548.00, 26063546.67, 4856.98, 3464.52, 4.18%
- Epoch 012, ExpID 57518
Train - Loss: 7903179.31
Val - Loss, MSE, RMSE, MAE, MAPE: 20143400.00, 20143397.17, 4415.58, 3346.11, 4.24%
Test - Best epoch, Loss, MSE, RMSE, MAE, MAPE: 12, 24844652.00, 24844652.50, 4755.02, 3371.22, 4.05%
- Epoch 013, ExpID 57518
Train - Loss: 7606431.02
Val - Loss, MSE, RMSE, MAE, MAPE: 19322686.00, 19322684.25, 4331.43, 3274.42, 4.16%
Test - Best epoch, Loss, MSE, RMSE, MAE, MAPE: 13, 24287254.00, 24287252.50, 4701.94, 3329.82, 4.01%
- Epoch 014, ExpID 57518
Train - Loss: 7229708.04
Val - Loss, MSE, RMSE, MAE, MAPE: 18796764.00, 18796762.58, 4275.52, 3224.19, 4.10%
Test - Best epoch, Loss, MSE, RMSE, MAE, MAPE: 14, 24082484.00, 24082482.83, 4686.29, 3334.65, 4.02%
- Epoch 015, ExpID 57518
Train - Loss: 6997474.91
Val - Loss, MSE, RMSE, MAE, MAPE: 19321054.00, 19321054.17, 4337.93, 3296.91, 4.17%
Test - Best epoch, Loss, MSE, RMSE, MAE, MAPE: 14, 24082484.00, 24082482.83, 4686.29, 3334.65, 4.02%
- Epoch 016, ExpID 57518
Train - Loss: 6754622.01
Val - Loss, MSE, RMSE, MAE, MAPE: 19309708.00, 19309708.25, 4320.06, 3273.94, 4.14%
Test - Best epoch, Loss, MSE, RMSE, MAE, MAPE: 14, 24082484.00, 24082482.83, 4686.29, 3334.65, 4.02%
- Epoch 017, ExpID 57518
Train - Loss: 6477921.90
Val - Loss, MSE, RMSE, MAE, MAPE: 18665852.00, 18665852.67, 4253.52, 3222.30, 4.09%
Test - Best epoch, Loss, MSE, RMSE, MAE, MAPE: 17, 23603464.00, 23603463.33, 4652.01, 3302.02, 3.99%
- Epoch 018, ExpID 57518
Train - Loss: 6257908.72
Val - Loss, MSE, RMSE, MAE, MAPE: 18088722.00, 18088720.75, 4194.90, 3152.47, 4.01%
Test - Best epoch, Loss, MSE, RMSE, MAE, MAPE: 18, 23030304.00, 23030304.50, 4588.36, 3256.26, 3.92%
- Epoch 019, ExpID 57518
Train - Loss: 6063023.25
Val - Loss, MSE, RMSE, MAE, MAPE: 18875858.00, 18875858.08, 4276.00, 3247.62, 4.10%
Test - Best epoch, Loss, MSE, RMSE, MAE, MAPE: 18, 23030304.00, 23030304.50, 4588.36, 3256.26, 3.92%
- Epoch 020, ExpID 57518
Train - Loss: 5804729.86
Val - Loss, MSE, RMSE, MAE, MAPE: 17759240.00, 17759240.33, 4152.06, 3124.78, 3.96%
Test - Best epoch, Loss, MSE, RMSE, MAE, MAPE: 20, 22541632.00, 22541630.67, 4550.79, 3219.90, 3.87%
- Epoch 021, ExpID 57518
Train - Loss: 5649752.40
Val - Loss, MSE, RMSE, MAE, MAPE: 17999408.00, 17999408.00, 4186.34, 3160.70, 4.01%
Test - Best epoch, Loss, MSE, RMSE, MAE, MAPE: 20, 22541632.00, 22541630.67, 4550.79, 3219.90, 3.87%
- Epoch 022, ExpID 57518
Train - Loss: 5445563.98
Val - Loss, MSE, RMSE, MAE, MAPE: 17475340.00, 17475339.33, 4123.16, 3096.97, 3.94%
Test - Best epoch, Loss, MSE, RMSE, MAE, MAPE: 22, 22329436.00, 22329435.67, 4523.92, 3180.45, 3.83%
- Epoch 023, ExpID 57518
Train - Loss: 5289782.25
Val - Loss, MSE, RMSE, MAE, MAPE: 18013532.00, 18013529.42, 4186.80, 3155.29, 4.00%
Test - Best epoch, Loss, MSE, RMSE, MAE, MAPE: 22, 22329436.00, 22329435.67, 4523.92, 3180.45, 3.83%
- Epoch 024, ExpID 57518
Train - Loss: 5080624.65
Val - Loss, MSE, RMSE, MAE, MAPE: 17702178.00, 17702177.67, 4142.86, 3115.19, 3.95%
Test - Best epoch, Loss, MSE, RMSE, MAE, MAPE: 22, 22329436.00, 22329435.67, 4523.92, 3180.45, 3.83%
- Epoch 025, ExpID 57518
Train - Loss: 5071769.98
Val - Loss, MSE, RMSE, MAE, MAPE: 16911760.00, 16911758.33, 4058.19, 3038.42, 3.86%
Test - Best epoch, Loss, MSE, RMSE, MAE, MAPE: 25, 21989520.00, 21989520.50, 4489.88, 3167.13, 3.82%
- Epoch 026, ExpID 57518
Train - Loss: 4808876.19
Val - Loss, MSE, RMSE, MAE, MAPE: 16928788.00, 16928788.08, 4058.94, 3046.44, 3.87%
Test - Best epoch, Loss, MSE, RMSE, MAE, MAPE: 25, 21989520.00, 21989520.50, 4489.88, 3167.13, 3.82%
- Epoch 027, ExpID 57518
Train - Loss: 4658710.50
Val - Loss, MSE, RMSE, MAE, MAPE: 17936366.00, 17936365.25, 4179.92, 3169.54, 4.00%
Test - Best epoch, Loss, MSE, RMSE, MAE, MAPE: 25, 21989520.00, 21989520.50, 4489.88, 3167.13, 3.82%
- Epoch 028, ExpID 57518
Train - Loss: 4588444.96
Val - Loss, MSE, RMSE, MAE, MAPE: 18731882.00, 18731880.33, 4265.17, 3257.31, 4.10%
Test - Best epoch, Loss, MSE, RMSE, MAE, MAPE: 25, 21989520.00, 21989520.50, 4489.88, 3167.13, 3.82%
- Epoch 029, ExpID 57518
Train - Loss: 4322127.53
Val - Loss, MSE, RMSE, MAE, MAPE: 16926482.00, 16926482.67, 4054.45, 3048.20, 3.86%
Test - Best epoch, Loss, MSE, RMSE, MAE, MAPE: 25, 21989520.00, 21989520.50, 4489.88, 3167.13, 3.82%
- Epoch 030, ExpID 57518
Train - Loss: 4132357.54
Val - Loss, MSE, RMSE, MAE, MAPE: 16584790.00, 16584789.92, 4011.56, 3011.43, 3.83%
Test - Best epoch, Loss, MSE, RMSE, MAE, MAPE: 30, 22002566.00, 22002565.42, 4486.45, 3164.51, 3.81%
- Epoch 031, ExpID 57518
Train - Loss: 4037127.21
Val - Loss, MSE, RMSE, MAE, MAPE: 16411071.00, 16411071.75, 3999.12, 2996.40, 3.81%
Test - Best epoch, Loss, MSE, RMSE, MAE, MAPE: 31, 21843056.00, 21843056.50, 4458.25, 3143.83, 3.79%
- Epoch 032, ExpID 57518
Train - Loss: 3964266.53
Val - Loss, MSE, RMSE, MAE, MAPE: 16618627.00, 16618626.67, 4017.46, 3014.06, 3.83%
Test - Best epoch, Loss, MSE, RMSE, MAE, MAPE: 31, 21843056.00, 21843056.50, 4458.25, 3143.83, 3.79%
- Epoch 033, ExpID 57518
Train - Loss: 3908647.75
Val - Loss, MSE, RMSE, MAE, MAPE: 16497048.00, 16497047.33, 4008.63, 3005.14, 3.82%
Test - Best epoch, Loss, MSE, RMSE, MAE, MAPE: 31, 21843056.00, 21843056.50, 4458.25, 3143.83, 3.79%
- Epoch 034, ExpID 57518
Train - Loss: 3779027.48
Val - Loss, MSE, RMSE, MAE, MAPE: 16571047.00, 16571046.83, 4012.31, 3004.55, 3.82%
Test - Best epoch, Loss, MSE, RMSE, MAE, MAPE: 31, 21843056.00, 21843056.50, 4458.25, 3143.83, 3.79%
- Epoch 035, ExpID 57518
Train - Loss: 3499111.66
Val - Loss, MSE, RMSE, MAE, MAPE: 16601288.00, 16601287.50, 4013.51, 3014.17, 3.83%
Test - Best epoch, Loss, MSE, RMSE, MAE, MAPE: 31, 21843056.00, 21843056.50, 4458.25, 3143.83, 3.79%
- Epoch 036, ExpID 57518
Train - Loss: 3438258.10
Val - Loss, MSE, RMSE, MAE, MAPE: 16633403.00, 16633401.58, 4015.89, 3024.54, 3.84%
Test - Best epoch, Loss, MSE, RMSE, MAE, MAPE: 31, 21843056.00, 21843056.50, 4458.25, 3143.83, 3.79%
- Epoch 037, ExpID 57518
Train - Loss: 3391758.16
Val - Loss, MSE, RMSE, MAE, MAPE: 16458299.00, 16458299.83, 3999.01, 3003.84, 3.82%
Test - Best epoch, Loss, MSE, RMSE, MAE, MAPE: 31, 21843056.00, 21843056.50, 4458.25, 3143.83, 3.79%
- Epoch 038, ExpID 57518
Train - Loss: 3235864.01
Val - Loss, MSE, RMSE, MAE, MAPE: 17277692.00, 17277691.00, 4085.37, 3079.05, 3.90%
Test - Best epoch, Loss, MSE, RMSE, MAE, MAPE: 31, 21843056.00, 21843056.50, 4458.25, 3143.83, 3.79%
- Epoch 039, ExpID 57518
Train - Loss: 3126227.05
Val - Loss, MSE, RMSE, MAE, MAPE: 16689914.00, 16689913.17, 4027.87, 3034.74, 3.85%
Test - Best epoch, Loss, MSE, RMSE, MAE, MAPE: 31, 21843056.00, 21843056.50, 4458.25, 3143.83, 3.79%
- Epoch 040, ExpID 57518
Train - Loss: 2992161.35
Val - Loss, MSE, RMSE, MAE, MAPE: 16536480.00, 16536480.08, 4008.53, 3019.22, 3.84%
Test - Best epoch, Loss, MSE, RMSE, MAE, MAPE: 31, 21843056.00, 21843056.50, 4458.25, 3143.83, 3.79%
- Epoch 041, ExpID 57518
Train - Loss: 2981952.48
Val - Loss, MSE, RMSE, MAE, MAPE: 16811990.00, 16811989.33, 4039.73, 3040.09, 3.87%
Test - Best epoch, Loss, MSE, RMSE, MAE, MAPE: 31, 21843056.00, 21843056.50, 4458.25, 3143.83, 3.79%
Early Stopping at Epoch 41
Fold 2017 Best RMSE: 4458.2518

-------------------- [Fold: 2018] ExpID: 96659 --------------------
- Epoch 000, ExpID 96659
Train - Loss: 41145902.98
Val - Loss, MSE, RMSE, MAE, MAPE: 53013664.00, 53013663.33, 7185.37, 5587.84, 6.71%
Test - Best epoch, Loss, MSE, RMSE, MAE, MAPE: 0, 50717548.00, 50717551.33, 7043.15, 5640.26, 6.11%
- Epoch 001, ExpID 96659
Train - Loss: 22405545.99
Val - Loss, MSE, RMSE, MAE, MAPE: 44609664.00, 44609661.00, 6545.74, 4993.74, 5.97%
Test - Best epoch, Loss, MSE, RMSE, MAE, MAPE: 1, 43615688.00, 43615691.00, 6521.51, 5127.93, 5.53%
- Epoch 002, ExpID 96659
Train - Loss: 18004852.95
Val - Loss, MSE, RMSE, MAE, MAPE: 39487416.00, 39487414.00, 6110.01, 4600.50, 5.51%
Test - Best epoch, Loss, MSE, RMSE, MAE, MAPE: 2, 39374968.00, 39374968.00, 6204.86, 4876.46, 5.26%
- Epoch 003, ExpID 96659
Train - Loss: 15768614.04
Val - Loss, MSE, RMSE, MAE, MAPE: 36315024.00, 36315025.00, 5827.96, 4358.40, 5.24%
Test - Best epoch, Loss, MSE, RMSE, MAE, MAPE: 3, 36505704.00, 36505704.33, 5989.48, 4638.34, 5.02%
- Epoch 004, ExpID 96659
Train - Loss: 14141452.07
Val - Loss, MSE, RMSE, MAE, MAPE: 33912000.00, 33911998.67, 5620.05, 4160.10, 5.03%
Test - Best epoch, Loss, MSE, RMSE, MAE, MAPE: 4, 34016560.00, 34016554.00, 5786.96, 4478.61, 4.87%
- Epoch 005, ExpID 96659
Train - Loss: 12983143.12
Val - Loss, MSE, RMSE, MAE, MAPE: 31895558.00, 31895557.33, 5439.05, 4012.41, 4.85%
Test - Best epoch, Loss, MSE, RMSE, MAE, MAPE: 5, 31761528.00, 31761529.67, 5597.33, 4299.01, 4.68%
- Epoch 006, ExpID 96659
Train - Loss: 11872924.29
Val - Loss, MSE, RMSE, MAE, MAPE: 30715358.00, 30715356.67, 5339.66, 3944.51, 4.77%
Test - Best epoch, Loss, MSE, RMSE, MAE, MAPE: 6, 30074908.00, 30074906.67, 5450.61, 4171.82, 4.55%
- Epoch 007, ExpID 96659
Train - Loss: 11296388.13
Val - Loss, MSE, RMSE, MAE, MAPE: 28785492.00, 28785490.33, 5162.82, 3812.44, 4.60%
Test - Best epoch, Loss, MSE, RMSE, MAE, MAPE: 7, 28305312.00, 28305310.67, 5290.13, 4027.21, 4.38%
- Epoch 008, ExpID 96659
Train - Loss: 10528251.81
Val - Loss, MSE, RMSE, MAE, MAPE: 27752238.00, 27752238.33, 5066.01, 3726.31, 4.49%
Test - Best epoch, Loss, MSE, RMSE, MAE, MAPE: 8, 27338094.00, 27338093.33, 5199.24, 3983.59, 4.33%
- Epoch 009, ExpID 96659
Train - Loss: 10045981.19
Val - Loss, MSE, RMSE, MAE, MAPE: 26800292.00, 26800290.67, 4981.37, 3658.67, 4.42%
Test - Best epoch, Loss, MSE, RMSE, MAE, MAPE: 9, 26695582.00, 26695580.67, 5140.55, 3914.54, 4.27%
- Epoch 010, ExpID 96659
Train - Loss: 9438201.32
Val - Loss, MSE, RMSE, MAE, MAPE: 26042188.00, 26042185.83, 4914.47, 3584.05, 4.33%
Test - Best epoch, Loss, MSE, RMSE, MAE, MAPE: 10, 25751630.00, 25751630.33, 5047.00, 3844.04, 4.19%
- Epoch 011, ExpID 96659
Train - Loss: 8975468.18
Val - Loss, MSE, RMSE, MAE, MAPE: 25484622.00, 25484621.67, 4869.49, 3561.02, 4.29%
Test - Best epoch, Loss, MSE, RMSE, MAE, MAPE: 11, 25346996.00, 25346994.00, 5009.97, 3816.66, 4.15%
- Epoch 012, ExpID 96659
Train - Loss: 8628252.78
Val - Loss, MSE, RMSE, MAE, MAPE: 24642452.00, 24642451.33, 4784.80, 3528.19, 4.23%
Test - Best epoch, Loss, MSE, RMSE, MAE, MAPE: 12, 24721078.00, 24721078.67, 4950.77, 3791.00, 4.11%
- Epoch 013, ExpID 96659
Train - Loss: 8184295.21
Val - Loss, MSE, RMSE, MAE, MAPE: 24619920.00, 24619919.83, 4796.42, 3523.68, 4.26%
Test - Best epoch, Loss, MSE, RMSE, MAE, MAPE: 13, 24969524.00, 24969522.00, 4974.00, 3807.39, 4.16%
- Epoch 014, ExpID 96659
Train - Loss: 7965347.77
Val - Loss, MSE, RMSE, MAE, MAPE: 23643988.00, 23643986.00, 4687.97, 3392.98, 4.09%
Test - Best epoch, Loss, MSE, RMSE, MAE, MAPE: 14, 23970780.00, 23970778.33, 4872.19, 3713.94, 4.04%
- Epoch 015, ExpID 96659
Train - Loss: 7644729.76
Val - Loss, MSE, RMSE, MAE, MAPE: 23175230.00, 23175231.00, 4645.64, 3370.27, 4.05%
Test - Best epoch, Loss, MSE, RMSE, MAE, MAPE: 15, 23507078.00, 23507078.33, 4826.10, 3682.11, 4.00%
- Epoch 016, ExpID 96659
Train - Loss: 7242449.72
Val - Loss, MSE, RMSE, MAE, MAPE: 22801884.00, 22801880.67, 4608.19, 3330.95, 4.01%
Test - Best epoch, Loss, MSE, RMSE, MAE, MAPE: 16, 23079902.00, 23079902.67, 4781.32, 3651.27, 3.97%
- Epoch 017, ExpID 96659
Train - Loss: 7003035.53
Val - Loss, MSE, RMSE, MAE, MAPE: 23129480.00, 23129479.67, 4641.69, 3349.22, 4.06%
Test - Best epoch, Loss, MSE, RMSE, MAE, MAPE: 16, 23079902.00, 23079902.67, 4781.32, 3651.27, 3.97%
- Epoch 018, ExpID 96659
Train - Loss: 6808202.51
Val - Loss, MSE, RMSE, MAE, MAPE: 22343552.00, 22343550.67, 4558.77, 3290.15, 3.97%
Test - Best epoch, Loss, MSE, RMSE, MAE, MAPE: 18, 22787382.00, 22787382.00, 4752.10, 3620.93, 3.94%
- Epoch 019, ExpID 96659
Train - Loss: 6478709.68
Val - Loss, MSE, RMSE, MAE, MAPE: 22221708.00, 22221707.33, 4545.83, 3317.74, 3.98%
Test - Best epoch, Loss, MSE, RMSE, MAE, MAPE: 19, 22379512.00, 22379513.17, 4710.07, 3574.67, 3.87%
- Epoch 020, ExpID 96659
Train - Loss: 6333086.07
Val - Loss, MSE, RMSE, MAE, MAPE: 21909380.00, 21909380.50, 4511.06, 3276.98, 3.94%
Test - Best epoch, Loss, MSE, RMSE, MAE, MAPE: 20, 22277594.00, 22277593.00, 4701.30, 3585.20, 3.89%
- Epoch 021, ExpID 96659
Train - Loss: 6134687.94
Val - Loss, MSE, RMSE, MAE, MAPE: 21838302.00, 21838301.25, 4502.52, 3256.50, 3.93%
Test - Best epoch, Loss, MSE, RMSE, MAE, MAPE: 21, 22148960.00, 22148958.00, 4683.46, 3563.27, 3.88%
- Epoch 022, ExpID 96659
Train - Loss: 5886376.90
Val - Loss, MSE, RMSE, MAE, MAPE: 21655914.00, 21655913.83, 4486.08, 3253.47, 3.93%
Test - Best epoch, Loss, MSE, RMSE, MAE, MAPE: 22, 22066438.00, 22066437.00, 4676.71, 3561.38, 3.88%
- Epoch 023, ExpID 96659
Train - Loss: 5785386.87
Val - Loss, MSE, RMSE, MAE, MAPE: 21483896.00, 21483894.25, 4470.13, 3223.76, 3.88%
Test - Best epoch, Loss, MSE, RMSE, MAE, MAPE: 23, 21480004.00, 21480002.33, 4614.53, 3499.55, 3.80%
- Epoch 024, ExpID 96659
Train - Loss: 5523643.79
Val - Loss, MSE, RMSE, MAE, MAPE: 21852140.00, 21852138.00, 4509.06, 3243.07, 3.93%
Test - Best epoch, Loss, MSE, RMSE, MAE, MAPE: 23, 21480004.00, 21480002.33, 4614.53, 3499.55, 3.80%
- Epoch 025, ExpID 96659
Train - Loss: 5344653.01
Val - Loss, MSE, RMSE, MAE, MAPE: 21374918.00, 21374918.00, 4452.98, 3247.37, 3.90%
Test - Best epoch, Loss, MSE, RMSE, MAE, MAPE: 25, 21649688.00, 21649688.17, 4632.94, 3548.17, 3.85%
- Epoch 026, ExpID 96659
Train - Loss: 5221423.07
Val - Loss, MSE, RMSE, MAE, MAPE: 21509338.00, 21509337.17, 4470.31, 3270.50, 3.93%
Test - Best epoch, Loss, MSE, RMSE, MAE, MAPE: 25, 21649688.00, 21649688.17, 4632.94, 3548.17, 3.85%
- Epoch 027, ExpID 96659
Train - Loss: 5054577.78
Val - Loss, MSE, RMSE, MAE, MAPE: 21393036.00, 21393033.42, 4442.72, 3277.41, 3.94%
Test - Best epoch, Loss, MSE, RMSE, MAE, MAPE: 25, 21649688.00, 21649688.17, 4632.94, 3548.17, 3.85%
- Epoch 028, ExpID 96659
Train - Loss: 4822756.97
Val - Loss, MSE, RMSE, MAE, MAPE: 21215420.00, 21215419.00, 4437.79, 3230.38, 3.91%
Test - Best epoch, Loss, MSE, RMSE, MAE, MAPE: 28, 21401848.00, 21401847.00, 4605.64, 3514.15, 3.83%
- Epoch 029, ExpID 96659
Train - Loss: 4786146.28
Val - Loss, MSE, RMSE, MAE, MAPE: 21441152.00, 21441152.17, 4454.67, 3270.81, 3.95%
Test - Best epoch, Loss, MSE, RMSE, MAE, MAPE: 28, 21401848.00, 21401847.00, 4605.64, 3514.15, 3.83%
- Epoch 030, ExpID 96659
Train - Loss: 4599663.41
Val - Loss, MSE, RMSE, MAE, MAPE: 21302028.00, 21302028.00, 4432.29, 3242.86, 3.90%
Test - Best epoch, Loss, MSE, RMSE, MAE, MAPE: 28, 21401848.00, 21401847.00, 4605.64, 3514.15, 3.83%
- Epoch 031, ExpID 96659
Train - Loss: 4403074.69
Val - Loss, MSE, RMSE, MAE, MAPE: 21229124.00, 21229122.42, 4437.75, 3254.45, 3.91%
Test - Best epoch, Loss, MSE, RMSE, MAE, MAPE: 28, 21401848.00, 21401847.00, 4605.64, 3514.15, 3.83%
- Epoch 032, ExpID 96659
Train - Loss: 4292070.91
Val - Loss, MSE, RMSE, MAE, MAPE: 21584754.00, 21584753.42, 4469.31, 3296.29, 3.96%
Test - Best epoch, Loss, MSE, RMSE, MAE, MAPE: 28, 21401848.00, 21401847.00, 4605.64, 3514.15, 3.83%
- Epoch 033, ExpID 96659
Train - Loss: 4218536.56
Val - Loss, MSE, RMSE, MAE, MAPE: 21349284.00, 21349281.67, 4446.45, 3266.11, 3.94%
Test - Best epoch, Loss, MSE, RMSE, MAE, MAPE: 28, 21401848.00, 21401847.00, 4605.64, 3514.15, 3.83%
- Epoch 034, ExpID 96659
Train - Loss: 4061675.20
Val - Loss, MSE, RMSE, MAE, MAPE: 21425644.00, 21425644.42, 4456.10, 3264.95, 3.95%
Test - Best epoch, Loss, MSE, RMSE, MAE, MAPE: 28, 21401848.00, 21401847.00, 4605.64, 3514.15, 3.83%
- Epoch 035, ExpID 96659
Train - Loss: 3919670.30
Val - Loss, MSE, RMSE, MAE, MAPE: 21557760.00, 21557760.33, 4456.62, 3299.12, 3.97%
Test - Best epoch, Loss, MSE, RMSE, MAE, MAPE: 28, 21401848.00, 21401847.00, 4605.64, 3514.15, 3.83%
- Epoch 036, ExpID 96659
Train - Loss: 3778523.90
Val - Loss, MSE, RMSE, MAE, MAPE: 21477456.00, 21477454.00, 4444.98, 3279.68, 3.94%
Test - Best epoch, Loss, MSE, RMSE, MAE, MAPE: 28, 21401848.00, 21401847.00, 4605.64, 3514.15, 3.83%
- Epoch 037, ExpID 96659
Train - Loss: 3707976.67
Val - Loss, MSE, RMSE, MAE, MAPE: 21268696.00, 21268695.83, 4451.61, 3233.46, 3.91%
Test - Best epoch, Loss, MSE, RMSE, MAE, MAPE: 28, 21401848.00, 21401847.00, 4605.64, 3514.15, 3.83%
- Epoch 038, ExpID 96659
Train - Loss: 3584866.19
Val - Loss, MSE, RMSE, MAE, MAPE: 21249854.00, 21249854.92, 4426.76, 3245.61, 3.91%
Test - Best epoch, Loss, MSE, RMSE, MAE, MAPE: 28, 21401848.00, 21401847.00, 4605.64, 3514.15, 3.83%
Early Stopping at Epoch 38
Fold 2018 Best RMSE: 4605.6385

-------------------- [Fold: 2019] ExpID: 47357 --------------------
- Epoch 000, ExpID 47357
Train - Loss: 31259399.90
Val - Loss, MSE, RMSE, MAE, MAPE: 33606656.00, 33606655.33, 5757.34, 4531.36, 4.88%
Test - Best epoch, Loss, MSE, RMSE, MAE, MAPE: 0, 39637588.00, 39637588.00, 6190.93, 4789.38, 5.03%
- Epoch 001, ExpID 47357
Train - Loss: 20176993.69
Val - Loss, MSE, RMSE, MAE, MAPE: 29807004.00, 29807003.00, 5413.29, 4225.92, 4.57%
Test - Best epoch, Loss, MSE, RMSE, MAE, MAPE: 1, 33464124.00, 33464121.83, 5674.62, 4339.03, 4.56%
- Epoch 002, ExpID 47357
Train - Loss: 16981425.43
Val - Loss, MSE, RMSE, MAE, MAPE: 28292222.00, 28292220.00, 5270.89, 4104.48, 4.44%
Test - Best epoch, Loss, MSE, RMSE, MAE, MAPE: 2, 30106398.00, 30106396.33, 5387.00, 4058.34, 4.26%
- Epoch 003, ExpID 47357
Train - Loss: 15103190.80
Val - Loss, MSE, RMSE, MAE, MAPE: 26732294.00, 26732295.33, 5126.32, 3959.70, 4.30%
Test - Best epoch, Loss, MSE, RMSE, MAE, MAPE: 3, 28380968.00, 28380967.83, 5225.54, 3919.47, 4.13%
- Epoch 004, ExpID 47357
Train - Loss: 13700902.62
Val - Loss, MSE, RMSE, MAE, MAPE: 25440124.00, 25440122.00, 5002.90, 3833.43, 4.15%
Test - Best epoch, Loss, MSE, RMSE, MAE, MAPE: 4, 26330832.00, 26330833.00, 5033.57, 3732.78, 3.92%
- Epoch 005, ExpID 47357
Train - Loss: 12604047.79
Val - Loss, MSE, RMSE, MAE, MAPE: 24289488.00, 24289487.00, 4888.35, 3738.76, 4.04%
Test - Best epoch, Loss, MSE, RMSE, MAE, MAPE: 5, 24739940.00, 24739940.17, 4879.81, 3569.34, 3.75%
- Epoch 006, ExpID 47357
Train - Loss: 11726781.36
Val - Loss, MSE, RMSE, MAE, MAPE: 23362644.00, 23362643.00, 4793.04, 3647.57, 3.97%
Test - Best epoch, Loss, MSE, RMSE, MAE, MAPE: 6, 24538524.00, 24538524.50, 4853.55, 3569.17, 3.77%
- Epoch 007, ExpID 47357
Train - Loss: 11007679.08
Val - Loss, MSE, RMSE, MAE, MAPE: 22890840.00, 22890838.67, 4744.49, 3620.65, 3.91%
Test - Best epoch, Loss, MSE, RMSE, MAE, MAPE: 7, 23050734.00, 23050733.83, 4708.52, 3421.53, 3.59%
- Epoch 008, ExpID 47357
Train - Loss: 10378155.73
Val - Loss, MSE, RMSE, MAE, MAPE: 22232788.00, 22232786.67, 4678.41, 3555.84, 3.85%
Test - Best epoch, Loss, MSE, RMSE, MAE, MAPE: 8, 22425228.00, 22425227.00, 4640.13, 3372.64, 3.54%
- Epoch 009, ExpID 47357
Train - Loss: 9920366.87
Val - Loss, MSE, RMSE, MAE, MAPE: 21792842.00, 21792841.00, 4631.70, 3509.92, 3.80%
Test - Best epoch, Loss, MSE, RMSE, MAE, MAPE: 9, 22008334.00, 22008332.83, 4594.24, 3341.30, 3.51%
- Epoch 010, ExpID 47357
Train - Loss: 9537599.66
Val - Loss, MSE, RMSE, MAE, MAPE: 21341538.00, 21341538.50, 4580.73, 3455.90, 3.76%
Test - Best epoch, Loss, MSE, RMSE, MAE, MAPE: 10, 21808146.00, 21808146.50, 4567.75, 3330.10, 3.51%
- Epoch 011, ExpID 47357
Train - Loss: 9016467.66
Val - Loss, MSE, RMSE, MAE, MAPE: 20981140.00, 20981140.00, 4545.58, 3436.56, 3.73%
Test - Best epoch, Loss, MSE, RMSE, MAE, MAPE: 11, 20923568.00, 20923565.83, 4480.37, 3237.53, 3.41%
- Epoch 012, ExpID 47357
Train - Loss: 8673075.58
Val - Loss, MSE, RMSE, MAE, MAPE: 20733738.00, 20733737.50, 4521.06, 3413.18, 3.70%
Test - Best epoch, Loss, MSE, RMSE, MAE, MAPE: 12, 20719480.00, 20719479.00, 4455.15, 3225.99, 3.40%
- Epoch 013, ExpID 47357
Train - Loss: 8246154.09
Val - Loss, MSE, RMSE, MAE, MAPE: 20728970.00, 20728970.50, 4511.64, 3409.15, 3.70%
Test - Best epoch, Loss, MSE, RMSE, MAE, MAPE: 13, 20919452.00, 20919451.83, 4477.40, 3272.29, 3.45%
- Epoch 014, ExpID 47357
Train - Loss: 7913338.50
Val - Loss, MSE, RMSE, MAE, MAPE: 20671732.00, 20671731.17, 4509.59, 3412.85, 3.69%
Test - Best epoch, Loss, MSE, RMSE, MAE, MAPE: 14, 20247132.00, 20247132.67, 4405.93, 3198.71, 3.36%
- Epoch 015, ExpID 47357
Train - Loss: 7664149.48
Val - Loss, MSE, RMSE, MAE, MAPE: 20295698.00, 20295697.17, 4466.42, 3364.75, 3.65%
Test - Best epoch, Loss, MSE, RMSE, MAE, MAPE: 15, 20360232.00, 20360232.33, 4417.16, 3231.73, 3.41%
- Epoch 016, ExpID 47357
Train - Loss: 7372613.25
Val - Loss, MSE, RMSE, MAE, MAPE: 20463428.00, 20463428.50, 4485.91, 3393.30, 3.68%
Test - Best epoch, Loss, MSE, RMSE, MAE, MAPE: 15, 20360232.00, 20360232.33, 4417.16, 3231.73, 3.41%
- Epoch 017, ExpID 47357
Train - Loss: 7131246.82
Val - Loss, MSE, RMSE, MAE, MAPE: 20416056.00, 20416056.50, 4476.55, 3413.42, 3.69%
Test - Best epoch, Loss, MSE, RMSE, MAE, MAPE: 15, 20360232.00, 20360232.33, 4417.16, 3231.73, 3.41%
- Epoch 018, ExpID 47357
Train - Loss: 7012018.57
Val - Loss, MSE, RMSE, MAE, MAPE: 20459630.00, 20459628.83, 4485.52, 3417.02, 3.69%
Test - Best epoch, Loss, MSE, RMSE, MAE, MAPE: 15, 20360232.00, 20360232.33, 4417.16, 3231.73, 3.41%
- Epoch 019, ExpID 47357
Train - Loss: 6639381.70
Val - Loss, MSE, RMSE, MAE, MAPE: 19899008.00, 19899009.67, 4419.98, 3349.58, 3.63%
Test - Best epoch, Loss, MSE, RMSE, MAE, MAPE: 19, 19268218.00, 19268217.67, 4292.87, 3119.12, 3.28%
- Epoch 020, ExpID 47357
Train - Loss: 6385020.91
Val - Loss, MSE, RMSE, MAE, MAPE: 19781600.00, 19781600.67, 4408.43, 3354.81, 3.64%
Test - Best epoch, Loss, MSE, RMSE, MAE, MAPE: 20, 19127260.00, 19127259.83, 4272.80, 3109.75, 3.27%
- Epoch 021, ExpID 47357
Train - Loss: 6227321.10
Val - Loss, MSE, RMSE, MAE, MAPE: 19620616.00, 19620616.50, 4394.92, 3337.34, 3.62%
Test - Best epoch, Loss, MSE, RMSE, MAE, MAPE: 21, 18968820.00, 18968820.83, 4262.71, 3096.88, 3.27%
- Epoch 022, ExpID 47357
Train - Loss: 6021154.99
Val - Loss, MSE, RMSE, MAE, MAPE: 19536976.00, 19536976.17, 4388.68, 3312.12, 3.61%
Test - Best epoch, Loss, MSE, RMSE, MAE, MAPE: 22, 19481994.00, 19481993.50, 4314.16, 3151.84, 3.33%
- Epoch 023, ExpID 47357
Train - Loss: 5790802.71
Val - Loss, MSE, RMSE, MAE, MAPE: 19474208.00, 19474208.67, 4378.37, 3309.59, 3.59%
Test - Best epoch, Loss, MSE, RMSE, MAE, MAPE: 23, 19276480.00, 19276479.33, 4289.42, 3127.95, 3.30%
- Epoch 024, ExpID 47357
Train - Loss: 5616588.58
Val - Loss, MSE, RMSE, MAE, MAPE: 19599536.00, 19599536.83, 4388.33, 3337.59, 3.62%
Test - Best epoch, Loss, MSE, RMSE, MAE, MAPE: 23, 19276480.00, 19276479.33, 4289.42, 3127.95, 3.30%
- Epoch 025, ExpID 47357
Train - Loss: 5411269.76
Val - Loss, MSE, RMSE, MAE, MAPE: 19307070.00, 19307069.67, 4354.68, 3303.40, 3.58%
Test - Best epoch, Loss, MSE, RMSE, MAE, MAPE: 25, 19041782.00, 19041781.50, 4253.31, 3098.97, 3.27%
- Epoch 026, ExpID 47357
Train - Loss: 5256145.76
Val - Loss, MSE, RMSE, MAE, MAPE: 19360364.00, 19360363.83, 4356.88, 3319.67, 3.60%
Test - Best epoch, Loss, MSE, RMSE, MAE, MAPE: 25, 19041782.00, 19041781.50, 4253.31, 3098.97, 3.27%
- Epoch 027, ExpID 47357
Train - Loss: 5051410.05
Val - Loss, MSE, RMSE, MAE, MAPE: 19465586.00, 19465584.83, 4372.95, 3339.08, 3.61%
Test - Best epoch, Loss, MSE, RMSE, MAE, MAPE: 25, 19041782.00, 19041781.50, 4253.31, 3098.97, 3.27%
- Epoch 028, ExpID 47357
Train - Loss: 5037142.80
Val - Loss, MSE, RMSE, MAE, MAPE: 19201828.00, 19201827.17, 4341.38, 3299.94, 3.58%
Test - Best epoch, Loss, MSE, RMSE, MAE, MAPE: 28, 19004514.00, 19004513.50, 4250.38, 3100.99, 3.27%
- Epoch 029, ExpID 47357
Train - Loss: 4696874.30
Val - Loss, MSE, RMSE, MAE, MAPE: 19361830.00, 19361830.83, 4361.68, 3312.53, 3.59%
Test - Best epoch, Loss, MSE, RMSE, MAE, MAPE: 28, 19004514.00, 19004513.50, 4250.38, 3100.99, 3.27%
- Epoch 030, ExpID 47357
Train - Loss: 4610058.89
Val - Loss, MSE, RMSE, MAE, MAPE: 19271938.00, 19271937.17, 4346.31, 3318.23, 3.60%
Test - Best epoch, Loss, MSE, RMSE, MAE, MAPE: 28, 19004514.00, 19004513.50, 4250.38, 3100.99, 3.27%
- Epoch 031, ExpID 47357
Train - Loss: 4525553.98
Val - Loss, MSE, RMSE, MAE, MAPE: 19320016.00, 19320016.50, 4352.12, 3322.82, 3.60%
Test - Best epoch, Loss, MSE, RMSE, MAE, MAPE: 28, 19004514.00, 19004513.50, 4250.38, 3100.99, 3.27%
- Epoch 032, ExpID 47357
Train - Loss: 4262848.50
Val - Loss, MSE, RMSE, MAE, MAPE: 19284200.00, 19284200.33, 4350.13, 3324.56, 3.60%
Test - Best epoch, Loss, MSE, RMSE, MAE, MAPE: 28, 19004514.00, 19004513.50, 4250.38, 3100.99, 3.27%
- Epoch 033, ExpID 47357
Train - Loss: 4304552.84
Val - Loss, MSE, RMSE, MAE, MAPE: 19326404.00, 19326402.67, 4355.34, 3334.41, 3.61%
Test - Best epoch, Loss, MSE, RMSE, MAE, MAPE: 28, 19004514.00, 19004513.50, 4250.38, 3100.99, 3.27%
- Epoch 034, ExpID 47357
Train - Loss: 4038546.44
Val - Loss, MSE, RMSE, MAE, MAPE: 19478592.00, 19478593.00, 4359.52, 3334.33, 3.61%
Test - Best epoch, Loss, MSE, RMSE, MAE, MAPE: 28, 19004514.00, 19004513.50, 4250.38, 3100.99, 3.27%
- Epoch 035, ExpID 47357
Train - Loss: 3943340.94
Val - Loss, MSE, RMSE, MAE, MAPE: 19400046.00, 19400044.17, 4362.33, 3347.31, 3.62%
Test - Best epoch, Loss, MSE, RMSE, MAE, MAPE: 28, 19004514.00, 19004513.50, 4250.38, 3100.99, 3.27%
- Epoch 036, ExpID 47357
Train - Loss: 3875876.02
Val - Loss, MSE, RMSE, MAE, MAPE: 19497488.00, 19497487.33, 4370.15, 3351.77, 3.63%
Test - Best epoch, Loss, MSE, RMSE, MAE, MAPE: 28, 19004514.00, 19004513.50, 4250.38, 3100.99, 3.27%
- Epoch 037, ExpID 47357
Train - Loss: 3696623.10
Val - Loss, MSE, RMSE, MAE, MAPE: 19522968.00, 19522967.00, 4375.22, 3346.83, 3.62%
Test - Best epoch, Loss, MSE, RMSE, MAE, MAPE: 28, 19004514.00, 19004513.50, 4250.38, 3100.99, 3.27%
- Epoch 038, ExpID 47357
Train - Loss: 3594911.01
Val - Loss, MSE, RMSE, MAE, MAPE: 19333216.00, 19333214.17, 4352.84, 3333.26, 3.61%
Test - Best epoch, Loss, MSE, RMSE, MAE, MAPE: 28, 19004514.00, 19004513.50, 4250.38, 3100.99, 3.27%
Early Stopping at Epoch 38
Fold 2019 Best RMSE: 4250.3817
