DETAILED LOG | Model: tsmixer | Seed: 1
FULL CONFIG: {'gpu': '3', 'target': 'departure', 'cv_start_year': 2017, 'cv_end_year': 2019, 'test_year': 2024, 'use_corona': False, 'seq_len': 28, 'label_len': 0, 'pred_len': 1, 'batch_size': 64, 'epochs': 1000, 'patience': 10, 'lr': 0.001, 'model': 'tsmixer', 'd_model': 128, 'n_heads': 4, 'n_layers': 5, 'dropout': 0.1, 'activation': 'gelu', 'patch_len': 16, 'factor': 5, 'norm_mode': 'revin', 'use_dbloss': False, 'device': device(type='cuda'), 'stride': 16, 'file_path': 'dataset/airport_daily_flight_merged.csv', 'seed': 1, 'val_year': 2019, 'ndims': 1}

-------------------- [Fold: 2017] ExpID: 27808 --------------------
- Epoch 000, ExpID 27808
Train - Loss: 11434735.89
Val - Loss, MSE, RMSE, MAE, MAPE: 14494462.00, 14494460.83, 3760.36, 2820.24, 3.58%
Test - Best epoch, Loss, MSE, RMSE, MAE, MAPE: 0, 24430192.00, 24430191.33, 4778.61, 3518.33, 4.15%
- Epoch 001, ExpID 27808
Train - Loss: 8967570.41
Val - Loss, MSE, RMSE, MAE, MAPE: 13758688.00, 13758689.25, 3642.25, 2689.42, 3.51%
Test - Best epoch, Loss, MSE, RMSE, MAE, MAPE: 1, 24326908.00, 24326907.67, 4793.04, 3501.03, 4.25%
- Epoch 002, ExpID 27808
Train - Loss: 8204152.00
Val - Loss, MSE, RMSE, MAE, MAPE: 11856391.00, 11856392.08, 3379.35, 2446.57, 3.12%
Test - Best epoch, Loss, MSE, RMSE, MAE, MAPE: 2, 21434740.00, 21434738.00, 4445.54, 3116.04, 3.69%
- Epoch 003, ExpID 27808
Train - Loss: 7936596.65
Val - Loss, MSE, RMSE, MAE, MAPE: 11407312.00, 11407311.67, 3319.78, 2434.98, 3.13%
Test - Best epoch, Loss, MSE, RMSE, MAE, MAPE: 3, 22234044.00, 22234043.17, 4525.02, 3205.07, 3.83%
- Epoch 004, ExpID 27808
Train - Loss: 7660778.69
Val - Loss, MSE, RMSE, MAE, MAPE: 11512260.00, 11512260.17, 3334.31, 2415.83, 3.09%
Test - Best epoch, Loss, MSE, RMSE, MAE, MAPE: 3, 22234044.00, 22234043.17, 4525.02, 3205.07, 3.83%
- Epoch 005, ExpID 27808
Train - Loss: 7298068.93
Val - Loss, MSE, RMSE, MAE, MAPE: 11337500.00, 11337499.75, 3327.50, 2490.24, 3.17%
Test - Best epoch, Loss, MSE, RMSE, MAE, MAPE: 5, 25041110.00, 25041109.83, 4790.45, 3381.57, 4.04%
- Epoch 006, ExpID 27808
Train - Loss: 7247085.56
Val - Loss, MSE, RMSE, MAE, MAPE: 11172013.00, 11172012.50, 3304.44, 2416.39, 3.06%
Test - Best epoch, Loss, MSE, RMSE, MAE, MAPE: 6, 22182140.00, 22182139.17, 4535.27, 3261.28, 3.85%
- Epoch 007, ExpID 27808
Train - Loss: 6650702.11
Val - Loss, MSE, RMSE, MAE, MAPE: 11674603.00, 11674602.75, 3381.30, 2531.28, 3.21%
Test - Best epoch, Loss, MSE, RMSE, MAE, MAPE: 6, 22182140.00, 22182139.17, 4535.27, 3261.28, 3.85%
- Epoch 008, ExpID 27808
Train - Loss: 6668120.79
Val - Loss, MSE, RMSE, MAE, MAPE: 11247679.00, 11247679.50, 3317.80, 2483.27, 3.17%
Test - Best epoch, Loss, MSE, RMSE, MAE, MAPE: 6, 22182140.00, 22182139.17, 4535.27, 3261.28, 3.85%
- Epoch 009, ExpID 27808
Train - Loss: 6250448.85
Val - Loss, MSE, RMSE, MAE, MAPE: 11293962.00, 11293961.58, 3320.14, 2450.01, 3.13%
Test - Best epoch, Loss, MSE, RMSE, MAE, MAPE: 6, 22182140.00, 22182139.17, 4535.27, 3261.28, 3.85%
- Epoch 010, ExpID 27808
Train - Loss: 6259309.42
Val - Loss, MSE, RMSE, MAE, MAPE: 11813002.00, 11813001.00, 3393.74, 2563.01, 3.32%
Test - Best epoch, Loss, MSE, RMSE, MAE, MAPE: 6, 22182140.00, 22182139.17, 4535.27, 3261.28, 3.85%
- Epoch 011, ExpID 27808
Train - Loss: 5841582.75
Val - Loss, MSE, RMSE, MAE, MAPE: 10746593.00, 10746592.50, 3254.51, 2449.22, 3.12%
Test - Best epoch, Loss, MSE, RMSE, MAE, MAPE: 11, 24219360.00, 24219361.33, 4745.96, 3291.05, 3.94%
- Epoch 012, ExpID 27808
Train - Loss: 5564976.58
Val - Loss, MSE, RMSE, MAE, MAPE: 10347553.00, 10347553.17, 3184.61, 2369.03, 3.02%
Test - Best epoch, Loss, MSE, RMSE, MAE, MAPE: 12, 23638576.00, 23638575.83, 4677.84, 3300.59, 3.95%
- Epoch 013, ExpID 27808
Train - Loss: 5297858.89
Val - Loss, MSE, RMSE, MAE, MAPE: 11190286.00, 11190284.67, 3316.71, 2449.56, 3.10%
Test - Best epoch, Loss, MSE, RMSE, MAE, MAPE: 12, 23638576.00, 23638575.83, 4677.84, 3300.59, 3.95%
- Epoch 014, ExpID 27808
Train - Loss: 5382877.15
Val - Loss, MSE, RMSE, MAE, MAPE: 10236486.00, 10236485.25, 3173.92, 2370.64, 3.03%
Test - Best epoch, Loss, MSE, RMSE, MAE, MAPE: 14, 23248864.00, 23248864.67, 4704.96, 3258.93, 3.89%
- Epoch 015, ExpID 27808
Train - Loss: 4991777.23
Val - Loss, MSE, RMSE, MAE, MAPE: 10955311.00, 10955310.33, 3273.40, 2473.93, 3.16%
Test - Best epoch, Loss, MSE, RMSE, MAE, MAPE: 14, 23248864.00, 23248864.67, 4704.96, 3258.93, 3.89%
- Epoch 016, ExpID 27808
Train - Loss: 4898907.53
Val - Loss, MSE, RMSE, MAE, MAPE: 10420433.00, 10420432.17, 3216.52, 2435.63, 3.11%
Test - Best epoch, Loss, MSE, RMSE, MAE, MAPE: 14, 23248864.00, 23248864.67, 4704.96, 3258.93, 3.89%
- Epoch 017, ExpID 27808
Train - Loss: 4637032.43
Val - Loss, MSE, RMSE, MAE, MAPE: 10722888.00, 10722887.17, 3229.23, 2359.13, 3.01%
Test - Best epoch, Loss, MSE, RMSE, MAE, MAPE: 14, 23248864.00, 23248864.67, 4704.96, 3258.93, 3.89%
- Epoch 018, ExpID 27808
Train - Loss: 4824647.36
Val - Loss, MSE, RMSE, MAE, MAPE: 11642772.00, 11642772.33, 3394.91, 2552.65, 3.27%
Test - Best epoch, Loss, MSE, RMSE, MAE, MAPE: 14, 23248864.00, 23248864.67, 4704.96, 3258.93, 3.89%
- Epoch 019, ExpID 27808
Train - Loss: 4414477.62
Val - Loss, MSE, RMSE, MAE, MAPE: 11649904.00, 11649903.67, 3389.80, 2534.85, 3.26%
Test - Best epoch, Loss, MSE, RMSE, MAE, MAPE: 14, 23248864.00, 23248864.67, 4704.96, 3258.93, 3.89%
- Epoch 020, ExpID 27808
Train - Loss: 4271250.89
Val - Loss, MSE, RMSE, MAE, MAPE: 11563839.00, 11563840.00, 3374.40, 2531.27, 3.24%
Test - Best epoch, Loss, MSE, RMSE, MAE, MAPE: 14, 23248864.00, 23248864.67, 4704.96, 3258.93, 3.89%
- Epoch 021, ExpID 27808
Train - Loss: 3963425.11
Val - Loss, MSE, RMSE, MAE, MAPE: 10983824.00, 10983823.92, 3283.01, 2426.44, 3.10%
Test - Best epoch, Loss, MSE, RMSE, MAE, MAPE: 14, 23248864.00, 23248864.67, 4704.96, 3258.93, 3.89%
- Epoch 022, ExpID 27808
Train - Loss: 4026546.37
Val - Loss, MSE, RMSE, MAE, MAPE: 11848263.00, 11848262.75, 3407.79, 2560.40, 3.32%
Test - Best epoch, Loss, MSE, RMSE, MAE, MAPE: 14, 23248864.00, 23248864.67, 4704.96, 3258.93, 3.89%
- Epoch 023, ExpID 27808
Train - Loss: 3896277.29
Val - Loss, MSE, RMSE, MAE, MAPE: 11487854.00, 11487853.67, 3356.19, 2478.90, 3.18%
Test - Best epoch, Loss, MSE, RMSE, MAE, MAPE: 14, 23248864.00, 23248864.67, 4704.96, 3258.93, 3.89%
- Epoch 024, ExpID 27808
Train - Loss: 3825508.60
Val - Loss, MSE, RMSE, MAE, MAPE: 11004996.00, 11004995.00, 3288.40, 2449.72, 3.14%
Test - Best epoch, Loss, MSE, RMSE, MAE, MAPE: 14, 23248864.00, 23248864.67, 4704.96, 3258.93, 3.89%
Early Stopping at Epoch 24
Fold 2017 Best RMSE: 4704.9567

-------------------- [Fold: 2018] ExpID: 67406 --------------------
- Epoch 000, ExpID 67406
Train - Loss: 11842983.99
Val - Loss, MSE, RMSE, MAE, MAPE: 22326794.00, 22326794.33, 4591.79, 3366.06, 3.98%
Test - Best epoch, Loss, MSE, RMSE, MAE, MAPE: 0, 18305636.00, 18305636.17, 4215.03, 3176.96, 3.44%
- Epoch 001, ExpID 67406
Train - Loss: 8884569.65
Val - Loss, MSE, RMSE, MAE, MAPE: 21750152.00, 21750152.00, 4498.22, 3177.11, 3.79%
Test - Best epoch, Loss, MSE, RMSE, MAE, MAPE: 1, 17002916.00, 17002915.67, 4052.11, 3052.77, 3.32%
- Epoch 002, ExpID 67406
Train - Loss: 8543975.31
Val - Loss, MSE, RMSE, MAE, MAPE: 21737408.00, 21737409.50, 4493.33, 3229.14, 3.84%
Test - Best epoch, Loss, MSE, RMSE, MAE, MAPE: 2, 16786830.00, 16786830.33, 4045.70, 3058.40, 3.32%
- Epoch 003, ExpID 67406
Train - Loss: 8208123.55
Val - Loss, MSE, RMSE, MAE, MAPE: 22919424.00, 22919425.50, 4606.14, 3268.05, 3.87%
Test - Best epoch, Loss, MSE, RMSE, MAE, MAPE: 2, 16786830.00, 16786830.33, 4045.70, 3058.40, 3.32%
- Epoch 004, ExpID 67406
Train - Loss: 7688639.45
Val - Loss, MSE, RMSE, MAE, MAPE: 23103972.00, 23103972.50, 4630.55, 3378.41, 3.98%
Test - Best epoch, Loss, MSE, RMSE, MAE, MAPE: 2, 16786830.00, 16786830.33, 4045.70, 3058.40, 3.32%
- Epoch 005, ExpID 67406
Train - Loss: 7485185.79
Val - Loss, MSE, RMSE, MAE, MAPE: 23128886.00, 23128886.17, 4650.01, 3382.82, 4.03%
Test - Best epoch, Loss, MSE, RMSE, MAE, MAPE: 2, 16786830.00, 16786830.33, 4045.70, 3058.40, 3.32%
- Epoch 006, ExpID 67406
Train - Loss: 7179644.51
Val - Loss, MSE, RMSE, MAE, MAPE: 23358036.00, 23358034.17, 4640.02, 3301.30, 3.97%
Test - Best epoch, Loss, MSE, RMSE, MAE, MAPE: 2, 16786830.00, 16786830.33, 4045.70, 3058.40, 3.32%
- Epoch 007, ExpID 67406
Train - Loss: 6953778.29
Val - Loss, MSE, RMSE, MAE, MAPE: 23351776.00, 23351776.00, 4628.10, 3233.46, 3.86%
Test - Best epoch, Loss, MSE, RMSE, MAE, MAPE: 2, 16786830.00, 16786830.33, 4045.70, 3058.40, 3.32%
- Epoch 008, ExpID 67406
Train - Loss: 6725600.81
Val - Loss, MSE, RMSE, MAE, MAPE: 23907684.00, 23907683.17, 4737.58, 3427.18, 4.06%
Test - Best epoch, Loss, MSE, RMSE, MAE, MAPE: 2, 16786830.00, 16786830.33, 4045.70, 3058.40, 3.32%
- Epoch 009, ExpID 67406
Train - Loss: 6567855.97
Val - Loss, MSE, RMSE, MAE, MAPE: 24896572.00, 24896571.83, 4798.52, 3362.01, 4.04%
Test - Best epoch, Loss, MSE, RMSE, MAE, MAPE: 2, 16786830.00, 16786830.33, 4045.70, 3058.40, 3.32%
- Epoch 010, ExpID 67406
Train - Loss: 6295613.51
Val - Loss, MSE, RMSE, MAE, MAPE: 23365196.00, 23365195.17, 4640.66, 3313.55, 3.95%
Test - Best epoch, Loss, MSE, RMSE, MAE, MAPE: 2, 16786830.00, 16786830.33, 4045.70, 3058.40, 3.32%
- Epoch 011, ExpID 67406
Train - Loss: 6013397.91
Val - Loss, MSE, RMSE, MAE, MAPE: 21635128.00, 21635127.25, 4466.97, 3106.88, 3.69%
Test - Best epoch, Loss, MSE, RMSE, MAE, MAPE: 11, 15122080.00, 15122080.33, 3832.63, 2899.98, 3.14%
- Epoch 012, ExpID 67406
Train - Loss: 5922180.70
Val - Loss, MSE, RMSE, MAE, MAPE: 23778508.00, 23778507.50, 4707.01, 3258.13, 3.86%
Test - Best epoch, Loss, MSE, RMSE, MAE, MAPE: 11, 15122080.00, 15122080.33, 3832.63, 2899.98, 3.14%
- Epoch 013, ExpID 67406
Train - Loss: 5840223.74
Val - Loss, MSE, RMSE, MAE, MAPE: 22812524.00, 22812524.00, 4588.36, 3186.18, 3.82%
Test - Best epoch, Loss, MSE, RMSE, MAE, MAPE: 11, 15122080.00, 15122080.33, 3832.63, 2899.98, 3.14%
- Epoch 014, ExpID 67406
Train - Loss: 5557039.44
Val - Loss, MSE, RMSE, MAE, MAPE: 22084120.00, 22084119.50, 4537.76, 3205.49, 3.81%
Test - Best epoch, Loss, MSE, RMSE, MAE, MAPE: 11, 15122080.00, 15122080.33, 3832.63, 2899.98, 3.14%
- Epoch 015, ExpID 67406
Train - Loss: 5309418.53
Val - Loss, MSE, RMSE, MAE, MAPE: 22882192.00, 22882192.83, 4627.93, 3236.48, 3.91%
Test - Best epoch, Loss, MSE, RMSE, MAE, MAPE: 11, 15122080.00, 15122080.33, 3832.63, 2899.98, 3.14%
- Epoch 016, ExpID 67406
Train - Loss: 5108268.97
Val - Loss, MSE, RMSE, MAE, MAPE: 22276016.00, 22276017.00, 4547.24, 3124.62, 3.73%
Test - Best epoch, Loss, MSE, RMSE, MAE, MAPE: 11, 15122080.00, 15122080.33, 3832.63, 2899.98, 3.14%
- Epoch 017, ExpID 67406
Train - Loss: 5064623.78
Val - Loss, MSE, RMSE, MAE, MAPE: 25168728.00, 25168728.33, 4864.74, 3380.92, 4.05%
Test - Best epoch, Loss, MSE, RMSE, MAE, MAPE: 11, 15122080.00, 15122080.33, 3832.63, 2899.98, 3.14%
- Epoch 018, ExpID 67406
Train - Loss: 5015789.00
Val - Loss, MSE, RMSE, MAE, MAPE: 24726630.00, 24726630.50, 4809.41, 3391.81, 4.03%
Test - Best epoch, Loss, MSE, RMSE, MAE, MAPE: 11, 15122080.00, 15122080.33, 3832.63, 2899.98, 3.14%
- Epoch 019, ExpID 67406
Train - Loss: 4981036.77
Val - Loss, MSE, RMSE, MAE, MAPE: 22647100.00, 22647098.17, 4614.98, 3241.99, 3.90%
Test - Best epoch, Loss, MSE, RMSE, MAE, MAPE: 11, 15122080.00, 15122080.33, 3832.63, 2899.98, 3.14%
- Epoch 020, ExpID 67406
Train - Loss: 4538387.43
Val - Loss, MSE, RMSE, MAE, MAPE: 22024182.00, 22024179.83, 4505.07, 3100.18, 3.73%
Test - Best epoch, Loss, MSE, RMSE, MAE, MAPE: 11, 15122080.00, 15122080.33, 3832.63, 2899.98, 3.14%
- Epoch 021, ExpID 67406
Train - Loss: 4632865.51
Val - Loss, MSE, RMSE, MAE, MAPE: 25601966.00, 25601964.83, 4885.91, 3367.78, 4.06%
Test - Best epoch, Loss, MSE, RMSE, MAE, MAPE: 11, 15122080.00, 15122080.33, 3832.63, 2899.98, 3.14%
Early Stopping at Epoch 21
Fold 2018 Best RMSE: 3832.6309

-------------------- [Fold: 2019] ExpID: 52793 --------------------
- Epoch 000, ExpID 52793
Train - Loss: 12697603.20
Val - Loss, MSE, RMSE, MAE, MAPE: 18591716.00, 18591716.00, 4245.34, 3217.20, 3.45%
Test - Best epoch, Loss, MSE, RMSE, MAE, MAPE: 0, 23810940.00, 23810938.67, 4738.70, 3413.92, 3.56%
- Epoch 001, ExpID 52793
Train - Loss: 9895982.38
Val - Loss, MSE, RMSE, MAE, MAPE: 17460052.00, 17460051.67, 4110.67, 3080.46, 3.34%
Test - Best epoch, Loss, MSE, RMSE, MAE, MAPE: 1, 22241432.00, 22241431.50, 4557.73, 3234.67, 3.40%
- Epoch 002, ExpID 52793
Train - Loss: 9333630.51
Val - Loss, MSE, RMSE, MAE, MAPE: 18016938.00, 18016937.00, 4173.55, 3130.54, 3.40%
Test - Best epoch, Loss, MSE, RMSE, MAE, MAPE: 1, 22241432.00, 22241431.50, 4557.73, 3234.67, 3.40%
- Epoch 003, ExpID 52793
Train - Loss: 8836768.94
Val - Loss, MSE, RMSE, MAE, MAPE: 17772680.00, 17772679.67, 4152.88, 3141.83, 3.43%
Test - Best epoch, Loss, MSE, RMSE, MAE, MAPE: 1, 22241432.00, 22241431.50, 4557.73, 3234.67, 3.40%
- Epoch 004, ExpID 52793
Train - Loss: 8450692.83
Val - Loss, MSE, RMSE, MAE, MAPE: 17595704.00, 17595704.00, 4135.94, 3129.61, 3.42%
Test - Best epoch, Loss, MSE, RMSE, MAE, MAPE: 1, 22241432.00, 22241431.50, 4557.73, 3234.67, 3.40%
- Epoch 005, ExpID 52793
Train - Loss: 8242861.41
Val - Loss, MSE, RMSE, MAE, MAPE: 17610510.00, 17610509.17, 4106.36, 3083.81, 3.33%
Test - Best epoch, Loss, MSE, RMSE, MAE, MAPE: 1, 22241432.00, 22241431.50, 4557.73, 3234.67, 3.40%
- Epoch 006, ExpID 52793
Train - Loss: 7913819.41
Val - Loss, MSE, RMSE, MAE, MAPE: 17269534.00, 17269533.00, 4081.96, 3052.24, 3.33%
Test - Best epoch, Loss, MSE, RMSE, MAE, MAPE: 6, 22704360.00, 22704360.00, 4601.94, 3280.37, 3.48%
- Epoch 007, ExpID 52793
Train - Loss: 7493007.76
Val - Loss, MSE, RMSE, MAE, MAPE: 17563624.00, 17563624.17, 4130.93, 3143.45, 3.44%
Test - Best epoch, Loss, MSE, RMSE, MAE, MAPE: 6, 22704360.00, 22704360.00, 4601.94, 3280.37, 3.48%
- Epoch 008, ExpID 52793
Train - Loss: 7375285.38
Val - Loss, MSE, RMSE, MAE, MAPE: 17062000.00, 17061999.83, 4043.22, 3064.58, 3.33%
Test - Best epoch, Loss, MSE, RMSE, MAE, MAPE: 8, 23040252.00, 23040250.33, 4621.48, 3278.68, 3.46%
- Epoch 009, ExpID 52793
Train - Loss: 7010041.97
Val - Loss, MSE, RMSE, MAE, MAPE: 18164026.00, 18164025.83, 4188.90, 3185.73, 3.45%
Test - Best epoch, Loss, MSE, RMSE, MAE, MAPE: 8, 23040252.00, 23040250.33, 4621.48, 3278.68, 3.46%
- Epoch 010, ExpID 52793
Train - Loss: 6866761.66
Val - Loss, MSE, RMSE, MAE, MAPE: 16886300.00, 16886298.67, 4034.37, 3031.40, 3.28%
Test - Best epoch, Loss, MSE, RMSE, MAE, MAPE: 10, 22619454.00, 22619453.00, 4582.93, 3247.56, 3.40%
- Epoch 011, ExpID 52793
Train - Loss: 6817565.66
Val - Loss, MSE, RMSE, MAE, MAPE: 16342859.00, 16342858.33, 3981.53, 3011.13, 3.27%
Test - Best epoch, Loss, MSE, RMSE, MAE, MAPE: 11, 24525766.00, 24525764.67, 4710.47, 3291.21, 3.47%
- Epoch 012, ExpID 52793
Train - Loss: 6409758.74
Val - Loss, MSE, RMSE, MAE, MAPE: 16434452.00, 16434452.67, 3982.44, 3005.46, 3.28%
Test - Best epoch, Loss, MSE, RMSE, MAE, MAPE: 11, 24525766.00, 24525764.67, 4710.47, 3291.21, 3.47%
- Epoch 013, ExpID 52793
Train - Loss: 6062852.29
Val - Loss, MSE, RMSE, MAE, MAPE: 17780842.00, 17780841.33, 4152.39, 3138.79, 3.40%
Test - Best epoch, Loss, MSE, RMSE, MAE, MAPE: 11, 24525766.00, 24525764.67, 4710.47, 3291.21, 3.47%
- Epoch 014, ExpID 52793
Train - Loss: 5918217.99
Val - Loss, MSE, RMSE, MAE, MAPE: 18209584.00, 18209584.00, 4201.69, 3269.20, 3.55%
Test - Best epoch, Loss, MSE, RMSE, MAE, MAPE: 11, 24525766.00, 24525764.67, 4710.47, 3291.21, 3.47%
- Epoch 015, ExpID 52793
Train - Loss: 5753046.72
Val - Loss, MSE, RMSE, MAE, MAPE: 16840928.00, 16840927.33, 4025.70, 3074.15, 3.34%
Test - Best epoch, Loss, MSE, RMSE, MAE, MAPE: 11, 24525766.00, 24525764.67, 4710.47, 3291.21, 3.47%
- Epoch 016, ExpID 52793
Train - Loss: 5583853.24
Val - Loss, MSE, RMSE, MAE, MAPE: 17238320.00, 17238319.00, 4080.64, 3100.16, 3.37%
Test - Best epoch, Loss, MSE, RMSE, MAE, MAPE: 11, 24525766.00, 24525764.67, 4710.47, 3291.21, 3.47%
- Epoch 017, ExpID 52793
Train - Loss: 5504932.04
Val - Loss, MSE, RMSE, MAE, MAPE: 16441374.00, 16441373.17, 4000.51, 3034.05, 3.32%
Test - Best epoch, Loss, MSE, RMSE, MAE, MAPE: 11, 24525766.00, 24525764.67, 4710.47, 3291.21, 3.47%
- Epoch 018, ExpID 52793
Train - Loss: 5183357.62
Val - Loss, MSE, RMSE, MAE, MAPE: 17566182.00, 17566182.00, 4110.00, 3178.08, 3.46%
Test - Best epoch, Loss, MSE, RMSE, MAE, MAPE: 11, 24525766.00, 24525764.67, 4710.47, 3291.21, 3.47%
- Epoch 019, ExpID 52793
Train - Loss: 5028331.23
Val - Loss, MSE, RMSE, MAE, MAPE: 16144666.00, 16144665.17, 3933.83, 2999.64, 3.24%
Test - Best epoch, Loss, MSE, RMSE, MAE, MAPE: 19, 23968774.00, 23968773.17, 4708.54, 3283.61, 3.44%
- Epoch 020, ExpID 52793
Train - Loss: 5097867.42
Val - Loss, MSE, RMSE, MAE, MAPE: 16164907.00, 16164907.17, 3946.08, 3031.44, 3.31%
Test - Best epoch, Loss, MSE, RMSE, MAE, MAPE: 19, 23968774.00, 23968773.17, 4708.54, 3283.61, 3.44%
- Epoch 021, ExpID 52793
Train - Loss: 4746077.90
Val - Loss, MSE, RMSE, MAE, MAPE: 16667762.00, 16667761.83, 3988.21, 2986.68, 3.22%
Test - Best epoch, Loss, MSE, RMSE, MAE, MAPE: 19, 23968774.00, 23968773.17, 4708.54, 3283.61, 3.44%
- Epoch 022, ExpID 52793
Train - Loss: 4625640.09
Val - Loss, MSE, RMSE, MAE, MAPE: 17145538.00, 17145537.83, 4075.06, 3109.82, 3.35%
Test - Best epoch, Loss, MSE, RMSE, MAE, MAPE: 19, 23968774.00, 23968773.17, 4708.54, 3283.61, 3.44%
- Epoch 023, ExpID 52793
Train - Loss: 4555638.02
Val - Loss, MSE, RMSE, MAE, MAPE: 19477084.00, 19477085.17, 4318.66, 3219.03, 3.54%
Test - Best epoch, Loss, MSE, RMSE, MAE, MAPE: 19, 23968774.00, 23968773.17, 4708.54, 3283.61, 3.44%
- Epoch 024, ExpID 52793
Train - Loss: 4504234.82
Val - Loss, MSE, RMSE, MAE, MAPE: 17963384.00, 17963383.67, 4170.77, 3150.58, 3.44%
Test - Best epoch, Loss, MSE, RMSE, MAE, MAPE: 19, 23968774.00, 23968773.17, 4708.54, 3283.61, 3.44%
- Epoch 025, ExpID 52793
Train - Loss: 4429500.23
Val - Loss, MSE, RMSE, MAE, MAPE: 19602852.00, 19602850.83, 4371.71, 3248.52, 3.54%
Test - Best epoch, Loss, MSE, RMSE, MAE, MAPE: 19, 23968774.00, 23968773.17, 4708.54, 3283.61, 3.44%
- Epoch 026, ExpID 52793
Train - Loss: 4221745.33
Val - Loss, MSE, RMSE, MAE, MAPE: 16962744.00, 16962742.50, 4024.40, 3031.26, 3.28%
Test - Best epoch, Loss, MSE, RMSE, MAE, MAPE: 19, 23968774.00, 23968773.17, 4708.54, 3283.61, 3.44%
- Epoch 027, ExpID 52793
Train - Loss: 4190787.01
Val - Loss, MSE, RMSE, MAE, MAPE: 18966206.00, 18966205.33, 4245.98, 3178.13, 3.46%
Test - Best epoch, Loss, MSE, RMSE, MAE, MAPE: 19, 23968774.00, 23968773.17, 4708.54, 3283.61, 3.44%
- Epoch 028, ExpID 52793
Train - Loss: 3916530.90
Val - Loss, MSE, RMSE, MAE, MAPE: 17825910.00, 17825910.00, 4142.08, 3076.55, 3.34%
Test - Best epoch, Loss, MSE, RMSE, MAE, MAPE: 19, 23968774.00, 23968773.17, 4708.54, 3283.61, 3.44%
- Epoch 029, ExpID 52793
Train - Loss: 4137361.24
Val - Loss, MSE, RMSE, MAE, MAPE: 18502460.00, 18502460.83, 4233.06, 3121.71, 3.39%
Test - Best epoch, Loss, MSE, RMSE, MAE, MAPE: 19, 23968774.00, 23968773.17, 4708.54, 3283.61, 3.44%
Early Stopping at Epoch 29
Fold 2019 Best RMSE: 4708.5419
