DETAILED LOG | Model: tsmixer | Seed: 1
FULL CONFIG: {'gpu': '3', 'target': 'departure', 'cv_start_year': 2017, 'cv_end_year': 2019, 'test_year': 2024, 'use_corona': False, 'seq_len': 28, 'label_len': 0, 'pred_len': 1, 'batch_size': 64, 'epochs': 1000, 'patience': 10, 'lr': 0.0001, 'model': 'tsmixer', 'd_model': 256, 'n_heads': 4, 'n_layers': 4, 'dropout': 0.1, 'activation': 'gelu', 'patch_len': 16, 'factor': 5, 'norm_mode': 'revin', 'use_dbloss': False, 'device': device(type='cuda'), 'stride': 16, 'file_path': 'dataset/airport_daily_flight_merged.csv', 'seed': 1, 'val_year': 2019, 'ndims': 1}

-------------------- [Fold: 2017] ExpID: 2514 --------------------
- Epoch 000, ExpID 2514
Train - Loss: 16228052.39
Val - Loss, MSE, RMSE, MAE, MAPE: 20324692.00, 20324691.50, 4438.34, 3365.19, 4.29%
Test - Best epoch, Loss, MSE, RMSE, MAE, MAPE: 0, 28797148.00, 28797146.33, 5209.43, 3944.94, 4.70%
- Epoch 001, ExpID 2514
Train - Loss: 11057419.72
Val - Loss, MSE, RMSE, MAE, MAPE: 16228180.00, 16228181.17, 3944.70, 2938.11, 3.77%
Test - Best epoch, Loss, MSE, RMSE, MAE, MAPE: 1, 23711100.00, 23711100.00, 4715.78, 3483.89, 4.16%
- Epoch 002, ExpID 2514
Train - Loss: 9987586.85
Val - Loss, MSE, RMSE, MAE, MAPE: 14816470.00, 14816469.25, 3765.10, 2787.18, 3.58%
Test - Best epoch, Loss, MSE, RMSE, MAE, MAPE: 2, 23275416.00, 23275414.50, 4661.37, 3424.35, 4.09%
- Epoch 003, ExpID 2514
Train - Loss: 9392072.70
Val - Loss, MSE, RMSE, MAE, MAPE: 13892250.00, 13892248.92, 3643.68, 2681.39, 3.44%
Test - Best epoch, Loss, MSE, RMSE, MAE, MAPE: 3, 22712032.00, 22712032.33, 4583.62, 3323.04, 3.97%
- Epoch 004, ExpID 2514
Train - Loss: 9149980.02
Val - Loss, MSE, RMSE, MAE, MAPE: 13205907.00, 13205906.42, 3572.97, 2643.44, 3.37%
Test - Best epoch, Loss, MSE, RMSE, MAE, MAPE: 4, 22473944.00, 22473944.00, 4550.45, 3304.49, 3.92%
- Epoch 005, ExpID 2514
Train - Loss: 8986767.97
Val - Loss, MSE, RMSE, MAE, MAPE: 12872780.00, 12872781.33, 3514.23, 2577.80, 3.31%
Test - Best epoch, Loss, MSE, RMSE, MAE, MAPE: 5, 22625438.00, 22625436.42, 4560.08, 3251.97, 3.89%
- Epoch 006, ExpID 2514
Train - Loss: 8685701.61
Val - Loss, MSE, RMSE, MAE, MAPE: 12329654.00, 12329652.58, 3442.36, 2527.28, 3.23%
Test - Best epoch, Loss, MSE, RMSE, MAE, MAPE: 6, 22077130.00, 22077129.83, 4501.01, 3224.83, 3.84%
- Epoch 007, ExpID 2514
Train - Loss: 8352294.22
Val - Loss, MSE, RMSE, MAE, MAPE: 12212428.00, 12212428.50, 3437.32, 2543.90, 3.24%
Test - Best epoch, Loss, MSE, RMSE, MAE, MAPE: 7, 22656240.00, 22656238.67, 4560.77, 3274.83, 3.89%
- Epoch 008, ExpID 2514
Train - Loss: 8222791.64
Val - Loss, MSE, RMSE, MAE, MAPE: 11985296.00, 11985297.17, 3397.57, 2487.82, 3.19%
Test - Best epoch, Loss, MSE, RMSE, MAE, MAPE: 8, 22241984.00, 22241984.33, 4518.28, 3210.98, 3.83%
- Epoch 009, ExpID 2514
Train - Loss: 8066538.75
Val - Loss, MSE, RMSE, MAE, MAPE: 11767756.00, 11767756.25, 3373.00, 2488.84, 3.18%
Test - Best epoch, Loss, MSE, RMSE, MAE, MAPE: 9, 22274572.00, 22274571.67, 4511.17, 3225.19, 3.83%
- Epoch 010, ExpID 2514
Train - Loss: 8057973.54
Val - Loss, MSE, RMSE, MAE, MAPE: 11605755.00, 11605754.50, 3352.92, 2470.49, 3.16%
Test - Best epoch, Loss, MSE, RMSE, MAE, MAPE: 10, 22189008.00, 22189007.83, 4506.58, 3205.50, 3.82%
- Epoch 011, ExpID 2514
Train - Loss: 8173671.86
Val - Loss, MSE, RMSE, MAE, MAPE: 11540076.00, 11540076.33, 3343.99, 2458.32, 3.14%
Test - Best epoch, Loss, MSE, RMSE, MAE, MAPE: 11, 22429372.00, 22429370.00, 4528.19, 3217.45, 3.83%
- Epoch 012, ExpID 2514
Train - Loss: 7853528.67
Val - Loss, MSE, RMSE, MAE, MAPE: 11450959.00, 11450958.42, 3330.47, 2441.42, 3.13%
Test - Best epoch, Loss, MSE, RMSE, MAE, MAPE: 12, 22040780.00, 22040779.83, 4491.13, 3183.95, 3.80%
- Epoch 013, ExpID 2514
Train - Loss: 7752194.48
Val - Loss, MSE, RMSE, MAE, MAPE: 11222480.00, 11222480.92, 3299.41, 2428.82, 3.11%
Test - Best epoch, Loss, MSE, RMSE, MAE, MAPE: 13, 22376848.00, 22376849.50, 4520.64, 3223.13, 3.84%
- Epoch 014, ExpID 2514
Train - Loss: 7534206.89
Val - Loss, MSE, RMSE, MAE, MAPE: 11075800.00, 11075799.50, 3280.24, 2422.10, 3.09%
Test - Best epoch, Loss, MSE, RMSE, MAE, MAPE: 14, 22192528.00, 22192527.33, 4497.40, 3185.40, 3.78%
- Epoch 015, ExpID 2514
Train - Loss: 7551031.12
Val - Loss, MSE, RMSE, MAE, MAPE: 10990698.00, 10990697.42, 3271.08, 2420.55, 3.09%
Test - Best epoch, Loss, MSE, RMSE, MAE, MAPE: 15, 22674008.00, 22674008.33, 4543.26, 3232.80, 3.84%
- Epoch 016, ExpID 2514
Train - Loss: 7265340.62
Val - Loss, MSE, RMSE, MAE, MAPE: 10845654.00, 10845653.58, 3247.71, 2395.48, 3.07%
Test - Best epoch, Loss, MSE, RMSE, MAE, MAPE: 16, 22940448.00, 22940449.00, 4563.99, 3233.97, 3.85%
- Epoch 017, ExpID 2514
Train - Loss: 7367321.22
Val - Loss, MSE, RMSE, MAE, MAPE: 10994086.00, 10994085.00, 3271.09, 2417.27, 3.10%
Test - Best epoch, Loss, MSE, RMSE, MAE, MAPE: 16, 22940448.00, 22940449.00, 4563.99, 3233.97, 3.85%
- Epoch 018, ExpID 2514
Train - Loss: 7242195.88
Val - Loss, MSE, RMSE, MAE, MAPE: 10820818.00, 10820818.42, 3242.03, 2386.54, 3.06%
Test - Best epoch, Loss, MSE, RMSE, MAE, MAPE: 18, 22868054.00, 22868053.00, 4566.33, 3233.57, 3.86%
- Epoch 019, ExpID 2514
Train - Loss: 7132412.24
Val - Loss, MSE, RMSE, MAE, MAPE: 10749718.00, 10749718.58, 3235.13, 2402.20, 3.08%
Test - Best epoch, Loss, MSE, RMSE, MAE, MAPE: 19, 22926622.00, 22926620.50, 4576.39, 3269.91, 3.89%
- Epoch 020, ExpID 2514
Train - Loss: 7000568.20
Val - Loss, MSE, RMSE, MAE, MAPE: 10556834.00, 10556833.67, 3205.88, 2361.48, 3.02%
Test - Best epoch, Loss, MSE, RMSE, MAE, MAPE: 20, 22421984.00, 22421985.67, 4509.24, 3178.58, 3.78%
- Epoch 021, ExpID 2514
Train - Loss: 6935706.60
Val - Loss, MSE, RMSE, MAE, MAPE: 10688951.00, 10688950.83, 3227.82, 2395.83, 3.06%
Test - Best epoch, Loss, MSE, RMSE, MAE, MAPE: 20, 22421984.00, 22421985.67, 4509.24, 3178.58, 3.78%
- Epoch 022, ExpID 2514
Train - Loss: 6841083.50
Val - Loss, MSE, RMSE, MAE, MAPE: 10706782.00, 10706782.08, 3232.06, 2401.24, 3.06%
Test - Best epoch, Loss, MSE, RMSE, MAE, MAPE: 20, 22421984.00, 22421985.67, 4509.24, 3178.58, 3.78%
- Epoch 023, ExpID 2514
Train - Loss: 6820835.32
Val - Loss, MSE, RMSE, MAE, MAPE: 10796298.00, 10796297.92, 3244.88, 2370.83, 3.04%
Test - Best epoch, Loss, MSE, RMSE, MAE, MAPE: 20, 22421984.00, 22421985.67, 4509.24, 3178.58, 3.78%
- Epoch 024, ExpID 2514
Train - Loss: 6815424.84
Val - Loss, MSE, RMSE, MAE, MAPE: 10651450.00, 10651449.92, 3226.86, 2389.60, 3.05%
Test - Best epoch, Loss, MSE, RMSE, MAE, MAPE: 20, 22421984.00, 22421985.67, 4509.24, 3178.58, 3.78%
- Epoch 025, ExpID 2514
Train - Loss: 6610853.46
Val - Loss, MSE, RMSE, MAE, MAPE: 10730288.00, 10730287.25, 3234.44, 2372.07, 3.04%
Test - Best epoch, Loss, MSE, RMSE, MAE, MAPE: 20, 22421984.00, 22421985.67, 4509.24, 3178.58, 3.78%
- Epoch 026, ExpID 2514
Train - Loss: 6567791.75
Val - Loss, MSE, RMSE, MAE, MAPE: 10586299.00, 10586297.75, 3211.06, 2368.55, 3.05%
Test - Best epoch, Loss, MSE, RMSE, MAE, MAPE: 20, 22421984.00, 22421985.67, 4509.24, 3178.58, 3.78%
- Epoch 027, ExpID 2514
Train - Loss: 6573506.20
Val - Loss, MSE, RMSE, MAE, MAPE: 10582956.00, 10582955.58, 3213.27, 2361.90, 3.02%
Test - Best epoch, Loss, MSE, RMSE, MAE, MAPE: 20, 22421984.00, 22421985.67, 4509.24, 3178.58, 3.78%
- Epoch 028, ExpID 2514
Train - Loss: 6455562.78
Val - Loss, MSE, RMSE, MAE, MAPE: 10473741.00, 10473741.33, 3202.13, 2378.21, 3.04%
Test - Best epoch, Loss, MSE, RMSE, MAE, MAPE: 28, 23996880.00, 23996880.33, 4665.43, 3294.34, 3.91%
- Epoch 029, ExpID 2514
Train - Loss: 6348893.28
Val - Loss, MSE, RMSE, MAE, MAPE: 10482708.00, 10482707.25, 3196.20, 2363.71, 3.04%
Test - Best epoch, Loss, MSE, RMSE, MAE, MAPE: 28, 23996880.00, 23996880.33, 4665.43, 3294.34, 3.91%
- Epoch 030, ExpID 2514
Train - Loss: 6341329.38
Val - Loss, MSE, RMSE, MAE, MAPE: 10325717.00, 10325717.25, 3171.82, 2340.21, 3.00%
Test - Best epoch, Loss, MSE, RMSE, MAE, MAPE: 30, 23543144.00, 23543143.67, 4633.88, 3246.21, 3.87%
- Epoch 031, ExpID 2514
Train - Loss: 6180802.32
Val - Loss, MSE, RMSE, MAE, MAPE: 10249825.00, 10249825.50, 3165.15, 2343.62, 3.00%
Test - Best epoch, Loss, MSE, RMSE, MAE, MAPE: 31, 24030052.00, 24030050.00, 4666.95, 3260.01, 3.89%
- Epoch 032, ExpID 2514
Train - Loss: 6223606.48
Val - Loss, MSE, RMSE, MAE, MAPE: 10176336.00, 10176335.67, 3157.52, 2335.74, 2.99%
Test - Best epoch, Loss, MSE, RMSE, MAE, MAPE: 32, 23608182.00, 23608182.33, 4634.00, 3226.31, 3.85%
- Epoch 033, ExpID 2514
Train - Loss: 6080371.15
Val - Loss, MSE, RMSE, MAE, MAPE: 10411603.00, 10411602.50, 3193.70, 2372.08, 3.03%
Test - Best epoch, Loss, MSE, RMSE, MAE, MAPE: 32, 23608182.00, 23608182.33, 4634.00, 3226.31, 3.85%
- Epoch 034, ExpID 2514
Train - Loss: 6008592.05
Val - Loss, MSE, RMSE, MAE, MAPE: 10220033.00, 10220032.08, 3164.43, 2342.85, 3.00%
Test - Best epoch, Loss, MSE, RMSE, MAE, MAPE: 32, 23608182.00, 23608182.33, 4634.00, 3226.31, 3.85%
- Epoch 035, ExpID 2514
Train - Loss: 5947578.59
Val - Loss, MSE, RMSE, MAE, MAPE: 10139398.00, 10139397.08, 3153.22, 2336.82, 2.98%
Test - Best epoch, Loss, MSE, RMSE, MAE, MAPE: 35, 24303584.00, 24303584.33, 4699.56, 3268.99, 3.89%
- Epoch 036, ExpID 2514
Train - Loss: 5988422.76
Val - Loss, MSE, RMSE, MAE, MAPE: 10360000.00, 10359999.92, 3177.08, 2357.34, 3.03%
Test - Best epoch, Loss, MSE, RMSE, MAE, MAPE: 35, 24303584.00, 24303584.33, 4699.56, 3268.99, 3.89%
- Epoch 037, ExpID 2514
Train - Loss: 5821322.75
Val - Loss, MSE, RMSE, MAE, MAPE: 10263984.00, 10263984.58, 3170.94, 2357.96, 3.01%
Test - Best epoch, Loss, MSE, RMSE, MAE, MAPE: 35, 24303584.00, 24303584.33, 4699.56, 3268.99, 3.89%
- Epoch 038, ExpID 2514
Train - Loss: 5783675.65
Val - Loss, MSE, RMSE, MAE, MAPE: 10431984.00, 10431983.50, 3192.62, 2362.24, 3.02%
Test - Best epoch, Loss, MSE, RMSE, MAE, MAPE: 35, 24303584.00, 24303584.33, 4699.56, 3268.99, 3.89%
- Epoch 039, ExpID 2514
Train - Loss: 5739457.53
Val - Loss, MSE, RMSE, MAE, MAPE: 10237929.00, 10237929.17, 3165.28, 2353.45, 3.02%
Test - Best epoch, Loss, MSE, RMSE, MAE, MAPE: 35, 24303584.00, 24303584.33, 4699.56, 3268.99, 3.89%
- Epoch 040, ExpID 2514
Train - Loss: 5651537.78
Val - Loss, MSE, RMSE, MAE, MAPE: 10449052.00, 10449051.83, 3201.99, 2380.62, 3.04%
Test - Best epoch, Loss, MSE, RMSE, MAE, MAPE: 35, 24303584.00, 24303584.33, 4699.56, 3268.99, 3.89%
- Epoch 041, ExpID 2514
Train - Loss: 5617498.34
Val - Loss, MSE, RMSE, MAE, MAPE: 10531012.00, 10531011.75, 3202.96, 2367.59, 3.03%
Test - Best epoch, Loss, MSE, RMSE, MAE, MAPE: 35, 24303584.00, 24303584.33, 4699.56, 3268.99, 3.89%
- Epoch 042, ExpID 2514
Train - Loss: 5553047.06
Val - Loss, MSE, RMSE, MAE, MAPE: 10483419.00, 10483418.67, 3206.95, 2375.13, 3.03%
Test - Best epoch, Loss, MSE, RMSE, MAE, MAPE: 35, 24303584.00, 24303584.33, 4699.56, 3268.99, 3.89%
- Epoch 043, ExpID 2514
Train - Loss: 5469610.42
Val - Loss, MSE, RMSE, MAE, MAPE: 10330016.00, 10330015.08, 3181.01, 2359.76, 3.02%
Test - Best epoch, Loss, MSE, RMSE, MAE, MAPE: 35, 24303584.00, 24303584.33, 4699.56, 3268.99, 3.89%
- Epoch 044, ExpID 2514
Train - Loss: 5391243.17
Val - Loss, MSE, RMSE, MAE, MAPE: 10345252.00, 10345252.33, 3185.13, 2370.96, 3.04%
Test - Best epoch, Loss, MSE, RMSE, MAE, MAPE: 35, 24303584.00, 24303584.33, 4699.56, 3268.99, 3.89%
- Epoch 045, ExpID 2514
Train - Loss: 5442643.67
Val - Loss, MSE, RMSE, MAE, MAPE: 10326321.00, 10326320.83, 3180.32, 2366.85, 3.02%
Test - Best epoch, Loss, MSE, RMSE, MAE, MAPE: 35, 24303584.00, 24303584.33, 4699.56, 3268.99, 3.89%
Early Stopping at Epoch 45
Fold 2017 Best RMSE: 4699.5605

-------------------- [Fold: 2018] ExpID: 94881 --------------------
- Epoch 000, ExpID 94881
Train - Loss: 16914788.20
Val - Loss, MSE, RMSE, MAE, MAPE: 27313062.00, 27313063.33, 5093.42, 3697.45, 4.47%
Test - Best epoch, Loss, MSE, RMSE, MAE, MAPE: 0, 23711142.00, 23711142.33, 4802.79, 3700.57, 4.04%
- Epoch 001, ExpID 94881
Train - Loss: 10767653.13
Val - Loss, MSE, RMSE, MAE, MAPE: 22462726.00, 22462726.00, 4618.45, 3351.19, 4.00%
Test - Best epoch, Loss, MSE, RMSE, MAE, MAPE: 1, 19655984.00, 19655983.33, 4380.85, 3358.84, 3.64%
- Epoch 002, ExpID 94881
Train - Loss: 9852863.60
Val - Loss, MSE, RMSE, MAE, MAPE: 21610364.00, 21610363.67, 4519.17, 3261.72, 3.89%
Test - Best epoch, Loss, MSE, RMSE, MAE, MAPE: 2, 18230992.00, 18230992.67, 4214.16, 3192.95, 3.46%
- Epoch 003, ExpID 94881
Train - Loss: 9477680.81
Val - Loss, MSE, RMSE, MAE, MAPE: 21033152.00, 21033152.17, 4451.56, 3207.49, 3.81%
Test - Best epoch, Loss, MSE, RMSE, MAE, MAPE: 3, 17677492.00, 17677489.50, 4147.73, 3123.02, 3.38%
- Epoch 004, ExpID 94881
Train - Loss: 9146378.23
Val - Loss, MSE, RMSE, MAE, MAPE: 21187462.00, 21187461.00, 4460.10, 3221.10, 3.82%
Test - Best epoch, Loss, MSE, RMSE, MAE, MAPE: 3, 17677492.00, 17677489.50, 4147.73, 3123.02, 3.38%
- Epoch 005, ExpID 94881
Train - Loss: 8780203.78
Val - Loss, MSE, RMSE, MAE, MAPE: 20887720.00, 20887719.17, 4414.20, 3158.76, 3.75%
Test - Best epoch, Loss, MSE, RMSE, MAE, MAPE: 5, 16890350.00, 16890349.83, 4047.80, 3011.00, 3.26%
- Epoch 006, ExpID 94881
Train - Loss: 8686294.99
Val - Loss, MSE, RMSE, MAE, MAPE: 20549528.00, 20549527.17, 4373.38, 3128.90, 3.71%
Test - Best epoch, Loss, MSE, RMSE, MAE, MAPE: 6, 16623484.00, 16623482.50, 4013.44, 2988.33, 3.24%
- Epoch 007, ExpID 94881
Train - Loss: 8521942.88
Val - Loss, MSE, RMSE, MAE, MAPE: 21047554.00, 21047553.50, 4424.00, 3132.41, 3.73%
Test - Best epoch, Loss, MSE, RMSE, MAE, MAPE: 6, 16623484.00, 16623482.50, 4013.44, 2988.33, 3.24%
- Epoch 008, ExpID 94881
Train - Loss: 8455430.39
Val - Loss, MSE, RMSE, MAE, MAPE: 21065364.00, 21065362.17, 4431.17, 3154.79, 3.76%
Test - Best epoch, Loss, MSE, RMSE, MAE, MAPE: 6, 16623484.00, 16623482.50, 4013.44, 2988.33, 3.24%
- Epoch 009, ExpID 94881
Train - Loss: 8123132.61
Val - Loss, MSE, RMSE, MAE, MAPE: 21025576.00, 21025575.17, 4421.08, 3157.33, 3.74%
Test - Best epoch, Loss, MSE, RMSE, MAE, MAPE: 6, 16623484.00, 16623482.50, 4013.44, 2988.33, 3.24%
- Epoch 010, ExpID 94881
Train - Loss: 8172424.44
Val - Loss, MSE, RMSE, MAE, MAPE: 21137116.00, 21137115.83, 4436.51, 3192.38, 3.79%
Test - Best epoch, Loss, MSE, RMSE, MAE, MAPE: 6, 16623484.00, 16623482.50, 4013.44, 2988.33, 3.24%
- Epoch 011, ExpID 94881
Train - Loss: 7992538.03
Val - Loss, MSE, RMSE, MAE, MAPE: 21328838.00, 21328837.50, 4453.95, 3165.04, 3.77%
Test - Best epoch, Loss, MSE, RMSE, MAE, MAPE: 6, 16623484.00, 16623482.50, 4013.44, 2988.33, 3.24%
- Epoch 012, ExpID 94881
Train - Loss: 7843629.45
Val - Loss, MSE, RMSE, MAE, MAPE: 21297172.00, 21297170.83, 4442.91, 3187.48, 3.76%
Test - Best epoch, Loss, MSE, RMSE, MAE, MAPE: 6, 16623484.00, 16623482.50, 4013.44, 2988.33, 3.24%
- Epoch 013, ExpID 94881
Train - Loss: 7741346.41
Val - Loss, MSE, RMSE, MAE, MAPE: 21721592.00, 21721590.17, 4482.87, 3158.60, 3.77%
Test - Best epoch, Loss, MSE, RMSE, MAE, MAPE: 6, 16623484.00, 16623482.50, 4013.44, 2988.33, 3.24%
- Epoch 014, ExpID 94881
Train - Loss: 7700717.30
Val - Loss, MSE, RMSE, MAE, MAPE: 21073248.00, 21073246.67, 4416.11, 3143.36, 3.72%
Test - Best epoch, Loss, MSE, RMSE, MAE, MAPE: 6, 16623484.00, 16623482.50, 4013.44, 2988.33, 3.24%
- Epoch 015, ExpID 94881
Train - Loss: 7656278.63
Val - Loss, MSE, RMSE, MAE, MAPE: 21405254.00, 21405252.00, 4455.17, 3187.20, 3.80%
Test - Best epoch, Loss, MSE, RMSE, MAE, MAPE: 6, 16623484.00, 16623482.50, 4013.44, 2988.33, 3.24%
- Epoch 016, ExpID 94881
Train - Loss: 7527528.98
Val - Loss, MSE, RMSE, MAE, MAPE: 21393196.00, 21393193.83, 4444.78, 3152.06, 3.75%
Test - Best epoch, Loss, MSE, RMSE, MAE, MAPE: 6, 16623484.00, 16623482.50, 4013.44, 2988.33, 3.24%
Early Stopping at Epoch 16
Fold 2018 Best RMSE: 4013.4358

-------------------- [Fold: 2019] ExpID: 81882 --------------------
- Epoch 000, ExpID 81882
Train - Loss: 21634285.31
Val - Loss, MSE, RMSE, MAE, MAPE: 29352528.00, 29352529.00, 5321.34, 4186.23, 4.55%
Test - Best epoch, Loss, MSE, RMSE, MAE, MAPE: 0, 33393192.00, 33393193.83, 5662.27, 4153.83, 4.40%
- Epoch 001, ExpID 81882
Train - Loss: 13189300.97
Val - Loss, MSE, RMSE, MAE, MAPE: 23939302.00, 23939302.67, 4807.64, 3757.42, 4.05%
Test - Best epoch, Loss, MSE, RMSE, MAE, MAPE: 1, 27740622.00, 27740624.00, 5153.57, 3728.65, 3.90%
- Epoch 002, ExpID 81882
Train - Loss: 11525979.81
Val - Loss, MSE, RMSE, MAE, MAPE: 21468448.00, 21468447.33, 4546.47, 3463.46, 3.75%
Test - Best epoch, Loss, MSE, RMSE, MAE, MAPE: 2, 24755944.00, 24755944.83, 4825.47, 3440.19, 3.61%
- Epoch 003, ExpID 81882
Train - Loss: 10661453.60
Val - Loss, MSE, RMSE, MAE, MAPE: 20226050.00, 20226050.17, 4424.37, 3347.68, 3.62%
Test - Best epoch, Loss, MSE, RMSE, MAE, MAPE: 3, 23508332.00, 23508331.33, 4703.36, 3314.12, 3.48%
- Epoch 004, ExpID 81882
Train - Loss: 10149870.44
Val - Loss, MSE, RMSE, MAE, MAPE: 19396328.00, 19396328.50, 4336.90, 3279.40, 3.56%
Test - Best epoch, Loss, MSE, RMSE, MAE, MAPE: 4, 22333948.00, 22333948.33, 4566.56, 3240.03, 3.41%
- Epoch 005, ExpID 81882
Train - Loss: 9982978.99
Val - Loss, MSE, RMSE, MAE, MAPE: 18292378.00, 18292376.50, 4202.83, 3137.28, 3.40%
Test - Best epoch, Loss, MSE, RMSE, MAE, MAPE: 5, 22219214.00, 22219214.17, 4541.48, 3176.63, 3.33%
- Epoch 006, ExpID 81882
Train - Loss: 9557550.32
Val - Loss, MSE, RMSE, MAE, MAPE: 17983082.00, 17983081.50, 4170.18, 3116.18, 3.38%
Test - Best epoch, Loss, MSE, RMSE, MAE, MAPE: 6, 21649928.00, 21649926.00, 4473.39, 3135.93, 3.29%
- Epoch 007, ExpID 81882
Train - Loss: 9355283.55
Val - Loss, MSE, RMSE, MAE, MAPE: 17713304.00, 17713302.83, 4142.56, 3106.88, 3.37%
Test - Best epoch, Loss, MSE, RMSE, MAE, MAPE: 7, 21399294.00, 21399292.33, 4453.56, 3133.08, 3.29%
- Epoch 008, ExpID 81882
Train - Loss: 9173103.12
Val - Loss, MSE, RMSE, MAE, MAPE: 17411300.00, 17411297.33, 4110.41, 3067.76, 3.33%
Test - Best epoch, Loss, MSE, RMSE, MAE, MAPE: 8, 21236584.00, 21236584.00, 4423.76, 3094.77, 3.25%
- Epoch 009, ExpID 81882
Train - Loss: 9070125.77
Val - Loss, MSE, RMSE, MAE, MAPE: 17006224.00, 17006222.50, 4057.75, 3029.50, 3.29%
Test - Best epoch, Loss, MSE, RMSE, MAE, MAPE: 9, 21158324.00, 21158321.83, 4406.70, 3088.60, 3.24%
- Epoch 010, ExpID 81882
Train - Loss: 8897556.82
Val - Loss, MSE, RMSE, MAE, MAPE: 17368408.00, 17368405.83, 4100.64, 3068.19, 3.34%
Test - Best epoch, Loss, MSE, RMSE, MAE, MAPE: 9, 21158324.00, 21158321.83, 4406.70, 3088.60, 3.24%
- Epoch 011, ExpID 81882
Train - Loss: 8801651.77
Val - Loss, MSE, RMSE, MAE, MAPE: 17223932.00, 17223929.33, 4085.66, 3060.10, 3.34%
Test - Best epoch, Loss, MSE, RMSE, MAE, MAPE: 9, 21158324.00, 21158321.83, 4406.70, 3088.60, 3.24%
- Epoch 012, ExpID 81882
Train - Loss: 8689110.44
Val - Loss, MSE, RMSE, MAE, MAPE: 17365852.00, 17365852.17, 4099.67, 3095.46, 3.36%
Test - Best epoch, Loss, MSE, RMSE, MAE, MAPE: 9, 21158324.00, 21158321.83, 4406.70, 3088.60, 3.24%
- Epoch 013, ExpID 81882
Train - Loss: 8492317.68
Val - Loss, MSE, RMSE, MAE, MAPE: 16437111.00, 16437110.50, 3995.02, 3003.40, 3.27%
Test - Best epoch, Loss, MSE, RMSE, MAE, MAPE: 13, 20883694.00, 20883692.50, 4372.79, 3079.68, 3.25%
- Epoch 014, ExpID 81882
Train - Loss: 8482949.34
Val - Loss, MSE, RMSE, MAE, MAPE: 16950976.00, 16950976.17, 4037.76, 3031.17, 3.28%
Test - Best epoch, Loss, MSE, RMSE, MAE, MAPE: 13, 20883694.00, 20883692.50, 4372.79, 3079.68, 3.25%
- Epoch 015, ExpID 81882
Train - Loss: 8351415.24
Val - Loss, MSE, RMSE, MAE, MAPE: 16293147.00, 16293147.00, 3971.76, 2979.07, 3.25%
Test - Best epoch, Loss, MSE, RMSE, MAE, MAPE: 15, 21087720.00, 21087718.50, 4387.72, 3092.30, 3.26%
- Epoch 016, ExpID 81882
Train - Loss: 8194505.35
Val - Loss, MSE, RMSE, MAE, MAPE: 16727768.00, 16727767.17, 4018.79, 3027.92, 3.28%
Test - Best epoch, Loss, MSE, RMSE, MAE, MAPE: 15, 21087720.00, 21087718.50, 4387.72, 3092.30, 3.26%
- Epoch 017, ExpID 81882
Train - Loss: 8212217.68
Val - Loss, MSE, RMSE, MAE, MAPE: 16472528.00, 16472529.00, 3986.71, 2982.85, 3.25%
Test - Best epoch, Loss, MSE, RMSE, MAE, MAPE: 15, 21087720.00, 21087718.50, 4387.72, 3092.30, 3.26%
- Epoch 018, ExpID 81882
Train - Loss: 8134033.76
Val - Loss, MSE, RMSE, MAE, MAPE: 16528658.00, 16528656.83, 3993.71, 2987.73, 3.25%
Test - Best epoch, Loss, MSE, RMSE, MAE, MAPE: 15, 21087720.00, 21087718.50, 4387.72, 3092.30, 3.26%
- Epoch 019, ExpID 81882
Train - Loss: 7968417.42
Val - Loss, MSE, RMSE, MAE, MAPE: 16728678.00, 16728678.00, 4016.82, 3051.41, 3.31%
Test - Best epoch, Loss, MSE, RMSE, MAE, MAPE: 15, 21087720.00, 21087718.50, 4387.72, 3092.30, 3.26%
- Epoch 020, ExpID 81882
Train - Loss: 7848371.71
Val - Loss, MSE, RMSE, MAE, MAPE: 16472786.00, 16472786.00, 3981.61, 2991.63, 3.26%
Test - Best epoch, Loss, MSE, RMSE, MAE, MAPE: 15, 21087720.00, 21087718.50, 4387.72, 3092.30, 3.26%
- Epoch 021, ExpID 81882
Train - Loss: 7841095.21
Val - Loss, MSE, RMSE, MAE, MAPE: 16358731.00, 16358730.50, 3964.91, 2985.35, 3.23%
Test - Best epoch, Loss, MSE, RMSE, MAE, MAPE: 15, 21087720.00, 21087718.50, 4387.72, 3092.30, 3.26%
- Epoch 022, ExpID 81882
Train - Loss: 7793457.27
Val - Loss, MSE, RMSE, MAE, MAPE: 16738931.00, 16738930.67, 4012.50, 3024.45, 3.30%
Test - Best epoch, Loss, MSE, RMSE, MAE, MAPE: 15, 21087720.00, 21087718.50, 4387.72, 3092.30, 3.26%
- Epoch 023, ExpID 81882
Train - Loss: 7702203.63
Val - Loss, MSE, RMSE, MAE, MAPE: 16186671.00, 16186670.67, 3946.07, 2968.44, 3.23%
Test - Best epoch, Loss, MSE, RMSE, MAE, MAPE: 23, 21056090.00, 21056088.50, 4388.20, 3091.20, 3.25%
- Epoch 024, ExpID 81882
Train - Loss: 7515833.76
Val - Loss, MSE, RMSE, MAE, MAPE: 16574151.00, 16574151.33, 3999.38, 3002.23, 3.27%
Test - Best epoch, Loss, MSE, RMSE, MAE, MAPE: 23, 21056090.00, 21056088.50, 4388.20, 3091.20, 3.25%
- Epoch 025, ExpID 81882
Train - Loss: 7486805.36
Val - Loss, MSE, RMSE, MAE, MAPE: 16694427.00, 16694426.17, 4013.21, 3039.50, 3.31%
Test - Best epoch, Loss, MSE, RMSE, MAE, MAPE: 23, 21056090.00, 21056088.50, 4388.20, 3091.20, 3.25%
- Epoch 026, ExpID 81882
Train - Loss: 7380718.28
Val - Loss, MSE, RMSE, MAE, MAPE: 16308018.00, 16308018.00, 3949.75, 2973.83, 3.22%
Test - Best epoch, Loss, MSE, RMSE, MAE, MAPE: 23, 21056090.00, 21056088.50, 4388.20, 3091.20, 3.25%
- Epoch 027, ExpID 81882
Train - Loss: 7425349.57
Val - Loss, MSE, RMSE, MAE, MAPE: 16566723.00, 16566721.50, 3989.28, 3022.76, 3.27%
Test - Best epoch, Loss, MSE, RMSE, MAE, MAPE: 23, 21056090.00, 21056088.50, 4388.20, 3091.20, 3.25%
- Epoch 028, ExpID 81882
Train - Loss: 7266439.11
Val - Loss, MSE, RMSE, MAE, MAPE: 16971680.00, 16971680.67, 4028.26, 3056.75, 3.30%
Test - Best epoch, Loss, MSE, RMSE, MAE, MAPE: 23, 21056090.00, 21056088.50, 4388.20, 3091.20, 3.25%
- Epoch 029, ExpID 81882
Train - Loss: 7255337.81
Val - Loss, MSE, RMSE, MAE, MAPE: 16085799.00, 16085798.33, 3936.80, 2968.55, 3.24%
Test - Best epoch, Loss, MSE, RMSE, MAE, MAPE: 29, 21017446.00, 21017446.33, 4375.23, 3081.27, 3.25%
- Epoch 030, ExpID 81882
Train - Loss: 7184367.35
Val - Loss, MSE, RMSE, MAE, MAPE: 16389880.00, 16389879.67, 3977.00, 3019.70, 3.28%
Test - Best epoch, Loss, MSE, RMSE, MAE, MAPE: 29, 21017446.00, 21017446.33, 4375.23, 3081.27, 3.25%
- Epoch 031, ExpID 81882
Train - Loss: 7033532.90
Val - Loss, MSE, RMSE, MAE, MAPE: 16228952.00, 16228952.67, 3951.50, 2977.27, 3.24%
Test - Best epoch, Loss, MSE, RMSE, MAE, MAPE: 29, 21017446.00, 21017446.33, 4375.23, 3081.27, 3.25%
- Epoch 032, ExpID 81882
Train - Loss: 7017602.35
Val - Loss, MSE, RMSE, MAE, MAPE: 16308402.00, 16308401.83, 3952.26, 2990.88, 3.23%
Test - Best epoch, Loss, MSE, RMSE, MAE, MAPE: 29, 21017446.00, 21017446.33, 4375.23, 3081.27, 3.25%
- Epoch 033, ExpID 81882
Train - Loss: 6953626.03
Val - Loss, MSE, RMSE, MAE, MAPE: 17145704.00, 17145702.50, 4055.22, 3103.31, 3.35%
Test - Best epoch, Loss, MSE, RMSE, MAE, MAPE: 29, 21017446.00, 21017446.33, 4375.23, 3081.27, 3.25%
- Epoch 034, ExpID 81882
Train - Loss: 6915195.57
Val - Loss, MSE, RMSE, MAE, MAPE: 16598638.00, 16598636.42, 3984.22, 3027.91, 3.30%
Test - Best epoch, Loss, MSE, RMSE, MAE, MAPE: 29, 21017446.00, 21017446.33, 4375.23, 3081.27, 3.25%
- Epoch 035, ExpID 81882
Train - Loss: 6781468.95
Val - Loss, MSE, RMSE, MAE, MAPE: 16425108.00, 16425107.50, 3974.29, 2995.30, 3.27%
Test - Best epoch, Loss, MSE, RMSE, MAE, MAPE: 29, 21017446.00, 21017446.33, 4375.23, 3081.27, 3.25%
- Epoch 036, ExpID 81882
Train - Loss: 6715335.71
Val - Loss, MSE, RMSE, MAE, MAPE: 16601860.00, 16601859.33, 3992.16, 3018.70, 3.29%
Test - Best epoch, Loss, MSE, RMSE, MAE, MAPE: 29, 21017446.00, 21017446.33, 4375.23, 3081.27, 3.25%
- Epoch 037, ExpID 81882
Train - Loss: 6623601.24
Val - Loss, MSE, RMSE, MAE, MAPE: 16330363.00, 16330363.67, 3957.32, 2984.81, 3.23%
Test - Best epoch, Loss, MSE, RMSE, MAE, MAPE: 29, 21017446.00, 21017446.33, 4375.23, 3081.27, 3.25%
- Epoch 038, ExpID 81882
Train - Loss: 6618821.06
Val - Loss, MSE, RMSE, MAE, MAPE: 16529564.00, 16529563.92, 3968.78, 2971.19, 3.23%
Test - Best epoch, Loss, MSE, RMSE, MAE, MAPE: 29, 21017446.00, 21017446.33, 4375.23, 3081.27, 3.25%
- Epoch 039, ExpID 81882
Train - Loss: 6444582.94
Val - Loss, MSE, RMSE, MAE, MAPE: 16834016.00, 16834015.17, 4019.58, 3032.94, 3.31%
Test - Best epoch, Loss, MSE, RMSE, MAE, MAPE: 29, 21017446.00, 21017446.33, 4375.23, 3081.27, 3.25%
Early Stopping at Epoch 39
Fold 2019 Best RMSE: 4375.2289
