DETAILED LOG | Model: tsmixer | Seed: 3
FULL CONFIG: {'gpu': '3', 'target': 'departure', 'cv_start_year': 2017, 'cv_end_year': 2019, 'test_year': 2024, 'use_corona': False, 'seq_len': 365, 'label_len': 0, 'pred_len': 1, 'batch_size': 64, 'epochs': 1000, 'patience': 10, 'lr': 0.001, 'model': 'tsmixer', 'd_model': 64, 'n_heads': 4, 'n_layers': 5, 'dropout': 0.1, 'activation': 'gelu', 'patch_len': 16, 'factor': 5, 'norm_mode': 'revin', 'use_dbloss': False, 'device': device(type='cuda'), 'stride': 16, 'file_path': 'dataset/airport_daily_flight_merged.csv', 'seed': 3, 'val_year': 2019, 'ndims': 1}

-------------------- [Fold: 2017] ExpID: 82144 --------------------
- Epoch 000, ExpID 82144
Train - Loss: 15297575.87
Val - Loss, MSE, RMSE, MAE, MAPE: 33143516.00, 33143515.17, 5581.18, 4470.64, 5.53%
Test - Best epoch, Loss, MSE, RMSE, MAE, MAPE: 0, 35921924.00, 35921922.67, 5804.00, 4372.79, 5.14%
- Epoch 001, ExpID 82144
Train - Loss: 9089557.83
Val - Loss, MSE, RMSE, MAE, MAPE: 20202288.00, 20202286.50, 4409.66, 3374.51, 4.33%
Test - Best epoch, Loss, MSE, RMSE, MAE, MAPE: 1, 26196750.00, 26196748.33, 4950.27, 3531.33, 4.26%
- Epoch 002, ExpID 82144
Train - Loss: 6616068.54
Val - Loss, MSE, RMSE, MAE, MAPE: 19477060.00, 19477058.75, 4338.25, 3277.70, 4.16%
Test - Best epoch, Loss, MSE, RMSE, MAE, MAPE: 2, 23958748.00, 23958748.00, 4687.07, 3370.70, 4.02%
- Epoch 003, ExpID 82144
Train - Loss: 5403783.82
Val - Loss, MSE, RMSE, MAE, MAPE: 18783284.00, 18783284.83, 4269.50, 3242.33, 4.09%
Test - Best epoch, Loss, MSE, RMSE, MAE, MAPE: 3, 25301006.00, 25301005.33, 4786.91, 3534.07, 4.23%
- Epoch 004, ExpID 82144
Train - Loss: 4187306.35
Val - Loss, MSE, RMSE, MAE, MAPE: 21092794.00, 21092794.17, 4511.73, 3396.77, 4.28%
Test - Best epoch, Loss, MSE, RMSE, MAE, MAPE: 3, 25301006.00, 25301005.33, 4786.91, 3534.07, 4.23%
- Epoch 005, ExpID 82144
Train - Loss: 3813039.85
Val - Loss, MSE, RMSE, MAE, MAPE: 18800108.00, 18800105.92, 4237.81, 3203.82, 4.05%
Test - Best epoch, Loss, MSE, RMSE, MAE, MAPE: 3, 25301006.00, 25301005.33, 4786.91, 3534.07, 4.23%
- Epoch 006, ExpID 82144
Train - Loss: 3144070.34
Val - Loss, MSE, RMSE, MAE, MAPE: 20640966.00, 20640965.67, 4442.11, 3422.14, 4.38%
Test - Best epoch, Loss, MSE, RMSE, MAE, MAPE: 3, 25301006.00, 25301005.33, 4786.91, 3534.07, 4.23%
- Epoch 007, ExpID 82144
Train - Loss: 2606983.05
Val - Loss, MSE, RMSE, MAE, MAPE: 17867224.00, 17867224.08, 4172.97, 3144.40, 4.02%
Test - Best epoch, Loss, MSE, RMSE, MAE, MAPE: 7, 25064396.00, 25064396.50, 4767.08, 3519.53, 4.18%
- Epoch 008, ExpID 82144
Train - Loss: 2201543.39
Val - Loss, MSE, RMSE, MAE, MAPE: 20409490.00, 20409488.67, 4473.82, 3422.78, 4.35%
Test - Best epoch, Loss, MSE, RMSE, MAE, MAPE: 7, 25064396.00, 25064396.50, 4767.08, 3519.53, 4.18%
- Epoch 009, ExpID 82144
Train - Loss: 2076400.18
Val - Loss, MSE, RMSE, MAE, MAPE: 19416338.00, 19416335.75, 4301.51, 3287.90, 4.17%
Test - Best epoch, Loss, MSE, RMSE, MAE, MAPE: 7, 25064396.00, 25064396.50, 4767.08, 3519.53, 4.18%
- Epoch 010, ExpID 82144
Train - Loss: 1770151.14
Val - Loss, MSE, RMSE, MAE, MAPE: 17747732.00, 17747731.75, 4153.81, 3186.99, 4.06%
Test - Best epoch, Loss, MSE, RMSE, MAE, MAPE: 10, 23693526.00, 23693525.83, 4644.84, 3431.96, 4.08%
- Epoch 011, ExpID 82144
Train - Loss: 1608596.55
Val - Loss, MSE, RMSE, MAE, MAPE: 20603934.00, 20603932.75, 4455.51, 3408.63, 4.39%
Test - Best epoch, Loss, MSE, RMSE, MAE, MAPE: 10, 23693526.00, 23693525.83, 4644.84, 3431.96, 4.08%
- Epoch 012, ExpID 82144
Train - Loss: 1534166.03
Val - Loss, MSE, RMSE, MAE, MAPE: 20305010.00, 20305008.75, 4399.38, 3356.72, 4.26%
Test - Best epoch, Loss, MSE, RMSE, MAE, MAPE: 10, 23693526.00, 23693525.83, 4644.84, 3431.96, 4.08%
- Epoch 013, ExpID 82144
Train - Loss: 1159756.48
Val - Loss, MSE, RMSE, MAE, MAPE: 20294152.00, 20294153.33, 4390.25, 3412.09, 4.31%
Test - Best epoch, Loss, MSE, RMSE, MAE, MAPE: 10, 23693526.00, 23693525.83, 4644.84, 3431.96, 4.08%
- Epoch 014, ExpID 82144
Train - Loss: 1083928.83
Val - Loss, MSE, RMSE, MAE, MAPE: 20820240.00, 20820238.25, 4458.56, 3452.53, 4.35%
Test - Best epoch, Loss, MSE, RMSE, MAE, MAPE: 10, 23693526.00, 23693525.83, 4644.84, 3431.96, 4.08%
- Epoch 015, ExpID 82144
Train - Loss: 1270395.61
Val - Loss, MSE, RMSE, MAE, MAPE: 20613508.00, 20613506.58, 4427.42, 3358.49, 4.25%
Test - Best epoch, Loss, MSE, RMSE, MAE, MAPE: 10, 23693526.00, 23693525.83, 4644.84, 3431.96, 4.08%
- Epoch 016, ExpID 82144
Train - Loss: 1038029.01
Val - Loss, MSE, RMSE, MAE, MAPE: 19380018.00, 19380017.42, 4319.49, 3225.57, 4.13%
Test - Best epoch, Loss, MSE, RMSE, MAE, MAPE: 10, 23693526.00, 23693525.83, 4644.84, 3431.96, 4.08%
- Epoch 017, ExpID 82144
Train - Loss: 986331.89
Val - Loss, MSE, RMSE, MAE, MAPE: 19184792.00, 19184791.08, 4319.37, 3246.97, 4.14%
Test - Best epoch, Loss, MSE, RMSE, MAE, MAPE: 10, 23693526.00, 23693525.83, 4644.84, 3431.96, 4.08%
- Epoch 018, ExpID 82144
Train - Loss: 944746.07
Val - Loss, MSE, RMSE, MAE, MAPE: 20052930.00, 20052928.42, 4387.50, 3335.78, 4.22%
Test - Best epoch, Loss, MSE, RMSE, MAE, MAPE: 10, 23693526.00, 23693525.83, 4644.84, 3431.96, 4.08%
- Epoch 019, ExpID 82144
Train - Loss: 892685.98
Val - Loss, MSE, RMSE, MAE, MAPE: 20201032.00, 20201031.75, 4409.48, 3404.15, 4.30%
Test - Best epoch, Loss, MSE, RMSE, MAE, MAPE: 10, 23693526.00, 23693525.83, 4644.84, 3431.96, 4.08%
- Epoch 020, ExpID 82144
Train - Loss: 759853.67
Val - Loss, MSE, RMSE, MAE, MAPE: 19194786.00, 19194784.75, 4301.80, 3264.01, 4.15%
Test - Best epoch, Loss, MSE, RMSE, MAE, MAPE: 10, 23693526.00, 23693525.83, 4644.84, 3431.96, 4.08%
Early Stopping at Epoch 20
Fold 2017 Best RMSE: 4644.8388

-------------------- [Fold: 2018] ExpID: 37098 --------------------
- Epoch 000, ExpID 37098
Train - Loss: 15788097.29
Val - Loss, MSE, RMSE, MAE, MAPE: 25907382.00, 25907380.83, 4909.20, 3461.77, 4.14%
Test - Best epoch, Loss, MSE, RMSE, MAE, MAPE: 0, 21574570.00, 21574568.33, 4582.07, 3533.96, 3.82%
- Epoch 001, ExpID 37098
Train - Loss: 8651704.89
Val - Loss, MSE, RMSE, MAE, MAPE: 26199808.00, 26199808.00, 4817.98, 3470.39, 4.14%
Test - Best epoch, Loss, MSE, RMSE, MAE, MAPE: 0, 21574570.00, 21574568.33, 4582.07, 3533.96, 3.82%
- Epoch 002, ExpID 37098
Train - Loss: 6976694.40
Val - Loss, MSE, RMSE, MAE, MAPE: 24738756.00, 24738754.67, 4814.05, 3425.44, 4.10%
Test - Best epoch, Loss, MSE, RMSE, MAE, MAPE: 2, 18124750.00, 18124748.00, 4224.66, 3237.87, 3.51%
- Epoch 003, ExpID 37098
Train - Loss: 5740936.19
Val - Loss, MSE, RMSE, MAE, MAPE: 22629100.00, 22629099.00, 4571.96, 3249.45, 3.93%
Test - Best epoch, Loss, MSE, RMSE, MAE, MAPE: 3, 19468476.00, 19468475.83, 4362.16, 3312.33, 3.59%
- Epoch 004, ExpID 37098
Train - Loss: 4844295.95
Val - Loss, MSE, RMSE, MAE, MAPE: 24132734.00, 24132734.17, 4663.69, 3364.65, 4.10%
Test - Best epoch, Loss, MSE, RMSE, MAE, MAPE: 3, 19468476.00, 19468475.83, 4362.16, 3312.33, 3.59%
- Epoch 005, ExpID 37098
Train - Loss: 4118225.95
Val - Loss, MSE, RMSE, MAE, MAPE: 22014976.00, 22014976.33, 4471.41, 3224.09, 3.93%
Test - Best epoch, Loss, MSE, RMSE, MAE, MAPE: 5, 18892378.00, 18892377.08, 4284.02, 3339.15, 3.65%
- Epoch 006, ExpID 37098
Train - Loss: 3338309.97
Val - Loss, MSE, RMSE, MAE, MAPE: 23781398.00, 23781397.00, 4655.57, 3415.46, 4.12%
Test - Best epoch, Loss, MSE, RMSE, MAE, MAPE: 5, 18892378.00, 18892377.08, 4284.02, 3339.15, 3.65%
- Epoch 007, ExpID 37098
Train - Loss: 2780704.08
Val - Loss, MSE, RMSE, MAE, MAPE: 22712134.00, 22712133.25, 4551.83, 3290.89, 3.93%
Test - Best epoch, Loss, MSE, RMSE, MAE, MAPE: 5, 18892378.00, 18892377.08, 4284.02, 3339.15, 3.65%
- Epoch 008, ExpID 37098
Train - Loss: 2325992.38
Val - Loss, MSE, RMSE, MAE, MAPE: 23532804.00, 23532804.17, 4623.37, 3324.78, 4.02%
Test - Best epoch, Loss, MSE, RMSE, MAE, MAPE: 5, 18892378.00, 18892377.08, 4284.02, 3339.15, 3.65%
- Epoch 009, ExpID 37098
Train - Loss: 2062081.04
Val - Loss, MSE, RMSE, MAE, MAPE: 24398736.00, 24398734.83, 4754.15, 3509.77, 4.27%
Test - Best epoch, Loss, MSE, RMSE, MAE, MAPE: 5, 18892378.00, 18892377.08, 4284.02, 3339.15, 3.65%
- Epoch 010, ExpID 37098
Train - Loss: 1942804.17
Val - Loss, MSE, RMSE, MAE, MAPE: 25062416.00, 25062416.50, 4765.18, 3464.63, 4.16%
Test - Best epoch, Loss, MSE, RMSE, MAE, MAPE: 5, 18892378.00, 18892377.08, 4284.02, 3339.15, 3.65%
- Epoch 011, ExpID 37098
Train - Loss: 1797934.31
Val - Loss, MSE, RMSE, MAE, MAPE: 24577870.00, 24577869.50, 4736.58, 3488.59, 4.21%
Test - Best epoch, Loss, MSE, RMSE, MAE, MAPE: 5, 18892378.00, 18892377.08, 4284.02, 3339.15, 3.65%
- Epoch 012, ExpID 37098
Train - Loss: 1552604.67
Val - Loss, MSE, RMSE, MAE, MAPE: 23992278.00, 23992276.83, 4691.49, 3390.19, 4.11%
Test - Best epoch, Loss, MSE, RMSE, MAE, MAPE: 5, 18892378.00, 18892377.08, 4284.02, 3339.15, 3.65%
- Epoch 013, ExpID 37098
Train - Loss: 1452328.02
Val - Loss, MSE, RMSE, MAE, MAPE: 23998964.00, 23998962.33, 4706.40, 3308.74, 4.02%
Test - Best epoch, Loss, MSE, RMSE, MAE, MAPE: 5, 18892378.00, 18892377.08, 4284.02, 3339.15, 3.65%
- Epoch 014, ExpID 37098
Train - Loss: 1256143.33
Val - Loss, MSE, RMSE, MAE, MAPE: 24252248.00, 24252247.17, 4759.60, 3415.42, 4.13%
Test - Best epoch, Loss, MSE, RMSE, MAE, MAPE: 5, 18892378.00, 18892377.08, 4284.02, 3339.15, 3.65%
- Epoch 015, ExpID 37098
Train - Loss: 1182333.46
Val - Loss, MSE, RMSE, MAE, MAPE: 22728864.00, 22728864.67, 4620.59, 3313.48, 4.02%
Test - Best epoch, Loss, MSE, RMSE, MAE, MAPE: 5, 18892378.00, 18892377.08, 4284.02, 3339.15, 3.65%
Early Stopping at Epoch 15
Fold 2018 Best RMSE: 4284.0226

-------------------- [Fold: 2019] ExpID: 75720 --------------------
- Epoch 000, ExpID 75720
Train - Loss: 17499969.21
Val - Loss, MSE, RMSE, MAE, MAPE: 27776232.00, 27776231.33, 5216.38, 4023.87, 4.30%
Test - Best epoch, Loss, MSE, RMSE, MAE, MAPE: 0, 24742712.00, 24742710.83, 4861.30, 3612.32, 3.77%
- Epoch 001, ExpID 75720
Train - Loss: 9809689.85
Val - Loss, MSE, RMSE, MAE, MAPE: 19634040.00, 19634041.17, 4384.51, 3417.41, 3.70%
Test - Best epoch, Loss, MSE, RMSE, MAE, MAPE: 1, 20266764.00, 20266763.08, 4378.96, 3242.86, 3.41%
- Epoch 002, ExpID 75720
Train - Loss: 7697621.53
Val - Loss, MSE, RMSE, MAE, MAPE: 18948272.00, 18948272.00, 4307.74, 3336.75, 3.61%
Test - Best epoch, Loss, MSE, RMSE, MAE, MAPE: 2, 21140004.00, 21140003.33, 4499.93, 3179.12, 3.34%
- Epoch 003, ExpID 75720
Train - Loss: 6158575.26
Val - Loss, MSE, RMSE, MAE, MAPE: 20627464.00, 20627464.33, 4467.84, 3421.08, 3.68%
Test - Best epoch, Loss, MSE, RMSE, MAE, MAPE: 2, 21140004.00, 21140003.33, 4499.93, 3179.12, 3.34%
- Epoch 004, ExpID 75720
Train - Loss: 5258862.18
Val - Loss, MSE, RMSE, MAE, MAPE: 20558002.00, 20558002.00, 4444.27, 3435.20, 3.72%
Test - Best epoch, Loss, MSE, RMSE, MAE, MAPE: 2, 21140004.00, 21140003.33, 4499.93, 3179.12, 3.34%
- Epoch 005, ExpID 75720
Train - Loss: 4578947.75
Val - Loss, MSE, RMSE, MAE, MAPE: 20337418.00, 20337417.67, 4422.14, 3449.30, 3.76%
Test - Best epoch, Loss, MSE, RMSE, MAE, MAPE: 2, 21140004.00, 21140003.33, 4499.93, 3179.12, 3.34%
- Epoch 006, ExpID 75720
Train - Loss: 3711167.12
Val - Loss, MSE, RMSE, MAE, MAPE: 18949526.00, 18949524.00, 4316.55, 3281.40, 3.57%
Test - Best epoch, Loss, MSE, RMSE, MAE, MAPE: 2, 21140004.00, 21140003.33, 4499.93, 3179.12, 3.34%
- Epoch 007, ExpID 75720
Train - Loss: 3485385.46
Val - Loss, MSE, RMSE, MAE, MAPE: 18875272.00, 18875271.67, 4278.22, 3349.63, 3.60%
Test - Best epoch, Loss, MSE, RMSE, MAE, MAPE: 7, 21124514.00, 21124512.83, 4476.15, 3290.32, 3.44%
- Epoch 008, ExpID 75720
Train - Loss: 2772608.89
Val - Loss, MSE, RMSE, MAE, MAPE: 20981298.00, 20981297.50, 4487.94, 3417.22, 3.70%
Test - Best epoch, Loss, MSE, RMSE, MAE, MAPE: 7, 21124514.00, 21124512.83, 4476.15, 3290.32, 3.44%
- Epoch 009, ExpID 75720
Train - Loss: 2472447.92
Val - Loss, MSE, RMSE, MAE, MAPE: 19933468.00, 19933468.83, 4388.13, 3369.82, 3.64%
Test - Best epoch, Loss, MSE, RMSE, MAE, MAPE: 7, 21124514.00, 21124512.83, 4476.15, 3290.32, 3.44%
- Epoch 010, ExpID 75720
Train - Loss: 2117795.39
Val - Loss, MSE, RMSE, MAE, MAPE: 21978068.00, 21978066.00, 4588.30, 3491.64, 3.79%
Test - Best epoch, Loss, MSE, RMSE, MAE, MAPE: 7, 21124514.00, 21124512.83, 4476.15, 3290.32, 3.44%
- Epoch 011, ExpID 75720
Train - Loss: 1850564.79
Val - Loss, MSE, RMSE, MAE, MAPE: 20936588.00, 20936586.17, 4508.58, 3460.62, 3.74%
Test - Best epoch, Loss, MSE, RMSE, MAE, MAPE: 7, 21124514.00, 21124512.83, 4476.15, 3290.32, 3.44%
- Epoch 012, ExpID 75720
Train - Loss: 1700415.64
Val - Loss, MSE, RMSE, MAE, MAPE: 19674764.00, 19674763.83, 4345.33, 3330.02, 3.61%
Test - Best epoch, Loss, MSE, RMSE, MAE, MAPE: 7, 21124514.00, 21124512.83, 4476.15, 3290.32, 3.44%
- Epoch 013, ExpID 75720
Train - Loss: 1571440.39
Val - Loss, MSE, RMSE, MAE, MAPE: 19938246.00, 19938245.33, 4388.90, 3370.60, 3.63%
Test - Best epoch, Loss, MSE, RMSE, MAE, MAPE: 7, 21124514.00, 21124512.83, 4476.15, 3290.32, 3.44%
- Epoch 014, ExpID 75720
Train - Loss: 1471717.86
Val - Loss, MSE, RMSE, MAE, MAPE: 19598358.00, 19598357.00, 4362.53, 3399.21, 3.69%
Test - Best epoch, Loss, MSE, RMSE, MAE, MAPE: 7, 21124514.00, 21124512.83, 4476.15, 3290.32, 3.44%
- Epoch 015, ExpID 75720
Train - Loss: 1403021.17
Val - Loss, MSE, RMSE, MAE, MAPE: 18700498.00, 18700498.00, 4238.50, 3236.64, 3.49%
Test - Best epoch, Loss, MSE, RMSE, MAE, MAPE: 15, 21551012.00, 21551012.58, 4478.80, 3228.20, 3.38%
- Epoch 016, ExpID 75720
Train - Loss: 1269976.39
Val - Loss, MSE, RMSE, MAE, MAPE: 19611582.00, 19611581.33, 4329.73, 3326.36, 3.60%
Test - Best epoch, Loss, MSE, RMSE, MAE, MAPE: 15, 21551012.00, 21551012.58, 4478.80, 3228.20, 3.38%
- Epoch 017, ExpID 75720
Train - Loss: 1249111.70
Val - Loss, MSE, RMSE, MAE, MAPE: 20079062.00, 20079061.83, 4385.80, 3347.67, 3.62%
Test - Best epoch, Loss, MSE, RMSE, MAE, MAPE: 15, 21551012.00, 21551012.58, 4478.80, 3228.20, 3.38%
- Epoch 018, ExpID 75720
Train - Loss: 1165482.73
Val - Loss, MSE, RMSE, MAE, MAPE: 19481604.00, 19481603.33, 4330.33, 3281.92, 3.55%
Test - Best epoch, Loss, MSE, RMSE, MAE, MAPE: 15, 21551012.00, 21551012.58, 4478.80, 3228.20, 3.38%
- Epoch 019, ExpID 75720
Train - Loss: 1235686.69
Val - Loss, MSE, RMSE, MAE, MAPE: 19517784.00, 19517785.83, 4329.21, 3258.96, 3.52%
Test - Best epoch, Loss, MSE, RMSE, MAE, MAPE: 15, 21551012.00, 21551012.58, 4478.80, 3228.20, 3.38%
- Epoch 020, ExpID 75720
Train - Loss: 992839.57
Val - Loss, MSE, RMSE, MAE, MAPE: 19764358.00, 19764358.00, 4371.66, 3325.00, 3.61%
Test - Best epoch, Loss, MSE, RMSE, MAE, MAPE: 15, 21551012.00, 21551012.58, 4478.80, 3228.20, 3.38%
- Epoch 021, ExpID 75720
Train - Loss: 1052848.04
Val - Loss, MSE, RMSE, MAE, MAPE: 20061676.00, 20061673.83, 4388.96, 3384.91, 3.67%
Test - Best epoch, Loss, MSE, RMSE, MAE, MAPE: 15, 21551012.00, 21551012.58, 4478.80, 3228.20, 3.38%
- Epoch 022, ExpID 75720
Train - Loss: 1113594.26
Val - Loss, MSE, RMSE, MAE, MAPE: 20292016.00, 20292015.17, 4424.93, 3401.87, 3.66%
Test - Best epoch, Loss, MSE, RMSE, MAE, MAPE: 15, 21551012.00, 21551012.58, 4478.80, 3228.20, 3.38%
- Epoch 023, ExpID 75720
Train - Loss: 1005705.28
Val - Loss, MSE, RMSE, MAE, MAPE: 20266840.00, 20266839.50, 4404.93, 3372.79, 3.65%
Test - Best epoch, Loss, MSE, RMSE, MAE, MAPE: 15, 21551012.00, 21551012.58, 4478.80, 3228.20, 3.38%
- Epoch 024, ExpID 75720
Train - Loss: 1064033.23
Val - Loss, MSE, RMSE, MAE, MAPE: 18301700.00, 18301699.83, 4188.20, 3128.87, 3.40%
Test - Best epoch, Loss, MSE, RMSE, MAE, MAPE: 24, 20496682.00, 20496682.00, 4379.60, 3181.63, 3.34%
- Epoch 025, ExpID 75720
Train - Loss: 995520.64
Val - Loss, MSE, RMSE, MAE, MAPE: 20637392.00, 20637392.17, 4469.84, 3470.22, 3.75%
Test - Best epoch, Loss, MSE, RMSE, MAE, MAPE: 24, 20496682.00, 20496682.00, 4379.60, 3181.63, 3.34%
- Epoch 026, ExpID 75720
Train - Loss: 1027885.37
Val - Loss, MSE, RMSE, MAE, MAPE: 19860212.00, 19860211.00, 4372.44, 3223.25, 3.48%
Test - Best epoch, Loss, MSE, RMSE, MAE, MAPE: 24, 20496682.00, 20496682.00, 4379.60, 3181.63, 3.34%
- Epoch 027, ExpID 75720
Train - Loss: 903792.71
Val - Loss, MSE, RMSE, MAE, MAPE: 18575096.00, 18575095.00, 4235.05, 3170.93, 3.45%
Test - Best epoch, Loss, MSE, RMSE, MAE, MAPE: 24, 20496682.00, 20496682.00, 4379.60, 3181.63, 3.34%
- Epoch 028, ExpID 75720
Train - Loss: 885098.66
Val - Loss, MSE, RMSE, MAE, MAPE: 20734604.00, 20734603.50, 4457.83, 3366.15, 3.65%
Test - Best epoch, Loss, MSE, RMSE, MAE, MAPE: 24, 20496682.00, 20496682.00, 4379.60, 3181.63, 3.34%
- Epoch 029, ExpID 75720
Train - Loss: 915527.53
Val - Loss, MSE, RMSE, MAE, MAPE: 19723158.00, 19723157.50, 4331.46, 3278.43, 3.56%
Test - Best epoch, Loss, MSE, RMSE, MAE, MAPE: 24, 20496682.00, 20496682.00, 4379.60, 3181.63, 3.34%
- Epoch 030, ExpID 75720
Train - Loss: 830645.44
Val - Loss, MSE, RMSE, MAE, MAPE: 19062574.00, 19062574.67, 4293.87, 3252.75, 3.54%
Test - Best epoch, Loss, MSE, RMSE, MAE, MAPE: 24, 20496682.00, 20496682.00, 4379.60, 3181.63, 3.34%
- Epoch 031, ExpID 75720
Train - Loss: 735941.72
Val - Loss, MSE, RMSE, MAE, MAPE: 19510682.00, 19510681.17, 4342.23, 3307.06, 3.58%
Test - Best epoch, Loss, MSE, RMSE, MAE, MAPE: 24, 20496682.00, 20496682.00, 4379.60, 3181.63, 3.34%
- Epoch 032, ExpID 75720
Train - Loss: 741134.51
Val - Loss, MSE, RMSE, MAE, MAPE: 20216440.00, 20216438.00, 4407.11, 3364.52, 3.63%
Test - Best epoch, Loss, MSE, RMSE, MAE, MAPE: 24, 20496682.00, 20496682.00, 4379.60, 3181.63, 3.34%
- Epoch 033, ExpID 75720
Train - Loss: 754103.04
Val - Loss, MSE, RMSE, MAE, MAPE: 20011228.00, 20011227.83, 4388.67, 3326.97, 3.61%
Test - Best epoch, Loss, MSE, RMSE, MAE, MAPE: 24, 20496682.00, 20496682.00, 4379.60, 3181.63, 3.34%
- Epoch 034, ExpID 75720
Train - Loss: 787881.96
Val - Loss, MSE, RMSE, MAE, MAPE: 20743374.00, 20743373.67, 4458.79, 3411.58, 3.70%
Test - Best epoch, Loss, MSE, RMSE, MAE, MAPE: 24, 20496682.00, 20496682.00, 4379.60, 3181.63, 3.34%
Early Stopping at Epoch 34
Fold 2019 Best RMSE: 4379.5971
