DETAILED LOG | Model: tsmixer | Seed: 3
FULL CONFIG: {'gpu': '3', 'target': 'departure', 'cv_start_year': 2017, 'cv_end_year': 2019, 'test_year': 2024, 'use_corona': False, 'seq_len': 91, 'label_len': 0, 'pred_len': 7, 'batch_size': 64, 'epochs': 1000, 'patience': 10, 'lr': 0.0001, 'model': 'tsmixer', 'd_model': 64, 'n_heads': 4, 'n_layers': 2, 'dropout': 0.1, 'activation': 'gelu', 'patch_len': 16, 'factor': 5, 'norm_mode': 'revin', 'use_dbloss': False, 'device': device(type='cuda'), 'stride': 16, 'file_path': 'dataset/airport_daily_flight_merged.csv', 'seed': 3, 'val_year': 2019, 'ndims': 1}

-------------------- [Fold: 2017] ExpID: 73688 --------------------
- Epoch 000, ExpID 73688
Train - Loss: 33894408.03
Val - Loss, MSE, RMSE, MAE, MAPE: 56363896.00, 56363888.00, 7452.41, 5978.24, 7.68%
Test - Best epoch, Loss, MSE, RMSE, MAE, MAPE: 0, 89249616.00, 89249614.67, 9242.19, 7306.38, 8.79%
- Epoch 001, ExpID 73688
Train - Loss: 27141115.67
Val - Loss, MSE, RMSE, MAE, MAPE: 45741580.00, 45741582.00, 6722.74, 5359.45, 6.89%
Test - Best epoch, Loss, MSE, RMSE, MAE, MAPE: 1, 78208112.00, 78208110.00, 8558.39, 6615.81, 7.99%
- Epoch 002, ExpID 73688
Train - Loss: 23591202.04
Val - Loss, MSE, RMSE, MAE, MAPE: 40128032.00, 40128029.67, 6294.63, 4990.38, 6.41%
Test - Best epoch, Loss, MSE, RMSE, MAE, MAPE: 2, 72038752.00, 72038748.67, 8133.01, 6171.99, 7.47%
- Epoch 003, ExpID 73688
Train - Loss: 21497766.65
Val - Loss, MSE, RMSE, MAE, MAPE: 36844552.00, 36844547.33, 6025.45, 4732.69, 6.07%
Test - Best epoch, Loss, MSE, RMSE, MAE, MAPE: 3, 67842784.00, 67842784.67, 7837.85, 5870.18, 7.10%
- Epoch 004, ExpID 73688
Train - Loss: 20095747.11
Val - Loss, MSE, RMSE, MAE, MAPE: 34782900.00, 34782899.33, 5847.54, 4554.51, 5.83%
Test - Best epoch, Loss, MSE, RMSE, MAE, MAPE: 4, 64703244.00, 64703242.67, 7616.45, 5642.95, 6.83%
- Epoch 005, ExpID 73688
Train - Loss: 19043235.56
Val - Loss, MSE, RMSE, MAE, MAPE: 33178440.00, 33178440.00, 5708.94, 4416.36, 5.66%
Test - Best epoch, Loss, MSE, RMSE, MAE, MAPE: 5, 61991776.00, 61991781.33, 7417.52, 5444.85, 6.59%
- Epoch 006, ExpID 73688
Train - Loss: 18312553.51
Val - Loss, MSE, RMSE, MAE, MAPE: 32144806.00, 32144804.67, 5617.24, 4310.51, 5.51%
Test - Best epoch, Loss, MSE, RMSE, MAE, MAPE: 6, 59851424.00, 59851428.67, 7267.84, 5305.62, 6.42%
- Epoch 007, ExpID 73688
Train - Loss: 17799243.96
Val - Loss, MSE, RMSE, MAE, MAPE: 31379800.00, 31379797.33, 5549.75, 4240.39, 5.42%
Test - Best epoch, Loss, MSE, RMSE, MAE, MAPE: 7, 58240696.00, 58240696.33, 7152.93, 5206.49, 6.29%
- Epoch 008, ExpID 73688
Train - Loss: 17373067.65
Val - Loss, MSE, RMSE, MAE, MAPE: 30897046.00, 30897044.67, 5506.40, 4195.51, 5.35%
Test - Best epoch, Loss, MSE, RMSE, MAE, MAPE: 8, 57176620.00, 57176616.67, 7080.12, 5140.59, 6.21%
- Epoch 009, ExpID 73688
Train - Loss: 17008673.70
Val - Loss, MSE, RMSE, MAE, MAPE: 30196832.00, 30196830.00, 5445.21, 4140.81, 5.30%
Test - Best epoch, Loss, MSE, RMSE, MAE, MAPE: 9, 55847084.00, 55847088.00, 6979.37, 5058.54, 6.12%
- Epoch 010, ExpID 73688
Train - Loss: 16695325.97
Val - Loss, MSE, RMSE, MAE, MAPE: 29653768.00, 29653769.33, 5397.42, 4094.59, 5.24%
Test - Best epoch, Loss, MSE, RMSE, MAE, MAPE: 10, 54715304.00, 54715302.67, 6894.70, 4983.28, 6.03%
- Epoch 011, ExpID 73688
Train - Loss: 16481188.80
Val - Loss, MSE, RMSE, MAE, MAPE: 29440848.00, 29440847.33, 5378.85, 4069.16, 5.19%
Test - Best epoch, Loss, MSE, RMSE, MAE, MAPE: 11, 54254200.00, 54254200.67, 6871.63, 4975.95, 6.01%
- Epoch 012, ExpID 73688
Train - Loss: 16201384.86
Val - Loss, MSE, RMSE, MAE, MAPE: 28992038.00, 28992038.00, 5339.12, 4040.17, 5.17%
Test - Best epoch, Loss, MSE, RMSE, MAE, MAPE: 12, 53828300.00, 53828298.67, 6828.09, 4935.49, 5.97%
- Epoch 013, ExpID 73688
Train - Loss: 16042685.00
Val - Loss, MSE, RMSE, MAE, MAPE: 28697576.00, 28697577.00, 5312.49, 4014.77, 5.14%
Test - Best epoch, Loss, MSE, RMSE, MAE, MAPE: 13, 52702256.00, 52702257.33, 6759.98, 4878.81, 5.90%
- Epoch 014, ExpID 73688
Train - Loss: 15879397.67
Val - Loss, MSE, RMSE, MAE, MAPE: 28493516.00, 28493513.67, 5294.50, 3990.66, 5.10%
Test - Best epoch, Loss, MSE, RMSE, MAE, MAPE: 14, 52224840.00, 52224837.33, 6733.57, 4874.49, 5.88%
- Epoch 015, ExpID 73688
Train - Loss: 15621281.70
Val - Loss, MSE, RMSE, MAE, MAPE: 28356684.00, 28356683.33, 5281.90, 3971.44, 5.07%
Test - Best epoch, Loss, MSE, RMSE, MAE, MAPE: 15, 51929912.00, 51929908.67, 6723.83, 4878.51, 5.88%
- Epoch 016, ExpID 73688
Train - Loss: 15459581.27
Val - Loss, MSE, RMSE, MAE, MAPE: 28047078.00, 28047077.00, 5252.40, 3947.22, 5.05%
Test - Best epoch, Loss, MSE, RMSE, MAE, MAPE: 16, 51971512.00, 51971507.67, 6709.59, 4867.19, 5.87%
- Epoch 017, ExpID 73688
Train - Loss: 15420140.25
Val - Loss, MSE, RMSE, MAE, MAPE: 27878076.00, 27878072.67, 5237.82, 3946.46, 5.05%
Test - Best epoch, Loss, MSE, RMSE, MAE, MAPE: 17, 51592236.00, 51592234.33, 6673.82, 4812.71, 5.82%
- Epoch 018, ExpID 73688
Train - Loss: 15235926.39
Val - Loss, MSE, RMSE, MAE, MAPE: 27712998.00, 27712998.67, 5222.68, 3918.61, 5.01%
Test - Best epoch, Loss, MSE, RMSE, MAE, MAPE: 18, 51040584.00, 51040579.67, 6645.51, 4820.55, 5.82%
- Epoch 019, ExpID 73688
Train - Loss: 15124644.29
Val - Loss, MSE, RMSE, MAE, MAPE: 27553664.00, 27553664.00, 5209.54, 3914.76, 5.01%
Test - Best epoch, Loss, MSE, RMSE, MAE, MAPE: 19, 51358352.00, 51358349.67, 6653.62, 4803.62, 5.80%
- Epoch 020, ExpID 73688
Train - Loss: 15007257.90
Val - Loss, MSE, RMSE, MAE, MAPE: 27402404.00, 27402402.00, 5190.70, 3883.05, 4.98%
Test - Best epoch, Loss, MSE, RMSE, MAE, MAPE: 20, 50949592.00, 50949592.67, 6627.61, 4817.78, 5.82%
- Epoch 021, ExpID 73688
Train - Loss: 14866414.65
Val - Loss, MSE, RMSE, MAE, MAPE: 27302324.00, 27302322.00, 5180.63, 3869.26, 4.96%
Test - Best epoch, Loss, MSE, RMSE, MAE, MAPE: 21, 50620120.00, 50620119.17, 6611.22, 4794.70, 5.79%
- Epoch 022, ExpID 73688
Train - Loss: 14747666.62
Val - Loss, MSE, RMSE, MAE, MAPE: 27137718.00, 27137715.67, 5167.62, 3867.21, 4.95%
Test - Best epoch, Loss, MSE, RMSE, MAE, MAPE: 22, 50753016.00, 50753010.67, 6615.74, 4800.40, 5.79%
- Epoch 023, ExpID 73688
Train - Loss: 14586398.61
Val - Loss, MSE, RMSE, MAE, MAPE: 27009582.00, 27009582.67, 5157.48, 3860.90, 4.95%
Test - Best epoch, Loss, MSE, RMSE, MAE, MAPE: 23, 50475936.00, 50475936.00, 6594.17, 4800.46, 5.79%
- Epoch 024, ExpID 73688
Train - Loss: 14473822.29
Val - Loss, MSE, RMSE, MAE, MAPE: 26890574.00, 26890572.00, 5145.42, 3845.88, 4.93%
Test - Best epoch, Loss, MSE, RMSE, MAE, MAPE: 24, 50679836.00, 50679835.33, 6602.61, 4797.64, 5.79%
- Epoch 025, ExpID 73688
Train - Loss: 14347894.16
Val - Loss, MSE, RMSE, MAE, MAPE: 26928296.00, 26928297.00, 5150.30, 3839.39, 4.91%
Test - Best epoch, Loss, MSE, RMSE, MAE, MAPE: 24, 50679836.00, 50679835.33, 6602.61, 4797.64, 5.79%
- Epoch 026, ExpID 73688
Train - Loss: 14253822.63
Val - Loss, MSE, RMSE, MAE, MAPE: 26809016.00, 26809017.00, 5136.63, 3819.63, 4.89%
Test - Best epoch, Loss, MSE, RMSE, MAE, MAPE: 26, 50945292.00, 50945285.33, 6629.77, 4855.19, 5.84%
- Epoch 027, ExpID 73688
Train - Loss: 14207385.08
Val - Loss, MSE, RMSE, MAE, MAPE: 26714236.00, 26714235.33, 5127.17, 3814.52, 4.89%
Test - Best epoch, Loss, MSE, RMSE, MAE, MAPE: 27, 50667884.00, 50667881.67, 6609.66, 4848.59, 5.84%
- Epoch 028, ExpID 73688
Train - Loss: 14062829.06
Val - Loss, MSE, RMSE, MAE, MAPE: 26660574.00, 26660572.67, 5121.53, 3812.09, 4.89%
Test - Best epoch, Loss, MSE, RMSE, MAE, MAPE: 28, 50574108.00, 50574109.00, 6603.96, 4842.14, 5.83%
- Epoch 029, ExpID 73688
Train - Loss: 13941960.76
Val - Loss, MSE, RMSE, MAE, MAPE: 26571708.00, 26571708.67, 5113.20, 3799.71, 4.87%
Test - Best epoch, Loss, MSE, RMSE, MAE, MAPE: 29, 50911416.00, 50911416.67, 6624.03, 4847.03, 5.84%
- Epoch 030, ExpID 73688
Train - Loss: 13890007.63
Val - Loss, MSE, RMSE, MAE, MAPE: 26582212.00, 26582214.00, 5112.57, 3791.30, 4.86%
Test - Best epoch, Loss, MSE, RMSE, MAE, MAPE: 29, 50911416.00, 50911416.67, 6624.03, 4847.03, 5.84%
- Epoch 031, ExpID 73688
Train - Loss: 13771846.04
Val - Loss, MSE, RMSE, MAE, MAPE: 26365694.00, 26365693.33, 5095.14, 3795.72, 4.87%
Test - Best epoch, Loss, MSE, RMSE, MAE, MAPE: 31, 50370200.00, 50370195.83, 6588.79, 4819.97, 5.81%
- Epoch 032, ExpID 73688
Train - Loss: 13690348.91
Val - Loss, MSE, RMSE, MAE, MAPE: 26307022.00, 26307019.67, 5086.09, 3773.92, 4.84%
Test - Best epoch, Loss, MSE, RMSE, MAE, MAPE: 32, 50776780.00, 50776782.33, 6606.61, 4871.93, 5.87%
- Epoch 033, ExpID 73688
Train - Loss: 13580254.91
Val - Loss, MSE, RMSE, MAE, MAPE: 26283532.00, 26283531.33, 5085.27, 3769.32, 4.83%
Test - Best epoch, Loss, MSE, RMSE, MAE, MAPE: 33, 51832508.00, 51832507.17, 6684.07, 4938.65, 5.94%
- Epoch 034, ExpID 73688
Train - Loss: 13408508.20
Val - Loss, MSE, RMSE, MAE, MAPE: 26225304.00, 26225302.33, 5080.64, 3765.41, 4.82%
Test - Best epoch, Loss, MSE, RMSE, MAE, MAPE: 34, 51271900.00, 51271901.00, 6649.88, 4929.18, 5.93%
- Epoch 035, ExpID 73688
Train - Loss: 13396583.06
Val - Loss, MSE, RMSE, MAE, MAPE: 26134736.00, 26134737.33, 5069.18, 3767.97, 4.84%
Test - Best epoch, Loss, MSE, RMSE, MAE, MAPE: 35, 51497756.00, 51497755.17, 6650.96, 4921.48, 5.93%
- Epoch 036, ExpID 73688
Train - Loss: 13315161.39
Val - Loss, MSE, RMSE, MAE, MAPE: 26160448.00, 26160448.33, 5069.71, 3751.21, 4.81%
Test - Best epoch, Loss, MSE, RMSE, MAE, MAPE: 35, 51497756.00, 51497755.17, 6650.96, 4921.48, 5.93%
- Epoch 037, ExpID 73688
Train - Loss: 13203008.72
Val - Loss, MSE, RMSE, MAE, MAPE: 26099932.00, 26099930.67, 5064.31, 3757.65, 4.83%
Test - Best epoch, Loss, MSE, RMSE, MAE, MAPE: 37, 51755912.00, 51755911.00, 6662.22, 4912.39, 5.92%
- Epoch 038, ExpID 73688
Train - Loss: 13029662.75
Val - Loss, MSE, RMSE, MAE, MAPE: 26014542.00, 26014543.33, 5055.49, 3745.28, 4.80%
Test - Best epoch, Loss, MSE, RMSE, MAE, MAPE: 38, 52136408.00, 52136405.67, 6698.20, 4968.69, 5.98%
- Epoch 039, ExpID 73688
Train - Loss: 12983059.77
Val - Loss, MSE, RMSE, MAE, MAPE: 26042984.00, 26042983.33, 5058.01, 3740.28, 4.80%
Test - Best epoch, Loss, MSE, RMSE, MAE, MAPE: 38, 52136408.00, 52136405.67, 6698.20, 4968.69, 5.98%
- Epoch 040, ExpID 73688
Train - Loss: 12906641.51
Val - Loss, MSE, RMSE, MAE, MAPE: 25988334.00, 25988334.00, 5054.21, 3737.51, 4.78%
Test - Best epoch, Loss, MSE, RMSE, MAE, MAPE: 40, 52674744.00, 52674741.33, 6738.56, 5036.10, 6.05%
- Epoch 041, ExpID 73688
Train - Loss: 12797685.56
Val - Loss, MSE, RMSE, MAE, MAPE: 25978960.00, 25978961.33, 5053.98, 3746.76, 4.80%
Test - Best epoch, Loss, MSE, RMSE, MAE, MAPE: 41, 52290684.00, 52290681.00, 6708.35, 5010.75, 6.02%
- Epoch 042, ExpID 73688
Train - Loss: 12673425.35
Val - Loss, MSE, RMSE, MAE, MAPE: 25828236.00, 25828235.00, 5035.74, 3729.55, 4.79%
Test - Best epoch, Loss, MSE, RMSE, MAE, MAPE: 42, 51692988.00, 51692987.17, 6658.65, 4942.08, 5.95%
- Epoch 043, ExpID 73688
Train - Loss: 12592033.56
Val - Loss, MSE, RMSE, MAE, MAPE: 25798294.00, 25798293.33, 5036.24, 3735.39, 4.80%
Test - Best epoch, Loss, MSE, RMSE, MAE, MAPE: 43, 51527520.00, 51527524.50, 6646.00, 4947.51, 5.96%
- Epoch 044, ExpID 73688
Train - Loss: 12546305.86
Val - Loss, MSE, RMSE, MAE, MAPE: 25813172.00, 25813170.00, 5036.57, 3722.36, 4.77%
Test - Best epoch, Loss, MSE, RMSE, MAE, MAPE: 43, 51527520.00, 51527524.50, 6646.00, 4947.51, 5.96%
- Epoch 045, ExpID 73688
Train - Loss: 12476886.59
Val - Loss, MSE, RMSE, MAE, MAPE: 25741976.00, 25741975.00, 5026.95, 3713.92, 4.76%
Test - Best epoch, Loss, MSE, RMSE, MAE, MAPE: 45, 52286812.00, 52286812.33, 6705.37, 5022.94, 6.04%
- Epoch 046, ExpID 73688
Train - Loss: 12400914.94
Val - Loss, MSE, RMSE, MAE, MAPE: 25663676.00, 25663673.33, 5019.60, 3714.03, 4.77%
Test - Best epoch, Loss, MSE, RMSE, MAE, MAPE: 46, 52129244.00, 52129240.83, 6695.63, 5020.38, 6.03%
- Epoch 047, ExpID 73688
Train - Loss: 12340424.18
Val - Loss, MSE, RMSE, MAE, MAPE: 25696408.00, 25696407.67, 5018.28, 3708.29, 4.77%
Test - Best epoch, Loss, MSE, RMSE, MAE, MAPE: 46, 52129244.00, 52129240.83, 6695.63, 5020.38, 6.03%
- Epoch 048, ExpID 73688
Train - Loss: 12221509.59
Val - Loss, MSE, RMSE, MAE, MAPE: 25721574.00, 25721574.00, 5027.24, 3744.15, 4.81%
Test - Best epoch, Loss, MSE, RMSE, MAE, MAPE: 46, 52129244.00, 52129240.83, 6695.63, 5020.38, 6.03%
- Epoch 049, ExpID 73688
Train - Loss: 12130406.18
Val - Loss, MSE, RMSE, MAE, MAPE: 25706144.00, 25706144.33, 5023.41, 3714.32, 4.76%
Test - Best epoch, Loss, MSE, RMSE, MAE, MAPE: 46, 52129244.00, 52129240.83, 6695.63, 5020.38, 6.03%
- Epoch 050, ExpID 73688
Train - Loss: 12127003.06
Val - Loss, MSE, RMSE, MAE, MAPE: 25548048.00, 25548047.67, 5008.85, 3714.77, 4.77%
Test - Best epoch, Loss, MSE, RMSE, MAE, MAPE: 50, 52470476.00, 52470475.83, 6707.46, 5022.81, 6.04%
- Epoch 051, ExpID 73688
Train - Loss: 11978468.02
Val - Loss, MSE, RMSE, MAE, MAPE: 25516958.00, 25516955.33, 5002.74, 3705.03, 4.76%
Test - Best epoch, Loss, MSE, RMSE, MAE, MAPE: 51, 52579848.00, 52579846.00, 6726.88, 5041.42, 6.06%
- Epoch 052, ExpID 73688
Train - Loss: 11959642.08
Val - Loss, MSE, RMSE, MAE, MAPE: 25527036.00, 25527035.50, 5001.27, 3696.18, 4.74%
Test - Best epoch, Loss, MSE, RMSE, MAE, MAPE: 51, 52579848.00, 52579846.00, 6726.88, 5041.42, 6.06%
- Epoch 053, ExpID 73688
Train - Loss: 11870223.86
Val - Loss, MSE, RMSE, MAE, MAPE: 25446044.00, 25446042.33, 4997.45, 3694.55, 4.74%
Test - Best epoch, Loss, MSE, RMSE, MAE, MAPE: 53, 53084844.00, 53084840.83, 6768.29, 5106.63, 6.13%
- Epoch 054, ExpID 73688
Train - Loss: 11802311.80
Val - Loss, MSE, RMSE, MAE, MAPE: 25458352.00, 25458351.33, 4997.12, 3685.34, 4.73%
Test - Best epoch, Loss, MSE, RMSE, MAE, MAPE: 53, 53084844.00, 53084840.83, 6768.29, 5106.63, 6.13%
- Epoch 055, ExpID 73688
Train - Loss: 11712857.15
Val - Loss, MSE, RMSE, MAE, MAPE: 25484734.00, 25484735.50, 4999.36, 3694.86, 4.74%
Test - Best epoch, Loss, MSE, RMSE, MAE, MAPE: 53, 53084844.00, 53084840.83, 6768.29, 5106.63, 6.13%
- Epoch 056, ExpID 73688
Train - Loss: 11633696.32
Val - Loss, MSE, RMSE, MAE, MAPE: 25374598.00, 25374598.33, 4990.71, 3694.61, 4.74%
Test - Best epoch, Loss, MSE, RMSE, MAE, MAPE: 56, 52890652.00, 52890652.00, 6762.47, 5085.36, 6.11%
- Epoch 057, ExpID 73688
Train - Loss: 11636814.35
Val - Loss, MSE, RMSE, MAE, MAPE: 25408228.00, 25408226.00, 4993.47, 3687.89, 4.74%
Test - Best epoch, Loss, MSE, RMSE, MAE, MAPE: 56, 52890652.00, 52890652.00, 6762.47, 5085.36, 6.11%
- Epoch 058, ExpID 73688
Train - Loss: 11497668.84
Val - Loss, MSE, RMSE, MAE, MAPE: 25372558.00, 25372555.17, 4986.04, 3689.67, 4.74%
Test - Best epoch, Loss, MSE, RMSE, MAE, MAPE: 58, 51954140.00, 51954138.17, 6692.21, 5031.77, 6.06%
- Epoch 059, ExpID 73688
Train - Loss: 11459715.89
Val - Loss, MSE, RMSE, MAE, MAPE: 25286788.00, 25286787.33, 4980.76, 3679.63, 4.72%
Test - Best epoch, Loss, MSE, RMSE, MAE, MAPE: 59, 52059112.00, 52059110.83, 6710.72, 5054.67, 6.07%
- Epoch 060, ExpID 73688
Train - Loss: 11326664.43
Val - Loss, MSE, RMSE, MAE, MAPE: 25295032.00, 25295030.67, 4980.36, 3680.64, 4.72%
Test - Best epoch, Loss, MSE, RMSE, MAE, MAPE: 59, 52059112.00, 52059110.83, 6710.72, 5054.67, 6.07%
- Epoch 061, ExpID 73688
Train - Loss: 11276070.84
Val - Loss, MSE, RMSE, MAE, MAPE: 25201726.00, 25201725.17, 4973.54, 3688.08, 4.73%
Test - Best epoch, Loss, MSE, RMSE, MAE, MAPE: 61, 52735632.00, 52735632.00, 6750.03, 5085.48, 6.11%
- Epoch 062, ExpID 73688
Train - Loss: 11199256.61
Val - Loss, MSE, RMSE, MAE, MAPE: 25342614.00, 25342613.50, 4987.97, 3689.61, 4.73%
Test - Best epoch, Loss, MSE, RMSE, MAE, MAPE: 61, 52735632.00, 52735632.00, 6750.03, 5085.48, 6.11%
- Epoch 063, ExpID 73688
Train - Loss: 11179246.31
Val - Loss, MSE, RMSE, MAE, MAPE: 25126406.00, 25126405.83, 4964.69, 3663.05, 4.70%
Test - Best epoch, Loss, MSE, RMSE, MAE, MAPE: 63, 52397448.00, 52397445.33, 6730.44, 5075.94, 6.10%
- Epoch 064, ExpID 73688
Train - Loss: 11084002.57
Val - Loss, MSE, RMSE, MAE, MAPE: 25184328.00, 25184328.33, 4968.44, 3663.66, 4.70%
Test - Best epoch, Loss, MSE, RMSE, MAE, MAPE: 63, 52397448.00, 52397445.33, 6730.44, 5075.94, 6.10%
- Epoch 065, ExpID 73688
Train - Loss: 11037056.84
Val - Loss, MSE, RMSE, MAE, MAPE: 25235766.00, 25235765.83, 4975.39, 3687.50, 4.74%
Test - Best epoch, Loss, MSE, RMSE, MAE, MAPE: 63, 52397448.00, 52397445.33, 6730.44, 5075.94, 6.10%
- Epoch 066, ExpID 73688
Train - Loss: 11071550.09
Val - Loss, MSE, RMSE, MAE, MAPE: 25314256.00, 25314255.33, 4986.04, 3675.71, 4.70%
Test - Best epoch, Loss, MSE, RMSE, MAE, MAPE: 63, 52397448.00, 52397445.33, 6730.44, 5075.94, 6.10%
- Epoch 067, ExpID 73688
Train - Loss: 10901102.53
Val - Loss, MSE, RMSE, MAE, MAPE: 24913696.00, 24913698.00, 4944.06, 3662.50, 4.71%
Test - Best epoch, Loss, MSE, RMSE, MAE, MAPE: 67, 52155248.00, 52155248.67, 6716.64, 5053.66, 6.08%
- Epoch 068, ExpID 73688
Train - Loss: 10871117.79
Val - Loss, MSE, RMSE, MAE, MAPE: 25160094.00, 25160094.50, 4965.53, 3665.39, 4.70%
Test - Best epoch, Loss, MSE, RMSE, MAE, MAPE: 67, 52155248.00, 52155248.67, 6716.64, 5053.66, 6.08%
- Epoch 069, ExpID 73688
Train - Loss: 10760757.31
Val - Loss, MSE, RMSE, MAE, MAPE: 24987014.00, 24987014.00, 4956.75, 3675.87, 4.71%
Test - Best epoch, Loss, MSE, RMSE, MAE, MAPE: 67, 52155248.00, 52155248.67, 6716.64, 5053.66, 6.08%
- Epoch 070, ExpID 73688
Train - Loss: 10741241.63
Val - Loss, MSE, RMSE, MAE, MAPE: 25263760.00, 25263762.00, 4980.21, 3679.82, 4.72%
Test - Best epoch, Loss, MSE, RMSE, MAE, MAPE: 67, 52155248.00, 52155248.67, 6716.64, 5053.66, 6.08%
- Epoch 071, ExpID 73688
Train - Loss: 10755316.04
Val - Loss, MSE, RMSE, MAE, MAPE: 25163768.00, 25163767.83, 4967.03, 3667.87, 4.71%
Test - Best epoch, Loss, MSE, RMSE, MAE, MAPE: 67, 52155248.00, 52155248.67, 6716.64, 5053.66, 6.08%
- Epoch 072, ExpID 73688
Train - Loss: 10665103.99
Val - Loss, MSE, RMSE, MAE, MAPE: 25059300.00, 25059298.50, 4960.11, 3672.14, 4.72%
Test - Best epoch, Loss, MSE, RMSE, MAE, MAPE: 67, 52155248.00, 52155248.67, 6716.64, 5053.66, 6.08%
- Epoch 073, ExpID 73688
Train - Loss: 10634988.86
Val - Loss, MSE, RMSE, MAE, MAPE: 24970150.00, 24970149.83, 4952.40, 3667.22, 4.71%
Test - Best epoch, Loss, MSE, RMSE, MAE, MAPE: 67, 52155248.00, 52155248.67, 6716.64, 5053.66, 6.08%
- Epoch 074, ExpID 73688
Train - Loss: 10529315.38
Val - Loss, MSE, RMSE, MAE, MAPE: 25002342.00, 25002341.83, 4956.12, 3675.56, 4.71%
Test - Best epoch, Loss, MSE, RMSE, MAE, MAPE: 67, 52155248.00, 52155248.67, 6716.64, 5053.66, 6.08%
- Epoch 075, ExpID 73688
Train - Loss: 10469431.06
Val - Loss, MSE, RMSE, MAE, MAPE: 24999528.00, 24999526.33, 4956.14, 3663.62, 4.70%
Test - Best epoch, Loss, MSE, RMSE, MAE, MAPE: 67, 52155248.00, 52155248.67, 6716.64, 5053.66, 6.08%
- Epoch 076, ExpID 73688
Train - Loss: 10442579.25
Val - Loss, MSE, RMSE, MAE, MAPE: 24980628.00, 24980626.00, 4958.00, 3675.35, 4.71%
Test - Best epoch, Loss, MSE, RMSE, MAE, MAPE: 67, 52155248.00, 52155248.67, 6716.64, 5053.66, 6.08%
- Epoch 077, ExpID 73688
Train - Loss: 10396834.58
Val - Loss, MSE, RMSE, MAE, MAPE: 25206976.00, 25206977.17, 4972.28, 3686.08, 4.74%
Test - Best epoch, Loss, MSE, RMSE, MAE, MAPE: 67, 52155248.00, 52155248.67, 6716.64, 5053.66, 6.08%
Early Stopping at Epoch 77
Fold 2017 Best RMSE: 6716.6414

-------------------- [Fold: 2018] ExpID: 85095 --------------------
- Epoch 000, ExpID 85095
Train - Loss: 35085488.40
Val - Loss, MSE, RMSE, MAE, MAPE: 80291504.00, 80291502.67, 8751.18, 6836.32, 8.24%
Test - Best epoch, Loss, MSE, RMSE, MAE, MAPE: 0, 59953968.00, 59953968.00, 7701.93, 6150.15, 6.65%
- Epoch 001, ExpID 85095
Train - Loss: 26889822.87
Val - Loss, MSE, RMSE, MAE, MAPE: 70999624.00, 70999627.33, 8122.32, 6159.93, 7.45%
Test - Best epoch, Loss, MSE, RMSE, MAE, MAPE: 1, 52937704.00, 52937700.00, 7217.76, 5730.00, 6.18%
- Epoch 002, ExpID 85095
Train - Loss: 23602425.54
Val - Loss, MSE, RMSE, MAE, MAPE: 66285416.00, 66285413.67, 7773.64, 5807.51, 7.03%
Test - Best epoch, Loss, MSE, RMSE, MAE, MAPE: 2, 49105488.00, 49105489.00, 6928.91, 5469.26, 5.89%
- Epoch 003, ExpID 85095
Train - Loss: 21738224.25
Val - Loss, MSE, RMSE, MAE, MAPE: 63303344.00, 63303342.33, 7539.43, 5578.15, 6.76%
Test - Best epoch, Loss, MSE, RMSE, MAE, MAPE: 3, 46496608.00, 46496609.00, 6726.54, 5291.69, 5.71%
- Epoch 004, ExpID 85095
Train - Loss: 20442497.32
Val - Loss, MSE, RMSE, MAE, MAPE: 60962732.00, 60962731.67, 7360.85, 5419.71, 6.56%
Test - Best epoch, Loss, MSE, RMSE, MAE, MAPE: 4, 44739272.00, 44739268.67, 6583.76, 5158.46, 5.56%
- Epoch 005, ExpID 85095
Train - Loss: 19588976.98
Val - Loss, MSE, RMSE, MAE, MAPE: 59217456.00, 59217457.00, 7226.62, 5303.98, 6.42%
Test - Best epoch, Loss, MSE, RMSE, MAE, MAPE: 5, 43563720.00, 43563717.33, 6485.27, 5061.82, 5.46%
- Epoch 006, ExpID 85095
Train - Loss: 19374345.32
Val - Loss, MSE, RMSE, MAE, MAPE: 57694732.00, 57694732.33, 7118.63, 5210.59, 6.30%
Test - Best epoch, Loss, MSE, RMSE, MAE, MAPE: 6, 42606620.00, 42606620.67, 6407.00, 4986.89, 5.37%
- Epoch 007, ExpID 85095
Train - Loss: 18444224.27
Val - Loss, MSE, RMSE, MAE, MAPE: 56404952.00, 56404953.00, 7014.31, 5115.64, 6.19%
Test - Best epoch, Loss, MSE, RMSE, MAE, MAPE: 7, 41590292.00, 41590291.00, 6328.09, 4939.01, 5.33%
- Epoch 008, ExpID 85095
Train - Loss: 17956256.46
Val - Loss, MSE, RMSE, MAE, MAPE: 55180384.00, 55180383.33, 6936.66, 5053.85, 6.11%
Test - Best epoch, Loss, MSE, RMSE, MAE, MAPE: 8, 40928392.00, 40928390.33, 6275.30, 4883.41, 5.26%
- Epoch 009, ExpID 85095
Train - Loss: 17685349.22
Val - Loss, MSE, RMSE, MAE, MAPE: 54174976.00, 54174975.67, 6860.71, 4994.23, 6.03%
Test - Best epoch, Loss, MSE, RMSE, MAE, MAPE: 9, 40273192.00, 40273187.33, 6223.11, 4850.94, 5.23%
- Epoch 010, ExpID 85095
Train - Loss: 17799241.18
Val - Loss, MSE, RMSE, MAE, MAPE: 53384952.00, 53384949.67, 6810.45, 4956.57, 5.98%
Test - Best epoch, Loss, MSE, RMSE, MAE, MAPE: 10, 39746128.00, 39746127.33, 6180.46, 4804.89, 5.18%
- Epoch 011, ExpID 85095
Train - Loss: 17119635.26
Val - Loss, MSE, RMSE, MAE, MAPE: 52795752.00, 52795745.33, 6768.56, 4926.42, 5.95%
Test - Best epoch, Loss, MSE, RMSE, MAE, MAPE: 11, 39144424.00, 39144423.00, 6133.70, 4773.15, 5.15%
- Epoch 012, ExpID 85095
Train - Loss: 16883802.41
Val - Loss, MSE, RMSE, MAE, MAPE: 52169548.00, 52169546.67, 6724.27, 4889.01, 5.90%
Test - Best epoch, Loss, MSE, RMSE, MAE, MAPE: 12, 38746156.00, 38746157.00, 6101.90, 4741.20, 5.11%
- Epoch 013, ExpID 85095
Train - Loss: 16722365.00
Val - Loss, MSE, RMSE, MAE, MAPE: 51525016.00, 51525010.67, 6681.88, 4855.28, 5.86%
Test - Best epoch, Loss, MSE, RMSE, MAE, MAPE: 13, 38307912.00, 38307911.00, 6067.00, 4712.64, 5.08%
- Epoch 014, ExpID 85095
Train - Loss: 16528246.01
Val - Loss, MSE, RMSE, MAE, MAPE: 51139200.00, 51139198.67, 6662.87, 4842.16, 5.84%
Test - Best epoch, Loss, MSE, RMSE, MAE, MAPE: 14, 38062220.00, 38062220.33, 6044.75, 4682.64, 5.04%
- Epoch 015, ExpID 85095
Train - Loss: 16293261.05
Val - Loss, MSE, RMSE, MAE, MAPE: 50587164.00, 50587160.17, 6627.67, 4816.09, 5.81%
Test - Best epoch, Loss, MSE, RMSE, MAE, MAPE: 15, 37682440.00, 37682435.33, 6014.55, 4662.28, 5.03%
- Epoch 016, ExpID 85095
Train - Loss: 16282726.92
Val - Loss, MSE, RMSE, MAE, MAPE: 50027728.00, 50027725.33, 6592.01, 4784.24, 5.76%
Test - Best epoch, Loss, MSE, RMSE, MAE, MAPE: 16, 37339088.00, 37339090.33, 5987.36, 4634.85, 4.99%
- Epoch 017, ExpID 85095
Train - Loss: 16117851.34
Val - Loss, MSE, RMSE, MAE, MAPE: 49725784.00, 49725780.17, 6568.83, 4772.12, 5.75%
Test - Best epoch, Loss, MSE, RMSE, MAE, MAPE: 17, 36982344.00, 36982342.33, 5959.09, 4610.04, 4.97%
- Epoch 018, ExpID 85095
Train - Loss: 15984356.79
Val - Loss, MSE, RMSE, MAE, MAPE: 49514364.00, 49514362.67, 6545.53, 4751.94, 5.74%
Test - Best epoch, Loss, MSE, RMSE, MAE, MAPE: 18, 36757456.00, 36757454.33, 5941.17, 4606.81, 4.97%
- Epoch 019, ExpID 85095
Train - Loss: 15856657.12
Val - Loss, MSE, RMSE, MAE, MAPE: 49230188.00, 49230187.00, 6529.50, 4744.71, 5.72%
Test - Best epoch, Loss, MSE, RMSE, MAE, MAPE: 19, 36482860.00, 36482858.67, 5916.35, 4586.15, 4.95%
- Epoch 020, ExpID 85095
Train - Loss: 15708931.31
Val - Loss, MSE, RMSE, MAE, MAPE: 49062592.00, 49062589.83, 6518.40, 4739.09, 5.72%
Test - Best epoch, Loss, MSE, RMSE, MAE, MAPE: 20, 36124636.00, 36124633.00, 5888.15, 4556.63, 4.92%
- Epoch 021, ExpID 85095
Train - Loss: 15720495.04
Val - Loss, MSE, RMSE, MAE, MAPE: 49081064.00, 49081062.17, 6527.21, 4761.61, 5.73%
Test - Best epoch, Loss, MSE, RMSE, MAE, MAPE: 20, 36124636.00, 36124633.00, 5888.15, 4556.63, 4.92%
- Epoch 022, ExpID 85095
Train - Loss: 15476365.36
Val - Loss, MSE, RMSE, MAE, MAPE: 48627072.00, 48627070.67, 6493.30, 4724.00, 5.69%
Test - Best epoch, Loss, MSE, RMSE, MAE, MAPE: 22, 35764392.00, 35764390.33, 5859.16, 4527.96, 4.89%
- Epoch 023, ExpID 85095
Train - Loss: 15167172.31
Val - Loss, MSE, RMSE, MAE, MAPE: 48581024.00, 48581020.67, 6490.84, 4723.16, 5.69%
Test - Best epoch, Loss, MSE, RMSE, MAE, MAPE: 23, 35687308.00, 35687307.67, 5849.20, 4519.68, 4.88%
- Epoch 024, ExpID 85095
Train - Loss: 15176946.79
Val - Loss, MSE, RMSE, MAE, MAPE: 48497980.00, 48497976.17, 6480.78, 4716.01, 5.68%
Test - Best epoch, Loss, MSE, RMSE, MAE, MAPE: 24, 35494996.00, 35494994.67, 5834.40, 4517.00, 4.88%
- Epoch 025, ExpID 85095
Train - Loss: 14964262.52
Val - Loss, MSE, RMSE, MAE, MAPE: 48663560.00, 48663558.50, 6488.53, 4732.91, 5.69%
Test - Best epoch, Loss, MSE, RMSE, MAE, MAPE: 24, 35494996.00, 35494994.67, 5834.40, 4517.00, 4.88%
- Epoch 026, ExpID 85095
Train - Loss: 14906337.50
Val - Loss, MSE, RMSE, MAE, MAPE: 48550904.00, 48550897.00, 6481.85, 4727.57, 5.69%
Test - Best epoch, Loss, MSE, RMSE, MAE, MAPE: 24, 35494996.00, 35494994.67, 5834.40, 4517.00, 4.88%
- Epoch 027, ExpID 85095
Train - Loss: 15072827.71
Val - Loss, MSE, RMSE, MAE, MAPE: 48891824.00, 48891825.33, 6511.61, 4761.83, 5.72%
Test - Best epoch, Loss, MSE, RMSE, MAE, MAPE: 24, 35494996.00, 35494994.67, 5834.40, 4517.00, 4.88%
- Epoch 028, ExpID 85095
Train - Loss: 14726905.52
Val - Loss, MSE, RMSE, MAE, MAPE: 48479304.00, 48479301.83, 6473.69, 4730.08, 5.69%
Test - Best epoch, Loss, MSE, RMSE, MAE, MAPE: 28, 34913968.00, 34913964.33, 5787.24, 4483.67, 4.84%
- Epoch 029, ExpID 85095
Train - Loss: 14718075.94
Val - Loss, MSE, RMSE, MAE, MAPE: 48894240.00, 48894239.33, 6510.19, 4754.13, 5.71%
Test - Best epoch, Loss, MSE, RMSE, MAE, MAPE: 28, 34913968.00, 34913964.33, 5787.24, 4483.67, 4.84%
- Epoch 030, ExpID 85095
Train - Loss: 14506841.22
Val - Loss, MSE, RMSE, MAE, MAPE: 48576492.00, 48576489.00, 6483.57, 4755.78, 5.71%
Test - Best epoch, Loss, MSE, RMSE, MAE, MAPE: 28, 34913968.00, 34913964.33, 5787.24, 4483.67, 4.84%
- Epoch 031, ExpID 85095
Train - Loss: 14438997.10
Val - Loss, MSE, RMSE, MAE, MAPE: 48275244.00, 48275243.33, 6472.80, 4761.69, 5.72%
Test - Best epoch, Loss, MSE, RMSE, MAE, MAPE: 31, 34411424.00, 34411422.00, 5746.39, 4428.77, 4.78%
- Epoch 032, ExpID 85095
Train - Loss: 14348016.80
Val - Loss, MSE, RMSE, MAE, MAPE: 48357280.00, 48357278.17, 6469.48, 4744.97, 5.70%
Test - Best epoch, Loss, MSE, RMSE, MAE, MAPE: 31, 34411424.00, 34411422.00, 5746.39, 4428.77, 4.78%
- Epoch 033, ExpID 85095
Train - Loss: 14286661.97
Val - Loss, MSE, RMSE, MAE, MAPE: 48727628.00, 48727627.33, 6497.38, 4768.68, 5.73%
Test - Best epoch, Loss, MSE, RMSE, MAE, MAPE: 31, 34411424.00, 34411422.00, 5746.39, 4428.77, 4.78%
- Epoch 034, ExpID 85095
Train - Loss: 14312627.42
Val - Loss, MSE, RMSE, MAE, MAPE: 48559688.00, 48559684.67, 6485.25, 4798.53, 5.76%
Test - Best epoch, Loss, MSE, RMSE, MAE, MAPE: 31, 34411424.00, 34411422.00, 5746.39, 4428.77, 4.78%
- Epoch 035, ExpID 85095
Train - Loss: 14147623.18
Val - Loss, MSE, RMSE, MAE, MAPE: 48922376.00, 48922371.50, 6519.71, 4822.75, 5.78%
Test - Best epoch, Loss, MSE, RMSE, MAE, MAPE: 31, 34411424.00, 34411422.00, 5746.39, 4428.77, 4.78%
- Epoch 036, ExpID 85095
Train - Loss: 14014379.09
Val - Loss, MSE, RMSE, MAE, MAPE: 49035292.00, 49035289.33, 6517.99, 4822.29, 5.78%
Test - Best epoch, Loss, MSE, RMSE, MAE, MAPE: 31, 34411424.00, 34411422.00, 5746.39, 4428.77, 4.78%
- Epoch 037, ExpID 85095
Train - Loss: 13898360.35
Val - Loss, MSE, RMSE, MAE, MAPE: 49505192.00, 49505191.50, 6563.87, 4897.62, 5.85%
Test - Best epoch, Loss, MSE, RMSE, MAE, MAPE: 31, 34411424.00, 34411422.00, 5746.39, 4428.77, 4.78%
- Epoch 038, ExpID 85095
Train - Loss: 13958029.69
Val - Loss, MSE, RMSE, MAE, MAPE: 49253404.00, 49253403.17, 6541.12, 4845.29, 5.81%
Test - Best epoch, Loss, MSE, RMSE, MAE, MAPE: 31, 34411424.00, 34411422.00, 5746.39, 4428.77, 4.78%
- Epoch 039, ExpID 85095
Train - Loss: 13670885.45
Val - Loss, MSE, RMSE, MAE, MAPE: 49287696.00, 49287696.33, 6537.13, 4842.90, 5.80%
Test - Best epoch, Loss, MSE, RMSE, MAE, MAPE: 31, 34411424.00, 34411422.00, 5746.39, 4428.77, 4.78%
- Epoch 040, ExpID 85095
Train - Loss: 13614645.98
Val - Loss, MSE, RMSE, MAE, MAPE: 48960652.00, 48960650.00, 6505.33, 4810.47, 5.78%
Test - Best epoch, Loss, MSE, RMSE, MAE, MAPE: 31, 34411424.00, 34411422.00, 5746.39, 4428.77, 4.78%
- Epoch 041, ExpID 85095
Train - Loss: 13491104.42
Val - Loss, MSE, RMSE, MAE, MAPE: 49721080.00, 49721075.00, 6564.72, 4873.74, 5.84%
Test - Best epoch, Loss, MSE, RMSE, MAE, MAPE: 31, 34411424.00, 34411422.00, 5746.39, 4428.77, 4.78%
Early Stopping at Epoch 41
Fold 2018 Best RMSE: 5746.3883

-------------------- [Fold: 2019] ExpID: 68970 --------------------
- Epoch 000, ExpID 68970
Train - Loss: 39979037.58
Val - Loss, MSE, RMSE, MAE, MAPE: 63606108.00, 63606104.67, 7943.57, 6380.31, 6.89%
Test - Best epoch, Loss, MSE, RMSE, MAE, MAPE: 0, 70609216.00, 70609220.67, 8279.36, 6587.76, 6.91%
- Epoch 001, ExpID 68970
Train - Loss: 31442755.53
Val - Loss, MSE, RMSE, MAE, MAPE: 55294016.00, 55294017.33, 7392.57, 5921.80, 6.39%
Test - Best epoch, Loss, MSE, RMSE, MAE, MAPE: 1, 59458960.00, 59458958.67, 7608.16, 6032.90, 6.32%
- Epoch 002, ExpID 68970
Train - Loss: 27307023.58
Val - Loss, MSE, RMSE, MAE, MAPE: 50454704.00, 50454704.67, 7037.85, 5627.88, 6.07%
Test - Best epoch, Loss, MSE, RMSE, MAE, MAPE: 2, 53416812.00, 53416808.67, 7211.02, 5687.34, 5.96%
- Epoch 003, ExpID 68970
Train - Loss: 24826518.70
Val - Loss, MSE, RMSE, MAE, MAPE: 47181580.00, 47181578.00, 6784.48, 5405.24, 5.83%
Test - Best epoch, Loss, MSE, RMSE, MAE, MAPE: 3, 49906892.00, 49906892.00, 6959.24, 5459.54, 5.72%
- Epoch 004, ExpID 68970
Train - Loss: 23259268.20
Val - Loss, MSE, RMSE, MAE, MAPE: 45209408.00, 45209405.00, 6621.24, 5244.89, 5.65%
Test - Best epoch, Loss, MSE, RMSE, MAE, MAPE: 4, 47612800.00, 47612799.00, 6790.64, 5297.98, 5.54%
- Epoch 005, ExpID 68970
Train - Loss: 22250820.33
Val - Loss, MSE, RMSE, MAE, MAPE: 43488248.00, 43488247.00, 6481.68, 5121.81, 5.53%
Test - Best epoch, Loss, MSE, RMSE, MAE, MAPE: 5, 46168796.00, 46168796.00, 6676.61, 5175.80, 5.42%
- Epoch 006, ExpID 68970
Train - Loss: 21390938.52
Val - Loss, MSE, RMSE, MAE, MAPE: 42391816.00, 42391817.33, 6389.91, 5025.30, 5.42%
Test - Best epoch, Loss, MSE, RMSE, MAE, MAPE: 6, 44942584.00, 44942581.67, 6585.37, 5072.37, 5.32%
- Epoch 007, ExpID 68970
Train - Loss: 20757318.04
Val - Loss, MSE, RMSE, MAE, MAPE: 41372856.00, 41372853.67, 6304.30, 4942.03, 5.34%
Test - Best epoch, Loss, MSE, RMSE, MAE, MAPE: 7, 44074364.00, 44074362.67, 6516.54, 4985.79, 5.23%
- Epoch 008, ExpID 68970
Train - Loss: 20231352.12
Val - Loss, MSE, RMSE, MAE, MAPE: 40635928.00, 40635925.33, 6242.23, 4890.24, 5.28%
Test - Best epoch, Loss, MSE, RMSE, MAE, MAPE: 8, 43479040.00, 43479040.00, 6469.25, 4921.69, 5.17%
- Epoch 009, ExpID 68970
Train - Loss: 19810025.94
Val - Loss, MSE, RMSE, MAE, MAPE: 39842912.00, 39842909.33, 6178.01, 4827.87, 5.21%
Test - Best epoch, Loss, MSE, RMSE, MAE, MAPE: 9, 42874072.00, 42874069.33, 6419.86, 4870.13, 5.11%
- Epoch 010, ExpID 68970
Train - Loss: 19424303.96
Val - Loss, MSE, RMSE, MAE, MAPE: 39356612.00, 39356610.33, 6136.13, 4785.12, 5.17%
Test - Best epoch, Loss, MSE, RMSE, MAE, MAPE: 10, 42384184.00, 42384180.33, 6382.35, 4818.16, 5.06%
- Epoch 011, ExpID 68970
Train - Loss: 19170171.18
Val - Loss, MSE, RMSE, MAE, MAPE: 39002700.00, 39002696.33, 6103.86, 4752.20, 5.13%
Test - Best epoch, Loss, MSE, RMSE, MAE, MAPE: 11, 41915244.00, 41915244.67, 6349.90, 4782.20, 5.02%
- Epoch 012, ExpID 68970
Train - Loss: 18927815.86
Val - Loss, MSE, RMSE, MAE, MAPE: 38487528.00, 38487529.33, 6062.90, 4718.09, 5.09%
Test - Best epoch, Loss, MSE, RMSE, MAE, MAPE: 12, 41604072.00, 41604069.00, 6321.06, 4751.79, 4.99%
- Epoch 013, ExpID 68970
Train - Loss: 18612439.57
Val - Loss, MSE, RMSE, MAE, MAPE: 37956904.00, 37956901.67, 6022.09, 4687.25, 5.06%
Test - Best epoch, Loss, MSE, RMSE, MAE, MAPE: 13, 41389780.00, 41389778.33, 6301.34, 4725.55, 4.97%
- Epoch 014, ExpID 68970
Train - Loss: 18456550.26
Val - Loss, MSE, RMSE, MAE, MAPE: 37562008.00, 37562005.00, 5989.26, 4648.88, 5.02%
Test - Best epoch, Loss, MSE, RMSE, MAE, MAPE: 14, 41110972.00, 41110973.00, 6275.98, 4693.30, 4.94%
- Epoch 015, ExpID 68970
Train - Loss: 18175035.73
Val - Loss, MSE, RMSE, MAE, MAPE: 37212640.00, 37212636.33, 5959.91, 4636.83, 5.01%
Test - Best epoch, Loss, MSE, RMSE, MAE, MAPE: 15, 41116592.00, 41116589.67, 6275.63, 4692.31, 4.93%
- Epoch 016, ExpID 68970
Train - Loss: 18036204.62
Val - Loss, MSE, RMSE, MAE, MAPE: 36813676.00, 36813676.33, 5928.49, 4604.89, 4.99%
Test - Best epoch, Loss, MSE, RMSE, MAE, MAPE: 16, 40908848.00, 40908845.67, 6253.90, 4665.58, 4.92%
- Epoch 017, ExpID 68970
Train - Loss: 17826466.82
Val - Loss, MSE, RMSE, MAE, MAPE: 36710752.00, 36710754.00, 5918.76, 4592.60, 4.97%
Test - Best epoch, Loss, MSE, RMSE, MAE, MAPE: 17, 40513020.00, 40513015.67, 6228.02, 4636.62, 4.88%
- Epoch 018, ExpID 68970
Train - Loss: 17656942.34
Val - Loss, MSE, RMSE, MAE, MAPE: 36477912.00, 36477910.00, 5898.13, 4573.78, 4.95%
Test - Best epoch, Loss, MSE, RMSE, MAE, MAPE: 18, 40546560.00, 40546558.33, 6227.74, 4634.34, 4.88%
- Epoch 019, ExpID 68970
Train - Loss: 17466423.64
Val - Loss, MSE, RMSE, MAE, MAPE: 36416672.00, 36416668.33, 5887.70, 4559.00, 4.92%
Test - Best epoch, Loss, MSE, RMSE, MAE, MAPE: 19, 40071432.00, 40071427.33, 6196.71, 4608.94, 4.84%
- Epoch 020, ExpID 68970
Train - Loss: 17345306.17
Val - Loss, MSE, RMSE, MAE, MAPE: 36119180.00, 36119179.67, 5862.90, 4535.31, 4.90%
Test - Best epoch, Loss, MSE, RMSE, MAE, MAPE: 20, 40079472.00, 40079471.67, 6192.91, 4594.63, 4.84%
- Epoch 021, ExpID 68970
Train - Loss: 17169263.26
Val - Loss, MSE, RMSE, MAE, MAPE: 35891176.00, 35891171.67, 5846.33, 4527.80, 4.89%
Test - Best epoch, Loss, MSE, RMSE, MAE, MAPE: 21, 39947448.00, 39947445.33, 6181.67, 4579.24, 4.82%
- Epoch 022, ExpID 68970
Train - Loss: 17016585.77
Val - Loss, MSE, RMSE, MAE, MAPE: 35874456.00, 35874455.33, 5842.18, 4519.18, 4.89%
Test - Best epoch, Loss, MSE, RMSE, MAE, MAPE: 22, 39809296.00, 39809295.00, 6172.50, 4576.04, 4.82%
- Epoch 023, ExpID 68970
Train - Loss: 16910172.37
Val - Loss, MSE, RMSE, MAE, MAPE: 35538348.00, 35538349.33, 5819.14, 4507.24, 4.88%
Test - Best epoch, Loss, MSE, RMSE, MAE, MAPE: 23, 39977596.00, 39977593.00, 6178.88, 4575.98, 4.82%
- Epoch 024, ExpID 68970
Train - Loss: 16751051.92
Val - Loss, MSE, RMSE, MAE, MAPE: 35506264.00, 35506265.00, 5810.82, 4491.67, 4.86%
Test - Best epoch, Loss, MSE, RMSE, MAE, MAPE: 24, 39688432.00, 39688429.33, 6161.69, 4556.03, 4.80%
- Epoch 025, ExpID 68970
Train - Loss: 16634088.22
Val - Loss, MSE, RMSE, MAE, MAPE: 35691156.00, 35691153.67, 5822.02, 4489.04, 4.84%
Test - Best epoch, Loss, MSE, RMSE, MAE, MAPE: 24, 39688432.00, 39688429.33, 6161.69, 4556.03, 4.80%
- Epoch 026, ExpID 68970
Train - Loss: 16499317.53
Val - Loss, MSE, RMSE, MAE, MAPE: 35370128.00, 35370128.00, 5801.87, 4484.53, 4.85%
Test - Best epoch, Loss, MSE, RMSE, MAE, MAPE: 26, 39402412.00, 39402413.00, 6141.58, 4537.40, 4.78%
- Epoch 027, ExpID 68970
Train - Loss: 16412612.89
Val - Loss, MSE, RMSE, MAE, MAPE: 35289560.00, 35289556.67, 5793.96, 4472.94, 4.83%
Test - Best epoch, Loss, MSE, RMSE, MAE, MAPE: 27, 39238512.00, 39238510.00, 6131.62, 4530.24, 4.77%
- Epoch 028, ExpID 68970
Train - Loss: 16167704.76
Val - Loss, MSE, RMSE, MAE, MAPE: 35097700.00, 35097699.33, 5776.23, 4454.18, 4.82%
Test - Best epoch, Loss, MSE, RMSE, MAE, MAPE: 28, 39309304.00, 39309300.33, 6134.06, 4524.97, 4.76%
- Epoch 029, ExpID 68970
Train - Loss: 15979373.12
Val - Loss, MSE, RMSE, MAE, MAPE: 34895032.00, 34895034.67, 5762.58, 4446.98, 4.81%
Test - Best epoch, Loss, MSE, RMSE, MAE, MAPE: 29, 39413368.00, 39413367.00, 6135.20, 4520.76, 4.76%
- Epoch 030, ExpID 68970
Train - Loss: 15928219.49
Val - Loss, MSE, RMSE, MAE, MAPE: 34717224.00, 34717225.00, 5747.25, 4435.31, 4.80%
Test - Best epoch, Loss, MSE, RMSE, MAE, MAPE: 30, 39389612.00, 39389612.33, 6132.93, 4518.89, 4.76%
- Epoch 031, ExpID 68970
Train - Loss: 15847364.89
Val - Loss, MSE, RMSE, MAE, MAPE: 34696412.00, 34696412.00, 5744.54, 4425.38, 4.79%
Test - Best epoch, Loss, MSE, RMSE, MAE, MAPE: 31, 39218572.00, 39218570.67, 6120.81, 4510.02, 4.75%
- Epoch 032, ExpID 68970
Train - Loss: 15711427.33
Val - Loss, MSE, RMSE, MAE, MAPE: 34991896.00, 34991898.67, 5765.19, 4445.89, 4.80%
Test - Best epoch, Loss, MSE, RMSE, MAE, MAPE: 31, 39218572.00, 39218570.67, 6120.81, 4510.02, 4.75%
- Epoch 033, ExpID 68970
Train - Loss: 15581259.83
Val - Loss, MSE, RMSE, MAE, MAPE: 34586824.00, 34586820.00, 5735.29, 4424.91, 4.79%
Test - Best epoch, Loss, MSE, RMSE, MAE, MAPE: 33, 39441400.00, 39441396.33, 6135.68, 4528.54, 4.77%
- Epoch 034, ExpID 68970
Train - Loss: 15493094.79
Val - Loss, MSE, RMSE, MAE, MAPE: 34694524.00, 34694522.33, 5741.54, 4419.35, 4.78%
Test - Best epoch, Loss, MSE, RMSE, MAE, MAPE: 33, 39441400.00, 39441396.33, 6135.68, 4528.54, 4.77%
- Epoch 035, ExpID 68970
Train - Loss: 15387388.67
Val - Loss, MSE, RMSE, MAE, MAPE: 34550120.00, 34550114.67, 5733.12, 4418.21, 4.79%
Test - Best epoch, Loss, MSE, RMSE, MAE, MAPE: 35, 39418364.00, 39418359.33, 6133.54, 4527.26, 4.77%
- Epoch 036, ExpID 68970
Train - Loss: 15284370.88
Val - Loss, MSE, RMSE, MAE, MAPE: 34593992.00, 34593987.00, 5730.18, 4407.70, 4.77%
Test - Best epoch, Loss, MSE, RMSE, MAE, MAPE: 35, 39418364.00, 39418359.33, 6133.54, 4527.26, 4.77%
- Epoch 037, ExpID 68970
Train - Loss: 15180799.42
Val - Loss, MSE, RMSE, MAE, MAPE: 34518784.00, 34518785.33, 5730.13, 4411.91, 4.77%
Test - Best epoch, Loss, MSE, RMSE, MAE, MAPE: 37, 39176148.00, 39176147.67, 6116.27, 4505.18, 4.75%
- Epoch 038, ExpID 68970
Train - Loss: 15052732.40
Val - Loss, MSE, RMSE, MAE, MAPE: 34468552.00, 34468553.00, 5724.91, 4410.34, 4.77%
Test - Best epoch, Loss, MSE, RMSE, MAE, MAPE: 38, 39094436.00, 39094433.00, 6108.91, 4501.66, 4.74%
- Epoch 039, ExpID 68970
Train - Loss: 14938197.50
Val - Loss, MSE, RMSE, MAE, MAPE: 34592160.00, 34592158.67, 5732.27, 4416.51, 4.77%
Test - Best epoch, Loss, MSE, RMSE, MAE, MAPE: 38, 39094436.00, 39094433.00, 6108.91, 4501.66, 4.74%
- Epoch 040, ExpID 68970
Train - Loss: 14816174.20
Val - Loss, MSE, RMSE, MAE, MAPE: 34562032.00, 34562029.33, 5733.09, 4413.80, 4.78%
Test - Best epoch, Loss, MSE, RMSE, MAE, MAPE: 38, 39094436.00, 39094433.00, 6108.91, 4501.66, 4.74%
- Epoch 041, ExpID 68970
Train - Loss: 14804313.10
Val - Loss, MSE, RMSE, MAE, MAPE: 34362448.00, 34362445.00, 5715.44, 4393.36, 4.75%
Test - Best epoch, Loss, MSE, RMSE, MAE, MAPE: 41, 39068244.00, 39068241.67, 6103.63, 4500.68, 4.74%
- Epoch 042, ExpID 68970
Train - Loss: 14624191.86
Val - Loss, MSE, RMSE, MAE, MAPE: 34504948.00, 34504946.00, 5729.87, 4405.41, 4.77%
Test - Best epoch, Loss, MSE, RMSE, MAE, MAPE: 41, 39068244.00, 39068241.67, 6103.63, 4500.68, 4.74%
- Epoch 043, ExpID 68970
Train - Loss: 14545307.03
Val - Loss, MSE, RMSE, MAE, MAPE: 34607120.00, 34607118.67, 5730.12, 4410.59, 4.77%
Test - Best epoch, Loss, MSE, RMSE, MAE, MAPE: 41, 39068244.00, 39068241.67, 6103.63, 4500.68, 4.74%
- Epoch 044, ExpID 68970
Train - Loss: 14381263.26
Val - Loss, MSE, RMSE, MAE, MAPE: 34433232.00, 34433232.67, 5718.23, 4393.65, 4.76%
Test - Best epoch, Loss, MSE, RMSE, MAE, MAPE: 41, 39068244.00, 39068241.67, 6103.63, 4500.68, 4.74%
- Epoch 045, ExpID 68970
Train - Loss: 14306536.73
Val - Loss, MSE, RMSE, MAE, MAPE: 34307336.00, 34307334.00, 5711.15, 4378.47, 4.74%
Test - Best epoch, Loss, MSE, RMSE, MAE, MAPE: 45, 38934992.00, 38934989.67, 6094.36, 4480.02, 4.72%
- Epoch 046, ExpID 68970
Train - Loss: 14228237.56
Val - Loss, MSE, RMSE, MAE, MAPE: 34365344.00, 34365343.67, 5718.04, 4400.78, 4.76%
Test - Best epoch, Loss, MSE, RMSE, MAE, MAPE: 45, 38934992.00, 38934989.67, 6094.36, 4480.02, 4.72%
- Epoch 047, ExpID 68970
Train - Loss: 14068566.26
Val - Loss, MSE, RMSE, MAE, MAPE: 34584880.00, 34584879.67, 5731.89, 4406.74, 4.76%
Test - Best epoch, Loss, MSE, RMSE, MAE, MAPE: 45, 38934992.00, 38934989.67, 6094.36, 4480.02, 4.72%
- Epoch 048, ExpID 68970
Train - Loss: 14103566.33
Val - Loss, MSE, RMSE, MAE, MAPE: 34696784.00, 34696784.67, 5738.65, 4413.45, 4.77%
Test - Best epoch, Loss, MSE, RMSE, MAE, MAPE: 45, 38934992.00, 38934989.67, 6094.36, 4480.02, 4.72%
- Epoch 049, ExpID 68970
Train - Loss: 13904878.84
Val - Loss, MSE, RMSE, MAE, MAPE: 34269160.00, 34269158.00, 5702.86, 4385.67, 4.74%
Test - Best epoch, Loss, MSE, RMSE, MAE, MAPE: 49, 39092376.00, 39092372.67, 6111.34, 4512.85, 4.75%
- Epoch 050, ExpID 68970
Train - Loss: 13771016.06
Val - Loss, MSE, RMSE, MAE, MAPE: 34806680.00, 34806681.00, 5741.72, 4407.74, 4.75%
Test - Best epoch, Loss, MSE, RMSE, MAE, MAPE: 49, 39092376.00, 39092372.67, 6111.34, 4512.85, 4.75%
- Epoch 051, ExpID 68970
Train - Loss: 13725032.58
Val - Loss, MSE, RMSE, MAE, MAPE: 34454704.00, 34454706.00, 5720.80, 4394.80, 4.75%
Test - Best epoch, Loss, MSE, RMSE, MAE, MAPE: 49, 39092376.00, 39092372.67, 6111.34, 4512.85, 4.75%
- Epoch 052, ExpID 68970
Train - Loss: 13659557.02
Val - Loss, MSE, RMSE, MAE, MAPE: 34417484.00, 34417482.67, 5719.61, 4403.95, 4.77%
Test - Best epoch, Loss, MSE, RMSE, MAE, MAPE: 49, 39092376.00, 39092372.67, 6111.34, 4512.85, 4.75%
- Epoch 053, ExpID 68970
Train - Loss: 13543262.53
Val - Loss, MSE, RMSE, MAE, MAPE: 34874928.00, 34874926.00, 5744.19, 4402.31, 4.76%
Test - Best epoch, Loss, MSE, RMSE, MAE, MAPE: 49, 39092376.00, 39092372.67, 6111.34, 4512.85, 4.75%
- Epoch 054, ExpID 68970
Train - Loss: 13448297.72
Val - Loss, MSE, RMSE, MAE, MAPE: 34788828.00, 34788828.33, 5738.02, 4391.87, 4.74%
Test - Best epoch, Loss, MSE, RMSE, MAE, MAPE: 49, 39092376.00, 39092372.67, 6111.34, 4512.85, 4.75%
- Epoch 055, ExpID 68970
Train - Loss: 13372926.97
Val - Loss, MSE, RMSE, MAE, MAPE: 35088592.00, 35088590.00, 5760.66, 4409.09, 4.76%
Test - Best epoch, Loss, MSE, RMSE, MAE, MAPE: 49, 39092376.00, 39092372.67, 6111.34, 4512.85, 4.75%
- Epoch 056, ExpID 68970
Train - Loss: 13312861.40
Val - Loss, MSE, RMSE, MAE, MAPE: 34339676.00, 34339674.67, 5712.40, 4385.81, 4.76%
Test - Best epoch, Loss, MSE, RMSE, MAE, MAPE: 49, 39092376.00, 39092372.67, 6111.34, 4512.85, 4.75%
- Epoch 057, ExpID 68970
Train - Loss: 13211265.16
Val - Loss, MSE, RMSE, MAE, MAPE: 34465464.00, 34465464.33, 5721.82, 4398.63, 4.76%
Test - Best epoch, Loss, MSE, RMSE, MAE, MAPE: 49, 39092376.00, 39092372.67, 6111.34, 4512.85, 4.75%
- Epoch 058, ExpID 68970
Train - Loss: 13095352.70
Val - Loss, MSE, RMSE, MAE, MAPE: 34542640.00, 34542640.67, 5719.28, 4381.20, 4.74%
Test - Best epoch, Loss, MSE, RMSE, MAE, MAPE: 49, 39092376.00, 39092372.67, 6111.34, 4512.85, 4.75%
- Epoch 059, ExpID 68970
Train - Loss: 13044881.83
Val - Loss, MSE, RMSE, MAE, MAPE: 34875372.00, 34875370.67, 5755.30, 4442.25, 4.80%
Test - Best epoch, Loss, MSE, RMSE, MAE, MAPE: 49, 39092376.00, 39092372.67, 6111.34, 4512.85, 4.75%
Early Stopping at Epoch 59
Fold 2019 Best RMSE: 6111.3434
