DETAILED LOG | Model: tsmixer | Seed: 1
FULL CONFIG: {'gpu': '3', 'target': 'departure', 'cv_start_year': 2017, 'cv_end_year': 2019, 'test_year': 2024, 'use_corona': False, 'seq_len': 365, 'label_len': 0, 'pred_len': 1, 'batch_size': 64, 'epochs': 1000, 'patience': 10, 'lr': 0.0001, 'model': 'tsmixer', 'd_model': 256, 'n_heads': 4, 'n_layers': 5, 'dropout': 0.1, 'activation': 'gelu', 'patch_len': 16, 'factor': 5, 'norm_mode': 'revin', 'use_dbloss': False, 'device': device(type='cuda'), 'stride': 16, 'file_path': 'dataset/airport_daily_flight_merged.csv', 'seed': 1, 'val_year': 2019, 'ndims': 1}

-------------------- [Fold: 2017] ExpID: 71466 --------------------
- Epoch 000, ExpID 71466
Train - Loss: 17704846.05
Val - Loss, MSE, RMSE, MAE, MAPE: 26520264.00, 26520262.67, 5101.37, 3947.67, 4.96%
Test - Best epoch, Loss, MSE, RMSE, MAE, MAPE: 0, 33130110.00, 33130107.67, 5471.49, 4144.09, 4.90%
- Epoch 001, ExpID 71466
Train - Loss: 10364143.61
Val - Loss, MSE, RMSE, MAE, MAPE: 20845866.00, 20845864.83, 4498.32, 3425.08, 4.35%
Test - Best epoch, Loss, MSE, RMSE, MAE, MAPE: 1, 27306092.00, 27306092.33, 4986.07, 3694.80, 4.42%
- Epoch 002, ExpID 71466
Train - Loss: 8175015.87
Val - Loss, MSE, RMSE, MAE, MAPE: 18831766.00, 18831766.00, 4268.43, 3226.29, 4.13%
Test - Best epoch, Loss, MSE, RMSE, MAE, MAPE: 2, 24867588.00, 24867585.33, 4769.34, 3497.83, 4.24%
- Epoch 003, ExpID 71466
Train - Loss: 6805795.64
Val - Loss, MSE, RMSE, MAE, MAPE: 17711208.00, 17711207.00, 4126.24, 3131.54, 3.97%
Test - Best epoch, Loss, MSE, RMSE, MAE, MAPE: 3, 22854748.00, 22854747.33, 4559.71, 3329.80, 4.00%
- Epoch 004, ExpID 71466
Train - Loss: 5740169.76
Val - Loss, MSE, RMSE, MAE, MAPE: 20680828.00, 20680825.75, 4391.52, 3437.45, 4.29%
Test - Best epoch, Loss, MSE, RMSE, MAE, MAPE: 3, 22854748.00, 22854747.33, 4559.71, 3329.80, 4.00%
- Epoch 005, ExpID 71466
Train - Loss: 5015854.38
Val - Loss, MSE, RMSE, MAE, MAPE: 16282311.00, 16282311.50, 3959.65, 2942.66, 3.75%
Test - Best epoch, Loss, MSE, RMSE, MAE, MAPE: 5, 22527958.00, 22527957.67, 4548.89, 3241.18, 3.90%
- Epoch 006, ExpID 71466
Train - Loss: 4349779.13
Val - Loss, MSE, RMSE, MAE, MAPE: 17196420.00, 17196420.25, 4051.94, 2999.13, 3.80%
Test - Best epoch, Loss, MSE, RMSE, MAE, MAPE: 5, 22527958.00, 22527957.67, 4548.89, 3241.18, 3.90%
- Epoch 007, ExpID 71466
Train - Loss: 3668983.29
Val - Loss, MSE, RMSE, MAE, MAPE: 17699352.00, 17699349.67, 4149.56, 3151.71, 4.01%
Test - Best epoch, Loss, MSE, RMSE, MAE, MAPE: 5, 22527958.00, 22527957.67, 4548.89, 3241.18, 3.90%
- Epoch 008, ExpID 71466
Train - Loss: 3092674.44
Val - Loss, MSE, RMSE, MAE, MAPE: 16463812.00, 16463810.83, 3978.68, 2979.94, 3.83%
Test - Best epoch, Loss, MSE, RMSE, MAE, MAPE: 5, 22527958.00, 22527957.67, 4548.89, 3241.18, 3.90%
- Epoch 009, ExpID 71466
Train - Loss: 2707470.01
Val - Loss, MSE, RMSE, MAE, MAPE: 16854756.00, 16854756.08, 4028.22, 3040.62, 3.87%
Test - Best epoch, Loss, MSE, RMSE, MAE, MAPE: 5, 22527958.00, 22527957.67, 4548.89, 3241.18, 3.90%
- Epoch 010, ExpID 71466
Train - Loss: 2314917.65
Val - Loss, MSE, RMSE, MAE, MAPE: 17594464.00, 17594463.75, 4120.52, 3118.01, 3.93%
Test - Best epoch, Loss, MSE, RMSE, MAE, MAPE: 5, 22527958.00, 22527957.67, 4548.89, 3241.18, 3.90%
- Epoch 011, ExpID 71466
Train - Loss: 2038447.21
Val - Loss, MSE, RMSE, MAE, MAPE: 16876568.00, 16876567.00, 4055.61, 3068.92, 3.96%
Test - Best epoch, Loss, MSE, RMSE, MAE, MAPE: 5, 22527958.00, 22527957.67, 4548.89, 3241.18, 3.90%
- Epoch 012, ExpID 71466
Train - Loss: 1765224.31
Val - Loss, MSE, RMSE, MAE, MAPE: 16723835.00, 16723836.92, 4009.24, 3048.45, 3.90%
Test - Best epoch, Loss, MSE, RMSE, MAE, MAPE: 5, 22527958.00, 22527957.67, 4548.89, 3241.18, 3.90%
- Epoch 013, ExpID 71466
Train - Loss: 1578899.93
Val - Loss, MSE, RMSE, MAE, MAPE: 16951286.00, 16951285.67, 4041.50, 3064.06, 3.93%
Test - Best epoch, Loss, MSE, RMSE, MAE, MAPE: 5, 22527958.00, 22527957.67, 4548.89, 3241.18, 3.90%
- Epoch 014, ExpID 71466
Train - Loss: 1380330.77
Val - Loss, MSE, RMSE, MAE, MAPE: 17730880.00, 17730880.25, 4129.50, 3129.44, 3.97%
Test - Best epoch, Loss, MSE, RMSE, MAE, MAPE: 5, 22527958.00, 22527957.67, 4548.89, 3241.18, 3.90%
- Epoch 015, ExpID 71466
Train - Loss: 1273701.65
Val - Loss, MSE, RMSE, MAE, MAPE: 17135954.00, 17135952.25, 4046.17, 3058.73, 3.92%
Test - Best epoch, Loss, MSE, RMSE, MAE, MAPE: 5, 22527958.00, 22527957.67, 4548.89, 3241.18, 3.90%
Early Stopping at Epoch 15
Fold 2017 Best RMSE: 4548.8931

-------------------- [Fold: 2018] ExpID: 62229 --------------------
- Epoch 000, ExpID 62229
Train - Loss: 21659132.74
Val - Loss, MSE, RMSE, MAE, MAPE: 36543652.00, 36543650.00, 5650.53, 4040.16, 4.85%
Test - Best epoch, Loss, MSE, RMSE, MAE, MAPE: 0, 28952300.00, 28952298.33, 5331.20, 4171.64, 4.47%
- Epoch 001, ExpID 62229
Train - Loss: 11417416.46
Val - Loss, MSE, RMSE, MAE, MAPE: 27402608.00, 27402608.33, 5013.24, 3582.94, 4.31%
Test - Best epoch, Loss, MSE, RMSE, MAE, MAPE: 1, 22614966.00, 22614964.67, 4705.01, 3617.77, 3.91%
- Epoch 002, ExpID 62229
Train - Loss: 8808978.49
Val - Loss, MSE, RMSE, MAE, MAPE: 26434886.00, 26434887.00, 4947.66, 3566.12, 4.32%
Test - Best epoch, Loss, MSE, RMSE, MAE, MAPE: 2, 23277366.00, 23277366.00, 4770.48, 3687.88, 4.03%
- Epoch 003, ExpID 62229
Train - Loss: 7355448.76
Val - Loss, MSE, RMSE, MAE, MAPE: 24212806.00, 24212805.83, 4703.34, 3403.16, 4.12%
Test - Best epoch, Loss, MSE, RMSE, MAE, MAPE: 3, 20458660.00, 20458659.67, 4484.71, 3491.84, 3.80%
- Epoch 004, ExpID 62229
Train - Loss: 6120661.45
Val - Loss, MSE, RMSE, MAE, MAPE: 23544240.00, 23544240.67, 4669.53, 3374.54, 4.01%
Test - Best epoch, Loss, MSE, RMSE, MAE, MAPE: 4, 20029726.00, 20029725.17, 4434.47, 3461.19, 3.72%
- Epoch 005, ExpID 62229
Train - Loss: 5238536.10
Val - Loss, MSE, RMSE, MAE, MAPE: 21625164.00, 21625164.00, 4470.66, 3211.30, 3.87%
Test - Best epoch, Loss, MSE, RMSE, MAE, MAPE: 5, 19360568.00, 19360568.33, 4364.92, 3399.81, 3.70%
- Epoch 006, ExpID 62229
Train - Loss: 4589563.95
Val - Loss, MSE, RMSE, MAE, MAPE: 22410012.00, 22410011.33, 4571.20, 3284.82, 3.95%
Test - Best epoch, Loss, MSE, RMSE, MAE, MAPE: 5, 19360568.00, 19360568.33, 4364.92, 3399.81, 3.70%
- Epoch 007, ExpID 62229
Train - Loss: 4132204.22
Val - Loss, MSE, RMSE, MAE, MAPE: 22052816.00, 22052815.50, 4491.68, 3251.87, 3.89%
Test - Best epoch, Loss, MSE, RMSE, MAE, MAPE: 5, 19360568.00, 19360568.33, 4364.92, 3399.81, 3.70%
- Epoch 008, ExpID 62229
Train - Loss: 3466744.18
Val - Loss, MSE, RMSE, MAE, MAPE: 22729224.00, 22729223.67, 4592.96, 3311.50, 4.00%
Test - Best epoch, Loss, MSE, RMSE, MAE, MAPE: 5, 19360568.00, 19360568.33, 4364.92, 3399.81, 3.70%
- Epoch 009, ExpID 62229
Train - Loss: 2984875.18
Val - Loss, MSE, RMSE, MAE, MAPE: 21426008.00, 21426007.00, 4443.49, 3195.77, 3.84%
Test - Best epoch, Loss, MSE, RMSE, MAE, MAPE: 9, 18439752.00, 18439750.67, 4241.77, 3289.46, 3.58%
- Epoch 010, ExpID 62229
Train - Loss: 2632183.97
Val - Loss, MSE, RMSE, MAE, MAPE: 22811496.00, 22811495.25, 4576.19, 3339.08, 3.99%
Test - Best epoch, Loss, MSE, RMSE, MAE, MAPE: 9, 18439752.00, 18439750.67, 4241.77, 3289.46, 3.58%
- Epoch 011, ExpID 62229
Train - Loss: 2290585.34
Val - Loss, MSE, RMSE, MAE, MAPE: 23139576.00, 23139576.33, 4626.28, 3364.65, 4.06%
Test - Best epoch, Loss, MSE, RMSE, MAE, MAPE: 9, 18439752.00, 18439750.67, 4241.77, 3289.46, 3.58%
- Epoch 012, ExpID 62229
Train - Loss: 1972942.24
Val - Loss, MSE, RMSE, MAE, MAPE: 22805604.00, 22805600.83, 4603.59, 3342.30, 4.01%
Test - Best epoch, Loss, MSE, RMSE, MAE, MAPE: 9, 18439752.00, 18439750.67, 4241.77, 3289.46, 3.58%
- Epoch 013, ExpID 62229
Train - Loss: 1845084.03
Val - Loss, MSE, RMSE, MAE, MAPE: 23236772.00, 23236770.08, 4610.06, 3300.79, 3.97%
Test - Best epoch, Loss, MSE, RMSE, MAE, MAPE: 9, 18439752.00, 18439750.67, 4241.77, 3289.46, 3.58%
- Epoch 014, ExpID 62229
Train - Loss: 1526444.99
Val - Loss, MSE, RMSE, MAE, MAPE: 23377840.00, 23377842.33, 4632.52, 3335.74, 4.02%
Test - Best epoch, Loss, MSE, RMSE, MAE, MAPE: 9, 18439752.00, 18439750.67, 4241.77, 3289.46, 3.58%
- Epoch 015, ExpID 62229
Train - Loss: 1385753.23
Val - Loss, MSE, RMSE, MAE, MAPE: 23422366.00, 23422364.33, 4629.02, 3323.51, 4.00%
Test - Best epoch, Loss, MSE, RMSE, MAE, MAPE: 9, 18439752.00, 18439750.67, 4241.77, 3289.46, 3.58%
- Epoch 016, ExpID 62229
Train - Loss: 1336635.41
Val - Loss, MSE, RMSE, MAE, MAPE: 23057576.00, 23057575.50, 4596.11, 3329.81, 3.98%
Test - Best epoch, Loss, MSE, RMSE, MAE, MAPE: 9, 18439752.00, 18439750.67, 4241.77, 3289.46, 3.58%
- Epoch 017, ExpID 62229
Train - Loss: 1220886.72
Val - Loss, MSE, RMSE, MAE, MAPE: 23497900.00, 23497899.33, 4652.67, 3303.73, 3.99%
Test - Best epoch, Loss, MSE, RMSE, MAE, MAPE: 9, 18439752.00, 18439750.67, 4241.77, 3289.46, 3.58%
- Epoch 018, ExpID 62229
Train - Loss: 1013571.22
Val - Loss, MSE, RMSE, MAE, MAPE: 23562460.00, 23562457.50, 4616.57, 3345.47, 4.03%
Test - Best epoch, Loss, MSE, RMSE, MAE, MAPE: 9, 18439752.00, 18439750.67, 4241.77, 3289.46, 3.58%
- Epoch 019, ExpID 62229
Train - Loss: 1010670.29
Val - Loss, MSE, RMSE, MAE, MAPE: 23300032.00, 23300032.83, 4646.09, 3339.10, 4.01%
Test - Best epoch, Loss, MSE, RMSE, MAE, MAPE: 9, 18439752.00, 18439750.67, 4241.77, 3289.46, 3.58%
Early Stopping at Epoch 19
Fold 2018 Best RMSE: 4241.7739

-------------------- [Fold: 2019] ExpID: 38884 --------------------
- Epoch 000, ExpID 38884
Train - Loss: 21698260.01
Val - Loss, MSE, RMSE, MAE, MAPE: 27017984.00, 27017982.17, 5138.48, 3964.05, 4.28%
Test - Best epoch, Loss, MSE, RMSE, MAE, MAPE: 0, 23942928.00, 23942927.00, 4825.25, 3492.18, 3.66%
- Epoch 001, ExpID 38884
Train - Loss: 11667578.30
Val - Loss, MSE, RMSE, MAE, MAPE: 21511254.00, 21511254.83, 4599.83, 3563.89, 3.86%
Test - Best epoch, Loss, MSE, RMSE, MAE, MAPE: 1, 21609580.00, 21609579.17, 4541.89, 3299.21, 3.46%
- Epoch 002, ExpID 38884
Train - Loss: 9037256.45
Val - Loss, MSE, RMSE, MAE, MAPE: 19234992.00, 19234991.50, 4356.45, 3278.53, 3.60%
Test - Best epoch, Loss, MSE, RMSE, MAE, MAPE: 2, 22192532.00, 22192530.33, 4604.23, 3213.18, 3.41%
- Epoch 003, ExpID 38884
Train - Loss: 7640577.43
Val - Loss, MSE, RMSE, MAE, MAPE: 19051930.00, 19051929.17, 4335.45, 3312.46, 3.64%
Test - Best epoch, Loss, MSE, RMSE, MAE, MAPE: 3, 21160156.00, 21160155.33, 4494.51, 3200.13, 3.40%
- Epoch 004, ExpID 38884
Train - Loss: 6535507.12
Val - Loss, MSE, RMSE, MAE, MAPE: 17484030.00, 17484028.33, 4131.30, 3140.49, 3.43%
Test - Best epoch, Loss, MSE, RMSE, MAE, MAPE: 4, 20125066.00, 20125064.50, 4347.37, 3037.16, 3.20%
- Epoch 005, ExpID 38884
Train - Loss: 5631031.32
Val - Loss, MSE, RMSE, MAE, MAPE: 17043170.00, 17043169.83, 4082.32, 3127.44, 3.40%
Test - Best epoch, Loss, MSE, RMSE, MAE, MAPE: 5, 19622322.00, 19622321.00, 4289.07, 3029.02, 3.19%
- Epoch 006, ExpID 38884
Train - Loss: 5026113.35
Val - Loss, MSE, RMSE, MAE, MAPE: 17781216.00, 17781214.17, 4173.13, 3231.23, 3.48%
Test - Best epoch, Loss, MSE, RMSE, MAE, MAPE: 5, 19622322.00, 19622321.00, 4289.07, 3029.02, 3.19%
- Epoch 007, ExpID 38884
Train - Loss: 4346605.50
Val - Loss, MSE, RMSE, MAE, MAPE: 17401292.00, 17401290.00, 4140.38, 3173.80, 3.47%
Test - Best epoch, Loss, MSE, RMSE, MAE, MAPE: 5, 19622322.00, 19622321.00, 4289.07, 3029.02, 3.19%
- Epoch 008, ExpID 38884
Train - Loss: 3549213.47
Val - Loss, MSE, RMSE, MAE, MAPE: 16619407.00, 16619407.17, 4028.97, 3088.43, 3.36%
Test - Best epoch, Loss, MSE, RMSE, MAE, MAPE: 8, 19853964.00, 19853964.17, 4324.81, 3086.54, 3.25%
- Epoch 009, ExpID 38884
Train - Loss: 3251197.45
Val - Loss, MSE, RMSE, MAE, MAPE: 17611364.00, 17611363.83, 4152.51, 3209.73, 3.49%
Test - Best epoch, Loss, MSE, RMSE, MAE, MAPE: 8, 19853964.00, 19853964.17, 4324.81, 3086.54, 3.25%
- Epoch 010, ExpID 38884
Train - Loss: 2793640.96
Val - Loss, MSE, RMSE, MAE, MAPE: 18296228.00, 18296227.33, 4238.33, 3261.93, 3.57%
Test - Best epoch, Loss, MSE, RMSE, MAE, MAPE: 8, 19853964.00, 19853964.17, 4324.81, 3086.54, 3.25%
- Epoch 011, ExpID 38884
Train - Loss: 2477808.00
Val - Loss, MSE, RMSE, MAE, MAPE: 17531008.00, 17531008.33, 4150.41, 3182.51, 3.46%
Test - Best epoch, Loss, MSE, RMSE, MAE, MAPE: 8, 19853964.00, 19853964.17, 4324.81, 3086.54, 3.25%
- Epoch 012, ExpID 38884
Train - Loss: 2015353.16
Val - Loss, MSE, RMSE, MAE, MAPE: 17620436.00, 17620433.33, 4154.93, 3217.63, 3.49%
Test - Best epoch, Loss, MSE, RMSE, MAE, MAPE: 8, 19853964.00, 19853964.17, 4324.81, 3086.54, 3.25%
- Epoch 013, ExpID 38884
Train - Loss: 1864952.35
Val - Loss, MSE, RMSE, MAE, MAPE: 17285148.00, 17285148.00, 4114.54, 3158.97, 3.45%
Test - Best epoch, Loss, MSE, RMSE, MAE, MAPE: 8, 19853964.00, 19853964.17, 4324.81, 3086.54, 3.25%
- Epoch 014, ExpID 38884
Train - Loss: 1699944.80
Val - Loss, MSE, RMSE, MAE, MAPE: 18119720.00, 18119719.17, 4207.68, 3297.11, 3.59%
Test - Best epoch, Loss, MSE, RMSE, MAE, MAPE: 8, 19853964.00, 19853964.17, 4324.81, 3086.54, 3.25%
- Epoch 015, ExpID 38884
Train - Loss: 1482010.02
Val - Loss, MSE, RMSE, MAE, MAPE: 17869496.00, 17869493.83, 4191.52, 3211.88, 3.48%
Test - Best epoch, Loss, MSE, RMSE, MAE, MAPE: 8, 19853964.00, 19853964.17, 4324.81, 3086.54, 3.25%
- Epoch 016, ExpID 38884
Train - Loss: 1398410.70
Val - Loss, MSE, RMSE, MAE, MAPE: 18950206.00, 18950206.33, 4313.48, 3377.13, 3.68%
Test - Best epoch, Loss, MSE, RMSE, MAE, MAPE: 8, 19853964.00, 19853964.17, 4324.81, 3086.54, 3.25%
- Epoch 017, ExpID 38884
Train - Loss: 1231516.76
Val - Loss, MSE, RMSE, MAE, MAPE: 17569228.00, 17569226.50, 4144.23, 3204.55, 3.48%
Test - Best epoch, Loss, MSE, RMSE, MAE, MAPE: 8, 19853964.00, 19853964.17, 4324.81, 3086.54, 3.25%
- Epoch 018, ExpID 38884
Train - Loss: 1109134.16
Val - Loss, MSE, RMSE, MAE, MAPE: 19092364.00, 19092364.50, 4330.25, 3357.08, 3.66%
Test - Best epoch, Loss, MSE, RMSE, MAE, MAPE: 8, 19853964.00, 19853964.17, 4324.81, 3086.54, 3.25%
Early Stopping at Epoch 18
Fold 2019 Best RMSE: 4324.8140
