DETAILED LOG | Model: tsmixer | Seed: 2
FULL CONFIG: {'gpu': '3', 'target': 'departure', 'cv_start_year': 2017, 'cv_end_year': 2019, 'test_year': 2024, 'use_corona': False, 'seq_len': 91, 'label_len': 0, 'pred_len': 7, 'batch_size': 64, 'epochs': 1000, 'patience': 10, 'lr': 0.0001, 'model': 'tsmixer', 'd_model': 256, 'n_heads': 4, 'n_layers': 4, 'dropout': 0.1, 'activation': 'gelu', 'patch_len': 16, 'factor': 5, 'norm_mode': 'revin', 'use_dbloss': False, 'device': device(type='cuda'), 'stride': 16, 'file_path': 'dataset/airport_daily_flight_merged.csv', 'seed': 2, 'val_year': 2019, 'ndims': 1}

-------------------- [Fold: 2017] ExpID: 87906 --------------------
- Epoch 000, ExpID 87906
Train - Loss: 26692682.58
Val - Loss, MSE, RMSE, MAE, MAPE: 37776968.00, 37776965.00, 6109.63, 4803.99, 6.15%
Test - Best epoch, Loss, MSE, RMSE, MAE, MAPE: 0, 63915388.00, 63915383.67, 7633.69, 5722.99, 6.93%
- Epoch 001, ExpID 87906
Train - Loss: 19535283.05
Val - Loss, MSE, RMSE, MAE, MAPE: 32458806.00, 32458803.67, 5655.11, 4352.66, 5.57%
Test - Best epoch, Loss, MSE, RMSE, MAE, MAPE: 1, 57493696.00, 57493693.00, 7131.03, 5244.32, 6.35%
- Epoch 002, ExpID 87906
Train - Loss: 17560776.82
Val - Loss, MSE, RMSE, MAE, MAPE: 30447294.00, 30447292.67, 5476.87, 4161.84, 5.33%
Test - Best epoch, Loss, MSE, RMSE, MAE, MAPE: 2, 54770140.00, 54770141.33, 6906.09, 5034.53, 6.10%
- Epoch 003, ExpID 87906
Train - Loss: 16649583.00
Val - Loss, MSE, RMSE, MAE, MAPE: 29338902.00, 29338901.33, 5376.56, 4043.46, 5.15%
Test - Best epoch, Loss, MSE, RMSE, MAE, MAPE: 3, 53191216.00, 53191213.00, 6793.05, 4917.56, 5.93%
- Epoch 004, ExpID 87906
Train - Loss: 16130186.81
Val - Loss, MSE, RMSE, MAE, MAPE: 28296032.00, 28296031.33, 5284.80, 3970.18, 5.07%
Test - Best epoch, Loss, MSE, RMSE, MAE, MAPE: 4, 52064200.00, 52064198.67, 6706.80, 4860.42, 5.87%
- Epoch 005, ExpID 87906
Train - Loss: 15570259.32
Val - Loss, MSE, RMSE, MAE, MAPE: 27764508.00, 27764506.00, 5235.51, 3916.59, 5.01%
Test - Best epoch, Loss, MSE, RMSE, MAE, MAPE: 5, 52110352.00, 52110353.00, 6686.64, 4843.33, 5.85%
- Epoch 006, ExpID 87906
Train - Loss: 15127747.90
Val - Loss, MSE, RMSE, MAE, MAPE: 27317776.00, 27317777.67, 5195.88, 3882.96, 4.96%
Test - Best epoch, Loss, MSE, RMSE, MAE, MAPE: 6, 51443036.00, 51443035.17, 6655.72, 4818.03, 5.81%
- Epoch 007, ExpID 87906
Train - Loss: 14707212.48
Val - Loss, MSE, RMSE, MAE, MAPE: 26860412.00, 26860412.67, 5150.84, 3813.33, 4.88%
Test - Best epoch, Loss, MSE, RMSE, MAE, MAPE: 7, 50216524.00, 50216523.33, 6578.26, 4781.25, 5.77%
- Epoch 008, ExpID 87906
Train - Loss: 14406289.39
Val - Loss, MSE, RMSE, MAE, MAPE: 26682110.00, 26682109.67, 5127.97, 3774.57, 4.84%
Test - Best epoch, Loss, MSE, RMSE, MAE, MAPE: 8, 50031752.00, 50031747.17, 6558.09, 4796.95, 5.79%
- Epoch 009, ExpID 87906
Train - Loss: 14022964.70
Val - Loss, MSE, RMSE, MAE, MAPE: 26590126.00, 26590125.33, 5116.18, 3767.03, 4.85%
Test - Best epoch, Loss, MSE, RMSE, MAE, MAPE: 9, 49252968.00, 49252963.50, 6504.88, 4717.84, 5.71%
- Epoch 010, ExpID 87906
Train - Loss: 13690376.51
Val - Loss, MSE, RMSE, MAE, MAPE: 26104572.00, 26104570.67, 5075.96, 3719.83, 4.76%
Test - Best epoch, Loss, MSE, RMSE, MAE, MAPE: 10, 50625616.00, 50625614.17, 6607.11, 4829.47, 5.82%
- Epoch 011, ExpID 87906
Train - Loss: 13351230.28
Val - Loss, MSE, RMSE, MAE, MAPE: 25966664.00, 25966665.33, 5060.95, 3716.73, 4.78%
Test - Best epoch, Loss, MSE, RMSE, MAE, MAPE: 11, 49661064.00, 49661062.17, 6528.71, 4748.33, 5.74%
- Epoch 012, ExpID 87906
Train - Loss: 13126070.72
Val - Loss, MSE, RMSE, MAE, MAPE: 25652776.00, 25652777.00, 5032.89, 3686.22, 4.74%
Test - Best epoch, Loss, MSE, RMSE, MAE, MAPE: 12, 49528992.00, 49528989.17, 6533.50, 4817.08, 5.80%
- Epoch 013, ExpID 87906
Train - Loss: 12821077.91
Val - Loss, MSE, RMSE, MAE, MAPE: 25791432.00, 25791433.67, 5042.54, 3674.92, 4.73%
Test - Best epoch, Loss, MSE, RMSE, MAE, MAPE: 12, 49528992.00, 49528989.17, 6533.50, 4817.08, 5.80%
- Epoch 014, ExpID 87906
Train - Loss: 12482530.97
Val - Loss, MSE, RMSE, MAE, MAPE: 25526630.00, 25526631.33, 5024.27, 3680.12, 4.71%
Test - Best epoch, Loss, MSE, RMSE, MAE, MAPE: 14, 50355100.00, 50355094.33, 6622.04, 4913.18, 5.90%
- Epoch 015, ExpID 87906
Train - Loss: 12212333.61
Val - Loss, MSE, RMSE, MAE, MAPE: 25696988.00, 25696988.33, 5033.41, 3667.79, 4.69%
Test - Best epoch, Loss, MSE, RMSE, MAE, MAPE: 14, 50355100.00, 50355094.33, 6622.04, 4913.18, 5.90%
- Epoch 016, ExpID 87906
Train - Loss: 11888909.53
Val - Loss, MSE, RMSE, MAE, MAPE: 25497076.00, 25497074.83, 5009.30, 3635.27, 4.67%
Test - Best epoch, Loss, MSE, RMSE, MAE, MAPE: 16, 50618488.00, 50618489.83, 6657.46, 4989.21, 5.99%
- Epoch 017, ExpID 87906
Train - Loss: 11696284.23
Val - Loss, MSE, RMSE, MAE, MAPE: 25259624.00, 25259623.33, 4997.12, 3670.67, 4.71%
Test - Best epoch, Loss, MSE, RMSE, MAE, MAPE: 17, 50627996.00, 50627995.33, 6654.91, 4966.29, 5.95%
- Epoch 018, ExpID 87906
Train - Loss: 11329410.16
Val - Loss, MSE, RMSE, MAE, MAPE: 25087672.00, 25087671.33, 4974.24, 3622.30, 4.65%
Test - Best epoch, Loss, MSE, RMSE, MAE, MAPE: 18, 50779196.00, 50779193.33, 6669.61, 5004.42, 6.00%
- Epoch 019, ExpID 87906
Train - Loss: 11152032.41
Val - Loss, MSE, RMSE, MAE, MAPE: 24729764.00, 24729761.00, 4945.82, 3646.42, 4.69%
Test - Best epoch, Loss, MSE, RMSE, MAE, MAPE: 19, 49951408.00, 49951406.83, 6626.42, 4960.99, 5.94%
- Epoch 020, ExpID 87906
Train - Loss: 10803816.38
Val - Loss, MSE, RMSE, MAE, MAPE: 25137718.00, 25137717.33, 4988.40, 3656.89, 4.69%
Test - Best epoch, Loss, MSE, RMSE, MAE, MAPE: 19, 49951408.00, 49951406.83, 6626.42, 4960.99, 5.94%
- Epoch 021, ExpID 87906
Train - Loss: 10629544.61
Val - Loss, MSE, RMSE, MAE, MAPE: 24706198.00, 24706197.00, 4943.50, 3637.30, 4.67%
Test - Best epoch, Loss, MSE, RMSE, MAE, MAPE: 21, 50045648.00, 50045649.33, 6657.00, 5014.02, 5.99%
- Epoch 022, ExpID 87906
Train - Loss: 10327300.51
Val - Loss, MSE, RMSE, MAE, MAPE: 25329344.00, 25329342.33, 5012.76, 3696.01, 4.73%
Test - Best epoch, Loss, MSE, RMSE, MAE, MAPE: 21, 50045648.00, 50045649.33, 6657.00, 5014.02, 5.99%
- Epoch 023, ExpID 87906
Train - Loss: 10095539.64
Val - Loss, MSE, RMSE, MAE, MAPE: 24985056.00, 24985054.67, 4975.33, 3651.06, 4.70%
Test - Best epoch, Loss, MSE, RMSE, MAE, MAPE: 21, 50045648.00, 50045649.33, 6657.00, 5014.02, 5.99%
- Epoch 024, ExpID 87906
Train - Loss: 9864027.27
Val - Loss, MSE, RMSE, MAE, MAPE: 25063836.00, 25063834.33, 4988.82, 3683.76, 4.70%
Test - Best epoch, Loss, MSE, RMSE, MAE, MAPE: 21, 50045648.00, 50045649.33, 6657.00, 5014.02, 5.99%
- Epoch 025, ExpID 87906
Train - Loss: 9632885.45
Val - Loss, MSE, RMSE, MAE, MAPE: 24655392.00, 24655390.67, 4944.11, 3617.56, 4.64%
Test - Best epoch, Loss, MSE, RMSE, MAE, MAPE: 25, 50135564.00, 50135566.33, 6703.84, 5071.49, 6.05%
- Epoch 026, ExpID 87906
Train - Loss: 9535685.15
Val - Loss, MSE, RMSE, MAE, MAPE: 24968868.00, 24968866.00, 4969.81, 3659.93, 4.71%
Test - Best epoch, Loss, MSE, RMSE, MAE, MAPE: 25, 50135564.00, 50135566.33, 6703.84, 5071.49, 6.05%
- Epoch 027, ExpID 87906
Train - Loss: 9212984.69
Val - Loss, MSE, RMSE, MAE, MAPE: 25229736.00, 25229736.67, 4996.98, 3670.40, 4.72%
Test - Best epoch, Loss, MSE, RMSE, MAE, MAPE: 25, 50135564.00, 50135566.33, 6703.84, 5071.49, 6.05%
- Epoch 028, ExpID 87906
Train - Loss: 9036182.32
Val - Loss, MSE, RMSE, MAE, MAPE: 25292504.00, 25292503.67, 5003.51, 3707.94, 4.77%
Test - Best epoch, Loss, MSE, RMSE, MAE, MAPE: 25, 50135564.00, 50135566.33, 6703.84, 5071.49, 6.05%
- Epoch 029, ExpID 87906
Train - Loss: 8873234.89
Val - Loss, MSE, RMSE, MAE, MAPE: 24538838.00, 24538839.00, 4932.24, 3648.32, 4.70%
Test - Best epoch, Loss, MSE, RMSE, MAE, MAPE: 29, 48837964.00, 48837961.67, 6631.26, 5024.08, 5.99%
- Epoch 030, ExpID 87906
Train - Loss: 8705010.77
Val - Loss, MSE, RMSE, MAE, MAPE: 24301732.00, 24301731.67, 4910.99, 3633.60, 4.67%
Test - Best epoch, Loss, MSE, RMSE, MAE, MAPE: 30, 50517984.00, 50517983.67, 6742.37, 5140.34, 6.11%
- Epoch 031, ExpID 87906
Train - Loss: 8537294.59
Val - Loss, MSE, RMSE, MAE, MAPE: 24806080.00, 24806082.00, 4956.70, 3672.20, 4.72%
Test - Best epoch, Loss, MSE, RMSE, MAE, MAPE: 30, 50517984.00, 50517983.67, 6742.37, 5140.34, 6.11%
- Epoch 032, ExpID 87906
Train - Loss: 8311042.22
Val - Loss, MSE, RMSE, MAE, MAPE: 25279344.00, 25279344.67, 5000.82, 3687.98, 4.75%
Test - Best epoch, Loss, MSE, RMSE, MAE, MAPE: 30, 50517984.00, 50517983.67, 6742.37, 5140.34, 6.11%
- Epoch 033, ExpID 87906
Train - Loss: 8154232.09
Val - Loss, MSE, RMSE, MAE, MAPE: 25028910.00, 25028907.33, 4977.64, 3684.54, 4.73%
Test - Best epoch, Loss, MSE, RMSE, MAE, MAPE: 30, 50517984.00, 50517983.67, 6742.37, 5140.34, 6.11%
- Epoch 034, ExpID 87906
Train - Loss: 8102937.23
Val - Loss, MSE, RMSE, MAE, MAPE: 24479208.00, 24479207.00, 4926.19, 3644.71, 4.68%
Test - Best epoch, Loss, MSE, RMSE, MAE, MAPE: 30, 50517984.00, 50517983.67, 6742.37, 5140.34, 6.11%
- Epoch 035, ExpID 87906
Train - Loss: 7930885.62
Val - Loss, MSE, RMSE, MAE, MAPE: 24894800.00, 24894798.67, 4965.97, 3664.22, 4.70%
Test - Best epoch, Loss, MSE, RMSE, MAE, MAPE: 30, 50517984.00, 50517983.67, 6742.37, 5140.34, 6.11%
- Epoch 036, ExpID 87906
Train - Loss: 7786417.86
Val - Loss, MSE, RMSE, MAE, MAPE: 24646838.00, 24646836.67, 4944.43, 3651.23, 4.70%
Test - Best epoch, Loss, MSE, RMSE, MAE, MAPE: 30, 50517984.00, 50517983.67, 6742.37, 5140.34, 6.11%
- Epoch 037, ExpID 87906
Train - Loss: 7664290.75
Val - Loss, MSE, RMSE, MAE, MAPE: 24579144.00, 24579142.33, 4936.29, 3664.71, 4.73%
Test - Best epoch, Loss, MSE, RMSE, MAE, MAPE: 30, 50517984.00, 50517983.67, 6742.37, 5140.34, 6.11%
- Epoch 038, ExpID 87906
Train - Loss: 7548734.97
Val - Loss, MSE, RMSE, MAE, MAPE: 25112206.00, 25112205.67, 4991.86, 3669.67, 4.72%
Test - Best epoch, Loss, MSE, RMSE, MAE, MAPE: 30, 50517984.00, 50517983.67, 6742.37, 5140.34, 6.11%
- Epoch 039, ExpID 87906
Train - Loss: 7381812.42
Val - Loss, MSE, RMSE, MAE, MAPE: 24840774.00, 24840774.33, 4959.14, 3650.68, 4.71%
Test - Best epoch, Loss, MSE, RMSE, MAE, MAPE: 30, 50517984.00, 50517983.67, 6742.37, 5140.34, 6.11%
- Epoch 040, ExpID 87906
Train - Loss: 7304339.12
Val - Loss, MSE, RMSE, MAE, MAPE: 25131206.00, 25131204.33, 4992.44, 3698.34, 4.75%
Test - Best epoch, Loss, MSE, RMSE, MAE, MAPE: 30, 50517984.00, 50517983.67, 6742.37, 5140.34, 6.11%
Early Stopping at Epoch 40
Fold 2017 Best RMSE: 6742.3695

-------------------- [Fold: 2018] ExpID: 58508 --------------------
- Epoch 000, ExpID 58508
Train - Loss: 27905777.94
Val - Loss, MSE, RMSE, MAE, MAPE: 64171072.00, 64171073.33, 7603.25, 5713.48, 6.90%
Test - Best epoch, Loss, MSE, RMSE, MAE, MAPE: 0, 49233036.00, 49233035.67, 6932.23, 5489.02, 5.91%
- Epoch 001, ExpID 58508
Train - Loss: 20033900.91
Val - Loss, MSE, RMSE, MAE, MAPE: 56500288.00, 56500294.00, 7018.33, 5130.20, 6.22%
Test - Best epoch, Loss, MSE, RMSE, MAE, MAPE: 1, 43475136.00, 43475134.33, 6472.34, 5075.35, 5.48%
- Epoch 002, ExpID 58508
Train - Loss: 18461783.26
Val - Loss, MSE, RMSE, MAE, MAPE: 53311848.00, 53311844.67, 6791.26, 4934.12, 5.98%
Test - Best epoch, Loss, MSE, RMSE, MAE, MAPE: 2, 41038488.00, 41038485.67, 6276.48, 4868.75, 5.25%
- Epoch 003, ExpID 58508
Train - Loss: 17356361.60
Val - Loss, MSE, RMSE, MAE, MAPE: 51910908.00, 51910906.50, 6683.02, 4836.05, 5.86%
Test - Best epoch, Loss, MSE, RMSE, MAE, MAPE: 3, 39664460.00, 39664459.33, 6162.44, 4758.45, 5.14%
- Epoch 004, ExpID 58508
Train - Loss: 16724947.20
Val - Loss, MSE, RMSE, MAE, MAPE: 50036800.00, 50036800.00, 6571.21, 4752.80, 5.74%
Test - Best epoch, Loss, MSE, RMSE, MAE, MAPE: 4, 38504360.00, 38504360.00, 6065.54, 4670.35, 5.04%
- Epoch 005, ExpID 58508
Train - Loss: 16179514.19
Val - Loss, MSE, RMSE, MAE, MAPE: 49231836.00, 49231835.33, 6521.88, 4718.81, 5.69%
Test - Best epoch, Loss, MSE, RMSE, MAE, MAPE: 5, 37684248.00, 37684244.00, 6004.22, 4622.12, 4.98%
- Epoch 006, ExpID 58508
Train - Loss: 15942169.24
Val - Loss, MSE, RMSE, MAE, MAPE: 49083272.00, 49083272.00, 6488.33, 4685.10, 5.66%
Test - Best epoch, Loss, MSE, RMSE, MAE, MAPE: 6, 36958796.00, 36958794.33, 5947.27, 4576.14, 4.94%
- Epoch 007, ExpID 58508
Train - Loss: 15432484.09
Val - Loss, MSE, RMSE, MAE, MAPE: 48837984.00, 48837981.00, 6479.53, 4735.74, 5.70%
Test - Best epoch, Loss, MSE, RMSE, MAE, MAPE: 7, 36319104.00, 36319104.00, 5901.01, 4548.03, 4.90%
- Epoch 008, ExpID 58508
Train - Loss: 15061063.81
Val - Loss, MSE, RMSE, MAE, MAPE: 48820124.00, 48820121.00, 6509.10, 4783.65, 5.73%
Test - Best epoch, Loss, MSE, RMSE, MAE, MAPE: 8, 36630112.00, 36630113.33, 5916.11, 4549.75, 4.89%
- Epoch 009, ExpID 58508
Train - Loss: 14718901.01
Val - Loss, MSE, RMSE, MAE, MAPE: 47780124.00, 47780124.33, 6420.06, 4689.80, 5.64%
Test - Best epoch, Loss, MSE, RMSE, MAE, MAPE: 9, 35611360.00, 35611358.00, 5835.56, 4483.40, 4.84%
- Epoch 010, ExpID 58508
Train - Loss: 14857029.16
Val - Loss, MSE, RMSE, MAE, MAPE: 48150904.00, 48150902.33, 6447.78, 4774.10, 5.73%
Test - Best epoch, Loss, MSE, RMSE, MAE, MAPE: 9, 35611360.00, 35611358.00, 5835.56, 4483.40, 4.84%
- Epoch 011, ExpID 58508
Train - Loss: 14037362.34
Val - Loss, MSE, RMSE, MAE, MAPE: 47578048.00, 47578052.00, 6390.96, 4696.46, 5.66%
Test - Best epoch, Loss, MSE, RMSE, MAE, MAPE: 11, 34679560.00, 34679556.67, 5764.57, 4420.78, 4.78%
- Epoch 012, ExpID 58508
Train - Loss: 13690412.55
Val - Loss, MSE, RMSE, MAE, MAPE: 48340332.00, 48340328.33, 6459.81, 4770.15, 5.73%
Test - Best epoch, Loss, MSE, RMSE, MAE, MAPE: 11, 34679560.00, 34679556.67, 5764.57, 4420.78, 4.78%
- Epoch 013, ExpID 58508
Train - Loss: 13352139.58
Val - Loss, MSE, RMSE, MAE, MAPE: 48136272.00, 48136270.50, 6441.61, 4770.32, 5.74%
Test - Best epoch, Loss, MSE, RMSE, MAE, MAPE: 11, 34679560.00, 34679556.67, 5764.57, 4420.78, 4.78%
- Epoch 014, ExpID 58508
Train - Loss: 13188400.95
Val - Loss, MSE, RMSE, MAE, MAPE: 48274012.00, 48274011.33, 6468.20, 4822.67, 5.78%
Test - Best epoch, Loss, MSE, RMSE, MAE, MAPE: 11, 34679560.00, 34679556.67, 5764.57, 4420.78, 4.78%
- Epoch 015, ExpID 58508
Train - Loss: 12746677.38
Val - Loss, MSE, RMSE, MAE, MAPE: 48906572.00, 48906569.50, 6507.45, 4843.78, 5.81%
Test - Best epoch, Loss, MSE, RMSE, MAE, MAPE: 11, 34679560.00, 34679556.67, 5764.57, 4420.78, 4.78%
- Epoch 016, ExpID 58508
Train - Loss: 12447361.90
Val - Loss, MSE, RMSE, MAE, MAPE: 49426552.00, 49426547.50, 6561.83, 4940.51, 5.91%
Test - Best epoch, Loss, MSE, RMSE, MAE, MAPE: 11, 34679560.00, 34679556.67, 5764.57, 4420.78, 4.78%
- Epoch 017, ExpID 58508
Train - Loss: 12138688.05
Val - Loss, MSE, RMSE, MAE, MAPE: 49061228.00, 49061230.83, 6534.99, 4931.45, 5.90%
Test - Best epoch, Loss, MSE, RMSE, MAE, MAPE: 11, 34679560.00, 34679556.67, 5764.57, 4420.78, 4.78%
- Epoch 018, ExpID 58508
Train - Loss: 11998020.25
Val - Loss, MSE, RMSE, MAE, MAPE: 49862380.00, 49862377.17, 6619.86, 5022.70, 5.99%
Test - Best epoch, Loss, MSE, RMSE, MAE, MAPE: 11, 34679560.00, 34679556.67, 5764.57, 4420.78, 4.78%
- Epoch 019, ExpID 58508
Train - Loss: 11702887.56
Val - Loss, MSE, RMSE, MAE, MAPE: 49229368.00, 49229363.50, 6528.37, 4870.38, 5.85%
Test - Best epoch, Loss, MSE, RMSE, MAE, MAPE: 11, 34679560.00, 34679556.67, 5764.57, 4420.78, 4.78%
- Epoch 020, ExpID 58508
Train - Loss: 11277718.04
Val - Loss, MSE, RMSE, MAE, MAPE: 48224232.00, 48224228.17, 6455.65, 4877.79, 5.85%
Test - Best epoch, Loss, MSE, RMSE, MAE, MAPE: 11, 34679560.00, 34679556.67, 5764.57, 4420.78, 4.78%
- Epoch 021, ExpID 58508
Train - Loss: 11034216.53
Val - Loss, MSE, RMSE, MAE, MAPE: 51215040.00, 51215042.17, 6701.70, 5107.60, 6.08%
Test - Best epoch, Loss, MSE, RMSE, MAE, MAPE: 11, 34679560.00, 34679556.67, 5764.57, 4420.78, 4.78%
Early Stopping at Epoch 21
Fold 2018 Best RMSE: 5764.5667

-------------------- [Fold: 2019] ExpID: 61702 --------------------
- Epoch 000, ExpID 61702
Train - Loss: 30980032.31
Val - Loss, MSE, RMSE, MAE, MAPE: 48268568.00, 48268567.00, 6856.33, 5392.94, 5.82%
Test - Best epoch, Loss, MSE, RMSE, MAE, MAPE: 0, 51405580.00, 51405576.00, 7088.92, 5547.87, 5.81%
- Epoch 001, ExpID 61702
Train - Loss: 22578458.76
Val - Loss, MSE, RMSE, MAE, MAPE: 43185048.00, 43185048.67, 6459.59, 5036.37, 5.42%
Test - Best epoch, Loss, MSE, RMSE, MAE, MAPE: 1, 46031800.00, 46031794.33, 6680.16, 5144.11, 5.38%
- Epoch 002, ExpID 61702
Train - Loss: 20567319.43
Val - Loss, MSE, RMSE, MAE, MAPE: 40179224.00, 40179222.00, 6227.30, 4843.21, 5.23%
Test - Best epoch, Loss, MSE, RMSE, MAE, MAPE: 2, 43498964.00, 43498964.33, 6478.76, 4920.51, 5.17%
- Epoch 003, ExpID 61702
Train - Loss: 19396606.47
Val - Loss, MSE, RMSE, MAE, MAPE: 39306608.00, 39306610.33, 6145.59, 4739.72, 5.10%
Test - Best epoch, Loss, MSE, RMSE, MAE, MAPE: 3, 41838220.00, 41838220.67, 6352.92, 4802.18, 5.03%
- Epoch 004, ExpID 61702
Train - Loss: 18595218.22
Val - Loss, MSE, RMSE, MAE, MAPE: 37703128.00, 37703126.00, 6023.83, 4661.45, 5.05%
Test - Best epoch, Loss, MSE, RMSE, MAE, MAPE: 4, 41402320.00, 41402317.00, 6298.33, 4737.78, 5.00%
- Epoch 005, ExpID 61702
Train - Loss: 17993554.56
Val - Loss, MSE, RMSE, MAE, MAPE: 37105632.00, 37105627.67, 5972.51, 4608.62, 4.98%
Test - Best epoch, Loss, MSE, RMSE, MAE, MAPE: 5, 40350776.00, 40350775.67, 6214.40, 4677.87, 4.92%
- Epoch 006, ExpID 61702
Train - Loss: 17334198.83
Val - Loss, MSE, RMSE, MAE, MAPE: 36169268.00, 36169266.33, 5901.11, 4542.75, 4.91%
Test - Best epoch, Loss, MSE, RMSE, MAE, MAPE: 6, 39805832.00, 39805832.67, 6166.61, 4612.33, 4.86%
- Epoch 007, ExpID 61702
Train - Loss: 16878390.16
Val - Loss, MSE, RMSE, MAE, MAPE: 36283148.00, 36283146.67, 5894.62, 4535.10, 4.88%
Test - Best epoch, Loss, MSE, RMSE, MAE, MAPE: 6, 39805832.00, 39805832.67, 6166.61, 4612.33, 4.86%
- Epoch 008, ExpID 61702
Train - Loss: 16452166.06
Val - Loss, MSE, RMSE, MAE, MAPE: 35523272.00, 35523267.33, 5834.67, 4466.62, 4.83%
Test - Best epoch, Loss, MSE, RMSE, MAE, MAPE: 8, 38678384.00, 38678383.33, 6083.40, 4533.73, 4.77%
- Epoch 009, ExpID 61702
Train - Loss: 15982689.09
Val - Loss, MSE, RMSE, MAE, MAPE: 34943344.00, 34943343.00, 5790.29, 4447.82, 4.81%
Test - Best epoch, Loss, MSE, RMSE, MAE, MAPE: 9, 38631968.00, 38631969.00, 6073.97, 4517.36, 4.76%
- Epoch 010, ExpID 61702
Train - Loss: 15532636.37
Val - Loss, MSE, RMSE, MAE, MAPE: 34897324.00, 34897323.67, 5786.40, 4448.51, 4.82%
Test - Best epoch, Loss, MSE, RMSE, MAE, MAPE: 10, 38537384.00, 38537381.33, 6065.82, 4497.22, 4.75%
- Epoch 011, ExpID 61702
Train - Loss: 15183465.54
Val - Loss, MSE, RMSE, MAE, MAPE: 34541864.00, 34541860.33, 5755.60, 4413.05, 4.77%
Test - Best epoch, Loss, MSE, RMSE, MAE, MAPE: 11, 38256300.00, 38256299.00, 6040.04, 4477.33, 4.72%
- Epoch 012, ExpID 61702
Train - Loss: 14704957.53
Val - Loss, MSE, RMSE, MAE, MAPE: 34312928.00, 34312928.67, 5729.34, 4391.24, 4.73%
Test - Best epoch, Loss, MSE, RMSE, MAE, MAPE: 12, 37472088.00, 37472088.67, 5995.86, 4435.74, 4.66%
- Epoch 013, ExpID 61702
Train - Loss: 14324743.18
Val - Loss, MSE, RMSE, MAE, MAPE: 34203144.00, 34203140.33, 5715.92, 4388.34, 4.75%
Test - Best epoch, Loss, MSE, RMSE, MAE, MAPE: 13, 37719420.00, 37719417.67, 5998.75, 4441.58, 4.68%
- Epoch 014, ExpID 61702
Train - Loss: 13933593.87
Val - Loss, MSE, RMSE, MAE, MAPE: 33777400.00, 33777402.67, 5686.56, 4360.23, 4.73%
Test - Best epoch, Loss, MSE, RMSE, MAE, MAPE: 14, 37946584.00, 37946582.33, 6008.61, 4452.32, 4.70%
- Epoch 015, ExpID 61702
Train - Loss: 13549152.06
Val - Loss, MSE, RMSE, MAE, MAPE: 33614008.00, 33614006.33, 5667.37, 4343.14, 4.71%
Test - Best epoch, Loss, MSE, RMSE, MAE, MAPE: 15, 37998016.00, 37998016.33, 6013.37, 4485.18, 4.73%
- Epoch 016, ExpID 61702
Train - Loss: 13227104.91
Val - Loss, MSE, RMSE, MAE, MAPE: 33915228.00, 33915229.00, 5697.58, 4332.97, 4.71%
Test - Best epoch, Loss, MSE, RMSE, MAE, MAPE: 15, 37998016.00, 37998016.33, 6013.37, 4485.18, 4.73%
- Epoch 017, ExpID 61702
Train - Loss: 12880852.32
Val - Loss, MSE, RMSE, MAE, MAPE: 33672424.00, 33672422.67, 5674.51, 4343.00, 4.70%
Test - Best epoch, Loss, MSE, RMSE, MAE, MAPE: 15, 37998016.00, 37998016.33, 6013.37, 4485.18, 4.73%
- Epoch 018, ExpID 61702
Train - Loss: 12617211.19
Val - Loss, MSE, RMSE, MAE, MAPE: 33882200.00, 33882195.33, 5685.06, 4319.78, 4.68%
Test - Best epoch, Loss, MSE, RMSE, MAE, MAPE: 15, 37998016.00, 37998016.33, 6013.37, 4485.18, 4.73%
- Epoch 019, ExpID 61702
Train - Loss: 12274886.35
Val - Loss, MSE, RMSE, MAE, MAPE: 34517576.00, 34517574.00, 5741.75, 4390.22, 4.77%
Test - Best epoch, Loss, MSE, RMSE, MAE, MAPE: 15, 37998016.00, 37998016.33, 6013.37, 4485.18, 4.73%
- Epoch 020, ExpID 61702
Train - Loss: 11967904.40
Val - Loss, MSE, RMSE, MAE, MAPE: 33051024.00, 33051024.67, 5612.99, 4287.49, 4.63%
Test - Best epoch, Loss, MSE, RMSE, MAE, MAPE: 20, 36788736.00, 36788734.67, 5939.21, 4398.05, 4.62%
- Epoch 021, ExpID 61702
Train - Loss: 11658154.61
Val - Loss, MSE, RMSE, MAE, MAPE: 34123056.00, 34123054.33, 5705.13, 4338.75, 4.71%
Test - Best epoch, Loss, MSE, RMSE, MAE, MAPE: 20, 36788736.00, 36788734.67, 5939.21, 4398.05, 4.62%
- Epoch 022, ExpID 61702
Train - Loss: 11410791.87
Val - Loss, MSE, RMSE, MAE, MAPE: 34298916.00, 34298916.00, 5729.19, 4384.41, 4.75%
Test - Best epoch, Loss, MSE, RMSE, MAE, MAPE: 20, 36788736.00, 36788734.67, 5939.21, 4398.05, 4.62%
- Epoch 023, ExpID 61702
Train - Loss: 11138724.49
Val - Loss, MSE, RMSE, MAE, MAPE: 34262392.00, 34262386.00, 5715.31, 4368.09, 4.73%
Test - Best epoch, Loss, MSE, RMSE, MAE, MAPE: 20, 36788736.00, 36788734.67, 5939.21, 4398.05, 4.62%
- Epoch 024, ExpID 61702
Train - Loss: 10815246.99
Val - Loss, MSE, RMSE, MAE, MAPE: 35142408.00, 35142407.33, 5793.88, 4424.78, 4.78%
Test - Best epoch, Loss, MSE, RMSE, MAE, MAPE: 20, 36788736.00, 36788734.67, 5939.21, 4398.05, 4.62%
- Epoch 025, ExpID 61702
Train - Loss: 10686615.88
Val - Loss, MSE, RMSE, MAE, MAPE: 34488744.00, 34488741.33, 5729.51, 4358.54, 4.71%
Test - Best epoch, Loss, MSE, RMSE, MAE, MAPE: 20, 36788736.00, 36788734.67, 5939.21, 4398.05, 4.62%
- Epoch 026, ExpID 61702
Train - Loss: 10422780.66
Val - Loss, MSE, RMSE, MAE, MAPE: 34870904.00, 34870905.67, 5755.44, 4362.19, 4.74%
Test - Best epoch, Loss, MSE, RMSE, MAE, MAPE: 20, 36788736.00, 36788734.67, 5939.21, 4398.05, 4.62%
- Epoch 027, ExpID 61702
Train - Loss: 10221594.00
Val - Loss, MSE, RMSE, MAE, MAPE: 34224656.00, 34224651.67, 5720.92, 4391.01, 4.76%
Test - Best epoch, Loss, MSE, RMSE, MAE, MAPE: 20, 36788736.00, 36788734.67, 5939.21, 4398.05, 4.62%
- Epoch 028, ExpID 61702
Train - Loss: 9950098.70
Val - Loss, MSE, RMSE, MAE, MAPE: 34759552.00, 34759551.33, 5753.91, 4383.17, 4.74%
Test - Best epoch, Loss, MSE, RMSE, MAE, MAPE: 20, 36788736.00, 36788734.67, 5939.21, 4398.05, 4.62%
- Epoch 029, ExpID 61702
Train - Loss: 9835616.29
Val - Loss, MSE, RMSE, MAE, MAPE: 34298644.00, 34298642.00, 5714.23, 4338.14, 4.70%
Test - Best epoch, Loss, MSE, RMSE, MAE, MAPE: 20, 36788736.00, 36788734.67, 5939.21, 4398.05, 4.62%
- Epoch 030, ExpID 61702
Train - Loss: 9636309.83
Val - Loss, MSE, RMSE, MAE, MAPE: 35091624.00, 35091622.67, 5783.66, 4395.44, 4.76%
Test - Best epoch, Loss, MSE, RMSE, MAE, MAPE: 20, 36788736.00, 36788734.67, 5939.21, 4398.05, 4.62%
Early Stopping at Epoch 30
Fold 2019 Best RMSE: 5939.2125
