DETAILED LOG | Model: tsmixer | Seed: 2
FULL CONFIG: {'gpu': '3', 'target': 'departure', 'cv_start_year': 2017, 'cv_end_year': 2019, 'test_year': 2024, 'use_corona': False, 'seq_len': 28, 'label_len': 0, 'pred_len': 7, 'batch_size': 64, 'epochs': 1000, 'patience': 10, 'lr': 0.001, 'model': 'tsmixer', 'd_model': 256, 'n_heads': 4, 'n_layers': 3, 'dropout': 0.1, 'activation': 'gelu', 'patch_len': 16, 'factor': 5, 'norm_mode': 'revin', 'use_dbloss': False, 'device': device(type='cuda'), 'stride': 16, 'file_path': 'dataset/airport_daily_flight_merged.csv', 'seed': 2, 'val_year': 2019, 'ndims': 1}

-------------------- [Fold: 2017] ExpID: 77397 --------------------
- Epoch 000, ExpID 77397
Train - Loss: 19837968.61
Val - Loss, MSE, RMSE, MAE, MAPE: 30372022.00, 30372023.00, 5446.47, 4114.57, 5.24%
Test - Best epoch, Loss, MSE, RMSE, MAE, MAPE: 0, 50723744.00, 50723740.67, 6762.80, 5032.16, 6.03%
- Epoch 001, ExpID 77397
Train - Loss: 16908056.71
Val - Loss, MSE, RMSE, MAE, MAPE: 28520790.00, 28520788.00, 5268.25, 3925.07, 5.04%
Test - Best epoch, Loss, MSE, RMSE, MAE, MAPE: 1, 49711400.00, 49711396.67, 6687.32, 4894.71, 5.91%
- Epoch 002, ExpID 77397
Train - Loss: 16282751.11
Val - Loss, MSE, RMSE, MAE, MAPE: 27562816.00, 27562816.67, 5189.20, 3864.22, 4.95%
Test - Best epoch, Loss, MSE, RMSE, MAE, MAPE: 2, 49185596.00, 49185594.33, 6634.78, 4822.09, 5.82%
- Epoch 003, ExpID 77397
Train - Loss: 15939658.76
Val - Loss, MSE, RMSE, MAE, MAPE: 27107982.00, 27107981.00, 5147.36, 3822.83, 4.89%
Test - Best epoch, Loss, MSE, RMSE, MAE, MAPE: 3, 50037984.00, 50037985.67, 6683.24, 4834.94, 5.83%
- Epoch 004, ExpID 77397
Train - Loss: 15422385.10
Val - Loss, MSE, RMSE, MAE, MAPE: 26428630.00, 26428629.67, 5088.71, 3788.14, 4.86%
Test - Best epoch, Loss, MSE, RMSE, MAE, MAPE: 4, 49560940.00, 49560938.00, 6675.77, 4853.90, 5.86%
- Epoch 005, ExpID 77397
Train - Loss: 14980242.16
Val - Loss, MSE, RMSE, MAE, MAPE: 25616580.00, 25616578.33, 5008.71, 3717.56, 4.78%
Test - Best epoch, Loss, MSE, RMSE, MAE, MAPE: 5, 48044440.00, 48044434.33, 6608.16, 4833.23, 5.83%
- Epoch 006, ExpID 77397
Train - Loss: 14829780.25
Val - Loss, MSE, RMSE, MAE, MAPE: 25512268.00, 25512264.67, 5000.04, 3719.50, 4.77%
Test - Best epoch, Loss, MSE, RMSE, MAE, MAPE: 6, 50004512.00, 50004509.67, 6680.47, 4896.33, 5.91%
- Epoch 007, ExpID 77397
Train - Loss: 14506323.23
Val - Loss, MSE, RMSE, MAE, MAPE: 25795958.00, 25795960.67, 5020.00, 3727.14, 4.81%
Test - Best epoch, Loss, MSE, RMSE, MAE, MAPE: 6, 50004512.00, 50004509.67, 6680.47, 4896.33, 5.91%
- Epoch 008, ExpID 77397
Train - Loss: 14054261.62
Val - Loss, MSE, RMSE, MAE, MAPE: 25495224.00, 25495224.00, 4991.18, 3748.42, 4.84%
Test - Best epoch, Loss, MSE, RMSE, MAE, MAPE: 8, 50580200.00, 50580199.67, 6755.83, 4933.88, 5.96%
- Epoch 009, ExpID 77397
Train - Loss: 13696410.61
Val - Loss, MSE, RMSE, MAE, MAPE: 25131976.00, 25131977.17, 4959.34, 3667.18, 4.71%
Test - Best epoch, Loss, MSE, RMSE, MAE, MAPE: 9, 48073560.00, 48073557.33, 6563.25, 4774.47, 5.79%
- Epoch 010, ExpID 77397
Train - Loss: 13271788.98
Val - Loss, MSE, RMSE, MAE, MAPE: 24788086.00, 24788086.83, 4923.90, 3633.86, 4.69%
Test - Best epoch, Loss, MSE, RMSE, MAE, MAPE: 10, 47849276.00, 47849275.33, 6572.47, 4770.13, 5.80%
- Epoch 011, ExpID 77397
Train - Loss: 13107398.68
Val - Loss, MSE, RMSE, MAE, MAPE: 25153308.00, 25153306.00, 4958.36, 3654.06, 4.73%
Test - Best epoch, Loss, MSE, RMSE, MAE, MAPE: 10, 47849276.00, 47849275.33, 6572.47, 4770.13, 5.80%
- Epoch 012, ExpID 77397
Train - Loss: 12876782.71
Val - Loss, MSE, RMSE, MAE, MAPE: 24707078.00, 24707077.17, 4908.95, 3615.38, 4.66%
Test - Best epoch, Loss, MSE, RMSE, MAE, MAPE: 12, 47164568.00, 47164564.33, 6519.98, 4675.58, 5.67%
- Epoch 013, ExpID 77397
Train - Loss: 12626886.76
Val - Loss, MSE, RMSE, MAE, MAPE: 24333084.00, 24333083.33, 4875.95, 3583.51, 4.61%
Test - Best epoch, Loss, MSE, RMSE, MAE, MAPE: 13, 45566012.00, 45566011.00, 6422.72, 4677.96, 5.65%
- Epoch 014, ExpID 77397
Train - Loss: 12249391.54
Val - Loss, MSE, RMSE, MAE, MAPE: 24051408.00, 24051408.50, 4855.04, 3579.21, 4.60%
Test - Best epoch, Loss, MSE, RMSE, MAE, MAPE: 14, 46554944.00, 46554943.67, 6480.03, 4697.45, 5.69%
- Epoch 015, ExpID 77397
Train - Loss: 12014518.99
Val - Loss, MSE, RMSE, MAE, MAPE: 24799824.00, 24799823.67, 4924.97, 3609.19, 4.64%
Test - Best epoch, Loss, MSE, RMSE, MAE, MAPE: 14, 46554944.00, 46554943.67, 6480.03, 4697.45, 5.69%
- Epoch 016, ExpID 77397
Train - Loss: 11671837.04
Val - Loss, MSE, RMSE, MAE, MAPE: 24794358.00, 24794356.67, 4913.90, 3645.94, 4.72%
Test - Best epoch, Loss, MSE, RMSE, MAE, MAPE: 14, 46554944.00, 46554943.67, 6480.03, 4697.45, 5.69%
- Epoch 017, ExpID 77397
Train - Loss: 11664037.94
Val - Loss, MSE, RMSE, MAE, MAPE: 25145224.00, 25145224.00, 4934.59, 3655.85, 4.74%
Test - Best epoch, Loss, MSE, RMSE, MAE, MAPE: 14, 46554944.00, 46554943.67, 6480.03, 4697.45, 5.69%
- Epoch 018, ExpID 77397
Train - Loss: 11447468.66
Val - Loss, MSE, RMSE, MAE, MAPE: 23981908.00, 23981907.00, 4839.34, 3586.06, 4.62%
Test - Best epoch, Loss, MSE, RMSE, MAE, MAPE: 18, 45141648.00, 45141647.00, 6406.15, 4617.56, 5.59%
- Epoch 019, ExpID 77397
Train - Loss: 11262929.26
Val - Loss, MSE, RMSE, MAE, MAPE: 24443544.00, 24443545.67, 4895.56, 3648.27, 4.69%
Test - Best epoch, Loss, MSE, RMSE, MAE, MAPE: 18, 45141648.00, 45141647.00, 6406.15, 4617.56, 5.59%
- Epoch 020, ExpID 77397
Train - Loss: 11050943.39
Val - Loss, MSE, RMSE, MAE, MAPE: 24381844.00, 24381843.00, 4893.94, 3640.79, 4.67%
Test - Best epoch, Loss, MSE, RMSE, MAE, MAPE: 18, 45141648.00, 45141647.00, 6406.15, 4617.56, 5.59%
- Epoch 021, ExpID 77397
Train - Loss: 10671932.88
Val - Loss, MSE, RMSE, MAE, MAPE: 24086998.00, 24086999.33, 4839.15, 3582.08, 4.61%
Test - Best epoch, Loss, MSE, RMSE, MAE, MAPE: 18, 45141648.00, 45141647.00, 6406.15, 4617.56, 5.59%
- Epoch 022, ExpID 77397
Train - Loss: 10522626.30
Val - Loss, MSE, RMSE, MAE, MAPE: 25323944.00, 25323943.50, 4987.63, 3712.35, 4.79%
Test - Best epoch, Loss, MSE, RMSE, MAE, MAPE: 18, 45141648.00, 45141647.00, 6406.15, 4617.56, 5.59%
- Epoch 023, ExpID 77397
Train - Loss: 10348614.77
Val - Loss, MSE, RMSE, MAE, MAPE: 24435416.00, 24435416.17, 4895.23, 3653.16, 4.70%
Test - Best epoch, Loss, MSE, RMSE, MAE, MAPE: 18, 45141648.00, 45141647.00, 6406.15, 4617.56, 5.59%
- Epoch 024, ExpID 77397
Train - Loss: 10262973.04
Val - Loss, MSE, RMSE, MAE, MAPE: 24569180.00, 24569180.00, 4904.59, 3617.73, 4.67%
Test - Best epoch, Loss, MSE, RMSE, MAE, MAPE: 18, 45141648.00, 45141647.00, 6406.15, 4617.56, 5.59%
- Epoch 025, ExpID 77397
Train - Loss: 10127820.26
Val - Loss, MSE, RMSE, MAE, MAPE: 24056070.00, 24056068.67, 4848.42, 3593.16, 4.62%
Test - Best epoch, Loss, MSE, RMSE, MAE, MAPE: 18, 45141648.00, 45141647.00, 6406.15, 4617.56, 5.59%
- Epoch 026, ExpID 77397
Train - Loss: 9947363.54
Val - Loss, MSE, RMSE, MAE, MAPE: 24769376.00, 24769377.33, 4923.48, 3643.03, 4.70%
Test - Best epoch, Loss, MSE, RMSE, MAE, MAPE: 18, 45141648.00, 45141647.00, 6406.15, 4617.56, 5.59%
- Epoch 027, ExpID 77397
Train - Loss: 9847622.16
Val - Loss, MSE, RMSE, MAE, MAPE: 24457942.00, 24457942.50, 4898.30, 3650.46, 4.70%
Test - Best epoch, Loss, MSE, RMSE, MAE, MAPE: 18, 45141648.00, 45141647.00, 6406.15, 4617.56, 5.59%
- Epoch 028, ExpID 77397
Train - Loss: 9700749.64
Val - Loss, MSE, RMSE, MAE, MAPE: 24468384.00, 24468383.00, 4894.16, 3636.29, 4.67%
Test - Best epoch, Loss, MSE, RMSE, MAE, MAPE: 18, 45141648.00, 45141647.00, 6406.15, 4617.56, 5.59%
Early Stopping at Epoch 28
Fold 2017 Best RMSE: 6406.1525

-------------------- [Fold: 2018] ExpID: 32609 --------------------
- Epoch 000, ExpID 32609
Train - Loss: 20343062.20
Val - Loss, MSE, RMSE, MAE, MAPE: 51490848.00, 51490851.00, 6761.12, 4874.63, 5.90%
Test - Best epoch, Loss, MSE, RMSE, MAE, MAPE: 0, 40549732.00, 40549732.00, 6229.25, 4742.73, 5.14%
- Epoch 001, ExpID 32609
Train - Loss: 17484349.39
Val - Loss, MSE, RMSE, MAE, MAPE: 49851708.00, 49851704.00, 6677.90, 4797.35, 5.80%
Test - Best epoch, Loss, MSE, RMSE, MAE, MAPE: 1, 38278904.00, 38278906.33, 6063.34, 4643.96, 5.03%
- Epoch 002, ExpID 32609
Train - Loss: 16863322.11
Val - Loss, MSE, RMSE, MAE, MAPE: 48203256.00, 48203252.33, 6565.84, 4706.01, 5.70%
Test - Best epoch, Loss, MSE, RMSE, MAE, MAPE: 2, 37341024.00, 37341019.67, 5991.21, 4593.50, 4.98%
- Epoch 003, ExpID 32609
Train - Loss: 16402294.70
Val - Loss, MSE, RMSE, MAE, MAPE: 47570940.00, 47570937.00, 6566.66, 4737.28, 5.72%
Test - Best epoch, Loss, MSE, RMSE, MAE, MAPE: 3, 36467552.00, 36467551.00, 5926.50, 4530.96, 4.90%
- Epoch 004, ExpID 32609
Train - Loss: 16121449.00
Val - Loss, MSE, RMSE, MAE, MAPE: 47960908.00, 47960902.67, 6525.47, 4664.44, 5.65%
Test - Best epoch, Loss, MSE, RMSE, MAE, MAPE: 3, 36467552.00, 36467551.00, 5926.50, 4530.96, 4.90%
- Epoch 005, ExpID 32609
Train - Loss: 15673789.53
Val - Loss, MSE, RMSE, MAE, MAPE: 46824416.00, 46824416.67, 6474.28, 4706.42, 5.68%
Test - Best epoch, Loss, MSE, RMSE, MAE, MAPE: 5, 36762376.00, 36762377.33, 5947.53, 4573.76, 4.95%
- Epoch 006, ExpID 32609
Train - Loss: 15184149.03
Val - Loss, MSE, RMSE, MAE, MAPE: 48372688.00, 48372690.33, 6574.76, 4695.20, 5.73%
Test - Best epoch, Loss, MSE, RMSE, MAE, MAPE: 5, 36762376.00, 36762377.33, 5947.53, 4573.76, 4.95%
- Epoch 007, ExpID 32609
Train - Loss: 14762234.19
Val - Loss, MSE, RMSE, MAE, MAPE: 45968364.00, 45968360.33, 6458.41, 4663.43, 5.65%
Test - Best epoch, Loss, MSE, RMSE, MAE, MAPE: 7, 35305204.00, 35305204.00, 5842.08, 4484.48, 4.87%
- Epoch 008, ExpID 32609
Train - Loss: 14480500.03
Val - Loss, MSE, RMSE, MAE, MAPE: 46889104.00, 46889102.33, 6484.00, 4720.56, 5.68%
Test - Best epoch, Loss, MSE, RMSE, MAE, MAPE: 7, 35305204.00, 35305204.00, 5842.08, 4484.48, 4.87%
- Epoch 009, ExpID 32609
Train - Loss: 14254986.44
Val - Loss, MSE, RMSE, MAE, MAPE: 47067264.00, 47067264.67, 6510.96, 4631.38, 5.62%
Test - Best epoch, Loss, MSE, RMSE, MAE, MAPE: 7, 35305204.00, 35305204.00, 5842.08, 4484.48, 4.87%
- Epoch 010, ExpID 32609
Train - Loss: 14053817.48
Val - Loss, MSE, RMSE, MAE, MAPE: 46224800.00, 46224797.67, 6442.78, 4651.56, 5.59%
Test - Best epoch, Loss, MSE, RMSE, MAE, MAPE: 7, 35305204.00, 35305204.00, 5842.08, 4484.48, 4.87%
- Epoch 011, ExpID 32609
Train - Loss: 13453511.27
Val - Loss, MSE, RMSE, MAE, MAPE: 44903004.00, 44903001.33, 6353.92, 4555.94, 5.51%
Test - Best epoch, Loss, MSE, RMSE, MAE, MAPE: 11, 34611216.00, 34611213.67, 5788.99, 4463.35, 4.84%
- Epoch 012, ExpID 32609
Train - Loss: 13288256.01
Val - Loss, MSE, RMSE, MAE, MAPE: 44378112.00, 44378111.00, 6315.38, 4544.96, 5.49%
Test - Best epoch, Loss, MSE, RMSE, MAE, MAPE: 12, 35764956.00, 35764952.33, 5864.24, 4482.04, 4.85%
- Epoch 013, ExpID 32609
Train - Loss: 13210022.15
Val - Loss, MSE, RMSE, MAE, MAPE: 47643004.00, 47643002.67, 6509.64, 4684.58, 5.65%
Test - Best epoch, Loss, MSE, RMSE, MAE, MAPE: 12, 35764956.00, 35764952.33, 5864.24, 4482.04, 4.85%
- Epoch 014, ExpID 32609
Train - Loss: 12921082.27
Val - Loss, MSE, RMSE, MAE, MAPE: 45428280.00, 45428275.33, 6378.13, 4576.66, 5.53%
Test - Best epoch, Loss, MSE, RMSE, MAE, MAPE: 12, 35764956.00, 35764952.33, 5864.24, 4482.04, 4.85%
- Epoch 015, ExpID 32609
Train - Loss: 12569043.95
Val - Loss, MSE, RMSE, MAE, MAPE: 45541024.00, 45541027.00, 6415.86, 4664.51, 5.62%
Test - Best epoch, Loss, MSE, RMSE, MAE, MAPE: 12, 35764956.00, 35764952.33, 5864.24, 4482.04, 4.85%
- Epoch 016, ExpID 32609
Train - Loss: 12502176.85
Val - Loss, MSE, RMSE, MAE, MAPE: 42349120.00, 42349119.67, 6211.38, 4474.43, 5.40%
Test - Best epoch, Loss, MSE, RMSE, MAE, MAPE: 16, 35213764.00, 35213763.33, 5824.04, 4459.92, 4.82%
- Epoch 017, ExpID 32609
Train - Loss: 12182032.08
Val - Loss, MSE, RMSE, MAE, MAPE: 43780664.00, 43780659.50, 6297.96, 4518.89, 5.47%
Test - Best epoch, Loss, MSE, RMSE, MAE, MAPE: 16, 35213764.00, 35213763.33, 5824.04, 4459.92, 4.82%
- Epoch 018, ExpID 32609
Train - Loss: 11962047.90
Val - Loss, MSE, RMSE, MAE, MAPE: 46047032.00, 46047031.33, 6424.75, 4639.14, 5.56%
Test - Best epoch, Loss, MSE, RMSE, MAE, MAPE: 16, 35213764.00, 35213763.33, 5824.04, 4459.92, 4.82%
- Epoch 019, ExpID 32609
Train - Loss: 11854596.24
Val - Loss, MSE, RMSE, MAE, MAPE: 46216892.00, 46216893.33, 6465.30, 4643.26, 5.65%
Test - Best epoch, Loss, MSE, RMSE, MAE, MAPE: 16, 35213764.00, 35213763.33, 5824.04, 4459.92, 4.82%
- Epoch 020, ExpID 32609
Train - Loss: 11500049.05
Val - Loss, MSE, RMSE, MAE, MAPE: 46070268.00, 46070267.67, 6409.46, 4589.99, 5.57%
Test - Best epoch, Loss, MSE, RMSE, MAE, MAPE: 16, 35213764.00, 35213763.33, 5824.04, 4459.92, 4.82%
- Epoch 021, ExpID 32609
Train - Loss: 11232387.81
Val - Loss, MSE, RMSE, MAE, MAPE: 46466556.00, 46466554.67, 6475.91, 4617.34, 5.58%
Test - Best epoch, Loss, MSE, RMSE, MAE, MAPE: 16, 35213764.00, 35213763.33, 5824.04, 4459.92, 4.82%
- Epoch 022, ExpID 32609
Train - Loss: 11044923.86
Val - Loss, MSE, RMSE, MAE, MAPE: 47335084.00, 47335082.17, 6502.10, 4643.41, 5.65%
Test - Best epoch, Loss, MSE, RMSE, MAE, MAPE: 16, 35213764.00, 35213763.33, 5824.04, 4459.92, 4.82%
- Epoch 023, ExpID 32609
Train - Loss: 11150364.55
Val - Loss, MSE, RMSE, MAE, MAPE: 44063304.00, 44063302.17, 6307.83, 4553.84, 5.52%
Test - Best epoch, Loss, MSE, RMSE, MAE, MAPE: 16, 35213764.00, 35213763.33, 5824.04, 4459.92, 4.82%
- Epoch 024, ExpID 32609
Train - Loss: 10919452.57
Val - Loss, MSE, RMSE, MAE, MAPE: 44698264.00, 44698265.33, 6358.38, 4585.85, 5.55%
Test - Best epoch, Loss, MSE, RMSE, MAE, MAPE: 16, 35213764.00, 35213763.33, 5824.04, 4459.92, 4.82%
- Epoch 025, ExpID 32609
Train - Loss: 10850031.71
Val - Loss, MSE, RMSE, MAE, MAPE: 45141168.00, 45141167.50, 6398.71, 4598.44, 5.58%
Test - Best epoch, Loss, MSE, RMSE, MAE, MAPE: 16, 35213764.00, 35213763.33, 5824.04, 4459.92, 4.82%
- Epoch 026, ExpID 32609
Train - Loss: 10537793.30
Val - Loss, MSE, RMSE, MAE, MAPE: 45591360.00, 45591357.83, 6444.81, 4590.68, 5.59%
Test - Best epoch, Loss, MSE, RMSE, MAE, MAPE: 16, 35213764.00, 35213763.33, 5824.04, 4459.92, 4.82%
Early Stopping at Epoch 26
Fold 2018 Best RMSE: 5824.0368

-------------------- [Fold: 2019] ExpID: 26560 --------------------
- Epoch 000, ExpID 26560
Train - Loss: 22758105.58
Val - Loss, MSE, RMSE, MAE, MAPE: 37784696.00, 37784696.67, 6043.89, 4628.19, 5.03%
Test - Best epoch, Loss, MSE, RMSE, MAE, MAPE: 0, 42101636.00, 42101637.33, 6282.83, 4698.30, 4.96%
- Epoch 001, ExpID 26560
Train - Loss: 19539586.60
Val - Loss, MSE, RMSE, MAE, MAPE: 36174016.00, 36174013.33, 5912.89, 4509.18, 4.89%
Test - Best epoch, Loss, MSE, RMSE, MAE, MAPE: 1, 40350160.00, 40350159.00, 6167.59, 4601.82, 4.84%
- Epoch 002, ExpID 26560
Train - Loss: 18786637.08
Val - Loss, MSE, RMSE, MAE, MAPE: 36791408.00, 36791404.00, 5941.30, 4511.65, 4.89%
Test - Best epoch, Loss, MSE, RMSE, MAE, MAPE: 1, 40350160.00, 40350159.00, 6167.59, 4601.82, 4.84%
- Epoch 003, ExpID 26560
Train - Loss: 18188701.00
Val - Loss, MSE, RMSE, MAE, MAPE: 34845072.00, 34845071.00, 5808.17, 4449.09, 4.80%
Test - Best epoch, Loss, MSE, RMSE, MAE, MAPE: 3, 38750984.00, 38750979.33, 6073.96, 4532.43, 4.74%
- Epoch 004, ExpID 26560
Train - Loss: 17655940.67
Val - Loss, MSE, RMSE, MAE, MAPE: 35474328.00, 35474324.33, 5846.57, 4475.35, 4.85%
Test - Best epoch, Loss, MSE, RMSE, MAE, MAPE: 3, 38750984.00, 38750979.33, 6073.96, 4532.43, 4.74%
- Epoch 005, ExpID 26560
Train - Loss: 17341613.21
Val - Loss, MSE, RMSE, MAE, MAPE: 34362676.00, 34362674.67, 5775.82, 4406.80, 4.78%
Test - Best epoch, Loss, MSE, RMSE, MAE, MAPE: 5, 38881012.00, 38881010.67, 6065.13, 4499.23, 4.74%
- Epoch 006, ExpID 26560
Train - Loss: 16987153.80
Val - Loss, MSE, RMSE, MAE, MAPE: 34609696.00, 34609697.67, 5780.43, 4404.91, 4.79%
Test - Best epoch, Loss, MSE, RMSE, MAE, MAPE: 5, 38881012.00, 38881010.67, 6065.13, 4499.23, 4.74%
- Epoch 007, ExpID 26560
Train - Loss: 16220690.09
Val - Loss, MSE, RMSE, MAE, MAPE: 35310584.00, 35310583.67, 5823.24, 4444.12, 4.78%
Test - Best epoch, Loss, MSE, RMSE, MAE, MAPE: 5, 38881012.00, 38881010.67, 6065.13, 4499.23, 4.74%
- Epoch 008, ExpID 26560
Train - Loss: 15826598.18
Val - Loss, MSE, RMSE, MAE, MAPE: 33659108.00, 33659108.33, 5700.05, 4351.18, 4.72%
Test - Best epoch, Loss, MSE, RMSE, MAE, MAPE: 8, 37788760.00, 37788757.33, 5982.82, 4414.85, 4.65%
- Epoch 009, ExpID 26560
Train - Loss: 15357847.76
Val - Loss, MSE, RMSE, MAE, MAPE: 33771952.00, 33771950.00, 5715.21, 4349.53, 4.73%
Test - Best epoch, Loss, MSE, RMSE, MAE, MAPE: 8, 37788760.00, 37788757.33, 5982.82, 4414.85, 4.65%
- Epoch 010, ExpID 26560
Train - Loss: 15037431.46
Val - Loss, MSE, RMSE, MAE, MAPE: 34343304.00, 34343298.67, 5751.12, 4431.04, 4.78%
Test - Best epoch, Loss, MSE, RMSE, MAE, MAPE: 8, 37788760.00, 37788757.33, 5982.82, 4414.85, 4.65%
- Epoch 011, ExpID 26560
Train - Loss: 14575276.77
Val - Loss, MSE, RMSE, MAE, MAPE: 33262484.00, 33262482.33, 5679.14, 4346.32, 4.72%
Test - Best epoch, Loss, MSE, RMSE, MAE, MAPE: 11, 38713616.00, 38713620.00, 6045.92, 4521.56, 4.76%
- Epoch 012, ExpID 26560
Train - Loss: 14287664.52
Val - Loss, MSE, RMSE, MAE, MAPE: 30981904.00, 30981905.67, 5482.47, 4181.22, 4.52%
Test - Best epoch, Loss, MSE, RMSE, MAE, MAPE: 12, 37630640.00, 37630637.67, 5959.41, 4406.88, 4.64%
- Epoch 013, ExpID 26560
Train - Loss: 14103092.87
Val - Loss, MSE, RMSE, MAE, MAPE: 33431224.00, 33431224.33, 5675.03, 4339.87, 4.70%
Test - Best epoch, Loss, MSE, RMSE, MAE, MAPE: 12, 37630640.00, 37630637.67, 5959.41, 4406.88, 4.64%
- Epoch 014, ExpID 26560
Train - Loss: 13951783.81
Val - Loss, MSE, RMSE, MAE, MAPE: 32551856.00, 32551856.33, 5595.65, 4290.71, 4.62%
Test - Best epoch, Loss, MSE, RMSE, MAE, MAPE: 12, 37630640.00, 37630637.67, 5959.41, 4406.88, 4.64%
- Epoch 015, ExpID 26560
Train - Loss: 13452837.63
Val - Loss, MSE, RMSE, MAE, MAPE: 33579440.00, 33579439.00, 5688.65, 4322.77, 4.70%
Test - Best epoch, Loss, MSE, RMSE, MAE, MAPE: 12, 37630640.00, 37630637.67, 5959.41, 4406.88, 4.64%
- Epoch 016, ExpID 26560
Train - Loss: 13201068.10
Val - Loss, MSE, RMSE, MAE, MAPE: 35787964.00, 35787961.67, 5864.02, 4480.50, 4.90%
Test - Best epoch, Loss, MSE, RMSE, MAE, MAPE: 12, 37630640.00, 37630637.67, 5959.41, 4406.88, 4.64%
- Epoch 017, ExpID 26560
Train - Loss: 12934552.82
Val - Loss, MSE, RMSE, MAE, MAPE: 35595748.00, 35595744.00, 5830.06, 4451.24, 4.84%
Test - Best epoch, Loss, MSE, RMSE, MAE, MAPE: 12, 37630640.00, 37630637.67, 5959.41, 4406.88, 4.64%
- Epoch 018, ExpID 26560
Train - Loss: 12589087.76
Val - Loss, MSE, RMSE, MAE, MAPE: 31901926.00, 31901926.00, 5559.12, 4245.20, 4.58%
Test - Best epoch, Loss, MSE, RMSE, MAE, MAPE: 12, 37630640.00, 37630637.67, 5959.41, 4406.88, 4.64%
- Epoch 019, ExpID 26560
Train - Loss: 12596595.95
Val - Loss, MSE, RMSE, MAE, MAPE: 36923408.00, 36923405.00, 5910.94, 4483.76, 4.87%
Test - Best epoch, Loss, MSE, RMSE, MAE, MAPE: 12, 37630640.00, 37630637.67, 5959.41, 4406.88, 4.64%
- Epoch 020, ExpID 26560
Train - Loss: 12402646.98
Val - Loss, MSE, RMSE, MAE, MAPE: 37925848.00, 37925845.67, 6013.03, 4574.24, 4.98%
Test - Best epoch, Loss, MSE, RMSE, MAE, MAPE: 12, 37630640.00, 37630637.67, 5959.41, 4406.88, 4.64%
- Epoch 021, ExpID 26560
Train - Loss: 12187513.84
Val - Loss, MSE, RMSE, MAE, MAPE: 35262452.00, 35262449.33, 5818.03, 4419.43, 4.80%
Test - Best epoch, Loss, MSE, RMSE, MAE, MAPE: 12, 37630640.00, 37630637.67, 5959.41, 4406.88, 4.64%
- Epoch 022, ExpID 26560
Train - Loss: 11771743.25
Val - Loss, MSE, RMSE, MAE, MAPE: 35443348.00, 35443347.67, 5827.69, 4449.97, 4.84%
Test - Best epoch, Loss, MSE, RMSE, MAE, MAPE: 12, 37630640.00, 37630637.67, 5959.41, 4406.88, 4.64%
Early Stopping at Epoch 22
Fold 2019 Best RMSE: 5959.4121
