DETAILED LOG | Model: tsmixer | Seed: 1
FULL CONFIG: {'gpu': '3', 'target': 'departure', 'cv_start_year': 2017, 'cv_end_year': 2019, 'test_year': 2024, 'use_corona': False, 'seq_len': 28, 'label_len': 0, 'pred_len': 1, 'batch_size': 64, 'epochs': 1000, 'patience': 10, 'lr': 0.0001, 'model': 'tsmixer', 'd_model': 512, 'n_heads': 4, 'n_layers': 4, 'dropout': 0.1, 'activation': 'gelu', 'patch_len': 16, 'factor': 5, 'norm_mode': 'revin', 'use_dbloss': False, 'device': device(type='cuda'), 'stride': 16, 'file_path': 'dataset/airport_daily_flight_merged.csv', 'seed': 1, 'val_year': 2019, 'ndims': 1}

-------------------- [Fold: 2017] ExpID: 63585 --------------------
- Epoch 000, ExpID 63585
Train - Loss: 16158530.98
Val - Loss, MSE, RMSE, MAE, MAPE: 18183476.00, 18183475.67, 4180.46, 3069.05, 3.90%
Test - Best epoch, Loss, MSE, RMSE, MAE, MAPE: 0, 24287804.00, 24287802.50, 4811.65, 3629.42, 4.31%
- Epoch 001, ExpID 63585
Train - Loss: 10466635.11
Val - Loss, MSE, RMSE, MAE, MAPE: 14572339.00, 14572337.92, 3737.26, 2782.73, 3.58%
Test - Best epoch, Loss, MSE, RMSE, MAE, MAPE: 1, 22373184.00, 22373184.33, 4616.39, 3383.26, 4.05%
- Epoch 002, ExpID 63585
Train - Loss: 9204044.81
Val - Loss, MSE, RMSE, MAE, MAPE: 12667795.00, 12667795.50, 3504.65, 2614.22, 3.34%
Test - Best epoch, Loss, MSE, RMSE, MAE, MAPE: 2, 21751662.00, 21751661.00, 4516.53, 3250.43, 3.87%
- Epoch 003, ExpID 63585
Train - Loss: 8702134.36
Val - Loss, MSE, RMSE, MAE, MAPE: 12462158.00, 12462155.75, 3458.16, 2531.32, 3.26%
Test - Best epoch, Loss, MSE, RMSE, MAE, MAPE: 3, 21444896.00, 21444894.00, 4465.72, 3155.80, 3.78%
- Epoch 004, ExpID 63585
Train - Loss: 8465641.14
Val - Loss, MSE, RMSE, MAE, MAPE: 12010879.00, 12010878.33, 3408.31, 2500.42, 3.20%
Test - Best epoch, Loss, MSE, RMSE, MAE, MAPE: 4, 21919654.00, 21919652.83, 4517.46, 3197.10, 3.82%
- Epoch 005, ExpID 63585
Train - Loss: 8233212.58
Val - Loss, MSE, RMSE, MAE, MAPE: 11630686.00, 11630686.00, 3349.08, 2423.33, 3.11%
Test - Best epoch, Loss, MSE, RMSE, MAE, MAPE: 5, 21118550.00, 21118548.83, 4427.47, 3145.59, 3.75%
- Epoch 006, ExpID 63585
Train - Loss: 8051765.62
Val - Loss, MSE, RMSE, MAE, MAPE: 11422666.00, 11422665.42, 3334.84, 2452.31, 3.13%
Test - Best epoch, Loss, MSE, RMSE, MAE, MAPE: 6, 22176216.00, 22176214.50, 4527.14, 3234.64, 3.84%
- Epoch 007, ExpID 63585
Train - Loss: 7934697.81
Val - Loss, MSE, RMSE, MAE, MAPE: 11222926.00, 11222926.50, 3303.26, 2413.43, 3.09%
Test - Best epoch, Loss, MSE, RMSE, MAE, MAPE: 7, 21742492.00, 21742490.58, 4478.21, 3162.89, 3.77%
- Epoch 008, ExpID 63585
Train - Loss: 7826079.73
Val - Loss, MSE, RMSE, MAE, MAPE: 11323859.00, 11323858.92, 3309.90, 2415.03, 3.09%
Test - Best epoch, Loss, MSE, RMSE, MAE, MAPE: 7, 21742492.00, 21742490.58, 4478.21, 3162.89, 3.77%
- Epoch 009, ExpID 63585
Train - Loss: 7622874.35
Val - Loss, MSE, RMSE, MAE, MAPE: 10824703.00, 10824703.17, 3244.18, 2337.90, 2.99%
Test - Best epoch, Loss, MSE, RMSE, MAE, MAPE: 9, 21176644.00, 21176642.08, 4418.38, 3126.83, 3.72%
- Epoch 010, ExpID 63585
Train - Loss: 7365611.44
Val - Loss, MSE, RMSE, MAE, MAPE: 11266659.00, 11266658.58, 3315.10, 2413.63, 3.07%
Test - Best epoch, Loss, MSE, RMSE, MAE, MAPE: 9, 21176644.00, 21176642.08, 4418.38, 3126.83, 3.72%
- Epoch 011, ExpID 63585
Train - Loss: 7379219.75
Val - Loss, MSE, RMSE, MAE, MAPE: 10685026.00, 10685025.50, 3229.94, 2349.73, 3.01%
Test - Best epoch, Loss, MSE, RMSE, MAE, MAPE: 11, 21826820.00, 21826819.83, 4473.51, 3167.16, 3.77%
- Epoch 012, ExpID 63585
Train - Loss: 7190718.01
Val - Loss, MSE, RMSE, MAE, MAPE: 10462110.00, 10462109.25, 3199.45, 2342.38, 2.99%
Test - Best epoch, Loss, MSE, RMSE, MAE, MAPE: 12, 21490772.00, 21490770.67, 4437.84, 3145.34, 3.73%
- Epoch 013, ExpID 63585
Train - Loss: 7127722.93
Val - Loss, MSE, RMSE, MAE, MAPE: 10592558.00, 10592557.17, 3217.22, 2343.90, 3.00%
Test - Best epoch, Loss, MSE, RMSE, MAE, MAPE: 12, 21490772.00, 21490770.67, 4437.84, 3145.34, 3.73%
- Epoch 014, ExpID 63585
Train - Loss: 6946523.71
Val - Loss, MSE, RMSE, MAE, MAPE: 11031424.00, 11031423.75, 3279.76, 2418.75, 3.08%
Test - Best epoch, Loss, MSE, RMSE, MAE, MAPE: 12, 21490772.00, 21490770.67, 4437.84, 3145.34, 3.73%
- Epoch 015, ExpID 63585
Train - Loss: 6870139.43
Val - Loss, MSE, RMSE, MAE, MAPE: 10689355.00, 10689355.08, 3232.25, 2392.02, 3.06%
Test - Best epoch, Loss, MSE, RMSE, MAE, MAPE: 12, 21490772.00, 21490770.67, 4437.84, 3145.34, 3.73%
- Epoch 016, ExpID 63585
Train - Loss: 6765217.26
Val - Loss, MSE, RMSE, MAE, MAPE: 10472400.00, 10472400.25, 3201.80, 2359.27, 3.02%
Test - Best epoch, Loss, MSE, RMSE, MAE, MAPE: 12, 21490772.00, 21490770.67, 4437.84, 3145.34, 3.73%
- Epoch 017, ExpID 63585
Train - Loss: 6613206.56
Val - Loss, MSE, RMSE, MAE, MAPE: 10504591.00, 10504590.25, 3205.25, 2331.59, 2.97%
Test - Best epoch, Loss, MSE, RMSE, MAE, MAPE: 12, 21490772.00, 21490770.67, 4437.84, 3145.34, 3.73%
- Epoch 018, ExpID 63585
Train - Loss: 6506410.39
Val - Loss, MSE, RMSE, MAE, MAPE: 10475704.00, 10475704.83, 3198.77, 2342.25, 2.99%
Test - Best epoch, Loss, MSE, RMSE, MAE, MAPE: 12, 21490772.00, 21490770.67, 4437.84, 3145.34, 3.73%
- Epoch 019, ExpID 63585
Train - Loss: 6446618.95
Val - Loss, MSE, RMSE, MAE, MAPE: 10258448.00, 10258447.42, 3170.81, 2343.25, 3.00%
Test - Best epoch, Loss, MSE, RMSE, MAE, MAPE: 19, 22357214.00, 22357212.50, 4547.65, 3226.43, 3.83%
- Epoch 020, ExpID 63585
Train - Loss: 6324461.83
Val - Loss, MSE, RMSE, MAE, MAPE: 10222818.00, 10222817.67, 3164.88, 2344.84, 2.99%
Test - Best epoch, Loss, MSE, RMSE, MAE, MAPE: 20, 22168192.00, 22168191.67, 4509.69, 3195.91, 3.78%
- Epoch 021, ExpID 63585
Train - Loss: 6212679.67
Val - Loss, MSE, RMSE, MAE, MAPE: 10240308.00, 10240307.83, 3166.46, 2348.02, 2.99%
Test - Best epoch, Loss, MSE, RMSE, MAE, MAPE: 20, 22168192.00, 22168191.67, 4509.69, 3195.91, 3.78%
- Epoch 022, ExpID 63585
Train - Loss: 6088916.04
Val - Loss, MSE, RMSE, MAE, MAPE: 10479294.00, 10479293.50, 3207.25, 2403.61, 3.06%
Test - Best epoch, Loss, MSE, RMSE, MAE, MAPE: 20, 22168192.00, 22168191.67, 4509.69, 3195.91, 3.78%
- Epoch 023, ExpID 63585
Train - Loss: 6001067.86
Val - Loss, MSE, RMSE, MAE, MAPE: 10243836.00, 10243835.50, 3168.46, 2326.41, 2.97%
Test - Best epoch, Loss, MSE, RMSE, MAE, MAPE: 20, 22168192.00, 22168191.67, 4509.69, 3195.91, 3.78%
- Epoch 024, ExpID 63585
Train - Loss: 5907791.15
Val - Loss, MSE, RMSE, MAE, MAPE: 10272855.00, 10272854.17, 3174.96, 2348.02, 3.01%
Test - Best epoch, Loss, MSE, RMSE, MAE, MAPE: 20, 22168192.00, 22168191.67, 4509.69, 3195.91, 3.78%
- Epoch 025, ExpID 63585
Train - Loss: 5867292.17
Val - Loss, MSE, RMSE, MAE, MAPE: 10379959.00, 10379958.67, 3195.32, 2379.55, 3.05%
Test - Best epoch, Loss, MSE, RMSE, MAE, MAPE: 20, 22168192.00, 22168191.67, 4509.69, 3195.91, 3.78%
- Epoch 026, ExpID 63585
Train - Loss: 5713167.97
Val - Loss, MSE, RMSE, MAE, MAPE: 10594429.00, 10594428.67, 3231.95, 2406.10, 3.08%
Test - Best epoch, Loss, MSE, RMSE, MAE, MAPE: 20, 22168192.00, 22168191.67, 4509.69, 3195.91, 3.78%
- Epoch 027, ExpID 63585
Train - Loss: 5588985.43
Val - Loss, MSE, RMSE, MAE, MAPE: 10341756.00, 10341755.08, 3191.03, 2404.64, 3.06%
Test - Best epoch, Loss, MSE, RMSE, MAE, MAPE: 20, 22168192.00, 22168191.67, 4509.69, 3195.91, 3.78%
- Epoch 028, ExpID 63585
Train - Loss: 5572310.89
Val - Loss, MSE, RMSE, MAE, MAPE: 10271709.00, 10271708.75, 3176.88, 2361.56, 3.02%
Test - Best epoch, Loss, MSE, RMSE, MAE, MAPE: 20, 22168192.00, 22168191.67, 4509.69, 3195.91, 3.78%
- Epoch 029, ExpID 63585
Train - Loss: 5461623.65
Val - Loss, MSE, RMSE, MAE, MAPE: 10385455.00, 10385454.75, 3198.25, 2406.01, 3.07%
Test - Best epoch, Loss, MSE, RMSE, MAE, MAPE: 20, 22168192.00, 22168191.67, 4509.69, 3195.91, 3.78%
- Epoch 030, ExpID 63585
Train - Loss: 5432233.82
Val - Loss, MSE, RMSE, MAE, MAPE: 10497126.00, 10497125.17, 3215.73, 2424.09, 3.09%
Test - Best epoch, Loss, MSE, RMSE, MAE, MAPE: 20, 22168192.00, 22168191.67, 4509.69, 3195.91, 3.78%
Early Stopping at Epoch 30
Fold 2017 Best RMSE: 4509.6916

-------------------- [Fold: 2018] ExpID: 32478 --------------------
- Epoch 000, ExpID 32478
Train - Loss: 16290456.62
Val - Loss, MSE, RMSE, MAE, MAPE: 24188014.00, 24188013.83, 4781.54, 3513.27, 4.20%
Test - Best epoch, Loss, MSE, RMSE, MAE, MAPE: 0, 21683664.00, 21683662.83, 4574.04, 3579.78, 3.88%
- Epoch 001, ExpID 32478
Train - Loss: 10448277.04
Val - Loss, MSE, RMSE, MAE, MAPE: 21454080.00, 21454079.67, 4485.44, 3274.26, 3.90%
Test - Best epoch, Loss, MSE, RMSE, MAE, MAPE: 1, 18232548.00, 18232547.83, 4210.24, 3244.26, 3.51%
- Epoch 002, ExpID 32478
Train - Loss: 9611452.72
Val - Loss, MSE, RMSE, MAE, MAPE: 21638982.00, 21638981.50, 4480.13, 3225.34, 3.82%
Test - Best epoch, Loss, MSE, RMSE, MAE, MAPE: 1, 18232548.00, 18232547.83, 4210.24, 3244.26, 3.51%
- Epoch 003, ExpID 32478
Train - Loss: 8875671.93
Val - Loss, MSE, RMSE, MAE, MAPE: 21905332.00, 21905331.00, 4511.16, 3254.01, 3.87%
Test - Best epoch, Loss, MSE, RMSE, MAE, MAPE: 1, 18232548.00, 18232547.83, 4210.24, 3244.26, 3.51%
- Epoch 004, ExpID 32478
Train - Loss: 8832126.97
Val - Loss, MSE, RMSE, MAE, MAPE: 21461816.00, 21461815.33, 4443.30, 3139.72, 3.72%
Test - Best epoch, Loss, MSE, RMSE, MAE, MAPE: 1, 18232548.00, 18232547.83, 4210.24, 3244.26, 3.51%
- Epoch 005, ExpID 32478
Train - Loss: 8471434.93
Val - Loss, MSE, RMSE, MAE, MAPE: 22364532.00, 22364530.67, 4550.00, 3255.26, 3.89%
Test - Best epoch, Loss, MSE, RMSE, MAE, MAPE: 1, 18232548.00, 18232547.83, 4210.24, 3244.26, 3.51%
- Epoch 006, ExpID 32478
Train - Loss: 8171830.65
Val - Loss, MSE, RMSE, MAE, MAPE: 22561390.00, 22561389.50, 4547.88, 3238.21, 3.82%
Test - Best epoch, Loss, MSE, RMSE, MAE, MAPE: 1, 18232548.00, 18232547.83, 4210.24, 3244.26, 3.51%
- Epoch 007, ExpID 32478
Train - Loss: 8105850.24
Val - Loss, MSE, RMSE, MAE, MAPE: 22239772.00, 22239770.17, 4500.06, 3147.33, 3.76%
Test - Best epoch, Loss, MSE, RMSE, MAE, MAPE: 1, 18232548.00, 18232547.83, 4210.24, 3244.26, 3.51%
- Epoch 008, ExpID 32478
Train - Loss: 7896866.63
Val - Loss, MSE, RMSE, MAE, MAPE: 22065038.00, 22065037.83, 4493.62, 3185.17, 3.78%
Test - Best epoch, Loss, MSE, RMSE, MAE, MAPE: 1, 18232548.00, 18232547.83, 4210.24, 3244.26, 3.51%
- Epoch 009, ExpID 32478
Train - Loss: 7781194.74
Val - Loss, MSE, RMSE, MAE, MAPE: 22602300.00, 22602299.00, 4556.32, 3231.02, 3.86%
Test - Best epoch, Loss, MSE, RMSE, MAE, MAPE: 1, 18232548.00, 18232547.83, 4210.24, 3244.26, 3.51%
- Epoch 010, ExpID 32478
Train - Loss: 7536243.84
Val - Loss, MSE, RMSE, MAE, MAPE: 22480244.00, 22480242.83, 4535.05, 3204.78, 3.80%
Test - Best epoch, Loss, MSE, RMSE, MAE, MAPE: 1, 18232548.00, 18232547.83, 4210.24, 3244.26, 3.51%
- Epoch 011, ExpID 32478
Train - Loss: 7636484.15
Val - Loss, MSE, RMSE, MAE, MAPE: 22105764.00, 22105764.67, 4487.22, 3176.01, 3.78%
Test - Best epoch, Loss, MSE, RMSE, MAE, MAPE: 1, 18232548.00, 18232547.83, 4210.24, 3244.26, 3.51%
Early Stopping at Epoch 11
Fold 2018 Best RMSE: 4210.2354

-------------------- [Fold: 2019] ExpID: 58709 --------------------
- Epoch 000, ExpID 58709
Train - Loss: 18878472.63
Val - Loss, MSE, RMSE, MAE, MAPE: 21675528.00, 21675526.67, 4576.13, 3567.47, 3.88%
Test - Best epoch, Loss, MSE, RMSE, MAE, MAPE: 0, 27581660.00, 27581660.17, 5105.03, 3694.38, 3.91%
- Epoch 001, ExpID 58709
Train - Loss: 11229336.86
Val - Loss, MSE, RMSE, MAE, MAPE: 18669590.00, 18669588.67, 4254.13, 3274.17, 3.53%
Test - Best epoch, Loss, MSE, RMSE, MAE, MAPE: 1, 23398446.00, 23398445.83, 4703.69, 3372.48, 3.54%
- Epoch 002, ExpID 58709
Train - Loss: 10067700.91
Val - Loss, MSE, RMSE, MAE, MAPE: 17396714.00, 17396714.17, 4107.58, 3126.56, 3.38%
Test - Best epoch, Loss, MSE, RMSE, MAE, MAPE: 2, 22233104.00, 22233104.33, 4561.11, 3218.95, 3.38%
- Epoch 003, ExpID 58709
Train - Loss: 9599158.43
Val - Loss, MSE, RMSE, MAE, MAPE: 16651614.00, 16651613.67, 4018.78, 3034.59, 3.28%
Test - Best epoch, Loss, MSE, RMSE, MAE, MAPE: 3, 21649540.00, 21649539.33, 4484.72, 3177.49, 3.33%
- Epoch 004, ExpID 58709
Train - Loss: 9350152.04
Val - Loss, MSE, RMSE, MAE, MAPE: 17174092.00, 17174092.17, 4084.39, 3053.48, 3.33%
Test - Best epoch, Loss, MSE, RMSE, MAE, MAPE: 3, 21649540.00, 21649539.33, 4484.72, 3177.49, 3.33%
- Epoch 005, ExpID 58709
Train - Loss: 9381556.99
Val - Loss, MSE, RMSE, MAE, MAPE: 16353382.00, 16353381.33, 3975.14, 3000.13, 3.24%
Test - Best epoch, Loss, MSE, RMSE, MAE, MAPE: 5, 21114396.00, 21114395.50, 4428.45, 3138.82, 3.30%
- Epoch 006, ExpID 58709
Train - Loss: 8890714.39
Val - Loss, MSE, RMSE, MAE, MAPE: 16712142.00, 16712141.50, 4020.77, 3051.72, 3.30%
Test - Best epoch, Loss, MSE, RMSE, MAE, MAPE: 5, 21114396.00, 21114395.50, 4428.45, 3138.82, 3.30%
- Epoch 007, ExpID 58709
Train - Loss: 8770141.44
Val - Loss, MSE, RMSE, MAE, MAPE: 17205456.00, 17205455.33, 4064.13, 3071.58, 3.30%
Test - Best epoch, Loss, MSE, RMSE, MAE, MAPE: 5, 21114396.00, 21114395.50, 4428.45, 3138.82, 3.30%
- Epoch 008, ExpID 58709
Train - Loss: 8592279.85
Val - Loss, MSE, RMSE, MAE, MAPE: 16548003.00, 16548001.17, 3999.29, 3002.44, 3.25%
Test - Best epoch, Loss, MSE, RMSE, MAE, MAPE: 5, 21114396.00, 21114395.50, 4428.45, 3138.82, 3.30%
- Epoch 009, ExpID 58709
Train - Loss: 8438161.71
Val - Loss, MSE, RMSE, MAE, MAPE: 17046640.00, 17046639.67, 4046.76, 3037.63, 3.29%
Test - Best epoch, Loss, MSE, RMSE, MAE, MAPE: 5, 21114396.00, 21114395.50, 4428.45, 3138.82, 3.30%
- Epoch 010, ExpID 58709
Train - Loss: 8197033.40
Val - Loss, MSE, RMSE, MAE, MAPE: 16738851.00, 16738850.17, 4010.60, 3012.77, 3.25%
Test - Best epoch, Loss, MSE, RMSE, MAE, MAPE: 5, 21114396.00, 21114395.50, 4428.45, 3138.82, 3.30%
- Epoch 011, ExpID 58709
Train - Loss: 8166347.68
Val - Loss, MSE, RMSE, MAE, MAPE: 16238983.00, 16238982.50, 3962.37, 2978.21, 3.24%
Test - Best epoch, Loss, MSE, RMSE, MAE, MAPE: 11, 21082118.00, 21082117.83, 4414.59, 3086.55, 3.26%
- Epoch 012, ExpID 58709
Train - Loss: 7978587.99
Val - Loss, MSE, RMSE, MAE, MAPE: 16567102.00, 16567101.33, 3987.82, 3007.74, 3.24%
Test - Best epoch, Loss, MSE, RMSE, MAE, MAPE: 11, 21082118.00, 21082117.83, 4414.59, 3086.55, 3.26%
- Epoch 013, ExpID 58709
Train - Loss: 7842037.23
Val - Loss, MSE, RMSE, MAE, MAPE: 16772567.00, 16772567.17, 4018.53, 3023.64, 3.27%
Test - Best epoch, Loss, MSE, RMSE, MAE, MAPE: 11, 21082118.00, 21082117.83, 4414.59, 3086.55, 3.26%
- Epoch 014, ExpID 58709
Train - Loss: 7714160.02
Val - Loss, MSE, RMSE, MAE, MAPE: 15947104.00, 15947103.50, 3930.41, 2974.50, 3.23%
Test - Best epoch, Loss, MSE, RMSE, MAE, MAPE: 14, 21201708.00, 21201705.67, 4426.40, 3135.98, 3.31%
- Epoch 015, ExpID 58709
Train - Loss: 7578507.07
Val - Loss, MSE, RMSE, MAE, MAPE: 16799046.00, 16799044.33, 4035.17, 3035.23, 3.29%
Test - Best epoch, Loss, MSE, RMSE, MAE, MAPE: 14, 21201708.00, 21201705.67, 4426.40, 3135.98, 3.31%
- Epoch 016, ExpID 58709
Train - Loss: 7557423.39
Val - Loss, MSE, RMSE, MAE, MAPE: 16038836.00, 16038836.83, 3934.16, 2960.44, 3.22%
Test - Best epoch, Loss, MSE, RMSE, MAE, MAPE: 14, 21201708.00, 21201705.67, 4426.40, 3135.98, 3.31%
- Epoch 017, ExpID 58709
Train - Loss: 7465979.40
Val - Loss, MSE, RMSE, MAE, MAPE: 16559584.00, 16559583.33, 3985.02, 3004.26, 3.24%
Test - Best epoch, Loss, MSE, RMSE, MAE, MAPE: 14, 21201708.00, 21201705.67, 4426.40, 3135.98, 3.31%
- Epoch 018, ExpID 58709
Train - Loss: 7360935.15
Val - Loss, MSE, RMSE, MAE, MAPE: 16294956.00, 16294956.33, 3951.97, 2975.93, 3.23%
Test - Best epoch, Loss, MSE, RMSE, MAE, MAPE: 14, 21201708.00, 21201705.67, 4426.40, 3135.98, 3.31%
- Epoch 019, ExpID 58709
Train - Loss: 7262426.82
Val - Loss, MSE, RMSE, MAE, MAPE: 16523090.00, 16523090.50, 3995.58, 3022.71, 3.28%
Test - Best epoch, Loss, MSE, RMSE, MAE, MAPE: 14, 21201708.00, 21201705.67, 4426.40, 3135.98, 3.31%
- Epoch 020, ExpID 58709
Train - Loss: 7263555.93
Val - Loss, MSE, RMSE, MAE, MAPE: 16518091.00, 16518089.17, 3997.00, 3033.99, 3.29%
Test - Best epoch, Loss, MSE, RMSE, MAE, MAPE: 14, 21201708.00, 21201705.67, 4426.40, 3135.98, 3.31%
- Epoch 021, ExpID 58709
Train - Loss: 7019277.94
Val - Loss, MSE, RMSE, MAE, MAPE: 17129196.00, 17129195.00, 4065.97, 3082.11, 3.32%
Test - Best epoch, Loss, MSE, RMSE, MAE, MAPE: 14, 21201708.00, 21201705.67, 4426.40, 3135.98, 3.31%
- Epoch 022, ExpID 58709
Train - Loss: 6939259.43
Val - Loss, MSE, RMSE, MAE, MAPE: 15556628.00, 15556628.00, 3878.77, 2959.58, 3.21%
Test - Best epoch, Loss, MSE, RMSE, MAE, MAPE: 22, 21377980.00, 21377978.50, 4455.98, 3165.82, 3.34%
- Epoch 023, ExpID 58709
Train - Loss: 6809623.04
Val - Loss, MSE, RMSE, MAE, MAPE: 16340174.00, 16340174.83, 3981.77, 2999.79, 3.26%
Test - Best epoch, Loss, MSE, RMSE, MAE, MAPE: 22, 21377980.00, 21377978.50, 4455.98, 3165.82, 3.34%
- Epoch 024, ExpID 58709
Train - Loss: 6638642.41
Val - Loss, MSE, RMSE, MAE, MAPE: 16953880.00, 16953877.83, 4044.37, 3091.31, 3.35%
Test - Best epoch, Loss, MSE, RMSE, MAE, MAPE: 22, 21377980.00, 21377978.50, 4455.98, 3165.82, 3.34%
- Epoch 025, ExpID 58709
Train - Loss: 6656699.27
Val - Loss, MSE, RMSE, MAE, MAPE: 16367159.00, 16367158.83, 3967.92, 3009.61, 3.26%
Test - Best epoch, Loss, MSE, RMSE, MAE, MAPE: 22, 21377980.00, 21377978.50, 4455.98, 3165.82, 3.34%
- Epoch 026, ExpID 58709
Train - Loss: 6532098.91
Val - Loss, MSE, RMSE, MAE, MAPE: 16982984.00, 16982982.00, 4040.11, 3074.28, 3.33%
Test - Best epoch, Loss, MSE, RMSE, MAE, MAPE: 22, 21377980.00, 21377978.50, 4455.98, 3165.82, 3.34%
- Epoch 027, ExpID 58709
Train - Loss: 6537345.41
Val - Loss, MSE, RMSE, MAE, MAPE: 16300062.00, 16300060.83, 3960.13, 3036.85, 3.29%
Test - Best epoch, Loss, MSE, RMSE, MAE, MAPE: 22, 21377980.00, 21377978.50, 4455.98, 3165.82, 3.34%
- Epoch 028, ExpID 58709
Train - Loss: 6249898.80
Val - Loss, MSE, RMSE, MAE, MAPE: 16508343.00, 16508341.67, 4001.02, 3064.88, 3.33%
Test - Best epoch, Loss, MSE, RMSE, MAE, MAPE: 22, 21377980.00, 21377978.50, 4455.98, 3165.82, 3.34%
- Epoch 029, ExpID 58709
Train - Loss: 6293189.84
Val - Loss, MSE, RMSE, MAE, MAPE: 16017111.00, 16017110.58, 3923.73, 2984.83, 3.24%
Test - Best epoch, Loss, MSE, RMSE, MAE, MAPE: 22, 21377980.00, 21377978.50, 4455.98, 3165.82, 3.34%
- Epoch 030, ExpID 58709
Train - Loss: 6193378.61
Val - Loss, MSE, RMSE, MAE, MAPE: 16315430.00, 16315428.83, 3956.30, 3011.31, 3.27%
Test - Best epoch, Loss, MSE, RMSE, MAE, MAPE: 22, 21377980.00, 21377978.50, 4455.98, 3165.82, 3.34%
- Epoch 031, ExpID 58709
Train - Loss: 6083753.09
Val - Loss, MSE, RMSE, MAE, MAPE: 17274974.00, 17274973.83, 4075.29, 3103.47, 3.37%
Test - Best epoch, Loss, MSE, RMSE, MAE, MAPE: 22, 21377980.00, 21377978.50, 4455.98, 3165.82, 3.34%
- Epoch 032, ExpID 58709
Train - Loss: 6020137.61
Val - Loss, MSE, RMSE, MAE, MAPE: 16493524.00, 16493524.17, 3985.67, 3039.57, 3.29%
Test - Best epoch, Loss, MSE, RMSE, MAE, MAPE: 22, 21377980.00, 21377978.50, 4455.98, 3165.82, 3.34%
Early Stopping at Epoch 32
Fold 2019 Best RMSE: 4455.9833
