DETAILED LOG | Model: nbeats | Seed: 2
FULL CONFIG: {'gpu': '1', 'target': 'arrival', 'cv_start_year': 2017, 'cv_end_year': 2019, 'test_year': 2024, 'use_corona': False, 'seq_len': 365, 'label_len': 0, 'pred_len': 1, 'batch_size': 64, 'epochs': 1000, 'patience': 10, 'lr': 1e-05, 'model': 'nbeats', 'd_model': 512, 'n_heads': 4, 'n_layers': 4, 'dropout': 0.1, 'activation': 'gelu', 'patch_len': 16, 'factor': 5, 'norm_mode': 'revin', 'use_dbloss': False, 'device': device(type='cuda'), 'stride': 16, 'file_path': 'dataset/airport_daily_flight_merged.csv', 'seed': 2, 'val_year': 2019, 'ndims': 1}

-------------------- [Fold: 2017] ExpID: 74950 --------------------
- Epoch 000, ExpID 74950
Train - Loss: 18888451.73
Val - Loss, MSE, RMSE, MAE, MAPE: 25196112.00, 25196113.00, 5003.53, 4062.34, 5.13%
Test - Best epoch, Loss, MSE, RMSE, MAE, MAPE: 0, 26767496.00, 26767496.50, 5089.67, 3987.35, 4.67%
- Epoch 001, ExpID 74950
Train - Loss: 12664314.74
Val - Loss, MSE, RMSE, MAE, MAPE: 18266672.00, 18266672.50, 4233.86, 3312.62, 4.16%
Test - Best epoch, Loss, MSE, RMSE, MAE, MAPE: 1, 20163352.00, 20163350.50, 4413.37, 3293.63, 3.84%
- Epoch 002, ExpID 74950
Train - Loss: 10231450.59
Val - Loss, MSE, RMSE, MAE, MAPE: 15832580.00, 15832579.50, 3929.89, 2997.40, 3.78%
Test - Best epoch, Loss, MSE, RMSE, MAE, MAPE: 2, 18052682.00, 18052682.00, 4172.61, 2980.52, 3.47%
- Epoch 003, ExpID 74950
Train - Loss: 9309509.89
Val - Loss, MSE, RMSE, MAE, MAPE: 14609024.00, 14609023.83, 3769.54, 2828.45, 3.57%
Test - Best epoch, Loss, MSE, RMSE, MAE, MAPE: 3, 16824988.00, 16824988.17, 4032.39, 2812.89, 3.28%
- Epoch 004, ExpID 74950
Train - Loss: 8677062.57
Val - Loss, MSE, RMSE, MAE, MAPE: 13722120.00, 13722119.50, 3649.37, 2711.29, 3.43%
Test - Best epoch, Loss, MSE, RMSE, MAE, MAPE: 4, 15901950.00, 15901950.00, 3924.07, 2698.48, 3.14%
- Epoch 005, ExpID 74950
Train - Loss: 8136758.27
Val - Loss, MSE, RMSE, MAE, MAPE: 12981472.00, 12981472.00, 3547.22, 2610.38, 3.30%
Test - Best epoch, Loss, MSE, RMSE, MAE, MAPE: 5, 15191115.00, 15191115.00, 3837.90, 2602.58, 3.03%
- Epoch 006, ExpID 74950
Train - Loss: 7685590.39
Val - Loss, MSE, RMSE, MAE, MAPE: 12351396.00, 12351396.33, 3457.75, 2534.13, 3.21%
Test - Best epoch, Loss, MSE, RMSE, MAE, MAPE: 6, 14661315.00, 14661314.33, 3774.04, 2538.62, 2.97%
- Epoch 007, ExpID 74950
Train - Loss: 7317023.43
Val - Loss, MSE, RMSE, MAE, MAPE: 11967000.00, 11967001.50, 3403.75, 2486.40, 3.15%
Test - Best epoch, Loss, MSE, RMSE, MAE, MAPE: 7, 14389747.00, 14389746.58, 3743.26, 2500.49, 2.92%
- Epoch 008, ExpID 74950
Train - Loss: 6878094.58
Val - Loss, MSE, RMSE, MAE, MAPE: 11784999.00, 11784998.83, 3378.40, 2454.17, 3.11%
Test - Best epoch, Loss, MSE, RMSE, MAE, MAPE: 8, 14381939.00, 14381937.92, 3743.08, 2499.95, 2.92%
- Epoch 009, ExpID 74950
Train - Loss: 6750671.12
Val - Loss, MSE, RMSE, MAE, MAPE: 11571446.00, 11571445.42, 3351.64, 2446.21, 3.11%
Test - Best epoch, Loss, MSE, RMSE, MAE, MAPE: 9, 14284451.00, 14284451.08, 3731.23, 2493.83, 2.92%
- Epoch 010, ExpID 74950
Train - Loss: 6179316.69
Val - Loss, MSE, RMSE, MAE, MAPE: 11839274.00, 11839273.08, 3392.10, 2473.71, 3.13%
Test - Best epoch, Loss, MSE, RMSE, MAE, MAPE: 9, 14284451.00, 14284451.08, 3731.23, 2493.83, 2.92%
- Epoch 011, ExpID 74950
Train - Loss: 5869189.47
Val - Loss, MSE, RMSE, MAE, MAPE: 12149830.00, 12149830.33, 3441.23, 2525.67, 3.18%
Test - Best epoch, Loss, MSE, RMSE, MAE, MAPE: 9, 14284451.00, 14284451.08, 3731.23, 2493.83, 2.92%
- Epoch 012, ExpID 74950
Train - Loss: 5775653.76
Val - Loss, MSE, RMSE, MAE, MAPE: 11264859.00, 11264858.17, 3319.45, 2456.11, 3.11%
Test - Best epoch, Loss, MSE, RMSE, MAE, MAPE: 12, 14395566.00, 14395564.92, 3743.86, 2505.97, 2.93%
- Epoch 013, ExpID 74950
Train - Loss: 5264481.78
Val - Loss, MSE, RMSE, MAE, MAPE: 11347194.00, 11347193.00, 3330.20, 2468.24, 3.13%
Test - Best epoch, Loss, MSE, RMSE, MAE, MAPE: 12, 14395566.00, 14395564.92, 3743.86, 2505.97, 2.93%
- Epoch 014, ExpID 74950
Train - Loss: 5026725.28
Val - Loss, MSE, RMSE, MAE, MAPE: 11708426.00, 11708425.92, 3383.20, 2496.77, 3.15%
Test - Best epoch, Loss, MSE, RMSE, MAE, MAPE: 12, 14395566.00, 14395564.92, 3743.86, 2505.97, 2.93%
- Epoch 015, ExpID 74950
Train - Loss: 4643521.41
Val - Loss, MSE, RMSE, MAE, MAPE: 11331050.00, 11331049.75, 3326.76, 2453.28, 3.11%
Test - Best epoch, Loss, MSE, RMSE, MAE, MAPE: 12, 14395566.00, 14395564.92, 3743.86, 2505.97, 2.93%
- Epoch 016, ExpID 74950
Train - Loss: 4367245.64
Val - Loss, MSE, RMSE, MAE, MAPE: 11550883.00, 11550882.50, 3363.68, 2487.62, 3.14%
Test - Best epoch, Loss, MSE, RMSE, MAE, MAPE: 12, 14395566.00, 14395564.92, 3743.86, 2505.97, 2.93%
- Epoch 017, ExpID 74950
Train - Loss: 4127113.42
Val - Loss, MSE, RMSE, MAE, MAPE: 10938088.00, 10938088.00, 3272.35, 2434.90, 3.09%
Test - Best epoch, Loss, MSE, RMSE, MAE, MAPE: 17, 15051827.00, 15051827.42, 3811.14, 2595.34, 3.05%
- Epoch 018, ExpID 74950
Train - Loss: 3889629.31
Val - Loss, MSE, RMSE, MAE, MAPE: 11694171.00, 11694171.33, 3388.98, 2515.24, 3.17%
Test - Best epoch, Loss, MSE, RMSE, MAE, MAPE: 17, 15051827.00, 15051827.42, 3811.14, 2595.34, 3.05%
- Epoch 019, ExpID 74950
Train - Loss: 3623645.35
Val - Loss, MSE, RMSE, MAE, MAPE: 11310398.00, 11310397.33, 3329.23, 2479.39, 3.15%
Test - Best epoch, Loss, MSE, RMSE, MAE, MAPE: 17, 15051827.00, 15051827.42, 3811.14, 2595.34, 3.05%
- Epoch 020, ExpID 74950
Train - Loss: 3389193.04
Val - Loss, MSE, RMSE, MAE, MAPE: 11798859.00, 11798859.08, 3401.48, 2527.91, 3.19%
Test - Best epoch, Loss, MSE, RMSE, MAE, MAPE: 17, 15051827.00, 15051827.42, 3811.14, 2595.34, 3.05%
- Epoch 021, ExpID 74950
Train - Loss: 3157389.42
Val - Loss, MSE, RMSE, MAE, MAPE: 11808319.00, 11808318.17, 3400.27, 2532.38, 3.19%
Test - Best epoch, Loss, MSE, RMSE, MAE, MAPE: 17, 15051827.00, 15051827.42, 3811.14, 2595.34, 3.05%
- Epoch 022, ExpID 74950
Train - Loss: 2911669.17
Val - Loss, MSE, RMSE, MAE, MAPE: 11074726.00, 11074726.00, 3292.54, 2482.41, 3.17%
Test - Best epoch, Loss, MSE, RMSE, MAE, MAPE: 17, 15051827.00, 15051827.42, 3811.14, 2595.34, 3.05%
- Epoch 023, ExpID 74950
Train - Loss: 2653726.16
Val - Loss, MSE, RMSE, MAE, MAPE: 11673180.00, 11673179.83, 3380.42, 2536.19, 3.21%
Test - Best epoch, Loss, MSE, RMSE, MAE, MAPE: 17, 15051827.00, 15051827.42, 3811.14, 2595.34, 3.05%
- Epoch 024, ExpID 74950
Train - Loss: 2425367.67
Val - Loss, MSE, RMSE, MAE, MAPE: 12074608.00, 12074607.83, 3441.92, 2578.25, 3.25%
Test - Best epoch, Loss, MSE, RMSE, MAE, MAPE: 17, 15051827.00, 15051827.42, 3811.14, 2595.34, 3.05%
- Epoch 025, ExpID 74950
Train - Loss: 2238207.48
Val - Loss, MSE, RMSE, MAE, MAPE: 11516658.00, 11516657.33, 3354.63, 2515.41, 3.19%
Test - Best epoch, Loss, MSE, RMSE, MAE, MAPE: 17, 15051827.00, 15051827.42, 3811.14, 2595.34, 3.05%
- Epoch 026, ExpID 74950
Train - Loss: 2038865.30
Val - Loss, MSE, RMSE, MAE, MAPE: 11847656.00, 11847656.50, 3403.08, 2569.15, 3.25%
Test - Best epoch, Loss, MSE, RMSE, MAE, MAPE: 17, 15051827.00, 15051827.42, 3811.14, 2595.34, 3.05%
- Epoch 027, ExpID 74950
Train - Loss: 1920738.99
Val - Loss, MSE, RMSE, MAE, MAPE: 11636428.00, 11636427.75, 3371.85, 2539.37, 3.24%
Test - Best epoch, Loss, MSE, RMSE, MAE, MAPE: 17, 15051827.00, 15051827.42, 3811.14, 2595.34, 3.05%
Early Stopping at Epoch 27
Fold 2017 Best RMSE: 3811.1434

-------------------- [Fold: 2018] ExpID: 28759 --------------------
- Epoch 000, ExpID 28759
Train - Loss: 19757236.25
Val - Loss, MSE, RMSE, MAE, MAPE: 26266016.00, 26266014.83, 5039.22, 3941.92, 4.62%
Test - Best epoch, Loss, MSE, RMSE, MAE, MAPE: 0, 25209332.00, 25209330.00, 4969.11, 3982.90, 4.27%
- Epoch 001, ExpID 28759
Train - Loss: 12999105.66
Val - Loss, MSE, RMSE, MAE, MAPE: 20103792.00, 20103790.50, 4398.74, 3265.60, 3.81%
Test - Best epoch, Loss, MSE, RMSE, MAE, MAPE: 1, 19985068.00, 19985067.67, 4385.28, 3289.24, 3.53%
- Epoch 002, ExpID 28759
Train - Loss: 10558641.31
Val - Loss, MSE, RMSE, MAE, MAPE: 17847228.00, 17847229.00, 4139.66, 2951.95, 3.44%
Test - Best epoch, Loss, MSE, RMSE, MAE, MAPE: 2, 18088462.00, 18088461.33, 4147.80, 3011.28, 3.24%
- Epoch 003, ExpID 28759
Train - Loss: 9511625.57
Val - Loss, MSE, RMSE, MAE, MAPE: 16411390.00, 16411389.67, 3970.90, 2777.89, 3.25%
Test - Best epoch, Loss, MSE, RMSE, MAE, MAPE: 3, 16775358.00, 16775356.33, 3979.14, 2856.96, 3.08%
- Epoch 004, ExpID 28759
Train - Loss: 8821961.71
Val - Loss, MSE, RMSE, MAE, MAPE: 15439766.00, 15439765.25, 3854.07, 2628.46, 3.07%
Test - Best epoch, Loss, MSE, RMSE, MAE, MAPE: 4, 15837408.00, 15837408.50, 3854.11, 2704.00, 2.91%
- Epoch 005, ExpID 28759
Train - Loss: 8238663.66
Val - Loss, MSE, RMSE, MAE, MAPE: 14728340.00, 14728339.67, 3768.87, 2560.42, 3.00%
Test - Best epoch, Loss, MSE, RMSE, MAE, MAPE: 5, 14916902.00, 14916900.42, 3734.21, 2641.51, 2.85%
- Epoch 006, ExpID 28759
Train - Loss: 7772237.30
Val - Loss, MSE, RMSE, MAE, MAPE: 14424918.00, 14424917.33, 3730.70, 2500.79, 2.91%
Test - Best epoch, Loss, MSE, RMSE, MAE, MAPE: 6, 14395358.00, 14395356.92, 3662.10, 2562.87, 2.75%
- Epoch 007, ExpID 28759
Train - Loss: 7341194.16
Val - Loss, MSE, RMSE, MAE, MAPE: 14190200.00, 14190199.92, 3702.56, 2490.21, 2.91%
Test - Best epoch, Loss, MSE, RMSE, MAE, MAPE: 7, 13856566.00, 13856564.42, 3593.45, 2531.89, 2.73%
- Epoch 008, ExpID 28759
Train - Loss: 6905172.27
Val - Loss, MSE, RMSE, MAE, MAPE: 14018230.00, 14018230.33, 3680.75, 2514.01, 2.94%
Test - Best epoch, Loss, MSE, RMSE, MAE, MAPE: 8, 13356598.00, 13356598.50, 3529.15, 2498.59, 2.69%
- Epoch 009, ExpID 28759
Train - Loss: 6578378.66
Val - Loss, MSE, RMSE, MAE, MAPE: 14131470.00, 14131469.25, 3694.28, 2532.07, 2.97%
Test - Best epoch, Loss, MSE, RMSE, MAE, MAPE: 8, 13356598.00, 13356598.50, 3529.15, 2498.59, 2.69%
- Epoch 010, ExpID 28759
Train - Loss: 6154337.63
Val - Loss, MSE, RMSE, MAE, MAPE: 14034514.00, 14034512.92, 3677.32, 2526.11, 2.96%
Test - Best epoch, Loss, MSE, RMSE, MAE, MAPE: 8, 13356598.00, 13356598.50, 3529.15, 2498.59, 2.69%
- Epoch 011, ExpID 28759
Train - Loss: 5814321.93
Val - Loss, MSE, RMSE, MAE, MAPE: 14089363.00, 14089362.33, 3686.11, 2532.88, 2.96%
Test - Best epoch, Loss, MSE, RMSE, MAE, MAPE: 8, 13356598.00, 13356598.50, 3529.15, 2498.59, 2.69%
- Epoch 012, ExpID 28759
Train - Loss: 5451656.13
Val - Loss, MSE, RMSE, MAE, MAPE: 14499611.00, 14499610.50, 3735.36, 2526.24, 2.94%
Test - Best epoch, Loss, MSE, RMSE, MAE, MAPE: 8, 13356598.00, 13356598.50, 3529.15, 2498.59, 2.69%
- Epoch 013, ExpID 28759
Train - Loss: 5159873.66
Val - Loss, MSE, RMSE, MAE, MAPE: 14303498.00, 14303497.00, 3710.32, 2568.78, 3.00%
Test - Best epoch, Loss, MSE, RMSE, MAE, MAPE: 8, 13356598.00, 13356598.50, 3529.15, 2498.59, 2.69%
- Epoch 014, ExpID 28759
Train - Loss: 4848610.41
Val - Loss, MSE, RMSE, MAE, MAPE: 14439487.00, 14439486.67, 3723.87, 2559.69, 2.99%
Test - Best epoch, Loss, MSE, RMSE, MAE, MAPE: 8, 13356598.00, 13356598.50, 3529.15, 2498.59, 2.69%
- Epoch 015, ExpID 28759
Train - Loss: 4529022.79
Val - Loss, MSE, RMSE, MAE, MAPE: 14500544.00, 14500545.00, 3730.84, 2604.74, 3.05%
Test - Best epoch, Loss, MSE, RMSE, MAE, MAPE: 8, 13356598.00, 13356598.50, 3529.15, 2498.59, 2.69%
- Epoch 016, ExpID 28759
Train - Loss: 4215841.06
Val - Loss, MSE, RMSE, MAE, MAPE: 14767304.00, 14767304.08, 3772.28, 2634.87, 3.09%
Test - Best epoch, Loss, MSE, RMSE, MAE, MAPE: 8, 13356598.00, 13356598.50, 3529.15, 2498.59, 2.69%
- Epoch 017, ExpID 28759
Train - Loss: 3966711.07
Val - Loss, MSE, RMSE, MAE, MAPE: 14920558.00, 14920556.92, 3789.18, 2656.00, 3.12%
Test - Best epoch, Loss, MSE, RMSE, MAE, MAPE: 8, 13356598.00, 13356598.50, 3529.15, 2498.59, 2.69%
- Epoch 018, ExpID 28759
Train - Loss: 3688772.16
Val - Loss, MSE, RMSE, MAE, MAPE: 14963728.00, 14963728.67, 3789.63, 2669.67, 3.13%
Test - Best epoch, Loss, MSE, RMSE, MAE, MAPE: 8, 13356598.00, 13356598.50, 3529.15, 2498.59, 2.69%
Early Stopping at Epoch 18
Fold 2018 Best RMSE: 3529.1500

-------------------- [Fold: 2019] ExpID: 94999 --------------------
- Epoch 000, ExpID 94999
Train - Loss: 20544163.51
Val - Loss, MSE, RMSE, MAE, MAPE: 24869956.00, 24869954.67, 4932.66, 3934.56, 4.22%
Test - Best epoch, Loss, MSE, RMSE, MAE, MAPE: 0, 30686368.00, 30686369.00, 5469.35, 4204.38, 4.37%
- Epoch 001, ExpID 94999
Train - Loss: 13392855.30
Val - Loss, MSE, RMSE, MAE, MAPE: 19817456.00, 19817455.83, 4364.56, 3262.96, 3.51%
Test - Best epoch, Loss, MSE, RMSE, MAE, MAPE: 1, 21099910.00, 21099910.67, 4508.73, 3219.66, 3.35%
- Epoch 002, ExpID 94999
Train - Loss: 10911121.22
Val - Loss, MSE, RMSE, MAE, MAPE: 17881658.00, 17881657.50, 4124.79, 3019.67, 3.25%
Test - Best epoch, Loss, MSE, RMSE, MAE, MAPE: 2, 18338020.00, 18338019.50, 4187.07, 2928.28, 3.06%
- Epoch 003, ExpID 94999
Train - Loss: 9905581.41
Val - Loss, MSE, RMSE, MAE, MAPE: 16833824.00, 16833823.17, 3992.75, 2840.61, 3.05%
Test - Best epoch, Loss, MSE, RMSE, MAE, MAPE: 3, 16763836.00, 16763836.83, 3995.04, 2744.11, 2.87%
- Epoch 004, ExpID 94999
Train - Loss: 9126252.97
Val - Loss, MSE, RMSE, MAE, MAPE: 15599843.00, 15599842.00, 3832.46, 2741.17, 2.95%
Test - Best epoch, Loss, MSE, RMSE, MAE, MAPE: 4, 15653299.00, 15653298.92, 3849.91, 2628.48, 2.76%
- Epoch 005, ExpID 94999
Train - Loss: 8562336.50
Val - Loss, MSE, RMSE, MAE, MAPE: 14920207.00, 14920206.92, 3739.58, 2654.58, 2.85%
Test - Best epoch, Loss, MSE, RMSE, MAE, MAPE: 5, 14750614.00, 14750613.50, 3728.72, 2505.58, 2.63%
- Epoch 006, ExpID 94999
Train - Loss: 8051898.52
Val - Loss, MSE, RMSE, MAE, MAPE: 14329903.00, 14329902.83, 3667.13, 2616.89, 2.81%
Test - Best epoch, Loss, MSE, RMSE, MAE, MAPE: 6, 14433614.00, 14433613.33, 3685.44, 2475.49, 2.60%
- Epoch 007, ExpID 94999
Train - Loss: 7669909.94
Val - Loss, MSE, RMSE, MAE, MAPE: 13801244.00, 13801243.58, 3595.64, 2573.97, 2.77%
Test - Best epoch, Loss, MSE, RMSE, MAE, MAPE: 7, 14123039.00, 14123038.58, 3638.13, 2431.38, 2.56%
- Epoch 008, ExpID 94999
Train - Loss: 7231011.33
Val - Loss, MSE, RMSE, MAE, MAPE: 13577379.00, 13577378.83, 3562.79, 2545.00, 2.74%
Test - Best epoch, Loss, MSE, RMSE, MAE, MAPE: 8, 13960142.00, 13960141.92, 3606.22, 2401.00, 2.53%
- Epoch 009, ExpID 94999
Train - Loss: 6839091.34
Val - Loss, MSE, RMSE, MAE, MAPE: 13128855.00, 13128854.92, 3510.51, 2517.36, 2.71%
Test - Best epoch, Loss, MSE, RMSE, MAE, MAPE: 9, 13724192.00, 13724192.67, 3578.85, 2390.82, 2.52%
- Epoch 010, ExpID 94999
Train - Loss: 6457736.22
Val - Loss, MSE, RMSE, MAE, MAPE: 12850230.00, 12850228.92, 3482.14, 2527.73, 2.72%
Test - Best epoch, Loss, MSE, RMSE, MAE, MAPE: 10, 13929278.00, 13929278.33, 3607.19, 2452.66, 2.59%
- Epoch 011, ExpID 94999
Train - Loss: 6160258.52
Val - Loss, MSE, RMSE, MAE, MAPE: 12602306.00, 12602305.25, 3447.50, 2501.13, 2.70%
Test - Best epoch, Loss, MSE, RMSE, MAE, MAPE: 11, 13708864.00, 13708864.92, 3573.80, 2417.08, 2.55%
- Epoch 012, ExpID 94999
Train - Loss: 5762263.10
Val - Loss, MSE, RMSE, MAE, MAPE: 12711942.00, 12711941.42, 3470.48, 2556.05, 2.77%
Test - Best epoch, Loss, MSE, RMSE, MAE, MAPE: 11, 13708864.00, 13708864.92, 3573.80, 2417.08, 2.55%
- Epoch 013, ExpID 94999
Train - Loss: 5450099.72
Val - Loss, MSE, RMSE, MAE, MAPE: 12537731.00, 12537730.00, 3440.86, 2458.73, 2.64%
Test - Best epoch, Loss, MSE, RMSE, MAE, MAPE: 13, 13281358.00, 13281356.58, 3524.16, 2344.27, 2.46%
- Epoch 014, ExpID 94999
Train - Loss: 5126535.15
Val - Loss, MSE, RMSE, MAE, MAPE: 12203311.00, 12203311.17, 3394.02, 2435.66, 2.61%
Test - Best epoch, Loss, MSE, RMSE, MAE, MAPE: 14, 13301348.00, 13301347.92, 3522.33, 2368.69, 2.49%
- Epoch 015, ExpID 94999
Train - Loss: 4817761.55
Val - Loss, MSE, RMSE, MAE, MAPE: 12047943.00, 12047941.42, 3377.74, 2455.23, 2.64%
Test - Best epoch, Loss, MSE, RMSE, MAE, MAPE: 15, 13191039.00, 13191039.25, 3502.75, 2362.27, 2.48%
- Epoch 016, ExpID 94999
Train - Loss: 4469947.43
Val - Loss, MSE, RMSE, MAE, MAPE: 12015443.00, 12015443.25, 3383.00, 2489.81, 2.68%
Test - Best epoch, Loss, MSE, RMSE, MAE, MAPE: 16, 13440015.00, 13440014.33, 3533.82, 2427.44, 2.55%
- Epoch 017, ExpID 94999
Train - Loss: 4191784.15
Val - Loss, MSE, RMSE, MAE, MAPE: 12006978.00, 12006977.50, 3384.32, 2512.75, 2.71%
Test - Best epoch, Loss, MSE, RMSE, MAE, MAPE: 17, 13702819.00, 13702818.83, 3563.98, 2480.13, 2.61%
- Epoch 018, ExpID 94999
Train - Loss: 3910813.67
Val - Loss, MSE, RMSE, MAE, MAPE: 12056930.00, 12056929.33, 3398.25, 2537.48, 2.75%
Test - Best epoch, Loss, MSE, RMSE, MAE, MAPE: 17, 13702819.00, 13702818.83, 3563.98, 2480.13, 2.61%
- Epoch 019, ExpID 94999
Train - Loss: 3615282.33
Val - Loss, MSE, RMSE, MAE, MAPE: 11935899.00, 11935898.42, 3376.94, 2490.13, 2.69%
Test - Best epoch, Loss, MSE, RMSE, MAE, MAPE: 19, 13640911.00, 13640909.25, 3551.90, 2475.74, 2.60%
- Epoch 020, ExpID 94999
Train - Loss: 3366814.66
Val - Loss, MSE, RMSE, MAE, MAPE: 11972311.00, 11972311.17, 3380.53, 2511.77, 2.71%
Test - Best epoch, Loss, MSE, RMSE, MAE, MAPE: 19, 13640911.00, 13640909.25, 3551.90, 2475.74, 2.60%
- Epoch 021, ExpID 94999
Train - Loss: 3081447.36
Val - Loss, MSE, RMSE, MAE, MAPE: 12127686.00, 12127685.00, 3398.53, 2511.68, 2.71%
Test - Best epoch, Loss, MSE, RMSE, MAE, MAPE: 19, 13640911.00, 13640909.25, 3551.90, 2475.74, 2.60%
- Epoch 022, ExpID 94999
Train - Loss: 2862880.88
Val - Loss, MSE, RMSE, MAE, MAPE: 12271579.00, 12271579.17, 3429.58, 2576.81, 2.79%
Test - Best epoch, Loss, MSE, RMSE, MAE, MAPE: 19, 13640911.00, 13640909.25, 3551.90, 2475.74, 2.60%
- Epoch 023, ExpID 94999
Train - Loss: 2591448.94
Val - Loss, MSE, RMSE, MAE, MAPE: 12295152.00, 12295151.50, 3428.76, 2565.15, 2.77%
Test - Best epoch, Loss, MSE, RMSE, MAE, MAPE: 19, 13640911.00, 13640909.25, 3551.90, 2475.74, 2.60%
- Epoch 024, ExpID 94999
Train - Loss: 2354483.43
Val - Loss, MSE, RMSE, MAE, MAPE: 12338872.00, 12338870.58, 3434.85, 2541.33, 2.73%
Test - Best epoch, Loss, MSE, RMSE, MAE, MAPE: 19, 13640911.00, 13640909.25, 3551.90, 2475.74, 2.60%
- Epoch 025, ExpID 94999
Train - Loss: 2162188.89
Val - Loss, MSE, RMSE, MAE, MAPE: 12362658.00, 12362657.08, 3445.19, 2581.02, 2.79%
Test - Best epoch, Loss, MSE, RMSE, MAE, MAPE: 19, 13640911.00, 13640909.25, 3551.90, 2475.74, 2.60%
- Epoch 026, ExpID 94999
Train - Loss: 1972682.59
Val - Loss, MSE, RMSE, MAE, MAPE: 12414599.00, 12414599.67, 3452.80, 2589.32, 2.79%
Test - Best epoch, Loss, MSE, RMSE, MAE, MAPE: 19, 13640911.00, 13640909.25, 3551.90, 2475.74, 2.60%
- Epoch 027, ExpID 94999
Train - Loss: 1797015.15
Val - Loss, MSE, RMSE, MAE, MAPE: 12418559.00, 12418560.08, 3449.62, 2590.42, 2.80%
Test - Best epoch, Loss, MSE, RMSE, MAE, MAPE: 19, 13640911.00, 13640909.25, 3551.90, 2475.74, 2.60%
- Epoch 028, ExpID 94999
Train - Loss: 1607299.82
Val - Loss, MSE, RMSE, MAE, MAPE: 12455756.00, 12455755.58, 3458.69, 2587.09, 2.79%
Test - Best epoch, Loss, MSE, RMSE, MAE, MAPE: 19, 13640911.00, 13640909.25, 3551.90, 2475.74, 2.60%
- Epoch 029, ExpID 94999
Train - Loss: 1460778.66
Val - Loss, MSE, RMSE, MAE, MAPE: 12561414.00, 12561412.67, 3467.02, 2606.08, 2.81%
Test - Best epoch, Loss, MSE, RMSE, MAE, MAPE: 19, 13640911.00, 13640909.25, 3551.90, 2475.74, 2.60%
Early Stopping at Epoch 29
Fold 2019 Best RMSE: 3551.8998
