DETAILED LOG | Model: nbeats | Seed: 1
FULL CONFIG: {'gpu': '6', 'target': 'arrival', 'cv_start_year': 2017, 'cv_end_year': 2019, 'test_year': 2024, 'use_corona': False, 'seq_len': 56, 'label_len': 0, 'pred_len': 56, 'batch_size': 256, 'epochs': 1000, 'patience': 10, 'lr': 0.0001, 'model': 'nbeats', 'd_model': 512, 'n_heads': 8, 'n_layers': 4, 'dropout': 0.1, 'activation': 'gelu', 'patch_len': 7, 'factor': 5, 'norm_mode': 'revin', 'use_covar': False, 'use_dbloss': False, 'device': device(type='cuda'), 'stride': 7, 'file_path': 'dataset/airport_flight_with_holiday.csv', 'seed': 1, 'val_year': 2019, 'ndims': 1}

-------------------- [Fold: 2017] ExpID: 10078 --------------------
- Epoch 000, ExpID 10078
Train - Loss: 64288844.40
Val - Loss, MSE, RMSE, MAE, MAPE: 106085560.00, 106085560.00, 10298.88, 8196.20, 10.54%
Test - Best epoch, Loss, MSE, RMSE, MAE, MAPE: 0, 159943360.00, 159943364.00, 12579.31, 9713.23, 11.36%
- Epoch 001, ExpID 10078
Train - Loss: 45521658.60
Val - Loss, MSE, RMSE, MAE, MAPE: 74377168.00, 74377172.00, 8624.08, 6791.51, 8.75%
Test - Best epoch, Loss, MSE, RMSE, MAE, MAPE: 1, 113667224.00, 113667224.00, 10629.30, 7983.76, 9.35%
- Epoch 002, ExpID 10078
Train - Loss: 37102528.80
Val - Loss, MSE, RMSE, MAE, MAPE: 57366720.00, 57366722.00, 7559.22, 6010.82, 7.73%
Test - Best epoch, Loss, MSE, RMSE, MAE, MAPE: 2, 89016864.00, 89016868.00, 9432.35, 7093.59, 8.27%
- Epoch 003, ExpID 10078
Train - Loss: 33919656.00
Val - Loss, MSE, RMSE, MAE, MAPE: 47700460.00, 47700460.00, 6834.89, 5360.81, 6.82%
Test - Best epoch, Loss, MSE, RMSE, MAE, MAPE: 3, 83364616.00, 83364616.00, 9129.63, 6833.85, 7.87%
- Epoch 004, ExpID 10078
Train - Loss: 31908436.80
Val - Loss, MSE, RMSE, MAE, MAPE: 46795736.00, 46795738.00, 6798.85, 5391.95, 6.98%
Test - Best epoch, Loss, MSE, RMSE, MAE, MAPE: 4, 80588832.00, 80588828.00, 8974.74, 6789.24, 7.92%
- Epoch 005, ExpID 10078
Train - Loss: 31098930.80
Val - Loss, MSE, RMSE, MAE, MAPE: 42198200.00, 42198202.00, 6404.62, 4979.43, 6.34%
Test - Best epoch, Loss, MSE, RMSE, MAE, MAPE: 5, 79651920.00, 79651924.00, 8922.99, 6672.98, 7.68%
- Epoch 006, ExpID 10078
Train - Loss: 30154945.90
Val - Loss, MSE, RMSE, MAE, MAPE: 40578324.00, 40578323.00, 6279.61, 4899.37, 6.27%
Test - Best epoch, Loss, MSE, RMSE, MAE, MAPE: 6, 78155672.00, 78155672.00, 8838.03, 6662.53, 7.70%
- Epoch 007, ExpID 10078
Train - Loss: 29558668.50
Val - Loss, MSE, RMSE, MAE, MAPE: 39963468.00, 39963469.00, 6216.19, 4796.57, 6.08%
Test - Best epoch, Loss, MSE, RMSE, MAE, MAPE: 7, 80814384.00, 80814380.00, 8985.60, 6741.31, 7.73%
- Epoch 008, ExpID 10078
Train - Loss: 29156750.40
Val - Loss, MSE, RMSE, MAE, MAPE: 41128876.00, 41128876.00, 6361.03, 5029.63, 6.49%
Test - Best epoch, Loss, MSE, RMSE, MAE, MAPE: 7, 80814384.00, 80814380.00, 8985.60, 6741.31, 7.73%
- Epoch 009, ExpID 10078
Train - Loss: 28542913.10
Val - Loss, MSE, RMSE, MAE, MAPE: 38364144.00, 38364146.00, 6098.12, 4708.57, 6.00%
Test - Best epoch, Loss, MSE, RMSE, MAE, MAPE: 9, 80241744.00, 80241744.00, 8951.64, 6773.83, 7.79%
- Epoch 010, ExpID 10078
Train - Loss: 27795103.90
Val - Loss, MSE, RMSE, MAE, MAPE: 37765968.00, 37765966.00, 6028.28, 4604.48, 5.82%
Test - Best epoch, Loss, MSE, RMSE, MAE, MAPE: 10, 85851528.00, 85851528.00, 9250.94, 6985.23, 7.99%
- Epoch 011, ExpID 10078
Train - Loss: 27583003.80
Val - Loss, MSE, RMSE, MAE, MAPE: 37640664.00, 37640663.00, 6019.89, 4592.53, 5.79%
Test - Best epoch, Loss, MSE, RMSE, MAE, MAPE: 11, 85593048.00, 85593048.00, 9235.80, 6948.94, 7.93%
- Epoch 012, ExpID 10078
Train - Loss: 27645960.90
Val - Loss, MSE, RMSE, MAE, MAPE: 38474004.00, 38474004.00, 6135.68, 4797.42, 6.20%
Test - Best epoch, Loss, MSE, RMSE, MAE, MAPE: 11, 85593048.00, 85593048.00, 9235.80, 6948.94, 7.93%
- Epoch 013, ExpID 10078
Train - Loss: 26551900.10
Val - Loss, MSE, RMSE, MAE, MAPE: 36550720.00, 36550720.00, 5950.29, 4546.78, 5.78%
Test - Best epoch, Loss, MSE, RMSE, MAE, MAPE: 13, 83325040.00, 83325044.00, 9105.03, 6883.59, 7.90%
- Epoch 014, ExpID 10078
Train - Loss: 26038835.00
Val - Loss, MSE, RMSE, MAE, MAPE: 36565400.00, 36565401.00, 5945.39, 4506.54, 5.68%
Test - Best epoch, Loss, MSE, RMSE, MAE, MAPE: 13, 83325040.00, 83325044.00, 9105.03, 6883.59, 7.90%
- Epoch 015, ExpID 10078
Train - Loss: 25763360.30
Val - Loss, MSE, RMSE, MAE, MAPE: 35696320.00, 35696321.00, 5875.71, 4462.94, 5.64%
Test - Best epoch, Loss, MSE, RMSE, MAE, MAPE: 15, 84868848.00, 84868844.00, 9193.03, 6922.72, 7.92%
- Epoch 016, ExpID 10078
Train - Loss: 24995799.00
Val - Loss, MSE, RMSE, MAE, MAPE: 35622256.00, 35622256.00, 5867.89, 4456.11, 5.62%
Test - Best epoch, Loss, MSE, RMSE, MAE, MAPE: 16, 86876912.00, 86876912.00, 9297.52, 7024.77, 8.04%
- Epoch 017, ExpID 10078
Train - Loss: 24510022.40
Val - Loss, MSE, RMSE, MAE, MAPE: 35175224.00, 35175224.00, 5849.82, 4437.86, 5.62%
Test - Best epoch, Loss, MSE, RMSE, MAE, MAPE: 17, 85951184.00, 85951188.00, 9247.10, 7015.13, 8.05%
- Epoch 018, ExpID 10078
Train - Loss: 24079381.20
Val - Loss, MSE, RMSE, MAE, MAPE: 36211744.00, 36211744.00, 5937.11, 4501.02, 5.67%
Test - Best epoch, Loss, MSE, RMSE, MAE, MAPE: 17, 85951184.00, 85951188.00, 9247.10, 7015.13, 8.05%
- Epoch 019, ExpID 10078
Train - Loss: 23649022.90
Val - Loss, MSE, RMSE, MAE, MAPE: 35252896.00, 35252896.00, 5861.48, 4409.77, 5.56%
Test - Best epoch, Loss, MSE, RMSE, MAE, MAPE: 17, 85951184.00, 85951188.00, 9247.10, 7015.13, 8.05%
- Epoch 020, ExpID 10078
Train - Loss: 23076001.50
Val - Loss, MSE, RMSE, MAE, MAPE: 39407400.00, 39407398.00, 6222.24, 4703.00, 5.87%
Test - Best epoch, Loss, MSE, RMSE, MAE, MAPE: 17, 85951184.00, 85951188.00, 9247.10, 7015.13, 8.05%
- Epoch 021, ExpID 10078
Train - Loss: 22649932.00
Val - Loss, MSE, RMSE, MAE, MAPE: 35147104.00, 35147104.00, 5863.76, 4432.89, 5.62%
Test - Best epoch, Loss, MSE, RMSE, MAE, MAPE: 21, 91420048.00, 91420052.00, 9507.72, 7221.28, 8.30%
- Epoch 022, ExpID 10078
Train - Loss: 21989101.10
Val - Loss, MSE, RMSE, MAE, MAPE: 35334456.00, 35334457.00, 5883.86, 4430.17, 5.60%
Test - Best epoch, Loss, MSE, RMSE, MAE, MAPE: 21, 91420048.00, 91420052.00, 9507.72, 7221.28, 8.30%
- Epoch 023, ExpID 10078
Train - Loss: 22338430.60
Val - Loss, MSE, RMSE, MAE, MAPE: 43911912.00, 43911914.00, 6591.72, 5062.00, 6.28%
Test - Best epoch, Loss, MSE, RMSE, MAE, MAPE: 21, 91420048.00, 91420052.00, 9507.72, 7221.28, 8.30%
- Epoch 024, ExpID 10078
Train - Loss: 21517970.20
Val - Loss, MSE, RMSE, MAE, MAPE: 33730296.00, 33730297.00, 5748.26, 4331.91, 5.52%
Test - Best epoch, Loss, MSE, RMSE, MAE, MAPE: 24, 91653392.00, 91653392.00, 9530.74, 7275.67, 8.41%
- Epoch 025, ExpID 10078
Train - Loss: 20682278.30
Val - Loss, MSE, RMSE, MAE, MAPE: 36475824.00, 36475826.00, 5993.30, 4540.71, 5.72%
Test - Best epoch, Loss, MSE, RMSE, MAE, MAPE: 24, 91653392.00, 91653392.00, 9530.74, 7275.67, 8.41%
- Epoch 026, ExpID 10078
Train - Loss: 20248735.10
Val - Loss, MSE, RMSE, MAE, MAPE: 36056520.00, 36056518.00, 5959.98, 4478.61, 5.63%
Test - Best epoch, Loss, MSE, RMSE, MAE, MAPE: 24, 91653392.00, 91653392.00, 9530.74, 7275.67, 8.41%
- Epoch 027, ExpID 10078
Train - Loss: 19620110.20
Val - Loss, MSE, RMSE, MAE, MAPE: 35248236.00, 35248236.00, 5891.12, 4468.09, 5.65%
Test - Best epoch, Loss, MSE, RMSE, MAE, MAPE: 24, 91653392.00, 91653392.00, 9530.74, 7275.67, 8.41%
- Epoch 028, ExpID 10078
Train - Loss: 19438489.60
Val - Loss, MSE, RMSE, MAE, MAPE: 35050224.00, 35050222.00, 5866.62, 4480.77, 5.75%
Test - Best epoch, Loss, MSE, RMSE, MAE, MAPE: 24, 91653392.00, 91653392.00, 9530.74, 7275.67, 8.41%
- Epoch 029, ExpID 10078
Train - Loss: 19180349.30
Val - Loss, MSE, RMSE, MAE, MAPE: 38351648.00, 38351647.00, 6163.99, 4685.25, 5.90%
Test - Best epoch, Loss, MSE, RMSE, MAE, MAPE: 24, 91653392.00, 91653392.00, 9530.74, 7275.67, 8.41%
- Epoch 030, ExpID 10078
Train - Loss: 18679293.40
Val - Loss, MSE, RMSE, MAE, MAPE: 38410868.00, 38410869.00, 6167.97, 4706.34, 5.90%
Test - Best epoch, Loss, MSE, RMSE, MAE, MAPE: 24, 91653392.00, 91653392.00, 9530.74, 7275.67, 8.41%
- Epoch 031, ExpID 10078
Train - Loss: 18313417.20
Val - Loss, MSE, RMSE, MAE, MAPE: 37357120.00, 37357119.00, 6083.53, 4630.16, 5.84%
Test - Best epoch, Loss, MSE, RMSE, MAE, MAPE: 24, 91653392.00, 91653392.00, 9530.74, 7275.67, 8.41%
- Epoch 032, ExpID 10078
Train - Loss: 17887026.55
Val - Loss, MSE, RMSE, MAE, MAPE: 36004828.00, 36004827.00, 5961.00, 4525.24, 5.74%
Test - Best epoch, Loss, MSE, RMSE, MAE, MAPE: 24, 91653392.00, 91653392.00, 9530.74, 7275.67, 8.41%
- Epoch 033, ExpID 10078
Train - Loss: 17432787.40
Val - Loss, MSE, RMSE, MAE, MAPE: 35848196.00, 35848195.00, 5946.68, 4531.07, 5.75%
Test - Best epoch, Loss, MSE, RMSE, MAE, MAPE: 24, 91653392.00, 91653392.00, 9530.74, 7275.67, 8.41%
- Epoch 034, ExpID 10078
Train - Loss: 17224645.45
Val - Loss, MSE, RMSE, MAE, MAPE: 37052480.00, 37052482.00, 6053.66, 4602.32, 5.80%
Test - Best epoch, Loss, MSE, RMSE, MAE, MAPE: 24, 91653392.00, 91653392.00, 9530.74, 7275.67, 8.41%
Early Stopping at Epoch 34
Fold 2017 Best RMSE: 9530.7368

-------------------- [Fold: 2018] ExpID: 95672 --------------------
- Epoch 000, ExpID 95672
Train - Loss: 68263367.62
Val - Loss, MSE, RMSE, MAE, MAPE: 159536368.00, 159536372.00, 12566.07, 9681.52, 11.36%
Test - Best epoch, Loss, MSE, RMSE, MAE, MAPE: 0, 110807344.00, 110807344.00, 10508.06, 8401.85, 9.18%
- Epoch 001, ExpID 95672
Train - Loss: 48110743.43
Val - Loss, MSE, RMSE, MAE, MAPE: 109831744.00, 109831748.00, 10457.71, 7871.14, 9.23%
Test - Best epoch, Loss, MSE, RMSE, MAE, MAPE: 1, 75851888.00, 75851888.00, 8706.82, 6781.79, 7.43%
- Epoch 002, ExpID 95672
Train - Loss: 38490170.67
Val - Loss, MSE, RMSE, MAE, MAPE: 90093448.00, 90093448.00, 9487.11, 7134.05, 8.27%
Test - Best epoch, Loss, MSE, RMSE, MAE, MAPE: 2, 61973752.00, 61973750.00, 7870.91, 6158.66, 6.71%
- Epoch 003, ExpID 95672
Train - Loss: 34588845.52
Val - Loss, MSE, RMSE, MAE, MAPE: 84020848.00, 84020852.00, 9162.97, 6931.55, 7.97%
Test - Best epoch, Loss, MSE, RMSE, MAE, MAPE: 3, 55253060.00, 55253060.00, 7419.65, 5810.44, 6.28%
- Epoch 004, ExpID 95672
Train - Loss: 32691424.10
Val - Loss, MSE, RMSE, MAE, MAPE: 82231536.00, 82231536.00, 9063.78, 6940.33, 8.02%
Test - Best epoch, Loss, MSE, RMSE, MAE, MAPE: 4, 52696472.00, 52696474.00, 7232.57, 5687.49, 6.18%
- Epoch 005, ExpID 95672
Train - Loss: 31526239.24
Val - Loss, MSE, RMSE, MAE, MAPE: 85665808.00, 85665808.00, 9244.13, 7059.28, 8.10%
Test - Best epoch, Loss, MSE, RMSE, MAE, MAPE: 4, 52696472.00, 52696474.00, 7232.57, 5687.49, 6.18%
- Epoch 006, ExpID 95672
Train - Loss: 30948467.14
Val - Loss, MSE, RMSE, MAE, MAPE: 86424912.00, 86424916.00, 9282.47, 7067.30, 8.10%
Test - Best epoch, Loss, MSE, RMSE, MAE, MAPE: 4, 52696472.00, 52696474.00, 7232.57, 5687.49, 6.18%
- Epoch 007, ExpID 95672
Train - Loss: 30209791.52
Val - Loss, MSE, RMSE, MAE, MAPE: 87678672.00, 87678676.00, 9345.38, 7135.25, 8.18%
Test - Best epoch, Loss, MSE, RMSE, MAE, MAPE: 4, 52696472.00, 52696474.00, 7232.57, 5687.49, 6.18%
- Epoch 008, ExpID 95672
Train - Loss: 29564914.29
Val - Loss, MSE, RMSE, MAE, MAPE: 86297584.00, 86297588.00, 9271.57, 7089.11, 8.14%
Test - Best epoch, Loss, MSE, RMSE, MAE, MAPE: 4, 52696472.00, 52696474.00, 7232.57, 5687.49, 6.18%
- Epoch 009, ExpID 95672
Train - Loss: 29495531.24
Val - Loss, MSE, RMSE, MAE, MAPE: 92623392.00, 92623396.00, 9599.29, 7251.00, 8.26%
Test - Best epoch, Loss, MSE, RMSE, MAE, MAPE: 4, 52696472.00, 52696474.00, 7232.57, 5687.49, 6.18%
- Epoch 010, ExpID 95672
Train - Loss: 28837808.00
Val - Loss, MSE, RMSE, MAE, MAPE: 91462592.00, 91462592.00, 9534.87, 7243.20, 8.28%
Test - Best epoch, Loss, MSE, RMSE, MAE, MAPE: 4, 52696472.00, 52696474.00, 7232.57, 5687.49, 6.18%
- Epoch 011, ExpID 95672
Train - Loss: 28835542.48
Val - Loss, MSE, RMSE, MAE, MAPE: 85350128.00, 85350128.00, 9215.10, 7097.89, 8.20%
Test - Best epoch, Loss, MSE, RMSE, MAE, MAPE: 4, 52696472.00, 52696474.00, 7232.57, 5687.49, 6.18%
- Epoch 012, ExpID 95672
Train - Loss: 27954422.48
Val - Loss, MSE, RMSE, MAE, MAPE: 84806352.00, 84806352.00, 9182.89, 7151.20, 8.29%
Test - Best epoch, Loss, MSE, RMSE, MAE, MAPE: 4, 52696472.00, 52696474.00, 7232.57, 5687.49, 6.18%
- Epoch 013, ExpID 95672
Train - Loss: 27233690.19
Val - Loss, MSE, RMSE, MAE, MAPE: 86967200.00, 86967204.00, 9292.00, 7123.36, 8.20%
Test - Best epoch, Loss, MSE, RMSE, MAE, MAPE: 4, 52696472.00, 52696474.00, 7232.57, 5687.49, 6.18%
- Epoch 014, ExpID 95672
Train - Loss: 26967188.38
Val - Loss, MSE, RMSE, MAE, MAPE: 85228448.00, 85228444.00, 9200.94, 7097.92, 8.21%
Test - Best epoch, Loss, MSE, RMSE, MAE, MAPE: 4, 52696472.00, 52696474.00, 7232.57, 5687.49, 6.18%
Early Stopping at Epoch 14
Fold 2018 Best RMSE: 7232.5750

-------------------- [Fold: 2019] ExpID: 52323 --------------------
- Epoch 000, ExpID 52323
Train - Loss: 72723412.00
Val - Loss, MSE, RMSE, MAE, MAPE: 106563728.00, 106563732.00, 10301.95, 8219.01, 9.00%
Test - Best epoch, Loss, MSE, RMSE, MAE, MAPE: 0, 111277824.00, 111277820.00, 10513.35, 8332.87, 8.93%
- Epoch 001, ExpID 52323
Train - Loss: 49116988.52
Val - Loss, MSE, RMSE, MAE, MAPE: 70439472.00, 70439468.00, 8392.68, 6543.54, 7.16%
Test - Best epoch, Loss, MSE, RMSE, MAE, MAPE: 1, 70006736.00, 70006732.00, 8300.68, 6528.54, 6.99%
- Epoch 002, ExpID 52323
Train - Loss: 40290498.43
Val - Loss, MSE, RMSE, MAE, MAPE: 60811016.00, 60811014.00, 7791.75, 6107.93, 6.74%
Test - Best epoch, Loss, MSE, RMSE, MAE, MAPE: 2, 70503472.00, 70503476.00, 8355.94, 6625.22, 7.17%
- Epoch 003, ExpID 52323
Train - Loss: 36950536.35
Val - Loss, MSE, RMSE, MAE, MAPE: 54909612.00, 54909612.00, 7393.79, 5795.62, 6.32%
Test - Best epoch, Loss, MSE, RMSE, MAE, MAPE: 3, 59821284.00, 59821284.00, 7628.09, 5981.96, 6.43%
- Epoch 004, ExpID 52323
Train - Loss: 35232834.78
Val - Loss, MSE, RMSE, MAE, MAPE: 52986600.00, 52986602.00, 7256.86, 5689.85, 6.17%
Test - Best epoch, Loss, MSE, RMSE, MAE, MAPE: 4, 54693424.00, 54693422.00, 7229.64, 5655.12, 6.06%
- Epoch 005, ExpID 52323
Train - Loss: 33798775.30
Val - Loss, MSE, RMSE, MAE, MAPE: 52025364.00, 52025364.00, 7184.98, 5643.43, 6.16%
Test - Best epoch, Loss, MSE, RMSE, MAE, MAPE: 5, 59936216.00, 59936216.00, 7639.44, 5996.23, 6.45%
- Epoch 006, ExpID 52323
Train - Loss: 33063415.57
Val - Loss, MSE, RMSE, MAE, MAPE: 51912676.00, 51912676.00, 7185.70, 5641.02, 6.08%
Test - Best epoch, Loss, MSE, RMSE, MAE, MAPE: 6, 52030420.00, 52030421.00, 7014.70, 5474.15, 5.83%
- Epoch 007, ExpID 52323
Train - Loss: 32464600.17
Val - Loss, MSE, RMSE, MAE, MAPE: 50810948.00, 50810948.00, 7110.47, 5583.54, 6.07%
Test - Best epoch, Loss, MSE, RMSE, MAE, MAPE: 7, 55463696.00, 55463696.00, 7306.57, 5722.93, 6.13%
- Epoch 008, ExpID 52323
Train - Loss: 31681871.04
Val - Loss, MSE, RMSE, MAE, MAPE: 49581792.00, 49581792.00, 7013.89, 5516.10, 6.05%
Test - Best epoch, Loss, MSE, RMSE, MAE, MAPE: 8, 60213668.00, 60213668.00, 7663.25, 6033.09, 6.50%
- Epoch 009, ExpID 52323
Train - Loss: 31213938.43
Val - Loss, MSE, RMSE, MAE, MAPE: 49277060.00, 49277060.00, 7000.05, 5496.87, 5.99%
Test - Best epoch, Loss, MSE, RMSE, MAE, MAPE: 9, 56916576.00, 56916576.00, 7424.81, 5831.78, 6.26%
- Epoch 010, ExpID 52323
Train - Loss: 30564696.78
Val - Loss, MSE, RMSE, MAE, MAPE: 50995864.00, 50995862.00, 7129.88, 5600.69, 6.02%
Test - Best epoch, Loss, MSE, RMSE, MAE, MAPE: 9, 56916576.00, 56916576.00, 7424.81, 5831.78, 6.26%
- Epoch 011, ExpID 52323
Train - Loss: 30111868.96
Val - Loss, MSE, RMSE, MAE, MAPE: 50270720.00, 50270718.00, 7078.86, 5554.53, 5.99%
Test - Best epoch, Loss, MSE, RMSE, MAE, MAPE: 9, 56916576.00, 56916576.00, 7424.81, 5831.78, 6.26%
- Epoch 012, ExpID 52323
Train - Loss: 29343105.04
Val - Loss, MSE, RMSE, MAE, MAPE: 48822592.00, 48822592.00, 6969.45, 5481.28, 6.00%
Test - Best epoch, Loss, MSE, RMSE, MAE, MAPE: 12, 60218504.00, 60218504.00, 7684.99, 6049.65, 6.50%
- Epoch 013, ExpID 52323
Train - Loss: 29197555.83
Val - Loss, MSE, RMSE, MAE, MAPE: 49992808.00, 49992806.00, 7057.33, 5543.43, 6.11%
Test - Best epoch, Loss, MSE, RMSE, MAE, MAPE: 12, 60218504.00, 60218504.00, 7684.99, 6049.65, 6.50%
- Epoch 014, ExpID 52323
Train - Loss: 28846436.43
Val - Loss, MSE, RMSE, MAE, MAPE: 49826976.00, 49826974.00, 7048.13, 5537.17, 5.96%
Test - Best epoch, Loss, MSE, RMSE, MAE, MAPE: 12, 60218504.00, 60218504.00, 7684.99, 6049.65, 6.50%
- Epoch 015, ExpID 52323
Train - Loss: 27873617.74
Val - Loss, MSE, RMSE, MAE, MAPE: 48027672.00, 48027670.00, 6915.53, 5447.24, 5.91%
Test - Best epoch, Loss, MSE, RMSE, MAE, MAPE: 15, 56872780.00, 56872780.00, 7453.46, 5874.35, 6.29%
- Epoch 016, ExpID 52323
Train - Loss: 27147795.83
Val - Loss, MSE, RMSE, MAE, MAPE: 48219276.00, 48219276.00, 6933.65, 5450.32, 5.95%
Test - Best epoch, Loss, MSE, RMSE, MAE, MAPE: 15, 56872780.00, 56872780.00, 7453.46, 5874.35, 6.29%
- Epoch 017, ExpID 52323
Train - Loss: 26681567.57
Val - Loss, MSE, RMSE, MAE, MAPE: 48398776.00, 48398776.00, 6945.83, 5459.39, 5.90%
Test - Best epoch, Loss, MSE, RMSE, MAE, MAPE: 15, 56872780.00, 56872780.00, 7453.46, 5874.35, 6.29%
- Epoch 018, ExpID 52323
Train - Loss: 26100122.78
Val - Loss, MSE, RMSE, MAE, MAPE: 49022048.00, 49022046.00, 6994.57, 5494.25, 5.94%
Test - Best epoch, Loss, MSE, RMSE, MAE, MAPE: 15, 56872780.00, 56872780.00, 7453.46, 5874.35, 6.29%
- Epoch 019, ExpID 52323
Train - Loss: 25528518.09
Val - Loss, MSE, RMSE, MAE, MAPE: 48137424.00, 48137426.00, 6927.22, 5446.93, 5.89%
Test - Best epoch, Loss, MSE, RMSE, MAE, MAPE: 15, 56872780.00, 56872780.00, 7453.46, 5874.35, 6.29%
- Epoch 020, ExpID 52323
Train - Loss: 25184807.83
Val - Loss, MSE, RMSE, MAE, MAPE: 47989456.00, 47989458.00, 6920.76, 5419.39, 5.89%
Test - Best epoch, Loss, MSE, RMSE, MAE, MAPE: 20, 58967992.00, 58967990.00, 7631.32, 5995.50, 6.44%
- Epoch 021, ExpID 52323
Train - Loss: 24845525.83
Val - Loss, MSE, RMSE, MAE, MAPE: 52036140.00, 52036140.00, 7206.27, 5643.72, 6.25%
Test - Best epoch, Loss, MSE, RMSE, MAE, MAPE: 20, 58967992.00, 58967990.00, 7631.32, 5995.50, 6.44%
- Epoch 022, ExpID 52323
Train - Loss: 25809285.91
Val - Loss, MSE, RMSE, MAE, MAPE: 51124800.00, 51124802.00, 7146.06, 5598.52, 6.16%
Test - Best epoch, Loss, MSE, RMSE, MAE, MAPE: 20, 58967992.00, 58967990.00, 7631.32, 5995.50, 6.44%
- Epoch 023, ExpID 52323
Train - Loss: 24371264.09
Val - Loss, MSE, RMSE, MAE, MAPE: 48981892.00, 48981892.00, 6993.17, 5454.85, 5.92%
Test - Best epoch, Loss, MSE, RMSE, MAE, MAPE: 20, 58967992.00, 58967990.00, 7631.32, 5995.50, 6.44%
- Epoch 024, ExpID 52323
Train - Loss: 23139564.61
Val - Loss, MSE, RMSE, MAE, MAPE: 48863792.00, 48863792.00, 6985.34, 5470.64, 5.95%
Test - Best epoch, Loss, MSE, RMSE, MAE, MAPE: 20, 58967992.00, 58967990.00, 7631.32, 5995.50, 6.44%
- Epoch 025, ExpID 52323
Train - Loss: 22815010.35
Val - Loss, MSE, RMSE, MAE, MAPE: 50388632.00, 50388632.00, 7097.07, 5569.08, 6.00%
Test - Best epoch, Loss, MSE, RMSE, MAE, MAPE: 20, 58967992.00, 58967990.00, 7631.32, 5995.50, 6.44%
- Epoch 026, ExpID 52323
Train - Loss: 22265402.96
Val - Loss, MSE, RMSE, MAE, MAPE: 49797248.00, 49797248.00, 7051.10, 5501.33, 5.99%
Test - Best epoch, Loss, MSE, RMSE, MAE, MAPE: 20, 58967992.00, 58967990.00, 7631.32, 5995.50, 6.44%
- Epoch 027, ExpID 52323
Train - Loss: 22411578.61
Val - Loss, MSE, RMSE, MAE, MAPE: 53846340.00, 53846340.00, 7337.59, 5748.85, 6.15%
Test - Best epoch, Loss, MSE, RMSE, MAE, MAPE: 20, 58967992.00, 58967990.00, 7631.32, 5995.50, 6.44%
- Epoch 028, ExpID 52323
Train - Loss: 21825341.83
Val - Loss, MSE, RMSE, MAE, MAPE: 48853216.00, 48853214.00, 6980.79, 5466.34, 5.93%
Test - Best epoch, Loss, MSE, RMSE, MAE, MAPE: 20, 58967992.00, 58967990.00, 7631.32, 5995.50, 6.44%
- Epoch 029, ExpID 52323
Train - Loss: 21313619.39
Val - Loss, MSE, RMSE, MAE, MAPE: 52771000.00, 52770998.00, 7263.69, 5678.01, 6.11%
Test - Best epoch, Loss, MSE, RMSE, MAE, MAPE: 20, 58967992.00, 58967990.00, 7631.32, 5995.50, 6.44%
- Epoch 030, ExpID 52323
Train - Loss: 21069755.65
Val - Loss, MSE, RMSE, MAE, MAPE: 50711580.00, 50711580.00, 7118.41, 5567.15, 6.03%
Test - Best epoch, Loss, MSE, RMSE, MAE, MAPE: 20, 58967992.00, 58967990.00, 7631.32, 5995.50, 6.44%
Early Stopping at Epoch 30
Fold 2019 Best RMSE: 7631.3235
