DETAILED LOG | Model: lstm | Seed: 3
FULL CONFIG: {'gpu': '1', 'target': 'arrival', 'cv_start_year': 2017, 'cv_end_year': 2019, 'test_year': 2024, 'use_corona': False, 'seq_len': 28, 'label_len': 0, 'pred_len': 1, 'batch_size': 64, 'epochs': 1000, 'patience': 10, 'lr': 0.0001, 'model': 'lstm', 'd_model': 512, 'n_heads': 4, 'n_layers': 3, 'dropout': 0.1, 'activation': 'gelu', 'patch_len': 16, 'factor': 5, 'norm_mode': 'revin', 'use_dbloss': False, 'device': device(type='cuda'), 'stride': 16, 'file_path': 'dataset/airport_daily_flight_merged.csv', 'seed': 3, 'val_year': 2019, 'ndims': 1}

-------------------- [Fold: 2017] ExpID: 5621 --------------------
- Epoch 000, ExpID 5621
Train - Loss: 31327016.60
Val - Loss, MSE, RMSE, MAE, MAPE: 57424576.00, 57424580.67, 7541.66, 6148.35, 7.91%
Test - Best epoch, Loss, MSE, RMSE, MAE, MAPE: 0, 68279432.00, 68279427.33, 8106.32, 6566.80, 7.78%
- Epoch 001, ExpID 5621
Train - Loss: 29394591.43
Val - Loss, MSE, RMSE, MAE, MAPE: 57116040.00, 57116038.00, 7497.38, 6091.76, 7.82%
Test - Best epoch, Loss, MSE, RMSE, MAE, MAPE: 1, 68252440.00, 68252436.00, 8047.10, 6481.92, 7.66%
- Epoch 002, ExpID 5621
Train - Loss: 28630799.82
Val - Loss, MSE, RMSE, MAE, MAPE: 55555824.00, 55555824.67, 7375.71, 5945.12, 7.58%
Test - Best epoch, Loss, MSE, RMSE, MAE, MAPE: 2, 67441752.00, 67441751.33, 8005.21, 6447.36, 7.56%
- Epoch 003, ExpID 5621
Train - Loss: 27769789.68
Val - Loss, MSE, RMSE, MAE, MAPE: 52456620.00, 52456616.67, 7196.89, 5831.97, 7.47%
Test - Best epoch, Loss, MSE, RMSE, MAE, MAPE: 3, 63884620.00, 63884619.33, 7796.14, 6290.49, 7.41%
- Epoch 004, ExpID 5621
Train - Loss: 26881572.70
Val - Loss, MSE, RMSE, MAE, MAPE: 50774780.00, 50774782.00, 7031.08, 5613.06, 7.19%
Test - Best epoch, Loss, MSE, RMSE, MAE, MAPE: 4, 61859932.00, 61859934.33, 7609.12, 6168.21, 7.27%
- Epoch 005, ExpID 5621
Train - Loss: 21279360.80
Val - Loss, MSE, RMSE, MAE, MAPE: 28044630.00, 28044630.00, 5252.45, 4180.51, 5.36%
Test - Best epoch, Loss, MSE, RMSE, MAE, MAPE: 5, 35388384.00, 35388383.67, 5809.20, 4578.26, 5.39%
- Epoch 006, ExpID 5621
Train - Loss: 14262026.85
Val - Loss, MSE, RMSE, MAE, MAPE: 23243422.00, 23243421.33, 4776.51, 3770.09, 4.78%
Test - Best epoch, Loss, MSE, RMSE, MAE, MAPE: 6, 27616764.00, 27616763.33, 5152.51, 3917.31, 4.59%
- Epoch 007, ExpID 5621
Train - Loss: 12013017.44
Val - Loss, MSE, RMSE, MAE, MAPE: 20641750.00, 20641749.83, 4481.95, 3452.99, 4.34%
Test - Best epoch, Loss, MSE, RMSE, MAE, MAPE: 7, 25436944.00, 25436943.33, 4945.41, 3608.97, 4.19%
- Epoch 008, ExpID 5621
Train - Loss: 10944739.37
Val - Loss, MSE, RMSE, MAE, MAPE: 17857116.00, 17857114.67, 4171.18, 3188.96, 4.01%
Test - Best epoch, Loss, MSE, RMSE, MAE, MAPE: 8, 22526092.00, 22526090.17, 4677.60, 3415.97, 3.98%
- Epoch 009, ExpID 5621
Train - Loss: 10514910.56
Val - Loss, MSE, RMSE, MAE, MAPE: 17043522.00, 17043521.33, 4071.82, 3110.78, 3.91%
Test - Best epoch, Loss, MSE, RMSE, MAE, MAPE: 9, 20930172.00, 20930171.00, 4505.93, 3303.56, 3.83%
- Epoch 010, ExpID 5621
Train - Loss: 10176629.81
Val - Loss, MSE, RMSE, MAE, MAPE: 16000811.00, 16000810.33, 3949.01, 3005.17, 3.79%
Test - Best epoch, Loss, MSE, RMSE, MAE, MAPE: 10, 21120984.00, 21120982.83, 4524.26, 3303.90, 3.85%
- Epoch 011, ExpID 5621
Train - Loss: 10091907.82
Val - Loss, MSE, RMSE, MAE, MAPE: 15818935.00, 15818934.67, 3932.05, 2971.64, 3.72%
Test - Best epoch, Loss, MSE, RMSE, MAE, MAPE: 11, 21566480.00, 21566481.67, 4566.44, 3292.54, 3.78%
- Epoch 012, ExpID 5621
Train - Loss: 9658799.36
Val - Loss, MSE, RMSE, MAE, MAPE: 14647332.00, 14647332.00, 3788.33, 2850.71, 3.58%
Test - Best epoch, Loss, MSE, RMSE, MAE, MAPE: 12, 20495298.00, 20495296.67, 4444.17, 3168.12, 3.65%
- Epoch 013, ExpID 5621
Train - Loss: 9557619.06
Val - Loss, MSE, RMSE, MAE, MAPE: 14499519.00, 14499519.33, 3769.56, 2862.83, 3.60%
Test - Best epoch, Loss, MSE, RMSE, MAE, MAPE: 13, 19729652.00, 19729651.50, 4380.38, 3144.74, 3.65%
- Epoch 014, ExpID 5621
Train - Loss: 9334585.84
Val - Loss, MSE, RMSE, MAE, MAPE: 13836531.00, 13836531.00, 3689.81, 2813.34, 3.58%
Test - Best epoch, Loss, MSE, RMSE, MAE, MAPE: 14, 19029640.00, 19029638.83, 4305.72, 3119.50, 3.65%
- Epoch 015, ExpID 5621
Train - Loss: 9252887.28
Val - Loss, MSE, RMSE, MAE, MAPE: 13469375.00, 13469375.50, 3628.73, 2699.37, 3.42%
Test - Best epoch, Loss, MSE, RMSE, MAE, MAPE: 15, 19929744.00, 19929742.83, 4367.53, 3045.64, 3.55%
- Epoch 016, ExpID 5621
Train - Loss: 8972940.17
Val - Loss, MSE, RMSE, MAE, MAPE: 14354647.00, 14354646.67, 3751.70, 2799.08, 3.53%
Test - Best epoch, Loss, MSE, RMSE, MAE, MAPE: 15, 19929744.00, 19929742.83, 4367.53, 3045.64, 3.55%
- Epoch 017, ExpID 5621
Train - Loss: 8862380.72
Val - Loss, MSE, RMSE, MAE, MAPE: 12809882.00, 12809880.67, 3544.28, 2633.88, 3.35%
Test - Best epoch, Loss, MSE, RMSE, MAE, MAPE: 17, 18560492.00, 18560490.00, 4233.94, 2974.91, 3.47%
- Epoch 018, ExpID 5621
Train - Loss: 8671538.78
Val - Loss, MSE, RMSE, MAE, MAPE: 13430946.00, 13430944.83, 3639.15, 2715.28, 3.44%
Test - Best epoch, Loss, MSE, RMSE, MAE, MAPE: 17, 18560492.00, 18560490.00, 4233.94, 2974.91, 3.47%
- Epoch 019, ExpID 5621
Train - Loss: 8650893.14
Val - Loss, MSE, RMSE, MAE, MAPE: 12973768.00, 12973767.50, 3574.95, 2687.07, 3.41%
Test - Best epoch, Loss, MSE, RMSE, MAE, MAPE: 17, 18560492.00, 18560490.00, 4233.94, 2974.91, 3.47%
- Epoch 020, ExpID 5621
Train - Loss: 8731882.68
Val - Loss, MSE, RMSE, MAE, MAPE: 13343074.00, 13343073.00, 3624.22, 2670.08, 3.38%
Test - Best epoch, Loss, MSE, RMSE, MAE, MAPE: 17, 18560492.00, 18560490.00, 4233.94, 2974.91, 3.47%
- Epoch 021, ExpID 5621
Train - Loss: 8426261.05
Val - Loss, MSE, RMSE, MAE, MAPE: 12985076.00, 12985075.17, 3569.02, 2624.83, 3.35%
Test - Best epoch, Loss, MSE, RMSE, MAE, MAPE: 17, 18560492.00, 18560490.00, 4233.94, 2974.91, 3.47%
- Epoch 022, ExpID 5621
Train - Loss: 8333980.38
Val - Loss, MSE, RMSE, MAE, MAPE: 12781174.00, 12781172.83, 3545.36, 2628.33, 3.32%
Test - Best epoch, Loss, MSE, RMSE, MAE, MAPE: 22, 19224312.00, 19224313.17, 4282.32, 2956.50, 3.43%
- Epoch 023, ExpID 5621
Train - Loss: 8195070.06
Val - Loss, MSE, RMSE, MAE, MAPE: 13344570.00, 13344570.33, 3627.73, 2688.33, 3.40%
Test - Best epoch, Loss, MSE, RMSE, MAE, MAPE: 22, 19224312.00, 19224313.17, 4282.32, 2956.50, 3.43%
- Epoch 024, ExpID 5621
Train - Loss: 8303728.89
Val - Loss, MSE, RMSE, MAE, MAPE: 12779340.00, 12779340.17, 3551.71, 2624.95, 3.34%
Test - Best epoch, Loss, MSE, RMSE, MAE, MAPE: 24, 19098960.00, 19098959.17, 4269.73, 2990.98, 3.50%
- Epoch 025, ExpID 5621
Train - Loss: 8091607.10
Val - Loss, MSE, RMSE, MAE, MAPE: 12350828.00, 12350828.17, 3488.18, 2571.53, 3.29%
Test - Best epoch, Loss, MSE, RMSE, MAE, MAPE: 25, 18808454.00, 18808453.50, 4241.78, 2947.91, 3.46%
- Epoch 026, ExpID 5621
Train - Loss: 8170120.36
Val - Loss, MSE, RMSE, MAE, MAPE: 12262800.00, 12262800.00, 3477.70, 2593.23, 3.29%
Test - Best epoch, Loss, MSE, RMSE, MAE, MAPE: 26, 17805708.00, 17805707.67, 4153.74, 2900.11, 3.36%
- Epoch 027, ExpID 5621
Train - Loss: 8025631.52
Val - Loss, MSE, RMSE, MAE, MAPE: 13713492.00, 13713492.17, 3687.25, 2757.02, 3.47%
Test - Best epoch, Loss, MSE, RMSE, MAE, MAPE: 26, 17805708.00, 17805707.67, 4153.74, 2900.11, 3.36%
- Epoch 028, ExpID 5621
Train - Loss: 7854870.87
Val - Loss, MSE, RMSE, MAE, MAPE: 12057314.00, 12057312.83, 3448.12, 2536.11, 3.23%
Test - Best epoch, Loss, MSE, RMSE, MAE, MAPE: 28, 17128088.00, 17128086.17, 4062.54, 2824.08, 3.29%
- Epoch 029, ExpID 5621
Train - Loss: 7758367.37
Val - Loss, MSE, RMSE, MAE, MAPE: 12939592.00, 12939592.17, 3581.42, 2653.33, 3.37%
Test - Best epoch, Loss, MSE, RMSE, MAE, MAPE: 28, 17128088.00, 17128086.17, 4062.54, 2824.08, 3.29%
- Epoch 030, ExpID 5621
Train - Loss: 7941779.14
Val - Loss, MSE, RMSE, MAE, MAPE: 11970346.00, 11970345.50, 3438.14, 2569.58, 3.28%
Test - Best epoch, Loss, MSE, RMSE, MAE, MAPE: 30, 17142516.00, 17142513.67, 4067.00, 2837.61, 3.33%
- Epoch 031, ExpID 5621
Train - Loss: 7783527.38
Val - Loss, MSE, RMSE, MAE, MAPE: 12322188.00, 12322188.50, 3493.28, 2594.95, 3.34%
Test - Best epoch, Loss, MSE, RMSE, MAE, MAPE: 30, 17142516.00, 17142513.67, 4067.00, 2837.61, 3.33%
- Epoch 032, ExpID 5621
Train - Loss: 7604652.10
Val - Loss, MSE, RMSE, MAE, MAPE: 12711704.00, 12711704.00, 3546.63, 2660.12, 3.37%
Test - Best epoch, Loss, MSE, RMSE, MAE, MAPE: 30, 17142516.00, 17142513.67, 4067.00, 2837.61, 3.33%
- Epoch 033, ExpID 5621
Train - Loss: 7571549.67
Val - Loss, MSE, RMSE, MAE, MAPE: 12274511.00, 12274511.50, 3484.07, 2616.21, 3.32%
Test - Best epoch, Loss, MSE, RMSE, MAE, MAPE: 30, 17142516.00, 17142513.67, 4067.00, 2837.61, 3.33%
- Epoch 034, ExpID 5621
Train - Loss: 7481229.32
Val - Loss, MSE, RMSE, MAE, MAPE: 11709048.00, 11709047.17, 3397.84, 2467.30, 3.15%
Test - Best epoch, Loss, MSE, RMSE, MAE, MAPE: 34, 16585548.00, 16585548.50, 3992.30, 2811.45, 3.28%
- Epoch 035, ExpID 5621
Train - Loss: 7374069.79
Val - Loss, MSE, RMSE, MAE, MAPE: 12021558.00, 12021557.67, 3446.20, 2569.68, 3.28%
Test - Best epoch, Loss, MSE, RMSE, MAE, MAPE: 34, 16585548.00, 16585548.50, 3992.30, 2811.45, 3.28%
- Epoch 036, ExpID 5621
Train - Loss: 7337043.77
Val - Loss, MSE, RMSE, MAE, MAPE: 12524744.00, 12524743.67, 3505.92, 2563.67, 3.26%
Test - Best epoch, Loss, MSE, RMSE, MAE, MAPE: 34, 16585548.00, 16585548.50, 3992.30, 2811.45, 3.28%
- Epoch 037, ExpID 5621
Train - Loss: 7240074.79
Val - Loss, MSE, RMSE, MAE, MAPE: 11905480.00, 11905479.33, 3432.79, 2539.91, 3.24%
Test - Best epoch, Loss, MSE, RMSE, MAE, MAPE: 34, 16585548.00, 16585548.50, 3992.30, 2811.45, 3.28%
- Epoch 038, ExpID 5621
Train - Loss: 7176233.46
Val - Loss, MSE, RMSE, MAE, MAPE: 13447662.00, 13447661.17, 3649.73, 2665.06, 3.39%
Test - Best epoch, Loss, MSE, RMSE, MAE, MAPE: 34, 16585548.00, 16585548.50, 3992.30, 2811.45, 3.28%
- Epoch 039, ExpID 5621
Train - Loss: 7207007.39
Val - Loss, MSE, RMSE, MAE, MAPE: 11861012.00, 11861011.67, 3415.07, 2525.33, 3.24%
Test - Best epoch, Loss, MSE, RMSE, MAE, MAPE: 34, 16585548.00, 16585548.50, 3992.30, 2811.45, 3.28%
- Epoch 040, ExpID 5621
Train - Loss: 7094823.66
Val - Loss, MSE, RMSE, MAE, MAPE: 11418026.00, 11418024.67, 3358.03, 2452.77, 3.15%
Test - Best epoch, Loss, MSE, RMSE, MAE, MAPE: 40, 15539231.00, 15539231.83, 3867.74, 2784.91, 3.27%
- Epoch 041, ExpID 5621
Train - Loss: 7036441.79
Val - Loss, MSE, RMSE, MAE, MAPE: 11783008.00, 11783008.67, 3413.46, 2505.65, 3.20%
Test - Best epoch, Loss, MSE, RMSE, MAE, MAPE: 40, 15539231.00, 15539231.83, 3867.74, 2784.91, 3.27%
- Epoch 042, ExpID 5621
Train - Loss: 6964341.15
Val - Loss, MSE, RMSE, MAE, MAPE: 11646034.00, 11646033.50, 3400.68, 2478.92, 3.16%
Test - Best epoch, Loss, MSE, RMSE, MAE, MAPE: 40, 15539231.00, 15539231.83, 3867.74, 2784.91, 3.27%
- Epoch 043, ExpID 5621
Train - Loss: 6792779.01
Val - Loss, MSE, RMSE, MAE, MAPE: 11822507.00, 11822506.33, 3414.14, 2519.06, 3.21%
Test - Best epoch, Loss, MSE, RMSE, MAE, MAPE: 40, 15539231.00, 15539231.83, 3867.74, 2784.91, 3.27%
- Epoch 044, ExpID 5621
Train - Loss: 6805185.57
Val - Loss, MSE, RMSE, MAE, MAPE: 12004887.00, 12004886.83, 3445.01, 2503.28, 3.20%
Test - Best epoch, Loss, MSE, RMSE, MAE, MAPE: 40, 15539231.00, 15539231.83, 3867.74, 2784.91, 3.27%
- Epoch 045, ExpID 5621
Train - Loss: 6834046.28
Val - Loss, MSE, RMSE, MAE, MAPE: 11344730.00, 11344729.50, 3357.61, 2489.67, 3.17%
Test - Best epoch, Loss, MSE, RMSE, MAE, MAPE: 45, 16403019.00, 16403018.92, 3952.69, 2861.92, 3.35%
- Epoch 046, ExpID 5621
Train - Loss: 6637407.41
Val - Loss, MSE, RMSE, MAE, MAPE: 11353820.00, 11353819.67, 3355.90, 2438.27, 3.12%
Test - Best epoch, Loss, MSE, RMSE, MAE, MAPE: 45, 16403019.00, 16403018.92, 3952.69, 2861.92, 3.35%
- Epoch 047, ExpID 5621
Train - Loss: 6716589.01
Val - Loss, MSE, RMSE, MAE, MAPE: 11932368.00, 11932367.33, 3435.89, 2513.98, 3.22%
Test - Best epoch, Loss, MSE, RMSE, MAE, MAPE: 45, 16403019.00, 16403018.92, 3952.69, 2861.92, 3.35%
- Epoch 048, ExpID 5621
Train - Loss: 6650694.95
Val - Loss, MSE, RMSE, MAE, MAPE: 11527395.00, 11527394.00, 3379.89, 2507.20, 3.22%
Test - Best epoch, Loss, MSE, RMSE, MAE, MAPE: 45, 16403019.00, 16403018.92, 3952.69, 2861.92, 3.35%
- Epoch 049, ExpID 5621
Train - Loss: 6417978.40
Val - Loss, MSE, RMSE, MAE, MAPE: 10834617.00, 10834616.17, 3271.19, 2394.79, 3.05%
Test - Best epoch, Loss, MSE, RMSE, MAE, MAPE: 49, 15518350.00, 15518349.83, 3847.86, 2697.06, 3.16%
- Epoch 050, ExpID 5621
Train - Loss: 6498633.92
Val - Loss, MSE, RMSE, MAE, MAPE: 11725459.00, 11725459.00, 3407.50, 2503.98, 3.21%
Test - Best epoch, Loss, MSE, RMSE, MAE, MAPE: 49, 15518350.00, 15518349.83, 3847.86, 2697.06, 3.16%
- Epoch 051, ExpID 5621
Train - Loss: 6495125.29
Val - Loss, MSE, RMSE, MAE, MAPE: 10950944.00, 10950944.00, 3296.27, 2446.86, 3.12%
Test - Best epoch, Loss, MSE, RMSE, MAE, MAPE: 49, 15518350.00, 15518349.83, 3847.86, 2697.06, 3.16%
- Epoch 052, ExpID 5621
Train - Loss: 6297805.67
Val - Loss, MSE, RMSE, MAE, MAPE: 11147884.00, 11147883.17, 3318.42, 2438.41, 3.12%
Test - Best epoch, Loss, MSE, RMSE, MAE, MAPE: 49, 15518350.00, 15518349.83, 3847.86, 2697.06, 3.16%
- Epoch 053, ExpID 5621
Train - Loss: 6140919.45
Val - Loss, MSE, RMSE, MAE, MAPE: 10894244.00, 10894243.83, 3288.63, 2428.53, 3.09%
Test - Best epoch, Loss, MSE, RMSE, MAE, MAPE: 49, 15518350.00, 15518349.83, 3847.86, 2697.06, 3.16%
- Epoch 054, ExpID 5621
Train - Loss: 6129110.54
Val - Loss, MSE, RMSE, MAE, MAPE: 10682994.00, 10682993.50, 3256.70, 2398.97, 3.06%
Test - Best epoch, Loss, MSE, RMSE, MAE, MAPE: 54, 17057086.00, 17057085.17, 4048.31, 2926.95, 3.44%
- Epoch 055, ExpID 5621
Train - Loss: 5997860.52
Val - Loss, MSE, RMSE, MAE, MAPE: 11546206.00, 11546205.17, 3381.68, 2511.57, 3.20%
Test - Best epoch, Loss, MSE, RMSE, MAE, MAPE: 54, 17057086.00, 17057085.17, 4048.31, 2926.95, 3.44%
- Epoch 056, ExpID 5621
Train - Loss: 5939778.39
Val - Loss, MSE, RMSE, MAE, MAPE: 11125854.00, 11125853.83, 3319.23, 2460.12, 3.14%
Test - Best epoch, Loss, MSE, RMSE, MAE, MAPE: 54, 17057086.00, 17057085.17, 4048.31, 2926.95, 3.44%
- Epoch 057, ExpID 5621
Train - Loss: 5857793.23
Val - Loss, MSE, RMSE, MAE, MAPE: 11454411.00, 11454409.83, 3372.68, 2474.32, 3.17%
Test - Best epoch, Loss, MSE, RMSE, MAE, MAPE: 54, 17057086.00, 17057085.17, 4048.31, 2926.95, 3.44%
- Epoch 058, ExpID 5621
Train - Loss: 5841875.07
Val - Loss, MSE, RMSE, MAE, MAPE: 11174669.00, 11174668.83, 3337.20, 2495.69, 3.18%
Test - Best epoch, Loss, MSE, RMSE, MAE, MAPE: 54, 17057086.00, 17057085.17, 4048.31, 2926.95, 3.44%
- Epoch 059, ExpID 5621
Train - Loss: 5802388.01
Val - Loss, MSE, RMSE, MAE, MAPE: 11160927.00, 11160926.33, 3330.36, 2491.12, 3.20%
Test - Best epoch, Loss, MSE, RMSE, MAE, MAPE: 54, 17057086.00, 17057085.17, 4048.31, 2926.95, 3.44%
- Epoch 060, ExpID 5621
Train - Loss: 5544680.52
Val - Loss, MSE, RMSE, MAE, MAPE: 10620848.00, 10620847.67, 3247.73, 2415.98, 3.07%
Test - Best epoch, Loss, MSE, RMSE, MAE, MAPE: 60, 16592502.00, 16592500.33, 3992.90, 2852.48, 3.34%
- Epoch 061, ExpID 5621
Train - Loss: 5553148.16
Val - Loss, MSE, RMSE, MAE, MAPE: 11555127.00, 11555127.58, 3382.08, 2490.41, 3.19%
Test - Best epoch, Loss, MSE, RMSE, MAE, MAPE: 60, 16592502.00, 16592500.33, 3992.90, 2852.48, 3.34%
- Epoch 062, ExpID 5621
Train - Loss: 5407644.14
Val - Loss, MSE, RMSE, MAE, MAPE: 11216664.00, 11216663.33, 3337.42, 2477.20, 3.18%
Test - Best epoch, Loss, MSE, RMSE, MAE, MAPE: 60, 16592502.00, 16592500.33, 3992.90, 2852.48, 3.34%
- Epoch 063, ExpID 5621
Train - Loss: 5239084.30
Val - Loss, MSE, RMSE, MAE, MAPE: 11300412.00, 11300412.17, 3352.06, 2473.47, 3.16%
Test - Best epoch, Loss, MSE, RMSE, MAE, MAPE: 60, 16592502.00, 16592500.33, 3992.90, 2852.48, 3.34%
- Epoch 064, ExpID 5621
Train - Loss: 5240353.11
Val - Loss, MSE, RMSE, MAE, MAPE: 10701759.00, 10701758.00, 3258.11, 2387.31, 3.04%
Test - Best epoch, Loss, MSE, RMSE, MAE, MAPE: 60, 16592502.00, 16592500.33, 3992.90, 2852.48, 3.34%
- Epoch 065, ExpID 5621
Train - Loss: 5029219.03
Val - Loss, MSE, RMSE, MAE, MAPE: 10680392.00, 10680391.50, 3257.52, 2434.90, 3.11%
Test - Best epoch, Loss, MSE, RMSE, MAE, MAPE: 60, 16592502.00, 16592500.33, 3992.90, 2852.48, 3.34%
- Epoch 066, ExpID 5621
Train - Loss: 5027150.56
Val - Loss, MSE, RMSE, MAE, MAPE: 11203795.00, 11203794.17, 3333.24, 2480.07, 3.17%
Test - Best epoch, Loss, MSE, RMSE, MAE, MAPE: 60, 16592502.00, 16592500.33, 3992.90, 2852.48, 3.34%
- Epoch 067, ExpID 5621
Train - Loss: 4967782.16
Val - Loss, MSE, RMSE, MAE, MAPE: 11307491.00, 11307490.00, 3352.55, 2501.57, 3.21%
Test - Best epoch, Loss, MSE, RMSE, MAE, MAPE: 60, 16592502.00, 16592500.33, 3992.90, 2852.48, 3.34%
- Epoch 068, ExpID 5621
Train - Loss: 4702798.59
Val - Loss, MSE, RMSE, MAE, MAPE: 11870827.00, 11870826.33, 3434.88, 2572.61, 3.26%
Test - Best epoch, Loss, MSE, RMSE, MAE, MAPE: 60, 16592502.00, 16592500.33, 3992.90, 2852.48, 3.34%
- Epoch 069, ExpID 5621
Train - Loss: 4566148.06
Val - Loss, MSE, RMSE, MAE, MAPE: 11175652.00, 11175651.83, 3332.60, 2506.08, 3.22%
Test - Best epoch, Loss, MSE, RMSE, MAE, MAPE: 60, 16592502.00, 16592500.33, 3992.90, 2852.48, 3.34%
- Epoch 070, ExpID 5621
Train - Loss: 4447323.97
Val - Loss, MSE, RMSE, MAE, MAPE: 11149314.00, 11149314.67, 3329.89, 2508.75, 3.23%
Test - Best epoch, Loss, MSE, RMSE, MAE, MAPE: 60, 16592502.00, 16592500.33, 3992.90, 2852.48, 3.34%
Early Stopping at Epoch 70
Fold 2017 Best RMSE: 3992.9010

-------------------- [Fold: 2018] ExpID: 92779 --------------------
- Epoch 000, ExpID 92779
Train - Loss: 32968930.93
Val - Loss, MSE, RMSE, MAE, MAPE: 69937104.00, 69937104.67, 8128.37, 6568.29, 7.72%
Test - Best epoch, Loss, MSE, RMSE, MAE, MAPE: 0, 57261660.00, 57261656.00, 7496.49, 6136.45, 6.63%
- Epoch 001, ExpID 92779
Train - Loss: 31591048.70
Val - Loss, MSE, RMSE, MAE, MAPE: 70190304.00, 70190302.00, 8113.83, 6533.69, 7.64%
Test - Best epoch, Loss, MSE, RMSE, MAE, MAPE: 0, 57261660.00, 57261656.00, 7496.49, 6136.45, 6.63%
- Epoch 002, ExpID 92779
Train - Loss: 30526829.38
Val - Loss, MSE, RMSE, MAE, MAPE: 67850608.00, 67850608.67, 8035.83, 6518.38, 7.82%
Test - Best epoch, Loss, MSE, RMSE, MAE, MAPE: 2, 55352920.00, 55352916.67, 7380.63, 6013.32, 6.62%
- Epoch 003, ExpID 92779
Train - Loss: 29471653.45
Val - Loss, MSE, RMSE, MAE, MAPE: 62577184.00, 62577186.67, 7699.17, 6231.03, 7.31%
Test - Best epoch, Loss, MSE, RMSE, MAE, MAPE: 3, 50967872.00, 50967875.33, 7081.68, 5824.08, 6.27%
- Epoch 004, ExpID 92779
Train - Loss: 26294357.00
Val - Loss, MSE, RMSE, MAE, MAPE: 47292952.00, 47292950.00, 6655.65, 5219.27, 6.04%
Test - Best epoch, Loss, MSE, RMSE, MAE, MAPE: 4, 35606048.00, 35606048.33, 5913.63, 4755.11, 5.08%
- Epoch 005, ExpID 92779
Train - Loss: 15884492.69
Val - Loss, MSE, RMSE, MAE, MAPE: 29217974.00, 29217973.67, 5274.57, 3925.22, 4.56%
Test - Best epoch, Loss, MSE, RMSE, MAE, MAPE: 5, 22226750.00, 22226749.00, 4610.08, 3589.72, 3.87%
- Epoch 006, ExpID 92779
Train - Loss: 12559198.33
Val - Loss, MSE, RMSE, MAE, MAPE: 24482806.00, 24482804.33, 4852.63, 3507.87, 4.06%
Test - Best epoch, Loss, MSE, RMSE, MAE, MAPE: 6, 20875900.00, 20875899.33, 4433.31, 3394.11, 3.65%
- Epoch 007, ExpID 92779
Train - Loss: 11506688.66
Val - Loss, MSE, RMSE, MAE, MAPE: 23190060.00, 23190059.83, 4705.43, 3379.52, 3.92%
Test - Best epoch, Loss, MSE, RMSE, MAE, MAPE: 7, 19507228.00, 19507225.67, 4268.28, 3249.97, 3.51%
- Epoch 008, ExpID 92779
Train - Loss: 10741354.61
Val - Loss, MSE, RMSE, MAE, MAPE: 20396324.00, 20396322.83, 4457.90, 3303.93, 3.86%
Test - Best epoch, Loss, MSE, RMSE, MAE, MAPE: 8, 18144534.00, 18144532.67, 4149.71, 3251.32, 3.52%
- Epoch 009, ExpID 92779
Train - Loss: 10696189.74
Val - Loss, MSE, RMSE, MAE, MAPE: 21967646.00, 21967646.00, 4589.10, 3258.07, 3.77%
Test - Best epoch, Loss, MSE, RMSE, MAE, MAPE: 8, 18144534.00, 18144532.67, 4149.71, 3251.32, 3.52%
- Epoch 010, ExpID 92779
Train - Loss: 10128181.44
Val - Loss, MSE, RMSE, MAE, MAPE: 20013856.00, 20013856.17, 4403.42, 3192.74, 3.71%
Test - Best epoch, Loss, MSE, RMSE, MAE, MAPE: 10, 17841004.00, 17841004.00, 4097.47, 3173.13, 3.43%
- Epoch 011, ExpID 92779
Train - Loss: 10157602.19
Val - Loss, MSE, RMSE, MAE, MAPE: 20407680.00, 20407679.00, 4450.78, 3172.61, 3.70%
Test - Best epoch, Loss, MSE, RMSE, MAE, MAPE: 10, 17841004.00, 17841004.00, 4097.47, 3173.13, 3.43%
- Epoch 012, ExpID 92779
Train - Loss: 9931614.47
Val - Loss, MSE, RMSE, MAE, MAPE: 20715340.00, 20715339.00, 4487.91, 3241.53, 3.80%
Test - Best epoch, Loss, MSE, RMSE, MAE, MAPE: 10, 17841004.00, 17841004.00, 4097.47, 3173.13, 3.43%
- Epoch 013, ExpID 92779
Train - Loss: 9848335.55
Val - Loss, MSE, RMSE, MAE, MAPE: 19495560.00, 19495559.67, 4332.86, 3124.02, 3.64%
Test - Best epoch, Loss, MSE, RMSE, MAE, MAPE: 13, 17071396.00, 17071395.83, 4013.01, 3080.34, 3.33%
- Epoch 014, ExpID 92779
Train - Loss: 9405442.82
Val - Loss, MSE, RMSE, MAE, MAPE: 19002304.00, 19002304.17, 4292.70, 3010.70, 3.49%
Test - Best epoch, Loss, MSE, RMSE, MAE, MAPE: 14, 15598436.00, 15598435.25, 3852.32, 2923.31, 3.15%
- Epoch 015, ExpID 92779
Train - Loss: 9421208.19
Val - Loss, MSE, RMSE, MAE, MAPE: 19845874.00, 19845874.33, 4403.83, 3237.91, 3.79%
Test - Best epoch, Loss, MSE, RMSE, MAE, MAPE: 14, 15598436.00, 15598435.25, 3852.32, 2923.31, 3.15%
- Epoch 016, ExpID 92779
Train - Loss: 9430200.21
Val - Loss, MSE, RMSE, MAE, MAPE: 17783000.00, 17782998.00, 4159.01, 2939.37, 3.43%
Test - Best epoch, Loss, MSE, RMSE, MAE, MAPE: 16, 14685014.00, 14685013.00, 3757.19, 2882.93, 3.12%
- Epoch 017, ExpID 92779
Train - Loss: 9045738.67
Val - Loss, MSE, RMSE, MAE, MAPE: 18280332.00, 18280331.50, 4218.96, 2974.61, 3.44%
Test - Best epoch, Loss, MSE, RMSE, MAE, MAPE: 16, 14685014.00, 14685013.00, 3757.19, 2882.93, 3.12%
- Epoch 018, ExpID 92779
Train - Loss: 8913611.41
Val - Loss, MSE, RMSE, MAE, MAPE: 17700164.00, 17700161.33, 4155.19, 2936.73, 3.43%
Test - Best epoch, Loss, MSE, RMSE, MAE, MAPE: 18, 14789919.00, 14789917.83, 3767.17, 2888.26, 3.13%
- Epoch 019, ExpID 92779
Train - Loss: 8734762.12
Val - Loss, MSE, RMSE, MAE, MAPE: 17658350.00, 17658349.33, 4123.31, 2848.07, 3.34%
Test - Best epoch, Loss, MSE, RMSE, MAE, MAPE: 19, 14531678.00, 14531678.67, 3722.98, 2838.10, 3.07%
- Epoch 020, ExpID 92779
Train - Loss: 8641975.50
Val - Loss, MSE, RMSE, MAE, MAPE: 18830120.00, 18830121.17, 4281.24, 2940.69, 3.42%
Test - Best epoch, Loss, MSE, RMSE, MAE, MAPE: 19, 14531678.00, 14531678.67, 3722.98, 2838.10, 3.07%
- Epoch 021, ExpID 92779
Train - Loss: 8626889.17
Val - Loss, MSE, RMSE, MAE, MAPE: 17230988.00, 17230987.00, 4099.78, 2868.98, 3.35%
Test - Best epoch, Loss, MSE, RMSE, MAE, MAPE: 21, 14902202.00, 14902201.17, 3764.20, 2837.07, 3.07%
- Epoch 022, ExpID 92779
Train - Loss: 8445870.09
Val - Loss, MSE, RMSE, MAE, MAPE: 17191734.00, 17191732.83, 4093.23, 2882.22, 3.36%
Test - Best epoch, Loss, MSE, RMSE, MAE, MAPE: 22, 14660599.00, 14660598.00, 3753.48, 2910.71, 3.15%
- Epoch 023, ExpID 92779
Train - Loss: 8434248.13
Val - Loss, MSE, RMSE, MAE, MAPE: 16923364.00, 16923362.50, 4051.80, 2850.92, 3.36%
Test - Best epoch, Loss, MSE, RMSE, MAE, MAPE: 23, 14315478.00, 14315477.17, 3739.04, 2886.28, 3.14%
- Epoch 024, ExpID 92779
Train - Loss: 8358767.75
Val - Loss, MSE, RMSE, MAE, MAPE: 16978612.00, 16978609.83, 4064.43, 2820.72, 3.30%
Test - Best epoch, Loss, MSE, RMSE, MAE, MAPE: 23, 14315478.00, 14315477.17, 3739.04, 2886.28, 3.14%
- Epoch 025, ExpID 92779
Train - Loss: 8369801.60
Val - Loss, MSE, RMSE, MAE, MAPE: 17408446.00, 17408445.00, 4117.29, 2837.71, 3.29%
Test - Best epoch, Loss, MSE, RMSE, MAE, MAPE: 23, 14315478.00, 14315477.17, 3739.04, 2886.28, 3.14%
- Epoch 026, ExpID 92779
Train - Loss: 8258901.97
Val - Loss, MSE, RMSE, MAE, MAPE: 18690656.00, 18690654.67, 4235.96, 2964.72, 3.48%
Test - Best epoch, Loss, MSE, RMSE, MAE, MAPE: 23, 14315478.00, 14315477.17, 3739.04, 2886.28, 3.14%
- Epoch 027, ExpID 92779
Train - Loss: 8237088.39
Val - Loss, MSE, RMSE, MAE, MAPE: 17257884.00, 17257884.50, 4090.84, 2812.81, 3.29%
Test - Best epoch, Loss, MSE, RMSE, MAE, MAPE: 23, 14315478.00, 14315477.17, 3739.04, 2886.28, 3.14%
- Epoch 028, ExpID 92779
Train - Loss: 8146562.85
Val - Loss, MSE, RMSE, MAE, MAPE: 16947880.00, 16947878.50, 4062.63, 2758.87, 3.21%
Test - Best epoch, Loss, MSE, RMSE, MAE, MAPE: 23, 14315478.00, 14315477.17, 3739.04, 2886.28, 3.14%
- Epoch 029, ExpID 92779
Train - Loss: 8100767.19
Val - Loss, MSE, RMSE, MAE, MAPE: 17353032.00, 17353031.67, 4099.56, 2856.40, 3.35%
Test - Best epoch, Loss, MSE, RMSE, MAE, MAPE: 23, 14315478.00, 14315477.17, 3739.04, 2886.28, 3.14%
- Epoch 030, ExpID 92779
Train - Loss: 8010256.49
Val - Loss, MSE, RMSE, MAE, MAPE: 17221792.00, 17221791.50, 4073.60, 2861.15, 3.35%
Test - Best epoch, Loss, MSE, RMSE, MAE, MAPE: 23, 14315478.00, 14315477.17, 3739.04, 2886.28, 3.14%
- Epoch 031, ExpID 92779
Train - Loss: 8021440.41
Val - Loss, MSE, RMSE, MAE, MAPE: 16582516.00, 16582515.17, 4022.27, 2788.58, 3.25%
Test - Best epoch, Loss, MSE, RMSE, MAE, MAPE: 31, 14081840.00, 14081840.50, 3696.74, 2794.47, 3.02%
- Epoch 032, ExpID 92779
Train - Loss: 7896184.08
Val - Loss, MSE, RMSE, MAE, MAPE: 16329768.00, 16329768.67, 3980.88, 2750.99, 3.23%
Test - Best epoch, Loss, MSE, RMSE, MAE, MAPE: 32, 14204134.00, 14204134.67, 3715.59, 2811.54, 3.05%
- Epoch 033, ExpID 92779
Train - Loss: 7972268.59
Val - Loss, MSE, RMSE, MAE, MAPE: 16772004.00, 16772003.33, 4039.92, 2829.24, 3.34%
Test - Best epoch, Loss, MSE, RMSE, MAE, MAPE: 32, 14204134.00, 14204134.67, 3715.59, 2811.54, 3.05%
- Epoch 034, ExpID 92779
Train - Loss: 7869698.70
Val - Loss, MSE, RMSE, MAE, MAPE: 17295998.00, 17295997.92, 4088.13, 2867.99, 3.37%
Test - Best epoch, Loss, MSE, RMSE, MAE, MAPE: 32, 14204134.00, 14204134.67, 3715.59, 2811.54, 3.05%
- Epoch 035, ExpID 92779
Train - Loss: 8067719.21
Val - Loss, MSE, RMSE, MAE, MAPE: 17028054.00, 17028052.00, 4046.23, 2797.56, 3.25%
Test - Best epoch, Loss, MSE, RMSE, MAE, MAPE: 32, 14204134.00, 14204134.67, 3715.59, 2811.54, 3.05%
- Epoch 036, ExpID 92779
Train - Loss: 7655483.30
Val - Loss, MSE, RMSE, MAE, MAPE: 18346592.00, 18346591.33, 4217.89, 2916.26, 3.42%
Test - Best epoch, Loss, MSE, RMSE, MAE, MAPE: 32, 14204134.00, 14204134.67, 3715.59, 2811.54, 3.05%
- Epoch 037, ExpID 92779
Train - Loss: 7634963.83
Val - Loss, MSE, RMSE, MAE, MAPE: 17684098.00, 17684096.83, 4108.52, 2803.16, 3.27%
Test - Best epoch, Loss, MSE, RMSE, MAE, MAPE: 32, 14204134.00, 14204134.67, 3715.59, 2811.54, 3.05%
- Epoch 038, ExpID 92779
Train - Loss: 7532013.67
Val - Loss, MSE, RMSE, MAE, MAPE: 16714970.00, 16714969.33, 4013.33, 2762.07, 3.22%
Test - Best epoch, Loss, MSE, RMSE, MAE, MAPE: 32, 14204134.00, 14204134.67, 3715.59, 2811.54, 3.05%
- Epoch 039, ExpID 92779
Train - Loss: 7561826.57
Val - Loss, MSE, RMSE, MAE, MAPE: 17077300.00, 17077300.17, 4072.71, 2848.29, 3.32%
Test - Best epoch, Loss, MSE, RMSE, MAE, MAPE: 32, 14204134.00, 14204134.67, 3715.59, 2811.54, 3.05%
- Epoch 040, ExpID 92779
Train - Loss: 7384172.42
Val - Loss, MSE, RMSE, MAE, MAPE: 16589739.00, 16589739.17, 3982.54, 2735.65, 3.19%
Test - Best epoch, Loss, MSE, RMSE, MAE, MAPE: 32, 14204134.00, 14204134.67, 3715.59, 2811.54, 3.05%
- Epoch 041, ExpID 92779
Train - Loss: 7312068.93
Val - Loss, MSE, RMSE, MAE, MAPE: 18028542.00, 18028540.50, 4163.85, 2931.58, 3.45%
Test - Best epoch, Loss, MSE, RMSE, MAE, MAPE: 32, 14204134.00, 14204134.67, 3715.59, 2811.54, 3.05%
- Epoch 042, ExpID 92779
Train - Loss: 7318980.11
Val - Loss, MSE, RMSE, MAE, MAPE: 18348744.00, 18348742.33, 4178.10, 2927.54, 3.42%
Test - Best epoch, Loss, MSE, RMSE, MAE, MAPE: 32, 14204134.00, 14204134.67, 3715.59, 2811.54, 3.05%
Early Stopping at Epoch 42
Fold 2018 Best RMSE: 3715.5867

-------------------- [Fold: 2019] ExpID: 54129 --------------------
- Epoch 000, ExpID 54129
Train - Loss: 35592226.86
Val - Loss, MSE, RMSE, MAE, MAPE: 56946840.00, 56946832.67, 7484.25, 6141.73, 6.67%
Test - Best epoch, Loss, MSE, RMSE, MAE, MAPE: 0, 71881184.00, 71881182.67, 8441.69, 6905.44, 7.25%
- Epoch 001, ExpID 54129
Train - Loss: 33674392.84
Val - Loss, MSE, RMSE, MAE, MAPE: 55906808.00, 55906808.00, 7417.16, 6094.72, 6.60%
Test - Best epoch, Loss, MSE, RMSE, MAE, MAPE: 1, 70393856.00, 70393857.33, 8359.12, 6820.17, 7.12%
- Epoch 002, ExpID 54129
Train - Loss: 32545696.13
Val - Loss, MSE, RMSE, MAE, MAPE: 53101288.00, 53101288.00, 7227.42, 5961.38, 6.42%
Test - Best epoch, Loss, MSE, RMSE, MAE, MAPE: 2, 66686944.00, 66686948.67, 8134.55, 6623.68, 6.87%
- Epoch 003, ExpID 54129
Train - Loss: 27950247.57
Val - Loss, MSE, RMSE, MAE, MAPE: 29591260.00, 29591258.67, 5390.92, 4472.79, 4.87%
Test - Best epoch, Loss, MSE, RMSE, MAE, MAPE: 3, 38563032.00, 38563035.00, 6154.01, 4957.58, 5.22%
- Epoch 004, ExpID 54129
Train - Loss: 16415531.32
Val - Loss, MSE, RMSE, MAE, MAPE: 21647464.00, 21647462.50, 4535.00, 3562.87, 3.85%
Test - Best epoch, Loss, MSE, RMSE, MAE, MAPE: 4, 24672916.00, 24672915.67, 4868.20, 3662.09, 3.83%
- Epoch 005, ExpID 54129
Train - Loss: 12857542.76
Val - Loss, MSE, RMSE, MAE, MAPE: 20137464.00, 20137463.33, 4379.84, 3432.40, 3.72%
Test - Best epoch, Loss, MSE, RMSE, MAE, MAPE: 5, 21661742.00, 21661741.00, 4577.48, 3388.88, 3.56%
- Epoch 006, ExpID 54129
Train - Loss: 11884666.30
Val - Loss, MSE, RMSE, MAE, MAPE: 17976966.00, 17976966.67, 4144.24, 3195.28, 3.46%
Test - Best epoch, Loss, MSE, RMSE, MAE, MAPE: 6, 21299336.00, 21299335.17, 4517.46, 3332.79, 3.49%
- Epoch 007, ExpID 54129
Train - Loss: 11277181.84
Val - Loss, MSE, RMSE, MAE, MAPE: 17947820.00, 17947818.33, 4149.17, 3203.53, 3.45%
Test - Best epoch, Loss, MSE, RMSE, MAE, MAPE: 7, 20599668.00, 20599665.83, 4443.71, 3193.61, 3.35%
- Epoch 008, ExpID 54129
Train - Loss: 10836083.87
Val - Loss, MSE, RMSE, MAE, MAPE: 17326610.00, 17326610.00, 4021.55, 3002.33, 3.24%
Test - Best epoch, Loss, MSE, RMSE, MAE, MAPE: 8, 18027736.00, 18027736.83, 4146.73, 2983.33, 3.11%
- Epoch 009, ExpID 54129
Train - Loss: 10720868.49
Val - Loss, MSE, RMSE, MAE, MAPE: 17212732.00, 17212730.67, 4026.23, 3009.50, 3.25%
Test - Best epoch, Loss, MSE, RMSE, MAE, MAPE: 9, 18495424.00, 18495422.83, 4222.12, 3014.38, 3.15%
- Epoch 010, ExpID 54129
Train - Loss: 10301620.04
Val - Loss, MSE, RMSE, MAE, MAPE: 16229679.00, 16229679.17, 3929.19, 2964.26, 3.21%
Test - Best epoch, Loss, MSE, RMSE, MAE, MAPE: 10, 18323120.00, 18323119.50, 4186.71, 2977.13, 3.12%
- Epoch 011, ExpID 54129
Train - Loss: 10046903.46
Val - Loss, MSE, RMSE, MAE, MAPE: 15747002.00, 15747001.00, 3889.26, 2916.67, 3.14%
Test - Best epoch, Loss, MSE, RMSE, MAE, MAPE: 11, 18356060.00, 18356058.83, 4183.09, 3022.92, 3.15%
- Epoch 012, ExpID 54129
Train - Loss: 9847370.31
Val - Loss, MSE, RMSE, MAE, MAPE: 15370674.00, 15370673.17, 3844.68, 2912.67, 3.14%
Test - Best epoch, Loss, MSE, RMSE, MAE, MAPE: 12, 18024746.00, 18024746.67, 4148.20, 2986.80, 3.13%
- Epoch 013, ExpID 54129
Train - Loss: 9603259.41
Val - Loss, MSE, RMSE, MAE, MAPE: 15220248.00, 15220247.67, 3844.59, 2976.82, 3.23%
Test - Best epoch, Loss, MSE, RMSE, MAE, MAPE: 13, 18661488.00, 18661487.33, 4170.09, 3043.72, 3.20%
- Epoch 014, ExpID 54129
Train - Loss: 9589076.59
Val - Loss, MSE, RMSE, MAE, MAPE: 15059347.00, 15059347.17, 3800.55, 2859.17, 3.09%
Test - Best epoch, Loss, MSE, RMSE, MAE, MAPE: 14, 18160364.00, 18160363.92, 4157.48, 2960.30, 3.11%
- Epoch 015, ExpID 54129
Train - Loss: 9478522.62
Val - Loss, MSE, RMSE, MAE, MAPE: 15753380.00, 15753379.83, 3910.38, 2964.10, 3.20%
Test - Best epoch, Loss, MSE, RMSE, MAE, MAPE: 14, 18160364.00, 18160363.92, 4157.48, 2960.30, 3.11%
- Epoch 016, ExpID 54129
Train - Loss: 9477192.88
Val - Loss, MSE, RMSE, MAE, MAPE: 14619895.00, 14619894.00, 3768.29, 2905.05, 3.15%
Test - Best epoch, Loss, MSE, RMSE, MAE, MAPE: 16, 19074830.00, 19074829.00, 4208.13, 3011.19, 3.18%
- Epoch 017, ExpID 54129
Train - Loss: 9223615.32
Val - Loss, MSE, RMSE, MAE, MAPE: 14508591.00, 14508591.50, 3765.48, 2879.17, 3.12%
Test - Best epoch, Loss, MSE, RMSE, MAE, MAPE: 17, 17704634.00, 17704634.92, 4065.90, 2896.29, 3.06%
- Epoch 018, ExpID 54129
Train - Loss: 9193784.47
Val - Loss, MSE, RMSE, MAE, MAPE: 14890218.00, 14890217.33, 3798.90, 2857.05, 3.08%
Test - Best epoch, Loss, MSE, RMSE, MAE, MAPE: 17, 17704634.00, 17704634.92, 4065.90, 2896.29, 3.06%
- Epoch 019, ExpID 54129
Train - Loss: 9101289.13
Val - Loss, MSE, RMSE, MAE, MAPE: 15106170.00, 15106169.50, 3820.45, 2886.96, 3.13%
Test - Best epoch, Loss, MSE, RMSE, MAE, MAPE: 17, 17704634.00, 17704634.92, 4065.90, 2896.29, 3.06%
- Epoch 020, ExpID 54129
Train - Loss: 8996892.76
Val - Loss, MSE, RMSE, MAE, MAPE: 14649315.00, 14649314.33, 3779.97, 2868.13, 3.11%
Test - Best epoch, Loss, MSE, RMSE, MAE, MAPE: 17, 17704634.00, 17704634.92, 4065.90, 2896.29, 3.06%
- Epoch 021, ExpID 54129
Train - Loss: 8912074.16
Val - Loss, MSE, RMSE, MAE, MAPE: 14335166.00, 14335164.83, 3734.14, 2841.12, 3.07%
Test - Best epoch, Loss, MSE, RMSE, MAE, MAPE: 21, 17216626.00, 17216625.67, 4046.03, 2953.01, 3.09%
- Epoch 022, ExpID 54129
Train - Loss: 8955602.18
Val - Loss, MSE, RMSE, MAE, MAPE: 15416520.00, 15416520.67, 3841.61, 2931.42, 3.17%
Test - Best epoch, Loss, MSE, RMSE, MAE, MAPE: 21, 17216626.00, 17216625.67, 4046.03, 2953.01, 3.09%
- Epoch 023, ExpID 54129
Train - Loss: 8876054.12
Val - Loss, MSE, RMSE, MAE, MAPE: 14949944.00, 14949943.67, 3803.26, 2902.72, 3.13%
Test - Best epoch, Loss, MSE, RMSE, MAE, MAPE: 21, 17216626.00, 17216625.67, 4046.03, 2953.01, 3.09%
- Epoch 024, ExpID 54129
Train - Loss: 8615344.74
Val - Loss, MSE, RMSE, MAE, MAPE: 14911971.00, 14911971.67, 3812.81, 2892.43, 3.15%
Test - Best epoch, Loss, MSE, RMSE, MAE, MAPE: 21, 17216626.00, 17216625.67, 4046.03, 2953.01, 3.09%
- Epoch 025, ExpID 54129
Train - Loss: 8602332.87
Val - Loss, MSE, RMSE, MAE, MAPE: 14457740.00, 14457740.17, 3742.96, 2845.46, 3.09%
Test - Best epoch, Loss, MSE, RMSE, MAE, MAPE: 21, 17216626.00, 17216625.67, 4046.03, 2953.01, 3.09%
- Epoch 026, ExpID 54129
Train - Loss: 8500199.44
Val - Loss, MSE, RMSE, MAE, MAPE: 14869426.00, 14869426.50, 3786.51, 2892.64, 3.13%
Test - Best epoch, Loss, MSE, RMSE, MAE, MAPE: 21, 17216626.00, 17216625.67, 4046.03, 2953.01, 3.09%
- Epoch 027, ExpID 54129
Train - Loss: 8510739.36
Val - Loss, MSE, RMSE, MAE, MAPE: 13567528.00, 13567529.00, 3644.69, 2746.66, 2.97%
Test - Best epoch, Loss, MSE, RMSE, MAE, MAPE: 27, 19592696.00, 19592694.25, 4223.08, 2932.20, 3.08%
- Epoch 028, ExpID 54129
Train - Loss: 8404974.26
Val - Loss, MSE, RMSE, MAE, MAPE: 13912563.00, 13912563.00, 3694.56, 2804.91, 3.05%
Test - Best epoch, Loss, MSE, RMSE, MAE, MAPE: 27, 19592696.00, 19592694.25, 4223.08, 2932.20, 3.08%
- Epoch 029, ExpID 54129
Train - Loss: 8288336.12
Val - Loss, MSE, RMSE, MAE, MAPE: 13770935.00, 13770934.33, 3676.07, 2746.42, 2.97%
Test - Best epoch, Loss, MSE, RMSE, MAE, MAPE: 27, 19592696.00, 19592694.25, 4223.08, 2932.20, 3.08%
- Epoch 030, ExpID 54129
Train - Loss: 8196979.65
Val - Loss, MSE, RMSE, MAE, MAPE: 14531256.00, 14531257.17, 3764.96, 2873.38, 3.09%
Test - Best epoch, Loss, MSE, RMSE, MAE, MAPE: 27, 19592696.00, 19592694.25, 4223.08, 2932.20, 3.08%
- Epoch 031, ExpID 54129
Train - Loss: 8107592.83
Val - Loss, MSE, RMSE, MAE, MAPE: 14150490.00, 14150488.83, 3721.91, 2779.48, 3.02%
Test - Best epoch, Loss, MSE, RMSE, MAE, MAPE: 27, 19592696.00, 19592694.25, 4223.08, 2932.20, 3.08%
- Epoch 032, ExpID 54129
Train - Loss: 8128313.41
Val - Loss, MSE, RMSE, MAE, MAPE: 13790754.00, 13790752.67, 3662.71, 2818.46, 3.06%
Test - Best epoch, Loss, MSE, RMSE, MAE, MAPE: 27, 19592696.00, 19592694.25, 4223.08, 2932.20, 3.08%
- Epoch 033, ExpID 54129
Train - Loss: 8072097.33
Val - Loss, MSE, RMSE, MAE, MAPE: 13685034.00, 13685033.50, 3659.60, 2763.35, 3.00%
Test - Best epoch, Loss, MSE, RMSE, MAE, MAPE: 27, 19592696.00, 19592694.25, 4223.08, 2932.20, 3.08%
- Epoch 034, ExpID 54129
Train - Loss: 7929229.85
Val - Loss, MSE, RMSE, MAE, MAPE: 13577734.00, 13577733.67, 3656.27, 2729.88, 2.97%
Test - Best epoch, Loss, MSE, RMSE, MAE, MAPE: 27, 19592696.00, 19592694.25, 4223.08, 2932.20, 3.08%
- Epoch 035, ExpID 54129
Train - Loss: 7898797.05
Val - Loss, MSE, RMSE, MAE, MAPE: 13771552.00, 13771551.50, 3670.62, 2758.83, 3.01%
Test - Best epoch, Loss, MSE, RMSE, MAE, MAPE: 27, 19592696.00, 19592694.25, 4223.08, 2932.20, 3.08%
- Epoch 036, ExpID 54129
Train - Loss: 7781275.34
Val - Loss, MSE, RMSE, MAE, MAPE: 13092859.00, 13092859.92, 3577.38, 2704.82, 2.94%
Test - Best epoch, Loss, MSE, RMSE, MAE, MAPE: 36, 19194138.00, 19194137.42, 4174.78, 2912.97, 3.08%
- Epoch 037, ExpID 54129
Train - Loss: 7737291.98
Val - Loss, MSE, RMSE, MAE, MAPE: 13487854.00, 13487852.50, 3621.21, 2711.37, 2.94%
Test - Best epoch, Loss, MSE, RMSE, MAE, MAPE: 36, 19194138.00, 19194137.42, 4174.78, 2912.97, 3.08%
- Epoch 038, ExpID 54129
Train - Loss: 7713227.76
Val - Loss, MSE, RMSE, MAE, MAPE: 13832486.00, 13832484.50, 3684.69, 2810.81, 3.04%
Test - Best epoch, Loss, MSE, RMSE, MAE, MAPE: 36, 19194138.00, 19194137.42, 4174.78, 2912.97, 3.08%
- Epoch 039, ExpID 54129
Train - Loss: 7713752.61
Val - Loss, MSE, RMSE, MAE, MAPE: 13584434.00, 13584434.00, 3655.29, 2732.32, 2.96%
Test - Best epoch, Loss, MSE, RMSE, MAE, MAPE: 36, 19194138.00, 19194137.42, 4174.78, 2912.97, 3.08%
- Epoch 040, ExpID 54129
Train - Loss: 7487781.11
Val - Loss, MSE, RMSE, MAE, MAPE: 12949286.00, 12949284.50, 3561.65, 2656.07, 2.89%
Test - Best epoch, Loss, MSE, RMSE, MAE, MAPE: 40, 18818916.00, 18818916.75, 4099.97, 2819.76, 2.99%
- Epoch 041, ExpID 54129
Train - Loss: 7408268.77
Val - Loss, MSE, RMSE, MAE, MAPE: 13490263.00, 13490263.00, 3629.70, 2681.43, 2.91%
Test - Best epoch, Loss, MSE, RMSE, MAE, MAPE: 40, 18818916.00, 18818916.75, 4099.97, 2819.76, 2.99%
- Epoch 042, ExpID 54129
Train - Loss: 7413440.73
Val - Loss, MSE, RMSE, MAE, MAPE: 13557646.00, 13557644.75, 3638.66, 2720.09, 2.94%
Test - Best epoch, Loss, MSE, RMSE, MAE, MAPE: 40, 18818916.00, 18818916.75, 4099.97, 2819.76, 2.99%
- Epoch 043, ExpID 54129
Train - Loss: 7347189.87
Val - Loss, MSE, RMSE, MAE, MAPE: 13215288.00, 13215288.00, 3600.73, 2679.80, 2.92%
Test - Best epoch, Loss, MSE, RMSE, MAE, MAPE: 40, 18818916.00, 18818916.75, 4099.97, 2819.76, 2.99%
- Epoch 044, ExpID 54129
Train - Loss: 7179967.32
Val - Loss, MSE, RMSE, MAE, MAPE: 13045291.00, 13045290.50, 3564.75, 2672.13, 2.89%
Test - Best epoch, Loss, MSE, RMSE, MAE, MAPE: 40, 18818916.00, 18818916.75, 4099.97, 2819.76, 2.99%
- Epoch 045, ExpID 54129
Train - Loss: 7192853.73
Val - Loss, MSE, RMSE, MAE, MAPE: 13793823.00, 13793822.75, 3649.89, 2752.86, 3.00%
Test - Best epoch, Loss, MSE, RMSE, MAE, MAPE: 40, 18818916.00, 18818916.75, 4099.97, 2819.76, 2.99%
- Epoch 046, ExpID 54129
Train - Loss: 7035208.13
Val - Loss, MSE, RMSE, MAE, MAPE: 13554594.00, 13554592.83, 3636.97, 2728.36, 2.97%
Test - Best epoch, Loss, MSE, RMSE, MAE, MAPE: 40, 18818916.00, 18818916.75, 4099.97, 2819.76, 2.99%
- Epoch 047, ExpID 54129
Train - Loss: 7034549.35
Val - Loss, MSE, RMSE, MAE, MAPE: 14260636.00, 14260635.50, 3739.87, 2819.23, 3.05%
Test - Best epoch, Loss, MSE, RMSE, MAE, MAPE: 40, 18818916.00, 18818916.75, 4099.97, 2819.76, 2.99%
- Epoch 048, ExpID 54129
Train - Loss: 6951590.72
Val - Loss, MSE, RMSE, MAE, MAPE: 13937388.00, 13937387.83, 3695.86, 2772.96, 3.00%
Test - Best epoch, Loss, MSE, RMSE, MAE, MAPE: 40, 18818916.00, 18818916.75, 4099.97, 2819.76, 2.99%
- Epoch 049, ExpID 54129
Train - Loss: 6784734.53
Val - Loss, MSE, RMSE, MAE, MAPE: 13589250.00, 13589248.83, 3644.53, 2758.40, 2.99%
Test - Best epoch, Loss, MSE, RMSE, MAE, MAPE: 40, 18818916.00, 18818916.75, 4099.97, 2819.76, 2.99%
- Epoch 050, ExpID 54129
Train - Loss: 6746263.26
Val - Loss, MSE, RMSE, MAE, MAPE: 14150530.00, 14150530.17, 3722.52, 2763.43, 3.01%
Test - Best epoch, Loss, MSE, RMSE, MAE, MAPE: 40, 18818916.00, 18818916.75, 4099.97, 2819.76, 2.99%
Early Stopping at Epoch 50
Fold 2019 Best RMSE: 4099.9723
