DETAILED LOG | Model: patchtst | Seed: 1
FULL CONFIG: {'gpu': '3', 'target': 'departure', 'cv_start_year': 2017, 'cv_end_year': 2019, 'test_year': 2024, 'use_corona': False, 'seq_len': 91, 'label_len': 0, 'pred_len': 1, 'batch_size': 64, 'epochs': 1000, 'patience': 10, 'lr': 0.001, 'model': 'patchtst', 'd_model': 256, 'n_heads': 2, 'n_layers': 4, 'dropout': 0.1, 'activation': 'gelu', 'patch_len': 28, 'factor': 5, 'norm_mode': 'revin', 'use_dbloss': False, 'device': device(type='cuda'), 'stride': 28, 'file_path': 'dataset/airport_daily_flight_merged.csv', 'seed': 1, 'val_year': 2019, 'ndims': 1}

-------------------- [Fold: 2017] ExpID: 61695 --------------------
- Epoch 000, ExpID 61695
Train - Loss: 21332001.49
Val - Loss, MSE, RMSE, MAE, MAPE: 17867386.00, 17867385.00, 4172.40, 3129.84, 4.06%
Test - Best epoch, Loss, MSE, RMSE, MAE, MAPE: 0, 27454022.00, 27454020.67, 5087.97, 3792.93, 4.57%
- Epoch 001, ExpID 61695
Train - Loss: 16755438.54
Val - Loss, MSE, RMSE, MAE, MAPE: 29312884.00, 29312882.00, 5326.79, 4238.04, 5.33%
Test - Best epoch, Loss, MSE, RMSE, MAE, MAPE: 0, 27454022.00, 27454020.67, 5087.97, 3792.93, 4.57%
- Epoch 002, ExpID 61695
Train - Loss: 15744813.89
Val - Loss, MSE, RMSE, MAE, MAPE: 18566100.00, 18566100.33, 4239.07, 3295.45, 4.22%
Test - Best epoch, Loss, MSE, RMSE, MAE, MAPE: 0, 27454022.00, 27454020.67, 5087.97, 3792.93, 4.57%
- Epoch 003, ExpID 61695
Train - Loss: 14160811.86
Val - Loss, MSE, RMSE, MAE, MAPE: 18759916.00, 18759915.00, 4296.28, 3434.93, 4.36%
Test - Best epoch, Loss, MSE, RMSE, MAE, MAPE: 0, 27454022.00, 27454020.67, 5087.97, 3792.93, 4.57%
- Epoch 004, ExpID 61695
Train - Loss: 13822092.47
Val - Loss, MSE, RMSE, MAE, MAPE: 20264360.00, 20264360.50, 4384.66, 3484.49, 4.46%
Test - Best epoch, Loss, MSE, RMSE, MAE, MAPE: 0, 27454022.00, 27454020.67, 5087.97, 3792.93, 4.57%
- Epoch 005, ExpID 61695
Train - Loss: 12957444.73
Val - Loss, MSE, RMSE, MAE, MAPE: 17887712.00, 17887709.83, 4177.96, 3174.16, 4.06%
Test - Best epoch, Loss, MSE, RMSE, MAE, MAPE: 0, 27454022.00, 27454020.67, 5087.97, 3792.93, 4.57%
- Epoch 006, ExpID 61695
Train - Loss: 13074210.57
Val - Loss, MSE, RMSE, MAE, MAPE: 14748611.00, 14748609.33, 3774.98, 2753.60, 3.53%
Test - Best epoch, Loss, MSE, RMSE, MAE, MAPE: 6, 26363776.00, 26363777.17, 4863.59, 3463.77, 4.16%
- Epoch 007, ExpID 61695
Train - Loss: 13253910.18
Val - Loss, MSE, RMSE, MAE, MAPE: 19323964.00, 19323963.67, 4359.16, 3262.54, 4.15%
Test - Best epoch, Loss, MSE, RMSE, MAE, MAPE: 6, 26363776.00, 26363777.17, 4863.59, 3463.77, 4.16%
- Epoch 008, ExpID 61695
Train - Loss: 14123380.58
Val - Loss, MSE, RMSE, MAE, MAPE: 21143262.00, 21143261.17, 4479.25, 3480.55, 4.45%
Test - Best epoch, Loss, MSE, RMSE, MAE, MAPE: 6, 26363776.00, 26363777.17, 4863.59, 3463.77, 4.16%
- Epoch 009, ExpID 61695
Train - Loss: 13568099.73
Val - Loss, MSE, RMSE, MAE, MAPE: 15645840.00, 15645840.33, 3902.40, 2921.59, 3.81%
Test - Best epoch, Loss, MSE, RMSE, MAE, MAPE: 6, 26363776.00, 26363777.17, 4863.59, 3463.77, 4.16%
- Epoch 010, ExpID 61695
Train - Loss: 13345356.24
Val - Loss, MSE, RMSE, MAE, MAPE: 13953658.00, 13953657.00, 3681.51, 2818.14, 3.59%
Test - Best epoch, Loss, MSE, RMSE, MAE, MAPE: 10, 26173740.00, 26173736.83, 4895.68, 3574.41, 4.23%
- Epoch 011, ExpID 61695
Train - Loss: 13286540.01
Val - Loss, MSE, RMSE, MAE, MAPE: 14976826.00, 14976826.67, 3814.04, 2886.48, 3.68%
Test - Best epoch, Loss, MSE, RMSE, MAE, MAPE: 10, 26173740.00, 26173736.83, 4895.68, 3574.41, 4.23%
- Epoch 012, ExpID 61695
Train - Loss: 13188808.35
Val - Loss, MSE, RMSE, MAE, MAPE: 14082484.00, 14082484.17, 3693.99, 2712.82, 3.48%
Test - Best epoch, Loss, MSE, RMSE, MAE, MAPE: 10, 26173740.00, 26173736.83, 4895.68, 3574.41, 4.23%
- Epoch 013, ExpID 61695
Train - Loss: 12286801.39
Val - Loss, MSE, RMSE, MAE, MAPE: 15989623.00, 15989622.33, 3944.39, 2941.00, 3.73%
Test - Best epoch, Loss, MSE, RMSE, MAE, MAPE: 10, 26173740.00, 26173736.83, 4895.68, 3574.41, 4.23%
- Epoch 014, ExpID 61695
Train - Loss: 12611210.69
Val - Loss, MSE, RMSE, MAE, MAPE: 17413672.00, 17413672.00, 4098.13, 3132.95, 4.07%
Test - Best epoch, Loss, MSE, RMSE, MAE, MAPE: 10, 26173740.00, 26173736.83, 4895.68, 3574.41, 4.23%
- Epoch 015, ExpID 61695
Train - Loss: 12974781.64
Val - Loss, MSE, RMSE, MAE, MAPE: 16691662.00, 16691661.00, 4045.15, 3043.43, 3.94%
Test - Best epoch, Loss, MSE, RMSE, MAE, MAPE: 10, 26173740.00, 26173736.83, 4895.68, 3574.41, 4.23%
- Epoch 016, ExpID 61695
Train - Loss: 14384832.26
Val - Loss, MSE, RMSE, MAE, MAPE: 18446278.00, 18446277.33, 4229.81, 3262.29, 4.20%
Test - Best epoch, Loss, MSE, RMSE, MAE, MAPE: 10, 26173740.00, 26173736.83, 4895.68, 3574.41, 4.23%
- Epoch 017, ExpID 61695
Train - Loss: 15770364.73
Val - Loss, MSE, RMSE, MAE, MAPE: 25464448.00, 25464448.50, 4971.30, 3916.21, 5.00%
Test - Best epoch, Loss, MSE, RMSE, MAE, MAPE: 10, 26173740.00, 26173736.83, 4895.68, 3574.41, 4.23%
- Epoch 018, ExpID 61695
Train - Loss: 18751757.18
Val - Loss, MSE, RMSE, MAE, MAPE: 25854184.00, 25854186.00, 5021.04, 3863.84, 5.03%
Test - Best epoch, Loss, MSE, RMSE, MAE, MAPE: 10, 26173740.00, 26173736.83, 4895.68, 3574.41, 4.23%
- Epoch 019, ExpID 61695
Train - Loss: 21100197.95
Val - Loss, MSE, RMSE, MAE, MAPE: 42437832.00, 42437831.33, 6459.91, 5163.55, 6.69%
Test - Best epoch, Loss, MSE, RMSE, MAE, MAPE: 10, 26173740.00, 26173736.83, 4895.68, 3574.41, 4.23%
- Epoch 020, ExpID 61695
Train - Loss: 28122854.30
Val - Loss, MSE, RMSE, MAE, MAPE: 74861904.00, 74861903.33, 8384.58, 6973.82, 8.68%
Test - Best epoch, Loss, MSE, RMSE, MAE, MAPE: 10, 26173740.00, 26173736.83, 4895.68, 3574.41, 4.23%
Early Stopping at Epoch 20
Fold 2017 Best RMSE: 4895.6781

-------------------- [Fold: 2018] ExpID: 61652 --------------------
- Epoch 000, ExpID 61652
Train - Loss: 24427587.67
Val - Loss, MSE, RMSE, MAE, MAPE: 53201068.00, 53201065.33, 6997.07, 5416.39, 6.79%
Test - Best epoch, Loss, MSE, RMSE, MAE, MAPE: 0, 36693376.00, 36693377.00, 5972.67, 4790.48, 5.33%
- Epoch 001, ExpID 61652
Train - Loss: 16830712.68
Val - Loss, MSE, RMSE, MAE, MAPE: 39762236.00, 39762235.33, 6085.49, 4789.05, 5.65%
Test - Best epoch, Loss, MSE, RMSE, MAE, MAPE: 1, 25661492.00, 25661491.67, 5009.89, 3914.69, 4.18%
- Epoch 002, ExpID 61652
Train - Loss: 15401488.28
Val - Loss, MSE, RMSE, MAE, MAPE: 66564424.00, 66564423.33, 8014.82, 6835.52, 7.80%
Test - Best epoch, Loss, MSE, RMSE, MAE, MAPE: 1, 25661492.00, 25661491.67, 5009.89, 3914.69, 4.18%
- Epoch 003, ExpID 61652
Train - Loss: 14474373.48
Val - Loss, MSE, RMSE, MAE, MAPE: 44753960.00, 44753955.67, 6463.27, 5034.36, 6.02%
Test - Best epoch, Loss, MSE, RMSE, MAE, MAPE: 1, 25661492.00, 25661491.67, 5009.89, 3914.69, 4.18%
- Epoch 004, ExpID 61652
Train - Loss: 14049582.79
Val - Loss, MSE, RMSE, MAE, MAPE: 35316368.00, 35316368.50, 5712.84, 4406.52, 5.27%
Test - Best epoch, Loss, MSE, RMSE, MAE, MAPE: 4, 24859030.00, 24859030.00, 4932.67, 3795.24, 4.07%
- Epoch 005, ExpID 61652
Train - Loss: 13731011.99
Val - Loss, MSE, RMSE, MAE, MAPE: 33301142.00, 33301142.00, 5634.28, 4267.13, 5.00%
Test - Best epoch, Loss, MSE, RMSE, MAE, MAPE: 5, 24594358.00, 24594357.67, 4861.67, 3775.98, 4.04%
- Epoch 006, ExpID 61652
Train - Loss: 13718253.89
Val - Loss, MSE, RMSE, MAE, MAPE: 25325086.00, 25325084.33, 4816.22, 3471.12, 4.13%
Test - Best epoch, Loss, MSE, RMSE, MAE, MAPE: 6, 17141970.00, 17141971.00, 4077.57, 3177.53, 3.44%
- Epoch 007, ExpID 61652
Train - Loss: 14047291.56
Val - Loss, MSE, RMSE, MAE, MAPE: 43715116.00, 43715113.67, 6387.37, 5160.94, 6.12%
Test - Best epoch, Loss, MSE, RMSE, MAE, MAPE: 6, 17141970.00, 17141971.00, 4077.57, 3177.53, 3.44%
- Epoch 008, ExpID 61652
Train - Loss: 13586284.92
Val - Loss, MSE, RMSE, MAE, MAPE: 29831396.00, 29831395.67, 5270.95, 3752.49, 4.59%
Test - Best epoch, Loss, MSE, RMSE, MAE, MAPE: 6, 17141970.00, 17141971.00, 4077.57, 3177.53, 3.44%
- Epoch 009, ExpID 61652
Train - Loss: 13573192.62
Val - Loss, MSE, RMSE, MAE, MAPE: 31192680.00, 31192680.00, 5389.70, 4202.74, 4.85%
Test - Best epoch, Loss, MSE, RMSE, MAE, MAPE: 6, 17141970.00, 17141971.00, 4077.57, 3177.53, 3.44%
- Epoch 010, ExpID 61652
Train - Loss: 14094851.51
Val - Loss, MSE, RMSE, MAE, MAPE: 74583504.00, 74583496.00, 8363.58, 7365.67, 8.61%
Test - Best epoch, Loss, MSE, RMSE, MAE, MAPE: 6, 17141970.00, 17141971.00, 4077.57, 3177.53, 3.44%
- Epoch 011, ExpID 61652
Train - Loss: 14681386.99
Val - Loss, MSE, RMSE, MAE, MAPE: 29941420.00, 29941417.17, 5293.70, 4009.80, 4.81%
Test - Best epoch, Loss, MSE, RMSE, MAE, MAPE: 6, 17141970.00, 17141971.00, 4077.57, 3177.53, 3.44%
- Epoch 012, ExpID 61652
Train - Loss: 14799636.41
Val - Loss, MSE, RMSE, MAE, MAPE: 31162748.00, 31162749.00, 5438.92, 4125.61, 4.86%
Test - Best epoch, Loss, MSE, RMSE, MAE, MAPE: 6, 17141970.00, 17141971.00, 4077.57, 3177.53, 3.44%
- Epoch 013, ExpID 61652
Train - Loss: 14279323.41
Val - Loss, MSE, RMSE, MAE, MAPE: 30056544.00, 30056542.67, 5275.83, 3973.33, 4.78%
Test - Best epoch, Loss, MSE, RMSE, MAE, MAPE: 6, 17141970.00, 17141971.00, 4077.57, 3177.53, 3.44%
- Epoch 014, ExpID 61652
Train - Loss: 14161196.83
Val - Loss, MSE, RMSE, MAE, MAPE: 30291352.00, 30291351.33, 5325.53, 4016.26, 4.81%
Test - Best epoch, Loss, MSE, RMSE, MAE, MAPE: 6, 17141970.00, 17141971.00, 4077.57, 3177.53, 3.44%
- Epoch 015, ExpID 61652
Train - Loss: 13888574.08
Val - Loss, MSE, RMSE, MAE, MAPE: 31673198.00, 31673197.33, 5359.99, 4001.90, 4.72%
Test - Best epoch, Loss, MSE, RMSE, MAE, MAPE: 6, 17141970.00, 17141971.00, 4077.57, 3177.53, 3.44%
- Epoch 016, ExpID 61652
Train - Loss: 13999306.82
Val - Loss, MSE, RMSE, MAE, MAPE: 28537846.00, 28537845.50, 5150.27, 3763.44, 4.58%
Test - Best epoch, Loss, MSE, RMSE, MAE, MAPE: 6, 17141970.00, 17141971.00, 4077.57, 3177.53, 3.44%
Early Stopping at Epoch 16
Fold 2018 Best RMSE: 4077.5723

-------------------- [Fold: 2019] ExpID: 94336 --------------------
- Epoch 000, ExpID 94336
Train - Loss: 26445836.84
Val - Loss, MSE, RMSE, MAE, MAPE: 83621568.00, 83621561.33, 8934.14, 7927.54, 8.24%
Test - Best epoch, Loss, MSE, RMSE, MAE, MAPE: 0, 86093192.00, 86093189.33, 9221.28, 8287.51, 8.32%
- Epoch 001, ExpID 94336
Train - Loss: 19195078.43
Val - Loss, MSE, RMSE, MAE, MAPE: 24557422.00, 24557421.00, 4859.90, 3697.05, 4.00%
Test - Best epoch, Loss, MSE, RMSE, MAE, MAPE: 1, 28259142.00, 28259142.33, 5233.29, 4016.60, 4.23%
- Epoch 002, ExpID 94336
Train - Loss: 17453282.27
Val - Loss, MSE, RMSE, MAE, MAPE: 22901748.00, 22901746.33, 4734.66, 3645.31, 3.97%
Test - Best epoch, Loss, MSE, RMSE, MAE, MAPE: 2, 28891524.00, 28891523.00, 5299.19, 3992.00, 4.24%
- Epoch 003, ExpID 94336
Train - Loss: 16045024.05
Val - Loss, MSE, RMSE, MAE, MAPE: 19792044.00, 19792040.83, 4409.46, 3279.94, 3.57%
Test - Best epoch, Loss, MSE, RMSE, MAE, MAPE: 3, 23560718.00, 23560717.17, 4724.89, 3403.48, 3.60%
- Epoch 004, ExpID 94336
Train - Loss: 14742301.56
Val - Loss, MSE, RMSE, MAE, MAPE: 28491360.00, 28491362.50, 5271.54, 4133.89, 4.47%
Test - Best epoch, Loss, MSE, RMSE, MAE, MAPE: 3, 23560718.00, 23560717.17, 4724.89, 3403.48, 3.60%
- Epoch 005, ExpID 94336
Train - Loss: 15334837.85
Val - Loss, MSE, RMSE, MAE, MAPE: 24318006.00, 24318005.67, 4877.95, 3780.85, 4.14%
Test - Best epoch, Loss, MSE, RMSE, MAE, MAPE: 3, 23560718.00, 23560717.17, 4724.89, 3403.48, 3.60%
- Epoch 006, ExpID 94336
Train - Loss: 16356154.59
Val - Loss, MSE, RMSE, MAE, MAPE: 22937508.00, 22937508.00, 4705.89, 3639.58, 3.86%
Test - Best epoch, Loss, MSE, RMSE, MAE, MAPE: 3, 23560718.00, 23560717.17, 4724.89, 3403.48, 3.60%
- Epoch 007, ExpID 94336
Train - Loss: 16248028.51
Val - Loss, MSE, RMSE, MAE, MAPE: 27261448.00, 27261447.33, 5196.96, 3966.73, 4.40%
Test - Best epoch, Loss, MSE, RMSE, MAE, MAPE: 3, 23560718.00, 23560717.17, 4724.89, 3403.48, 3.60%
- Epoch 008, ExpID 94336
Train - Loss: 15725923.88
Val - Loss, MSE, RMSE, MAE, MAPE: 18410124.00, 18410123.67, 4219.57, 3248.95, 3.50%
Test - Best epoch, Loss, MSE, RMSE, MAE, MAPE: 8, 21717484.00, 21717484.17, 4584.48, 3291.94, 3.46%
- Epoch 009, ExpID 94336
Train - Loss: 15042802.83
Val - Loss, MSE, RMSE, MAE, MAPE: 24892774.00, 24892771.67, 4937.45, 3850.90, 4.13%
Test - Best epoch, Loss, MSE, RMSE, MAE, MAPE: 8, 21717484.00, 21717484.17, 4584.48, 3291.94, 3.46%
- Epoch 010, ExpID 94336
Train - Loss: 15281486.53
Val - Loss, MSE, RMSE, MAE, MAPE: 18981702.00, 18981702.00, 4325.67, 3306.39, 3.62%
Test - Best epoch, Loss, MSE, RMSE, MAE, MAPE: 8, 21717484.00, 21717484.17, 4584.48, 3291.94, 3.46%
- Epoch 011, ExpID 94336
Train - Loss: 14766394.14
Val - Loss, MSE, RMSE, MAE, MAPE: 22639292.00, 22639291.33, 4722.57, 3489.46, 3.82%
Test - Best epoch, Loss, MSE, RMSE, MAE, MAPE: 8, 21717484.00, 21717484.17, 4584.48, 3291.94, 3.46%
- Epoch 012, ExpID 94336
Train - Loss: 16299256.11
Val - Loss, MSE, RMSE, MAE, MAPE: 28589896.00, 28589896.00, 5308.71, 4226.70, 4.60%
Test - Best epoch, Loss, MSE, RMSE, MAE, MAPE: 8, 21717484.00, 21717484.17, 4584.48, 3291.94, 3.46%
- Epoch 013, ExpID 94336
Train - Loss: 15942211.53
Val - Loss, MSE, RMSE, MAE, MAPE: 23165920.00, 23165920.50, 4706.86, 3540.07, 3.84%
Test - Best epoch, Loss, MSE, RMSE, MAE, MAPE: 8, 21717484.00, 21717484.17, 4584.48, 3291.94, 3.46%
- Epoch 014, ExpID 94336
Train - Loss: 15746586.50
Val - Loss, MSE, RMSE, MAE, MAPE: 19062142.00, 19062140.67, 4312.48, 3314.39, 3.57%
Test - Best epoch, Loss, MSE, RMSE, MAE, MAPE: 8, 21717484.00, 21717484.17, 4584.48, 3291.94, 3.46%
- Epoch 015, ExpID 94336
Train - Loss: 15623447.52
Val - Loss, MSE, RMSE, MAE, MAPE: 19775908.00, 19775907.83, 4395.61, 3360.31, 3.63%
Test - Best epoch, Loss, MSE, RMSE, MAE, MAPE: 8, 21717484.00, 21717484.17, 4584.48, 3291.94, 3.46%
- Epoch 016, ExpID 94336
Train - Loss: 17261079.61
Val - Loss, MSE, RMSE, MAE, MAPE: 28981696.00, 28981695.67, 5332.48, 4063.00, 4.44%
Test - Best epoch, Loss, MSE, RMSE, MAE, MAPE: 8, 21717484.00, 21717484.17, 4584.48, 3291.94, 3.46%
- Epoch 017, ExpID 94336
Train - Loss: 17325118.43
Val - Loss, MSE, RMSE, MAE, MAPE: 29167950.00, 29167948.67, 5377.19, 4203.66, 4.57%
Test - Best epoch, Loss, MSE, RMSE, MAE, MAPE: 8, 21717484.00, 21717484.17, 4584.48, 3291.94, 3.46%
- Epoch 018, ExpID 94336
Train - Loss: 28166326.77
Val - Loss, MSE, RMSE, MAE, MAPE: 71000736.00, 71000736.00, 8272.00, 6790.25, 7.17%
Test - Best epoch, Loss, MSE, RMSE, MAE, MAPE: 8, 21717484.00, 21717484.17, 4584.48, 3291.94, 3.46%
Early Stopping at Epoch 18
Fold 2019 Best RMSE: 4584.4815
