DETAILED LOG | Model: patchtst | Seed: 3
FULL CONFIG: {'gpu': '3', 'target': 'departure', 'cv_start_year': 2017, 'cv_end_year': 2019, 'test_year': 2024, 'use_corona': False, 'seq_len': 365, 'label_len': 0, 'pred_len': 1, 'batch_size': 64, 'epochs': 1000, 'patience': 10, 'lr': 0.001, 'model': 'patchtst', 'd_model': 256, 'n_heads': 2, 'n_layers': 3, 'dropout': 0.1, 'activation': 'gelu', 'patch_len': 14, 'factor': 5, 'norm_mode': 'revin', 'use_dbloss': False, 'device': device(type='cuda'), 'stride': 14, 'file_path': 'dataset/airport_daily_flight_merged.csv', 'seed': 3, 'val_year': 2019, 'ndims': 1}

-------------------- [Fold: 2017] ExpID: 88592 --------------------
- Epoch 000, ExpID 88592
Train - Loss: 68041006.85
Val - Loss, MSE, RMSE, MAE, MAPE: 53115288.00, 53115282.33, 7120.05, 5990.53, 7.36%
Test - Best epoch, Loss, MSE, RMSE, MAE, MAPE: 0, 66433600.00, 66433599.33, 8005.41, 6641.93, 7.71%
- Epoch 001, ExpID 88592
Train - Loss: 27693912.13
Val - Loss, MSE, RMSE, MAE, MAPE: 42094592.00, 42094591.00, 6335.48, 5418.11, 6.67%
Test - Best epoch, Loss, MSE, RMSE, MAE, MAPE: 1, 40294888.00, 40294887.00, 6065.36, 5093.52, 5.90%
- Epoch 002, ExpID 88592
Train - Loss: 24551438.15
Val - Loss, MSE, RMSE, MAE, MAPE: 30332468.00, 30332469.33, 5497.20, 4401.26, 5.68%
Test - Best epoch, Loss, MSE, RMSE, MAE, MAPE: 2, 42190408.00, 42190409.33, 6359.23, 4970.12, 6.03%
- Epoch 003, ExpID 88592
Train - Loss: 23101260.91
Val - Loss, MSE, RMSE, MAE, MAPE: 66222524.00, 66222523.33, 7975.42, 7020.44, 8.63%
Test - Best epoch, Loss, MSE, RMSE, MAE, MAPE: 2, 42190408.00, 42190409.33, 6359.23, 4970.12, 6.03%
- Epoch 004, ExpID 88592
Train - Loss: 22639551.01
Val - Loss, MSE, RMSE, MAE, MAPE: 25020020.00, 25020019.33, 4953.29, 3784.57, 4.93%
Test - Best epoch, Loss, MSE, RMSE, MAE, MAPE: 4, 47522188.00, 47522183.33, 6673.12, 5043.30, 6.33%
- Epoch 005, ExpID 88592
Train - Loss: 23070097.67
Val - Loss, MSE, RMSE, MAE, MAPE: 35894156.00, 35894155.33, 5946.98, 4809.33, 6.26%
Test - Best epoch, Loss, MSE, RMSE, MAE, MAPE: 4, 47522188.00, 47522183.33, 6673.12, 5043.30, 6.33%
- Epoch 006, ExpID 88592
Train - Loss: 28505932.45
Val - Loss, MSE, RMSE, MAE, MAPE: 262192816.00, 262192794.67, 16114.00, 15498.29, 19.37%
Test - Best epoch, Loss, MSE, RMSE, MAE, MAPE: 4, 47522188.00, 47522183.33, 6673.12, 5043.30, 6.33%
- Epoch 007, ExpID 88592
Train - Loss: 24777013.49
Val - Loss, MSE, RMSE, MAE, MAPE: 23702966.00, 23702963.67, 4795.29, 3815.20, 4.94%
Test - Best epoch, Loss, MSE, RMSE, MAE, MAPE: 7, 34854352.00, 34854349.33, 5570.94, 3925.94, 4.84%
- Epoch 008, ExpID 88592
Train - Loss: 24648070.49
Val - Loss, MSE, RMSE, MAE, MAPE: 95944928.00, 95944927.33, 9649.62, 8656.30, 10.67%
Test - Best epoch, Loss, MSE, RMSE, MAE, MAPE: 7, 34854352.00, 34854349.33, 5570.94, 3925.94, 4.84%
- Epoch 009, ExpID 88592
Train - Loss: 28450022.88
Val - Loss, MSE, RMSE, MAE, MAPE: 85307096.00, 85307094.00, 9164.70, 7992.27, 10.65%
Test - Best epoch, Loss, MSE, RMSE, MAE, MAPE: 7, 34854352.00, 34854349.33, 5570.94, 3925.94, 4.84%
- Epoch 010, ExpID 88592
Train - Loss: 28959426.56
Val - Loss, MSE, RMSE, MAE, MAPE: 47435416.00, 47435409.33, 6764.53, 5489.53, 7.39%
Test - Best epoch, Loss, MSE, RMSE, MAE, MAPE: 7, 34854352.00, 34854349.33, 5570.94, 3925.94, 4.84%
- Epoch 011, ExpID 88592
Train - Loss: 26147628.56
Val - Loss, MSE, RMSE, MAE, MAPE: 43052960.00, 43052958.00, 6497.83, 5340.22, 6.70%
Test - Best epoch, Loss, MSE, RMSE, MAE, MAPE: 7, 34854352.00, 34854349.33, 5570.94, 3925.94, 4.84%
- Epoch 012, ExpID 88592
Train - Loss: 36564343.47
Val - Loss, MSE, RMSE, MAE, MAPE: 45137228.00, 45137224.33, 6645.24, 5354.74, 6.94%
Test - Best epoch, Loss, MSE, RMSE, MAE, MAPE: 7, 34854352.00, 34854349.33, 5570.94, 3925.94, 4.84%
- Epoch 013, ExpID 88592
Train - Loss: 33567381.41
Val - Loss, MSE, RMSE, MAE, MAPE: 38804672.00, 38804672.33, 6172.30, 5067.84, 6.28%
Test - Best epoch, Loss, MSE, RMSE, MAE, MAPE: 7, 34854352.00, 34854349.33, 5570.94, 3925.94, 4.84%
- Epoch 014, ExpID 88592
Train - Loss: 28986054.20
Val - Loss, MSE, RMSE, MAE, MAPE: 22978824.00, 22978824.33, 4758.41, 3661.25, 4.79%
Test - Best epoch, Loss, MSE, RMSE, MAE, MAPE: 14, 37763996.00, 37763996.00, 5926.63, 4363.10, 5.33%
- Epoch 015, ExpID 88592
Train - Loss: 23768336.44
Val - Loss, MSE, RMSE, MAE, MAPE: 21153344.00, 21153343.50, 4531.93, 3432.86, 4.36%
Test - Best epoch, Loss, MSE, RMSE, MAE, MAPE: 15, 32431808.00, 32431808.00, 5478.05, 3998.21, 4.83%
- Epoch 016, ExpID 88592
Train - Loss: 21169435.84
Val - Loss, MSE, RMSE, MAE, MAPE: 38354988.00, 38354986.67, 6141.42, 5040.21, 6.30%
Test - Best epoch, Loss, MSE, RMSE, MAE, MAPE: 15, 32431808.00, 32431808.00, 5478.05, 3998.21, 4.83%
- Epoch 017, ExpID 88592
Train - Loss: 24115836.89
Val - Loss, MSE, RMSE, MAE, MAPE: 61874604.00, 61874608.00, 7746.94, 6559.78, 8.77%
Test - Best epoch, Loss, MSE, RMSE, MAE, MAPE: 15, 32431808.00, 32431808.00, 5478.05, 3998.21, 4.83%
- Epoch 018, ExpID 88592
Train - Loss: 21722954.16
Val - Loss, MSE, RMSE, MAE, MAPE: 17827278.00, 17827278.50, 4183.01, 3272.19, 4.14%
Test - Best epoch, Loss, MSE, RMSE, MAE, MAPE: 18, 32730496.00, 32730495.67, 5517.44, 3890.71, 4.72%
- Epoch 019, ExpID 88592
Train - Loss: 19209066.57
Val - Loss, MSE, RMSE, MAE, MAPE: 18826236.00, 18826235.33, 4267.02, 3293.14, 4.19%
Test - Best epoch, Loss, MSE, RMSE, MAE, MAPE: 18, 32730496.00, 32730495.67, 5517.44, 3890.71, 4.72%
- Epoch 020, ExpID 88592
Train - Loss: 20830846.28
Val - Loss, MSE, RMSE, MAE, MAPE: 22619644.00, 22619644.50, 4619.14, 3617.15, 4.55%
Test - Best epoch, Loss, MSE, RMSE, MAE, MAPE: 18, 32730496.00, 32730495.67, 5517.44, 3890.71, 4.72%
- Epoch 021, ExpID 88592
Train - Loss: 16424511.96
Val - Loss, MSE, RMSE, MAE, MAPE: 15860582.00, 15860582.00, 3947.08, 3025.50, 3.84%
Test - Best epoch, Loss, MSE, RMSE, MAE, MAPE: 21, 31216812.00, 31216811.83, 5398.69, 3914.24, 4.76%
- Epoch 022, ExpID 88592
Train - Loss: 16165710.70
Val - Loss, MSE, RMSE, MAE, MAPE: 18947386.00, 18947386.33, 4261.52, 3340.15, 4.19%
Test - Best epoch, Loss, MSE, RMSE, MAE, MAPE: 21, 31216812.00, 31216811.83, 5398.69, 3914.24, 4.76%
- Epoch 023, ExpID 88592
Train - Loss: 15113293.59
Val - Loss, MSE, RMSE, MAE, MAPE: 19197960.00, 19197960.83, 4366.56, 3403.43, 4.31%
Test - Best epoch, Loss, MSE, RMSE, MAE, MAPE: 21, 31216812.00, 31216811.83, 5398.69, 3914.24, 4.76%
- Epoch 024, ExpID 88592
Train - Loss: 16035195.31
Val - Loss, MSE, RMSE, MAE, MAPE: 17634520.00, 17634517.42, 4142.22, 3176.34, 4.07%
Test - Best epoch, Loss, MSE, RMSE, MAE, MAPE: 21, 31216812.00, 31216811.83, 5398.69, 3914.24, 4.76%
- Epoch 025, ExpID 88592
Train - Loss: 15144741.02
Val - Loss, MSE, RMSE, MAE, MAPE: 23338732.00, 23338729.50, 4744.26, 3761.21, 4.87%
Test - Best epoch, Loss, MSE, RMSE, MAE, MAPE: 21, 31216812.00, 31216811.83, 5398.69, 3914.24, 4.76%
- Epoch 026, ExpID 88592
Train - Loss: 14918129.67
Val - Loss, MSE, RMSE, MAE, MAPE: 17121328.00, 17121326.83, 4108.97, 3203.00, 4.06%
Test - Best epoch, Loss, MSE, RMSE, MAE, MAPE: 21, 31216812.00, 31216811.83, 5398.69, 3914.24, 4.76%
- Epoch 027, ExpID 88592
Train - Loss: 15356019.05
Val - Loss, MSE, RMSE, MAE, MAPE: 19014844.00, 19014843.17, 4336.65, 3439.11, 4.35%
Test - Best epoch, Loss, MSE, RMSE, MAE, MAPE: 21, 31216812.00, 31216811.83, 5398.69, 3914.24, 4.76%
- Epoch 028, ExpID 88592
Train - Loss: 14533130.69
Val - Loss, MSE, RMSE, MAE, MAPE: 24780550.00, 24780549.83, 4841.40, 3836.81, 4.74%
Test - Best epoch, Loss, MSE, RMSE, MAE, MAPE: 21, 31216812.00, 31216811.83, 5398.69, 3914.24, 4.76%
- Epoch 029, ExpID 88592
Train - Loss: 14839231.31
Val - Loss, MSE, RMSE, MAE, MAPE: 17687368.00, 17687366.67, 4159.04, 3242.16, 4.08%
Test - Best epoch, Loss, MSE, RMSE, MAE, MAPE: 21, 31216812.00, 31216811.83, 5398.69, 3914.24, 4.76%
- Epoch 030, ExpID 88592
Train - Loss: 14244927.89
Val - Loss, MSE, RMSE, MAE, MAPE: 17045352.00, 17045352.50, 4081.26, 3156.06, 3.99%
Test - Best epoch, Loss, MSE, RMSE, MAE, MAPE: 21, 31216812.00, 31216811.83, 5398.69, 3914.24, 4.76%
- Epoch 031, ExpID 88592
Train - Loss: 14007916.40
Val - Loss, MSE, RMSE, MAE, MAPE: 17468848.00, 17468847.33, 4127.65, 3210.46, 4.16%
Test - Best epoch, Loss, MSE, RMSE, MAE, MAPE: 21, 31216812.00, 31216811.83, 5398.69, 3914.24, 4.76%
Early Stopping at Epoch 31
Fold 2017 Best RMSE: 5398.6850

-------------------- [Fold: 2018] ExpID: 82115 --------------------
- Epoch 000, ExpID 82115
Train - Loss: 54797822.05
Val - Loss, MSE, RMSE, MAE, MAPE: 36873812.00, 36873813.17, 5786.83, 4369.24, 5.27%
Test - Best epoch, Loss, MSE, RMSE, MAE, MAPE: 0, 26226748.00, 26226749.33, 5016.22, 3885.78, 4.21%
- Epoch 001, ExpID 82115
Train - Loss: 27529141.30
Val - Loss, MSE, RMSE, MAE, MAPE: 41723308.00, 41723308.00, 6221.77, 4491.70, 5.53%
Test - Best epoch, Loss, MSE, RMSE, MAE, MAPE: 0, 26226748.00, 26226749.33, 5016.22, 3885.78, 4.21%
- Epoch 002, ExpID 82115
Train - Loss: 27241807.68
Val - Loss, MSE, RMSE, MAE, MAPE: 33511864.00, 33511864.17, 5622.96, 4061.52, 5.02%
Test - Best epoch, Loss, MSE, RMSE, MAE, MAPE: 2, 24560982.00, 24560982.33, 4933.60, 3774.83, 4.19%
- Epoch 003, ExpID 82115
Train - Loss: 25696226.57
Val - Loss, MSE, RMSE, MAE, MAPE: 40159844.00, 40159841.00, 6119.39, 4900.28, 5.74%
Test - Best epoch, Loss, MSE, RMSE, MAE, MAPE: 2, 24560982.00, 24560982.33, 4933.60, 3774.83, 4.19%
- Epoch 004, ExpID 82115
Train - Loss: 25907462.31
Val - Loss, MSE, RMSE, MAE, MAPE: 56249164.00, 56249162.67, 7282.89, 6138.31, 6.98%
Test - Best epoch, Loss, MSE, RMSE, MAE, MAPE: 2, 24560982.00, 24560982.33, 4933.60, 3774.83, 4.19%
- Epoch 005, ExpID 82115
Train - Loss: 29541503.23
Val - Loss, MSE, RMSE, MAE, MAPE: 59676728.00, 59676729.00, 7571.06, 5947.34, 7.47%
Test - Best epoch, Loss, MSE, RMSE, MAE, MAPE: 2, 24560982.00, 24560982.33, 4933.60, 3774.83, 4.19%
- Epoch 006, ExpID 82115
Train - Loss: 26760336.49
Val - Loss, MSE, RMSE, MAE, MAPE: 34305008.00, 34305007.33, 5729.69, 4392.45, 5.39%
Test - Best epoch, Loss, MSE, RMSE, MAE, MAPE: 2, 24560982.00, 24560982.33, 4933.60, 3774.83, 4.19%
- Epoch 007, ExpID 82115
Train - Loss: 23878084.57
Val - Loss, MSE, RMSE, MAE, MAPE: 53143424.00, 53143424.67, 7015.98, 5847.60, 6.64%
Test - Best epoch, Loss, MSE, RMSE, MAE, MAPE: 2, 24560982.00, 24560982.33, 4933.60, 3774.83, 4.19%
- Epoch 008, ExpID 82115
Train - Loss: 24554088.70
Val - Loss, MSE, RMSE, MAE, MAPE: 33392328.00, 33392327.50, 5621.22, 4287.84, 5.06%
Test - Best epoch, Loss, MSE, RMSE, MAE, MAPE: 8, 31977764.00, 31977761.67, 5558.55, 4266.58, 4.60%
- Epoch 009, ExpID 82115
Train - Loss: 23069985.44
Val - Loss, MSE, RMSE, MAE, MAPE: 38456984.00, 38456982.33, 6053.92, 4678.11, 5.57%
Test - Best epoch, Loss, MSE, RMSE, MAE, MAPE: 8, 31977764.00, 31977761.67, 5558.55, 4266.58, 4.60%
- Epoch 010, ExpID 82115
Train - Loss: 22961600.94
Val - Loss, MSE, RMSE, MAE, MAPE: 47743008.00, 47743007.00, 6586.14, 5399.11, 6.23%
Test - Best epoch, Loss, MSE, RMSE, MAE, MAPE: 8, 31977764.00, 31977761.67, 5558.55, 4266.58, 4.60%
- Epoch 011, ExpID 82115
Train - Loss: 21285158.15
Val - Loss, MSE, RMSE, MAE, MAPE: 32650640.00, 32650638.67, 5560.90, 4153.19, 5.03%
Test - Best epoch, Loss, MSE, RMSE, MAE, MAPE: 11, 23132526.00, 23132525.67, 4739.18, 3594.70, 3.93%
- Epoch 012, ExpID 82115
Train - Loss: 18828518.38
Val - Loss, MSE, RMSE, MAE, MAPE: 34365224.00, 34365224.33, 5662.10, 4316.58, 5.12%
Test - Best epoch, Loss, MSE, RMSE, MAE, MAPE: 11, 23132526.00, 23132525.67, 4739.18, 3594.70, 3.93%
- Epoch 013, ExpID 82115
Train - Loss: 19843417.65
Val - Loss, MSE, RMSE, MAE, MAPE: 29533278.00, 29533277.83, 5282.91, 4016.49, 4.76%
Test - Best epoch, Loss, MSE, RMSE, MAE, MAPE: 13, 22617836.00, 22617835.17, 4710.10, 3638.27, 3.93%
- Epoch 014, ExpID 82115
Train - Loss: 18142558.70
Val - Loss, MSE, RMSE, MAE, MAPE: 29239710.00, 29239709.67, 5213.21, 3857.52, 4.68%
Test - Best epoch, Loss, MSE, RMSE, MAE, MAPE: 14, 20400618.00, 20400618.17, 4469.64, 3438.65, 3.72%
- Epoch 015, ExpID 82115
Train - Loss: 18973506.16
Val - Loss, MSE, RMSE, MAE, MAPE: 26994764.00, 26994762.00, 5038.85, 3653.60, 4.36%
Test - Best epoch, Loss, MSE, RMSE, MAE, MAPE: 15, 23426524.00, 23426522.83, 4781.60, 3660.96, 3.98%
- Epoch 016, ExpID 82115
Train - Loss: 16796913.89
Val - Loss, MSE, RMSE, MAE, MAPE: 31210300.00, 31210298.67, 5326.03, 3871.80, 4.76%
Test - Best epoch, Loss, MSE, RMSE, MAE, MAPE: 15, 23426524.00, 23426522.83, 4781.60, 3660.96, 3.98%
- Epoch 017, ExpID 82115
Train - Loss: 16542996.95
Val - Loss, MSE, RMSE, MAE, MAPE: 34554464.00, 34554463.33, 5781.84, 4545.97, 5.52%
Test - Best epoch, Loss, MSE, RMSE, MAE, MAPE: 15, 23426524.00, 23426522.83, 4781.60, 3660.96, 3.98%
- Epoch 018, ExpID 82115
Train - Loss: 17189048.38
Val - Loss, MSE, RMSE, MAE, MAPE: 36879456.00, 36879454.33, 5819.95, 4750.17, 5.56%
Test - Best epoch, Loss, MSE, RMSE, MAE, MAPE: 15, 23426524.00, 23426522.83, 4781.60, 3660.96, 3.98%
- Epoch 019, ExpID 82115
Train - Loss: 16945281.27
Val - Loss, MSE, RMSE, MAE, MAPE: 29078198.00, 29078195.67, 5194.22, 3867.08, 4.67%
Test - Best epoch, Loss, MSE, RMSE, MAE, MAPE: 15, 23426524.00, 23426522.83, 4781.60, 3660.96, 3.98%
- Epoch 020, ExpID 82115
Train - Loss: 15539229.38
Val - Loss, MSE, RMSE, MAE, MAPE: 33323572.00, 33323569.67, 5634.00, 4389.09, 5.21%
Test - Best epoch, Loss, MSE, RMSE, MAE, MAPE: 15, 23426524.00, 23426522.83, 4781.60, 3660.96, 3.98%
- Epoch 021, ExpID 82115
Train - Loss: 15138993.71
Val - Loss, MSE, RMSE, MAE, MAPE: 35138368.00, 35138368.67, 5564.45, 3952.39, 4.81%
Test - Best epoch, Loss, MSE, RMSE, MAE, MAPE: 15, 23426524.00, 23426522.83, 4781.60, 3660.96, 3.98%
- Epoch 022, ExpID 82115
Train - Loss: 14787376.82
Val - Loss, MSE, RMSE, MAE, MAPE: 28542464.00, 28542464.83, 5168.16, 3922.82, 4.64%
Test - Best epoch, Loss, MSE, RMSE, MAE, MAPE: 15, 23426524.00, 23426522.83, 4781.60, 3660.96, 3.98%
- Epoch 023, ExpID 82115
Train - Loss: 16098451.74
Val - Loss, MSE, RMSE, MAE, MAPE: 28378638.00, 28378638.00, 5038.61, 3723.35, 4.44%
Test - Best epoch, Loss, MSE, RMSE, MAE, MAPE: 15, 23426524.00, 23426522.83, 4781.60, 3660.96, 3.98%
- Epoch 024, ExpID 82115
Train - Loss: 14846735.29
Val - Loss, MSE, RMSE, MAE, MAPE: 31603220.00, 31603217.67, 5393.33, 4013.87, 4.73%
Test - Best epoch, Loss, MSE, RMSE, MAE, MAPE: 15, 23426524.00, 23426522.83, 4781.60, 3660.96, 3.98%
- Epoch 025, ExpID 82115
Train - Loss: 14966221.93
Val - Loss, MSE, RMSE, MAE, MAPE: 28386958.00, 28386956.33, 5166.21, 3793.85, 4.52%
Test - Best epoch, Loss, MSE, RMSE, MAE, MAPE: 15, 23426524.00, 23426522.83, 4781.60, 3660.96, 3.98%
Early Stopping at Epoch 25
Fold 2018 Best RMSE: 4781.5962

-------------------- [Fold: 2019] ExpID: 30243 --------------------
- Epoch 000, ExpID 30243
Train - Loss: 58635789.95
Val - Loss, MSE, RMSE, MAE, MAPE: 50397580.00, 50397578.67, 7060.95, 5763.09, 6.43%
Test - Best epoch, Loss, MSE, RMSE, MAE, MAPE: 0, 57028568.00, 57028564.00, 7500.00, 6097.19, 6.56%
- Epoch 001, ExpID 30243
Train - Loss: 30648522.53
Val - Loss, MSE, RMSE, MAE, MAPE: 21076056.00, 21076054.50, 4499.97, 3428.09, 3.72%
Test - Best epoch, Loss, MSE, RMSE, MAE, MAPE: 1, 24138150.00, 24138148.83, 4771.56, 3413.57, 3.58%
- Epoch 002, ExpID 30243
Train - Loss: 28891376.08
Val - Loss, MSE, RMSE, MAE, MAPE: 284227840.00, 284227832.00, 16756.23, 16075.19, 17.10%
Test - Best epoch, Loss, MSE, RMSE, MAE, MAPE: 1, 24138150.00, 24138148.83, 4771.56, 3413.57, 3.58%
- Epoch 003, ExpID 30243
Train - Loss: 28963915.42
Val - Loss, MSE, RMSE, MAE, MAPE: 119152440.00, 119152428.67, 10710.94, 9415.86, 10.52%
Test - Best epoch, Loss, MSE, RMSE, MAE, MAPE: 1, 24138150.00, 24138148.83, 4771.56, 3413.57, 3.58%
- Epoch 004, ExpID 30243
Train - Loss: 31044802.63
Val - Loss, MSE, RMSE, MAE, MAPE: 29430638.00, 29430637.67, 5345.40, 4206.21, 4.57%
Test - Best epoch, Loss, MSE, RMSE, MAE, MAPE: 1, 24138150.00, 24138148.83, 4771.56, 3413.57, 3.58%
- Epoch 005, ExpID 30243
Train - Loss: 31366195.84
Val - Loss, MSE, RMSE, MAE, MAPE: 47434764.00, 47434760.67, 6830.54, 5618.34, 5.87%
Test - Best epoch, Loss, MSE, RMSE, MAE, MAPE: 1, 24138150.00, 24138148.83, 4771.56, 3413.57, 3.58%
- Epoch 006, ExpID 30243
Train - Loss: 30286749.33
Val - Loss, MSE, RMSE, MAE, MAPE: 153849728.00, 153849721.33, 12242.32, 11317.02, 12.08%
Test - Best epoch, Loss, MSE, RMSE, MAE, MAPE: 1, 24138150.00, 24138148.83, 4771.56, 3413.57, 3.58%
- Epoch 007, ExpID 30243
Train - Loss: 35214378.70
Val - Loss, MSE, RMSE, MAE, MAPE: 269683264.00, 269683272.00, 16359.77, 15212.64, 16.86%
Test - Best epoch, Loss, MSE, RMSE, MAE, MAPE: 1, 24138150.00, 24138148.83, 4771.56, 3413.57, 3.58%
- Epoch 008, ExpID 30243
Train - Loss: 41220556.00
Val - Loss, MSE, RMSE, MAE, MAPE: 46821760.00, 46821762.33, 6815.58, 5479.30, 6.09%
Test - Best epoch, Loss, MSE, RMSE, MAE, MAPE: 1, 24138150.00, 24138148.83, 4771.56, 3413.57, 3.58%
- Epoch 009, ExpID 30243
Train - Loss: 37981472.65
Val - Loss, MSE, RMSE, MAE, MAPE: 34985408.00, 34985407.00, 5882.87, 4694.88, 5.16%
Test - Best epoch, Loss, MSE, RMSE, MAE, MAPE: 1, 24138150.00, 24138148.83, 4771.56, 3413.57, 3.58%
- Epoch 010, ExpID 30243
Train - Loss: 37241171.88
Val - Loss, MSE, RMSE, MAE, MAPE: 54696560.00, 54696556.00, 7356.97, 5943.96, 6.63%
Test - Best epoch, Loss, MSE, RMSE, MAE, MAPE: 1, 24138150.00, 24138148.83, 4771.56, 3413.57, 3.58%
- Epoch 011, ExpID 30243
Train - Loss: 32941042.27
Val - Loss, MSE, RMSE, MAE, MAPE: 32323300.00, 32323301.33, 5615.08, 4415.47, 4.74%
Test - Best epoch, Loss, MSE, RMSE, MAE, MAPE: 1, 24138150.00, 24138148.83, 4771.56, 3413.57, 3.58%
Early Stopping at Epoch 11
Fold 2019 Best RMSE: 4771.5588
