DETAILED LOG | Model: patchtst | Seed: 2
FULL CONFIG: {'gpu': '3', 'target': 'departure', 'cv_start_year': 2017, 'cv_end_year': 2019, 'test_year': 2024, 'use_corona': False, 'seq_len': 91, 'label_len': 0, 'pred_len': 1, 'batch_size': 64, 'epochs': 1000, 'patience': 10, 'lr': 0.001, 'model': 'patchtst', 'd_model': 64, 'n_heads': 1, 'n_layers': 1, 'dropout': 0.1, 'activation': 'gelu', 'patch_len': 7, 'factor': 5, 'norm_mode': 'revin', 'use_dbloss': False, 'device': device(type='cuda'), 'stride': 7, 'file_path': 'dataset/airport_daily_flight_merged.csv', 'seed': 2, 'val_year': 2019, 'ndims': 1}

-------------------- [Fold: 2017] ExpID: 92477 --------------------
- Epoch 000, ExpID 92477
Train - Loss: 16258178.75
Val - Loss, MSE, RMSE, MAE, MAPE: 14972171.00, 14972170.58, 3801.20, 2782.28, 3.54%
Test - Best epoch, Loss, MSE, RMSE, MAE, MAPE: 0, 26268086.00, 26268083.67, 4922.92, 3547.67, 4.25%
- Epoch 001, ExpID 92477
Train - Loss: 13028934.53
Val - Loss, MSE, RMSE, MAE, MAPE: 15692074.00, 15692073.25, 3857.39, 2810.89, 3.66%
Test - Best epoch, Loss, MSE, RMSE, MAE, MAPE: 0, 26268086.00, 26268083.67, 4922.92, 3547.67, 4.25%
- Epoch 002, ExpID 92477
Train - Loss: 11710400.96
Val - Loss, MSE, RMSE, MAE, MAPE: 14219170.00, 14219169.83, 3711.60, 2793.33, 3.56%
Test - Best epoch, Loss, MSE, RMSE, MAE, MAPE: 2, 27833712.00, 27833713.83, 4973.99, 3642.44, 4.33%
- Epoch 003, ExpID 92477
Train - Loss: 11528499.03
Val - Loss, MSE, RMSE, MAE, MAPE: 14460020.00, 14460018.83, 3750.61, 2786.18, 3.56%
Test - Best epoch, Loss, MSE, RMSE, MAE, MAPE: 2, 27833712.00, 27833713.83, 4973.99, 3642.44, 4.33%
- Epoch 004, ExpID 92477
Train - Loss: 11723245.03
Val - Loss, MSE, RMSE, MAE, MAPE: 13426120.00, 13426120.67, 3595.74, 2682.50, 3.44%
Test - Best epoch, Loss, MSE, RMSE, MAE, MAPE: 4, 24984654.00, 24984653.17, 4711.62, 3399.92, 4.06%
- Epoch 005, ExpID 92477
Train - Loss: 11240636.32
Val - Loss, MSE, RMSE, MAE, MAPE: 12915595.00, 12915595.67, 3544.80, 2601.41, 3.33%
Test - Best epoch, Loss, MSE, RMSE, MAE, MAPE: 5, 24996624.00, 24996626.00, 4730.28, 3334.65, 3.97%
- Epoch 006, ExpID 92477
Train - Loss: 10607655.00
Val - Loss, MSE, RMSE, MAE, MAPE: 13316028.00, 13316027.75, 3590.63, 2644.24, 3.38%
Test - Best epoch, Loss, MSE, RMSE, MAE, MAPE: 5, 24996624.00, 24996626.00, 4730.28, 3334.65, 3.97%
- Epoch 007, ExpID 92477
Train - Loss: 10612577.23
Val - Loss, MSE, RMSE, MAE, MAPE: 12522138.00, 12522138.00, 3500.02, 2603.00, 3.32%
Test - Best epoch, Loss, MSE, RMSE, MAE, MAPE: 7, 25494102.00, 25494100.00, 4816.28, 3483.32, 4.14%
- Epoch 008, ExpID 92477
Train - Loss: 10451024.82
Val - Loss, MSE, RMSE, MAE, MAPE: 12358926.00, 12358926.25, 3475.28, 2608.87, 3.34%
Test - Best epoch, Loss, MSE, RMSE, MAE, MAPE: 8, 24263104.00, 24263104.33, 4710.73, 3409.19, 4.07%
- Epoch 009, ExpID 92477
Train - Loss: 10797572.53
Val - Loss, MSE, RMSE, MAE, MAPE: 12590644.00, 12590643.50, 3491.17, 2618.42, 3.35%
Test - Best epoch, Loss, MSE, RMSE, MAE, MAPE: 8, 24263104.00, 24263104.33, 4710.73, 3409.19, 4.07%
- Epoch 010, ExpID 92477
Train - Loss: 10376867.78
Val - Loss, MSE, RMSE, MAE, MAPE: 11614016.00, 11614016.00, 3372.19, 2546.59, 3.26%
Test - Best epoch, Loss, MSE, RMSE, MAE, MAPE: 10, 24079208.00, 24079208.00, 4686.04, 3390.53, 4.03%
- Epoch 011, ExpID 92477
Train - Loss: 10287196.48
Val - Loss, MSE, RMSE, MAE, MAPE: 12074474.00, 12074472.50, 3440.99, 2600.04, 3.31%
Test - Best epoch, Loss, MSE, RMSE, MAE, MAPE: 10, 24079208.00, 24079208.00, 4686.04, 3390.53, 4.03%
- Epoch 012, ExpID 92477
Train - Loss: 10005671.97
Val - Loss, MSE, RMSE, MAE, MAPE: 11466966.00, 11466965.42, 3344.03, 2466.33, 3.13%
Test - Best epoch, Loss, MSE, RMSE, MAE, MAPE: 12, 26489764.00, 26489763.67, 4899.12, 3528.34, 4.18%
- Epoch 013, ExpID 92477
Train - Loss: 9647283.10
Val - Loss, MSE, RMSE, MAE, MAPE: 11559911.00, 11559910.83, 3363.89, 2474.37, 3.16%
Test - Best epoch, Loss, MSE, RMSE, MAE, MAPE: 12, 26489764.00, 26489763.67, 4899.12, 3528.34, 4.18%
- Epoch 014, ExpID 92477
Train - Loss: 9870653.77
Val - Loss, MSE, RMSE, MAE, MAPE: 11441751.00, 11441750.67, 3348.69, 2548.62, 3.25%
Test - Best epoch, Loss, MSE, RMSE, MAE, MAPE: 14, 25784222.00, 25784220.67, 4810.93, 3401.25, 4.04%
- Epoch 015, ExpID 92477
Train - Loss: 9875169.96
Val - Loss, MSE, RMSE, MAE, MAPE: 11776866.00, 11776864.58, 3382.46, 2497.78, 3.18%
Test - Best epoch, Loss, MSE, RMSE, MAE, MAPE: 14, 25784222.00, 25784220.67, 4810.93, 3401.25, 4.04%
- Epoch 016, ExpID 92477
Train - Loss: 9688068.00
Val - Loss, MSE, RMSE, MAE, MAPE: 11905092.00, 11905091.42, 3407.45, 2487.72, 3.17%
Test - Best epoch, Loss, MSE, RMSE, MAE, MAPE: 14, 25784222.00, 25784220.67, 4810.93, 3401.25, 4.04%
- Epoch 017, ExpID 92477
Train - Loss: 9875554.09
Val - Loss, MSE, RMSE, MAE, MAPE: 11758250.00, 11758249.58, 3392.64, 2501.62, 3.19%
Test - Best epoch, Loss, MSE, RMSE, MAE, MAPE: 14, 25784222.00, 25784220.67, 4810.93, 3401.25, 4.04%
- Epoch 018, ExpID 92477
Train - Loss: 9406994.29
Val - Loss, MSE, RMSE, MAE, MAPE: 12034318.00, 12034317.92, 3415.19, 2488.55, 3.20%
Test - Best epoch, Loss, MSE, RMSE, MAE, MAPE: 14, 25784222.00, 25784220.67, 4810.93, 3401.25, 4.04%
- Epoch 019, ExpID 92477
Train - Loss: 9185877.87
Val - Loss, MSE, RMSE, MAE, MAPE: 11279387.00, 11279386.17, 3312.38, 2447.69, 3.15%
Test - Best epoch, Loss, MSE, RMSE, MAE, MAPE: 19, 25741814.00, 25741812.67, 4823.55, 3356.00, 4.03%
- Epoch 020, ExpID 92477
Train - Loss: 9618814.25
Val - Loss, MSE, RMSE, MAE, MAPE: 11002851.00, 11002851.75, 3277.43, 2411.04, 3.09%
Test - Best epoch, Loss, MSE, RMSE, MAE, MAPE: 20, 24916144.00, 24916145.67, 4720.88, 3349.32, 4.00%
- Epoch 021, ExpID 92477
Train - Loss: 9233372.16
Val - Loss, MSE, RMSE, MAE, MAPE: 11295603.00, 11295602.83, 3325.97, 2443.63, 3.11%
Test - Best epoch, Loss, MSE, RMSE, MAE, MAPE: 20, 24916144.00, 24916145.67, 4720.88, 3349.32, 4.00%
- Epoch 022, ExpID 92477
Train - Loss: 9201262.62
Val - Loss, MSE, RMSE, MAE, MAPE: 10804419.00, 10804418.83, 3246.88, 2414.47, 3.10%
Test - Best epoch, Loss, MSE, RMSE, MAE, MAPE: 22, 26174992.00, 26174991.67, 4851.46, 3354.10, 4.03%
- Epoch 023, ExpID 92477
Train - Loss: 9160640.73
Val - Loss, MSE, RMSE, MAE, MAPE: 11025842.00, 11025841.58, 3264.61, 2459.36, 3.16%
Test - Best epoch, Loss, MSE, RMSE, MAE, MAPE: 22, 26174992.00, 26174991.67, 4851.46, 3354.10, 4.03%
- Epoch 024, ExpID 92477
Train - Loss: 9303225.26
Val - Loss, MSE, RMSE, MAE, MAPE: 11270367.00, 11270366.58, 3327.73, 2472.98, 3.13%
Test - Best epoch, Loss, MSE, RMSE, MAE, MAPE: 22, 26174992.00, 26174991.67, 4851.46, 3354.10, 4.03%
- Epoch 025, ExpID 92477
Train - Loss: 9021081.63
Val - Loss, MSE, RMSE, MAE, MAPE: 11745996.00, 11745995.67, 3384.14, 2545.72, 3.26%
Test - Best epoch, Loss, MSE, RMSE, MAE, MAPE: 22, 26174992.00, 26174991.67, 4851.46, 3354.10, 4.03%
- Epoch 026, ExpID 92477
Train - Loss: 9129794.75
Val - Loss, MSE, RMSE, MAE, MAPE: 11291995.00, 11291994.33, 3319.66, 2450.94, 3.12%
Test - Best epoch, Loss, MSE, RMSE, MAE, MAPE: 22, 26174992.00, 26174991.67, 4851.46, 3354.10, 4.03%
- Epoch 027, ExpID 92477
Train - Loss: 8813171.91
Val - Loss, MSE, RMSE, MAE, MAPE: 10838492.00, 10838492.17, 3252.91, 2413.74, 3.09%
Test - Best epoch, Loss, MSE, RMSE, MAE, MAPE: 22, 26174992.00, 26174991.67, 4851.46, 3354.10, 4.03%
- Epoch 028, ExpID 92477
Train - Loss: 8723145.37
Val - Loss, MSE, RMSE, MAE, MAPE: 11649766.00, 11649766.17, 3380.87, 2533.03, 3.25%
Test - Best epoch, Loss, MSE, RMSE, MAE, MAPE: 22, 26174992.00, 26174991.67, 4851.46, 3354.10, 4.03%
- Epoch 029, ExpID 92477
Train - Loss: 8318291.09
Val - Loss, MSE, RMSE, MAE, MAPE: 10750997.00, 10750996.83, 3250.61, 2402.50, 3.05%
Test - Best epoch, Loss, MSE, RMSE, MAE, MAPE: 29, 26072188.00, 26072186.33, 4812.27, 3450.23, 4.09%
- Epoch 030, ExpID 92477
Train - Loss: 8406617.49
Val - Loss, MSE, RMSE, MAE, MAPE: 11571392.00, 11571390.75, 3370.20, 2525.91, 3.23%
Test - Best epoch, Loss, MSE, RMSE, MAE, MAPE: 29, 26072188.00, 26072186.33, 4812.27, 3450.23, 4.09%
- Epoch 031, ExpID 92477
Train - Loss: 8596733.93
Val - Loss, MSE, RMSE, MAE, MAPE: 12052058.00, 12052057.50, 3438.90, 2582.23, 3.29%
Test - Best epoch, Loss, MSE, RMSE, MAE, MAPE: 29, 26072188.00, 26072186.33, 4812.27, 3450.23, 4.09%
- Epoch 032, ExpID 92477
Train - Loss: 9085358.75
Val - Loss, MSE, RMSE, MAE, MAPE: 11424688.00, 11424687.58, 3350.66, 2500.67, 3.20%
Test - Best epoch, Loss, MSE, RMSE, MAE, MAPE: 29, 26072188.00, 26072186.33, 4812.27, 3450.23, 4.09%
- Epoch 033, ExpID 92477
Train - Loss: 8680762.68
Val - Loss, MSE, RMSE, MAE, MAPE: 11292775.00, 11292774.33, 3326.81, 2458.68, 3.13%
Test - Best epoch, Loss, MSE, RMSE, MAE, MAPE: 29, 26072188.00, 26072186.33, 4812.27, 3450.23, 4.09%
- Epoch 034, ExpID 92477
Train - Loss: 8553332.83
Val - Loss, MSE, RMSE, MAE, MAPE: 11059160.00, 11059159.67, 3288.27, 2430.95, 3.10%
Test - Best epoch, Loss, MSE, RMSE, MAE, MAPE: 29, 26072188.00, 26072186.33, 4812.27, 3450.23, 4.09%
- Epoch 035, ExpID 92477
Train - Loss: 8405964.90
Val - Loss, MSE, RMSE, MAE, MAPE: 10957847.00, 10957847.50, 3284.20, 2453.66, 3.13%
Test - Best epoch, Loss, MSE, RMSE, MAE, MAPE: 29, 26072188.00, 26072186.33, 4812.27, 3450.23, 4.09%
- Epoch 036, ExpID 92477
Train - Loss: 8385737.13
Val - Loss, MSE, RMSE, MAE, MAPE: 11273060.00, 11273060.42, 3323.90, 2471.51, 3.17%
Test - Best epoch, Loss, MSE, RMSE, MAE, MAPE: 29, 26072188.00, 26072186.33, 4812.27, 3450.23, 4.09%
- Epoch 037, ExpID 92477
Train - Loss: 8943869.59
Val - Loss, MSE, RMSE, MAE, MAPE: 11064187.00, 11064187.17, 3290.40, 2469.02, 3.17%
Test - Best epoch, Loss, MSE, RMSE, MAE, MAPE: 29, 26072188.00, 26072186.33, 4812.27, 3450.23, 4.09%
- Epoch 038, ExpID 92477
Train - Loss: 8314718.06
Val - Loss, MSE, RMSE, MAE, MAPE: 11081168.00, 11081167.58, 3292.58, 2414.36, 3.08%
Test - Best epoch, Loss, MSE, RMSE, MAE, MAPE: 29, 26072188.00, 26072186.33, 4812.27, 3450.23, 4.09%
- Epoch 039, ExpID 92477
Train - Loss: 8480490.93
Val - Loss, MSE, RMSE, MAE, MAPE: 11915396.00, 11915396.42, 3414.86, 2518.71, 3.19%
Test - Best epoch, Loss, MSE, RMSE, MAE, MAPE: 29, 26072188.00, 26072186.33, 4812.27, 3450.23, 4.09%
Early Stopping at Epoch 39
Fold 2017 Best RMSE: 4812.2651

-------------------- [Fold: 2018] ExpID: 67687 --------------------
- Epoch 000, ExpID 67687
Train - Loss: 16327496.92
Val - Loss, MSE, RMSE, MAE, MAPE: 24993324.00, 24993323.67, 4776.65, 3428.73, 4.08%
Test - Best epoch, Loss, MSE, RMSE, MAE, MAPE: 0, 18958196.00, 18958193.83, 4287.90, 3258.48, 3.50%
- Epoch 001, ExpID 67687
Train - Loss: 12555366.83
Val - Loss, MSE, RMSE, MAE, MAPE: 25622854.00, 25622854.75, 4846.19, 3493.64, 4.18%
Test - Best epoch, Loss, MSE, RMSE, MAE, MAPE: 0, 18958196.00, 18958193.83, 4287.90, 3258.48, 3.50%
- Epoch 002, ExpID 67687
Train - Loss: 12296607.14
Val - Loss, MSE, RMSE, MAE, MAPE: 26539244.00, 26539242.50, 4857.36, 3536.88, 4.21%
Test - Best epoch, Loss, MSE, RMSE, MAE, MAPE: 0, 18958196.00, 18958193.83, 4287.90, 3258.48, 3.50%
- Epoch 003, ExpID 67687
Train - Loss: 11951350.88
Val - Loss, MSE, RMSE, MAE, MAPE: 28711848.00, 28711847.17, 5105.08, 3762.80, 4.45%
Test - Best epoch, Loss, MSE, RMSE, MAE, MAPE: 0, 18958196.00, 18958193.83, 4287.90, 3258.48, 3.50%
- Epoch 004, ExpID 67687
Train - Loss: 11595214.66
Val - Loss, MSE, RMSE, MAE, MAPE: 26595100.00, 26595099.67, 4896.48, 3520.45, 4.20%
Test - Best epoch, Loss, MSE, RMSE, MAE, MAPE: 0, 18958196.00, 18958193.83, 4287.90, 3258.48, 3.50%
- Epoch 005, ExpID 67687
Train - Loss: 11527161.29
Val - Loss, MSE, RMSE, MAE, MAPE: 26911956.00, 26911952.92, 4864.29, 3439.78, 4.12%
Test - Best epoch, Loss, MSE, RMSE, MAE, MAPE: 0, 18958196.00, 18958193.83, 4287.90, 3258.48, 3.50%
- Epoch 006, ExpID 67687
Train - Loss: 11684784.94
Val - Loss, MSE, RMSE, MAE, MAPE: 27070470.00, 27070470.50, 4948.37, 3617.67, 4.36%
Test - Best epoch, Loss, MSE, RMSE, MAE, MAPE: 0, 18958196.00, 18958193.83, 4287.90, 3258.48, 3.50%
- Epoch 007, ExpID 67687
Train - Loss: 11276647.45
Val - Loss, MSE, RMSE, MAE, MAPE: 25758430.00, 25758429.33, 4816.18, 3584.62, 4.24%
Test - Best epoch, Loss, MSE, RMSE, MAE, MAPE: 0, 18958196.00, 18958193.83, 4287.90, 3258.48, 3.50%
- Epoch 008, ExpID 67687
Train - Loss: 11170341.89
Val - Loss, MSE, RMSE, MAE, MAPE: 24313166.00, 24313164.50, 4652.83, 3302.03, 3.92%
Test - Best epoch, Loss, MSE, RMSE, MAE, MAPE: 8, 15874771.00, 15874770.17, 3890.69, 2857.31, 3.09%
- Epoch 009, ExpID 67687
Train - Loss: 11225399.98
Val - Loss, MSE, RMSE, MAE, MAPE: 24682640.00, 24682639.67, 4700.07, 3373.22, 4.03%
Test - Best epoch, Loss, MSE, RMSE, MAE, MAPE: 8, 15874771.00, 15874770.17, 3890.69, 2857.31, 3.09%
- Epoch 010, ExpID 67687
Train - Loss: 10732063.71
Val - Loss, MSE, RMSE, MAE, MAPE: 24676460.00, 24676457.83, 4733.18, 3426.64, 4.11%
Test - Best epoch, Loss, MSE, RMSE, MAE, MAPE: 8, 15874771.00, 15874770.17, 3890.69, 2857.31, 3.09%
- Epoch 011, ExpID 67687
Train - Loss: 10334097.64
Val - Loss, MSE, RMSE, MAE, MAPE: 25268156.00, 25268154.00, 4776.22, 3376.43, 3.99%
Test - Best epoch, Loss, MSE, RMSE, MAE, MAPE: 8, 15874771.00, 15874770.17, 3890.69, 2857.31, 3.09%
- Epoch 012, ExpID 67687
Train - Loss: 10943360.27
Val - Loss, MSE, RMSE, MAE, MAPE: 23959060.00, 23959057.33, 4671.24, 3388.32, 4.02%
Test - Best epoch, Loss, MSE, RMSE, MAE, MAPE: 12, 17483568.00, 17483566.50, 4090.47, 3065.36, 3.31%
- Epoch 013, ExpID 67687
Train - Loss: 10498987.88
Val - Loss, MSE, RMSE, MAE, MAPE: 23366246.00, 23366245.83, 4582.54, 3307.24, 3.91%
Test - Best epoch, Loss, MSE, RMSE, MAE, MAPE: 13, 16183696.00, 16183695.67, 3934.21, 2890.03, 3.12%
- Epoch 014, ExpID 67687
Train - Loss: 10672654.79
Val - Loss, MSE, RMSE, MAE, MAPE: 23793916.00, 23793913.67, 4610.96, 3368.87, 3.99%
Test - Best epoch, Loss, MSE, RMSE, MAE, MAPE: 13, 16183696.00, 16183695.67, 3934.21, 2890.03, 3.12%
- Epoch 015, ExpID 67687
Train - Loss: 10450104.52
Val - Loss, MSE, RMSE, MAE, MAPE: 23750156.00, 23750156.00, 4628.81, 3365.73, 3.98%
Test - Best epoch, Loss, MSE, RMSE, MAE, MAPE: 13, 16183696.00, 16183695.67, 3934.21, 2890.03, 3.12%
- Epoch 016, ExpID 67687
Train - Loss: 9902668.89
Val - Loss, MSE, RMSE, MAE, MAPE: 25232832.00, 25232830.83, 4784.31, 3380.37, 4.00%
Test - Best epoch, Loss, MSE, RMSE, MAE, MAPE: 13, 16183696.00, 16183695.67, 3934.21, 2890.03, 3.12%
- Epoch 017, ExpID 67687
Train - Loss: 10269739.23
Val - Loss, MSE, RMSE, MAE, MAPE: 24434668.00, 24434667.33, 4688.78, 3494.14, 4.12%
Test - Best epoch, Loss, MSE, RMSE, MAE, MAPE: 13, 16183696.00, 16183695.67, 3934.21, 2890.03, 3.12%
- Epoch 018, ExpID 67687
Train - Loss: 9605912.26
Val - Loss, MSE, RMSE, MAE, MAPE: 23291144.00, 23291144.08, 4557.88, 3241.59, 3.86%
Test - Best epoch, Loss, MSE, RMSE, MAE, MAPE: 18, 16623092.00, 16623092.33, 3997.51, 2891.09, 3.14%
- Epoch 019, ExpID 67687
Train - Loss: 10158595.66
Val - Loss, MSE, RMSE, MAE, MAPE: 23580144.00, 23580146.33, 4612.19, 3282.61, 3.87%
Test - Best epoch, Loss, MSE, RMSE, MAE, MAPE: 18, 16623092.00, 16623092.33, 3997.51, 2891.09, 3.14%
- Epoch 020, ExpID 67687
Train - Loss: 9674507.45
Val - Loss, MSE, RMSE, MAE, MAPE: 24572228.00, 24572227.33, 4724.30, 3369.16, 3.98%
Test - Best epoch, Loss, MSE, RMSE, MAE, MAPE: 18, 16623092.00, 16623092.33, 3997.51, 2891.09, 3.14%
- Epoch 021, ExpID 67687
Train - Loss: 9283698.76
Val - Loss, MSE, RMSE, MAE, MAPE: 24645688.00, 24645687.75, 4675.51, 3268.67, 3.86%
Test - Best epoch, Loss, MSE, RMSE, MAE, MAPE: 18, 16623092.00, 16623092.33, 3997.51, 2891.09, 3.14%
- Epoch 022, ExpID 67687
Train - Loss: 9487878.22
Val - Loss, MSE, RMSE, MAE, MAPE: 23857464.00, 23857464.50, 4607.17, 3321.94, 3.94%
Test - Best epoch, Loss, MSE, RMSE, MAE, MAPE: 18, 16623092.00, 16623092.33, 3997.51, 2891.09, 3.14%
- Epoch 023, ExpID 67687
Train - Loss: 9479028.25
Val - Loss, MSE, RMSE, MAE, MAPE: 24780558.00, 24780557.33, 4719.02, 3358.41, 3.97%
Test - Best epoch, Loss, MSE, RMSE, MAE, MAPE: 18, 16623092.00, 16623092.33, 3997.51, 2891.09, 3.14%
- Epoch 024, ExpID 67687
Train - Loss: 9101957.74
Val - Loss, MSE, RMSE, MAE, MAPE: 25036448.00, 25036447.00, 4708.57, 3311.37, 3.92%
Test - Best epoch, Loss, MSE, RMSE, MAE, MAPE: 18, 16623092.00, 16623092.33, 3997.51, 2891.09, 3.14%
- Epoch 025, ExpID 67687
Train - Loss: 9430179.97
Val - Loss, MSE, RMSE, MAE, MAPE: 24322224.00, 24322222.25, 4616.96, 3307.84, 3.90%
Test - Best epoch, Loss, MSE, RMSE, MAE, MAPE: 18, 16623092.00, 16623092.33, 3997.51, 2891.09, 3.14%
- Epoch 026, ExpID 67687
Train - Loss: 9424669.26
Val - Loss, MSE, RMSE, MAE, MAPE: 24897612.00, 24897610.00, 4699.41, 3302.33, 3.93%
Test - Best epoch, Loss, MSE, RMSE, MAE, MAPE: 18, 16623092.00, 16623092.33, 3997.51, 2891.09, 3.14%
- Epoch 027, ExpID 67687
Train - Loss: 9483176.14
Val - Loss, MSE, RMSE, MAE, MAPE: 24065344.00, 24065345.33, 4605.15, 3298.82, 3.92%
Test - Best epoch, Loss, MSE, RMSE, MAE, MAPE: 18, 16623092.00, 16623092.33, 3997.51, 2891.09, 3.14%
- Epoch 028, ExpID 67687
Train - Loss: 9255906.22
Val - Loss, MSE, RMSE, MAE, MAPE: 24760792.00, 24760791.67, 4717.41, 3395.00, 4.01%
Test - Best epoch, Loss, MSE, RMSE, MAE, MAPE: 18, 16623092.00, 16623092.33, 3997.51, 2891.09, 3.14%
Early Stopping at Epoch 28
Fold 2018 Best RMSE: 3997.5064

-------------------- [Fold: 2019] ExpID: 51099 --------------------
- Epoch 000, ExpID 51099
Train - Loss: 18778091.41
Val - Loss, MSE, RMSE, MAE, MAPE: 19135710.00, 19135709.67, 4309.43, 3240.07, 3.51%
Test - Best epoch, Loss, MSE, RMSE, MAE, MAPE: 0, 22239136.00, 22239136.17, 4619.66, 3347.13, 3.53%
- Epoch 001, ExpID 51099
Train - Loss: 14247325.07
Val - Loss, MSE, RMSE, MAE, MAPE: 17531752.00, 17531749.33, 4123.36, 3088.30, 3.34%
Test - Best epoch, Loss, MSE, RMSE, MAE, MAPE: 1, 21748440.00, 21748440.50, 4542.69, 3291.76, 3.46%
- Epoch 002, ExpID 51099
Train - Loss: 13983501.21
Val - Loss, MSE, RMSE, MAE, MAPE: 17700598.00, 17700598.33, 4138.36, 3076.62, 3.33%
Test - Best epoch, Loss, MSE, RMSE, MAE, MAPE: 1, 21748440.00, 21748440.50, 4542.69, 3291.76, 3.46%
- Epoch 003, ExpID 51099
Train - Loss: 12961066.27
Val - Loss, MSE, RMSE, MAE, MAPE: 18273134.00, 18273132.67, 4221.54, 3147.71, 3.42%
Test - Best epoch, Loss, MSE, RMSE, MAE, MAPE: 1, 21748440.00, 21748440.50, 4542.69, 3291.76, 3.46%
- Epoch 004, ExpID 51099
Train - Loss: 13281846.49
Val - Loss, MSE, RMSE, MAE, MAPE: 17149788.00, 17149788.33, 4079.23, 3124.52, 3.37%
Test - Best epoch, Loss, MSE, RMSE, MAE, MAPE: 4, 21103048.00, 21103047.67, 4480.56, 3193.59, 3.37%
- Epoch 005, ExpID 51099
Train - Loss: 12506670.42
Val - Loss, MSE, RMSE, MAE, MAPE: 16858744.00, 16858743.83, 4052.52, 3006.85, 3.26%
Test - Best epoch, Loss, MSE, RMSE, MAE, MAPE: 5, 20319190.00, 20319188.17, 4374.34, 3136.72, 3.32%
- Epoch 006, ExpID 51099
Train - Loss: 12728805.50
Val - Loss, MSE, RMSE, MAE, MAPE: 16365727.00, 16365727.17, 3979.49, 2997.55, 3.24%
Test - Best epoch, Loss, MSE, RMSE, MAE, MAPE: 6, 20635992.00, 20635993.50, 4412.34, 3127.15, 3.29%
- Epoch 007, ExpID 51099
Train - Loss: 13066360.55
Val - Loss, MSE, RMSE, MAE, MAPE: 16055466.00, 16055464.83, 3934.47, 2990.30, 3.23%
Test - Best epoch, Loss, MSE, RMSE, MAE, MAPE: 7, 21107176.00, 21107174.83, 4460.45, 3196.14, 3.37%
- Epoch 008, ExpID 51099
Train - Loss: 12253633.17
Val - Loss, MSE, RMSE, MAE, MAPE: 16470123.00, 16470122.83, 4002.45, 3006.49, 3.24%
Test - Best epoch, Loss, MSE, RMSE, MAE, MAPE: 7, 21107176.00, 21107174.83, 4460.45, 3196.14, 3.37%
- Epoch 009, ExpID 51099
Train - Loss: 12288626.82
Val - Loss, MSE, RMSE, MAE, MAPE: 16134664.00, 16134665.17, 3943.52, 2988.17, 3.24%
Test - Best epoch, Loss, MSE, RMSE, MAE, MAPE: 7, 21107176.00, 21107174.83, 4460.45, 3196.14, 3.37%
- Epoch 010, ExpID 51099
Train - Loss: 12118638.09
Val - Loss, MSE, RMSE, MAE, MAPE: 15780952.00, 15780952.00, 3892.24, 2977.55, 3.22%
Test - Best epoch, Loss, MSE, RMSE, MAE, MAPE: 10, 20450518.00, 20450517.83, 4376.44, 3111.04, 3.27%
- Epoch 011, ExpID 51099
Train - Loss: 11854967.84
Val - Loss, MSE, RMSE, MAE, MAPE: 17014400.00, 17014399.50, 4040.33, 3109.99, 3.33%
Test - Best epoch, Loss, MSE, RMSE, MAE, MAPE: 10, 20450518.00, 20450517.83, 4376.44, 3111.04, 3.27%
- Epoch 012, ExpID 51099
Train - Loss: 11834658.27
Val - Loss, MSE, RMSE, MAE, MAPE: 16414248.00, 16414248.50, 3978.39, 3005.58, 3.25%
Test - Best epoch, Loss, MSE, RMSE, MAE, MAPE: 10, 20450518.00, 20450517.83, 4376.44, 3111.04, 3.27%
- Epoch 013, ExpID 51099
Train - Loss: 11650772.98
Val - Loss, MSE, RMSE, MAE, MAPE: 16678420.00, 16678420.17, 4000.36, 3000.90, 3.24%
Test - Best epoch, Loss, MSE, RMSE, MAE, MAPE: 10, 20450518.00, 20450517.83, 4376.44, 3111.04, 3.27%
- Epoch 014, ExpID 51099
Train - Loss: 11135748.98
Val - Loss, MSE, RMSE, MAE, MAPE: 15446454.00, 15446451.75, 3837.34, 2867.99, 3.11%
Test - Best epoch, Loss, MSE, RMSE, MAE, MAPE: 14, 19868294.00, 19868293.67, 4321.01, 3116.84, 3.30%
- Epoch 015, ExpID 51099
Train - Loss: 11539119.63
Val - Loss, MSE, RMSE, MAE, MAPE: 15634878.00, 15634877.50, 3887.88, 2869.44, 3.12%
Test - Best epoch, Loss, MSE, RMSE, MAE, MAPE: 14, 19868294.00, 19868293.67, 4321.01, 3116.84, 3.30%
- Epoch 016, ExpID 51099
Train - Loss: 12393772.66
Val - Loss, MSE, RMSE, MAE, MAPE: 15590367.00, 15590366.50, 3862.45, 2901.45, 3.14%
Test - Best epoch, Loss, MSE, RMSE, MAE, MAPE: 14, 19868294.00, 19868293.67, 4321.01, 3116.84, 3.30%
- Epoch 017, ExpID 51099
Train - Loss: 11665588.58
Val - Loss, MSE, RMSE, MAE, MAPE: 15645719.00, 15645720.50, 3887.67, 2983.47, 3.24%
Test - Best epoch, Loss, MSE, RMSE, MAE, MAPE: 14, 19868294.00, 19868293.67, 4321.01, 3116.84, 3.30%
- Epoch 018, ExpID 51099
Train - Loss: 11194320.50
Val - Loss, MSE, RMSE, MAE, MAPE: 15592231.00, 15592230.83, 3871.38, 2955.14, 3.20%
Test - Best epoch, Loss, MSE, RMSE, MAE, MAPE: 14, 19868294.00, 19868293.67, 4321.01, 3116.84, 3.30%
- Epoch 019, ExpID 51099
Train - Loss: 11387683.49
Val - Loss, MSE, RMSE, MAE, MAPE: 15641434.00, 15641433.17, 3872.21, 2899.35, 3.16%
Test - Best epoch, Loss, MSE, RMSE, MAE, MAPE: 14, 19868294.00, 19868293.67, 4321.01, 3116.84, 3.30%
- Epoch 020, ExpID 51099
Train - Loss: 10850245.56
Val - Loss, MSE, RMSE, MAE, MAPE: 15314942.00, 15314941.50, 3829.11, 2849.26, 3.09%
Test - Best epoch, Loss, MSE, RMSE, MAE, MAPE: 20, 20547690.00, 20547688.83, 4405.64, 3175.73, 3.35%
- Epoch 021, ExpID 51099
Train - Loss: 11197836.11
Val - Loss, MSE, RMSE, MAE, MAPE: 15852967.00, 15852966.50, 3865.55, 2904.00, 3.13%
Test - Best epoch, Loss, MSE, RMSE, MAE, MAPE: 20, 20547690.00, 20547688.83, 4405.64, 3175.73, 3.35%
- Epoch 022, ExpID 51099
Train - Loss: 10876328.01
Val - Loss, MSE, RMSE, MAE, MAPE: 15439042.00, 15439040.83, 3841.43, 2868.73, 3.10%
Test - Best epoch, Loss, MSE, RMSE, MAE, MAPE: 20, 20547690.00, 20547688.83, 4405.64, 3175.73, 3.35%
- Epoch 023, ExpID 51099
Train - Loss: 10576589.22
Val - Loss, MSE, RMSE, MAE, MAPE: 16948492.00, 16948490.83, 4045.60, 3101.27, 3.35%
Test - Best epoch, Loss, MSE, RMSE, MAE, MAPE: 20, 20547690.00, 20547688.83, 4405.64, 3175.73, 3.35%
- Epoch 024, ExpID 51099
Train - Loss: 10373862.68
Val - Loss, MSE, RMSE, MAE, MAPE: 15771319.00, 15771319.50, 3860.59, 2964.33, 3.19%
Test - Best epoch, Loss, MSE, RMSE, MAE, MAPE: 20, 20547690.00, 20547688.83, 4405.64, 3175.73, 3.35%
- Epoch 025, ExpID 51099
Train - Loss: 10271055.68
Val - Loss, MSE, RMSE, MAE, MAPE: 15557806.00, 15557805.50, 3847.47, 2892.62, 3.13%
Test - Best epoch, Loss, MSE, RMSE, MAE, MAPE: 20, 20547690.00, 20547688.83, 4405.64, 3175.73, 3.35%
- Epoch 026, ExpID 51099
Train - Loss: 10410744.38
Val - Loss, MSE, RMSE, MAE, MAPE: 15928540.00, 15928539.33, 3917.10, 2937.21, 3.17%
Test - Best epoch, Loss, MSE, RMSE, MAE, MAPE: 20, 20547690.00, 20547688.83, 4405.64, 3175.73, 3.35%
- Epoch 027, ExpID 51099
Train - Loss: 10227083.57
Val - Loss, MSE, RMSE, MAE, MAPE: 15722794.00, 15722793.50, 3898.60, 2904.27, 3.15%
Test - Best epoch, Loss, MSE, RMSE, MAE, MAPE: 20, 20547690.00, 20547688.83, 4405.64, 3175.73, 3.35%
- Epoch 028, ExpID 51099
Train - Loss: 10100213.84
Val - Loss, MSE, RMSE, MAE, MAPE: 16571819.00, 16571819.50, 3983.14, 3015.43, 3.27%
Test - Best epoch, Loss, MSE, RMSE, MAE, MAPE: 20, 20547690.00, 20547688.83, 4405.64, 3175.73, 3.35%
- Epoch 029, ExpID 51099
Train - Loss: 10592138.87
Val - Loss, MSE, RMSE, MAE, MAPE: 15551879.00, 15551878.67, 3839.37, 2864.15, 3.09%
Test - Best epoch, Loss, MSE, RMSE, MAE, MAPE: 20, 20547690.00, 20547688.83, 4405.64, 3175.73, 3.35%
- Epoch 030, ExpID 51099
Train - Loss: 9995858.77
Val - Loss, MSE, RMSE, MAE, MAPE: 15283546.00, 15283546.58, 3821.53, 2869.38, 3.10%
Test - Best epoch, Loss, MSE, RMSE, MAE, MAPE: 30, 20508596.00, 20508594.83, 4419.72, 3209.29, 3.38%
- Epoch 031, ExpID 51099
Train - Loss: 9932798.22
Val - Loss, MSE, RMSE, MAE, MAPE: 15659854.00, 15659853.00, 3880.27, 2912.93, 3.15%
Test - Best epoch, Loss, MSE, RMSE, MAE, MAPE: 30, 20508596.00, 20508594.83, 4419.72, 3209.29, 3.38%
- Epoch 032, ExpID 51099
Train - Loss: 9534701.95
Val - Loss, MSE, RMSE, MAE, MAPE: 15690412.00, 15690411.67, 3878.05, 2860.93, 3.10%
Test - Best epoch, Loss, MSE, RMSE, MAE, MAPE: 30, 20508596.00, 20508594.83, 4419.72, 3209.29, 3.38%
- Epoch 033, ExpID 51099
Train - Loss: 9825985.66
Val - Loss, MSE, RMSE, MAE, MAPE: 15814247.00, 15814246.33, 3903.23, 2908.28, 3.16%
Test - Best epoch, Loss, MSE, RMSE, MAE, MAPE: 30, 20508596.00, 20508594.83, 4419.72, 3209.29, 3.38%
- Epoch 034, ExpID 51099
Train - Loss: 9866498.41
Val - Loss, MSE, RMSE, MAE, MAPE: 15696771.00, 15696769.67, 3884.78, 2877.57, 3.13%
Test - Best epoch, Loss, MSE, RMSE, MAE, MAPE: 30, 20508596.00, 20508594.83, 4419.72, 3209.29, 3.38%
- Epoch 035, ExpID 51099
Train - Loss: 10166257.09
Val - Loss, MSE, RMSE, MAE, MAPE: 15527484.00, 15527484.50, 3891.36, 2898.53, 3.16%
Test - Best epoch, Loss, MSE, RMSE, MAE, MAPE: 30, 20508596.00, 20508594.83, 4419.72, 3209.29, 3.38%
- Epoch 036, ExpID 51099
Train - Loss: 9892571.85
Val - Loss, MSE, RMSE, MAE, MAPE: 16648424.00, 16648424.33, 3984.18, 2927.27, 3.15%
Test - Best epoch, Loss, MSE, RMSE, MAE, MAPE: 30, 20508596.00, 20508594.83, 4419.72, 3209.29, 3.38%
- Epoch 037, ExpID 51099
Train - Loss: 10076419.12
Val - Loss, MSE, RMSE, MAE, MAPE: 15936758.00, 15936758.50, 3906.07, 2907.01, 3.16%
Test - Best epoch, Loss, MSE, RMSE, MAE, MAPE: 30, 20508596.00, 20508594.83, 4419.72, 3209.29, 3.38%
- Epoch 038, ExpID 51099
Train - Loss: 9390301.52
Val - Loss, MSE, RMSE, MAE, MAPE: 16011766.00, 16011765.33, 3903.38, 2876.44, 3.11%
Test - Best epoch, Loss, MSE, RMSE, MAE, MAPE: 30, 20508596.00, 20508594.83, 4419.72, 3209.29, 3.38%
- Epoch 039, ExpID 51099
Train - Loss: 9347673.41
Val - Loss, MSE, RMSE, MAE, MAPE: 15588067.00, 15588065.67, 3855.86, 2843.09, 3.09%
Test - Best epoch, Loss, MSE, RMSE, MAE, MAPE: 30, 20508596.00, 20508594.83, 4419.72, 3209.29, 3.38%
- Epoch 040, ExpID 51099
Train - Loss: 9589695.76
Val - Loss, MSE, RMSE, MAE, MAPE: 16674478.00, 16674477.50, 4008.29, 3003.38, 3.25%
Test - Best epoch, Loss, MSE, RMSE, MAE, MAPE: 30, 20508596.00, 20508594.83, 4419.72, 3209.29, 3.38%
Early Stopping at Epoch 40
Fold 2019 Best RMSE: 4419.7228
