DETAILED LOG | Model: patchtst | Seed: 3
FULL CONFIG: {'gpu': '0', 'target': 'departure', 'cv_start_year': 2017, 'cv_end_year': 2019, 'test_year': 2024, 'use_corona': False, 'seq_len': 365, 'label_len': 0, 'pred_len': 7, 'batch_size': 64, 'epochs': 1000, 'patience': 10, 'lr': 0.0001, 'model': 'patchtst', 'd_model': 64, 'n_heads': 2, 'n_layers': 2, 'dropout': 0.1, 'activation': 'gelu', 'patch_len': 28, 'factor': 5, 'norm_mode': 'revin', 'use_dbloss': False, 'device': device(type='cuda'), 'stride': 28, 'file_path': 'dataset/airport_daily_flight_merged.csv', 'seed': 3, 'val_year': 2019, 'ndims': 1}

-------------------- [Fold: 2017] ExpID: 3286 --------------------
- Epoch 000, ExpID 3286
Train - Loss: 29132185.60
Val - Loss, MSE, RMSE, MAE, MAPE: 39866572.00, 39866569.33, 6098.86, 4905.62, 6.14%
Test - Best epoch, Loss, MSE, RMSE, MAE, MAPE: 0, 49283680.00, 49283684.17, 6652.01, 5081.50, 6.08%
- Epoch 001, ExpID 3286
Train - Loss: 22342853.25
Val - Loss, MSE, RMSE, MAE, MAPE: 35536784.00, 35536784.50, 5782.39, 4658.21, 5.84%
Test - Best epoch, Loss, MSE, RMSE, MAE, MAPE: 1, 46395296.00, 46395295.83, 6417.14, 4802.28, 5.78%
- Epoch 002, ExpID 3286
Train - Loss: 20167571.52
Val - Loss, MSE, RMSE, MAE, MAPE: 37354824.00, 37354824.17, 5862.22, 4804.21, 5.99%
Test - Best epoch, Loss, MSE, RMSE, MAE, MAPE: 1, 46395296.00, 46395295.83, 6417.14, 4802.28, 5.78%
- Epoch 003, ExpID 3286
Train - Loss: 18896630.68
Val - Loss, MSE, RMSE, MAE, MAPE: 35800496.00, 35800497.33, 5720.09, 4693.93, 5.87%
Test - Best epoch, Loss, MSE, RMSE, MAE, MAPE: 1, 46395296.00, 46395295.83, 6417.14, 4802.28, 5.78%
- Epoch 004, ExpID 3286
Train - Loss: 18155608.45
Val - Loss, MSE, RMSE, MAE, MAPE: 36633340.00, 36633337.00, 5784.89, 4795.67, 5.99%
Test - Best epoch, Loss, MSE, RMSE, MAE, MAPE: 1, 46395296.00, 46395295.83, 6417.14, 4802.28, 5.78%
- Epoch 005, ExpID 3286
Train - Loss: 17419064.35
Val - Loss, MSE, RMSE, MAE, MAPE: 36831812.00, 36831812.83, 5799.14, 4812.66, 6.01%
Test - Best epoch, Loss, MSE, RMSE, MAE, MAPE: 1, 46395296.00, 46395295.83, 6417.14, 4802.28, 5.78%
- Epoch 006, ExpID 3286
Train - Loss: 16786076.93
Val - Loss, MSE, RMSE, MAE, MAPE: 34486616.00, 34486614.58, 5602.17, 4602.98, 5.77%
Test - Best epoch, Loss, MSE, RMSE, MAE, MAPE: 6, 41180720.00, 41180717.33, 6000.63, 4364.53, 5.27%
- Epoch 007, ExpID 3286
Train - Loss: 16708273.73
Val - Loss, MSE, RMSE, MAE, MAPE: 32077996.00, 32077994.08, 5458.84, 4449.68, 5.62%
Test - Best epoch, Loss, MSE, RMSE, MAE, MAPE: 7, 41274496.00, 41274494.33, 6026.45, 4358.90, 5.28%
- Epoch 008, ExpID 3286
Train - Loss: 16552868.45
Val - Loss, MSE, RMSE, MAE, MAPE: 33659112.00, 33659111.00, 5578.54, 4552.04, 5.74%
Test - Best epoch, Loss, MSE, RMSE, MAE, MAPE: 7, 41274496.00, 41274494.33, 6026.45, 4358.90, 5.28%
- Epoch 009, ExpID 3286
Train - Loss: 16022380.15
Val - Loss, MSE, RMSE, MAE, MAPE: 37042592.00, 37042592.17, 5825.23, 4843.19, 6.06%
Test - Best epoch, Loss, MSE, RMSE, MAE, MAPE: 7, 41274496.00, 41274494.33, 6026.45, 4358.90, 5.28%
- Epoch 010, ExpID 3286
Train - Loss: 15877540.85
Val - Loss, MSE, RMSE, MAE, MAPE: 32656576.00, 32656575.42, 5499.81, 4486.85, 5.67%
Test - Best epoch, Loss, MSE, RMSE, MAE, MAPE: 7, 41274496.00, 41274494.33, 6026.45, 4358.90, 5.28%
- Epoch 011, ExpID 3286
Train - Loss: 15667582.93
Val - Loss, MSE, RMSE, MAE, MAPE: 34825500.00, 34825496.33, 5657.88, 4676.01, 5.86%
Test - Best epoch, Loss, MSE, RMSE, MAE, MAPE: 7, 41274496.00, 41274494.33, 6026.45, 4358.90, 5.28%
- Epoch 012, ExpID 3286
Train - Loss: 15502593.45
Val - Loss, MSE, RMSE, MAE, MAPE: 33334396.00, 33334396.17, 5555.84, 4547.70, 5.71%
Test - Best epoch, Loss, MSE, RMSE, MAE, MAPE: 7, 41274496.00, 41274494.33, 6026.45, 4358.90, 5.28%
- Epoch 013, ExpID 3286
Train - Loss: 15198873.43
Val - Loss, MSE, RMSE, MAE, MAPE: 34584792.00, 34584791.67, 5646.82, 4648.66, 5.82%
Test - Best epoch, Loss, MSE, RMSE, MAE, MAPE: 7, 41274496.00, 41274494.33, 6026.45, 4358.90, 5.28%
- Epoch 014, ExpID 3286
Train - Loss: 15283507.21
Val - Loss, MSE, RMSE, MAE, MAPE: 31951732.00, 31951730.67, 5431.22, 4418.49, 5.57%
Test - Best epoch, Loss, MSE, RMSE, MAE, MAPE: 14, 40065736.00, 40065735.67, 5918.67, 4341.54, 5.26%
- Epoch 015, ExpID 3286
Train - Loss: 14875732.55
Val - Loss, MSE, RMSE, MAE, MAPE: 32175448.00, 32175447.50, 5433.30, 4456.32, 5.59%
Test - Best epoch, Loss, MSE, RMSE, MAE, MAPE: 14, 40065736.00, 40065735.67, 5918.67, 4341.54, 5.26%
- Epoch 016, ExpID 3286
Train - Loss: 14679437.81
Val - Loss, MSE, RMSE, MAE, MAPE: 32903568.00, 32903566.33, 5500.64, 4512.53, 5.67%
Test - Best epoch, Loss, MSE, RMSE, MAE, MAPE: 14, 40065736.00, 40065735.67, 5918.67, 4341.54, 5.26%
- Epoch 017, ExpID 3286
Train - Loss: 14705205.70
Val - Loss, MSE, RMSE, MAE, MAPE: 31622076.00, 31622073.50, 5407.74, 4410.64, 5.54%
Test - Best epoch, Loss, MSE, RMSE, MAE, MAPE: 17, 39553356.00, 39553353.00, 5856.88, 4350.83, 5.24%
- Epoch 018, ExpID 3286
Train - Loss: 14626024.64
Val - Loss, MSE, RMSE, MAE, MAPE: 29539220.00, 29539220.75, 5257.45, 4223.20, 5.34%
Test - Best epoch, Loss, MSE, RMSE, MAE, MAPE: 18, 39998544.00, 39998542.17, 5901.80, 4319.07, 5.25%
- Epoch 019, ExpID 3286
Train - Loss: 14700989.84
Val - Loss, MSE, RMSE, MAE, MAPE: 32589870.00, 32589870.17, 5474.52, 4481.06, 5.61%
Test - Best epoch, Loss, MSE, RMSE, MAE, MAPE: 18, 39998544.00, 39998542.17, 5901.80, 4319.07, 5.25%
- Epoch 020, ExpID 3286
Train - Loss: 14212049.56
Val - Loss, MSE, RMSE, MAE, MAPE: 29839964.00, 29839965.33, 5282.50, 4249.82, 5.38%
Test - Best epoch, Loss, MSE, RMSE, MAE, MAPE: 18, 39998544.00, 39998542.17, 5901.80, 4319.07, 5.25%
- Epoch 021, ExpID 3286
Train - Loss: 14077966.33
Val - Loss, MSE, RMSE, MAE, MAPE: 28220416.00, 28220414.17, 5151.62, 4091.87, 5.18%
Test - Best epoch, Loss, MSE, RMSE, MAE, MAPE: 21, 39137408.00, 39137408.17, 5820.42, 4265.38, 5.18%
- Epoch 022, ExpID 3286
Train - Loss: 14262834.12
Val - Loss, MSE, RMSE, MAE, MAPE: 29280520.00, 29280517.75, 5214.37, 4177.65, 5.27%
Test - Best epoch, Loss, MSE, RMSE, MAE, MAPE: 21, 39137408.00, 39137408.17, 5820.42, 4265.38, 5.18%
- Epoch 023, ExpID 3286
Train - Loss: 14160859.45
Val - Loss, MSE, RMSE, MAE, MAPE: 29754420.00, 29754416.67, 5276.26, 4241.06, 5.34%
Test - Best epoch, Loss, MSE, RMSE, MAE, MAPE: 21, 39137408.00, 39137408.17, 5820.42, 4265.38, 5.18%
- Epoch 024, ExpID 3286
Train - Loss: 14088697.11
Val - Loss, MSE, RMSE, MAE, MAPE: 30861744.00, 30861743.83, 5331.10, 4322.18, 5.41%
Test - Best epoch, Loss, MSE, RMSE, MAE, MAPE: 21, 39137408.00, 39137408.17, 5820.42, 4265.38, 5.18%
- Epoch 025, ExpID 3286
Train - Loss: 13753140.17
Val - Loss, MSE, RMSE, MAE, MAPE: 29705630.00, 29705630.17, 5264.31, 4220.03, 5.31%
Test - Best epoch, Loss, MSE, RMSE, MAE, MAPE: 21, 39137408.00, 39137408.17, 5820.42, 4265.38, 5.18%
- Epoch 026, ExpID 3286
Train - Loss: 13910014.99
Val - Loss, MSE, RMSE, MAE, MAPE: 29610582.00, 29610580.50, 5244.54, 4200.74, 5.28%
Test - Best epoch, Loss, MSE, RMSE, MAE, MAPE: 21, 39137408.00, 39137408.17, 5820.42, 4265.38, 5.18%
- Epoch 027, ExpID 3286
Train - Loss: 13602590.65
Val - Loss, MSE, RMSE, MAE, MAPE: 30870160.00, 30870161.83, 5347.25, 4333.14, 5.43%
Test - Best epoch, Loss, MSE, RMSE, MAE, MAPE: 21, 39137408.00, 39137408.17, 5820.42, 4265.38, 5.18%
- Epoch 028, ExpID 3286
Train - Loss: 13555637.47
Val - Loss, MSE, RMSE, MAE, MAPE: 29835764.00, 29835763.83, 5250.20, 4220.61, 5.30%
Test - Best epoch, Loss, MSE, RMSE, MAE, MAPE: 21, 39137408.00, 39137408.17, 5820.42, 4265.38, 5.18%
- Epoch 029, ExpID 3286
Train - Loss: 13514840.17
Val - Loss, MSE, RMSE, MAE, MAPE: 30159324.00, 30159326.50, 5277.46, 4252.17, 5.33%
Test - Best epoch, Loss, MSE, RMSE, MAE, MAPE: 21, 39137408.00, 39137408.17, 5820.42, 4265.38, 5.18%
- Epoch 030, ExpID 3286
Train - Loss: 13671098.55
Val - Loss, MSE, RMSE, MAE, MAPE: 29245044.00, 29245044.25, 5201.19, 4161.26, 5.23%
Test - Best epoch, Loss, MSE, RMSE, MAE, MAPE: 21, 39137408.00, 39137408.17, 5820.42, 4265.38, 5.18%
- Epoch 031, ExpID 3286
Train - Loss: 13286167.05
Val - Loss, MSE, RMSE, MAE, MAPE: 31931188.00, 31931188.67, 5400.64, 4381.65, 5.47%
Test - Best epoch, Loss, MSE, RMSE, MAE, MAPE: 21, 39137408.00, 39137408.17, 5820.42, 4265.38, 5.18%
Early Stopping at Epoch 31
Fold 2017 Best RMSE: 5820.4229

-------------------- [Fold: 2018] ExpID: 80308 --------------------
- Epoch 000, ExpID 80308
Train - Loss: 30051971.77
Val - Loss, MSE, RMSE, MAE, MAPE: 49526592.00, 49526589.00, 6662.26, 5066.20, 6.04%
Test - Best epoch, Loss, MSE, RMSE, MAE, MAPE: 0, 37980828.00, 37980830.33, 6039.95, 4806.73, 5.14%
- Epoch 001, ExpID 80308
Train - Loss: 23065002.38
Val - Loss, MSE, RMSE, MAE, MAPE: 45130432.00, 45130431.00, 6336.98, 4744.39, 5.69%
Test - Best epoch, Loss, MSE, RMSE, MAE, MAPE: 1, 34096728.00, 34096728.00, 5728.90, 4535.67, 4.90%
- Epoch 002, ExpID 80308
Train - Loss: 20697813.48
Val - Loss, MSE, RMSE, MAE, MAPE: 43370944.00, 43370945.00, 6194.30, 4561.29, 5.51%
Test - Best epoch, Loss, MSE, RMSE, MAE, MAPE: 2, 33554752.00, 33554750.33, 5687.15, 4455.08, 4.84%
- Epoch 003, ExpID 80308
Train - Loss: 19965451.50
Val - Loss, MSE, RMSE, MAE, MAPE: 42810672.00, 42810670.00, 6152.06, 4517.91, 5.48%
Test - Best epoch, Loss, MSE, RMSE, MAE, MAPE: 3, 32569720.00, 32569719.33, 5609.04, 4386.93, 4.78%
- Epoch 004, ExpID 80308
Train - Loss: 19206174.54
Val - Loss, MSE, RMSE, MAE, MAPE: 41398528.00, 41398526.50, 6009.31, 4395.16, 5.30%
Test - Best epoch, Loss, MSE, RMSE, MAE, MAPE: 4, 31315124.00, 31315124.00, 5490.44, 4301.83, 4.65%
- Epoch 005, ExpID 80308
Train - Loss: 18686558.01
Val - Loss, MSE, RMSE, MAE, MAPE: 41697764.00, 41697760.50, 6031.94, 4428.96, 5.33%
Test - Best epoch, Loss, MSE, RMSE, MAE, MAPE: 4, 31315124.00, 31315124.00, 5490.44, 4301.83, 4.65%
- Epoch 006, ExpID 80308
Train - Loss: 18220449.80
Val - Loss, MSE, RMSE, MAE, MAPE: 41270048.00, 41270043.67, 5994.32, 4371.58, 5.29%
Test - Best epoch, Loss, MSE, RMSE, MAE, MAPE: 6, 30864310.00, 30864308.00, 5457.04, 4267.74, 4.63%
- Epoch 007, ExpID 80308
Train - Loss: 17909828.61
Val - Loss, MSE, RMSE, MAE, MAPE: 40569040.00, 40569037.83, 5913.12, 4297.59, 5.20%
Test - Best epoch, Loss, MSE, RMSE, MAE, MAPE: 7, 29951158.00, 29951154.67, 5378.05, 4183.23, 4.53%
- Epoch 008, ExpID 80308
Train - Loss: 17535998.00
Val - Loss, MSE, RMSE, MAE, MAPE: 41312424.00, 41312419.17, 5990.11, 4393.83, 5.33%
Test - Best epoch, Loss, MSE, RMSE, MAE, MAPE: 7, 29951158.00, 29951154.67, 5378.05, 4183.23, 4.53%
- Epoch 009, ExpID 80308
Train - Loss: 17152756.48
Val - Loss, MSE, RMSE, MAE, MAPE: 40745708.00, 40745707.17, 5935.36, 4333.25, 5.26%
Test - Best epoch, Loss, MSE, RMSE, MAE, MAPE: 7, 29951158.00, 29951154.67, 5378.05, 4183.23, 4.53%
- Epoch 010, ExpID 80308
Train - Loss: 16863257.26
Val - Loss, MSE, RMSE, MAE, MAPE: 40684556.00, 40684552.67, 5920.09, 4317.56, 5.21%
Test - Best epoch, Loss, MSE, RMSE, MAE, MAPE: 7, 29951158.00, 29951154.67, 5378.05, 4183.23, 4.53%
- Epoch 011, ExpID 80308
Train - Loss: 16802834.29
Val - Loss, MSE, RMSE, MAE, MAPE: 40264088.00, 40264087.33, 5892.51, 4277.05, 5.19%
Test - Best epoch, Loss, MSE, RMSE, MAE, MAPE: 11, 29341342.00, 29341340.67, 5334.59, 4130.25, 4.49%
- Epoch 012, ExpID 80308
Train - Loss: 16334722.54
Val - Loss, MSE, RMSE, MAE, MAPE: 40611616.00, 40611615.17, 5930.60, 4337.00, 5.25%
Test - Best epoch, Loss, MSE, RMSE, MAE, MAPE: 11, 29341342.00, 29341340.67, 5334.59, 4130.25, 4.49%
- Epoch 013, ExpID 80308
Train - Loss: 16308702.91
Val - Loss, MSE, RMSE, MAE, MAPE: 39668944.00, 39668939.67, 5855.19, 4275.49, 5.18%
Test - Best epoch, Loss, MSE, RMSE, MAE, MAPE: 13, 29165606.00, 29165605.00, 5315.99, 4085.53, 4.45%
- Epoch 014, ExpID 80308
Train - Loss: 15819259.84
Val - Loss, MSE, RMSE, MAE, MAPE: 40538900.00, 40538896.17, 5921.16, 4349.93, 5.28%
Test - Best epoch, Loss, MSE, RMSE, MAE, MAPE: 13, 29165606.00, 29165605.00, 5315.99, 4085.53, 4.45%
- Epoch 015, ExpID 80308
Train - Loss: 15814648.18
Val - Loss, MSE, RMSE, MAE, MAPE: 40005264.00, 40005264.67, 5868.85, 4299.91, 5.22%
Test - Best epoch, Loss, MSE, RMSE, MAE, MAPE: 13, 29165606.00, 29165605.00, 5315.99, 4085.53, 4.45%
- Epoch 016, ExpID 80308
Train - Loss: 15674101.51
Val - Loss, MSE, RMSE, MAE, MAPE: 39974408.00, 39974407.33, 5870.92, 4288.02, 5.20%
Test - Best epoch, Loss, MSE, RMSE, MAE, MAPE: 13, 29165606.00, 29165605.00, 5315.99, 4085.53, 4.45%
- Epoch 017, ExpID 80308
Train - Loss: 15809787.10
Val - Loss, MSE, RMSE, MAE, MAPE: 40109148.00, 40109144.83, 5890.96, 4299.60, 5.25%
Test - Best epoch, Loss, MSE, RMSE, MAE, MAPE: 13, 29165606.00, 29165605.00, 5315.99, 4085.53, 4.45%
- Epoch 018, ExpID 80308
Train - Loss: 15770661.31
Val - Loss, MSE, RMSE, MAE, MAPE: 40233272.00, 40233268.00, 5901.53, 4357.83, 5.27%
Test - Best epoch, Loss, MSE, RMSE, MAE, MAPE: 13, 29165606.00, 29165605.00, 5315.99, 4085.53, 4.45%
- Epoch 019, ExpID 80308
Train - Loss: 15411465.21
Val - Loss, MSE, RMSE, MAE, MAPE: 39815860.00, 39815857.67, 5858.50, 4269.32, 5.19%
Test - Best epoch, Loss, MSE, RMSE, MAE, MAPE: 13, 29165606.00, 29165605.00, 5315.99, 4085.53, 4.45%
- Epoch 020, ExpID 80308
Train - Loss: 15410706.19
Val - Loss, MSE, RMSE, MAE, MAPE: 39107968.00, 39107967.33, 5795.35, 4252.49, 5.15%
Test - Best epoch, Loss, MSE, RMSE, MAE, MAPE: 20, 28630304.00, 28630304.33, 5276.85, 4048.06, 4.41%
- Epoch 021, ExpID 80308
Train - Loss: 15269556.36
Val - Loss, MSE, RMSE, MAE, MAPE: 39414928.00, 39414929.67, 5832.52, 4262.22, 5.18%
Test - Best epoch, Loss, MSE, RMSE, MAE, MAPE: 20, 28630304.00, 28630304.33, 5276.85, 4048.06, 4.41%
- Epoch 022, ExpID 80308
Train - Loss: 14999065.29
Val - Loss, MSE, RMSE, MAE, MAPE: 38870016.00, 38870014.67, 5796.07, 4234.52, 5.13%
Test - Best epoch, Loss, MSE, RMSE, MAE, MAPE: 22, 28551524.00, 28551524.33, 5275.67, 4032.87, 4.40%
- Epoch 023, ExpID 80308
Train - Loss: 15071717.41
Val - Loss, MSE, RMSE, MAE, MAPE: 39543800.00, 39543797.83, 5842.94, 4286.27, 5.20%
Test - Best epoch, Loss, MSE, RMSE, MAE, MAPE: 22, 28551524.00, 28551524.33, 5275.67, 4032.87, 4.40%
- Epoch 024, ExpID 80308
Train - Loss: 14871489.76
Val - Loss, MSE, RMSE, MAE, MAPE: 38894184.00, 38894180.83, 5786.26, 4262.42, 5.14%
Test - Best epoch, Loss, MSE, RMSE, MAE, MAPE: 22, 28551524.00, 28551524.33, 5275.67, 4032.87, 4.40%
- Epoch 025, ExpID 80308
Train - Loss: 14874789.49
Val - Loss, MSE, RMSE, MAE, MAPE: 38614368.00, 38614369.00, 5778.78, 4253.82, 5.13%
Test - Best epoch, Loss, MSE, RMSE, MAE, MAPE: 25, 28572032.00, 28572033.67, 5276.77, 4031.30, 4.38%
- Epoch 026, ExpID 80308
Train - Loss: 14465328.39
Val - Loss, MSE, RMSE, MAE, MAPE: 38905456.00, 38905459.17, 5791.81, 4256.03, 5.13%
Test - Best epoch, Loss, MSE, RMSE, MAE, MAPE: 25, 28572032.00, 28572033.67, 5276.77, 4031.30, 4.38%
- Epoch 027, ExpID 80308
Train - Loss: 14700256.26
Val - Loss, MSE, RMSE, MAE, MAPE: 38653316.00, 38653317.17, 5772.32, 4237.75, 5.14%
Test - Best epoch, Loss, MSE, RMSE, MAE, MAPE: 25, 28572032.00, 28572033.67, 5276.77, 4031.30, 4.38%
- Epoch 028, ExpID 80308
Train - Loss: 14515007.70
Val - Loss, MSE, RMSE, MAE, MAPE: 38779432.00, 38779432.50, 5786.79, 4301.91, 5.19%
Test - Best epoch, Loss, MSE, RMSE, MAE, MAPE: 25, 28572032.00, 28572033.67, 5276.77, 4031.30, 4.38%
- Epoch 029, ExpID 80308
Train - Loss: 14449899.44
Val - Loss, MSE, RMSE, MAE, MAPE: 38073144.00, 38073141.50, 5729.44, 4216.06, 5.08%
Test - Best epoch, Loss, MSE, RMSE, MAE, MAPE: 29, 28534756.00, 28534754.33, 5274.62, 4023.20, 4.39%
- Epoch 030, ExpID 80308
Train - Loss: 14317762.40
Val - Loss, MSE, RMSE, MAE, MAPE: 38558360.00, 38558359.00, 5777.31, 4280.40, 5.14%
Test - Best epoch, Loss, MSE, RMSE, MAE, MAPE: 29, 28534756.00, 28534754.33, 5274.62, 4023.20, 4.39%
- Epoch 031, ExpID 80308
Train - Loss: 14559129.15
Val - Loss, MSE, RMSE, MAE, MAPE: 37903648.00, 37903648.17, 5729.01, 4231.16, 5.10%
Test - Best epoch, Loss, MSE, RMSE, MAE, MAPE: 31, 29030484.00, 29030482.33, 5323.06, 4067.66, 4.44%
- Epoch 032, ExpID 80308
Train - Loss: 14124694.66
Val - Loss, MSE, RMSE, MAE, MAPE: 38114160.00, 38114159.83, 5738.71, 4231.37, 5.13%
Test - Best epoch, Loss, MSE, RMSE, MAE, MAPE: 31, 29030484.00, 29030482.33, 5323.06, 4067.66, 4.44%
- Epoch 033, ExpID 80308
Train - Loss: 13896072.32
Val - Loss, MSE, RMSE, MAE, MAPE: 39139264.00, 39139262.50, 5841.14, 4368.06, 5.28%
Test - Best epoch, Loss, MSE, RMSE, MAE, MAPE: 31, 29030484.00, 29030482.33, 5323.06, 4067.66, 4.44%
- Epoch 034, ExpID 80308
Train - Loss: 13845745.34
Val - Loss, MSE, RMSE, MAE, MAPE: 38839468.00, 38839468.00, 5825.28, 4356.58, 5.25%
Test - Best epoch, Loss, MSE, RMSE, MAE, MAPE: 31, 29030484.00, 29030482.33, 5323.06, 4067.66, 4.44%
- Epoch 035, ExpID 80308
Train - Loss: 14071622.85
Val - Loss, MSE, RMSE, MAE, MAPE: 37755584.00, 37755585.00, 5722.26, 4232.60, 5.12%
Test - Best epoch, Loss, MSE, RMSE, MAE, MAPE: 35, 29337382.00, 29337379.00, 5343.45, 4078.51, 4.46%
- Epoch 036, ExpID 80308
Train - Loss: 13982642.20
Val - Loss, MSE, RMSE, MAE, MAPE: 38250928.00, 38250928.17, 5776.60, 4266.13, 5.17%
Test - Best epoch, Loss, MSE, RMSE, MAE, MAPE: 35, 29337382.00, 29337379.00, 5343.45, 4078.51, 4.46%
- Epoch 037, ExpID 80308
Train - Loss: 13668142.28
Val - Loss, MSE, RMSE, MAE, MAPE: 38838704.00, 38838702.17, 5824.78, 4340.69, 5.24%
Test - Best epoch, Loss, MSE, RMSE, MAE, MAPE: 35, 29337382.00, 29337379.00, 5343.45, 4078.51, 4.46%
- Epoch 038, ExpID 80308
Train - Loss: 13596172.86
Val - Loss, MSE, RMSE, MAE, MAPE: 39188780.00, 39188777.83, 5863.66, 4393.18, 5.28%
Test - Best epoch, Loss, MSE, RMSE, MAE, MAPE: 35, 29337382.00, 29337379.00, 5343.45, 4078.51, 4.46%
- Epoch 039, ExpID 80308
Train - Loss: 13837668.66
Val - Loss, MSE, RMSE, MAE, MAPE: 38145292.00, 38145290.83, 5769.03, 4290.27, 5.16%
Test - Best epoch, Loss, MSE, RMSE, MAE, MAPE: 35, 29337382.00, 29337379.00, 5343.45, 4078.51, 4.46%
- Epoch 040, ExpID 80308
Train - Loss: 13673398.66
Val - Loss, MSE, RMSE, MAE, MAPE: 38004108.00, 38004104.83, 5744.15, 4255.71, 5.13%
Test - Best epoch, Loss, MSE, RMSE, MAE, MAPE: 35, 29337382.00, 29337379.00, 5343.45, 4078.51, 4.46%
- Epoch 041, ExpID 80308
Train - Loss: 13616925.93
Val - Loss, MSE, RMSE, MAE, MAPE: 38359880.00, 38359878.67, 5781.16, 4321.34, 5.22%
Test - Best epoch, Loss, MSE, RMSE, MAE, MAPE: 35, 29337382.00, 29337379.00, 5343.45, 4078.51, 4.46%
- Epoch 042, ExpID 80308
Train - Loss: 13273327.01
Val - Loss, MSE, RMSE, MAE, MAPE: 38147644.00, 38147643.00, 5757.98, 4281.39, 5.15%
Test - Best epoch, Loss, MSE, RMSE, MAE, MAPE: 35, 29337382.00, 29337379.00, 5343.45, 4078.51, 4.46%
- Epoch 043, ExpID 80308
Train - Loss: 13335872.84
Val - Loss, MSE, RMSE, MAE, MAPE: 38965680.00, 38965682.33, 5832.94, 4388.45, 5.27%
Test - Best epoch, Loss, MSE, RMSE, MAE, MAPE: 35, 29337382.00, 29337379.00, 5343.45, 4078.51, 4.46%
- Epoch 044, ExpID 80308
Train - Loss: 13252325.12
Val - Loss, MSE, RMSE, MAE, MAPE: 39318852.00, 39318850.50, 5876.49, 4410.83, 5.33%
Test - Best epoch, Loss, MSE, RMSE, MAE, MAPE: 35, 29337382.00, 29337379.00, 5343.45, 4078.51, 4.46%
- Epoch 045, ExpID 80308
Train - Loss: 13048256.38
Val - Loss, MSE, RMSE, MAE, MAPE: 39794528.00, 39794528.50, 5920.69, 4452.32, 5.37%
Test - Best epoch, Loss, MSE, RMSE, MAE, MAPE: 35, 29337382.00, 29337379.00, 5343.45, 4078.51, 4.46%
Early Stopping at Epoch 45
Fold 2018 Best RMSE: 5343.4526

-------------------- [Fold: 2019] ExpID: 20963 --------------------
- Epoch 000, ExpID 20963
Train - Loss: 33724938.35
Val - Loss, MSE, RMSE, MAE, MAPE: 37132264.00, 37132264.67, 5966.89, 4637.12, 5.02%
Test - Best epoch, Loss, MSE, RMSE, MAE, MAPE: 0, 38322112.00, 38322110.00, 6012.16, 4568.24, 4.83%
- Epoch 001, ExpID 20963
Train - Loss: 25309631.84
Val - Loss, MSE, RMSE, MAE, MAPE: 34199976.00, 34199976.67, 5717.37, 4437.94, 4.81%
Test - Best epoch, Loss, MSE, RMSE, MAE, MAPE: 1, 32064240.00, 32064240.00, 5484.86, 4119.87, 4.35%
- Epoch 002, ExpID 20963
Train - Loss: 23084314.37
Val - Loss, MSE, RMSE, MAE, MAPE: 32905686.00, 32905683.67, 5605.92, 4315.98, 4.69%
Test - Best epoch, Loss, MSE, RMSE, MAE, MAPE: 2, 30292236.00, 30292232.67, 5299.59, 3960.59, 4.19%
- Epoch 003, ExpID 20963
Train - Loss: 22165002.77
Val - Loss, MSE, RMSE, MAE, MAPE: 32425638.00, 32425637.00, 5556.89, 4281.95, 4.61%
Test - Best epoch, Loss, MSE, RMSE, MAE, MAPE: 3, 29137806.00, 29137806.17, 5227.80, 3875.20, 4.05%
- Epoch 004, ExpID 20963
Train - Loss: 21237886.95
Val - Loss, MSE, RMSE, MAE, MAPE: 31017140.00, 31017141.33, 5436.70, 4160.56, 4.51%
Test - Best epoch, Loss, MSE, RMSE, MAE, MAPE: 4, 28424360.00, 28424358.83, 5124.57, 3768.26, 3.97%
- Epoch 005, ExpID 20963
Train - Loss: 20670984.10
Val - Loss, MSE, RMSE, MAE, MAPE: 30841508.00, 30841506.67, 5423.76, 4139.50, 4.50%
Test - Best epoch, Loss, MSE, RMSE, MAE, MAPE: 5, 27776100.00, 27776098.50, 5051.72, 3699.20, 3.91%
- Epoch 006, ExpID 20963
Train - Loss: 20318645.28
Val - Loss, MSE, RMSE, MAE, MAPE: 30638540.00, 30638538.33, 5398.02, 4116.87, 4.44%
Test - Best epoch, Loss, MSE, RMSE, MAE, MAPE: 6, 27135500.00, 27135499.00, 4991.36, 3635.51, 3.82%
- Epoch 007, ExpID 20963
Train - Loss: 19877485.01
Val - Loss, MSE, RMSE, MAE, MAPE: 30603072.00, 30603072.00, 5409.07, 4122.93, 4.46%
Test - Best epoch, Loss, MSE, RMSE, MAE, MAPE: 7, 27323862.00, 27323860.00, 5005.55, 3654.74, 3.84%
- Epoch 008, ExpID 20963
Train - Loss: 19607566.27
Val - Loss, MSE, RMSE, MAE, MAPE: 30682198.00, 30682199.33, 5415.19, 4128.98, 4.45%
Test - Best epoch, Loss, MSE, RMSE, MAE, MAPE: 7, 27323862.00, 27323860.00, 5005.55, 3654.74, 3.84%
- Epoch 009, ExpID 20963
Train - Loss: 19287334.67
Val - Loss, MSE, RMSE, MAE, MAPE: 29858800.00, 29858799.33, 5341.83, 4040.36, 4.39%
Test - Best epoch, Loss, MSE, RMSE, MAE, MAPE: 9, 26693318.00, 26693317.17, 4933.84, 3573.35, 3.78%
- Epoch 010, ExpID 20963
Train - Loss: 18946827.45
Val - Loss, MSE, RMSE, MAE, MAPE: 30566756.00, 30566756.00, 5410.31, 4078.72, 4.44%
Test - Best epoch, Loss, MSE, RMSE, MAE, MAPE: 9, 26693318.00, 26693317.17, 4933.84, 3573.35, 3.78%
- Epoch 011, ExpID 20963
Train - Loss: 18925205.27
Val - Loss, MSE, RMSE, MAE, MAPE: 30559340.00, 30559337.67, 5405.79, 4135.02, 4.46%
Test - Best epoch, Loss, MSE, RMSE, MAE, MAPE: 9, 26693318.00, 26693317.17, 4933.84, 3573.35, 3.78%
- Epoch 012, ExpID 20963
Train - Loss: 18507659.71
Val - Loss, MSE, RMSE, MAE, MAPE: 29719326.00, 29719324.33, 5329.13, 4035.58, 4.37%
Test - Best epoch, Loss, MSE, RMSE, MAE, MAPE: 12, 25919534.00, 25919534.83, 4848.95, 3480.92, 3.67%
- Epoch 013, ExpID 20963
Train - Loss: 18473898.64
Val - Loss, MSE, RMSE, MAE, MAPE: 29726892.00, 29726890.67, 5333.69, 4033.23, 4.37%
Test - Best epoch, Loss, MSE, RMSE, MAE, MAPE: 12, 25919534.00, 25919534.83, 4848.95, 3480.92, 3.67%
- Epoch 014, ExpID 20963
Train - Loss: 18183873.45
Val - Loss, MSE, RMSE, MAE, MAPE: 30292220.00, 30292216.67, 5393.35, 4117.56, 4.43%
Test - Best epoch, Loss, MSE, RMSE, MAE, MAPE: 12, 25919534.00, 25919534.83, 4848.95, 3480.92, 3.67%
- Epoch 015, ExpID 20963
Train - Loss: 18110399.09
Val - Loss, MSE, RMSE, MAE, MAPE: 29534006.00, 29534006.33, 5316.36, 4031.90, 4.34%
Test - Best epoch, Loss, MSE, RMSE, MAE, MAPE: 15, 25247008.00, 25247005.83, 4793.33, 3430.43, 3.60%
- Epoch 016, ExpID 20963
Train - Loss: 17836912.65
Val - Loss, MSE, RMSE, MAE, MAPE: 29540142.00, 29540141.00, 5321.84, 4011.74, 4.35%
Test - Best epoch, Loss, MSE, RMSE, MAE, MAPE: 15, 25247008.00, 25247005.83, 4793.33, 3430.43, 3.60%
- Epoch 017, ExpID 20963
Train - Loss: 17626322.74
Val - Loss, MSE, RMSE, MAE, MAPE: 29616446.00, 29616444.33, 5329.09, 4047.83, 4.37%
Test - Best epoch, Loss, MSE, RMSE, MAE, MAPE: 15, 25247008.00, 25247005.83, 4793.33, 3430.43, 3.60%
- Epoch 018, ExpID 20963
Train - Loss: 17755505.24
Val - Loss, MSE, RMSE, MAE, MAPE: 29732046.00, 29732044.33, 5345.93, 4061.85, 4.37%
Test - Best epoch, Loss, MSE, RMSE, MAE, MAPE: 15, 25247008.00, 25247005.83, 4793.33, 3430.43, 3.60%
- Epoch 019, ExpID 20963
Train - Loss: 17829180.81
Val - Loss, MSE, RMSE, MAE, MAPE: 29942372.00, 29942371.33, 5363.16, 4015.52, 4.38%
Test - Best epoch, Loss, MSE, RMSE, MAE, MAPE: 15, 25247008.00, 25247005.83, 4793.33, 3430.43, 3.60%
- Epoch 020, ExpID 20963
Train - Loss: 17190995.67
Val - Loss, MSE, RMSE, MAE, MAPE: 28858248.00, 28858248.33, 5251.62, 3938.34, 4.27%
Test - Best epoch, Loss, MSE, RMSE, MAE, MAPE: 20, 25491348.00, 25491344.92, 4777.81, 3431.11, 3.63%
- Epoch 021, ExpID 20963
Train - Loss: 17018625.31
Val - Loss, MSE, RMSE, MAE, MAPE: 28574110.00, 28574108.83, 5234.34, 3956.28, 4.27%
Test - Best epoch, Loss, MSE, RMSE, MAE, MAPE: 21, 24621766.00, 24621762.33, 4722.67, 3372.92, 3.55%
- Epoch 022, ExpID 20963
Train - Loss: 17013372.28
Val - Loss, MSE, RMSE, MAE, MAPE: 28460016.00, 28460015.17, 5225.35, 3927.63, 4.25%
Test - Best epoch, Loss, MSE, RMSE, MAE, MAPE: 22, 25073254.00, 25073252.25, 4758.84, 3410.38, 3.60%
- Epoch 023, ExpID 20963
Train - Loss: 16905272.22
Val - Loss, MSE, RMSE, MAE, MAPE: 29231310.00, 29231309.00, 5293.04, 3995.65, 4.31%
Test - Best epoch, Loss, MSE, RMSE, MAE, MAPE: 22, 25073254.00, 25073252.25, 4758.84, 3410.38, 3.60%
- Epoch 024, ExpID 20963
Train - Loss: 16618346.83
Val - Loss, MSE, RMSE, MAE, MAPE: 28834566.00, 28834565.67, 5254.82, 3924.47, 4.27%
Test - Best epoch, Loss, MSE, RMSE, MAE, MAPE: 22, 25073254.00, 25073252.25, 4758.84, 3410.38, 3.60%
- Epoch 025, ExpID 20963
Train - Loss: 16773997.56
Val - Loss, MSE, RMSE, MAE, MAPE: 28816660.00, 28816659.00, 5263.90, 3956.74, 4.28%
Test - Best epoch, Loss, MSE, RMSE, MAE, MAPE: 22, 25073254.00, 25073252.25, 4758.84, 3410.38, 3.60%
- Epoch 026, ExpID 20963
Train - Loss: 16424300.29
Val - Loss, MSE, RMSE, MAE, MAPE: 28165222.00, 28165220.17, 5193.87, 3903.95, 4.24%
Test - Best epoch, Loss, MSE, RMSE, MAE, MAPE: 26, 24733702.00, 24733702.58, 4720.72, 3380.02, 3.58%
- Epoch 027, ExpID 20963
Train - Loss: 16430203.00
Val - Loss, MSE, RMSE, MAE, MAPE: 28519328.00, 28519326.33, 5232.41, 3949.88, 4.27%
Test - Best epoch, Loss, MSE, RMSE, MAE, MAPE: 26, 24733702.00, 24733702.58, 4720.72, 3380.02, 3.58%
- Epoch 028, ExpID 20963
Train - Loss: 16235504.16
Val - Loss, MSE, RMSE, MAE, MAPE: 27749456.00, 27749456.33, 5148.09, 3847.16, 4.18%
Test - Best epoch, Loss, MSE, RMSE, MAE, MAPE: 28, 24865304.00, 24865303.92, 4722.41, 3381.06, 3.57%
- Epoch 029, ExpID 20963
Train - Loss: 16232420.50
Val - Loss, MSE, RMSE, MAE, MAPE: 28287968.00, 28287968.67, 5205.41, 3913.29, 4.25%
Test - Best epoch, Loss, MSE, RMSE, MAE, MAPE: 28, 24865304.00, 24865303.92, 4722.41, 3381.06, 3.57%
- Epoch 030, ExpID 20963
Train - Loss: 15837628.44
Val - Loss, MSE, RMSE, MAE, MAPE: 27933014.00, 27933012.50, 5167.01, 3874.64, 4.20%
Test - Best epoch, Loss, MSE, RMSE, MAE, MAPE: 28, 24865304.00, 24865303.92, 4722.41, 3381.06, 3.57%
- Epoch 031, ExpID 20963
Train - Loss: 16120697.24
Val - Loss, MSE, RMSE, MAE, MAPE: 28485972.00, 28485968.33, 5221.50, 3929.23, 4.27%
Test - Best epoch, Loss, MSE, RMSE, MAE, MAPE: 28, 24865304.00, 24865303.92, 4722.41, 3381.06, 3.57%
- Epoch 032, ExpID 20963
Train - Loss: 16052082.87
Val - Loss, MSE, RMSE, MAE, MAPE: 28067876.00, 28067874.67, 5184.40, 3892.46, 4.24%
Test - Best epoch, Loss, MSE, RMSE, MAE, MAPE: 28, 24865304.00, 24865303.92, 4722.41, 3381.06, 3.57%
- Epoch 033, ExpID 20963
Train - Loss: 15581381.41
Val - Loss, MSE, RMSE, MAE, MAPE: 27650912.00, 27650912.50, 5150.78, 3857.70, 4.20%
Test - Best epoch, Loss, MSE, RMSE, MAE, MAPE: 33, 25063764.00, 25063764.08, 4747.64, 3419.21, 3.62%
- Epoch 034, ExpID 20963
Train - Loss: 15792730.31
Val - Loss, MSE, RMSE, MAE, MAPE: 27917204.00, 27917203.67, 5168.74, 3892.20, 4.23%
Test - Best epoch, Loss, MSE, RMSE, MAE, MAPE: 33, 25063764.00, 25063764.08, 4747.64, 3419.21, 3.62%
- Epoch 035, ExpID 20963
Train - Loss: 15484754.24
Val - Loss, MSE, RMSE, MAE, MAPE: 28151772.00, 28151770.50, 5195.48, 3935.84, 4.26%
Test - Best epoch, Loss, MSE, RMSE, MAE, MAPE: 33, 25063764.00, 25063764.08, 4747.64, 3419.21, 3.62%
- Epoch 036, ExpID 20963
Train - Loss: 15538782.47
Val - Loss, MSE, RMSE, MAE, MAPE: 27964852.00, 27964850.50, 5175.13, 3890.62, 4.23%
Test - Best epoch, Loss, MSE, RMSE, MAE, MAPE: 33, 25063764.00, 25063764.08, 4747.64, 3419.21, 3.62%
- Epoch 037, ExpID 20963
Train - Loss: 15120948.67
Val - Loss, MSE, RMSE, MAE, MAPE: 28728316.00, 28728316.00, 5246.63, 3959.30, 4.31%
Test - Best epoch, Loss, MSE, RMSE, MAE, MAPE: 33, 25063764.00, 25063764.08, 4747.64, 3419.21, 3.62%
- Epoch 038, ExpID 20963
Train - Loss: 15214400.51
Val - Loss, MSE, RMSE, MAE, MAPE: 27928604.00, 27928600.83, 5172.97, 3887.56, 4.23%
Test - Best epoch, Loss, MSE, RMSE, MAE, MAPE: 33, 25063764.00, 25063764.08, 4747.64, 3419.21, 3.62%
- Epoch 039, ExpID 20963
Train - Loss: 14998340.53
Val - Loss, MSE, RMSE, MAE, MAPE: 27807456.00, 27807455.17, 5157.22, 3907.31, 4.24%
Test - Best epoch, Loss, MSE, RMSE, MAE, MAPE: 33, 25063764.00, 25063764.08, 4747.64, 3419.21, 3.62%
- Epoch 040, ExpID 20963
Train - Loss: 15107284.59
Val - Loss, MSE, RMSE, MAE, MAPE: 27025840.00, 27025840.83, 5083.82, 3841.33, 4.16%
Test - Best epoch, Loss, MSE, RMSE, MAE, MAPE: 40, 24241744.00, 24241743.17, 4667.74, 3358.67, 3.54%
- Epoch 041, ExpID 20963
Train - Loss: 14834799.16
Val - Loss, MSE, RMSE, MAE, MAPE: 27991808.00, 27991806.50, 5172.01, 3906.94, 4.25%
Test - Best epoch, Loss, MSE, RMSE, MAE, MAPE: 40, 24241744.00, 24241743.17, 4667.74, 3358.67, 3.54%
- Epoch 042, ExpID 20963
Train - Loss: 15048527.38
Val - Loss, MSE, RMSE, MAE, MAPE: 28065552.00, 28065552.83, 5180.79, 3896.46, 4.25%
Test - Best epoch, Loss, MSE, RMSE, MAE, MAPE: 40, 24241744.00, 24241743.17, 4667.74, 3358.67, 3.54%
- Epoch 043, ExpID 20963
Train - Loss: 14856536.51
Val - Loss, MSE, RMSE, MAE, MAPE: 27991112.00, 27991112.00, 5163.75, 3904.29, 4.24%
Test - Best epoch, Loss, MSE, RMSE, MAE, MAPE: 40, 24241744.00, 24241743.17, 4667.74, 3358.67, 3.54%
- Epoch 044, ExpID 20963
Train - Loss: 14710943.14
Val - Loss, MSE, RMSE, MAE, MAPE: 28513880.00, 28513876.83, 5210.18, 3910.33, 4.27%
Test - Best epoch, Loss, MSE, RMSE, MAE, MAPE: 40, 24241744.00, 24241743.17, 4667.74, 3358.67, 3.54%
- Epoch 045, ExpID 20963
Train - Loss: 14663241.83
Val - Loss, MSE, RMSE, MAE, MAPE: 27393230.00, 27393228.83, 5114.42, 3855.71, 4.19%
Test - Best epoch, Loss, MSE, RMSE, MAE, MAPE: 40, 24241744.00, 24241743.17, 4667.74, 3358.67, 3.54%
- Epoch 046, ExpID 20963
Train - Loss: 14631586.90
Val - Loss, MSE, RMSE, MAE, MAPE: 27634124.00, 27634123.00, 5136.82, 3860.46, 4.20%
Test - Best epoch, Loss, MSE, RMSE, MAE, MAPE: 40, 24241744.00, 24241743.17, 4667.74, 3358.67, 3.54%
- Epoch 047, ExpID 20963
Train - Loss: 14392124.63
Val - Loss, MSE, RMSE, MAE, MAPE: 27516782.00, 27516781.33, 5119.95, 3866.54, 4.20%
Test - Best epoch, Loss, MSE, RMSE, MAE, MAPE: 40, 24241744.00, 24241743.17, 4667.74, 3358.67, 3.54%
- Epoch 048, ExpID 20963
Train - Loss: 14429614.91
Val - Loss, MSE, RMSE, MAE, MAPE: 28371182.00, 28371182.33, 5193.32, 3948.10, 4.29%
Test - Best epoch, Loss, MSE, RMSE, MAE, MAPE: 40, 24241744.00, 24241743.17, 4667.74, 3358.67, 3.54%
- Epoch 049, ExpID 20963
Train - Loss: 14291080.16
Val - Loss, MSE, RMSE, MAE, MAPE: 27673614.00, 27673614.17, 5128.95, 3877.82, 4.21%
Test - Best epoch, Loss, MSE, RMSE, MAE, MAPE: 40, 24241744.00, 24241743.17, 4667.74, 3358.67, 3.54%
- Epoch 050, ExpID 20963
Train - Loss: 14313710.99
Val - Loss, MSE, RMSE, MAE, MAPE: 27611188.00, 27611188.17, 5129.32, 3915.75, 4.24%
Test - Best epoch, Loss, MSE, RMSE, MAE, MAPE: 40, 24241744.00, 24241743.17, 4667.74, 3358.67, 3.54%
Early Stopping at Epoch 50
Fold 2019 Best RMSE: 4667.7365
