DETAILED LOG | Model: patchtst | Seed: 1
FULL CONFIG: {'gpu': '0', 'target': 'departure', 'cv_start_year': 2017, 'cv_end_year': 2019, 'test_year': 2024, 'use_corona': False, 'seq_len': 365, 'label_len': 0, 'pred_len': 7, 'batch_size': 64, 'epochs': 1000, 'patience': 10, 'lr': 0.001, 'model': 'patchtst', 'd_model': 64, 'n_heads': 2, 'n_layers': 5, 'dropout': 0.1, 'activation': 'gelu', 'patch_len': 7, 'factor': 5, 'norm_mode': 'revin', 'use_dbloss': False, 'device': device(type='cuda'), 'stride': 7, 'file_path': 'dataset/airport_daily_flight_merged.csv', 'seed': 1, 'val_year': 2019, 'ndims': 1}

-------------------- [Fold: 2017] ExpID: 32012 --------------------
- Epoch 000, ExpID 32012
Train - Loss: 23424599.64
Val - Loss, MSE, RMSE, MAE, MAPE: 62453100.00, 62453096.67, 7516.65, 6359.75, 7.82%
Test - Best epoch, Loss, MSE, RMSE, MAE, MAPE: 0, 57944200.00, 57944197.00, 7204.01, 5781.22, 6.77%
- Epoch 001, ExpID 32012
Train - Loss: 18216359.75
Val - Loss, MSE, RMSE, MAE, MAPE: 38076752.00, 38076753.50, 5862.47, 4790.90, 6.01%
Test - Best epoch, Loss, MSE, RMSE, MAE, MAPE: 1, 44554096.00, 44554093.50, 6264.11, 4695.87, 5.68%
- Epoch 002, ExpID 32012
Train - Loss: 17027145.09
Val - Loss, MSE, RMSE, MAE, MAPE: 35937768.00, 35937767.00, 5721.44, 4633.58, 5.81%
Test - Best epoch, Loss, MSE, RMSE, MAE, MAPE: 2, 44109040.00, 44109039.33, 6215.05, 4736.82, 5.72%
- Epoch 003, ExpID 32012
Train - Loss: 16148283.37
Val - Loss, MSE, RMSE, MAE, MAPE: 36707400.00, 36707394.50, 5872.20, 4730.37, 5.94%
Test - Best epoch, Loss, MSE, RMSE, MAE, MAPE: 2, 44109040.00, 44109039.33, 6215.05, 4736.82, 5.72%
- Epoch 004, ExpID 32012
Train - Loss: 15259188.45
Val - Loss, MSE, RMSE, MAE, MAPE: 34122448.00, 34122444.17, 5607.91, 4519.29, 5.70%
Test - Best epoch, Loss, MSE, RMSE, MAE, MAPE: 4, 40968548.00, 40968547.00, 5995.51, 4516.70, 5.48%
- Epoch 005, ExpID 32012
Train - Loss: 14827951.44
Val - Loss, MSE, RMSE, MAE, MAPE: 33848480.00, 33848479.50, 5598.10, 4561.22, 5.69%
Test - Best epoch, Loss, MSE, RMSE, MAE, MAPE: 5, 39142424.00, 39142424.00, 5804.28, 4374.36, 5.22%
- Epoch 006, ExpID 32012
Train - Loss: 13965101.19
Val - Loss, MSE, RMSE, MAE, MAPE: 28803030.00, 28803028.00, 5241.08, 4119.90, 5.23%
Test - Best epoch, Loss, MSE, RMSE, MAE, MAPE: 6, 39010544.00, 39010542.67, 5867.09, 4448.19, 5.36%
- Epoch 007, ExpID 32012
Train - Loss: 13261530.60
Val - Loss, MSE, RMSE, MAE, MAPE: 32488542.00, 32488543.17, 5488.24, 4346.30, 5.46%
Test - Best epoch, Loss, MSE, RMSE, MAE, MAPE: 6, 39010544.00, 39010542.67, 5867.09, 4448.19, 5.36%
- Epoch 008, ExpID 32012
Train - Loss: 12376261.64
Val - Loss, MSE, RMSE, MAE, MAPE: 35210236.00, 35210236.67, 5781.14, 4654.85, 5.82%
Test - Best epoch, Loss, MSE, RMSE, MAE, MAPE: 6, 39010544.00, 39010542.67, 5867.09, 4448.19, 5.36%
- Epoch 009, ExpID 32012
Train - Loss: 12219634.37
Val - Loss, MSE, RMSE, MAE, MAPE: 35075592.00, 35075590.67, 5763.76, 4640.93, 5.78%
Test - Best epoch, Loss, MSE, RMSE, MAE, MAPE: 6, 39010544.00, 39010542.67, 5867.09, 4448.19, 5.36%
- Epoch 010, ExpID 32012
Train - Loss: 11685288.57
Val - Loss, MSE, RMSE, MAE, MAPE: 33506622.00, 33506622.00, 5553.70, 4468.49, 5.57%
Test - Best epoch, Loss, MSE, RMSE, MAE, MAPE: 6, 39010544.00, 39010542.67, 5867.09, 4448.19, 5.36%
- Epoch 011, ExpID 32012
Train - Loss: 11398673.87
Val - Loss, MSE, RMSE, MAE, MAPE: 33199268.00, 33199265.33, 5562.00, 4426.99, 5.53%
Test - Best epoch, Loss, MSE, RMSE, MAE, MAPE: 6, 39010544.00, 39010542.67, 5867.09, 4448.19, 5.36%
- Epoch 012, ExpID 32012
Train - Loss: 11179814.69
Val - Loss, MSE, RMSE, MAE, MAPE: 30063440.00, 30063438.33, 5305.62, 4208.02, 5.29%
Test - Best epoch, Loss, MSE, RMSE, MAE, MAPE: 6, 39010544.00, 39010542.67, 5867.09, 4448.19, 5.36%
- Epoch 013, ExpID 32012
Train - Loss: 10948179.53
Val - Loss, MSE, RMSE, MAE, MAPE: 31004776.00, 31004777.33, 5386.62, 4304.56, 5.41%
Test - Best epoch, Loss, MSE, RMSE, MAE, MAPE: 6, 39010544.00, 39010542.67, 5867.09, 4448.19, 5.36%
- Epoch 014, ExpID 32012
Train - Loss: 10477683.81
Val - Loss, MSE, RMSE, MAE, MAPE: 35253760.00, 35253756.67, 5594.17, 4557.20, 5.67%
Test - Best epoch, Loss, MSE, RMSE, MAE, MAPE: 6, 39010544.00, 39010542.67, 5867.09, 4448.19, 5.36%
- Epoch 015, ExpID 32012
Train - Loss: 10498552.93
Val - Loss, MSE, RMSE, MAE, MAPE: 28427742.00, 28427740.25, 5098.08, 4000.01, 5.02%
Test - Best epoch, Loss, MSE, RMSE, MAE, MAPE: 15, 37832988.00, 37832987.33, 5717.09, 4247.31, 5.14%
- Epoch 016, ExpID 32012
Train - Loss: 9828950.50
Val - Loss, MSE, RMSE, MAE, MAPE: 32899532.00, 32899528.67, 5515.23, 4410.49, 5.51%
Test - Best epoch, Loss, MSE, RMSE, MAE, MAPE: 15, 37832988.00, 37832987.33, 5717.09, 4247.31, 5.14%
- Epoch 017, ExpID 32012
Train - Loss: 9636291.74
Val - Loss, MSE, RMSE, MAE, MAPE: 30372976.00, 30372977.33, 5310.66, 4220.11, 5.31%
Test - Best epoch, Loss, MSE, RMSE, MAE, MAPE: 15, 37832988.00, 37832987.33, 5717.09, 4247.31, 5.14%
- Epoch 018, ExpID 32012
Train - Loss: 9371263.17
Val - Loss, MSE, RMSE, MAE, MAPE: 31391936.00, 31391936.92, 5301.40, 4257.06, 5.33%
Test - Best epoch, Loss, MSE, RMSE, MAE, MAPE: 15, 37832988.00, 37832987.33, 5717.09, 4247.31, 5.14%
- Epoch 019, ExpID 32012
Train - Loss: 9295043.45
Val - Loss, MSE, RMSE, MAE, MAPE: 32030356.00, 32030354.08, 5384.03, 4318.63, 5.41%
Test - Best epoch, Loss, MSE, RMSE, MAE, MAPE: 15, 37832988.00, 37832987.33, 5717.09, 4247.31, 5.14%
- Epoch 020, ExpID 32012
Train - Loss: 9137231.59
Val - Loss, MSE, RMSE, MAE, MAPE: 33160820.00, 33160820.00, 5516.56, 4445.38, 5.56%
Test - Best epoch, Loss, MSE, RMSE, MAE, MAPE: 15, 37832988.00, 37832987.33, 5717.09, 4247.31, 5.14%
- Epoch 021, ExpID 32012
Train - Loss: 9000701.77
Val - Loss, MSE, RMSE, MAE, MAPE: 32650724.00, 32650722.33, 5418.70, 4380.53, 5.46%
Test - Best epoch, Loss, MSE, RMSE, MAE, MAPE: 15, 37832988.00, 37832987.33, 5717.09, 4247.31, 5.14%
- Epoch 022, ExpID 32012
Train - Loss: 9049334.51
Val - Loss, MSE, RMSE, MAE, MAPE: 34542396.00, 34542395.33, 5558.66, 4538.09, 5.64%
Test - Best epoch, Loss, MSE, RMSE, MAE, MAPE: 15, 37832988.00, 37832987.33, 5717.09, 4247.31, 5.14%
- Epoch 023, ExpID 32012
Train - Loss: 8648122.84
Val - Loss, MSE, RMSE, MAE, MAPE: 31747076.00, 31747074.83, 5447.98, 4379.79, 5.50%
Test - Best epoch, Loss, MSE, RMSE, MAE, MAPE: 15, 37832988.00, 37832987.33, 5717.09, 4247.31, 5.14%
- Epoch 024, ExpID 32012
Train - Loss: 8631739.55
Val - Loss, MSE, RMSE, MAE, MAPE: 30110454.00, 30110453.50, 5306.33, 4193.62, 5.29%
Test - Best epoch, Loss, MSE, RMSE, MAE, MAPE: 15, 37832988.00, 37832987.33, 5717.09, 4247.31, 5.14%
- Epoch 025, ExpID 32012
Train - Loss: 8785952.99
Val - Loss, MSE, RMSE, MAE, MAPE: 33467552.00, 33467554.17, 5521.27, 4467.05, 5.58%
Test - Best epoch, Loss, MSE, RMSE, MAE, MAPE: 15, 37832988.00, 37832987.33, 5717.09, 4247.31, 5.14%
Early Stopping at Epoch 25
Fold 2017 Best RMSE: 5717.0883

-------------------- [Fold: 2018] ExpID: 74306 --------------------
- Epoch 000, ExpID 74306
Train - Loss: 25531425.06
Val - Loss, MSE, RMSE, MAE, MAPE: 44961256.00, 44961257.83, 6291.42, 4605.83, 5.55%
Test - Best epoch, Loss, MSE, RMSE, MAE, MAPE: 0, 33859868.00, 33859866.00, 5726.48, 4453.21, 4.81%
- Epoch 001, ExpID 74306
Train - Loss: 19370234.21
Val - Loss, MSE, RMSE, MAE, MAPE: 45538572.00, 45538568.67, 6243.05, 4540.43, 5.56%
Test - Best epoch, Loss, MSE, RMSE, MAE, MAPE: 0, 33859868.00, 33859866.00, 5726.48, 4453.21, 4.81%
- Epoch 002, ExpID 74306
Train - Loss: 17897303.94
Val - Loss, MSE, RMSE, MAE, MAPE: 46151776.00, 46151776.17, 6326.22, 4808.06, 5.75%
Test - Best epoch, Loss, MSE, RMSE, MAE, MAPE: 0, 33859868.00, 33859866.00, 5726.48, 4453.21, 4.81%
- Epoch 003, ExpID 74306
Train - Loss: 16884222.35
Val - Loss, MSE, RMSE, MAE, MAPE: 43153596.00, 43153598.00, 6105.95, 4637.79, 5.64%
Test - Best epoch, Loss, MSE, RMSE, MAE, MAPE: 3, 32087500.00, 32087497.33, 5580.17, 4322.77, 4.71%
- Epoch 004, ExpID 74306
Train - Loss: 15965287.45
Val - Loss, MSE, RMSE, MAE, MAPE: 42874616.00, 42874610.50, 6134.04, 4697.07, 5.59%
Test - Best epoch, Loss, MSE, RMSE, MAE, MAPE: 4, 33895564.00, 33895564.67, 5731.94, 4497.20, 4.81%
- Epoch 005, ExpID 74306
Train - Loss: 15037985.96
Val - Loss, MSE, RMSE, MAE, MAPE: 40454816.00, 40454813.50, 5961.30, 4563.02, 5.58%
Test - Best epoch, Loss, MSE, RMSE, MAE, MAPE: 5, 31183140.00, 31183137.67, 5511.71, 4171.91, 4.56%
- Epoch 006, ExpID 74306
Train - Loss: 14431618.50
Val - Loss, MSE, RMSE, MAE, MAPE: 37828368.00, 37828366.17, 5774.47, 4302.71, 5.16%
Test - Best epoch, Loss, MSE, RMSE, MAE, MAPE: 6, 30983558.00, 30983561.00, 5503.39, 4271.09, 4.60%
- Epoch 007, ExpID 74306
Train - Loss: 13986578.71
Val - Loss, MSE, RMSE, MAE, MAPE: 39263784.00, 39263779.50, 5840.33, 4363.37, 5.26%
Test - Best epoch, Loss, MSE, RMSE, MAE, MAPE: 6, 30983558.00, 30983561.00, 5503.39, 4271.09, 4.60%
- Epoch 008, ExpID 74306
Train - Loss: 13525750.34
Val - Loss, MSE, RMSE, MAE, MAPE: 38508608.00, 38508608.67, 5838.75, 4364.98, 5.30%
Test - Best epoch, Loss, MSE, RMSE, MAE, MAPE: 6, 30983558.00, 30983561.00, 5503.39, 4271.09, 4.60%
- Epoch 009, ExpID 74306
Train - Loss: 13067947.71
Val - Loss, MSE, RMSE, MAE, MAPE: 37699752.00, 37699752.00, 5770.33, 4273.72, 5.18%
Test - Best epoch, Loss, MSE, RMSE, MAE, MAPE: 9, 30695140.00, 30695138.67, 5476.16, 4245.54, 4.60%
- Epoch 010, ExpID 74306
Train - Loss: 12501400.60
Val - Loss, MSE, RMSE, MAE, MAPE: 38989192.00, 38989189.83, 5881.41, 4397.19, 5.31%
Test - Best epoch, Loss, MSE, RMSE, MAE, MAPE: 9, 30695140.00, 30695138.67, 5476.16, 4245.54, 4.60%
- Epoch 011, ExpID 74306
Train - Loss: 12196251.30
Val - Loss, MSE, RMSE, MAE, MAPE: 38172304.00, 38172301.83, 5750.97, 4335.46, 5.22%
Test - Best epoch, Loss, MSE, RMSE, MAE, MAPE: 9, 30695140.00, 30695138.67, 5476.16, 4245.54, 4.60%
- Epoch 012, ExpID 74306
Train - Loss: 11644343.03
Val - Loss, MSE, RMSE, MAE, MAPE: 36031200.00, 36031198.17, 5634.84, 4247.34, 5.09%
Test - Best epoch, Loss, MSE, RMSE, MAE, MAPE: 12, 29764310.00, 29764309.67, 5377.54, 4177.47, 4.50%
- Epoch 013, ExpID 74306
Train - Loss: 11411087.78
Val - Loss, MSE, RMSE, MAE, MAPE: 38021880.00, 38021877.50, 5846.50, 4380.97, 5.28%
Test - Best epoch, Loss, MSE, RMSE, MAE, MAPE: 12, 29764310.00, 29764309.67, 5377.54, 4177.47, 4.50%
- Epoch 014, ExpID 74306
Train - Loss: 11041212.25
Val - Loss, MSE, RMSE, MAE, MAPE: 37178984.00, 37178981.00, 5760.28, 4252.21, 5.15%
Test - Best epoch, Loss, MSE, RMSE, MAE, MAPE: 12, 29764310.00, 29764309.67, 5377.54, 4177.47, 4.50%
- Epoch 015, ExpID 74306
Train - Loss: 10858044.31
Val - Loss, MSE, RMSE, MAE, MAPE: 36441824.00, 36441823.33, 5697.56, 4215.20, 5.08%
Test - Best epoch, Loss, MSE, RMSE, MAE, MAPE: 12, 29764310.00, 29764309.67, 5377.54, 4177.47, 4.50%
- Epoch 016, ExpID 74306
Train - Loss: 10549544.35
Val - Loss, MSE, RMSE, MAE, MAPE: 38691404.00, 38691400.17, 5874.07, 4402.25, 5.33%
Test - Best epoch, Loss, MSE, RMSE, MAE, MAPE: 12, 29764310.00, 29764309.67, 5377.54, 4177.47, 4.50%
- Epoch 017, ExpID 74306
Train - Loss: 10414062.88
Val - Loss, MSE, RMSE, MAE, MAPE: 37198840.00, 37198840.83, 5771.84, 4339.29, 5.27%
Test - Best epoch, Loss, MSE, RMSE, MAE, MAPE: 12, 29764310.00, 29764309.67, 5377.54, 4177.47, 4.50%
- Epoch 018, ExpID 74306
Train - Loss: 10100569.94
Val - Loss, MSE, RMSE, MAE, MAPE: 38172888.00, 38172884.83, 5779.06, 4351.73, 5.29%
Test - Best epoch, Loss, MSE, RMSE, MAE, MAPE: 12, 29764310.00, 29764309.67, 5377.54, 4177.47, 4.50%
- Epoch 019, ExpID 74306
Train - Loss: 9964436.93
Val - Loss, MSE, RMSE, MAE, MAPE: 36659092.00, 36659089.00, 5676.01, 4269.79, 5.15%
Test - Best epoch, Loss, MSE, RMSE, MAE, MAPE: 12, 29764310.00, 29764309.67, 5377.54, 4177.47, 4.50%
- Epoch 020, ExpID 74306
Train - Loss: 9742088.73
Val - Loss, MSE, RMSE, MAE, MAPE: 39119752.00, 39119747.83, 5864.04, 4406.58, 5.35%
Test - Best epoch, Loss, MSE, RMSE, MAE, MAPE: 12, 29764310.00, 29764309.67, 5377.54, 4177.47, 4.50%
- Epoch 021, ExpID 74306
Train - Loss: 9684231.70
Val - Loss, MSE, RMSE, MAE, MAPE: 37887136.00, 37887136.67, 5824.69, 4406.70, 5.34%
Test - Best epoch, Loss, MSE, RMSE, MAE, MAPE: 12, 29764310.00, 29764309.67, 5377.54, 4177.47, 4.50%
- Epoch 022, ExpID 74306
Train - Loss: 9499193.99
Val - Loss, MSE, RMSE, MAE, MAPE: 38767104.00, 38767106.50, 5908.58, 4480.24, 5.39%
Test - Best epoch, Loss, MSE, RMSE, MAE, MAPE: 12, 29764310.00, 29764309.67, 5377.54, 4177.47, 4.50%
Early Stopping at Epoch 22
Fold 2018 Best RMSE: 5377.5416

-------------------- [Fold: 2019] ExpID: 52658 --------------------
- Epoch 000, ExpID 52658
Train - Loss: 28379407.21
Val - Loss, MSE, RMSE, MAE, MAPE: 37776604.00, 37776604.33, 6037.61, 4591.58, 5.03%
Test - Best epoch, Loss, MSE, RMSE, MAE, MAPE: 0, 34862280.00, 34862279.00, 5721.51, 4299.00, 4.58%
- Epoch 001, ExpID 52658
Train - Loss: 21962949.69
Val - Loss, MSE, RMSE, MAE, MAPE: 34011604.00, 34011604.67, 5715.85, 4255.89, 4.64%
Test - Best epoch, Loss, MSE, RMSE, MAE, MAPE: 1, 31233792.00, 31233792.83, 5419.37, 4016.79, 4.23%
- Epoch 002, ExpID 52658
Train - Loss: 20132264.70
Val - Loss, MSE, RMSE, MAE, MAPE: 34455676.00, 34455674.33, 5764.59, 4464.05, 4.80%
Test - Best epoch, Loss, MSE, RMSE, MAE, MAPE: 1, 31233792.00, 31233792.83, 5419.37, 4016.79, 4.23%
- Epoch 003, ExpID 52658
Train - Loss: 18444871.94
Val - Loss, MSE, RMSE, MAE, MAPE: 34838300.00, 34838297.67, 5826.53, 4460.78, 4.91%
Test - Best epoch, Loss, MSE, RMSE, MAE, MAPE: 1, 31233792.00, 31233792.83, 5419.37, 4016.79, 4.23%
- Epoch 004, ExpID 52658
Train - Loss: 17593388.13
Val - Loss, MSE, RMSE, MAE, MAPE: 32126088.00, 32126086.67, 5579.19, 4309.43, 4.64%
Test - Best epoch, Loss, MSE, RMSE, MAE, MAPE: 4, 27567630.00, 27567631.33, 5051.04, 3778.95, 3.95%
- Epoch 005, ExpID 52658
Train - Loss: 16643012.30
Val - Loss, MSE, RMSE, MAE, MAPE: 33596256.00, 33596252.33, 5700.35, 4402.14, 4.80%
Test - Best epoch, Loss, MSE, RMSE, MAE, MAPE: 4, 27567630.00, 27567631.33, 5051.04, 3778.95, 3.95%
- Epoch 006, ExpID 52658
Train - Loss: 16099295.13
Val - Loss, MSE, RMSE, MAE, MAPE: 28955736.00, 28955736.00, 5322.33, 4097.13, 4.46%
Test - Best epoch, Loss, MSE, RMSE, MAE, MAPE: 6, 27473454.00, 27473455.50, 5075.48, 3730.20, 3.94%
- Epoch 007, ExpID 52658
Train - Loss: 15144136.84
Val - Loss, MSE, RMSE, MAE, MAPE: 32747780.00, 32747778.17, 5623.95, 4284.17, 4.70%
Test - Best epoch, Loss, MSE, RMSE, MAE, MAPE: 6, 27473454.00, 27473455.50, 5075.48, 3730.20, 3.94%
- Epoch 008, ExpID 52658
Train - Loss: 14456473.62
Val - Loss, MSE, RMSE, MAE, MAPE: 28637798.00, 28637797.33, 5241.29, 4033.59, 4.39%
Test - Best epoch, Loss, MSE, RMSE, MAE, MAPE: 8, 26451464.00, 26451464.67, 4936.97, 3719.42, 3.92%
- Epoch 009, ExpID 52658
Train - Loss: 13890755.38
Val - Loss, MSE, RMSE, MAE, MAPE: 30913764.00, 30913761.50, 5439.03, 4070.71, 4.46%
Test - Best epoch, Loss, MSE, RMSE, MAE, MAPE: 8, 26451464.00, 26451464.67, 4936.97, 3719.42, 3.92%
- Epoch 010, ExpID 52658
Train - Loss: 13877985.23
Val - Loss, MSE, RMSE, MAE, MAPE: 32499384.00, 32499385.33, 5592.64, 4283.07, 4.67%
Test - Best epoch, Loss, MSE, RMSE, MAE, MAPE: 8, 26451464.00, 26451464.67, 4936.97, 3719.42, 3.92%
- Epoch 011, ExpID 52658
Train - Loss: 12887739.72
Val - Loss, MSE, RMSE, MAE, MAPE: 32403092.00, 32403091.50, 5541.72, 4213.84, 4.60%
Test - Best epoch, Loss, MSE, RMSE, MAE, MAPE: 8, 26451464.00, 26451464.67, 4936.97, 3719.42, 3.92%
- Epoch 012, ExpID 52658
Train - Loss: 12602161.73
Val - Loss, MSE, RMSE, MAE, MAPE: 31688438.00, 31688437.17, 5479.85, 4172.23, 4.56%
Test - Best epoch, Loss, MSE, RMSE, MAE, MAPE: 8, 26451464.00, 26451464.67, 4936.97, 3719.42, 3.92%
- Epoch 013, ExpID 52658
Train - Loss: 12567204.22
Val - Loss, MSE, RMSE, MAE, MAPE: 31920030.00, 31920027.67, 5532.48, 4309.70, 4.66%
Test - Best epoch, Loss, MSE, RMSE, MAE, MAPE: 8, 26451464.00, 26451464.67, 4936.97, 3719.42, 3.92%
- Epoch 014, ExpID 52658
Train - Loss: 11924651.45
Val - Loss, MSE, RMSE, MAE, MAPE: 32103372.00, 32103370.17, 5527.90, 4232.48, 4.61%
Test - Best epoch, Loss, MSE, RMSE, MAE, MAPE: 8, 26451464.00, 26451464.67, 4936.97, 3719.42, 3.92%
- Epoch 015, ExpID 52658
Train - Loss: 11817692.19
Val - Loss, MSE, RMSE, MAE, MAPE: 32927968.00, 32927970.00, 5596.38, 4297.69, 4.69%
Test - Best epoch, Loss, MSE, RMSE, MAE, MAPE: 8, 26451464.00, 26451464.67, 4936.97, 3719.42, 3.92%
- Epoch 016, ExpID 52658
Train - Loss: 11311160.78
Val - Loss, MSE, RMSE, MAE, MAPE: 33081452.00, 33081449.67, 5592.55, 4330.21, 4.70%
Test - Best epoch, Loss, MSE, RMSE, MAE, MAPE: 8, 26451464.00, 26451464.67, 4936.97, 3719.42, 3.92%
- Epoch 017, ExpID 52658
Train - Loss: 11226381.90
Val - Loss, MSE, RMSE, MAE, MAPE: 33974496.00, 33974495.00, 5686.91, 4391.17, 4.80%
Test - Best epoch, Loss, MSE, RMSE, MAE, MAPE: 8, 26451464.00, 26451464.67, 4936.97, 3719.42, 3.92%
- Epoch 018, ExpID 52658
Train - Loss: 11122159.20
Val - Loss, MSE, RMSE, MAE, MAPE: 32813934.00, 32813932.83, 5584.37, 4285.45, 4.69%
Test - Best epoch, Loss, MSE, RMSE, MAE, MAPE: 8, 26451464.00, 26451464.67, 4936.97, 3719.42, 3.92%
Early Stopping at Epoch 18
Fold 2019 Best RMSE: 4936.9706
