DETAILED LOG | Model: patchtst | Seed: 3
FULL CONFIG: {'gpu': '0', 'target': 'departure', 'cv_start_year': 2017, 'cv_end_year': 2019, 'test_year': 2024, 'use_corona': False, 'seq_len': 28, 'label_len': 0, 'pred_len': 7, 'batch_size': 64, 'epochs': 1000, 'patience': 10, 'lr': 0.0001, 'model': 'patchtst', 'd_model': 256, 'n_heads': 1, 'n_layers': 3, 'dropout': 0.1, 'activation': 'gelu', 'patch_len': 7, 'factor': 5, 'norm_mode': 'revin', 'use_dbloss': False, 'device': device(type='cuda'), 'stride': 7, 'file_path': 'dataset/airport_daily_flight_merged.csv', 'seed': 3, 'val_year': 2019, 'ndims': 1}

-------------------- [Fold: 2017] ExpID: 89199 --------------------
- Epoch 000, ExpID 89199
Train - Loss: 20993828.30
Val - Loss, MSE, RMSE, MAE, MAPE: 29900014.00, 29900011.67, 5403.25, 4136.88, 5.27%
Test - Best epoch, Loss, MSE, RMSE, MAE, MAPE: 0, 52160876.00, 52160872.33, 6842.23, 5068.38, 6.08%
- Epoch 001, ExpID 89199
Train - Loss: 18571630.88
Val - Loss, MSE, RMSE, MAE, MAPE: 28387804.00, 28387803.00, 5253.92, 3983.36, 5.10%
Test - Best epoch, Loss, MSE, RMSE, MAE, MAPE: 1, 50012092.00, 50012088.67, 6681.45, 4941.37, 5.97%
- Epoch 002, ExpID 89199
Train - Loss: 18060711.31
Val - Loss, MSE, RMSE, MAE, MAPE: 27444480.00, 27444477.67, 5164.13, 3889.89, 4.98%
Test - Best epoch, Loss, MSE, RMSE, MAE, MAPE: 2, 50242360.00, 50242355.67, 6669.16, 4838.57, 5.84%
- Epoch 003, ExpID 89199
Train - Loss: 17847137.19
Val - Loss, MSE, RMSE, MAE, MAPE: 27039788.00, 27039787.00, 5127.44, 3856.93, 4.93%
Test - Best epoch, Loss, MSE, RMSE, MAE, MAPE: 3, 49183848.00, 49183845.00, 6617.66, 4834.77, 5.83%
- Epoch 004, ExpID 89199
Train - Loss: 17339508.73
Val - Loss, MSE, RMSE, MAE, MAPE: 26816060.00, 26816059.00, 5103.55, 3819.29, 4.90%
Test - Best epoch, Loss, MSE, RMSE, MAE, MAPE: 4, 47612168.00, 47612167.17, 6543.00, 4794.32, 5.78%
- Epoch 005, ExpID 89199
Train - Loss: 17034370.21
Val - Loss, MSE, RMSE, MAE, MAPE: 26457604.00, 26457604.00, 5070.57, 3774.83, 4.84%
Test - Best epoch, Loss, MSE, RMSE, MAE, MAPE: 5, 47658336.00, 47658337.67, 6519.12, 4728.47, 5.72%
- Epoch 006, ExpID 89199
Train - Loss: 16781331.94
Val - Loss, MSE, RMSE, MAE, MAPE: 25700040.00, 25700040.83, 5000.12, 3724.47, 4.77%
Test - Best epoch, Loss, MSE, RMSE, MAE, MAPE: 6, 47612680.00, 47612676.00, 6502.15, 4737.22, 5.72%
- Epoch 007, ExpID 89199
Train - Loss: 16539556.45
Val - Loss, MSE, RMSE, MAE, MAPE: 25904760.00, 25904758.00, 5018.72, 3751.17, 4.81%
Test - Best epoch, Loss, MSE, RMSE, MAE, MAPE: 6, 47612680.00, 47612676.00, 6502.15, 4737.22, 5.72%
- Epoch 008, ExpID 89199
Train - Loss: 16242443.43
Val - Loss, MSE, RMSE, MAE, MAPE: 25440704.00, 25440702.50, 4965.97, 3693.10, 4.74%
Test - Best epoch, Loss, MSE, RMSE, MAE, MAPE: 8, 47349852.00, 47349852.33, 6490.55, 4726.68, 5.71%
- Epoch 009, ExpID 89199
Train - Loss: 16037314.18
Val - Loss, MSE, RMSE, MAE, MAPE: 24910240.00, 24910242.00, 4919.85, 3688.81, 4.72%
Test - Best epoch, Loss, MSE, RMSE, MAE, MAPE: 9, 47386424.00, 47386421.00, 6512.49, 4754.20, 5.73%
- Epoch 010, ExpID 89199
Train - Loss: 15809110.71
Val - Loss, MSE, RMSE, MAE, MAPE: 25108384.00, 25108382.67, 4949.66, 3677.88, 4.72%
Test - Best epoch, Loss, MSE, RMSE, MAE, MAPE: 9, 47386424.00, 47386421.00, 6512.49, 4754.20, 5.73%
- Epoch 011, ExpID 89199
Train - Loss: 15681779.03
Val - Loss, MSE, RMSE, MAE, MAPE: 24768166.00, 24768162.00, 4908.78, 3645.49, 4.67%
Test - Best epoch, Loss, MSE, RMSE, MAE, MAPE: 11, 45269692.00, 45269687.67, 6385.52, 4642.09, 5.60%
- Epoch 012, ExpID 89199
Train - Loss: 15511643.07
Val - Loss, MSE, RMSE, MAE, MAPE: 24726222.00, 24726221.17, 4900.66, 3644.13, 4.67%
Test - Best epoch, Loss, MSE, RMSE, MAE, MAPE: 12, 46095968.00, 46095968.67, 6414.65, 4663.03, 5.65%
- Epoch 013, ExpID 89199
Train - Loss: 15402324.72
Val - Loss, MSE, RMSE, MAE, MAPE: 23899912.00, 23899911.33, 4826.42, 3573.62, 4.58%
Test - Best epoch, Loss, MSE, RMSE, MAE, MAPE: 13, 45374108.00, 45374109.33, 6386.37, 4666.65, 5.63%
- Epoch 014, ExpID 89199
Train - Loss: 15020260.56
Val - Loss, MSE, RMSE, MAE, MAPE: 24105708.00, 24105704.50, 4843.58, 3606.08, 4.62%
Test - Best epoch, Loss, MSE, RMSE, MAE, MAPE: 13, 45374108.00, 45374109.33, 6386.37, 4666.65, 5.63%
- Epoch 015, ExpID 89199
Train - Loss: 14948069.96
Val - Loss, MSE, RMSE, MAE, MAPE: 23763496.00, 23763495.50, 4799.48, 3571.34, 4.58%
Test - Best epoch, Loss, MSE, RMSE, MAE, MAPE: 15, 47449592.00, 47449590.33, 6509.32, 4693.50, 5.67%
- Epoch 016, ExpID 89199
Train - Loss: 14831329.34
Val - Loss, MSE, RMSE, MAE, MAPE: 24453724.00, 24453724.00, 4861.29, 3598.70, 4.62%
Test - Best epoch, Loss, MSE, RMSE, MAE, MAPE: 15, 47449592.00, 47449590.33, 6509.32, 4693.50, 5.67%
- Epoch 017, ExpID 89199
Train - Loss: 14611308.24
Val - Loss, MSE, RMSE, MAE, MAPE: 24340622.00, 24340621.50, 4859.21, 3592.00, 4.62%
Test - Best epoch, Loss, MSE, RMSE, MAE, MAPE: 15, 47449592.00, 47449590.33, 6509.32, 4693.50, 5.67%
- Epoch 018, ExpID 89199
Train - Loss: 14457274.04
Val - Loss, MSE, RMSE, MAE, MAPE: 23825324.00, 23825322.83, 4808.91, 3563.71, 4.58%
Test - Best epoch, Loss, MSE, RMSE, MAE, MAPE: 15, 47449592.00, 47449590.33, 6509.32, 4693.50, 5.67%
- Epoch 019, ExpID 89199
Train - Loss: 14637081.30
Val - Loss, MSE, RMSE, MAE, MAPE: 23919262.00, 23919262.17, 4811.15, 3564.47, 4.57%
Test - Best epoch, Loss, MSE, RMSE, MAE, MAPE: 15, 47449592.00, 47449590.33, 6509.32, 4693.50, 5.67%
- Epoch 020, ExpID 89199
Train - Loss: 14521321.21
Val - Loss, MSE, RMSE, MAE, MAPE: 23762302.00, 23762300.83, 4799.30, 3549.75, 4.56%
Test - Best epoch, Loss, MSE, RMSE, MAE, MAPE: 20, 44677788.00, 44677788.00, 6348.11, 4607.82, 5.55%
- Epoch 021, ExpID 89199
Train - Loss: 14378301.41
Val - Loss, MSE, RMSE, MAE, MAPE: 23670300.00, 23670298.67, 4785.16, 3539.28, 4.55%
Test - Best epoch, Loss, MSE, RMSE, MAE, MAPE: 21, 43875000.00, 43874998.67, 6296.79, 4564.62, 5.51%
- Epoch 022, ExpID 89199
Train - Loss: 14150783.82
Val - Loss, MSE, RMSE, MAE, MAPE: 23319184.00, 23319183.33, 4755.24, 3509.45, 4.51%
Test - Best epoch, Loss, MSE, RMSE, MAE, MAPE: 22, 44826320.00, 44826317.33, 6337.84, 4580.50, 5.51%
- Epoch 023, ExpID 89199
Train - Loss: 14232595.86
Val - Loss, MSE, RMSE, MAE, MAPE: 23300230.00, 23300229.00, 4750.08, 3519.55, 4.52%
Test - Best epoch, Loss, MSE, RMSE, MAE, MAPE: 23, 43557460.00, 43557458.00, 6272.96, 4543.11, 5.49%
- Epoch 024, ExpID 89199
Train - Loss: 14073591.64
Val - Loss, MSE, RMSE, MAE, MAPE: 23479806.00, 23479804.67, 4771.48, 3517.18, 4.51%
Test - Best epoch, Loss, MSE, RMSE, MAE, MAPE: 23, 43557460.00, 43557458.00, 6272.96, 4543.11, 5.49%
- Epoch 025, ExpID 89199
Train - Loss: 13879007.74
Val - Loss, MSE, RMSE, MAE, MAPE: 23902928.00, 23902927.83, 4806.74, 3570.27, 4.58%
Test - Best epoch, Loss, MSE, RMSE, MAE, MAPE: 23, 43557460.00, 43557458.00, 6272.96, 4543.11, 5.49%
- Epoch 026, ExpID 89199
Train - Loss: 13786416.45
Val - Loss, MSE, RMSE, MAE, MAPE: 24425182.00, 24425180.00, 4856.27, 3572.12, 4.59%
Test - Best epoch, Loss, MSE, RMSE, MAE, MAPE: 23, 43557460.00, 43557458.00, 6272.96, 4543.11, 5.49%
- Epoch 027, ExpID 89199
Train - Loss: 13658443.10
Val - Loss, MSE, RMSE, MAE, MAPE: 23864982.00, 23864981.33, 4794.65, 3538.49, 4.54%
Test - Best epoch, Loss, MSE, RMSE, MAE, MAPE: 23, 43557460.00, 43557458.00, 6272.96, 4543.11, 5.49%
- Epoch 028, ExpID 89199
Train - Loss: 13547570.72
Val - Loss, MSE, RMSE, MAE, MAPE: 24307324.00, 24307323.50, 4839.81, 3558.90, 4.57%
Test - Best epoch, Loss, MSE, RMSE, MAE, MAPE: 23, 43557460.00, 43557458.00, 6272.96, 4543.11, 5.49%
- Epoch 029, ExpID 89199
Train - Loss: 13645749.90
Val - Loss, MSE, RMSE, MAE, MAPE: 23789900.00, 23789897.67, 4790.60, 3516.37, 4.52%
Test - Best epoch, Loss, MSE, RMSE, MAE, MAPE: 23, 43557460.00, 43557458.00, 6272.96, 4543.11, 5.49%
- Epoch 030, ExpID 89199
Train - Loss: 13452418.50
Val - Loss, MSE, RMSE, MAE, MAPE: 23763744.00, 23763744.17, 4784.76, 3548.62, 4.55%
Test - Best epoch, Loss, MSE, RMSE, MAE, MAPE: 23, 43557460.00, 43557458.00, 6272.96, 4543.11, 5.49%
- Epoch 031, ExpID 89199
Train - Loss: 13252563.88
Val - Loss, MSE, RMSE, MAE, MAPE: 23852052.00, 23852049.67, 4794.58, 3551.56, 4.55%
Test - Best epoch, Loss, MSE, RMSE, MAE, MAPE: 23, 43557460.00, 43557458.00, 6272.96, 4543.11, 5.49%
- Epoch 032, ExpID 89199
Train - Loss: 13261050.90
Val - Loss, MSE, RMSE, MAE, MAPE: 23841884.00, 23841881.33, 4802.77, 3549.24, 4.57%
Test - Best epoch, Loss, MSE, RMSE, MAE, MAPE: 23, 43557460.00, 43557458.00, 6272.96, 4543.11, 5.49%
- Epoch 033, ExpID 89199
Train - Loss: 13247575.45
Val - Loss, MSE, RMSE, MAE, MAPE: 23873636.00, 23873636.00, 4798.63, 3563.46, 4.57%
Test - Best epoch, Loss, MSE, RMSE, MAE, MAPE: 23, 43557460.00, 43557458.00, 6272.96, 4543.11, 5.49%
Early Stopping at Epoch 33
Fold 2017 Best RMSE: 6272.9557

-------------------- [Fold: 2018] ExpID: 58722 --------------------
- Epoch 000, ExpID 58722
Train - Loss: 22228701.80
Val - Loss, MSE, RMSE, MAE, MAPE: 51838672.00, 51838672.33, 6800.51, 4927.87, 5.95%
Test - Best epoch, Loss, MSE, RMSE, MAE, MAPE: 0, 39326332.00, 39326332.33, 6159.00, 4720.03, 5.10%
- Epoch 001, ExpID 58722
Train - Loss: 19738496.34
Val - Loss, MSE, RMSE, MAE, MAPE: 52248952.00, 52248953.00, 6763.02, 4889.16, 5.91%
Test - Best epoch, Loss, MSE, RMSE, MAE, MAPE: 0, 39326332.00, 39326332.33, 6159.00, 4720.03, 5.10%
- Epoch 002, ExpID 58722
Train - Loss: 19044448.09
Val - Loss, MSE, RMSE, MAE, MAPE: 50967600.00, 50967600.33, 6703.76, 4849.89, 5.86%
Test - Best epoch, Loss, MSE, RMSE, MAE, MAPE: 2, 37062608.00, 37062604.33, 5977.02, 4551.35, 4.93%
- Epoch 003, ExpID 58722
Train - Loss: 18498668.98
Val - Loss, MSE, RMSE, MAE, MAPE: 51623000.00, 51622997.00, 6710.17, 4877.30, 5.92%
Test - Best epoch, Loss, MSE, RMSE, MAE, MAPE: 2, 37062608.00, 37062604.33, 5977.02, 4551.35, 4.93%
- Epoch 004, ExpID 58722
Train - Loss: 18208278.31
Val - Loss, MSE, RMSE, MAE, MAPE: 50955280.00, 50955275.00, 6659.94, 4772.86, 5.78%
Test - Best epoch, Loss, MSE, RMSE, MAE, MAPE: 4, 38340432.00, 38340427.00, 6071.13, 4619.89, 5.01%
- Epoch 005, ExpID 58722
Train - Loss: 17833826.44
Val - Loss, MSE, RMSE, MAE, MAPE: 50560172.00, 50560168.33, 6654.35, 4833.59, 5.86%
Test - Best epoch, Loss, MSE, RMSE, MAE, MAPE: 5, 36912800.00, 36912801.00, 5954.90, 4540.48, 4.93%
- Epoch 006, ExpID 58722
Train - Loss: 17485436.77
Val - Loss, MSE, RMSE, MAE, MAPE: 49316220.00, 49316220.00, 6618.10, 4769.73, 5.77%
Test - Best epoch, Loss, MSE, RMSE, MAE, MAPE: 6, 37460164.00, 37460163.00, 6021.37, 4589.56, 4.97%
- Epoch 007, ExpID 58722
Train - Loss: 17508613.70
Val - Loss, MSE, RMSE, MAE, MAPE: 48634672.00, 48634668.33, 6570.79, 4743.86, 5.73%
Test - Best epoch, Loss, MSE, RMSE, MAE, MAPE: 7, 35229876.00, 35229874.33, 5828.64, 4438.12, 4.81%
- Epoch 008, ExpID 58722
Train - Loss: 17329123.93
Val - Loss, MSE, RMSE, MAE, MAPE: 49664076.00, 49664073.00, 6622.11, 4731.63, 5.73%
Test - Best epoch, Loss, MSE, RMSE, MAE, MAPE: 7, 35229876.00, 35229874.33, 5828.64, 4438.12, 4.81%
- Epoch 009, ExpID 58722
Train - Loss: 16865998.73
Val - Loss, MSE, RMSE, MAE, MAPE: 48231128.00, 48231128.50, 6553.98, 4711.22, 5.69%
Test - Best epoch, Loss, MSE, RMSE, MAE, MAPE: 9, 35140008.00, 35140006.33, 5834.87, 4450.53, 4.83%
- Epoch 010, ExpID 58722
Train - Loss: 16929760.49
Val - Loss, MSE, RMSE, MAE, MAPE: 48872972.00, 48872970.33, 6562.59, 4695.32, 5.67%
Test - Best epoch, Loss, MSE, RMSE, MAE, MAPE: 9, 35140008.00, 35140006.33, 5834.87, 4450.53, 4.83%
- Epoch 011, ExpID 58722
Train - Loss: 16888784.19
Val - Loss, MSE, RMSE, MAE, MAPE: 50628160.00, 50628161.33, 6654.51, 4782.65, 5.81%
Test - Best epoch, Loss, MSE, RMSE, MAE, MAPE: 9, 35140008.00, 35140006.33, 5834.87, 4450.53, 4.83%
- Epoch 012, ExpID 58722
Train - Loss: 16338538.64
Val - Loss, MSE, RMSE, MAE, MAPE: 49822920.00, 49822916.17, 6596.27, 4700.31, 5.70%
Test - Best epoch, Loss, MSE, RMSE, MAE, MAPE: 9, 35140008.00, 35140006.33, 5834.87, 4450.53, 4.83%
- Epoch 013, ExpID 58722
Train - Loss: 16333537.20
Val - Loss, MSE, RMSE, MAE, MAPE: 49057976.00, 49057975.33, 6552.18, 4700.08, 5.69%
Test - Best epoch, Loss, MSE, RMSE, MAE, MAPE: 9, 35140008.00, 35140006.33, 5834.87, 4450.53, 4.83%
- Epoch 014, ExpID 58722
Train - Loss: 16113850.31
Val - Loss, MSE, RMSE, MAE, MAPE: 48681036.00, 48681037.00, 6536.40, 4695.98, 5.68%
Test - Best epoch, Loss, MSE, RMSE, MAE, MAPE: 9, 35140008.00, 35140006.33, 5834.87, 4450.53, 4.83%
- Epoch 015, ExpID 58722
Train - Loss: 16173800.50
Val - Loss, MSE, RMSE, MAE, MAPE: 49723064.00, 49723062.17, 6589.90, 4739.05, 5.74%
Test - Best epoch, Loss, MSE, RMSE, MAE, MAPE: 9, 35140008.00, 35140006.33, 5834.87, 4450.53, 4.83%
- Epoch 016, ExpID 58722
Train - Loss: 16185181.74
Val - Loss, MSE, RMSE, MAE, MAPE: 46502896.00, 46502895.67, 6426.37, 4614.76, 5.58%
Test - Best epoch, Loss, MSE, RMSE, MAE, MAPE: 16, 35246164.00, 35246163.33, 5838.36, 4464.57, 4.84%
- Epoch 017, ExpID 58722
Train - Loss: 16173846.90
Val - Loss, MSE, RMSE, MAE, MAPE: 46516248.00, 46516245.67, 6427.78, 4598.01, 5.56%
Test - Best epoch, Loss, MSE, RMSE, MAE, MAPE: 16, 35246164.00, 35246163.33, 5838.36, 4464.57, 4.84%
- Epoch 018, ExpID 58722
Train - Loss: 15411845.27
Val - Loss, MSE, RMSE, MAE, MAPE: 46879232.00, 46879230.67, 6437.02, 4631.51, 5.60%
Test - Best epoch, Loss, MSE, RMSE, MAE, MAPE: 16, 35246164.00, 35246163.33, 5838.36, 4464.57, 4.84%
- Epoch 019, ExpID 58722
Train - Loss: 15395482.73
Val - Loss, MSE, RMSE, MAE, MAPE: 45959916.00, 45959914.33, 6369.08, 4575.80, 5.53%
Test - Best epoch, Loss, MSE, RMSE, MAE, MAPE: 19, 34965712.00, 34965712.00, 5806.43, 4430.95, 4.81%
- Epoch 020, ExpID 58722
Train - Loss: 15422066.24
Val - Loss, MSE, RMSE, MAE, MAPE: 46094572.00, 46094574.00, 6417.28, 4696.46, 5.64%
Test - Best epoch, Loss, MSE, RMSE, MAE, MAPE: 19, 34965712.00, 34965712.00, 5806.43, 4430.95, 4.81%
- Epoch 021, ExpID 58722
Train - Loss: 15078846.64
Val - Loss, MSE, RMSE, MAE, MAPE: 46096876.00, 46096872.33, 6383.02, 4630.79, 5.58%
Test - Best epoch, Loss, MSE, RMSE, MAE, MAPE: 19, 34965712.00, 34965712.00, 5806.43, 4430.95, 4.81%
- Epoch 022, ExpID 58722
Train - Loss: 15071358.37
Val - Loss, MSE, RMSE, MAE, MAPE: 46123788.00, 46123784.50, 6369.42, 4574.13, 5.54%
Test - Best epoch, Loss, MSE, RMSE, MAE, MAPE: 19, 34965712.00, 34965712.00, 5806.43, 4430.95, 4.81%
- Epoch 023, ExpID 58722
Train - Loss: 15034822.37
Val - Loss, MSE, RMSE, MAE, MAPE: 48124428.00, 48124425.00, 6485.06, 4650.34, 5.63%
Test - Best epoch, Loss, MSE, RMSE, MAE, MAPE: 19, 34965712.00, 34965712.00, 5806.43, 4430.95, 4.81%
- Epoch 024, ExpID 58722
Train - Loss: 15132189.93
Val - Loss, MSE, RMSE, MAE, MAPE: 44467864.00, 44467863.33, 6306.03, 4603.97, 5.54%
Test - Best epoch, Loss, MSE, RMSE, MAE, MAPE: 24, 34599296.00, 34599297.67, 5772.01, 4433.62, 4.82%
- Epoch 025, ExpID 58722
Train - Loss: 14967242.53
Val - Loss, MSE, RMSE, MAE, MAPE: 44733628.00, 44733627.67, 6309.67, 4550.42, 5.47%
Test - Best epoch, Loss, MSE, RMSE, MAE, MAPE: 24, 34599296.00, 34599297.67, 5772.01, 4433.62, 4.82%
- Epoch 026, ExpID 58722
Train - Loss: 14940509.80
Val - Loss, MSE, RMSE, MAE, MAPE: 45853372.00, 45853372.00, 6363.99, 4611.64, 5.56%
Test - Best epoch, Loss, MSE, RMSE, MAE, MAPE: 24, 34599296.00, 34599297.67, 5772.01, 4433.62, 4.82%
- Epoch 027, ExpID 58722
Train - Loss: 14536269.48
Val - Loss, MSE, RMSE, MAE, MAPE: 46774248.00, 46774246.33, 6402.43, 4604.32, 5.58%
Test - Best epoch, Loss, MSE, RMSE, MAE, MAPE: 24, 34599296.00, 34599297.67, 5772.01, 4433.62, 4.82%
- Epoch 028, ExpID 58722
Train - Loss: 14627934.13
Val - Loss, MSE, RMSE, MAE, MAPE: 46168136.00, 46168131.33, 6336.70, 4571.06, 5.53%
Test - Best epoch, Loss, MSE, RMSE, MAE, MAPE: 24, 34599296.00, 34599297.67, 5772.01, 4433.62, 4.82%
- Epoch 029, ExpID 58722
Train - Loss: 14502943.85
Val - Loss, MSE, RMSE, MAE, MAPE: 43934248.00, 43934243.17, 6247.91, 4510.65, 5.44%
Test - Best epoch, Loss, MSE, RMSE, MAE, MAPE: 29, 35422048.00, 35422047.67, 5846.83, 4510.93, 4.90%
- Epoch 030, ExpID 58722
Train - Loss: 14311646.59
Val - Loss, MSE, RMSE, MAE, MAPE: 46256840.00, 46256840.00, 6370.97, 4616.63, 5.58%
Test - Best epoch, Loss, MSE, RMSE, MAE, MAPE: 29, 35422048.00, 35422047.67, 5846.83, 4510.93, 4.90%
- Epoch 031, ExpID 58722
Train - Loss: 14247770.77
Val - Loss, MSE, RMSE, MAE, MAPE: 43777452.00, 43777450.33, 6244.00, 4525.69, 5.45%
Test - Best epoch, Loss, MSE, RMSE, MAE, MAPE: 31, 34112280.00, 34112277.67, 5724.67, 4378.47, 4.76%
- Epoch 032, ExpID 58722
Train - Loss: 14074770.05
Val - Loss, MSE, RMSE, MAE, MAPE: 44559396.00, 44559396.00, 6305.21, 4561.22, 5.50%
Test - Best epoch, Loss, MSE, RMSE, MAE, MAPE: 31, 34112280.00, 34112277.67, 5724.67, 4378.47, 4.76%
- Epoch 033, ExpID 58722
Train - Loss: 13921551.10
Val - Loss, MSE, RMSE, MAE, MAPE: 44113528.00, 44113523.50, 6291.26, 4533.91, 5.48%
Test - Best epoch, Loss, MSE, RMSE, MAE, MAPE: 31, 34112280.00, 34112277.67, 5724.67, 4378.47, 4.76%
- Epoch 034, ExpID 58722
Train - Loss: 14089730.97
Val - Loss, MSE, RMSE, MAE, MAPE: 44089792.00, 44089791.33, 6275.71, 4516.81, 5.45%
Test - Best epoch, Loss, MSE, RMSE, MAE, MAPE: 31, 34112280.00, 34112277.67, 5724.67, 4378.47, 4.76%
- Epoch 035, ExpID 58722
Train - Loss: 14010039.07
Val - Loss, MSE, RMSE, MAE, MAPE: 44789144.00, 44789138.83, 6301.46, 4544.36, 5.49%
Test - Best epoch, Loss, MSE, RMSE, MAE, MAPE: 31, 34112280.00, 34112277.67, 5724.67, 4378.47, 4.76%
- Epoch 036, ExpID 58722
Train - Loss: 14092750.33
Val - Loss, MSE, RMSE, MAE, MAPE: 43854016.00, 43854014.67, 6236.67, 4491.25, 5.42%
Test - Best epoch, Loss, MSE, RMSE, MAE, MAPE: 31, 34112280.00, 34112277.67, 5724.67, 4378.47, 4.76%
- Epoch 037, ExpID 58722
Train - Loss: 13867010.80
Val - Loss, MSE, RMSE, MAE, MAPE: 45488256.00, 45488254.00, 6361.89, 4646.60, 5.59%
Test - Best epoch, Loss, MSE, RMSE, MAE, MAPE: 31, 34112280.00, 34112277.67, 5724.67, 4378.47, 4.76%
- Epoch 038, ExpID 58722
Train - Loss: 13792452.55
Val - Loss, MSE, RMSE, MAE, MAPE: 41672600.00, 41672598.33, 6125.94, 4421.74, 5.32%
Test - Best epoch, Loss, MSE, RMSE, MAE, MAPE: 38, 34244008.00, 34244005.67, 5737.67, 4376.05, 4.76%
- Epoch 039, ExpID 58722
Train - Loss: 13445227.40
Val - Loss, MSE, RMSE, MAE, MAPE: 44472816.00, 44472819.67, 6276.93, 4529.30, 5.47%
Test - Best epoch, Loss, MSE, RMSE, MAE, MAPE: 38, 34244008.00, 34244005.67, 5737.67, 4376.05, 4.76%
- Epoch 040, ExpID 58722
Train - Loss: 13432724.26
Val - Loss, MSE, RMSE, MAE, MAPE: 43770748.00, 43770745.50, 6249.51, 4555.40, 5.46%
Test - Best epoch, Loss, MSE, RMSE, MAE, MAPE: 38, 34244008.00, 34244005.67, 5737.67, 4376.05, 4.76%
- Epoch 041, ExpID 58722
Train - Loss: 13371809.90
Val - Loss, MSE, RMSE, MAE, MAPE: 44523600.00, 44523600.33, 6307.06, 4601.92, 5.54%
Test - Best epoch, Loss, MSE, RMSE, MAE, MAPE: 38, 34244008.00, 34244005.67, 5737.67, 4376.05, 4.76%
- Epoch 042, ExpID 58722
Train - Loss: 13421107.01
Val - Loss, MSE, RMSE, MAE, MAPE: 44460304.00, 44460306.00, 6292.56, 4548.91, 5.47%
Test - Best epoch, Loss, MSE, RMSE, MAE, MAPE: 38, 34244008.00, 34244005.67, 5737.67, 4376.05, 4.76%
- Epoch 043, ExpID 58722
Train - Loss: 13562816.88
Val - Loss, MSE, RMSE, MAE, MAPE: 42975832.00, 42975830.33, 6216.17, 4510.81, 5.43%
Test - Best epoch, Loss, MSE, RMSE, MAE, MAPE: 38, 34244008.00, 34244005.67, 5737.67, 4376.05, 4.76%
- Epoch 044, ExpID 58722
Train - Loss: 13331880.33
Val - Loss, MSE, RMSE, MAE, MAPE: 44149800.00, 44149798.33, 6274.44, 4552.18, 5.49%
Test - Best epoch, Loss, MSE, RMSE, MAE, MAPE: 38, 34244008.00, 34244005.67, 5737.67, 4376.05, 4.76%
- Epoch 045, ExpID 58722
Train - Loss: 13137650.28
Val - Loss, MSE, RMSE, MAE, MAPE: 44556564.00, 44556562.00, 6305.08, 4563.13, 5.51%
Test - Best epoch, Loss, MSE, RMSE, MAE, MAPE: 38, 34244008.00, 34244005.67, 5737.67, 4376.05, 4.76%
- Epoch 046, ExpID 58722
Train - Loss: 13207492.52
Val - Loss, MSE, RMSE, MAE, MAPE: 43920140.00, 43920140.67, 6249.37, 4513.56, 5.44%
Test - Best epoch, Loss, MSE, RMSE, MAE, MAPE: 38, 34244008.00, 34244005.67, 5737.67, 4376.05, 4.76%
- Epoch 047, ExpID 58722
Train - Loss: 13028909.81
Val - Loss, MSE, RMSE, MAE, MAPE: 41436192.00, 41436192.67, 6125.52, 4438.10, 5.35%
Test - Best epoch, Loss, MSE, RMSE, MAE, MAPE: 47, 34851348.00, 34851348.00, 5783.49, 4392.78, 4.78%
- Epoch 048, ExpID 58722
Train - Loss: 12836345.57
Val - Loss, MSE, RMSE, MAE, MAPE: 43880180.00, 43880177.50, 6267.76, 4536.24, 5.47%
Test - Best epoch, Loss, MSE, RMSE, MAE, MAPE: 47, 34851348.00, 34851348.00, 5783.49, 4392.78, 4.78%
- Epoch 049, ExpID 58722
Train - Loss: 12797440.28
Val - Loss, MSE, RMSE, MAE, MAPE: 43725048.00, 43725047.33, 6258.93, 4543.09, 5.46%
Test - Best epoch, Loss, MSE, RMSE, MAE, MAPE: 47, 34851348.00, 34851348.00, 5783.49, 4392.78, 4.78%
- Epoch 050, ExpID 58722
Train - Loss: 12773545.10
Val - Loss, MSE, RMSE, MAE, MAPE: 44674144.00, 44674141.67, 6298.54, 4575.38, 5.52%
Test - Best epoch, Loss, MSE, RMSE, MAE, MAPE: 47, 34851348.00, 34851348.00, 5783.49, 4392.78, 4.78%
- Epoch 051, ExpID 58722
Train - Loss: 12732746.08
Val - Loss, MSE, RMSE, MAE, MAPE: 42273096.00, 42273093.83, 6147.94, 4467.93, 5.37%
Test - Best epoch, Loss, MSE, RMSE, MAE, MAPE: 47, 34851348.00, 34851348.00, 5783.49, 4392.78, 4.78%
- Epoch 052, ExpID 58722
Train - Loss: 12769656.87
Val - Loss, MSE, RMSE, MAE, MAPE: 42867648.00, 42867648.50, 6199.16, 4490.20, 5.40%
Test - Best epoch, Loss, MSE, RMSE, MAE, MAPE: 47, 34851348.00, 34851348.00, 5783.49, 4392.78, 4.78%
- Epoch 053, ExpID 58722
Train - Loss: 12612714.12
Val - Loss, MSE, RMSE, MAE, MAPE: 43371104.00, 43371104.00, 6203.85, 4508.32, 5.44%
Test - Best epoch, Loss, MSE, RMSE, MAE, MAPE: 47, 34851348.00, 34851348.00, 5783.49, 4392.78, 4.78%
- Epoch 054, ExpID 58722
Train - Loss: 12431940.51
Val - Loss, MSE, RMSE, MAE, MAPE: 43218144.00, 43218145.50, 6203.49, 4451.44, 5.35%
Test - Best epoch, Loss, MSE, RMSE, MAE, MAPE: 47, 34851348.00, 34851348.00, 5783.49, 4392.78, 4.78%
- Epoch 055, ExpID 58722
Train - Loss: 12467495.66
Val - Loss, MSE, RMSE, MAE, MAPE: 42230200.00, 42230200.50, 6149.62, 4450.61, 5.36%
Test - Best epoch, Loss, MSE, RMSE, MAE, MAPE: 47, 34851348.00, 34851348.00, 5783.49, 4392.78, 4.78%
- Epoch 056, ExpID 58722
Train - Loss: 12500334.28
Val - Loss, MSE, RMSE, MAE, MAPE: 43026944.00, 43026940.33, 6220.87, 4504.83, 5.41%
Test - Best epoch, Loss, MSE, RMSE, MAE, MAPE: 47, 34851348.00, 34851348.00, 5783.49, 4392.78, 4.78%
- Epoch 057, ExpID 58722
Train - Loss: 12250385.01
Val - Loss, MSE, RMSE, MAE, MAPE: 42913116.00, 42913115.50, 6202.32, 4525.66, 5.42%
Test - Best epoch, Loss, MSE, RMSE, MAE, MAPE: 47, 34851348.00, 34851348.00, 5783.49, 4392.78, 4.78%
Early Stopping at Epoch 57
Fold 2018 Best RMSE: 5783.4851

-------------------- [Fold: 2019] ExpID: 75080 --------------------
- Epoch 000, ExpID 75080
Train - Loss: 24516510.48
Val - Loss, MSE, RMSE, MAE, MAPE: 38965288.00, 38965288.33, 6125.98, 4697.38, 5.07%
Test - Best epoch, Loss, MSE, RMSE, MAE, MAPE: 0, 42188428.00, 42188427.33, 6351.73, 4762.41, 4.98%
- Epoch 001, ExpID 75080
Train - Loss: 22019263.00
Val - Loss, MSE, RMSE, MAE, MAPE: 37651108.00, 37651108.67, 6024.12, 4610.46, 4.98%
Test - Best epoch, Loss, MSE, RMSE, MAE, MAPE: 1, 39913724.00, 39913722.67, 6173.51, 4644.00, 4.86%
- Epoch 002, ExpID 75080
Train - Loss: 21316014.36
Val - Loss, MSE, RMSE, MAE, MAPE: 37948984.00, 37948980.33, 6062.33, 4672.90, 5.04%
Test - Best epoch, Loss, MSE, RMSE, MAE, MAPE: 1, 39913724.00, 39913722.67, 6173.51, 4644.00, 4.86%
- Epoch 003, ExpID 75080
Train - Loss: 20494027.73
Val - Loss, MSE, RMSE, MAE, MAPE: 36511736.00, 36511734.00, 5941.38, 4547.76, 4.93%
Test - Best epoch, Loss, MSE, RMSE, MAE, MAPE: 3, 39106956.00, 39106953.33, 6114.86, 4555.60, 4.79%
- Epoch 004, ExpID 75080
Train - Loss: 20283538.65
Val - Loss, MSE, RMSE, MAE, MAPE: 35410248.00, 35410244.33, 5866.34, 4480.37, 4.84%
Test - Best epoch, Loss, MSE, RMSE, MAE, MAPE: 4, 39362360.00, 39362356.00, 6146.68, 4584.94, 4.81%
- Epoch 005, ExpID 75080
Train - Loss: 19732696.07
Val - Loss, MSE, RMSE, MAE, MAPE: 35868728.00, 35868726.67, 5883.35, 4485.37, 4.86%
Test - Best epoch, Loss, MSE, RMSE, MAE, MAPE: 4, 39362360.00, 39362356.00, 6146.68, 4584.94, 4.81%
- Epoch 006, ExpID 75080
Train - Loss: 19494473.21
Val - Loss, MSE, RMSE, MAE, MAPE: 35110036.00, 35110036.33, 5838.18, 4492.29, 4.87%
Test - Best epoch, Loss, MSE, RMSE, MAE, MAPE: 6, 38206856.00, 38206853.67, 6047.84, 4514.53, 4.75%
- Epoch 007, ExpID 75080
Train - Loss: 19198172.54
Val - Loss, MSE, RMSE, MAE, MAPE: 34558176.00, 34558172.00, 5778.10, 4397.31, 4.76%
Test - Best epoch, Loss, MSE, RMSE, MAE, MAPE: 7, 37988160.00, 37988162.33, 6024.23, 4486.95, 4.71%
- Epoch 008, ExpID 75080
Train - Loss: 19101928.76
Val - Loss, MSE, RMSE, MAE, MAPE: 34780432.00, 34780428.67, 5801.55, 4441.12, 4.80%
Test - Best epoch, Loss, MSE, RMSE, MAE, MAPE: 7, 37988160.00, 37988162.33, 6024.23, 4486.95, 4.71%
- Epoch 009, ExpID 75080
Train - Loss: 18792203.97
Val - Loss, MSE, RMSE, MAE, MAPE: 34056176.00, 34056172.67, 5756.46, 4393.21, 4.76%
Test - Best epoch, Loss, MSE, RMSE, MAE, MAPE: 9, 37824048.00, 37824050.00, 6014.00, 4454.33, 4.68%
- Epoch 010, ExpID 75080
Train - Loss: 18609071.42
Val - Loss, MSE, RMSE, MAE, MAPE: 35024016.00, 35024012.67, 5823.63, 4422.87, 4.78%
Test - Best epoch, Loss, MSE, RMSE, MAE, MAPE: 9, 37824048.00, 37824050.00, 6014.00, 4454.33, 4.68%
- Epoch 011, ExpID 75080
Train - Loss: 18206879.60
Val - Loss, MSE, RMSE, MAE, MAPE: 33582604.00, 33582602.00, 5704.41, 4338.15, 4.69%
Test - Best epoch, Loss, MSE, RMSE, MAE, MAPE: 11, 37076900.00, 37076897.67, 5953.90, 4395.43, 4.62%
- Epoch 012, ExpID 75080
Train - Loss: 18137265.16
Val - Loss, MSE, RMSE, MAE, MAPE: 33999776.00, 33999773.00, 5735.56, 4345.88, 4.71%
Test - Best epoch, Loss, MSE, RMSE, MAE, MAPE: 11, 37076900.00, 37076897.67, 5953.90, 4395.43, 4.62%
- Epoch 013, ExpID 75080
Train - Loss: 17802833.35
Val - Loss, MSE, RMSE, MAE, MAPE: 34378280.00, 34378277.67, 5760.59, 4394.85, 4.77%
Test - Best epoch, Loss, MSE, RMSE, MAE, MAPE: 11, 37076900.00, 37076897.67, 5953.90, 4395.43, 4.62%
- Epoch 014, ExpID 75080
Train - Loss: 17842074.55
Val - Loss, MSE, RMSE, MAE, MAPE: 35388040.00, 35388039.67, 5847.13, 4474.46, 4.86%
Test - Best epoch, Loss, MSE, RMSE, MAE, MAPE: 11, 37076900.00, 37076897.67, 5953.90, 4395.43, 4.62%
- Epoch 015, ExpID 75080
Train - Loss: 17721142.23
Val - Loss, MSE, RMSE, MAE, MAPE: 33981348.00, 33981346.33, 5735.95, 4397.05, 4.76%
Test - Best epoch, Loss, MSE, RMSE, MAE, MAPE: 11, 37076900.00, 37076897.67, 5953.90, 4395.43, 4.62%
- Epoch 016, ExpID 75080
Train - Loss: 17372799.77
Val - Loss, MSE, RMSE, MAE, MAPE: 35818104.00, 35818102.33, 5857.58, 4428.38, 4.81%
Test - Best epoch, Loss, MSE, RMSE, MAE, MAPE: 11, 37076900.00, 37076897.67, 5953.90, 4395.43, 4.62%
- Epoch 017, ExpID 75080
Train - Loss: 17184522.77
Val - Loss, MSE, RMSE, MAE, MAPE: 35416552.00, 35416547.33, 5855.59, 4485.66, 4.86%
Test - Best epoch, Loss, MSE, RMSE, MAE, MAPE: 11, 37076900.00, 37076897.67, 5953.90, 4395.43, 4.62%
- Epoch 018, ExpID 75080
Train - Loss: 16830861.44
Val - Loss, MSE, RMSE, MAE, MAPE: 33687068.00, 33687067.33, 5705.35, 4349.01, 4.71%
Test - Best epoch, Loss, MSE, RMSE, MAE, MAPE: 11, 37076900.00, 37076897.67, 5953.90, 4395.43, 4.62%
- Epoch 019, ExpID 75080
Train - Loss: 17000787.23
Val - Loss, MSE, RMSE, MAE, MAPE: 34852484.00, 34852481.67, 5797.63, 4418.89, 4.78%
Test - Best epoch, Loss, MSE, RMSE, MAE, MAPE: 11, 37076900.00, 37076897.67, 5953.90, 4395.43, 4.62%
- Epoch 020, ExpID 75080
Train - Loss: 16795285.76
Val - Loss, MSE, RMSE, MAE, MAPE: 34217584.00, 34217578.00, 5741.58, 4377.49, 4.75%
Test - Best epoch, Loss, MSE, RMSE, MAE, MAPE: 11, 37076900.00, 37076897.67, 5953.90, 4395.43, 4.62%
- Epoch 021, ExpID 75080
Train - Loss: 16868905.34
Val - Loss, MSE, RMSE, MAE, MAPE: 34631796.00, 34631793.33, 5778.24, 4415.26, 4.78%
Test - Best epoch, Loss, MSE, RMSE, MAE, MAPE: 11, 37076900.00, 37076897.67, 5953.90, 4395.43, 4.62%
Early Stopping at Epoch 21
Fold 2019 Best RMSE: 5953.9035
