DETAILED LOG | Model: patchtst | Seed: 1
FULL CONFIG: {'gpu': '0', 'target': 'departure', 'cv_start_year': 2017, 'cv_end_year': 2019, 'test_year': 2024, 'use_corona': False, 'seq_len': 91, 'label_len': 0, 'pred_len': 7, 'batch_size': 64, 'epochs': 1000, 'patience': 10, 'lr': 0.001, 'model': 'patchtst', 'd_model': 64, 'n_heads': 16, 'n_layers': 3, 'dropout': 0.1, 'activation': 'gelu', 'patch_len': 28, 'factor': 5, 'norm_mode': 'revin', 'use_dbloss': False, 'device': device(type='cuda'), 'stride': 28, 'file_path': 'dataset/airport_daily_flight_merged.csv', 'seed': 1, 'val_year': 2019, 'ndims': 1}

-------------------- [Fold: 2017] ExpID: 16220 --------------------
- Epoch 000, ExpID 16220
Train - Loss: 21255847.38
Val - Loss, MSE, RMSE, MAE, MAPE: 30738902.00, 30738902.33, 5469.30, 4125.83, 5.34%
Test - Best epoch, Loss, MSE, RMSE, MAE, MAPE: 0, 51332424.00, 51332420.17, 6758.31, 5042.83, 6.12%
- Epoch 001, ExpID 16220
Train - Loss: 18369856.43
Val - Loss, MSE, RMSE, MAE, MAPE: 28431004.00, 28431003.00, 5264.91, 3883.68, 4.99%
Test - Best epoch, Loss, MSE, RMSE, MAE, MAPE: 1, 50787564.00, 50787563.67, 6674.40, 4860.32, 5.91%
- Epoch 002, ExpID 16220
Train - Loss: 17320336.04
Val - Loss, MSE, RMSE, MAE, MAPE: 27964230.00, 27964227.67, 5241.34, 3941.77, 5.02%
Test - Best epoch, Loss, MSE, RMSE, MAE, MAPE: 2, 49830456.00, 49830450.67, 6682.06, 4933.15, 5.93%
- Epoch 003, ExpID 16220
Train - Loss: 16648208.73
Val - Loss, MSE, RMSE, MAE, MAPE: 26524024.00, 26524025.00, 5096.25, 3782.99, 4.82%
Test - Best epoch, Loss, MSE, RMSE, MAE, MAPE: 3, 49827752.00, 49827747.00, 6658.77, 4897.89, 5.89%
- Epoch 004, ExpID 16220
Train - Loss: 16063048.30
Val - Loss, MSE, RMSE, MAE, MAPE: 25624720.00, 25624718.00, 5012.55, 3688.27, 4.71%
Test - Best epoch, Loss, MSE, RMSE, MAE, MAPE: 4, 47610284.00, 47610282.17, 6514.57, 4763.83, 5.75%
- Epoch 005, ExpID 16220
Train - Loss: 15697158.94
Val - Loss, MSE, RMSE, MAE, MAPE: 24280342.00, 24280342.33, 4892.49, 3632.11, 4.64%
Test - Best epoch, Loss, MSE, RMSE, MAE, MAPE: 5, 48408472.00, 48408471.67, 6560.09, 4777.98, 5.73%
- Epoch 006, ExpID 16220
Train - Loss: 15030916.11
Val - Loss, MSE, RMSE, MAE, MAPE: 24021292.00, 24021291.17, 4867.02, 3654.23, 4.69%
Test - Best epoch, Loss, MSE, RMSE, MAE, MAPE: 6, 47840092.00, 47840091.33, 6500.66, 4717.43, 5.68%
- Epoch 007, ExpID 16220
Train - Loss: 14532226.28
Val - Loss, MSE, RMSE, MAE, MAPE: 22665992.00, 22665992.17, 4723.37, 3404.54, 4.35%
Test - Best epoch, Loss, MSE, RMSE, MAE, MAPE: 7, 45370752.00, 45370755.67, 6351.59, 4604.44, 5.54%
- Epoch 008, ExpID 16220
Train - Loss: 14225338.61
Val - Loss, MSE, RMSE, MAE, MAPE: 23875558.00, 23875557.67, 4816.62, 3565.76, 4.57%
Test - Best epoch, Loss, MSE, RMSE, MAE, MAPE: 7, 45370752.00, 45370755.67, 6351.59, 4604.44, 5.54%
- Epoch 009, ExpID 16220
Train - Loss: 13647774.28
Val - Loss, MSE, RMSE, MAE, MAPE: 22771564.00, 22771562.33, 4712.37, 3440.22, 4.40%
Test - Best epoch, Loss, MSE, RMSE, MAE, MAPE: 7, 45370752.00, 45370755.67, 6351.59, 4604.44, 5.54%
- Epoch 010, ExpID 16220
Train - Loss: 13189545.01
Val - Loss, MSE, RMSE, MAE, MAPE: 21672810.00, 21672808.33, 4600.39, 3381.69, 4.33%
Test - Best epoch, Loss, MSE, RMSE, MAE, MAPE: 10, 44285560.00, 44285559.83, 6284.29, 4588.54, 5.53%
- Epoch 011, ExpID 16220
Train - Loss: 12725593.54
Val - Loss, MSE, RMSE, MAE, MAPE: 23494052.00, 23494051.50, 4790.04, 3507.77, 4.50%
Test - Best epoch, Loss, MSE, RMSE, MAE, MAPE: 10, 44285560.00, 44285559.83, 6284.29, 4588.54, 5.53%
- Epoch 012, ExpID 16220
Train - Loss: 12639928.68
Val - Loss, MSE, RMSE, MAE, MAPE: 22002124.00, 22002124.00, 4647.31, 3421.96, 4.37%
Test - Best epoch, Loss, MSE, RMSE, MAE, MAPE: 10, 44285560.00, 44285559.83, 6284.29, 4588.54, 5.53%
- Epoch 013, ExpID 16220
Train - Loss: 12256474.46
Val - Loss, MSE, RMSE, MAE, MAPE: 23026232.00, 23026233.67, 4735.75, 3506.62, 4.50%
Test - Best epoch, Loss, MSE, RMSE, MAE, MAPE: 10, 44285560.00, 44285559.83, 6284.29, 4588.54, 5.53%
- Epoch 014, ExpID 16220
Train - Loss: 12032587.28
Val - Loss, MSE, RMSE, MAE, MAPE: 23491288.00, 23491287.00, 4785.92, 3509.84, 4.48%
Test - Best epoch, Loss, MSE, RMSE, MAE, MAPE: 10, 44285560.00, 44285559.83, 6284.29, 4588.54, 5.53%
- Epoch 015, ExpID 16220
Train - Loss: 11699278.02
Val - Loss, MSE, RMSE, MAE, MAPE: 22825646.00, 22825645.33, 4716.02, 3438.00, 4.41%
Test - Best epoch, Loss, MSE, RMSE, MAE, MAPE: 10, 44285560.00, 44285559.83, 6284.29, 4588.54, 5.53%
- Epoch 016, ExpID 16220
Train - Loss: 11525729.85
Val - Loss, MSE, RMSE, MAE, MAPE: 22657782.00, 22657782.17, 4705.85, 3417.17, 4.37%
Test - Best epoch, Loss, MSE, RMSE, MAE, MAPE: 10, 44285560.00, 44285559.83, 6284.29, 4588.54, 5.53%
- Epoch 017, ExpID 16220
Train - Loss: 11487448.69
Val - Loss, MSE, RMSE, MAE, MAPE: 21653904.00, 21653903.17, 4601.61, 3334.80, 4.26%
Test - Best epoch, Loss, MSE, RMSE, MAE, MAPE: 17, 44709552.00, 44709552.50, 6340.96, 4622.94, 5.57%
- Epoch 018, ExpID 16220
Train - Loss: 11185253.08
Val - Loss, MSE, RMSE, MAE, MAPE: 23531484.00, 23531481.83, 4788.31, 3511.41, 4.50%
Test - Best epoch, Loss, MSE, RMSE, MAE, MAPE: 17, 44709552.00, 44709552.50, 6340.96, 4622.94, 5.57%
- Epoch 019, ExpID 16220
Train - Loss: 11074141.49
Val - Loss, MSE, RMSE, MAE, MAPE: 22923176.00, 22923175.00, 4720.56, 3477.00, 4.45%
Test - Best epoch, Loss, MSE, RMSE, MAE, MAPE: 17, 44709552.00, 44709552.50, 6340.96, 4622.94, 5.57%
- Epoch 020, ExpID 16220
Train - Loss: 10670902.12
Val - Loss, MSE, RMSE, MAE, MAPE: 23192470.00, 23192470.00, 4751.79, 3473.68, 4.43%
Test - Best epoch, Loss, MSE, RMSE, MAE, MAPE: 17, 44709552.00, 44709552.50, 6340.96, 4622.94, 5.57%
- Epoch 021, ExpID 16220
Train - Loss: 10668595.81
Val - Loss, MSE, RMSE, MAE, MAPE: 22186978.00, 22186977.33, 4654.98, 3365.88, 4.30%
Test - Best epoch, Loss, MSE, RMSE, MAE, MAPE: 17, 44709552.00, 44709552.50, 6340.96, 4622.94, 5.57%
- Epoch 022, ExpID 16220
Train - Loss: 10540546.23
Val - Loss, MSE, RMSE, MAE, MAPE: 23374364.00, 23374363.50, 4767.64, 3478.25, 4.46%
Test - Best epoch, Loss, MSE, RMSE, MAE, MAPE: 17, 44709552.00, 44709552.50, 6340.96, 4622.94, 5.57%
- Epoch 023, ExpID 16220
Train - Loss: 10491907.29
Val - Loss, MSE, RMSE, MAE, MAPE: 22633136.00, 22633136.00, 4708.00, 3424.79, 4.39%
Test - Best epoch, Loss, MSE, RMSE, MAE, MAPE: 17, 44709552.00, 44709552.50, 6340.96, 4622.94, 5.57%
- Epoch 024, ExpID 16220
Train - Loss: 10247780.46
Val - Loss, MSE, RMSE, MAE, MAPE: 22010992.00, 22010991.33, 4635.62, 3373.09, 4.31%
Test - Best epoch, Loss, MSE, RMSE, MAE, MAPE: 17, 44709552.00, 44709552.50, 6340.96, 4622.94, 5.57%
- Epoch 025, ExpID 16220
Train - Loss: 10219098.41
Val - Loss, MSE, RMSE, MAE, MAPE: 23166544.00, 23166542.17, 4755.93, 3513.90, 4.48%
Test - Best epoch, Loss, MSE, RMSE, MAE, MAPE: 17, 44709552.00, 44709552.50, 6340.96, 4622.94, 5.57%
- Epoch 026, ExpID 16220
Train - Loss: 10068024.75
Val - Loss, MSE, RMSE, MAE, MAPE: 23233972.00, 23233971.50, 4755.12, 3486.76, 4.45%
Test - Best epoch, Loss, MSE, RMSE, MAE, MAPE: 17, 44709552.00, 44709552.50, 6340.96, 4622.94, 5.57%
- Epoch 027, ExpID 16220
Train - Loss: 9981237.49
Val - Loss, MSE, RMSE, MAE, MAPE: 22783148.00, 22783146.17, 4728.49, 3512.46, 4.50%
Test - Best epoch, Loss, MSE, RMSE, MAE, MAPE: 17, 44709552.00, 44709552.50, 6340.96, 4622.94, 5.57%
Early Stopping at Epoch 27
Fold 2017 Best RMSE: 6340.9552

-------------------- [Fold: 2018] ExpID: 36051 --------------------
- Epoch 000, ExpID 36051
Train - Loss: 23268351.18
Val - Loss, MSE, RMSE, MAE, MAPE: 52362104.00, 52362101.67, 6829.64, 5062.47, 6.13%
Test - Best epoch, Loss, MSE, RMSE, MAE, MAPE: 0, 36964424.00, 36964424.33, 5974.24, 4628.14, 5.01%
- Epoch 001, ExpID 36051
Train - Loss: 19386531.31
Val - Loss, MSE, RMSE, MAE, MAPE: 55553096.00, 55553093.67, 7059.05, 5204.74, 6.25%
Test - Best epoch, Loss, MSE, RMSE, MAE, MAPE: 0, 36964424.00, 36964424.33, 5974.24, 4628.14, 5.01%
- Epoch 002, ExpID 36051
Train - Loss: 18347770.56
Val - Loss, MSE, RMSE, MAE, MAPE: 55006140.00, 55006138.67, 7017.73, 5292.26, 6.30%
Test - Best epoch, Loss, MSE, RMSE, MAE, MAPE: 0, 36964424.00, 36964424.33, 5974.24, 4628.14, 5.01%
- Epoch 003, ExpID 36051
Train - Loss: 17626631.92
Val - Loss, MSE, RMSE, MAE, MAPE: 49449896.00, 49449894.17, 6625.51, 4848.33, 5.85%
Test - Best epoch, Loss, MSE, RMSE, MAE, MAPE: 3, 31876550.00, 31876550.00, 5540.29, 4218.26, 4.57%
- Epoch 004, ExpID 36051
Train - Loss: 16939379.74
Val - Loss, MSE, RMSE, MAE, MAPE: 46543484.00, 46543480.67, 6394.67, 4622.36, 5.57%
Test - Best epoch, Loss, MSE, RMSE, MAE, MAPE: 4, 30981142.00, 30981141.67, 5463.28, 4178.82, 4.55%
- Epoch 005, ExpID 36051
Train - Loss: 16046541.27
Val - Loss, MSE, RMSE, MAE, MAPE: 46189712.00, 46189713.33, 6397.76, 4655.93, 5.56%
Test - Best epoch, Loss, MSE, RMSE, MAE, MAPE: 5, 32379510.00, 32379510.67, 5560.19, 4266.75, 4.58%
- Epoch 006, ExpID 36051
Train - Loss: 15652455.00
Val - Loss, MSE, RMSE, MAE, MAPE: 48761112.00, 48761108.50, 6598.15, 4783.22, 5.73%
Test - Best epoch, Loss, MSE, RMSE, MAE, MAPE: 5, 32379510.00, 32379510.67, 5560.19, 4266.75, 4.58%
- Epoch 007, ExpID 36051
Train - Loss: 15315041.05
Val - Loss, MSE, RMSE, MAE, MAPE: 47292584.00, 47292578.33, 6489.99, 4691.07, 5.63%
Test - Best epoch, Loss, MSE, RMSE, MAE, MAPE: 5, 32379510.00, 32379510.67, 5560.19, 4266.75, 4.58%
- Epoch 008, ExpID 36051
Train - Loss: 14786651.02
Val - Loss, MSE, RMSE, MAE, MAPE: 46189240.00, 46189235.67, 6376.78, 4691.64, 5.63%
Test - Best epoch, Loss, MSE, RMSE, MAE, MAPE: 8, 30330276.00, 30330275.33, 5370.63, 4121.47, 4.45%
- Epoch 009, ExpID 36051
Train - Loss: 14491384.79
Val - Loss, MSE, RMSE, MAE, MAPE: 46550284.00, 46550280.33, 6417.93, 4755.73, 5.69%
Test - Best epoch, Loss, MSE, RMSE, MAE, MAPE: 8, 30330276.00, 30330275.33, 5370.63, 4121.47, 4.45%
- Epoch 010, ExpID 36051
Train - Loss: 14130896.13
Val - Loss, MSE, RMSE, MAE, MAPE: 46290252.00, 46290249.17, 6409.19, 4701.53, 5.66%
Test - Best epoch, Loss, MSE, RMSE, MAE, MAPE: 8, 30330276.00, 30330275.33, 5370.63, 4121.47, 4.45%
- Epoch 011, ExpID 36051
Train - Loss: 13998391.15
Val - Loss, MSE, RMSE, MAE, MAPE: 47227688.00, 47227685.50, 6480.74, 4859.81, 5.79%
Test - Best epoch, Loss, MSE, RMSE, MAE, MAPE: 8, 30330276.00, 30330275.33, 5370.63, 4121.47, 4.45%
- Epoch 012, ExpID 36051
Train - Loss: 13782800.88
Val - Loss, MSE, RMSE, MAE, MAPE: 46743820.00, 46743820.50, 6387.00, 4684.91, 5.66%
Test - Best epoch, Loss, MSE, RMSE, MAE, MAPE: 8, 30330276.00, 30330275.33, 5370.63, 4121.47, 4.45%
- Epoch 013, ExpID 36051
Train - Loss: 13004604.51
Val - Loss, MSE, RMSE, MAE, MAPE: 46019580.00, 46019579.17, 6399.29, 4644.18, 5.59%
Test - Best epoch, Loss, MSE, RMSE, MAE, MAPE: 13, 30981884.00, 30981883.17, 5414.03, 4068.09, 4.39%
- Epoch 014, ExpID 36051
Train - Loss: 13154137.26
Val - Loss, MSE, RMSE, MAE, MAPE: 46850368.00, 46850370.17, 6472.01, 4785.32, 5.76%
Test - Best epoch, Loss, MSE, RMSE, MAE, MAPE: 13, 30981884.00, 30981883.17, 5414.03, 4068.09, 4.39%
- Epoch 015, ExpID 36051
Train - Loss: 12692333.81
Val - Loss, MSE, RMSE, MAE, MAPE: 46874560.00, 46874559.17, 6406.72, 4652.31, 5.59%
Test - Best epoch, Loss, MSE, RMSE, MAE, MAPE: 13, 30981884.00, 30981883.17, 5414.03, 4068.09, 4.39%
- Epoch 016, ExpID 36051
Train - Loss: 12374932.65
Val - Loss, MSE, RMSE, MAE, MAPE: 43360284.00, 43360278.83, 6241.99, 4574.14, 5.49%
Test - Best epoch, Loss, MSE, RMSE, MAE, MAPE: 16, 30933708.00, 30933704.67, 5421.68, 4067.44, 4.39%
- Epoch 017, ExpID 36051
Train - Loss: 12382045.16
Val - Loss, MSE, RMSE, MAE, MAPE: 46432304.00, 46432303.50, 6466.38, 4828.19, 5.82%
Test - Best epoch, Loss, MSE, RMSE, MAE, MAPE: 16, 30933708.00, 30933704.67, 5421.68, 4067.44, 4.39%
- Epoch 018, ExpID 36051
Train - Loss: 11993631.51
Val - Loss, MSE, RMSE, MAE, MAPE: 45980460.00, 45980456.00, 6416.47, 4645.01, 5.58%
Test - Best epoch, Loss, MSE, RMSE, MAE, MAPE: 16, 30933708.00, 30933704.67, 5421.68, 4067.44, 4.39%
- Epoch 019, ExpID 36051
Train - Loss: 11877456.84
Val - Loss, MSE, RMSE, MAE, MAPE: 45332012.00, 45332011.17, 6383.82, 4643.76, 5.56%
Test - Best epoch, Loss, MSE, RMSE, MAE, MAPE: 16, 30933708.00, 30933704.67, 5421.68, 4067.44, 4.39%
- Epoch 020, ExpID 36051
Train - Loss: 11517823.95
Val - Loss, MSE, RMSE, MAE, MAPE: 44785744.00, 44785744.17, 6312.96, 4626.72, 5.57%
Test - Best epoch, Loss, MSE, RMSE, MAE, MAPE: 16, 30933708.00, 30933704.67, 5421.68, 4067.44, 4.39%
- Epoch 021, ExpID 36051
Train - Loss: 11288560.88
Val - Loss, MSE, RMSE, MAE, MAPE: 46158696.00, 46158692.17, 6427.35, 4721.48, 5.65%
Test - Best epoch, Loss, MSE, RMSE, MAE, MAPE: 16, 30933708.00, 30933704.67, 5421.68, 4067.44, 4.39%
- Epoch 022, ExpID 36051
Train - Loss: 11352058.93
Val - Loss, MSE, RMSE, MAE, MAPE: 45777480.00, 45777481.00, 6401.90, 4667.69, 5.60%
Test - Best epoch, Loss, MSE, RMSE, MAE, MAPE: 16, 30933708.00, 30933704.67, 5421.68, 4067.44, 4.39%
- Epoch 023, ExpID 36051
Train - Loss: 11124795.55
Val - Loss, MSE, RMSE, MAE, MAPE: 48072876.00, 48072874.33, 6574.14, 4841.39, 5.77%
Test - Best epoch, Loss, MSE, RMSE, MAE, MAPE: 16, 30933708.00, 30933704.67, 5421.68, 4067.44, 4.39%
- Epoch 024, ExpID 36051
Train - Loss: 11074590.54
Val - Loss, MSE, RMSE, MAE, MAPE: 45794444.00, 45794439.00, 6440.16, 4701.78, 5.63%
Test - Best epoch, Loss, MSE, RMSE, MAE, MAPE: 16, 30933708.00, 30933704.67, 5421.68, 4067.44, 4.39%
- Epoch 025, ExpID 36051
Train - Loss: 11015170.28
Val - Loss, MSE, RMSE, MAE, MAPE: 45758352.00, 45758354.50, 6367.46, 4611.84, 5.53%
Test - Best epoch, Loss, MSE, RMSE, MAE, MAPE: 16, 30933708.00, 30933704.67, 5421.68, 4067.44, 4.39%
- Epoch 026, ExpID 36051
Train - Loss: 10884094.94
Val - Loss, MSE, RMSE, MAE, MAPE: 46218960.00, 46218956.33, 6409.55, 4625.14, 5.55%
Test - Best epoch, Loss, MSE, RMSE, MAE, MAPE: 16, 30933708.00, 30933704.67, 5421.68, 4067.44, 4.39%
Early Stopping at Epoch 26
Fold 2018 Best RMSE: 5421.6847

-------------------- [Fold: 2019] ExpID: 71120 --------------------
- Epoch 000, ExpID 71120
Train - Loss: 25732771.80
Val - Loss, MSE, RMSE, MAE, MAPE: 38048520.00, 38048520.67, 6048.22, 4647.96, 5.02%
Test - Best epoch, Loss, MSE, RMSE, MAE, MAPE: 0, 41073560.00, 41073562.33, 6262.87, 4756.12, 4.98%
- Epoch 001, ExpID 71120
Train - Loss: 21757424.71
Val - Loss, MSE, RMSE, MAE, MAPE: 35972172.00, 35972173.00, 5886.77, 4534.44, 4.89%
Test - Best epoch, Loss, MSE, RMSE, MAE, MAPE: 1, 39817024.00, 39817021.67, 6180.12, 4639.79, 4.86%
- Epoch 002, ExpID 71120
Train - Loss: 20541960.97
Val - Loss, MSE, RMSE, MAE, MAPE: 33339230.00, 33339230.33, 5674.51, 4378.94, 4.73%
Test - Best epoch, Loss, MSE, RMSE, MAE, MAPE: 2, 36558684.00, 36558683.00, 5906.83, 4429.72, 4.66%
- Epoch 003, ExpID 71120
Train - Loss: 19586931.97
Val - Loss, MSE, RMSE, MAE, MAPE: 33857168.00, 33857168.00, 5717.04, 4417.61, 4.79%
Test - Best epoch, Loss, MSE, RMSE, MAE, MAPE: 2, 36558684.00, 36558683.00, 5906.83, 4429.72, 4.66%
- Epoch 004, ExpID 71120
Train - Loss: 18646796.37
Val - Loss, MSE, RMSE, MAE, MAPE: 31065868.00, 31065867.67, 5462.82, 4230.01, 4.58%
Test - Best epoch, Loss, MSE, RMSE, MAE, MAPE: 4, 36557948.00, 36557945.67, 5880.55, 4474.69, 4.69%
- Epoch 005, ExpID 71120
Train - Loss: 18011851.31
Val - Loss, MSE, RMSE, MAE, MAPE: 34031184.00, 34031183.33, 5693.97, 4391.47, 4.71%
Test - Best epoch, Loss, MSE, RMSE, MAE, MAPE: 4, 36557948.00, 36557945.67, 5880.55, 4474.69, 4.69%
- Epoch 006, ExpID 71120
Train - Loss: 17338539.06
Val - Loss, MSE, RMSE, MAE, MAPE: 32917228.00, 32917226.33, 5617.31, 4288.98, 4.63%
Test - Best epoch, Loss, MSE, RMSE, MAE, MAPE: 4, 36557948.00, 36557945.67, 5880.55, 4474.69, 4.69%
- Epoch 007, ExpID 71120
Train - Loss: 16781430.69
Val - Loss, MSE, RMSE, MAE, MAPE: 32243844.00, 32243842.67, 5553.04, 4198.02, 4.56%
Test - Best epoch, Loss, MSE, RMSE, MAE, MAPE: 4, 36557948.00, 36557945.67, 5880.55, 4474.69, 4.69%
- Epoch 008, ExpID 71120
Train - Loss: 16289316.48
Val - Loss, MSE, RMSE, MAE, MAPE: 31916062.00, 31916063.00, 5520.36, 4202.03, 4.53%
Test - Best epoch, Loss, MSE, RMSE, MAE, MAPE: 4, 36557948.00, 36557945.67, 5880.55, 4474.69, 4.69%
- Epoch 009, ExpID 71120
Train - Loss: 15869185.79
Val - Loss, MSE, RMSE, MAE, MAPE: 31539280.00, 31539280.17, 5478.33, 4156.48, 4.50%
Test - Best epoch, Loss, MSE, RMSE, MAE, MAPE: 4, 36557948.00, 36557945.67, 5880.55, 4474.69, 4.69%
- Epoch 010, ExpID 71120
Train - Loss: 15465338.37
Val - Loss, MSE, RMSE, MAE, MAPE: 30849624.00, 30849623.00, 5438.10, 4147.95, 4.52%
Test - Best epoch, Loss, MSE, RMSE, MAE, MAPE: 10, 36721632.00, 36721631.00, 5876.95, 4441.98, 4.68%
- Epoch 011, ExpID 71120
Train - Loss: 14986456.87
Val - Loss, MSE, RMSE, MAE, MAPE: 31824008.00, 31824008.00, 5529.46, 4151.89, 4.51%
Test - Best epoch, Loss, MSE, RMSE, MAE, MAPE: 10, 36721632.00, 36721631.00, 5876.95, 4441.98, 4.68%
- Epoch 012, ExpID 71120
Train - Loss: 14409149.84
Val - Loss, MSE, RMSE, MAE, MAPE: 31802176.00, 31802175.33, 5543.24, 4226.53, 4.60%
Test - Best epoch, Loss, MSE, RMSE, MAE, MAPE: 10, 36721632.00, 36721631.00, 5876.95, 4441.98, 4.68%
- Epoch 013, ExpID 71120
Train - Loss: 14030996.22
Val - Loss, MSE, RMSE, MAE, MAPE: 30636406.00, 30636405.67, 5407.74, 4076.11, 4.43%
Test - Best epoch, Loss, MSE, RMSE, MAE, MAPE: 13, 36662792.00, 36662793.00, 5818.99, 4397.41, 4.62%
- Epoch 014, ExpID 71120
Train - Loss: 14136891.93
Val - Loss, MSE, RMSE, MAE, MAPE: 30239548.00, 30239548.00, 5366.84, 4090.68, 4.41%
Test - Best epoch, Loss, MSE, RMSE, MAE, MAPE: 14, 33872164.00, 33872161.33, 5633.96, 4206.50, 4.41%
- Epoch 015, ExpID 71120
Train - Loss: 13609426.57
Val - Loss, MSE, RMSE, MAE, MAPE: 30883984.00, 30883982.00, 5426.89, 4096.76, 4.44%
Test - Best epoch, Loss, MSE, RMSE, MAE, MAPE: 14, 33872164.00, 33872161.33, 5633.96, 4206.50, 4.41%
- Epoch 016, ExpID 71120
Train - Loss: 13408539.22
Val - Loss, MSE, RMSE, MAE, MAPE: 30550056.00, 30550055.33, 5426.19, 4084.85, 4.42%
Test - Best epoch, Loss, MSE, RMSE, MAE, MAPE: 14, 33872164.00, 33872161.33, 5633.96, 4206.50, 4.41%
- Epoch 017, ExpID 71120
Train - Loss: 13245331.03
Val - Loss, MSE, RMSE, MAE, MAPE: 31038484.00, 31038483.83, 5446.27, 4086.03, 4.43%
Test - Best epoch, Loss, MSE, RMSE, MAE, MAPE: 14, 33872164.00, 33872161.33, 5633.96, 4206.50, 4.41%
- Epoch 018, ExpID 71120
Train - Loss: 13036477.68
Val - Loss, MSE, RMSE, MAE, MAPE: 31552224.00, 31552226.33, 5492.55, 4134.59, 4.47%
Test - Best epoch, Loss, MSE, RMSE, MAE, MAPE: 14, 33872164.00, 33872161.33, 5633.96, 4206.50, 4.41%
- Epoch 019, ExpID 71120
Train - Loss: 12685765.35
Val - Loss, MSE, RMSE, MAE, MAPE: 33981488.00, 33981490.17, 5700.11, 4281.37, 4.65%
Test - Best epoch, Loss, MSE, RMSE, MAE, MAPE: 14, 33872164.00, 33872161.33, 5633.96, 4206.50, 4.41%
- Epoch 020, ExpID 71120
Train - Loss: 12494608.11
Val - Loss, MSE, RMSE, MAE, MAPE: 31055652.00, 31055651.33, 5463.74, 4100.30, 4.47%
Test - Best epoch, Loss, MSE, RMSE, MAE, MAPE: 14, 33872164.00, 33872161.33, 5633.96, 4206.50, 4.41%
- Epoch 021, ExpID 71120
Train - Loss: 12527215.90
Val - Loss, MSE, RMSE, MAE, MAPE: 32112220.00, 32112219.83, 5516.34, 4116.91, 4.44%
Test - Best epoch, Loss, MSE, RMSE, MAE, MAPE: 14, 33872164.00, 33872161.33, 5633.96, 4206.50, 4.41%
- Epoch 022, ExpID 71120
Train - Loss: 12206427.37
Val - Loss, MSE, RMSE, MAE, MAPE: 32097892.00, 32097890.50, 5538.82, 4163.53, 4.52%
Test - Best epoch, Loss, MSE, RMSE, MAE, MAPE: 14, 33872164.00, 33872161.33, 5633.96, 4206.50, 4.41%
- Epoch 023, ExpID 71120
Train - Loss: 12178728.21
Val - Loss, MSE, RMSE, MAE, MAPE: 33187462.00, 33187460.67, 5631.44, 4244.11, 4.60%
Test - Best epoch, Loss, MSE, RMSE, MAE, MAPE: 14, 33872164.00, 33872161.33, 5633.96, 4206.50, 4.41%
- Epoch 024, ExpID 71120
Train - Loss: 12001963.22
Val - Loss, MSE, RMSE, MAE, MAPE: 32175520.00, 32175521.33, 5538.17, 4168.61, 4.53%
Test - Best epoch, Loss, MSE, RMSE, MAE, MAPE: 14, 33872164.00, 33872161.33, 5633.96, 4206.50, 4.41%
Early Stopping at Epoch 24
Fold 2019 Best RMSE: 5633.9625
