DETAILED LOG | Model: patchtst | Seed: 2
FULL CONFIG: {'gpu': '0', 'target': 'departure', 'cv_start_year': 2017, 'cv_end_year': 2019, 'test_year': 2024, 'use_corona': False, 'seq_len': 365, 'label_len': 0, 'pred_len': 7, 'batch_size': 64, 'epochs': 1000, 'patience': 10, 'lr': 0.0001, 'model': 'patchtst', 'd_model': 512, 'n_heads': 1, 'n_layers': 5, 'dropout': 0.1, 'activation': 'gelu', 'patch_len': 28, 'factor': 5, 'norm_mode': 'revin', 'use_dbloss': False, 'device': device(type='cuda'), 'stride': 28, 'file_path': 'dataset/airport_daily_flight_merged.csv', 'seed': 2, 'val_year': 2019, 'ndims': 1}

-------------------- [Fold: 2017] ExpID: 202 --------------------
- Epoch 000, ExpID 202
Train - Loss: 24192268.55
Val - Loss, MSE, RMSE, MAE, MAPE: 42377216.00, 42377214.33, 6341.17, 5149.65, 6.48%
Test - Best epoch, Loss, MSE, RMSE, MAE, MAPE: 0, 50811932.00, 50811930.67, 6781.66, 5097.18, 6.13%
- Epoch 001, ExpID 202
Train - Loss: 19180411.04
Val - Loss, MSE, RMSE, MAE, MAPE: 45024956.00, 45024954.17, 6382.54, 5310.36, 6.58%
Test - Best epoch, Loss, MSE, RMSE, MAE, MAPE: 0, 50811932.00, 50811930.67, 6781.66, 5097.18, 6.13%
- Epoch 002, ExpID 202
Train - Loss: 17683894.48
Val - Loss, MSE, RMSE, MAE, MAPE: 36402704.00, 36402705.00, 5866.34, 4753.77, 6.03%
Test - Best epoch, Loss, MSE, RMSE, MAE, MAPE: 2, 46036248.00, 46036245.33, 6429.52, 4830.53, 5.88%
- Epoch 003, ExpID 202
Train - Loss: 16295493.85
Val - Loss, MSE, RMSE, MAE, MAPE: 41459624.00, 41459620.33, 6199.08, 5127.57, 6.40%
Test - Best epoch, Loss, MSE, RMSE, MAE, MAPE: 2, 46036248.00, 46036245.33, 6429.52, 4830.53, 5.88%
- Epoch 004, ExpID 202
Train - Loss: 15449372.85
Val - Loss, MSE, RMSE, MAE, MAPE: 34984880.00, 34984877.83, 5848.08, 4657.07, 5.97%
Test - Best epoch, Loss, MSE, RMSE, MAE, MAPE: 4, 54677752.00, 54677749.33, 6931.13, 5343.67, 6.56%
- Epoch 005, ExpID 202
Train - Loss: 15537061.16
Val - Loss, MSE, RMSE, MAE, MAPE: 37078468.00, 37078467.00, 5896.28, 4759.58, 6.02%
Test - Best epoch, Loss, MSE, RMSE, MAE, MAPE: 4, 54677752.00, 54677749.33, 6931.13, 5343.67, 6.56%
- Epoch 006, ExpID 202
Train - Loss: 15252681.64
Val - Loss, MSE, RMSE, MAE, MAPE: 48876860.00, 48876858.33, 6598.84, 5407.43, 6.70%
Test - Best epoch, Loss, MSE, RMSE, MAE, MAPE: 4, 54677752.00, 54677749.33, 6931.13, 5343.67, 6.56%
- Epoch 007, ExpID 202
Train - Loss: 13927531.31
Val - Loss, MSE, RMSE, MAE, MAPE: 34516676.00, 34516674.00, 5697.96, 4592.18, 5.75%
Test - Best epoch, Loss, MSE, RMSE, MAE, MAPE: 7, 43233120.00, 43233118.83, 6126.54, 4551.99, 5.54%
- Epoch 008, ExpID 202
Train - Loss: 12674882.29
Val - Loss, MSE, RMSE, MAE, MAPE: 37833724.00, 37833724.00, 6001.16, 4823.04, 6.03%
Test - Best epoch, Loss, MSE, RMSE, MAE, MAPE: 7, 43233120.00, 43233118.83, 6126.54, 4551.99, 5.54%
- Epoch 009, ExpID 202
Train - Loss: 11746417.63
Val - Loss, MSE, RMSE, MAE, MAPE: 37398064.00, 37398058.83, 5908.77, 4775.94, 5.94%
Test - Best epoch, Loss, MSE, RMSE, MAE, MAPE: 7, 43233120.00, 43233118.83, 6126.54, 4551.99, 5.54%
- Epoch 010, ExpID 202
Train - Loss: 11469837.87
Val - Loss, MSE, RMSE, MAE, MAPE: 34355000.00, 34354994.17, 5665.65, 4584.86, 5.73%
Test - Best epoch, Loss, MSE, RMSE, MAE, MAPE: 10, 39038952.00, 39038950.33, 5905.83, 4444.49, 5.35%
- Epoch 011, ExpID 202
Train - Loss: 10823788.15
Val - Loss, MSE, RMSE, MAE, MAPE: 34119672.00, 34119672.83, 5675.46, 4499.50, 5.64%
Test - Best epoch, Loss, MSE, RMSE, MAE, MAPE: 11, 39380048.00, 39380049.33, 5918.99, 4390.47, 5.32%
- Epoch 012, ExpID 202
Train - Loss: 10851483.77
Val - Loss, MSE, RMSE, MAE, MAPE: 34099512.00, 34099511.17, 5680.12, 4551.36, 5.72%
Test - Best epoch, Loss, MSE, RMSE, MAE, MAPE: 12, 43059036.00, 43059033.00, 6166.94, 4597.76, 5.57%
- Epoch 013, ExpID 202
Train - Loss: 9923246.12
Val - Loss, MSE, RMSE, MAE, MAPE: 32211512.00, 32211513.50, 5494.18, 4465.88, 5.64%
Test - Best epoch, Loss, MSE, RMSE, MAE, MAPE: 13, 42220468.00, 42220469.00, 6127.27, 4491.04, 5.48%
- Epoch 014, ExpID 202
Train - Loss: 9869037.35
Val - Loss, MSE, RMSE, MAE, MAPE: 40677024.00, 40677021.33, 6174.17, 5043.04, 6.27%
Test - Best epoch, Loss, MSE, RMSE, MAE, MAPE: 13, 42220468.00, 42220469.00, 6127.27, 4491.04, 5.48%
- Epoch 015, ExpID 202
Train - Loss: 9396454.87
Val - Loss, MSE, RMSE, MAE, MAPE: 36251400.00, 36251402.33, 5790.71, 4662.08, 5.83%
Test - Best epoch, Loss, MSE, RMSE, MAE, MAPE: 13, 42220468.00, 42220469.00, 6127.27, 4491.04, 5.48%
- Epoch 016, ExpID 202
Train - Loss: 9212038.89
Val - Loss, MSE, RMSE, MAE, MAPE: 35460272.00, 35460270.67, 5752.33, 4585.39, 5.76%
Test - Best epoch, Loss, MSE, RMSE, MAE, MAPE: 13, 42220468.00, 42220469.00, 6127.27, 4491.04, 5.48%
- Epoch 017, ExpID 202
Train - Loss: 9188270.19
Val - Loss, MSE, RMSE, MAE, MAPE: 37954168.00, 37954163.00, 5942.81, 4842.81, 6.04%
Test - Best epoch, Loss, MSE, RMSE, MAE, MAPE: 13, 42220468.00, 42220469.00, 6127.27, 4491.04, 5.48%
- Epoch 018, ExpID 202
Train - Loss: 8869653.47
Val - Loss, MSE, RMSE, MAE, MAPE: 36981736.00, 36981734.83, 5860.67, 4722.08, 5.92%
Test - Best epoch, Loss, MSE, RMSE, MAE, MAPE: 13, 42220468.00, 42220469.00, 6127.27, 4491.04, 5.48%
- Epoch 019, ExpID 202
Train - Loss: 8633226.91
Val - Loss, MSE, RMSE, MAE, MAPE: 31329062.00, 31329062.50, 5501.13, 4388.83, 5.57%
Test - Best epoch, Loss, MSE, RMSE, MAE, MAPE: 19, 43560828.00, 43560828.00, 6257.06, 4741.22, 5.76%
- Epoch 020, ExpID 202
Train - Loss: 8554645.83
Val - Loss, MSE, RMSE, MAE, MAPE: 38225108.00, 38225106.17, 5887.02, 4778.89, 5.95%
Test - Best epoch, Loss, MSE, RMSE, MAE, MAPE: 19, 43560828.00, 43560828.00, 6257.06, 4741.22, 5.76%
- Epoch 021, ExpID 202
Train - Loss: 8543946.01
Val - Loss, MSE, RMSE, MAE, MAPE: 34901600.00, 34901601.83, 5707.83, 4601.45, 5.79%
Test - Best epoch, Loss, MSE, RMSE, MAE, MAPE: 19, 43560828.00, 43560828.00, 6257.06, 4741.22, 5.76%
- Epoch 022, ExpID 202
Train - Loss: 8143895.29
Val - Loss, MSE, RMSE, MAE, MAPE: 35965488.00, 35965486.00, 5861.02, 4706.41, 5.91%
Test - Best epoch, Loss, MSE, RMSE, MAE, MAPE: 19, 43560828.00, 43560828.00, 6257.06, 4741.22, 5.76%
- Epoch 023, ExpID 202
Train - Loss: 8132637.58
Val - Loss, MSE, RMSE, MAE, MAPE: 36263920.00, 36263915.17, 5800.54, 4645.62, 5.82%
Test - Best epoch, Loss, MSE, RMSE, MAE, MAPE: 19, 43560828.00, 43560828.00, 6257.06, 4741.22, 5.76%
- Epoch 024, ExpID 202
Train - Loss: 8082748.09
Val - Loss, MSE, RMSE, MAE, MAPE: 36994120.00, 36994121.17, 5884.52, 4714.94, 5.91%
Test - Best epoch, Loss, MSE, RMSE, MAE, MAPE: 19, 43560828.00, 43560828.00, 6257.06, 4741.22, 5.76%
- Epoch 025, ExpID 202
Train - Loss: 7823598.15
Val - Loss, MSE, RMSE, MAE, MAPE: 35379080.00, 35379078.67, 5733.64, 4631.63, 5.79%
Test - Best epoch, Loss, MSE, RMSE, MAE, MAPE: 19, 43560828.00, 43560828.00, 6257.06, 4741.22, 5.76%
- Epoch 026, ExpID 202
Train - Loss: 7886690.23
Val - Loss, MSE, RMSE, MAE, MAPE: 35011308.00, 35011306.67, 5693.86, 4573.15, 5.73%
Test - Best epoch, Loss, MSE, RMSE, MAE, MAPE: 19, 43560828.00, 43560828.00, 6257.06, 4741.22, 5.76%
- Epoch 027, ExpID 202
Train - Loss: 7463156.78
Val - Loss, MSE, RMSE, MAE, MAPE: 32779134.00, 32779129.67, 5576.11, 4460.01, 5.60%
Test - Best epoch, Loss, MSE, RMSE, MAE, MAPE: 19, 43560828.00, 43560828.00, 6257.06, 4741.22, 5.76%
- Epoch 028, ExpID 202
Train - Loss: 7535355.38
Val - Loss, MSE, RMSE, MAE, MAPE: 34353924.00, 34353925.00, 5683.76, 4563.90, 5.71%
Test - Best epoch, Loss, MSE, RMSE, MAE, MAPE: 19, 43560828.00, 43560828.00, 6257.06, 4741.22, 5.76%
- Epoch 029, ExpID 202
Train - Loss: 7395600.70
Val - Loss, MSE, RMSE, MAE, MAPE: 32421912.00, 32421911.00, 5541.57, 4420.05, 5.60%
Test - Best epoch, Loss, MSE, RMSE, MAE, MAPE: 19, 43560828.00, 43560828.00, 6257.06, 4741.22, 5.76%
Early Stopping at Epoch 29
Fold 2017 Best RMSE: 6257.0645

-------------------- [Fold: 2018] ExpID: 67058 --------------------
- Epoch 000, ExpID 67058
Train - Loss: 26403411.10
Val - Loss, MSE, RMSE, MAE, MAPE: 48086380.00, 48086380.00, 6572.23, 4839.61, 5.89%
Test - Best epoch, Loss, MSE, RMSE, MAE, MAPE: 0, 36027144.00, 36027146.33, 5913.43, 4594.47, 5.01%
- Epoch 001, ExpID 67058
Train - Loss: 20366888.85
Val - Loss, MSE, RMSE, MAE, MAPE: 47210104.00, 47210102.33, 6463.88, 4946.44, 5.95%
Test - Best epoch, Loss, MSE, RMSE, MAE, MAPE: 1, 36253632.00, 36253629.67, 5933.83, 4554.14, 4.94%
- Epoch 002, ExpID 67058
Train - Loss: 19373925.79
Val - Loss, MSE, RMSE, MAE, MAPE: 43665532.00, 43665531.83, 6211.06, 4631.54, 5.60%
Test - Best epoch, Loss, MSE, RMSE, MAE, MAPE: 2, 33773948.00, 33773947.67, 5734.27, 4427.25, 4.82%
- Epoch 003, ExpID 67058
Train - Loss: 17947846.80
Val - Loss, MSE, RMSE, MAE, MAPE: 42216392.00, 42216389.33, 6053.97, 4598.45, 5.56%
Test - Best epoch, Loss, MSE, RMSE, MAE, MAPE: 3, 34235992.00, 34235988.33, 5803.51, 4439.01, 4.86%
- Epoch 004, ExpID 67058
Train - Loss: 16415079.04
Val - Loss, MSE, RMSE, MAE, MAPE: 46919456.00, 46919454.33, 6474.22, 5056.08, 6.00%
Test - Best epoch, Loss, MSE, RMSE, MAE, MAPE: 3, 34235992.00, 34235988.33, 5803.51, 4439.01, 4.86%
- Epoch 005, ExpID 67058
Train - Loss: 16441312.46
Val - Loss, MSE, RMSE, MAE, MAPE: 42941792.00, 42941792.33, 6124.18, 4696.74, 5.58%
Test - Best epoch, Loss, MSE, RMSE, MAE, MAPE: 3, 34235992.00, 34235988.33, 5803.51, 4439.01, 4.86%
- Epoch 006, ExpID 67058
Train - Loss: 15363135.36
Val - Loss, MSE, RMSE, MAE, MAPE: 40023340.00, 40023337.50, 5925.88, 4513.03, 5.40%
Test - Best epoch, Loss, MSE, RMSE, MAE, MAPE: 6, 31791244.00, 31791242.00, 5579.71, 4319.92, 4.68%
- Epoch 007, ExpID 67058
Train - Loss: 13935640.09
Val - Loss, MSE, RMSE, MAE, MAPE: 43985336.00, 43985334.83, 6261.03, 4907.36, 5.87%
Test - Best epoch, Loss, MSE, RMSE, MAE, MAPE: 6, 31791244.00, 31791242.00, 5579.71, 4319.92, 4.68%
- Epoch 008, ExpID 67058
Train - Loss: 13712449.72
Val - Loss, MSE, RMSE, MAE, MAPE: 43079192.00, 43079188.83, 6200.69, 4813.43, 5.76%
Test - Best epoch, Loss, MSE, RMSE, MAE, MAPE: 6, 31791244.00, 31791242.00, 5579.71, 4319.92, 4.68%
- Epoch 009, ExpID 67058
Train - Loss: 12888303.47
Val - Loss, MSE, RMSE, MAE, MAPE: 43158816.00, 43158812.00, 6277.53, 4828.06, 5.76%
Test - Best epoch, Loss, MSE, RMSE, MAE, MAPE: 6, 31791244.00, 31791242.00, 5579.71, 4319.92, 4.68%
- Epoch 010, ExpID 67058
Train - Loss: 12374140.78
Val - Loss, MSE, RMSE, MAE, MAPE: 41997044.00, 41997042.83, 6112.29, 4698.94, 5.66%
Test - Best epoch, Loss, MSE, RMSE, MAE, MAPE: 6, 31791244.00, 31791242.00, 5579.71, 4319.92, 4.68%
- Epoch 011, ExpID 67058
Train - Loss: 11698221.95
Val - Loss, MSE, RMSE, MAE, MAPE: 42317608.00, 42317603.67, 6124.59, 4679.42, 5.58%
Test - Best epoch, Loss, MSE, RMSE, MAE, MAPE: 6, 31791244.00, 31791242.00, 5579.71, 4319.92, 4.68%
- Epoch 012, ExpID 67058
Train - Loss: 11404895.13
Val - Loss, MSE, RMSE, MAE, MAPE: 42421016.00, 42421013.50, 6150.97, 4751.95, 5.68%
Test - Best epoch, Loss, MSE, RMSE, MAE, MAPE: 6, 31791244.00, 31791242.00, 5579.71, 4319.92, 4.68%
- Epoch 013, ExpID 67058
Train - Loss: 11111823.76
Val - Loss, MSE, RMSE, MAE, MAPE: 42443864.00, 42443861.33, 6192.03, 4714.71, 5.69%
Test - Best epoch, Loss, MSE, RMSE, MAE, MAPE: 6, 31791244.00, 31791242.00, 5579.71, 4319.92, 4.68%
- Epoch 014, ExpID 67058
Train - Loss: 10898441.61
Val - Loss, MSE, RMSE, MAE, MAPE: 42703944.00, 42703939.83, 6136.24, 4685.74, 5.63%
Test - Best epoch, Loss, MSE, RMSE, MAE, MAPE: 6, 31791244.00, 31791242.00, 5579.71, 4319.92, 4.68%
- Epoch 015, ExpID 67058
Train - Loss: 10401328.83
Val - Loss, MSE, RMSE, MAE, MAPE: 40619700.00, 40619700.17, 6011.26, 4569.92, 5.47%
Test - Best epoch, Loss, MSE, RMSE, MAE, MAPE: 6, 31791244.00, 31791242.00, 5579.71, 4319.92, 4.68%
- Epoch 016, ExpID 67058
Train - Loss: 9686530.79
Val - Loss, MSE, RMSE, MAE, MAPE: 42386784.00, 42386784.50, 6101.76, 4701.47, 5.60%
Test - Best epoch, Loss, MSE, RMSE, MAE, MAPE: 6, 31791244.00, 31791242.00, 5579.71, 4319.92, 4.68%
Early Stopping at Epoch 16
Fold 2018 Best RMSE: 5579.7107

-------------------- [Fold: 2019] ExpID: 38479 --------------------
- Epoch 000, ExpID 38479
Train - Loss: 30246451.70
Val - Loss, MSE, RMSE, MAE, MAPE: 38053808.00, 38053808.67, 6043.06, 4630.07, 5.04%
Test - Best epoch, Loss, MSE, RMSE, MAE, MAPE: 0, 35499480.00, 35499481.00, 5772.16, 4254.32, 4.45%
- Epoch 001, ExpID 38479
Train - Loss: 23225205.81
Val - Loss, MSE, RMSE, MAE, MAPE: 39458308.00, 39458310.00, 6198.43, 4731.83, 5.20%
Test - Best epoch, Loss, MSE, RMSE, MAE, MAPE: 0, 35499480.00, 35499481.00, 5772.16, 4254.32, 4.45%
- Epoch 002, ExpID 38479
Train - Loss: 20694915.21
Val - Loss, MSE, RMSE, MAE, MAPE: 32498190.00, 32498188.50, 5575.47, 4251.75, 4.61%
Test - Best epoch, Loss, MSE, RMSE, MAE, MAPE: 2, 28793998.00, 28793996.17, 5204.70, 3814.75, 4.00%
- Epoch 003, ExpID 38479
Train - Loss: 19703278.14
Val - Loss, MSE, RMSE, MAE, MAPE: 34830424.00, 34830421.67, 5796.71, 4488.48, 4.90%
Test - Best epoch, Loss, MSE, RMSE, MAE, MAPE: 2, 28793998.00, 28793996.17, 5204.70, 3814.75, 4.00%
- Epoch 004, ExpID 38479
Train - Loss: 17822289.01
Val - Loss, MSE, RMSE, MAE, MAPE: 35889688.00, 35889689.33, 5867.69, 4442.11, 4.88%
Test - Best epoch, Loss, MSE, RMSE, MAE, MAPE: 2, 28793998.00, 28793996.17, 5204.70, 3814.75, 4.00%
- Epoch 005, ExpID 38479
Train - Loss: 17014075.19
Val - Loss, MSE, RMSE, MAE, MAPE: 35286896.00, 35286897.00, 5824.14, 4439.78, 4.88%
Test - Best epoch, Loss, MSE, RMSE, MAE, MAPE: 2, 28793998.00, 28793996.17, 5204.70, 3814.75, 4.00%
- Epoch 006, ExpID 38479
Train - Loss: 15928032.71
Val - Loss, MSE, RMSE, MAE, MAPE: 34508856.00, 34508856.17, 5752.69, 4387.56, 4.82%
Test - Best epoch, Loss, MSE, RMSE, MAE, MAPE: 2, 28793998.00, 28793996.17, 5204.70, 3814.75, 4.00%
- Epoch 007, ExpID 38479
Train - Loss: 15650702.33
Val - Loss, MSE, RMSE, MAE, MAPE: 34177380.00, 34177382.00, 5687.43, 4533.00, 4.91%
Test - Best epoch, Loss, MSE, RMSE, MAE, MAPE: 2, 28793998.00, 28793996.17, 5204.70, 3814.75, 4.00%
- Epoch 008, ExpID 38479
Train - Loss: 14973431.71
Val - Loss, MSE, RMSE, MAE, MAPE: 44510904.00, 44510900.17, 6463.08, 4928.52, 5.43%
Test - Best epoch, Loss, MSE, RMSE, MAE, MAPE: 2, 28793998.00, 28793996.17, 5204.70, 3814.75, 4.00%
- Epoch 009, ExpID 38479
Train - Loss: 14063965.16
Val - Loss, MSE, RMSE, MAE, MAPE: 41126704.00, 41126700.67, 6227.01, 4742.07, 5.21%
Test - Best epoch, Loss, MSE, RMSE, MAE, MAPE: 2, 28793998.00, 28793996.17, 5204.70, 3814.75, 4.00%
- Epoch 010, ExpID 38479
Train - Loss: 13366330.29
Val - Loss, MSE, RMSE, MAE, MAPE: 38084064.00, 38084060.83, 5987.03, 4651.34, 5.09%
Test - Best epoch, Loss, MSE, RMSE, MAE, MAPE: 2, 28793998.00, 28793996.17, 5204.70, 3814.75, 4.00%
- Epoch 011, ExpID 38479
Train - Loss: 12738575.38
Val - Loss, MSE, RMSE, MAE, MAPE: 42224996.00, 42224994.50, 6223.85, 4824.33, 5.27%
Test - Best epoch, Loss, MSE, RMSE, MAE, MAPE: 2, 28793998.00, 28793996.17, 5204.70, 3814.75, 4.00%
- Epoch 012, ExpID 38479
Train - Loss: 12310279.65
Val - Loss, MSE, RMSE, MAE, MAPE: 36027872.00, 36027869.00, 5854.25, 4499.76, 4.95%
Test - Best epoch, Loss, MSE, RMSE, MAE, MAPE: 2, 28793998.00, 28793996.17, 5204.70, 3814.75, 4.00%
Early Stopping at Epoch 12
Fold 2019 Best RMSE: 5204.7043
