DETAILED LOG | Model: patchtst | Seed: 3
FULL CONFIG: {'gpu': '0', 'target': 'departure', 'cv_start_year': 2017, 'cv_end_year': 2019, 'test_year': 2024, 'use_corona': False, 'seq_len': 28, 'label_len': 0, 'pred_len': 7, 'batch_size': 64, 'epochs': 1000, 'patience': 10, 'lr': 0.001, 'model': 'patchtst', 'd_model': 128, 'n_heads': 4, 'n_layers': 4, 'dropout': 0.1, 'activation': 'gelu', 'patch_len': 14, 'factor': 5, 'norm_mode': 'revin', 'use_dbloss': False, 'device': device(type='cuda'), 'stride': 14, 'file_path': 'dataset/airport_daily_flight_merged.csv', 'seed': 3, 'val_year': 2019, 'ndims': 1}

-------------------- [Fold: 2017] ExpID: 35292 --------------------
- Epoch 000, ExpID 35292
Train - Loss: 20011080.56
Val - Loss, MSE, RMSE, MAE, MAPE: 30503254.00, 30503251.67, 5446.00, 4128.55, 5.30%
Test - Best epoch, Loss, MSE, RMSE, MAE, MAPE: 0, 53233164.00, 53233166.33, 6938.74, 5061.08, 6.11%
- Epoch 001, ExpID 35292
Train - Loss: 18036789.88
Val - Loss, MSE, RMSE, MAE, MAPE: 29287420.00, 29287419.67, 5338.95, 4013.93, 5.18%
Test - Best epoch, Loss, MSE, RMSE, MAE, MAPE: 1, 52123192.00, 52123190.67, 6848.34, 5075.16, 6.15%
- Epoch 002, ExpID 35292
Train - Loss: 17152848.57
Val - Loss, MSE, RMSE, MAE, MAPE: 27755342.00, 27755339.33, 5193.27, 3841.76, 4.93%
Test - Best epoch, Loss, MSE, RMSE, MAE, MAPE: 2, 50662668.00, 50662668.00, 6688.18, 4812.80, 5.84%
- Epoch 003, ExpID 35292
Train - Loss: 16727297.86
Val - Loss, MSE, RMSE, MAE, MAPE: 27713350.00, 27713348.67, 5200.74, 3900.25, 5.01%
Test - Best epoch, Loss, MSE, RMSE, MAE, MAPE: 3, 50886752.00, 50886751.33, 6714.99, 4834.60, 5.85%
- Epoch 004, ExpID 35292
Train - Loss: 16149739.54
Val - Loss, MSE, RMSE, MAE, MAPE: 26419272.00, 26419270.50, 5074.45, 3794.63, 4.89%
Test - Best epoch, Loss, MSE, RMSE, MAE, MAPE: 4, 50111416.00, 50111414.67, 6665.33, 4776.66, 5.82%
- Epoch 005, ExpID 35292
Train - Loss: 15858622.61
Val - Loss, MSE, RMSE, MAE, MAPE: 26930504.00, 26930503.67, 5134.10, 3866.34, 4.98%
Test - Best epoch, Loss, MSE, RMSE, MAE, MAPE: 4, 50111416.00, 50111414.67, 6665.33, 4776.66, 5.82%
- Epoch 006, ExpID 35292
Train - Loss: 15589996.64
Val - Loss, MSE, RMSE, MAE, MAPE: 25793860.00, 25793859.00, 5021.02, 3764.28, 4.85%
Test - Best epoch, Loss, MSE, RMSE, MAE, MAPE: 6, 45969280.00, 45969281.67, 6456.20, 4701.07, 5.69%
- Epoch 007, ExpID 35292
Train - Loss: 15210026.01
Val - Loss, MSE, RMSE, MAE, MAPE: 26387596.00, 26387594.17, 5066.71, 3793.11, 4.86%
Test - Best epoch, Loss, MSE, RMSE, MAE, MAPE: 6, 45969280.00, 45969281.67, 6456.20, 4701.07, 5.69%
- Epoch 008, ExpID 35292
Train - Loss: 14969961.69
Val - Loss, MSE, RMSE, MAE, MAPE: 26616422.00, 26616422.67, 5076.48, 3812.34, 4.91%
Test - Best epoch, Loss, MSE, RMSE, MAE, MAPE: 6, 45969280.00, 45969281.67, 6456.20, 4701.07, 5.69%
- Epoch 009, ExpID 35292
Train - Loss: 14520228.15
Val - Loss, MSE, RMSE, MAE, MAPE: 25472246.00, 25472244.83, 4959.45, 3708.07, 4.78%
Test - Best epoch, Loss, MSE, RMSE, MAE, MAPE: 9, 50592960.00, 50592959.33, 6665.87, 4747.66, 5.78%
- Epoch 010, ExpID 35292
Train - Loss: 14071876.81
Val - Loss, MSE, RMSE, MAE, MAPE: 26347812.00, 26347813.17, 5058.78, 3790.91, 4.89%
Test - Best epoch, Loss, MSE, RMSE, MAE, MAPE: 9, 50592960.00, 50592959.33, 6665.87, 4747.66, 5.78%
- Epoch 011, ExpID 35292
Train - Loss: 13847438.89
Val - Loss, MSE, RMSE, MAE, MAPE: 25867990.00, 25867989.00, 5032.88, 3798.44, 4.88%
Test - Best epoch, Loss, MSE, RMSE, MAE, MAPE: 9, 50592960.00, 50592959.33, 6665.87, 4747.66, 5.78%
- Epoch 012, ExpID 35292
Train - Loss: 13884620.68
Val - Loss, MSE, RMSE, MAE, MAPE: 25682036.00, 25682033.67, 4988.05, 3723.18, 4.80%
Test - Best epoch, Loss, MSE, RMSE, MAE, MAPE: 9, 50592960.00, 50592959.33, 6665.87, 4747.66, 5.78%
- Epoch 013, ExpID 35292
Train - Loss: 13353767.10
Val - Loss, MSE, RMSE, MAE, MAPE: 25370076.00, 25370074.33, 4974.33, 3711.90, 4.77%
Test - Best epoch, Loss, MSE, RMSE, MAE, MAPE: 13, 43143576.00, 43143574.00, 6250.63, 4460.62, 5.39%
- Epoch 014, ExpID 35292
Train - Loss: 13118009.01
Val - Loss, MSE, RMSE, MAE, MAPE: 25192104.00, 25192106.83, 4955.65, 3730.73, 4.80%
Test - Best epoch, Loss, MSE, RMSE, MAE, MAPE: 14, 44475764.00, 44475763.33, 6337.10, 4600.35, 5.54%
- Epoch 015, ExpID 35292
Train - Loss: 13038438.99
Val - Loss, MSE, RMSE, MAE, MAPE: 25246392.00, 25246391.50, 4964.96, 3681.81, 4.75%
Test - Best epoch, Loss, MSE, RMSE, MAE, MAPE: 14, 44475764.00, 44475763.33, 6337.10, 4600.35, 5.54%
- Epoch 016, ExpID 35292
Train - Loss: 12877465.05
Val - Loss, MSE, RMSE, MAE, MAPE: 25509528.00, 25509527.67, 4989.98, 3713.47, 4.78%
Test - Best epoch, Loss, MSE, RMSE, MAE, MAPE: 14, 44475764.00, 44475763.33, 6337.10, 4600.35, 5.54%
- Epoch 017, ExpID 35292
Train - Loss: 12664568.53
Val - Loss, MSE, RMSE, MAE, MAPE: 24010016.00, 24010016.00, 4838.85, 3621.33, 4.65%
Test - Best epoch, Loss, MSE, RMSE, MAE, MAPE: 17, 43784320.00, 43784316.67, 6300.56, 4491.92, 5.44%
- Epoch 018, ExpID 35292
Train - Loss: 12366675.66
Val - Loss, MSE, RMSE, MAE, MAPE: 24456140.00, 24456139.00, 4865.80, 3609.71, 4.67%
Test - Best epoch, Loss, MSE, RMSE, MAE, MAPE: 17, 43784320.00, 43784316.67, 6300.56, 4491.92, 5.44%
- Epoch 019, ExpID 35292
Train - Loss: 12216484.51
Val - Loss, MSE, RMSE, MAE, MAPE: 24403544.00, 24403544.17, 4870.90, 3644.07, 4.69%
Test - Best epoch, Loss, MSE, RMSE, MAE, MAPE: 17, 43784320.00, 43784316.67, 6300.56, 4491.92, 5.44%
- Epoch 020, ExpID 35292
Train - Loss: 12178167.51
Val - Loss, MSE, RMSE, MAE, MAPE: 24148252.00, 24148252.17, 4836.24, 3629.13, 4.67%
Test - Best epoch, Loss, MSE, RMSE, MAE, MAPE: 17, 43784320.00, 43784316.67, 6300.56, 4491.92, 5.44%
- Epoch 021, ExpID 35292
Train - Loss: 11789905.88
Val - Loss, MSE, RMSE, MAE, MAPE: 24707820.00, 24707819.83, 4914.25, 3735.31, 4.80%
Test - Best epoch, Loss, MSE, RMSE, MAE, MAPE: 17, 43784320.00, 43784316.67, 6300.56, 4491.92, 5.44%
- Epoch 022, ExpID 35292
Train - Loss: 11839369.45
Val - Loss, MSE, RMSE, MAE, MAPE: 24858196.00, 24858192.83, 4936.07, 3733.48, 4.80%
Test - Best epoch, Loss, MSE, RMSE, MAE, MAPE: 17, 43784320.00, 43784316.67, 6300.56, 4491.92, 5.44%
- Epoch 023, ExpID 35292
Train - Loss: 12018696.59
Val - Loss, MSE, RMSE, MAE, MAPE: 24495268.00, 24495266.83, 4867.75, 3648.47, 4.69%
Test - Best epoch, Loss, MSE, RMSE, MAE, MAPE: 17, 43784320.00, 43784316.67, 6300.56, 4491.92, 5.44%
- Epoch 024, ExpID 35292
Train - Loss: 11769411.15
Val - Loss, MSE, RMSE, MAE, MAPE: 24733334.00, 24733333.00, 4912.57, 3719.82, 4.79%
Test - Best epoch, Loss, MSE, RMSE, MAE, MAPE: 17, 43784320.00, 43784316.67, 6300.56, 4491.92, 5.44%
- Epoch 025, ExpID 35292
Train - Loss: 11484709.32
Val - Loss, MSE, RMSE, MAE, MAPE: 24564232.00, 24564234.67, 4900.74, 3688.99, 4.74%
Test - Best epoch, Loss, MSE, RMSE, MAE, MAPE: 17, 43784320.00, 43784316.67, 6300.56, 4491.92, 5.44%
- Epoch 026, ExpID 35292
Train - Loss: 11288011.63
Val - Loss, MSE, RMSE, MAE, MAPE: 24587792.00, 24587790.17, 4888.66, 3649.23, 4.69%
Test - Best epoch, Loss, MSE, RMSE, MAE, MAPE: 17, 43784320.00, 43784316.67, 6300.56, 4491.92, 5.44%
- Epoch 027, ExpID 35292
Train - Loss: 11201764.23
Val - Loss, MSE, RMSE, MAE, MAPE: 24901590.00, 24901589.17, 4929.08, 3720.83, 4.79%
Test - Best epoch, Loss, MSE, RMSE, MAE, MAPE: 17, 43784320.00, 43784316.67, 6300.56, 4491.92, 5.44%
Early Stopping at Epoch 27
Fold 2017 Best RMSE: 6300.5642

-------------------- [Fold: 2018] ExpID: 90333 --------------------
- Epoch 000, ExpID 90333
Train - Loss: 20885852.33
Val - Loss, MSE, RMSE, MAE, MAPE: 53120172.00, 53120172.00, 6904.91, 5114.84, 6.13%
Test - Best epoch, Loss, MSE, RMSE, MAE, MAPE: 0, 40265444.00, 40265439.67, 6237.59, 4809.14, 5.16%
- Epoch 001, ExpID 90333
Train - Loss: 18782257.14
Val - Loss, MSE, RMSE, MAE, MAPE: 50393936.00, 50393935.00, 6709.82, 4917.11, 5.91%
Test - Best epoch, Loss, MSE, RMSE, MAE, MAPE: 1, 38748936.00, 38748933.00, 6109.90, 4734.98, 5.11%
- Epoch 002, ExpID 90333
Train - Loss: 18121304.55
Val - Loss, MSE, RMSE, MAE, MAPE: 51223660.00, 51223658.67, 6711.99, 4838.27, 5.88%
Test - Best epoch, Loss, MSE, RMSE, MAE, MAPE: 1, 38748936.00, 38748933.00, 6109.90, 4734.98, 5.11%
- Epoch 003, ExpID 90333
Train - Loss: 17804601.07
Val - Loss, MSE, RMSE, MAE, MAPE: 48193376.00, 48193373.33, 6588.56, 4795.78, 5.78%
Test - Best epoch, Loss, MSE, RMSE, MAE, MAPE: 3, 35218256.00, 35218257.67, 5832.20, 4480.11, 4.84%
- Epoch 004, ExpID 90333
Train - Loss: 16892519.92
Val - Loss, MSE, RMSE, MAE, MAPE: 47816592.00, 47816591.00, 6573.94, 4811.03, 5.80%
Test - Best epoch, Loss, MSE, RMSE, MAE, MAPE: 4, 34671336.00, 34671336.33, 5801.24, 4474.68, 4.84%
- Epoch 005, ExpID 90333
Train - Loss: 16610587.27
Val - Loss, MSE, RMSE, MAE, MAPE: 49961276.00, 49961275.00, 6651.69, 4863.59, 5.88%
Test - Best epoch, Loss, MSE, RMSE, MAE, MAPE: 4, 34671336.00, 34671336.33, 5801.24, 4474.68, 4.84%
- Epoch 006, ExpID 90333
Train - Loss: 16375377.41
Val - Loss, MSE, RMSE, MAE, MAPE: 47320792.00, 47320789.67, 6492.44, 4648.25, 5.65%
Test - Best epoch, Loss, MSE, RMSE, MAE, MAPE: 6, 36748000.00, 36747999.33, 5931.09, 4529.12, 4.90%
- Epoch 007, ExpID 90333
Train - Loss: 16031400.37
Val - Loss, MSE, RMSE, MAE, MAPE: 48879820.00, 48879820.00, 6541.03, 4680.54, 5.69%
Test - Best epoch, Loss, MSE, RMSE, MAE, MAPE: 6, 36748000.00, 36747999.33, 5931.09, 4529.12, 4.90%
- Epoch 008, ExpID 90333
Train - Loss: 15815594.50
Val - Loss, MSE, RMSE, MAE, MAPE: 49817952.00, 49817954.00, 6688.72, 4847.14, 5.91%
Test - Best epoch, Loss, MSE, RMSE, MAE, MAPE: 6, 36748000.00, 36747999.33, 5931.09, 4529.12, 4.90%
- Epoch 009, ExpID 90333
Train - Loss: 15871052.74
Val - Loss, MSE, RMSE, MAE, MAPE: 44344656.00, 44344652.33, 6349.84, 4482.35, 5.46%
Test - Best epoch, Loss, MSE, RMSE, MAE, MAPE: 9, 37088052.00, 37088050.33, 5996.50, 4594.98, 4.99%
- Epoch 010, ExpID 90333
Train - Loss: 15458511.69
Val - Loss, MSE, RMSE, MAE, MAPE: 44922528.00, 44922529.00, 6347.03, 4554.97, 5.50%
Test - Best epoch, Loss, MSE, RMSE, MAE, MAPE: 9, 37088052.00, 37088050.33, 5996.50, 4594.98, 4.99%
- Epoch 011, ExpID 90333
Train - Loss: 14760420.83
Val - Loss, MSE, RMSE, MAE, MAPE: 45695564.00, 45695561.67, 6387.33, 4567.06, 5.54%
Test - Best epoch, Loss, MSE, RMSE, MAE, MAPE: 9, 37088052.00, 37088050.33, 5996.50, 4594.98, 4.99%
- Epoch 012, ExpID 90333
Train - Loss: 14273387.26
Val - Loss, MSE, RMSE, MAE, MAPE: 43060144.00, 43060145.33, 6239.07, 4511.27, 5.43%
Test - Best epoch, Loss, MSE, RMSE, MAE, MAPE: 12, 35896404.00, 35896402.00, 5851.10, 4521.85, 4.90%
- Epoch 013, ExpID 90333
Train - Loss: 14367024.66
Val - Loss, MSE, RMSE, MAE, MAPE: 45485440.00, 45485436.00, 6381.67, 4525.27, 5.51%
Test - Best epoch, Loss, MSE, RMSE, MAE, MAPE: 12, 35896404.00, 35896402.00, 5851.10, 4521.85, 4.90%
- Epoch 014, ExpID 90333
Train - Loss: 14084037.29
Val - Loss, MSE, RMSE, MAE, MAPE: 44482532.00, 44482529.00, 6327.18, 4511.91, 5.46%
Test - Best epoch, Loss, MSE, RMSE, MAE, MAPE: 12, 35896404.00, 35896402.00, 5851.10, 4521.85, 4.90%
- Epoch 015, ExpID 90333
Train - Loss: 13728016.76
Val - Loss, MSE, RMSE, MAE, MAPE: 45884092.00, 45884091.33, 6416.38, 4634.76, 5.60%
Test - Best epoch, Loss, MSE, RMSE, MAE, MAPE: 12, 35896404.00, 35896402.00, 5851.10, 4521.85, 4.90%
- Epoch 016, ExpID 90333
Train - Loss: 13806699.71
Val - Loss, MSE, RMSE, MAE, MAPE: 43694312.00, 43694312.00, 6253.08, 4502.04, 5.43%
Test - Best epoch, Loss, MSE, RMSE, MAE, MAPE: 12, 35896404.00, 35896402.00, 5851.10, 4521.85, 4.90%
- Epoch 017, ExpID 90333
Train - Loss: 14001314.55
Val - Loss, MSE, RMSE, MAE, MAPE: 46353288.00, 46353283.83, 6404.14, 4625.73, 5.58%
Test - Best epoch, Loss, MSE, RMSE, MAE, MAPE: 12, 35896404.00, 35896402.00, 5851.10, 4521.85, 4.90%
- Epoch 018, ExpID 90333
Train - Loss: 13548510.58
Val - Loss, MSE, RMSE, MAE, MAPE: 46083768.00, 46083763.83, 6360.27, 4562.01, 5.51%
Test - Best epoch, Loss, MSE, RMSE, MAE, MAPE: 12, 35896404.00, 35896402.00, 5851.10, 4521.85, 4.90%
- Epoch 019, ExpID 90333
Train - Loss: 13296830.83
Val - Loss, MSE, RMSE, MAE, MAPE: 45198024.00, 45198021.67, 6329.77, 4519.20, 5.46%
Test - Best epoch, Loss, MSE, RMSE, MAE, MAPE: 12, 35896404.00, 35896402.00, 5851.10, 4521.85, 4.90%
- Epoch 020, ExpID 90333
Train - Loss: 13129396.38
Val - Loss, MSE, RMSE, MAE, MAPE: 45707640.00, 45707639.50, 6375.02, 4602.94, 5.56%
Test - Best epoch, Loss, MSE, RMSE, MAE, MAPE: 12, 35896404.00, 35896402.00, 5851.10, 4521.85, 4.90%
- Epoch 021, ExpID 90333
Train - Loss: 13488006.13
Val - Loss, MSE, RMSE, MAE, MAPE: 44664668.00, 44664670.67, 6323.01, 4558.58, 5.51%
Test - Best epoch, Loss, MSE, RMSE, MAE, MAPE: 12, 35896404.00, 35896402.00, 5851.10, 4521.85, 4.90%
- Epoch 022, ExpID 90333
Train - Loss: 13181477.19
Val - Loss, MSE, RMSE, MAE, MAPE: 45227368.00, 45227366.50, 6367.46, 4539.97, 5.51%
Test - Best epoch, Loss, MSE, RMSE, MAE, MAPE: 12, 35896404.00, 35896402.00, 5851.10, 4521.85, 4.90%
Early Stopping at Epoch 22
Fold 2018 Best RMSE: 5851.0958

-------------------- [Fold: 2019] ExpID: 325 --------------------
- Epoch 000, ExpID 325
Train - Loss: 23739874.65
Val - Loss, MSE, RMSE, MAE, MAPE: 40779368.00, 40779369.00, 6267.90, 4801.05, 5.21%
Test - Best epoch, Loss, MSE, RMSE, MAE, MAPE: 0, 43687656.00, 43687652.67, 6448.18, 4847.21, 5.11%
- Epoch 001, ExpID 325
Train - Loss: 21361509.29
Val - Loss, MSE, RMSE, MAE, MAPE: 38270872.00, 38270870.33, 6082.10, 4658.53, 5.06%
Test - Best epoch, Loss, MSE, RMSE, MAE, MAPE: 1, 41816480.00, 41816479.33, 6306.36, 4710.12, 4.97%
- Epoch 002, ExpID 325
Train - Loss: 20257127.53
Val - Loss, MSE, RMSE, MAE, MAPE: 36630800.00, 36630795.67, 5943.79, 4572.89, 4.95%
Test - Best epoch, Loss, MSE, RMSE, MAE, MAPE: 2, 41210492.00, 41210491.33, 6257.13, 4652.71, 4.90%
- Epoch 003, ExpID 325
Train - Loss: 19528650.45
Val - Loss, MSE, RMSE, MAE, MAPE: 36716540.00, 36716539.00, 5964.02, 4576.65, 4.94%
Test - Best epoch, Loss, MSE, RMSE, MAE, MAPE: 2, 41210492.00, 41210491.33, 6257.13, 4652.71, 4.90%
- Epoch 004, ExpID 325
Train - Loss: 18768108.90
Val - Loss, MSE, RMSE, MAE, MAPE: 35771572.00, 35771569.67, 5908.46, 4541.30, 4.92%
Test - Best epoch, Loss, MSE, RMSE, MAE, MAPE: 4, 42018952.00, 42018952.00, 6299.13, 4707.48, 4.97%
- Epoch 005, ExpID 325
Train - Loss: 18416083.85
Val - Loss, MSE, RMSE, MAE, MAPE: 36962544.00, 36962545.00, 5966.08, 4535.04, 4.93%
Test - Best epoch, Loss, MSE, RMSE, MAE, MAPE: 4, 42018952.00, 42018952.00, 6299.13, 4707.48, 4.97%
- Epoch 006, ExpID 325
Train - Loss: 18239875.22
Val - Loss, MSE, RMSE, MAE, MAPE: 34856488.00, 34856487.00, 5790.90, 4404.36, 4.75%
Test - Best epoch, Loss, MSE, RMSE, MAE, MAPE: 6, 38431752.00, 38431750.00, 6032.96, 4482.88, 4.71%
- Epoch 007, ExpID 325
Train - Loss: 17754981.10
Val - Loss, MSE, RMSE, MAE, MAPE: 34310096.00, 34310093.33, 5752.58, 4389.29, 4.76%
Test - Best epoch, Loss, MSE, RMSE, MAE, MAPE: 7, 39217648.00, 39217645.00, 6077.73, 4472.41, 4.71%
- Epoch 008, ExpID 325
Train - Loss: 17336571.04
Val - Loss, MSE, RMSE, MAE, MAPE: 36356224.00, 36356222.67, 5908.95, 4499.00, 4.87%
Test - Best epoch, Loss, MSE, RMSE, MAE, MAPE: 7, 39217648.00, 39217645.00, 6077.73, 4472.41, 4.71%
- Epoch 009, ExpID 325
Train - Loss: 17012427.09
Val - Loss, MSE, RMSE, MAE, MAPE: 34468920.00, 34468916.67, 5731.23, 4391.70, 4.76%
Test - Best epoch, Loss, MSE, RMSE, MAE, MAPE: 7, 39217648.00, 39217645.00, 6077.73, 4472.41, 4.71%
- Epoch 010, ExpID 325
Train - Loss: 16835833.26
Val - Loss, MSE, RMSE, MAE, MAPE: 34019512.00, 34019509.67, 5761.28, 4480.84, 4.85%
Test - Best epoch, Loss, MSE, RMSE, MAE, MAPE: 10, 41979336.00, 41979336.00, 6301.12, 4737.87, 5.00%
- Epoch 011, ExpID 325
Train - Loss: 16405135.24
Val - Loss, MSE, RMSE, MAE, MAPE: 37690336.00, 37690332.67, 6029.71, 4626.59, 4.98%
Test - Best epoch, Loss, MSE, RMSE, MAE, MAPE: 10, 41979336.00, 41979336.00, 6301.12, 4737.87, 5.00%
- Epoch 012, ExpID 325
Train - Loss: 16154366.13
Val - Loss, MSE, RMSE, MAE, MAPE: 36062848.00, 36062849.33, 5859.37, 4457.54, 4.85%
Test - Best epoch, Loss, MSE, RMSE, MAE, MAPE: 10, 41979336.00, 41979336.00, 6301.12, 4737.87, 5.00%
- Epoch 013, ExpID 325
Train - Loss: 16022619.09
Val - Loss, MSE, RMSE, MAE, MAPE: 34917928.00, 34917925.67, 5768.02, 4408.26, 4.77%
Test - Best epoch, Loss, MSE, RMSE, MAE, MAPE: 10, 41979336.00, 41979336.00, 6301.12, 4737.87, 5.00%
- Epoch 014, ExpID 325
Train - Loss: 15515358.87
Val - Loss, MSE, RMSE, MAE, MAPE: 34032228.00, 34032225.33, 5737.51, 4381.16, 4.75%
Test - Best epoch, Loss, MSE, RMSE, MAE, MAPE: 10, 41979336.00, 41979336.00, 6301.12, 4737.87, 5.00%
- Epoch 015, ExpID 325
Train - Loss: 15304194.70
Val - Loss, MSE, RMSE, MAE, MAPE: 34660516.00, 34660515.33, 5739.62, 4434.05, 4.81%
Test - Best epoch, Loss, MSE, RMSE, MAE, MAPE: 10, 41979336.00, 41979336.00, 6301.12, 4737.87, 5.00%
- Epoch 016, ExpID 325
Train - Loss: 15472293.01
Val - Loss, MSE, RMSE, MAE, MAPE: 34021620.00, 34021616.67, 5691.58, 4374.32, 4.76%
Test - Best epoch, Loss, MSE, RMSE, MAE, MAPE: 10, 41979336.00, 41979336.00, 6301.12, 4737.87, 5.00%
- Epoch 017, ExpID 325
Train - Loss: 15338584.02
Val - Loss, MSE, RMSE, MAE, MAPE: 34235672.00, 34235668.33, 5716.24, 4320.53, 4.69%
Test - Best epoch, Loss, MSE, RMSE, MAE, MAPE: 10, 41979336.00, 41979336.00, 6301.12, 4737.87, 5.00%
- Epoch 018, ExpID 325
Train - Loss: 14726371.51
Val - Loss, MSE, RMSE, MAE, MAPE: 35464960.00, 35464958.67, 5839.38, 4457.24, 4.85%
Test - Best epoch, Loss, MSE, RMSE, MAE, MAPE: 10, 41979336.00, 41979336.00, 6301.12, 4737.87, 5.00%
- Epoch 019, ExpID 325
Train - Loss: 14599432.97
Val - Loss, MSE, RMSE, MAE, MAPE: 35082716.00, 35082712.67, 5771.04, 4450.13, 4.81%
Test - Best epoch, Loss, MSE, RMSE, MAE, MAPE: 10, 41979336.00, 41979336.00, 6301.12, 4737.87, 5.00%
- Epoch 020, ExpID 325
Train - Loss: 14260159.48
Val - Loss, MSE, RMSE, MAE, MAPE: 34474448.00, 34474448.33, 5721.90, 4363.29, 4.74%
Test - Best epoch, Loss, MSE, RMSE, MAE, MAPE: 10, 41979336.00, 41979336.00, 6301.12, 4737.87, 5.00%
Early Stopping at Epoch 20
Fold 2019 Best RMSE: 6301.1167
