DETAILED LOG | Model: patchtst | Seed: 2
FULL CONFIG: {'gpu': '0', 'target': 'departure', 'cv_start_year': 2017, 'cv_end_year': 2019, 'test_year': 2024, 'use_corona': False, 'seq_len': 91, 'label_len': 0, 'pred_len': 7, 'batch_size': 64, 'epochs': 1000, 'patience': 10, 'lr': 0.0001, 'model': 'patchtst', 'd_model': 256, 'n_heads': 16, 'n_layers': 5, 'dropout': 0.1, 'activation': 'gelu', 'patch_len': 28, 'factor': 5, 'norm_mode': 'revin', 'use_dbloss': False, 'device': device(type='cuda'), 'stride': 28, 'file_path': 'dataset/airport_daily_flight_merged.csv', 'seed': 2, 'val_year': 2019, 'ndims': 1}

-------------------- [Fold: 2017] ExpID: 21209 --------------------
- Epoch 000, ExpID 21209
Train - Loss: 22460214.16
Val - Loss, MSE, RMSE, MAE, MAPE: 31019972.00, 31019971.33, 5511.31, 4095.32, 5.20%
Test - Best epoch, Loss, MSE, RMSE, MAE, MAPE: 0, 52862032.00, 52862029.67, 6885.46, 5057.29, 6.09%
- Epoch 001, ExpID 21209
Train - Loss: 19174077.32
Val - Loss, MSE, RMSE, MAE, MAPE: 29499300.00, 29499300.00, 5370.27, 3939.27, 5.02%
Test - Best epoch, Loss, MSE, RMSE, MAE, MAPE: 1, 50624176.00, 50624176.33, 6720.36, 4890.02, 5.90%
- Epoch 002, ExpID 21209
Train - Loss: 18570871.46
Val - Loss, MSE, RMSE, MAE, MAPE: 29839206.00, 29839207.00, 5407.86, 4065.07, 5.12%
Test - Best epoch, Loss, MSE, RMSE, MAE, MAPE: 1, 50624176.00, 50624176.33, 6720.36, 4890.02, 5.90%
- Epoch 003, ExpID 21209
Train - Loss: 17746182.62
Val - Loss, MSE, RMSE, MAE, MAPE: 27817398.00, 27817397.67, 5229.21, 3885.76, 4.92%
Test - Best epoch, Loss, MSE, RMSE, MAE, MAPE: 3, 55496496.00, 55496498.33, 7043.61, 5252.87, 6.27%
- Epoch 004, ExpID 21209
Train - Loss: 17195266.11
Val - Loss, MSE, RMSE, MAE, MAPE: 26247006.00, 26247003.67, 5081.13, 3753.66, 4.76%
Test - Best epoch, Loss, MSE, RMSE, MAE, MAPE: 4, 52867664.00, 52867661.33, 6844.29, 5054.52, 6.04%
- Epoch 005, ExpID 21209
Train - Loss: 16552673.11
Val - Loss, MSE, RMSE, MAE, MAPE: 24967288.00, 24967288.67, 4964.23, 3666.47, 4.66%
Test - Best epoch, Loss, MSE, RMSE, MAE, MAPE: 5, 50960488.00, 50960483.67, 6734.41, 4955.09, 5.93%
- Epoch 006, ExpID 21209
Train - Loss: 16114620.41
Val - Loss, MSE, RMSE, MAE, MAPE: 24656016.00, 24656018.00, 4927.27, 3645.50, 4.66%
Test - Best epoch, Loss, MSE, RMSE, MAE, MAPE: 6, 51599084.00, 51599082.33, 6780.51, 5009.06, 6.00%
- Epoch 007, ExpID 21209
Train - Loss: 15465737.10
Val - Loss, MSE, RMSE, MAE, MAPE: 23951488.00, 23951487.67, 4862.29, 3616.23, 4.63%
Test - Best epoch, Loss, MSE, RMSE, MAE, MAPE: 7, 50614064.00, 50614064.17, 6732.36, 4959.09, 5.93%
- Epoch 008, ExpID 21209
Train - Loss: 15308780.53
Val - Loss, MSE, RMSE, MAE, MAPE: 24119088.00, 24119088.33, 4870.69, 3552.89, 4.51%
Test - Best epoch, Loss, MSE, RMSE, MAE, MAPE: 7, 50614064.00, 50614064.17, 6732.36, 4959.09, 5.93%
- Epoch 009, ExpID 21209
Train - Loss: 14756960.51
Val - Loss, MSE, RMSE, MAE, MAPE: 23529808.00, 23529808.50, 4811.83, 3511.33, 4.49%
Test - Best epoch, Loss, MSE, RMSE, MAE, MAPE: 9, 51492940.00, 51492937.67, 6732.38, 4891.04, 5.88%
- Epoch 010, ExpID 21209
Train - Loss: 14216424.30
Val - Loss, MSE, RMSE, MAE, MAPE: 23759878.00, 23759877.50, 4835.43, 3511.10, 4.48%
Test - Best epoch, Loss, MSE, RMSE, MAE, MAPE: 9, 51492940.00, 51492937.67, 6732.38, 4891.04, 5.88%
- Epoch 011, ExpID 21209
Train - Loss: 13981675.08
Val - Loss, MSE, RMSE, MAE, MAPE: 22706694.00, 22706693.50, 4726.06, 3427.24, 4.39%
Test - Best epoch, Loss, MSE, RMSE, MAE, MAPE: 11, 48770252.00, 48770247.33, 6567.12, 4745.26, 5.71%
- Epoch 012, ExpID 21209
Train - Loss: 13400456.14
Val - Loss, MSE, RMSE, MAE, MAPE: 22940844.00, 22940842.50, 4749.01, 3446.71, 4.39%
Test - Best epoch, Loss, MSE, RMSE, MAE, MAPE: 11, 48770252.00, 48770247.33, 6567.12, 4745.26, 5.71%
- Epoch 013, ExpID 21209
Train - Loss: 13196604.70
Val - Loss, MSE, RMSE, MAE, MAPE: 22733262.00, 22733260.83, 4728.59, 3440.92, 4.40%
Test - Best epoch, Loss, MSE, RMSE, MAE, MAPE: 11, 48770252.00, 48770247.33, 6567.12, 4745.26, 5.71%
- Epoch 014, ExpID 21209
Train - Loss: 12623278.75
Val - Loss, MSE, RMSE, MAE, MAPE: 22488200.00, 22488200.33, 4707.47, 3434.46, 4.42%
Test - Best epoch, Loss, MSE, RMSE, MAE, MAPE: 14, 48093228.00, 48093226.00, 6560.58, 4801.51, 5.80%
- Epoch 015, ExpID 21209
Train - Loss: 12251645.78
Val - Loss, MSE, RMSE, MAE, MAPE: 22490846.00, 22490847.33, 4709.88, 3482.76, 4.46%
Test - Best epoch, Loss, MSE, RMSE, MAE, MAPE: 14, 48093228.00, 48093226.00, 6560.58, 4801.51, 5.80%
- Epoch 016, ExpID 21209
Train - Loss: 11838239.37
Val - Loss, MSE, RMSE, MAE, MAPE: 22193180.00, 22193178.33, 4688.11, 3417.70, 4.37%
Test - Best epoch, Loss, MSE, RMSE, MAE, MAPE: 16, 48700380.00, 48700379.33, 6594.27, 4765.00, 5.72%
- Epoch 017, ExpID 21209
Train - Loss: 11664475.56
Val - Loss, MSE, RMSE, MAE, MAPE: 22787724.00, 22787722.67, 4745.62, 3493.98, 4.48%
Test - Best epoch, Loss, MSE, RMSE, MAE, MAPE: 16, 48700380.00, 48700379.33, 6594.27, 4765.00, 5.72%
- Epoch 018, ExpID 21209
Train - Loss: 11316590.68
Val - Loss, MSE, RMSE, MAE, MAPE: 23079864.00, 23079863.83, 4770.77, 3513.90, 4.47%
Test - Best epoch, Loss, MSE, RMSE, MAE, MAPE: 16, 48700380.00, 48700379.33, 6594.27, 4765.00, 5.72%
- Epoch 019, ExpID 21209
Train - Loss: 11000181.16
Val - Loss, MSE, RMSE, MAE, MAPE: 23297492.00, 23297490.17, 4787.40, 3513.41, 4.48%
Test - Best epoch, Loss, MSE, RMSE, MAE, MAPE: 16, 48700380.00, 48700379.33, 6594.27, 4765.00, 5.72%
- Epoch 020, ExpID 21209
Train - Loss: 10896735.63
Val - Loss, MSE, RMSE, MAE, MAPE: 22746094.00, 22746093.00, 4742.35, 3481.96, 4.45%
Test - Best epoch, Loss, MSE, RMSE, MAE, MAPE: 16, 48700380.00, 48700379.33, 6594.27, 4765.00, 5.72%
- Epoch 021, ExpID 21209
Train - Loss: 10462823.13
Val - Loss, MSE, RMSE, MAE, MAPE: 22812022.00, 22812022.83, 4751.22, 3514.19, 4.49%
Test - Best epoch, Loss, MSE, RMSE, MAE, MAPE: 16, 48700380.00, 48700379.33, 6594.27, 4765.00, 5.72%
- Epoch 022, ExpID 21209
Train - Loss: 10315827.51
Val - Loss, MSE, RMSE, MAE, MAPE: 22907158.00, 22907158.00, 4746.96, 3501.10, 4.45%
Test - Best epoch, Loss, MSE, RMSE, MAE, MAPE: 16, 48700380.00, 48700379.33, 6594.27, 4765.00, 5.72%
- Epoch 023, ExpID 21209
Train - Loss: 9945442.20
Val - Loss, MSE, RMSE, MAE, MAPE: 22925878.00, 22925876.33, 4755.71, 3508.88, 4.48%
Test - Best epoch, Loss, MSE, RMSE, MAE, MAPE: 16, 48700380.00, 48700379.33, 6594.27, 4765.00, 5.72%
- Epoch 024, ExpID 21209
Train - Loss: 9799254.63
Val - Loss, MSE, RMSE, MAE, MAPE: 22499960.00, 22499958.67, 4717.46, 3477.92, 4.44%
Test - Best epoch, Loss, MSE, RMSE, MAE, MAPE: 16, 48700380.00, 48700379.33, 6594.27, 4765.00, 5.72%
- Epoch 025, ExpID 21209
Train - Loss: 9771962.20
Val - Loss, MSE, RMSE, MAE, MAPE: 23022614.00, 23022612.67, 4762.50, 3511.45, 4.48%
Test - Best epoch, Loss, MSE, RMSE, MAE, MAPE: 16, 48700380.00, 48700379.33, 6594.27, 4765.00, 5.72%
- Epoch 026, ExpID 21209
Train - Loss: 9323018.45
Val - Loss, MSE, RMSE, MAE, MAPE: 22625054.00, 22625052.67, 4731.59, 3502.81, 4.48%
Test - Best epoch, Loss, MSE, RMSE, MAE, MAPE: 16, 48700380.00, 48700379.33, 6594.27, 4765.00, 5.72%
Early Stopping at Epoch 26
Fold 2017 Best RMSE: 6594.2695

-------------------- [Fold: 2018] ExpID: 42564 --------------------
- Epoch 000, ExpID 42564
Train - Loss: 23805730.78
Val - Loss, MSE, RMSE, MAE, MAPE: 51189176.00, 51189172.67, 6748.56, 4887.35, 5.92%
Test - Best epoch, Loss, MSE, RMSE, MAE, MAPE: 0, 37176336.00, 37176333.00, 5981.84, 4613.86, 4.97%
- Epoch 001, ExpID 42564
Train - Loss: 20373261.33
Val - Loss, MSE, RMSE, MAE, MAPE: 51835356.00, 51835355.67, 6819.57, 4975.63, 5.99%
Test - Best epoch, Loss, MSE, RMSE, MAE, MAPE: 0, 37176336.00, 37176333.00, 5981.84, 4613.86, 4.97%
- Epoch 002, ExpID 42564
Train - Loss: 19305941.26
Val - Loss, MSE, RMSE, MAE, MAPE: 53424216.00, 53424214.33, 6914.02, 5135.76, 6.15%
Test - Best epoch, Loss, MSE, RMSE, MAE, MAPE: 0, 37176336.00, 37176333.00, 5981.84, 4613.86, 4.97%
- Epoch 003, ExpID 42564
Train - Loss: 18698640.92
Val - Loss, MSE, RMSE, MAE, MAPE: 52493084.00, 52493082.67, 6836.07, 5027.69, 6.04%
Test - Best epoch, Loss, MSE, RMSE, MAE, MAPE: 0, 37176336.00, 37176333.00, 5981.84, 4613.86, 4.97%
- Epoch 004, ExpID 42564
Train - Loss: 18020110.78
Val - Loss, MSE, RMSE, MAE, MAPE: 53728728.00, 53728724.00, 6881.79, 5042.81, 6.07%
Test - Best epoch, Loss, MSE, RMSE, MAE, MAPE: 0, 37176336.00, 37176333.00, 5981.84, 4613.86, 4.97%
- Epoch 005, ExpID 42564
Train - Loss: 17712691.41
Val - Loss, MSE, RMSE, MAE, MAPE: 55019564.00, 55019560.67, 6985.91, 5150.62, 6.16%
Test - Best epoch, Loss, MSE, RMSE, MAE, MAPE: 0, 37176336.00, 37176333.00, 5981.84, 4613.86, 4.97%
- Epoch 006, ExpID 42564
Train - Loss: 16839425.65
Val - Loss, MSE, RMSE, MAE, MAPE: 54905484.00, 54905484.67, 6951.19, 5180.61, 6.17%
Test - Best epoch, Loss, MSE, RMSE, MAE, MAPE: 0, 37176336.00, 37176333.00, 5981.84, 4613.86, 4.97%
- Epoch 007, ExpID 42564
Train - Loss: 16358314.12
Val - Loss, MSE, RMSE, MAE, MAPE: 52732208.00, 52732206.00, 6819.10, 5012.28, 6.01%
Test - Best epoch, Loss, MSE, RMSE, MAE, MAPE: 0, 37176336.00, 37176333.00, 5981.84, 4613.86, 4.97%
- Epoch 008, ExpID 42564
Train - Loss: 15997142.35
Val - Loss, MSE, RMSE, MAE, MAPE: 53826344.00, 53826341.33, 6927.17, 5098.52, 6.07%
Test - Best epoch, Loss, MSE, RMSE, MAE, MAPE: 0, 37176336.00, 37176333.00, 5981.84, 4613.86, 4.97%
- Epoch 009, ExpID 42564
Train - Loss: 15383613.55
Val - Loss, MSE, RMSE, MAE, MAPE: 56630232.00, 56630230.33, 7124.83, 5324.30, 6.32%
Test - Best epoch, Loss, MSE, RMSE, MAE, MAPE: 0, 37176336.00, 37176333.00, 5981.84, 4613.86, 4.97%
- Epoch 010, ExpID 42564
Train - Loss: 15111710.48
Val - Loss, MSE, RMSE, MAE, MAPE: 53797788.00, 53797789.67, 6918.45, 5176.24, 6.14%
Test - Best epoch, Loss, MSE, RMSE, MAE, MAPE: 0, 37176336.00, 37176333.00, 5981.84, 4613.86, 4.97%
Early Stopping at Epoch 10
Fold 2018 Best RMSE: 5981.8381

-------------------- [Fold: 2019] ExpID: 55323 --------------------
- Epoch 000, ExpID 55323
Train - Loss: 26448188.09
Val - Loss, MSE, RMSE, MAE, MAPE: 37892000.00, 37891999.00, 6030.28, 4579.32, 4.94%
Test - Best epoch, Loss, MSE, RMSE, MAE, MAPE: 0, 40452784.00, 40452782.67, 6228.10, 4704.93, 4.93%
- Epoch 001, ExpID 55323
Train - Loss: 22613748.74
Val - Loss, MSE, RMSE, MAE, MAPE: 35486824.00, 35486822.00, 5840.80, 4491.16, 4.84%
Test - Best epoch, Loss, MSE, RMSE, MAE, MAPE: 1, 39148296.00, 39148295.00, 6104.00, 4565.62, 4.80%
- Epoch 002, ExpID 55323
Train - Loss: 21604170.63
Val - Loss, MSE, RMSE, MAE, MAPE: 34524264.00, 34524265.33, 5734.75, 4409.94, 4.74%
Test - Best epoch, Loss, MSE, RMSE, MAE, MAPE: 2, 38020060.00, 38020059.67, 6023.09, 4498.72, 4.70%
- Epoch 003, ExpID 55323
Train - Loss: 20784524.62
Val - Loss, MSE, RMSE, MAE, MAPE: 32826742.00, 32826739.67, 5612.56, 4282.29, 4.63%
Test - Best epoch, Loss, MSE, RMSE, MAE, MAPE: 3, 37376616.00, 37376614.67, 5957.02, 4457.11, 4.70%
- Epoch 004, ExpID 55323
Train - Loss: 19977391.00
Val - Loss, MSE, RMSE, MAE, MAPE: 32072672.00, 32072671.00, 5543.04, 4237.68, 4.59%
Test - Best epoch, Loss, MSE, RMSE, MAE, MAPE: 4, 37024540.00, 37024539.00, 5915.84, 4438.74, 4.68%
- Epoch 005, ExpID 55323
Train - Loss: 19451134.26
Val - Loss, MSE, RMSE, MAE, MAPE: 30965308.00, 30965305.67, 5453.36, 4153.79, 4.50%
Test - Best epoch, Loss, MSE, RMSE, MAE, MAPE: 5, 37203040.00, 37203037.00, 5929.95, 4457.12, 4.70%
- Epoch 006, ExpID 55323
Train - Loss: 18699629.47
Val - Loss, MSE, RMSE, MAE, MAPE: 31887904.00, 31887902.00, 5513.20, 4249.14, 4.57%
Test - Best epoch, Loss, MSE, RMSE, MAE, MAPE: 5, 37203040.00, 37203037.00, 5929.95, 4457.12, 4.70%
- Epoch 007, ExpID 55323
Train - Loss: 18079169.71
Val - Loss, MSE, RMSE, MAE, MAPE: 32442614.00, 32442612.67, 5556.18, 4238.83, 4.57%
Test - Best epoch, Loss, MSE, RMSE, MAE, MAPE: 5, 37203040.00, 37203037.00, 5929.95, 4457.12, 4.70%
- Epoch 008, ExpID 55323
Train - Loss: 17393001.92
Val - Loss, MSE, RMSE, MAE, MAPE: 31420872.00, 31420872.33, 5472.64, 4170.37, 4.50%
Test - Best epoch, Loss, MSE, RMSE, MAE, MAPE: 5, 37203040.00, 37203037.00, 5929.95, 4457.12, 4.70%
- Epoch 009, ExpID 55323
Train - Loss: 17119575.21
Val - Loss, MSE, RMSE, MAE, MAPE: 32410734.00, 32410732.67, 5535.75, 4230.77, 4.55%
Test - Best epoch, Loss, MSE, RMSE, MAE, MAPE: 5, 37203040.00, 37203037.00, 5929.95, 4457.12, 4.70%
- Epoch 010, ExpID 55323
Train - Loss: 16332956.27
Val - Loss, MSE, RMSE, MAE, MAPE: 31756302.00, 31756300.33, 5505.70, 4159.78, 4.50%
Test - Best epoch, Loss, MSE, RMSE, MAE, MAPE: 5, 37203040.00, 37203037.00, 5929.95, 4457.12, 4.70%
- Epoch 011, ExpID 55323
Train - Loss: 15986418.16
Val - Loss, MSE, RMSE, MAE, MAPE: 33405024.00, 33405024.00, 5614.08, 4225.43, 4.53%
Test - Best epoch, Loss, MSE, RMSE, MAE, MAPE: 5, 37203040.00, 37203037.00, 5929.95, 4457.12, 4.70%
- Epoch 012, ExpID 55323
Train - Loss: 15348924.38
Val - Loss, MSE, RMSE, MAE, MAPE: 32819278.00, 32819276.67, 5537.56, 4206.64, 4.51%
Test - Best epoch, Loss, MSE, RMSE, MAE, MAPE: 5, 37203040.00, 37203037.00, 5929.95, 4457.12, 4.70%
- Epoch 013, ExpID 55323
Train - Loss: 15072762.32
Val - Loss, MSE, RMSE, MAE, MAPE: 32935206.00, 32935204.67, 5578.90, 4273.52, 4.63%
Test - Best epoch, Loss, MSE, RMSE, MAE, MAPE: 5, 37203040.00, 37203037.00, 5929.95, 4457.12, 4.70%
- Epoch 014, ExpID 55323
Train - Loss: 14600033.78
Val - Loss, MSE, RMSE, MAE, MAPE: 33876160.00, 33876160.67, 5679.07, 4318.46, 4.69%
Test - Best epoch, Loss, MSE, RMSE, MAE, MAPE: 5, 37203040.00, 37203037.00, 5929.95, 4457.12, 4.70%
- Epoch 015, ExpID 55323
Train - Loss: 14020595.43
Val - Loss, MSE, RMSE, MAE, MAPE: 32990732.00, 32990730.33, 5574.42, 4210.11, 4.54%
Test - Best epoch, Loss, MSE, RMSE, MAE, MAPE: 5, 37203040.00, 37203037.00, 5929.95, 4457.12, 4.70%
Early Stopping at Epoch 15
Fold 2019 Best RMSE: 5929.9545
