DETAILED LOG | Model: patchtst | Seed: 2
FULL CONFIG: {'gpu': '0', 'target': 'departure', 'cv_start_year': 2017, 'cv_end_year': 2019, 'test_year': 2024, 'use_corona': False, 'seq_len': 365, 'label_len': 0, 'pred_len': 7, 'batch_size': 64, 'epochs': 1000, 'patience': 10, 'lr': 1e-05, 'model': 'patchtst', 'd_model': 64, 'n_heads': 1, 'n_layers': 1, 'dropout': 0.1, 'activation': 'gelu', 'patch_len': 7, 'factor': 5, 'norm_mode': 'revin', 'use_dbloss': False, 'device': device(type='cuda'), 'stride': 7, 'file_path': 'dataset/airport_daily_flight_merged.csv', 'seed': 2, 'val_year': 2019, 'ndims': 1}

-------------------- [Fold: 2017] ExpID: 40975 --------------------
- Epoch 000, ExpID 40975
Train - Loss: 41845128.16
Val - Loss, MSE, RMSE, MAE, MAPE: 77375696.00, 77375692.67, 8456.02, 7031.37, 8.72%
Test - Best epoch, Loss, MSE, RMSE, MAE, MAPE: 0, 84977392.00, 84977394.67, 9046.19, 7267.01, 8.65%
- Epoch 001, ExpID 40975
Train - Loss: 34990975.84
Val - Loss, MSE, RMSE, MAE, MAPE: 66184376.00, 66184374.00, 7808.41, 6472.52, 8.03%
Test - Best epoch, Loss, MSE, RMSE, MAE, MAPE: 1, 72789616.00, 72789612.00, 8333.13, 6631.49, 7.89%
- Epoch 002, ExpID 40975
Train - Loss: 31639831.63
Val - Loss, MSE, RMSE, MAE, MAPE: 58794904.00, 58794903.00, 7364.91, 6076.39, 7.55%
Test - Best epoch, Loss, MSE, RMSE, MAE, MAPE: 2, 65463976.00, 65463975.00, 7854.50, 6208.33, 7.40%
- Epoch 003, ExpID 40975
Train - Loss: 29372350.83
Val - Loss, MSE, RMSE, MAE, MAPE: 53976008.00, 53976001.33, 7061.85, 5805.51, 7.22%
Test - Best epoch, Loss, MSE, RMSE, MAE, MAPE: 3, 60722952.00, 60722945.67, 7520.61, 5906.25, 7.04%
- Epoch 004, ExpID 40975
Train - Loss: 27715479.49
Val - Loss, MSE, RMSE, MAE, MAPE: 51158892.00, 51158890.00, 6872.93, 5645.32, 7.02%
Test - Best epoch, Loss, MSE, RMSE, MAE, MAPE: 4, 57772316.00, 57772318.33, 7299.97, 5701.49, 6.78%
- Epoch 005, ExpID 40975
Train - Loss: 26293953.25
Val - Loss, MSE, RMSE, MAE, MAPE: 48822416.00, 48822423.00, 6717.74, 5505.01, 6.85%
Test - Best epoch, Loss, MSE, RMSE, MAE, MAPE: 5, 55591260.00, 55591261.33, 7131.70, 5540.97, 6.59%
- Epoch 006, ExpID 40975
Train - Loss: 25612967.09
Val - Loss, MSE, RMSE, MAE, MAPE: 47291480.00, 47291475.67, 6610.67, 5407.87, 6.72%
Test - Best epoch, Loss, MSE, RMSE, MAE, MAPE: 6, 54163608.00, 54163606.33, 7019.23, 5432.84, 6.45%
- Epoch 007, ExpID 40975
Train - Loss: 24965232.88
Val - Loss, MSE, RMSE, MAE, MAPE: 45000224.00, 45000227.33, 6460.02, 5268.76, 6.56%
Test - Best epoch, Loss, MSE, RMSE, MAE, MAPE: 7, 52833336.00, 52833333.67, 6917.68, 5332.92, 6.34%
- Epoch 008, ExpID 40975
Train - Loss: 24126220.05
Val - Loss, MSE, RMSE, MAE, MAPE: 44152584.00, 44152582.00, 6399.91, 5204.53, 6.48%
Test - Best epoch, Loss, MSE, RMSE, MAE, MAPE: 8, 52060024.00, 52060022.67, 6854.79, 5270.05, 6.26%
- Epoch 009, ExpID 40975
Train - Loss: 23766748.40
Val - Loss, MSE, RMSE, MAE, MAPE: 42707112.00, 42707107.67, 6295.30, 5117.53, 6.38%
Test - Best epoch, Loss, MSE, RMSE, MAE, MAPE: 9, 51119932.00, 51119930.00, 6782.90, 5194.73, 6.18%
- Epoch 010, ExpID 40975
Train - Loss: 23294300.23
Val - Loss, MSE, RMSE, MAE, MAPE: 41939120.00, 41939116.67, 6238.91, 5067.28, 6.32%
Test - Best epoch, Loss, MSE, RMSE, MAE, MAPE: 10, 50445416.00, 50445411.67, 6731.88, 5141.25, 6.12%
- Epoch 011, ExpID 40975
Train - Loss: 22623714.79
Val - Loss, MSE, RMSE, MAE, MAPE: 41213956.00, 41213955.00, 6187.97, 5021.61, 6.26%
Test - Best epoch, Loss, MSE, RMSE, MAE, MAPE: 11, 49847324.00, 49847323.67, 6683.77, 5096.14, 6.06%
- Epoch 012, ExpID 40975
Train - Loss: 22255412.15
Val - Loss, MSE, RMSE, MAE, MAPE: 40225800.00, 40225800.17, 6114.26, 4957.08, 6.18%
Test - Best epoch, Loss, MSE, RMSE, MAE, MAPE: 12, 49258264.00, 49258256.50, 6639.84, 5047.70, 6.01%
- Epoch 013, ExpID 40975
Train - Loss: 21870119.49
Val - Loss, MSE, RMSE, MAE, MAPE: 39713600.00, 39713599.50, 6076.27, 4923.99, 6.14%
Test - Best epoch, Loss, MSE, RMSE, MAE, MAPE: 13, 48809336.00, 48809336.17, 6605.18, 5011.85, 5.97%
- Epoch 014, ExpID 40975
Train - Loss: 21700544.91
Val - Loss, MSE, RMSE, MAE, MAPE: 39065408.00, 39065410.33, 6029.02, 4885.80, 6.09%
Test - Best epoch, Loss, MSE, RMSE, MAE, MAPE: 14, 48386152.00, 48386150.00, 6571.13, 4977.58, 5.93%
- Epoch 015, ExpID 40975
Train - Loss: 21339907.15
Val - Loss, MSE, RMSE, MAE, MAPE: 39534720.00, 39534722.00, 6055.06, 4911.21, 6.11%
Test - Best epoch, Loss, MSE, RMSE, MAE, MAPE: 14, 48386152.00, 48386150.00, 6571.13, 4977.58, 5.93%
- Epoch 016, ExpID 40975
Train - Loss: 20911396.19
Val - Loss, MSE, RMSE, MAE, MAPE: 38379464.00, 38379465.50, 5969.88, 4844.39, 6.04%
Test - Best epoch, Loss, MSE, RMSE, MAE, MAPE: 16, 47571308.00, 47571307.33, 6506.87, 4906.69, 5.84%
- Epoch 017, ExpID 40975
Train - Loss: 20734259.33
Val - Loss, MSE, RMSE, MAE, MAPE: 37881544.00, 37881540.50, 5935.10, 4807.35, 5.99%
Test - Best epoch, Loss, MSE, RMSE, MAE, MAPE: 17, 47281832.00, 47281830.33, 6485.96, 4886.19, 5.82%
- Epoch 018, ExpID 40975
Train - Loss: 20598076.71
Val - Loss, MSE, RMSE, MAE, MAPE: 37270900.00, 37270901.83, 5886.19, 4766.04, 5.94%
Test - Best epoch, Loss, MSE, RMSE, MAE, MAPE: 18, 46737532.00, 46737534.67, 6443.00, 4838.11, 5.77%
- Epoch 019, ExpID 40975
Train - Loss: 20222003.21
Val - Loss, MSE, RMSE, MAE, MAPE: 36883768.00, 36883765.00, 5856.69, 4746.69, 5.92%
Test - Best epoch, Loss, MSE, RMSE, MAE, MAPE: 19, 46480720.00, 46480716.33, 6424.21, 4820.58, 5.75%
- Epoch 020, ExpID 40975
Train - Loss: 20146637.32
Val - Loss, MSE, RMSE, MAE, MAPE: 37159952.00, 37159949.83, 5876.26, 4771.43, 5.94%
Test - Best epoch, Loss, MSE, RMSE, MAE, MAPE: 19, 46480720.00, 46480716.33, 6424.21, 4820.58, 5.75%
- Epoch 021, ExpID 40975
Train - Loss: 20397076.59
Val - Loss, MSE, RMSE, MAE, MAPE: 36801148.00, 36801144.67, 5846.46, 4741.45, 5.90%
Test - Best epoch, Loss, MSE, RMSE, MAE, MAPE: 21, 45939896.00, 45939891.33, 6380.41, 4778.82, 5.70%
- Epoch 022, ExpID 40975
Train - Loss: 19769247.89
Val - Loss, MSE, RMSE, MAE, MAPE: 36209556.00, 36209556.00, 5801.57, 4700.95, 5.86%
Test - Best epoch, Loss, MSE, RMSE, MAE, MAPE: 22, 45692428.00, 45692426.33, 6362.35, 4752.16, 5.67%
- Epoch 023, ExpID 40975
Train - Loss: 19623527.64
Val - Loss, MSE, RMSE, MAE, MAPE: 35997536.00, 35997532.50, 5781.98, 4690.08, 5.84%
Test - Best epoch, Loss, MSE, RMSE, MAE, MAPE: 23, 45339840.00, 45339841.00, 6334.68, 4730.13, 5.64%
- Epoch 024, ExpID 40975
Train - Loss: 19418729.76
Val - Loss, MSE, RMSE, MAE, MAPE: 36097280.00, 36097279.17, 5785.47, 4701.36, 5.86%
Test - Best epoch, Loss, MSE, RMSE, MAE, MAPE: 23, 45339840.00, 45339841.00, 6334.68, 4730.13, 5.64%
- Epoch 025, ExpID 40975
Train - Loss: 19331511.63
Val - Loss, MSE, RMSE, MAE, MAPE: 35964584.00, 35964582.50, 5772.67, 4691.66, 5.84%
Test - Best epoch, Loss, MSE, RMSE, MAE, MAPE: 25, 44870584.00, 44870580.50, 6295.58, 4692.60, 5.60%
- Epoch 026, ExpID 40975
Train - Loss: 19021283.08
Val - Loss, MSE, RMSE, MAE, MAPE: 35656980.00, 35656980.33, 5751.02, 4667.10, 5.82%
Test - Best epoch, Loss, MSE, RMSE, MAE, MAPE: 26, 44626360.00, 44626356.83, 6277.60, 4668.81, 5.57%
- Epoch 027, ExpID 40975
Train - Loss: 18808480.69
Val - Loss, MSE, RMSE, MAE, MAPE: 35399544.00, 35399543.17, 5731.17, 4661.07, 5.81%
Test - Best epoch, Loss, MSE, RMSE, MAE, MAPE: 27, 44383984.00, 44383984.17, 6258.75, 4648.06, 5.55%
- Epoch 028, ExpID 40975
Train - Loss: 18817707.73
Val - Loss, MSE, RMSE, MAE, MAPE: 35073940.00, 35073939.83, 5702.70, 4629.62, 5.77%
Test - Best epoch, Loss, MSE, RMSE, MAE, MAPE: 28, 44091900.00, 44091902.17, 6236.26, 4626.51, 5.53%
- Epoch 029, ExpID 40975
Train - Loss: 18735378.61
Val - Loss, MSE, RMSE, MAE, MAPE: 35567080.00, 35567076.00, 5734.52, 4667.02, 5.81%
Test - Best epoch, Loss, MSE, RMSE, MAE, MAPE: 28, 44091900.00, 44091902.17, 6236.26, 4626.51, 5.53%
- Epoch 030, ExpID 40975
Train - Loss: 18501770.67
Val - Loss, MSE, RMSE, MAE, MAPE: 35591372.00, 35591371.50, 5737.15, 4677.33, 5.83%
Test - Best epoch, Loss, MSE, RMSE, MAE, MAPE: 28, 44091900.00, 44091902.17, 6236.26, 4626.51, 5.53%
- Epoch 031, ExpID 40975
Train - Loss: 18463822.77
Val - Loss, MSE, RMSE, MAE, MAPE: 35344932.00, 35344930.17, 5713.76, 4660.74, 5.81%
Test - Best epoch, Loss, MSE, RMSE, MAE, MAPE: 28, 44091900.00, 44091902.17, 6236.26, 4626.51, 5.53%
- Epoch 032, ExpID 40975
Train - Loss: 18251706.60
Val - Loss, MSE, RMSE, MAE, MAPE: 35201900.00, 35201897.50, 5695.80, 4646.01, 5.79%
Test - Best epoch, Loss, MSE, RMSE, MAE, MAPE: 28, 44091900.00, 44091902.17, 6236.26, 4626.51, 5.53%
- Epoch 033, ExpID 40975
Train - Loss: 18346161.71
Val - Loss, MSE, RMSE, MAE, MAPE: 34520444.00, 34520442.50, 5646.97, 4595.61, 5.74%
Test - Best epoch, Loss, MSE, RMSE, MAE, MAPE: 33, 43179088.00, 43179084.17, 6163.25, 4541.63, 5.44%
- Epoch 034, ExpID 40975
Train - Loss: 18237962.15
Val - Loss, MSE, RMSE, MAE, MAPE: 35385912.00, 35385909.50, 5712.91, 4658.24, 5.80%
Test - Best epoch, Loss, MSE, RMSE, MAE, MAPE: 33, 43179088.00, 43179084.17, 6163.25, 4541.63, 5.44%
- Epoch 035, ExpID 40975
Train - Loss: 18120326.07
Val - Loss, MSE, RMSE, MAE, MAPE: 35066084.00, 35066082.83, 5689.60, 4639.79, 5.79%
Test - Best epoch, Loss, MSE, RMSE, MAE, MAPE: 33, 43179088.00, 43179084.17, 6163.25, 4541.63, 5.44%
- Epoch 036, ExpID 40975
Train - Loss: 17836754.36
Val - Loss, MSE, RMSE, MAE, MAPE: 35565908.00, 35565907.17, 5721.74, 4675.52, 5.82%
Test - Best epoch, Loss, MSE, RMSE, MAE, MAPE: 33, 43179088.00, 43179084.17, 6163.25, 4541.63, 5.44%
- Epoch 037, ExpID 40975
Train - Loss: 17680965.09
Val - Loss, MSE, RMSE, MAE, MAPE: 34934400.00, 34934399.67, 5679.09, 4640.45, 5.79%
Test - Best epoch, Loss, MSE, RMSE, MAE, MAPE: 33, 43179088.00, 43179084.17, 6163.25, 4541.63, 5.44%
- Epoch 038, ExpID 40975
Train - Loss: 17865798.35
Val - Loss, MSE, RMSE, MAE, MAPE: 34586256.00, 34586256.17, 5649.03, 4605.38, 5.75%
Test - Best epoch, Loss, MSE, RMSE, MAE, MAPE: 33, 43179088.00, 43179084.17, 6163.25, 4541.63, 5.44%
- Epoch 039, ExpID 40975
Train - Loss: 17726293.16
Val - Loss, MSE, RMSE, MAE, MAPE: 34953028.00, 34953025.83, 5676.02, 4632.28, 5.78%
Test - Best epoch, Loss, MSE, RMSE, MAE, MAPE: 33, 43179088.00, 43179084.17, 6163.25, 4541.63, 5.44%
- Epoch 040, ExpID 40975
Train - Loss: 17770025.41
Val - Loss, MSE, RMSE, MAE, MAPE: 35368424.00, 35368423.50, 5703.70, 4665.64, 5.82%
Test - Best epoch, Loss, MSE, RMSE, MAE, MAPE: 33, 43179088.00, 43179084.17, 6163.25, 4541.63, 5.44%
- Epoch 041, ExpID 40975
Train - Loss: 17467005.80
Val - Loss, MSE, RMSE, MAE, MAPE: 34687152.00, 34687150.50, 5649.39, 4608.09, 5.75%
Test - Best epoch, Loss, MSE, RMSE, MAE, MAPE: 33, 43179088.00, 43179084.17, 6163.25, 4541.63, 5.44%
- Epoch 042, ExpID 40975
Train - Loss: 17452608.55
Val - Loss, MSE, RMSE, MAE, MAPE: 34725784.00, 34725778.50, 5649.90, 4618.91, 5.77%
Test - Best epoch, Loss, MSE, RMSE, MAE, MAPE: 33, 43179088.00, 43179084.17, 6163.25, 4541.63, 5.44%
- Epoch 043, ExpID 40975
Train - Loss: 17608458.40
Val - Loss, MSE, RMSE, MAE, MAPE: 35683320.00, 35683319.83, 5719.29, 4684.01, 5.84%
Test - Best epoch, Loss, MSE, RMSE, MAE, MAPE: 33, 43179088.00, 43179084.17, 6163.25, 4541.63, 5.44%
Early Stopping at Epoch 43
Fold 2017 Best RMSE: 6163.2468

-------------------- [Fold: 2018] ExpID: 80000 --------------------
- Epoch 000, ExpID 80000
Train - Loss: 48053632.30
Val - Loss, MSE, RMSE, MAE, MAPE: 79865808.00, 79865803.33, 8748.58, 6918.94, 8.23%
Test - Best epoch, Loss, MSE, RMSE, MAE, MAPE: 0, 68288264.00, 68288262.00, 8144.37, 6491.13, 6.93%
- Epoch 001, ExpID 80000
Train - Loss: 37845669.30
Val - Loss, MSE, RMSE, MAE, MAPE: 67839048.00, 67839041.33, 8008.90, 6316.44, 7.57%
Test - Best epoch, Loss, MSE, RMSE, MAE, MAPE: 1, 55017440.00, 55017437.33, 7322.89, 5802.72, 6.23%
- Epoch 002, ExpID 80000
Train - Loss: 34107629.62
Val - Loss, MSE, RMSE, MAE, MAPE: 61908344.00, 61908342.00, 7599.34, 5964.40, 7.16%
Test - Best epoch, Loss, MSE, RMSE, MAE, MAPE: 2, 49083308.00, 49083305.00, 6916.19, 5463.57, 5.87%
- Epoch 003, ExpID 80000
Train - Loss: 31248962.32
Val - Loss, MSE, RMSE, MAE, MAPE: 58119740.00, 58119739.00, 7317.74, 5711.82, 6.85%
Test - Best epoch, Loss, MSE, RMSE, MAE, MAPE: 3, 45496108.00, 45496103.00, 6650.92, 5254.48, 5.65%
- Epoch 004, ExpID 80000
Train - Loss: 29902384.93
Val - Loss, MSE, RMSE, MAE, MAPE: 55660384.00, 55660388.33, 7126.03, 5533.97, 6.63%
Test - Best epoch, Loss, MSE, RMSE, MAE, MAPE: 4, 43114628.00, 43114627.00, 6465.75, 5113.76, 5.50%
- Epoch 005, ExpID 80000
Train - Loss: 28661986.55
Val - Loss, MSE, RMSE, MAE, MAPE: 53794044.00, 53794049.33, 6977.64, 5404.52, 6.47%
Test - Best epoch, Loss, MSE, RMSE, MAE, MAPE: 5, 41457296.00, 41457293.67, 6330.06, 5009.61, 5.38%
- Epoch 006, ExpID 80000
Train - Loss: 27663056.02
Val - Loss, MSE, RMSE, MAE, MAPE: 52458344.00, 52458338.67, 6866.94, 5301.25, 6.34%
Test - Best epoch, Loss, MSE, RMSE, MAE, MAPE: 6, 40280276.00, 40280274.00, 6231.26, 4932.02, 5.30%
- Epoch 007, ExpID 80000
Train - Loss: 26912473.98
Val - Loss, MSE, RMSE, MAE, MAPE: 51326456.00, 51326453.00, 6776.77, 5210.32, 6.24%
Test - Best epoch, Loss, MSE, RMSE, MAE, MAPE: 7, 39241648.00, 39241649.67, 6145.35, 4864.43, 5.23%
- Epoch 008, ExpID 80000
Train - Loss: 26039771.07
Val - Loss, MSE, RMSE, MAE, MAPE: 50402028.00, 50402025.33, 6703.36, 5129.48, 6.15%
Test - Best epoch, Loss, MSE, RMSE, MAE, MAPE: 8, 38356904.00, 38356901.67, 6072.25, 4807.75, 5.17%
- Epoch 009, ExpID 80000
Train - Loss: 25487752.73
Val - Loss, MSE, RMSE, MAE, MAPE: 49708204.00, 49708201.67, 6647.53, 5076.55, 6.09%
Test - Best epoch, Loss, MSE, RMSE, MAE, MAPE: 9, 37808196.00, 37808195.33, 6026.86, 4769.15, 5.13%
- Epoch 010, ExpID 80000
Train - Loss: 24863689.11
Val - Loss, MSE, RMSE, MAE, MAPE: 49057440.00, 49057440.33, 6593.15, 5022.71, 6.02%
Test - Best epoch, Loss, MSE, RMSE, MAE, MAPE: 10, 37299032.00, 37299032.67, 5984.29, 4732.38, 5.09%
- Epoch 011, ExpID 80000
Train - Loss: 24499708.71
Val - Loss, MSE, RMSE, MAE, MAPE: 48424300.00, 48424300.00, 6544.82, 4963.14, 5.96%
Test - Best epoch, Loss, MSE, RMSE, MAE, MAPE: 11, 36769464.00, 36769458.67, 5940.05, 4694.38, 5.06%
- Epoch 012, ExpID 80000
Train - Loss: 24197459.06
Val - Loss, MSE, RMSE, MAE, MAPE: 47936864.00, 47936862.00, 6502.47, 4925.07, 5.91%
Test - Best epoch, Loss, MSE, RMSE, MAE, MAPE: 12, 36508148.00, 36508146.00, 5917.98, 4676.26, 5.03%
- Epoch 013, ExpID 80000
Train - Loss: 23703801.38
Val - Loss, MSE, RMSE, MAE, MAPE: 47299136.00, 47299138.00, 6452.45, 4864.87, 5.84%
Test - Best epoch, Loss, MSE, RMSE, MAE, MAPE: 13, 35907088.00, 35907086.67, 5869.80, 4632.39, 4.99%
- Epoch 014, ExpID 80000
Train - Loss: 23352932.60
Val - Loss, MSE, RMSE, MAE, MAPE: 46910000.00, 46909996.67, 6421.54, 4829.82, 5.80%
Test - Best epoch, Loss, MSE, RMSE, MAE, MAPE: 14, 35533160.00, 35533161.00, 5839.60, 4603.50, 4.96%
- Epoch 015, ExpID 80000
Train - Loss: 23221111.59
Val - Loss, MSE, RMSE, MAE, MAPE: 46641276.00, 46641275.00, 6398.85, 4808.36, 5.78%
Test - Best epoch, Loss, MSE, RMSE, MAE, MAPE: 15, 35349584.00, 35349583.00, 5826.01, 4589.82, 4.95%
- Epoch 016, ExpID 80000
Train - Loss: 22800094.41
Val - Loss, MSE, RMSE, MAE, MAPE: 46284492.00, 46284490.17, 6371.02, 4770.54, 5.74%
Test - Best epoch, Loss, MSE, RMSE, MAE, MAPE: 16, 35067576.00, 35067573.33, 5805.03, 4571.86, 4.93%
- Epoch 017, ExpID 80000
Train - Loss: 22611862.96
Val - Loss, MSE, RMSE, MAE, MAPE: 45897248.00, 45897246.33, 6338.96, 4741.49, 5.70%
Test - Best epoch, Loss, MSE, RMSE, MAE, MAPE: 17, 34761008.00, 34761008.00, 5780.60, 4543.45, 4.90%
- Epoch 018, ExpID 80000
Train - Loss: 22199937.94
Val - Loss, MSE, RMSE, MAE, MAPE: 45614104.00, 45614103.00, 6318.87, 4708.96, 5.67%
Test - Best epoch, Loss, MSE, RMSE, MAE, MAPE: 18, 34550844.00, 34550843.33, 5764.64, 4531.29, 4.90%
- Epoch 019, ExpID 80000
Train - Loss: 22127391.62
Val - Loss, MSE, RMSE, MAE, MAPE: 45332492.00, 45332491.50, 6295.74, 4678.64, 5.64%
Test - Best epoch, Loss, MSE, RMSE, MAE, MAPE: 19, 34367156.00, 34367154.33, 5748.98, 4515.90, 4.88%
- Epoch 020, ExpID 80000
Train - Loss: 22127092.50
Val - Loss, MSE, RMSE, MAE, MAPE: 44921008.00, 44921008.33, 6265.23, 4639.32, 5.60%
Test - Best epoch, Loss, MSE, RMSE, MAE, MAPE: 20, 34088532.00, 34088530.00, 5727.44, 4493.45, 4.86%
- Epoch 021, ExpID 80000
Train - Loss: 21531170.69
Val - Loss, MSE, RMSE, MAE, MAPE: 44815084.00, 44815079.00, 6252.27, 4631.62, 5.58%
Test - Best epoch, Loss, MSE, RMSE, MAE, MAPE: 21, 33979792.00, 33979788.67, 5719.70, 4485.69, 4.85%
- Epoch 022, ExpID 80000
Train - Loss: 21377900.35
Val - Loss, MSE, RMSE, MAE, MAPE: 44612552.00, 44612553.50, 6231.89, 4615.53, 5.55%
Test - Best epoch, Loss, MSE, RMSE, MAE, MAPE: 22, 33865408.00, 33865408.67, 5710.55, 4482.65, 4.84%
- Epoch 023, ExpID 80000
Train - Loss: 20938051.38
Val - Loss, MSE, RMSE, MAE, MAPE: 44517012.00, 44517012.33, 6224.07, 4601.62, 5.54%
Test - Best epoch, Loss, MSE, RMSE, MAE, MAPE: 23, 33770384.00, 33770381.33, 5703.06, 4475.86, 4.83%
- Epoch 024, ExpID 80000
Train - Loss: 21286365.76
Val - Loss, MSE, RMSE, MAE, MAPE: 44319580.00, 44319576.33, 6207.62, 4585.41, 5.52%
Test - Best epoch, Loss, MSE, RMSE, MAE, MAPE: 24, 33591120.00, 33591120.33, 5689.72, 4468.94, 4.83%
- Epoch 025, ExpID 80000
Train - Loss: 20788784.75
Val - Loss, MSE, RMSE, MAE, MAPE: 43990864.00, 43990857.83, 6181.23, 4549.84, 5.48%
Test - Best epoch, Loss, MSE, RMSE, MAE, MAPE: 25, 33371502.00, 33371501.00, 5670.33, 4449.99, 4.81%
- Epoch 026, ExpID 80000
Train - Loss: 20847829.89
Val - Loss, MSE, RMSE, MAE, MAPE: 43931352.00, 43931352.17, 6174.44, 4549.31, 5.47%
Test - Best epoch, Loss, MSE, RMSE, MAE, MAPE: 26, 33331864.00, 33331864.67, 5668.81, 4450.85, 4.81%
- Epoch 027, ExpID 80000
Train - Loss: 20596326.76
Val - Loss, MSE, RMSE, MAE, MAPE: 43702148.00, 43702144.67, 6157.01, 4524.21, 5.45%
Test - Best epoch, Loss, MSE, RMSE, MAE, MAPE: 27, 33185148.00, 33185146.67, 5656.75, 4442.61, 4.80%
- Epoch 028, ExpID 80000
Train - Loss: 20455783.01
Val - Loss, MSE, RMSE, MAE, MAPE: 43561768.00, 43561765.50, 6149.12, 4506.71, 5.43%
Test - Best epoch, Loss, MSE, RMSE, MAE, MAPE: 28, 33095808.00, 33095807.00, 5650.56, 4435.71, 4.80%
- Epoch 029, ExpID 80000
Train - Loss: 20288445.73
Val - Loss, MSE, RMSE, MAE, MAPE: 43401548.00, 43401544.67, 6135.98, 4492.05, 5.42%
Test - Best epoch, Loss, MSE, RMSE, MAE, MAPE: 29, 33021166.00, 33021163.00, 5644.82, 4428.21, 4.79%
- Epoch 030, ExpID 80000
Train - Loss: 20039264.00
Val - Loss, MSE, RMSE, MAE, MAPE: 43300876.00, 43300876.00, 6124.34, 4484.82, 5.40%
Test - Best epoch, Loss, MSE, RMSE, MAE, MAPE: 30, 32889732.00, 32889730.33, 5634.05, 4422.43, 4.78%
- Epoch 031, ExpID 80000
Train - Loss: 20176958.24
Val - Loss, MSE, RMSE, MAE, MAPE: 43149416.00, 43149414.83, 6112.41, 4476.49, 5.39%
Test - Best epoch, Loss, MSE, RMSE, MAE, MAPE: 31, 32811830.00, 32811831.00, 5628.23, 4415.41, 4.77%
- Epoch 032, ExpID 80000
Train - Loss: 19923030.12
Val - Loss, MSE, RMSE, MAE, MAPE: 42941468.00, 42941464.00, 6099.82, 4448.03, 5.37%
Test - Best epoch, Loss, MSE, RMSE, MAE, MAPE: 32, 32648344.00, 32648346.33, 5614.80, 4402.27, 4.77%
- Epoch 033, ExpID 80000
Train - Loss: 19841845.30
Val - Loss, MSE, RMSE, MAE, MAPE: 42891368.00, 42891369.00, 6095.81, 4442.83, 5.36%
Test - Best epoch, Loss, MSE, RMSE, MAE, MAPE: 33, 32630718.00, 32630714.67, 5615.33, 4400.06, 4.77%
- Epoch 034, ExpID 80000
Train - Loss: 19627812.96
Val - Loss, MSE, RMSE, MAE, MAPE: 42690884.00, 42690882.17, 6079.35, 4427.30, 5.34%
Test - Best epoch, Loss, MSE, RMSE, MAE, MAPE: 34, 32457104.00, 32457102.00, 5600.18, 4388.89, 4.75%
- Epoch 035, ExpID 80000
Train - Loss: 19658123.77
Val - Loss, MSE, RMSE, MAE, MAPE: 42609844.00, 42609842.50, 6072.78, 4426.49, 5.34%
Test - Best epoch, Loss, MSE, RMSE, MAE, MAPE: 35, 32352032.00, 32352034.00, 5591.30, 4379.34, 4.74%
- Epoch 036, ExpID 80000
Train - Loss: 19450798.84
Val - Loss, MSE, RMSE, MAE, MAPE: 42482680.00, 42482680.17, 6062.51, 4413.84, 5.33%
Test - Best epoch, Loss, MSE, RMSE, MAE, MAPE: 36, 32289534.00, 32289531.67, 5585.44, 4374.88, 4.74%
- Epoch 037, ExpID 80000
Train - Loss: 19310342.24
Val - Loss, MSE, RMSE, MAE, MAPE: 42455044.00, 42455041.50, 6062.23, 4411.27, 5.32%
Test - Best epoch, Loss, MSE, RMSE, MAE, MAPE: 37, 32272636.00, 32272633.67, 5585.33, 4373.07, 4.74%
- Epoch 038, ExpID 80000
Train - Loss: 19275591.43
Val - Loss, MSE, RMSE, MAE, MAPE: 42296024.00, 42296020.83, 6046.51, 4397.92, 5.30%
Test - Best epoch, Loss, MSE, RMSE, MAE, MAPE: 38, 32089454.00, 32089451.67, 5568.76, 4363.11, 4.72%
- Epoch 039, ExpID 80000
Train - Loss: 19198425.56
Val - Loss, MSE, RMSE, MAE, MAPE: 42217412.00, 42217410.50, 6044.24, 4384.83, 5.30%
Test - Best epoch, Loss, MSE, RMSE, MAE, MAPE: 39, 32038108.00, 32038105.33, 5564.74, 4353.57, 4.72%
- Epoch 040, ExpID 80000
Train - Loss: 19239587.34
Val - Loss, MSE, RMSE, MAE, MAPE: 42074216.00, 42074212.83, 6034.80, 4369.34, 5.28%
Test - Best epoch, Loss, MSE, RMSE, MAE, MAPE: 40, 31869996.00, 31869992.67, 5550.13, 4334.56, 4.70%
- Epoch 041, ExpID 80000
Train - Loss: 19125024.10
Val - Loss, MSE, RMSE, MAE, MAPE: 42004756.00, 42004752.83, 6028.88, 4366.75, 5.28%
Test - Best epoch, Loss, MSE, RMSE, MAE, MAPE: 41, 31833384.00, 31833384.33, 5547.36, 4332.95, 4.70%
- Epoch 042, ExpID 80000
Train - Loss: 19089274.46
Val - Loss, MSE, RMSE, MAE, MAPE: 41958632.00, 41958630.33, 6027.68, 4357.41, 5.27%
Test - Best epoch, Loss, MSE, RMSE, MAE, MAPE: 42, 31801684.00, 31801682.67, 5544.98, 4325.71, 4.70%
- Epoch 043, ExpID 80000
Train - Loss: 18974916.85
Val - Loss, MSE, RMSE, MAE, MAPE: 41945476.00, 41945475.67, 6019.24, 4368.75, 5.27%
Test - Best epoch, Loss, MSE, RMSE, MAE, MAPE: 43, 31809782.00, 31809783.00, 5545.87, 4332.10, 4.69%
- Epoch 044, ExpID 80000
Train - Loss: 18941577.56
Val - Loss, MSE, RMSE, MAE, MAPE: 41811552.00, 41811554.83, 6011.21, 4350.42, 5.26%
Test - Best epoch, Loss, MSE, RMSE, MAE, MAPE: 44, 31605228.00, 31605226.67, 5527.98, 4310.56, 4.68%
- Epoch 045, ExpID 80000
Train - Loss: 19106673.00
Val - Loss, MSE, RMSE, MAE, MAPE: 41789240.00, 41789236.83, 6008.80, 4352.74, 5.26%
Test - Best epoch, Loss, MSE, RMSE, MAE, MAPE: 45, 31615104.00, 31615104.67, 5529.60, 4312.60, 4.68%
- Epoch 046, ExpID 80000
Train - Loss: 18768158.65
Val - Loss, MSE, RMSE, MAE, MAPE: 41730664.00, 41730667.33, 6007.34, 4334.57, 5.25%
Test - Best epoch, Loss, MSE, RMSE, MAE, MAPE: 46, 31578084.00, 31578082.67, 5527.45, 4305.27, 4.68%
- Epoch 047, ExpID 80000
Train - Loss: 18881135.06
Val - Loss, MSE, RMSE, MAE, MAPE: 41677120.00, 41677121.00, 5999.13, 4336.65, 5.24%
Test - Best epoch, Loss, MSE, RMSE, MAE, MAPE: 47, 31507358.00, 31507355.00, 5521.46, 4305.38, 4.67%
- Epoch 048, ExpID 80000
Train - Loss: 18649811.69
Val - Loss, MSE, RMSE, MAE, MAPE: 41625192.00, 41625193.17, 5993.65, 4338.45, 5.24%
Test - Best epoch, Loss, MSE, RMSE, MAE, MAPE: 48, 31424320.00, 31424320.00, 5513.67, 4296.96, 4.66%
- Epoch 049, ExpID 80000
Train - Loss: 18466175.18
Val - Loss, MSE, RMSE, MAE, MAPE: 41540096.00, 41540099.00, 5988.69, 4326.79, 5.23%
Test - Best epoch, Loss, MSE, RMSE, MAE, MAPE: 49, 31436416.00, 31436415.67, 5515.27, 4296.27, 4.66%
- Epoch 050, ExpID 80000
Train - Loss: 18788616.60
Val - Loss, MSE, RMSE, MAE, MAPE: 41457648.00, 41457644.50, 5983.52, 4317.43, 5.22%
Test - Best epoch, Loss, MSE, RMSE, MAE, MAPE: 50, 31394940.00, 31394937.33, 5512.01, 4289.13, 4.66%
- Epoch 051, ExpID 80000
Train - Loss: 18565889.44
Val - Loss, MSE, RMSE, MAE, MAPE: 41387012.00, 41387009.83, 5974.63, 4321.10, 5.22%
Test - Best epoch, Loss, MSE, RMSE, MAE, MAPE: 51, 31338574.00, 31338573.00, 5506.02, 4287.18, 4.65%
- Epoch 052, ExpID 80000
Train - Loss: 18711072.15
Val - Loss, MSE, RMSE, MAE, MAPE: 41397504.00, 41397506.17, 5977.76, 4326.11, 5.23%
Test - Best epoch, Loss, MSE, RMSE, MAE, MAPE: 51, 31338574.00, 31338573.00, 5506.02, 4287.18, 4.65%
- Epoch 053, ExpID 80000
Train - Loss: 18299852.09
Val - Loss, MSE, RMSE, MAE, MAPE: 41361484.00, 41361481.83, 5975.59, 4314.88, 5.22%
Test - Best epoch, Loss, MSE, RMSE, MAE, MAPE: 53, 31274656.00, 31274656.67, 5501.65, 4278.92, 4.65%
- Epoch 054, ExpID 80000
Train - Loss: 18244088.25
Val - Loss, MSE, RMSE, MAE, MAPE: 41242664.00, 41242662.50, 5967.14, 4299.46, 5.21%
Test - Best epoch, Loss, MSE, RMSE, MAE, MAPE: 54, 31224598.00, 31224598.33, 5497.39, 4269.52, 4.64%
- Epoch 055, ExpID 80000
Train - Loss: 18182897.89
Val - Loss, MSE, RMSE, MAE, MAPE: 41167736.00, 41167732.67, 5962.17, 4296.09, 5.20%
Test - Best epoch, Loss, MSE, RMSE, MAE, MAPE: 55, 31148908.00, 31148905.67, 5490.70, 4263.97, 4.63%
- Epoch 056, ExpID 80000
Train - Loss: 18240175.98
Val - Loss, MSE, RMSE, MAE, MAPE: 41143488.00, 41143486.33, 5957.57, 4300.32, 5.20%
Test - Best epoch, Loss, MSE, RMSE, MAE, MAPE: 56, 31124366.00, 31124365.00, 5488.97, 4266.08, 4.63%
- Epoch 057, ExpID 80000
Train - Loss: 18064413.06
Val - Loss, MSE, RMSE, MAE, MAPE: 41191288.00, 41191288.67, 5963.71, 4303.89, 5.21%
Test - Best epoch, Loss, MSE, RMSE, MAE, MAPE: 56, 31124366.00, 31124365.00, 5488.97, 4266.08, 4.63%
- Epoch 058, ExpID 80000
Train - Loss: 18136216.46
Val - Loss, MSE, RMSE, MAE, MAPE: 41106416.00, 41106417.17, 5957.07, 4294.66, 5.20%
Test - Best epoch, Loss, MSE, RMSE, MAE, MAPE: 58, 31076016.00, 31076017.00, 5485.61, 4257.83, 4.63%
- Epoch 059, ExpID 80000
Train - Loss: 18160800.20
Val - Loss, MSE, RMSE, MAE, MAPE: 41257344.00, 41257344.00, 5967.38, 4312.10, 5.21%
Test - Best epoch, Loss, MSE, RMSE, MAE, MAPE: 58, 31076016.00, 31076017.00, 5485.61, 4257.83, 4.63%
- Epoch 060, ExpID 80000
Train - Loss: 18021568.45
Val - Loss, MSE, RMSE, MAE, MAPE: 41111068.00, 41111065.00, 5952.60, 4298.86, 5.20%
Test - Best epoch, Loss, MSE, RMSE, MAE, MAPE: 58, 31076016.00, 31076017.00, 5485.61, 4257.83, 4.63%
- Epoch 061, ExpID 80000
Train - Loss: 18163236.68
Val - Loss, MSE, RMSE, MAE, MAPE: 41081540.00, 41081540.50, 5947.61, 4295.73, 5.19%
Test - Best epoch, Loss, MSE, RMSE, MAE, MAPE: 61, 31012064.00, 31012065.33, 5480.09, 4258.64, 4.62%
- Epoch 062, ExpID 80000
Train - Loss: 17968366.09
Val - Loss, MSE, RMSE, MAE, MAPE: 41074080.00, 41074079.50, 5948.70, 4295.99, 5.20%
Test - Best epoch, Loss, MSE, RMSE, MAE, MAPE: 62, 30999398.00, 30999397.33, 5479.82, 4253.21, 4.62%
- Epoch 063, ExpID 80000
Train - Loss: 18137198.69
Val - Loss, MSE, RMSE, MAE, MAPE: 41123760.00, 41123762.00, 5951.88, 4306.49, 5.20%
Test - Best epoch, Loss, MSE, RMSE, MAE, MAPE: 62, 30999398.00, 30999397.33, 5479.82, 4253.21, 4.62%
- Epoch 064, ExpID 80000
Train - Loss: 18087355.55
Val - Loss, MSE, RMSE, MAE, MAPE: 40943232.00, 40943230.00, 5938.76, 4283.16, 5.18%
Test - Best epoch, Loss, MSE, RMSE, MAE, MAPE: 64, 30866880.00, 30866879.00, 5468.30, 4241.80, 4.61%
- Epoch 065, ExpID 80000
Train - Loss: 17967478.70
Val - Loss, MSE, RMSE, MAE, MAPE: 40997112.00, 40997110.33, 5942.80, 4291.57, 5.19%
Test - Best epoch, Loss, MSE, RMSE, MAE, MAPE: 64, 30866880.00, 30866879.00, 5468.30, 4241.80, 4.61%
- Epoch 066, ExpID 80000
Train - Loss: 17689365.38
Val - Loss, MSE, RMSE, MAE, MAPE: 40933728.00, 40933726.33, 5941.26, 4282.20, 5.18%
Test - Best epoch, Loss, MSE, RMSE, MAE, MAPE: 66, 30917240.00, 30917240.33, 5472.81, 4239.88, 4.61%
- Epoch 067, ExpID 80000
Train - Loss: 17949543.06
Val - Loss, MSE, RMSE, MAE, MAPE: 40868040.00, 40868037.50, 5935.72, 4284.46, 5.18%
Test - Best epoch, Loss, MSE, RMSE, MAE, MAPE: 67, 30875328.00, 30875326.67, 5469.80, 4240.43, 4.61%
- Epoch 068, ExpID 80000
Train - Loss: 17850170.95
Val - Loss, MSE, RMSE, MAE, MAPE: 40824168.00, 40824165.50, 5932.14, 4281.85, 5.18%
Test - Best epoch, Loss, MSE, RMSE, MAE, MAPE: 68, 30871204.00, 30871202.67, 5469.70, 4237.90, 4.60%
- Epoch 069, ExpID 80000
Train - Loss: 17545755.84
Val - Loss, MSE, RMSE, MAE, MAPE: 40898916.00, 40898913.83, 5938.40, 4291.55, 5.19%
Test - Best epoch, Loss, MSE, RMSE, MAE, MAPE: 68, 30871204.00, 30871202.67, 5469.70, 4237.90, 4.60%
- Epoch 070, ExpID 80000
Train - Loss: 17684919.55
Val - Loss, MSE, RMSE, MAE, MAPE: 40925040.00, 40925041.00, 5941.15, 4292.45, 5.20%
Test - Best epoch, Loss, MSE, RMSE, MAE, MAPE: 68, 30871204.00, 30871202.67, 5469.70, 4237.90, 4.60%
- Epoch 071, ExpID 80000
Train - Loss: 17419879.57
Val - Loss, MSE, RMSE, MAE, MAPE: 40869464.00, 40869460.67, 5933.01, 4295.42, 5.19%
Test - Best epoch, Loss, MSE, RMSE, MAE, MAPE: 68, 30871204.00, 30871202.67, 5469.70, 4237.90, 4.60%
- Epoch 072, ExpID 80000
Train - Loss: 17706861.05
Val - Loss, MSE, RMSE, MAE, MAPE: 40843624.00, 40843622.00, 5934.12, 4279.73, 5.19%
Test - Best epoch, Loss, MSE, RMSE, MAE, MAPE: 68, 30871204.00, 30871202.67, 5469.70, 4237.90, 4.60%
- Epoch 073, ExpID 80000
Train - Loss: 17525208.70
Val - Loss, MSE, RMSE, MAE, MAPE: 40808352.00, 40808354.83, 5930.89, 4280.55, 5.19%
Test - Best epoch, Loss, MSE, RMSE, MAE, MAPE: 73, 30799846.00, 30799846.67, 5464.41, 4223.12, 4.59%
- Epoch 074, ExpID 80000
Train - Loss: 17578177.86
Val - Loss, MSE, RMSE, MAE, MAPE: 40751596.00, 40751596.50, 5927.22, 4266.15, 5.18%
Test - Best epoch, Loss, MSE, RMSE, MAE, MAPE: 74, 30682936.00, 30682938.00, 5453.80, 4208.47, 4.58%
- Epoch 075, ExpID 80000
Train - Loss: 17233174.79
Val - Loss, MSE, RMSE, MAE, MAPE: 40820792.00, 40820788.67, 5929.01, 4277.94, 5.18%
Test - Best epoch, Loss, MSE, RMSE, MAE, MAPE: 74, 30682936.00, 30682938.00, 5453.80, 4208.47, 4.58%
- Epoch 076, ExpID 80000
Train - Loss: 17231490.64
Val - Loss, MSE, RMSE, MAE, MAPE: 40819844.00, 40819842.17, 5929.75, 4281.61, 5.19%
Test - Best epoch, Loss, MSE, RMSE, MAE, MAPE: 74, 30682936.00, 30682938.00, 5453.80, 4208.47, 4.58%
- Epoch 077, ExpID 80000
Train - Loss: 17343754.26
Val - Loss, MSE, RMSE, MAE, MAPE: 40839008.00, 40839006.17, 5928.87, 4286.80, 5.19%
Test - Best epoch, Loss, MSE, RMSE, MAE, MAPE: 74, 30682936.00, 30682938.00, 5453.80, 4208.47, 4.58%
- Epoch 078, ExpID 80000
Train - Loss: 17209319.89
Val - Loss, MSE, RMSE, MAE, MAPE: 40744472.00, 40744468.33, 5922.26, 4274.74, 5.18%
Test - Best epoch, Loss, MSE, RMSE, MAE, MAPE: 78, 30618948.00, 30618945.00, 5449.13, 4206.53, 4.57%
- Epoch 079, ExpID 80000
Train - Loss: 17493215.01
Val - Loss, MSE, RMSE, MAE, MAPE: 40707556.00, 40707552.67, 5916.51, 4272.71, 5.17%
Test - Best epoch, Loss, MSE, RMSE, MAE, MAPE: 79, 30595272.00, 30595273.33, 5447.67, 4212.05, 4.58%
- Epoch 080, ExpID 80000
Train - Loss: 17370997.86
Val - Loss, MSE, RMSE, MAE, MAPE: 40816104.00, 40816100.00, 5926.85, 4282.82, 5.19%
Test - Best epoch, Loss, MSE, RMSE, MAE, MAPE: 79, 30595272.00, 30595273.33, 5447.67, 4212.05, 4.58%
- Epoch 081, ExpID 80000
Train - Loss: 17513976.11
Val - Loss, MSE, RMSE, MAE, MAPE: 40737824.00, 40737822.33, 5921.82, 4277.71, 5.18%
Test - Best epoch, Loss, MSE, RMSE, MAE, MAPE: 79, 30595272.00, 30595273.33, 5447.67, 4212.05, 4.58%
- Epoch 082, ExpID 80000
Train - Loss: 17175055.27
Val - Loss, MSE, RMSE, MAE, MAPE: 40789620.00, 40789617.00, 5926.45, 4280.78, 5.19%
Test - Best epoch, Loss, MSE, RMSE, MAE, MAPE: 79, 30595272.00, 30595273.33, 5447.67, 4212.05, 4.58%
- Epoch 083, ExpID 80000
Train - Loss: 17334170.90
Val - Loss, MSE, RMSE, MAE, MAPE: 40699384.00, 40699382.83, 5915.99, 4272.23, 5.18%
Test - Best epoch, Loss, MSE, RMSE, MAE, MAPE: 83, 30571904.00, 30571904.00, 5445.69, 4204.43, 4.57%
- Epoch 084, ExpID 80000
Train - Loss: 17401456.68
Val - Loss, MSE, RMSE, MAE, MAPE: 40731520.00, 40731518.67, 5922.56, 4274.91, 5.18%
Test - Best epoch, Loss, MSE, RMSE, MAE, MAPE: 83, 30571904.00, 30571904.00, 5445.69, 4204.43, 4.57%
- Epoch 085, ExpID 80000
Train - Loss: 17377476.75
Val - Loss, MSE, RMSE, MAE, MAPE: 40788308.00, 40788306.83, 5920.41, 4286.32, 5.18%
Test - Best epoch, Loss, MSE, RMSE, MAE, MAPE: 83, 30571904.00, 30571904.00, 5445.69, 4204.43, 4.57%
- Epoch 086, ExpID 80000
Train - Loss: 16997604.31
Val - Loss, MSE, RMSE, MAE, MAPE: 40794796.00, 40794794.33, 5924.58, 4287.31, 5.19%
Test - Best epoch, Loss, MSE, RMSE, MAE, MAPE: 83, 30571904.00, 30571904.00, 5445.69, 4204.43, 4.57%
- Epoch 087, ExpID 80000
Train - Loss: 17110764.45
Val - Loss, MSE, RMSE, MAE, MAPE: 40719276.00, 40719275.50, 5920.66, 4273.63, 5.18%
Test - Best epoch, Loss, MSE, RMSE, MAE, MAPE: 83, 30571904.00, 30571904.00, 5445.69, 4204.43, 4.57%
- Epoch 088, ExpID 80000
Train - Loss: 17229023.27
Val - Loss, MSE, RMSE, MAE, MAPE: 40776272.00, 40776268.67, 5920.83, 4281.38, 5.19%
Test - Best epoch, Loss, MSE, RMSE, MAE, MAPE: 83, 30571904.00, 30571904.00, 5445.69, 4204.43, 4.57%
- Epoch 089, ExpID 80000
Train - Loss: 17344726.98
Val - Loss, MSE, RMSE, MAE, MAPE: 40789408.00, 40789407.33, 5919.95, 4285.82, 5.19%
Test - Best epoch, Loss, MSE, RMSE, MAE, MAPE: 83, 30571904.00, 30571904.00, 5445.69, 4204.43, 4.57%
- Epoch 090, ExpID 80000
Train - Loss: 17239180.10
Val - Loss, MSE, RMSE, MAE, MAPE: 40801128.00, 40801129.67, 5923.10, 4280.71, 5.19%
Test - Best epoch, Loss, MSE, RMSE, MAE, MAPE: 83, 30571904.00, 30571904.00, 5445.69, 4204.43, 4.57%
- Epoch 091, ExpID 80000
Train - Loss: 17167094.50
Val - Loss, MSE, RMSE, MAE, MAPE: 40803988.00, 40803986.17, 5921.53, 4282.55, 5.19%
Test - Best epoch, Loss, MSE, RMSE, MAE, MAPE: 83, 30571904.00, 30571904.00, 5445.69, 4204.43, 4.57%
- Epoch 092, ExpID 80000
Train - Loss: 16987631.98
Val - Loss, MSE, RMSE, MAE, MAPE: 40735268.00, 40735267.50, 5914.31, 4284.72, 5.19%
Test - Best epoch, Loss, MSE, RMSE, MAE, MAPE: 83, 30571904.00, 30571904.00, 5445.69, 4204.43, 4.57%
- Epoch 093, ExpID 80000
Train - Loss: 17057146.04
Val - Loss, MSE, RMSE, MAE, MAPE: 40704800.00, 40704800.17, 5913.98, 4279.61, 5.19%
Test - Best epoch, Loss, MSE, RMSE, MAE, MAPE: 83, 30571904.00, 30571904.00, 5445.69, 4204.43, 4.57%
Early Stopping at Epoch 93
Fold 2018 Best RMSE: 5445.6871

-------------------- [Fold: 2019] ExpID: 4182 --------------------
- Epoch 000, ExpID 4182
Train - Loss: 47395772.77
Val - Loss, MSE, RMSE, MAE, MAPE: 61945404.00, 61945401.33, 7760.78, 6153.30, 6.59%
Test - Best epoch, Loss, MSE, RMSE, MAE, MAPE: 0, 66235468.00, 66235466.67, 8014.28, 6380.17, 6.71%
- Epoch 001, ExpID 4182
Train - Loss: 39022881.86
Val - Loss, MSE, RMSE, MAE, MAPE: 51482752.00, 51482752.67, 7087.03, 5592.42, 6.02%
Test - Best epoch, Loss, MSE, RMSE, MAE, MAPE: 1, 55235360.00, 55235360.00, 7309.85, 5755.77, 6.08%
- Epoch 002, ExpID 4182
Train - Loss: 35149939.56
Val - Loss, MSE, RMSE, MAE, MAPE: 45983736.00, 45983731.33, 6690.09, 5275.57, 5.67%
Test - Best epoch, Loss, MSE, RMSE, MAE, MAPE: 2, 48335288.00, 48335281.67, 6823.19, 5324.81, 5.63%
- Epoch 003, ExpID 4182
Train - Loss: 32581824.70
Val - Loss, MSE, RMSE, MAE, MAPE: 43350500.00, 43350500.00, 6484.09, 5113.87, 5.49%
Test - Best epoch, Loss, MSE, RMSE, MAE, MAPE: 3, 43852640.00, 43852639.33, 6486.04, 5019.50, 5.29%
- Epoch 004, ExpID 4182
Train - Loss: 30829360.02
Val - Loss, MSE, RMSE, MAE, MAPE: 41339076.00, 41339074.33, 6324.17, 4983.86, 5.36%
Test - Best epoch, Loss, MSE, RMSE, MAE, MAPE: 4, 41394472.00, 41394469.67, 6293.25, 4821.26, 5.09%
- Epoch 005, ExpID 4182
Train - Loss: 29931254.21
Val - Loss, MSE, RMSE, MAE, MAPE: 40160696.00, 40160699.33, 6226.83, 4902.79, 5.28%
Test - Best epoch, Loss, MSE, RMSE, MAE, MAPE: 5, 39632552.00, 39632553.33, 6151.48, 4681.70, 4.95%
- Epoch 006, ExpID 4182
Train - Loss: 28712435.16
Val - Loss, MSE, RMSE, MAE, MAPE: 39510916.00, 39510914.33, 6167.73, 4849.17, 5.21%
Test - Best epoch, Loss, MSE, RMSE, MAE, MAPE: 6, 38066060.00, 38066058.33, 6025.27, 4563.16, 4.82%
- Epoch 007, ExpID 4182
Train - Loss: 27943850.49
Val - Loss, MSE, RMSE, MAE, MAPE: 38778584.00, 38778584.33, 6106.34, 4795.78, 5.16%
Test - Best epoch, Loss, MSE, RMSE, MAE, MAPE: 7, 37121188.00, 37121186.00, 5946.72, 4483.55, 4.73%
- Epoch 008, ExpID 4182
Train - Loss: 27560697.16
Val - Loss, MSE, RMSE, MAE, MAPE: 38452904.00, 38452901.67, 6076.84, 4769.96, 5.13%
Test - Best epoch, Loss, MSE, RMSE, MAE, MAPE: 8, 35977016.00, 35977014.33, 5854.13, 4396.78, 4.64%
- Epoch 009, ExpID 4182
Train - Loss: 26800636.49
Val - Loss, MSE, RMSE, MAE, MAPE: 38075420.00, 38075416.67, 6044.11, 4739.74, 5.09%
Test - Best epoch, Loss, MSE, RMSE, MAE, MAPE: 9, 35072536.00, 35072536.67, 5781.01, 4329.02, 4.56%
- Epoch 010, ExpID 4182
Train - Loss: 26475712.53
Val - Loss, MSE, RMSE, MAE, MAPE: 37401592.00, 37401591.00, 5987.02, 4687.03, 5.05%
Test - Best epoch, Loss, MSE, RMSE, MAE, MAPE: 10, 34560456.00, 34560454.33, 5730.51, 4276.72, 4.51%
- Epoch 011, ExpID 4182
Train - Loss: 26095633.51
Val - Loss, MSE, RMSE, MAE, MAPE: 37200648.00, 37200647.00, 5969.50, 4670.38, 5.02%
Test - Best epoch, Loss, MSE, RMSE, MAE, MAPE: 11, 33753936.00, 33753932.33, 5663.21, 4214.33, 4.44%
- Epoch 012, ExpID 4182
Train - Loss: 25700102.70
Val - Loss, MSE, RMSE, MAE, MAPE: 36768548.00, 36768544.00, 5932.44, 4637.63, 5.00%
Test - Best epoch, Loss, MSE, RMSE, MAE, MAPE: 12, 33257920.00, 33257918.67, 5616.48, 4170.14, 4.40%
- Epoch 013, ExpID 4182
Train - Loss: 25432964.19
Val - Loss, MSE, RMSE, MAE, MAPE: 36584952.00, 36584950.33, 5917.94, 4624.73, 4.98%
Test - Best epoch, Loss, MSE, RMSE, MAE, MAPE: 13, 32859036.00, 32859033.33, 5582.02, 4136.51, 4.36%
- Epoch 014, ExpID 4182
Train - Loss: 24962907.26
Val - Loss, MSE, RMSE, MAE, MAPE: 36402744.00, 36402742.33, 5903.59, 4610.83, 4.96%
Test - Best epoch, Loss, MSE, RMSE, MAE, MAPE: 14, 32374406.00, 32374406.00, 5541.54, 4097.82, 4.32%
- Epoch 015, ExpID 4182
Train - Loss: 24607064.00
Val - Loss, MSE, RMSE, MAE, MAPE: 36185224.00, 36185222.00, 5884.58, 4593.85, 4.95%
Test - Best epoch, Loss, MSE, RMSE, MAE, MAPE: 15, 32051124.00, 32051122.67, 5508.25, 4066.66, 4.28%
- Epoch 016, ExpID 4182
Train - Loss: 24464055.87
Val - Loss, MSE, RMSE, MAE, MAPE: 36071680.00, 36071677.67, 5876.59, 4587.84, 4.94%
Test - Best epoch, Loss, MSE, RMSE, MAE, MAPE: 16, 31699438.00, 31699436.67, 5479.48, 4039.62, 4.25%
- Epoch 017, ExpID 4182
Train - Loss: 24103205.15
Val - Loss, MSE, RMSE, MAE, MAPE: 35672380.00, 35672378.67, 5842.60, 4550.65, 4.91%
Test - Best epoch, Loss, MSE, RMSE, MAE, MAPE: 17, 31549772.00, 31549770.33, 5455.63, 4020.62, 4.24%
- Epoch 018, ExpID 4182
Train - Loss: 24040517.21
Val - Loss, MSE, RMSE, MAE, MAPE: 35485524.00, 35485524.00, 5827.42, 4536.59, 4.90%
Test - Best epoch, Loss, MSE, RMSE, MAE, MAPE: 18, 31181852.00, 31181850.83, 5420.24, 3990.12, 4.21%
- Epoch 019, ExpID 4182
Train - Loss: 23862850.53
Val - Loss, MSE, RMSE, MAE, MAPE: 35420904.00, 35420906.00, 5823.01, 4543.08, 4.90%
Test - Best epoch, Loss, MSE, RMSE, MAE, MAPE: 19, 30735782.00, 30735783.67, 5387.92, 3963.64, 4.18%
- Epoch 020, ExpID 4182
Train - Loss: 23267928.77
Val - Loss, MSE, RMSE, MAE, MAPE: 35159368.00, 35159365.00, 5800.69, 4525.15, 4.88%
Test - Best epoch, Loss, MSE, RMSE, MAE, MAPE: 20, 30443294.00, 30443295.00, 5358.29, 3940.08, 4.15%
- Epoch 021, ExpID 4182
Train - Loss: 23627399.37
Val - Loss, MSE, RMSE, MAE, MAPE: 34874216.00, 34874217.33, 5776.66, 4493.21, 4.86%
Test - Best epoch, Loss, MSE, RMSE, MAE, MAPE: 21, 30500112.00, 30500110.50, 5350.59, 3934.58, 4.16%
- Epoch 022, ExpID 4182
Train - Loss: 22926229.12
Val - Loss, MSE, RMSE, MAE, MAPE: 34768464.00, 34768462.67, 5767.88, 4492.55, 4.85%
Test - Best epoch, Loss, MSE, RMSE, MAE, MAPE: 22, 30181334.00, 30181335.50, 5324.00, 3909.75, 4.13%
- Epoch 023, ExpID 4182
Train - Loss: 22813260.23
Val - Loss, MSE, RMSE, MAE, MAPE: 34760448.00, 34760449.33, 5769.20, 4497.65, 4.85%
Test - Best epoch, Loss, MSE, RMSE, MAE, MAPE: 23, 30004406.00, 30004405.33, 5309.67, 3898.28, 4.11%
- Epoch 024, ExpID 4182
Train - Loss: 22760436.42
Val - Loss, MSE, RMSE, MAE, MAPE: 34480960.00, 34480960.33, 5746.18, 4473.59, 4.83%
Test - Best epoch, Loss, MSE, RMSE, MAE, MAPE: 24, 29839140.00, 29839141.17, 5289.57, 3878.65, 4.09%
- Epoch 025, ExpID 4182
Train - Loss: 22460192.87
Val - Loss, MSE, RMSE, MAE, MAPE: 34367144.00, 34367142.67, 5736.83, 4465.10, 4.83%
Test - Best epoch, Loss, MSE, RMSE, MAE, MAPE: 25, 29707318.00, 29707315.33, 5276.78, 3867.51, 4.08%
- Epoch 026, ExpID 4182
Train - Loss: 22365774.41
Val - Loss, MSE, RMSE, MAE, MAPE: 34300504.00, 34300503.67, 5732.55, 4465.39, 4.82%
Test - Best epoch, Loss, MSE, RMSE, MAE, MAPE: 26, 29473806.00, 29473804.50, 5258.41, 3851.75, 4.06%
- Epoch 027, ExpID 4182
Train - Loss: 22378571.81
Val - Loss, MSE, RMSE, MAE, MAPE: 34040776.00, 34040776.00, 5709.08, 4437.25, 4.80%
Test - Best epoch, Loss, MSE, RMSE, MAE, MAPE: 27, 29439686.00, 29439687.50, 5242.47, 3839.24, 4.05%
- Epoch 028, ExpID 4182
Train - Loss: 22130127.62
Val - Loss, MSE, RMSE, MAE, MAPE: 33885936.00, 33885937.33, 5696.21, 4427.21, 4.79%
Test - Best epoch, Loss, MSE, RMSE, MAE, MAPE: 28, 29254264.00, 29254263.00, 5225.59, 3826.30, 4.04%
- Epoch 029, ExpID 4182
Train - Loss: 21899185.08
Val - Loss, MSE, RMSE, MAE, MAPE: 33855096.00, 33855092.33, 5694.14, 4424.51, 4.79%
Test - Best epoch, Loss, MSE, RMSE, MAE, MAPE: 29, 29241660.00, 29241657.33, 5221.06, 3820.54, 4.03%
- Epoch 030, ExpID 4182
Train - Loss: 21804008.09
Val - Loss, MSE, RMSE, MAE, MAPE: 33731700.00, 33731699.00, 5684.11, 4418.51, 4.78%
Test - Best epoch, Loss, MSE, RMSE, MAE, MAPE: 30, 28974000.00, 28973998.00, 5198.95, 3802.10, 4.01%
- Epoch 031, ExpID 4182
Train - Loss: 21725057.99
Val - Loss, MSE, RMSE, MAE, MAPE: 33696924.00, 33696921.00, 5681.08, 4412.95, 4.77%
Test - Best epoch, Loss, MSE, RMSE, MAE, MAPE: 31, 28956926.00, 28956925.00, 5193.40, 3796.23, 4.01%
- Epoch 032, ExpID 4182
Train - Loss: 21434695.99
Val - Loss, MSE, RMSE, MAE, MAPE: 33618476.00, 33618473.00, 5675.55, 4412.55, 4.77%
Test - Best epoch, Loss, MSE, RMSE, MAE, MAPE: 32, 28704404.00, 28704403.50, 5175.74, 3781.91, 3.99%
- Epoch 033, ExpID 4182
Train - Loss: 21322549.62
Val - Loss, MSE, RMSE, MAE, MAPE: 33476148.00, 33476146.67, 5663.40, 4399.66, 4.76%
Test - Best epoch, Loss, MSE, RMSE, MAE, MAPE: 33, 28686732.00, 28686728.50, 5168.66, 3776.87, 3.99%
- Epoch 034, ExpID 4182
Train - Loss: 21276074.90
Val - Loss, MSE, RMSE, MAE, MAPE: 33363132.00, 33363134.00, 5654.76, 4394.06, 4.75%
Test - Best epoch, Loss, MSE, RMSE, MAE, MAPE: 34, 28483840.00, 28483840.33, 5152.66, 3762.43, 3.97%
- Epoch 035, ExpID 4182
Train - Loss: 21378022.15
Val - Loss, MSE, RMSE, MAE, MAPE: 33086716.00, 33086715.67, 5630.27, 4364.92, 4.72%
Test - Best epoch, Loss, MSE, RMSE, MAE, MAPE: 35, 28481524.00, 28481522.50, 5143.41, 3750.82, 3.96%
- Epoch 036, ExpID 4182
Train - Loss: 21133656.24
Val - Loss, MSE, RMSE, MAE, MAPE: 32942552.00, 32942552.00, 5618.34, 4353.31, 4.71%
Test - Best epoch, Loss, MSE, RMSE, MAE, MAPE: 36, 28389552.00, 28389551.00, 5134.01, 3741.40, 3.95%
- Epoch 037, ExpID 4182
Train - Loss: 20892580.09
Val - Loss, MSE, RMSE, MAE, MAPE: 32941580.00, 32941579.00, 5618.67, 4354.94, 4.71%
Test - Best epoch, Loss, MSE, RMSE, MAE, MAPE: 37, 28290550.00, 28290547.00, 5126.74, 3732.54, 3.94%
- Epoch 038, ExpID 4182
Train - Loss: 21010743.22
Val - Loss, MSE, RMSE, MAE, MAPE: 32837896.00, 32837896.67, 5609.16, 4342.79, 4.70%
Test - Best epoch, Loss, MSE, RMSE, MAE, MAPE: 38, 28319830.00, 28319826.33, 5122.44, 3731.06, 3.94%
- Epoch 039, ExpID 4182
Train - Loss: 21224996.40
Val - Loss, MSE, RMSE, MAE, MAPE: 32739512.00, 32739513.33, 5600.80, 4341.00, 4.69%
Test - Best epoch, Loss, MSE, RMSE, MAE, MAPE: 39, 28114644.00, 28114643.33, 5106.51, 3718.02, 3.92%
- Epoch 040, ExpID 4182
Train - Loss: 21040848.65
Val - Loss, MSE, RMSE, MAE, MAPE: 32680462.00, 32680460.00, 5596.09, 4331.94, 4.68%
Test - Best epoch, Loss, MSE, RMSE, MAE, MAPE: 40, 28145096.00, 28145095.83, 5107.87, 3716.47, 3.92%
- Epoch 041, ExpID 4182
Train - Loss: 20727372.17
Val - Loss, MSE, RMSE, MAE, MAPE: 32562936.00, 32562933.33, 5584.98, 4319.77, 4.67%
Test - Best epoch, Loss, MSE, RMSE, MAE, MAPE: 41, 28089016.00, 28089015.33, 5099.53, 3707.64, 3.91%
- Epoch 042, ExpID 4182
Train - Loss: 20511805.43
Val - Loss, MSE, RMSE, MAE, MAPE: 32423384.00, 32423383.00, 5572.01, 4308.17, 4.66%
Test - Best epoch, Loss, MSE, RMSE, MAE, MAPE: 42, 27986712.00, 27986712.50, 5088.33, 3699.01, 3.91%
- Epoch 043, ExpID 4182
Train - Loss: 20584368.87
Val - Loss, MSE, RMSE, MAE, MAPE: 32421846.00, 32421845.00, 5571.57, 4306.92, 4.66%
Test - Best epoch, Loss, MSE, RMSE, MAE, MAPE: 43, 28003902.00, 28003901.33, 5088.91, 3696.54, 3.90%
- Epoch 044, ExpID 4182
Train - Loss: 20563685.13
Val - Loss, MSE, RMSE, MAE, MAPE: 32245700.00, 32245698.00, 5556.39, 4289.79, 4.64%
Test - Best epoch, Loss, MSE, RMSE, MAE, MAPE: 44, 27915876.00, 27915874.83, 5078.35, 3684.75, 3.89%
- Epoch 045, ExpID 4182
Train - Loss: 20498515.67
Val - Loss, MSE, RMSE, MAE, MAPE: 32141380.00, 32141378.00, 5546.93, 4283.72, 4.64%
Test - Best epoch, Loss, MSE, RMSE, MAE, MAPE: 45, 27847464.00, 27847463.83, 5070.26, 3679.24, 3.88%
- Epoch 046, ExpID 4182
Train - Loss: 20506201.86
Val - Loss, MSE, RMSE, MAE, MAPE: 32147628.00, 32147628.00, 5548.43, 4288.17, 4.64%
Test - Best epoch, Loss, MSE, RMSE, MAE, MAPE: 45, 27847464.00, 27847463.83, 5070.26, 3679.24, 3.88%
- Epoch 047, ExpID 4182
Train - Loss: 20413415.56
Val - Loss, MSE, RMSE, MAE, MAPE: 31968108.00, 31968107.00, 5532.23, 4268.61, 4.62%
Test - Best epoch, Loss, MSE, RMSE, MAE, MAPE: 47, 27683484.00, 27683483.33, 5053.65, 3662.44, 3.87%
- Epoch 048, ExpID 4182
Train - Loss: 20476768.88
Val - Loss, MSE, RMSE, MAE, MAPE: 31919376.00, 31919376.33, 5528.06, 4260.53, 4.61%
Test - Best epoch, Loss, MSE, RMSE, MAE, MAPE: 48, 27709494.00, 27709492.00, 5051.73, 3659.71, 3.87%
- Epoch 049, ExpID 4182
Train - Loss: 20396558.65
Val - Loss, MSE, RMSE, MAE, MAPE: 31783182.00, 31783184.00, 5516.20, 4243.28, 4.60%
Test - Best epoch, Loss, MSE, RMSE, MAE, MAPE: 49, 27779652.00, 27779650.67, 5053.53, 3662.88, 3.87%
- Epoch 050, ExpID 4182
Train - Loss: 20110134.71
Val - Loss, MSE, RMSE, MAE, MAPE: 31827592.00, 31827590.67, 5520.64, 4248.79, 4.61%
Test - Best epoch, Loss, MSE, RMSE, MAE, MAPE: 49, 27779652.00, 27779650.67, 5053.53, 3662.88, 3.87%
- Epoch 051, ExpID 4182
Train - Loss: 19959461.40
Val - Loss, MSE, RMSE, MAE, MAPE: 31709820.00, 31709816.00, 5508.93, 4241.83, 4.59%
Test - Best epoch, Loss, MSE, RMSE, MAE, MAPE: 51, 27596576.00, 27596575.50, 5040.33, 3650.41, 3.85%
- Epoch 052, ExpID 4182
Train - Loss: 20149776.97
Val - Loss, MSE, RMSE, MAE, MAPE: 31615244.00, 31615241.67, 5501.22, 4235.73, 4.58%
Test - Best epoch, Loss, MSE, RMSE, MAE, MAPE: 52, 27420732.00, 27420729.00, 5025.15, 3635.80, 3.84%
- Epoch 053, ExpID 4182
Train - Loss: 19893186.94
Val - Loss, MSE, RMSE, MAE, MAPE: 31482190.00, 31482191.33, 5489.15, 4216.41, 4.57%
Test - Best epoch, Loss, MSE, RMSE, MAE, MAPE: 53, 27534014.00, 27534012.17, 5028.98, 3635.51, 3.84%
- Epoch 054, ExpID 4182
Train - Loss: 20076542.15
Val - Loss, MSE, RMSE, MAE, MAPE: 31477862.00, 31477862.33, 5488.53, 4213.80, 4.57%
Test - Best epoch, Loss, MSE, RMSE, MAE, MAPE: 54, 27467692.00, 27467689.67, 5022.75, 3631.22, 3.84%
- Epoch 055, ExpID 4182
Train - Loss: 20027486.17
Val - Loss, MSE, RMSE, MAE, MAPE: 31389472.00, 31389473.00, 5479.51, 4212.67, 4.56%
Test - Best epoch, Loss, MSE, RMSE, MAE, MAPE: 55, 27332198.00, 27332197.17, 5013.62, 3620.48, 3.82%
- Epoch 056, ExpID 4182
Train - Loss: 19966625.88
Val - Loss, MSE, RMSE, MAE, MAPE: 31416060.00, 31416059.00, 5483.03, 4212.05, 4.56%
Test - Best epoch, Loss, MSE, RMSE, MAE, MAPE: 55, 27332198.00, 27332197.17, 5013.62, 3620.48, 3.82%
- Epoch 057, ExpID 4182
Train - Loss: 19584808.72
Val - Loss, MSE, RMSE, MAE, MAPE: 31384110.00, 31384109.00, 5480.40, 4208.44, 4.56%
Test - Best epoch, Loss, MSE, RMSE, MAE, MAPE: 57, 27380900.00, 27380898.67, 5013.99, 3624.00, 3.83%
- Epoch 058, ExpID 4182
Train - Loss: 19630295.30
Val - Loss, MSE, RMSE, MAE, MAPE: 31170886.00, 31170883.67, 5459.81, 4187.29, 4.54%
Test - Best epoch, Loss, MSE, RMSE, MAE, MAPE: 58, 27277844.00, 27277841.50, 5001.44, 3608.69, 3.81%
- Epoch 059, ExpID 4182
Train - Loss: 19733305.27
Val - Loss, MSE, RMSE, MAE, MAPE: 31167094.00, 31167095.33, 5460.25, 4187.29, 4.54%
Test - Best epoch, Loss, MSE, RMSE, MAE, MAPE: 59, 27350312.00, 27350311.83, 5007.35, 3614.67, 3.82%
- Epoch 060, ExpID 4182
Train - Loss: 19714740.03
Val - Loss, MSE, RMSE, MAE, MAPE: 31188688.00, 31188686.33, 5463.19, 4199.23, 4.55%
Test - Best epoch, Loss, MSE, RMSE, MAE, MAPE: 59, 27350312.00, 27350311.83, 5007.35, 3614.67, 3.82%
- Epoch 061, ExpID 4182
Train - Loss: 19601710.95
Val - Loss, MSE, RMSE, MAE, MAPE: 31165760.00, 31165760.67, 5460.84, 4194.84, 4.54%
Test - Best epoch, Loss, MSE, RMSE, MAE, MAPE: 61, 27166984.00, 27166982.50, 4995.58, 3608.99, 3.81%
- Epoch 062, ExpID 4182
Train - Loss: 19719927.28
Val - Loss, MSE, RMSE, MAE, MAPE: 31102038.00, 31102038.00, 5455.56, 4174.20, 4.53%
Test - Best epoch, Loss, MSE, RMSE, MAE, MAPE: 62, 27293644.00, 27293644.67, 4999.07, 3608.92, 3.81%
- Epoch 063, ExpID 4182
Train - Loss: 19732832.17
Val - Loss, MSE, RMSE, MAE, MAPE: 31024806.00, 31024804.67, 5448.38, 4174.48, 4.52%
Test - Best epoch, Loss, MSE, RMSE, MAE, MAPE: 63, 27075676.00, 27075675.50, 4983.12, 3595.80, 3.80%
- Epoch 064, ExpID 4182
Train - Loss: 19624885.22
Val - Loss, MSE, RMSE, MAE, MAPE: 30980430.00, 30980431.67, 5444.05, 4157.28, 4.51%
Test - Best epoch, Loss, MSE, RMSE, MAE, MAPE: 64, 27211936.00, 27211932.33, 4990.14, 3599.77, 3.81%
- Epoch 065, ExpID 4182
Train - Loss: 19498896.80
Val - Loss, MSE, RMSE, MAE, MAPE: 30961950.00, 30961951.00, 5443.27, 4162.84, 4.52%
Test - Best epoch, Loss, MSE, RMSE, MAE, MAPE: 65, 27139284.00, 27139281.33, 4984.34, 3596.18, 3.80%
- Epoch 066, ExpID 4182
Train - Loss: 19599154.35
Val - Loss, MSE, RMSE, MAE, MAPE: 30924708.00, 30924708.33, 5439.85, 4166.67, 4.51%
Test - Best epoch, Loss, MSE, RMSE, MAE, MAPE: 66, 26947646.00, 26947647.67, 4972.41, 3583.60, 3.78%
- Epoch 067, ExpID 4182
Train - Loss: 19412389.98
Val - Loss, MSE, RMSE, MAE, MAPE: 30825928.00, 30825930.00, 5430.78, 4155.37, 4.50%
Test - Best epoch, Loss, MSE, RMSE, MAE, MAPE: 67, 26965256.00, 26965254.33, 4972.66, 3581.73, 3.78%
- Epoch 068, ExpID 4182
Train - Loss: 19340554.44
Val - Loss, MSE, RMSE, MAE, MAPE: 30829876.00, 30829877.67, 5431.11, 4152.42, 4.51%
Test - Best epoch, Loss, MSE, RMSE, MAE, MAPE: 67, 26965256.00, 26965254.33, 4972.66, 3581.73, 3.78%
- Epoch 069, ExpID 4182
Train - Loss: 19522131.59
Val - Loss, MSE, RMSE, MAE, MAPE: 30806248.00, 30806248.33, 5428.59, 4138.65, 4.50%
Test - Best epoch, Loss, MSE, RMSE, MAE, MAPE: 69, 27071790.00, 27071788.67, 4971.60, 3582.59, 3.79%
- Epoch 070, ExpID 4182
Train - Loss: 19445333.37
Val - Loss, MSE, RMSE, MAE, MAPE: 30688288.00, 30688287.67, 5417.88, 4143.00, 4.49%
Test - Best epoch, Loss, MSE, RMSE, MAE, MAPE: 70, 26817940.00, 26817938.00, 4955.43, 3567.04, 3.77%
- Epoch 071, ExpID 4182
Train - Loss: 19237335.66
Val - Loss, MSE, RMSE, MAE, MAPE: 30702092.00, 30702091.00, 5418.95, 4143.09, 4.49%
Test - Best epoch, Loss, MSE, RMSE, MAE, MAPE: 70, 26817940.00, 26817938.00, 4955.43, 3567.04, 3.77%
- Epoch 072, ExpID 4182
Train - Loss: 19166560.35
Val - Loss, MSE, RMSE, MAE, MAPE: 30518150.00, 30518149.67, 5402.87, 4118.84, 4.47%
Test - Best epoch, Loss, MSE, RMSE, MAE, MAPE: 72, 26745052.00, 26745048.67, 4946.38, 3554.12, 3.76%
- Epoch 073, ExpID 4182
Train - Loss: 19286817.80
Val - Loss, MSE, RMSE, MAE, MAPE: 30557556.00, 30557557.00, 5406.90, 4118.95, 4.47%
Test - Best epoch, Loss, MSE, RMSE, MAE, MAPE: 72, 26745052.00, 26745048.67, 4946.38, 3554.12, 3.76%
- Epoch 074, ExpID 4182
Train - Loss: 19058297.10
Val - Loss, MSE, RMSE, MAE, MAPE: 30478404.00, 30478403.00, 5399.39, 4117.99, 4.47%
Test - Best epoch, Loss, MSE, RMSE, MAE, MAPE: 74, 26688652.00, 26688649.83, 4939.17, 3549.35, 3.75%
- Epoch 075, ExpID 4182
Train - Loss: 19188092.67
Val - Loss, MSE, RMSE, MAE, MAPE: 30486028.00, 30486026.33, 5399.77, 4118.03, 4.47%
Test - Best epoch, Loss, MSE, RMSE, MAE, MAPE: 74, 26688652.00, 26688649.83, 4939.17, 3549.35, 3.75%
- Epoch 076, ExpID 4182
Train - Loss: 19163367.00
Val - Loss, MSE, RMSE, MAE, MAPE: 30402540.00, 30402536.67, 5392.47, 4108.90, 4.46%
Test - Best epoch, Loss, MSE, RMSE, MAE, MAPE: 76, 26687292.00, 26687289.83, 4936.49, 3549.86, 3.75%
- Epoch 077, ExpID 4182
Train - Loss: 19048206.85
Val - Loss, MSE, RMSE, MAE, MAPE: 30388004.00, 30388004.33, 5392.97, 4112.68, 4.46%
Test - Best epoch, Loss, MSE, RMSE, MAE, MAPE: 77, 26617742.00, 26617739.67, 4935.35, 3549.91, 3.75%
- Epoch 078, ExpID 4182
Train - Loss: 18888752.05
Val - Loss, MSE, RMSE, MAE, MAPE: 30223132.00, 30223133.33, 5376.83, 4092.37, 4.45%
Test - Best epoch, Loss, MSE, RMSE, MAE, MAPE: 78, 26663798.00, 26663798.83, 4931.25, 3544.15, 3.75%
- Epoch 079, ExpID 4182
Train - Loss: 18990804.78
Val - Loss, MSE, RMSE, MAE, MAPE: 30288524.00, 30288523.00, 5382.71, 4089.41, 4.45%
Test - Best epoch, Loss, MSE, RMSE, MAE, MAPE: 78, 26663798.00, 26663798.83, 4931.25, 3544.15, 3.75%
- Epoch 080, ExpID 4182
Train - Loss: 19063470.90
Val - Loss, MSE, RMSE, MAE, MAPE: 30224100.00, 30224097.67, 5376.13, 4096.73, 4.45%
Test - Best epoch, Loss, MSE, RMSE, MAE, MAPE: 78, 26663798.00, 26663798.83, 4931.25, 3544.15, 3.75%
- Epoch 081, ExpID 4182
Train - Loss: 19020595.79
Val - Loss, MSE, RMSE, MAE, MAPE: 30177988.00, 30177988.00, 5372.18, 4090.81, 4.44%
Test - Best epoch, Loss, MSE, RMSE, MAE, MAPE: 81, 26488836.00, 26488833.50, 4915.71, 3529.93, 3.73%
- Epoch 082, ExpID 4182
Train - Loss: 19048612.79
Val - Loss, MSE, RMSE, MAE, MAPE: 30097996.00, 30097993.00, 5364.89, 4083.30, 4.43%
Test - Best epoch, Loss, MSE, RMSE, MAE, MAPE: 82, 26442430.00, 26442427.67, 4912.82, 3527.26, 3.73%
- Epoch 083, ExpID 4182
Train - Loss: 19015354.81
Val - Loss, MSE, RMSE, MAE, MAPE: 30202920.00, 30202920.67, 5374.44, 4089.42, 4.44%
Test - Best epoch, Loss, MSE, RMSE, MAE, MAPE: 82, 26442430.00, 26442427.67, 4912.82, 3527.26, 3.73%
- Epoch 084, ExpID 4182
Train - Loss: 19021308.34
Val - Loss, MSE, RMSE, MAE, MAPE: 30138038.00, 30138036.67, 5369.83, 4085.99, 4.44%
Test - Best epoch, Loss, MSE, RMSE, MAE, MAPE: 82, 26442430.00, 26442427.67, 4912.82, 3527.26, 3.73%
- Epoch 085, ExpID 4182
Train - Loss: 18929619.63
Val - Loss, MSE, RMSE, MAE, MAPE: 30138676.00, 30138672.33, 5369.56, 4093.82, 4.44%
Test - Best epoch, Loss, MSE, RMSE, MAE, MAPE: 82, 26442430.00, 26442427.67, 4912.82, 3527.26, 3.73%
- Epoch 086, ExpID 4182
Train - Loss: 18948451.31
Val - Loss, MSE, RMSE, MAE, MAPE: 30113078.00, 30113075.67, 5367.46, 4084.04, 4.44%
Test - Best epoch, Loss, MSE, RMSE, MAE, MAPE: 82, 26442430.00, 26442427.67, 4912.82, 3527.26, 3.73%
- Epoch 087, ExpID 4182
Train - Loss: 18565372.86
Val - Loss, MSE, RMSE, MAE, MAPE: 30064016.00, 30064015.33, 5362.56, 4085.85, 4.43%
Test - Best epoch, Loss, MSE, RMSE, MAE, MAPE: 87, 26412292.00, 26412289.17, 4912.30, 3528.82, 3.72%
- Epoch 088, ExpID 4182
Train - Loss: 18969134.29
Val - Loss, MSE, RMSE, MAE, MAPE: 29977118.00, 29977118.00, 5355.59, 4077.19, 4.43%
Test - Best epoch, Loss, MSE, RMSE, MAE, MAPE: 88, 26364374.00, 26364374.00, 4904.93, 3520.33, 3.72%
- Epoch 089, ExpID 4182
Train - Loss: 18763376.67
Val - Loss, MSE, RMSE, MAE, MAPE: 29974372.00, 29974370.67, 5355.73, 4076.93, 4.42%
Test - Best epoch, Loss, MSE, RMSE, MAE, MAPE: 89, 26317628.00, 26317626.50, 4902.50, 3520.11, 3.72%
- Epoch 090, ExpID 4182
Train - Loss: 18572345.44
Val - Loss, MSE, RMSE, MAE, MAPE: 29962492.00, 29962491.33, 5353.74, 4063.55, 4.42%
Test - Best epoch, Loss, MSE, RMSE, MAE, MAPE: 90, 26444414.00, 26444413.92, 4905.76, 3520.84, 3.72%
- Epoch 091, ExpID 4182
Train - Loss: 18892921.48
Val - Loss, MSE, RMSE, MAE, MAPE: 29912136.00, 29912136.00, 5350.00, 4068.73, 4.41%
Test - Best epoch, Loss, MSE, RMSE, MAE, MAPE: 91, 26250654.00, 26250654.58, 4896.36, 3513.78, 3.71%
- Epoch 092, ExpID 4182
Train - Loss: 18735983.49
Val - Loss, MSE, RMSE, MAE, MAPE: 29813096.00, 29813096.67, 5339.60, 4052.21, 4.40%
Test - Best epoch, Loss, MSE, RMSE, MAE, MAPE: 92, 26333616.00, 26333616.25, 4896.58, 3510.47, 3.71%
- Epoch 093, ExpID 4182
Train - Loss: 18435737.06
Val - Loss, MSE, RMSE, MAE, MAPE: 29853540.00, 29853539.67, 5343.43, 4064.05, 4.41%
Test - Best epoch, Loss, MSE, RMSE, MAE, MAPE: 92, 26333616.00, 26333616.25, 4896.58, 3510.47, 3.71%
- Epoch 094, ExpID 4182
Train - Loss: 18658763.37
Val - Loss, MSE, RMSE, MAE, MAPE: 29865560.00, 29865558.67, 5344.83, 4061.56, 4.41%
Test - Best epoch, Loss, MSE, RMSE, MAE, MAPE: 92, 26333616.00, 26333616.25, 4896.58, 3510.47, 3.71%
- Epoch 095, ExpID 4182
Train - Loss: 18776616.21
Val - Loss, MSE, RMSE, MAE, MAPE: 29783776.00, 29783774.67, 5337.07, 4056.30, 4.40%
Test - Best epoch, Loss, MSE, RMSE, MAE, MAPE: 95, 26092988.00, 26092987.67, 4878.89, 3493.79, 3.69%
- Epoch 096, ExpID 4182
Train - Loss: 18549870.09
Val - Loss, MSE, RMSE, MAE, MAPE: 29800240.00, 29800239.33, 5338.54, 4060.89, 4.41%
Test - Best epoch, Loss, MSE, RMSE, MAE, MAPE: 95, 26092988.00, 26092987.67, 4878.89, 3493.79, 3.69%
- Epoch 097, ExpID 4182
Train - Loss: 18574683.53
Val - Loss, MSE, RMSE, MAE, MAPE: 29767158.00, 29767155.67, 5334.94, 4055.48, 4.41%
Test - Best epoch, Loss, MSE, RMSE, MAE, MAPE: 97, 26157840.00, 26157841.08, 4883.59, 3501.28, 3.70%
- Epoch 098, ExpID 4182
Train - Loss: 18692626.38
Val - Loss, MSE, RMSE, MAE, MAPE: 29754416.00, 29754416.33, 5334.65, 4052.65, 4.40%
Test - Best epoch, Loss, MSE, RMSE, MAE, MAPE: 98, 26090892.00, 26090890.67, 4877.23, 3494.40, 3.69%
- Epoch 099, ExpID 4182
Train - Loss: 18450215.73
Val - Loss, MSE, RMSE, MAE, MAPE: 29722620.00, 29722618.33, 5330.73, 4039.64, 4.40%
Test - Best epoch, Loss, MSE, RMSE, MAE, MAPE: 99, 26166568.00, 26166567.08, 4877.89, 3493.46, 3.70%
- Epoch 100, ExpID 4182
Train - Loss: 18311048.27
Val - Loss, MSE, RMSE, MAE, MAPE: 29794926.00, 29794926.00, 5338.59, 4049.09, 4.40%
Test - Best epoch, Loss, MSE, RMSE, MAE, MAPE: 99, 26166568.00, 26166567.08, 4877.89, 3493.46, 3.70%
- Epoch 101, ExpID 4182
Train - Loss: 18556381.30
Val - Loss, MSE, RMSE, MAE, MAPE: 29627182.00, 29627181.67, 5322.40, 4037.94, 4.39%
Test - Best epoch, Loss, MSE, RMSE, MAE, MAPE: 101, 26081352.00, 26081351.42, 4872.59, 3487.37, 3.69%
- Epoch 102, ExpID 4182
Train - Loss: 18593174.13
Val - Loss, MSE, RMSE, MAE, MAPE: 29595308.00, 29595307.00, 5320.28, 4039.10, 4.39%
Test - Best epoch, Loss, MSE, RMSE, MAE, MAPE: 102, 26037064.00, 26037065.17, 4871.53, 3490.11, 3.69%
- Epoch 103, ExpID 4182
Train - Loss: 18296825.29
Val - Loss, MSE, RMSE, MAE, MAPE: 29654792.00, 29654793.33, 5325.53, 4036.30, 4.39%
Test - Best epoch, Loss, MSE, RMSE, MAE, MAPE: 102, 26037064.00, 26037065.17, 4871.53, 3490.11, 3.69%
- Epoch 104, ExpID 4182
Train - Loss: 18581313.29
Val - Loss, MSE, RMSE, MAE, MAPE: 29451900.00, 29451898.67, 5306.68, 4025.91, 4.37%
Test - Best epoch, Loss, MSE, RMSE, MAE, MAPE: 104, 25936796.00, 25936794.50, 4859.62, 3476.85, 3.67%
- Epoch 105, ExpID 4182
Train - Loss: 18426697.90
Val - Loss, MSE, RMSE, MAE, MAPE: 29513488.00, 29513489.67, 5312.74, 4031.81, 4.37%
Test - Best epoch, Loss, MSE, RMSE, MAE, MAPE: 104, 25936796.00, 25936794.50, 4859.62, 3476.85, 3.67%
- Epoch 106, ExpID 4182
Train - Loss: 18427396.62
Val - Loss, MSE, RMSE, MAE, MAPE: 29497816.00, 29497814.67, 5310.98, 4025.43, 4.37%
Test - Best epoch, Loss, MSE, RMSE, MAE, MAPE: 104, 25936796.00, 25936794.50, 4859.62, 3476.85, 3.67%
- Epoch 107, ExpID 4182
Train - Loss: 18575818.40
Val - Loss, MSE, RMSE, MAE, MAPE: 29462796.00, 29462792.00, 5307.81, 4029.09, 4.37%
Test - Best epoch, Loss, MSE, RMSE, MAE, MAPE: 104, 25936796.00, 25936794.50, 4859.62, 3476.85, 3.67%
- Epoch 108, ExpID 4182
Train - Loss: 18304308.00
Val - Loss, MSE, RMSE, MAE, MAPE: 29499294.00, 29499294.67, 5310.77, 4030.10, 4.38%
Test - Best epoch, Loss, MSE, RMSE, MAE, MAPE: 104, 25936796.00, 25936794.50, 4859.62, 3476.85, 3.67%
- Epoch 109, ExpID 4182
Train - Loss: 18307786.49
Val - Loss, MSE, RMSE, MAE, MAPE: 29470624.00, 29470621.00, 5307.36, 4024.98, 4.37%
Test - Best epoch, Loss, MSE, RMSE, MAE, MAPE: 104, 25936796.00, 25936794.50, 4859.62, 3476.85, 3.67%
- Epoch 110, ExpID 4182
Train - Loss: 18636867.94
Val - Loss, MSE, RMSE, MAE, MAPE: 29418038.00, 29418039.33, 5303.81, 4021.47, 4.36%
Test - Best epoch, Loss, MSE, RMSE, MAE, MAPE: 110, 25770384.00, 25770384.75, 4849.47, 3462.40, 3.65%
- Epoch 111, ExpID 4182
Train - Loss: 18361471.49
Val - Loss, MSE, RMSE, MAE, MAPE: 29424358.00, 29424357.67, 5303.60, 4009.64, 4.36%
Test - Best epoch, Loss, MSE, RMSE, MAE, MAPE: 110, 25770384.00, 25770384.75, 4849.47, 3462.40, 3.65%
- Epoch 112, ExpID 4182
Train - Loss: 18253106.37
Val - Loss, MSE, RMSE, MAE, MAPE: 29453160.00, 29453159.33, 5306.85, 4018.34, 4.37%
Test - Best epoch, Loss, MSE, RMSE, MAE, MAPE: 110, 25770384.00, 25770384.75, 4849.47, 3462.40, 3.65%
- Epoch 113, ExpID 4182
Train - Loss: 18119669.67
Val - Loss, MSE, RMSE, MAE, MAPE: 29369748.00, 29369747.33, 5298.84, 4019.15, 4.36%
Test - Best epoch, Loss, MSE, RMSE, MAE, MAPE: 113, 25827516.00, 25827514.08, 4849.09, 3464.19, 3.66%
- Epoch 114, ExpID 4182
Train - Loss: 18161040.93
Val - Loss, MSE, RMSE, MAE, MAPE: 29306048.00, 29306049.67, 5293.71, 4008.71, 4.35%
Test - Best epoch, Loss, MSE, RMSE, MAE, MAPE: 114, 25743676.00, 25743675.33, 4841.88, 3456.72, 3.65%
- Epoch 115, ExpID 4182
Train - Loss: 17913490.97
Val - Loss, MSE, RMSE, MAE, MAPE: 29471200.00, 29471200.67, 5307.74, 4011.35, 4.37%
Test - Best epoch, Loss, MSE, RMSE, MAE, MAPE: 114, 25743676.00, 25743675.33, 4841.88, 3456.72, 3.65%
- Epoch 116, ExpID 4182
Train - Loss: 18128424.79
Val - Loss, MSE, RMSE, MAE, MAPE: 29273750.00, 29273748.33, 5290.69, 4008.74, 4.35%
Test - Best epoch, Loss, MSE, RMSE, MAE, MAPE: 116, 25720516.00, 25720514.08, 4840.52, 3458.79, 3.65%
- Epoch 117, ExpID 4182
Train - Loss: 18173106.22
Val - Loss, MSE, RMSE, MAE, MAPE: 29255436.00, 29255436.33, 5287.85, 3992.68, 4.34%
Test - Best epoch, Loss, MSE, RMSE, MAE, MAPE: 117, 25784208.00, 25784208.92, 4840.29, 3455.62, 3.66%
- Epoch 118, ExpID 4182
Train - Loss: 18019254.29
Val - Loss, MSE, RMSE, MAE, MAPE: 29244588.00, 29244585.00, 5287.59, 3999.45, 4.35%
Test - Best epoch, Loss, MSE, RMSE, MAE, MAPE: 118, 25751518.00, 25751519.83, 4840.14, 3455.00, 3.65%
- Epoch 119, ExpID 4182
Train - Loss: 17929138.44
Val - Loss, MSE, RMSE, MAE, MAPE: 29209000.00, 29208999.33, 5283.96, 4003.35, 4.35%
Test - Best epoch, Loss, MSE, RMSE, MAE, MAPE: 119, 25685832.00, 25685829.83, 4837.66, 3450.35, 3.64%
- Epoch 120, ExpID 4182
Train - Loss: 18190867.03
Val - Loss, MSE, RMSE, MAE, MAPE: 29186112.00, 29186110.67, 5282.27, 3995.88, 4.34%
Test - Best epoch, Loss, MSE, RMSE, MAE, MAPE: 120, 25718652.00, 25718648.17, 4835.20, 3447.05, 3.64%
- Epoch 121, ExpID 4182
Train - Loss: 18103010.86
Val - Loss, MSE, RMSE, MAE, MAPE: 29257532.00, 29257529.33, 5288.95, 3996.74, 4.35%
Test - Best epoch, Loss, MSE, RMSE, MAE, MAPE: 120, 25718652.00, 25718648.17, 4835.20, 3447.05, 3.64%
- Epoch 122, ExpID 4182
Train - Loss: 18065900.81
Val - Loss, MSE, RMSE, MAE, MAPE: 29062862.00, 29062862.00, 5270.68, 3987.59, 4.33%
Test - Best epoch, Loss, MSE, RMSE, MAE, MAPE: 122, 25565620.00, 25565618.75, 4825.60, 3436.92, 3.63%
- Epoch 123, ExpID 4182
Train - Loss: 17996273.23
Val - Loss, MSE, RMSE, MAE, MAPE: 29054232.00, 29054230.67, 5270.48, 3989.63, 4.33%
Test - Best epoch, Loss, MSE, RMSE, MAE, MAPE: 123, 25626456.00, 25626454.92, 4829.50, 3445.50, 3.64%
- Epoch 124, ExpID 4182
Train - Loss: 18161637.45
Val - Loss, MSE, RMSE, MAE, MAPE: 29031622.00, 29031622.67, 5268.24, 3982.65, 4.33%
Test - Best epoch, Loss, MSE, RMSE, MAE, MAPE: 124, 25594424.00, 25594425.42, 4824.66, 3436.39, 3.63%
- Epoch 125, ExpID 4182
Train - Loss: 17953991.00
Val - Loss, MSE, RMSE, MAE, MAPE: 29018024.00, 29018024.33, 5267.17, 3980.39, 4.33%
Test - Best epoch, Loss, MSE, RMSE, MAE, MAPE: 125, 25573404.00, 25573401.00, 4824.15, 3434.93, 3.63%
- Epoch 126, ExpID 4182
Train - Loss: 17819429.51
Val - Loss, MSE, RMSE, MAE, MAPE: 29048662.00, 29048662.00, 5269.90, 3989.76, 4.33%
Test - Best epoch, Loss, MSE, RMSE, MAE, MAPE: 125, 25573404.00, 25573401.00, 4824.15, 3434.93, 3.63%
- Epoch 127, ExpID 4182
Train - Loss: 18019389.74
Val - Loss, MSE, RMSE, MAE, MAPE: 28998276.00, 28998274.67, 5264.39, 3978.05, 4.32%
Test - Best epoch, Loss, MSE, RMSE, MAE, MAPE: 127, 25596782.00, 25596781.67, 4824.37, 3437.91, 3.63%
- Epoch 128, ExpID 4182
Train - Loss: 17948527.14
Val - Loss, MSE, RMSE, MAE, MAPE: 28976750.00, 28976750.67, 5262.44, 3978.75, 4.32%
Test - Best epoch, Loss, MSE, RMSE, MAE, MAPE: 128, 25553492.00, 25553490.08, 4823.35, 3434.85, 3.63%
- Epoch 129, ExpID 4182
Train - Loss: 17908304.83
Val - Loss, MSE, RMSE, MAE, MAPE: 28952582.00, 28952579.67, 5259.89, 3977.23, 4.32%
Test - Best epoch, Loss, MSE, RMSE, MAE, MAPE: 129, 25509774.00, 25509774.50, 4818.55, 3430.89, 3.63%
- Epoch 130, ExpID 4182
Train - Loss: 17792980.98
Val - Loss, MSE, RMSE, MAE, MAPE: 29005596.00, 29005594.00, 5264.73, 3975.16, 4.32%
Test - Best epoch, Loss, MSE, RMSE, MAE, MAPE: 129, 25509774.00, 25509774.50, 4818.55, 3430.89, 3.63%
- Epoch 131, ExpID 4182
Train - Loss: 17772686.49
Val - Loss, MSE, RMSE, MAE, MAPE: 29016808.00, 29016808.33, 5266.16, 3976.99, 4.33%
Test - Best epoch, Loss, MSE, RMSE, MAE, MAPE: 129, 25509774.00, 25509774.50, 4818.55, 3430.89, 3.63%
- Epoch 132, ExpID 4182
Train - Loss: 17861519.19
Val - Loss, MSE, RMSE, MAE, MAPE: 29020732.00, 29020731.33, 5266.04, 3974.65, 4.32%
Test - Best epoch, Loss, MSE, RMSE, MAE, MAPE: 129, 25509774.00, 25509774.50, 4818.55, 3430.89, 3.63%
- Epoch 133, ExpID 4182
Train - Loss: 17852032.49
Val - Loss, MSE, RMSE, MAE, MAPE: 28989216.00, 28989217.00, 5263.91, 3980.04, 4.32%
Test - Best epoch, Loss, MSE, RMSE, MAE, MAPE: 129, 25509774.00, 25509774.50, 4818.55, 3430.89, 3.63%
- Epoch 134, ExpID 4182
Train - Loss: 17710922.15
Val - Loss, MSE, RMSE, MAE, MAPE: 29018924.00, 29018924.00, 5266.22, 3974.41, 4.33%
Test - Best epoch, Loss, MSE, RMSE, MAE, MAPE: 129, 25509774.00, 25509774.50, 4818.55, 3430.89, 3.63%
- Epoch 135, ExpID 4182
Train - Loss: 17682199.33
Val - Loss, MSE, RMSE, MAE, MAPE: 28954188.00, 28954187.00, 5260.50, 3978.09, 4.32%
Test - Best epoch, Loss, MSE, RMSE, MAE, MAPE: 129, 25509774.00, 25509774.50, 4818.55, 3430.89, 3.63%
- Epoch 136, ExpID 4182
Train - Loss: 17749999.64
Val - Loss, MSE, RMSE, MAE, MAPE: 28959756.00, 28959754.33, 5259.86, 3972.48, 4.32%
Test - Best epoch, Loss, MSE, RMSE, MAE, MAPE: 129, 25509774.00, 25509774.50, 4818.55, 3430.89, 3.63%
- Epoch 137, ExpID 4182
Train - Loss: 17753665.31
Val - Loss, MSE, RMSE, MAE, MAPE: 28902326.00, 28902324.00, 5255.56, 3971.67, 4.31%
Test - Best epoch, Loss, MSE, RMSE, MAE, MAPE: 137, 25406408.00, 25406407.50, 4810.79, 3425.26, 3.62%
- Epoch 138, ExpID 4182
Train - Loss: 17622222.03
Val - Loss, MSE, RMSE, MAE, MAPE: 28978534.00, 28978533.33, 5261.98, 3974.51, 4.32%
Test - Best epoch, Loss, MSE, RMSE, MAE, MAPE: 137, 25406408.00, 25406407.50, 4810.79, 3425.26, 3.62%
- Epoch 139, ExpID 4182
Train - Loss: 17723159.29
Val - Loss, MSE, RMSE, MAE, MAPE: 28792724.00, 28792723.00, 5245.84, 3962.11, 4.31%
Test - Best epoch, Loss, MSE, RMSE, MAE, MAPE: 139, 25436068.00, 25436067.00, 4812.20, 3428.82, 3.62%
- Epoch 140, ExpID 4182
Train - Loss: 17884367.19
Val - Loss, MSE, RMSE, MAE, MAPE: 28836446.00, 28836445.33, 5250.11, 3964.38, 4.31%
Test - Best epoch, Loss, MSE, RMSE, MAE, MAPE: 139, 25436068.00, 25436067.00, 4812.20, 3428.82, 3.62%
- Epoch 141, ExpID 4182
Train - Loss: 17971635.19
Val - Loss, MSE, RMSE, MAE, MAPE: 28827304.00, 28827306.00, 5248.79, 3962.86, 4.31%
Test - Best epoch, Loss, MSE, RMSE, MAE, MAPE: 139, 25436068.00, 25436067.00, 4812.20, 3428.82, 3.62%
- Epoch 142, ExpID 4182
Train - Loss: 17433205.16
Val - Loss, MSE, RMSE, MAE, MAPE: 28784204.00, 28784205.00, 5245.18, 3963.36, 4.31%
Test - Best epoch, Loss, MSE, RMSE, MAE, MAPE: 142, 25405598.00, 25405596.42, 4810.52, 3427.12, 3.62%
- Epoch 143, ExpID 4182
Train - Loss: 17757656.09
Val - Loss, MSE, RMSE, MAE, MAPE: 28780814.00, 28780814.00, 5244.01, 3962.11, 4.31%
Test - Best epoch, Loss, MSE, RMSE, MAE, MAPE: 143, 25384124.00, 25384121.67, 4805.92, 3419.97, 3.61%
- Epoch 144, ExpID 4182
Train - Loss: 17628267.93
Val - Loss, MSE, RMSE, MAE, MAPE: 28719604.00, 28719603.00, 5239.19, 3953.09, 4.30%
Test - Best epoch, Loss, MSE, RMSE, MAE, MAPE: 144, 25419910.00, 25419908.33, 4808.87, 3426.87, 3.62%
- Epoch 145, ExpID 4182
Train - Loss: 17637316.67
Val - Loss, MSE, RMSE, MAE, MAPE: 28666292.00, 28666292.33, 5234.02, 3953.29, 4.29%
Test - Best epoch, Loss, MSE, RMSE, MAE, MAPE: 145, 25254856.00, 25254854.33, 4796.54, 3410.05, 3.60%
- Epoch 146, ExpID 4182
Train - Loss: 17701666.98
Val - Loss, MSE, RMSE, MAE, MAPE: 28765908.00, 28765906.00, 5243.46, 3962.43, 4.31%
Test - Best epoch, Loss, MSE, RMSE, MAE, MAPE: 145, 25254856.00, 25254854.33, 4796.54, 3410.05, 3.60%
- Epoch 147, ExpID 4182
Train - Loss: 17595460.78
Val - Loss, MSE, RMSE, MAE, MAPE: 28763750.00, 28763750.33, 5242.48, 3960.04, 4.31%
Test - Best epoch, Loss, MSE, RMSE, MAE, MAPE: 145, 25254856.00, 25254854.33, 4796.54, 3410.05, 3.60%
- Epoch 148, ExpID 4182
Train - Loss: 17805025.15
Val - Loss, MSE, RMSE, MAE, MAPE: 28679596.00, 28679596.33, 5235.76, 3955.41, 4.30%
Test - Best epoch, Loss, MSE, RMSE, MAE, MAPE: 145, 25254856.00, 25254854.33, 4796.54, 3410.05, 3.60%
- Epoch 149, ExpID 4182
Train - Loss: 17671715.90
Val - Loss, MSE, RMSE, MAE, MAPE: 28751718.00, 28751719.67, 5241.84, 3957.35, 4.30%
Test - Best epoch, Loss, MSE, RMSE, MAE, MAPE: 145, 25254856.00, 25254854.33, 4796.54, 3410.05, 3.60%
- Epoch 150, ExpID 4182
Train - Loss: 17704556.30
Val - Loss, MSE, RMSE, MAE, MAPE: 28639592.00, 28639590.33, 5231.81, 3945.89, 4.29%
Test - Best epoch, Loss, MSE, RMSE, MAE, MAPE: 150, 25295118.00, 25295118.50, 4796.01, 3412.32, 3.61%
- Epoch 151, ExpID 4182
Train - Loss: 17478986.02
Val - Loss, MSE, RMSE, MAE, MAPE: 28576926.00, 28576924.33, 5226.31, 3937.35, 4.29%
Test - Best epoch, Loss, MSE, RMSE, MAE, MAPE: 151, 25245124.00, 25245122.42, 4791.17, 3408.27, 3.61%
- Epoch 152, ExpID 4182
Train - Loss: 17477006.84
Val - Loss, MSE, RMSE, MAE, MAPE: 28569888.00, 28569885.33, 5226.81, 3941.65, 4.28%
Test - Best epoch, Loss, MSE, RMSE, MAE, MAPE: 152, 25116516.00, 25116512.17, 4784.90, 3402.46, 3.59%
- Epoch 153, ExpID 4182
Train - Loss: 17464388.62
Val - Loss, MSE, RMSE, MAE, MAPE: 28532104.00, 28532103.33, 5222.23, 3935.28, 4.28%
Test - Best epoch, Loss, MSE, RMSE, MAE, MAPE: 153, 25079942.00, 25079940.33, 4778.53, 3392.94, 3.59%
- Epoch 154, ExpID 4182
Train - Loss: 17433101.34
Val - Loss, MSE, RMSE, MAE, MAPE: 28578486.00, 28578484.00, 5226.81, 3937.38, 4.29%
Test - Best epoch, Loss, MSE, RMSE, MAE, MAPE: 153, 25079942.00, 25079940.33, 4778.53, 3392.94, 3.59%
- Epoch 155, ExpID 4182
Train - Loss: 17478214.28
Val - Loss, MSE, RMSE, MAE, MAPE: 28538628.00, 28538626.33, 5223.64, 3941.77, 4.28%
Test - Best epoch, Loss, MSE, RMSE, MAE, MAPE: 153, 25079942.00, 25079940.33, 4778.53, 3392.94, 3.59%
- Epoch 156, ExpID 4182
Train - Loss: 17459913.22
Val - Loss, MSE, RMSE, MAE, MAPE: 28573614.00, 28573611.33, 5227.15, 3947.52, 4.29%
Test - Best epoch, Loss, MSE, RMSE, MAE, MAPE: 153, 25079942.00, 25079940.33, 4778.53, 3392.94, 3.59%
- Epoch 157, ExpID 4182
Train - Loss: 17791296.70
Val - Loss, MSE, RMSE, MAE, MAPE: 28635110.00, 28635107.67, 5233.92, 3950.31, 4.29%
Test - Best epoch, Loss, MSE, RMSE, MAE, MAPE: 153, 25079942.00, 25079940.33, 4778.53, 3392.94, 3.59%
- Epoch 158, ExpID 4182
Train - Loss: 17394033.81
Val - Loss, MSE, RMSE, MAE, MAPE: 28516344.00, 28516343.00, 5221.80, 3939.74, 4.28%
Test - Best epoch, Loss, MSE, RMSE, MAE, MAPE: 158, 25029326.00, 25029327.83, 4775.06, 3393.13, 3.58%
- Epoch 159, ExpID 4182
Train - Loss: 17463975.19
Val - Loss, MSE, RMSE, MAE, MAPE: 28590216.00, 28590214.67, 5229.69, 3947.07, 4.29%
Test - Best epoch, Loss, MSE, RMSE, MAE, MAPE: 158, 25029326.00, 25029327.83, 4775.06, 3393.13, 3.58%
- Epoch 160, ExpID 4182
Train - Loss: 17444754.63
Val - Loss, MSE, RMSE, MAE, MAPE: 28633830.00, 28633830.00, 5232.32, 3946.72, 4.29%
Test - Best epoch, Loss, MSE, RMSE, MAE, MAPE: 158, 25029326.00, 25029327.83, 4775.06, 3393.13, 3.58%
- Epoch 161, ExpID 4182
Train - Loss: 17364445.97
Val - Loss, MSE, RMSE, MAE, MAPE: 28573592.00, 28573592.00, 5226.23, 3945.07, 4.29%
Test - Best epoch, Loss, MSE, RMSE, MAE, MAPE: 158, 25029326.00, 25029327.83, 4775.06, 3393.13, 3.58%
- Epoch 162, ExpID 4182
Train - Loss: 17649823.95
Val - Loss, MSE, RMSE, MAE, MAPE: 28531612.00, 28531611.67, 5222.62, 3940.66, 4.28%
Test - Best epoch, Loss, MSE, RMSE, MAE, MAPE: 158, 25029326.00, 25029327.83, 4775.06, 3393.13, 3.58%
- Epoch 163, ExpID 4182
Train - Loss: 17303393.60
Val - Loss, MSE, RMSE, MAE, MAPE: 28567662.00, 28567660.67, 5225.90, 3938.27, 4.29%
Test - Best epoch, Loss, MSE, RMSE, MAE, MAPE: 158, 25029326.00, 25029327.83, 4775.06, 3393.13, 3.58%
- Epoch 164, ExpID 4182
Train - Loss: 17318305.01
Val - Loss, MSE, RMSE, MAE, MAPE: 28517438.00, 28517437.33, 5221.93, 3945.45, 4.28%
Test - Best epoch, Loss, MSE, RMSE, MAE, MAPE: 158, 25029326.00, 25029327.83, 4775.06, 3393.13, 3.58%
- Epoch 165, ExpID 4182
Train - Loss: 17438151.90
Val - Loss, MSE, RMSE, MAE, MAPE: 28434046.00, 28434046.00, 5213.98, 3937.00, 4.27%
Test - Best epoch, Loss, MSE, RMSE, MAE, MAPE: 165, 24957974.00, 24957973.17, 4773.09, 3390.28, 3.58%
- Epoch 166, ExpID 4182
Train - Loss: 17548671.84
Val - Loss, MSE, RMSE, MAE, MAPE: 28388676.00, 28388675.17, 5209.05, 3926.10, 4.26%
Test - Best epoch, Loss, MSE, RMSE, MAE, MAPE: 166, 24944908.00, 24944907.83, 4767.28, 3386.93, 3.58%
- Epoch 167, ExpID 4182
Train - Loss: 17215255.67
Val - Loss, MSE, RMSE, MAE, MAPE: 28651900.00, 28651899.67, 5232.92, 3941.12, 4.29%
Test - Best epoch, Loss, MSE, RMSE, MAE, MAPE: 166, 24944908.00, 24944907.83, 4767.28, 3386.93, 3.58%
- Epoch 168, ExpID 4182
Train - Loss: 17282094.78
Val - Loss, MSE, RMSE, MAE, MAPE: 28359150.00, 28359150.33, 5206.20, 3931.18, 4.27%
Test - Best epoch, Loss, MSE, RMSE, MAE, MAPE: 168, 24904644.00, 24904641.25, 4764.14, 3384.67, 3.57%
- Epoch 169, ExpID 4182
Train - Loss: 17237541.59
Val - Loss, MSE, RMSE, MAE, MAPE: 28342518.00, 28342515.17, 5204.01, 3920.07, 4.26%
Test - Best epoch, Loss, MSE, RMSE, MAE, MAPE: 169, 24960796.00, 24960792.92, 4765.47, 3386.47, 3.58%
- Epoch 170, ExpID 4182
Train - Loss: 17328325.80
Val - Loss, MSE, RMSE, MAE, MAPE: 28443478.00, 28443480.00, 5214.07, 3928.76, 4.27%
Test - Best epoch, Loss, MSE, RMSE, MAE, MAPE: 169, 24960796.00, 24960792.92, 4765.47, 3386.47, 3.58%
- Epoch 171, ExpID 4182
Train - Loss: 17142598.12
Val - Loss, MSE, RMSE, MAE, MAPE: 28486528.00, 28486526.00, 5218.47, 3937.22, 4.28%
Test - Best epoch, Loss, MSE, RMSE, MAE, MAPE: 169, 24960796.00, 24960792.92, 4765.47, 3386.47, 3.58%
- Epoch 172, ExpID 4182
Train - Loss: 17211820.95
Val - Loss, MSE, RMSE, MAE, MAPE: 28515864.00, 28515863.17, 5221.28, 3933.31, 4.28%
Test - Best epoch, Loss, MSE, RMSE, MAE, MAPE: 169, 24960796.00, 24960792.92, 4765.47, 3386.47, 3.58%
- Epoch 173, ExpID 4182
Train - Loss: 17111174.81
Val - Loss, MSE, RMSE, MAE, MAPE: 28370072.00, 28370074.83, 5207.57, 3924.41, 4.27%
Test - Best epoch, Loss, MSE, RMSE, MAE, MAPE: 169, 24960796.00, 24960792.92, 4765.47, 3386.47, 3.58%
- Epoch 174, ExpID 4182
Train - Loss: 17213184.44
Val - Loss, MSE, RMSE, MAE, MAPE: 28559180.00, 28559179.50, 5225.29, 3931.94, 4.28%
Test - Best epoch, Loss, MSE, RMSE, MAE, MAPE: 169, 24960796.00, 24960792.92, 4765.47, 3386.47, 3.58%
- Epoch 175, ExpID 4182
Train - Loss: 17249841.60
Val - Loss, MSE, RMSE, MAE, MAPE: 28336272.00, 28336272.17, 5205.00, 3922.99, 4.26%
Test - Best epoch, Loss, MSE, RMSE, MAE, MAPE: 175, 24929342.00, 24929342.50, 4767.44, 3385.98, 3.58%
- Epoch 176, ExpID 4182
Train - Loss: 17341059.47
Val - Loss, MSE, RMSE, MAE, MAPE: 28548640.00, 28548638.67, 5223.51, 3928.43, 4.28%
Test - Best epoch, Loss, MSE, RMSE, MAE, MAPE: 175, 24929342.00, 24929342.50, 4767.44, 3385.98, 3.58%
- Epoch 177, ExpID 4182
Train - Loss: 17305844.49
Val - Loss, MSE, RMSE, MAE, MAPE: 28356908.00, 28356904.83, 5206.00, 3919.49, 4.26%
Test - Best epoch, Loss, MSE, RMSE, MAE, MAPE: 175, 24929342.00, 24929342.50, 4767.44, 3385.98, 3.58%
- Epoch 178, ExpID 4182
Train - Loss: 17318165.77
Val - Loss, MSE, RMSE, MAE, MAPE: 28177564.00, 28177561.17, 5190.55, 3910.14, 4.25%
Test - Best epoch, Loss, MSE, RMSE, MAE, MAPE: 178, 24842124.00, 24842120.17, 4759.21, 3375.36, 3.56%
- Epoch 179, ExpID 4182
Train - Loss: 17065364.92
Val - Loss, MSE, RMSE, MAE, MAPE: 28472324.00, 28472323.67, 5217.13, 3927.19, 4.28%
Test - Best epoch, Loss, MSE, RMSE, MAE, MAPE: 178, 24842124.00, 24842120.17, 4759.21, 3375.36, 3.56%
- Epoch 180, ExpID 4182
Train - Loss: 17002552.83
Val - Loss, MSE, RMSE, MAE, MAPE: 28188468.00, 28188466.67, 5190.82, 3912.80, 4.25%
Test - Best epoch, Loss, MSE, RMSE, MAE, MAPE: 178, 24842124.00, 24842120.17, 4759.21, 3375.36, 3.56%
- Epoch 181, ExpID 4182
Train - Loss: 17129847.36
Val - Loss, MSE, RMSE, MAE, MAPE: 28279798.00, 28279797.00, 5199.53, 3915.47, 4.26%
Test - Best epoch, Loss, MSE, RMSE, MAE, MAPE: 178, 24842124.00, 24842120.17, 4759.21, 3375.36, 3.56%
- Epoch 182, ExpID 4182
Train - Loss: 16913153.40
Val - Loss, MSE, RMSE, MAE, MAPE: 28315292.00, 28315288.67, 5202.79, 3916.33, 4.26%
Test - Best epoch, Loss, MSE, RMSE, MAE, MAPE: 178, 24842124.00, 24842120.17, 4759.21, 3375.36, 3.56%
- Epoch 183, ExpID 4182
Train - Loss: 17182264.03
Val - Loss, MSE, RMSE, MAE, MAPE: 28291936.00, 28291937.33, 5200.82, 3920.55, 4.26%
Test - Best epoch, Loss, MSE, RMSE, MAE, MAPE: 178, 24842124.00, 24842120.17, 4759.21, 3375.36, 3.56%
- Epoch 184, ExpID 4182
Train - Loss: 17289180.47
Val - Loss, MSE, RMSE, MAE, MAPE: 28327940.00, 28327938.00, 5204.42, 3916.98, 4.26%
Test - Best epoch, Loss, MSE, RMSE, MAE, MAPE: 178, 24842124.00, 24842120.17, 4759.21, 3375.36, 3.56%
- Epoch 185, ExpID 4182
Train - Loss: 17040957.84
Val - Loss, MSE, RMSE, MAE, MAPE: 28276988.00, 28276988.33, 5199.38, 3915.89, 4.26%
Test - Best epoch, Loss, MSE, RMSE, MAE, MAPE: 178, 24842124.00, 24842120.17, 4759.21, 3375.36, 3.56%
- Epoch 186, ExpID 4182
Train - Loss: 17261970.64
Val - Loss, MSE, RMSE, MAE, MAPE: 28197888.00, 28197888.00, 5191.50, 3905.82, 4.25%
Test - Best epoch, Loss, MSE, RMSE, MAE, MAPE: 178, 24842124.00, 24842120.17, 4759.21, 3375.36, 3.56%
- Epoch 187, ExpID 4182
Train - Loss: 17116728.71
Val - Loss, MSE, RMSE, MAE, MAPE: 28151428.00, 28151425.83, 5188.41, 3908.32, 4.25%
Test - Best epoch, Loss, MSE, RMSE, MAE, MAPE: 187, 24800510.00, 24800508.92, 4755.68, 3373.86, 3.56%
- Epoch 188, ExpID 4182
Train - Loss: 16948031.62
Val - Loss, MSE, RMSE, MAE, MAPE: 28199008.00, 28199007.83, 5193.12, 3913.08, 4.25%
Test - Best epoch, Loss, MSE, RMSE, MAE, MAPE: 187, 24800510.00, 24800508.92, 4755.68, 3373.86, 3.56%
- Epoch 189, ExpID 4182
Train - Loss: 17132120.28
Val - Loss, MSE, RMSE, MAE, MAPE: 28281196.00, 28281195.67, 5199.91, 3916.46, 4.26%
Test - Best epoch, Loss, MSE, RMSE, MAE, MAPE: 187, 24800510.00, 24800508.92, 4755.68, 3373.86, 3.56%
- Epoch 190, ExpID 4182
Train - Loss: 17161680.52
Val - Loss, MSE, RMSE, MAE, MAPE: 28279456.00, 28279456.50, 5199.85, 3914.56, 4.26%
Test - Best epoch, Loss, MSE, RMSE, MAE, MAPE: 187, 24800510.00, 24800508.92, 4755.68, 3373.86, 3.56%
- Epoch 191, ExpID 4182
Train - Loss: 17144404.79
Val - Loss, MSE, RMSE, MAE, MAPE: 28137112.00, 28137110.83, 5186.35, 3911.10, 4.25%
Test - Best epoch, Loss, MSE, RMSE, MAE, MAPE: 191, 24706206.00, 24706201.83, 4748.70, 3369.24, 3.55%
- Epoch 192, ExpID 4182
Train - Loss: 16925483.94
Val - Loss, MSE, RMSE, MAE, MAPE: 28195720.00, 28195719.67, 5192.43, 3912.07, 4.26%
Test - Best epoch, Loss, MSE, RMSE, MAE, MAPE: 191, 24706206.00, 24706201.83, 4748.70, 3369.24, 3.55%
- Epoch 193, ExpID 4182
Train - Loss: 17175164.34
Val - Loss, MSE, RMSE, MAE, MAPE: 28157550.00, 28157549.33, 5188.20, 3904.85, 4.25%
Test - Best epoch, Loss, MSE, RMSE, MAE, MAPE: 191, 24706206.00, 24706201.83, 4748.70, 3369.24, 3.55%
- Epoch 194, ExpID 4182
Train - Loss: 16823634.03
Val - Loss, MSE, RMSE, MAE, MAPE: 28137500.00, 28137499.17, 5186.36, 3906.74, 4.25%
Test - Best epoch, Loss, MSE, RMSE, MAE, MAPE: 191, 24706206.00, 24706201.83, 4748.70, 3369.24, 3.55%
- Epoch 195, ExpID 4182
Train - Loss: 17155546.42
Val - Loss, MSE, RMSE, MAE, MAPE: 28153940.00, 28153938.50, 5188.09, 3907.81, 4.25%
Test - Best epoch, Loss, MSE, RMSE, MAE, MAPE: 191, 24706206.00, 24706201.83, 4748.70, 3369.24, 3.55%
- Epoch 196, ExpID 4182
Train - Loss: 17008199.24
Val - Loss, MSE, RMSE, MAE, MAPE: 28180264.00, 28180263.83, 5190.09, 3908.23, 4.25%
Test - Best epoch, Loss, MSE, RMSE, MAE, MAPE: 191, 24706206.00, 24706201.83, 4748.70, 3369.24, 3.55%
- Epoch 197, ExpID 4182
Train - Loss: 16997421.88
Val - Loss, MSE, RMSE, MAE, MAPE: 28298912.00, 28298910.50, 5201.61, 3917.90, 4.27%
Test - Best epoch, Loss, MSE, RMSE, MAE, MAPE: 191, 24706206.00, 24706201.83, 4748.70, 3369.24, 3.55%
- Epoch 198, ExpID 4182
Train - Loss: 16880773.37
Val - Loss, MSE, RMSE, MAE, MAPE: 28317454.00, 28317453.33, 5203.47, 3912.02, 4.26%
Test - Best epoch, Loss, MSE, RMSE, MAE, MAPE: 191, 24706206.00, 24706201.83, 4748.70, 3369.24, 3.55%
- Epoch 199, ExpID 4182
Train - Loss: 16959957.07
Val - Loss, MSE, RMSE, MAE, MAPE: 28338016.00, 28338017.67, 5205.67, 3914.29, 4.27%
Test - Best epoch, Loss, MSE, RMSE, MAE, MAPE: 191, 24706206.00, 24706201.83, 4748.70, 3369.24, 3.55%
- Epoch 200, ExpID 4182
Train - Loss: 17045910.83
Val - Loss, MSE, RMSE, MAE, MAPE: 28126302.00, 28126300.67, 5186.47, 3907.88, 4.25%
Test - Best epoch, Loss, MSE, RMSE, MAE, MAPE: 200, 24710734.00, 24710730.75, 4746.88, 3365.01, 3.55%
- Epoch 201, ExpID 4182
Train - Loss: 17070266.58
Val - Loss, MSE, RMSE, MAE, MAPE: 28155334.00, 28155334.33, 5188.92, 3909.35, 4.25%
Test - Best epoch, Loss, MSE, RMSE, MAE, MAPE: 200, 24710734.00, 24710730.75, 4746.88, 3365.01, 3.55%
- Epoch 202, ExpID 4182
Train - Loss: 16692488.73
Val - Loss, MSE, RMSE, MAE, MAPE: 28236184.00, 28236185.00, 5196.34, 3908.07, 4.25%
Test - Best epoch, Loss, MSE, RMSE, MAE, MAPE: 200, 24710734.00, 24710730.75, 4746.88, 3365.01, 3.55%
- Epoch 203, ExpID 4182
Train - Loss: 16833865.40
Val - Loss, MSE, RMSE, MAE, MAPE: 28199030.00, 28199031.00, 5194.56, 3915.75, 4.26%
Test - Best epoch, Loss, MSE, RMSE, MAE, MAPE: 200, 24710734.00, 24710730.75, 4746.88, 3365.01, 3.55%
- Epoch 204, ExpID 4182
Train - Loss: 16907939.60
Val - Loss, MSE, RMSE, MAE, MAPE: 28189220.00, 28189216.83, 5193.10, 3909.56, 4.25%
Test - Best epoch, Loss, MSE, RMSE, MAE, MAPE: 200, 24710734.00, 24710730.75, 4746.88, 3365.01, 3.55%
- Epoch 205, ExpID 4182
Train - Loss: 16862755.34
Val - Loss, MSE, RMSE, MAE, MAPE: 28122710.00, 28122711.83, 5186.82, 3904.70, 4.25%
Test - Best epoch, Loss, MSE, RMSE, MAE, MAPE: 205, 24694526.00, 24694524.58, 4744.48, 3368.56, 3.56%
- Epoch 206, ExpID 4182
Train - Loss: 16944675.02
Val - Loss, MSE, RMSE, MAE, MAPE: 28149436.00, 28149433.33, 5189.54, 3907.34, 4.25%
Test - Best epoch, Loss, MSE, RMSE, MAE, MAPE: 205, 24694526.00, 24694524.58, 4744.48, 3368.56, 3.56%
- Epoch 207, ExpID 4182
Train - Loss: 16889937.93
Val - Loss, MSE, RMSE, MAE, MAPE: 28115232.00, 28115232.83, 5185.26, 3906.85, 4.25%
Test - Best epoch, Loss, MSE, RMSE, MAE, MAPE: 207, 24611136.00, 24611135.75, 4736.76, 3358.50, 3.55%
- Epoch 208, ExpID 4182
Train - Loss: 16712174.58
Val - Loss, MSE, RMSE, MAE, MAPE: 28235768.00, 28235767.33, 5196.70, 3912.17, 4.26%
Test - Best epoch, Loss, MSE, RMSE, MAE, MAPE: 207, 24611136.00, 24611135.75, 4736.76, 3358.50, 3.55%
- Epoch 209, ExpID 4182
Train - Loss: 16770828.87
Val - Loss, MSE, RMSE, MAE, MAPE: 28186710.00, 28186710.17, 5192.39, 3909.99, 4.25%
Test - Best epoch, Loss, MSE, RMSE, MAE, MAPE: 207, 24611136.00, 24611135.75, 4736.76, 3358.50, 3.55%
- Epoch 210, ExpID 4182
Train - Loss: 16950657.65
Val - Loss, MSE, RMSE, MAE, MAPE: 28001310.00, 28001307.33, 5175.30, 3893.77, 4.23%
Test - Best epoch, Loss, MSE, RMSE, MAE, MAPE: 210, 24605998.00, 24605997.67, 4736.85, 3358.17, 3.55%
- Epoch 211, ExpID 4182
Train - Loss: 16714692.78
Val - Loss, MSE, RMSE, MAE, MAPE: 28060228.00, 28060227.00, 5180.63, 3900.08, 4.24%
Test - Best epoch, Loss, MSE, RMSE, MAE, MAPE: 210, 24605998.00, 24605997.67, 4736.85, 3358.17, 3.55%
- Epoch 212, ExpID 4182
Train - Loss: 16790586.64
Val - Loss, MSE, RMSE, MAE, MAPE: 28126158.00, 28126156.67, 5186.12, 3905.45, 4.25%
Test - Best epoch, Loss, MSE, RMSE, MAE, MAPE: 210, 24605998.00, 24605997.67, 4736.85, 3358.17, 3.55%
- Epoch 213, ExpID 4182
Train - Loss: 16673170.57
Val - Loss, MSE, RMSE, MAE, MAPE: 28126982.00, 28126982.33, 5185.48, 3902.44, 4.25%
Test - Best epoch, Loss, MSE, RMSE, MAE, MAPE: 210, 24605998.00, 24605997.67, 4736.85, 3358.17, 3.55%
- Epoch 214, ExpID 4182
Train - Loss: 16807772.17
Val - Loss, MSE, RMSE, MAE, MAPE: 27918398.00, 27918395.33, 5167.55, 3895.46, 4.23%
Test - Best epoch, Loss, MSE, RMSE, MAE, MAPE: 214, 24492772.00, 24492771.75, 4730.08, 3351.52, 3.54%
- Epoch 215, ExpID 4182
Train - Loss: 16922018.45
Val - Loss, MSE, RMSE, MAE, MAPE: 28052340.00, 28052336.33, 5178.80, 3899.07, 4.24%
Test - Best epoch, Loss, MSE, RMSE, MAE, MAPE: 214, 24492772.00, 24492771.75, 4730.08, 3351.52, 3.54%
- Epoch 216, ExpID 4182
Train - Loss: 16896123.16
Val - Loss, MSE, RMSE, MAE, MAPE: 28023528.00, 28023526.50, 5176.05, 3897.24, 4.24%
Test - Best epoch, Loss, MSE, RMSE, MAE, MAPE: 214, 24492772.00, 24492771.75, 4730.08, 3351.52, 3.54%
- Epoch 217, ExpID 4182
Train - Loss: 16634964.40
Val - Loss, MSE, RMSE, MAE, MAPE: 28109742.00, 28109740.17, 5184.70, 3904.70, 4.25%
Test - Best epoch, Loss, MSE, RMSE, MAE, MAPE: 214, 24492772.00, 24492771.75, 4730.08, 3351.52, 3.54%
- Epoch 218, ExpID 4182
Train - Loss: 16490459.69
Val - Loss, MSE, RMSE, MAE, MAPE: 28183956.00, 28183953.17, 5191.30, 3905.08, 4.25%
Test - Best epoch, Loss, MSE, RMSE, MAE, MAPE: 214, 24492772.00, 24492771.75, 4730.08, 3351.52, 3.54%
- Epoch 219, ExpID 4182
Train - Loss: 16720376.23
Val - Loss, MSE, RMSE, MAE, MAPE: 27968288.00, 27968287.50, 5172.36, 3897.86, 4.23%
Test - Best epoch, Loss, MSE, RMSE, MAE, MAPE: 214, 24492772.00, 24492771.75, 4730.08, 3351.52, 3.54%
- Epoch 220, ExpID 4182
Train - Loss: 16755408.35
Val - Loss, MSE, RMSE, MAE, MAPE: 27986982.00, 27986982.17, 5174.22, 3898.15, 4.24%
Test - Best epoch, Loss, MSE, RMSE, MAE, MAPE: 214, 24492772.00, 24492771.75, 4730.08, 3351.52, 3.54%
- Epoch 221, ExpID 4182
Train - Loss: 16532394.94
Val - Loss, MSE, RMSE, MAE, MAPE: 28063710.00, 28063709.83, 5180.12, 3891.30, 4.24%
Test - Best epoch, Loss, MSE, RMSE, MAE, MAPE: 214, 24492772.00, 24492771.75, 4730.08, 3351.52, 3.54%
- Epoch 222, ExpID 4182
Train - Loss: 16740409.14
Val - Loss, MSE, RMSE, MAE, MAPE: 28139126.00, 28139127.33, 5187.84, 3902.22, 4.25%
Test - Best epoch, Loss, MSE, RMSE, MAE, MAPE: 214, 24492772.00, 24492771.75, 4730.08, 3351.52, 3.54%
- Epoch 223, ExpID 4182
Train - Loss: 17016275.43
Val - Loss, MSE, RMSE, MAE, MAPE: 28171540.00, 28171539.83, 5191.03, 3897.36, 4.25%
Test - Best epoch, Loss, MSE, RMSE, MAE, MAPE: 214, 24492772.00, 24492771.75, 4730.08, 3351.52, 3.54%
- Epoch 224, ExpID 4182
Train - Loss: 16758489.16
Val - Loss, MSE, RMSE, MAE, MAPE: 28101636.00, 28101633.17, 5184.30, 3897.88, 4.25%
Test - Best epoch, Loss, MSE, RMSE, MAE, MAPE: 214, 24492772.00, 24492771.75, 4730.08, 3351.52, 3.54%
Early Stopping at Epoch 224
Fold 2019 Best RMSE: 4730.0841
