DETAILED LOG | Model: patchtst | Seed: 3
FULL CONFIG: {'gpu': '0', 'target': 'departure', 'cv_start_year': 2017, 'cv_end_year': 2019, 'test_year': 2024, 'use_corona': False, 'seq_len': 91, 'label_len': 0, 'pred_len': 7, 'batch_size': 64, 'epochs': 1000, 'patience': 10, 'lr': 0.0001, 'model': 'patchtst', 'd_model': 256, 'n_heads': 4, 'n_layers': 5, 'dropout': 0.1, 'activation': 'gelu', 'patch_len': 7, 'factor': 5, 'norm_mode': 'revin', 'use_dbloss': False, 'device': device(type='cuda'), 'stride': 7, 'file_path': 'dataset/airport_daily_flight_merged.csv', 'seed': 3, 'val_year': 2019, 'ndims': 1}

-------------------- [Fold: 2017] ExpID: 94906 --------------------
- Epoch 000, ExpID 94906
Train - Loss: 22613053.96
Val - Loss, MSE, RMSE, MAE, MAPE: 30035628.00, 30035626.00, 5436.59, 4081.97, 5.20%
Test - Best epoch, Loss, MSE, RMSE, MAE, MAPE: 0, 52822296.00, 52822296.67, 6848.21, 5057.42, 6.09%
- Epoch 001, ExpID 94906
Train - Loss: 19111239.63
Val - Loss, MSE, RMSE, MAE, MAPE: 29020604.00, 29020600.33, 5342.17, 4019.75, 5.14%
Test - Best epoch, Loss, MSE, RMSE, MAE, MAPE: 1, 50725788.00, 50725786.67, 6743.36, 5003.41, 6.02%
- Epoch 002, ExpID 94906
Train - Loss: 18267083.41
Val - Loss, MSE, RMSE, MAE, MAPE: 28432172.00, 28432170.33, 5295.30, 3992.19, 5.06%
Test - Best epoch, Loss, MSE, RMSE, MAE, MAPE: 2, 52974920.00, 52974918.33, 6908.96, 5173.15, 6.17%
- Epoch 003, ExpID 94906
Train - Loss: 17691868.81
Val - Loss, MSE, RMSE, MAE, MAPE: 26642636.00, 26642635.00, 5113.42, 3815.12, 4.86%
Test - Best epoch, Loss, MSE, RMSE, MAE, MAPE: 3, 52118540.00, 52118538.00, 6803.44, 4944.03, 5.95%
- Epoch 004, ExpID 94906
Train - Loss: 17066447.43
Val - Loss, MSE, RMSE, MAE, MAPE: 26136030.00, 26136033.00, 5067.35, 3772.07, 4.82%
Test - Best epoch, Loss, MSE, RMSE, MAE, MAPE: 4, 50077288.00, 50077283.67, 6690.77, 4935.05, 5.93%
- Epoch 005, ExpID 94906
Train - Loss: 16416816.04
Val - Loss, MSE, RMSE, MAE, MAPE: 25348566.00, 25348565.33, 5002.51, 3694.01, 4.68%
Test - Best epoch, Loss, MSE, RMSE, MAE, MAPE: 5, 53217816.00, 53217813.00, 6911.20, 5050.09, 6.02%
- Epoch 006, ExpID 94906
Train - Loss: 16001627.90
Val - Loss, MSE, RMSE, MAE, MAPE: 25091236.00, 25091235.00, 4964.09, 3648.66, 4.63%
Test - Best epoch, Loss, MSE, RMSE, MAE, MAPE: 6, 53587640.00, 53587640.33, 6955.55, 5162.42, 6.16%
- Epoch 007, ExpID 94906
Train - Loss: 15264563.14
Val - Loss, MSE, RMSE, MAE, MAPE: 24861136.00, 24861136.67, 4944.84, 3651.99, 4.65%
Test - Best epoch, Loss, MSE, RMSE, MAE, MAPE: 7, 50337192.00, 50337190.67, 6723.90, 4980.90, 5.96%
- Epoch 008, ExpID 94906
Train - Loss: 14913777.34
Val - Loss, MSE, RMSE, MAE, MAPE: 24705868.00, 24705866.33, 4926.49, 3620.33, 4.61%
Test - Best epoch, Loss, MSE, RMSE, MAE, MAPE: 8, 51472428.00, 51472426.67, 6842.24, 5046.64, 6.04%
- Epoch 009, ExpID 94906
Train - Loss: 14399851.04
Val - Loss, MSE, RMSE, MAE, MAPE: 23007534.00, 23007533.17, 4758.97, 3503.72, 4.47%
Test - Best epoch, Loss, MSE, RMSE, MAE, MAPE: 9, 49394668.00, 49394663.00, 6650.82, 4892.22, 5.85%
- Epoch 010, ExpID 94906
Train - Loss: 13944476.47
Val - Loss, MSE, RMSE, MAE, MAPE: 23094278.00, 23094277.00, 4763.36, 3460.05, 4.43%
Test - Best epoch, Loss, MSE, RMSE, MAE, MAPE: 9, 49394668.00, 49394663.00, 6650.82, 4892.22, 5.85%
- Epoch 011, ExpID 94906
Train - Loss: 13690465.08
Val - Loss, MSE, RMSE, MAE, MAPE: 22753388.00, 22753386.33, 4727.60, 3458.18, 4.43%
Test - Best epoch, Loss, MSE, RMSE, MAE, MAPE: 11, 48320028.00, 48320027.50, 6579.70, 4841.48, 5.83%
- Epoch 012, ExpID 94906
Train - Loss: 13194719.53
Val - Loss, MSE, RMSE, MAE, MAPE: 23240512.00, 23240510.67, 4781.91, 3520.58, 4.53%
Test - Best epoch, Loss, MSE, RMSE, MAE, MAPE: 11, 48320028.00, 48320027.50, 6579.70, 4841.48, 5.83%
- Epoch 013, ExpID 94906
Train - Loss: 12732987.78
Val - Loss, MSE, RMSE, MAE, MAPE: 22116316.00, 22116313.33, 4670.81, 3396.54, 4.37%
Test - Best epoch, Loss, MSE, RMSE, MAE, MAPE: 13, 48026748.00, 48026742.67, 6543.07, 4800.73, 5.80%
- Epoch 014, ExpID 94906
Train - Loss: 12422550.04
Val - Loss, MSE, RMSE, MAE, MAPE: 23006782.00, 23006781.67, 4753.12, 3466.69, 4.42%
Test - Best epoch, Loss, MSE, RMSE, MAE, MAPE: 13, 48026748.00, 48026742.67, 6543.07, 4800.73, 5.80%
- Epoch 015, ExpID 94906
Train - Loss: 12239823.91
Val - Loss, MSE, RMSE, MAE, MAPE: 23672556.00, 23672555.50, 4824.54, 3526.21, 4.52%
Test - Best epoch, Loss, MSE, RMSE, MAE, MAPE: 13, 48026748.00, 48026742.67, 6543.07, 4800.73, 5.80%
- Epoch 016, ExpID 94906
Train - Loss: 11873923.59
Val - Loss, MSE, RMSE, MAE, MAPE: 22801918.00, 22801916.83, 4740.47, 3471.64, 4.44%
Test - Best epoch, Loss, MSE, RMSE, MAE, MAPE: 13, 48026748.00, 48026742.67, 6543.07, 4800.73, 5.80%
- Epoch 017, ExpID 94906
Train - Loss: 11689636.86
Val - Loss, MSE, RMSE, MAE, MAPE: 22417772.00, 22417770.00, 4701.28, 3485.66, 4.46%
Test - Best epoch, Loss, MSE, RMSE, MAE, MAPE: 13, 48026748.00, 48026742.67, 6543.07, 4800.73, 5.80%
- Epoch 018, ExpID 94906
Train - Loss: 11425044.80
Val - Loss, MSE, RMSE, MAE, MAPE: 24265068.00, 24265067.83, 4885.41, 3625.34, 4.63%
Test - Best epoch, Loss, MSE, RMSE, MAE, MAPE: 13, 48026748.00, 48026742.67, 6543.07, 4800.73, 5.80%
- Epoch 019, ExpID 94906
Train - Loss: 11050368.63
Val - Loss, MSE, RMSE, MAE, MAPE: 22987542.00, 22987540.00, 4755.41, 3509.46, 4.49%
Test - Best epoch, Loss, MSE, RMSE, MAE, MAPE: 13, 48026748.00, 48026742.67, 6543.07, 4800.73, 5.80%
- Epoch 020, ExpID 94906
Train - Loss: 10958862.46
Val - Loss, MSE, RMSE, MAE, MAPE: 23289088.00, 23289087.67, 4786.87, 3513.65, 4.50%
Test - Best epoch, Loss, MSE, RMSE, MAE, MAPE: 13, 48026748.00, 48026742.67, 6543.07, 4800.73, 5.80%
- Epoch 021, ExpID 94906
Train - Loss: 10510844.00
Val - Loss, MSE, RMSE, MAE, MAPE: 23417636.00, 23417635.83, 4799.62, 3512.77, 4.48%
Test - Best epoch, Loss, MSE, RMSE, MAE, MAPE: 13, 48026748.00, 48026742.67, 6543.07, 4800.73, 5.80%
- Epoch 022, ExpID 94906
Train - Loss: 10526481.51
Val - Loss, MSE, RMSE, MAE, MAPE: 22856076.00, 22856073.83, 4744.35, 3490.69, 4.47%
Test - Best epoch, Loss, MSE, RMSE, MAE, MAPE: 13, 48026748.00, 48026742.67, 6543.07, 4800.73, 5.80%
- Epoch 023, ExpID 94906
Train - Loss: 10281548.62
Val - Loss, MSE, RMSE, MAE, MAPE: 23079940.00, 23079938.67, 4769.93, 3510.81, 4.49%
Test - Best epoch, Loss, MSE, RMSE, MAE, MAPE: 13, 48026748.00, 48026742.67, 6543.07, 4800.73, 5.80%
Early Stopping at Epoch 23
Fold 2017 Best RMSE: 6543.0708

-------------------- [Fold: 2018] ExpID: 36358 --------------------
- Epoch 000, ExpID 36358
Train - Loss: 23812295.00
Val - Loss, MSE, RMSE, MAE, MAPE: 53459400.00, 53459400.67, 6947.71, 5182.55, 6.20%
Test - Best epoch, Loss, MSE, RMSE, MAE, MAPE: 0, 37456600.00, 37456601.00, 6011.04, 4623.51, 4.97%
- Epoch 001, ExpID 36358
Train - Loss: 20355697.47
Val - Loss, MSE, RMSE, MAE, MAPE: 52297864.00, 52297860.67, 6821.06, 5010.59, 6.03%
Test - Best epoch, Loss, MSE, RMSE, MAE, MAPE: 1, 35454528.00, 35454525.00, 5861.14, 4528.09, 4.89%
- Epoch 002, ExpID 36358
Train - Loss: 19409413.41
Val - Loss, MSE, RMSE, MAE, MAPE: 50495244.00, 50495246.00, 6714.83, 4968.38, 5.94%
Test - Best epoch, Loss, MSE, RMSE, MAE, MAPE: 2, 33650136.00, 33650132.00, 5696.49, 4354.10, 4.68%
- Epoch 003, ExpID 36358
Train - Loss: 18574703.29
Val - Loss, MSE, RMSE, MAE, MAPE: 51414780.00, 51414780.33, 6705.00, 4883.26, 5.89%
Test - Best epoch, Loss, MSE, RMSE, MAE, MAPE: 2, 33650136.00, 33650132.00, 5696.49, 4354.10, 4.68%
- Epoch 004, ExpID 36358
Train - Loss: 17830429.51
Val - Loss, MSE, RMSE, MAE, MAPE: 53648928.00, 53648923.33, 6913.77, 5156.87, 6.13%
Test - Best epoch, Loss, MSE, RMSE, MAE, MAPE: 2, 33650136.00, 33650132.00, 5696.49, 4354.10, 4.68%
- Epoch 005, ExpID 36358
Train - Loss: 17360990.12
Val - Loss, MSE, RMSE, MAE, MAPE: 49914640.00, 49914639.83, 6638.53, 4829.47, 5.80%
Test - Best epoch, Loss, MSE, RMSE, MAE, MAPE: 5, 31497896.00, 31497895.67, 5489.04, 4185.28, 4.52%
- Epoch 006, ExpID 36358
Train - Loss: 16543882.64
Val - Loss, MSE, RMSE, MAE, MAPE: 52505544.00, 52505540.33, 6826.91, 5034.96, 5.99%
Test - Best epoch, Loss, MSE, RMSE, MAE, MAPE: 5, 31497896.00, 31497895.67, 5489.04, 4185.28, 4.52%
- Epoch 007, ExpID 36358
Train - Loss: 16062229.29
Val - Loss, MSE, RMSE, MAE, MAPE: 50084316.00, 50084316.00, 6645.60, 4831.85, 5.81%
Test - Best epoch, Loss, MSE, RMSE, MAE, MAPE: 5, 31497896.00, 31497895.67, 5489.04, 4185.28, 4.52%
- Epoch 008, ExpID 36358
Train - Loss: 15555060.88
Val - Loss, MSE, RMSE, MAE, MAPE: 48847980.00, 48847980.33, 6548.54, 4818.72, 5.74%
Test - Best epoch, Loss, MSE, RMSE, MAE, MAPE: 8, 32568804.00, 32568802.67, 5547.18, 4232.85, 4.54%
- Epoch 009, ExpID 36358
Train - Loss: 15171645.69
Val - Loss, MSE, RMSE, MAE, MAPE: 51280832.00, 51280833.17, 6713.76, 4928.50, 5.88%
Test - Best epoch, Loss, MSE, RMSE, MAE, MAPE: 8, 32568804.00, 32568802.67, 5547.18, 4232.85, 4.54%
- Epoch 010, ExpID 36358
Train - Loss: 14571753.48
Val - Loss, MSE, RMSE, MAE, MAPE: 52142432.00, 52142428.17, 6775.93, 4988.92, 5.92%
Test - Best epoch, Loss, MSE, RMSE, MAE, MAPE: 8, 32568804.00, 32568802.67, 5547.18, 4232.85, 4.54%
- Epoch 011, ExpID 36358
Train - Loss: 14599988.73
Val - Loss, MSE, RMSE, MAE, MAPE: 51224080.00, 51224080.83, 6684.29, 4839.73, 5.80%
Test - Best epoch, Loss, MSE, RMSE, MAE, MAPE: 8, 32568804.00, 32568802.67, 5547.18, 4232.85, 4.54%
- Epoch 012, ExpID 36358
Train - Loss: 13867817.09
Val - Loss, MSE, RMSE, MAE, MAPE: 52256160.00, 52256161.83, 6734.69, 4905.79, 5.86%
Test - Best epoch, Loss, MSE, RMSE, MAE, MAPE: 8, 32568804.00, 32568802.67, 5547.18, 4232.85, 4.54%
- Epoch 013, ExpID 36358
Train - Loss: 13918301.35
Val - Loss, MSE, RMSE, MAE, MAPE: 53017624.00, 53017619.83, 6793.66, 4963.46, 5.93%
Test - Best epoch, Loss, MSE, RMSE, MAE, MAPE: 8, 32568804.00, 32568802.67, 5547.18, 4232.85, 4.54%
- Epoch 014, ExpID 36358
Train - Loss: 13362704.85
Val - Loss, MSE, RMSE, MAE, MAPE: 54653936.00, 54653935.33, 6951.57, 5200.99, 6.16%
Test - Best epoch, Loss, MSE, RMSE, MAE, MAPE: 8, 32568804.00, 32568802.67, 5547.18, 4232.85, 4.54%
- Epoch 015, ExpID 36358
Train - Loss: 12961492.72
Val - Loss, MSE, RMSE, MAE, MAPE: 53733448.00, 53733443.17, 6839.38, 5117.23, 6.09%
Test - Best epoch, Loss, MSE, RMSE, MAE, MAPE: 8, 32568804.00, 32568802.67, 5547.18, 4232.85, 4.54%
- Epoch 016, ExpID 36358
Train - Loss: 12690520.16
Val - Loss, MSE, RMSE, MAE, MAPE: 53932360.00, 53932355.17, 6895.21, 5171.99, 6.15%
Test - Best epoch, Loss, MSE, RMSE, MAE, MAPE: 8, 32568804.00, 32568802.67, 5547.18, 4232.85, 4.54%
- Epoch 017, ExpID 36358
Train - Loss: 12580265.11
Val - Loss, MSE, RMSE, MAE, MAPE: 53498424.00, 53498422.17, 6822.16, 4993.63, 5.95%
Test - Best epoch, Loss, MSE, RMSE, MAE, MAPE: 8, 32568804.00, 32568802.67, 5547.18, 4232.85, 4.54%
- Epoch 018, ExpID 36358
Train - Loss: 12350594.96
Val - Loss, MSE, RMSE, MAE, MAPE: 54346088.00, 54346081.67, 6872.64, 5073.58, 6.05%
Test - Best epoch, Loss, MSE, RMSE, MAE, MAPE: 8, 32568804.00, 32568802.67, 5547.18, 4232.85, 4.54%
Early Stopping at Epoch 18
Fold 2018 Best RMSE: 5547.1806

-------------------- [Fold: 2019] ExpID: 59166 --------------------
- Epoch 000, ExpID 59166
Train - Loss: 26384969.40
Val - Loss, MSE, RMSE, MAE, MAPE: 36769512.00, 36769507.67, 5948.37, 4584.32, 4.96%
Test - Best epoch, Loss, MSE, RMSE, MAE, MAPE: 0, 41164256.00, 41164252.67, 6266.76, 4731.71, 4.98%
- Epoch 001, ExpID 59166
Train - Loss: 22785338.96
Val - Loss, MSE, RMSE, MAE, MAPE: 34828812.00, 34828812.00, 5789.19, 4470.87, 4.81%
Test - Best epoch, Loss, MSE, RMSE, MAE, MAPE: 1, 38611772.00, 38611770.33, 6076.37, 4595.66, 4.81%
- Epoch 002, ExpID 59166
Train - Loss: 21426612.52
Val - Loss, MSE, RMSE, MAE, MAPE: 34065176.00, 34065174.67, 5720.08, 4401.45, 4.74%
Test - Best epoch, Loss, MSE, RMSE, MAE, MAPE: 2, 37837724.00, 37837723.33, 6029.66, 4488.39, 4.71%
- Epoch 003, ExpID 59166
Train - Loss: 20403846.88
Val - Loss, MSE, RMSE, MAE, MAPE: 33328262.00, 33328259.33, 5637.79, 4306.59, 4.62%
Test - Best epoch, Loss, MSE, RMSE, MAE, MAPE: 3, 36123192.00, 36123189.00, 5885.65, 4363.38, 4.56%
- Epoch 004, ExpID 59166
Train - Loss: 19753618.22
Val - Loss, MSE, RMSE, MAE, MAPE: 31348150.00, 31348148.33, 5467.43, 4192.44, 4.53%
Test - Best epoch, Loss, MSE, RMSE, MAE, MAPE: 4, 35181900.00, 35181898.67, 5777.51, 4309.03, 4.53%
- Epoch 005, ExpID 59166
Train - Loss: 18775495.33
Val - Loss, MSE, RMSE, MAE, MAPE: 30619758.00, 30619759.00, 5400.00, 4098.03, 4.41%
Test - Best epoch, Loss, MSE, RMSE, MAE, MAPE: 5, 34647168.00, 34647169.00, 5742.08, 4286.91, 4.49%
- Epoch 006, ExpID 59166
Train - Loss: 18201520.98
Val - Loss, MSE, RMSE, MAE, MAPE: 31097742.00, 31097742.67, 5442.90, 4147.08, 4.49%
Test - Best epoch, Loss, MSE, RMSE, MAE, MAPE: 5, 34647168.00, 34647169.00, 5742.08, 4286.91, 4.49%
- Epoch 007, ExpID 59166
Train - Loss: 17903315.26
Val - Loss, MSE, RMSE, MAE, MAPE: 29974214.00, 29974212.83, 5315.20, 4024.69, 4.35%
Test - Best epoch, Loss, MSE, RMSE, MAE, MAPE: 7, 34661348.00, 34661349.00, 5712.58, 4279.14, 4.49%
- Epoch 008, ExpID 59166
Train - Loss: 16995774.90
Val - Loss, MSE, RMSE, MAE, MAPE: 30516656.00, 30516654.00, 5386.30, 4095.54, 4.44%
Test - Best epoch, Loss, MSE, RMSE, MAE, MAPE: 7, 34661348.00, 34661349.00, 5712.58, 4279.14, 4.49%
- Epoch 009, ExpID 59166
Train - Loss: 16597135.01
Val - Loss, MSE, RMSE, MAE, MAPE: 31395280.00, 31395278.33, 5467.69, 4162.43, 4.49%
Test - Best epoch, Loss, MSE, RMSE, MAE, MAPE: 7, 34661348.00, 34661349.00, 5712.58, 4279.14, 4.49%
- Epoch 010, ExpID 59166
Train - Loss: 15979782.49
Val - Loss, MSE, RMSE, MAE, MAPE: 31071320.00, 31071319.50, 5395.11, 4116.05, 4.43%
Test - Best epoch, Loss, MSE, RMSE, MAE, MAPE: 7, 34661348.00, 34661349.00, 5712.58, 4279.14, 4.49%
- Epoch 011, ExpID 59166
Train - Loss: 15480315.97
Val - Loss, MSE, RMSE, MAE, MAPE: 30934102.00, 30934101.50, 5384.91, 4118.93, 4.43%
Test - Best epoch, Loss, MSE, RMSE, MAE, MAPE: 7, 34661348.00, 34661349.00, 5712.58, 4279.14, 4.49%
- Epoch 012, ExpID 59166
Train - Loss: 15039838.90
Val - Loss, MSE, RMSE, MAE, MAPE: 29511726.00, 29511724.83, 5311.29, 4037.60, 4.38%
Test - Best epoch, Loss, MSE, RMSE, MAE, MAPE: 12, 35145056.00, 35145053.83, 5720.18, 4328.57, 4.56%
- Epoch 013, ExpID 59166
Train - Loss: 14675657.87
Val - Loss, MSE, RMSE, MAE, MAPE: 30629398.00, 30629399.00, 5402.96, 4091.75, 4.43%
Test - Best epoch, Loss, MSE, RMSE, MAE, MAPE: 12, 35145056.00, 35145053.83, 5720.18, 4328.57, 4.56%
- Epoch 014, ExpID 59166
Train - Loss: 14317769.24
Val - Loss, MSE, RMSE, MAE, MAPE: 29535934.00, 29535931.67, 5259.46, 3972.35, 4.31%
Test - Best epoch, Loss, MSE, RMSE, MAE, MAPE: 12, 35145056.00, 35145053.83, 5720.18, 4328.57, 4.56%
- Epoch 015, ExpID 59166
Train - Loss: 13931659.64
Val - Loss, MSE, RMSE, MAE, MAPE: 30677084.00, 30677084.67, 5394.05, 4116.27, 4.46%
Test - Best epoch, Loss, MSE, RMSE, MAE, MAPE: 12, 35145056.00, 35145053.83, 5720.18, 4328.57, 4.56%
- Epoch 016, ExpID 59166
Train - Loss: 13719382.18
Val - Loss, MSE, RMSE, MAE, MAPE: 31292544.00, 31292543.67, 5431.69, 4145.40, 4.48%
Test - Best epoch, Loss, MSE, RMSE, MAE, MAPE: 12, 35145056.00, 35145053.83, 5720.18, 4328.57, 4.56%
- Epoch 017, ExpID 59166
Train - Loss: 13151480.58
Val - Loss, MSE, RMSE, MAE, MAPE: 31437734.00, 31437734.67, 5434.19, 4132.38, 4.45%
Test - Best epoch, Loss, MSE, RMSE, MAE, MAPE: 12, 35145056.00, 35145053.83, 5720.18, 4328.57, 4.56%
- Epoch 018, ExpID 59166
Train - Loss: 12955513.79
Val - Loss, MSE, RMSE, MAE, MAPE: 31542420.00, 31542418.00, 5466.57, 4114.66, 4.45%
Test - Best epoch, Loss, MSE, RMSE, MAE, MAPE: 12, 35145056.00, 35145053.83, 5720.18, 4328.57, 4.56%
- Epoch 019, ExpID 59166
Train - Loss: 12480693.36
Val - Loss, MSE, RMSE, MAE, MAPE: 31575262.00, 31575261.67, 5479.87, 4162.39, 4.52%
Test - Best epoch, Loss, MSE, RMSE, MAE, MAPE: 12, 35145056.00, 35145053.83, 5720.18, 4328.57, 4.56%
- Epoch 020, ExpID 59166
Train - Loss: 12587750.59
Val - Loss, MSE, RMSE, MAE, MAPE: 31275060.00, 31275058.00, 5436.42, 4148.53, 4.49%
Test - Best epoch, Loss, MSE, RMSE, MAE, MAPE: 12, 35145056.00, 35145053.83, 5720.18, 4328.57, 4.56%
- Epoch 021, ExpID 59166
Train - Loss: 12204344.64
Val - Loss, MSE, RMSE, MAE, MAPE: 31620528.00, 31620527.67, 5468.81, 4182.58, 4.53%
Test - Best epoch, Loss, MSE, RMSE, MAE, MAPE: 12, 35145056.00, 35145053.83, 5720.18, 4328.57, 4.56%
- Epoch 022, ExpID 59166
Train - Loss: 11982474.70
Val - Loss, MSE, RMSE, MAE, MAPE: 31790376.00, 31790375.67, 5488.49, 4148.59, 4.50%
Test - Best epoch, Loss, MSE, RMSE, MAE, MAPE: 12, 35145056.00, 35145053.83, 5720.18, 4328.57, 4.56%
Early Stopping at Epoch 22
Fold 2019 Best RMSE: 5720.1812
