DETAILED LOG | Model: patchtst | Seed: 3
FULL CONFIG: {'gpu': '0', 'target': 'departure', 'cv_start_year': 2017, 'cv_end_year': 2019, 'test_year': 2024, 'use_corona': False, 'seq_len': 28, 'label_len': 0, 'pred_len': 7, 'batch_size': 64, 'epochs': 1000, 'patience': 10, 'lr': 0.001, 'model': 'patchtst', 'd_model': 64, 'n_heads': 8, 'n_layers': 1, 'dropout': 0.1, 'activation': 'gelu', 'patch_len': 14, 'factor': 5, 'norm_mode': 'revin', 'use_dbloss': False, 'device': device(type='cuda'), 'stride': 14, 'file_path': 'dataset/airport_daily_flight_merged.csv', 'seed': 3, 'val_year': 2019, 'ndims': 1}

-------------------- [Fold: 2017] ExpID: 26609 --------------------
- Epoch 000, ExpID 26609
Train - Loss: 20403258.39
Val - Loss, MSE, RMSE, MAE, MAPE: 30106324.00, 30106323.00, 5410.33, 4099.47, 5.25%
Test - Best epoch, Loss, MSE, RMSE, MAE, MAPE: 0, 52231052.00, 52231051.67, 6829.76, 4980.80, 6.01%
- Epoch 001, ExpID 26609
Train - Loss: 18381762.69
Val - Loss, MSE, RMSE, MAE, MAPE: 28962160.00, 28962162.00, 5301.98, 3984.90, 5.11%
Test - Best epoch, Loss, MSE, RMSE, MAE, MAPE: 1, 50436988.00, 50436987.33, 6708.64, 4901.95, 5.91%
- Epoch 002, ExpID 26609
Train - Loss: 17727061.16
Val - Loss, MSE, RMSE, MAE, MAPE: 28301558.00, 28301559.00, 5250.83, 3992.20, 5.11%
Test - Best epoch, Loss, MSE, RMSE, MAE, MAPE: 2, 49173096.00, 49173092.67, 6675.32, 4867.92, 5.85%
- Epoch 003, ExpID 26609
Train - Loss: 17276074.30
Val - Loss, MSE, RMSE, MAE, MAPE: 27402576.00, 27402576.33, 5158.16, 3884.79, 4.97%
Test - Best epoch, Loss, MSE, RMSE, MAE, MAPE: 3, 48955208.00, 48955203.00, 6616.23, 4799.58, 5.79%
- Epoch 004, ExpID 26609
Train - Loss: 16986561.32
Val - Loss, MSE, RMSE, MAE, MAPE: 26389428.00, 26389426.33, 5066.36, 3815.22, 4.89%
Test - Best epoch, Loss, MSE, RMSE, MAE, MAPE: 4, 47071176.00, 47071172.00, 6505.77, 4700.92, 5.67%
- Epoch 005, ExpID 26609
Train - Loss: 16760185.38
Val - Loss, MSE, RMSE, MAE, MAPE: 26551996.00, 26551996.00, 5079.60, 3818.97, 4.90%
Test - Best epoch, Loss, MSE, RMSE, MAE, MAPE: 4, 47071176.00, 47071172.00, 6505.77, 4700.92, 5.67%
- Epoch 006, ExpID 26609
Train - Loss: 16389874.74
Val - Loss, MSE, RMSE, MAE, MAPE: 25979420.00, 25979419.00, 5027.69, 3783.28, 4.85%
Test - Best epoch, Loss, MSE, RMSE, MAE, MAPE: 6, 46838620.00, 46838619.67, 6476.94, 4684.66, 5.66%
- Epoch 007, ExpID 26609
Train - Loss: 16120853.95
Val - Loss, MSE, RMSE, MAE, MAPE: 26105078.00, 26105076.33, 5043.49, 3800.53, 4.87%
Test - Best epoch, Loss, MSE, RMSE, MAE, MAPE: 6, 46838620.00, 46838619.67, 6476.94, 4684.66, 5.66%
- Epoch 008, ExpID 26609
Train - Loss: 15958151.76
Val - Loss, MSE, RMSE, MAE, MAPE: 25842254.00, 25842254.67, 5017.64, 3774.22, 4.83%
Test - Best epoch, Loss, MSE, RMSE, MAE, MAPE: 8, 49089656.00, 49089655.33, 6578.11, 4741.33, 5.73%
- Epoch 009, ExpID 26609
Train - Loss: 15847656.90
Val - Loss, MSE, RMSE, MAE, MAPE: 25654182.00, 25654180.83, 4992.74, 3750.19, 4.80%
Test - Best epoch, Loss, MSE, RMSE, MAE, MAPE: 9, 46318960.00, 46318959.67, 6436.17, 4639.48, 5.60%
- Epoch 010, ExpID 26609
Train - Loss: 15585527.41
Val - Loss, MSE, RMSE, MAE, MAPE: 25575344.00, 25575345.67, 4984.79, 3745.32, 4.80%
Test - Best epoch, Loss, MSE, RMSE, MAE, MAPE: 10, 45912968.00, 45912961.00, 6400.82, 4595.83, 5.57%
- Epoch 011, ExpID 26609
Train - Loss: 15524180.49
Val - Loss, MSE, RMSE, MAE, MAPE: 25380476.00, 25380474.50, 4975.11, 3719.26, 4.77%
Test - Best epoch, Loss, MSE, RMSE, MAE, MAPE: 11, 46871084.00, 46871081.00, 6458.22, 4634.78, 5.63%
- Epoch 012, ExpID 26609
Train - Loss: 15295506.47
Val - Loss, MSE, RMSE, MAE, MAPE: 25169644.00, 25169643.00, 4951.00, 3703.98, 4.74%
Test - Best epoch, Loss, MSE, RMSE, MAE, MAPE: 12, 46512188.00, 46512189.00, 6415.09, 4591.67, 5.55%
- Epoch 013, ExpID 26609
Train - Loss: 15268124.96
Val - Loss, MSE, RMSE, MAE, MAPE: 25166464.00, 25166465.17, 4951.53, 3707.69, 4.75%
Test - Best epoch, Loss, MSE, RMSE, MAE, MAPE: 13, 44427280.00, 44427276.00, 6328.22, 4550.38, 5.49%
- Epoch 014, ExpID 26609
Train - Loss: 15073788.84
Val - Loss, MSE, RMSE, MAE, MAPE: 25868974.00, 25868973.17, 5019.68, 3752.23, 4.82%
Test - Best epoch, Loss, MSE, RMSE, MAE, MAPE: 13, 44427280.00, 44427276.00, 6328.22, 4550.38, 5.49%
- Epoch 015, ExpID 26609
Train - Loss: 14787682.19
Val - Loss, MSE, RMSE, MAE, MAPE: 25131472.00, 25131471.67, 4957.27, 3732.82, 4.78%
Test - Best epoch, Loss, MSE, RMSE, MAE, MAPE: 15, 44621184.00, 44621186.67, 6350.00, 4555.19, 5.49%
- Epoch 016, ExpID 26609
Train - Loss: 14747760.80
Val - Loss, MSE, RMSE, MAE, MAPE: 25001108.00, 25001106.67, 4940.53, 3719.88, 4.76%
Test - Best epoch, Loss, MSE, RMSE, MAE, MAPE: 16, 44472160.00, 44472159.33, 6330.11, 4488.36, 5.41%
- Epoch 017, ExpID 26609
Train - Loss: 14636230.54
Val - Loss, MSE, RMSE, MAE, MAPE: 25153292.00, 25153292.50, 4957.59, 3750.09, 4.81%
Test - Best epoch, Loss, MSE, RMSE, MAE, MAPE: 16, 44472160.00, 44472159.33, 6330.11, 4488.36, 5.41%
- Epoch 018, ExpID 26609
Train - Loss: 14402337.21
Val - Loss, MSE, RMSE, MAE, MAPE: 25079590.00, 25079589.50, 4933.81, 3715.90, 4.77%
Test - Best epoch, Loss, MSE, RMSE, MAE, MAPE: 16, 44472160.00, 44472159.33, 6330.11, 4488.36, 5.41%
- Epoch 019, ExpID 26609
Train - Loss: 14611626.68
Val - Loss, MSE, RMSE, MAE, MAPE: 25497460.00, 25497460.50, 4977.45, 3764.65, 4.82%
Test - Best epoch, Loss, MSE, RMSE, MAE, MAPE: 16, 44472160.00, 44472159.33, 6330.11, 4488.36, 5.41%
- Epoch 020, ExpID 26609
Train - Loss: 14387727.84
Val - Loss, MSE, RMSE, MAE, MAPE: 25168918.00, 25168915.67, 4946.90, 3704.51, 4.76%
Test - Best epoch, Loss, MSE, RMSE, MAE, MAPE: 16, 44472160.00, 44472159.33, 6330.11, 4488.36, 5.41%
- Epoch 021, ExpID 26609
Train - Loss: 14208341.28
Val - Loss, MSE, RMSE, MAE, MAPE: 25237598.00, 25237598.83, 4950.71, 3716.91, 4.77%
Test - Best epoch, Loss, MSE, RMSE, MAE, MAPE: 16, 44472160.00, 44472159.33, 6330.11, 4488.36, 5.41%
- Epoch 022, ExpID 26609
Train - Loss: 14172851.69
Val - Loss, MSE, RMSE, MAE, MAPE: 24814260.00, 24814255.83, 4905.66, 3686.18, 4.73%
Test - Best epoch, Loss, MSE, RMSE, MAE, MAPE: 22, 45579468.00, 45579463.67, 6383.98, 4544.81, 5.51%
- Epoch 023, ExpID 26609
Train - Loss: 14083091.04
Val - Loss, MSE, RMSE, MAE, MAPE: 24538592.00, 24538591.17, 4883.21, 3638.51, 4.66%
Test - Best epoch, Loss, MSE, RMSE, MAE, MAPE: 23, 43943224.00, 43943219.33, 6280.26, 4499.70, 5.44%
- Epoch 024, ExpID 26609
Train - Loss: 13954096.01
Val - Loss, MSE, RMSE, MAE, MAPE: 25052628.00, 25052627.50, 4938.06, 3688.44, 4.73%
Test - Best epoch, Loss, MSE, RMSE, MAE, MAPE: 23, 43943224.00, 43943219.33, 6280.26, 4499.70, 5.44%
- Epoch 025, ExpID 26609
Train - Loss: 14018864.44
Val - Loss, MSE, RMSE, MAE, MAPE: 25430896.00, 25430895.33, 4968.66, 3727.79, 4.78%
Test - Best epoch, Loss, MSE, RMSE, MAE, MAPE: 23, 43943224.00, 43943219.33, 6280.26, 4499.70, 5.44%
- Epoch 026, ExpID 26609
Train - Loss: 13794972.20
Val - Loss, MSE, RMSE, MAE, MAPE: 24667928.00, 24667928.00, 4900.47, 3654.61, 4.69%
Test - Best epoch, Loss, MSE, RMSE, MAE, MAPE: 23, 43943224.00, 43943219.33, 6280.26, 4499.70, 5.44%
- Epoch 027, ExpID 26609
Train - Loss: 13743424.84
Val - Loss, MSE, RMSE, MAE, MAPE: 24794216.00, 24794213.83, 4912.19, 3687.39, 4.73%
Test - Best epoch, Loss, MSE, RMSE, MAE, MAPE: 23, 43943224.00, 43943219.33, 6280.26, 4499.70, 5.44%
- Epoch 028, ExpID 26609
Train - Loss: 13801738.11
Val - Loss, MSE, RMSE, MAE, MAPE: 24979668.00, 24979668.00, 4930.98, 3675.07, 4.73%
Test - Best epoch, Loss, MSE, RMSE, MAE, MAPE: 23, 43943224.00, 43943219.33, 6280.26, 4499.70, 5.44%
- Epoch 029, ExpID 26609
Train - Loss: 13708445.18
Val - Loss, MSE, RMSE, MAE, MAPE: 24809240.00, 24809239.50, 4911.51, 3701.87, 4.75%
Test - Best epoch, Loss, MSE, RMSE, MAE, MAPE: 23, 43943224.00, 43943219.33, 6280.26, 4499.70, 5.44%
- Epoch 030, ExpID 26609
Train - Loss: 13488667.29
Val - Loss, MSE, RMSE, MAE, MAPE: 25695968.00, 25695970.00, 4993.14, 3734.07, 4.80%
Test - Best epoch, Loss, MSE, RMSE, MAE, MAPE: 23, 43943224.00, 43943219.33, 6280.26, 4499.70, 5.44%
- Epoch 031, ExpID 26609
Train - Loss: 13732930.46
Val - Loss, MSE, RMSE, MAE, MAPE: 24394270.00, 24394270.00, 4866.88, 3637.64, 4.67%
Test - Best epoch, Loss, MSE, RMSE, MAE, MAPE: 31, 45761068.00, 45761068.67, 6419.75, 4624.90, 5.58%
- Epoch 032, ExpID 26609
Train - Loss: 13657992.65
Val - Loss, MSE, RMSE, MAE, MAPE: 24933654.00, 24933652.00, 4918.04, 3697.89, 4.74%
Test - Best epoch, Loss, MSE, RMSE, MAE, MAPE: 31, 45761068.00, 45761068.67, 6419.75, 4624.90, 5.58%
- Epoch 033, ExpID 26609
Train - Loss: 13438529.18
Val - Loss, MSE, RMSE, MAE, MAPE: 25172604.00, 25172603.83, 4944.98, 3691.54, 4.74%
Test - Best epoch, Loss, MSE, RMSE, MAE, MAPE: 31, 45761068.00, 45761068.67, 6419.75, 4624.90, 5.58%
- Epoch 034, ExpID 26609
Train - Loss: 13431415.53
Val - Loss, MSE, RMSE, MAE, MAPE: 24620304.00, 24620303.00, 4886.84, 3651.39, 4.69%
Test - Best epoch, Loss, MSE, RMSE, MAE, MAPE: 31, 45761068.00, 45761068.67, 6419.75, 4624.90, 5.58%
- Epoch 035, ExpID 26609
Train - Loss: 13306388.55
Val - Loss, MSE, RMSE, MAE, MAPE: 24519582.00, 24519580.33, 4874.27, 3651.06, 4.68%
Test - Best epoch, Loss, MSE, RMSE, MAE, MAPE: 31, 45761068.00, 45761068.67, 6419.75, 4624.90, 5.58%
- Epoch 036, ExpID 26609
Train - Loss: 13358424.53
Val - Loss, MSE, RMSE, MAE, MAPE: 24596296.00, 24596294.50, 4885.65, 3722.04, 4.78%
Test - Best epoch, Loss, MSE, RMSE, MAE, MAPE: 31, 45761068.00, 45761068.67, 6419.75, 4624.90, 5.58%
- Epoch 037, ExpID 26609
Train - Loss: 13326734.79
Val - Loss, MSE, RMSE, MAE, MAPE: 23724316.00, 23724314.00, 4807.49, 3626.77, 4.65%
Test - Best epoch, Loss, MSE, RMSE, MAE, MAPE: 37, 44271492.00, 44271491.33, 6335.28, 4566.52, 5.51%
- Epoch 038, ExpID 26609
Train - Loss: 13073573.09
Val - Loss, MSE, RMSE, MAE, MAPE: 24600704.00, 24600703.33, 4882.59, 3668.89, 4.71%
Test - Best epoch, Loss, MSE, RMSE, MAE, MAPE: 37, 44271492.00, 44271491.33, 6335.28, 4566.52, 5.51%
- Epoch 039, ExpID 26609
Train - Loss: 13171398.09
Val - Loss, MSE, RMSE, MAE, MAPE: 24342852.00, 24342850.33, 4860.06, 3651.21, 4.68%
Test - Best epoch, Loss, MSE, RMSE, MAE, MAPE: 37, 44271492.00, 44271491.33, 6335.28, 4566.52, 5.51%
- Epoch 040, ExpID 26609
Train - Loss: 13373517.70
Val - Loss, MSE, RMSE, MAE, MAPE: 24070556.00, 24070555.33, 4835.64, 3630.60, 4.66%
Test - Best epoch, Loss, MSE, RMSE, MAE, MAPE: 37, 44271492.00, 44271491.33, 6335.28, 4566.52, 5.51%
- Epoch 041, ExpID 26609
Train - Loss: 12990379.26
Val - Loss, MSE, RMSE, MAE, MAPE: 24658366.00, 24658366.17, 4899.72, 3663.19, 4.70%
Test - Best epoch, Loss, MSE, RMSE, MAE, MAPE: 37, 44271492.00, 44271491.33, 6335.28, 4566.52, 5.51%
- Epoch 042, ExpID 26609
Train - Loss: 13344280.89
Val - Loss, MSE, RMSE, MAE, MAPE: 24180784.00, 24180784.67, 4848.62, 3643.46, 4.67%
Test - Best epoch, Loss, MSE, RMSE, MAE, MAPE: 37, 44271492.00, 44271491.33, 6335.28, 4566.52, 5.51%
- Epoch 043, ExpID 26609
Train - Loss: 12958856.93
Val - Loss, MSE, RMSE, MAE, MAPE: 24615000.00, 24615001.00, 4896.06, 3650.82, 4.68%
Test - Best epoch, Loss, MSE, RMSE, MAE, MAPE: 37, 44271492.00, 44271491.33, 6335.28, 4566.52, 5.51%
- Epoch 044, ExpID 26609
Train - Loss: 12917358.29
Val - Loss, MSE, RMSE, MAE, MAPE: 23884588.00, 23884584.67, 4823.03, 3612.50, 4.64%
Test - Best epoch, Loss, MSE, RMSE, MAE, MAPE: 37, 44271492.00, 44271491.33, 6335.28, 4566.52, 5.51%
- Epoch 045, ExpID 26609
Train - Loss: 13049673.76
Val - Loss, MSE, RMSE, MAE, MAPE: 23564358.00, 23564357.33, 4790.43, 3571.72, 4.58%
Test - Best epoch, Loss, MSE, RMSE, MAE, MAPE: 45, 45503040.00, 45503041.00, 6368.88, 4567.68, 5.50%
- Epoch 046, ExpID 26609
Train - Loss: 12804725.94
Val - Loss, MSE, RMSE, MAE, MAPE: 24054136.00, 24054138.00, 4839.24, 3628.54, 4.67%
Test - Best epoch, Loss, MSE, RMSE, MAE, MAPE: 45, 45503040.00, 45503041.00, 6368.88, 4567.68, 5.50%
- Epoch 047, ExpID 26609
Train - Loss: 12908043.18
Val - Loss, MSE, RMSE, MAE, MAPE: 23637772.00, 23637769.00, 4790.28, 3599.97, 4.62%
Test - Best epoch, Loss, MSE, RMSE, MAE, MAPE: 45, 45503040.00, 45503041.00, 6368.88, 4567.68, 5.50%
- Epoch 048, ExpID 26609
Train - Loss: 12803615.07
Val - Loss, MSE, RMSE, MAE, MAPE: 23737374.00, 23737374.50, 4804.42, 3601.39, 4.62%
Test - Best epoch, Loss, MSE, RMSE, MAE, MAPE: 45, 45503040.00, 45503041.00, 6368.88, 4567.68, 5.50%
- Epoch 049, ExpID 26609
Train - Loss: 12562924.58
Val - Loss, MSE, RMSE, MAE, MAPE: 23898592.00, 23898590.67, 4818.34, 3635.26, 4.67%
Test - Best epoch, Loss, MSE, RMSE, MAE, MAPE: 45, 45503040.00, 45503041.00, 6368.88, 4567.68, 5.50%
- Epoch 050, ExpID 26609
Train - Loss: 12660950.48
Val - Loss, MSE, RMSE, MAE, MAPE: 23957990.00, 23957989.17, 4824.14, 3622.70, 4.65%
Test - Best epoch, Loss, MSE, RMSE, MAE, MAPE: 45, 45503040.00, 45503041.00, 6368.88, 4567.68, 5.50%
- Epoch 051, ExpID 26609
Train - Loss: 12609879.14
Val - Loss, MSE, RMSE, MAE, MAPE: 24320870.00, 24320869.50, 4865.32, 3642.45, 4.68%
Test - Best epoch, Loss, MSE, RMSE, MAE, MAPE: 45, 45503040.00, 45503041.00, 6368.88, 4567.68, 5.50%
- Epoch 052, ExpID 26609
Train - Loss: 12660603.62
Val - Loss, MSE, RMSE, MAE, MAPE: 24476742.00, 24476742.33, 4865.09, 3659.87, 4.70%
Test - Best epoch, Loss, MSE, RMSE, MAE, MAPE: 45, 45503040.00, 45503041.00, 6368.88, 4567.68, 5.50%
- Epoch 053, ExpID 26609
Train - Loss: 12484279.39
Val - Loss, MSE, RMSE, MAE, MAPE: 23850892.00, 23850889.67, 4812.57, 3593.68, 4.62%
Test - Best epoch, Loss, MSE, RMSE, MAE, MAPE: 45, 45503040.00, 45503041.00, 6368.88, 4567.68, 5.50%
- Epoch 054, ExpID 26609
Train - Loss: 12580433.88
Val - Loss, MSE, RMSE, MAE, MAPE: 24371270.00, 24371268.17, 4869.85, 3613.95, 4.64%
Test - Best epoch, Loss, MSE, RMSE, MAE, MAPE: 45, 45503040.00, 45503041.00, 6368.88, 4567.68, 5.50%
- Epoch 055, ExpID 26609
Train - Loss: 12575536.68
Val - Loss, MSE, RMSE, MAE, MAPE: 23918468.00, 23918466.00, 4817.17, 3619.04, 4.65%
Test - Best epoch, Loss, MSE, RMSE, MAE, MAPE: 45, 45503040.00, 45503041.00, 6368.88, 4567.68, 5.50%
Early Stopping at Epoch 55
Fold 2017 Best RMSE: 6368.8841

-------------------- [Fold: 2018] ExpID: 59730 --------------------
- Epoch 000, ExpID 59730
Train - Loss: 21360918.40
Val - Loss, MSE, RMSE, MAE, MAPE: 50190656.00, 50190654.67, 6705.97, 4896.93, 5.91%
Test - Best epoch, Loss, MSE, RMSE, MAE, MAPE: 0, 39193816.00, 39193812.67, 6143.08, 4703.19, 5.10%
- Epoch 001, ExpID 59730
Train - Loss: 19118288.71
Val - Loss, MSE, RMSE, MAE, MAPE: 50068540.00, 50068539.67, 6681.84, 4868.79, 5.89%
Test - Best epoch, Loss, MSE, RMSE, MAE, MAPE: 1, 38249136.00, 38249134.67, 6069.46, 4641.45, 5.03%
- Epoch 002, ExpID 59730
Train - Loss: 18677390.71
Val - Loss, MSE, RMSE, MAE, MAPE: 51206764.00, 51206760.67, 6717.60, 4861.95, 5.88%
Test - Best epoch, Loss, MSE, RMSE, MAE, MAPE: 1, 38249136.00, 38249134.67, 6069.46, 4641.45, 5.03%
- Epoch 003, ExpID 59730
Train - Loss: 18365202.22
Val - Loss, MSE, RMSE, MAE, MAPE: 51784200.00, 51784199.67, 6775.96, 4967.70, 5.98%
Test - Best epoch, Loss, MSE, RMSE, MAE, MAPE: 1, 38249136.00, 38249134.67, 6069.46, 4641.45, 5.03%
- Epoch 004, ExpID 59730
Train - Loss: 17823776.94
Val - Loss, MSE, RMSE, MAE, MAPE: 49042972.00, 49042971.33, 6598.75, 4780.13, 5.77%
Test - Best epoch, Loss, MSE, RMSE, MAE, MAPE: 4, 37437792.00, 37437786.33, 6007.99, 4599.91, 4.98%
- Epoch 005, ExpID 59730
Train - Loss: 17742082.21
Val - Loss, MSE, RMSE, MAE, MAPE: 49988816.00, 49988816.00, 6651.64, 4761.44, 5.78%
Test - Best epoch, Loss, MSE, RMSE, MAE, MAPE: 4, 37437792.00, 37437786.33, 6007.99, 4599.91, 4.98%
- Epoch 006, ExpID 59730
Train - Loss: 17518066.30
Val - Loss, MSE, RMSE, MAE, MAPE: 49442752.00, 49442750.83, 6584.12, 4719.29, 5.72%
Test - Best epoch, Loss, MSE, RMSE, MAE, MAPE: 4, 37437792.00, 37437786.33, 6007.99, 4599.91, 4.98%
- Epoch 007, ExpID 59730
Train - Loss: 17122007.79
Val - Loss, MSE, RMSE, MAE, MAPE: 47890192.00, 47890192.67, 6518.81, 4694.88, 5.69%
Test - Best epoch, Loss, MSE, RMSE, MAE, MAPE: 7, 35603292.00, 35603290.67, 5846.81, 4458.13, 4.84%
- Epoch 008, ExpID 59730
Train - Loss: 17237919.94
Val - Loss, MSE, RMSE, MAE, MAPE: 49400416.00, 49400420.33, 6572.74, 4714.31, 5.71%
Test - Best epoch, Loss, MSE, RMSE, MAE, MAPE: 7, 35603292.00, 35603290.67, 5846.81, 4458.13, 4.84%
- Epoch 009, ExpID 59730
Train - Loss: 16600900.38
Val - Loss, MSE, RMSE, MAE, MAPE: 47956184.00, 47956181.50, 6532.05, 4754.87, 5.74%
Test - Best epoch, Loss, MSE, RMSE, MAE, MAPE: 7, 35603292.00, 35603290.67, 5846.81, 4458.13, 4.84%
- Epoch 010, ExpID 59730
Train - Loss: 16500139.07
Val - Loss, MSE, RMSE, MAE, MAPE: 48530864.00, 48530864.33, 6523.99, 4724.81, 5.69%
Test - Best epoch, Loss, MSE, RMSE, MAE, MAPE: 7, 35603292.00, 35603290.67, 5846.81, 4458.13, 4.84%
- Epoch 011, ExpID 59730
Train - Loss: 16656965.62
Val - Loss, MSE, RMSE, MAE, MAPE: 47622508.00, 47622502.83, 6469.37, 4625.93, 5.62%
Test - Best epoch, Loss, MSE, RMSE, MAE, MAPE: 11, 35096440.00, 35096439.00, 5817.47, 4458.67, 4.83%
- Epoch 012, ExpID 59730
Train - Loss: 16369337.24
Val - Loss, MSE, RMSE, MAE, MAPE: 50314540.00, 50314539.33, 6604.48, 4745.64, 5.74%
Test - Best epoch, Loss, MSE, RMSE, MAE, MAPE: 11, 35096440.00, 35096439.00, 5817.47, 4458.67, 4.83%
- Epoch 013, ExpID 59730
Train - Loss: 16115047.66
Val - Loss, MSE, RMSE, MAE, MAPE: 49310604.00, 49310601.50, 6543.28, 4735.33, 5.73%
Test - Best epoch, Loss, MSE, RMSE, MAE, MAPE: 11, 35096440.00, 35096439.00, 5817.47, 4458.67, 4.83%
- Epoch 014, ExpID 59730
Train - Loss: 15969150.52
Val - Loss, MSE, RMSE, MAE, MAPE: 48008700.00, 48008700.67, 6506.83, 4686.38, 5.67%
Test - Best epoch, Loss, MSE, RMSE, MAE, MAPE: 11, 35096440.00, 35096439.00, 5817.47, 4458.67, 4.83%
- Epoch 015, ExpID 59730
Train - Loss: 15930477.84
Val - Loss, MSE, RMSE, MAE, MAPE: 49162624.00, 49162624.33, 6555.45, 4717.01, 5.73%
Test - Best epoch, Loss, MSE, RMSE, MAE, MAPE: 11, 35096440.00, 35096439.00, 5817.47, 4458.67, 4.83%
- Epoch 016, ExpID 59730
Train - Loss: 15595783.07
Val - Loss, MSE, RMSE, MAE, MAPE: 44837856.00, 44837858.50, 6288.06, 4545.52, 5.52%
Test - Best epoch, Loss, MSE, RMSE, MAE, MAPE: 16, 34960928.00, 34960924.00, 5795.40, 4419.60, 4.80%
- Epoch 017, ExpID 59730
Train - Loss: 15495010.51
Val - Loss, MSE, RMSE, MAE, MAPE: 48872476.00, 48872474.33, 6499.88, 4646.68, 5.64%
Test - Best epoch, Loss, MSE, RMSE, MAE, MAPE: 16, 34960928.00, 34960924.00, 5795.40, 4419.60, 4.80%
- Epoch 018, ExpID 59730
Train - Loss: 15294429.53
Val - Loss, MSE, RMSE, MAE, MAPE: 46436120.00, 46436116.67, 6378.38, 4591.79, 5.55%
Test - Best epoch, Loss, MSE, RMSE, MAE, MAPE: 16, 34960928.00, 34960924.00, 5795.40, 4419.60, 4.80%
- Epoch 019, ExpID 59730
Train - Loss: 15586322.93
Val - Loss, MSE, RMSE, MAE, MAPE: 44749116.00, 44749114.83, 6294.12, 4617.92, 5.58%
Test - Best epoch, Loss, MSE, RMSE, MAE, MAPE: 19, 34444828.00, 34444826.00, 5765.37, 4409.29, 4.77%
- Epoch 020, ExpID 59730
Train - Loss: 15245008.09
Val - Loss, MSE, RMSE, MAE, MAPE: 45528400.00, 45528398.33, 6350.00, 4593.41, 5.55%
Test - Best epoch, Loss, MSE, RMSE, MAE, MAPE: 19, 34444828.00, 34444826.00, 5765.37, 4409.29, 4.77%
- Epoch 021, ExpID 59730
Train - Loss: 14948659.22
Val - Loss, MSE, RMSE, MAE, MAPE: 46829596.00, 46829596.67, 6392.45, 4629.26, 5.61%
Test - Best epoch, Loss, MSE, RMSE, MAE, MAPE: 19, 34444828.00, 34444826.00, 5765.37, 4409.29, 4.77%
- Epoch 022, ExpID 59730
Train - Loss: 15154527.97
Val - Loss, MSE, RMSE, MAE, MAPE: 46532312.00, 46532308.83, 6383.76, 4612.35, 5.59%
Test - Best epoch, Loss, MSE, RMSE, MAE, MAPE: 19, 34444828.00, 34444826.00, 5765.37, 4409.29, 4.77%
- Epoch 023, ExpID 59730
Train - Loss: 15064208.65
Val - Loss, MSE, RMSE, MAE, MAPE: 45672624.00, 45672626.00, 6362.16, 4630.21, 5.60%
Test - Best epoch, Loss, MSE, RMSE, MAE, MAPE: 19, 34444828.00, 34444826.00, 5765.37, 4409.29, 4.77%
- Epoch 024, ExpID 59730
Train - Loss: 14988208.42
Val - Loss, MSE, RMSE, MAE, MAPE: 45954976.00, 45954972.67, 6346.69, 4591.54, 5.55%
Test - Best epoch, Loss, MSE, RMSE, MAE, MAPE: 19, 34444828.00, 34444826.00, 5765.37, 4409.29, 4.77%
- Epoch 025, ExpID 59730
Train - Loss: 14820801.15
Val - Loss, MSE, RMSE, MAE, MAPE: 44806968.00, 44806963.17, 6278.97, 4560.86, 5.52%
Test - Best epoch, Loss, MSE, RMSE, MAE, MAPE: 19, 34444828.00, 34444826.00, 5765.37, 4409.29, 4.77%
- Epoch 026, ExpID 59730
Train - Loss: 14783550.31
Val - Loss, MSE, RMSE, MAE, MAPE: 44435832.00, 44435827.67, 6271.70, 4589.71, 5.54%
Test - Best epoch, Loss, MSE, RMSE, MAE, MAPE: 26, 34880920.00, 34880917.00, 5796.29, 4444.57, 4.81%
- Epoch 027, ExpID 59730
Train - Loss: 14681014.94
Val - Loss, MSE, RMSE, MAE, MAPE: 45821884.00, 45821882.67, 6351.81, 4577.04, 5.54%
Test - Best epoch, Loss, MSE, RMSE, MAE, MAPE: 26, 34880920.00, 34880917.00, 5796.29, 4444.57, 4.81%
- Epoch 028, ExpID 59730
Train - Loss: 14539980.70
Val - Loss, MSE, RMSE, MAE, MAPE: 46731392.00, 46731392.67, 6380.71, 4585.50, 5.58%
Test - Best epoch, Loss, MSE, RMSE, MAE, MAPE: 26, 34880920.00, 34880917.00, 5796.29, 4444.57, 4.81%
- Epoch 029, ExpID 59730
Train - Loss: 14454241.13
Val - Loss, MSE, RMSE, MAE, MAPE: 45250696.00, 45250693.50, 6309.85, 4527.36, 5.49%
Test - Best epoch, Loss, MSE, RMSE, MAE, MAPE: 26, 34880920.00, 34880917.00, 5796.29, 4444.57, 4.81%
- Epoch 030, ExpID 59730
Train - Loss: 14535802.30
Val - Loss, MSE, RMSE, MAE, MAPE: 45853336.00, 45853337.00, 6360.16, 4547.80, 5.52%
Test - Best epoch, Loss, MSE, RMSE, MAE, MAPE: 26, 34880920.00, 34880917.00, 5796.29, 4444.57, 4.81%
- Epoch 031, ExpID 59730
Train - Loss: 14404513.88
Val - Loss, MSE, RMSE, MAE, MAPE: 46803864.00, 46803861.17, 6412.28, 4630.63, 5.60%
Test - Best epoch, Loss, MSE, RMSE, MAE, MAPE: 26, 34880920.00, 34880917.00, 5796.29, 4444.57, 4.81%
- Epoch 032, ExpID 59730
Train - Loss: 14421186.69
Val - Loss, MSE, RMSE, MAE, MAPE: 46089216.00, 46089216.67, 6374.38, 4531.76, 5.50%
Test - Best epoch, Loss, MSE, RMSE, MAE, MAPE: 26, 34880920.00, 34880917.00, 5796.29, 4444.57, 4.81%
- Epoch 033, ExpID 59730
Train - Loss: 14297414.59
Val - Loss, MSE, RMSE, MAE, MAPE: 46216648.00, 46216645.00, 6358.37, 4606.95, 5.56%
Test - Best epoch, Loss, MSE, RMSE, MAE, MAPE: 26, 34880920.00, 34880917.00, 5796.29, 4444.57, 4.81%
- Epoch 034, ExpID 59730
Train - Loss: 14496754.24
Val - Loss, MSE, RMSE, MAE, MAPE: 45637944.00, 45637941.00, 6323.66, 4513.33, 5.48%
Test - Best epoch, Loss, MSE, RMSE, MAE, MAPE: 26, 34880920.00, 34880917.00, 5796.29, 4444.57, 4.81%
- Epoch 035, ExpID 59730
Train - Loss: 14259556.28
Val - Loss, MSE, RMSE, MAE, MAPE: 47055808.00, 47055806.00, 6397.41, 4614.75, 5.59%
Test - Best epoch, Loss, MSE, RMSE, MAE, MAPE: 26, 34880920.00, 34880917.00, 5796.29, 4444.57, 4.81%
- Epoch 036, ExpID 59730
Train - Loss: 14169105.62
Val - Loss, MSE, RMSE, MAE, MAPE: 46077752.00, 46077748.50, 6364.62, 4600.75, 5.57%
Test - Best epoch, Loss, MSE, RMSE, MAE, MAPE: 26, 34880920.00, 34880917.00, 5796.29, 4444.57, 4.81%
Early Stopping at Epoch 36
Fold 2018 Best RMSE: 5796.2857

-------------------- [Fold: 2019] ExpID: 69741 --------------------
- Epoch 000, ExpID 69741
Train - Loss: 23940318.53
Val - Loss, MSE, RMSE, MAE, MAPE: 38761352.00, 38761346.67, 6102.77, 4675.50, 5.07%
Test - Best epoch, Loss, MSE, RMSE, MAE, MAPE: 0, 42175576.00, 42175574.67, 6311.06, 4701.80, 4.95%
- Epoch 001, ExpID 69741
Train - Loss: 21435554.88
Val - Loss, MSE, RMSE, MAE, MAPE: 37527672.00, 37527668.00, 6008.91, 4602.98, 4.97%
Test - Best epoch, Loss, MSE, RMSE, MAE, MAPE: 1, 41467052.00, 41467051.67, 6278.57, 4703.58, 4.93%
- Epoch 002, ExpID 69741
Train - Loss: 20720931.84
Val - Loss, MSE, RMSE, MAE, MAPE: 36855132.00, 36855131.00, 5953.40, 4577.62, 4.94%
Test - Best epoch, Loss, MSE, RMSE, MAE, MAPE: 2, 40919936.00, 40919934.33, 6235.43, 4638.29, 4.87%
- Epoch 003, ExpID 69741
Train - Loss: 20469942.44
Val - Loss, MSE, RMSE, MAE, MAPE: 35410580.00, 35410577.33, 5849.65, 4485.14, 4.84%
Test - Best epoch, Loss, MSE, RMSE, MAE, MAPE: 3, 39604164.00, 39604163.00, 6141.73, 4568.62, 4.79%
- Epoch 004, ExpID 69741
Train - Loss: 19953110.69
Val - Loss, MSE, RMSE, MAE, MAPE: 34902768.00, 34902769.00, 5814.75, 4457.59, 4.82%
Test - Best epoch, Loss, MSE, RMSE, MAE, MAPE: 4, 39796456.00, 39796456.67, 6151.63, 4577.23, 4.82%
- Epoch 005, ExpID 69741
Train - Loss: 19569673.64
Val - Loss, MSE, RMSE, MAE, MAPE: 35900084.00, 35900084.00, 5875.21, 4502.16, 4.87%
Test - Best epoch, Loss, MSE, RMSE, MAE, MAPE: 4, 39796456.00, 39796456.67, 6151.63, 4577.23, 4.82%
- Epoch 006, ExpID 69741
Train - Loss: 19123609.97
Val - Loss, MSE, RMSE, MAE, MAPE: 35621592.00, 35621586.00, 5875.50, 4519.46, 4.89%
Test - Best epoch, Loss, MSE, RMSE, MAE, MAPE: 4, 39796456.00, 39796456.67, 6151.63, 4577.23, 4.82%
- Epoch 007, ExpID 69741
Train - Loss: 19117778.07
Val - Loss, MSE, RMSE, MAE, MAPE: 34237632.00, 34237630.33, 5760.54, 4437.73, 4.79%
Test - Best epoch, Loss, MSE, RMSE, MAE, MAPE: 7, 38458960.00, 38458956.67, 6072.05, 4536.40, 4.77%
- Epoch 008, ExpID 69741
Train - Loss: 18795172.55
Val - Loss, MSE, RMSE, MAE, MAPE: 33045504.00, 33045505.00, 5667.80, 4363.73, 4.72%
Test - Best epoch, Loss, MSE, RMSE, MAE, MAPE: 8, 38140716.00, 38140714.00, 6027.86, 4501.82, 4.73%
- Epoch 009, ExpID 69741
Train - Loss: 18592660.71
Val - Loss, MSE, RMSE, MAE, MAPE: 33410790.00, 33410788.33, 5672.98, 4358.42, 4.70%
Test - Best epoch, Loss, MSE, RMSE, MAE, MAPE: 8, 38140716.00, 38140714.00, 6027.86, 4501.82, 4.73%
- Epoch 010, ExpID 69741
Train - Loss: 18323391.89
Val - Loss, MSE, RMSE, MAE, MAPE: 32404988.00, 32404989.33, 5597.90, 4298.28, 4.66%
Test - Best epoch, Loss, MSE, RMSE, MAE, MAPE: 10, 37898080.00, 37898082.33, 5996.77, 4484.78, 4.73%
- Epoch 011, ExpID 69741
Train - Loss: 18143710.69
Val - Loss, MSE, RMSE, MAE, MAPE: 32831688.00, 32831688.00, 5643.01, 4329.22, 4.68%
Test - Best epoch, Loss, MSE, RMSE, MAE, MAPE: 10, 37898080.00, 37898082.33, 5996.77, 4484.78, 4.73%
- Epoch 012, ExpID 69741
Train - Loss: 17790801.46
Val - Loss, MSE, RMSE, MAE, MAPE: 33371552.00, 33371549.33, 5679.80, 4335.64, 4.69%
Test - Best epoch, Loss, MSE, RMSE, MAE, MAPE: 10, 37898080.00, 37898082.33, 5996.77, 4484.78, 4.73%
- Epoch 013, ExpID 69741
Train - Loss: 17907478.99
Val - Loss, MSE, RMSE, MAE, MAPE: 33241468.00, 33241467.33, 5685.25, 4362.24, 4.73%
Test - Best epoch, Loss, MSE, RMSE, MAE, MAPE: 10, 37898080.00, 37898082.33, 5996.77, 4484.78, 4.73%
- Epoch 014, ExpID 69741
Train - Loss: 17530204.77
Val - Loss, MSE, RMSE, MAE, MAPE: 32545870.00, 32545870.00, 5614.13, 4311.64, 4.68%
Test - Best epoch, Loss, MSE, RMSE, MAE, MAPE: 10, 37898080.00, 37898082.33, 5996.77, 4484.78, 4.73%
- Epoch 015, ExpID 69741
Train - Loss: 17384305.92
Val - Loss, MSE, RMSE, MAE, MAPE: 31965968.00, 31965967.33, 5565.98, 4262.33, 4.62%
Test - Best epoch, Loss, MSE, RMSE, MAE, MAPE: 15, 38915084.00, 38915084.00, 6076.25, 4517.21, 4.76%
- Epoch 016, ExpID 69741
Train - Loss: 17173999.00
Val - Loss, MSE, RMSE, MAE, MAPE: 33127756.00, 33127755.67, 5662.79, 4319.68, 4.68%
Test - Best epoch, Loss, MSE, RMSE, MAE, MAPE: 15, 38915084.00, 38915084.00, 6076.25, 4517.21, 4.76%
- Epoch 017, ExpID 69741
Train - Loss: 17469678.93
Val - Loss, MSE, RMSE, MAE, MAPE: 31281528.00, 31281528.67, 5507.26, 4216.93, 4.56%
Test - Best epoch, Loss, MSE, RMSE, MAE, MAPE: 17, 38450776.00, 38450771.67, 6027.54, 4445.81, 4.68%
- Epoch 018, ExpID 69741
Train - Loss: 17033879.76
Val - Loss, MSE, RMSE, MAE, MAPE: 32993030.00, 32993028.33, 5640.84, 4322.48, 4.67%
Test - Best epoch, Loss, MSE, RMSE, MAE, MAPE: 17, 38450776.00, 38450771.67, 6027.54, 4445.81, 4.68%
- Epoch 019, ExpID 69741
Train - Loss: 17016288.76
Val - Loss, MSE, RMSE, MAE, MAPE: 31359808.00, 31359807.33, 5517.45, 4230.33, 4.58%
Test - Best epoch, Loss, MSE, RMSE, MAE, MAPE: 17, 38450776.00, 38450771.67, 6027.54, 4445.81, 4.68%
- Epoch 020, ExpID 69741
Train - Loss: 17006913.80
Val - Loss, MSE, RMSE, MAE, MAPE: 31983824.00, 31983824.33, 5552.18, 4253.18, 4.61%
Test - Best epoch, Loss, MSE, RMSE, MAE, MAPE: 17, 38450776.00, 38450771.67, 6027.54, 4445.81, 4.68%
- Epoch 021, ExpID 69741
Train - Loss: 16835109.63
Val - Loss, MSE, RMSE, MAE, MAPE: 32852908.00, 32852908.33, 5627.90, 4302.25, 4.66%
Test - Best epoch, Loss, MSE, RMSE, MAE, MAPE: 17, 38450776.00, 38450771.67, 6027.54, 4445.81, 4.68%
- Epoch 022, ExpID 69741
Train - Loss: 16504663.21
Val - Loss, MSE, RMSE, MAE, MAPE: 32588456.00, 32588456.67, 5615.86, 4270.30, 4.62%
Test - Best epoch, Loss, MSE, RMSE, MAE, MAPE: 17, 38450776.00, 38450771.67, 6027.54, 4445.81, 4.68%
- Epoch 023, ExpID 69741
Train - Loss: 16457715.82
Val - Loss, MSE, RMSE, MAE, MAPE: 33281936.00, 33281935.67, 5651.10, 4309.59, 4.67%
Test - Best epoch, Loss, MSE, RMSE, MAE, MAPE: 17, 38450776.00, 38450771.67, 6027.54, 4445.81, 4.68%
- Epoch 024, ExpID 69741
Train - Loss: 16446542.92
Val - Loss, MSE, RMSE, MAE, MAPE: 31799260.00, 31799258.00, 5561.79, 4266.54, 4.62%
Test - Best epoch, Loss, MSE, RMSE, MAE, MAPE: 17, 38450776.00, 38450771.67, 6027.54, 4445.81, 4.68%
- Epoch 025, ExpID 69741
Train - Loss: 16391534.63
Val - Loss, MSE, RMSE, MAE, MAPE: 32197472.00, 32197474.67, 5567.29, 4267.73, 4.63%
Test - Best epoch, Loss, MSE, RMSE, MAE, MAPE: 17, 38450776.00, 38450771.67, 6027.54, 4445.81, 4.68%
- Epoch 026, ExpID 69741
Train - Loss: 16265480.88
Val - Loss, MSE, RMSE, MAE, MAPE: 32913488.00, 32913489.00, 5651.14, 4322.24, 4.69%
Test - Best epoch, Loss, MSE, RMSE, MAE, MAPE: 17, 38450776.00, 38450771.67, 6027.54, 4445.81, 4.68%
- Epoch 027, ExpID 69741
Train - Loss: 15877680.02
Val - Loss, MSE, RMSE, MAE, MAPE: 31004016.00, 31004014.67, 5484.05, 4178.27, 4.53%
Test - Best epoch, Loss, MSE, RMSE, MAE, MAPE: 27, 39105700.00, 39105697.67, 6073.94, 4463.55, 4.71%
- Epoch 028, ExpID 69741
Train - Loss: 16111620.67
Val - Loss, MSE, RMSE, MAE, MAPE: 32895160.00, 32895159.67, 5625.74, 4288.70, 4.66%
Test - Best epoch, Loss, MSE, RMSE, MAE, MAPE: 27, 39105700.00, 39105697.67, 6073.94, 4463.55, 4.71%
- Epoch 029, ExpID 69741
Train - Loss: 16134042.90
Val - Loss, MSE, RMSE, MAE, MAPE: 31532252.00, 31532248.67, 5513.46, 4198.27, 4.55%
Test - Best epoch, Loss, MSE, RMSE, MAE, MAPE: 27, 39105700.00, 39105697.67, 6073.94, 4463.55, 4.71%
- Epoch 030, ExpID 69741
Train - Loss: 16103004.48
Val - Loss, MSE, RMSE, MAE, MAPE: 33726328.00, 33726325.33, 5701.86, 4367.89, 4.75%
Test - Best epoch, Loss, MSE, RMSE, MAE, MAPE: 27, 39105700.00, 39105697.67, 6073.94, 4463.55, 4.71%
- Epoch 031, ExpID 69741
Train - Loss: 15820025.60
Val - Loss, MSE, RMSE, MAE, MAPE: 32034534.00, 32034532.00, 5555.72, 4236.73, 4.60%
Test - Best epoch, Loss, MSE, RMSE, MAE, MAPE: 27, 39105700.00, 39105697.67, 6073.94, 4463.55, 4.71%
- Epoch 032, ExpID 69741
Train - Loss: 15938598.65
Val - Loss, MSE, RMSE, MAE, MAPE: 32893820.00, 32893818.33, 5625.84, 4310.92, 4.68%
Test - Best epoch, Loss, MSE, RMSE, MAE, MAPE: 27, 39105700.00, 39105697.67, 6073.94, 4463.55, 4.71%
- Epoch 033, ExpID 69741
Train - Loss: 15664727.74
Val - Loss, MSE, RMSE, MAE, MAPE: 32778382.00, 32778382.33, 5607.86, 4278.21, 4.64%
Test - Best epoch, Loss, MSE, RMSE, MAE, MAPE: 27, 39105700.00, 39105697.67, 6073.94, 4463.55, 4.71%
- Epoch 034, ExpID 69741
Train - Loss: 15754227.73
Val - Loss, MSE, RMSE, MAE, MAPE: 31953880.00, 31953880.67, 5545.57, 4219.53, 4.59%
Test - Best epoch, Loss, MSE, RMSE, MAE, MAPE: 27, 39105700.00, 39105697.67, 6073.94, 4463.55, 4.71%
- Epoch 035, ExpID 69741
Train - Loss: 15811838.09
Val - Loss, MSE, RMSE, MAE, MAPE: 34096088.00, 34096086.00, 5722.38, 4342.94, 4.72%
Test - Best epoch, Loss, MSE, RMSE, MAE, MAPE: 27, 39105700.00, 39105697.67, 6073.94, 4463.55, 4.71%
- Epoch 036, ExpID 69741
Train - Loss: 15640071.88
Val - Loss, MSE, RMSE, MAE, MAPE: 33229222.00, 33229220.67, 5655.35, 4316.39, 4.69%
Test - Best epoch, Loss, MSE, RMSE, MAE, MAPE: 27, 39105700.00, 39105697.67, 6073.94, 4463.55, 4.71%
- Epoch 037, ExpID 69741
Train - Loss: 15585012.66
Val - Loss, MSE, RMSE, MAE, MAPE: 33416396.00, 33416393.33, 5673.35, 4333.56, 4.71%
Test - Best epoch, Loss, MSE, RMSE, MAE, MAPE: 27, 39105700.00, 39105697.67, 6073.94, 4463.55, 4.71%
Early Stopping at Epoch 37
Fold 2019 Best RMSE: 6073.9360
